ramon: cwd                  /home/runner/a/_work/z3-poly-testing/z3-poly-testing
ramon: start                Fri Apr  4 20:50:51 2025
ramon: nproc                128
ramon: sys.mem              64150 MiB
ramon: sys.mem.free         40354 MiB
ramon: sys.mem.avail        64063 MiB
ramon: sys.nprocs           3100
ramon: argv                 0 = z3
ramon: argv                 1 = /home/runner/a/_work/z3-poly-testing/z3-poly-testing/download/non-incremental/QF_LIA/nec-smt/large/bftpd_login/prp-67-47.smt2
ramon: argv                 2 = -T:600
ramon: argv                 3 = -st
ramon: argv                 4 = lp.dio_eqs=true
ramon: argv                 5 = lp.dio_calls_period=4
ramon: childpid             2677745
ramon: poll                 wall=01.000s usage=00.991s user=00.895s sys=00.096s mem=23836KiB roottime=0.890s load=0.99 rootload=0.89
ramon: poll                 wall=02.003s usage=01.994s user=01.890s sys=00.104s mem=25416KiB roottime=1.890s load=1.00 rootload=1.00
ramon: end                  Fri Apr  4 20:50:53 2025
ramon: root.execname        z3
ramon: root.utime           2.260s
ramon: root.stime           0.110s
ramon: group.total          2.383s
ramon: group.utime          2.266s
ramon: group.stime          0.117s
ramon: group.mempeak        25736KiB
ramon: group.pidpeak        2
ramon: status               exited
ramon: exitcode             0
ramon: walltime             2.396s
ramon: loadavg              0.99
