ramon: cwd                  /home/runner/a/_work/z3-poly-testing/z3-poly-testing
ramon: start                Fri Mar 14 22:41:00 2025
ramon: nproc                128
ramon: sys.mem              64150 MiB
ramon: sys.mem.free         27977 MiB
ramon: sys.mem.avail        64098 MiB
ramon: sys.nprocs           3511
ramon: argv                 0 = z3
ramon: argv                 1 = /home/runner/a/_work/z3-poly-testing/z3-poly-testing/download/non-incremental/QF_LIA/nec-smt/large/handler_sigchld/prp-8-49.smt2
ramon: argv                 2 = -T:600
ramon: argv                 3 = -st
ramon: argv                 4 = smt.arith.lp.dio_eqs=true
ramon: childpid             2975963
ramon: poll                 wall=01.009s usage=00.989s user=00.881s sys=00.107s mem=23440KiB roottime=0.880s load=0.98 rootload=0.87
ramon: poll                 wall=02.006s usage=01.981s user=01.863s sys=00.118s mem=25260KiB roottime=1.860s load=1.00 rootload=0.98
ramon: poll                 wall=03.008s usage=02.978s user=02.787s sys=00.190s mem=39364KiB roottime=2.780s load=0.99 rootload=0.92
ramon: poll                 wall=04.006s usage=03.971s user=03.734s sys=00.237s mem=51188KiB roottime=3.730s load=1.00 rootload=0.95
ramon: poll                 wall=05.012s usage=04.973s user=04.729s sys=00.243s mem=52092KiB roottime=4.720s load=1.00 rootload=0.98
ramon: poll                 wall=06.006s usage=05.964s user=05.718s sys=00.246s mem=52720KiB roottime=5.710s load=1.00 rootload=1.00
ramon: poll                 wall=07.001s usage=06.957s user=06.708s sys=00.248s mem=53044KiB roottime=6.710s load=1.00 rootload=1.00
ramon: poll                 wall=08.006s usage=07.961s user=07.708s sys=00.252s mem=53856KiB roottime=7.700s load=1.00 rootload=0.98
ramon: poll                 wall=09.010s usage=08.964s user=08.706s sys=00.259s mem=54624KiB roottime=8.700s load=1.00 rootload=1.00
ramon: poll                 wall=10.000s usage=09.954s user=09.691s sys=00.263s mem=54624KiB roottime=9.690s load=1.00 rootload=1.00
ramon: poll                 wall=11.001s usage=10.954s user=10.691s sys=00.264s mem=55136KiB roottime=10.690s load=1.00 rootload=1.00
ramon: poll                 wall=12.010s usage=11.963s user=11.696s sys=00.267s mem=55136KiB roottime=11.690s load=1.00 rootload=0.99
ramon: poll                 wall=13.000s usage=12.952s user=12.684s sys=00.269s mem=55392KiB roottime=12.680s load=1.00 rootload=1.00
ramon: end                  Fri Mar 14 22:41:14 2025
ramon: root.execname        z3
ramon: root.utime           13.600s
ramon: root.stime           0.290s
ramon: group.total          13.904s
ramon: group.utime          13.610s
ramon: group.stime          0.295s
ramon: group.mempeak        56672KiB
ramon: group.pidpeak        2
ramon: status               exited
ramon: exitcode             0
ramon: walltime             13.954s
ramon: loadavg              1.00
