ramon: cwd                  /tmp/runner/actions-runner/_work/z3-poly-testing/z3-poly-testing
ramon: start                Wed Dec 18 17:04:58 2024
ramon: nproc                128
ramon: sys.mem              64150 MiB
ramon: sys.mem.free         31572 MiB
ramon: sys.mem.avail        64020 MiB
ramon: sys.nprocs           2976
ramon: argv                 0 = z3
ramon: argv                 1 = /tmp/runner/actions-runner/_work/z3-poly-testing/z3-poly-testing/download/non-incremental/QF_NIA/20170427-VeryMax/ITS/From_T2__slayer-3-new.t2__p21910_terminationG_0.smt2
ramon: argv                 2 = -T:600
ramon: argv                 3 = -st
ramon: childpid             119221
ramon: poll                 wall=01.000s usage=00.983s user=00.924s sys=00.059s mem=69624KiB roottime=0.920s load=0.98 rootload=0.92
ramon: poll                 wall=02.000s usage=01.983s user=01.921s sys=00.062s mem=71928KiB roottime=1.920s load=1.00 rootload=1.00
ramon: poll                 wall=03.000s usage=02.983s user=02.920s sys=00.063s mem=72952KiB roottime=2.920s load=1.00 rootload=1.00
ramon: poll                 wall=04.000s usage=03.983s user=03.920s sys=00.063s mem=72952KiB roottime=3.910s load=1.00 rootload=0.99
ramon: poll                 wall=05.000s usage=04.983s user=04.920s sys=00.063s mem=72832KiB roottime=4.910s load=1.00 rootload=1.00
ramon: poll                 wall=06.000s usage=05.982s user=05.917s sys=00.065s mem=73600KiB roottime=5.910s load=1.00 rootload=1.00
ramon: poll                 wall=07.000s usage=06.982s user=06.909s sys=00.073s mem=81280KiB roottime=6.900s load=1.00 rootload=0.99
ramon: poll                 wall=08.000s usage=07.982s user=07.906s sys=00.076s mem=86400KiB roottime=7.900s load=1.00 rootload=1.00
ramon: poll                 wall=09.000s usage=08.981s user=08.893s sys=00.088s mem=98MiB roottime=8.890s load=1.00 rootload=0.99
ramon: poll                 wall=10.000s usage=09.980s user=09.886s sys=00.095s mem=107MiB roottime=9.880s load=1.00 rootload=0.99
ramon: poll                 wall=11.000s usage=10.980s user=10.882s sys=00.098s mem=113MiB roottime=10.880s load=1.00 rootload=1.00
ramon: poll                 wall=12.000s usage=11.980s user=11.874s sys=00.106s mem=126MiB roottime=11.870s load=1.00 rootload=0.99
ramon: poll                 wall=13.000s usage=12.979s user=12.865s sys=00.114s mem=134MiB roottime=12.860s load=1.00 rootload=0.99
ramon: poll                 wall=14.000s usage=13.979s user=13.852s sys=00.127s mem=148MiB roottime=13.850s load=1.00 rootload=0.99
ramon: poll                 wall=15.000s usage=14.979s user=14.845s sys=00.134s mem=157MiB roottime=14.840s load=1.00 rootload=0.99
ramon: poll                 wall=16.000s usage=15.978s user=15.835s sys=00.143s mem=168MiB roottime=15.830s load=1.00 rootload=0.99
ramon: poll                 wall=17.000s usage=16.978s user=16.820s sys=00.158s mem=180MiB roottime=16.810s load=1.00 rootload=0.98
ramon: poll                 wall=18.000s usage=17.977s user=17.809s sys=00.168s mem=190MiB roottime=17.800s load=1.00 rootload=0.99
ramon: poll                 wall=19.000s usage=18.977s user=18.799s sys=00.178s mem=198MiB roottime=18.790s load=1.00 rootload=0.99
ramon: poll                 wall=20.000s usage=19.977s user=19.789s sys=00.188s mem=208MiB roottime=19.780s load=1.00 rootload=0.99
ramon: poll                 wall=21.000s usage=20.976s user=20.782s sys=00.194s mem=214MiB roottime=20.780s load=1.00 rootload=1.00
ramon: poll                 wall=22.000s usage=21.976s user=21.773s sys=00.203s mem=221MiB roottime=21.770s load=1.00 rootload=0.99
ramon: poll                 wall=23.000s usage=22.976s user=22.764s sys=00.212s mem=227MiB roottime=22.760s load=1.00 rootload=0.99
ramon: poll                 wall=24.000s usage=23.975s user=23.758s sys=00.218s mem=232MiB roottime=23.750s load=1.00 rootload=0.99
ramon: poll                 wall=25.000s usage=24.975s user=24.753s sys=00.222s mem=240MiB roottime=24.750s load=1.00 rootload=1.00
ramon: poll                 wall=26.000s usage=25.975s user=25.750s sys=00.225s mem=245MiB roottime=25.750s load=1.00 rootload=1.00
ramon: poll                 wall=27.000s usage=26.975s user=26.741s sys=00.234s mem=255MiB roottime=26.740s load=1.00 rootload=0.99
ramon: poll                 wall=28.000s usage=27.975s user=27.734s sys=00.241s mem=262MiB roottime=27.730s load=1.00 rootload=0.99
ramon: poll                 wall=29.000s usage=28.975s user=28.728s sys=00.247s mem=271MiB roottime=28.720s load=1.00 rootload=0.99
ramon: poll                 wall=30.000s usage=29.975s user=29.718s sys=00.257s mem=276MiB roottime=29.710s load=1.00 rootload=0.99
ramon: poll                 wall=31.000s usage=30.975s user=30.713s sys=00.262s mem=283MiB roottime=30.710s load=1.00 rootload=1.00
ramon: poll                 wall=32.000s usage=31.975s user=31.708s sys=00.267s mem=291MiB roottime=31.700s load=1.00 rootload=0.99
ramon: poll                 wall=33.000s usage=32.973s user=32.698s sys=00.275s mem=299MiB roottime=32.690s load=1.00 rootload=0.99
ramon: poll                 wall=34.000s usage=33.973s user=33.694s sys=00.279s mem=307MiB roottime=33.690s load=1.00 rootload=1.00
ramon: poll                 wall=35.000s usage=34.973s user=34.685s sys=00.288s mem=316MiB roottime=34.680s load=1.00 rootload=0.99
ramon: poll                 wall=36.000s usage=35.972s user=35.673s sys=00.299s mem=326MiB roottime=35.670s load=1.00 rootload=0.99
ramon: poll                 wall=37.000s usage=36.972s user=36.664s sys=00.308s mem=331MiB roottime=36.660s load=1.00 rootload=0.99
ramon: poll                 wall=38.000s usage=37.972s user=37.660s sys=00.312s mem=338MiB roottime=37.650s load=1.00 rootload=0.99
ramon: poll                 wall=39.000s usage=38.971s user=38.650s sys=00.322s mem=346MiB roottime=38.650s load=1.00 rootload=1.00
ramon: poll                 wall=40.000s usage=39.971s user=39.642s sys=00.329s mem=353MiB roottime=39.640s load=1.00 rootload=0.99
ramon: poll                 wall=41.000s usage=40.971s user=40.635s sys=00.336s mem=361MiB roottime=40.630s load=1.00 rootload=0.99
ramon: poll                 wall=42.000s usage=41.971s user=41.632s sys=00.339s mem=368MiB roottime=41.630s load=1.00 rootload=1.00
ramon: poll                 wall=43.000s usage=42.971s user=42.624s sys=00.347s mem=375MiB roottime=42.620s load=1.00 rootload=0.99
ramon: poll                 wall=44.000s usage=43.970s user=43.615s sys=00.355s mem=382MiB roottime=43.610s load=1.00 rootload=0.99
ramon: poll                 wall=45.000s usage=44.970s user=44.609s sys=00.361s mem=389MiB roottime=44.600s load=1.00 rootload=0.99
ramon: poll                 wall=46.000s usage=45.969s user=45.603s sys=00.366s mem=394MiB roottime=45.600s load=1.00 rootload=1.00
ramon: poll                 wall=47.000s usage=46.969s user=46.598s sys=00.371s mem=401MiB roottime=46.590s load=1.00 rootload=0.99
ramon: poll                 wall=48.000s usage=47.969s user=47.593s sys=00.376s mem=406MiB roottime=47.590s load=1.00 rootload=1.00
ramon: poll                 wall=49.000s usage=48.969s user=48.588s sys=00.381s mem=412MiB roottime=48.580s load=1.00 rootload=0.99
ramon: poll                 wall=50.000s usage=49.969s user=49.576s sys=00.393s mem=423MiB roottime=49.570s load=1.00 rootload=0.99
ramon: poll                 wall=51.000s usage=50.968s user=50.561s sys=00.408s mem=431MiB roottime=50.560s load=1.00 rootload=0.99
ramon: poll                 wall=52.000s usage=51.968s user=51.557s sys=00.411s mem=436MiB roottime=51.550s load=1.00 rootload=0.99
ramon: poll                 wall=53.000s usage=52.968s user=52.551s sys=00.417s mem=443MiB roottime=52.550s load=1.00 rootload=1.00
ramon: poll                 wall=54.000s usage=53.968s user=53.549s sys=00.419s mem=446MiB roottime=53.540s load=1.00 rootload=0.99
ramon: poll                 wall=55.000s usage=54.968s user=54.533s sys=00.435s mem=462MiB roottime=54.530s load=1.00 rootload=0.99
ramon: poll                 wall=56.000s usage=55.968s user=55.533s sys=00.435s mem=462MiB roottime=55.530s load=1.00 rootload=1.00
ramon: poll                 wall=57.000s usage=56.968s user=56.523s sys=00.445s mem=468MiB roottime=56.520s load=1.00 rootload=0.99
ramon: poll                 wall=58.000s usage=57.967s user=57.511s sys=00.457s mem=474MiB roottime=57.510s load=1.00 rootload=0.99
ramon: poll                 wall=59.000s usage=58.967s user=58.506s sys=00.461s mem=478MiB roottime=58.500s load=1.00 rootload=0.99
ramon: poll                 wall=01m00.000s usage=59.967s user=59.494s sys=00.473s mem=489MiB roottime=59.490s load=1.00 rootload=0.99
ramon: poll                 wall=01m01.000s usage=01m00.967s user=01m00.490s sys=00.477s mem=495MiB roottime=60.490s load=1.00 rootload=1.00
ramon: poll                 wall=01m02.000s usage=01m01.967s user=01m01.484s sys=00.483s mem=506MiB roottime=61.480s load=1.00 rootload=0.99
ramon: poll                 wall=01m03.000s usage=01m02.967s user=01m02.479s sys=00.488s mem=511MiB roottime=62.470s load=1.00 rootload=0.99
ramon: poll                 wall=01m04.000s usage=01m03.967s user=01m03.475s sys=00.492s mem=518MiB roottime=63.470s load=1.00 rootload=1.00
ramon: poll                 wall=01m05.000s usage=01m04.966s user=01m04.470s sys=00.496s mem=527MiB roottime=64.470s load=1.00 rootload=1.00
ramon: poll                 wall=01m06.000s usage=01m05.966s user=01m05.459s sys=00.507s mem=537MiB roottime=65.450s load=1.00 rootload=0.98
ramon: poll                 wall=01m07.000s usage=01m06.966s user=01m06.456s sys=00.510s mem=541MiB roottime=66.450s load=1.00 rootload=1.00
ramon: poll                 wall=01m08.000s usage=01m07.966s user=01m07.439s sys=00.527s mem=553MiB roottime=67.430s load=1.00 rootload=0.98
ramon: poll                 wall=01m09.000s usage=01m08.965s user=01m08.427s sys=00.538s mem=562MiB roottime=68.420s load=1.00 rootload=0.99
ramon: poll                 wall=01m10.000s usage=01m09.965s user=01m09.424s sys=00.541s mem=564MiB roottime=69.420s load=1.00 rootload=1.00
ramon: poll                 wall=01m11.000s usage=01m10.964s user=01m10.412s sys=00.552s mem=574MiB roottime=70.410s load=1.00 rootload=0.99
ramon: poll                 wall=01m12.000s usage=01m11.964s user=01m11.401s sys=00.563s mem=582MiB roottime=71.400s load=1.00 rootload=0.99
ramon: poll                 wall=01m13.000s usage=01m12.963s user=01m12.392s sys=00.571s mem=590MiB roottime=72.390s load=1.00 rootload=0.99
ramon: poll                 wall=01m14.000s usage=01m13.963s user=01m13.383s sys=00.580s mem=598MiB roottime=73.380s load=1.00 rootload=0.99
ramon: poll                 wall=01m15.000s usage=01m14.963s user=01m14.379s sys=00.584s mem=604MiB roottime=74.370s load=1.00 rootload=0.99
ramon: poll                 wall=01m16.000s usage=01m15.962s user=01m15.366s sys=00.597s mem=612MiB roottime=75.360s load=1.00 rootload=0.99
ramon: poll                 wall=01m17.000s usage=01m16.962s user=01m16.357s sys=00.605s mem=623MiB roottime=76.350s load=1.00 rootload=0.99
ramon: poll                 wall=01m18.000s usage=01m17.962s user=01m17.352s sys=00.610s mem=630MiB roottime=77.350s load=1.00 rootload=1.00
ramon: poll                 wall=01m19.000s usage=01m18.962s user=01m18.343s sys=00.619s mem=635MiB roottime=78.340s load=1.00 rootload=0.99
ramon: poll                 wall=01m20.000s usage=01m19.962s user=01m19.339s sys=00.623s mem=642MiB roottime=79.330s load=1.00 rootload=0.99
ramon: poll                 wall=01m21.000s usage=01m20.962s user=01m20.333s sys=00.629s mem=648MiB roottime=80.330s load=1.00 rootload=1.00
ramon: poll                 wall=01m22.000s usage=01m21.962s user=01m21.324s sys=00.638s mem=653MiB roottime=81.320s load=1.00 rootload=0.99
ramon: poll                 wall=01m23.000s usage=01m22.962s user=01m22.322s sys=00.640s mem=657MiB roottime=82.320s load=1.00 rootload=1.00
ramon: poll                 wall=01m24.000s usage=01m23.961s user=01m23.317s sys=00.645s mem=662MiB roottime=83.310s load=1.00 rootload=0.99
ramon: poll                 wall=01m25.000s usage=01m24.961s user=01m24.306s sys=00.656s mem=674MiB roottime=84.300s load=1.00 rootload=0.99
ramon: poll                 wall=01m26.000s usage=01m25.961s user=01m25.297s sys=00.664s mem=681MiB roottime=85.290s load=1.00 rootload=0.99
ramon: poll                 wall=01m27.000s usage=01m26.961s user=01m26.288s sys=00.673s mem=687MiB roottime=86.280s load=1.00 rootload=0.99
ramon: poll                 wall=01m28.000s usage=01m27.961s user=01m27.286s sys=00.675s mem=689MiB roottime=87.280s load=1.00 rootload=1.00
ramon: poll                 wall=01m29.000s usage=01m28.960s user=01m28.285s sys=00.675s mem=690MiB roottime=88.280s load=1.00 rootload=1.00
ramon: poll                 wall=01m30.000s usage=01m29.960s user=01m29.283s sys=00.677s mem=690MiB roottime=89.280s load=1.00 rootload=1.00
ramon: poll                 wall=01m31.000s usage=01m30.959s user=01m30.281s sys=00.678s mem=691MiB roottime=90.280s load=1.00 rootload=1.00
ramon: poll                 wall=01m32.000s usage=01m31.959s user=01m31.280s sys=00.679s mem=694MiB roottime=91.280s load=1.00 rootload=1.00
ramon: poll                 wall=01m33.000s usage=01m32.958s user=01m32.278s sys=00.680s mem=694MiB roottime=92.270s load=1.00 rootload=0.99
ramon: poll                 wall=01m34.000s usage=01m33.958s user=01m33.273s sys=00.685s mem=698MiB roottime=93.270s load=1.00 rootload=1.00
ramon: poll                 wall=01m35.000s usage=01m34.958s user=01m34.268s sys=00.690s mem=702MiB roottime=94.260s load=1.00 rootload=0.99
ramon: poll                 wall=01m36.000s usage=01m35.958s user=01m35.263s sys=00.695s mem=705MiB roottime=95.260s load=1.00 rootload=1.00
ramon: poll                 wall=01m37.000s usage=01m36.956s user=01m36.255s sys=00.701s mem=707MiB roottime=96.250s load=1.00 rootload=0.99
ramon: poll                 wall=01m38.000s usage=01m37.956s user=01m37.249s sys=00.707s mem=711MiB roottime=97.240s load=1.00 rootload=0.99
ramon: poll                 wall=01m39.000s usage=01m38.956s user=01m38.245s sys=00.711s mem=714MiB roottime=98.240s load=1.00 rootload=1.00
ramon: poll                 wall=01m40.000s usage=01m39.956s user=01m39.245s sys=00.711s mem=714MiB roottime=99.240s load=1.00 rootload=1.00
ramon: poll                 wall=01m41.000s usage=01m40.956s user=01m40.242s sys=00.714s mem=719MiB roottime=100.240s load=1.00 rootload=1.00
ramon: poll                 wall=01m42.000s usage=01m41.956s user=01m41.233s sys=00.723s mem=723MiB roottime=101.230s load=1.00 rootload=0.99
ramon: poll                 wall=01m43.000s usage=01m42.956s user=01m42.228s sys=00.728s mem=728MiB roottime=102.220s load=1.00 rootload=0.99
ramon: poll                 wall=01m44.000s usage=01m43.955s user=01m43.225s sys=00.731s mem=733MiB roottime=103.220s load=1.00 rootload=1.00
ramon: poll                 wall=01m45.000s usage=01m44.955s user=01m44.220s sys=00.735s mem=737MiB roottime=104.220s load=1.00 rootload=1.00
ramon: poll                 wall=01m46.000s usage=01m45.955s user=01m45.215s sys=00.740s mem=744MiB roottime=105.210s load=1.00 rootload=0.99
ramon: poll                 wall=01m47.000s usage=01m46.955s user=01m46.212s sys=00.743s mem=746MiB roottime=106.210s load=1.00 rootload=1.00
ramon: poll                 wall=01m48.000s usage=01m47.955s user=01m47.212s sys=00.743s mem=747MiB roottime=107.210s load=1.00 rootload=1.00
ramon: poll                 wall=01m49.000s usage=01m48.955s user=01m48.212s sys=00.743s mem=748MiB roottime=108.210s load=1.00 rootload=1.00
ramon: poll                 wall=01m50.000s usage=01m49.955s user=01m49.210s sys=00.745s mem=749MiB roottime=109.210s load=1.00 rootload=1.00
ramon: poll                 wall=01m51.000s usage=01m50.955s user=01m50.208s sys=00.747s mem=750MiB roottime=110.200s load=1.00 rootload=0.99
ramon: poll                 wall=01m52.000s usage=01m51.954s user=01m51.200s sys=00.755s mem=759MiB roottime=111.200s load=1.00 rootload=1.00
ramon: poll                 wall=01m53.000s usage=01m52.954s user=01m52.198s sys=00.756s mem=762MiB roottime=112.190s load=1.00 rootload=0.99
ramon: poll                 wall=01m54.000s usage=01m53.954s user=01m53.189s sys=00.765s mem=769MiB roottime=113.180s load=1.00 rootload=0.99
ramon: poll                 wall=01m55.000s usage=01m54.954s user=01m54.185s sys=00.769s mem=772MiB roottime=114.180s load=1.00 rootload=1.00
ramon: poll                 wall=01m56.000s usage=01m55.953s user=01m55.178s sys=00.776s mem=781MiB roottime=115.170s load=1.00 rootload=0.99
ramon: poll                 wall=01m57.000s usage=01m56.953s user=01m56.168s sys=00.785s mem=787MiB roottime=116.160s load=1.00 rootload=0.99
ramon: poll                 wall=01m58.000s usage=01m57.953s user=01m57.162s sys=00.791s mem=793MiB roottime=117.160s load=1.00 rootload=1.00
ramon: poll                 wall=01m59.000s usage=01m58.953s user=01m58.156s sys=00.797s mem=801MiB roottime=118.150s load=1.00 rootload=0.99
ramon: poll                 wall=02m00.000s usage=01m59.953s user=01m59.144s sys=00.809s mem=811MiB roottime=119.140s load=1.00 rootload=0.99
[31mramon: msg                  Wall clock time limit reached[0m
ramon: end                  Wed Dec 18 17:06:58 2024
ramon: root.execname        z3
ramon: root.utime           119.140s
ramon: root.stime           0.920s
ramon: group.total          120.067s
ramon: group.utime          119.146s
ramon: group.stime          0.921s
ramon: group.mempeak        811MiB
ramon: group.pidpeak        3
ramon: status               terminated by signal
[31mramon: signal               15 (SIGTERM Terminated)[0m
ramon: core dumped          false
ramon: exitcode             143
ramon: walltime             120.114s
ramon: loadavg              1.00
