sat
(:added-eqs                       81032
 :arith-eq-adapter                1735
 :arith-bound-propagations-lp     237
 :arith-branch                    12
 :arith-conflicts                 3021
 :arith-cube-calls                6
 :arith-diseq                     7034
 :arith-fixed-eqs                 5582
 :arith-gcd-calls                 456
 :arith-grobner-calls             484
 :arith-grobner-conflicts         103
 :arith-horner-calls              113
 :arith-horner-cross-nested-forms 13478
 :arith-lower                     13368
 :arith-make-feasible             8788
 :arith-max-columns               6398
 :arith-max-rows                  2500
 :arith-nla-add-bounds            268
 :arith-nla-lemmas                2305
 :arith-nla-propagate-bounds      412
 :arith-nla-propagate-eq          78839
 :arith-nra-calls                 72
 :arith-offset-eqs                32041
 :arith-patches                   456
 :arith-patches-success           439
 :arith-upper                     7191
 :binary-propagations             110115
 :card2bv-rewrites                1
 :cnf-encoding-aux-vars           17
 :conflicts                       381
 :decisions                       409220
 :del-clause                      1730
 :elim-unconstrained              576
 :final-checks                    972
 :max-memory                      170.65
 :memory                          109.83
 :minimized-lits                  5671
 :mk-bool-var                     13416
 :mk-clause                       3724
 :mk-clause-binary                246613
 :nlsat-conflicts                 6273
 :nlsat-decisions                 679
 :nlsat-propagations              788081
 :nlsat-stages                    476687
 :num-allocs                      44788201220.00
 :num-checks                      2
 :propagations                    149111
 :restarts                        3
 :rlimit-count                    17087410
 :solve-eqs-elim-vars             440
 :solve-eqs-steps                 4828
 :time                            11.08
 :total-time                      11.11)
