sat
(:added-eqs                       1749038
 :arith-eq-adapter                5515
 :arith-bound-propagations-lp     183476
 :arith-branch                    435
 :arith-conflicts                 50209
 :arith-cube-calls                193
 :arith-diseq                     1060305
 :arith-fixed-eqs                 473128
 :arith-gcd-calls                 3284
 :arith-gcd-conflict              36
 :arith-gomory-cuts               228
 :arith-grobner-calls             6385
 :arith-grobner-conflicts         3586
 :arith-hnf-calls                 2
 :arith-horner-calls              1629
 :arith-horner-conflicts          59
 :arith-horner-cross-nested-forms 478315
 :arith-lower                     1191071
 :arith-make-feasible             535654
 :arith-max-columns               4252
 :arith-max-rows                  2461
 :arith-nla-add-bounds            4612
 :arith-nla-lemmas                24772
 :arith-nla-propagate-bounds      16932
 :arith-nla-propagate-eq          516295
 :arith-nra-calls                 735
 :arith-offset-eqs                271792
 :arith-patches                   3248
 :arith-patches-success           2541
 :arith-upper                     1480455
 :binary-propagations             5595275
 :cnf-encoding-aux-vars           26
 :conflicts                       13677
 :decisions                       3090002
 :del-clause                      41338
 :elim-unconstrained              2
 :final-checks                    15775
 :max-memory                      226.66
 :memory                          57.35
 :minimized-lits                  9076
 :mk-bool-var                     93058
 :mk-clause                       105074
 :mk-clause-binary                18660
 :nlsat-conflicts                 66883
 :nlsat-decisions                 1053
 :nlsat-propagations              5689113
 :nlsat-stages                    2985295
 :num-allocs                      3156815419371.00
 :num-checks                      2
 :propagations                    9561258
 :restarts                        92
 :rlimit-count                    124371821
 :sat-mk-clause-2ary              140029
 :sat-mk-clause-nary              205127
 :sat-mk-var                      99264
 :solve-eqs-elim-vars             92
 :solve-eqs-steps                 1830
 :time                            84.02
 :total-time                      84.03)
