unsat
(:added-eqs                       75931
 :arith-eq-adapter                766
 :arith-bound-propagations-lp     247
 :arith-branch                    1
 :arith-conflicts                 1711
 :arith-cube-calls                1
 :arith-diseq                     914
 :arith-fixed-eqs                 624
 :arith-gcd-calls                 77
 :arith-grobner-calls             176
 :arith-grobner-conflicts         30
 :arith-horner-calls              59
 :arith-horner-cross-nested-forms 5309
 :arith-lower                     34116
 :arith-make-feasible             11030
 :arith-max-columns               1956
 :arith-max-rows                  655
 :arith-nla-add-bounds            125
 :arith-nla-lemmas                1111
 :arith-nla-propagate-bounds      420
 :arith-nla-propagate-eq          14021
 :arith-nra-calls                 17
 :arith-offset-eqs                407
 :arith-patches                   77
 :arith-patches-success           76
 :arith-upper                     78065
 :binary-propagations             185574
 :cnf-encoding-aux-vars           21
 :conflicts                       365
 :decisions                       222553
 :del-clause                      773
 :elim-unconstrained              116
 :final-checks                    495
 :max-memory                      101.85
 :memory                          60.05
 :minimized-lits                  116
 :mk-bool-var                     5865
 :mk-clause                       1789
 :mk-clause-binary                40445
 :nlsat-conflicts                 11650
 :nlsat-decisions                 10323
 :nlsat-propagations              291035
 :nlsat-restarts                  1
 :nlsat-stages                    128645
 :num-allocs                      1998474764
 :num-checks                      1
 :propagations                    214523
 :restarts                        3
 :rlimit-count                    7579551
 :sat-mk-clause-2ary              122927
 :sat-mk-clause-nary              197230
 :sat-mk-var                      92170
 :solve-eqs-elim-vars             371
 :solve-eqs-steps                 3628
 :time                            2.96
 :total-time                      2.98)
