ramon: cwd                  /tmp/runner/actions-runner/_work/z3-poly-testing/z3-poly-testing
ramon: start                Wed Dec 18 15:53:00 2024
ramon: nproc                128
ramon: sys.mem              64150 MiB
ramon: sys.mem.free         38824 MiB
ramon: sys.mem.avail        64050 MiB
ramon: sys.nprocs           2990
ramon: argv                 0 = z3
ramon: argv                 1 = /tmp/runner/actions-runner/_work/z3-poly-testing/z3-poly-testing/download/non-incremental/QF_NIA/20170427-VeryMax/ITS/From_T2__edn.t2__p20644_safety_0.smt2
ramon: argv                 2 = -T:600
ramon: argv                 3 = -st
ramon: childpid             4123500
ramon: poll                 wall=01.000s usage=00.980s user=00.852s sys=00.128s mem=128MiB roottime=0.850s load=0.98 rootload=0.85
ramon: end                  Wed Dec 18 15:53:02 2024
ramon: root.execname        z3
ramon: root.utime           1.720s
ramon: root.stime           0.150s
ramon: group.total          1.878s
ramon: group.utime          1.726s
ramon: group.stime          0.152s
ramon: group.mempeak        157MiB
ramon: group.pidpeak        3
ramon: status               exited
ramon: exitcode             0
ramon: walltime             1.897s
ramon: loadavg              0.99
