ramon: cwd                  /tmp/runner/actions-runner/_work/z3-poly-testing/z3-poly-testing
ramon: start                Wed Dec 18 14:54:28 2024
ramon: nproc                128
ramon: sys.mem              64150 MiB
ramon: sys.mem.free         42538 MiB
ramon: sys.mem.avail        64105 MiB
ramon: sys.nprocs           3013
ramon: argv                 0 = z3
ramon: argv                 1 = /tmp/runner/actions-runner/_work/z3-poly-testing/z3-poly-testing/download/non-incremental/QF_NIA/20170427-VeryMax/ITS/From_AProVE_2014__Velroyen08-upAndDown.jar-obl-8__p14604_terminationG_0.smt2
ramon: argv                 2 = -T:600
ramon: argv                 3 = -st
ramon: childpid             3906340
ramon: poll                 wall=01.000s usage=00.975s user=00.899s sys=00.076s mem=104MiB roottime=0.890s load=0.98 rootload=0.89
ramon: poll                 wall=02.000s usage=01.975s user=01.899s sys=00.076s mem=104MiB roottime=1.890s load=1.00 rootload=1.00
ramon: poll                 wall=03.000s usage=02.975s user=02.899s sys=00.076s mem=104MiB roottime=2.890s load=1.00 rootload=1.00
ramon: poll                 wall=04.000s usage=03.975s user=03.899s sys=00.076s mem=104MiB roottime=3.890s load=1.00 rootload=1.00
ramon: poll                 wall=05.000s usage=04.975s user=04.899s sys=00.076s mem=104MiB roottime=4.890s load=1.00 rootload=1.00
ramon: poll                 wall=06.000s usage=05.975s user=05.899s sys=00.076s mem=104MiB roottime=5.890s load=1.00 rootload=1.00
ramon: poll                 wall=07.000s usage=06.975s user=06.899s sys=00.076s mem=104MiB roottime=6.890s load=1.00 rootload=1.00
ramon: poll                 wall=08.000s usage=07.975s user=07.899s sys=00.076s mem=104MiB roottime=7.890s load=1.00 rootload=1.00
ramon: poll                 wall=09.000s usage=08.975s user=08.899s sys=00.076s mem=104MiB roottime=8.890s load=1.00 rootload=1.00
ramon: poll                 wall=10.000s usage=09.975s user=09.899s sys=00.076s mem=104MiB roottime=9.890s load=1.00 rootload=1.00
ramon: poll                 wall=11.000s usage=10.975s user=10.899s sys=00.076s mem=104MiB roottime=10.890s load=1.00 rootload=1.00
ramon: poll                 wall=12.000s usage=11.975s user=11.899s sys=00.076s mem=104MiB roottime=11.890s load=1.00 rootload=1.00
ramon: poll                 wall=13.000s usage=12.975s user=12.899s sys=00.076s mem=104MiB roottime=12.890s load=1.00 rootload=1.00
ramon: poll                 wall=14.000s usage=13.975s user=13.899s sys=00.076s mem=104MiB roottime=13.890s load=1.00 rootload=1.00
ramon: poll                 wall=15.000s usage=14.975s user=14.899s sys=00.076s mem=104MiB roottime=14.890s load=1.00 rootload=1.00
ramon: poll                 wall=16.000s usage=15.975s user=15.899s sys=00.076s mem=104MiB roottime=15.890s load=1.00 rootload=1.00
ramon: poll                 wall=17.000s usage=16.975s user=16.899s sys=00.076s mem=104MiB roottime=16.890s load=1.00 rootload=1.00
ramon: poll                 wall=18.000s usage=17.975s user=17.899s sys=00.076s mem=104MiB roottime=17.890s load=1.00 rootload=1.00
ramon: poll                 wall=19.000s usage=18.975s user=18.899s sys=00.076s mem=104MiB roottime=18.890s load=1.00 rootload=1.00
ramon: poll                 wall=20.000s usage=19.975s user=19.899s sys=00.076s mem=104MiB roottime=19.890s load=1.00 rootload=1.00
ramon: poll                 wall=21.000s usage=20.975s user=20.899s sys=00.076s mem=104MiB roottime=20.890s load=1.00 rootload=1.00
ramon: poll                 wall=22.000s usage=21.974s user=21.899s sys=00.076s mem=104MiB roottime=21.890s load=1.00 rootload=1.00
ramon: poll                 wall=23.000s usage=22.974s user=22.895s sys=00.079s mem=106MiB roottime=22.890s load=1.00 rootload=1.00
ramon: poll                 wall=24.000s usage=23.974s user=23.895s sys=00.079s mem=106MiB roottime=23.890s load=1.00 rootload=1.00
ramon: poll                 wall=25.000s usage=24.974s user=24.895s sys=00.079s mem=106MiB roottime=24.890s load=1.00 rootload=1.00
ramon: poll                 wall=26.000s usage=25.974s user=25.895s sys=00.079s mem=106MiB roottime=25.890s load=1.00 rootload=1.00
ramon: poll                 wall=27.000s usage=26.974s user=26.895s sys=00.079s mem=106MiB roottime=26.890s load=1.00 rootload=1.00
ramon: poll                 wall=28.000s usage=27.974s user=27.895s sys=00.079s mem=106MiB roottime=27.890s load=1.00 rootload=1.00
ramon: poll                 wall=29.000s usage=28.974s user=28.895s sys=00.079s mem=106MiB roottime=28.890s load=1.00 rootload=1.00
ramon: poll                 wall=30.000s usage=29.974s user=29.894s sys=00.080s mem=107MiB roottime=29.890s load=1.00 rootload=1.00
ramon: poll                 wall=31.000s usage=30.974s user=30.894s sys=00.080s mem=107MiB roottime=30.890s load=1.00 rootload=1.00
ramon: poll                 wall=32.000s usage=31.974s user=31.894s sys=00.080s mem=107MiB roottime=31.890s load=1.00 rootload=1.00
ramon: poll                 wall=33.000s usage=32.974s user=32.894s sys=00.080s mem=107MiB roottime=32.890s load=1.00 rootload=1.00
ramon: poll                 wall=34.000s usage=33.974s user=33.894s sys=00.080s mem=107MiB roottime=33.890s load=1.00 rootload=1.00
ramon: poll                 wall=35.000s usage=34.974s user=34.894s sys=00.080s mem=107MiB roottime=34.890s load=1.00 rootload=1.00
ramon: poll                 wall=36.000s usage=35.974s user=35.894s sys=00.080s mem=107MiB roottime=35.890s load=1.00 rootload=1.00
ramon: poll                 wall=37.000s usage=36.974s user=36.894s sys=00.080s mem=107MiB roottime=36.890s load=1.00 rootload=1.00
ramon: poll                 wall=38.000s usage=37.974s user=37.894s sys=00.080s mem=107MiB roottime=37.890s load=1.00 rootload=1.00
ramon: poll                 wall=39.000s usage=38.974s user=38.894s sys=00.080s mem=107MiB roottime=38.890s load=1.00 rootload=1.00
ramon: poll                 wall=40.000s usage=39.974s user=39.894s sys=00.080s mem=107MiB roottime=39.890s load=1.00 rootload=1.00
ramon: poll                 wall=41.000s usage=40.974s user=40.894s sys=00.080s mem=107MiB roottime=40.890s load=1.00 rootload=1.00
ramon: poll                 wall=42.000s usage=41.974s user=41.894s sys=00.080s mem=107MiB roottime=41.890s load=1.00 rootload=1.00
ramon: poll                 wall=43.000s usage=42.974s user=42.894s sys=00.080s mem=107MiB roottime=42.890s load=1.00 rootload=1.00
ramon: poll                 wall=44.000s usage=43.974s user=43.894s sys=00.080s mem=107MiB roottime=43.890s load=1.00 rootload=1.00
ramon: poll                 wall=45.000s usage=44.974s user=44.894s sys=00.080s mem=107MiB roottime=44.890s load=1.00 rootload=1.00
ramon: poll                 wall=46.000s usage=45.974s user=45.883s sys=00.091s mem=117MiB roottime=45.880s load=1.00 rootload=0.99
ramon: poll                 wall=47.000s usage=46.974s user=46.883s sys=00.091s mem=117MiB roottime=46.880s load=1.00 rootload=1.00
ramon: poll                 wall=48.000s usage=47.974s user=47.883s sys=00.091s mem=117MiB roottime=47.880s load=1.00 rootload=1.00
ramon: poll                 wall=49.000s usage=48.974s user=48.883s sys=00.091s mem=117MiB roottime=48.880s load=1.00 rootload=1.00
ramon: poll                 wall=50.000s usage=49.974s user=49.883s sys=00.091s mem=117MiB roottime=49.880s load=1.00 rootload=1.00
ramon: poll                 wall=51.000s usage=50.974s user=50.883s sys=00.091s mem=117MiB roottime=50.880s load=1.00 rootload=1.00
ramon: poll                 wall=52.000s usage=51.974s user=51.883s sys=00.091s mem=117MiB roottime=51.880s load=1.00 rootload=1.00
ramon: poll                 wall=53.000s usage=52.974s user=52.883s sys=00.091s mem=117MiB roottime=52.880s load=1.00 rootload=1.00
ramon: poll                 wall=54.000s usage=53.974s user=53.883s sys=00.091s mem=117MiB roottime=53.880s load=1.00 rootload=1.00
ramon: poll                 wall=55.000s usage=54.974s user=54.883s sys=00.091s mem=117MiB roottime=54.880s load=1.00 rootload=1.00
ramon: poll                 wall=56.000s usage=55.974s user=55.883s sys=00.091s mem=117MiB roottime=55.880s load=1.00 rootload=1.00
ramon: poll                 wall=57.000s usage=56.973s user=56.882s sys=00.091s mem=117MiB roottime=56.880s load=1.00 rootload=1.00
ramon: poll                 wall=58.000s usage=57.973s user=57.882s sys=00.091s mem=117MiB roottime=57.880s load=1.00 rootload=1.00
ramon: poll                 wall=59.000s usage=58.973s user=58.882s sys=00.091s mem=117MiB roottime=58.880s load=1.00 rootload=1.00
ramon: poll                 wall=01m00.000s usage=59.973s user=59.882s sys=00.091s mem=117MiB roottime=59.880s load=1.00 rootload=1.00
ramon: poll                 wall=01m01.000s usage=01m00.973s user=01m00.882s sys=00.091s mem=117MiB roottime=60.880s load=1.00 rootload=1.00
ramon: poll                 wall=01m02.000s usage=01m01.973s user=01m01.882s sys=00.091s mem=117MiB roottime=61.880s load=1.00 rootload=1.00
ramon: poll                 wall=01m03.000s usage=01m02.973s user=01m02.882s sys=00.091s mem=117MiB roottime=62.880s load=1.00 rootload=1.00
ramon: poll                 wall=01m04.000s usage=01m03.973s user=01m03.882s sys=00.091s mem=117MiB roottime=63.880s load=1.00 rootload=1.00
ramon: poll                 wall=01m05.000s usage=01m04.973s user=01m04.882s sys=00.091s mem=117MiB roottime=64.880s load=1.00 rootload=1.00
ramon: poll                 wall=01m06.000s usage=01m05.973s user=01m05.882s sys=00.091s mem=117MiB roottime=65.880s load=1.00 rootload=1.00
ramon: poll                 wall=01m07.000s usage=01m06.973s user=01m06.882s sys=00.091s mem=117MiB roottime=66.880s load=1.00 rootload=1.00
ramon: poll                 wall=01m08.000s usage=01m07.973s user=01m07.882s sys=00.091s mem=117MiB roottime=67.880s load=1.00 rootload=1.00
ramon: poll                 wall=01m09.000s usage=01m08.973s user=01m08.882s sys=00.091s mem=117MiB roottime=68.880s load=1.00 rootload=1.00
ramon: poll                 wall=01m10.000s usage=01m09.973s user=01m09.882s sys=00.091s mem=117MiB roottime=69.880s load=1.00 rootload=1.00
ramon: poll                 wall=01m11.000s usage=01m10.973s user=01m10.882s sys=00.091s mem=117MiB roottime=70.880s load=1.00 rootload=1.00
ramon: poll                 wall=01m12.000s usage=01m11.973s user=01m11.882s sys=00.091s mem=117MiB roottime=71.880s load=1.00 rootload=1.00
ramon: poll                 wall=01m13.000s usage=01m12.973s user=01m12.882s sys=00.091s mem=117MiB roottime=72.880s load=1.00 rootload=1.00
ramon: poll                 wall=01m14.000s usage=01m13.973s user=01m13.882s sys=00.091s mem=117MiB roottime=73.880s load=1.00 rootload=1.00
ramon: poll                 wall=01m15.000s usage=01m14.973s user=01m14.882s sys=00.091s mem=117MiB roottime=74.880s load=1.00 rootload=1.00
ramon: poll                 wall=01m16.000s usage=01m15.973s user=01m15.882s sys=00.091s mem=117MiB roottime=75.880s load=1.00 rootload=1.00
ramon: poll                 wall=01m17.000s usage=01m16.973s user=01m16.882s sys=00.091s mem=117MiB roottime=76.880s load=1.00 rootload=1.00
ramon: poll                 wall=01m18.000s usage=01m17.972s user=01m17.881s sys=00.091s mem=117MiB roottime=77.880s load=1.00 rootload=1.00
ramon: poll                 wall=01m19.000s usage=01m18.972s user=01m18.881s sys=00.091s mem=117MiB roottime=78.880s load=1.00 rootload=1.00
ramon: poll                 wall=01m20.000s usage=01m19.972s user=01m19.881s sys=00.091s mem=117MiB roottime=79.880s load=1.00 rootload=1.00
ramon: poll                 wall=01m21.000s usage=01m20.972s user=01m20.881s sys=00.091s mem=117MiB roottime=80.880s load=1.00 rootload=1.00
ramon: poll                 wall=01m22.000s usage=01m21.972s user=01m21.881s sys=00.091s mem=117MiB roottime=81.880s load=1.00 rootload=1.00
ramon: poll                 wall=01m23.000s usage=01m22.972s user=01m22.881s sys=00.091s mem=117MiB roottime=82.880s load=1.00 rootload=1.00
ramon: poll                 wall=01m24.000s usage=01m23.972s user=01m23.881s sys=00.091s mem=117MiB roottime=83.880s load=1.00 rootload=1.00
ramon: poll                 wall=01m25.000s usage=01m24.973s user=01m24.882s sys=00.091s mem=117MiB roottime=84.880s load=1.00 rootload=1.00
ramon: poll                 wall=01m26.000s usage=01m25.972s user=01m25.881s sys=00.091s mem=117MiB roottime=85.880s load=1.00 rootload=1.00
ramon: poll                 wall=01m27.000s usage=01m26.972s user=01m26.881s sys=00.091s mem=117MiB roottime=86.880s load=1.00 rootload=1.00
ramon: poll                 wall=01m28.000s usage=01m27.972s user=01m27.881s sys=00.091s mem=117MiB roottime=87.880s load=1.00 rootload=1.00
ramon: poll                 wall=01m29.000s usage=01m28.972s user=01m28.881s sys=00.091s mem=117MiB roottime=88.880s load=1.00 rootload=1.00
ramon: poll                 wall=01m30.000s usage=01m29.972s user=01m29.881s sys=00.091s mem=117MiB roottime=89.880s load=1.00 rootload=1.00
ramon: poll                 wall=01m31.000s usage=01m30.972s user=01m30.881s sys=00.091s mem=117MiB roottime=90.880s load=1.00 rootload=1.00
ramon: poll                 wall=01m32.000s usage=01m31.972s user=01m31.881s sys=00.091s mem=117MiB roottime=91.880s load=1.00 rootload=1.00
ramon: poll                 wall=01m33.000s usage=01m32.972s user=01m32.881s sys=00.091s mem=117MiB roottime=92.880s load=1.00 rootload=1.00
ramon: poll                 wall=01m34.000s usage=01m33.972s user=01m33.881s sys=00.091s mem=117MiB roottime=93.880s load=1.00 rootload=1.00
ramon: poll                 wall=01m35.000s usage=01m34.972s user=01m34.881s sys=00.091s mem=117MiB roottime=94.880s load=1.00 rootload=1.00
ramon: poll                 wall=01m36.000s usage=01m35.972s user=01m35.881s sys=00.091s mem=117MiB roottime=95.880s load=1.00 rootload=1.00
ramon: poll                 wall=01m37.000s usage=01m36.972s user=01m36.881s sys=00.091s mem=117MiB roottime=96.880s load=1.00 rootload=1.00
ramon: poll                 wall=01m38.000s usage=01m37.972s user=01m37.881s sys=00.091s mem=117MiB roottime=97.880s load=1.00 rootload=1.00
ramon: poll                 wall=01m39.000s usage=01m38.972s user=01m38.881s sys=00.091s mem=117MiB roottime=98.880s load=1.00 rootload=1.00
ramon: poll                 wall=01m40.000s usage=01m39.972s user=01m39.881s sys=00.091s mem=117MiB roottime=99.880s load=1.00 rootload=1.00
ramon: poll                 wall=01m41.000s usage=01m40.972s user=01m40.881s sys=00.091s mem=117MiB roottime=100.880s load=1.00 rootload=1.00
ramon: poll                 wall=01m42.000s usage=01m41.972s user=01m41.881s sys=00.091s mem=117MiB roottime=101.880s load=1.00 rootload=1.00
ramon: poll                 wall=01m43.000s usage=01m42.972s user=01m42.881s sys=00.091s mem=117MiB roottime=102.880s load=1.00 rootload=1.00
ramon: poll                 wall=01m44.000s usage=01m43.972s user=01m43.881s sys=00.091s mem=117MiB roottime=103.880s load=1.00 rootload=1.00
ramon: poll                 wall=01m45.000s usage=01m44.972s user=01m44.881s sys=00.091s mem=117MiB roottime=104.880s load=1.00 rootload=1.00
ramon: poll                 wall=01m46.000s usage=01m45.972s user=01m45.881s sys=00.091s mem=117MiB roottime=105.880s load=1.00 rootload=1.00
ramon: poll                 wall=01m47.000s usage=01m46.972s user=01m46.881s sys=00.091s mem=117MiB roottime=106.880s load=1.00 rootload=1.00
ramon: poll                 wall=01m48.000s usage=01m47.972s user=01m47.881s sys=00.091s mem=117MiB roottime=107.880s load=1.00 rootload=1.00
ramon: poll                 wall=01m49.000s usage=01m48.972s user=01m48.881s sys=00.091s mem=117MiB roottime=108.880s load=1.00 rootload=1.00
ramon: poll                 wall=01m50.000s usage=01m49.972s user=01m49.881s sys=00.091s mem=117MiB roottime=109.880s load=1.00 rootload=1.00
ramon: poll                 wall=01m51.000s usage=01m50.972s user=01m50.881s sys=00.091s mem=117MiB roottime=110.880s load=1.00 rootload=1.00
ramon: poll                 wall=01m52.000s usage=01m51.972s user=01m51.881s sys=00.091s mem=117MiB roottime=111.880s load=1.00 rootload=1.00
ramon: poll                 wall=01m53.000s usage=01m52.972s user=01m52.881s sys=00.091s mem=117MiB roottime=112.880s load=1.00 rootload=1.00
ramon: poll                 wall=01m54.000s usage=01m53.972s user=01m53.881s sys=00.091s mem=117MiB roottime=113.880s load=1.00 rootload=1.00
ramon: poll                 wall=01m55.000s usage=01m54.972s user=01m54.881s sys=00.091s mem=117MiB roottime=114.880s load=1.00 rootload=1.00
ramon: poll                 wall=01m56.000s usage=01m55.972s user=01m55.881s sys=00.091s mem=117MiB roottime=115.880s load=1.00 rootload=1.00
ramon: poll                 wall=01m57.000s usage=01m56.972s user=01m56.881s sys=00.091s mem=117MiB roottime=116.880s load=1.00 rootload=1.00
ramon: poll                 wall=01m58.000s usage=01m57.972s user=01m57.881s sys=00.091s mem=117MiB roottime=117.880s load=1.00 rootload=1.00
ramon: poll                 wall=01m59.000s usage=01m58.972s user=01m58.881s sys=00.091s mem=117MiB roottime=118.880s load=1.00 rootload=1.00
ramon: poll                 wall=02m00.000s usage=01m59.972s user=01m59.881s sys=00.091s mem=117MiB roottime=119.880s load=1.00 rootload=1.00
[31mramon: msg                  Wall clock time limit reached[0m
ramon: end                  Wed Dec 18 14:56:28 2024
ramon: root.execname        z3
ramon: root.utime           119.880s
ramon: root.stime           0.100s
ramon: group.total          119.992s
ramon: group.utime          119.883s
ramon: group.stime          0.109s
ramon: group.mempeak        117MiB
ramon: group.pidpeak        3
ramon: status               terminated by signal
[31mramon: signal               15 (SIGTERM Terminated)[0m
ramon: core dumped          false
ramon: exitcode             143
ramon: walltime             120.019s
ramon: loadavg              1.00
