sat
(:added-eqs                       8921
 :arith-eq-adapter                359
 :arith-bound-propagations-lp     528
 :arith-conflicts                 1071
 :arith-diseq                     2902
 :arith-fixed-eqs                 1382
 :arith-gcd-calls                 4
 :arith-grobner-calls             290
 :arith-grobner-conflicts         56
 :arith-horner-calls              80
 :arith-horner-cross-nested-forms 7939
 :arith-lower                     4649
 :arith-make-feasible             3238
 :arith-max-columns               251
 :arith-max-rows                  104
 :arith-nla-add-bounds            131
 :arith-nla-lemmas                738
 :arith-nla-propagate-bounds      135
 :arith-nla-propagate-eq          3353
 :arith-nra-calls                 94
 :arith-offset-eqs                442
 :arith-patches                   4
 :arith-patches-success           4
 :arith-upper                     4999
 :binary-propagations             14636
 :conflicts                       502
 :decisions                       15294
 :del-clause                      842
 :elim-unconstrained              10
 :final-checks                    524
 :max-memory                      142.34
 :memory                          87.62
 :minimized-lits                  1371
 :mk-bool-var                     2415
 :mk-clause                       1823
 :mk-clause-binary                1503
 :nlsat-conflicts                 6544
 :nlsat-decisions                 386
 :nlsat-propagations              150534
 :nlsat-stages                    74157
 :num-allocs                      1000805501
 :num-checks                      1
 :propagations                    26760
 :restarts                        4
 :rlimit-count                    3619367
 :sat-backjumps                   501
 :sat-conflicts                   501
 :sat-decisions                   3124
 :sat-del-clause                  53351
 :sat-elim-bool-vars-res          9665
 :sat-elim-clauses                446
 :sat-elim-literals               1526
 :sat-minimized-lits              1338
 :sat-mk-clause-2ary              31309
 :sat-mk-clause-3ary              13045
 :sat-mk-clause-nary              84035
 :sat-mk-var                      20387
 :sat-probing-assigned            108
 :sat-propagations-2ary           512697
 :sat-propagations-nary           419572
 :sat-restarts                    15
 :sat-scc-elim-binary             179
 :sat-scc-elim-vars               57
 :sat-subs-resolution             892
 :sat-subs-resolution-dyn         120
 :sat-subsumed                    10350
 :sat-units                       123
 :time                            1.44
 :total-time                      1.45)
