unsat
(:added-eqs                       40828
 :arith-eq-adapter                698
 :arith-bound-propagations-lp     164
 :arith-conflicts                 952
 :arith-diseq                     334
 :arith-fixed-eqs                 151
 :arith-gcd-calls                 27
 :arith-grobner-calls             98
 :arith-grobner-conflicts         12
 :arith-horner-calls              38
 :arith-horner-conflicts          1
 :arith-horner-cross-nested-forms 2610
 :arith-lower                     18048
 :arith-make-feasible             7715
 :arith-max-columns               1988
 :arith-max-rows                  667
 :arith-nla-add-bounds            58
 :arith-nla-lemmas                574
 :arith-nla-propagate-bounds      291
 :arith-nla-propagate-eq          6580
 :arith-nra-calls                 41
 :arith-offset-eqs                198
 :arith-patches                   27
 :arith-patches-success           27
 :arith-upper                     42994
 :binary-propagations             93757
 :cnf-encoding-aux-vars           21
 :conflicts                       169
 :decisions                       107115
 :del-clause                      543
 :elim-unconstrained              112
 :final-checks                    273
 :max-memory                      101.97
 :memory                          60.16
 :minimized-lits                  44
 :mk-bool-var                     5060
 :mk-clause                       1402
 :mk-clause-binary                40420
 :nlsat-conflicts                 21634
 :nlsat-decisions                 17622
 :nlsat-propagations              634219
 :nlsat-restarts                  2
 :nlsat-stages                    252596
 :num-allocs                      2872257934
 :num-checks                      1
 :propagations                    104966
 :restarts                        1
 :rlimit-count                    16033308
 :sat-mk-clause-2ary              122927
 :sat-mk-clause-nary              197230
 :sat-mk-var                      92170
 :solve-eqs-elim-vars             368
 :solve-eqs-steps                 3953
 :time                            3.86
 :total-time                      3.89)
