sat
(:added-eqs                       11007
 :arith-eq-adapter                601
 :arith-bound-propagations-lp     658
 :arith-branch                    53
 :arith-conflicts                 1460
 :arith-cube-calls                15
 :arith-diseq                     3273
 :arith-fixed-eqs                 1482
 :arith-gcd-calls                 161
 :arith-gomory-cuts               13
 :arith-grobner-calls             250
 :arith-grobner-conflicts         139
 :arith-hnf-calls                 1
 :arith-horner-calls              49
 :arith-horner-conflicts          1
 :arith-horner-cross-nested-forms 18266
 :arith-lower                     5617
 :arith-make-feasible             5382
 :arith-max-columns               1052
 :arith-max-rows                  474
 :arith-nla-add-bounds            110
 :arith-nla-lemmas                682
 :arith-nla-propagate-bounds      534
 :arith-nla-propagate-eq          9208
 :arith-nra-calls                 92
 :arith-offset-eqs                515
 :arith-patches                   161
 :arith-patches-success           97
 :arith-upper                     10870
 :binary-propagations             30199
 :card2bv-rewrites                1
 :cnf-encoding-aux-vars           23
 :conflicts                       513
 :decisions                       39136
 :del-clause                      1637
 :elim-unconstrained              262
 :final-checks                    629
 :max-memory                      102.03
 :memory                          34.66
 :minimized-lits                  180
 :mk-bool-var                     5209
 :mk-clause                       3110
 :mk-clause-binary                3051
 :nlsat-conflicts                 8434
 :nlsat-decisions                 370
 :nlsat-propagations              309374
 :nlsat-restarts                  3
 :nlsat-stages                    196680
 :num-allocs                      6590810116.00
 :num-checks                      1
 :propagations                    42826
 :restarts                        4
 :rlimit-count                    5114536
 :sat-backjumps                   175
 :sat-conflicts                   175
 :sat-decisions                   826
 :sat-del-clause                  876
 :sat-elim-bool-vars-res          16421
 :sat-elim-clauses                504
 :sat-elim-literals               490
 :sat-minimized-lits              446
 :sat-mk-clause-2ary              128395
 :sat-mk-clause-3ary              31568
 :sat-mk-clause-nary              218908
 :sat-mk-var                      88275
 :sat-propagations-2ary           81173
 :sat-propagations-nary           49183
 :sat-scc-elim-binary             909
 :sat-scc-elim-vars               389
 :sat-subs-resolution             10
 :sat-subs-resolution-dyn         23
 :sat-subsumed                    16463
 :sat-units                       249
 :solve-eqs-elim-vars             108
 :solve-eqs-steps                 1691
 :time                            3.09
 :total-time                      3.11)
