sat
(:added-eqs                       1923065
 :arith-eq-adapter                3794
 :arith-bound-propagations-lp     2385
 :arith-branch                    3
 :arith-conflicts                 13733
 :arith-cube-calls                2
 :arith-diseq                     66453
 :arith-fixed-eqs                 135880
 :arith-gcd-calls                 367
 :arith-gomory-cuts               2
 :arith-grobner-calls             583
 :arith-grobner-conflicts         187
 :arith-hnf-calls                 1
 :arith-horner-calls              155
 :arith-horner-conflicts          6
 :arith-horner-cross-nested-forms 66994
 :arith-lower                     765570
 :arith-make-feasible             234981
 :arith-max-columns               5672
 :arith-max-rows                  1766
 :arith-nla-add-bounds            556
 :arith-nla-lemmas                1529
 :arith-nla-propagate-bounds      11440
 :arith-nla-propagate-eq          262176
 :arith-nra-calls                 164
 :arith-offset-eqs                214139
 :arith-patches                   367
 :arith-patches-success           363
 :arith-upper                     937049
 :binary-propagations             2964136
 :card2bv-rewrites                1
 :cnf-encoding-aux-vars           110
 :conflicts                       2845
 :decisions                       2077864
 :del-clause                      3011
 :elim-unconstrained              315
 :final-checks                    2236
 :max-memory                      138.62
 :memory                          105.55
 :minimized-lits                  546
 :mk-bool-var                     27593
 :mk-clause                       10958
 :mk-clause-binary                47001
 :nlsat-conflicts                 77879
 :nlsat-decisions                 206928
 :nlsat-propagations              2249739
 :nlsat-restarts                  4
 :nlsat-stages                    1013732
 :num-allocs                      102078108051.00
 :num-checks                      2
 :propagations                    3573023
 :restarts                        24
 :rlimit-count                    49137352
 :solve-eqs-elim-vars             136
 :solve-eqs-steps                 1004
 :time                            26.43
 :total-time                      26.45)
