unsat
(:added-eqs                   2388
 :arith-bound-propagations-lp 1657
 :arith-branch                14696
 :arith-conflicts             1639
 :arith-cube-calls            3682
 :arith-dio-calls             25
 :arith-fixed-eqs             2627
 :arith-gcd-calls             14542
 :arith-hnf-calls             48
 :arith-hnf-cuts              36
 :arith-lower                 4669
 :arith-make-feasible         19471
 :arith-max-columns           233
 :arith-max-rows              131
 :arith-offset-eqs            171
 :arith-patches               14734
 :arith-upper                 14331
 :binary-propagations         70358
 :conflicts                   1815
 :decisions                   67179
 :del-clause                  3008
 :final-checks                14734
 :max-memory                  70.43
 :memory                      20.27
 :minimized-lits              349
 :mk-bool-var                 7635
 :mk-clause                   4820
 :mk-clause-binary            1727
 :num-allocs                  1951290978
 :num-checks                  3
 :propagations                87171
 :restarts                    15
 :rlimit-count                43253833
 :sat-backjumps               142776
 :sat-backtracks              7
 :sat-conflicts               142783
 :sat-decisions               285024
 :sat-del-clause              44839
 :sat-elim-bool-vars-res      3502
 :sat-elim-clauses            552
 :sat-elim-literals           94320
 :sat-minimized-lits          2616267
 :sat-mk-clause-2ary          28686
 :sat-mk-clause-3ary          9517
 :sat-mk-clause-nary          203307
 :sat-mk-var                  22221
 :sat-probing-assigned        103
 :sat-propagations-2ary       19960486
 :sat-propagations-nary       21901260
 :sat-restarts                22555
 :sat-scc-elim-binary         130
 :sat-scc-elim-vars           23
 :sat-subs-resolution         31414
 :sat-subs-resolution-dyn     78515
 :sat-subsumed                3081
 :sat-tr                      133
 :sat-units                   118
 :time                        22.39
 :total-time                  22.40)
