ramon: cwd                  /home/runner/a/_work/z3-poly-testing/z3-poly-testing
ramon: start                Thu Jan  9 23:46:37 2025
ramon: nproc                128
ramon: sys.mem              64150 MiB
ramon: sys.mem.free         35572 MiB
ramon: sys.mem.avail        64047 MiB
ramon: sys.nprocs           2516
ramon: argv                 0 = z3
ramon: argv                 1 = /home/runner/a/_work/z3-poly-testing/z3-poly-testing/download/non-incremental/QF_NIA/20170427-VeryMax/ITS/From_T2__pgarch.t2__p7274_terminationG_0.smt2
ramon: argv                 2 = -T:1200
ramon: childpid             1391845
ramon: poll                 wall=01.000s usage=00.981s user=00.865s sys=00.116s mem=134MiB roottime=0.860s load=0.98 rootload=0.86
ramon: poll                 wall=02.000s usage=01.981s user=01.861s sys=00.120s mem=141MiB roottime=1.860s load=1.00 rootload=1.00
ramon: poll                 wall=03.000s usage=02.981s user=02.849s sys=00.132s mem=148MiB roottime=2.840s load=1.00 rootload=0.98
ramon: poll                 wall=04.000s usage=03.981s user=03.849s sys=00.132s mem=148MiB roottime=3.840s load=1.00 rootload=1.00
ramon: poll                 wall=05.000s usage=04.981s user=04.849s sys=00.132s mem=148MiB roottime=4.840s load=1.00 rootload=1.00
ramon: poll                 wall=06.000s usage=05.981s user=05.849s sys=00.132s mem=148MiB roottime=5.840s load=1.00 rootload=1.00
ramon: poll                 wall=07.000s usage=06.981s user=06.849s sys=00.132s mem=148MiB roottime=6.840s load=1.00 rootload=1.00
ramon: poll                 wall=08.000s usage=07.981s user=07.849s sys=00.132s mem=149MiB roottime=7.840s load=1.00 rootload=1.00
ramon: poll                 wall=09.000s usage=08.980s user=08.842s sys=00.138s mem=162MiB roottime=8.840s load=1.00 rootload=1.00
ramon: poll                 wall=10.000s usage=09.980s user=09.839s sys=00.141s mem=167MiB roottime=9.830s load=1.00 rootload=0.99
ramon: poll                 wall=11.000s usage=10.980s user=10.838s sys=00.142s mem=168MiB roottime=10.830s load=1.00 rootload=1.00
ramon: poll                 wall=12.000s usage=11.980s user=11.821s sys=00.159s mem=192MiB roottime=11.820s load=1.00 rootload=0.99
ramon: poll                 wall=13.000s usage=12.980s user=12.804s sys=00.176s mem=219MiB roottime=12.800s load=1.00 rootload=0.98
ramon: poll                 wall=14.000s usage=13.980s user=13.780s sys=00.200s mem=247MiB roottime=13.780s load=1.00 rootload=0.98
ramon: poll                 wall=15.000s usage=14.980s user=14.763s sys=00.217s mem=273MiB roottime=14.760s load=1.00 rootload=0.98
ramon: poll                 wall=16.000s usage=15.980s user=15.739s sys=00.241s mem=298MiB roottime=15.730s load=1.00 rootload=0.97
ramon: poll                 wall=17.000s usage=16.980s user=16.721s sys=00.259s mem=334MiB roottime=16.720s load=1.00 rootload=0.99
ramon: poll                 wall=18.000s usage=17.980s user=17.692s sys=00.288s mem=361MiB roottime=17.690s load=1.00 rootload=0.97
ramon: poll                 wall=19.000s usage=18.980s user=18.668s sys=00.312s mem=388MiB roottime=18.660s load=1.00 rootload=0.97
ramon: poll                 wall=20.000s usage=19.980s user=19.639s sys=00.341s mem=419MiB roottime=19.630s load=1.00 rootload=0.97
ramon: poll                 wall=21.000s usage=20.980s user=20.615s sys=00.365s mem=448MiB roottime=20.610s load=1.00 rootload=0.98
ramon: poll                 wall=22.000s usage=21.979s user=21.614s sys=00.365s mem=450MiB roottime=21.610s load=1.00 rootload=1.00
ramon: poll                 wall=23.000s usage=22.979s user=22.614s sys=00.365s mem=452MiB roottime=22.610s load=1.00 rootload=1.00
ramon: poll                 wall=24.000s usage=23.979s user=23.613s sys=00.366s mem=452MiB roottime=23.610s load=1.00 rootload=1.00
ramon: poll                 wall=25.000s usage=24.979s user=24.612s sys=00.367s mem=453MiB roottime=24.610s load=1.00 rootload=1.00
ramon: poll                 wall=26.000s usage=25.979s user=25.611s sys=00.368s mem=455MiB roottime=25.610s load=1.00 rootload=1.00
ramon: poll                 wall=27.000s usage=26.979s user=26.611s sys=00.368s mem=457MiB roottime=26.610s load=1.00 rootload=1.00
ramon: poll                 wall=28.000s usage=27.979s user=27.609s sys=00.370s mem=459MiB roottime=27.600s load=1.00 rootload=0.99
ramon: poll                 wall=29.000s usage=28.978s user=28.606s sys=00.372s mem=461MiB roottime=28.600s load=1.00 rootload=1.00
ramon: poll                 wall=30.000s usage=29.978s user=29.602s sys=00.376s mem=466MiB roottime=29.600s load=1.00 rootload=1.00
ramon: poll                 wall=31.000s usage=30.978s user=30.598s sys=00.380s mem=471MiB roottime=30.590s load=1.00 rootload=0.99
ramon: poll                 wall=32.000s usage=31.978s user=31.596s sys=00.382s mem=473MiB roottime=31.590s load=1.00 rootload=1.00
ramon: poll                 wall=33.000s usage=32.978s user=32.593s sys=00.385s mem=476MiB roottime=32.590s load=1.00 rootload=1.00
ramon: poll                 wall=34.000s usage=33.978s user=33.592s sys=00.386s mem=477MiB roottime=33.590s load=1.00 rootload=1.00
ramon: poll                 wall=35.000s usage=34.978s user=34.592s sys=00.386s mem=478MiB roottime=34.590s load=1.00 rootload=1.00
ramon: poll                 wall=36.000s usage=35.978s user=35.590s sys=00.388s mem=482MiB roottime=35.580s load=1.00 rootload=0.99
ramon: poll                 wall=37.000s usage=36.978s user=36.589s sys=00.389s mem=483MiB roottime=36.580s load=1.00 rootload=1.00
ramon: poll                 wall=38.000s usage=37.978s user=37.588s sys=00.390s mem=483MiB roottime=37.580s load=1.00 rootload=1.00
ramon: poll                 wall=39.000s usage=38.978s user=38.587s sys=00.391s mem=486MiB roottime=38.580s load=1.00 rootload=1.00
ramon: poll                 wall=40.000s usage=39.978s user=39.571s sys=00.407s mem=507MiB roottime=39.570s load=1.00 rootload=0.99
ramon: poll                 wall=41.000s usage=40.977s user=40.570s sys=00.407s mem=508MiB roottime=40.570s load=1.00 rootload=1.00
ramon: end                  Thu Jan  9 23:47:19 2025
ramon: root.execname        z3
ramon: root.utime           41.440s
ramon: root.stime           0.480s
ramon: group.total          41.932s
ramon: group.utime          41.446s
ramon: group.stime          0.486s
ramon: group.mempeak        508MiB
ramon: group.pidpeak        3
ramon: status               exited
ramon: exitcode             0
ramon: walltime             41.954s
ramon: loadavg              1.00
