ramon: cwd                  /home/runner/a/_work/z3-poly-testing/z3-poly-testing
ramon: start                Thu Jan  9 21:46:52 2025
ramon: nproc                128
ramon: sys.mem              64150 MiB
ramon: sys.mem.free         43118 MiB
ramon: sys.mem.avail        64110 MiB
ramon: sys.nprocs           2538
ramon: argv                 0 = z3
ramon: argv                 1 = /home/runner/a/_work/z3-poly-testing/z3-poly-testing/download/non-incremental/QF_NIA/20170427-VeryMax/ITS/From_AProVE_2014__DivTernary.jar-obl-10__p28659_terminationG_0.smt2
ramon: argv                 2 = -T:1200
ramon: childpid             1009378
ramon: poll                 wall=01.000s usage=00.982s user=00.855s sys=00.127s mem=148MiB roottime=0.850s load=0.98 rootload=0.85
ramon: poll                 wall=02.000s usage=01.982s user=01.845s sys=00.137s mem=167MiB roottime=1.840s load=1.00 rootload=0.99
ramon: poll                 wall=03.000s usage=02.982s user=02.836s sys=00.146s mem=177MiB roottime=2.830s load=1.00 rootload=0.99
ramon: poll                 wall=04.000s usage=03.982s user=03.836s sys=00.146s mem=177MiB roottime=3.830s load=1.00 rootload=1.00
ramon: poll                 wall=05.000s usage=04.982s user=04.836s sys=00.146s mem=177MiB roottime=4.830s load=1.00 rootload=1.00
ramon: poll                 wall=06.000s usage=05.982s user=05.836s sys=00.146s mem=178MiB roottime=5.830s load=1.00 rootload=1.00
ramon: poll                 wall=07.000s usage=06.982s user=06.835s sys=00.147s mem=179MiB roottime=6.830s load=1.00 rootload=1.00
ramon: poll                 wall=08.000s usage=07.982s user=07.835s sys=00.147s mem=179MiB roottime=7.830s load=1.00 rootload=1.00
ramon: poll                 wall=09.000s usage=08.981s user=08.831s sys=00.150s mem=184MiB roottime=8.830s load=1.00 rootload=1.00
ramon: poll                 wall=10.000s usage=09.981s user=09.830s sys=00.151s mem=188MiB roottime=9.830s load=1.00 rootload=1.00
ramon: poll                 wall=11.000s usage=10.981s user=10.828s sys=00.153s mem=193MiB roottime=10.820s load=1.00 rootload=0.99
ramon: poll                 wall=12.000s usage=11.981s user=11.823s sys=00.158s mem=199MiB roottime=11.820s load=1.00 rootload=1.00
ramon: poll                 wall=13.000s usage=12.981s user=12.819s sys=00.162s mem=203MiB roottime=12.810s load=1.00 rootload=0.99
ramon: poll                 wall=14.000s usage=13.981s user=13.819s sys=00.162s mem=204MiB roottime=13.810s load=1.00 rootload=1.00
ramon: poll                 wall=15.000s usage=14.981s user=14.818s sys=00.163s mem=207MiB roottime=14.810s load=1.00 rootload=1.00
ramon: poll                 wall=16.000s usage=15.981s user=15.818s sys=00.163s mem=207MiB roottime=15.810s load=1.00 rootload=1.00
ramon: poll                 wall=17.000s usage=16.981s user=16.817s sys=00.164s mem=209MiB roottime=16.810s load=1.00 rootload=1.00
ramon: poll                 wall=18.000s usage=17.981s user=17.814s sys=00.167s mem=212MiB roottime=17.810s load=1.00 rootload=1.00
ramon: poll                 wall=19.000s usage=18.981s user=18.813s sys=00.168s mem=214MiB roottime=18.810s load=1.00 rootload=1.00
ramon: poll                 wall=20.000s usage=19.981s user=19.811s sys=00.170s mem=216MiB roottime=19.810s load=1.00 rootload=1.00
ramon: poll                 wall=21.000s usage=20.981s user=20.810s sys=00.171s mem=218MiB roottime=20.810s load=1.00 rootload=1.00
ramon: poll                 wall=22.000s usage=21.980s user=21.805s sys=00.175s mem=224MiB roottime=21.800s load=1.00 rootload=0.99
ramon: poll                 wall=23.000s usage=22.980s user=22.805s sys=00.175s mem=224MiB roottime=22.800s load=1.00 rootload=1.00
ramon: poll                 wall=24.000s usage=23.980s user=23.801s sys=00.179s mem=230MiB roottime=23.800s load=1.00 rootload=1.00
ramon: poll                 wall=25.000s usage=24.980s user=24.798s sys=00.182s mem=235MiB roottime=24.790s load=1.00 rootload=0.99
ramon: poll                 wall=26.000s usage=25.980s user=25.794s sys=00.186s mem=239MiB roottime=25.790s load=1.00 rootload=1.00
ramon: poll                 wall=27.000s usage=26.980s user=26.794s sys=00.186s mem=239MiB roottime=26.790s load=1.00 rootload=1.00
ramon: poll                 wall=28.000s usage=27.980s user=27.787s sys=00.193s mem=247MiB roottime=27.780s load=1.00 rootload=0.99
ramon: poll                 wall=29.000s usage=28.980s user=28.786s sys=00.194s mem=248MiB roottime=28.780s load=1.00 rootload=1.00
ramon: poll                 wall=30.000s usage=29.980s user=29.783s sys=00.197s mem=254MiB roottime=29.780s load=1.00 rootload=1.00
ramon: poll                 wall=31.000s usage=30.980s user=30.776s sys=00.204s mem=262MiB roottime=30.770s load=1.00 rootload=0.99
ramon: poll                 wall=32.000s usage=31.980s user=31.776s sys=00.204s mem=263MiB roottime=31.770s load=1.00 rootload=1.00
ramon: poll                 wall=33.000s usage=32.980s user=32.771s sys=00.209s mem=266MiB roottime=32.770s load=1.00 rootload=1.00
ramon: poll                 wall=34.000s usage=33.979s user=33.764s sys=00.215s mem=277MiB roottime=33.760s load=1.00 rootload=0.99
ramon: poll                 wall=35.000s usage=34.979s user=34.755s sys=00.224s mem=286MiB roottime=34.750s load=1.00 rootload=0.99
ramon: poll                 wall=36.000s usage=35.979s user=35.744s sys=00.235s mem=292MiB roottime=35.740s load=1.00 rootload=0.99
ramon: poll                 wall=37.000s usage=36.979s user=36.740s sys=00.239s mem=294MiB roottime=36.740s load=1.00 rootload=1.00
ramon: poll                 wall=38.000s usage=37.979s user=37.734s sys=00.245s mem=307MiB roottime=37.730s load=1.00 rootload=0.99
ramon: poll                 wall=39.000s usage=38.979s user=38.730s sys=00.249s mem=311MiB roottime=38.730s load=1.00 rootload=1.00
ramon: poll                 wall=40.000s usage=39.979s user=39.729s sys=00.250s mem=313MiB roottime=39.720s load=1.00 rootload=0.99
ramon: poll                 wall=41.000s usage=40.979s user=40.727s sys=00.252s mem=316MiB roottime=40.720s load=1.00 rootload=1.00
ramon: poll                 wall=42.000s usage=41.979s user=41.725s sys=00.254s mem=317MiB roottime=41.720s load=1.00 rootload=1.00
ramon: poll                 wall=43.000s usage=42.979s user=42.724s sys=00.255s mem=319MiB roottime=42.720s load=1.00 rootload=1.00
ramon: poll                 wall=44.000s usage=43.979s user=43.724s sys=00.255s mem=319MiB roottime=43.720s load=1.00 rootload=1.00
ramon: poll                 wall=45.000s usage=44.979s user=44.722s sys=00.257s mem=320MiB roottime=44.720s load=1.00 rootload=1.00
ramon: poll                 wall=46.000s usage=45.978s user=45.719s sys=00.260s mem=325MiB roottime=45.710s load=1.00 rootload=0.99
ramon: poll                 wall=47.000s usage=46.978s user=46.718s sys=00.260s mem=325MiB roottime=46.710s load=1.00 rootload=1.00
ramon: poll                 wall=48.000s usage=47.978s user=47.713s sys=00.265s mem=332MiB roottime=47.710s load=1.00 rootload=1.00
ramon: poll                 wall=49.000s usage=48.978s user=48.711s sys=00.267s mem=334MiB roottime=48.710s load=1.00 rootload=1.00
ramon: poll                 wall=50.000s usage=49.978s user=49.710s sys=00.268s mem=336MiB roottime=49.710s load=1.00 rootload=1.00
ramon: poll                 wall=51.000s usage=50.978s user=50.710s sys=00.268s mem=336MiB roottime=50.710s load=1.00 rootload=1.00
ramon: poll                 wall=52.000s usage=51.978s user=51.710s sys=00.268s mem=337MiB roottime=51.710s load=1.00 rootload=1.00
ramon: poll                 wall=53.000s usage=52.978s user=52.705s sys=00.273s mem=343MiB roottime=52.700s load=1.00 rootload=0.99
ramon: poll                 wall=54.000s usage=53.978s user=53.705s sys=00.273s mem=343MiB roottime=53.700s load=1.00 rootload=1.00
ramon: poll                 wall=55.000s usage=54.978s user=54.705s sys=00.273s mem=343MiB roottime=54.700s load=1.00 rootload=1.00
ramon: poll                 wall=56.000s usage=55.978s user=55.705s sys=00.273s mem=343MiB roottime=55.700s load=1.00 rootload=1.00
ramon: poll                 wall=57.000s usage=56.978s user=56.705s sys=00.273s mem=343MiB roottime=56.700s load=1.00 rootload=1.00
ramon: poll                 wall=58.000s usage=57.977s user=57.699s sys=00.279s mem=349MiB roottime=57.690s load=1.00 rootload=0.99
ramon: poll                 wall=59.000s usage=58.977s user=58.695s sys=00.282s mem=355MiB roottime=58.690s load=1.00 rootload=1.00
ramon: poll                 wall=01m00.000s usage=59.977s user=59.694s sys=00.283s mem=356MiB roottime=59.690s load=1.00 rootload=1.00
ramon: poll                 wall=01m01.000s usage=01m00.977s user=01m00.692s sys=00.285s mem=357MiB roottime=60.690s load=1.00 rootload=1.00
ramon: poll                 wall=01m02.000s usage=01m01.977s user=01m01.691s sys=00.286s mem=357MiB roottime=61.690s load=1.00 rootload=1.00
ramon: poll                 wall=01m03.000s usage=01m02.977s user=01m02.688s sys=00.289s mem=358MiB roottime=62.680s load=1.00 rootload=0.99
ramon: poll                 wall=01m04.000s usage=01m03.977s user=01m03.687s sys=00.290s mem=358MiB roottime=63.680s load=1.00 rootload=1.00
ramon: poll                 wall=01m05.000s usage=01m04.977s user=01m04.687s sys=00.290s mem=360MiB roottime=64.680s load=1.00 rootload=1.00
ramon: poll                 wall=01m06.000s usage=01m05.977s user=01m05.687s sys=00.290s mem=360MiB roottime=65.680s load=1.00 rootload=1.00
ramon: poll                 wall=01m07.000s usage=01m06.977s user=01m06.686s sys=00.291s mem=362MiB roottime=66.680s load=1.00 rootload=1.00
ramon: poll                 wall=01m08.000s usage=01m07.977s user=01m07.681s sys=00.296s mem=369MiB roottime=67.680s load=1.00 rootload=1.00
ramon: poll                 wall=01m09.000s usage=01m08.977s user=01m08.681s sys=00.296s mem=369MiB roottime=68.680s load=1.00 rootload=1.00
ramon: poll                 wall=01m10.000s usage=01m09.977s user=01m09.681s sys=00.296s mem=369MiB roottime=69.680s load=1.00 rootload=1.00
ramon: poll                 wall=01m11.000s usage=01m10.976s user=01m10.680s sys=00.296s mem=370MiB roottime=70.680s load=1.00 rootload=1.00
ramon: poll                 wall=01m12.000s usage=01m11.976s user=01m11.679s sys=00.297s mem=371MiB roottime=71.670s load=1.00 rootload=0.99
ramon: poll                 wall=01m13.000s usage=01m12.976s user=01m12.678s sys=00.298s mem=375MiB roottime=72.670s load=1.00 rootload=1.00
ramon: poll                 wall=01m14.000s usage=01m13.976s user=01m13.677s sys=00.299s mem=377MiB roottime=73.670s load=1.00 rootload=1.00
ramon: poll                 wall=01m15.000s usage=01m14.976s user=01m14.673s sys=00.303s mem=382MiB roottime=74.670s load=1.00 rootload=1.00
ramon: poll                 wall=01m16.000s usage=01m15.976s user=01m15.673s sys=00.303s mem=382MiB roottime=75.670s load=1.00 rootload=1.00
ramon: poll                 wall=01m17.000s usage=01m16.976s user=01m16.671s sys=00.305s mem=386MiB roottime=76.670s load=1.00 rootload=1.00
ramon: poll                 wall=01m18.000s usage=01m17.976s user=01m17.671s sys=00.305s mem=386MiB roottime=77.670s load=1.00 rootload=1.00
ramon: poll                 wall=01m19.000s usage=01m18.976s user=01m18.671s sys=00.305s mem=386MiB roottime=78.670s load=1.00 rootload=1.00
ramon: poll                 wall=01m20.000s usage=01m19.976s user=01m19.671s sys=00.305s mem=386MiB roottime=79.670s load=1.00 rootload=1.00
ramon: poll                 wall=01m21.000s usage=01m20.976s user=01m20.671s sys=00.305s mem=387MiB roottime=80.670s load=1.00 rootload=1.00
ramon: poll                 wall=01m22.000s usage=01m21.976s user=01m21.670s sys=00.306s mem=393MiB roottime=81.670s load=1.00 rootload=1.00
ramon: poll                 wall=01m23.000s usage=01m22.976s user=01m22.670s sys=00.306s mem=393MiB roottime=82.670s load=1.00 rootload=1.00
ramon: poll                 wall=01m24.000s usage=01m23.975s user=01m23.666s sys=00.309s mem=395MiB roottime=83.660s load=1.00 rootload=0.99
ramon: poll                 wall=01m25.000s usage=01m24.975s user=01m24.666s sys=00.309s mem=395MiB roottime=84.660s load=1.00 rootload=1.00
ramon: poll                 wall=01m26.000s usage=01m25.975s user=01m25.666s sys=00.309s mem=396MiB roottime=85.660s load=1.00 rootload=1.00
ramon: poll                 wall=01m27.000s usage=01m26.975s user=01m26.664s sys=00.311s mem=398MiB roottime=86.660s load=1.00 rootload=1.00
ramon: poll                 wall=01m28.000s usage=01m27.975s user=01m27.662s sys=00.313s mem=405MiB roottime=87.660s load=1.00 rootload=1.00
ramon: poll                 wall=01m29.000s usage=01m28.975s user=01m28.662s sys=00.313s mem=405MiB roottime=88.660s load=1.00 rootload=1.00
ramon: poll                 wall=01m30.000s usage=01m29.975s user=01m29.662s sys=00.313s mem=405MiB roottime=89.660s load=1.00 rootload=1.00
ramon: poll                 wall=01m31.000s usage=01m30.975s user=01m30.662s sys=00.313s mem=405MiB roottime=90.660s load=1.00 rootload=1.00
ramon: poll                 wall=01m32.000s usage=01m31.975s user=01m31.662s sys=00.313s mem=405MiB roottime=91.660s load=1.00 rootload=1.00
ramon: poll                 wall=01m33.000s usage=01m32.975s user=01m32.661s sys=00.314s mem=405MiB roottime=92.660s load=1.00 rootload=1.00
ramon: poll                 wall=01m34.000s usage=01m33.975s user=01m33.661s sys=00.314s mem=406MiB roottime=93.660s load=1.00 rootload=1.00
ramon: poll                 wall=01m35.000s usage=01m34.975s user=01m34.653s sys=00.322s mem=411MiB roottime=94.650s load=1.00 rootload=0.99
ramon: poll                 wall=01m36.000s usage=01m35.975s user=01m35.647s sys=00.328s mem=416MiB roottime=95.640s load=1.00 rootload=0.99
ramon: poll                 wall=01m37.000s usage=01m36.974s user=01m36.646s sys=00.328s mem=418MiB roottime=96.640s load=1.00 rootload=1.00
ramon: poll                 wall=01m38.000s usage=01m37.974s user=01m37.645s sys=00.329s mem=418MiB roottime=97.640s load=1.00 rootload=1.00
ramon: poll                 wall=01m39.000s usage=01m38.974s user=01m38.643s sys=00.331s mem=419MiB roottime=98.640s load=1.00 rootload=1.00
ramon: poll                 wall=01m40.000s usage=01m39.974s user=01m39.641s sys=00.333s mem=423MiB roottime=99.640s load=1.00 rootload=1.00
ramon: poll                 wall=01m41.000s usage=01m40.974s user=01m40.641s sys=00.333s mem=423MiB roottime=100.640s load=1.00 rootload=1.00
ramon: poll                 wall=01m42.000s usage=01m41.974s user=01m41.641s sys=00.333s mem=423MiB roottime=101.640s load=1.00 rootload=1.00
ramon: poll                 wall=01m43.000s usage=01m42.974s user=01m42.640s sys=00.334s mem=424MiB roottime=102.640s load=1.00 rootload=1.00
ramon: poll                 wall=01m44.000s usage=01m43.974s user=01m43.639s sys=00.335s mem=426MiB roottime=103.630s load=1.00 rootload=0.99
ramon: poll                 wall=01m45.000s usage=01m44.974s user=01m44.637s sys=00.337s mem=427MiB roottime=104.630s load=1.00 rootload=1.00
ramon: poll                 wall=01m46.000s usage=01m45.974s user=01m45.635s sys=00.339s mem=429MiB roottime=105.630s load=1.00 rootload=1.00
ramon: poll                 wall=01m47.000s usage=01m46.974s user=01m46.634s sys=00.340s mem=429MiB roottime=106.630s load=1.00 rootload=1.00
ramon: poll                 wall=01m48.000s usage=01m47.974s user=01m47.633s sys=00.341s mem=431MiB roottime=107.630s load=1.00 rootload=1.00
ramon: poll                 wall=01m49.000s usage=01m48.974s user=01m48.632s sys=00.342s mem=432MiB roottime=108.630s load=1.00 rootload=1.00
ramon: poll                 wall=01m50.000s usage=01m49.973s user=01m49.631s sys=00.342s mem=432MiB roottime=109.630s load=1.00 rootload=1.00
ramon: poll                 wall=01m51.000s usage=01m50.973s user=01m50.630s sys=00.343s mem=433MiB roottime=110.630s load=1.00 rootload=1.00
ramon: poll                 wall=01m52.000s usage=01m51.973s user=01m51.627s sys=00.346s mem=436MiB roottime=111.620s load=1.00 rootload=0.99
ramon: poll                 wall=01m53.000s usage=01m52.973s user=01m52.626s sys=00.347s mem=437MiB roottime=112.620s load=1.00 rootload=1.00
ramon: poll                 wall=01m54.000s usage=01m53.973s user=01m53.626s sys=00.347s mem=437MiB roottime=113.620s load=1.00 rootload=1.00
ramon: poll                 wall=01m55.000s usage=01m54.973s user=01m54.626s sys=00.347s mem=437MiB roottime=114.620s load=1.00 rootload=1.00
ramon: poll                 wall=01m56.000s usage=01m55.973s user=01m55.626s sys=00.347s mem=437MiB roottime=115.620s load=1.00 rootload=1.00
ramon: poll                 wall=01m57.000s usage=01m56.973s user=01m56.626s sys=00.347s mem=437MiB roottime=116.620s load=1.00 rootload=1.00
ramon: poll                 wall=01m58.000s usage=01m57.973s user=01m57.626s sys=00.347s mem=437MiB roottime=117.620s load=1.00 rootload=1.00
ramon: poll                 wall=01m59.000s usage=01m58.973s user=01m58.626s sys=00.347s mem=437MiB roottime=118.620s load=1.00 rootload=1.00
ramon: poll                 wall=02m00.000s usage=01m59.973s user=01m59.626s sys=00.347s mem=437MiB roottime=119.620s load=1.00 rootload=1.00
[31mramon: msg                  Wall clock time limit reached[0m
ramon: end                  Thu Jan  9 21:48:52 2025
ramon: root.execname        z3
ramon: root.utime           119.620s
ramon: root.stime           0.400s
ramon: group.total          120.027s
ramon: group.utime          119.627s
ramon: group.stime          0.401s
ramon: group.mempeak        437MiB
ramon: group.pidpeak        3
ramon: status               terminated by signal
[31mramon: signal               15 (SIGTERM Terminated)[0m
ramon: core dumped          false
ramon: exitcode             143
ramon: walltime             120.055s
ramon: loadavg              1.00
