ramon: cwd                  /home/runner/a/_work/z3-poly-testing/z3-poly-testing
ramon: start                Thu Jan  9 23:44:33 2025
ramon: nproc                128
ramon: sys.mem              64150 MiB
ramon: sys.mem.free         32754 MiB
ramon: sys.mem.avail        64048 MiB
ramon: sys.nprocs           2514
ramon: argv                 0 = z3
ramon: argv                 1 = /home/runner/a/_work/z3-poly-testing/z3-poly-testing/download/non-incremental/QF_NIA/20170427-VeryMax/ITS/From_T2__p.t2__terminationS_5_0.smt2
ramon: argv                 2 = -T:1200
ramon: childpid             1388221
ramon: poll                 wall=01.000s usage=00.976s user=00.879s sys=00.097s mem=99816KiB roottime=0.870s load=0.98 rootload=0.87
ramon: poll                 wall=02.000s usage=01.976s user=01.738s sys=00.238s mem=305MiB roottime=1.730s load=1.00 rootload=0.86
ramon: poll                 wall=03.000s usage=02.976s user=02.725s sys=00.251s mem=255MiB roottime=2.720s load=1.00 rootload=0.99
ramon: end                  Thu Jan  9 23:44:37 2025
ramon: root.execname        z3
ramon: root.utime           3.440s
ramon: root.stime           0.280s
ramon: group.total          3.736s
ramon: group.utime          3.448s
ramon: group.stime          0.288s
ramon: group.mempeak        305MiB
ramon: group.pidpeak        3
ramon: status               exited
ramon: exitcode             0
ramon: walltime             3.760s
ramon: loadavg              0.99
