ramon: cwd                  /home/runner/a/_work/z3-poly-testing/z3-poly-testing
ramon: start                Thu Jan  9 23:28:20 2025
ramon: nproc                128
ramon: sys.mem              64150 MiB
ramon: sys.mem.free         36137 MiB
ramon: sys.mem.avail        64054 MiB
ramon: sys.nprocs           2513
ramon: argv                 0 = z3
ramon: argv                 1 = /home/runner/a/_work/z3-poly-testing/z3-poly-testing/download/non-incremental/QF_NIA/20170427-VeryMax/ITS/From_T2__mc91.t2__p2891_terminationG_0.smt2
ramon: argv                 2 = -T:1200
ramon: childpid             1353051
ramon: poll                 wall=01.000s usage=00.980s user=00.873s sys=00.107s mem=107MiB roottime=0.870s load=0.98 rootload=0.87
ramon: poll                 wall=02.000s usage=01.980s user=01.873s sys=00.107s mem=107MiB roottime=1.870s load=1.00 rootload=1.00
ramon: poll                 wall=03.000s usage=02.980s user=02.872s sys=00.108s mem=110MiB roottime=2.870s load=1.00 rootload=1.00
ramon: end                  Thu Jan  9 23:28:23 2025
ramon: root.execname        z3
ramon: root.utime           3.050s
ramon: root.stime           0.120s
ramon: group.total          3.177s
ramon: group.utime          3.053s
ramon: group.stime          0.124s
ramon: group.mempeak        123MiB
ramon: group.pidpeak        3
ramon: status               exited
ramon: exitcode             0
ramon: walltime             3.197s
ramon: loadavg              0.99
