ramon: cwd                  /home/runner/a/_work/z3-poly-testing/z3-poly-testing
ramon: start                Thu Jan  9 22:43:40 2025
ramon: nproc                128
ramon: sys.mem              64150 MiB
ramon: sys.mem.free         37866 MiB
ramon: sys.mem.avail        64075 MiB
ramon: sys.nprocs           2605
ramon: argv                 0 = z3
ramon: argv                 1 = /home/runner/a/_work/z3-poly-testing/z3-poly-testing/download/non-incremental/QF_NIA/20170427-VeryMax/ITS/From_T2__Prim_4.t2__p8055_terminationG_0.smt2
ramon: argv                 2 = -T:1200
ramon: childpid             1228884
ramon: poll                 wall=01.000s usage=00.982s user=00.886s sys=00.096s mem=110MiB roottime=0.880s load=0.98 rootload=0.88
ramon: poll                 wall=02.000s usage=01.982s user=01.886s sys=00.096s mem=113MiB roottime=1.880s load=1.00 rootload=1.00
ramon: poll                 wall=03.000s usage=02.982s user=02.884s sys=00.098s mem=117MiB roottime=2.880s load=1.00 rootload=1.00
ramon: poll                 wall=04.000s usage=03.982s user=03.884s sys=00.098s mem=117MiB roottime=3.880s load=1.00 rootload=1.00
ramon: poll                 wall=05.000s usage=04.982s user=04.884s sys=00.098s mem=117MiB roottime=4.880s load=1.00 rootload=1.00
ramon: poll                 wall=06.000s usage=05.982s user=05.882s sys=00.100s mem=120MiB roottime=5.880s load=1.00 rootload=1.00
ramon: poll                 wall=07.000s usage=06.982s user=06.882s sys=00.100s mem=120MiB roottime=6.880s load=1.00 rootload=1.00
ramon: poll                 wall=08.000s usage=07.982s user=07.882s sys=00.100s mem=120MiB roottime=7.880s load=1.00 rootload=1.00
ramon: poll                 wall=09.000s usage=08.981s user=08.882s sys=00.100s mem=120MiB roottime=8.880s load=1.00 rootload=1.00
ramon: poll                 wall=10.000s usage=09.981s user=09.876s sys=00.105s mem=122MiB roottime=9.870s load=1.00 rootload=0.99
ramon: poll                 wall=11.000s usage=10.981s user=10.873s sys=00.108s mem=125MiB roottime=10.870s load=1.00 rootload=1.00
ramon: poll                 wall=12.000s usage=11.981s user=11.868s sys=00.113s mem=129MiB roottime=11.860s load=1.00 rootload=0.99
ramon: poll                 wall=13.000s usage=12.981s user=12.867s sys=00.114s mem=130MiB roottime=12.860s load=1.00 rootload=1.00
ramon: poll                 wall=14.000s usage=13.981s user=13.866s sys=00.115s mem=131MiB roottime=13.860s load=1.00 rootload=1.00
ramon: poll                 wall=15.000s usage=14.981s user=14.862s sys=00.119s mem=135MiB roottime=14.860s load=1.00 rootload=1.00
ramon: poll                 wall=16.000s usage=15.981s user=15.862s sys=00.119s mem=135MiB roottime=15.860s load=1.00 rootload=1.00
ramon: poll                 wall=17.000s usage=16.981s user=16.861s sys=00.120s mem=136MiB roottime=16.860s load=1.00 rootload=1.00
ramon: poll                 wall=18.000s usage=17.981s user=17.861s sys=00.120s mem=138MiB roottime=17.860s load=1.00 rootload=1.00
ramon: poll                 wall=19.000s usage=18.981s user=18.860s sys=00.121s mem=140MiB roottime=18.860s load=1.00 rootload=1.00
ramon: end                  Thu Jan  9 22:44:00 2025
ramon: root.execname        z3
ramon: root.utime           19.310s
ramon: root.stime           0.140s
ramon: group.total          19.461s
ramon: group.utime          19.317s
ramon: group.stime          0.144s
ramon: group.mempeak        141MiB
ramon: group.pidpeak        3
ramon: status               exited
ramon: exitcode             0
ramon: walltime             19.480s
ramon: loadavg              1.00
