ramon: cwd                  /home/runner/a/_work/z3-poly-testing/z3-poly-testing
ramon: start                Thu Jan  9 22:38:41 2025
ramon: nproc                128
ramon: sys.mem              64150 MiB
ramon: sys.mem.free         39382 MiB
ramon: sys.mem.avail        64079 MiB
ramon: sys.nprocs           2582
ramon: argv                 0 = z3
ramon: argv                 1 = /home/runner/a/_work/z3-poly-testing/z3-poly-testing/download/non-incremental/QF_NIA/20170427-VeryMax/ITS/From_AProVE_2014__juLinkedListCreateAddAllAt.jar-obl-17__p8245_safety_0.smt2
ramon: argv                 2 = -T:1200
ramon: childpid             1195325
ramon: poll                 wall=01.000s usage=00.978s user=00.899s sys=00.079s mem=101MiB roottime=0.890s load=0.98 rootload=0.89
ramon: end                  Thu Jan  9 22:38:43 2025
ramon: root.execname        z3
ramon: root.utime           1.100s
ramon: root.stime           0.090s
ramon: group.total          1.203s
ramon: group.utime          1.105s
ramon: group.stime          0.098s
ramon: group.mempeak        106MiB
ramon: group.pidpeak        3
ramon: status               exited
ramon: exitcode             0
ramon: walltime             1.225s
ramon: loadavg              0.98
