ramon: cwd                  /home/runner/a/_work/z3-poly-testing/z3-poly-testing
ramon: start                Thu Jan  9 21:52:09 2025
ramon: nproc                128
ramon: sys.mem              64150 MiB
ramon: sys.mem.free         42838 MiB
ramon: sys.mem.avail        64108 MiB
ramon: sys.nprocs           2520
ramon: argv                 0 = z3
ramon: argv                 1 = /home/runner/a/_work/z3-poly-testing/z3-poly-testing/download/non-incremental/QF_NIA/20170427-VeryMax/ITS/From_AProVE_2014__MainCopy.jar-obl-10__p10363_edge_closing_0.smt2
ramon: argv                 2 = -T:1200
ramon: childpid             1024060
ramon: poll                 wall=01.000s usage=00.978s user=00.901s sys=00.077s mem=94528KiB roottime=0.900s load=0.98 rootload=0.90
ramon: poll                 wall=02.000s usage=01.978s user=01.751s sys=00.227s mem=244MiB roottime=1.750s load=1.00 rootload=0.85
ramon: poll                 wall=03.000s usage=02.978s user=02.751s sys=00.227s mem=244MiB roottime=2.750s load=1.00 rootload=1.00
ramon: poll                 wall=04.000s usage=03.978s user=03.751s sys=00.227s mem=244MiB roottime=3.750s load=1.00 rootload=1.00
ramon: poll                 wall=05.000s usage=04.978s user=04.751s sys=00.227s mem=244MiB roottime=4.750s load=1.00 rootload=1.00
ramon: poll                 wall=06.000s usage=05.977s user=05.750s sys=00.227s mem=244MiB roottime=5.750s load=1.00 rootload=1.00
ramon: poll                 wall=07.000s usage=06.977s user=06.750s sys=00.227s mem=244MiB roottime=6.740s load=1.00 rootload=0.99
ramon: poll                 wall=08.000s usage=07.977s user=07.750s sys=00.227s mem=244MiB roottime=7.740s load=1.00 rootload=1.00
ramon: poll                 wall=09.000s usage=08.977s user=08.750s sys=00.227s mem=244MiB roottime=8.740s load=1.00 rootload=1.00
ramon: poll                 wall=10.000s usage=09.977s user=09.750s sys=00.227s mem=244MiB roottime=9.740s load=1.00 rootload=1.00
ramon: poll                 wall=11.000s usage=10.977s user=10.750s sys=00.227s mem=244MiB roottime=10.740s load=1.00 rootload=1.00
ramon: poll                 wall=12.000s usage=11.977s user=11.750s sys=00.227s mem=244MiB roottime=11.740s load=1.00 rootload=1.00
ramon: poll                 wall=13.000s usage=12.977s user=12.750s sys=00.227s mem=244MiB roottime=12.740s load=1.00 rootload=1.00
ramon: poll                 wall=14.000s usage=13.976s user=13.749s sys=00.227s mem=244MiB roottime=13.740s load=1.00 rootload=1.00
ramon: poll                 wall=15.000s usage=14.976s user=14.749s sys=00.227s mem=244MiB roottime=14.740s load=1.00 rootload=1.00
ramon: poll                 wall=16.000s usage=15.976s user=15.749s sys=00.227s mem=244MiB roottime=15.740s load=1.00 rootload=1.00
ramon: poll                 wall=17.000s usage=16.976s user=16.749s sys=00.227s mem=244MiB roottime=16.740s load=1.00 rootload=1.00
ramon: poll                 wall=18.000s usage=17.976s user=17.749s sys=00.227s mem=244MiB roottime=17.740s load=1.00 rootload=1.00
ramon: poll                 wall=19.000s usage=18.976s user=18.749s sys=00.227s mem=244MiB roottime=18.740s load=1.00 rootload=1.00
ramon: poll                 wall=20.000s usage=19.976s user=19.749s sys=00.227s mem=244MiB roottime=19.740s load=1.00 rootload=1.00
ramon: end                  Thu Jan  9 21:52:30 2025
ramon: root.execname        z3
ramon: root.utime           20.700s
ramon: root.stime           0.250s
ramon: group.total          20.968s
ramon: group.utime          20.710s
ramon: group.stime          0.258s
ramon: group.mempeak        297MiB
ramon: group.pidpeak        3
ramon: status               exited
ramon: exitcode             0
ramon: walltime             20.992s
ramon: loadavg              1.00
