ramon: cwd                  /home/gh1/A/_work/z3-poly-testing/z3-poly-testing
ramon: start                Wed Apr  9 20:44:20 2025
ramon: nproc                32
ramon: sys.mem              63441 MiB
ramon: sys.mem.free         17630 MiB
ramon: sys.mem.avail        62081 MiB
ramon: sys.nprocs           1661
ramon: argv                 0 = z3
ramon: argv                 1 = inputs/QF_NIA_small/From_AProVE_2014__Velroyen08-factorial.jar-obl-8__p13819_terminationG_0.smt2
ramon: argv                 2 = -T:600
ramon: argv                 3 = -st
ramon: argv                 4 = lp.dio=true
ramon: argv                 5 = lp.dio_run_gcd=true
ramon: childpid             2024312
ramon: end                  Wed Apr  9 20:44:21 2025
ramon: root.execname        z3
ramon: root.utime           0.840s
ramon: root.stime           0.030s
ramon: group.total          0.877s
ramon: group.utime          0.841s
ramon: group.stime          0.036s
ramon: group.mempeak        109MiB
ramon: group.pidpeak        3
ramon: status               exited
ramon: exitcode             0
ramon: walltime             0.973s
ramon: loadavg              0.90
