unsat
(:added-eqs                       48575
 :arith-eq-adapter                662
 :arith-bound-propagations-lp     2574
 :arith-conflicts                 674
 :arith-diseq                     2630
 :arith-fixed-eqs                 2606
 :arith-gcd-calls                 58
 :arith-grobner-calls             138
 :arith-grobner-conflicts         31
 :arith-horner-calls              33
 :arith-horner-conflicts          1
 :arith-horner-cross-nested-forms 3955
 :arith-lower                     20104
 :arith-make-feasible             7279
 :arith-max-columns               1843
 :arith-max-rows                  643
 :arith-nla-add-bounds            68
 :arith-nla-lemmas                301
 :arith-nla-propagate-bounds      245
 :arith-nla-propagate-eq          6126
 :arith-nra-calls                 55
 :arith-offset-eqs                740
 :arith-patches                   58
 :arith-patches-success           58
 :arith-upper                     52846
 :binary-propagations             119055
 :cnf-encoding-aux-vars           110
 :conflicts                       308
 :decisions                       99231
 :del-clause                      430
 :elim-unconstrained              112
 :final-checks                    305
 :max-memory                      101.63
 :memory                          59.38
 :minimized-lits                  233
 :mk-bool-var                     4352
 :mk-clause                       1260
 :mk-clause-binary                40382
 :nlsat-conflicts                 24115
 :nlsat-decisions                 108667
 :nlsat-propagations              820140
 :nlsat-restarts                  2
 :nlsat-stages                    336564
 :num-allocs                      4565934944.00
 :num-checks                      1
 :propagations                    128143
 :restarts                        2
 :rlimit-count                    10365049
 :sat-mk-clause-2ary              127644
 :sat-mk-clause-nary              207084
 :sat-mk-var                      96457
 :solve-eqs-elim-vars             362
 :solve-eqs-steps                 3558
 :time                            3.04
 :total-time                      3.04)
