ramon: cwd                  /home/runner/a/_work/z3-poly-testing/z3-poly-testing
ramon: start                Wed Sep  4 18:36:36 2024
ramon: nproc                128
ramon: sys.mem              64150 MiB
ramon: sys.mem.free         13438 MiB
ramon: sys.mem.avail        63920 MiB
ramon: sys.nprocs           2004
ramon: argv                 0 = z3
ramon: argv                 1 = inputs/QF_BV_SAT/bin_libmsrpc_vc1225626.smt2
ramon: argv                 2 = -T:20
ramon: argv                 3 = -v:2
ramon: argv                 4 = -st
ramon: argv                 5 = tactic.default_tactic=(then simplify propagate-values solve-eqs simplify sls-smt)
ramon: childpid             96653
UNITS -26 -27 -28 -30 -188
(if (or (bvule #4631 #4828) (not #4664)) (if (or #4521 #4939) (if #4505 bv[0:32] v534442260) (if #4811 #4928 #4930)) (if (and #4951 #4537) (if #4957 bv[0:32] #4941) (if #4537 #4586 #4941))) (if (or (bvule #4520 #4511) (not #4936)) (if (and #2586 #2882) bv[0:32] v534442260) (if (and #4810 #4537) (if #4927 bv[0:32] v534442260) (if #4537 #4929 #4547))) 
set random (if (or (bvule #4520 #4511) (not #4936)) (if (and #2586 #2882) bv[0:32] v534442260) (if (and #4810 #4537) (if #4927 bv[0:32] v534442260) (if #4537 #4929 #4547)))
(if (or (not #4310) (bvule #4346 #4828)) (if (or #4521 #4939) (if #4505 bv[0:32] v534442260) (if #4811 #4928 #4930)) (if (and #4951 #4537) (if #4957 bv[0:32] #4941) (if #4537 #4586 #4941))) (if (or (bvule #4520 #4511) (not #4936)) (if (and #2586 #2882) bv[0:32] v534442260) (if (and #4810 #4537) (if #4927 bv[0:32] v534442260) (if #4537 #4929 #4547))) 
set random (if (or (bvule #4520 #4511) (not #4936)) (if (and #2586 #2882) bv[0:32] v534442260) (if (and #4810 #4537) (if #4927 bv[0:32] v534442260) (if #4537 #4929 #4547)))
(if (or (bvule #4615 #4607) (not #4995)) (concat (if #4603 bv[0:1] #4507) (if #4603 bv[0:1] #4507) (if #4603 bv[0:1] #4507) (if #4603 bv[0:1] #4507) (if #4603 bv[0:1] #4507) (if #4603 bv[0:1] #4507) (if #4603 bv[0:1] #4507) (if #4603 bv[0:1] #4507) (if #4603 bv[0:1] #4507) (if #4603 bv[0:1] #4507) (if #4603 bv[0:1] #4507) (if #4603 bv[0:1] #4507) (if #4603 bv[0:1] #4507) (if #4603 bv[0:1] #4507) (if #4603 bv[0:1] #4507) (if #4603 bv[0:1] #4507) ...) v566975908) (if (and (= v533475912 bv[0:32]) (= v486802284 bv[0:32])) bv[0:1] (extract[31:31] v534570104)) (if (and (= v533475912 bv[0:32]) (= v486802284 bv[0:32])) bv[0:32] v534570104) 
set random (if (or (bvule #4615 #4607) (not #4995)) (concat (if #4603 bv[0:1] #4507) (if #4603 bv[0:1] #4507) (if #4603 bv[0:1] #4507) (if #4603 bv[0:1] #4507) (if #4603 bv[0:1] #4507) (if #4603 bv[0:1] #4507) (if #4603 bv[0:1] #4507) (if #4603 bv[0:1] #4507) (if #4603 bv[0:1] #4507) (if #4603 bv[0:1] #4507) (if #4603 bv[0:1] #4507) (if #4603 bv[0:1] #4507) (if #4603 bv[0:1] #4507) (if #4603 bv[0:1] #4507) (if #4603 bv[0:1] #4507) (if #4603 bv[0:1] #4507) ...) v566975908)
(if (or (bvule #4520 #4511) (not #4936)) (if (and #2586 #2882) bv[0:32] v534442260) (if (and #4810 #4537) (if #4927 bv[0:32] v534442260) (if #4537 #4929 #4547))) (if (and (= #4808 bv[4294967295:32]) (or #4505 #4536)) (if (or #4926 #4569) bv[0:32] v534442260) (if (or #4505 #4536) (if #4584 v547360292 bv[0:32]) (if #4505 bv[0:32] v534442260))) 
set random (if (and (= #4808 bv[4294967295:32]) (or #4505 #4536)) (if (or #4926 #4569) bv[0:32] v534442260) (if (or #4505 #4536) (if #4584 v547360292 bv[0:32]) (if #4505 bv[0:32] v534442260)))
(if (and (= #4980 bv[4294967295:32]) (or #4536 #4603)) (if (or #5132 #4853) bv[0:32] v534442260) (if (or #4536 #4603) (if #4861 v529469828 bv[0:32]) (if #4603 bv[0:32] v534442260))) (if (or (= #4525 bv[0:1]) (and #2586 #2995)) (if (or #4583 #4603) v529469828 bv[0:32]) (if (and #2586 #2995) bv[0:32] v534442260)) 
set random (if (and (= #4980 bv[4294967295:32]) (or #4536 #4603)) (if (or #5132 #4853) bv[0:32] v534442260) (if (or #4536 #4603) (if #4861 v529469828 bv[0:32]) (if #4603 bv[0:32] v534442260)))
(if (or (not #4310) (bvule #4346 #4828)) (if (or #4521 #4939) (if #4505 bv[0:32] v534442260) (if #4811 #4928 #4930)) (if (and #4951 #4537) (if #4957 bv[0:32] #4941) (if #4537 #4586 #4941))) (if (or (bvule #4520 #4511) (not #4936)) (if (and #2586 #2882) bv[0:32] v534442260) (if (and #4810 #4537) (if #4927 bv[0:32] v534442260) (if #4537 #4929 #4547))) 
set random (if (or (not #4310) (bvule #4346 #4828)) (if (or #4521 #4939) (if #4505 bv[0:32] v534442260) (if #4811 #4928 #4930)) (if (and #4951 #4537) (if #4957 bv[0:32] #4941) (if #4537 #4586 #4941)))
(if (or (bvule #4615 #4607) (not #4871)) (if (and #2586 #2995) bv[0:1] (extract[7:7] v509556156)) (if (and #4843 #4625) (if #4854 bv[0:1] #4297) (if #4625 #5071 #5345))) (if (and (= v533475912 bv[0:32]) (= v486802284 bv[0:32])) bv[0:1] (extract[7:7] v509556156)) 
set random (if (and (= v533475912 bv[0:32]) (= v486802284 bv[0:32])) bv[0:1] (extract[7:7] v509556156))
(if (or (not #4310) (bvule #4346 #4828)) (if (or #4521 #4939) (if #4505 bv[0:32] v534442260) (if #4811 #4928 #4930)) (if (and #4951 #4537) (if #4957 bv[0:32] #4941) (if #4537 #4586 #4941))) (if (or (bvule #4520 #4511) (not #4936)) (if (and #2586 #2882) bv[0:32] v534442260) (if (and #4810 #4537) (if #4927 bv[0:32] v534442260) (if #4537 #4929 #4547))) 
set random (if (or (bvule #4520 #4511) (not #4936)) (if (and #2586 #2882) bv[0:32] v534442260) (if (and #4810 #4537) (if #4927 bv[0:32] v534442260) (if #4537 #4929 #4547)))
(if (and (or #4832 #4616) (not #4900)) (if (or #4616 #4874) (if #4603 bv[0:1] #4297) (if #4844 #5354 #4391)) (extract[7:7] v532300816)) (if (or (bvule #4615 #4607) (not #4871)) (if (and #2586 #2995) bv[0:1] (extract[7:7] v509556156)) (if (and #4843 #4625) (if #4854 bv[0:1] #4297) (if #4625 #5071 #5345))) 
set random (if (or (bvule #4615 #4607) (not #4871)) (if (and #2586 #2995) bv[0:1] (extract[7:7] v509556156)) (if (and #4843 #4625) (if #4854 bv[0:1] #4297) (if #4625 #5071 #5345)))
(if (or (and #2586 #2882) (= #4525 bv[0:1])) (if (or #4505 #4583) v547360292 bv[0:32]) (if (and #2586 #2882) bv[0:32] v534442260)) (if (or (and #2586 #2882) (= #4572 bv[0:1])) v547360292 bv[0:32]) 
set random (if (or (and #2586 #2882) (= #4525 bv[0:1])) (if (or #4505 #4583) v547360292 bv[0:32]) (if (and #2586 #2882) bv[0:32] v534442260))
(if (or (bvule #4615 #4607) (not #4871)) (if (and #2586 #2995) bv[0:1] (extract[7:7] v509556156)) (if (and #4843 #4625) (if #4854 bv[0:1] #4297) (if #4625 #5071 #5345))) (if (and (= v533475912 bv[0:32]) (= v486802284 bv[0:32])) bv[0:1] (extract[7:7] v509556156)) 
set random (if (or (bvule #4615 #4607) (not #4871)) (if (and #2586 #2995) bv[0:1] (extract[7:7] v509556156)) (if (and #4843 #4625) (if #4854 bv[0:1] #4297) (if #4625 #5071 #5345)))
(if (and (= v533475912 bv[0:32]) (= v486802284 bv[0:32])) bv[0:1] (extract[7:7] v509556156)) v509556156 
set random v509556156
(if (and (= #4949 bv[4294967295:32]) (or #4505 #4536)) (if (and #4537 #4948) bv[0:32] (if #4940 #4547 #4931)) (if (or #4505 #4536) (if #4584 v496405496 bv[0:32]) (if #4940 #4547 #4931))) (if (or (and #2586 #2882) (= #4525 bv[0:1])) (if (or #4505 #4583) v496405496 bv[0:32]) (if (or #4521 #4939) (if #4505 bv[0:32] v534442260) (if #4811 #4928 #4930))) 
set random (if (or (and #2586 #2882) (= #4525 bv[0:1])) (if (or #4505 #4583) v496405496 bv[0:32]) (if (or #4521 #4939) (if #4505 bv[0:32] v534442260) (if #4811 #4928 #4930)))
(if (or (bvule #4631 #4828) (not #4664)) (if (or #4521 #4939) (if #4505 bv[0:32] v534442260) (if #4811 #4928 #4930)) (if (and #4951 #4537) (if #4957 bv[0:32] #4941) (if #4537 #4586 #4941))) (if (and (= #4949 bv[4294967295:32]) (or #4505 #4536)) (if (and #4537 #4948) bv[0:32] (if #4940 #4547 #4931)) (if (or #4505 #4536) (if #4584 v496405496 bv[0:32]) (if #4940 #4547 #4931))) 
set random (if (or (bvule #4631 #4828) (not #4664)) (if (or #4521 #4939) (if #4505 bv[0:32] v534442260) (if #4811 #4928 #4930)) (if (and #4951 #4537) (if #4957 bv[0:32] #4941) (if #4537 #4586 #4941)))
(if (and (= v533475912 bv[0:32]) (= v455009796 bv[0:32])) bv[0:8] v509556156) v509556156 
set random (if (and (= v533475912 bv[0:32]) (= v455009796 bv[0:32])) bv[0:8] v509556156)
(if (or (not #4310) (bvule #4346 #4828)) (if (or #4521 #4939) (if #4505 bv[0:32] v534442260) (if #4811 #4928 #4930)) (if (and #4951 #4537) (if #4957 bv[0:32] #4941) (if #4537 #4586 #4941))) (if (and (= #4949 bv[4294967295:32]) (or #4505 #4536)) (if (and #4537 #4948) bv[0:32] (if #4940 #4547 #4931)) (if (or #4505 #4536) (if #4584 v496405496 bv[0:32]) (if #4940 #4547 #4931))) 
set random (if (and (= #4949 bv[4294967295:32]) (or #4505 #4536)) (if (and #4537 #4948) bv[0:32] (if #4940 #4547 #4931)) (if (or #4505 #4536) (if #4584 v496405496 bv[0:32]) (if #4940 #4547 #4931)))
(if (and (= v533475912 bv[0:32]) (= v558522068 bv[0:32])) bv[0:32] v534442260) v534442260 
set random (if (and (= v533475912 bv[0:32]) (= v558522068 bv[0:32])) bv[0:32] v534442260)
(if (or (bvule #4615 #4607) (not #4871)) (if (and #2586 #2995) bv[0:32] v534442260) (if (and #4843 #4625) (if #4854 bv[0:32] v534442260) (if #4625 #4863 #4639))) (if (and (= v533475912 bv[0:32]) (= v486802284 bv[0:32])) bv[0:32] v534442260) 
set random (if (or (bvule #4615 #4607) (not #4871)) (if (and #2586 #2995) bv[0:32] v534442260) (if (and #4843 #4625) (if #4854 bv[0:32] v534442260) (if #4625 #4863 #4639)))
(if (and (= v533475912 bv[0:32]) (= v486802284 bv[0:32])) bv[0:32] v534442260) v534442260 
set random v534442260
(if (and (= v533475912 bv[0:32]) (= v455009796 bv[0:32])) bv[0:1] (extract[7:7] v509556156)) v509556156 
set random (if (and (= v533475912 bv[0:32]) (= v455009796 bv[0:32])) bv[0:1] (extract[7:7] v509556156))
(if (and (= v533475912 bv[0:32]) (= v455009796 bv[0:32])) bv[0:32] v534442260) v534442260 
set random v534442260
(if (or (bvule #4520 #4511) (not #4594)) (if (and #2586 #2882) bv[0:32] v534442260) (if (and #4559 #4537) (if #4570 bv[0:32] v534442260) (if #4537 #4586 #4547))) (if (and (= v533475912 bv[0:32]) (= v455009796 bv[0:32])) bv[0:32] v534442260) 
set random (if (and (= v533475912 bv[0:32]) (= v455009796 bv[0:32])) bv[0:32] v534442260)
(if (or (bvule #4520 #4511) (not #4594)) (if (and #2586 #2882) bv[0:32] v534442260) (if (and #4559 #4537) (if #4570 bv[0:32] v534442260) (if #4537 #4586 #4547))) (if (and (= v533475912 bv[0:32]) (= v455009796 bv[0:32])) bv[0:32] v534442260) 
set random (if (or (bvule #4520 #4511) (not #4594)) (if (and #2586 #2882) bv[0:32] v534442260) (if (and #4559 #4537) (if #4570 bv[0:32] v534442260) (if #4537 #4586 #4547)))
v547409184 
set random v547409184
(if (or (bvule #5259 #5251) (not #5322)) (if (and #2586 #2750) bv[0:32] v534442260) (if (and #5274 #5245) (if #5306 bv[0:32] v534442260) (if #5245 #5315 #5265))) (if (and (= v533475912 bv[0:32]) (= v558522068 bv[0:32])) bv[0:32] v534442260) 
set random (if (and (= v533475912 bv[0:32]) (= v558522068 bv[0:32])) bv[0:32] v534442260)
(if (or (bvule #4615 #4607) (not #4871)) (if (and #2586 #2995) bv[0:32] v534442260) (if (and #4843 #4625) (if #4854 bv[0:32] v534442260) (if #4625 #4863 #4639))) (if (and (= v533475912 bv[0:32]) (= v486802284 bv[0:32])) bv[0:32] v534442260) 
set random (if (and (= v533475912 bv[0:32]) (= v486802284 bv[0:32])) bv[0:32] v534442260)
(if (or (and #2586 #2882) (= #4525 bv[0:1])) (if (or #4505 #4583) v496405496 bv[0:32]) (if (or #4521 #4939) (if #4505 bv[0:32] v534442260) (if #4811 #4928 #4930))) (if (or (and #2586 #2882) (= #4572 bv[0:1])) v496405496 bv[0:32]) 
set random (if (or (and #2586 #2882) (= #4572 bv[0:1])) v496405496 bv[0:32])
(if (and (= v533475912 bv[0:32]) (= v486802284 bv[0:32])) bv[0:32] v534442260) v534442260 
set random (if (and (= v533475912 bv[0:32]) (= v486802284 bv[0:32])) bv[0:32] v534442260)
(if (or (bvule #4520 #4511) (not #4594)) (if (and #2586 #2882) bv[0:32] v534442260) (if (and #4559 #4537) (if #4570 bv[0:32] v534442260) (if #4537 #4586 #4547))) (if (and (= v533475912 bv[0:32]) (= v455009796 bv[0:32])) bv[0:32] v534442260) 
set random (if (and (= v533475912 bv[0:32]) (= v455009796 bv[0:32])) bv[0:32] v534442260)
(if (or (bvule #5014 #5006) (not #5073)) (if (and #2586 #3339) bv[0:32] v534442260) (if (and #5045 #5024) (if #5056 bv[0:32] v534442260) (if #5024 #5065 #5034))) 
set random (if (or (bvule #5014 #5006) (not #5073)) (if (and #2586 #3339) bv[0:32] v534442260) (if (and #5045 #5024) (if #5056 bv[0:32] v534442260) (if #5024 #5065 #5034)))
(if (or (bvule #4520 #4511) (not #4823)) (concat (if #4505 bv[0:1] #4507) (if #4505 bv[0:1] #4507) (if #4505 bv[0:1] #4507) (if #4505 bv[0:1] #4507) (if #4505 bv[0:1] #4507) (if #4505 bv[0:1] #4507) (if #4505 bv[0:1] #4507) (if #4505 bv[0:1] #4507) (if #4505 bv[0:1] #4507) (if #4505 bv[0:1] #4507) (if #4505 bv[0:1] #4507) (if #4505 bv[0:1] #4507) (if #4505 bv[0:1] #4507) (if #4505 bv[0:1] #4507) (if #4505 bv[0:1] #4507) (if #4505 bv[0:1] #4507) ...) v541269992) v541269992 
set random (if (or (bvule #4520 #4511) (not #4823)) (concat (if #4505 bv[0:1] #4507) (if #4505 bv[0:1] #4507) (if #4505 bv[0:1] #4507) (if #4505 bv[0:1] #4507) (if #4505 bv[0:1] #4507) (if #4505 bv[0:1] #4507) (if #4505 bv[0:1] #4507) (if #4505 bv[0:1] #4507) (if #4505 bv[0:1] #4507) (if #4505 bv[0:1] #4507) (if #4505 bv[0:1] #4507) (if #4505 bv[0:1] #4507) (if #4505 bv[0:1] #4507) (if #4505 bv[0:1] #4507) (if #4505 bv[0:1] #4507) (if #4505 bv[0:1] #4507) ...) v541269992)
(if (or (bvule #4615 #4607) (not #4871)) (if (and #2586 #2995) bv[0:32] v534442260) (if (and #4843 #4625) (if #4854 bv[0:32] v534442260) (if #4625 #4863 #4639))) (if (and (= v533475912 bv[0:32]) (= v486802284 bv[0:32])) bv[0:32] v534442260) 
set random (if (or (bvule #4615 #4607) (not #4871)) (if (and #2586 #2995) bv[0:32] v534442260) (if (and #4843 #4625) (if #4854 bv[0:32] v534442260) (if #4625 #4863 #4639)))
on-model 
(sat.ddfw :unsat :models :kflips/sec  :flips  :restarts  :reinits  :unsat_vars  :shifts)
(sat.ddfw       0      1   171.741      4637         0          0            0      314)
ramon: end                  Wed Sep  4 18:36:36 2024
ramon: root.execname        z3
ramon: root.utime           0.030s
ramon: root.stime           0.010s
ramon: group.total          0.050s
ramon: group.utime          0.033s
ramon: group.stime          0.017s
ramon: group.mempeak        20248KiB
ramon: group.pidpeak        2
ramon: status               exited
ramon: exitcode             0
ramon: walltime             0.068s
ramon: loadavg              0.74
