ramon: cwd                  /home/runner/a/_work/z3-poly-testing/z3-poly-testing
ramon: start                Fri Feb  7 08:00:26 2025
ramon: nproc                128
ramon: sys.mem              64150 MiB
ramon: sys.mem.free         48714 MiB
ramon: sys.mem.avail        64020 MiB
ramon: sys.nprocs           3069
ramon: argv                 0 = z3
ramon: argv                 1 = inputs/QF_LIA/n6653-prp-30-47.smt2
ramon: argv                 2 = -T:600
ramon: argv                 3 = -st
ramon: childpid             159399
ramon: poll                 wall=01.000s usage=00.999s user=00.916s sys=00.083s mem=99MiB roottime=0.910s load=1.00 rootload=0.91
ramon: poll                 wall=02.000s usage=01.998s user=01.908s sys=00.090s mem=113MiB roottime=1.900s load=1.00 rootload=0.99
ramon: poll                 wall=03.000s usage=02.998s user=02.832s sys=00.166s mem=188MiB roottime=2.830s load=1.00 rootload=0.93
ramon: poll                 wall=04.000s usage=03.998s user=03.674s sys=00.324s mem=352MiB roottime=3.670s load=1.00 rootload=0.84
ramon: poll                 wall=05.000s usage=04.998s user=04.636s sys=00.362s mem=406MiB roottime=4.630s load=1.00 rootload=0.96
ramon: poll                 wall=06.000s usage=05.997s user=05.571s sys=00.427s mem=502MiB roottime=5.560s load=1.00 rootload=0.93
ramon: poll                 wall=07.000s usage=06.997s user=06.568s sys=00.429s mem=503MiB roottime=6.560s load=1.00 rootload=1.00
ramon: poll                 wall=08.000s usage=07.997s user=07.566s sys=00.431s mem=503MiB roottime=7.560s load=1.00 rootload=1.00
ramon: poll                 wall=09.000s usage=08.997s user=08.566s sys=00.431s mem=504MiB roottime=8.560s load=1.00 rootload=1.00
ramon: poll                 wall=10.000s usage=09.997s user=09.566s sys=00.431s mem=504MiB roottime=9.560s load=1.00 rootload=1.00
ramon: poll                 wall=11.000s usage=10.997s user=10.566s sys=00.431s mem=504MiB roottime=10.560s load=1.00 rootload=1.00
ramon: poll                 wall=12.000s usage=11.997s user=11.566s sys=00.431s mem=504MiB roottime=11.560s load=1.00 rootload=1.00
ramon: poll                 wall=13.000s usage=12.996s user=12.564s sys=00.432s mem=505MiB roottime=12.560s load=1.00 rootload=1.00
ramon: poll                 wall=14.000s usage=13.996s user=13.564s sys=00.432s mem=505MiB roottime=13.560s load=1.00 rootload=1.00
ramon: poll                 wall=15.000s usage=14.996s user=14.564s sys=00.432s mem=505MiB roottime=14.560s load=1.00 rootload=1.00
ramon: poll                 wall=16.000s usage=15.996s user=15.564s sys=00.432s mem=505MiB roottime=15.560s load=1.00 rootload=1.00
ramon: poll                 wall=17.000s usage=16.996s user=16.563s sys=00.433s mem=506MiB roottime=16.560s load=1.00 rootload=1.00
ramon: poll                 wall=18.000s usage=17.996s user=17.561s sys=00.435s mem=506MiB roottime=17.560s load=1.00 rootload=1.00
ramon: poll                 wall=19.000s usage=18.995s user=18.561s sys=00.435s mem=506MiB roottime=18.560s load=1.00 rootload=1.00
ramon: poll                 wall=20.000s usage=19.995s user=19.560s sys=00.435s mem=506MiB roottime=19.560s load=1.00 rootload=1.00
ramon: poll                 wall=21.000s usage=20.996s user=20.561s sys=00.435s mem=506MiB roottime=20.560s load=1.00 rootload=1.00
ramon: poll                 wall=22.000s usage=21.995s user=21.560s sys=00.435s mem=506MiB roottime=21.560s load=1.00 rootload=1.00
ramon: poll                 wall=23.000s usage=22.995s user=22.560s sys=00.435s mem=506MiB roottime=22.550s load=1.00 rootload=0.99
ramon: poll                 wall=24.000s usage=23.995s user=23.560s sys=00.435s mem=506MiB roottime=23.550s load=1.00 rootload=1.00
ramon: poll                 wall=25.000s usage=24.994s user=24.559s sys=00.435s mem=506MiB roottime=24.550s load=1.00 rootload=1.00
ramon: poll                 wall=26.000s usage=25.994s user=25.559s sys=00.435s mem=506MiB roottime=25.550s load=1.00 rootload=1.00
ramon: poll                 wall=27.000s usage=26.994s user=26.557s sys=00.437s mem=506MiB roottime=26.550s load=1.00 rootload=1.00
ramon: poll                 wall=28.000s usage=27.994s user=27.557s sys=00.437s mem=506MiB roottime=27.550s load=1.00 rootload=1.00
ramon: poll                 wall=29.000s usage=28.994s user=28.558s sys=00.437s mem=506MiB roottime=28.550s load=1.00 rootload=1.00
ramon: poll                 wall=30.000s usage=29.993s user=29.555s sys=00.438s mem=506MiB roottime=29.550s load=1.00 rootload=1.00
ramon: poll                 wall=31.000s usage=30.994s user=30.555s sys=00.439s mem=506MiB roottime=30.550s load=1.00 rootload=1.00
ramon: poll                 wall=32.000s usage=31.993s user=31.554s sys=00.439s mem=506MiB roottime=31.550s load=1.00 rootload=1.00
ramon: poll                 wall=33.000s usage=32.993s user=32.553s sys=00.440s mem=507MiB roottime=32.550s load=1.00 rootload=1.00
ramon: poll                 wall=34.000s usage=33.992s user=33.553s sys=00.440s mem=507MiB roottime=33.550s load=1.00 rootload=1.00
ramon: poll                 wall=35.000s usage=34.992s user=34.552s sys=00.440s mem=507MiB roottime=34.550s load=1.00 rootload=1.00
ramon: poll                 wall=36.000s usage=35.992s user=35.552s sys=00.440s mem=507MiB roottime=35.550s load=1.00 rootload=1.00
ramon: poll                 wall=37.000s usage=36.992s user=36.552s sys=00.440s mem=507MiB roottime=36.550s load=1.00 rootload=1.00
ramon: poll                 wall=38.000s usage=37.992s user=37.552s sys=00.440s mem=507MiB roottime=37.550s load=1.00 rootload=1.00
ramon: poll                 wall=39.000s usage=38.992s user=38.552s sys=00.440s mem=507MiB roottime=38.550s load=1.00 rootload=1.00
ramon: poll                 wall=40.000s usage=39.992s user=39.551s sys=00.441s mem=507MiB roottime=39.550s load=1.00 rootload=1.00
ramon: poll                 wall=41.000s usage=40.993s user=40.552s sys=00.441s mem=507MiB roottime=40.550s load=1.00 rootload=1.00
ramon: poll                 wall=42.000s usage=41.992s user=41.551s sys=00.441s mem=507MiB roottime=41.550s load=1.00 rootload=1.00
ramon: poll                 wall=43.000s usage=42.991s user=42.548s sys=00.443s mem=507MiB roottime=42.540s load=1.00 rootload=0.99
ramon: poll                 wall=44.000s usage=43.991s user=43.548s sys=00.443s mem=507MiB roottime=43.540s load=1.00 rootload=1.00
ramon: poll                 wall=45.000s usage=44.992s user=44.548s sys=00.444s mem=507MiB roottime=44.540s load=1.00 rootload=1.00
ramon: poll                 wall=46.000s usage=45.991s user=45.547s sys=00.444s mem=507MiB roottime=45.540s load=1.00 rootload=1.00
ramon: poll                 wall=47.000s usage=46.991s user=46.547s sys=00.444s mem=508MiB roottime=46.540s load=1.00 rootload=1.00
ramon: poll                 wall=48.000s usage=47.992s user=47.547s sys=00.445s mem=508MiB roottime=47.540s load=1.00 rootload=1.00
ramon: poll                 wall=49.000s usage=48.992s user=48.547s sys=00.445s mem=508MiB roottime=48.540s load=1.00 rootload=1.00
ramon: poll                 wall=50.000s usage=49.991s user=49.546s sys=00.445s mem=508MiB roottime=49.540s load=1.00 rootload=1.00
ramon: poll                 wall=51.000s usage=50.992s user=50.547s sys=00.445s mem=508MiB roottime=50.540s load=1.00 rootload=1.00
ramon: poll                 wall=52.000s usage=51.991s user=51.546s sys=00.445s mem=508MiB roottime=51.540s load=1.00 rootload=1.00
ramon: poll                 wall=53.000s usage=52.991s user=52.546s sys=00.445s mem=508MiB roottime=52.540s load=1.00 rootload=1.00
ramon: poll                 wall=54.000s usage=53.990s user=53.545s sys=00.445s mem=508MiB roottime=53.540s load=1.00 rootload=1.00
ramon: poll                 wall=55.000s usage=54.990s user=54.545s sys=00.445s mem=508MiB roottime=54.540s load=1.00 rootload=1.00
ramon: poll                 wall=56.000s usage=55.990s user=55.544s sys=00.446s mem=508MiB roottime=55.540s load=1.00 rootload=1.00
ramon: poll                 wall=57.000s usage=56.990s user=56.544s sys=00.446s mem=508MiB roottime=56.540s load=1.00 rootload=1.00
ramon: poll                 wall=58.000s usage=57.990s user=57.543s sys=00.447s mem=508MiB roottime=57.540s load=1.00 rootload=1.00
ramon: poll                 wall=59.000s usage=58.990s user=58.543s sys=00.447s mem=508MiB roottime=58.540s load=1.00 rootload=1.00
ramon: poll                 wall=01m00.000s usage=59.991s user=59.544s sys=00.447s mem=508MiB roottime=59.540s load=1.00 rootload=1.00
ramon: poll                 wall=01m01.000s usage=01m00.989s user=01m00.541s sys=00.448s mem=508MiB roottime=60.540s load=1.00 rootload=1.00
ramon: poll                 wall=01m02.000s usage=01m01.989s user=01m01.541s sys=00.448s mem=508MiB roottime=61.540s load=1.00 rootload=1.00
ramon: poll                 wall=01m03.000s usage=01m02.989s user=01m02.541s sys=00.448s mem=508MiB roottime=62.540s load=1.00 rootload=1.00
ramon: poll                 wall=01m04.000s usage=01m03.989s user=01m03.541s sys=00.448s mem=508MiB roottime=63.540s load=1.00 rootload=1.00
ramon: poll                 wall=01m05.000s usage=01m04.989s user=01m04.541s sys=00.448s mem=508MiB roottime=64.540s load=1.00 rootload=1.00
ramon: poll                 wall=01m06.000s usage=01m05.989s user=01m05.541s sys=00.448s mem=508MiB roottime=65.540s load=1.00 rootload=1.00
ramon: poll                 wall=01m07.000s usage=01m06.990s user=01m06.542s sys=00.448s mem=508MiB roottime=66.540s load=1.00 rootload=1.00
ramon: poll                 wall=01m08.000s usage=01m07.988s user=01m07.541s sys=00.448s mem=508MiB roottime=67.540s load=1.00 rootload=1.00
ramon: poll                 wall=01m09.000s usage=01m08.988s user=01m08.540s sys=00.448s mem=509MiB roottime=68.540s load=1.00 rootload=1.00
ramon: poll                 wall=01m10.000s usage=01m09.989s user=01m09.541s sys=00.448s mem=509MiB roottime=69.540s load=1.00 rootload=1.00
ramon: poll                 wall=01m11.000s usage=01m10.989s user=01m10.541s sys=00.448s mem=509MiB roottime=70.540s load=1.00 rootload=1.00
ramon: poll                 wall=01m12.000s usage=01m11.987s user=01m11.539s sys=00.448s mem=509MiB roottime=71.530s load=1.00 rootload=0.99
ramon: poll                 wall=01m13.000s usage=01m12.987s user=01m12.539s sys=00.448s mem=509MiB roottime=72.530s load=1.00 rootload=1.00
ramon: poll                 wall=01m14.000s usage=01m13.987s user=01m13.538s sys=00.449s mem=509MiB roottime=73.530s load=1.00 rootload=1.00
ramon: poll                 wall=01m15.000s usage=01m14.987s user=01m14.538s sys=00.449s mem=509MiB roottime=74.530s load=1.00 rootload=1.00
ramon: poll                 wall=01m16.000s usage=01m15.987s user=01m15.538s sys=00.449s mem=509MiB roottime=75.530s load=1.00 rootload=1.00
ramon: poll                 wall=01m17.000s usage=01m16.986s user=01m16.535s sys=00.451s mem=509MiB roottime=76.530s load=1.00 rootload=1.00
ramon: poll                 wall=01m18.000s usage=01m17.986s user=01m17.535s sys=00.451s mem=509MiB roottime=77.530s load=1.00 rootload=1.00
ramon: poll                 wall=01m19.000s usage=01m18.986s user=01m18.533s sys=00.453s mem=509MiB roottime=78.530s load=1.00 rootload=1.00
ramon: poll                 wall=01m20.000s usage=01m19.985s user=01m19.530s sys=00.455s mem=509MiB roottime=79.530s load=1.00 rootload=1.00
ramon: poll                 wall=01m21.000s usage=01m20.985s user=01m20.529s sys=00.456s mem=509MiB roottime=80.520s load=1.00 rootload=0.99
ramon: poll                 wall=01m22.000s usage=01m21.985s user=01m21.529s sys=00.456s mem=510MiB roottime=81.520s load=1.00 rootload=1.00
ramon: poll                 wall=01m23.000s usage=01m22.985s user=01m22.529s sys=00.456s mem=510MiB roottime=82.520s load=1.00 rootload=1.00
ramon: poll                 wall=01m24.000s usage=01m23.984s user=01m23.528s sys=00.456s mem=510MiB roottime=83.520s load=1.00 rootload=1.00
ramon: poll                 wall=01m25.000s usage=01m24.984s user=01m24.528s sys=00.456s mem=510MiB roottime=84.520s load=1.00 rootload=1.00
ramon: poll                 wall=01m26.000s usage=01m25.984s user=01m25.528s sys=00.456s mem=510MiB roottime=85.520s load=1.00 rootload=1.00
ramon: poll                 wall=01m27.000s usage=01m26.984s user=01m26.527s sys=00.457s mem=510MiB roottime=86.520s load=1.00 rootload=1.00
ramon: poll                 wall=01m28.000s usage=01m27.984s user=01m27.527s sys=00.457s mem=510MiB roottime=87.520s load=1.00 rootload=1.00
ramon: poll                 wall=01m29.000s usage=01m28.984s user=01m28.527s sys=00.457s mem=510MiB roottime=88.520s load=1.00 rootload=1.00
ramon: poll                 wall=01m30.000s usage=01m29.984s user=01m29.526s sys=00.458s mem=510MiB roottime=89.520s load=1.00 rootload=1.00
ramon: poll                 wall=01m31.000s usage=01m30.984s user=01m30.526s sys=00.458s mem=510MiB roottime=90.520s load=1.00 rootload=1.00
ramon: poll                 wall=01m32.000s usage=01m31.984s user=01m31.526s sys=00.458s mem=510MiB roottime=91.520s load=1.00 rootload=1.00
ramon: poll                 wall=01m33.000s usage=01m32.983s user=01m32.525s sys=00.458s mem=510MiB roottime=92.520s load=1.00 rootload=1.00
ramon: poll                 wall=01m34.000s usage=01m33.983s user=01m33.525s sys=00.458s mem=510MiB roottime=93.520s load=1.00 rootload=1.00
ramon: poll                 wall=01m35.000s usage=01m34.983s user=01m34.525s sys=00.458s mem=510MiB roottime=94.520s load=1.00 rootload=1.00
ramon: poll                 wall=01m36.000s usage=01m35.983s user=01m35.525s sys=00.458s mem=510MiB roottime=95.520s load=1.00 rootload=1.00
ramon: poll                 wall=01m37.000s usage=01m36.984s user=01m36.526s sys=00.458s mem=510MiB roottime=96.520s load=1.00 rootload=1.00
ramon: poll                 wall=01m38.000s usage=01m37.983s user=01m37.524s sys=00.459s mem=510MiB roottime=97.520s load=1.00 rootload=1.00
ramon: poll                 wall=01m39.000s usage=01m38.983s user=01m38.524s sys=00.459s mem=510MiB roottime=98.520s load=1.00 rootload=1.00
ramon: poll                 wall=01m40.000s usage=01m39.983s user=01m39.524s sys=00.459s mem=510MiB roottime=99.520s load=1.00 rootload=1.00
ramon: poll                 wall=01m41.000s usage=01m40.983s user=01m40.524s sys=00.459s mem=510MiB roottime=100.520s load=1.00 rootload=1.00
ramon: poll                 wall=01m42.000s usage=01m41.982s user=01m41.523s sys=00.459s mem=510MiB roottime=101.520s load=1.00 rootload=1.00
ramon: poll                 wall=01m43.000s usage=01m42.982s user=01m42.523s sys=00.459s mem=510MiB roottime=102.520s load=1.00 rootload=1.00
ramon: poll                 wall=01m44.000s usage=01m43.982s user=01m43.523s sys=00.459s mem=510MiB roottime=103.520s load=1.00 rootload=1.00
ramon: poll                 wall=01m45.000s usage=01m44.982s user=01m44.523s sys=00.459s mem=510MiB roottime=104.520s load=1.00 rootload=1.00
ramon: poll                 wall=01m46.000s usage=01m45.982s user=01m45.521s sys=00.461s mem=510MiB roottime=105.520s load=1.00 rootload=1.00
ramon: poll                 wall=01m47.000s usage=01m46.983s user=01m46.522s sys=00.461s mem=510MiB roottime=106.520s load=1.00 rootload=1.00
ramon: poll                 wall=01m48.000s usage=01m47.982s user=01m47.521s sys=00.461s mem=510MiB roottime=107.520s load=1.00 rootload=1.00
ramon: poll                 wall=01m49.000s usage=01m48.981s user=01m48.520s sys=00.461s mem=510MiB roottime=108.520s load=1.00 rootload=1.00
ramon: poll                 wall=01m50.000s usage=01m49.981s user=01m49.520s sys=00.461s mem=510MiB roottime=109.520s load=1.00 rootload=1.00
ramon: poll                 wall=01m51.000s usage=01m50.981s user=01m50.520s sys=00.461s mem=510MiB roottime=110.520s load=1.00 rootload=1.00
ramon: poll                 wall=01m52.000s usage=01m51.981s user=01m51.519s sys=00.462s mem=511MiB roottime=111.510s load=1.00 rootload=0.99
ramon: poll                 wall=01m53.000s usage=01m52.982s user=01m52.519s sys=00.463s mem=511MiB roottime=112.510s load=1.00 rootload=1.00
ramon: poll                 wall=01m54.000s usage=01m53.981s user=01m53.518s sys=00.463s mem=511MiB roottime=113.510s load=1.00 rootload=1.00
ramon: poll                 wall=01m55.000s usage=01m54.982s user=01m54.519s sys=00.463s mem=511MiB roottime=114.510s load=1.00 rootload=1.00
ramon: poll                 wall=01m56.000s usage=01m55.981s user=01m55.518s sys=00.463s mem=511MiB roottime=115.510s load=1.00 rootload=1.00
ramon: poll                 wall=01m57.000s usage=01m56.981s user=01m56.518s sys=00.463s mem=511MiB roottime=116.510s load=1.00 rootload=1.00
ramon: poll                 wall=01m58.000s usage=01m57.980s user=01m57.518s sys=00.463s mem=511MiB roottime=117.510s load=1.00 rootload=1.00
ramon: poll                 wall=01m59.000s usage=01m58.980s user=01m58.517s sys=00.463s mem=511MiB roottime=118.510s load=1.00 rootload=1.00
ramon: poll                 wall=02m00.000s usage=01m59.980s user=01m59.516s sys=00.464s mem=511MiB roottime=119.510s load=1.00 rootload=1.00
[31mramon: msg                  Wall clock time limit reached[0m
ramon: end                  Fri Feb  7 08:02:26 2025
ramon: root.execname        z3
ramon: root.utime           119.510s
ramon: root.stime           0.520s
ramon: group.total          120.047s
ramon: group.utime          119.518s
ramon: group.stime          0.529s
ramon: group.mempeak        511MiB
ramon: group.pidpeak        2
ramon: status               terminated by signal
[31mramon: signal               15 (SIGTERM Terminated)[0m
ramon: core dumped          false
ramon: exitcode             143
ramon: walltime             120.066s
ramon: loadavg              1.00
