unsat
(:added-eqs                   1987875
 :arith-eq-adapter            2542
 :arith-bound-propagations-lp 231537
 :arith-conflicts             130
 :arith-diseq                 39122
 :arith-fixed-eqs             66375
 :arith-lower                 122819
 :arith-make-feasible         37225
 :arith-max-columns           1746
 :arith-max-rows              681
 :arith-offset-eqs            27877
 :arith-upper                 168093
 :binary-propagations         36869668
 :conflicts                   22827
 :decisions                   1438544
 :del-clause                  42454
 :max-memory                  211.92
 :memory                      119.72
 :minimized-lits              300101
 :mk-bool-var                 51631
 :mk-clause                   57219
 :mk-clause-binary            914297
 :num-allocs                  62279957894.00
 :num-checks                  1
 :propagations                43838203
 :restarts                    134
 :rlimit-count                86840982
 :time                        60.66
 :total-time                  68.62)
