ramon: cwd                  /home/runner/a/_work/z3-poly-testing/z3-poly-testing
ramon: start                Fri Feb  7 08:02:38 2025
ramon: nproc                128
ramon: sys.mem              64150 MiB
ramon: sys.mem.free         41354 MiB
ramon: sys.mem.avail        64020 MiB
ramon: sys.nprocs           3237
ramon: argv                 0 = z3
ramon: argv                 1 = inputs/QF_LIA/n8262-ring_2exp12_7vars_5ite_unsat.smt2
ramon: argv                 2 = -T:600
ramon: argv                 3 = -st
ramon: childpid             183019
ramon: poll                 wall=01.000s usage=00.979s user=00.964s sys=00.015s mem=21752KiB roottime=0.960s load=0.98 rootload=0.96
ramon: poll                 wall=02.000s usage=01.978s user=01.963s sys=00.015s mem=22260KiB roottime=1.960s load=1.00 rootload=1.00
ramon: poll                 wall=03.000s usage=02.978s user=02.962s sys=00.016s mem=22516KiB roottime=2.960s load=1.00 rootload=1.00
ramon: poll                 wall=04.000s usage=03.978s user=03.962s sys=00.016s mem=23028KiB roottime=3.960s load=1.00 rootload=1.00
ramon: poll                 wall=05.000s usage=04.977s user=04.959s sys=00.018s mem=23284KiB roottime=4.950s load=1.00 rootload=0.99
ramon: poll                 wall=06.000s usage=05.977s user=05.958s sys=00.019s mem=23540KiB roottime=5.950s load=1.00 rootload=1.00
ramon: poll                 wall=07.000s usage=06.976s user=06.957s sys=00.019s mem=23796KiB roottime=6.950s load=1.00 rootload=1.00
ramon: poll                 wall=08.000s usage=07.976s user=07.956s sys=00.020s mem=23796KiB roottime=7.950s load=1.00 rootload=1.00
ramon: poll                 wall=09.000s usage=08.976s user=08.955s sys=00.021s mem=24052KiB roottime=8.950s load=1.00 rootload=1.00
ramon: poll                 wall=10.000s usage=09.976s user=09.953s sys=00.023s mem=24052KiB roottime=9.950s load=1.00 rootload=1.00
ramon: poll                 wall=11.000s usage=10.975s user=10.951s sys=00.024s mem=24364KiB roottime=10.950s load=1.00 rootload=1.00
ramon: poll                 wall=12.000s usage=11.975s user=11.950s sys=00.025s mem=24620KiB roottime=11.940s load=1.00 rootload=0.99
ramon: poll                 wall=13.000s usage=12.974s user=12.947s sys=00.027s mem=24624KiB roottime=12.940s load=1.00 rootload=1.00
ramon: poll                 wall=14.000s usage=13.974s user=13.946s sys=00.028s mem=24880KiB roottime=13.940s load=1.00 rootload=1.00
ramon: poll                 wall=15.000s usage=14.973s user=14.945s sys=00.028s mem=24880KiB roottime=14.940s load=1.00 rootload=1.00
ramon: poll                 wall=16.000s usage=15.973s user=15.945s sys=00.028s mem=24880KiB roottime=15.940s load=1.00 rootload=1.00
ramon: end                  Fri Feb  7 08:02:54 2025
ramon: root.execname        z3
ramon: root.utime           15.970s
ramon: root.stime           0.030s
ramon: group.total          16.008s
ramon: group.utime          15.975s
ramon: group.stime          0.033s
ramon: group.mempeak        25136KiB
ramon: group.pidpeak        2
ramon: status               exited
ramon: exitcode             0
ramon: walltime             16.035s
ramon: loadavg              1.00
