ramon: cwd                  /home/runner/a/_work/z3-poly-testing/z3-poly-testing
ramon: start                Fri Feb  7 08:11:06 2025
ramon: nproc                128
ramon: sys.mem              64150 MiB
ramon: sys.mem.free         39436 MiB
ramon: sys.mem.avail        64018 MiB
ramon: sys.nprocs           3232
ramon: argv                 0 = z3
ramon: argv                 1 = inputs/QF_LIA/prp-14-29.smt2
ramon: argv                 2 = -T:600
ramon: argv                 3 = -st
ramon: childpid             273903
ramon: poll                 wall=01.000s usage=00.984s user=00.964s sys=00.020s mem=29056KiB roottime=0.960s load=0.98 rootload=0.96
ramon: end                  Fri Feb  7 08:11:07 2025
ramon: root.execname        z3
ramon: root.utime           1.240s
ramon: root.stime           0.020s
ramon: group.total          1.278s
ramon: group.utime          1.250s
ramon: group.stime          0.028s
ramon: group.mempeak        29568KiB
ramon: group.pidpeak        2
ramon: status               exited
ramon: exitcode             0
ramon: walltime             1.295s
ramon: loadavg              0.99
