ramon: cwd                  /home/runner/a/_work/z3-poly-testing/z3-poly-testing
ramon: start                Thu Sep  5 16:02:24 2024
ramon: nproc                128
ramon: sys.mem              64150 MiB
ramon: sys.mem.free         50806 MiB
ramon: sys.mem.avail        63877 MiB
ramon: sys.nprocs           2245
ramon: argv                 0 = z3
ramon: argv                 1 = inputs/QF_BV_SAT/41.smt2
ramon: argv                 2 = -T:20
ramon: argv                 3 = -v:2
ramon: argv                 4 = -st
ramon: argv                 5 = tactic.default_tactic=(then simplify propagate-values solve-eqs simplify sls-smt)
ramon: childpid             433374
UNITS -2568 -2569 -2570 -2571 -2572 -2573 -2574 -2575 -2576 -2577 -2578 -2579 -2580 -2581 -2582 -2583 -2584 -2585 -2586 -2587
(sat.ddfw :unsat :models :kflips/sec  :flips  :restarts  :reinits  :unsat_vars  :shifts)
(sat.ddfw      82      2   176.276     10224         0          0          183       50)
(sat.ddfw      91      2   87.3274     20092         0          1          205       87)
(sat.ddfw      82      2   87.2052     40062         0          2          168      167)
(sat.ddfw      83      2   74.4286     70280         0          3          184      259)
(sat.ddfw      78      2   63.3054    110289         0          4          195      385)
(sat.ddfw      77      2   54.1325    160145         0          5          162      541)
ramon: poll                 wall=01.000s usage=00.978s user=00.966s sys=00.012s mem=22044KiB roottime=0.960s load=0.98 rootload=0.96
(sat.ddfw      88      2    47.668    220302         1          6          195      777)
(sat.ddfw      87      2   42.1123    290040         1          7          201      986)
ramon: poll                 wall=02.000s usage=01.978s user=01.966s sys=00.012s mem=22044KiB roottime=1.960s load=1.00 rootload=1.00
(sat.ddfw      97      2    38.109    370069         2          8          220     1243)
(sat.ddfw      87      2   34.8406    460341         3          9          181     1484)
ramon: poll                 wall=03.000s usage=02.978s user=02.966s sys=00.012s mem=22044KiB roottime=2.960s load=1.00 rootload=1.00
(sat.ddfw      87      2   31.9559    560267         3         10          184     1799)
(sat.ddfw      92      2   29.6594    670155         4         11          209     2105)
ramon: poll                 wall=04.000s usage=03.978s user=03.966s sys=00.012s mem=22028KiB roottime=3.960s load=1.00 rootload=1.00
(sat.ddfw      93      2   27.6639    790327         5         12          204     2482)
ramon: poll                 wall=05.000s usage=04.978s user=04.966s sys=00.012s mem=22028KiB roottime=4.960s load=1.00 rootload=1.00
(sat.ddfw      85      2   25.8369    920054         6         13          190     2834)
(sat.ddfw     102      1   24.3004   1060000         7         14          210     3260)
ramon: poll                 wall=06.000s usage=05.978s user=05.966s sys=00.012s mem=22028KiB roottime=5.960s load=1.00 rootload=1.00
(sat.ddfw      22      1   23.0132   1210000         7         15           34     3692)
ramon: poll                 wall=07.000s usage=06.977s user=06.965s sys=00.012s mem=22028KiB roottime=6.960s load=1.00 rootload=1.00
(sat.ddfw      92      2   21.9163   1370274         7         16          210     4138)
ramon: poll                 wall=08.000s usage=07.977s user=07.965s sys=00.012s mem=22028KiB roottime=7.960s load=1.00 rootload=1.00
(sat.ddfw      90      2   20.8622   1540030         9         17          209     4613)
ramon: poll                 wall=09.000s usage=08.977s user=08.965s sys=00.012s mem=22028KiB roottime=8.960s load=1.00 rootload=1.00
(sat.ddfw     108      2   20.0221   1720249        10         18          241     5114)
(sat.ddfw      88      3   19.2031   1910321        12         19          188     5636)
ramon: poll                 wall=10.000s usage=09.977s user=09.965s sys=00.012s mem=22028KiB roottime=9.960s load=1.00 rootload=1.00
(sat.ddfw      88      2   18.3966   2110016        13         20          196     6247)
ramon: poll                 wall=11.000s usage=10.977s user=10.965s sys=00.012s mem=22028KiB roottime=10.960s load=1.00 rootload=1.00
(sat.ddfw     108      3   17.7624   2320323        14         21          236     6800)
ramon: poll                 wall=12.000s usage=11.977s user=11.965s sys=00.012s mem=22028KiB roottime=11.960s load=1.00 rootload=1.00
(sat.ddfw      96      3   17.0686   2540081        14         22          211     7469)
ramon: poll                 wall=13.000s usage=12.977s user=12.965s sys=00.012s mem=22028KiB roottime=12.960s load=1.00 rootload=1.00
ramon: poll                 wall=14.000s usage=13.977s user=13.965s sys=00.012s mem=22028KiB roottime=13.960s load=1.00 rootload=1.00
(sat.ddfw      98      2   16.4915   2770055        15         23          221     8157)
ramon: poll                 wall=15.000s usage=14.977s user=14.965s sys=00.012s mem=22028KiB roottime=14.960s load=1.00 rootload=1.00
(sat.ddfw      78      2   15.9474   3010383        15         24          181     8862)
ramon: poll                 wall=16.000s usage=15.977s user=15.965s sys=00.012s mem=22028KiB roottime=15.960s load=1.00 rootload=1.00
(sat.ddfw      82      2   15.3734   3260262        15         25          175     9635)
ramon: poll                 wall=17.000s usage=16.977s user=16.965s sys=00.012s mem=22028KiB roottime=16.960s load=1.00 rootload=1.00
(sat.ddfw      19      1   14.8779   3520000        17         26           35    10462)
ramon: poll                 wall=18.000s usage=17.977s user=17.965s sys=00.012s mem=22028KiB roottime=17.960s load=1.00 rootload=1.00
(sat.ddfw      94      2   14.4381   3790123        18         27          201    11283)
ramon: poll                 wall=19.000s usage=18.977s user=18.965s sys=00.012s mem=22028KiB roottime=18.960s load=1.00 rootload=1.00
ramon: poll                 wall=20.000s usage=19.977s user=19.965s sys=00.012s mem=22028KiB roottime=19.960s load=1.00 rootload=1.00
ramon: end                  Thu Sep  5 16:02:44 2024
ramon: root.execname        z3
ramon: root.utime           19.980s
ramon: root.stime           0.010s
ramon: group.total          20.004s
ramon: group.utime          19.989s
ramon: group.stime          0.015s
ramon: group.mempeak        22292KiB
ramon: group.pidpeak        2
ramon: status               exited
ramon: exitcode             0
ramon: walltime             20.027s
ramon: loadavg              1.00
