ramon: cwd                  /home/runner/a/_work/z3-poly-testing/z3-poly-testing
ramon: start                Thu Sep  5 16:00:21 2024
ramon: nproc                128
ramon: sys.mem              64150 MiB
ramon: sys.mem.free         51932 MiB
ramon: sys.mem.avail        63878 MiB
ramon: sys.nprocs           2248
ramon: argv                 0 = z3
ramon: argv                 1 = inputs/QF_BV_SAT/bin_libsmbclient_vc1225207.smt2
ramon: argv                 2 = -T:20
ramon: argv                 3 = -v:2
ramon: argv                 4 = -st
ramon: argv                 5 = tactic.default_tactic=(then simplify propagate-values solve-eqs simplify sls-smt)
ramon: childpid             401295
UNITS -3 -5 -2256
(sat.ddfw :unsat :models :kflips/sec  :flips  :restarts  :reinits  :unsat_vars  :shifts)
(sat.ddfw      76      3   170.847     10080         0          0          149      901)
(sat.ddfw      25      1   72.4088     20000         0          1           44     1730)
(sat.ddfw      30      2   61.3497     40000         0          2           58     2752)
(sat.ddfw       1      7   51.8135     70000         0          3            3     5528)
ramon: poll                 wall=01.000s usage=00.998s user=00.987s sys=00.011s mem=23036KiB roottime=0.980s load=1.00 rootload=0.98
(sat.ddfw       6      2    38.319    110005         0          4           10     7921)
(sat.ddfw       2      2   30.4662    160000         0          5            5    11744)
ramon: poll                 wall=02.000s usage=01.997s user=01.985s sys=00.012s mem=23036KiB roottime=1.980s load=1.00 rootload=1.00
(sat.ddfw      65      9   26.3745    220002         1          6          100    16144)
(sat.ddfw      47      1   24.2964    290000         1          7           84    23078)
ramon: poll                 wall=03.000s usage=02.997s user=02.985s sys=00.012s mem=23036KiB roottime=2.980s load=1.00 rootload=1.00
(sat.ddfw       2     11   23.2221    370000         2          8            5    30095)
ramon: poll                 wall=04.000s usage=03.997s user=03.985s sys=00.012s mem=23036KiB roottime=3.980s load=1.00 rootload=1.00
(sat.ddfw      24      1    20.049    460000         3          9           54    40035)
ramon: poll                 wall=05.000s usage=04.996s user=04.984s sys=00.012s mem=23036KiB roottime=4.980s load=1.00 rootload=1.00
(sat.ddfw      43      2   18.1742    560049         3         10           75    48012)
ramon: poll                 wall=06.000s usage=05.996s user=05.984s sys=00.012s mem=23036KiB roottime=5.980s load=1.00 rootload=1.00
(sat.ddfw      39      2   16.9961    670031         4         11           77    58703)
ramon: poll                 wall=07.000s usage=06.996s user=06.984s sys=00.012s mem=23036KiB roottime=6.980s load=1.00 rootload=1.00
on-model 
(sat.ddfw       0      1   10.8714    753067         5         12            0    63924)
ramon: end                  Thu Sep  5 16:00:28 2024
ramon: root.execname        z3
ramon: root.utime           7.680s
ramon: root.stime           0.010s
ramon: group.total          7.698s
ramon: group.utime          7.682s
ramon: group.stime          0.016s
ramon: group.mempeak        23292KiB
ramon: group.pidpeak        2
ramon: status               exited
ramon: exitcode             0
ramon: walltime             7.702s
ramon: loadavg              1.00
