ramon: cwd                  /home/runner/a/_work/z3-poly-testing/z3-poly-testing
ramon: start                Tue Mar 18 14:12:10 2025
ramon: nproc                128
ramon: sys.mem              64150 MiB
ramon: sys.mem.free         41373 MiB
ramon: sys.mem.avail        64044 MiB
ramon: sys.nprocs           3676
ramon: argv                 0 = z3
ramon: argv                 1 = /home/runner/a/_work/z3-poly-testing/z3-poly-testing/download/non-incremental/QF_LIA/dillig/35-35.smt2
ramon: argv                 2 = -T:600
ramon: argv                 3 = -st
ramon: argv                 4 = smt.arith.lp.dio_eqs=true
ramon: childpid             1398137
ramon: poll                 wall=01.000s usage=00.995s user=00.978s sys=00.017s mem=20836KiB roottime=0.970s load=1.00 rootload=0.97
ramon: end                  Tue Mar 18 14:12:12 2025
ramon: root.execname        z3
ramon: root.utime           1.940s
ramon: root.stime           0.020s
ramon: group.total          1.968s
ramon: group.utime          1.942s
ramon: group.stime          0.026s
ramon: group.mempeak        21144KiB
ramon: group.pidpeak        3
ramon: status               exited
ramon: exitcode             0
ramon: walltime             1.982s
ramon: loadavg              0.99
