ramon: cwd                  /home/runner/a/_work/z3-poly-testing/z3-poly-testing
ramon: start                Fri Jan 10 22:41:44 2025
ramon: nproc                128
ramon: sys.mem              64150 MiB
ramon: sys.mem.free         46997 MiB
ramon: sys.mem.avail        64114 MiB
ramon: sys.nprocs           2591
ramon: argv                 0 = z3
ramon: argv                 1 = /home/runner/a/_work/z3-poly-testing/z3-poly-testing/download/non-incremental/QF_NIA/20170427-VeryMax/CInteger/Stroeder_15__DivWithoutMinus.c__p22491_terminationG_0.smt2
ramon: argv                 2 = -T:1200
ramon: childpid             1808172
ramon: poll                 wall=01.000s usage=00.978s user=00.900s sys=00.078s mem=95676KiB roottime=0.890s load=0.98 rootload=0.89
ramon: end                  Fri Jan 10 22:41:45 2025
ramon: root.execname        z3
ramon: root.utime           1.300s
ramon: root.stime           0.280s
ramon: group.total          1.585s
ramon: group.utime          1.305s
ramon: group.stime          0.280s
ramon: group.mempeak        295MiB
ramon: group.pidpeak        3
ramon: status               exited
ramon: exitcode             0
ramon: walltime             1.606s
ramon: loadavg              0.99
