ramon: cwd                  /home/runner/a/_work/z3-poly-testing/z3-poly-testing
ramon: start                Fri Jan 10 22:40:47 2025
ramon: nproc                128
ramon: sys.mem              64150 MiB
ramon: sys.mem.free         47074 MiB
ramon: sys.mem.avail        64115 MiB
ramon: sys.nprocs           2595
ramon: argv                 0 = z3
ramon: argv                 1 = /home/runner/a/_work/z3-poly-testing/z3-poly-testing/download/non-incremental/QF_NIA/20170427-VeryMax/CInteger/Stroeder_15__svcomp_ex2.c__p25958_terminationG_0.smt2
ramon: argv                 2 = -T:1200
ramon: childpid             1805299
ramon: poll                 wall=01.000s usage=00.982s user=00.892s sys=00.090s mem=113MiB roottime=0.890s load=0.98 rootload=0.89
ramon: poll                 wall=02.000s usage=01.982s user=01.888s sys=00.094s mem=117MiB roottime=1.880s load=1.00 rootload=0.99
ramon: poll                 wall=03.000s usage=02.982s user=02.884s sys=00.098s mem=122MiB roottime=2.880s load=1.00 rootload=1.00
ramon: poll                 wall=04.000s usage=03.982s user=03.884s sys=00.098s mem=122MiB roottime=3.880s load=1.00 rootload=1.00
ramon: poll                 wall=05.000s usage=04.981s user=04.883s sys=00.098s mem=122MiB roottime=4.880s load=1.00 rootload=1.00
ramon: poll                 wall=06.000s usage=05.981s user=05.883s sys=00.098s mem=122MiB roottime=5.880s load=1.00 rootload=1.00
ramon: poll                 wall=07.000s usage=06.981s user=06.883s sys=00.098s mem=122MiB roottime=6.880s load=1.00 rootload=1.00
ramon: poll                 wall=08.000s usage=07.981s user=07.880s sys=00.101s mem=125MiB roottime=7.870s load=1.00 rootload=0.99
ramon: poll                 wall=09.000s usage=08.981s user=08.877s sys=00.104s mem=131MiB roottime=8.870s load=1.00 rootload=1.00
ramon: poll                 wall=10.000s usage=09.981s user=09.873s sys=00.108s mem=135MiB roottime=9.870s load=1.00 rootload=1.00
ramon: poll                 wall=11.000s usage=10.981s user=10.873s sys=00.108s mem=135MiB roottime=10.870s load=1.00 rootload=1.00
ramon: poll                 wall=12.000s usage=11.981s user=11.872s sys=00.109s mem=136MiB roottime=11.870s load=1.00 rootload=1.00
ramon: poll                 wall=13.000s usage=12.981s user=12.869s sys=00.112s mem=139MiB roottime=12.860s load=1.00 rootload=0.99
ramon: poll                 wall=14.000s usage=13.981s user=13.867s sys=00.114s mem=144MiB roottime=13.860s load=1.00 rootload=1.00
ramon: poll                 wall=15.000s usage=14.981s user=14.864s sys=00.117s mem=147MiB roottime=14.860s load=1.00 rootload=1.00
ramon: poll                 wall=16.000s usage=15.981s user=15.862s sys=00.119s mem=148MiB roottime=15.860s load=1.00 rootload=1.00
ramon: poll                 wall=17.000s usage=16.980s user=16.859s sys=00.121s mem=150MiB roottime=16.850s load=1.00 rootload=0.99
ramon: poll                 wall=18.000s usage=17.980s user=17.859s sys=00.121s mem=152MiB roottime=17.850s load=1.00 rootload=1.00
ramon: poll                 wall=19.000s usage=18.980s user=18.858s sys=00.122s mem=153MiB roottime=18.850s load=1.00 rootload=1.00
ramon: poll                 wall=20.000s usage=19.980s user=19.857s sys=00.123s mem=156MiB roottime=19.850s load=1.00 rootload=1.00
ramon: poll                 wall=21.000s usage=20.980s user=20.853s sys=00.127s mem=160MiB roottime=20.850s load=1.00 rootload=1.00
ramon: poll                 wall=22.000s usage=21.980s user=21.852s sys=00.128s mem=162MiB roottime=21.850s load=1.00 rootload=1.00
ramon: poll                 wall=23.000s usage=22.980s user=22.850s sys=00.130s mem=164MiB roottime=22.840s load=1.00 rootload=0.99
ramon: poll                 wall=24.000s usage=23.980s user=23.848s sys=00.132s mem=165MiB roottime=23.840s load=1.00 rootload=1.00
ramon: poll                 wall=25.000s usage=24.980s user=24.847s sys=00.133s mem=166MiB roottime=24.840s load=1.00 rootload=1.00
ramon: poll                 wall=26.000s usage=25.980s user=25.846s sys=00.134s mem=168MiB roottime=25.840s load=1.00 rootload=1.00
ramon: poll                 wall=27.000s usage=26.980s user=26.844s sys=00.136s mem=170MiB roottime=26.840s load=1.00 rootload=1.00
ramon: poll                 wall=28.000s usage=27.980s user=27.844s sys=00.136s mem=171MiB roottime=27.840s load=1.00 rootload=1.00
ramon: poll                 wall=29.000s usage=28.979s user=28.841s sys=00.138s mem=175MiB roottime=28.840s load=1.00 rootload=1.00
ramon: poll                 wall=30.000s usage=29.979s user=29.840s sys=00.139s mem=176MiB roottime=29.830s load=1.00 rootload=0.99
ramon: poll                 wall=31.000s usage=30.979s user=30.840s sys=00.139s mem=177MiB roottime=30.830s load=1.00 rootload=1.00
ramon: poll                 wall=32.000s usage=31.979s user=31.840s sys=00.139s mem=180MiB roottime=31.830s load=1.00 rootload=1.00
ramon: poll                 wall=33.000s usage=32.979s user=32.837s sys=00.142s mem=182MiB roottime=32.830s load=1.00 rootload=1.00
ramon: poll                 wall=34.000s usage=33.979s user=33.834s sys=00.145s mem=183MiB roottime=33.830s load=1.00 rootload=1.00
ramon: poll                 wall=35.000s usage=34.979s user=34.832s sys=00.147s mem=184MiB roottime=34.830s load=1.00 rootload=1.00
ramon: poll                 wall=36.000s usage=35.979s user=35.831s sys=00.148s mem=185MiB roottime=35.830s load=1.00 rootload=1.00
ramon: poll                 wall=37.000s usage=36.978s user=36.829s sys=00.149s mem=187MiB roottime=36.820s load=1.00 rootload=0.99
ramon: poll                 wall=38.000s usage=37.978s user=37.825s sys=00.153s mem=190MiB roottime=37.820s load=1.00 rootload=1.00
ramon: poll                 wall=39.000s usage=38.978s user=38.825s sys=00.153s mem=190MiB roottime=38.820s load=1.00 rootload=1.00
ramon: poll                 wall=40.000s usage=39.978s user=39.822s sys=00.156s mem=194MiB roottime=39.820s load=1.00 rootload=1.00
ramon: poll                 wall=41.000s usage=40.978s user=40.821s sys=00.157s mem=195MiB roottime=40.820s load=1.00 rootload=1.00
ramon: poll                 wall=42.000s usage=41.978s user=41.821s sys=00.157s mem=195MiB roottime=41.820s load=1.00 rootload=1.00
ramon: poll                 wall=43.000s usage=42.978s user=42.817s sys=00.161s mem=200MiB roottime=42.810s load=1.00 rootload=0.99
ramon: poll                 wall=44.000s usage=43.978s user=43.817s sys=00.161s mem=200MiB roottime=43.810s load=1.00 rootload=1.00
ramon: poll                 wall=45.000s usage=44.978s user=44.815s sys=00.163s mem=201MiB roottime=44.810s load=1.00 rootload=1.00
ramon: poll                 wall=46.000s usage=45.978s user=45.812s sys=00.166s mem=202MiB roottime=45.810s load=1.00 rootload=1.00
ramon: poll                 wall=47.000s usage=46.977s user=46.811s sys=00.166s mem=202MiB roottime=46.810s load=1.00 rootload=1.00
ramon: poll                 wall=48.000s usage=47.977s user=47.809s sys=00.168s mem=203MiB roottime=47.800s load=1.00 rootload=0.99
ramon: poll                 wall=49.000s usage=48.977s user=48.809s sys=00.168s mem=205MiB roottime=48.800s load=1.00 rootload=1.00
ramon: poll                 wall=50.000s usage=49.977s user=49.809s sys=00.168s mem=205MiB roottime=49.800s load=1.00 rootload=1.00
ramon: poll                 wall=51.000s usage=50.977s user=50.807s sys=00.170s mem=208MiB roottime=50.800s load=1.00 rootload=1.00
ramon: poll                 wall=52.000s usage=51.977s user=51.805s sys=00.172s mem=211MiB roottime=51.800s load=1.00 rootload=1.00
ramon: poll                 wall=53.000s usage=52.977s user=52.805s sys=00.172s mem=211MiB roottime=52.800s load=1.00 rootload=1.00
ramon: poll                 wall=54.000s usage=53.977s user=53.803s sys=00.174s mem=211MiB roottime=53.800s load=1.00 rootload=1.00
ramon: poll                 wall=55.000s usage=54.977s user=54.803s sys=00.174s mem=212MiB roottime=54.800s load=1.00 rootload=1.00
ramon: poll                 wall=56.000s usage=55.977s user=55.803s sys=00.174s mem=215MiB roottime=55.800s load=1.00 rootload=1.00
ramon: poll                 wall=57.000s usage=56.977s user=56.803s sys=00.174s mem=215MiB roottime=56.800s load=1.00 rootload=1.00
ramon: poll                 wall=58.000s usage=57.977s user=57.803s sys=00.174s mem=215MiB roottime=57.800s load=1.00 rootload=1.00
ramon: poll                 wall=59.000s usage=58.977s user=58.800s sys=00.177s mem=220MiB roottime=58.790s load=1.00 rootload=0.99
ramon: poll                 wall=01m00.000s usage=59.977s user=59.800s sys=00.177s mem=220MiB roottime=59.790s load=1.00 rootload=1.00
ramon: poll                 wall=01m01.000s usage=01m00.977s user=01m00.799s sys=00.178s mem=222MiB roottime=60.790s load=1.00 rootload=1.00
ramon: poll                 wall=01m02.000s usage=01m01.977s user=01m01.799s sys=00.178s mem=222MiB roottime=61.790s load=1.00 rootload=1.00
ramon: poll                 wall=01m03.000s usage=01m02.976s user=01m02.798s sys=00.178s mem=222MiB roottime=62.790s load=1.00 rootload=1.00
ramon: poll                 wall=01m04.000s usage=01m03.976s user=01m03.796s sys=00.180s mem=225MiB roottime=63.790s load=1.00 rootload=1.00
ramon: poll                 wall=01m05.000s usage=01m04.976s user=01m04.796s sys=00.180s mem=225MiB roottime=64.790s load=1.00 rootload=1.00
ramon: poll                 wall=01m06.000s usage=01m05.976s user=01m05.796s sys=00.180s mem=225MiB roottime=65.790s load=1.00 rootload=1.00
ramon: poll                 wall=01m07.000s usage=01m06.976s user=01m06.796s sys=00.180s mem=225MiB roottime=66.790s load=1.00 rootload=1.00
ramon: poll                 wall=01m08.000s usage=01m07.976s user=01m07.796s sys=00.180s mem=225MiB roottime=67.790s load=1.00 rootload=1.00
ramon: poll                 wall=01m09.000s usage=01m08.976s user=01m08.795s sys=00.181s mem=227MiB roottime=68.790s load=1.00 rootload=1.00
ramon: poll                 wall=01m10.000s usage=01m09.976s user=01m09.794s sys=00.182s mem=228MiB roottime=69.790s load=1.00 rootload=1.00
ramon: poll                 wall=01m11.000s usage=01m10.976s user=01m10.788s sys=00.188s mem=232MiB roottime=70.780s load=1.00 rootload=0.99
ramon: poll                 wall=01m12.000s usage=01m11.976s user=01m11.788s sys=00.188s mem=233MiB roottime=71.780s load=1.00 rootload=1.00
ramon: poll                 wall=01m13.000s usage=01m12.976s user=01m12.784s sys=00.192s mem=237MiB roottime=72.780s load=1.00 rootload=1.00
ramon: poll                 wall=01m14.000s usage=01m13.976s user=01m13.784s sys=00.192s mem=237MiB roottime=73.780s load=1.00 rootload=1.00
ramon: poll                 wall=01m15.000s usage=01m14.976s user=01m14.784s sys=00.192s mem=237MiB roottime=74.780s load=1.00 rootload=1.00
ramon: poll                 wall=01m16.000s usage=01m15.976s user=01m15.784s sys=00.192s mem=237MiB roottime=75.780s load=1.00 rootload=1.00
ramon: poll                 wall=01m17.000s usage=01m16.975s user=01m16.783s sys=00.192s mem=237MiB roottime=76.780s load=1.00 rootload=1.00
ramon: poll                 wall=01m18.000s usage=01m17.975s user=01m17.783s sys=00.192s mem=239MiB roottime=77.780s load=1.00 rootload=1.00
ramon: poll                 wall=01m19.000s usage=01m18.975s user=01m18.783s sys=00.192s mem=239MiB roottime=78.780s load=1.00 rootload=1.00
ramon: poll                 wall=01m20.000s usage=01m19.975s user=01m19.783s sys=00.192s mem=239MiB roottime=79.780s load=1.00 rootload=1.00
ramon: poll                 wall=01m21.000s usage=01m20.975s user=01m20.783s sys=00.192s mem=240MiB roottime=80.780s load=1.00 rootload=1.00
ramon: poll                 wall=01m22.000s usage=01m21.975s user=01m21.779s sys=00.196s mem=245MiB roottime=81.770s load=1.00 rootload=0.99
ramon: poll                 wall=01m23.000s usage=01m22.975s user=01m22.779s sys=00.196s mem=245MiB roottime=82.770s load=1.00 rootload=1.00
ramon: poll                 wall=01m24.000s usage=01m23.975s user=01m23.779s sys=00.196s mem=245MiB roottime=83.770s load=1.00 rootload=1.00
ramon: poll                 wall=01m25.000s usage=01m24.975s user=01m24.779s sys=00.196s mem=245MiB roottime=84.770s load=1.00 rootload=1.00
ramon: poll                 wall=01m26.000s usage=01m25.974s user=01m25.775s sys=00.199s mem=251MiB roottime=85.770s load=1.00 rootload=1.00
ramon: poll                 wall=01m27.000s usage=01m26.974s user=01m26.774s sys=00.200s mem=252MiB roottime=86.770s load=1.00 rootload=1.00
ramon: poll                 wall=01m28.000s usage=01m27.974s user=01m27.774s sys=00.200s mem=251MiB roottime=87.770s load=1.00 rootload=1.00
ramon: poll                 wall=01m29.000s usage=01m28.974s user=01m28.774s sys=00.200s mem=252MiB roottime=88.770s load=1.00 rootload=1.00
ramon: poll                 wall=01m30.000s usage=01m29.974s user=01m29.774s sys=00.200s mem=253MiB roottime=89.770s load=1.00 rootload=1.00
ramon: poll                 wall=01m31.000s usage=01m30.974s user=01m30.774s sys=00.200s mem=253MiB roottime=90.770s load=1.00 rootload=1.00
ramon: poll                 wall=01m32.000s usage=01m31.974s user=01m31.774s sys=00.200s mem=253MiB roottime=91.770s load=1.00 rootload=1.00
ramon: poll                 wall=01m33.000s usage=01m32.973s user=01m32.770s sys=00.203s mem=258MiB roottime=92.770s load=1.00 rootload=1.00
ramon: poll                 wall=01m34.000s usage=01m33.973s user=01m33.770s sys=00.203s mem=258MiB roottime=93.760s load=1.00 rootload=0.99
ramon: poll                 wall=01m35.000s usage=01m34.973s user=01m34.770s sys=00.203s mem=259MiB roottime=94.760s load=1.00 rootload=1.00
ramon: poll                 wall=01m36.000s usage=01m35.973s user=01m35.770s sys=00.203s mem=259MiB roottime=95.760s load=1.00 rootload=1.00
ramon: poll                 wall=01m37.000s usage=01m36.973s user=01m36.770s sys=00.203s mem=259MiB roottime=96.760s load=1.00 rootload=1.00
ramon: poll                 wall=01m38.000s usage=01m37.973s user=01m37.765s sys=00.208s mem=262MiB roottime=97.760s load=1.00 rootload=1.00
ramon: poll                 wall=01m39.000s usage=01m38.973s user=01m38.763s sys=00.210s mem=264MiB roottime=98.760s load=1.00 rootload=1.00
ramon: poll                 wall=01m40.000s usage=01m39.973s user=01m39.763s sys=00.210s mem=264MiB roottime=99.760s load=1.00 rootload=1.00
ramon: poll                 wall=01m41.000s usage=01m40.973s user=01m40.763s sys=00.210s mem=264MiB roottime=100.760s load=1.00 rootload=1.00
ramon: poll                 wall=01m42.000s usage=01m41.972s user=01m41.762s sys=00.210s mem=264MiB roottime=101.760s load=1.00 rootload=1.00
ramon: poll                 wall=01m43.000s usage=01m42.972s user=01m42.761s sys=00.211s mem=266MiB roottime=102.760s load=1.00 rootload=1.00
ramon: poll                 wall=01m44.000s usage=01m43.972s user=01m43.761s sys=00.211s mem=266MiB roottime=103.760s load=1.00 rootload=1.00
ramon: poll                 wall=01m45.000s usage=01m44.972s user=01m44.761s sys=00.211s mem=266MiB roottime=104.760s load=1.00 rootload=1.00
ramon: poll                 wall=01m46.000s usage=01m45.972s user=01m45.761s sys=00.211s mem=266MiB roottime=105.760s load=1.00 rootload=1.00
ramon: poll                 wall=01m47.000s usage=01m46.972s user=01m46.760s sys=00.212s mem=267MiB roottime=106.750s load=1.00 rootload=0.99
ramon: poll                 wall=01m48.000s usage=01m47.972s user=01m47.760s sys=00.212s mem=268MiB roottime=107.750s load=1.00 rootload=1.00
ramon: poll                 wall=01m49.000s usage=01m48.972s user=01m48.760s sys=00.212s mem=268MiB roottime=108.750s load=1.00 rootload=1.00
ramon: poll                 wall=01m50.000s usage=01m49.971s user=01m49.758s sys=00.213s mem=270MiB roottime=109.750s load=1.00 rootload=1.00
ramon: poll                 wall=01m51.000s usage=01m50.971s user=01m50.756s sys=00.215s mem=273MiB roottime=110.750s load=1.00 rootload=1.00
ramon: poll                 wall=01m52.000s usage=01m51.971s user=01m51.756s sys=00.215s mem=273MiB roottime=111.750s load=1.00 rootload=1.00
ramon: poll                 wall=01m53.000s usage=01m52.971s user=01m52.756s sys=00.215s mem=274MiB roottime=112.750s load=1.00 rootload=1.00
ramon: poll                 wall=01m54.000s usage=01m53.971s user=01m53.756s sys=00.215s mem=274MiB roottime=113.750s load=1.00 rootload=1.00
ramon: poll                 wall=01m55.000s usage=01m54.971s user=01m54.756s sys=00.215s mem=274MiB roottime=114.750s load=1.00 rootload=1.00
ramon: poll                 wall=01m56.000s usage=01m55.971s user=01m55.756s sys=00.215s mem=274MiB roottime=115.750s load=1.00 rootload=1.00
ramon: poll                 wall=01m57.000s usage=01m56.971s user=01m56.756s sys=00.215s mem=274MiB roottime=116.750s load=1.00 rootload=1.00
ramon: poll                 wall=01m58.000s usage=01m57.971s user=01m57.755s sys=00.216s mem=276MiB roottime=117.750s load=1.00 rootload=1.00
ramon: poll                 wall=01m59.000s usage=01m58.970s user=01m58.754s sys=00.216s mem=276MiB roottime=118.750s load=1.00 rootload=1.00
ramon: poll                 wall=02m00.000s usage=01m59.970s user=01m59.754s sys=00.216s mem=276MiB roottime=119.750s load=1.00 rootload=1.00
[31mramon: msg                  Wall clock time limit reached[0m
ramon: end                  Fri Jan 10 22:42:47 2025
ramon: root.execname        z3
ramon: root.utime           119.750s
ramon: root.stime           0.250s
ramon: group.total          120.008s
ramon: group.utime          119.755s
ramon: group.stime          0.253s
ramon: group.mempeak        276MiB
ramon: group.pidpeak        3
ramon: status               terminated by signal
[31mramon: signal               15 (SIGTERM Terminated)[0m
ramon: core dumped          false
ramon: exitcode             143
ramon: walltime             120.038s
ramon: loadavg              1.00
