ramon: cwd                  /home/runner/a/_work/z3-poly-testing/z3-poly-testing
ramon: start                Tue Mar 18 20:27:34 2025
ramon: nproc                128
ramon: sys.mem              64150 MiB
ramon: sys.mem.free         48533 MiB
ramon: sys.mem.avail        64122 MiB
ramon: sys.nprocs           3683
ramon: argv                 0 = z3
ramon: argv                 1 = /home/runner/a/_work/z3-poly-testing/z3-poly-testing/download/non-incremental/QF_LIA/convert/convert-jpg2gif-query-1532.smt2
ramon: argv                 2 = -T:600
ramon: argv                 3 = -st
ramon: argv                 4 = smt.arith.lp.dio_eqs=false
ramon: childpid             1951226
ramon: poll                 wall=01.002s usage=00.975s user=00.909s sys=00.066s mem=28044KiB roottime=0.900s load=0.97 rootload=0.90
ramon: end                  Tue Mar 18 20:27:36 2025
ramon: root.execname        z3
ramon: root.utime           1.550s
ramon: root.stime           0.070s
ramon: group.total          1.629s
ramon: group.utime          1.550s
ramon: group.stime          0.079s
ramon: group.mempeak        28824KiB
ramon: group.pidpeak        3
ramon: status               exited
ramon: exitcode             0
ramon: walltime             1.659s
ramon: loadavg              0.98
