unsat
(:added-eqs                       161401
 :arith-eq-adapter                651
 :arith-bound-propagations-lp     1327
 :arith-conflicts                 2008
 :arith-diseq                     29535
 :arith-fixed-eqs                 27320
 :arith-grobner-calls             32
 :arith-grobner-conflicts         25
 :arith-horner-calls              5
 :arith-horner-conflicts          2
 :arith-horner-cross-nested-forms 230
 :arith-lower                     61755
 :arith-make-feasible             42576
 :arith-max-columns               1344
 :arith-max-rows                  492
 :arith-nla-add-bounds            11
 :arith-nla-lemmas                34
 :arith-nla-propagate-bounds      1708
 :arith-nla-propagate-eq          31796
 :arith-nra-calls                 3
 :arith-offset-eqs                7130
 :arith-upper                     98135
 :binary-propagations             270601
 :conflicts                       628
 :decisions                       158498
 :del-clause                      663
 :elim-unconstrained              857
 :final-checks                    205
 :max-memory                      137.48
 :memory                          52.48
 :minimized-lits                  148
 :mk-bool-var                     5687
 :mk-clause                       3330
 :mk-clause-binary                27296
 :nlsat-conflicts                 141
 :nlsat-decisions                 1
 :nlsat-propagations              39295
 :nlsat-stages                    16198
 :num-allocs                      1078547369
 :num-checks                      1
 :propagations                    349287
 :restarts                        5
 :rlimit-count                    4667163
 :sat-backjumps                   400
 :sat-conflicts                   400
 :sat-decisions                   1724
 :sat-del-clause                  25476
 :sat-elim-clauses                23308
 :sat-elim-literals               4109
 :sat-minimized-lits              945
 :sat-mk-clause-2ary              130169
 :sat-mk-clause-nary              177332
 :sat-mk-var                      86614
 :sat-propagations-2ary           441089
 :sat-propagations-nary           328902
 :sat-scc-elim-binary             393
 :sat-scc-elim-vars               1471
 :sat-subs-resolution-dyn         42
 :sat-units                       10566
 :time                            3.35
 :total-time                      3.39)
