unsat
(:added-eqs                       2161
 :arith-eq-adapter                82
 :arith-bound-propagations-lp     117
 :arith-conflicts                 347
 :arith-diseq                     545
 :arith-fixed-eqs                 269
 :arith-gcd-calls                 24
 :arith-grobner-calls             131
 :arith-grobner-conflicts         5
 :arith-horner-calls              48
 :arith-horner-conflicts          1
 :arith-horner-cross-nested-forms 760
 :arith-lower                     1000
 :arith-make-feasible             1139
 :arith-max-columns               88
 :arith-max-rows                  38
 :arith-nla-add-bounds            17
 :arith-nla-lemmas                228
 :arith-nla-propagate-bounds      69
 :arith-nla-propagate-eq          894
 :arith-nra-calls                 153
 :arith-offset-eqs                72
 :arith-patches                   24
 :arith-patches-success           24
 :arith-upper                     1321
 :binary-propagations             3023
 :conflicts                       277
 :decisions                       2725
 :del-clause                      286
 :elim-unconstrained              8
 :final-checks                    275
 :max-memory                      28.79
 :memory                          21.17
 :minimized-lits                  216
 :mk-bool-var                     699
 :mk-clause                       694
 :mk-clause-binary                306
 :nlsat-conflicts                 11166
 :nlsat-decisions                 1031
 :nlsat-propagations              98905
 :nlsat-stages                    32202
 :num-allocs                      226522845
 :num-checks                      1
 :propagations                    5811
 :restarts                        2
 :rlimit-count                    1938116
 :sat-backjumps                   501
 :sat-conflicts                   501
 :sat-decisions                   1156
 :sat-del-clause                  10677
 :sat-elim-bool-vars-res          1920
 :sat-elim-clauses                370
 :sat-elim-literals               554
 :sat-minimized-lits              1320
 :sat-mk-clause-2ary              6659
 :sat-mk-clause-3ary              2629
 :sat-mk-clause-nary              16331
 :sat-mk-var                      4078
 :sat-probing-assigned            61
 :sat-propagations-2ary           42704
 :sat-propagations-nary           55296
 :sat-restarts                    25
 :sat-scc-elim-binary             39
 :sat-scc-elim-vars               38
 :sat-subs-resolution             210
 :sat-subs-resolution-dyn         154
 :sat-subsumed                    1851
 :sat-units                       142
 :time                            0.94
 :total-time                      0.95)
