sat
(:added-eqs                       199
 :arith-eq-adapter                85
 :arith-bound-propagations-lp     3
 :arith-conflicts                 19
 :arith-diseq                     31
 :arith-fixed-eqs                 6
 :arith-gcd-calls                 2
 :arith-grobner-calls             6
 :arith-horner-calls              1
 :arith-horner-cross-nested-forms 12
 :arith-lower                     102
 :arith-make-feasible             47
 :arith-max-columns               314
 :arith-max-rows                  93
 :arith-nla-add-bounds            3
 :arith-nla-lemmas                8
 :arith-nla-propagate-bounds      7
 :arith-nla-propagate-eq          75
 :arith-nra-calls                 3
 :arith-offset-eqs                12
 :arith-patches                   2
 :arith-patches-success           2
 :arith-upper                     143
 :binary-propagations             341
 :conflicts                       9
 :decisions                       425
 :del-clause                      7
 :elim-unconstrained              31
 :final-checks                    14
 :max-memory                      154.87
 :memory                          93.52
 :mk-bool-var                     564
 :mk-clause                       150
 :mk-clause-binary                8482
 :nlsat-conflicts                 84
 :nlsat-decisions                 3
 :nlsat-propagations              4925
 :nlsat-restarts                  4
 :nlsat-stages                    3597
 :num-allocs                      724796802
 :num-checks                      1
 :propagations                    384
 :rlimit-count                    2263436
 :sat-backjumps                   501
 :sat-conflicts                   501
 :sat-decisions                   3787
 :sat-del-clause                  86265
 :sat-elim-bool-vars-res          15627
 :sat-elim-clauses                907
 :sat-elim-literals               1864
 :sat-minimized-lits              534
 :sat-mk-clause-2ary              49971
 :sat-mk-clause-3ary              25151
 :sat-mk-clause-nary              134940
 :sat-mk-var                      32556
 :sat-probing-assigned            82
 :sat-propagations-2ary           708431
 :sat-propagations-nary           800990
 :sat-restarts                    22
 :sat-scc-elim-binary             229
 :sat-scc-elim-vars               82
 :sat-subs-resolution             1196
 :sat-subs-resolution-dyn         37
 :sat-subsumed                    18845
 :sat-units                       156
 :time                            0.97
 :total-time                      0.99)
