unsat
(:added-eqs                       34434
 :arith-eq-adapter                286
 :arith-bound-propagations-lp     224
 :arith-branch                    6
 :arith-conflicts                 1125
 :arith-cube-calls                2
 :arith-diseq                     3999
 :arith-fixed-eqs                 417
 :arith-gcd-calls                 151
 :arith-gomory-cuts               8
 :arith-grobner-calls             160
 :arith-grobner-conflicts         56
 :arith-hnf-calls                 1
 :arith-horner-calls              35
 :arith-horner-cross-nested-forms 13733
 :arith-lower                     17864
 :arith-make-feasible             11953
 :arith-max-columns               999
 :arith-max-rows                  389
 :arith-nla-add-bounds            70
 :arith-nla-lemmas                636
 :arith-nla-propagate-bounds      370
 :arith-nla-propagate-eq          6576
 :arith-nra-calls                 66
 :arith-offset-eqs                151
 :arith-patches                   151
 :arith-patches-success           141
 :arith-upper                     41981
 :binary-propagations             82309
 :cnf-encoding-aux-vars           41
 :conflicts                       388
 :decisions                       73769
 :del-clause                      366
 :elim-unconstrained              295
 :final-checks                    374
 :max-memory                      122.90
 :memory                          103.89
 :minimized-lits                  182
 :mk-bool-var                     3059
 :mk-clause                       1170
 :mk-clause-binary                11922
 :nlsat-conflicts                 10146
 :nlsat-decisions                 4954
 :nlsat-propagations              632231
 :nlsat-restarts                  3
 :nlsat-stages                    337490
 :num-allocs                      2283143503
 :num-checks                      1
 :propagations                    94527
 :restarts                        3
 :rlimit-count                    7925073
 :solve-eqs-elim-vars             154
 :solve-eqs-steps                 2057
 :time                            2.86
 :total-time                      2.88)
