ramon: cwd                  /tmp/runner/actions-runner/_work/z3-poly-testing/z3-poly-testing
ramon: start                Tue Dec 17 22:51:27 2024
ramon: nproc                128
ramon: sys.mem              64150 MiB
ramon: sys.mem.free         36449 MiB
ramon: sys.mem.avail        64081 MiB
ramon: sys.nprocs           3103
ramon: argv                 0 = z3
ramon: argv                 1 = /tmp/runner/actions-runner/_work/z3-poly-testing/z3-poly-testing/download/non-incremental/QF_NIA/20170427-VeryMax/ITS/From_AProVE_2014__juLinkedListCreateAddAllAt.jar-obl-17__p9074_safety_0.smt2
ramon: argv                 2 = -T:600
ramon: argv                 3 = -st
ramon: childpid             2493588
ramon: poll                 wall=01.000s usage=00.982s user=00.870s sys=00.112s mem=108MiB roottime=0.870s load=0.98 rootload=0.87
ramon: end                  Tue Dec 17 22:51:28 2024
ramon: root.execname        z3
ramon: root.utime           1.130s
ramon: root.stime           0.130s
ramon: group.total          1.272s
ramon: group.utime          1.139s
ramon: group.stime          0.133s
ramon: group.mempeak        122MiB
ramon: group.pidpeak        3
ramon: status               exited
ramon: exitcode             0
ramon: walltime             1.290s
ramon: loadavg              0.99
