unsat
(:added-eqs                       49029
 :arith-eq-adapter                330
 :arith-bound-propagations-lp     221
 :arith-branch                    2
 :arith-conflicts                 454
 :arith-cube-calls                2
 :arith-diseq                     2302
 :arith-fixed-eqs                 1503
 :arith-gcd-calls                 31
 :arith-gomory-cuts               2
 :arith-grobner-calls             129
 :arith-grobner-conflicts         38
 :arith-horner-calls              42
 :arith-horner-cross-nested-forms 3951
 :arith-lower                     15991
 :arith-make-feasible             4580
 :arith-max-columns               737
 :arith-max-rows                  292
 :arith-nla-add-bounds            29
 :arith-nla-lemmas                235
 :arith-nla-propagate-bounds      100
 :arith-nla-propagate-eq          2334
 :arith-nra-calls                 110
 :arith-offset-eqs                1488
 :arith-patches                   31
 :arith-patches-success           25
 :arith-upper                     28183
 :binary-propagations             132131
 :cnf-encoding-aux-vars           18
 :conflicts                       745
 :decisions                       54262
 :del-clause                      389
 :elim-unconstrained              531
 :final-checks                    242
 :max-memory                      284.67
 :memory                          169.44
 :minimized-lits                  1169
 :mk-bool-var                     2066
 :mk-clause                       1390
 :mk-clause-binary                20467
 :nlsat-conflicts                 10658
 :nlsat-decisions                 7331
 :nlsat-propagations              541327
 :nlsat-restarts                  4
 :nlsat-stages                    330041
 :num-allocs                      4646576166.00
 :num-checks                      1
 :propagations                    144621
 :restarts                        6
 :rlimit-count                    10298210
 :sat-backjumps                   501
 :sat-conflicts                   501
 :sat-decisions                   12383
 :sat-del-clause                  136522
 :sat-elim-bool-vars-res          24157
 :sat-elim-clauses                2965
 :sat-elim-literals               7268
 :sat-minimized-lits              202
 :sat-mk-clause-2ary              73110
 :sat-mk-clause-3ary              45606
 :sat-mk-clause-nary              192120
 :sat-mk-var                      48244
 :sat-probing-assigned            313
 :sat-propagations-2ary           987118
 :sat-propagations-nary           724123
 :sat-restarts                    17
 :sat-scc-elim-binary             1834
 :sat-scc-elim-vars               249
 :sat-subs-resolution             2975
 :sat-subs-resolution-dyn         9
 :sat-subsumed                    28182
 :sat-units                       705
 :solve-eqs-elim-vars             149
 :solve-eqs-steps                 1386
 :time                            4.55
 :total-time                      4.57)
