unsat
(:added-eqs                       205115
 :arith-eq-adapter                1026
 :arith-bound-propagations-lp     741
 :arith-branch                    2
 :arith-conflicts                 1886
 :arith-cube-calls                1
 :arith-diseq                     29783
 :arith-fixed-eqs                 9636
 :arith-gcd-calls                 80
 :arith-grobner-calls             651
 :arith-grobner-conflicts         89
 :arith-horner-calls              229
 :arith-horner-conflicts          6
 :arith-horner-cross-nested-forms 6528
 :arith-lower                     77690
 :arith-make-feasible             33546
 :arith-max-columns               2109
 :arith-max-rows                  937
 :arith-nla-add-bounds            303
 :arith-nla-lemmas                808
 :arith-nla-propagate-bounds      636
 :arith-nla-propagate-eq          31726
 :arith-nra-calls                 685
 :arith-offset-eqs                17734
 :arith-patches                   80
 :arith-patches-success           76
 :arith-upper                     119925
 :binary-propagations             728388
 :card2bv-rewrites                1
 :cnf-encoding-aux-vars           186
 :conflicts                       3639
 :decisions                       739258
 :del-clause                      3239
 :elim-unconstrained              539
 :final-checks                    1545
 :max-memory                      123.17
 :memory                          100.44
 :minimized-lits                  6317
 :mk-bool-var                     6038
 :mk-clause                       5446
 :mk-clause-binary                9891
 :nlsat-conflicts                 100274
 :nlsat-decisions                 715336
 :nlsat-propagations              3185810
 :nlsat-restarts                  2
 :nlsat-stages                    1927442
 :num-allocs                      36503620393.00
 :num-checks                      2
 :propagations                    912697
 :restarts                        29
 :rlimit-count                    37165741
 :solve-eqs-elim-vars             244
 :solve-eqs-steps                 1650
 :time                            12.11
 :total-time                      12.13)
