unsat
(:added-eqs                       15332
 :arith-eq-adapter                526
 :arith-bound-propagations-lp     117
 :arith-branch                    2
 :arith-conflicts                 851
 :arith-diseq                     2760
 :arith-fixed-eqs                 120
 :arith-gcd-calls                 60
 :arith-grobner-calls             60
 :arith-grobner-conflicts         21
 :arith-horner-calls              20
 :arith-horner-cross-nested-forms 7349
 :arith-lower                     7798
 :arith-make-feasible             6017
 :arith-max-columns               1595
 :arith-max-rows                  548
 :arith-nla-add-bounds            69
 :arith-nla-lemmas                282
 :arith-nla-propagate-bounds      520
 :arith-nla-propagate-eq          2212
 :arith-nra-calls                 9
 :arith-offset-eqs                33
 :arith-patches                   60
 :arith-patches-success           58
 :arith-upper                     19533
 :binary-propagations             51673
 :conflicts                       103
 :decisions                       52283
 :del-clause                      309
 :elim-unconstrained              242
 :final-checks                    211
 :max-memory                      123.78
 :memory                          101.49
 :minimized-lits                  19
 :mk-bool-var                     4737
 :mk-clause                       1554
 :mk-clause-binary                40854
 :nlsat-conflicts                 704
 :nlsat-decisions                 29
 :nlsat-propagations              79867
 :nlsat-stages                    44295
 :num-allocs                      557448925
 :num-checks                      1
 :propagations                    56401
 :restarts                        1
 :rlimit-count                    1836641
 :time                            1.52
 :total-time                      1.54)
