unsat
(:added-eqs                       51753
 :arith-eq-adapter                626
 :arith-bound-propagations-lp     255
 :arith-conflicts                 945
 :arith-diseq                     2523
 :arith-fixed-eqs                 1677
 :arith-gcd-calls                 42
 :arith-grobner-calls             124
 :arith-grobner-conflicts         38
 :arith-horner-calls              25
 :arith-horner-conflicts          2
 :arith-horner-cross-nested-forms 4194
 :arith-lower                     23043
 :arith-make-feasible             8358
 :arith-max-columns               1818
 :arith-max-rows                  610
 :arith-nla-add-bounds            36
 :arith-nla-lemmas                398
 :arith-nla-propagate-bounds      414
 :arith-nla-propagate-eq          4257
 :arith-nra-calls                 29
 :arith-offset-eqs                1538
 :arith-patches                   42
 :arith-patches-success           42
 :arith-upper                     60908
 :binary-propagations             121614
 :cnf-encoding-aux-vars           110
 :conflicts                       264
 :decisions                       97750
 :del-clause                      439
 :elim-unconstrained              117
 :final-checks                    301
 :max-memory                      101.86
 :memory                          60.04
 :minimized-lits                  41
 :mk-bool-var                     4561
 :mk-clause                       1423
 :mk-clause-binary                40201
 :nlsat-conflicts                 34409
 :nlsat-decisions                 122949
 :nlsat-propagations              769205
 :nlsat-restarts                  4
 :nlsat-stages                    259150
 :num-allocs                      2702562911
 :num-checks                      1
 :propagations                    135972
 :restarts                        2
 :rlimit-count                    11919543
 :sat-mk-clause-2ary              125022
 :sat-mk-clause-nary              202942
 :sat-mk-var                      94535
 :solve-eqs-elim-vars             372
 :solve-eqs-steps                 3607
 :time                            3.81
 :total-time                      3.83)
