unsat
(:added-eqs                       197281
 :arith-eq-adapter                844
 :arith-bound-propagations-lp     1392
 :arith-branch                    2
 :arith-conflicts                 5211
 :arith-cube-calls                1
 :arith-diseq                     37343
 :arith-fixed-eqs                 18612
 :arith-gcd-calls                 160
 :arith-grobner-calls             618
 :arith-grobner-conflicts         351
 :arith-horner-calls              162
 :arith-horner-conflicts          3
 :arith-horner-cross-nested-forms 53280
 :arith-lower                     89402
 :arith-make-feasible             43887
 :arith-max-columns               1814
 :arith-max-rows                  721
 :arith-nla-add-bounds            201
 :arith-nla-lemmas                2634
 :arith-nla-propagate-bounds      1703
 :arith-nla-propagate-eq          37910
 :arith-nra-calls                 261
 :arith-offset-eqs                5156
 :arith-patches                   160
 :arith-patches-success           149
 :arith-upper                     155724
 :binary-propagations             387688
 :cnf-encoding-aux-vars           76
 :conflicts                       2708
 :decisions                       241459
 :del-clause                      3658
 :elim-unconstrained              109
 :final-checks                    1353
 :max-memory                      103.55
 :memory                          33.36
 :minimized-lits                  2658
 :mk-bool-var                     8668
 :mk-clause                       6128
 :mk-clause-binary                13295
 :nlsat-conflicts                 82807
 :nlsat-decisions                 117912
 :nlsat-propagations              2179408
 :nlsat-restarts                  12
 :nlsat-stages                    1017014
 :num-allocs                      32568551345.00
 :num-checks                      2
 :propagations                    496700
 :restarts                        23
 :rlimit-count                    26849502
 :sat-backjumps                   257
 :sat-conflicts                   257
 :sat-decisions                   3705
 :sat-del-clause                  311
 :sat-elim-bool-vars-res          30880
 :sat-elim-clauses                139
 :sat-elim-literals               1247
 :sat-minimized-lits              294
 :sat-mk-clause-2ary              104751
 :sat-mk-clause-3ary              47883
 :sat-mk-clause-nary              266257
 :sat-mk-var                      69014
 :sat-propagations-2ary           226572
 :sat-propagations-nary           212578
 :sat-scc-elim-binary             733
 :sat-scc-elim-vars               451
 :sat-subs-resolution             1104
 :sat-subs-resolution-dyn         16
 :sat-subsumed                    23315
 :sat-units                       16
 :solve-eqs-elim-vars             171
 :solve-eqs-steps                 1702
 :time                            11.84
 :total-time                      11.86)
