ramon: cwd                  /tmp/runner/actions-runner/_work/z3-poly-testing/z3-poly-testing
ramon: start                Tue Dec 17 23:10:52 2024
ramon: nproc                128
ramon: sys.mem              64150 MiB
ramon: sys.mem.free         27516 MiB
ramon: sys.mem.avail        64064 MiB
ramon: sys.nprocs           2990
ramon: argv                 0 = z3
ramon: argv                 1 = /tmp/runner/actions-runner/_work/z3-poly-testing/z3-poly-testing/download/non-incremental/QF_NIA/20170427-VeryMax/ITS/From_T2__db2.t2__terminationS_18_0.smt2
ramon: argv                 2 = -T:600
ramon: argv                 3 = -st
ramon: childpid             2544487
ramon: poll                 wall=01.000s usage=00.979s user=00.802s sys=00.177s mem=103MiB roottime=0.800s load=0.98 rootload=0.80
ramon: poll                 wall=02.000s usage=01.979s user=01.802s sys=00.177s mem=103MiB roottime=1.800s load=1.00 rootload=1.00
ramon: poll                 wall=03.000s usage=02.979s user=02.802s sys=00.177s mem=103MiB roottime=2.800s load=1.00 rootload=1.00
ramon: poll                 wall=04.000s usage=03.978s user=03.801s sys=00.177s mem=103MiB roottime=3.800s load=1.00 rootload=1.00
ramon: poll                 wall=05.000s usage=04.978s user=04.801s sys=00.177s mem=103MiB roottime=4.800s load=1.00 rootload=1.00
ramon: poll                 wall=06.000s usage=05.978s user=05.801s sys=00.177s mem=103MiB roottime=5.800s load=1.00 rootload=1.00
ramon: poll                 wall=07.000s usage=06.978s user=06.801s sys=00.177s mem=103MiB roottime=6.800s load=1.00 rootload=1.00
ramon: poll                 wall=08.000s usage=07.978s user=07.801s sys=00.177s mem=103MiB roottime=7.800s load=1.00 rootload=1.00
ramon: poll                 wall=09.000s usage=08.977s user=08.800s sys=00.177s mem=103MiB roottime=8.800s load=1.00 rootload=1.00
ramon: poll                 wall=10.001s usage=09.978s user=09.801s sys=00.177s mem=103MiB roottime=9.800s load=1.00 rootload=1.00
ramon: poll                 wall=11.000s usage=10.976s user=10.800s sys=00.177s mem=103MiB roottime=10.790s load=1.00 rootload=0.99
ramon: poll                 wall=12.000s usage=11.976s user=11.797s sys=00.179s mem=104MiB roottime=11.790s load=1.00 rootload=1.00
ramon: poll                 wall=13.000s usage=12.976s user=12.795s sys=00.181s mem=105MiB roottime=12.790s load=1.00 rootload=1.00
ramon: poll                 wall=14.000s usage=13.976s user=13.794s sys=00.182s mem=106MiB roottime=13.790s load=1.00 rootload=1.00
ramon: poll                 wall=15.000s usage=14.975s user=14.793s sys=00.182s mem=105MiB roottime=14.790s load=1.00 rootload=1.00
ramon: end                  Tue Dec 17 23:11:07 2024
ramon: root.execname        z3
ramon: root.utime           15.210s
ramon: root.stime           0.200s
ramon: group.total          15.416s
ramon: group.utime          15.213s
ramon: group.stime          0.203s
ramon: group.mempeak        106MiB
ramon: group.pidpeak        3
ramon: status               exited
ramon: exitcode             0
ramon: walltime             15.441s
ramon: loadavg              1.00
