ramon: cwd                  /home/runner/a/_work/z3-poly-testing/z3-poly-testing
ramon: start                Wed Apr  9 21:44:04 2025
ramon: nproc                128
ramon: sys.mem              64150 MiB
ramon: sys.mem.free         45884 MiB
ramon: sys.mem.avail        63958 MiB
ramon: sys.nprocs           3283
ramon: argv                 0 = z3
ramon: argv                 1 = inputs/QF_LIA/n1467-RC-12.smt2
ramon: argv                 2 = -T:600
ramon: argv                 3 = -st
ramon: argv                 4 = lp.dio=false
ramon: childpid             2329789
ramon: end                  Wed Apr  9 21:44:05 2025
ramon: root.execname        z3
ramon: root.utime           0.640s
ramon: root.stime           0.160s
ramon: group.total          0.814s
ramon: group.utime          0.647s
ramon: group.stime          0.167s
ramon: group.mempeak        45464KiB
ramon: group.pidpeak        2
ramon: status               exited
ramon: exitcode             0
ramon: walltime             0.893s
ramon: loadavg              0.91
