ramon: cwd                  /home/runner/a/_work/z3-poly-testing/z3-poly-testing
ramon: start                Wed Apr  9 21:58:29 2025
ramon: nproc                128
ramon: sys.mem              64150 MiB
ramon: sys.mem.free         40334 MiB
ramon: sys.mem.avail        63955 MiB
ramon: sys.nprocs           3196
ramon: argv                 0 = z3
ramon: argv                 1 = inputs/QF_LIA/n3710-RC-09.smt2
ramon: argv                 2 = -T:600
ramon: argv                 3 = -st
ramon: argv                 4 = lp.dio=false
ramon: childpid             2422322
ramon: end                  Wed Apr  9 21:58:30 2025
ramon: root.execname        z3
ramon: root.utime           0.010s
ramon: root.stime           0.050s
ramon: group.total          0.067s
ramon: group.utime          0.014s
ramon: group.stime          0.053s
ramon: group.mempeak        19480KiB
ramon: group.pidpeak        2
ramon: status               exited
ramon: exitcode             0
ramon: walltime             0.088s
ramon: loadavg              0.76
