ramon: cwd                  /home/runner/a/_work/z3-poly-testing/z3-poly-testing
ramon: start                Wed Apr  9 21:55:45 2025
ramon: nproc                128
ramon: sys.mem              64150 MiB
ramon: sys.mem.free         40688 MiB
ramon: sys.mem.avail        63955 MiB
ramon: sys.nprocs           3196
ramon: argv                 0 = z3
ramon: argv                 1 = inputs/QF_LIA/n8285-ring_2exp14_4vars_1ite_unsat.smt2
ramon: argv                 2 = -T:600
ramon: argv                 3 = -st
ramon: argv                 4 = lp.dio=false
ramon: childpid             2404222
ramon: end                  Wed Apr  9 21:55:46 2025
ramon: root.execname        z3
ramon: root.utime           0.270s
ramon: root.stime           0.080s
ramon: group.total          0.354s
ramon: group.utime          0.273s
ramon: group.stime          0.081s
ramon: group.mempeak        20460KiB
ramon: group.pidpeak        2
ramon: status               exited
ramon: exitcode             0
ramon: walltime             0.386s
ramon: loadavg              0.92
