ramon: cwd                  /home/gh1/A/_work/z3-poly-testing/z3-poly-testing
ramon: start                Sat Oct 12 12:21:51 2024
ramon: nproc                32
ramon: sys.mem              63442 MiB
ramon: sys.mem.free         29198 MiB
ramon: sys.mem.avail        62666 MiB
ramon: sys.nprocs           2934
ramon: argv                 0 = z3
ramon: argv                 1 = inputs/QF_UF_SAT/gensys_brn886.smt2
ramon: argv                 2 = -T:20
ramon: argv                 3 = -v:2
ramon: argv                 4 = -st
ramon: argv                 5 = sls.euf_incremental=true
ramon: argv                 6 = tactic.default_tactic=(then simplify propagate-values solve-eqs simplify sls-smt)
ramon: childpid             139367
UNITS -390 -391 -392 -393 -394 -395 -396 -397 -398 -399 -400 -401 -402 -403 -404 -405 -406 -407 -408 -409 -410 -411 -412 -413 -414 -415 -416 -417 -418 -419 -420 -421 -422 -423 -424 -425 -426 -427 -428 -429 -430 -431 -432 -433 -434 -435 -436 -437 -438 -439 -440 -441 -442 -443 -444 -445 -446 -447 -448 -449 -450 -451 -452 -453 -454 -455 -456 -457 -458 -459 -460 -461 -462 -463 -464 -465 -466 -467 -468 -469 -470 -471 -472 -473 -474 -475 -476 -477 -478 -479 -480 -481 -482 -483 -484 -485 -486 -487 -488 -489 -490 -491 -492 -493 -494 -495 -496 -497 -498 -499
sls.euf: incremental 1
(sat.ddfw :unsat :models :kflips/sec  :flips  :restarts  :reinits  :unsat_vars  :shifts)
(sat.ddfw       1      3   70.4225     10000         3          0            4     3783)
(sat.ddfw       2      4   57.1429     20000         3          1           16     8781)
(sat.ddfw       1      1   95.2381     40000        11          2            6    19524)
(sat.ddfw       4     15   123.457     70000        12          3           14    36980)
(sat.ddfw       2     34   143.369    110000        14          4            8    58487)
(sat.ddfw       1     10   152.905    160000        19          5           22    88516)
(sat.ddfw       1     62   154.242    220000        23          6           19   117191)
on-model 
(sat.ddfw       0      1   77.8946    253261        23          7            0   131786)
ramon: end                  Sat Oct 12 12:21:52 2024
ramon: root.execname        z3
ramon: root.utime           0.380s
ramon: root.stime           0.010s
ramon: group.total          0.393s
ramon: group.utime          0.381s
ramon: group.stime          0.012s
ramon: group.mempeak        20156KiB
ramon: group.pidpeak        2
ramon: status               exited
ramon: exitcode             0
ramon: walltime             0.437s
ramon: loadavg              0.90
