sat
(:added-eqs                   174573
 :arith-eq-adapter            51989
 :arith-bound-propagations-lp 3224
 :arith-branch                3398
 :arith-conflicts             364
 :arith-cube-calls            850
 :arith-diseq                 58876
 :arith-fixed-eqs             298
 :arith-gcd-calls             3441
 :arith-gcd-conflict          41
 :arith-lower                 89077
 :arith-make-feasible         47622
 :arith-max-columns           4322
 :arith-max-rows              854
 :arith-offset-eqs            3
 :arith-patches               3400
 :arith-patches-success       1
 :arith-upper                 159663
 :binary-propagations         289350
 :conflicts                   505
 :decisions                   51998
 :del-clause                  26879
 :final-checks                3441
 :max-memory                  51.83
 :memory                      30.17
 :minimized-lits              1485
 :mk-bool-var                 120261
 :mk-clause                   32014
 :mk-clause-binary            32207
 :num-allocs                  29677245053.00
 :num-checks                  2
 :propagations                293236
 :restarts                    4
 :rlimit-count                2779980
 :solve-eqs-elim-vars         593
 :solve-eqs-steps             4583
 :time                        6.10
 :total-time                  6.11)
