ramon: cwd                  /home/gh1/A/_work/z3-poly-testing/z3-poly-testing
ramon: start                Sun Feb  2 09:02:57 2025
ramon: nproc                32
ramon: sys.mem              63441 MiB
ramon: sys.mem.free         38130 MiB
ramon: sys.mem.avail        59656 MiB
ramon: sys.nprocs           1275
ramon: argv                 0 = z3
ramon: argv                 1 = inputs/QF_LIA/n2408-RF-03.smt2
ramon: argv                 2 = -T:600
ramon: argv                 3 = -st
ramon: childpid             1311319
bounded 0 5
ramon: end                  Sun Feb  2 09:02:57 2025
ramon: root.execname        z3
ramon: root.utime           0.010s
ramon: root.stime           0.030s
ramon: group.total          0.046s
ramon: group.utime          0.015s
ramon: group.stime          0.031s
ramon: group.mempeak        19532KiB
ramon: group.pidpeak        2
ramon: status               exited
ramon: exitcode             0
ramon: walltime             0.047s
ramon: loadavg              0.99
