ramon: cwd                  /home/gh1/A/_work/z3-poly-testing/z3-poly-testing
ramon: start                Sun Feb  2 08:57:31 2025
ramon: nproc                32
ramon: sys.mem              63441 MiB
ramon: sys.mem.free         37458 MiB
ramon: sys.mem.avail        59657 MiB
ramon: sys.nprocs           1291
ramon: argv                 0 = z3
ramon: argv                 1 = inputs/QF_LIA/n7940-prp-7-48.smt2
ramon: argv                 2 = -T:600
ramon: argv                 3 = -st
ramon: childpid             1284990
ramon: poll                 wall=1.001s usage=0.928s mem=51640KiB load=0.93 rootload=0.91
ramon: poll                 wall=2.000s usage=1.924s mem=52584KiB load=1.00 rootload=1.00
ramon: poll                 wall=3.000s usage=2.923s mem=53280KiB load=1.00 rootload=1.00
ramon: poll                 wall=4.000s usage=3.923s mem=53960KiB load=1.00 rootload=1.00
ramon: poll                 wall=5.000s usage=4.923s mem=54212KiB load=1.00 rootload=1.00
ramon: poll                 wall=6.001s usage=5.927s mem=54800KiB load=1.00 rootload=1.00
ramon: poll                 wall=7.000s usage=6.922s mem=55304KiB load=1.00 rootload=1.00
ramon: poll                 wall=8.000s usage=7.922s mem=55660KiB load=1.00 rootload=1.00
ramon: poll                 wall=9.000s usage=8.922s mem=55816KiB load=1.00 rootload=0.99
ramon: poll                 wall=10.000s usage=9.921s mem=55956KiB load=1.00 rootload=1.00
ramon: poll                 wall=11.001s usage=10.925s mem=56284KiB load=1.00 rootload=1.01
ramon: poll                 wall=12.000s usage=11.921s mem=56352KiB load=1.00 rootload=0.99
ramon: poll                 wall=13.000s usage=12.921s mem=56528KiB load=1.00 rootload=1.00
ramon: poll                 wall=14.000s usage=13.921s mem=56628KiB load=1.00 rootload=1.00
ramon: poll                 wall=15.000s usage=14.921s mem=57636KiB load=1.00 rootload=1.00
ramon: end                  Sun Feb  2 08:57:46 2025
ramon: root.execname        z3
ramon: root.utime           14.940s
ramon: root.stime           0.010s
ramon: group.total          14.963s
ramon: group.utime          14.943s
ramon: group.stime          0.020s
ramon: group.mempeak        57636KiB
ramon: group.pidpeak        2
ramon: status               exited
ramon: exitcode             0
ramon: walltime             15.040s
ramon: loadavg              0.99
