ramon: cwd                  /home/runner/a/_work/z3-poly-testing/z3-poly-testing
ramon: start                Sun Feb  9 08:31:34 2025
ramon: nproc                128
ramon: sys.mem              64150 MiB
ramon: sys.mem.free         33420 MiB
ramon: sys.mem.avail        63888 MiB
ramon: sys.nprocs           2884
ramon: argv                 0 = z3
ramon: argv                 1 = inputs/QF_LIA/n7637-prp-8-47.smt2
ramon: argv                 2 = -T:600
ramon: argv                 3 = -st
ramon: childpid             1915685
ramon: poll                 wall=01.000s usage=00.977s user=00.960s sys=00.017s mem=24216KiB roottime=0.950s load=0.98 rootload=0.95
ramon: poll                 wall=02.000s usage=01.976s user=01.957s sys=00.019s mem=25684KiB roottime=1.950s load=1.00 rootload=1.00
ramon: poll                 wall=03.000s usage=02.977s user=02.956s sys=00.021s mem=26452KiB roottime=2.950s load=1.00 rootload=1.00
ramon: poll                 wall=04.000s usage=03.977s user=03.955s sys=00.022s mem=26964KiB roottime=3.950s load=1.00 rootload=1.00
ramon: poll                 wall=05.000s usage=04.976s user=04.952s sys=00.024s mem=27312KiB roottime=4.950s load=1.00 rootload=1.00
ramon: poll                 wall=06.000s usage=05.976s user=05.951s sys=00.025s mem=27568KiB roottime=5.950s load=1.00 rootload=1.00
ramon: poll                 wall=07.000s usage=06.975s user=06.948s sys=00.027s mem=27824KiB roottime=6.940s load=1.00 rootload=0.99
ramon: poll                 wall=08.000s usage=07.976s user=07.948s sys=00.028s mem=28336KiB roottime=7.940s load=1.00 rootload=1.00
ramon: poll                 wall=09.000s usage=08.976s user=08.948s sys=00.028s mem=28336KiB roottime=8.940s load=1.00 rootload=1.00
ramon: poll                 wall=10.000s usage=09.976s user=09.947s sys=00.029s mem=28592KiB roottime=9.940s load=1.00 rootload=1.00
ramon: poll                 wall=11.000s usage=10.975s user=10.946s sys=00.029s mem=28720KiB roottime=10.940s load=1.00 rootload=1.00
ramon: poll                 wall=12.000s usage=11.975s user=11.945s sys=00.030s mem=30512KiB roottime=11.940s load=1.00 rootload=1.00
ramon: poll                 wall=13.000s usage=12.975s user=12.943s sys=00.032s mem=31792KiB roottime=12.940s load=1.00 rootload=1.00
ramon: poll                 wall=14.000s usage=13.975s user=13.928s sys=00.047s mem=40856KiB roottime=13.920s load=1.00 rootload=0.98
ramon: poll                 wall=15.000s usage=14.975s user=14.928s sys=00.047s mem=42088KiB roottime=14.920s load=1.00 rootload=1.00
ramon: poll                 wall=16.000s usage=15.975s user=15.927s sys=00.048s mem=42344KiB roottime=15.920s load=1.00 rootload=1.00
ramon: poll                 wall=17.000s usage=16.974s user=16.925s sys=00.049s mem=42772KiB roottime=16.920s load=1.00 rootload=1.00
ramon: poll                 wall=18.000s usage=17.974s user=17.921s sys=00.053s mem=43284KiB roottime=17.920s load=1.00 rootload=1.00
ramon: poll                 wall=19.000s usage=18.974s user=18.921s sys=00.053s mem=43540KiB roottime=18.920s load=1.00 rootload=1.00
ramon: poll                 wall=20.000s usage=19.974s user=19.915s sys=00.059s mem=51988KiB roottime=19.910s load=1.00 rootload=0.99
ramon: poll                 wall=21.000s usage=20.974s user=20.846s sys=00.128s mem=125MiB roottime=20.840s load=1.00 rootload=0.93
ramon: poll                 wall=22.000s usage=21.974s user=21.846s sys=00.128s mem=125MiB roottime=21.840s load=1.00 rootload=1.00
ramon: poll                 wall=23.000s usage=22.974s user=22.846s sys=00.128s mem=125MiB roottime=22.840s load=1.00 rootload=1.00
ramon: poll                 wall=24.000s usage=23.974s user=23.842s sys=00.132s mem=125MiB roottime=23.840s load=1.00 rootload=1.00
ramon: poll                 wall=25.000s usage=24.974s user=24.840s sys=00.134s mem=126MiB roottime=24.830s load=1.00 rootload=0.99
ramon: poll                 wall=26.000s usage=25.973s user=25.834s sys=00.139s mem=126MiB roottime=25.830s load=1.00 rootload=1.00
ramon: poll                 wall=27.000s usage=26.973s user=26.832s sys=00.141s mem=127MiB roottime=26.830s load=1.00 rootload=1.00
ramon: poll                 wall=28.000s usage=27.973s user=27.830s sys=00.143s mem=127MiB roottime=27.820s load=1.00 rootload=0.99
ramon: poll                 wall=29.000s usage=28.973s user=28.828s sys=00.145s mem=128MiB roottime=28.820s load=1.00 rootload=1.00
ramon: poll                 wall=30.000s usage=29.973s user=29.828s sys=00.145s mem=128MiB roottime=29.820s load=1.00 rootload=1.00
ramon: poll                 wall=31.000s usage=30.973s user=30.828s sys=00.145s mem=128MiB roottime=30.820s load=1.00 rootload=1.00
ramon: poll                 wall=32.000s usage=31.971s user=31.826s sys=00.145s mem=128MiB roottime=31.820s load=1.00 rootload=1.00
ramon: poll                 wall=33.000s usage=32.972s user=32.827s sys=00.145s mem=128MiB roottime=32.820s load=1.00 rootload=1.00
ramon: poll                 wall=34.000s usage=33.972s user=33.825s sys=00.147s mem=129MiB roottime=33.820s load=1.00 rootload=1.00
ramon: poll                 wall=35.000s usage=34.972s user=34.825s sys=00.147s mem=129MiB roottime=34.820s load=1.00 rootload=1.00
ramon: poll                 wall=36.000s usage=35.972s user=35.824s sys=00.148s mem=129MiB roottime=35.820s load=1.00 rootload=1.00
ramon: poll                 wall=37.000s usage=36.970s user=36.822s sys=00.148s mem=129MiB roottime=36.820s load=1.00 rootload=1.00
ramon: poll                 wall=38.000s usage=37.971s user=37.823s sys=00.148s mem=129MiB roottime=37.820s load=1.00 rootload=1.00
ramon: poll                 wall=39.000s usage=38.971s user=38.822s sys=00.149s mem=129MiB roottime=38.820s load=1.00 rootload=1.00
ramon: poll                 wall=40.000s usage=39.971s user=39.822s sys=00.149s mem=129MiB roottime=39.820s load=1.00 rootload=1.00
ramon: poll                 wall=41.000s usage=40.971s user=40.819s sys=00.152s mem=130MiB roottime=40.810s load=1.00 rootload=0.99
ramon: poll                 wall=42.000s usage=41.970s user=41.818s sys=00.152s mem=130MiB roottime=41.810s load=1.00 rootload=1.00
ramon: poll                 wall=43.000s usage=42.970s user=42.818s sys=00.152s mem=130MiB roottime=42.810s load=1.00 rootload=1.00
ramon: poll                 wall=44.000s usage=43.970s user=43.817s sys=00.153s mem=130MiB roottime=43.810s load=1.00 rootload=1.00
ramon: poll                 wall=45.000s usage=44.970s user=44.817s sys=00.153s mem=130MiB roottime=44.810s load=1.00 rootload=1.00
ramon: poll                 wall=46.000s usage=45.970s user=45.817s sys=00.153s mem=130MiB roottime=45.810s load=1.00 rootload=1.00
ramon: poll                 wall=47.000s usage=46.969s user=46.815s sys=00.154s mem=131MiB roottime=46.810s load=1.00 rootload=1.00
ramon: poll                 wall=48.000s usage=47.969s user=47.815s sys=00.154s mem=131MiB roottime=47.810s load=1.00 rootload=1.00
ramon: poll                 wall=49.000s usage=48.969s user=48.815s sys=00.154s mem=131MiB roottime=48.810s load=1.00 rootload=1.00
ramon: poll                 wall=50.000s usage=49.969s user=49.815s sys=00.154s mem=131MiB roottime=49.810s load=1.00 rootload=1.00
ramon: poll                 wall=51.000s usage=50.969s user=50.814s sys=00.155s mem=131MiB roottime=50.810s load=1.00 rootload=1.00
ramon: poll                 wall=52.000s usage=51.968s user=51.813s sys=00.155s mem=131MiB roottime=51.810s load=1.00 rootload=1.00
ramon: poll                 wall=53.000s usage=52.968s user=52.813s sys=00.155s mem=131MiB roottime=52.810s load=1.00 rootload=1.00
ramon: poll                 wall=54.000s usage=53.968s user=53.813s sys=00.155s mem=131MiB roottime=53.810s load=1.00 rootload=1.00
ramon: poll                 wall=55.000s usage=54.968s user=54.811s sys=00.157s mem=131MiB roottime=54.810s load=1.00 rootload=1.00
ramon: poll                 wall=56.000s usage=55.968s user=55.811s sys=00.157s mem=131MiB roottime=55.810s load=1.00 rootload=1.00
ramon: poll                 wall=57.000s usage=56.968s user=56.811s sys=00.157s mem=131MiB roottime=56.810s load=1.00 rootload=1.00
ramon: poll                 wall=58.000s usage=57.967s user=57.810s sys=00.157s mem=131MiB roottime=57.800s load=1.00 rootload=0.99
ramon: poll                 wall=59.000s usage=58.967s user=58.810s sys=00.157s mem=131MiB roottime=58.800s load=1.00 rootload=1.00
ramon: poll                 wall=01m00.000s usage=59.967s user=59.810s sys=00.157s mem=131MiB roottime=59.800s load=1.00 rootload=1.00
ramon: poll                 wall=01m01.000s usage=01m00.967s user=01m00.810s sys=00.157s mem=131MiB roottime=60.800s load=1.00 rootload=1.00
ramon: poll                 wall=01m02.000s usage=01m01.967s user=01m01.809s sys=00.158s mem=132MiB roottime=61.800s load=1.00 rootload=1.00
ramon: poll                 wall=01m03.000s usage=01m02.967s user=01m02.809s sys=00.158s mem=132MiB roottime=62.800s load=1.00 rootload=1.00
ramon: poll                 wall=01m04.000s usage=01m03.967s user=01m03.809s sys=00.158s mem=132MiB roottime=63.800s load=1.00 rootload=1.00
ramon: poll                 wall=01m05.000s usage=01m04.966s user=01m04.808s sys=00.158s mem=132MiB roottime=64.800s load=1.00 rootload=1.00
ramon: poll                 wall=01m06.000s usage=01m05.966s user=01m05.808s sys=00.158s mem=132MiB roottime=65.800s load=1.00 rootload=1.00
ramon: poll                 wall=01m07.000s usage=01m06.966s user=01m06.807s sys=00.159s mem=132MiB roottime=66.800s load=1.00 rootload=1.00
ramon: poll                 wall=01m08.000s usage=01m07.966s user=01m07.807s sys=00.159s mem=133MiB roottime=67.800s load=1.00 rootload=1.00
ramon: poll                 wall=01m09.000s usage=01m08.966s user=01m08.805s sys=00.161s mem=133MiB roottime=68.800s load=1.00 rootload=1.00
ramon: poll                 wall=01m10.000s usage=01m09.966s user=01m09.805s sys=00.161s mem=133MiB roottime=69.800s load=1.00 rootload=1.00
ramon: poll                 wall=01m11.000s usage=01m10.965s user=01m10.804s sys=00.161s mem=133MiB roottime=70.800s load=1.00 rootload=1.00
ramon: poll                 wall=01m12.000s usage=01m11.965s user=01m11.805s sys=00.161s mem=134MiB roottime=71.800s load=1.00 rootload=1.00
ramon: poll                 wall=01m13.000s usage=01m12.965s user=01m12.804s sys=00.161s mem=134MiB roottime=72.800s load=1.00 rootload=1.00
ramon: poll                 wall=01m14.000s usage=01m13.965s user=01m13.804s sys=00.161s mem=134MiB roottime=73.800s load=1.00 rootload=1.00
ramon: poll                 wall=01m15.000s usage=01m14.965s user=01m14.803s sys=00.162s mem=134MiB roottime=74.800s load=1.00 rootload=1.00
ramon: poll                 wall=01m16.000s usage=01m15.965s user=01m15.803s sys=00.162s mem=135MiB roottime=75.800s load=1.00 rootload=1.00
ramon: poll                 wall=01m17.000s usage=01m16.965s user=01m16.803s sys=00.162s mem=135MiB roottime=76.800s load=1.00 rootload=1.00
ramon: poll                 wall=01m18.000s usage=01m17.965s user=01m17.803s sys=00.162s mem=135MiB roottime=77.800s load=1.00 rootload=1.00
ramon: poll                 wall=01m19.000s usage=01m18.965s user=01m18.801s sys=00.164s mem=135MiB roottime=78.800s load=1.00 rootload=1.00
ramon: poll                 wall=01m20.000s usage=01m19.965s user=01m19.801s sys=00.164s mem=137MiB roottime=79.800s load=1.00 rootload=1.00
ramon: poll                 wall=01m21.000s usage=01m20.964s user=01m20.800s sys=00.164s mem=137MiB roottime=80.790s load=1.00 rootload=0.99
ramon: end                  Sun Feb  9 08:32:56 2025
ramon: root.execname        z3
ramon: root.utime           81.560s
ramon: root.stime           0.180s
ramon: group.total          81.756s
ramon: group.utime          81.570s
ramon: group.stime          0.186s
ramon: group.mempeak        137MiB
ramon: group.pidpeak        2
ramon: status               exited
ramon: exitcode             0
ramon: walltime             81.793s
ramon: loadavg              1.00
