ramon: cwd                  /home/runner/a/_work/z3-poly-testing/z3-poly-testing
ramon: start                Sun Feb  9 08:06:59 2025
ramon: nproc                128
ramon: sys.mem              64150 MiB
ramon: sys.mem.free         48487 MiB
ramon: sys.mem.avail        63892 MiB
ramon: sys.nprocs           2701
ramon: argv                 0 = z3
ramon: argv                 1 = inputs/QF_LIA/n8196-prp-1-47.smt2
ramon: argv                 2 = -T:600
ramon: argv                 3 = -st
ramon: childpid             1798087
ramon: end                  Sun Feb  9 08:06:59 2025
ramon: root.execname        z3
ramon: root.utime           0.190s
ramon: root.stime           0.030s
ramon: group.total          0.221s
ramon: group.utime          0.195s
ramon: group.stime          0.026s
ramon: group.mempeak        22348KiB
ramon: group.pidpeak        2
ramon: status               exited
ramon: exitcode             0
ramon: walltime             0.230s
ramon: loadavg              0.96
