ramon: cwd                  /home/runner/a/_work/z3-poly-testing/z3-poly-testing
ramon: start                Fri Feb  7 13:05:48 2025
ramon: nproc                128
ramon: sys.mem              64150 MiB
ramon: sys.mem.free         33608 MiB
ramon: sys.mem.avail        63925 MiB
ramon: sys.nprocs           2282
ramon: argv                 0 = z3
ramon: argv                 1 = inputs/QF_LIA/ex8600_2600_100.smt2
ramon: argv                 2 = -T:600
ramon: argv                 3 = -st
ramon: argv                 4 = smt.arith.lp.dio_eqs=false
ramon: childpid             152132
ramon: end                  Fri Feb  7 13:05:48 2025
ramon: root.execname        z3
ramon: root.utime           0.150s
ramon: root.stime           0.030s
ramon: group.total          0.187s
ramon: group.utime          0.153s
ramon: group.stime          0.034s
ramon: group.mempeak        28556KiB
ramon: group.pidpeak        2
ramon: status               exited
ramon: exitcode             0
ramon: walltime             0.207s
ramon: loadavg              0.90
