ramon: cwd                  /home/runner/a/_work/z3-poly-testing/z3-poly-testing
ramon: start                Tue Apr  8 19:52:33 2025
ramon: nproc                128
ramon: sys.mem              64150 MiB
ramon: sys.mem.free         37900 MiB
ramon: sys.mem.avail        64081 MiB
ramon: sys.nprocs           3148
ramon: argv                 0 = z3
ramon: argv                 1 = /home/runner/a/_work/z3-poly-testing/z3-poly-testing/download/non-incremental/QF_LIA/nec-smt/large/int_from_list/prp-58-48.smt2
ramon: argv                 2 = -T:600
ramon: argv                 3 = -st
ramon: argv                 4 = lp.dio=true
ramon: argv                 5 = lp.dio_run_gcd=false
ramon: childpid             411645
ramon: poll                 wall=01.000s usage=00.970s user=00.849s sys=00.121s mem=22196KiB roottime=0.840s load=0.97 rootload=0.84
ramon: poll                 wall=02.005s usage=01.964s user=01.834s sys=00.130s mem=24404KiB roottime=1.830s load=0.99 rootload=0.99
ramon: poll                 wall=03.004s usage=02.951s user=02.751s sys=00.200s mem=40576KiB roottime=2.750s load=0.99 rootload=0.92
ramon: poll                 wall=04.004s usage=03.939s user=03.662s sys=00.278s mem=48720KiB roottime=3.660s load=0.99 rootload=0.91
ramon: poll                 wall=05.004s usage=04.930s user=04.647s sys=00.283s mem=49164KiB roottime=4.640s load=0.99 rootload=0.98
ramon: poll                 wall=06.005s usage=05.920s user=05.628s sys=00.293s mem=49908KiB roottime=5.620s load=0.99 rootload=0.98
ramon: poll                 wall=07.012s usage=06.918s user=06.620s sys=00.298s mem=50120KiB roottime=6.610s load=0.99 rootload=0.98
ramon: poll                 wall=08.005s usage=07.903s user=07.600s sys=00.303s mem=50804KiB roottime=7.590s load=0.99 rootload=0.99
ramon: poll                 wall=09.000s usage=08.885s user=08.582s sys=00.304s mem=50876KiB roottime=8.580s load=0.99 rootload=0.99
ramon: poll                 wall=10.000s usage=09.868s user=09.563s sys=00.306s mem=50976KiB roottime=9.560s load=0.98 rootload=0.98
ramon: poll                 wall=11.000s usage=10.853s user=10.545s sys=00.309s mem=51280KiB roottime=10.540s load=0.98 rootload=0.98
ramon: poll                 wall=12.000s usage=11.841s user=11.532s sys=00.309s mem=51396KiB roottime=11.530s load=0.99 rootload=0.99
ramon: poll                 wall=13.000s usage=12.830s user=12.519s sys=00.312s mem=51584KiB roottime=12.510s load=0.99 rootload=0.98
ramon: poll                 wall=14.003s usage=13.826s user=13.510s sys=00.316s mem=52072KiB roottime=13.500s load=0.99 rootload=0.99
ramon: end                  Tue Apr  8 19:52:48 2025
ramon: root.execname        z3
ramon: root.utime           14.270s
ramon: root.stime           0.340s
ramon: group.total          14.617s
ramon: group.utime          14.274s
ramon: group.stime          0.343s
ramon: group.mempeak        52404KiB
ramon: group.pidpeak        2
ramon: status               exited
ramon: exitcode             0
ramon: walltime             14.803s
ramon: loadavg              0.99
