ramon: cwd                  /home/runner/a/_work/z3-poly-testing/z3-poly-testing
ramon: start                Tue Mar 25 18:17:49 2025
ramon: nproc                128
ramon: sys.mem              64150 MiB
ramon: sys.mem.free         36302 MiB
ramon: sys.mem.avail        64087 MiB
ramon: sys.nprocs           2924
ramon: argv                 0 = z3
ramon: argv                 1 = inputs/QF_LIA/45-30.smt2
ramon: argv                 2 = -T:600
ramon: argv                 3 = -st
ramon: argv                 4 = rewriter.elim_ite_value_tree=false
ramon: childpid             431984
ramon: end                  Tue Mar 25 18:17:50 2025
ramon: root.execname        z3
ramon: root.utime           0.110s
ramon: root.stime           0.090s
ramon: group.total          0.211s
ramon: group.utime          0.116s
ramon: group.stime          0.095s
ramon: group.mempeak        21132KiB
ramon: group.pidpeak        3
ramon: status               exited
ramon: exitcode             0
ramon: walltime             0.249s
ramon: loadavg              0.85
