ramon: cwd                  /home/runner/a/_work/z3-poly-testing/z3-poly-testing
ramon: start                Tue Mar 25 18:19:00 2025
ramon: nproc                128
ramon: sys.mem              64150 MiB
ramon: sys.mem.free         35578 MiB
ramon: sys.mem.avail        64087 MiB
ramon: sys.nprocs           2933
ramon: argv                 0 = z3
ramon: argv                 1 = inputs/QF_LIA/ex26500_2600_100.smt2
ramon: argv                 2 = -T:600
ramon: argv                 3 = -st
ramon: argv                 4 = rewriter.elim_ite_value_tree=false
ramon: childpid             436873
ramon: poll                 wall=01.005s usage=00.946s user=00.838s sys=00.107s mem=29112KiB roottime=0.830s load=0.94 rootload=0.83
ramon: poll                 wall=02.007s usage=01.923s user=01.808s sys=00.115s mem=29912KiB roottime=1.800s load=0.98 rootload=0.97
ramon: end                  Tue Mar 25 18:19:02 2025
ramon: root.execname        z3
ramon: root.utime           2.130s
ramon: root.stime           0.120s
ramon: group.total          2.267s
ramon: group.utime          2.139s
ramon: group.stime          0.127s
ramon: group.mempeak        30296KiB
ramon: group.pidpeak        2
ramon: status               exited
ramon: exitcode             0
ramon: walltime             2.364s
ramon: loadavg              0.96
