ramon: cwd                  /home/runner/a/_work/z3-poly-testing/z3-poly-testing
ramon: start                Tue Mar 25 18:14:32 2025
ramon: nproc                128
ramon: sys.mem              64150 MiB
ramon: sys.mem.free         54641 MiB
ramon: sys.mem.avail        64089 MiB
ramon: sys.nprocs           2332
ramon: argv                 0 = z3
ramon: argv                 1 = inputs/QF_LIA/n4945-RF-10.smt2
ramon: argv                 2 = -T:600
ramon: argv                 3 = -st
ramon: argv                 4 = rewriter.elim_ite_value_tree=false
ramon: childpid             398158
ramon: end                  Tue Mar 25 18:14:33 2025
ramon: root.execname        z3
ramon: root.utime           0.050s
ramon: root.stime           0.040s
ramon: group.total          0.101s
ramon: group.utime          0.059s
ramon: group.stime          0.041s
ramon: group.mempeak        24008KiB
ramon: group.pidpeak        2
ramon: status               exited
ramon: exitcode             0
ramon: walltime             0.111s
ramon: loadavg              0.90
