ramon: cwd                  /home/runner/a/_work/z3-poly-testing/z3-poly-testing
ramon: start                Tue Mar 25 18:32:30 2025
ramon: nproc                128
ramon: sys.mem              64150 MiB
ramon: sys.mem.free         32545 MiB
ramon: sys.mem.avail        64084 MiB
ramon: sys.nprocs           2781
ramon: argv                 0 = z3
ramon: argv                 1 = inputs/QF_LIA/n6465-problem_2__031.smt2
ramon: argv                 2 = -T:600
ramon: argv                 3 = -st
ramon: argv                 4 = rewriter.elim_ite_value_tree=false
ramon: childpid             502768
ramon: poll                 wall=01.005s usage=00.974s user=00.918s sys=00.056s mem=20672KiB roottime=0.910s load=0.97 rootload=0.91
ramon: end                  Tue Mar 25 18:32:31 2025
ramon: root.execname        z3
ramon: root.utime           1.030s
ramon: root.stime           0.060s
ramon: group.total          1.096s
ramon: group.utime          1.031s
ramon: group.stime          0.066s
ramon: group.mempeak        21212KiB
ramon: group.pidpeak        3
ramon: status               exited
ramon: exitcode             0
ramon: walltime             1.130s
ramon: loadavg              0.97
