ramon: cwd                  /home/runner/a/_work/z3-poly-testing/z3-poly-testing
ramon: start                Tue Mar 25 18:14:35 2025
ramon: nproc                128
ramon: sys.mem              64150 MiB
ramon: sys.mem.free         50871 MiB
ramon: sys.mem.avail        64089 MiB
ramon: sys.nprocs           2783
ramon: argv                 0 = z3
ramon: argv                 1 = inputs/QF_LIA/n6578-prp-16-47.smt2
ramon: argv                 2 = -T:600
ramon: argv                 3 = -st
ramon: argv                 4 = rewriter.elim_ite_value_tree=false
ramon: childpid             409100
ramon: poll                 wall=01.004s usage=01.002s user=00.865s sys=00.137s mem=65804KiB roottime=0.860s load=1.00 rootload=0.86
ramon: poll                 wall=02.000s usage=01.998s user=01.726s sys=00.272s mem=127MiB roottime=1.720s load=1.00 rootload=0.86
ramon: poll                 wall=03.000s usage=02.997s user=02.706s sys=00.292s mem=99MiB roottime=2.700s load=1.00 rootload=0.98
ramon: poll                 wall=04.003s usage=04.000s user=03.662s sys=00.338s mem=110MiB roottime=3.660s load=1.00 rootload=0.96
ramon: poll                 wall=05.006s usage=05.003s user=04.655s sys=00.348s mem=113MiB roottime=4.650s load=1.00 rootload=0.99
ramon: poll                 wall=06.010s usage=06.007s user=05.553s sys=00.454s mem=161MiB roottime=5.550s load=1.00 rootload=0.90
ramon: poll                 wall=07.000s usage=06.996s user=06.367s sys=00.630s mem=201MiB roottime=6.360s load=1.00 rootload=0.82
ramon: poll                 wall=08.000s usage=07.996s user=07.337s sys=00.660s mem=223MiB roottime=7.330s load=1.00 rootload=0.97
ramon: poll                 wall=09.000s usage=08.997s user=08.313s sys=00.684s mem=234MiB roottime=8.310s load=1.00 rootload=0.98
ramon: poll                 wall=10.000s usage=09.997s user=09.189s sys=00.808s mem=281MiB roottime=9.180s load=1.00 rootload=0.87
ramon: poll                 wall=11.000s usage=10.997s user=10.029s sys=00.968s mem=336MiB roottime=10.020s load=1.00 rootload=0.84
ramon: poll                 wall=12.000s usage=11.997s user=11.009s sys=00.988s mem=343MiB roottime=11.000s load=1.00 rootload=0.98
ramon: poll                 wall=13.000s usage=12.996s user=12.006s sys=00.990s mem=344MiB roottime=12.000s load=1.00 rootload=1.00
ramon: poll                 wall=14.004s usage=13.999s user=13.010s sys=00.990s mem=344MiB roottime=13.000s load=1.00 rootload=1.00
ramon: poll                 wall=15.000s usage=14.996s user=14.006s sys=00.990s mem=345MiB roottime=14.000s load=1.00 rootload=1.00
ramon: poll                 wall=16.000s usage=15.996s user=15.004s sys=00.992s mem=345MiB roottime=15.000s load=1.00 rootload=1.00
ramon: poll                 wall=17.002s usage=16.997s user=16.004s sys=00.993s mem=345MiB roottime=16.000s load=1.00 rootload=1.00
ramon: poll                 wall=18.004s usage=17.998s user=17.003s sys=00.996s mem=345MiB roottime=17.000s load=1.00 rootload=1.00
ramon: poll                 wall=19.000s usage=18.995s user=17.998s sys=00.997s mem=346MiB roottime=17.990s load=1.00 rootload=0.99
ramon: poll                 wall=20.002s usage=19.996s user=18.999s sys=00.997s mem=346MiB roottime=18.990s load=1.00 rootload=1.00
ramon: poll                 wall=21.008s usage=21.002s user=20.003s sys=00.999s mem=346MiB roottime=20.000s load=1.00 rootload=1.00
ramon: poll                 wall=22.001s usage=21.994s user=20.996s sys=00.999s mem=346MiB roottime=20.990s load=1.00 rootload=1.00
ramon: poll                 wall=23.008s usage=23.001s user=22.002s sys=00.999s mem=346MiB roottime=22.000s load=1.00 rootload=1.00
ramon: poll                 wall=24.000s usage=23.993s user=22.994s sys=00.999s mem=346MiB roottime=22.990s load=1.00 rootload=1.00
ramon: poll                 wall=25.000s usage=24.992s user=23.993s sys=00.999s mem=346MiB roottime=23.990s load=1.00 rootload=1.00
ramon: poll                 wall=26.015s usage=26.007s user=25.008s sys=00.999s mem=346MiB roottime=25.000s load=1.00 rootload=1.00
ramon: poll                 wall=27.020s usage=27.011s user=26.013s sys=00.999s mem=346MiB roottime=26.010s load=1.00 rootload=1.01
ramon: poll                 wall=28.013s usage=28.004s user=27.005s sys=00.999s mem=346MiB roottime=27.000s load=1.00 rootload=1.00
ramon: poll                 wall=29.004s usage=28.994s user=27.995s sys=01.000s mem=346MiB roottime=27.990s load=1.00 rootload=1.00
ramon: poll                 wall=30.013s usage=30.003s user=29.002s sys=01.001s mem=346MiB roottime=29.000s load=1.00 rootload=1.00
ramon: poll                 wall=31.001s usage=30.991s user=29.990s sys=01.001s mem=346MiB roottime=29.980s load=1.00 rootload=0.99
ramon: poll                 wall=32.003s usage=31.992s user=30.988s sys=01.004s mem=346MiB roottime=30.980s load=1.00 rootload=1.00
ramon: poll                 wall=33.001s usage=32.988s user=31.984s sys=01.004s mem=346MiB roottime=31.980s load=1.00 rootload=1.00
ramon: poll                 wall=34.015s usage=34.001s user=32.997s sys=01.005s mem=346MiB roottime=32.990s load=1.00 rootload=1.00
ramon: poll                 wall=35.002s usage=34.986s user=33.980s sys=01.007s mem=346MiB roottime=33.970s load=1.00 rootload=0.99
ramon: poll                 wall=36.003s usage=35.986s user=34.980s sys=01.007s mem=346MiB roottime=34.970s load=1.00 rootload=1.00
ramon: poll                 wall=37.008s usage=36.989s user=35.983s sys=01.007s mem=346MiB roottime=35.980s load=1.00 rootload=1.00
ramon: poll                 wall=38.000s usage=37.980s user=36.972s sys=01.008s mem=346MiB roottime=36.970s load=1.00 rootload=1.00
ramon: poll                 wall=39.006s usage=38.984s user=37.976s sys=01.008s mem=346MiB roottime=37.970s load=1.00 rootload=0.99
ramon: poll                 wall=40.004s usage=39.980s user=38.972s sys=01.008s mem=346MiB roottime=38.970s load=1.00 rootload=1.00
ramon: poll                 wall=41.003s usage=40.978s user=39.968s sys=01.010s mem=346MiB roottime=39.960s load=1.00 rootload=0.99
ramon: poll                 wall=42.009s usage=41.982s user=40.972s sys=01.010s mem=346MiB roottime=40.970s load=1.00 rootload=1.00
ramon: poll                 wall=43.007s usage=42.979s user=41.969s sys=01.010s mem=346MiB roottime=41.960s load=1.00 rootload=0.99
ramon: poll                 wall=44.002s usage=43.972s user=42.961s sys=01.011s mem=347MiB roottime=42.960s load=1.00 rootload=1.00
ramon: poll                 wall=45.010s usage=44.979s user=43.968s sys=01.011s mem=346MiB roottime=43.960s load=1.00 rootload=0.99
ramon: poll                 wall=46.003s usage=45.970s user=44.959s sys=01.011s mem=346MiB roottime=44.950s load=1.00 rootload=1.00
ramon: poll                 wall=47.004s usage=46.970s user=45.959s sys=01.011s mem=346MiB roottime=45.950s load=1.00 rootload=1.00
ramon: poll                 wall=48.007s usage=47.971s user=46.959s sys=01.011s mem=347MiB roottime=46.950s load=1.00 rootload=1.00
ramon: poll                 wall=49.000s usage=48.963s user=47.952s sys=01.011s mem=347MiB roottime=47.950s load=1.00 rootload=1.01
ramon: poll                 wall=50.004s usage=49.965s user=48.951s sys=01.013s mem=346MiB roottime=48.950s load=1.00 rootload=1.00
ramon: poll                 wall=51.004s usage=50.964s user=49.951s sys=01.013s mem=346MiB roottime=49.940s load=1.00 rootload=0.99
ramon: poll                 wall=52.000s usage=51.958s user=50.944s sys=01.013s mem=346MiB roottime=50.940s load=1.00 rootload=1.00
ramon: poll                 wall=53.003s usage=52.961s user=51.947s sys=01.013s mem=346MiB roottime=51.940s load=1.00 rootload=1.00
ramon: poll                 wall=54.004s usage=53.961s user=52.947s sys=01.014s mem=347MiB roottime=52.940s load=1.00 rootload=1.00
ramon: poll                 wall=55.000s usage=54.956s user=53.941s sys=01.015s mem=347MiB roottime=53.940s load=1.00 rootload=1.00
ramon: poll                 wall=56.000s usage=55.956s user=54.940s sys=01.015s mem=347MiB roottime=54.940s load=1.00 rootload=1.00
ramon: poll                 wall=57.000s usage=56.956s user=55.940s sys=01.015s mem=347MiB roottime=55.940s load=1.00 rootload=1.00
ramon: poll                 wall=58.004s usage=57.959s user=56.944s sys=01.015s mem=347MiB roottime=56.940s load=1.00 rootload=1.00
ramon: poll                 wall=59.000s usage=58.955s user=57.939s sys=01.015s mem=347MiB roottime=57.930s load=1.00 rootload=0.99
ramon: poll                 wall=01m00.005s usage=59.959s user=58.943s sys=01.016s mem=347MiB roottime=58.940s load=1.00 rootload=1.01
ramon: poll                 wall=01m01.005s usage=01m00.959s user=59.942s sys=01.016s mem=347MiB roottime=59.940s load=1.00 rootload=1.00
ramon: poll                 wall=01m02.012s usage=01m01.965s user=01m00.949s sys=01.016s mem=347MiB roottime=60.940s load=1.00 rootload=0.99
ramon: poll                 wall=01m03.006s usage=01m02.959s user=01m01.942s sys=01.016s mem=347MiB roottime=61.940s load=1.00 rootload=1.01
ramon: poll                 wall=01m04.009s usage=01m03.961s user=01m02.943s sys=01.017s mem=347MiB roottime=62.940s load=1.00 rootload=1.00
ramon: poll                 wall=01m05.011s usage=01m04.962s user=01m03.944s sys=01.018s mem=347MiB roottime=63.940s load=1.00 rootload=1.00
ramon: poll                 wall=01m06.008s usage=01m05.958s user=01m04.936s sys=01.022s mem=347MiB roottime=64.930s load=1.00 rootload=0.99
ramon: poll                 wall=01m07.011s usage=01m06.961s user=01m05.934s sys=01.027s mem=347MiB roottime=65.930s load=1.00 rootload=1.00
ramon: poll                 wall=01m08.006s usage=01m07.955s user=01m06.927s sys=01.028s mem=347MiB roottime=66.920s load=1.00 rootload=0.99
ramon: poll                 wall=01m09.006s usage=01m08.955s user=01m07.926s sys=01.028s mem=347MiB roottime=67.920s load=1.00 rootload=1.00
ramon: poll                 wall=01m10.005s usage=01m09.953s user=01m08.925s sys=01.028s mem=347MiB roottime=68.920s load=1.00 rootload=1.00
ramon: poll                 wall=01m11.004s usage=01m10.952s user=01m09.924s sys=01.028s mem=347MiB roottime=69.920s load=1.00 rootload=1.00
ramon: poll                 wall=01m12.007s usage=01m11.954s user=01m10.926s sys=01.028s mem=347MiB roottime=70.920s load=1.00 rootload=1.00
ramon: poll                 wall=01m13.004s usage=01m12.951s user=01m11.922s sys=01.029s mem=347MiB roottime=71.920s load=1.00 rootload=1.00
ramon: poll                 wall=01m14.005s usage=01m13.951s user=01m12.922s sys=01.029s mem=347MiB roottime=72.920s load=1.00 rootload=1.00
ramon: poll                 wall=01m15.002s usage=01m14.948s user=01m13.919s sys=01.029s mem=347MiB roottime=73.910s load=1.00 rootload=0.99
ramon: poll                 wall=01m16.002s usage=01m15.948s user=01m14.918s sys=01.029s mem=347MiB roottime=74.910s load=1.00 rootload=1.00
ramon: poll                 wall=01m17.005s usage=01m16.950s user=01m15.921s sys=01.029s mem=347MiB roottime=75.920s load=1.00 rootload=1.01
ramon: poll                 wall=01m18.005s usage=01m17.948s user=01m16.919s sys=01.029s mem=347MiB roottime=76.910s load=1.00 rootload=0.99
ramon: poll                 wall=01m19.000s usage=01m18.944s user=01m17.914s sys=01.029s mem=347MiB roottime=77.910s load=1.00 rootload=1.00
ramon: poll                 wall=01m20.002s usage=01m19.944s user=01m18.914s sys=01.030s mem=347MiB roottime=78.910s load=1.00 rootload=1.00
ramon: poll                 wall=01m21.001s usage=01m20.943s user=01m19.912s sys=01.031s mem=347MiB roottime=79.910s load=1.00 rootload=1.00
ramon: poll                 wall=01m22.007s usage=01m21.948s user=01m20.917s sys=01.031s mem=347MiB roottime=80.910s load=1.00 rootload=0.99
ramon: poll                 wall=01m23.003s usage=01m22.944s user=01m21.912s sys=01.032s mem=347MiB roottime=81.910s load=1.00 rootload=1.00
ramon: poll                 wall=01m24.010s usage=01m23.951s user=01m22.917s sys=01.033s mem=347MiB roottime=82.910s load=1.00 rootload=0.99
ramon: poll                 wall=01m25.008s usage=01m24.948s user=01m23.915s sys=01.033s mem=347MiB roottime=83.910s load=1.00 rootload=1.00
ramon: poll                 wall=01m26.007s usage=01m25.947s user=01m24.912s sys=01.034s mem=347MiB roottime=84.910s load=1.00 rootload=1.00
ramon: poll                 wall=01m27.000s usage=01m26.940s user=01m25.906s sys=01.034s mem=347MiB roottime=85.900s load=1.00 rootload=1.00
ramon: poll                 wall=01m28.000s usage=01m27.938s user=01m26.903s sys=01.035s mem=347MiB roottime=86.900s load=1.00 rootload=1.00
ramon: poll                 wall=01m29.008s usage=01m28.945s user=01m27.909s sys=01.035s mem=347MiB roottime=87.900s load=1.00 rootload=0.99
ramon: poll                 wall=01m30.002s usage=01m29.939s user=01m28.903s sys=01.035s mem=347MiB roottime=88.900s load=1.00 rootload=1.01
ramon: poll                 wall=01m31.000s usage=01m30.937s user=01m29.902s sys=01.035s mem=348MiB roottime=89.900s load=1.00 rootload=1.00
ramon: poll                 wall=01m32.002s usage=01m31.938s user=01m30.903s sys=01.035s mem=348MiB roottime=90.900s load=1.00 rootload=1.00
ramon: poll                 wall=01m33.004s usage=01m32.939s user=01m31.904s sys=01.035s mem=348MiB roottime=91.900s load=1.00 rootload=1.00
ramon: poll                 wall=01m34.005s usage=01m33.940s user=01m32.904s sys=01.036s mem=348MiB roottime=92.900s load=1.00 rootload=1.00
ramon: poll                 wall=01m35.003s usage=01m34.938s user=01m33.901s sys=01.036s mem=348MiB roottime=93.900s load=1.00 rootload=1.00
ramon: poll                 wall=01m36.002s usage=01m35.936s user=01m34.900s sys=01.036s mem=348MiB roottime=94.890s load=1.00 rootload=0.99
ramon: poll                 wall=01m37.004s usage=01m36.938s user=01m35.901s sys=01.036s mem=348MiB roottime=95.900s load=1.00 rootload=1.01
ramon: poll                 wall=01m38.000s usage=01m37.934s user=01m36.898s sys=01.036s mem=348MiB roottime=96.890s load=1.00 rootload=0.99
ramon: poll                 wall=01m39.000s usage=01m38.934s user=01m37.895s sys=01.038s mem=348MiB roottime=97.890s load=1.00 rootload=1.00
ramon: poll                 wall=01m40.000s usage=01m39.933s user=01m38.894s sys=01.039s mem=348MiB roottime=98.890s load=1.00 rootload=1.00
ramon: poll                 wall=01m41.000s usage=01m40.933s user=01m39.893s sys=01.039s mem=348MiB roottime=99.890s load=1.00 rootload=1.00
ramon: poll                 wall=01m42.000s usage=01m41.933s user=01m40.892s sys=01.040s mem=348MiB roottime=100.890s load=1.00 rootload=1.00
ramon: poll                 wall=01m43.000s usage=01m42.932s user=01m41.891s sys=01.041s mem=348MiB roottime=101.880s load=1.00 rootload=0.99
ramon: poll                 wall=01m44.005s usage=01m43.936s user=01m42.894s sys=01.041s mem=348MiB roottime=102.890s load=1.00 rootload=1.01
ramon: poll                 wall=01m45.006s usage=01m44.936s user=01m43.895s sys=01.041s mem=348MiB roottime=103.890s load=1.00 rootload=1.00
ramon: poll                 wall=01m46.007s usage=01m45.937s user=01m44.895s sys=01.041s mem=348MiB roottime=104.890s load=1.00 rootload=1.00
ramon: poll                 wall=01m47.000s usage=01m46.930s user=01m45.888s sys=01.042s mem=348MiB roottime=105.880s load=1.00 rootload=1.00
ramon: poll                 wall=01m48.007s usage=01m47.936s user=01m46.894s sys=01.042s mem=348MiB roottime=106.890s load=1.00 rootload=1.00
ramon: poll                 wall=01m49.006s usage=01m48.934s user=01m47.892s sys=01.042s mem=348MiB roottime=107.890s load=1.00 rootload=1.00
ramon: poll                 wall=01m50.000s usage=01m49.929s user=01m48.886s sys=01.043s mem=348MiB roottime=108.880s load=1.00 rootload=1.00
ramon: poll                 wall=01m51.000s usage=01m50.928s user=01m49.885s sys=01.043s mem=348MiB roottime=109.880s load=1.00 rootload=1.00
ramon: poll                 wall=01m52.002s usage=01m51.929s user=01m50.886s sys=01.043s mem=348MiB roottime=110.880s load=1.00 rootload=1.00
ramon: poll                 wall=01m53.000s usage=01m52.927s user=01m51.883s sys=01.043s mem=348MiB roottime=111.880s load=1.00 rootload=1.00
ramon: poll                 wall=01m54.002s usage=01m53.929s user=01m52.885s sys=01.043s mem=348MiB roottime=112.880s load=1.00 rootload=1.00
ramon: poll                 wall=01m55.016s usage=01m54.942s user=01m53.899s sys=01.043s mem=348MiB roottime=113.890s load=1.00 rootload=1.00
ramon: poll                 wall=01m56.008s usage=01m55.934s user=01m54.889s sys=01.044s mem=348MiB roottime=114.880s load=1.00 rootload=1.00
ramon: poll                 wall=01m57.020s usage=01m56.945s user=01m55.901s sys=01.044s mem=348MiB roottime=115.900s load=1.00 rootload=1.01
ramon: poll                 wall=01m58.013s usage=01m57.938s user=01m56.894s sys=01.044s mem=348MiB roottime=116.890s load=1.00 rootload=1.00
ramon: poll                 wall=01m59.015s usage=01m58.939s user=01m57.895s sys=01.044s mem=348MiB roottime=117.890s load=1.00 rootload=1.00
ramon: poll                 wall=02m00.015s usage=01m59.939s user=01m58.895s sys=01.044s mem=348MiB roottime=118.890s load=1.00 rootload=1.00
ramon: poll                 wall=02m01.025s usage=02m00.949s user=01m59.904s sys=01.044s mem=348MiB roottime=119.900s load=1.00 rootload=1.00
ramon: poll                 wall=02m02.020s usage=02m01.944s user=02m00.898s sys=01.045s mem=348MiB roottime=120.890s load=1.00 rootload=1.00
ramon: poll                 wall=02m03.027s usage=02m02.950s user=02m01.905s sys=01.045s mem=348MiB roottime=121.900s load=1.00 rootload=1.00
ramon: poll                 wall=02m04.021s usage=02m03.944s user=02m02.898s sys=01.046s mem=348MiB roottime=122.890s load=1.00 rootload=1.00
ramon: poll                 wall=02m05.019s usage=02m04.942s user=02m03.894s sys=01.047s mem=348MiB roottime=123.890s load=1.00 rootload=1.00
ramon: poll                 wall=02m06.024s usage=02m05.946s user=02m04.898s sys=01.048s mem=348MiB roottime=124.900s load=1.00 rootload=1.00
ramon: poll                 wall=02m07.009s usage=02m06.931s user=02m05.882s sys=01.048s mem=348MiB roottime=125.880s load=1.00 rootload=0.99
ramon: poll                 wall=02m08.027s usage=02m07.949s user=02m06.900s sys=01.048s mem=348MiB roottime=126.900s load=1.00 rootload=1.00
ramon: poll                 wall=02m09.021s usage=02m08.942s user=02m07.893s sys=01.049s mem=348MiB roottime=127.890s load=1.00 rootload=1.00
ramon: poll                 wall=02m10.014s usage=02m09.935s user=02m08.885s sys=01.049s mem=348MiB roottime=128.880s load=1.00 rootload=1.00
ramon: poll                 wall=02m11.006s usage=02m10.927s user=02m09.875s sys=01.051s mem=348MiB roottime=129.870s load=1.00 rootload=1.00
ramon: poll                 wall=02m12.014s usage=02m11.934s user=02m10.882s sys=01.052s mem=348MiB roottime=130.880s load=1.00 rootload=1.00
ramon: poll                 wall=02m13.001s usage=02m12.921s user=02m11.869s sys=01.052s mem=348MiB roottime=131.860s load=1.00 rootload=0.99
ramon: poll                 wall=02m14.001s usage=02m13.920s user=02m12.868s sys=01.052s mem=348MiB roottime=132.860s load=1.00 rootload=1.00
ramon: poll                 wall=02m15.004s usage=02m14.923s user=02m13.871s sys=01.052s mem=348MiB roottime=133.860s load=1.00 rootload=1.00
ramon: poll                 wall=02m16.000s usage=02m15.919s user=02m14.866s sys=01.052s mem=348MiB roottime=134.860s load=1.00 rootload=1.00
ramon: poll                 wall=02m17.000s usage=02m16.919s user=02m15.866s sys=01.052s mem=348MiB roottime=135.860s load=1.00 rootload=1.00
ramon: poll                 wall=02m18.003s usage=02m17.921s user=02m16.869s sys=01.052s mem=348MiB roottime=136.860s load=1.00 rootload=1.00
ramon: poll                 wall=02m19.003s usage=02m18.921s user=02m17.869s sys=01.052s mem=348MiB roottime=137.860s load=1.00 rootload=1.00
ramon: poll                 wall=02m20.003s usage=02m19.921s user=02m18.868s sys=01.052s mem=348MiB roottime=138.860s load=1.00 rootload=1.00
ramon: poll                 wall=02m21.003s usage=02m20.917s user=02m19.865s sys=01.052s mem=349MiB roottime=139.860s load=1.00 rootload=1.00
ramon: poll                 wall=02m22.004s usage=02m21.917s user=02m20.864s sys=01.052s mem=348MiB roottime=140.860s load=1.00 rootload=1.00
ramon: poll                 wall=02m23.003s usage=02m22.915s user=02m21.862s sys=01.052s mem=348MiB roottime=141.860s load=1.00 rootload=1.00
ramon: poll                 wall=02m24.007s usage=02m23.917s user=02m22.864s sys=01.053s mem=349MiB roottime=142.860s load=1.00 rootload=1.00
ramon: poll                 wall=02m25.011s usage=02m24.920s user=02m23.866s sys=01.054s mem=349MiB roottime=143.860s load=1.00 rootload=1.00
ramon: poll                 wall=02m26.007s usage=02m25.914s user=02m24.858s sys=01.055s mem=349MiB roottime=144.850s load=1.00 rootload=0.99
ramon: poll                 wall=02m27.002s usage=02m26.909s user=02m25.852s sys=01.056s mem=349MiB roottime=145.850s load=1.00 rootload=1.01
ramon: poll                 wall=02m28.004s usage=02m27.910s user=02m26.853s sys=01.057s mem=349MiB roottime=146.850s load=1.00 rootload=1.00
ramon: poll                 wall=02m29.000s usage=02m28.906s user=02m27.848s sys=01.057s mem=349MiB roottime=147.840s load=1.00 rootload=0.99
ramon: poll                 wall=02m30.000s usage=02m29.906s user=02m28.849s sys=01.057s mem=349MiB roottime=148.840s load=1.00 rootload=1.00
ramon: poll                 wall=02m31.010s usage=02m30.913s user=02m29.855s sys=01.058s mem=349MiB roottime=149.850s load=1.00 rootload=1.00
ramon: poll                 wall=02m32.004s usage=02m31.907s user=02m30.848s sys=01.058s mem=349MiB roottime=150.840s load=1.00 rootload=1.00
ramon: poll                 wall=02m33.000s usage=02m32.904s user=02m31.845s sys=01.058s mem=349MiB roottime=151.840s load=1.00 rootload=1.00
ramon: poll                 wall=02m34.001s usage=02m33.903s user=02m32.845s sys=01.058s mem=349MiB roottime=152.840s load=1.00 rootload=1.00
ramon: poll                 wall=02m35.003s usage=02m34.905s user=02m33.847s sys=01.058s mem=349MiB roottime=153.840s load=1.00 rootload=1.00
ramon: poll                 wall=02m36.001s usage=02m35.902s user=02m34.844s sys=01.058s mem=349MiB roottime=154.840s load=1.00 rootload=1.00
ramon: poll                 wall=02m37.013s usage=02m36.914s user=02m35.856s sys=01.058s mem=349MiB roottime=155.850s load=1.00 rootload=1.00
ramon: poll                 wall=02m38.000s usage=02m37.902s user=02m36.843s sys=01.058s mem=349MiB roottime=156.840s load=1.00 rootload=1.00
ramon: poll                 wall=02m39.005s usage=02m38.906s user=02m37.844s sys=01.061s mem=349MiB roottime=157.840s load=1.00 rootload=1.00
ramon: poll                 wall=02m40.000s usage=02m39.901s user=02m38.836s sys=01.065s mem=349MiB roottime=158.830s load=1.00 rootload=0.99
ramon: poll                 wall=02m41.003s usage=02m40.903s user=02m39.837s sys=01.065s mem=349MiB roottime=159.830s load=1.00 rootload=1.00
ramon: poll                 wall=02m42.008s usage=02m41.907s user=02m40.842s sys=01.065s mem=349MiB roottime=160.840s load=1.00 rootload=1.01
ramon: poll                 wall=02m43.005s usage=02m42.904s user=02m41.838s sys=01.065s mem=349MiB roottime=161.830s load=1.00 rootload=0.99
ramon: poll                 wall=02m44.004s usage=02m43.902s user=02m42.836s sys=01.066s mem=349MiB roottime=162.830s load=1.00 rootload=1.00
ramon: poll                 wall=02m45.000s usage=02m44.898s user=02m43.831s sys=01.066s mem=349MiB roottime=163.830s load=1.00 rootload=1.00
ramon: poll                 wall=02m46.005s usage=02m45.902s user=02m44.833s sys=01.069s mem=349MiB roottime=164.830s load=1.00 rootload=1.00
ramon: poll                 wall=02m47.008s usage=02m46.905s user=02m45.835s sys=01.070s mem=349MiB roottime=165.830s load=1.00 rootload=1.00
ramon: poll                 wall=02m48.004s usage=02m47.901s user=02m46.830s sys=01.070s mem=349MiB roottime=166.820s load=1.00 rootload=0.99
ramon: poll                 wall=02m49.002s usage=02m48.898s user=02m47.828s sys=01.070s mem=349MiB roottime=167.820s load=1.00 rootload=1.00
ramon: poll                 wall=02m50.000s usage=02m49.896s user=02m48.825s sys=01.070s mem=349MiB roottime=168.820s load=1.00 rootload=1.00
ramon: poll                 wall=02m51.005s usage=02m50.901s user=02m49.830s sys=01.070s mem=349MiB roottime=169.820s load=1.00 rootload=1.00
ramon: poll                 wall=02m52.002s usage=02m51.897s user=02m50.827s sys=01.070s mem=349MiB roottime=170.820s load=1.00 rootload=1.00
ramon: poll                 wall=02m53.004s usage=02m52.899s user=02m51.828s sys=01.071s mem=349MiB roottime=171.820s load=1.00 rootload=1.00
ramon: poll                 wall=02m54.000s usage=02m53.895s user=02m52.823s sys=01.071s mem=349MiB roottime=172.820s load=1.00 rootload=1.00
ramon: poll                 wall=02m55.002s usage=02m54.896s user=02m53.824s sys=01.072s mem=349MiB roottime=173.820s load=1.00 rootload=1.00
ramon: poll                 wall=02m56.000s usage=02m55.894s user=02m54.822s sys=01.072s mem=349MiB roottime=174.820s load=1.00 rootload=1.00
ramon: poll                 wall=02m57.000s usage=02m56.894s user=02m55.821s sys=01.072s mem=349MiB roottime=175.820s load=1.00 rootload=1.00
ramon: poll                 wall=02m58.001s usage=02m57.894s user=02m56.821s sys=01.073s mem=349MiB roottime=176.810s load=1.00 rootload=0.99
ramon: poll                 wall=02m59.000s usage=02m58.893s user=02m57.819s sys=01.073s mem=349MiB roottime=177.810s load=1.00 rootload=1.00
ramon: poll                 wall=03m00.000s usage=02m59.893s user=02m58.819s sys=01.073s mem=349MiB roottime=178.810s load=1.00 rootload=1.00
ramon: poll                 wall=03m01.001s usage=03m00.893s user=02m59.820s sys=01.073s mem=349MiB roottime=179.810s load=1.00 rootload=1.00
ramon: poll                 wall=03m02.003s usage=03m01.895s user=03m00.822s sys=01.073s mem=349MiB roottime=180.820s load=1.00 rootload=1.01
ramon: poll                 wall=03m03.000s usage=03m02.891s user=03m01.817s sys=01.074s mem=349MiB roottime=181.810s load=1.00 rootload=0.99
ramon: poll                 wall=03m04.000s usage=03m03.891s user=03m02.817s sys=01.074s mem=349MiB roottime=182.810s load=1.00 rootload=1.00
ramon: poll                 wall=03m05.004s usage=03m04.895s user=03m03.819s sys=01.075s mem=349MiB roottime=183.810s load=1.00 rootload=1.00
ramon: poll                 wall=03m06.004s usage=03m05.895s user=03m04.819s sys=01.075s mem=349MiB roottime=184.810s load=1.00 rootload=1.00
ramon: poll                 wall=03m07.000s usage=03m06.890s user=03m05.815s sys=01.075s mem=349MiB roottime=185.810s load=1.00 rootload=1.00
ramon: poll                 wall=03m08.006s usage=03m07.896s user=03m06.820s sys=01.075s mem=349MiB roottime=186.810s load=1.00 rootload=0.99
ramon: poll                 wall=03m09.003s usage=03m08.892s user=03m07.817s sys=01.075s mem=349MiB roottime=187.810s load=1.00 rootload=1.00
ramon: poll                 wall=03m10.006s usage=03m09.895s user=03m08.820s sys=01.075s mem=349MiB roottime=188.810s load=1.00 rootload=1.00
ramon: poll                 wall=03m11.003s usage=03m10.892s user=03m09.816s sys=01.075s mem=349MiB roottime=189.810s load=1.00 rootload=1.00
ramon: poll                 wall=03m12.008s usage=03m11.897s user=03m10.821s sys=01.075s mem=349MiB roottime=190.820s load=1.00 rootload=1.00
ramon: poll                 wall=03m13.010s usage=03m12.898s user=03m11.823s sys=01.075s mem=349MiB roottime=191.820s load=1.00 rootload=1.00
ramon: poll                 wall=03m14.014s usage=03m13.902s user=03m12.826s sys=01.075s mem=349MiB roottime=192.820s load=1.00 rootload=1.00
ramon: poll                 wall=03m15.008s usage=03m14.895s user=03m13.820s sys=01.075s mem=349MiB roottime=193.810s load=1.00 rootload=1.00
ramon: poll                 wall=03m16.003s usage=03m15.890s user=03m14.815s sys=01.075s mem=349MiB roottime=194.810s load=1.00 rootload=1.01
ramon: poll                 wall=03m17.001s usage=03m16.888s user=03m15.812s sys=01.075s mem=349MiB roottime=195.810s load=1.00 rootload=1.00
ramon: poll                 wall=03m18.000s usage=03m17.887s user=03m16.811s sys=01.075s mem=349MiB roottime=196.810s load=1.00 rootload=1.00
ramon: poll                 wall=03m19.005s usage=03m18.891s user=03m17.816s sys=01.075s mem=349MiB roottime=197.810s load=1.00 rootload=1.00
ramon: poll                 wall=03m20.007s usage=03m19.893s user=03m18.818s sys=01.075s mem=349MiB roottime=198.810s load=1.00 rootload=1.00
ramon: poll                 wall=03m21.005s usage=03m20.891s user=03m19.815s sys=01.075s mem=349MiB roottime=199.810s load=1.00 rootload=1.00
ramon: poll                 wall=03m22.011s usage=03m21.897s user=03m20.819s sys=01.078s mem=350MiB roottime=200.810s load=1.00 rootload=0.99
ramon: poll                 wall=03m23.005s usage=03m22.890s user=03m21.812s sys=01.079s mem=350MiB roottime=201.810s load=1.00 rootload=1.01
ramon: poll                 wall=03m24.011s usage=03m23.896s user=03m22.816s sys=01.080s mem=350MiB roottime=202.810s load=1.00 rootload=0.99
ramon: poll                 wall=03m25.007s usage=03m24.891s user=03m23.811s sys=01.080s mem=350MiB roottime=203.810s load=1.00 rootload=1.00
ramon: poll                 wall=03m26.005s usage=03m25.889s user=03m24.808s sys=01.081s mem=350MiB roottime=204.800s load=1.00 rootload=0.99
ramon: poll                 wall=03m27.011s usage=03m26.894s user=03m25.814s sys=01.081s mem=350MiB roottime=205.810s load=1.00 rootload=1.00
ramon: poll                 wall=03m28.008s usage=03m27.891s user=03m26.811s sys=01.081s mem=350MiB roottime=206.800s load=1.00 rootload=0.99
ramon: poll                 wall=03m29.009s usage=03m28.892s user=03m27.811s sys=01.081s mem=350MiB roottime=207.810s load=1.00 rootload=1.01
ramon: poll                 wall=03m30.005s usage=03m29.887s user=03m28.807s sys=01.081s mem=350MiB roottime=208.800s load=1.00 rootload=0.99
ramon: poll                 wall=03m31.009s usage=03m30.891s user=03m29.810s sys=01.081s mem=350MiB roottime=209.800s load=1.00 rootload=1.00
ramon: poll                 wall=03m32.010s usage=03m31.892s user=03m30.811s sys=01.081s mem=350MiB roottime=210.810s load=1.00 rootload=1.01
ramon: poll                 wall=03m33.009s usage=03m32.890s user=03m31.809s sys=01.082s mem=350MiB roottime=211.800s load=1.00 rootload=0.99
ramon: poll                 wall=03m34.004s usage=03m33.885s user=03m32.801s sys=01.084s mem=350MiB roottime=212.800s load=1.00 rootload=1.00
ramon: poll                 wall=03m35.011s usage=03m34.891s user=03m33.807s sys=01.084s mem=350MiB roottime=213.800s load=1.00 rootload=0.99
ramon: poll                 wall=03m36.007s usage=03m35.887s user=03m34.802s sys=01.085s mem=350MiB roottime=214.800s load=1.00 rootload=1.00
ramon: poll                 wall=03m37.007s usage=03m36.887s user=03m35.801s sys=01.086s mem=350MiB roottime=215.800s load=1.00 rootload=1.00
ramon: poll                 wall=03m38.013s usage=03m37.892s user=03m36.806s sys=01.087s mem=350MiB roottime=216.800s load=1.00 rootload=0.99
ramon: poll                 wall=03m39.010s usage=03m38.889s user=03m37.802s sys=01.087s mem=350MiB roottime=217.800s load=1.00 rootload=1.00
ramon: poll                 wall=03m40.009s usage=03m39.887s user=03m38.801s sys=01.087s mem=350MiB roottime=218.790s load=1.00 rootload=0.99
ramon: poll                 wall=03m41.009s usage=03m40.887s user=03m39.800s sys=01.087s mem=350MiB roottime=219.790s load=1.00 rootload=1.00
ramon: poll                 wall=03m42.009s usage=03m41.887s user=03m40.800s sys=01.087s mem=350MiB roottime=220.790s load=1.00 rootload=1.00
ramon: poll                 wall=03m43.009s usage=03m42.886s user=03m41.800s sys=01.087s mem=350MiB roottime=221.790s load=1.00 rootload=1.00
ramon: poll                 wall=03m44.011s usage=03m43.888s user=03m42.801s sys=01.087s mem=350MiB roottime=222.800s load=1.00 rootload=1.01
ramon: poll                 wall=03m45.009s usage=03m44.886s user=03m43.799s sys=01.087s mem=350MiB roottime=223.790s load=1.00 rootload=0.99
ramon: poll                 wall=03m46.003s usage=03m45.879s user=03m44.793s sys=01.087s mem=350MiB roottime=224.790s load=1.00 rootload=1.01
ramon: poll                 wall=03m47.006s usage=03m46.882s user=03m45.796s sys=01.087s mem=350MiB roottime=225.790s load=1.00 rootload=1.00
ramon: poll                 wall=03m48.008s usage=03m47.884s user=03m46.797s sys=01.087s mem=350MiB roottime=226.790s load=1.00 rootload=1.00
ramon: poll                 wall=03m49.005s usage=03m48.881s user=03m47.794s sys=01.087s mem=350MiB roottime=227.790s load=1.00 rootload=1.00
ramon: poll                 wall=03m50.004s usage=03m49.879s user=03m48.793s sys=01.087s mem=350MiB roottime=228.790s load=1.00 rootload=1.00
ramon: poll                 wall=03m51.004s usage=03m50.879s user=03m49.793s sys=01.087s mem=350MiB roottime=229.790s load=1.00 rootload=1.00
ramon: poll                 wall=03m52.006s usage=03m51.881s user=03m50.794s sys=01.087s mem=350MiB roottime=230.790s load=1.00 rootload=1.00
ramon: poll                 wall=03m53.002s usage=03m52.876s user=03m51.790s sys=01.087s mem=350MiB roottime=231.780s load=1.00 rootload=0.99
ramon: poll                 wall=03m54.004s usage=03m53.878s user=03m52.791s sys=01.087s mem=350MiB roottime=232.790s load=1.00 rootload=1.01
ramon: poll                 wall=03m55.003s usage=03m54.877s user=03m53.790s sys=01.087s mem=350MiB roottime=233.780s load=1.00 rootload=0.99
ramon: poll                 wall=03m56.003s usage=03m55.876s user=03m54.790s sys=01.087s mem=350MiB roottime=234.780s load=1.00 rootload=1.00
ramon: poll                 wall=03m57.002s usage=03m56.876s user=03m55.789s sys=01.087s mem=350MiB roottime=235.780s load=1.00 rootload=1.00
ramon: poll                 wall=03m58.004s usage=03m57.876s user=03m56.790s sys=01.087s mem=350MiB roottime=236.780s load=1.00 rootload=1.00
ramon: poll                 wall=03m59.003s usage=03m58.875s user=03m57.788s sys=01.087s mem=350MiB roottime=237.780s load=1.00 rootload=1.00
ramon: poll                 wall=04m00.005s usage=03m59.876s user=03m58.790s sys=01.087s mem=350MiB roottime=238.790s load=1.00 rootload=1.01
ramon: poll                 wall=04m01.004s usage=04m00.875s user=03m59.788s sys=01.088s mem=350MiB roottime=239.780s load=1.00 rootload=0.99
ramon: poll                 wall=04m02.000s usage=04m01.871s user=04m00.783s sys=01.088s mem=350MiB roottime=240.780s load=1.00 rootload=1.00
ramon: poll                 wall=04m03.000s usage=04m02.872s user=04m01.784s sys=01.088s mem=350MiB roottime=241.780s load=1.00 rootload=1.00
ramon: poll                 wall=04m04.000s usage=04m03.871s user=04m02.784s sys=01.088s mem=350MiB roottime=242.780s load=1.00 rootload=1.00
ramon: poll                 wall=04m05.000s usage=04m04.871s user=04m03.783s sys=01.088s mem=350MiB roottime=243.780s load=1.00 rootload=1.00
ramon: poll                 wall=04m06.004s usage=04m05.873s user=04m04.786s sys=01.088s mem=350MiB roottime=244.780s load=1.00 rootload=1.00
ramon: poll                 wall=04m07.006s usage=04m06.875s user=04m05.788s sys=01.088s mem=350MiB roottime=245.780s load=1.00 rootload=1.00
ramon: poll                 wall=04m08.000s usage=04m07.870s user=04m06.782s sys=01.088s mem=350MiB roottime=246.780s load=1.00 rootload=1.01
ramon: poll                 wall=04m09.007s usage=04m08.876s user=04m07.788s sys=01.088s mem=350MiB roottime=247.780s load=1.00 rootload=0.99
ramon: poll                 wall=04m10.000s usage=04m09.869s user=04m08.779s sys=01.091s mem=350MiB roottime=248.770s load=1.00 rootload=1.00
ramon: poll                 wall=04m11.009s usage=04m10.877s user=04m09.787s sys=01.091s mem=350MiB roottime=249.780s load=1.00 rootload=1.00
ramon: poll                 wall=04m12.002s usage=04m11.870s user=04m10.779s sys=01.091s mem=350MiB roottime=250.770s load=1.00 rootload=1.00
ramon: poll                 wall=04m13.019s usage=04m12.886s user=04m11.796s sys=01.091s mem=350MiB roottime=251.790s load=1.00 rootload=1.00
ramon: poll                 wall=04m14.011s usage=04m13.878s user=04m12.787s sys=01.091s mem=350MiB roottime=252.780s load=1.00 rootload=1.00
ramon: poll                 wall=04m15.004s usage=04m14.871s user=04m13.779s sys=01.092s mem=350MiB roottime=253.770s load=1.00 rootload=1.00
ramon: poll                 wall=04m16.000s usage=04m15.866s user=04m14.775s sys=01.092s mem=350MiB roottime=254.770s load=1.00 rootload=1.00
ramon: poll                 wall=04m17.001s usage=04m16.867s user=04m15.775s sys=01.092s mem=350MiB roottime=255.770s load=1.00 rootload=1.00
ramon: poll                 wall=04m18.004s usage=04m17.869s user=04m16.778s sys=01.092s mem=350MiB roottime=256.770s load=1.00 rootload=1.00
ramon: poll                 wall=04m19.000s usage=04m18.865s user=04m17.773s sys=01.092s mem=350MiB roottime=257.770s load=1.00 rootload=1.00
ramon: poll                 wall=04m20.003s usage=04m19.868s user=04m18.776s sys=01.092s mem=350MiB roottime=258.770s load=1.00 rootload=1.00
ramon: poll                 wall=04m21.002s usage=04m20.866s user=04m19.775s sys=01.092s mem=350MiB roottime=259.770s load=1.00 rootload=1.00
ramon: poll                 wall=04m22.002s usage=04m21.866s user=04m20.775s sys=01.092s mem=350MiB roottime=260.770s load=1.00 rootload=1.00
ramon: poll                 wall=04m23.007s usage=04m22.872s user=04m21.780s sys=01.092s mem=350MiB roottime=261.770s load=1.00 rootload=0.99
ramon: poll                 wall=04m24.000s usage=04m23.865s user=04m22.773s sys=01.092s mem=350MiB roottime=262.770s load=1.00 rootload=1.01
ramon: poll                 wall=04m25.000s usage=04m24.864s user=04m23.773s sys=01.092s mem=350MiB roottime=263.770s load=1.00 rootload=1.00
ramon: poll                 wall=04m26.004s usage=04m25.867s user=04m24.776s sys=01.092s mem=350MiB roottime=264.770s load=1.00 rootload=1.00
ramon: poll                 wall=04m27.001s usage=04m26.864s user=04m25.772s sys=01.092s mem=350MiB roottime=265.770s load=1.00 rootload=1.00
ramon: poll                 wall=04m28.008s usage=04m27.872s user=04m26.780s sys=01.092s mem=350MiB roottime=266.770s load=1.00 rootload=0.99
ramon: poll                 wall=04m29.007s usage=04m28.869s user=04m27.778s sys=01.092s mem=350MiB roottime=267.770s load=1.00 rootload=1.00
ramon: poll                 wall=04m30.008s usage=04m29.870s user=04m28.779s sys=01.092s mem=350MiB roottime=268.770s load=1.00 rootload=1.00
ramon: poll                 wall=04m31.001s usage=04m30.863s user=04m29.771s sys=01.092s mem=350MiB roottime=269.770s load=1.00 rootload=1.01
ramon: poll                 wall=04m32.003s usage=04m31.864s user=04m30.772s sys=01.093s mem=350MiB roottime=270.770s load=1.00 rootload=1.00
ramon: poll                 wall=04m33.004s usage=04m32.865s user=04m31.772s sys=01.094s mem=350MiB roottime=271.770s load=1.00 rootload=1.00
ramon: poll                 wall=04m34.000s usage=04m33.861s user=04m32.766s sys=01.095s mem=350MiB roottime=272.760s load=1.00 rootload=0.99
ramon: poll                 wall=04m35.000s usage=04m34.860s user=04m33.766s sys=01.095s mem=350MiB roottime=273.760s load=1.00 rootload=1.00
ramon: poll                 wall=04m36.004s usage=04m35.864s user=04m34.770s sys=01.095s mem=350MiB roottime=274.760s load=1.00 rootload=1.00
ramon: poll                 wall=04m37.005s usage=04m36.865s user=04m35.770s sys=01.095s mem=350MiB roottime=275.760s load=1.00 rootload=1.00
ramon: poll                 wall=04m38.000s usage=04m37.859s user=04m36.764s sys=01.096s mem=350MiB roottime=276.760s load=1.00 rootload=1.00
ramon: poll                 wall=04m39.004s usage=04m38.863s user=04m37.767s sys=01.096s mem=350MiB roottime=277.760s load=1.00 rootload=1.00
ramon: poll                 wall=04m40.006s usage=04m39.864s user=04m38.769s sys=01.096s mem=350MiB roottime=278.760s load=1.00 rootload=1.00
ramon: poll                 wall=04m41.004s usage=04m40.862s user=04m39.765s sys=01.097s mem=350MiB roottime=279.760s load=1.00 rootload=1.00
ramon: poll                 wall=04m42.003s usage=04m41.861s user=04m40.762s sys=01.099s mem=350MiB roottime=280.760s load=1.00 rootload=1.00
ramon: poll                 wall=04m43.005s usage=04m42.862s user=04m41.764s sys=01.099s mem=350MiB roottime=281.760s load=1.00 rootload=1.00
ramon: poll                 wall=04m44.008s usage=04m43.865s user=04m42.766s sys=01.100s mem=350MiB roottime=282.760s load=1.00 rootload=1.00
ramon: poll                 wall=04m45.000s usage=04m44.857s user=04m43.757s sys=01.100s mem=350MiB roottime=283.750s load=1.00 rootload=1.00
ramon: poll                 wall=04m46.008s usage=04m45.864s user=04m44.765s sys=01.100s mem=350MiB roottime=284.760s load=1.00 rootload=1.00
ramon: poll                 wall=04m47.017s usage=04m46.873s user=04m45.773s sys=01.100s mem=350MiB roottime=285.770s load=1.00 rootload=1.00
ramon: poll                 wall=04m48.005s usage=04m47.860s user=04m46.761s sys=01.100s mem=350MiB roottime=286.760s load=1.00 rootload=1.00
ramon: poll                 wall=04m49.007s usage=04m48.862s user=04m47.761s sys=01.101s mem=350MiB roottime=287.760s load=1.00 rootload=1.00
ramon: poll                 wall=04m50.005s usage=04m49.860s user=04m48.759s sys=01.101s mem=350MiB roottime=288.750s load=1.00 rootload=0.99
ramon: poll                 wall=04m51.007s usage=04m50.861s user=04m49.758s sys=01.103s mem=350MiB roottime=289.750s load=1.00 rootload=1.00
ramon: poll                 wall=04m52.003s usage=04m51.857s user=04m50.754s sys=01.103s mem=350MiB roottime=290.750s load=1.00 rootload=1.00
ramon: poll                 wall=04m53.002s usage=04m52.855s user=04m51.752s sys=01.104s mem=350MiB roottime=291.750s load=1.00 rootload=1.00
ramon: poll                 wall=04m54.005s usage=04m53.858s user=04m52.753s sys=01.105s mem=350MiB roottime=292.750s load=1.00 rootload=1.00
ramon: poll                 wall=04m55.003s usage=04m54.855s user=04m53.751s sys=01.105s mem=350MiB roottime=293.750s load=1.00 rootload=1.00
ramon: poll                 wall=04m56.002s usage=04m55.854s user=04m54.750s sys=01.105s mem=350MiB roottime=294.740s load=1.00 rootload=0.99
ramon: poll                 wall=04m57.004s usage=04m56.855s user=04m55.750s sys=01.106s mem=350MiB roottime=295.740s load=1.00 rootload=1.00
ramon: poll                 wall=04m58.002s usage=04m57.851s user=04m56.746s sys=01.106s mem=350MiB roottime=296.740s load=1.00 rootload=1.00
ramon: poll                 wall=04m59.001s usage=04m58.848s user=04m57.742s sys=01.106s mem=350MiB roottime=297.740s load=1.00 rootload=1.00
ramon: poll                 wall=05m00.004s usage=04m59.849s user=04m58.743s sys=01.106s mem=350MiB roottime=298.740s load=1.00 rootload=1.00
ramon: poll                 wall=05m01.011s usage=05m00.854s user=04m59.748s sys=01.107s mem=351MiB roottime=299.740s load=1.00 rootload=0.99
ramon: poll                 wall=05m02.000s usage=05m01.843s user=05m00.736s sys=01.107s mem=351MiB roottime=300.730s load=1.00 rootload=1.00
ramon: poll                 wall=05m03.002s usage=05m02.845s user=05m01.737s sys=01.108s mem=351MiB roottime=301.730s load=1.00 rootload=1.00
ramon: poll                 wall=05m04.005s usage=05m03.847s user=05m02.740s sys=01.108s mem=351MiB roottime=302.730s load=1.00 rootload=1.00
ramon: poll                 wall=05m05.005s usage=05m04.847s user=05m03.739s sys=01.108s mem=351MiB roottime=303.730s load=1.00 rootload=1.00
ramon: poll                 wall=05m06.007s usage=05m05.848s user=05m04.741s sys=01.108s mem=351MiB roottime=304.730s load=1.00 rootload=1.00
ramon: poll                 wall=05m07.007s usage=05m06.848s user=05m05.737s sys=01.111s mem=351MiB roottime=305.730s load=1.00 rootload=1.00
ramon: poll                 wall=05m08.006s usage=05m07.846s user=05m06.736s sys=01.111s mem=351MiB roottime=306.730s load=1.00 rootload=1.00
ramon: poll                 wall=05m09.006s usage=05m08.846s user=05m07.736s sys=01.111s mem=351MiB roottime=307.730s load=1.00 rootload=1.00
ramon: poll                 wall=05m10.000s usage=05m09.841s user=05m08.730s sys=01.111s mem=351MiB roottime=308.720s load=1.00 rootload=1.00
ramon: poll                 wall=05m11.005s usage=05m10.845s user=05m09.734s sys=01.111s mem=351MiB roottime=309.730s load=1.00 rootload=1.01
ramon: poll                 wall=05m12.005s usage=05m11.844s user=05m10.734s sys=01.111s mem=351MiB roottime=310.730s load=1.00 rootload=1.00
ramon: poll                 wall=05m13.008s usage=05m12.847s user=05m11.737s sys=01.111s mem=351MiB roottime=311.730s load=1.00 rootload=1.00
ramon: poll                 wall=05m14.005s usage=05m13.843s user=05m12.733s sys=01.111s mem=351MiB roottime=312.730s load=1.00 rootload=1.00
ramon: poll                 wall=05m15.005s usage=05m14.843s user=05m13.733s sys=01.111s mem=351MiB roottime=313.730s load=1.00 rootload=1.00
ramon: poll                 wall=05m16.007s usage=05m15.845s user=05m14.734s sys=01.111s mem=351MiB roottime=314.730s load=1.00 rootload=1.00
ramon: poll                 wall=05m17.000s usage=05m16.838s user=05m15.727s sys=01.111s mem=351MiB roottime=315.720s load=1.00 rootload=1.00
ramon: poll                 wall=05m18.000s usage=05m17.837s user=05m16.727s sys=01.111s mem=351MiB roottime=316.720s load=1.00 rootload=1.00
ramon: poll                 wall=05m19.008s usage=05m18.844s user=05m17.733s sys=01.111s mem=351MiB roottime=317.730s load=1.00 rootload=1.00
ramon: poll                 wall=05m20.010s usage=05m19.845s user=05m18.735s sys=01.111s mem=351MiB roottime=318.730s load=1.00 rootload=1.00
ramon: poll                 wall=05m21.014s usage=05m20.849s user=05m19.739s sys=01.111s mem=351MiB roottime=319.730s load=1.00 rootload=1.00
ramon: poll                 wall=05m22.015s usage=05m21.850s user=05m20.739s sys=01.111s mem=351MiB roottime=320.730s load=1.00 rootload=1.00
ramon: poll                 wall=05m23.004s usage=05m22.838s user=05m21.728s sys=01.111s mem=351MiB roottime=321.720s load=1.00 rootload=1.00
ramon: poll                 wall=05m24.004s usage=05m23.838s user=05m22.728s sys=01.111s mem=351MiB roottime=322.720s load=1.00 rootload=1.00
ramon: poll                 wall=05m25.007s usage=05m24.841s user=05m23.730s sys=01.111s mem=351MiB roottime=323.720s load=1.00 rootload=1.00
ramon: poll                 wall=05m26.006s usage=05m25.839s user=05m24.729s sys=01.111s mem=351MiB roottime=324.720s load=1.00 rootload=1.00
ramon: poll                 wall=05m27.008s usage=05m26.841s user=05m25.731s sys=01.111s mem=351MiB roottime=325.730s load=1.00 rootload=1.01
ramon: poll                 wall=05m28.006s usage=05m27.839s user=05m26.728s sys=01.111s mem=351MiB roottime=326.720s load=1.00 rootload=0.99
ramon: poll                 wall=05m29.004s usage=05m28.837s user=05m27.726s sys=01.111s mem=351MiB roottime=327.720s load=1.00 rootload=1.00
ramon: poll                 wall=05m30.006s usage=05m29.838s user=05m28.728s sys=01.111s mem=351MiB roottime=328.720s load=1.00 rootload=1.00
ramon: poll                 wall=05m31.006s usage=05m30.838s user=05m29.728s sys=01.111s mem=351MiB roottime=329.720s load=1.00 rootload=1.00
ramon: poll                 wall=05m32.007s usage=05m31.839s user=05m30.728s sys=01.111s mem=351MiB roottime=330.720s load=1.00 rootload=1.00
ramon: poll                 wall=05m33.007s usage=05m32.838s user=05m31.728s sys=01.111s mem=351MiB roottime=331.720s load=1.00 rootload=1.00
ramon: poll                 wall=05m34.004s usage=05m33.835s user=05m32.723s sys=01.112s mem=351MiB roottime=332.720s load=1.00 rootload=1.00
ramon: poll                 wall=05m35.004s usage=05m34.834s user=05m33.723s sys=01.112s mem=351MiB roottime=333.720s load=1.00 rootload=1.00
ramon: poll                 wall=05m36.002s usage=05m35.833s user=05m34.720s sys=01.113s mem=351MiB roottime=334.710s load=1.00 rootload=0.99
ramon: poll                 wall=05m37.000s usage=05m36.830s user=05m35.717s sys=01.113s mem=351MiB roottime=335.710s load=1.00 rootload=1.00
ramon: poll                 wall=05m38.000s usage=05m37.830s user=05m36.718s sys=01.113s mem=351MiB roottime=336.710s load=1.00 rootload=1.00
ramon: poll                 wall=05m39.006s usage=05m38.835s user=05m37.723s sys=01.113s mem=351MiB roottime=337.720s load=1.00 rootload=1.00
ramon: poll                 wall=05m40.003s usage=05m39.832s user=05m38.718s sys=01.114s mem=351MiB roottime=338.710s load=1.00 rootload=0.99
ramon: poll                 wall=05m41.004s usage=05m40.834s user=05m39.720s sys=01.114s mem=351MiB roottime=339.710s load=1.00 rootload=1.00
ramon: poll                 wall=05m42.000s usage=05m41.828s user=05m40.713s sys=01.115s mem=351MiB roottime=340.710s load=1.00 rootload=1.00
ramon: poll                 wall=05m43.005s usage=05m42.833s user=05m41.718s sys=01.115s mem=351MiB roottime=341.710s load=1.00 rootload=1.00
ramon: poll                 wall=05m44.004s usage=05m43.831s user=05m42.716s sys=01.116s mem=351MiB roottime=342.710s load=1.00 rootload=1.00
ramon: poll                 wall=05m45.000s usage=05m44.827s user=05m43.712s sys=01.116s mem=351MiB roottime=343.710s load=1.00 rootload=1.00
ramon: poll                 wall=05m46.004s usage=05m45.831s user=05m44.715s sys=01.116s mem=351MiB roottime=344.710s load=1.00 rootload=1.00
ramon: poll                 wall=05m47.011s usage=05m46.840s user=05m45.725s sys=01.116s mem=351MiB roottime=345.730s load=1.00 rootload=1.01
ramon: poll                 wall=05m48.008s usage=05m47.834s user=05m46.719s sys=01.116s mem=351MiB roottime=346.710s load=1.00 rootload=0.98
ramon: poll                 wall=05m49.006s usage=05m48.832s user=05m47.715s sys=01.117s mem=351MiB roottime=347.710s load=1.00 rootload=1.00
ramon: poll                 wall=05m50.009s usage=05m49.835s user=05m48.718s sys=01.117s mem=351MiB roottime=348.710s load=1.00 rootload=1.00
ramon: poll                 wall=05m51.008s usage=05m50.833s user=05m49.717s sys=01.117s mem=351MiB roottime=349.710s load=1.00 rootload=1.00
ramon: poll                 wall=05m52.009s usage=05m51.834s user=05m50.717s sys=01.117s mem=351MiB roottime=350.710s load=1.00 rootload=1.00
ramon: poll                 wall=05m53.008s usage=05m52.833s user=05m51.716s sys=01.117s mem=351MiB roottime=351.710s load=1.00 rootload=1.00
ramon: poll                 wall=05m54.005s usage=05m53.830s user=05m52.713s sys=01.117s mem=351MiB roottime=352.710s load=1.00 rootload=1.00
ramon: poll                 wall=05m55.009s usage=05m54.833s user=05m53.716s sys=01.117s mem=351MiB roottime=353.710s load=1.00 rootload=1.00
ramon: poll                 wall=05m56.000s usage=05m55.824s user=05m54.707s sys=01.117s mem=351MiB roottime=354.700s load=1.00 rootload=1.00
ramon: poll                 wall=05m57.006s usage=05m56.829s user=05m55.713s sys=01.117s mem=351MiB roottime=355.710s load=1.00 rootload=1.00
ramon: poll                 wall=05m58.007s usage=05m57.830s user=05m56.714s sys=01.117s mem=351MiB roottime=356.710s load=1.00 rootload=1.00
ramon: poll                 wall=05m59.003s usage=05m58.826s user=05m57.709s sys=01.117s mem=351MiB roottime=357.700s load=1.00 rootload=0.99
ramon: poll                 wall=06m00.005s usage=05m59.829s user=05m58.712s sys=01.117s mem=351MiB roottime=358.710s load=1.00 rootload=1.01
ramon: poll                 wall=06m01.001s usage=06m00.823s user=05m59.707s sys=01.117s mem=351MiB roottime=359.700s load=1.00 rootload=0.99
ramon: poll                 wall=06m02.001s usage=06m01.823s user=06m00.705s sys=01.118s mem=351MiB roottime=360.700s load=1.00 rootload=1.00
ramon: poll                 wall=06m03.004s usage=06m02.825s user=06m01.707s sys=01.119s mem=351MiB roottime=361.700s load=1.00 rootload=1.00
ramon: poll                 wall=06m04.014s usage=06m03.835s user=06m02.715s sys=01.121s mem=351MiB roottime=362.710s load=1.00 rootload=1.00
ramon: poll                 wall=06m05.001s usage=06m04.822s user=06m03.701s sys=01.121s mem=351MiB roottime=363.700s load=1.00 rootload=1.00
ramon: poll                 wall=06m06.004s usage=06m05.825s user=06m04.703s sys=01.122s mem=351MiB roottime=364.700s load=1.00 rootload=1.00
ramon: poll                 wall=06m07.000s usage=06m06.821s user=06m05.699s sys=01.123s mem=351MiB roottime=365.690s load=1.00 rootload=0.99
ramon: poll                 wall=06m08.000s usage=06m07.821s user=06m06.698s sys=01.123s mem=351MiB roottime=366.690s load=1.00 rootload=1.00
ramon: poll                 wall=06m09.010s usage=06m08.829s user=06m07.706s sys=01.123s mem=351MiB roottime=367.700s load=1.00 rootload=1.00
ramon: poll                 wall=06m10.004s usage=06m09.824s user=06m08.701s sys=01.123s mem=351MiB roottime=368.700s load=1.00 rootload=1.01
ramon: poll                 wall=06m11.011s usage=06m10.829s user=06m09.706s sys=01.124s mem=351MiB roottime=369.700s load=1.00 rootload=0.99
ramon: poll                 wall=06m12.004s usage=06m11.822s user=06m10.698s sys=01.124s mem=351MiB roottime=370.690s load=1.00 rootload=1.00
ramon: poll                 wall=06m13.011s usage=06m12.828s user=06m11.705s sys=01.124s mem=351MiB roottime=371.700s load=1.00 rootload=1.00
ramon: poll                 wall=06m14.018s usage=06m13.835s user=06m12.712s sys=01.124s mem=351MiB roottime=372.710s load=1.00 rootload=1.00
ramon: poll                 wall=06m15.015s usage=06m14.832s user=06m13.708s sys=01.124s mem=351MiB roottime=373.700s load=1.00 rootload=0.99
ramon: poll                 wall=06m16.019s usage=06m15.836s user=06m14.712s sys=01.124s mem=351MiB roottime=374.710s load=1.00 rootload=1.01
ramon: poll                 wall=06m17.009s usage=06m16.825s user=06m15.701s sys=01.124s mem=351MiB roottime=375.700s load=1.00 rootload=1.00
ramon: poll                 wall=06m18.004s usage=06m17.820s user=06m16.696s sys=01.124s mem=351MiB roottime=376.690s load=1.00 rootload=0.99
ramon: poll                 wall=06m19.011s usage=06m18.826s user=06m17.703s sys=01.124s mem=351MiB roottime=377.700s load=1.00 rootload=1.00
ramon: poll                 wall=06m20.013s usage=06m19.828s user=06m18.705s sys=01.124s mem=351MiB roottime=378.700s load=1.00 rootload=1.00
ramon: poll                 wall=06m21.010s usage=06m20.825s user=06m19.701s sys=01.124s mem=351MiB roottime=379.700s load=1.00 rootload=1.00
ramon: poll                 wall=06m22.003s usage=06m21.817s user=06m20.692s sys=01.126s mem=351MiB roottime=380.690s load=1.00 rootload=1.00
ramon: poll                 wall=06m23.008s usage=06m22.822s user=06m21.696s sys=01.126s mem=351MiB roottime=381.690s load=1.00 rootload=1.00
ramon: poll                 wall=06m24.011s usage=06m23.825s user=06m22.698s sys=01.127s mem=351MiB roottime=382.690s load=1.00 rootload=1.00
ramon: poll                 wall=06m25.015s usage=06m24.828s user=06m23.702s sys=01.127s mem=351MiB roottime=383.700s load=1.00 rootload=1.01
ramon: poll                 wall=06m26.008s usage=06m25.821s user=06m24.694s sys=01.127s mem=351MiB roottime=384.690s load=1.00 rootload=1.00
ramon: poll                 wall=06m27.004s usage=06m26.817s user=06m25.690s sys=01.127s mem=351MiB roottime=385.680s load=1.00 rootload=0.99
ramon: poll                 wall=06m28.002s usage=06m27.814s user=06m26.688s sys=01.127s mem=351MiB roottime=386.680s load=1.00 rootload=1.00
ramon: poll                 wall=06m29.006s usage=06m28.818s user=06m27.692s sys=01.127s mem=351MiB roottime=387.690s load=1.00 rootload=1.01
ramon: poll                 wall=06m30.008s usage=06m29.820s user=06m28.693s sys=01.127s mem=351MiB roottime=388.690s load=1.00 rootload=1.00
ramon: poll                 wall=06m31.005s usage=06m30.817s user=06m29.690s sys=01.127s mem=351MiB roottime=389.690s load=1.00 rootload=1.00
ramon: poll                 wall=06m32.011s usage=06m31.822s user=06m30.696s sys=01.127s mem=351MiB roottime=390.690s load=1.00 rootload=0.99
ramon: poll                 wall=06m33.005s usage=06m32.816s user=06m31.690s sys=01.127s mem=351MiB roottime=391.680s load=1.00 rootload=1.00
ramon: poll                 wall=06m34.010s usage=06m33.821s user=06m32.694s sys=01.127s mem=351MiB roottime=392.690s load=1.00 rootload=1.00
ramon: poll                 wall=06m35.013s usage=06m34.824s user=06m33.696s sys=01.128s mem=351MiB roottime=393.690s load=1.00 rootload=1.00
ramon: poll                 wall=06m36.000s usage=06m35.811s user=06m34.684s sys=01.128s mem=351MiB roottime=394.680s load=1.00 rootload=1.00
ramon: poll                 wall=06m37.005s usage=06m36.815s user=06m35.688s sys=01.128s mem=351MiB roottime=395.680s load=1.00 rootload=1.00
ramon: poll                 wall=06m38.000s usage=06m37.811s user=06m36.683s sys=01.128s mem=351MiB roottime=396.680s load=1.00 rootload=1.00
ramon: poll                 wall=06m39.000s usage=06m38.809s user=06m37.682s sys=01.128s mem=351MiB roottime=397.680s load=1.00 rootload=1.00
ramon: poll                 wall=06m40.006s usage=06m39.815s user=06m38.687s sys=01.128s mem=351MiB roottime=398.680s load=1.00 rootload=0.99
ramon: poll                 wall=06m41.004s usage=06m40.813s user=06m39.685s sys=01.128s mem=351MiB roottime=399.680s load=1.00 rootload=1.00
ramon: poll                 wall=06m42.010s usage=06m41.818s user=06m40.690s sys=01.129s mem=351MiB roottime=400.680s load=1.00 rootload=0.99
ramon: poll                 wall=06m43.003s usage=06m42.811s user=06m41.682s sys=01.130s mem=351MiB roottime=401.680s load=1.00 rootload=1.01
ramon: poll                 wall=06m44.003s usage=06m43.811s user=06m42.680s sys=01.131s mem=351MiB roottime=402.670s load=1.00 rootload=0.99
ramon: poll                 wall=06m45.007s usage=06m44.814s user=06m43.684s sys=01.131s mem=351MiB roottime=403.680s load=1.00 rootload=1.01
ramon: poll                 wall=06m46.003s usage=06m45.810s user=06m44.679s sys=01.131s mem=351MiB roottime=404.670s load=1.00 rootload=0.99
ramon: poll                 wall=06m47.010s usage=06m46.817s user=06m45.686s sys=01.131s mem=351MiB roottime=405.680s load=1.00 rootload=1.00
ramon: poll                 wall=06m48.010s usage=06m47.816s user=06m46.685s sys=01.132s mem=351MiB roottime=406.680s load=1.00 rootload=1.00
ramon: poll                 wall=06m49.009s usage=06m48.815s user=06m47.682s sys=01.133s mem=351MiB roottime=407.680s load=1.00 rootload=1.00
ramon: poll                 wall=06m50.020s usage=06m49.825s user=06m48.693s sys=01.133s mem=351MiB roottime=408.690s load=1.00 rootload=1.00
ramon: poll                 wall=06m51.008s usage=06m50.813s user=06m49.681s sys=01.133s mem=351MiB roottime=409.670s load=1.00 rootload=0.99
ramon: poll                 wall=06m52.012s usage=06m51.817s user=06m50.684s sys=01.133s mem=351MiB roottime=410.680s load=1.00 rootload=1.01
ramon: poll                 wall=06m53.016s usage=06m52.821s user=06m51.687s sys=01.134s mem=352MiB roottime=411.680s load=1.00 rootload=1.00
ramon: poll                 wall=06m54.006s usage=06m53.810s user=06m52.677s sys=01.134s mem=352MiB roottime=412.670s load=1.00 rootload=1.00
ramon: poll                 wall=06m55.010s usage=06m54.814s user=06m53.680s sys=01.135s mem=352MiB roottime=413.670s load=1.00 rootload=1.00
ramon: poll                 wall=06m56.013s usage=06m55.817s user=06m54.682s sys=01.135s mem=352MiB roottime=414.680s load=1.00 rootload=1.01
ramon: poll                 wall=06m57.003s usage=06m56.806s user=06m55.672s sys=01.135s mem=352MiB roottime=415.670s load=1.00 rootload=1.00
ramon: poll                 wall=06m58.002s usage=06m57.805s user=06m56.670s sys=01.135s mem=352MiB roottime=416.660s load=1.00 rootload=0.99
ramon: poll                 wall=06m59.000s usage=06m58.804s user=06m57.669s sys=01.135s mem=352MiB roottime=417.660s load=1.00 rootload=1.00
ramon: poll                 wall=07m00.000s usage=06m59.803s user=06m58.668s sys=01.135s mem=352MiB roottime=418.660s load=1.00 rootload=1.00
ramon: poll                 wall=07m01.000s usage=07m00.804s user=06m59.669s sys=01.135s mem=352MiB roottime=419.660s load=1.00 rootload=1.00
ramon: poll                 wall=07m02.000s usage=07m01.802s user=07m00.668s sys=01.135s mem=352MiB roottime=420.660s load=1.00 rootload=1.00
ramon: poll                 wall=07m03.004s usage=07m02.803s user=07m01.669s sys=01.135s mem=351MiB roottime=421.660s load=1.00 rootload=1.00
ramon: poll                 wall=07m04.010s usage=07m03.808s user=07m02.673s sys=01.135s mem=351MiB roottime=422.670s load=1.00 rootload=1.00
ramon: poll                 wall=07m05.007s usage=07m04.804s user=07m03.669s sys=01.135s mem=352MiB roottime=423.660s load=1.00 rootload=0.99
ramon: poll                 wall=07m06.001s usage=07m05.796s user=07m04.662s sys=01.135s mem=352MiB roottime=424.660s load=1.00 rootload=1.01
ramon: poll                 wall=07m07.007s usage=07m06.801s user=07m05.665s sys=01.136s mem=352MiB roottime=425.660s load=1.00 rootload=0.99
ramon: poll                 wall=07m08.002s usage=07m07.794s user=07m06.659s sys=01.136s mem=352MiB roottime=426.650s load=1.00 rootload=0.99
ramon: poll                 wall=07m09.004s usage=07m08.796s user=07m07.660s sys=01.136s mem=352MiB roottime=427.650s load=1.00 rootload=1.00
ramon: poll                 wall=07m10.006s usage=07m09.794s user=07m08.658s sys=01.136s mem=352MiB roottime=428.650s load=1.00 rootload=1.00
ramon: poll                 wall=07m11.008s usage=07m10.792s user=07m09.656s sys=01.136s mem=352MiB roottime=429.650s load=1.00 rootload=1.00
ramon: poll                 wall=07m12.007s usage=07m11.788s user=07m10.652s sys=01.136s mem=352MiB roottime=430.650s load=1.00 rootload=1.00
ramon: poll                 wall=07m13.011s usage=07m12.784s user=07m11.648s sys=01.136s mem=352MiB roottime=431.640s load=0.99 rootload=0.99
ramon: poll                 wall=07m14.011s usage=07m13.780s user=07m12.643s sys=01.137s mem=352MiB roottime=432.640s load=1.00 rootload=1.00
ramon: poll                 wall=07m15.012s usage=07m14.776s user=07m13.639s sys=01.137s mem=352MiB roottime=433.630s load=1.00 rootload=0.99
ramon: poll                 wall=07m16.014s usage=07m15.774s user=07m14.638s sys=01.137s mem=352MiB roottime=434.630s load=1.00 rootload=1.00
ramon: poll                 wall=07m17.012s usage=07m16.767s user=07m15.630s sys=01.137s mem=352MiB roottime=435.620s load=0.99 rootload=0.99
ramon: poll                 wall=07m18.007s usage=07m17.758s user=07m16.621s sys=01.137s mem=352MiB roottime=436.610s load=1.00 rootload=0.99
ramon: poll                 wall=07m19.015s usage=07m18.762s user=07m17.624s sys=01.138s mem=352MiB roottime=437.620s load=1.00 rootload=1.00
ramon: poll                 wall=07m20.016s usage=07m19.760s user=07m18.622s sys=01.138s mem=352MiB roottime=438.620s load=1.00 rootload=1.00
ramon: poll                 wall=07m21.015s usage=07m20.755s user=07m19.616s sys=01.138s mem=352MiB roottime=439.610s load=1.00 rootload=0.99
ramon: poll                 wall=07m22.020s usage=07m21.756s user=07m20.617s sys=01.138s mem=352MiB roottime=440.610s load=1.00 rootload=0.99
ramon: poll                 wall=07m23.000s usage=07m22.733s user=07m21.594s sys=01.138s mem=352MiB roottime=441.590s load=1.00 rootload=1.00
ramon: poll                 wall=07m24.004s usage=07m23.735s user=07m22.597s sys=01.138s mem=352MiB roottime=442.590s load=1.00 rootload=1.00
ramon: poll                 wall=07m25.003s usage=07m24.733s user=07m23.595s sys=01.138s mem=352MiB roottime=443.590s load=1.00 rootload=1.00
ramon: poll                 wall=07m26.000s usage=07m25.729s user=07m24.591s sys=01.138s mem=352MiB roottime=444.580s load=1.00 rootload=0.99
ramon: poll                 wall=07m27.000s usage=07m26.729s user=07m25.589s sys=01.139s mem=352MiB roottime=445.580s load=1.00 rootload=1.00
ramon: poll                 wall=07m28.003s usage=07m27.732s user=07m26.592s sys=01.139s mem=352MiB roottime=446.590s load=1.00 rootload=1.01
ramon: poll                 wall=07m29.000s usage=07m28.728s user=07m27.589s sys=01.139s mem=352MiB roottime=447.580s load=1.00 rootload=0.99
ramon: poll                 wall=07m30.004s usage=07m29.732s user=07m28.593s sys=01.139s mem=352MiB roottime=448.590s load=1.00 rootload=1.01
ramon: poll                 wall=07m31.005s usage=07m30.733s user=07m29.594s sys=01.139s mem=352MiB roottime=449.590s load=1.00 rootload=1.00
ramon: poll                 wall=07m32.005s usage=07m31.733s user=07m30.594s sys=01.139s mem=352MiB roottime=450.590s load=1.00 rootload=1.00
ramon: poll                 wall=07m33.011s usage=07m32.739s user=07m31.599s sys=01.139s mem=352MiB roottime=451.590s load=1.00 rootload=0.99
ramon: poll                 wall=07m34.008s usage=07m33.736s user=07m32.596s sys=01.139s mem=352MiB roottime=452.590s load=1.00 rootload=1.00
ramon: poll                 wall=07m35.011s usage=07m34.738s user=07m33.599s sys=01.139s mem=352MiB roottime=453.590s load=1.00 rootload=1.00
ramon: poll                 wall=07m36.006s usage=07m35.733s user=07m34.594s sys=01.139s mem=352MiB roottime=454.590s load=1.00 rootload=1.01
ramon: poll                 wall=07m37.002s usage=07m36.729s user=07m35.589s sys=01.139s mem=352MiB roottime=455.580s load=1.00 rootload=0.99
ramon: poll                 wall=07m38.007s usage=07m37.734s user=07m36.593s sys=01.140s mem=352MiB roottime=456.590s load=1.00 rootload=1.01
ramon: poll                 wall=07m39.004s usage=07m38.731s user=07m37.590s sys=01.140s mem=352MiB roottime=457.580s load=1.00 rootload=0.99
ramon: poll                 wall=07m40.002s usage=07m39.728s user=07m38.588s sys=01.140s mem=352MiB roottime=458.580s load=1.00 rootload=1.00
ramon: poll                 wall=07m41.004s usage=07m40.730s user=07m39.590s sys=01.140s mem=352MiB roottime=459.580s load=1.00 rootload=1.00
ramon: poll                 wall=07m42.004s usage=07m41.730s user=07m40.590s sys=01.140s mem=352MiB roottime=460.580s load=1.00 rootload=1.00
ramon: poll                 wall=07m43.007s usage=07m42.733s user=07m41.592s sys=01.140s mem=352MiB roottime=461.590s load=1.00 rootload=1.01
ramon: poll                 wall=07m44.006s usage=07m43.732s user=07m42.591s sys=01.140s mem=352MiB roottime=462.590s load=1.00 rootload=1.00
ramon: poll                 wall=07m45.004s usage=07m44.729s user=07m43.589s sys=01.140s mem=352MiB roottime=463.580s load=1.00 rootload=0.99
ramon: poll                 wall=07m46.003s usage=07m45.728s user=07m44.588s sys=01.140s mem=352MiB roottime=464.580s load=1.00 rootload=1.00
ramon: poll                 wall=07m47.002s usage=07m46.728s user=07m45.587s sys=01.140s mem=352MiB roottime=465.580s load=1.00 rootload=1.00
ramon: poll                 wall=07m48.000s usage=07m47.726s user=07m46.585s sys=01.140s mem=352MiB roottime=466.580s load=1.00 rootload=1.00
ramon: poll                 wall=07m49.003s usage=07m48.727s user=07m47.587s sys=01.140s mem=352MiB roottime=467.580s load=1.00 rootload=1.00
ramon: poll                 wall=07m50.003s usage=07m49.727s user=07m48.587s sys=01.140s mem=352MiB roottime=468.580s load=1.00 rootload=1.00
ramon: poll                 wall=07m51.015s usage=07m50.739s user=07m49.599s sys=01.140s mem=352MiB roottime=469.600s load=1.00 rootload=1.01
ramon: poll                 wall=07m52.000s usage=07m51.724s user=07m50.583s sys=01.140s mem=352MiB roottime=470.580s load=1.00 rootload=0.99
ramon: poll                 wall=07m53.000s usage=07m52.722s user=07m51.581s sys=01.140s mem=352MiB roottime=471.580s load=1.00 rootload=1.00
ramon: poll                 wall=07m54.004s usage=07m53.724s user=07m52.583s sys=01.141s mem=352MiB roottime=472.580s load=1.00 rootload=1.00
ramon: poll                 wall=07m55.002s usage=07m54.720s user=07m53.578s sys=01.141s mem=352MiB roottime=473.570s load=1.00 rootload=0.99
ramon: poll                 wall=07m56.004s usage=07m55.720s user=07m54.577s sys=01.142s mem=352MiB roottime=474.570s load=1.00 rootload=1.00
ramon: poll                 wall=07m57.003s usage=07m56.717s user=07m55.574s sys=01.142s mem=352MiB roottime=475.570s load=1.00 rootload=1.00
ramon: poll                 wall=07m58.003s usage=07m57.715s user=07m56.571s sys=01.143s mem=352MiB roottime=476.570s load=1.00 rootload=1.00
ramon: poll                 wall=07m59.000s usage=07m58.711s user=07m57.567s sys=01.143s mem=352MiB roottime=477.560s load=1.00 rootload=0.99
ramon: poll                 wall=08m00.002s usage=07m59.710s user=07m58.567s sys=01.143s mem=352MiB roottime=478.560s load=1.00 rootload=1.00
ramon: poll                 wall=08m01.000s usage=08m00.708s user=07m59.564s sys=01.143s mem=352MiB roottime=479.560s load=1.00 rootload=1.00
ramon: poll                 wall=08m02.005s usage=08m01.710s user=08m00.567s sys=01.143s mem=352MiB roottime=480.560s load=1.00 rootload=1.00
ramon: poll                 wall=08m03.004s usage=08m02.708s user=08m01.564s sys=01.143s mem=352MiB roottime=481.560s load=1.00 rootload=1.00
ramon: poll                 wall=08m04.004s usage=08m03.706s user=08m02.561s sys=01.145s mem=352MiB roottime=482.560s load=1.00 rootload=1.00
ramon: poll                 wall=08m05.002s usage=08m04.703s user=08m03.557s sys=01.145s mem=352MiB roottime=483.550s load=1.00 rootload=0.99
ramon: poll                 wall=08m06.006s usage=08m05.705s user=08m04.560s sys=01.145s mem=352MiB roottime=484.550s load=1.00 rootload=1.00
ramon: poll                 wall=08m07.004s usage=08m06.701s user=08m05.556s sys=01.145s mem=352MiB roottime=485.550s load=1.00 rootload=1.00
ramon: poll                 wall=08m08.004s usage=08m07.700s user=08m06.554s sys=01.145s mem=352MiB roottime=486.550s load=1.00 rootload=1.00
ramon: poll                 wall=08m09.000s usage=08m08.695s user=08m07.548s sys=01.146s mem=352MiB roottime=487.540s load=1.00 rootload=0.99
ramon: poll                 wall=08m10.002s usage=08m09.694s user=08m08.547s sys=01.146s mem=352MiB roottime=488.540s load=1.00 rootload=1.00
ramon: poll                 wall=08m11.004s usage=08m10.693s user=08m09.547s sys=01.146s mem=352MiB roottime=489.540s load=1.00 rootload=1.00
ramon: poll                 wall=08m12.005s usage=08m11.692s user=08m10.546s sys=01.146s mem=352MiB roottime=490.540s load=1.00 rootload=1.00
ramon: poll                 wall=08m13.000s usage=08m12.685s user=08m11.537s sys=01.148s mem=352MiB roottime=491.530s load=1.00 rootload=0.99
ramon: poll                 wall=08m14.003s usage=08m13.685s user=08m12.532s sys=01.152s mem=352MiB roottime=492.530s load=1.00 rootload=1.00
ramon: poll                 wall=08m15.004s usage=08m14.683s user=08m13.529s sys=01.153s mem=352MiB roottime=493.520s load=1.00 rootload=0.99
ramon: poll                 wall=08m16.000s usage=08m15.676s user=08m14.523s sys=01.153s mem=352MiB roottime=494.520s load=1.00 rootload=1.00
ramon: poll                 wall=08m17.000s usage=08m16.674s user=08m15.521s sys=01.153s mem=352MiB roottime=495.510s load=1.00 rootload=0.99
ramon: poll                 wall=08m18.003s usage=08m17.674s user=08m16.518s sys=01.155s mem=353MiB roottime=496.510s load=1.00 rootload=1.00
ramon: poll                 wall=08m19.000s usage=08m18.668s user=08m17.513s sys=01.155s mem=353MiB roottime=497.510s load=1.00 rootload=1.00
ramon: poll                 wall=08m20.004s usage=08m19.670s user=08m18.512s sys=01.157s mem=353MiB roottime=498.510s load=1.00 rootload=1.00
ramon: poll                 wall=08m21.004s usage=08m20.667s user=08m19.508s sys=01.158s mem=353MiB roottime=499.500s load=1.00 rootload=0.99
ramon: poll                 wall=08m22.000s usage=08m21.662s user=08m20.503s sys=01.158s mem=353MiB roottime=500.500s load=1.00 rootload=1.00
ramon: poll                 wall=08m23.004s usage=08m22.662s user=08m21.503s sys=01.159s mem=353MiB roottime=501.500s load=1.00 rootload=1.00
ramon: poll                 wall=08m24.009s usage=08m23.665s user=08m22.505s sys=01.160s mem=353MiB roottime=502.500s load=1.00 rootload=1.00
ramon: poll                 wall=08m25.006s usage=08m24.659s user=08m23.498s sys=01.160s mem=353MiB roottime=503.490s load=1.00 rootload=0.99
ramon: poll                 wall=08m26.000s usage=08m25.650s user=08m24.488s sys=01.161s mem=353MiB roottime=504.480s load=1.00 rootload=1.00
ramon: poll                 wall=08m27.007s usage=08m26.652s user=08m25.491s sys=01.161s mem=353MiB roottime=505.480s load=1.00 rootload=0.99
ramon: poll                 wall=08m28.000s usage=08m27.641s user=08m26.480s sys=01.161s mem=353MiB roottime=506.480s load=1.00 rootload=1.01
ramon: poll                 wall=08m29.006s usage=08m28.644s user=08m27.482s sys=01.162s mem=353MiB roottime=507.480s load=1.00 rootload=0.99
ramon: poll                 wall=08m30.003s usage=08m29.639s user=08m28.477s sys=01.162s mem=353MiB roottime=508.470s load=1.00 rootload=0.99
ramon: poll                 wall=08m31.007s usage=08m30.641s user=08m29.479s sys=01.162s mem=353MiB roottime=509.470s load=1.00 rootload=1.00
ramon: poll                 wall=08m32.004s usage=08m31.637s user=08m30.474s sys=01.162s mem=353MiB roottime=510.470s load=1.00 rootload=1.00
ramon: poll                 wall=08m33.006s usage=08m32.637s user=08m31.475s sys=01.162s mem=353MiB roottime=511.470s load=1.00 rootload=1.00
ramon: poll                 wall=08m34.006s usage=08m33.636s user=08m32.472s sys=01.163s mem=353MiB roottime=512.470s load=1.00 rootload=1.00
ramon: poll                 wall=08m35.007s usage=08m34.635s user=08m33.471s sys=01.163s mem=353MiB roottime=513.470s load=1.00 rootload=1.00
ramon: poll                 wall=08m36.012s usage=08m35.638s user=08m34.475s sys=01.163s mem=353MiB roottime=514.470s load=1.00 rootload=1.00
ramon: poll                 wall=08m37.003s usage=08m36.628s user=08m35.464s sys=01.163s mem=353MiB roottime=515.460s load=1.00 rootload=1.00
ramon: poll                 wall=08m38.007s usage=08m37.630s user=08m36.467s sys=01.163s mem=353MiB roottime=516.460s load=1.00 rootload=1.00
ramon: poll                 wall=08m39.000s usage=08m38.621s user=08m37.457s sys=01.164s mem=353MiB roottime=517.450s load=1.00 rootload=1.00
ramon: poll                 wall=08m40.004s usage=08m39.624s user=08m38.459s sys=01.165s mem=353MiB roottime=518.450s load=1.00 rootload=1.00
ramon: poll                 wall=08m41.003s usage=08m40.620s user=08m39.455s sys=01.165s mem=353MiB roottime=519.450s load=1.00 rootload=1.00
ramon: poll                 wall=08m42.010s usage=08m41.625s user=08m40.460s sys=01.165s mem=353MiB roottime=520.450s load=1.00 rootload=0.99
ramon: poll                 wall=08m43.007s usage=08m42.619s user=08m41.454s sys=01.165s mem=353MiB roottime=521.450s load=1.00 rootload=1.00
ramon: poll                 wall=08m44.004s usage=08m43.614s user=08m42.449s sys=01.165s mem=353MiB roottime=522.440s load=1.00 rootload=0.99
ramon: poll                 wall=08m45.010s usage=08m44.619s user=08m43.453s sys=01.165s mem=353MiB roottime=523.450s load=1.00 rootload=1.00
ramon: poll                 wall=08m46.003s usage=08m45.609s user=08m44.444s sys=01.165s mem=353MiB roottime=524.440s load=1.00 rootload=1.00
ramon: poll                 wall=08m47.000s usage=08m46.604s user=08m45.438s sys=01.166s mem=353MiB roottime=525.430s load=1.00 rootload=0.99
ramon: poll                 wall=08m48.003s usage=08m47.604s user=08m46.438s sys=01.166s mem=353MiB roottime=526.430s load=1.00 rootload=1.00
ramon: poll                 wall=08m49.004s usage=08m48.602s user=08m47.436s sys=01.166s mem=353MiB roottime=527.430s load=1.00 rootload=1.00
ramon: poll                 wall=08m50.004s usage=08m49.600s user=08m48.433s sys=01.166s mem=353MiB roottime=528.430s load=1.00 rootload=1.00
ramon: poll                 wall=08m51.004s usage=08m50.596s user=08m49.430s sys=01.166s mem=353MiB roottime=529.420s load=1.00 rootload=0.99
ramon: poll                 wall=08m52.004s usage=08m51.593s user=08m50.426s sys=01.167s mem=353MiB roottime=530.420s load=1.00 rootload=1.00
ramon: poll                 wall=08m53.004s usage=08m52.590s user=08m51.422s sys=01.167s mem=353MiB roottime=531.420s load=1.00 rootload=1.00
ramon: poll                 wall=08m54.000s usage=08m53.583s user=08m52.415s sys=01.168s mem=353MiB roottime=532.410s load=1.00 rootload=0.99
ramon: poll                 wall=08m55.003s usage=08m54.582s user=08m53.413s sys=01.169s mem=353MiB roottime=533.410s load=1.00 rootload=1.00
ramon: poll                 wall=08m56.007s usage=08m55.583s user=08m54.412s sys=01.170s mem=353MiB roottime=534.410s load=1.00 rootload=1.00
ramon: poll                 wall=08m57.006s usage=08m56.579s user=08m55.407s sys=01.171s mem=353MiB roottime=535.400s load=1.00 rootload=0.99
ramon: poll                 wall=08m58.004s usage=08m57.574s user=08m56.403s sys=01.171s mem=353MiB roottime=536.400s load=1.00 rootload=1.00
ramon: poll                 wall=08m59.008s usage=08m58.576s user=08m57.404s sys=01.171s mem=353MiB roottime=537.400s load=1.00 rootload=1.00
ramon: poll                 wall=09m00.007s usage=08m59.572s user=08m58.401s sys=01.171s mem=353MiB roottime=538.390s load=1.00 rootload=0.99
ramon: poll                 wall=09m01.005s usage=09m00.567s user=08m59.396s sys=01.171s mem=353MiB roottime=539.390s load=1.00 rootload=1.00
ramon: poll                 wall=09m02.000s usage=09m01.558s user=09m00.387s sys=01.171s mem=353MiB roottime=540.380s load=1.00 rootload=0.99
ramon: poll                 wall=09m03.002s usage=09m02.556s user=09m01.383s sys=01.172s mem=353MiB roottime=541.380s load=1.00 rootload=1.00
ramon: poll                 wall=09m04.004s usage=09m03.554s user=09m02.381s sys=01.172s mem=353MiB roottime=542.380s load=1.00 rootload=1.00
ramon: poll                 wall=09m05.004s usage=09m04.549s user=09m03.377s sys=01.172s mem=353MiB roottime=543.370s load=1.00 rootload=0.99
ramon: poll                 wall=09m06.006s usage=09m05.547s user=09m04.374s sys=01.172s mem=353MiB roottime=544.370s load=1.00 rootload=1.00
ramon: poll                 wall=09m07.004s usage=09m06.540s user=09m05.368s sys=01.172s mem=353MiB roottime=545.360s load=1.00 rootload=0.99
ramon: poll                 wall=09m08.004s usage=09m07.536s user=09m06.364s sys=01.172s mem=353MiB roottime=546.360s load=1.00 rootload=1.00
ramon: poll                 wall=09m09.004s usage=09m08.532s user=09m07.359s sys=01.173s mem=353MiB roottime=547.350s load=1.00 rootload=0.99
ramon: poll                 wall=09m10.004s usage=09m09.528s user=09m08.355s sys=01.173s mem=353MiB roottime=548.350s load=1.00 rootload=1.00
ramon: poll                 wall=09m11.000s usage=09m10.521s user=09m09.348s sys=01.173s mem=353MiB roottime=549.340s load=1.00 rootload=0.99
ramon: poll                 wall=09m12.000s usage=09m11.517s user=09m10.344s sys=01.173s mem=353MiB roottime=550.340s load=1.00 rootload=1.00
ramon: poll                 wall=09m13.000s usage=09m12.514s user=09m11.341s sys=01.173s mem=353MiB roottime=551.330s load=1.00 rootload=0.99
ramon: poll                 wall=09m14.003s usage=09m13.513s user=09m12.339s sys=01.173s mem=354MiB roottime=552.330s load=1.00 rootload=1.00
ramon: poll                 wall=09m15.008s usage=09m14.514s user=09m13.341s sys=01.173s mem=353MiB roottime=553.340s load=1.00 rootload=1.00
ramon: poll                 wall=09m16.001s usage=09m15.504s user=09m14.330s sys=01.173s mem=353MiB roottime=554.330s load=1.00 rootload=1.00
ramon: poll                 wall=09m17.002s usage=09m16.503s user=09m15.327s sys=01.175s mem=354MiB roottime=555.320s load=1.00 rootload=0.99
ramon: poll                 wall=09m18.003s usage=09m17.502s user=09m16.326s sys=01.175s mem=353MiB roottime=556.320s load=1.00 rootload=1.00
ramon: poll                 wall=09m19.008s usage=09m18.505s user=09m17.330s sys=01.175s mem=353MiB roottime=557.320s load=1.00 rootload=1.00
ramon: poll                 wall=09m20.008s usage=09m19.503s user=09m18.328s sys=01.175s mem=353MiB roottime=558.320s load=1.00 rootload=1.00
ramon: poll                 wall=09m21.005s usage=09m20.498s user=09m19.323s sys=01.175s mem=354MiB roottime=559.320s load=1.00 rootload=1.00
ramon: poll                 wall=09m22.006s usage=09m21.497s user=09m20.322s sys=01.175s mem=353MiB roottime=560.320s load=1.00 rootload=1.00
ramon: poll                 wall=09m23.016s usage=09m22.506s user=09m21.330s sys=01.176s mem=354MiB roottime=561.320s load=1.00 rootload=0.99
ramon: poll                 wall=09m24.009s usage=09m23.498s user=09m22.322s sys=01.176s mem=354MiB roottime=562.320s load=1.00 rootload=1.01
ramon: poll                 wall=09m25.012s usage=09m24.499s user=09m23.323s sys=01.176s mem=354MiB roottime=563.320s load=1.00 rootload=1.00
ramon: poll                 wall=09m26.010s usage=09m25.496s user=09m24.319s sys=01.176s mem=354MiB roottime=564.310s load=1.00 rootload=0.99
ramon: poll                 wall=09m27.011s usage=09m26.495s user=09m25.319s sys=01.176s mem=354MiB roottime=565.310s load=1.00 rootload=1.00
ramon: poll                 wall=09m28.009s usage=09m27.493s user=09m26.317s sys=01.176s mem=354MiB roottime=566.310s load=1.00 rootload=1.00
ramon: poll                 wall=09m29.007s usage=09m28.490s user=09m27.314s sys=01.176s mem=354MiB roottime=567.310s load=1.00 rootload=1.00
ramon: poll                 wall=09m30.012s usage=09m29.495s user=09m28.317s sys=01.177s mem=354MiB roottime=568.310s load=1.00 rootload=0.99
ramon: poll                 wall=09m31.006s usage=09m30.487s user=09m29.310s sys=01.177s mem=354MiB roottime=569.300s load=1.00 rootload=1.00
ramon: poll                 wall=09m32.004s usage=09m31.485s user=09m30.307s sys=01.177s mem=354MiB roottime=570.300s load=1.00 rootload=1.00
ramon: poll                 wall=09m33.016s usage=09m32.495s user=09m31.316s sys=01.179s mem=354MiB roottime=571.310s load=1.00 rootload=1.00
ramon: poll                 wall=09m34.004s usage=09m33.483s user=09m32.303s sys=01.179s mem=354MiB roottime=572.300s load=1.00 rootload=1.00
ramon: poll                 wall=09m35.004s usage=09m34.481s user=09m33.302s sys=01.179s mem=354MiB roottime=573.300s load=1.00 rootload=1.00
ramon: poll                 wall=09m36.004s usage=09m35.480s user=09m34.301s sys=01.179s mem=354MiB roottime=574.300s load=1.00 rootload=1.00
ramon: poll                 wall=09m37.005s usage=09m36.480s user=09m35.301s sys=01.179s mem=354MiB roottime=575.300s load=1.00 rootload=1.00
ramon: poll                 wall=09m38.002s usage=09m37.476s user=09m36.297s sys=01.179s mem=354MiB roottime=576.290s load=1.00 rootload=0.99
ramon: poll                 wall=09m39.006s usage=09m38.479s user=09m37.300s sys=01.179s mem=354MiB roottime=577.290s load=1.00 rootload=1.00
ramon: poll                 wall=09m40.000s usage=09m39.473s user=09m38.294s sys=01.179s mem=354MiB roottime=578.290s load=1.00 rootload=1.01
ramon: poll                 wall=09m41.007s usage=09m40.478s user=09m39.299s sys=01.179s mem=354MiB roottime=579.290s load=1.00 rootload=0.99
ramon: poll                 wall=09m42.000s usage=09m41.470s user=09m40.291s sys=01.179s mem=354MiB roottime=580.290s load=1.00 rootload=1.01
ramon: poll                 wall=09m43.000s usage=09m42.469s user=09m41.290s sys=01.179s mem=354MiB roottime=581.290s load=1.00 rootload=1.00
ramon: poll                 wall=09m44.003s usage=09m43.471s user=09m42.292s sys=01.179s mem=354MiB roottime=582.290s load=1.00 rootload=1.00
ramon: poll                 wall=09m45.005s usage=09m44.472s user=09m43.293s sys=01.179s mem=354MiB roottime=583.290s load=1.00 rootload=1.00
ramon: poll                 wall=09m46.003s usage=09m45.469s user=09m44.290s sys=01.179s mem=354MiB roottime=584.280s load=1.00 rootload=0.99
ramon: poll                 wall=09m47.006s usage=09m46.471s user=09m45.292s sys=01.179s mem=354MiB roottime=585.290s load=1.00 rootload=1.01
ramon: poll                 wall=09m48.002s usage=09m47.466s user=09m46.287s sys=01.179s mem=354MiB roottime=586.280s load=1.00 rootload=0.99
ramon: poll                 wall=09m49.006s usage=09m48.469s user=09m47.290s sys=01.179s mem=354MiB roottime=587.280s load=1.00 rootload=1.00
ramon: poll                 wall=09m50.008s usage=09m49.470s user=09m48.291s sys=01.179s mem=354MiB roottime=588.280s load=1.00 rootload=1.00
ramon: poll                 wall=09m51.006s usage=09m50.467s user=09m49.287s sys=01.179s mem=354MiB roottime=589.280s load=1.00 rootload=1.00
ramon: poll                 wall=09m52.002s usage=09m51.462s user=09m50.283s sys=01.179s mem=354MiB roottime=590.280s load=1.00 rootload=1.00
ramon: poll                 wall=09m53.011s usage=09m52.470s user=09m51.290s sys=01.179s mem=354MiB roottime=591.280s load=1.00 rootload=0.99
ramon: poll                 wall=09m54.008s usage=09m53.466s user=09m52.286s sys=01.179s mem=354MiB roottime=592.280s load=1.00 rootload=1.00
ramon: poll                 wall=09m55.010s usage=09m54.466s user=09m53.287s sys=01.179s mem=354MiB roottime=593.280s load=1.00 rootload=1.00
ramon: poll                 wall=09m56.006s usage=09m55.462s user=09m54.282s sys=01.179s mem=354MiB roottime=594.280s load=1.00 rootload=1.00
ramon: poll                 wall=09m57.005s usage=09m56.459s user=09m55.280s sys=01.179s mem=354MiB roottime=595.270s load=1.00 rootload=0.99
ramon: poll                 wall=09m58.000s usage=09m57.455s user=09m56.276s sys=01.179s mem=354MiB roottime=596.270s load=1.00 rootload=1.00
ramon: poll                 wall=09m59.000s usage=09m58.454s user=09m57.275s sys=01.179s mem=354MiB roottime=597.270s load=1.00 rootload=1.00
ramon: poll                 wall=10m00.012s usage=09m59.467s user=09m58.286s sys=01.181s mem=354MiB roottime=598.280s load=1.00 rootload=1.00
ramon: end                  Tue Mar 25 18:24:35 2025
ramon: root.execname        z3
ramon: root.utime           598.280s
ramon: root.stime           1.240s
ramon: group.total          599.528s
ramon: group.utime          598.287s
ramon: group.stime          1.241s
ramon: group.mempeak        354MiB
ramon: group.pidpeak        2
ramon: status               exited
ramon: exitcode             0
ramon: walltime             600.074s
ramon: loadavg              1.00
