ramon: cwd                  /home/runner/a/_work/z3-poly-testing/z3-poly-testing
ramon: start                Tue Mar 25 18:35:10 2025
ramon: nproc                128
ramon: sys.mem              64150 MiB
ramon: sys.mem.free         32787 MiB
ramon: sys.mem.avail        64084 MiB
ramon: sys.nprocs           2765
ramon: argv                 0 = z3
ramon: argv                 1 = inputs/QF_LIA/n7279-prp-52-50.smt2
ramon: argv                 2 = -T:600
ramon: argv                 3 = -st
ramon: argv                 4 = rewriter.elim_ite_value_tree=false
ramon: childpid             512579
ramon: poll                 wall=01.008s usage=00.999s user=00.890s sys=00.109s mem=22184KiB roottime=0.890s load=0.99 rootload=0.88
ramon: poll                 wall=02.014s usage=01.993s user=01.876s sys=00.117s mem=23372KiB roottime=1.870s load=0.99 rootload=0.97
ramon: poll                 wall=03.024s usage=02.999s user=02.878s sys=00.121s mem=24052KiB roottime=2.870s load=1.00 rootload=0.99
ramon: poll                 wall=04.022s usage=03.993s user=03.870s sys=00.124s mem=24164KiB roottime=3.860s load=1.00 rootload=0.99
ramon: poll                 wall=05.018s usage=04.986s user=04.860s sys=00.126s mem=24352KiB roottime=4.860s load=1.00 rootload=1.00
ramon: poll                 wall=06.018s usage=05.983s user=05.851s sys=00.132s mem=24692KiB roottime=5.850s load=1.00 rootload=0.99
ramon: poll                 wall=07.002s usage=06.964s user=06.830s sys=00.135s mem=24948KiB roottime=6.830s load=1.00 rootload=1.00
ramon: poll                 wall=08.027s usage=07.982s user=07.843s sys=00.139s mem=25204KiB roottime=7.840s load=0.99 rootload=0.99
ramon: poll                 wall=09.024s usage=08.978s user=08.837s sys=00.141s mem=25716KiB roottime=8.830s load=1.00 rootload=0.99
ramon: poll                 wall=10.015s usage=09.962s user=09.816s sys=00.146s mem=26160KiB roottime=9.810s load=0.99 rootload=0.99
ramon: poll                 wall=11.004s usage=10.950s user=10.804s sys=00.147s mem=26416KiB roottime=10.800s load=1.00 rootload=1.00
ramon: poll                 wall=12.001s usage=11.941s user=11.792s sys=00.149s mem=26928KiB roottime=11.790s load=0.99 rootload=0.99
ramon: poll                 wall=13.000s usage=12.940s user=12.789s sys=00.151s mem=26928KiB roottime=12.780s load=1.00 rootload=0.99
ramon: poll                 wall=14.000s usage=13.928s user=13.777s sys=00.151s mem=27184KiB roottime=13.770s load=0.99 rootload=0.99
ramon: poll                 wall=15.000s usage=14.928s user=14.774s sys=00.154s mem=27440KiB roottime=14.770s load=1.00 rootload=1.00
ramon: poll                 wall=16.000s usage=15.920s user=15.765s sys=00.155s mem=27440KiB roottime=15.760s load=0.99 rootload=0.99
ramon: poll                 wall=17.000s usage=16.919s user=16.764s sys=00.155s mem=27440KiB roottime=16.760s load=1.00 rootload=1.00
ramon: poll                 wall=18.000s usage=17.911s user=17.753s sys=00.158s mem=27696KiB roottime=17.750s load=0.99 rootload=0.99
ramon: poll                 wall=19.001s usage=18.911s user=18.753s sys=00.158s mem=27952KiB roottime=18.750s load=1.00 rootload=1.00
ramon: poll                 wall=20.000s usage=19.910s user=19.749s sys=00.161s mem=27952KiB roottime=19.740s load=1.00 rootload=0.99
ramon: poll                 wall=21.001s usage=20.903s user=20.741s sys=00.162s mem=28464KiB roottime=20.740s load=0.99 rootload=1.00
ramon: poll                 wall=22.000s usage=21.902s user=21.740s sys=00.162s mem=28464KiB roottime=21.740s load=1.00 rootload=1.00
ramon: poll                 wall=23.004s usage=22.896s user=22.734s sys=00.162s mem=28720KiB roottime=22.730s load=0.99 rootload=0.99
ramon: poll                 wall=24.004s usage=23.896s user=23.733s sys=00.163s mem=28720KiB roottime=23.730s load=1.00 rootload=1.00
ramon: poll                 wall=25.002s usage=24.886s user=24.719s sys=00.167s mem=28720KiB roottime=24.710s load=0.99 rootload=0.98
ramon: poll                 wall=26.000s usage=25.884s user=25.716s sys=00.168s mem=28720KiB roottime=25.710s load=1.00 rootload=1.00
ramon: poll                 wall=27.003s usage=26.880s user=26.710s sys=00.170s mem=28976KiB roottime=26.710s load=0.99 rootload=1.00
ramon: poll                 wall=28.005s usage=27.881s user=27.710s sys=00.171s mem=29232KiB roottime=27.710s load=1.00 rootload=1.00
ramon: poll                 wall=29.011s usage=28.878s user=28.706s sys=00.172s mem=29232KiB roottime=28.700s load=0.99 rootload=0.98
ramon: poll                 wall=30.002s usage=29.868s user=29.696s sys=00.172s mem=29232KiB roottime=29.690s load=1.00 rootload=1.00
ramon: poll                 wall=31.008s usage=30.867s user=30.695s sys=00.172s mem=29488KiB roottime=30.690s load=0.99 rootload=0.99
ramon: poll                 wall=32.001s usage=31.860s user=31.687s sys=00.173s mem=29488KiB roottime=31.680s load=1.00 rootload=1.00
ramon: poll                 wall=33.000s usage=32.851s user=32.678s sys=00.173s mem=29488KiB roottime=32.670s load=0.99 rootload=0.99
ramon: poll                 wall=34.002s usage=33.853s user=33.678s sys=00.175s mem=29744KiB roottime=33.670s load=1.00 rootload=1.00
ramon: poll                 wall=35.000s usage=34.839s user=34.664s sys=00.175s mem=29744KiB roottime=34.660s load=0.99 rootload=0.99
ramon: poll                 wall=36.004s usage=35.843s user=35.667s sys=00.176s mem=29744KiB roottime=35.660s load=1.00 rootload=1.00
ramon: poll                 wall=37.000s usage=36.830s user=36.654s sys=00.177s mem=30000KiB roottime=36.650s load=0.99 rootload=0.99
ramon: poll                 wall=38.000s usage=37.830s user=37.646s sys=00.184s mem=31024KiB roottime=37.640s load=1.00 rootload=0.99
ramon: poll                 wall=39.000s usage=38.823s user=38.638s sys=00.185s mem=31280KiB roottime=38.630s load=0.99 rootload=0.99
ramon: poll                 wall=40.002s usage=39.824s user=39.633s sys=00.191s mem=31792KiB roottime=39.630s load=1.00 rootload=1.00
ramon: poll                 wall=41.000s usage=40.813s user=40.617s sys=00.197s mem=32304KiB roottime=40.610s load=0.99 rootload=0.98
ramon: poll                 wall=42.003s usage=41.816s user=41.618s sys=00.198s mem=32560KiB roottime=41.610s load=1.00 rootload=1.00
ramon: poll                 wall=43.000s usage=42.804s user=42.605s sys=00.199s mem=32560KiB roottime=42.600s load=0.99 rootload=0.99
ramon: poll                 wall=44.000s usage=43.804s user=43.604s sys=00.200s mem=32560KiB roottime=43.600s load=1.00 rootload=1.00
ramon: poll                 wall=45.002s usage=44.797s user=44.596s sys=00.201s mem=32816KiB roottime=44.590s load=0.99 rootload=0.99
ramon: poll                 wall=46.000s usage=45.794s user=45.592s sys=00.202s mem=33072KiB roottime=45.590s load=1.00 rootload=1.00
ramon: poll                 wall=47.001s usage=46.783s user=46.580s sys=00.203s mem=33072KiB roottime=46.580s load=0.99 rootload=0.99
ramon: poll                 wall=48.000s usage=47.781s user=47.576s sys=00.205s mem=33328KiB roottime=47.570s load=1.00 rootload=0.99
ramon: poll                 wall=49.000s usage=48.771s user=48.566s sys=00.205s mem=33328KiB roottime=48.560s load=0.99 rootload=0.99
ramon: poll                 wall=50.004s usage=49.775s user=49.570s sys=00.205s mem=33584KiB roottime=49.560s load=1.00 rootload=1.00
ramon: poll                 wall=51.000s usage=50.762s user=50.556s sys=00.206s mem=33840KiB roottime=50.550s load=0.99 rootload=0.99
ramon: poll                 wall=52.005s usage=51.766s user=51.558s sys=00.208s mem=34352KiB roottime=51.550s load=1.00 rootload=1.00
ramon: poll                 wall=53.007s usage=52.759s user=52.551s sys=00.208s mem=34352KiB roottime=52.550s load=0.99 rootload=1.00
ramon: poll                 wall=54.002s usage=53.753s user=53.545s sys=00.208s mem=34352KiB roottime=53.540s load=1.00 rootload=1.00
ramon: poll                 wall=55.013s usage=54.764s user=54.554s sys=00.210s mem=34608KiB roottime=54.550s load=1.00 rootload=1.00
ramon: poll                 wall=56.001s usage=55.751s user=55.542s sys=00.210s mem=34608KiB roottime=55.540s load=1.00 rootload=1.00
ramon: poll                 wall=57.003s usage=56.754s user=56.541s sys=00.213s mem=34864KiB roottime=56.540s load=1.00 rootload=1.00
ramon: poll                 wall=58.003s usage=57.753s user=57.541s sys=00.213s mem=34864KiB roottime=57.540s load=1.00 rootload=1.00
ramon: poll                 wall=59.012s usage=58.759s user=58.546s sys=00.213s mem=34804KiB roottime=58.540s load=1.00 rootload=0.99
ramon: poll                 wall=01m00.010s usage=59.756s user=59.543s sys=00.213s mem=35060KiB roottime=59.540s load=1.00 rootload=1.00
ramon: poll                 wall=01m01.000s usage=01m00.745s user=01m00.532s sys=00.214s mem=35316KiB roottime=60.530s load=1.00 rootload=1.00
ramon: poll                 wall=01m02.009s usage=01m01.754s user=01m01.539s sys=00.215s mem=35316KiB roottime=61.530s load=1.00 rootload=0.99
ramon: poll                 wall=01m03.011s usage=01m02.755s user=01m02.540s sys=00.215s mem=35316KiB roottime=62.540s load=1.00 rootload=1.01
ramon: poll                 wall=01m04.019s usage=01m03.762s user=01m03.546s sys=00.216s mem=35572KiB roottime=63.540s load=1.00 rootload=0.99
ramon: poll                 wall=01m05.007s usage=01m04.749s user=01m04.533s sys=00.217s mem=35572KiB roottime=64.530s load=1.00 rootload=1.00
ramon: poll                 wall=01m06.006s usage=01m05.748s user=01m05.530s sys=00.218s mem=35828KiB roottime=65.530s load=1.00 rootload=1.00
ramon: poll                 wall=01m07.008s usage=01m06.749s user=01m06.532s sys=00.218s mem=35828KiB roottime=66.530s load=1.00 rootload=1.00
ramon: poll                 wall=01m08.014s usage=01m07.755s user=01m07.537s sys=00.218s mem=35828KiB roottime=67.530s load=1.00 rootload=0.99
ramon: poll                 wall=01m09.004s usage=01m08.744s user=01m08.526s sys=00.218s mem=35828KiB roottime=68.520s load=1.00 rootload=1.00
ramon: poll                 wall=01m10.000s usage=01m09.739s user=01m09.455s sys=00.284s mem=44380KiB roottime=69.450s load=1.00 rootload=0.93
ramon: poll                 wall=01m11.004s usage=01m10.743s user=01m10.458s sys=00.285s mem=44636KiB roottime=70.450s load=1.00 rootload=1.00
ramon: poll                 wall=01m12.000s usage=01m11.738s user=01m11.453s sys=00.286s mem=44636KiB roottime=71.450s load=1.00 rootload=1.00
ramon: poll                 wall=01m13.004s usage=01m12.742s user=01m12.456s sys=00.286s mem=44636KiB roottime=72.450s load=1.00 rootload=1.00
ramon: poll                 wall=01m14.000s usage=01m13.737s user=01m13.430s sys=00.307s mem=47576KiB roottime=73.430s load=1.00 rootload=0.98
ramon: poll                 wall=01m15.000s usage=01m14.737s user=01m14.424s sys=00.313s mem=48344KiB roottime=74.420s load=1.00 rootload=0.99
ramon: poll                 wall=01m16.006s usage=01m15.742s user=01m15.429s sys=00.313s mem=48344KiB roottime=75.430s load=1.00 rootload=1.00
ramon: poll                 wall=01m17.013s usage=01m16.749s user=01m16.434s sys=00.315s mem=48600KiB roottime=76.430s load=1.00 rootload=0.99
ramon: poll                 wall=01m18.004s usage=01m17.739s user=01m17.377s sys=00.363s mem=58840KiB roottime=77.370s load=1.00 rootload=0.95
ramon: poll                 wall=01m19.004s usage=01m18.739s user=01m18.208s sys=00.532s mem=83632KiB roottime=78.200s load=1.00 rootload=0.83
ramon: poll                 wall=01m20.003s usage=01m19.738s user=01m19.147s sys=00.591s mem=94640KiB roottime=79.140s load=1.00 rootload=0.94
ramon: poll                 wall=01m21.004s usage=01m20.738s user=01m20.083s sys=00.656s mem=104MiB roottime=80.080s load=1.00 rootload=0.94
ramon: poll                 wall=01m22.006s usage=01m21.739s user=01m20.842s sys=00.897s mem=169MiB roottime=80.840s load=1.00 rootload=0.76
ramon: poll                 wall=01m23.000s usage=01m22.733s user=01m21.781s sys=00.952s mem=148MiB roottime=81.780s load=1.00 rootload=0.95
ramon: poll                 wall=01m24.000s usage=01m23.732s user=01m22.659s sys=01.073s mem=169MiB roottime=82.650s load=1.00 rootload=0.87
ramon: poll                 wall=01m25.000s usage=01m24.732s user=01m23.495s sys=01.236s mem=200MiB roottime=83.490s load=1.00 rootload=0.84
ramon: poll                 wall=01m26.000s usage=01m25.731s user=01m24.481s sys=01.250s mem=202MiB roottime=84.480s load=1.00 rootload=0.99
ramon: poll                 wall=01m27.004s usage=01m26.735s user=01m25.481s sys=01.254s mem=202MiB roottime=85.480s load=1.00 rootload=1.00
ramon: poll                 wall=01m28.012s usage=01m27.742s user=01m26.484s sys=01.258s mem=202MiB roottime=86.480s load=1.00 rootload=0.99
ramon: poll                 wall=01m29.002s usage=01m28.732s user=01m27.469s sys=01.263s mem=203MiB roottime=87.460s load=1.00 rootload=0.99
ramon: poll                 wall=01m30.000s usage=01m29.730s user=01m28.460s sys=01.270s mem=203MiB roottime=88.450s load=1.00 rootload=0.99
ramon: poll                 wall=01m31.000s usage=01m30.729s user=01m29.448s sys=01.280s mem=204MiB roottime=89.440s load=1.00 rootload=0.99
ramon: poll                 wall=01m32.000s usage=01m31.728s user=01m30.446s sys=01.282s mem=204MiB roottime=90.440s load=1.00 rootload=1.00
ramon: poll                 wall=01m33.000s usage=01m32.727s user=01m31.439s sys=01.288s mem=205MiB roottime=91.430s load=1.00 rootload=0.99
ramon: poll                 wall=01m34.005s usage=01m33.732s user=01m32.444s sys=01.288s mem=205MiB roottime=92.440s load=1.00 rootload=1.01
ramon: poll                 wall=01m35.004s usage=01m34.730s user=01m33.439s sys=01.291s mem=205MiB roottime=93.430s load=1.00 rootload=0.99
ramon: poll                 wall=01m36.007s usage=01m35.733s user=01m34.440s sys=01.293s mem=205MiB roottime=94.440s load=1.00 rootload=1.01
ramon: poll                 wall=01m37.006s usage=01m36.731s user=01m35.436s sys=01.295s mem=205MiB roottime=95.430s load=1.00 rootload=0.99
ramon: poll                 wall=01m38.002s usage=01m37.727s user=01m36.432s sys=01.295s mem=206MiB roottime=96.430s load=1.00 rootload=1.00
ramon: poll                 wall=01m39.005s usage=01m38.729s user=01m37.430s sys=01.299s mem=206MiB roottime=97.430s load=1.00 rootload=1.00
ramon: poll                 wall=01m40.003s usage=01m39.726s user=01m38.425s sys=01.301s mem=207MiB roottime=98.420s load=1.00 rootload=0.99
ramon: poll                 wall=01m41.004s usage=01m40.726s user=01m39.425s sys=01.301s mem=207MiB roottime=99.420s load=1.00 rootload=1.00
ramon: poll                 wall=01m42.000s usage=01m41.722s user=01m40.421s sys=01.301s mem=207MiB roottime=100.420s load=1.00 rootload=1.00
ramon: poll                 wall=01m43.000s usage=01m42.722s user=01m41.421s sys=01.301s mem=207MiB roottime=101.420s load=1.00 rootload=1.00
ramon: poll                 wall=01m44.001s usage=01m43.721s user=01m42.420s sys=01.301s mem=207MiB roottime=102.420s load=1.00 rootload=1.00
ramon: poll                 wall=01m45.004s usage=01m44.725s user=01m43.423s sys=01.301s mem=207MiB roottime=103.420s load=1.00 rootload=1.00
ramon: poll                 wall=01m46.000s usage=01m45.720s user=01m44.419s sys=01.301s mem=207MiB roottime=104.410s load=1.00 rootload=0.99
ramon: poll                 wall=01m47.003s usage=01m46.722s user=01m45.418s sys=01.304s mem=207MiB roottime=105.410s load=1.00 rootload=1.00
ramon: poll                 wall=01m48.006s usage=01m47.724s user=01m46.415s sys=01.309s mem=207MiB roottime=106.410s load=1.00 rootload=1.00
ramon: poll                 wall=01m49.003s usage=01m48.720s user=01m47.411s sys=01.309s mem=207MiB roottime=107.410s load=1.00 rootload=1.00
ramon: poll                 wall=01m50.005s usage=01m49.722s user=01m48.413s sys=01.309s mem=207MiB roottime=108.410s load=1.00 rootload=1.00
ramon: poll                 wall=01m51.002s usage=01m50.718s user=01m49.405s sys=01.313s mem=208MiB roottime=109.400s load=1.00 rootload=0.99
ramon: poll                 wall=01m52.003s usage=01m51.718s user=01m50.405s sys=01.313s mem=208MiB roottime=110.400s load=1.00 rootload=1.00
ramon: poll                 wall=01m53.006s usage=01m52.721s user=01m51.408s sys=01.313s mem=208MiB roottime=111.400s load=1.00 rootload=1.00
ramon: poll                 wall=01m54.004s usage=01m53.718s user=01m52.404s sys=01.313s mem=208MiB roottime=112.400s load=1.00 rootload=1.00
ramon: poll                 wall=01m55.000s usage=01m54.713s user=01m53.400s sys=01.313s mem=208MiB roottime=113.390s load=1.00 rootload=0.99
ramon: poll                 wall=01m56.004s usage=01m55.716s user=01m54.403s sys=01.313s mem=208MiB roottime=114.400s load=1.00 rootload=1.01
ramon: poll                 wall=01m57.011s usage=01m56.723s user=01m55.410s sys=01.313s mem=208MiB roottime=115.400s load=1.00 rootload=0.99
ramon: poll                 wall=01m58.003s usage=01m57.715s user=01m56.402s sys=01.313s mem=208MiB roottime=116.400s load=1.00 rootload=1.01
ramon: poll                 wall=01m59.000s usage=01m58.711s user=01m57.398s sys=01.313s mem=208MiB roottime=117.390s load=1.00 rootload=0.99
ramon: poll                 wall=02m00.004s usage=01m59.715s user=01m58.402s sys=01.313s mem=208MiB roottime=118.400s load=1.00 rootload=1.01
ramon: poll                 wall=02m01.006s usage=02m00.716s user=01m59.403s sys=01.313s mem=208MiB roottime=119.400s load=1.00 rootload=1.00
ramon: poll                 wall=02m02.000s usage=02m01.710s user=02m00.397s sys=01.313s mem=208MiB roottime=120.390s load=1.00 rootload=1.00
ramon: poll                 wall=02m03.003s usage=02m02.712s user=02m01.399s sys=01.313s mem=208MiB roottime=121.390s load=1.00 rootload=1.00
ramon: poll                 wall=02m04.004s usage=02m03.713s user=02m02.400s sys=01.313s mem=208MiB roottime=122.400s load=1.00 rootload=1.01
ramon: poll                 wall=02m05.000s usage=02m04.709s user=02m03.395s sys=01.313s mem=208MiB roottime=123.390s load=1.00 rootload=0.99
ramon: poll                 wall=02m06.002s usage=02m05.711s user=02m04.397s sys=01.313s mem=208MiB roottime=124.390s load=1.00 rootload=1.00
ramon: poll                 wall=02m07.007s usage=02m06.714s user=02m05.399s sys=01.315s mem=208MiB roottime=125.390s load=1.00 rootload=1.00
ramon: poll                 wall=02m08.007s usage=02m07.714s user=02m06.398s sys=01.316s mem=208MiB roottime=126.390s load=1.00 rootload=1.00
ramon: poll                 wall=02m09.011s usage=02m08.717s user=02m07.401s sys=01.316s mem=208MiB roottime=127.400s load=1.00 rootload=1.01
ramon: poll                 wall=02m10.007s usage=02m09.713s user=02m08.397s sys=01.316s mem=208MiB roottime=128.390s load=1.00 rootload=0.99
ramon: poll                 wall=02m11.007s usage=02m10.712s user=02m09.396s sys=01.316s mem=208MiB roottime=129.390s load=1.00 rootload=1.00
ramon: poll                 wall=02m12.004s usage=02m11.709s user=02m10.393s sys=01.316s mem=208MiB roottime=130.390s load=1.00 rootload=1.00
ramon: poll                 wall=02m13.007s usage=02m12.712s user=02m11.395s sys=01.317s mem=208MiB roottime=131.390s load=1.00 rootload=1.00
ramon: poll                 wall=02m14.006s usage=02m13.710s user=02m12.393s sys=01.317s mem=208MiB roottime=132.390s load=1.00 rootload=1.00
ramon: poll                 wall=02m15.007s usage=02m14.711s user=02m13.394s sys=01.317s mem=208MiB roottime=133.390s load=1.00 rootload=1.00
ramon: poll                 wall=02m16.004s usage=02m15.707s user=02m14.389s sys=01.318s mem=208MiB roottime=134.380s load=1.00 rootload=0.99
ramon: poll                 wall=02m17.006s usage=02m16.708s user=02m15.388s sys=01.320s mem=208MiB roottime=135.380s load=1.00 rootload=1.00
ramon: poll                 wall=02m18.007s usage=02m17.708s user=02m16.388s sys=01.320s mem=208MiB roottime=136.380s load=1.00 rootload=1.00
ramon: poll                 wall=02m19.007s usage=02m18.708s user=02m17.388s sys=01.320s mem=208MiB roottime=137.380s load=1.00 rootload=1.00
ramon: poll                 wall=02m20.009s usage=02m19.709s user=02m18.389s sys=01.320s mem=208MiB roottime=138.380s load=1.00 rootload=1.00
ramon: poll                 wall=02m21.008s usage=02m20.706s user=02m19.386s sys=01.320s mem=208MiB roottime=139.380s load=1.00 rootload=1.00
ramon: poll                 wall=02m22.003s usage=02m21.671s user=02m20.351s sys=01.320s mem=208MiB roottime=140.350s load=0.97 rootload=0.97
ramon: poll                 wall=02m23.004s usage=02m22.672s user=02m21.350s sys=01.322s mem=208MiB roottime=141.350s load=1.00 rootload=1.00
ramon: poll                 wall=02m24.003s usage=02m23.670s user=02m22.348s sys=01.322s mem=208MiB roottime=142.340s load=1.00 rootload=0.99
ramon: poll                 wall=02m25.000s usage=02m24.666s user=02m23.344s sys=01.322s mem=208MiB roottime=143.340s load=1.00 rootload=1.00
ramon: poll                 wall=02m26.003s usage=02m25.669s user=02m24.346s sys=01.322s mem=208MiB roottime=144.340s load=1.00 rootload=1.00
ramon: poll                 wall=02m27.002s usage=02m26.667s user=02m25.345s sys=01.322s mem=208MiB roottime=145.340s load=1.00 rootload=1.00
ramon: poll                 wall=02m28.000s usage=02m27.664s user=02m26.342s sys=01.322s mem=208MiB roottime=146.340s load=1.00 rootload=1.00
ramon: poll                 wall=02m29.000s usage=02m28.663s user=02m27.341s sys=01.322s mem=208MiB roottime=147.340s load=1.00 rootload=1.00
ramon: poll                 wall=02m30.004s usage=02m29.667s user=02m28.344s sys=01.323s mem=208MiB roottime=148.340s load=1.00 rootload=1.00
ramon: poll                 wall=02m31.000s usage=02m30.662s user=02m29.338s sys=01.324s mem=208MiB roottime=149.330s load=1.00 rootload=0.99
ramon: poll                 wall=02m32.004s usage=02m31.665s user=02m30.341s sys=01.324s mem=208MiB roottime=150.340s load=1.00 rootload=1.01
ramon: poll                 wall=02m33.000s usage=02m32.661s user=02m31.337s sys=01.324s mem=208MiB roottime=151.330s load=1.00 rootload=0.99
ramon: poll                 wall=02m34.004s usage=02m33.665s user=02m32.341s sys=01.324s mem=208MiB roottime=152.340s load=1.00 rootload=1.01
ramon: poll                 wall=02m35.000s usage=02m34.660s user=02m33.336s sys=01.324s mem=208MiB roottime=153.330s load=1.00 rootload=0.99
ramon: poll                 wall=02m36.000s usage=02m35.660s user=02m34.334s sys=01.325s mem=208MiB roottime=154.330s load=1.00 rootload=1.00
ramon: poll                 wall=02m37.002s usage=02m36.661s user=02m35.336s sys=01.325s mem=208MiB roottime=155.330s load=1.00 rootload=1.00
ramon: poll                 wall=02m38.003s usage=02m37.662s user=02m36.337s sys=01.325s mem=208MiB roottime=156.330s load=1.00 rootload=1.00
ramon: poll                 wall=02m39.000s usage=02m38.658s user=02m37.332s sys=01.326s mem=208MiB roottime=157.330s load=1.00 rootload=1.00
ramon: poll                 wall=02m40.002s usage=02m39.659s user=02m38.331s sys=01.328s mem=208MiB roottime=158.330s load=1.00 rootload=1.00
ramon: poll                 wall=02m41.000s usage=02m40.657s user=02m39.329s sys=01.328s mem=208MiB roottime=159.320s load=1.00 rootload=0.99
ramon: poll                 wall=02m42.000s usage=02m41.648s user=02m40.316s sys=01.332s mem=209MiB roottime=160.310s load=0.99 rootload=0.99
ramon: poll                 wall=02m43.000s usage=02m42.647s user=02m41.315s sys=01.332s mem=209MiB roottime=161.310s load=1.00 rootload=1.00
ramon: poll                 wall=02m44.000s usage=02m43.638s user=02m42.306s sys=01.332s mem=209MiB roottime=162.300s load=0.99 rootload=0.99
ramon: poll                 wall=02m45.003s usage=02m44.640s user=02m43.306s sys=01.334s mem=209MiB roottime=163.300s load=1.00 rootload=1.00
ramon: poll                 wall=02m46.002s usage=02m45.633s user=02m44.298s sys=01.334s mem=209MiB roottime=164.290s load=0.99 rootload=0.99
ramon: poll                 wall=02m47.000s usage=02m46.630s user=02m45.295s sys=01.335s mem=209MiB roottime=165.290s load=1.00 rootload=1.00
ramon: poll                 wall=02m48.003s usage=02m47.632s user=02m46.296s sys=01.336s mem=209MiB roottime=166.290s load=1.00 rootload=1.00
ramon: poll                 wall=02m49.001s usage=02m48.629s user=02m47.293s sys=01.336s mem=209MiB roottime=167.290s load=1.00 rootload=1.00
ramon: poll                 wall=02m50.003s usage=02m49.631s user=02m48.295s sys=01.336s mem=209MiB roottime=168.290s load=1.00 rootload=1.00
ramon: poll                 wall=02m51.003s usage=02m50.630s user=02m49.294s sys=01.336s mem=209MiB roottime=169.290s load=1.00 rootload=1.00
ramon: poll                 wall=02m52.004s usage=02m51.631s user=02m50.294s sys=01.337s mem=209MiB roottime=170.290s load=1.00 rootload=1.00
ramon: poll                 wall=02m53.012s usage=02m52.638s user=02m51.301s sys=01.337s mem=209MiB roottime=171.300s load=1.00 rootload=1.00
ramon: poll                 wall=02m54.004s usage=02m53.629s user=02m52.291s sys=01.338s mem=209MiB roottime=172.290s load=1.00 rootload=1.00
ramon: poll                 wall=02m55.000s usage=02m54.625s user=02m53.287s sys=01.338s mem=209MiB roottime=173.280s load=1.00 rootload=0.99
ramon: poll                 wall=02m56.014s usage=02m55.639s user=02m54.300s sys=01.339s mem=209MiB roottime=174.300s load=1.00 rootload=1.01
ramon: poll                 wall=02m57.015s usage=02m56.639s user=02m55.299s sys=01.340s mem=209MiB roottime=175.290s load=1.00 rootload=0.99
ramon: poll                 wall=02m58.020s usage=02m57.644s user=02m56.303s sys=01.340s mem=209MiB roottime=176.300s load=1.00 rootload=1.00
ramon: poll                 wall=02m59.005s usage=02m58.626s user=02m57.286s sys=01.340s mem=209MiB roottime=177.280s load=1.00 rootload=1.00
ramon: poll                 wall=03m00.000s usage=02m59.621s user=02m58.280s sys=01.340s mem=209MiB roottime=178.280s load=1.00 rootload=1.00
ramon: poll                 wall=03m01.004s usage=03m00.620s user=02m59.280s sys=01.340s mem=209MiB roottime=179.270s load=1.00 rootload=0.99
ramon: poll                 wall=03m02.006s usage=03m01.618s user=03m00.277s sys=01.341s mem=209MiB roottime=180.280s load=1.00 rootload=1.01
ramon: poll                 wall=03m03.012s usage=03m02.621s user=03m01.280s sys=01.341s mem=209MiB roottime=181.270s load=1.00 rootload=0.98
ramon: poll                 wall=03m04.017s usage=03m03.623s user=03m02.282s sys=01.341s mem=209MiB roottime=182.280s load=1.00 rootload=1.01
ramon: poll                 wall=03m05.000s usage=03m04.604s user=03m03.262s sys=01.341s mem=209MiB roottime=183.260s load=1.00 rootload=1.00
ramon: poll                 wall=03m06.009s usage=03m05.612s user=03m04.270s sys=01.342s mem=209MiB roottime=184.270s load=1.00 rootload=1.00
ramon: poll                 wall=03m07.014s usage=03m06.617s user=03m05.275s sys=01.342s mem=209MiB roottime=185.270s load=1.00 rootload=1.00
ramon: poll                 wall=03m08.019s usage=03m07.622s user=03m06.280s sys=01.342s mem=209MiB roottime=186.280s load=1.00 rootload=1.00
ramon: poll                 wall=03m09.019s usage=03m08.620s user=03m07.277s sys=01.342s mem=209MiB roottime=187.270s load=1.00 rootload=0.99
ramon: poll                 wall=03m10.019s usage=03m09.618s user=03m08.276s sys=01.342s mem=209MiB roottime=188.270s load=1.00 rootload=1.00
ramon: poll                 wall=03m11.010s usage=03m10.607s user=03m09.265s sys=01.342s mem=210MiB roottime=189.260s load=1.00 rootload=1.00
ramon: poll                 wall=03m12.002s usage=03m11.597s user=03m10.255s sys=01.342s mem=210MiB roottime=190.250s load=1.00 rootload=1.00
ramon: poll                 wall=03m13.000s usage=03m12.595s user=03m11.251s sys=01.344s mem=210MiB roottime=191.250s load=1.00 rootload=1.00
ramon: poll                 wall=03m14.000s usage=03m13.594s user=03m12.250s sys=01.344s mem=210MiB roottime=192.250s load=1.00 rootload=1.00
ramon: poll                 wall=03m15.008s usage=03m14.602s user=03m13.257s sys=01.345s mem=210MiB roottime=193.250s load=1.00 rootload=0.99
ramon: poll                 wall=03m16.018s usage=03m15.611s user=03m14.263s sys=01.348s mem=210MiB roottime=194.260s load=1.00 rootload=1.00
ramon: poll                 wall=03m17.004s usage=03m16.597s user=03m15.249s sys=01.348s mem=210MiB roottime=195.240s load=1.00 rootload=0.99
ramon: poll                 wall=03m18.000s usage=03m17.593s user=03m16.244s sys=01.348s mem=210MiB roottime=196.240s load=1.00 rootload=1.00
ramon: poll                 wall=03m19.000s usage=03m18.592s user=03m17.244s sys=01.348s mem=210MiB roottime=197.240s load=1.00 rootload=1.00
ramon: poll                 wall=03m20.002s usage=03m19.594s user=03m18.246s sys=01.348s mem=210MiB roottime=198.240s load=1.00 rootload=1.00
ramon: poll                 wall=03m21.001s usage=03m20.592s user=03m19.243s sys=01.349s mem=210MiB roottime=199.240s load=1.00 rootload=1.00
ramon: poll                 wall=03m22.001s usage=03m21.591s user=03m20.242s sys=01.349s mem=210MiB roottime=200.240s load=1.00 rootload=1.00
ramon: poll                 wall=03m23.000s usage=03m22.590s user=03m21.241s sys=01.349s mem=210MiB roottime=201.240s load=1.00 rootload=1.00
ramon: poll                 wall=03m24.000s usage=03m23.589s user=03m22.240s sys=01.349s mem=210MiB roottime=202.230s load=1.00 rootload=0.99
ramon: poll                 wall=03m25.000s usage=03m24.588s user=03m23.237s sys=01.351s mem=210MiB roottime=203.230s load=1.00 rootload=1.00
ramon: poll                 wall=03m26.005s usage=03m25.593s user=03m24.240s sys=01.353s mem=210MiB roottime=204.240s load=1.00 rootload=1.01
ramon: poll                 wall=03m27.008s usage=03m26.595s user=03m25.241s sys=01.354s mem=210MiB roottime=205.240s load=1.00 rootload=1.00
ramon: poll                 wall=03m28.000s usage=03m27.588s user=03m26.233s sys=01.354s mem=210MiB roottime=206.230s load=1.00 rootload=1.00
ramon: poll                 wall=03m29.009s usage=03m28.596s user=03m27.242s sys=01.354s mem=210MiB roottime=207.240s load=1.00 rootload=1.00
ramon: poll                 wall=03m30.000s usage=03m29.586s user=03m28.231s sys=01.355s mem=210MiB roottime=208.230s load=1.00 rootload=1.00
ramon: poll                 wall=03m31.003s usage=03m30.587s user=03m29.232s sys=01.355s mem=210MiB roottime=209.230s load=1.00 rootload=1.00
ramon: poll                 wall=03m32.005s usage=03m31.587s user=03m30.232s sys=01.355s mem=210MiB roottime=210.230s load=1.00 rootload=1.00
ramon: poll                 wall=03m33.000s usage=03m32.582s user=03m31.227s sys=01.355s mem=210MiB roottime=211.220s load=1.00 rootload=0.99
ramon: poll                 wall=03m34.000s usage=03m33.579s user=03m32.223s sys=01.356s mem=210MiB roottime=212.220s load=1.00 rootload=1.00
ramon: poll                 wall=03m35.004s usage=03m34.581s user=03m33.225s sys=01.356s mem=210MiB roottime=213.220s load=1.00 rootload=1.00
ramon: poll                 wall=03m36.006s usage=03m35.583s user=03m34.227s sys=01.356s mem=210MiB roottime=214.220s load=1.00 rootload=1.00
ramon: poll                 wall=03m37.007s usage=03m36.583s user=03m35.226s sys=01.357s mem=210MiB roottime=215.220s load=1.00 rootload=1.00
ramon: poll                 wall=03m38.005s usage=03m37.579s user=03m36.222s sys=01.357s mem=210MiB roottime=216.220s load=1.00 rootload=1.00
ramon: poll                 wall=03m39.006s usage=03m38.579s user=03m37.222s sys=01.357s mem=210MiB roottime=217.220s load=1.00 rootload=1.00
ramon: poll                 wall=03m40.005s usage=03m39.576s user=03m38.218s sys=01.358s mem=210MiB roottime=218.210s load=1.00 rootload=0.99
ramon: poll                 wall=03m41.006s usage=03m40.575s user=03m39.217s sys=01.358s mem=210MiB roottime=219.210s load=1.00 rootload=1.00
ramon: poll                 wall=03m42.007s usage=03m41.574s user=03m40.216s sys=01.358s mem=210MiB roottime=220.210s load=1.00 rootload=1.00
ramon: poll                 wall=03m43.002s usage=03m42.567s user=03m41.208s sys=01.359s mem=210MiB roottime=221.200s load=1.00 rootload=1.00
ramon: poll                 wall=03m44.000s usage=03m43.563s user=03m42.204s sys=01.359s mem=210MiB roottime=222.200s load=1.00 rootload=1.00
ramon: poll                 wall=03m45.003s usage=03m44.566s user=03m43.207s sys=01.359s mem=210MiB roottime=223.210s load=1.00 rootload=1.01
ramon: poll                 wall=03m46.001s usage=03m45.563s user=03m44.204s sys=01.359s mem=210MiB roottime=224.200s load=1.00 rootload=0.99
ramon: poll                 wall=03m47.008s usage=03m46.570s user=03m45.211s sys=01.359s mem=210MiB roottime=225.220s load=1.00 rootload=1.01
ramon: poll                 wall=03m48.016s usage=03m47.577s user=03m46.217s sys=01.360s mem=210MiB roottime=226.210s load=1.00 rootload=0.98
ramon: poll                 wall=03m49.007s usage=03m48.568s user=03m47.208s sys=01.360s mem=210MiB roottime=227.200s load=1.00 rootload=1.00
ramon: poll                 wall=03m50.007s usage=03m49.567s user=03m48.206s sys=01.361s mem=210MiB roottime=228.200s load=1.00 rootload=1.00
ramon: poll                 wall=03m51.006s usage=03m50.566s user=03m49.205s sys=01.361s mem=210MiB roottime=229.200s load=1.00 rootload=1.00
ramon: poll                 wall=03m52.000s usage=03m51.559s user=03m50.198s sys=01.361s mem=210MiB roottime=230.190s load=1.00 rootload=1.00
ramon: poll                 wall=03m53.004s usage=03m52.565s user=03m51.204s sys=01.361s mem=210MiB roottime=231.210s load=1.00 rootload=1.02
ramon: poll                 wall=03m54.000s usage=03m53.558s user=03m52.197s sys=01.361s mem=210MiB roottime=232.190s load=1.00 rootload=0.98
ramon: poll                 wall=03m55.006s usage=03m54.563s user=03m53.202s sys=01.361s mem=210MiB roottime=233.200s load=1.00 rootload=1.00
ramon: poll                 wall=03m56.009s usage=03m55.564s user=03m54.202s sys=01.362s mem=210MiB roottime=234.200s load=1.00 rootload=1.00
ramon: poll                 wall=03m57.016s usage=03m56.571s user=03m55.209s sys=01.362s mem=210MiB roottime=235.210s load=1.00 rootload=1.00
ramon: poll                 wall=03m58.000s usage=03m57.554s user=03m56.192s sys=01.362s mem=210MiB roottime=236.190s load=1.00 rootload=1.00
ramon: poll                 wall=03m59.007s usage=03m58.560s user=03m57.195s sys=01.365s mem=210MiB roottime=237.190s load=1.00 rootload=0.99
ramon: poll                 wall=04m00.003s usage=03m59.556s user=03m58.191s sys=01.365s mem=210MiB roottime=238.190s load=1.00 rootload=1.00
ramon: poll                 wall=04m01.007s usage=04m00.559s user=03m59.191s sys=01.368s mem=210MiB roottime=239.190s load=1.00 rootload=1.00
ramon: poll                 wall=04m02.012s usage=04m01.564s user=04m00.196s sys=01.368s mem=210MiB roottime=240.190s load=1.00 rootload=0.99
ramon: poll                 wall=04m03.010s usage=04m02.561s user=04m01.193s sys=01.368s mem=210MiB roottime=241.190s load=1.00 rootload=1.00
ramon: poll                 wall=04m04.004s usage=04m03.554s user=04m02.186s sys=01.368s mem=210MiB roottime=242.180s load=1.00 rootload=1.00
ramon: poll                 wall=04m05.030s usage=04m04.580s user=04m03.211s sys=01.369s mem=210MiB roottime=243.210s load=1.00 rootload=1.00
ramon: poll                 wall=04m06.010s usage=04m05.561s user=04m04.192s sys=01.369s mem=210MiB roottime=244.190s load=1.00 rootload=1.00
ramon: poll                 wall=04m07.000s usage=04m06.549s user=04m05.180s sys=01.369s mem=210MiB roottime=245.180s load=1.00 rootload=1.00
ramon: poll                 wall=04m08.011s usage=04m07.559s user=04m06.189s sys=01.370s mem=210MiB roottime=246.180s load=1.00 rootload=0.99
ramon: poll                 wall=04m09.017s usage=04m08.566s user=04m07.196s sys=01.370s mem=210MiB roottime=247.190s load=1.00 rootload=1.00
ramon: poll                 wall=04m10.033s usage=04m09.580s user=04m08.210s sys=01.370s mem=210MiB roottime=248.210s load=1.00 rootload=1.00
ramon: poll                 wall=04m11.010s usage=04m10.557s user=04m09.187s sys=01.370s mem=210MiB roottime=249.180s load=1.00 rootload=0.99
ramon: poll                 wall=04m12.011s usage=04m11.558s user=04m10.188s sys=01.370s mem=210MiB roottime=250.180s load=1.00 rootload=1.00
ramon: poll                 wall=04m13.009s usage=04m12.556s user=04m11.186s sys=01.370s mem=210MiB roottime=251.180s load=1.00 rootload=1.00
ramon: poll                 wall=04m14.010s usage=04m13.556s user=04m12.186s sys=01.370s mem=210MiB roottime=252.180s load=1.00 rootload=1.00
ramon: poll                 wall=04m15.020s usage=04m14.566s user=04m13.196s sys=01.370s mem=210MiB roottime=253.190s load=1.00 rootload=1.00
ramon: poll                 wall=04m16.012s usage=04m15.557s user=04m14.187s sys=01.370s mem=210MiB roottime=254.180s load=1.00 rootload=1.00
ramon: poll                 wall=04m17.009s usage=04m16.554s user=04m15.184s sys=01.370s mem=210MiB roottime=255.180s load=1.00 rootload=1.00
ramon: poll                 wall=04m18.000s usage=04m17.546s user=04m16.176s sys=01.370s mem=210MiB roottime=256.170s load=1.00 rootload=1.00
ramon: poll                 wall=04m19.007s usage=04m18.552s user=04m17.182s sys=01.370s mem=210MiB roottime=257.180s load=1.00 rootload=1.00
ramon: poll                 wall=04m20.005s usage=04m19.550s user=04m18.180s sys=01.370s mem=210MiB roottime=258.180s load=1.00 rootload=1.00
ramon: poll                 wall=04m21.009s usage=04m20.553s user=04m19.183s sys=01.370s mem=210MiB roottime=259.180s load=1.00 rootload=1.00
ramon: poll                 wall=04m22.009s usage=04m21.554s user=04m20.184s sys=01.370s mem=210MiB roottime=260.180s load=1.00 rootload=1.00
ramon: poll                 wall=04m23.013s usage=04m22.557s user=04m21.186s sys=01.370s mem=210MiB roottime=261.180s load=1.00 rootload=1.00
ramon: poll                 wall=04m24.000s usage=04m23.544s user=04m22.174s sys=01.370s mem=210MiB roottime=262.170s load=1.00 rootload=1.00
ramon: poll                 wall=04m25.019s usage=04m24.562s user=04m23.191s sys=01.370s mem=210MiB roottime=263.190s load=1.00 rootload=1.00
ramon: poll                 wall=04m26.017s usage=04m25.560s user=04m24.189s sys=01.370s mem=210MiB roottime=264.180s load=1.00 rootload=0.99
ramon: poll                 wall=04m27.002s usage=04m26.544s user=04m25.174s sys=01.370s mem=211MiB roottime=265.170s load=1.00 rootload=1.01
ramon: poll                 wall=04m28.013s usage=04m27.555s user=04m26.185s sys=01.370s mem=211MiB roottime=266.180s load=1.00 rootload=1.00
ramon: poll                 wall=04m29.014s usage=04m28.555s user=04m27.185s sys=01.370s mem=211MiB roottime=267.180s load=1.00 rootload=1.00
ramon: poll                 wall=04m30.007s usage=04m29.548s user=04m28.177s sys=01.371s mem=211MiB roottime=268.170s load=1.00 rootload=1.00
ramon: poll                 wall=04m31.014s usage=04m30.554s user=04m29.183s sys=01.371s mem=211MiB roottime=269.180s load=1.00 rootload=1.00
ramon: end                  Tue Mar 25 18:39:41 2025
ramon: root.execname        z3
ramon: root.utime           269.700s
ramon: root.stime           1.430s
ramon: group.total          271.139s
ramon: group.utime          269.709s
ramon: group.stime          1.429s
ramon: group.mempeak        211MiB
ramon: group.pidpeak        2
ramon: status               exited
ramon: exitcode             0
ramon: walltime             271.600s
ramon: loadavg              1.00
