ramon: cwd                  /home/runner/a/_work/z3-poly-testing/z3-poly-testing
ramon: start                Tue Mar 25 18:24:01 2025
ramon: nproc                128
ramon: sys.mem              64150 MiB
ramon: sys.mem.free         32244 MiB
ramon: sys.mem.avail        64086 MiB
ramon: sys.nprocs           2782
ramon: argv                 0 = z3
ramon: argv                 1 = inputs/QF_LIA/n7787-prp-11-47.smt2
ramon: argv                 2 = -T:600
ramon: argv                 3 = -st
ramon: argv                 4 = rewriter.elim_ite_value_tree=false
ramon: childpid             454471
ramon: poll                 wall=01.003s usage=00.961s user=00.882s sys=00.079s mem=25340KiB roottime=0.880s load=0.96 rootload=0.88
ramon: poll                 wall=02.003s usage=01.946s user=01.788s sys=00.158s mem=51212KiB roottime=1.780s load=0.98 rootload=0.90
ramon: poll                 wall=03.004s usage=02.934s user=02.776s sys=00.158s mem=50988KiB roottime=2.770s load=0.99 rootload=0.99
ramon: poll                 wall=04.000s usage=03.914s user=03.755s sys=00.159s mem=51220KiB roottime=3.750s load=0.98 rootload=0.98
ramon: poll                 wall=05.003s usage=04.904s user=04.742s sys=00.162s mem=51808KiB roottime=4.740s load=0.99 rootload=0.99
ramon: poll                 wall=06.005s usage=05.894s user=05.732s sys=00.162s mem=51952KiB roottime=5.730s load=0.99 rootload=0.99
ramon: poll                 wall=07.006s usage=06.883s user=06.716s sys=00.167s mem=51916KiB roottime=6.710s load=0.99 rootload=0.98
ramon: poll                 wall=08.007s usage=07.870s user=07.699s sys=00.171s mem=52312KiB roottime=7.690s load=0.99 rootload=0.98
ramon: poll                 wall=09.007s usage=08.858s user=08.685s sys=00.173s mem=52560KiB roottime=8.680s load=0.99 rootload=0.99
ramon: poll                 wall=10.008s usage=09.849s user=09.671s sys=00.178s mem=52684KiB roottime=9.670s load=0.99 rootload=0.99
ramon: poll                 wall=11.006s usage=10.838s user=10.657s sys=00.181s mem=53108KiB roottime=10.650s load=0.99 rootload=0.98
ramon: poll                 wall=12.007s usage=11.829s user=11.647s sys=00.182s mem=53188KiB roottime=11.640s load=0.99 rootload=0.99
ramon: poll                 wall=13.004s usage=12.818s user=12.631s sys=00.186s mem=53352KiB roottime=12.630s load=0.99 rootload=0.99
ramon: poll                 wall=14.006s usage=13.811s user=13.623s sys=00.188s mem=53212KiB roottime=13.620s load=0.99 rootload=0.99
ramon: poll                 wall=15.013s usage=14.810s user=14.621s sys=00.189s mem=53340KiB roottime=14.620s load=0.99 rootload=0.99
ramon: poll                 wall=16.003s usage=15.793s user=15.604s sys=00.189s mem=53672KiB roottime=15.600s load=0.99 rootload=0.99
ramon: poll                 wall=17.005s usage=16.788s user=16.597s sys=00.191s mem=53484KiB roottime=16.590s load=0.99 rootload=0.99
ramon: poll                 wall=18.006s usage=17.781s user=17.588s sys=00.193s mem=53888KiB roottime=17.580s load=0.99 rootload=0.99
ramon: poll                 wall=19.003s usage=18.768s user=18.574s sys=00.194s mem=53900KiB roottime=18.570s load=0.99 rootload=0.99
ramon: poll                 wall=20.008s usage=19.766s user=19.569s sys=00.197s mem=54584KiB roottime=19.560s load=0.99 rootload=0.99
ramon: poll                 wall=21.006s usage=20.757s user=20.557s sys=00.200s mem=54588KiB roottime=20.550s load=0.99 rootload=0.99
ramon: poll                 wall=22.006s usage=21.749s user=21.548s sys=00.201s mem=54684KiB roottime=21.540s load=0.99 rootload=0.99
ramon: poll                 wall=23.006s usage=22.740s user=22.538s sys=00.202s mem=55100KiB roottime=22.530s load=0.99 rootload=0.99
ramon: poll                 wall=24.010s usage=23.738s user=23.536s sys=00.202s mem=54944KiB roottime=23.530s load=0.99 rootload=1.00
ramon: poll                 wall=25.006s usage=24.729s user=24.524s sys=00.205s mem=55408KiB roottime=24.520s load=1.00 rootload=0.99
ramon: poll                 wall=26.007s usage=25.726s user=25.520s sys=00.206s mem=55364KiB roottime=25.520s load=1.00 rootload=1.00
ramon: poll                 wall=27.000s usage=26.716s user=26.509s sys=00.207s mem=55460KiB roottime=26.500s load=1.00 rootload=0.99
ramon: poll                 wall=28.000s usage=27.712s user=27.504s sys=00.208s mem=55764KiB roottime=27.500s load=1.00 rootload=1.00
ramon: poll                 wall=29.003s usage=28.698s user=28.482s sys=00.215s mem=56212KiB roottime=28.480s load=0.98 rootload=0.98
ramon: poll                 wall=30.000s usage=29.692s user=29.469s sys=00.223s mem=56812KiB roottime=29.460s load=1.00 rootload=0.98
ramon: end                  Tue Mar 25 18:24:32 2025
ramon: root.execname        z3
ramon: root.utime           29.960s
ramon: root.stime           0.230s
ramon: group.total          30.198s
ramon: group.utime          29.960s
ramon: group.stime          0.237s
ramon: group.mempeak        56916KiB
ramon: group.pidpeak        2
ramon: status               exited
ramon: exitcode             0
ramon: walltime             30.508s
ramon: loadavg              0.99
