unsat
(:added-eqs                   2
 :arith-bound-propagations-lp 449
 :arith-branch                16050
 :arith-conflicts             728
 :arith-cube-calls            4139
 :arith-fixed-eqs             3
 :arith-gcd-calls             13838
 :arith-gcd-conflict          4
 :arith-gomory-cuts           183
 :arith-hnf-calls             678
 :arith-hnf-cuts              378
 :arith-lower                 9396
 :arith-make-feasible         17797
 :arith-max-columns           46
 :arith-max-rows              34
 :arith-patches               16554
 :arith-upper                 7967
 :binary-propagations         12326
 :conflicts                   819
 :decisions                   3911
 :del-clause                  2983
 :final-checks                16558
 :max-memory                  43.68
 :memory                      18.92
 :minimized-lits              19
 :mk-bool-var                 17704
 :mk-clause                   3781
 :mk-clause-binary            2921
 :num-allocs                  607881332
 :num-checks                  2
 :propagations                19276
 :restarts                    7
 :rlimit-count                1113330
 :sat-backjumps               734
 :sat-conflicts               735
 :sat-decisions               897
 :sat-del-clause              4139
 :sat-elim-bool-vars-res      625
 :sat-elim-clauses            554
 :sat-elim-literals           464
 :sat-minimized-lits          10021
 :sat-mk-clause-2ary          2288
 :sat-mk-clause-3ary          829
 :sat-mk-clause-nary          6599
 :sat-mk-var                  1556
 :sat-probing-assigned        4
 :sat-propagations-2ary       122759
 :sat-propagations-nary       193928
 :sat-restarts                7
 :sat-scc-elim-binary         11
 :sat-subs-resolution         78
 :sat-subs-resolution-dyn     61
 :sat-subsumed                670
 :sat-units                   132
 :time                        2.87
 :total-time                  2.91)
