sat
(:added-eqs                   10624
 :arith-eq-adapter            3378
 :arith-bound-propagations-lp 1047
 :arith-branch                4829
 :arith-conflicts             423
 :arith-cube-calls            1207
 :arith-dio-calls             4829
 :arith-diseq                 4378
 :arith-fixed-eqs             666
 :arith-gcd-calls             4830
 :arith-lower                 17529
 :arith-make-feasible         17143
 :arith-max-columns           2744
 :arith-max-rows              970
 :arith-offset-eqs            14
 :arith-patches               4830
 :arith-patches-success       1
 :arith-upper                 13574
 :binary-propagations         18519
 :conflicts                   599
 :decisions                   10252
 :del-clause                  3444
 :final-checks                4830
 :max-memory                  28.69
 :memory                      21.54
 :minimized-lits              37
 :mk-bool-var                 19551
 :mk-clause                   4549
 :mk-clause-binary            3850
 :num-allocs                  8403719498.00
 :num-checks                  2
 :propagations                21366
 :restarts                    5
 :rlimit-count                1030851
 :solve-eqs-elim-vars         680
 :solve-eqs-steps             5109
 :time                        5.75
 :total-time                  5.78)
