sat
(:added-eqs                   6239
 :arith-bound-propagations-lp 25053
 :arith-conflicts             360
 :arith-fixed-eqs             2618
 :arith-lower                 38696
 :arith-make-feasible         15523
 :arith-max-columns           870
 :arith-max-rows              441
 :arith-offset-eqs            3723
 :arith-upper                 26985
 :binary-propagations         43858
 :conflicts                   560
 :decisions                   10226
 :del-clause                  49
 :final-checks                1
 :max-memory                  28.54
 :memory                      21.00
 :minimized-lits              5284
 :mk-bool-var                 3799
 :mk-clause                   1362
 :mk-clause-binary            5311
 :num-allocs                  37249052
 :num-checks                  1
 :propagations                54343
 :restarts                    3
 :rlimit-count                1084149
 :solve-eqs-elim-vars         355
 :solve-eqs-steps             2203
 :time                        0.45
 :total-time                  0.48)
