sat
(:added-eqs                   100
 :arith-bound-propagations-lp 10
 :arith-lower                 95
 :arith-make-feasible         27
 :arith-max-columns           44
 :arith-max-rows              10
 :arith-offset-eqs            43
 :arith-upper                 144
 :binary-propagations         225
 :conflicts                   2
 :decisions                   21
 :final-checks                1
 :max-memory                  19.63
 :memory                      18.97
 :mk-bool-var                 184
 :mk-clause-binary            320
 :num-allocs                  414634
 :num-checks                  1
 :pb-predicates               27
 :pb-propagations             38
 :propagations                225
 :rlimit-count                30164
 :solve-eqs-elim-vars         280
 :solve-eqs-steps             520
 :time                        0.01
 :total-time                  0.02)
