ramon: cwd                  /home/runner/a/_work/z3-poly-testing/z3-poly-testing
ramon: start                Sun Feb  9 11:24:07 2025
ramon: nproc                128
ramon: sys.mem              64150 MiB
ramon: sys.mem.free         34661 MiB
ramon: sys.mem.avail        63870 MiB
ramon: sys.nprocs           2839
ramon: argv                 0 = z3
ramon: argv                 1 = inputs/QF_LIA/n4632-RF-14.smt2
ramon: argv                 2 = -T:600
ramon: argv                 3 = -st
ramon: argv                 4 = smt.arith.lp.dio_cuts_enable_gomory=false
ramon: argv                 5 = smt.random_seed=47
ramon: childpid             2295534
ramon: end                  Sun Feb  9 11:24:07 2025
ramon: root.execname        z3
ramon: root.utime           0.120s
ramon: root.stime           0.020s
ramon: group.total          0.145s
ramon: group.utime          0.126s
ramon: group.stime          0.019s
ramon: group.mempeak        23948KiB
ramon: group.pidpeak        2
ramon: status               exited
ramon: exitcode             0
ramon: walltime             0.165s
ramon: loadavg              0.88
