unsat
(:added-eqs                   109
 :arith-bound-propagations-lp 86
 :arith-conflicts             2
 :arith-lower                 915
 :arith-make-feasible         231
 :arith-max-columns           1531
 :arith-max-rows              1107
 :arith-offset-eqs            14
 :arith-upper                 1137
 :binary-propagations         552
 :conflicts                   29
 :decisions                   217
 :max-memory                  58.67
 :memory                      21.36
 :minimized-lits              1
 :mk-bool-var                 1668
 :mk-clause                   3
 :mk-clause-binary            320
 :num-allocs                  989437007
 :num-checks                  1
 :pb-predicates               16
 :propagations                557
 :rlimit-count                318980
 :solve-eqs-elim-vars         1221
 :solve-eqs-steps             2761
 :time                        0.48
 :total-time                  0.51)
