ramon: cwd                  /home/runner/a/_work/z3-poly-testing/z3-poly-testing
ramon: start                Sun Feb  9 11:44:38 2025
ramon: nproc                128
ramon: sys.mem              64150 MiB
ramon: sys.mem.free         28388 MiB
ramon: sys.mem.avail        63867 MiB
ramon: sys.nprocs           2836
ramon: argv                 0 = z3
ramon: argv                 1 = inputs/QF_LIA/n6585-prp-17-49.smt2
ramon: argv                 2 = -T:600
ramon: argv                 3 = -st
ramon: argv                 4 = smt.arith.lp.dio_cuts_enable_gomory=false
ramon: argv                 5 = smt.random_seed=47
ramon: childpid             2385085
ramon: poll                 wall=01.000s usage=00.977s user=00.902s sys=00.075s mem=61712KiB roottime=0.900s load=0.98 rootload=0.90
ramon: poll                 wall=02.000s usage=01.977s user=01.843s sys=00.134s mem=109MiB roottime=1.840s load=1.00 rootload=0.94
ramon: poll                 wall=03.000s usage=02.977s user=02.740s sys=00.237s mem=180MiB roottime=2.740s load=1.00 rootload=0.90
ramon: poll                 wall=04.000s usage=03.977s user=03.726s sys=00.251s mem=195MiB roottime=3.720s load=1.00 rootload=0.98
ramon: poll                 wall=05.000s usage=04.977s user=04.725s sys=00.252s mem=196MiB roottime=4.720s load=1.00 rootload=1.00
ramon: poll                 wall=06.000s usage=05.977s user=05.537s sys=00.440s mem=486MiB roottime=5.530s load=1.00 rootload=0.81
ramon: poll                 wall=07.000s usage=06.976s user=06.508s sys=00.468s mem=368MiB roottime=6.500s load=1.00 rootload=0.97
ramon: poll                 wall=08.000s usage=07.976s user=07.490s sys=00.486s mem=395MiB roottime=7.490s load=1.00 rootload=0.99
ramon: poll                 wall=09.000s usage=08.976s user=08.429s sys=00.547s mem=484MiB roottime=8.430s load=1.00 rootload=0.94
ramon: poll                 wall=10.000s usage=09.976s user=09.363s sys=00.613s mem=565MiB roottime=9.360s load=1.00 rootload=0.93
ramon: poll                 wall=11.000s usage=10.976s user=10.363s sys=00.613s mem=565MiB roottime=10.360s load=1.00 rootload=1.00
ramon: poll                 wall=12.000s usage=11.976s user=11.363s sys=00.613s mem=565MiB roottime=11.360s load=1.00 rootload=1.00
ramon: poll                 wall=13.000s usage=12.976s user=12.363s sys=00.613s mem=565MiB roottime=12.360s load=1.00 rootload=1.00
ramon: poll                 wall=14.000s usage=13.975s user=13.362s sys=00.613s mem=565MiB roottime=13.360s load=1.00 rootload=1.00
ramon: poll                 wall=15.000s usage=14.975s user=14.362s sys=00.613s mem=565MiB roottime=14.360s load=1.00 rootload=1.00
ramon: poll                 wall=16.000s usage=15.975s user=15.362s sys=00.613s mem=565MiB roottime=15.360s load=1.00 rootload=1.00
ramon: poll                 wall=17.000s usage=16.975s user=16.362s sys=00.613s mem=565MiB roottime=16.360s load=1.00 rootload=1.00
ramon: poll                 wall=18.000s usage=17.975s user=17.362s sys=00.613s mem=565MiB roottime=17.360s load=1.00 rootload=1.00
ramon: poll                 wall=19.000s usage=18.975s user=18.362s sys=00.613s mem=565MiB roottime=18.360s load=1.00 rootload=1.00
ramon: poll                 wall=20.000s usage=19.974s user=19.361s sys=00.613s mem=565MiB roottime=19.360s load=1.00 rootload=1.00
ramon: poll                 wall=21.000s usage=20.974s user=20.361s sys=00.613s mem=565MiB roottime=20.360s load=1.00 rootload=1.00
ramon: poll                 wall=22.000s usage=21.974s user=21.361s sys=00.613s mem=565MiB roottime=21.360s load=1.00 rootload=1.00
ramon: poll                 wall=23.000s usage=22.974s user=22.361s sys=00.613s mem=565MiB roottime=22.360s load=1.00 rootload=1.00
ramon: poll                 wall=24.000s usage=23.974s user=23.361s sys=00.613s mem=565MiB roottime=23.360s load=1.00 rootload=1.00
ramon: poll                 wall=25.000s usage=24.973s user=24.360s sys=00.613s mem=565MiB roottime=24.360s load=1.00 rootload=1.00
ramon: poll                 wall=26.000s usage=25.973s user=25.360s sys=00.613s mem=565MiB roottime=25.360s load=1.00 rootload=1.00
ramon: poll                 wall=27.000s usage=26.973s user=26.360s sys=00.613s mem=565MiB roottime=26.360s load=1.00 rootload=1.00
ramon: poll                 wall=28.000s usage=27.972s user=27.359s sys=00.613s mem=565MiB roottime=27.360s load=1.00 rootload=1.00
ramon: poll                 wall=29.000s usage=28.972s user=28.359s sys=00.613s mem=565MiB roottime=28.360s load=1.00 rootload=1.00
ramon: poll                 wall=30.000s usage=29.972s user=29.359s sys=00.613s mem=565MiB roottime=29.350s load=1.00 rootload=0.99
ramon: poll                 wall=31.000s usage=30.972s user=30.359s sys=00.613s mem=565MiB roottime=30.350s load=1.00 rootload=1.00
ramon: poll                 wall=32.000s usage=31.971s user=31.358s sys=00.613s mem=565MiB roottime=31.350s load=1.00 rootload=1.00
ramon: poll                 wall=33.000s usage=32.971s user=32.358s sys=00.613s mem=565MiB roottime=32.350s load=1.00 rootload=1.00
ramon: poll                 wall=34.000s usage=33.971s user=33.358s sys=00.613s mem=565MiB roottime=33.350s load=1.00 rootload=1.00
ramon: poll                 wall=35.000s usage=34.971s user=34.358s sys=00.613s mem=565MiB roottime=34.350s load=1.00 rootload=1.00
ramon: poll                 wall=36.000s usage=35.971s user=35.358s sys=00.613s mem=565MiB roottime=35.350s load=1.00 rootload=1.00
ramon: poll                 wall=37.000s usage=36.971s user=36.358s sys=00.613s mem=565MiB roottime=36.350s load=1.00 rootload=1.00
ramon: poll                 wall=38.000s usage=37.971s user=37.358s sys=00.613s mem=565MiB roottime=37.350s load=1.00 rootload=1.00
ramon: poll                 wall=39.000s usage=38.970s user=38.357s sys=00.613s mem=565MiB roottime=38.350s load=1.00 rootload=1.00
ramon: poll                 wall=40.000s usage=39.970s user=39.357s sys=00.613s mem=565MiB roottime=39.350s load=1.00 rootload=1.00
ramon: poll                 wall=41.000s usage=40.970s user=40.357s sys=00.613s mem=565MiB roottime=40.350s load=1.00 rootload=1.00
ramon: poll                 wall=42.000s usage=41.969s user=41.356s sys=00.613s mem=565MiB roottime=41.350s load=1.00 rootload=1.00
ramon: poll                 wall=43.000s usage=42.969s user=42.356s sys=00.613s mem=565MiB roottime=42.350s load=1.00 rootload=1.00
ramon: poll                 wall=44.000s usage=43.969s user=43.356s sys=00.613s mem=565MiB roottime=43.350s load=1.00 rootload=1.00
ramon: poll                 wall=45.000s usage=44.969s user=44.356s sys=00.613s mem=565MiB roottime=44.350s load=1.00 rootload=1.00
ramon: poll                 wall=46.000s usage=45.969s user=45.356s sys=00.613s mem=565MiB roottime=45.350s load=1.00 rootload=1.00
ramon: poll                 wall=47.000s usage=46.969s user=46.356s sys=00.613s mem=565MiB roottime=46.350s load=1.00 rootload=1.00
ramon: poll                 wall=48.000s usage=47.968s user=47.355s sys=00.613s mem=565MiB roottime=47.350s load=1.00 rootload=1.00
ramon: poll                 wall=49.000s usage=48.968s user=48.355s sys=00.613s mem=565MiB roottime=48.350s load=1.00 rootload=1.00
ramon: poll                 wall=50.000s usage=49.968s user=49.355s sys=00.613s mem=565MiB roottime=49.350s load=1.00 rootload=1.00
ramon: poll                 wall=51.000s usage=50.968s user=50.355s sys=00.613s mem=565MiB roottime=50.350s load=1.00 rootload=1.00
ramon: poll                 wall=52.000s usage=51.968s user=51.355s sys=00.613s mem=565MiB roottime=51.350s load=1.00 rootload=1.00
ramon: poll                 wall=53.000s usage=52.968s user=52.355s sys=00.613s mem=565MiB roottime=52.350s load=1.00 rootload=1.00
ramon: poll                 wall=54.000s usage=53.967s user=53.354s sys=00.613s mem=565MiB roottime=53.350s load=1.00 rootload=1.00
ramon: poll                 wall=55.000s usage=54.967s user=54.354s sys=00.613s mem=565MiB roottime=54.350s load=1.00 rootload=1.00
ramon: poll                 wall=56.000s usage=55.967s user=55.354s sys=00.613s mem=565MiB roottime=55.350s load=1.00 rootload=1.00
ramon: poll                 wall=57.000s usage=56.967s user=56.354s sys=00.613s mem=565MiB roottime=56.350s load=1.00 rootload=1.00
ramon: poll                 wall=58.000s usage=57.967s user=57.354s sys=00.613s mem=565MiB roottime=57.350s load=1.00 rootload=1.00
ramon: poll                 wall=59.000s usage=58.967s user=58.354s sys=00.613s mem=565MiB roottime=58.350s load=1.00 rootload=1.00
ramon: poll                 wall=01m00.000s usage=59.967s user=59.354s sys=00.613s mem=565MiB roottime=59.350s load=1.00 rootload=1.00
ramon: poll                 wall=01m01.000s usage=01m00.967s user=01m00.354s sys=00.613s mem=565MiB roottime=60.350s load=1.00 rootload=1.00
ramon: poll                 wall=01m02.000s usage=01m01.967s user=01m01.354s sys=00.613s mem=565MiB roottime=61.350s load=1.00 rootload=1.00
ramon: poll                 wall=01m03.000s usage=01m02.967s user=01m02.354s sys=00.613s mem=565MiB roottime=62.350s load=1.00 rootload=1.00
ramon: poll                 wall=01m04.000s usage=01m03.967s user=01m03.354s sys=00.613s mem=565MiB roottime=63.350s load=1.00 rootload=1.00
ramon: poll                 wall=01m05.000s usage=01m04.966s user=01m04.353s sys=00.613s mem=565MiB roottime=64.350s load=1.00 rootload=1.00
ramon: poll                 wall=01m06.000s usage=01m05.966s user=01m05.353s sys=00.613s mem=565MiB roottime=65.350s load=1.00 rootload=1.00
ramon: poll                 wall=01m07.000s usage=01m06.966s user=01m06.353s sys=00.613s mem=565MiB roottime=66.350s load=1.00 rootload=1.00
ramon: poll                 wall=01m08.000s usage=01m07.966s user=01m07.353s sys=00.613s mem=565MiB roottime=67.350s load=1.00 rootload=1.00
ramon: poll                 wall=01m09.000s usage=01m08.966s user=01m08.353s sys=00.613s mem=565MiB roottime=68.350s load=1.00 rootload=1.00
ramon: poll                 wall=01m10.000s usage=01m09.966s user=01m09.353s sys=00.613s mem=565MiB roottime=69.350s load=1.00 rootload=1.00
ramon: poll                 wall=01m11.000s usage=01m10.965s user=01m10.352s sys=00.613s mem=565MiB roottime=70.350s load=1.00 rootload=1.00
ramon: poll                 wall=01m12.000s usage=01m11.965s user=01m11.352s sys=00.613s mem=565MiB roottime=71.350s load=1.00 rootload=1.00
ramon: poll                 wall=01m13.000s usage=01m12.965s user=01m12.352s sys=00.613s mem=565MiB roottime=72.350s load=1.00 rootload=1.00
ramon: poll                 wall=01m14.000s usage=01m13.965s user=01m13.352s sys=00.613s mem=565MiB roottime=73.350s load=1.00 rootload=1.00
ramon: poll                 wall=01m15.000s usage=01m14.965s user=01m14.352s sys=00.613s mem=565MiB roottime=74.350s load=1.00 rootload=1.00
ramon: poll                 wall=01m16.000s usage=01m15.965s user=01m15.352s sys=00.613s mem=565MiB roottime=75.350s load=1.00 rootload=1.00
ramon: poll                 wall=01m17.000s usage=01m16.965s user=01m16.352s sys=00.613s mem=565MiB roottime=76.350s load=1.00 rootload=1.00
ramon: poll                 wall=01m18.000s usage=01m17.965s user=01m17.352s sys=00.613s mem=565MiB roottime=77.350s load=1.00 rootload=1.00
ramon: poll                 wall=01m19.000s usage=01m18.964s user=01m18.351s sys=00.613s mem=565MiB roottime=78.350s load=1.00 rootload=1.00
ramon: poll                 wall=01m20.000s usage=01m19.964s user=01m19.351s sys=00.613s mem=565MiB roottime=79.350s load=1.00 rootload=1.00
ramon: poll                 wall=01m21.000s usage=01m20.964s user=01m20.351s sys=00.613s mem=565MiB roottime=80.350s load=1.00 rootload=1.00
ramon: poll                 wall=01m22.000s usage=01m21.964s user=01m21.351s sys=00.613s mem=565MiB roottime=81.350s load=1.00 rootload=1.00
ramon: poll                 wall=01m23.000s usage=01m22.964s user=01m22.351s sys=00.613s mem=565MiB roottime=82.350s load=1.00 rootload=1.00
ramon: poll                 wall=01m24.000s usage=01m23.964s user=01m23.351s sys=00.613s mem=565MiB roottime=83.350s load=1.00 rootload=1.00
ramon: poll                 wall=01m25.000s usage=01m24.964s user=01m24.351s sys=00.613s mem=565MiB roottime=84.350s load=1.00 rootload=1.00
ramon: poll                 wall=01m26.000s usage=01m25.964s user=01m25.351s sys=00.613s mem=565MiB roottime=85.350s load=1.00 rootload=1.00
ramon: poll                 wall=01m27.000s usage=01m26.964s user=01m26.351s sys=00.613s mem=565MiB roottime=86.350s load=1.00 rootload=1.00
ramon: poll                 wall=01m28.000s usage=01m27.964s user=01m27.351s sys=00.613s mem=565MiB roottime=87.350s load=1.00 rootload=1.00
ramon: poll                 wall=01m29.000s usage=01m28.964s user=01m28.351s sys=00.613s mem=565MiB roottime=88.350s load=1.00 rootload=1.00
ramon: poll                 wall=01m30.000s usage=01m29.963s user=01m29.350s sys=00.613s mem=565MiB roottime=89.350s load=1.00 rootload=1.00
ramon: poll                 wall=01m31.000s usage=01m30.963s user=01m30.350s sys=00.613s mem=565MiB roottime=90.350s load=1.00 rootload=1.00
ramon: poll                 wall=01m32.000s usage=01m31.963s user=01m31.350s sys=00.613s mem=565MiB roottime=91.350s load=1.00 rootload=1.00
ramon: poll                 wall=01m33.000s usage=01m32.963s user=01m32.350s sys=00.613s mem=565MiB roottime=92.350s load=1.00 rootload=1.00
ramon: poll                 wall=01m34.000s usage=01m33.963s user=01m33.350s sys=00.613s mem=565MiB roottime=93.350s load=1.00 rootload=1.00
ramon: poll                 wall=01m35.000s usage=01m34.963s user=01m34.350s sys=00.613s mem=565MiB roottime=94.350s load=1.00 rootload=1.00
ramon: poll                 wall=01m36.000s usage=01m35.963s user=01m35.350s sys=00.613s mem=565MiB roottime=95.350s load=1.00 rootload=1.00
ramon: poll                 wall=01m37.000s usage=01m36.963s user=01m36.350s sys=00.613s mem=565MiB roottime=96.350s load=1.00 rootload=1.00
ramon: poll                 wall=01m38.000s usage=01m37.963s user=01m37.350s sys=00.613s mem=565MiB roottime=97.350s load=1.00 rootload=1.00
ramon: poll                 wall=01m39.000s usage=01m38.963s user=01m38.350s sys=00.613s mem=565MiB roottime=98.350s load=1.00 rootload=1.00
ramon: poll                 wall=01m40.000s usage=01m39.963s user=01m39.350s sys=00.613s mem=565MiB roottime=99.350s load=1.00 rootload=1.00
ramon: poll                 wall=01m41.000s usage=01m40.963s user=01m40.350s sys=00.613s mem=565MiB roottime=100.350s load=1.00 rootload=1.00
ramon: poll                 wall=01m42.000s usage=01m41.963s user=01m41.350s sys=00.613s mem=565MiB roottime=101.350s load=1.00 rootload=1.00
ramon: poll                 wall=01m43.000s usage=01m42.962s user=01m42.349s sys=00.613s mem=565MiB roottime=102.350s load=1.00 rootload=1.00
ramon: poll                 wall=01m44.000s usage=01m43.962s user=01m43.349s sys=00.613s mem=565MiB roottime=103.350s load=1.00 rootload=1.00
ramon: poll                 wall=01m45.000s usage=01m44.962s user=01m44.349s sys=00.613s mem=565MiB roottime=104.350s load=1.00 rootload=1.00
ramon: poll                 wall=01m46.000s usage=01m45.962s user=01m45.349s sys=00.613s mem=565MiB roottime=105.350s load=1.00 rootload=1.00
ramon: poll                 wall=01m47.000s usage=01m46.962s user=01m46.349s sys=00.613s mem=565MiB roottime=106.350s load=1.00 rootload=1.00
ramon: poll                 wall=01m48.000s usage=01m47.962s user=01m47.349s sys=00.613s mem=565MiB roottime=107.350s load=1.00 rootload=1.00
ramon: poll                 wall=01m49.000s usage=01m48.962s user=01m48.349s sys=00.613s mem=565MiB roottime=108.340s load=1.00 rootload=0.99
ramon: poll                 wall=01m50.000s usage=01m49.962s user=01m49.349s sys=00.613s mem=565MiB roottime=109.340s load=1.00 rootload=1.00
ramon: poll                 wall=01m51.000s usage=01m50.962s user=01m50.349s sys=00.613s mem=565MiB roottime=110.340s load=1.00 rootload=1.00
ramon: poll                 wall=01m52.000s usage=01m51.962s user=01m51.349s sys=00.613s mem=565MiB roottime=111.340s load=1.00 rootload=1.00
ramon: poll                 wall=01m53.000s usage=01m52.961s user=01m52.348s sys=00.613s mem=565MiB roottime=112.340s load=1.00 rootload=1.00
ramon: poll                 wall=01m54.000s usage=01m53.961s user=01m53.348s sys=00.613s mem=565MiB roottime=113.340s load=1.00 rootload=1.00
ramon: poll                 wall=01m55.000s usage=01m54.961s user=01m54.348s sys=00.613s mem=565MiB roottime=114.340s load=1.00 rootload=1.00
ramon: poll                 wall=01m56.000s usage=01m55.961s user=01m55.348s sys=00.613s mem=565MiB roottime=115.340s load=1.00 rootload=1.00
ramon: poll                 wall=01m57.000s usage=01m56.961s user=01m56.348s sys=00.613s mem=565MiB roottime=116.340s load=1.00 rootload=1.00
ramon: poll                 wall=01m58.000s usage=01m57.961s user=01m57.348s sys=00.613s mem=565MiB roottime=117.340s load=1.00 rootload=1.00
ramon: poll                 wall=01m59.000s usage=01m58.961s user=01m58.348s sys=00.613s mem=565MiB roottime=118.340s load=1.00 rootload=1.00
ramon: poll                 wall=02m00.000s usage=01m59.961s user=01m59.348s sys=00.613s mem=565MiB roottime=119.340s load=1.00 rootload=1.00
ramon: poll                 wall=02m01.000s usage=02m00.961s user=02m00.348s sys=00.613s mem=565MiB roottime=120.340s load=1.00 rootload=1.00
ramon: poll                 wall=02m02.000s usage=02m01.961s user=02m01.348s sys=00.613s mem=565MiB roottime=121.340s load=1.00 rootload=1.00
ramon: poll                 wall=02m03.000s usage=02m02.961s user=02m02.348s sys=00.613s mem=565MiB roottime=122.340s load=1.00 rootload=1.00
ramon: poll                 wall=02m04.000s usage=02m03.961s user=02m03.348s sys=00.613s mem=565MiB roottime=123.340s load=1.00 rootload=1.00
ramon: poll                 wall=02m05.000s usage=02m04.961s user=02m04.348s sys=00.613s mem=565MiB roottime=124.340s load=1.00 rootload=1.00
ramon: poll                 wall=02m06.000s usage=02m05.961s user=02m05.348s sys=00.613s mem=565MiB roottime=125.340s load=1.00 rootload=1.00
ramon: poll                 wall=02m07.000s usage=02m06.960s user=02m06.347s sys=00.613s mem=565MiB roottime=126.340s load=1.00 rootload=1.00
ramon: poll                 wall=02m08.000s usage=02m07.960s user=02m07.347s sys=00.613s mem=565MiB roottime=127.340s load=1.00 rootload=1.00
ramon: poll                 wall=02m09.000s usage=02m08.960s user=02m08.347s sys=00.613s mem=565MiB roottime=128.340s load=1.00 rootload=1.00
ramon: poll                 wall=02m10.000s usage=02m09.960s user=02m09.347s sys=00.613s mem=565MiB roottime=129.340s load=1.00 rootload=1.00
ramon: poll                 wall=02m11.000s usage=02m10.960s user=02m10.347s sys=00.613s mem=565MiB roottime=130.340s load=1.00 rootload=1.00
ramon: poll                 wall=02m12.000s usage=02m11.960s user=02m11.347s sys=00.613s mem=565MiB roottime=131.340s load=1.00 rootload=1.00
ramon: poll                 wall=02m13.000s usage=02m12.960s user=02m12.347s sys=00.613s mem=565MiB roottime=132.340s load=1.00 rootload=1.00
ramon: poll                 wall=02m14.000s usage=02m13.960s user=02m13.347s sys=00.613s mem=565MiB roottime=133.340s load=1.00 rootload=1.00
ramon: poll                 wall=02m15.000s usage=02m14.960s user=02m14.347s sys=00.613s mem=565MiB roottime=134.340s load=1.00 rootload=1.00
ramon: poll                 wall=02m16.000s usage=02m15.960s user=02m15.347s sys=00.613s mem=565MiB roottime=135.340s load=1.00 rootload=1.00
ramon: poll                 wall=02m17.000s usage=02m16.960s user=02m16.347s sys=00.613s mem=565MiB roottime=136.340s load=1.00 rootload=1.00
ramon: poll                 wall=02m18.000s usage=02m17.960s user=02m17.347s sys=00.613s mem=565MiB roottime=137.340s load=1.00 rootload=1.00
ramon: poll                 wall=02m19.000s usage=02m18.960s user=02m18.347s sys=00.613s mem=565MiB roottime=138.340s load=1.00 rootload=1.00
ramon: poll                 wall=02m20.000s usage=02m19.960s user=02m19.347s sys=00.613s mem=565MiB roottime=139.340s load=1.00 rootload=1.00
ramon: poll                 wall=02m21.000s usage=02m20.960s user=02m20.347s sys=00.613s mem=565MiB roottime=140.340s load=1.00 rootload=1.00
ramon: poll                 wall=02m22.000s usage=02m21.960s user=02m21.347s sys=00.613s mem=565MiB roottime=141.340s load=1.00 rootload=1.00
ramon: poll                 wall=02m23.000s usage=02m22.960s user=02m22.347s sys=00.613s mem=565MiB roottime=142.340s load=1.00 rootload=1.00
ramon: poll                 wall=02m24.000s usage=02m23.960s user=02m23.347s sys=00.613s mem=565MiB roottime=143.340s load=1.00 rootload=1.00
ramon: poll                 wall=02m25.000s usage=02m24.959s user=02m24.346s sys=00.613s mem=565MiB roottime=144.340s load=1.00 rootload=1.00
ramon: poll                 wall=02m26.000s usage=02m25.959s user=02m25.346s sys=00.613s mem=565MiB roottime=145.340s load=1.00 rootload=1.00
ramon: poll                 wall=02m27.000s usage=02m26.959s user=02m26.346s sys=00.613s mem=565MiB roottime=146.340s load=1.00 rootload=1.00
ramon: poll                 wall=02m28.000s usage=02m27.959s user=02m27.346s sys=00.613s mem=565MiB roottime=147.340s load=1.00 rootload=1.00
ramon: poll                 wall=02m29.000s usage=02m28.959s user=02m28.346s sys=00.613s mem=565MiB roottime=148.340s load=1.00 rootload=1.00
ramon: poll                 wall=02m30.000s usage=02m29.959s user=02m29.346s sys=00.613s mem=565MiB roottime=149.340s load=1.00 rootload=1.00
ramon: poll                 wall=02m31.000s usage=02m30.959s user=02m30.346s sys=00.613s mem=565MiB roottime=150.340s load=1.00 rootload=1.00
ramon: poll                 wall=02m32.000s usage=02m31.959s user=02m31.346s sys=00.613s mem=565MiB roottime=151.340s load=1.00 rootload=1.00
ramon: poll                 wall=02m33.000s usage=02m32.959s user=02m32.346s sys=00.613s mem=565MiB roottime=152.340s load=1.00 rootload=1.00
ramon: poll                 wall=02m34.000s usage=02m33.959s user=02m33.346s sys=00.613s mem=565MiB roottime=153.340s load=1.00 rootload=1.00
ramon: poll                 wall=02m35.000s usage=02m34.959s user=02m34.346s sys=00.613s mem=565MiB roottime=154.340s load=1.00 rootload=1.00
ramon: poll                 wall=02m36.000s usage=02m35.959s user=02m35.346s sys=00.613s mem=565MiB roottime=155.340s load=1.00 rootload=1.00
ramon: poll                 wall=02m37.000s usage=02m36.959s user=02m36.346s sys=00.613s mem=565MiB roottime=156.340s load=1.00 rootload=1.00
ramon: poll                 wall=02m38.000s usage=02m37.959s user=02m37.346s sys=00.613s mem=565MiB roottime=157.340s load=1.00 rootload=1.00
ramon: poll                 wall=02m39.000s usage=02m38.959s user=02m38.346s sys=00.613s mem=565MiB roottime=158.340s load=1.00 rootload=1.00
ramon: poll                 wall=02m40.000s usage=02m39.958s user=02m39.345s sys=00.613s mem=565MiB roottime=159.340s load=1.00 rootload=1.00
ramon: poll                 wall=02m41.000s usage=02m40.958s user=02m40.345s sys=00.613s mem=565MiB roottime=160.340s load=1.00 rootload=1.00
ramon: poll                 wall=02m42.000s usage=02m41.958s user=02m41.345s sys=00.613s mem=565MiB roottime=161.340s load=1.00 rootload=1.00
ramon: poll                 wall=02m43.000s usage=02m42.958s user=02m42.345s sys=00.613s mem=565MiB roottime=162.340s load=1.00 rootload=1.00
ramon: poll                 wall=02m44.000s usage=02m43.958s user=02m43.345s sys=00.613s mem=565MiB roottime=163.340s load=1.00 rootload=1.00
ramon: poll                 wall=02m45.000s usage=02m44.958s user=02m44.345s sys=00.613s mem=565MiB roottime=164.340s load=1.00 rootload=1.00
ramon: poll                 wall=02m46.000s usage=02m45.958s user=02m45.345s sys=00.613s mem=565MiB roottime=165.340s load=1.00 rootload=1.00
ramon: poll                 wall=02m47.000s usage=02m46.957s user=02m46.345s sys=00.613s mem=565MiB roottime=166.340s load=1.00 rootload=1.00
ramon: poll                 wall=02m48.000s usage=02m47.957s user=02m47.344s sys=00.613s mem=565MiB roottime=167.340s load=1.00 rootload=1.00
ramon: poll                 wall=02m49.000s usage=02m48.957s user=02m48.344s sys=00.613s mem=565MiB roottime=168.340s load=1.00 rootload=1.00
ramon: poll                 wall=02m50.000s usage=02m49.957s user=02m49.344s sys=00.613s mem=565MiB roottime=169.340s load=1.00 rootload=1.00
ramon: poll                 wall=02m51.000s usage=02m50.957s user=02m50.344s sys=00.613s mem=565MiB roottime=170.340s load=1.00 rootload=1.00
ramon: poll                 wall=02m52.000s usage=02m51.957s user=02m51.344s sys=00.613s mem=565MiB roottime=171.340s load=1.00 rootload=1.00
ramon: poll                 wall=02m53.000s usage=02m52.956s user=02m52.343s sys=00.613s mem=565MiB roottime=172.340s load=1.00 rootload=1.00
ramon: poll                 wall=02m54.000s usage=02m53.956s user=02m53.343s sys=00.613s mem=565MiB roottime=173.340s load=1.00 rootload=1.00
ramon: poll                 wall=02m55.000s usage=02m54.956s user=02m54.343s sys=00.613s mem=565MiB roottime=174.340s load=1.00 rootload=1.00
ramon: poll                 wall=02m56.000s usage=02m55.956s user=02m55.343s sys=00.613s mem=565MiB roottime=175.340s load=1.00 rootload=1.00
ramon: poll                 wall=02m57.000s usage=02m56.956s user=02m56.343s sys=00.613s mem=565MiB roottime=176.340s load=1.00 rootload=1.00
ramon: poll                 wall=02m58.000s usage=02m57.956s user=02m57.343s sys=00.613s mem=565MiB roottime=177.340s load=1.00 rootload=1.00
ramon: poll                 wall=02m59.000s usage=02m58.956s user=02m58.343s sys=00.613s mem=565MiB roottime=178.340s load=1.00 rootload=1.00
ramon: poll                 wall=03m00.000s usage=02m59.955s user=02m59.342s sys=00.613s mem=565MiB roottime=179.340s load=1.00 rootload=1.00
ramon: poll                 wall=03m01.000s usage=03m00.955s user=03m00.342s sys=00.613s mem=565MiB roottime=180.340s load=1.00 rootload=1.00
ramon: poll                 wall=03m02.000s usage=03m01.955s user=03m01.342s sys=00.613s mem=565MiB roottime=181.340s load=1.00 rootload=1.00
ramon: poll                 wall=03m03.000s usage=03m02.955s user=03m02.342s sys=00.613s mem=565MiB roottime=182.340s load=1.00 rootload=1.00
ramon: poll                 wall=03m04.000s usage=03m03.955s user=03m03.342s sys=00.613s mem=565MiB roottime=183.340s load=1.00 rootload=1.00
ramon: poll                 wall=03m05.000s usage=03m04.955s user=03m04.342s sys=00.613s mem=565MiB roottime=184.340s load=1.00 rootload=1.00
ramon: poll                 wall=03m06.000s usage=03m05.955s user=03m05.342s sys=00.613s mem=565MiB roottime=185.340s load=1.00 rootload=1.00
ramon: poll                 wall=03m07.000s usage=03m06.954s user=03m06.341s sys=00.613s mem=565MiB roottime=186.340s load=1.00 rootload=1.00
ramon: poll                 wall=03m08.000s usage=03m07.954s user=03m07.341s sys=00.613s mem=565MiB roottime=187.340s load=1.00 rootload=1.00
ramon: poll                 wall=03m09.000s usage=03m08.954s user=03m08.341s sys=00.613s mem=565MiB roottime=188.340s load=1.00 rootload=1.00
ramon: poll                 wall=03m10.000s usage=03m09.954s user=03m09.341s sys=00.613s mem=565MiB roottime=189.340s load=1.00 rootload=1.00
ramon: poll                 wall=03m11.000s usage=03m10.954s user=03m10.341s sys=00.613s mem=565MiB roottime=190.340s load=1.00 rootload=1.00
ramon: poll                 wall=03m12.000s usage=03m11.954s user=03m11.341s sys=00.613s mem=565MiB roottime=191.340s load=1.00 rootload=1.00
ramon: poll                 wall=03m13.000s usage=03m12.954s user=03m12.341s sys=00.613s mem=565MiB roottime=192.340s load=1.00 rootload=1.00
ramon: poll                 wall=03m14.000s usage=03m13.954s user=03m13.341s sys=00.613s mem=565MiB roottime=193.340s load=1.00 rootload=1.00
ramon: poll                 wall=03m15.000s usage=03m14.954s user=03m14.341s sys=00.613s mem=565MiB roottime=194.340s load=1.00 rootload=1.00
ramon: poll                 wall=03m16.000s usage=03m15.954s user=03m15.341s sys=00.613s mem=565MiB roottime=195.340s load=1.00 rootload=1.00
ramon: poll                 wall=03m17.000s usage=03m16.953s user=03m16.340s sys=00.613s mem=565MiB roottime=196.340s load=1.00 rootload=1.00
ramon: poll                 wall=03m18.000s usage=03m17.953s user=03m17.340s sys=00.613s mem=565MiB roottime=197.340s load=1.00 rootload=1.00
ramon: poll                 wall=03m19.000s usage=03m18.953s user=03m18.340s sys=00.613s mem=565MiB roottime=198.340s load=1.00 rootload=1.00
ramon: poll                 wall=03m20.000s usage=03m19.953s user=03m19.340s sys=00.613s mem=565MiB roottime=199.340s load=1.00 rootload=1.00
ramon: poll                 wall=03m21.000s usage=03m20.953s user=03m20.340s sys=00.613s mem=565MiB roottime=200.340s load=1.00 rootload=1.00
ramon: poll                 wall=03m22.000s usage=03m21.953s user=03m21.340s sys=00.613s mem=565MiB roottime=201.340s load=1.00 rootload=1.00
ramon: poll                 wall=03m23.000s usage=03m22.953s user=03m22.340s sys=00.613s mem=565MiB roottime=202.340s load=1.00 rootload=1.00
ramon: poll                 wall=03m24.000s usage=03m23.953s user=03m23.340s sys=00.613s mem=565MiB roottime=203.340s load=1.00 rootload=1.00
ramon: poll                 wall=03m25.000s usage=03m24.953s user=03m24.340s sys=00.613s mem=565MiB roottime=204.340s load=1.00 rootload=1.00
ramon: poll                 wall=03m26.000s usage=03m25.953s user=03m25.340s sys=00.613s mem=565MiB roottime=205.340s load=1.00 rootload=1.00
ramon: poll                 wall=03m27.000s usage=03m26.953s user=03m26.340s sys=00.613s mem=565MiB roottime=206.340s load=1.00 rootload=1.00
ramon: poll                 wall=03m28.000s usage=03m27.953s user=03m27.340s sys=00.613s mem=565MiB roottime=207.340s load=1.00 rootload=1.00
ramon: poll                 wall=03m29.000s usage=03m28.953s user=03m28.340s sys=00.613s mem=565MiB roottime=208.340s load=1.00 rootload=1.00
ramon: poll                 wall=03m30.000s usage=03m29.953s user=03m29.340s sys=00.613s mem=565MiB roottime=209.340s load=1.00 rootload=1.00
ramon: poll                 wall=03m31.000s usage=03m30.953s user=03m30.340s sys=00.613s mem=565MiB roottime=210.340s load=1.00 rootload=1.00
ramon: poll                 wall=03m32.000s usage=03m31.953s user=03m31.340s sys=00.613s mem=565MiB roottime=211.340s load=1.00 rootload=1.00
ramon: poll                 wall=03m33.000s usage=03m32.953s user=03m32.340s sys=00.613s mem=565MiB roottime=212.340s load=1.00 rootload=1.00
ramon: poll                 wall=03m34.000s usage=03m33.953s user=03m33.340s sys=00.613s mem=565MiB roottime=213.340s load=1.00 rootload=1.00
ramon: poll                 wall=03m35.000s usage=03m34.953s user=03m34.340s sys=00.613s mem=565MiB roottime=214.340s load=1.00 rootload=1.00
ramon: poll                 wall=03m36.000s usage=03m35.953s user=03m35.340s sys=00.613s mem=565MiB roottime=215.340s load=1.00 rootload=1.00
ramon: poll                 wall=03m37.000s usage=03m36.952s user=03m36.339s sys=00.613s mem=565MiB roottime=216.340s load=1.00 rootload=1.00
ramon: poll                 wall=03m38.000s usage=03m37.952s user=03m37.339s sys=00.613s mem=565MiB roottime=217.340s load=1.00 rootload=1.00
ramon: poll                 wall=03m39.000s usage=03m38.952s user=03m38.339s sys=00.613s mem=565MiB roottime=218.340s load=1.00 rootload=1.00
ramon: poll                 wall=03m40.000s usage=03m39.952s user=03m39.339s sys=00.613s mem=565MiB roottime=219.340s load=1.00 rootload=1.00
ramon: poll                 wall=03m41.000s usage=03m40.952s user=03m40.339s sys=00.613s mem=565MiB roottime=220.340s load=1.00 rootload=1.00
ramon: poll                 wall=03m42.000s usage=03m41.952s user=03m41.339s sys=00.613s mem=565MiB roottime=221.340s load=1.00 rootload=1.00
ramon: poll                 wall=03m43.000s usage=03m42.952s user=03m42.339s sys=00.613s mem=565MiB roottime=222.340s load=1.00 rootload=1.00
ramon: poll                 wall=03m44.000s usage=03m43.952s user=03m43.339s sys=00.613s mem=565MiB roottime=223.340s load=1.00 rootload=1.00
ramon: poll                 wall=03m45.000s usage=03m44.952s user=03m44.339s sys=00.613s mem=565MiB roottime=224.340s load=1.00 rootload=1.00
ramon: poll                 wall=03m46.000s usage=03m45.952s user=03m45.339s sys=00.613s mem=565MiB roottime=225.340s load=1.00 rootload=1.00
ramon: poll                 wall=03m47.000s usage=03m46.952s user=03m46.339s sys=00.613s mem=565MiB roottime=226.340s load=1.00 rootload=1.00
ramon: poll                 wall=03m48.000s usage=03m47.952s user=03m47.339s sys=00.613s mem=565MiB roottime=227.340s load=1.00 rootload=1.00
ramon: poll                 wall=03m49.000s usage=03m48.952s user=03m48.339s sys=00.613s mem=565MiB roottime=228.330s load=1.00 rootload=0.99
ramon: poll                 wall=03m50.000s usage=03m49.952s user=03m49.339s sys=00.613s mem=565MiB roottime=229.330s load=1.00 rootload=1.00
ramon: poll                 wall=03m51.000s usage=03m50.952s user=03m50.339s sys=00.613s mem=565MiB roottime=230.330s load=1.00 rootload=1.00
ramon: poll                 wall=03m52.000s usage=03m51.952s user=03m51.339s sys=00.613s mem=565MiB roottime=231.330s load=1.00 rootload=1.00
ramon: poll                 wall=03m53.000s usage=03m52.952s user=03m52.339s sys=00.613s mem=565MiB roottime=232.330s load=1.00 rootload=1.00
ramon: poll                 wall=03m54.000s usage=03m53.952s user=03m53.339s sys=00.613s mem=565MiB roottime=233.330s load=1.00 rootload=1.00
ramon: poll                 wall=03m55.000s usage=03m54.952s user=03m54.339s sys=00.613s mem=565MiB roottime=234.330s load=1.00 rootload=1.00
ramon: poll                 wall=03m56.000s usage=03m55.952s user=03m55.339s sys=00.613s mem=565MiB roottime=235.330s load=1.00 rootload=1.00
ramon: poll                 wall=03m57.000s usage=03m56.952s user=03m56.339s sys=00.613s mem=565MiB roottime=236.330s load=1.00 rootload=1.00
ramon: poll                 wall=03m58.000s usage=03m57.952s user=03m57.339s sys=00.613s mem=565MiB roottime=237.330s load=1.00 rootload=1.00
ramon: poll                 wall=03m59.000s usage=03m58.952s user=03m58.339s sys=00.613s mem=565MiB roottime=238.330s load=1.00 rootload=1.00
ramon: poll                 wall=04m00.000s usage=03m59.951s user=03m59.338s sys=00.613s mem=565MiB roottime=239.330s load=1.00 rootload=1.00
ramon: poll                 wall=04m01.000s usage=04m00.951s user=04m00.338s sys=00.613s mem=565MiB roottime=240.330s load=1.00 rootload=1.00
ramon: poll                 wall=04m02.000s usage=04m01.951s user=04m01.338s sys=00.613s mem=565MiB roottime=241.330s load=1.00 rootload=1.00
ramon: poll                 wall=04m03.000s usage=04m02.951s user=04m02.338s sys=00.613s mem=565MiB roottime=242.330s load=1.00 rootload=1.00
ramon: poll                 wall=04m04.000s usage=04m03.951s user=04m03.338s sys=00.613s mem=565MiB roottime=243.330s load=1.00 rootload=1.00
ramon: poll                 wall=04m05.000s usage=04m04.951s user=04m04.338s sys=00.613s mem=565MiB roottime=244.330s load=1.00 rootload=1.00
ramon: poll                 wall=04m06.000s usage=04m05.951s user=04m05.338s sys=00.613s mem=565MiB roottime=245.330s load=1.00 rootload=1.00
ramon: poll                 wall=04m07.000s usage=04m06.951s user=04m06.338s sys=00.613s mem=565MiB roottime=246.330s load=1.00 rootload=1.00
ramon: poll                 wall=04m08.000s usage=04m07.951s user=04m07.338s sys=00.613s mem=565MiB roottime=247.330s load=1.00 rootload=1.00
ramon: poll                 wall=04m09.000s usage=04m08.951s user=04m08.338s sys=00.613s mem=565MiB roottime=248.330s load=1.00 rootload=1.00
ramon: poll                 wall=04m10.000s usage=04m09.951s user=04m09.338s sys=00.613s mem=565MiB roottime=249.330s load=1.00 rootload=1.00
ramon: poll                 wall=04m11.000s usage=04m10.951s user=04m10.338s sys=00.613s mem=565MiB roottime=250.330s load=1.00 rootload=1.00
ramon: poll                 wall=04m12.000s usage=04m11.951s user=04m11.338s sys=00.613s mem=565MiB roottime=251.330s load=1.00 rootload=1.00
ramon: poll                 wall=04m13.000s usage=04m12.951s user=04m12.338s sys=00.613s mem=565MiB roottime=252.330s load=1.00 rootload=1.00
ramon: poll                 wall=04m14.000s usage=04m13.951s user=04m13.338s sys=00.613s mem=565MiB roottime=253.330s load=1.00 rootload=1.00
ramon: poll                 wall=04m15.000s usage=04m14.951s user=04m14.338s sys=00.613s mem=565MiB roottime=254.330s load=1.00 rootload=1.00
ramon: poll                 wall=04m16.000s usage=04m15.951s user=04m15.338s sys=00.613s mem=565MiB roottime=255.330s load=1.00 rootload=1.00
ramon: poll                 wall=04m17.000s usage=04m16.951s user=04m16.338s sys=00.613s mem=565MiB roottime=256.330s load=1.00 rootload=1.00
ramon: poll                 wall=04m18.000s usage=04m17.951s user=04m17.338s sys=00.613s mem=565MiB roottime=257.330s load=1.00 rootload=1.00
ramon: poll                 wall=04m19.000s usage=04m18.951s user=04m18.338s sys=00.613s mem=565MiB roottime=258.330s load=1.00 rootload=1.00
ramon: poll                 wall=04m20.000s usage=04m19.951s user=04m19.338s sys=00.613s mem=565MiB roottime=259.330s load=1.00 rootload=1.00
ramon: poll                 wall=04m21.000s usage=04m20.951s user=04m20.338s sys=00.613s mem=565MiB roottime=260.330s load=1.00 rootload=1.00
ramon: poll                 wall=04m22.000s usage=04m21.951s user=04m21.338s sys=00.613s mem=565MiB roottime=261.330s load=1.00 rootload=1.00
ramon: poll                 wall=04m23.000s usage=04m22.951s user=04m22.338s sys=00.613s mem=565MiB roottime=262.330s load=1.00 rootload=1.00
ramon: poll                 wall=04m24.000s usage=04m23.951s user=04m23.338s sys=00.613s mem=565MiB roottime=263.330s load=1.00 rootload=1.00
ramon: poll                 wall=04m25.000s usage=04m24.950s user=04m24.337s sys=00.613s mem=565MiB roottime=264.330s load=1.00 rootload=1.00
ramon: poll                 wall=04m26.000s usage=04m25.950s user=04m25.337s sys=00.613s mem=565MiB roottime=265.330s load=1.00 rootload=1.00
ramon: poll                 wall=04m27.000s usage=04m26.950s user=04m26.337s sys=00.613s mem=565MiB roottime=266.330s load=1.00 rootload=1.00
ramon: poll                 wall=04m28.000s usage=04m27.950s user=04m27.337s sys=00.613s mem=565MiB roottime=267.330s load=1.00 rootload=1.00
ramon: poll                 wall=04m29.000s usage=04m28.950s user=04m28.337s sys=00.613s mem=565MiB roottime=268.330s load=1.00 rootload=1.00
ramon: poll                 wall=04m30.000s usage=04m29.950s user=04m29.337s sys=00.613s mem=565MiB roottime=269.330s load=1.00 rootload=1.00
ramon: poll                 wall=04m31.000s usage=04m30.950s user=04m30.337s sys=00.613s mem=565MiB roottime=270.330s load=1.00 rootload=1.00
ramon: poll                 wall=04m32.000s usage=04m31.950s user=04m31.337s sys=00.613s mem=565MiB roottime=271.330s load=1.00 rootload=1.00
ramon: poll                 wall=04m33.000s usage=04m32.950s user=04m32.337s sys=00.613s mem=565MiB roottime=272.330s load=1.00 rootload=1.00
ramon: poll                 wall=04m34.000s usage=04m33.950s user=04m33.337s sys=00.613s mem=565MiB roottime=273.330s load=1.00 rootload=1.00
ramon: poll                 wall=04m35.000s usage=04m34.950s user=04m34.337s sys=00.613s mem=565MiB roottime=274.330s load=1.00 rootload=1.00
ramon: poll                 wall=04m36.000s usage=04m35.950s user=04m35.337s sys=00.613s mem=565MiB roottime=275.330s load=1.00 rootload=1.00
ramon: poll                 wall=04m37.000s usage=04m36.950s user=04m36.337s sys=00.613s mem=565MiB roottime=276.330s load=1.00 rootload=1.00
ramon: poll                 wall=04m38.000s usage=04m37.950s user=04m37.337s sys=00.613s mem=565MiB roottime=277.330s load=1.00 rootload=1.00
ramon: poll                 wall=04m39.000s usage=04m38.950s user=04m38.337s sys=00.613s mem=565MiB roottime=278.330s load=1.00 rootload=1.00
ramon: poll                 wall=04m40.000s usage=04m39.950s user=04m39.335s sys=00.615s mem=566MiB roottime=279.330s load=1.00 rootload=1.00
ramon: poll                 wall=04m41.000s usage=04m40.950s user=04m40.335s sys=00.615s mem=566MiB roottime=280.330s load=1.00 rootload=1.00
ramon: poll                 wall=04m42.000s usage=04m41.950s user=04m41.335s sys=00.615s mem=566MiB roottime=281.330s load=1.00 rootload=1.00
ramon: poll                 wall=04m43.000s usage=04m42.950s user=04m42.335s sys=00.615s mem=566MiB roottime=282.330s load=1.00 rootload=1.00
ramon: poll                 wall=04m44.000s usage=04m43.950s user=04m43.335s sys=00.615s mem=566MiB roottime=283.330s load=1.00 rootload=1.00
ramon: poll                 wall=04m45.000s usage=04m44.950s user=04m44.335s sys=00.615s mem=566MiB roottime=284.330s load=1.00 rootload=1.00
ramon: poll                 wall=04m46.000s usage=04m45.950s user=04m45.335s sys=00.615s mem=566MiB roottime=285.330s load=1.00 rootload=1.00
ramon: poll                 wall=04m47.000s usage=04m46.949s user=04m46.335s sys=00.615s mem=566MiB roottime=286.330s load=1.00 rootload=1.00
ramon: poll                 wall=04m48.000s usage=04m47.949s user=04m47.334s sys=00.615s mem=566MiB roottime=287.330s load=1.00 rootload=1.00
ramon: poll                 wall=04m49.000s usage=04m48.949s user=04m48.334s sys=00.615s mem=566MiB roottime=288.330s load=1.00 rootload=1.00
ramon: poll                 wall=04m50.000s usage=04m49.949s user=04m49.334s sys=00.615s mem=566MiB roottime=289.330s load=1.00 rootload=1.00
ramon: poll                 wall=04m51.000s usage=04m50.949s user=04m50.334s sys=00.615s mem=566MiB roottime=290.330s load=1.00 rootload=1.00
ramon: poll                 wall=04m52.000s usage=04m51.949s user=04m51.334s sys=00.615s mem=566MiB roottime=291.330s load=1.00 rootload=1.00
ramon: poll                 wall=04m53.000s usage=04m52.949s user=04m52.334s sys=00.615s mem=566MiB roottime=292.330s load=1.00 rootload=1.00
ramon: poll                 wall=04m54.000s usage=04m53.949s user=04m53.334s sys=00.615s mem=566MiB roottime=293.330s load=1.00 rootload=1.00
ramon: poll                 wall=04m55.000s usage=04m54.949s user=04m54.334s sys=00.615s mem=566MiB roottime=294.330s load=1.00 rootload=1.00
ramon: poll                 wall=04m56.000s usage=04m55.949s user=04m55.333s sys=00.616s mem=566MiB roottime=295.330s load=1.00 rootload=1.00
ramon: poll                 wall=04m57.000s usage=04m56.949s user=04m56.333s sys=00.616s mem=566MiB roottime=296.330s load=1.00 rootload=1.00
ramon: poll                 wall=04m58.000s usage=04m57.949s user=04m57.333s sys=00.616s mem=566MiB roottime=297.330s load=1.00 rootload=1.00
ramon: poll                 wall=04m59.000s usage=04m58.949s user=04m58.333s sys=00.616s mem=566MiB roottime=298.330s load=1.00 rootload=1.00
ramon: poll                 wall=05m00.000s usage=04m59.948s user=04m59.332s sys=00.616s mem=566MiB roottime=299.330s load=1.00 rootload=1.00
ramon: poll                 wall=05m01.000s usage=05m00.948s user=05m00.332s sys=00.616s mem=566MiB roottime=300.330s load=1.00 rootload=1.00
ramon: poll                 wall=05m02.000s usage=05m01.948s user=05m01.332s sys=00.616s mem=566MiB roottime=301.330s load=1.00 rootload=1.00
ramon: poll                 wall=05m03.000s usage=05m02.948s user=05m02.332s sys=00.616s mem=566MiB roottime=302.330s load=1.00 rootload=1.00
ramon: poll                 wall=05m04.000s usage=05m03.948s user=05m03.332s sys=00.616s mem=566MiB roottime=303.330s load=1.00 rootload=1.00
ramon: poll                 wall=05m05.000s usage=05m04.948s user=05m04.332s sys=00.616s mem=566MiB roottime=304.330s load=1.00 rootload=1.00
ramon: poll                 wall=05m06.000s usage=05m05.948s user=05m05.332s sys=00.616s mem=566MiB roottime=305.330s load=1.00 rootload=1.00
ramon: poll                 wall=05m07.000s usage=05m06.948s user=05m06.332s sys=00.616s mem=566MiB roottime=306.330s load=1.00 rootload=1.00
ramon: poll                 wall=05m08.000s usage=05m07.948s user=05m07.332s sys=00.616s mem=566MiB roottime=307.330s load=1.00 rootload=1.00
ramon: poll                 wall=05m09.000s usage=05m08.948s user=05m08.332s sys=00.616s mem=566MiB roottime=308.330s load=1.00 rootload=1.00
ramon: poll                 wall=05m10.000s usage=05m09.948s user=05m09.332s sys=00.616s mem=566MiB roottime=309.330s load=1.00 rootload=1.00
ramon: poll                 wall=05m11.000s usage=05m10.948s user=05m10.331s sys=00.617s mem=566MiB roottime=310.330s load=1.00 rootload=1.00
ramon: poll                 wall=05m12.000s usage=05m11.948s user=05m11.331s sys=00.617s mem=566MiB roottime=311.330s load=1.00 rootload=1.00
ramon: poll                 wall=05m13.000s usage=05m12.948s user=05m12.331s sys=00.617s mem=566MiB roottime=312.330s load=1.00 rootload=1.00
ramon: poll                 wall=05m14.000s usage=05m13.948s user=05m13.331s sys=00.617s mem=566MiB roottime=313.330s load=1.00 rootload=1.00
ramon: poll                 wall=05m15.000s usage=05m14.947s user=05m14.331s sys=00.617s mem=566MiB roottime=314.330s load=1.00 rootload=1.00
ramon: poll                 wall=05m16.000s usage=05m15.947s user=05m15.330s sys=00.617s mem=566MiB roottime=315.330s load=1.00 rootload=1.00
ramon: poll                 wall=05m17.000s usage=05m16.947s user=05m16.330s sys=00.617s mem=566MiB roottime=316.330s load=1.00 rootload=1.00
ramon: poll                 wall=05m18.000s usage=05m17.947s user=05m17.330s sys=00.617s mem=567MiB roottime=317.330s load=1.00 rootload=1.00
ramon: poll                 wall=05m19.000s usage=05m18.947s user=05m18.330s sys=00.617s mem=567MiB roottime=318.330s load=1.00 rootload=1.00
ramon: poll                 wall=05m20.000s usage=05m19.947s user=05m19.330s sys=00.617s mem=567MiB roottime=319.330s load=1.00 rootload=1.00
ramon: poll                 wall=05m21.000s usage=05m20.947s user=05m20.330s sys=00.617s mem=567MiB roottime=320.330s load=1.00 rootload=1.00
ramon: poll                 wall=05m22.000s usage=05m21.947s user=05m21.330s sys=00.617s mem=567MiB roottime=321.330s load=1.00 rootload=1.00
ramon: poll                 wall=05m23.000s usage=05m22.947s user=05m22.330s sys=00.617s mem=567MiB roottime=322.330s load=1.00 rootload=1.00
ramon: poll                 wall=05m24.000s usage=05m23.947s user=05m23.330s sys=00.617s mem=567MiB roottime=323.330s load=1.00 rootload=1.00
ramon: poll                 wall=05m25.000s usage=05m24.947s user=05m24.330s sys=00.617s mem=567MiB roottime=324.330s load=1.00 rootload=1.00
ramon: poll                 wall=05m26.000s usage=05m25.947s user=05m25.330s sys=00.617s mem=567MiB roottime=325.330s load=1.00 rootload=1.00
ramon: poll                 wall=05m27.000s usage=05m26.947s user=05m26.330s sys=00.617s mem=567MiB roottime=326.330s load=1.00 rootload=1.00
ramon: poll                 wall=05m28.000s usage=05m27.947s user=05m27.330s sys=00.617s mem=567MiB roottime=327.330s load=1.00 rootload=1.00
ramon: poll                 wall=05m29.000s usage=05m28.947s user=05m28.330s sys=00.617s mem=567MiB roottime=328.330s load=1.00 rootload=1.00
ramon: poll                 wall=05m30.000s usage=05m29.947s user=05m29.330s sys=00.617s mem=567MiB roottime=329.330s load=1.00 rootload=1.00
ramon: poll                 wall=05m31.000s usage=05m30.947s user=05m30.329s sys=00.618s mem=567MiB roottime=330.320s load=1.00 rootload=0.99
ramon: poll                 wall=05m32.000s usage=05m31.947s user=05m31.329s sys=00.618s mem=567MiB roottime=331.320s load=1.00 rootload=1.00
ramon: poll                 wall=05m33.000s usage=05m32.946s user=05m32.329s sys=00.618s mem=567MiB roottime=332.320s load=1.00 rootload=1.00
ramon: poll                 wall=05m34.000s usage=05m33.946s user=05m33.328s sys=00.618s mem=567MiB roottime=333.320s load=1.00 rootload=1.00
ramon: poll                 wall=05m35.000s usage=05m34.946s user=05m34.328s sys=00.618s mem=567MiB roottime=334.320s load=1.00 rootload=1.00
ramon: poll                 wall=05m36.000s usage=05m35.946s user=05m35.328s sys=00.618s mem=567MiB roottime=335.320s load=1.00 rootload=1.00
ramon: poll                 wall=05m37.000s usage=05m36.946s user=05m36.328s sys=00.618s mem=567MiB roottime=336.320s load=1.00 rootload=1.00
ramon: poll                 wall=05m38.000s usage=05m37.946s user=05m37.328s sys=00.618s mem=567MiB roottime=337.320s load=1.00 rootload=1.00
ramon: poll                 wall=05m39.000s usage=05m38.946s user=05m38.328s sys=00.618s mem=567MiB roottime=338.320s load=1.00 rootload=1.00
ramon: poll                 wall=05m40.000s usage=05m39.946s user=05m39.327s sys=00.619s mem=567MiB roottime=339.320s load=1.00 rootload=1.00
ramon: poll                 wall=05m41.000s usage=05m40.946s user=05m40.327s sys=00.619s mem=567MiB roottime=340.320s load=1.00 rootload=1.00
ramon: poll                 wall=05m42.000s usage=05m41.946s user=05m41.327s sys=00.619s mem=567MiB roottime=341.320s load=1.00 rootload=1.00
ramon: poll                 wall=05m43.000s usage=05m42.946s user=05m42.327s sys=00.619s mem=567MiB roottime=342.320s load=1.00 rootload=1.00
ramon: poll                 wall=05m44.000s usage=05m43.946s user=05m43.327s sys=00.619s mem=567MiB roottime=343.320s load=1.00 rootload=1.00
ramon: poll                 wall=05m45.000s usage=05m44.946s user=05m44.327s sys=00.619s mem=567MiB roottime=344.320s load=1.00 rootload=1.00
ramon: poll                 wall=05m46.000s usage=05m45.946s user=05m45.326s sys=00.620s mem=567MiB roottime=345.320s load=1.00 rootload=1.00
ramon: poll                 wall=05m47.000s usage=05m46.946s user=05m46.326s sys=00.620s mem=567MiB roottime=346.320s load=1.00 rootload=1.00
ramon: poll                 wall=05m48.000s usage=05m47.946s user=05m47.326s sys=00.620s mem=567MiB roottime=347.320s load=1.00 rootload=1.00
ramon: poll                 wall=05m49.000s usage=05m48.946s user=05m48.326s sys=00.620s mem=567MiB roottime=348.320s load=1.00 rootload=1.00
ramon: poll                 wall=05m50.000s usage=05m49.945s user=05m49.326s sys=00.620s mem=567MiB roottime=349.320s load=1.00 rootload=1.00
ramon: poll                 wall=05m51.000s usage=05m50.945s user=05m50.325s sys=00.620s mem=567MiB roottime=350.320s load=1.00 rootload=1.00
ramon: poll                 wall=05m52.000s usage=05m51.945s user=05m51.325s sys=00.620s mem=567MiB roottime=351.320s load=1.00 rootload=1.00
ramon: poll                 wall=05m53.000s usage=05m52.945s user=05m52.325s sys=00.620s mem=567MiB roottime=352.320s load=1.00 rootload=1.00
ramon: poll                 wall=05m54.000s usage=05m53.945s user=05m53.325s sys=00.620s mem=568MiB roottime=353.320s load=1.00 rootload=1.00
ramon: poll                 wall=05m55.000s usage=05m54.945s user=05m54.325s sys=00.620s mem=568MiB roottime=354.320s load=1.00 rootload=1.00
ramon: poll                 wall=05m56.000s usage=05m55.945s user=05m55.324s sys=00.621s mem=568MiB roottime=355.320s load=1.00 rootload=1.00
ramon: poll                 wall=05m57.000s usage=05m56.945s user=05m56.324s sys=00.621s mem=568MiB roottime=356.320s load=1.00 rootload=1.00
ramon: poll                 wall=05m58.000s usage=05m57.945s user=05m57.323s sys=00.622s mem=568MiB roottime=357.320s load=1.00 rootload=1.00
ramon: poll                 wall=05m59.000s usage=05m58.945s user=05m58.323s sys=00.622s mem=568MiB roottime=358.320s load=1.00 rootload=1.00
ramon: poll                 wall=06m00.000s usage=05m59.945s user=05m59.322s sys=00.623s mem=568MiB roottime=359.320s load=1.00 rootload=1.00
ramon: poll                 wall=06m01.000s usage=06m00.945s user=06m00.322s sys=00.623s mem=568MiB roottime=360.320s load=1.00 rootload=1.00
ramon: poll                 wall=06m02.000s usage=06m01.945s user=06m01.322s sys=00.623s mem=568MiB roottime=361.320s load=1.00 rootload=1.00
ramon: poll                 wall=06m03.000s usage=06m02.945s user=06m02.322s sys=00.623s mem=568MiB roottime=362.320s load=1.00 rootload=1.00
ramon: poll                 wall=06m04.000s usage=06m03.945s user=06m03.322s sys=00.623s mem=568MiB roottime=363.320s load=1.00 rootload=1.00
ramon: poll                 wall=06m05.000s usage=06m04.944s user=06m04.322s sys=00.623s mem=568MiB roottime=364.320s load=1.00 rootload=1.00
ramon: poll                 wall=06m06.000s usage=06m05.944s user=06m05.321s sys=00.623s mem=568MiB roottime=365.320s load=1.00 rootload=1.00
ramon: poll                 wall=06m07.000s usage=06m06.944s user=06m06.320s sys=00.624s mem=569MiB roottime=366.320s load=1.00 rootload=1.00
ramon: poll                 wall=06m08.000s usage=06m07.944s user=06m07.320s sys=00.624s mem=569MiB roottime=367.320s load=1.00 rootload=1.00
ramon: poll                 wall=06m09.000s usage=06m08.944s user=06m08.320s sys=00.624s mem=569MiB roottime=368.320s load=1.00 rootload=1.00
ramon: poll                 wall=06m10.000s usage=06m09.944s user=06m09.319s sys=00.625s mem=569MiB roottime=369.320s load=1.00 rootload=1.00
ramon: poll                 wall=06m11.000s usage=06m10.944s user=06m10.318s sys=00.626s mem=569MiB roottime=370.310s load=1.00 rootload=0.99
ramon: poll                 wall=06m12.000s usage=06m11.944s user=06m11.318s sys=00.626s mem=569MiB roottime=371.310s load=1.00 rootload=1.00
ramon: poll                 wall=06m13.000s usage=06m12.944s user=06m12.318s sys=00.626s mem=569MiB roottime=372.310s load=1.00 rootload=1.00
ramon: poll                 wall=06m14.000s usage=06m13.944s user=06m13.317s sys=00.627s mem=569MiB roottime=373.310s load=1.00 rootload=1.00
ramon: poll                 wall=06m15.000s usage=06m14.944s user=06m14.317s sys=00.627s mem=569MiB roottime=374.310s load=1.00 rootload=1.00
ramon: poll                 wall=06m16.000s usage=06m15.944s user=06m15.317s sys=00.627s mem=569MiB roottime=375.310s load=1.00 rootload=1.00
ramon: poll                 wall=06m17.000s usage=06m16.944s user=06m16.317s sys=00.627s mem=569MiB roottime=376.310s load=1.00 rootload=1.00
ramon: poll                 wall=06m18.000s usage=06m17.944s user=06m17.317s sys=00.627s mem=570MiB roottime=377.310s load=1.00 rootload=1.00
ramon: poll                 wall=06m19.000s usage=06m18.944s user=06m18.316s sys=00.628s mem=570MiB roottime=378.310s load=1.00 rootload=1.00
ramon: poll                 wall=06m20.000s usage=06m19.943s user=06m19.315s sys=00.628s mem=570MiB roottime=379.310s load=1.00 rootload=1.00
ramon: poll                 wall=06m21.000s usage=06m20.943s user=06m20.315s sys=00.628s mem=570MiB roottime=380.310s load=1.00 rootload=1.00
ramon: poll                 wall=06m22.000s usage=06m21.943s user=06m21.313s sys=00.630s mem=570MiB roottime=381.310s load=1.00 rootload=1.00
ramon: poll                 wall=06m23.000s usage=06m22.943s user=06m22.313s sys=00.630s mem=570MiB roottime=382.310s load=1.00 rootload=1.00
ramon: poll                 wall=06m24.000s usage=06m23.943s user=06m23.313s sys=00.630s mem=570MiB roottime=383.310s load=1.00 rootload=1.00
ramon: poll                 wall=06m25.000s usage=06m24.943s user=06m24.313s sys=00.630s mem=570MiB roottime=384.310s load=1.00 rootload=1.00
ramon: poll                 wall=06m26.000s usage=06m25.943s user=06m25.313s sys=00.630s mem=570MiB roottime=385.310s load=1.00 rootload=1.00
ramon: poll                 wall=06m27.000s usage=06m26.943s user=06m26.313s sys=00.630s mem=570MiB roottime=386.310s load=1.00 rootload=1.00
ramon: poll                 wall=06m28.000s usage=06m27.943s user=06m27.313s sys=00.630s mem=571MiB roottime=387.310s load=1.00 rootload=1.00
ramon: poll                 wall=06m29.000s usage=06m28.943s user=06m28.313s sys=00.630s mem=571MiB roottime=388.310s load=1.00 rootload=1.00
ramon: poll                 wall=06m30.000s usage=06m29.943s user=06m29.313s sys=00.630s mem=571MiB roottime=389.310s load=1.00 rootload=1.00
ramon: poll                 wall=06m31.000s usage=06m30.942s user=06m30.313s sys=00.630s mem=571MiB roottime=390.310s load=1.00 rootload=1.00
ramon: poll                 wall=06m32.000s usage=06m31.942s user=06m31.311s sys=00.631s mem=571MiB roottime=391.310s load=1.00 rootload=1.00
ramon: poll                 wall=06m33.000s usage=06m32.942s user=06m32.310s sys=00.632s mem=571MiB roottime=392.310s load=1.00 rootload=1.00
ramon: poll                 wall=06m34.000s usage=06m33.942s user=06m33.310s sys=00.632s mem=572MiB roottime=393.310s load=1.00 rootload=1.00
ramon: poll                 wall=06m35.000s usage=06m34.942s user=06m34.310s sys=00.632s mem=572MiB roottime=394.310s load=1.00 rootload=1.00
ramon: poll                 wall=06m36.000s usage=06m35.942s user=06m35.310s sys=00.632s mem=572MiB roottime=395.310s load=1.00 rootload=1.00
ramon: poll                 wall=06m37.000s usage=06m36.942s user=06m36.310s sys=00.632s mem=572MiB roottime=396.310s load=1.00 rootload=1.00
ramon: poll                 wall=06m38.000s usage=06m37.942s user=06m37.310s sys=00.632s mem=572MiB roottime=397.310s load=1.00 rootload=1.00
ramon: poll                 wall=06m39.000s usage=06m38.942s user=06m38.310s sys=00.632s mem=572MiB roottime=398.310s load=1.00 rootload=1.00
ramon: poll                 wall=06m40.000s usage=06m39.942s user=06m39.310s sys=00.632s mem=572MiB roottime=399.310s load=1.00 rootload=1.00
ramon: poll                 wall=06m41.000s usage=06m40.942s user=06m40.310s sys=00.632s mem=572MiB roottime=400.310s load=1.00 rootload=1.00
ramon: poll                 wall=06m42.000s usage=06m41.942s user=06m41.310s sys=00.632s mem=572MiB roottime=401.310s load=1.00 rootload=1.00
ramon: poll                 wall=06m43.000s usage=06m42.942s user=06m42.310s sys=00.632s mem=572MiB roottime=402.310s load=1.00 rootload=1.00
ramon: poll                 wall=06m44.000s usage=06m43.942s user=06m43.310s sys=00.632s mem=572MiB roottime=403.310s load=1.00 rootload=1.00
ramon: poll                 wall=06m45.000s usage=06m44.942s user=06m44.310s sys=00.632s mem=572MiB roottime=404.310s load=1.00 rootload=1.00
ramon: poll                 wall=06m46.000s usage=06m45.941s user=06m45.310s sys=00.632s mem=572MiB roottime=405.310s load=1.00 rootload=1.00
ramon: poll                 wall=06m47.000s usage=06m46.941s user=06m46.309s sys=00.632s mem=572MiB roottime=406.310s load=1.00 rootload=1.00
ramon: poll                 wall=06m48.000s usage=06m47.941s user=06m47.309s sys=00.632s mem=572MiB roottime=407.310s load=1.00 rootload=1.00
ramon: poll                 wall=06m49.000s usage=06m48.941s user=06m48.309s sys=00.632s mem=572MiB roottime=408.310s load=1.00 rootload=1.00
ramon: poll                 wall=06m50.000s usage=06m49.941s user=06m49.308s sys=00.633s mem=572MiB roottime=409.300s load=1.00 rootload=0.99
ramon: poll                 wall=06m51.000s usage=06m50.941s user=06m50.308s sys=00.633s mem=572MiB roottime=410.300s load=1.00 rootload=1.00
ramon: poll                 wall=06m52.000s usage=06m51.941s user=06m51.307s sys=00.634s mem=572MiB roottime=411.300s load=1.00 rootload=1.00
ramon: poll                 wall=06m53.000s usage=06m52.941s user=06m52.306s sys=00.635s mem=572MiB roottime=412.300s load=1.00 rootload=1.00
ramon: poll                 wall=06m54.000s usage=06m53.941s user=06m53.306s sys=00.635s mem=572MiB roottime=413.300s load=1.00 rootload=1.00
ramon: poll                 wall=06m55.000s usage=06m54.941s user=06m54.305s sys=00.636s mem=572MiB roottime=414.300s load=1.00 rootload=1.00
ramon: poll                 wall=06m56.000s usage=06m55.941s user=06m55.304s sys=00.637s mem=572MiB roottime=415.300s load=1.00 rootload=1.00
ramon: poll                 wall=06m57.000s usage=06m56.941s user=06m56.304s sys=00.637s mem=573MiB roottime=416.300s load=1.00 rootload=1.00
ramon: poll                 wall=06m58.000s usage=06m57.940s user=06m57.301s sys=00.640s mem=573MiB roottime=417.300s load=1.00 rootload=1.00
ramon: poll                 wall=06m59.000s usage=06m58.940s user=06m58.300s sys=00.640s mem=573MiB roottime=418.300s load=1.00 rootload=1.00
ramon: poll                 wall=07m00.000s usage=06m59.940s user=06m59.300s sys=00.640s mem=573MiB roottime=419.300s load=1.00 rootload=1.00
ramon: poll                 wall=07m01.000s usage=07m00.940s user=07m00.300s sys=00.640s mem=573MiB roottime=420.300s load=1.00 rootload=1.00
ramon: poll                 wall=07m02.000s usage=07m01.940s user=07m01.300s sys=00.640s mem=573MiB roottime=421.300s load=1.00 rootload=1.00
ramon: poll                 wall=07m03.000s usage=07m02.940s user=07m02.300s sys=00.640s mem=573MiB roottime=422.300s load=1.00 rootload=1.00
ramon: poll                 wall=07m04.000s usage=07m03.940s user=07m03.300s sys=00.640s mem=573MiB roottime=423.300s load=1.00 rootload=1.00
ramon: poll                 wall=07m05.000s usage=07m04.940s user=07m04.298s sys=00.642s mem=573MiB roottime=424.290s load=1.00 rootload=0.99
ramon: poll                 wall=07m06.000s usage=07m05.940s user=07m05.298s sys=00.642s mem=573MiB roottime=425.290s load=1.00 rootload=1.00
ramon: poll                 wall=07m07.000s usage=07m06.940s user=07m06.298s sys=00.642s mem=573MiB roottime=426.290s load=1.00 rootload=1.00
ramon: poll                 wall=07m08.000s usage=07m07.940s user=07m07.297s sys=00.643s mem=574MiB roottime=427.290s load=1.00 rootload=1.00
ramon: poll                 wall=07m09.000s usage=07m08.939s user=07m08.296s sys=00.644s mem=574MiB roottime=428.290s load=1.00 rootload=1.00
ramon: poll                 wall=07m10.000s usage=07m09.939s user=07m09.295s sys=00.644s mem=574MiB roottime=429.290s load=1.00 rootload=1.00
ramon: poll                 wall=07m11.000s usage=07m10.939s user=07m10.295s sys=00.644s mem=574MiB roottime=430.290s load=1.00 rootload=1.00
ramon: poll                 wall=07m12.000s usage=07m11.939s user=07m11.295s sys=00.644s mem=574MiB roottime=431.290s load=1.00 rootload=1.00
ramon: poll                 wall=07m13.000s usage=07m12.939s user=07m12.295s sys=00.644s mem=574MiB roottime=432.290s load=1.00 rootload=1.00
ramon: poll                 wall=07m14.000s usage=07m13.939s user=07m13.295s sys=00.644s mem=574MiB roottime=433.290s load=1.00 rootload=1.00
ramon: poll                 wall=07m15.000s usage=07m14.939s user=07m14.295s sys=00.644s mem=574MiB roottime=434.290s load=1.00 rootload=1.00
ramon: poll                 wall=07m16.000s usage=07m15.939s user=07m15.295s sys=00.644s mem=574MiB roottime=435.290s load=1.00 rootload=1.00
ramon: poll                 wall=07m17.000s usage=07m16.939s user=07m16.294s sys=00.645s mem=574MiB roottime=436.290s load=1.00 rootload=1.00
ramon: poll                 wall=07m18.000s usage=07m17.939s user=07m17.294s sys=00.645s mem=574MiB roottime=437.290s load=1.00 rootload=1.00
ramon: poll                 wall=07m19.000s usage=07m18.938s user=07m18.294s sys=00.645s mem=575MiB roottime=438.290s load=1.00 rootload=1.00
ramon: poll                 wall=07m20.000s usage=07m19.938s user=07m19.292s sys=00.646s mem=575MiB roottime=439.290s load=1.00 rootload=1.00
ramon: poll                 wall=07m21.000s usage=07m20.938s user=07m20.292s sys=00.646s mem=575MiB roottime=440.290s load=1.00 rootload=1.00
ramon: poll                 wall=07m22.000s usage=07m21.938s user=07m21.292s sys=00.646s mem=575MiB roottime=441.290s load=1.00 rootload=1.00
ramon: poll                 wall=07m23.000s usage=07m22.938s user=07m22.292s sys=00.646s mem=575MiB roottime=442.290s load=1.00 rootload=1.00
ramon: poll                 wall=07m24.000s usage=07m23.938s user=07m23.292s sys=00.646s mem=575MiB roottime=443.290s load=1.00 rootload=1.00
ramon: poll                 wall=07m25.000s usage=07m24.938s user=07m24.292s sys=00.646s mem=575MiB roottime=444.290s load=1.00 rootload=1.00
ramon: poll                 wall=07m26.000s usage=07m25.938s user=07m25.292s sys=00.646s mem=575MiB roottime=445.290s load=1.00 rootload=1.00
ramon: poll                 wall=07m27.000s usage=07m26.938s user=07m26.292s sys=00.646s mem=575MiB roottime=446.290s load=1.00 rootload=1.00
ramon: poll                 wall=07m28.000s usage=07m27.938s user=07m27.292s sys=00.646s mem=575MiB roottime=447.290s load=1.00 rootload=1.00
ramon: poll                 wall=07m29.000s usage=07m28.937s user=07m28.291s sys=00.646s mem=575MiB roottime=448.290s load=1.00 rootload=1.00
ramon: poll                 wall=07m30.000s usage=07m29.937s user=07m29.291s sys=00.646s mem=575MiB roottime=449.290s load=1.00 rootload=1.00
ramon: poll                 wall=07m31.000s usage=07m30.937s user=07m30.291s sys=00.646s mem=575MiB roottime=450.290s load=1.00 rootload=1.00
ramon: poll                 wall=07m32.000s usage=07m31.937s user=07m31.291s sys=00.646s mem=575MiB roottime=451.290s load=1.00 rootload=1.00
ramon: poll                 wall=07m33.000s usage=07m32.937s user=07m32.291s sys=00.646s mem=575MiB roottime=452.290s load=1.00 rootload=1.00
ramon: poll                 wall=07m34.000s usage=07m33.937s user=07m33.291s sys=00.646s mem=575MiB roottime=453.290s load=1.00 rootload=1.00
ramon: poll                 wall=07m35.000s usage=07m34.937s user=07m34.291s sys=00.646s mem=575MiB roottime=454.290s load=1.00 rootload=1.00
ramon: poll                 wall=07m36.000s usage=07m35.937s user=07m35.291s sys=00.646s mem=575MiB roottime=455.290s load=1.00 rootload=1.00
ramon: poll                 wall=07m37.000s usage=07m36.937s user=07m36.291s sys=00.646s mem=575MiB roottime=456.290s load=1.00 rootload=1.00
ramon: poll                 wall=07m38.000s usage=07m37.937s user=07m37.291s sys=00.646s mem=575MiB roottime=457.290s load=1.00 rootload=1.00
ramon: poll                 wall=07m39.000s usage=07m38.937s user=07m38.291s sys=00.646s mem=575MiB roottime=458.290s load=1.00 rootload=1.00
ramon: poll                 wall=07m40.000s usage=07m39.937s user=07m39.291s sys=00.646s mem=575MiB roottime=459.290s load=1.00 rootload=1.00
ramon: poll                 wall=07m41.000s usage=07m40.937s user=07m40.291s sys=00.646s mem=575MiB roottime=460.290s load=1.00 rootload=1.00
ramon: poll                 wall=07m42.000s usage=07m41.936s user=07m41.291s sys=00.646s mem=575MiB roottime=461.290s load=1.00 rootload=1.00
ramon: poll                 wall=07m43.000s usage=07m42.936s user=07m42.290s sys=00.646s mem=575MiB roottime=462.290s load=1.00 rootload=1.00
ramon: poll                 wall=07m44.000s usage=07m43.936s user=07m43.290s sys=00.646s mem=576MiB roottime=463.290s load=1.00 rootload=1.00
ramon: poll                 wall=07m45.000s usage=07m44.936s user=07m44.290s sys=00.646s mem=576MiB roottime=464.290s load=1.00 rootload=1.00
ramon: poll                 wall=07m46.000s usage=07m45.936s user=07m45.290s sys=00.646s mem=576MiB roottime=465.290s load=1.00 rootload=1.00
ramon: poll                 wall=07m47.000s usage=07m46.936s user=07m46.290s sys=00.646s mem=576MiB roottime=466.290s load=1.00 rootload=1.00
ramon: poll                 wall=07m48.000s usage=07m47.936s user=07m47.290s sys=00.646s mem=576MiB roottime=467.290s load=1.00 rootload=1.00
ramon: poll                 wall=07m49.000s usage=07m48.936s user=07m48.290s sys=00.646s mem=576MiB roottime=468.290s load=1.00 rootload=1.00
ramon: poll                 wall=07m50.000s usage=07m49.936s user=07m49.290s sys=00.646s mem=576MiB roottime=469.290s load=1.00 rootload=1.00
ramon: poll                 wall=07m51.000s usage=07m50.936s user=07m50.290s sys=00.646s mem=576MiB roottime=470.290s load=1.00 rootload=1.00
ramon: poll                 wall=07m52.000s usage=07m51.936s user=07m51.290s sys=00.646s mem=576MiB roottime=471.290s load=1.00 rootload=1.00
ramon: poll                 wall=07m53.000s usage=07m52.935s user=07m52.290s sys=00.646s mem=576MiB roottime=472.290s load=1.00 rootload=1.00
ramon: poll                 wall=07m54.000s usage=07m53.935s user=07m53.288s sys=00.647s mem=576MiB roottime=473.280s load=1.00 rootload=0.99
ramon: poll                 wall=07m55.000s usage=07m54.935s user=07m54.288s sys=00.647s mem=576MiB roottime=474.280s load=1.00 rootload=1.00
ramon: poll                 wall=07m56.000s usage=07m55.935s user=07m55.288s sys=00.647s mem=576MiB roottime=475.280s load=1.00 rootload=1.00
ramon: poll                 wall=07m57.000s usage=07m56.935s user=07m56.288s sys=00.647s mem=576MiB roottime=476.280s load=1.00 rootload=1.00
ramon: poll                 wall=07m58.000s usage=07m57.935s user=07m57.287s sys=00.648s mem=577MiB roottime=477.280s load=1.00 rootload=1.00
ramon: poll                 wall=07m59.000s usage=07m58.935s user=07m58.287s sys=00.648s mem=577MiB roottime=478.280s load=1.00 rootload=1.00
ramon: poll                 wall=08m00.000s usage=07m59.935s user=07m59.286s sys=00.649s mem=577MiB roottime=479.280s load=1.00 rootload=1.00
ramon: poll                 wall=08m01.000s usage=08m00.935s user=08m00.286s sys=00.649s mem=577MiB roottime=480.280s load=1.00 rootload=1.00
ramon: poll                 wall=08m02.000s usage=08m01.934s user=08m01.285s sys=00.649s mem=577MiB roottime=481.280s load=1.00 rootload=1.00
ramon: poll                 wall=08m03.000s usage=08m02.934s user=08m02.285s sys=00.649s mem=577MiB roottime=482.280s load=1.00 rootload=1.00
ramon: poll                 wall=08m04.000s usage=08m03.934s user=08m03.285s sys=00.649s mem=577MiB roottime=483.280s load=1.00 rootload=1.00
ramon: poll                 wall=08m05.000s usage=08m04.934s user=08m04.285s sys=00.649s mem=577MiB roottime=484.280s load=1.00 rootload=1.00
ramon: poll                 wall=08m06.000s usage=08m05.934s user=08m05.285s sys=00.649s mem=577MiB roottime=485.280s load=1.00 rootload=1.00
ramon: poll                 wall=08m07.000s usage=08m06.934s user=08m06.285s sys=00.649s mem=577MiB roottime=486.280s load=1.00 rootload=1.00
ramon: poll                 wall=08m08.000s usage=08m07.934s user=08m07.285s sys=00.649s mem=577MiB roottime=487.280s load=1.00 rootload=1.00
ramon: poll                 wall=08m09.000s usage=08m08.934s user=08m08.285s sys=00.649s mem=577MiB roottime=488.280s load=1.00 rootload=1.00
ramon: poll                 wall=08m10.000s usage=08m09.933s user=08m09.284s sys=00.649s mem=577MiB roottime=489.280s load=1.00 rootload=1.00
ramon: poll                 wall=08m11.000s usage=08m10.933s user=08m10.284s sys=00.649s mem=577MiB roottime=490.280s load=1.00 rootload=1.00
ramon: poll                 wall=08m12.000s usage=08m11.933s user=08m11.284s sys=00.649s mem=577MiB roottime=491.280s load=1.00 rootload=1.00
ramon: poll                 wall=08m13.000s usage=08m12.933s user=08m12.284s sys=00.649s mem=577MiB roottime=492.280s load=1.00 rootload=1.00
ramon: poll                 wall=08m14.000s usage=08m13.933s user=08m13.284s sys=00.649s mem=577MiB roottime=493.280s load=1.00 rootload=1.00
ramon: poll                 wall=08m15.000s usage=08m14.933s user=08m14.284s sys=00.649s mem=577MiB roottime=494.280s load=1.00 rootload=1.00
ramon: poll                 wall=08m16.000s usage=08m15.933s user=08m15.284s sys=00.649s mem=577MiB roottime=495.280s load=1.00 rootload=1.00
ramon: poll                 wall=08m17.000s usage=08m16.932s user=08m16.284s sys=00.649s mem=577MiB roottime=496.280s load=1.00 rootload=1.00
ramon: poll                 wall=08m18.000s usage=08m17.932s user=08m17.283s sys=00.649s mem=578MiB roottime=497.280s load=1.00 rootload=1.00
ramon: poll                 wall=08m19.000s usage=08m18.932s user=08m18.282s sys=00.650s mem=578MiB roottime=498.280s load=1.00 rootload=1.00
ramon: poll                 wall=08m20.000s usage=08m19.932s user=08m19.282s sys=00.650s mem=578MiB roottime=499.280s load=1.00 rootload=1.00
ramon: poll                 wall=08m21.000s usage=08m20.932s user=08m20.282s sys=00.650s mem=578MiB roottime=500.280s load=1.00 rootload=1.00
ramon: poll                 wall=08m22.000s usage=08m21.932s user=08m21.282s sys=00.650s mem=578MiB roottime=501.280s load=1.00 rootload=1.00
ramon: poll                 wall=08m23.000s usage=08m22.932s user=08m22.282s sys=00.650s mem=578MiB roottime=502.280s load=1.00 rootload=1.00
ramon: poll                 wall=08m24.000s usage=08m23.932s user=08m23.282s sys=00.650s mem=578MiB roottime=503.280s load=1.00 rootload=1.00
ramon: poll                 wall=08m25.000s usage=08m24.932s user=08m24.282s sys=00.650s mem=578MiB roottime=504.280s load=1.00 rootload=1.00
ramon: poll                 wall=08m26.000s usage=08m25.932s user=08m25.282s sys=00.650s mem=578MiB roottime=505.280s load=1.00 rootload=1.00
ramon: poll                 wall=08m27.000s usage=08m26.932s user=08m26.282s sys=00.650s mem=578MiB roottime=506.280s load=1.00 rootload=1.00
ramon: poll                 wall=08m28.000s usage=08m27.931s user=08m27.281s sys=00.650s mem=579MiB roottime=507.280s load=1.00 rootload=1.00
ramon: poll                 wall=08m29.000s usage=08m28.931s user=08m28.281s sys=00.650s mem=579MiB roottime=508.280s load=1.00 rootload=1.00
ramon: poll                 wall=08m30.000s usage=08m29.931s user=08m29.281s sys=00.650s mem=579MiB roottime=509.280s load=1.00 rootload=1.00
ramon: poll                 wall=08m31.000s usage=08m30.931s user=08m30.281s sys=00.650s mem=579MiB roottime=510.280s load=1.00 rootload=1.00
ramon: poll                 wall=08m32.000s usage=08m31.931s user=08m31.280s sys=00.651s mem=579MiB roottime=511.280s load=1.00 rootload=1.00
ramon: poll                 wall=08m33.000s usage=08m32.931s user=08m32.280s sys=00.651s mem=579MiB roottime=512.280s load=1.00 rootload=1.00
ramon: poll                 wall=08m34.000s usage=08m33.931s user=08m33.280s sys=00.651s mem=579MiB roottime=513.280s load=1.00 rootload=1.00
ramon: poll                 wall=08m35.000s usage=08m34.931s user=08m34.280s sys=00.651s mem=579MiB roottime=514.280s load=1.00 rootload=1.00
ramon: poll                 wall=08m36.000s usage=08m35.931s user=08m35.280s sys=00.651s mem=579MiB roottime=515.280s load=1.00 rootload=1.00
ramon: poll                 wall=08m37.000s usage=08m36.931s user=08m36.280s sys=00.651s mem=579MiB roottime=516.280s load=1.00 rootload=1.00
ramon: poll                 wall=08m38.000s usage=08m37.931s user=08m37.280s sys=00.651s mem=579MiB roottime=517.280s load=1.00 rootload=1.00
ramon: poll                 wall=08m39.000s usage=08m38.931s user=08m38.280s sys=00.651s mem=579MiB roottime=518.280s load=1.00 rootload=1.00
ramon: poll                 wall=08m40.000s usage=08m39.931s user=08m39.280s sys=00.651s mem=579MiB roottime=519.280s load=1.00 rootload=1.00
ramon: poll                 wall=08m41.000s usage=08m40.931s user=08m40.280s sys=00.651s mem=579MiB roottime=520.280s load=1.00 rootload=1.00
ramon: poll                 wall=08m42.000s usage=08m41.930s user=08m41.280s sys=00.651s mem=579MiB roottime=521.280s load=1.00 rootload=1.00
ramon: poll                 wall=08m43.000s usage=08m42.930s user=08m42.279s sys=00.651s mem=578MiB roottime=522.280s load=1.00 rootload=1.00
ramon: poll                 wall=08m44.000s usage=08m43.930s user=08m43.279s sys=00.651s mem=578MiB roottime=523.280s load=1.00 rootload=1.00
ramon: poll                 wall=08m45.000s usage=08m44.930s user=08m44.279s sys=00.651s mem=578MiB roottime=524.280s load=1.00 rootload=1.00
ramon: poll                 wall=08m46.000s usage=08m45.930s user=08m45.279s sys=00.651s mem=578MiB roottime=525.280s load=1.00 rootload=1.00
ramon: poll                 wall=08m47.000s usage=08m46.930s user=08m46.279s sys=00.651s mem=579MiB roottime=526.270s load=1.00 rootload=0.99
ramon: poll                 wall=08m48.000s usage=08m47.930s user=08m47.279s sys=00.651s mem=579MiB roottime=527.270s load=1.00 rootload=1.00
ramon: poll                 wall=08m49.000s usage=08m48.930s user=08m48.279s sys=00.651s mem=579MiB roottime=528.270s load=1.00 rootload=1.00
ramon: poll                 wall=08m50.000s usage=08m49.930s user=08m49.278s sys=00.652s mem=579MiB roottime=529.270s load=1.00 rootload=1.00
ramon: poll                 wall=08m51.000s usage=08m50.930s user=08m50.278s sys=00.652s mem=579MiB roottime=530.270s load=1.00 rootload=1.00
ramon: poll                 wall=08m52.000s usage=08m51.929s user=08m51.277s sys=00.652s mem=579MiB roottime=531.270s load=1.00 rootload=1.00
ramon: poll                 wall=08m53.000s usage=08m52.929s user=08m52.276s sys=00.653s mem=579MiB roottime=532.270s load=1.00 rootload=1.00
ramon: poll                 wall=08m54.000s usage=08m53.929s user=08m53.275s sys=00.654s mem=579MiB roottime=533.270s load=1.00 rootload=1.00
ramon: poll                 wall=08m55.000s usage=08m54.929s user=08m54.275s sys=00.654s mem=580MiB roottime=534.270s load=1.00 rootload=1.00
ramon: poll                 wall=08m56.000s usage=08m55.929s user=08m55.275s sys=00.654s mem=580MiB roottime=535.270s load=1.00 rootload=1.00
ramon: poll                 wall=08m57.000s usage=08m56.929s user=08m56.275s sys=00.654s mem=580MiB roottime=536.270s load=1.00 rootload=1.00
ramon: poll                 wall=08m58.000s usage=08m57.929s user=08m57.274s sys=00.655s mem=580MiB roottime=537.270s load=1.00 rootload=1.00
ramon: poll                 wall=08m59.000s usage=08m58.929s user=08m58.274s sys=00.655s mem=580MiB roottime=538.270s load=1.00 rootload=1.00
ramon: poll                 wall=09m00.000s usage=08m59.928s user=08m59.273s sys=00.655s mem=580MiB roottime=539.270s load=1.00 rootload=1.00
ramon: poll                 wall=09m01.000s usage=09m00.928s user=09m00.273s sys=00.655s mem=580MiB roottime=540.270s load=1.00 rootload=1.00
ramon: poll                 wall=09m02.000s usage=09m01.928s user=09m01.273s sys=00.655s mem=580MiB roottime=541.270s load=1.00 rootload=1.00
ramon: poll                 wall=09m03.000s usage=09m02.928s user=09m02.273s sys=00.655s mem=580MiB roottime=542.270s load=1.00 rootload=1.00
ramon: poll                 wall=09m04.000s usage=09m03.928s user=09m03.273s sys=00.655s mem=580MiB roottime=543.270s load=1.00 rootload=1.00
ramon: poll                 wall=09m05.000s usage=09m04.928s user=09m04.273s sys=00.655s mem=580MiB roottime=544.270s load=1.00 rootload=1.00
ramon: poll                 wall=09m06.000s usage=09m05.928s user=09m05.273s sys=00.655s mem=580MiB roottime=545.270s load=1.00 rootload=1.00
ramon: poll                 wall=09m07.000s usage=09m06.927s user=09m06.273s sys=00.655s mem=580MiB roottime=546.270s load=1.00 rootload=1.00
ramon: poll                 wall=09m08.000s usage=09m07.927s user=09m07.272s sys=00.655s mem=580MiB roottime=547.270s load=1.00 rootload=1.00
ramon: poll                 wall=09m09.000s usage=09m08.927s user=09m08.272s sys=00.655s mem=580MiB roottime=548.270s load=1.00 rootload=1.00
ramon: poll                 wall=09m10.000s usage=09m09.927s user=09m09.272s sys=00.655s mem=580MiB roottime=549.270s load=1.00 rootload=1.00
ramon: poll                 wall=09m11.000s usage=09m10.927s user=09m10.272s sys=00.655s mem=580MiB roottime=550.270s load=1.00 rootload=1.00
ramon: poll                 wall=09m12.000s usage=09m11.927s user=09m11.272s sys=00.655s mem=580MiB roottime=551.270s load=1.00 rootload=1.00
ramon: poll                 wall=09m13.000s usage=09m12.927s user=09m12.272s sys=00.655s mem=580MiB roottime=552.270s load=1.00 rootload=1.00
ramon: poll                 wall=09m14.000s usage=09m13.927s user=09m13.272s sys=00.655s mem=580MiB roottime=553.270s load=1.00 rootload=1.00
ramon: poll                 wall=09m15.000s usage=09m14.927s user=09m14.272s sys=00.655s mem=580MiB roottime=554.270s load=1.00 rootload=1.00
ramon: poll                 wall=09m16.000s usage=09m15.926s user=09m15.271s sys=00.655s mem=580MiB roottime=555.270s load=1.00 rootload=1.00
ramon: poll                 wall=09m17.000s usage=09m16.926s user=09m16.271s sys=00.655s mem=580MiB roottime=556.270s load=1.00 rootload=1.00
ramon: poll                 wall=09m18.000s usage=09m17.926s user=09m17.271s sys=00.655s mem=580MiB roottime=557.270s load=1.00 rootload=1.00
ramon: poll                 wall=09m19.000s usage=09m18.926s user=09m18.271s sys=00.655s mem=580MiB roottime=558.270s load=1.00 rootload=1.00
ramon: poll                 wall=09m20.000s usage=09m19.926s user=09m19.271s sys=00.655s mem=580MiB roottime=559.270s load=1.00 rootload=1.00
ramon: poll                 wall=09m21.000s usage=09m20.926s user=09m20.271s sys=00.655s mem=580MiB roottime=560.270s load=1.00 rootload=1.00
ramon: poll                 wall=09m22.000s usage=09m21.926s user=09m21.271s sys=00.655s mem=580MiB roottime=561.270s load=1.00 rootload=1.00
ramon: poll                 wall=09m23.000s usage=09m22.926s user=09m22.271s sys=00.655s mem=580MiB roottime=562.270s load=1.00 rootload=1.00
ramon: poll                 wall=09m24.000s usage=09m23.926s user=09m23.271s sys=00.655s mem=580MiB roottime=563.270s load=1.00 rootload=1.00
ramon: poll                 wall=09m25.000s usage=09m24.925s user=09m24.271s sys=00.655s mem=580MiB roottime=564.270s load=1.00 rootload=1.00
ramon: poll                 wall=09m26.000s usage=09m25.925s user=09m25.269s sys=00.656s mem=581MiB roottime=565.270s load=1.00 rootload=1.00
ramon: poll                 wall=09m27.000s usage=09m26.925s user=09m26.269s sys=00.656s mem=581MiB roottime=566.270s load=1.00 rootload=1.00
ramon: poll                 wall=09m28.000s usage=09m27.925s user=09m27.269s sys=00.656s mem=581MiB roottime=567.270s load=1.00 rootload=1.00
ramon: poll                 wall=09m29.000s usage=09m28.925s user=09m28.269s sys=00.656s mem=581MiB roottime=568.270s load=1.00 rootload=1.00
ramon: poll                 wall=09m30.000s usage=09m29.925s user=09m29.269s sys=00.656s mem=581MiB roottime=569.260s load=1.00 rootload=0.99
ramon: poll                 wall=09m31.000s usage=09m30.925s user=09m30.268s sys=00.657s mem=581MiB roottime=570.260s load=1.00 rootload=1.00
ramon: poll                 wall=09m32.000s usage=09m31.924s user=09m31.267s sys=00.657s mem=581MiB roottime=571.260s load=1.00 rootload=1.00
ramon: poll                 wall=09m33.000s usage=09m32.924s user=09m32.267s sys=00.657s mem=581MiB roottime=572.260s load=1.00 rootload=1.00
ramon: poll                 wall=09m34.000s usage=09m33.924s user=09m33.267s sys=00.657s mem=581MiB roottime=573.260s load=1.00 rootload=1.00
ramon: poll                 wall=09m35.000s usage=09m34.924s user=09m34.267s sys=00.657s mem=581MiB roottime=574.260s load=1.00 rootload=1.00
ramon: poll                 wall=09m36.000s usage=09m35.924s user=09m35.267s sys=00.657s mem=581MiB roottime=575.260s load=1.00 rootload=1.00
ramon: poll                 wall=09m37.000s usage=09m36.924s user=09m36.267s sys=00.657s mem=581MiB roottime=576.260s load=1.00 rootload=1.00
ramon: poll                 wall=09m38.000s usage=09m37.924s user=09m37.266s sys=00.658s mem=581MiB roottime=577.260s load=1.00 rootload=1.00
ramon: poll                 wall=09m39.000s usage=09m38.924s user=09m38.266s sys=00.658s mem=582MiB roottime=578.260s load=1.00 rootload=1.00
ramon: poll                 wall=09m40.000s usage=09m39.923s user=09m39.265s sys=00.658s mem=582MiB roottime=579.260s load=1.00 rootload=1.00
ramon: poll                 wall=09m41.000s usage=09m40.923s user=09m40.263s sys=00.660s mem=582MiB roottime=580.260s load=1.00 rootload=1.00
ramon: poll                 wall=09m42.000s usage=09m41.923s user=09m41.263s sys=00.660s mem=582MiB roottime=581.260s load=1.00 rootload=1.00
ramon: poll                 wall=09m43.000s usage=09m42.923s user=09m42.263s sys=00.660s mem=582MiB roottime=582.260s load=1.00 rootload=1.00
ramon: poll                 wall=09m44.000s usage=09m43.923s user=09m43.263s sys=00.660s mem=582MiB roottime=583.260s load=1.00 rootload=1.00
ramon: poll                 wall=09m45.000s usage=09m44.923s user=09m44.263s sys=00.660s mem=582MiB roottime=584.260s load=1.00 rootload=1.00
ramon: poll                 wall=09m46.000s usage=09m45.922s user=09m45.262s sys=00.660s mem=582MiB roottime=585.260s load=1.00 rootload=1.00
ramon: poll                 wall=09m47.000s usage=09m46.922s user=09m46.262s sys=00.660s mem=582MiB roottime=586.260s load=1.00 rootload=1.00
ramon: poll                 wall=09m48.000s usage=09m47.922s user=09m47.262s sys=00.660s mem=582MiB roottime=587.260s load=1.00 rootload=1.00
ramon: poll                 wall=09m49.000s usage=09m48.922s user=09m48.261s sys=00.661s mem=583MiB roottime=588.260s load=1.00 rootload=1.00
ramon: poll                 wall=09m50.000s usage=09m49.922s user=09m49.261s sys=00.661s mem=583MiB roottime=589.260s load=1.00 rootload=1.00
ramon: poll                 wall=09m51.000s usage=09m50.922s user=09m50.261s sys=00.661s mem=583MiB roottime=590.260s load=1.00 rootload=1.00
ramon: poll                 wall=09m52.000s usage=09m51.922s user=09m51.261s sys=00.661s mem=583MiB roottime=591.260s load=1.00 rootload=1.00
ramon: poll                 wall=09m53.000s usage=09m52.921s user=09m52.260s sys=00.661s mem=583MiB roottime=592.260s load=1.00 rootload=1.00
ramon: poll                 wall=09m54.000s usage=09m53.921s user=09m53.260s sys=00.661s mem=583MiB roottime=593.260s load=1.00 rootload=1.00
ramon: poll                 wall=09m55.000s usage=09m54.921s user=09m54.260s sys=00.661s mem=583MiB roottime=594.260s load=1.00 rootload=1.00
ramon: poll                 wall=09m56.000s usage=09m55.921s user=09m55.260s sys=00.661s mem=583MiB roottime=595.260s load=1.00 rootload=1.00
ramon: poll                 wall=09m57.000s usage=09m56.921s user=09m56.260s sys=00.661s mem=583MiB roottime=596.260s load=1.00 rootload=1.00
ramon: poll                 wall=09m58.000s usage=09m57.921s user=09m57.260s sys=00.661s mem=583MiB roottime=597.260s load=1.00 rootload=1.00
ramon: poll                 wall=09m59.000s usage=09m58.921s user=09m58.260s sys=00.661s mem=583MiB roottime=598.260s load=1.00 rootload=1.00
ramon: poll                 wall=10m00.000s usage=09m59.920s user=09m59.260s sys=00.661s mem=583MiB roottime=599.260s load=1.00 rootload=1.00
ramon: end                  Sun Feb  9 11:54:39 2025
ramon: root.execname        z3
ramon: root.utime           599.280s
ramon: root.stime           0.720s
ramon: group.total          600.012s
ramon: group.utime          599.287s
ramon: group.stime          0.725s
ramon: group.mempeak        583MiB
ramon: group.pidpeak        2
ramon: status               exited
ramon: exitcode             0
ramon: walltime             600.091s
ramon: loadavg              1.00
