sat
(:bv-ackerman                    2
 :bv-bit2eq                      4
 :euf-final-check                2
 :euf-merge                      132
 :euf-propagations-theory-diseqs 2
 :euf-propagations-theory-eqs    130
 :max-memory                     19.00
 :memory                         17.45
 :num-allocs                     413781
 :rlimit-count                   6258
 :sat-backjumps                  1
 :sat-conflicts                  1
 :sat-decisions                  34
 :sat-minimized-lits             1
 :sat-mk-clause-2ary             1058
 :sat-mk-clause-nary             2758
 :sat-mk-var                     1018
 :sat-propagations-2ary          584
 :sat-propagations-nary          702
 :sat-units                      2
 :simplifier-steps               23
 :time                           0.00
 :total-time                     0.01)
