unsat
(:added-eqs                       307310
 :arith-eq-adapter                3868
 :arith-bound-propagations-lp     38670
 :arith-branch                    2
 :arith-conflicts                 2438
 :arith-diseq                     38517
 :arith-fixed-eqs                 27824
 :arith-grobner-calls             153
 :arith-grobner-conflicts         94
 :arith-horner-calls              40
 :arith-horner-conflicts          5
 :arith-horner-cross-nested-forms 31374
 :arith-lower                     115919
 :arith-make-feasible             62660
 :arith-max-columns               9651
 :arith-max-rows                  3663
 :arith-nla-add-bounds            62
 :arith-nla-lemmas                1007
 :arith-nla-propagate-bounds      1155
 :arith-nla-propagate-eq          63451
 :arith-nra-calls                 24
 :arith-offset-eqs                22151
 :arith-patches                   85
 :arith-patches-success           83
 :arith-upper                     213614
 :binary-propagations             554726
 :cnf-encoding-aux-vars           540
 :conflicts                       454
 :decisions                       451793
 :del-clause                      3703
 :elim-unconstrained              2747
 :final-checks                    322
 :max-memory                      159.48
 :memory                          108.36
 :minimized-lits                  103
 :mk-bool-var                     23834
 :mk-clause                       7528
 :mk-clause-binary                155824
 :nlsat-conflicts                 32492
 :nlsat-decisions                 1162711
 :nlsat-propagations              2374790
 :nlsat-restarts                  1
 :nlsat-stages                    269766
 :num-allocs                      17297156095.00
 :num-checks                      2
 :propagations                    603385
 :restarts                        3
 :rlimit-count                    17149680
 :solve-eqs-elim-vars             765
 :solve-eqs-steps                 5893
 :time                            28.62
 :total-time                      28.60)
