unsat
(:added-eqs                       1606375
 :arith-eq-adapter                2106
 :arith-bound-propagations-lp     201422
 :arith-branch                    1
 :arith-conflicts                 13705
 :arith-diseq                     237000
 :arith-fixed-eqs                 218271
 :arith-grobner-calls             382
 :arith-grobner-conflicts         277
 :arith-horner-calls              79
 :arith-horner-conflicts          3
 :arith-horner-cross-nested-forms 58668
 :arith-lower                     550205
 :arith-make-feasible             367706
 :arith-max-columns               4956
 :arith-max-rows                  1874
 :arith-nla-add-bounds            287
 :arith-nla-lemmas                438
 :arith-nla-propagate-bounds      11858
 :arith-nla-propagate-eq          275186
 :arith-nra-calls                 51
 :arith-offset-eqs                221954
 :arith-patches                   496
 :arith-patches-success           495
 :arith-upper                     912571
 :binary-propagations             2132823
 :cnf-encoding-aux-vars           642
 :conflicts                       3371
 :decisions                       1114767
 :del-clause                      1557
 :elim-unconstrained              605
 :final-checks                    1509
 :max-memory                      133.85
 :memory                          105.75
 :minimized-lits                  1057
 :mk-bool-var                     24017
 :mk-clause                       7095
 :mk-clause-binary                44486
 :nlsat-conflicts                 41303
 :nlsat-decisions                 1219976
 :nlsat-propagations              4012470
 :nlsat-restarts                  1
 :nlsat-stages                    492697
 :num-allocs                      47638709402.00
 :num-checks                      2
 :propagations                    2582213
 :restarts                        27
 :rlimit-count                    35741238
 :solve-eqs-elim-vars             307
 :solve-eqs-steps                 1963
 :time                            69.29
 :total-time                      69.22)
