ramon: cwd                  /home/gh1/A/_work/z3-poly-testing/z3-poly-testing
ramon: start                Thu Sep  5 12:22:16 2024
ramon: nproc                32
ramon: sys.mem              63442 MiB
ramon: sys.mem.free         19500 MiB
ramon: sys.mem.avail        62276 MiB
ramon: sys.nprocs           1537
ramon: argv                 0 = z3
ramon: argv                 1 = inputs/QF_BV_SAT/innfeed_innfeed_vc36443.smt2
ramon: argv                 2 = -T:3
ramon: argv                 3 = -v:2
ramon: argv                 4 = -st
ramon: argv                 5 = tactic.default_tactic=(then simplify propagate-values solve-eqs simplify sls-smt)
ramon: childpid             2415884
UNITS -0 -54 -71 45 75 -80 -102 -113 -120 -125 -133 -140 220
on-model 
(sat.ddfw :unsat :models :kflips/sec  :flips  :restarts  :reinits  :unsat_vars  :shifts)
(sat.ddfw       0      1   298.061      9836         3          0            0      271)
ramon: end                  Thu Sep  5 12:22:16 2024
ramon: root.execname        z3
ramon: root.utime           0.030s
ramon: root.stime           0.000s
ramon: group.total          0.041s
ramon: group.utime          0.038s
ramon: group.stime          0.004s
ramon: group.mempeak        19160KiB
ramon: group.pidpeak        2
ramon: status               exited
ramon: exitcode             0
ramon: walltime             0.044s
ramon: loadavg              0.95
