sat
(:added-eqs                       54
 :arith-eq-adapter                22
 :arith-bound-propagations-lp     2
 :arith-conflicts                 10
 :arith-diseq                     6
 :arith-fixed-eqs                 2
 :arith-grobner-calls             5
 :arith-grobner-conflicts         1
 :arith-horner-cross-nested-forms 158
 :arith-lower                     25
 :arith-make-feasible             25
 :arith-max-columns               190
 :arith-max-rows                  56
 :arith-nla-add-bounds            4
 :arith-nla-lemmas                7
 :arith-nla-propagate-bounds      3
 :arith-nla-propagate-eq          30
 :arith-nra-calls                 1
 :arith-offset-eqs                4
 :arith-upper                     40
 :binary-propagations             51
 :decisions                       75
 :del-clause                      2
 :elim-unconstrained              3
 :final-checks                    9
 :max-memory                      91.71
 :memory                          54.87
 :mk-bool-var                     171
 :mk-clause                       43
 :mk-clause-binary                438
 :nlsat-conflicts                 101
 :nlsat-decisions                 11
 :nlsat-propagations              769
 :nlsat-stages                    472
 :num-allocs                      324890743
 :num-checks                      1
 :propagations                    60
 :rlimit-count                    878813
 :sat-backjumps                   501
 :sat-conflicts                   501
 :sat-decisions                   3489
 :sat-del-clause                  44906
 :sat-elim-bool-vars-res          8380
 :sat-elim-clauses                319
 :sat-elim-literals               1135
 :sat-minimized-lits              1399
 :sat-mk-clause-2ary              26862
 :sat-mk-clause-3ary              11258
 :sat-mk-clause-nary              71383
 :sat-mk-var                      17655
 :sat-probing-assigned            48
 :sat-propagations-2ary           214910
 :sat-propagations-nary           181587
 :sat-restarts                    32
 :sat-scc-elim-binary             82
 :sat-scc-elim-vars               39
 :sat-subs-resolution             762
 :sat-subs-resolution-dyn         53
 :sat-subsumed                    9280
 :sat-units                       121
 :sls-arith-moves                 2083
 :sls-ddfw-flips                  279.00
 :sls-ddfw-shifts                 1.00
 :sls-num-guided-search           2
 :sls-repair-down                 82
 :sls-repair-up                   133
 :time                            0.37
 :total-time                      0.37)
