sat
(:added-eqs                   47754188
 :arith-eq-adapter            18382
 :arith-bound-propagations-lp 620373
 :arith-conflicts             2289
 :arith-diseq                 962685
 :arith-fixed-eqs             849747
 :arith-lower                 1367050
 :arith-make-feasible         476399
 :arith-max-columns           4829
 :arith-max-rows              3041
 :arith-offset-eqs            345355
 :arith-upper                 1571722
 :binary-propagations         100682312
 :conflicts                   241530
 :decisions                   17419464
 :del-clause                  256322
 :elim-unconstrained          2
 :final-checks                1
 :max-memory                  97.22
 :memory                      39.90
 :minimized-lits              2544722
 :mk-bool-var                 69212
 :mk-clause                   270215
 :mk-clause-binary            34757
 :num-allocs                  7658088338.00
 :num-checks                  1
 :propagations                143607541
 :restarts                    620
 :rlimit-count                451442189
 :time                        156.65
 :total-time                  156.69)
