ramon: cwd                  /home/runner/a/_work/z3-poly-testing/z3-poly-testing
ramon: start                Thu Mar 20 10:57:54 2025
ramon: nproc                128
ramon: sys.mem              64150 MiB
ramon: sys.mem.free         40526 MiB
ramon: sys.mem.avail        64069 MiB
ramon: sys.nprocs           3592
ramon: argv                 0 = z3
ramon: argv                 1 = /home/runner/a/_work/z3-poly-testing/z3-poly-testing/download/non-incremental/QF_LIA/nec-smt/large/checkpass_pwd/prp-35-34.smt2
ramon: argv                 2 = -T:600
ramon: argv                 3 = -st
ramon: argv                 4 = smt.arith.lp.dio_eqs=true
ramon: childpid             2382138
ramon: poll                 wall=01.003s usage=00.956s user=00.882s sys=00.074s mem=22608KiB roottime=0.880s load=0.95 rootload=0.88
ramon: poll                 wall=02.003s usage=01.925s user=01.813s sys=00.112s mem=33988KiB roottime=1.810s load=0.97 rootload=0.93
ramon: poll                 wall=03.003s usage=02.915s user=02.798s sys=00.117s mem=34688KiB roottime=2.790s load=0.99 rootload=0.98
ramon: poll                 wall=04.002s usage=03.905s user=03.778s sys=00.126s mem=35212KiB roottime=3.770s load=0.99 rootload=0.98
ramon: poll                 wall=05.003s usage=04.898s user=04.770s sys=00.128s mem=35412KiB roottime=4.770s load=0.99 rootload=1.00
ramon: poll                 wall=06.012s usage=05.899s user=05.767s sys=00.132s mem=35872KiB roottime=5.760s load=0.99 rootload=0.98
ramon: poll                 wall=07.002s usage=06.881s user=06.747s sys=00.134s mem=35992KiB roottime=6.740s load=0.99 rootload=0.99
ramon: poll                 wall=08.000s usage=07.873s user=07.737s sys=00.136s mem=36420KiB roottime=7.730s load=0.99 rootload=0.99
ramon: poll                 wall=09.001s usage=08.868s user=08.731s sys=00.137s mem=36496KiB roottime=8.730s load=0.99 rootload=1.00
ramon: poll                 wall=10.003s usage=09.864s user=09.721s sys=00.143s mem=36764KiB roottime=9.720s load=0.99 rootload=0.99
ramon: poll                 wall=11.000s usage=10.856s user=10.710s sys=00.147s mem=37204KiB roottime=10.700s load=0.99 rootload=0.98
ramon: poll                 wall=12.000s usage=11.853s user=11.703s sys=00.150s mem=37316KiB roottime=11.700s load=1.00 rootload=1.00
ramon: poll                 wall=13.000s usage=12.849s user=12.698s sys=00.151s mem=37280KiB roottime=12.690s load=1.00 rootload=0.99
ramon: poll                 wall=14.003s usage=13.848s user=13.696s sys=00.153s mem=37764KiB roottime=13.690s load=1.00 rootload=1.00
ramon: poll                 wall=15.004s usage=14.846s user=14.690s sys=00.156s mem=37792KiB roottime=14.680s load=1.00 rootload=0.99
ramon: poll                 wall=16.005s usage=15.843s user=15.685s sys=00.158s mem=38016KiB roottime=15.680s load=1.00 rootload=1.00
ramon: end                  Thu Mar 20 10:58:10 2025
ramon: root.execname        z3
ramon: root.utime           16.460s
ramon: root.stime           0.180s
ramon: group.total          16.653s
ramon: group.utime          16.467s
ramon: group.stime          0.186s
ramon: group.mempeak        39516KiB
ramon: group.pidpeak        2
ramon: status               exited
ramon: exitcode             0
ramon: walltime             16.820s
ramon: loadavg              0.99
