ramon: cwd                  /home/runner/a/_work/z3-poly-testing/z3-poly-testing
ramon: start                Sun Sep  8 13:34:28 2024
ramon: nproc                128
ramon: sys.mem              64150 MiB
ramon: sys.mem.free         49534 MiB
ramon: sys.mem.avail        63658 MiB
ramon: sys.nprocs           2078
ramon: argv                 0 = z3
ramon: argv                 1 = inputs/QF_UF_SAT/QF_UF_extinction.4.prop1_ab_cti_max.smt2
ramon: argv                 2 = -T:20
ramon: argv                 3 = -v:2
ramon: argv                 4 = model_validate=true
ramon: argv                 5 = -st
ramon: argv                 6 = tactic.default_tactic=(then simplify propagate-values solve-eqs simplify sls-smt)
ramon: childpid             659587
(sat.ddfw :unsat :models :kflips/sec  :flips  :restarts  :reinits  :unsat_vars  :shifts)
(sat.ddfw       9     53   357.143     10000         0          0           22      578)
(sat.ddfw       2    654   222.222     20000         0          1            5     3473)
UNITS 0 1 2 3 11 19 27 565 619 673 727 1878 1898 1946 1994 2042 2091 2158 2225 2293 -2342 1879 1902 1950 1998 2046 2097 2164 2231 2299
ramon: poll                 wall=01.000s usage=00.999s user=00.799s sys=00.201s mem=24328KiB roottime=0.790s load=1.00 rootload=0.79
ramon: poll                 wall=02.000s usage=01.998s user=01.561s sys=00.438s mem=24436KiB roottime=1.560s load=1.00 rootload=0.77
ramon: poll                 wall=03.000s usage=02.998s user=02.332s sys=00.666s mem=24848KiB roottime=2.330s load=1.00 rootload=0.77
ramon: poll                 wall=04.000s usage=03.998s user=03.096s sys=00.902s mem=24796KiB roottime=3.090s load=1.00 rootload=0.76
ramon: poll                 wall=05.000s usage=04.997s user=03.877s sys=01.120s mem=24856KiB roottime=3.870s load=1.00 rootload=0.78
ramon: poll                 wall=06.000s usage=05.996s user=04.665s sys=01.331s mem=24344KiB roottime=4.660s load=1.00 rootload=0.79
ramon: poll                 wall=07.000s usage=06.996s user=05.446s sys=01.550s mem=24664KiB roottime=5.440s load=1.00 rootload=0.78
ramon: poll                 wall=08.000s usage=07.996s user=06.194s sys=01.801s mem=24292KiB roottime=6.190s load=1.00 rootload=0.75
ramon: poll                 wall=09.000s usage=08.997s user=06.966s sys=02.030s mem=24336KiB roottime=6.960s load=1.00 rootload=0.77
ramon: poll                 wall=10.000s usage=09.995s user=07.749s sys=02.246s mem=24420KiB roottime=7.750s load=1.00 rootload=0.79
ramon: poll                 wall=11.000s usage=10.995s user=08.517s sys=02.478s mem=24724KiB roottime=8.510s load=1.00 rootload=0.76
ramon: poll                 wall=12.000s usage=11.995s user=09.286s sys=02.709s mem=24440KiB roottime=9.280s load=1.00 rootload=0.77
ramon: poll                 wall=13.000s usage=12.995s user=10.081s sys=02.914s mem=24672KiB roottime=10.080s load=1.00 rootload=0.80
ramon: poll                 wall=14.000s usage=13.995s user=10.834s sys=03.161s mem=24248KiB roottime=10.830s load=1.00 rootload=0.75
ramon: poll                 wall=15.000s usage=14.995s user=11.622s sys=03.373s mem=24512KiB roottime=11.620s load=1.00 rootload=0.79
ramon: poll                 wall=16.000s usage=15.995s user=12.402s sys=03.593s mem=24436KiB roottime=12.400s load=1.00 rootload=0.78
ramon: poll                 wall=17.000s usage=16.995s user=13.197s sys=03.798s mem=24820KiB roottime=13.190s load=1.00 rootload=0.79
ramon: poll                 wall=18.000s usage=17.994s user=13.939s sys=04.055s mem=24644KiB roottime=13.940s load=1.00 rootload=0.75
ramon: poll                 wall=19.000s usage=18.994s user=14.710s sys=04.284s mem=24832KiB roottime=14.710s load=1.00 rootload=0.77
ramon: poll                 wall=20.000s usage=19.994s user=15.450s sys=04.544s mem=24780KiB roottime=15.450s load=1.00 rootload=0.74
ramon: end                  Sun Sep  8 13:34:48 2024
ramon: root.execname        z3
ramon: root.utime           15.450s
ramon: root.stime           4.540s
ramon: group.total          20.002s
ramon: group.utime          15.454s
ramon: group.stime          4.548s
ramon: group.mempeak        25056KiB
ramon: group.pidpeak        2
ramon: status               exited
ramon: exitcode             0
ramon: walltime             20.007s
ramon: loadavg              1.00
