ramon: cwd                  /home/runner/a/_work/z3-poly-testing/z3-poly-testing
ramon: start                Fri Apr 18 12:16:16 2025
ramon: nproc                128
ramon: sys.mem              64150 MiB
ramon: sys.mem.free         31233 MiB
ramon: sys.mem.avail        63049 MiB
ramon: sys.nprocs           3235
ramon: argv                 0 = z3
ramon: argv                 1 = /home/runner/a/_work/z3-poly-testing/z3-poly-testing/download/non-incremental/QF_LIA/nec-smt/large/getoption_user/prp-46-48.smt2
ramon: argv                 2 = -T:600
ramon: argv                 3 = -st
ramon: argv                 4 = lp.dio=true
ramon: argv                 5 = smt.random_seed=589
ramon: childpid             3712093
ramon: poll                 wall=01.019s usage=00.991s user=00.916s sys=00.075s mem=23088KiB roottime=0.910s load=0.97 rootload=0.89
ramon: poll                 wall=02.021s usage=01.987s user=01.906s sys=00.081s mem=24380KiB roottime=1.900s load=0.99 rootload=0.99
ramon: poll                 wall=03.003s usage=02.966s user=02.882s sys=00.084s mem=25264KiB roottime=2.880s load=1.00 rootload=1.00
ramon: poll                 wall=04.000s usage=03.961s user=03.875s sys=00.087s mem=25716KiB roottime=3.870s load=1.00 rootload=0.99
ramon: poll                 wall=05.000s usage=04.959s user=04.867s sys=00.092s mem=26048KiB roottime=4.860s load=1.00 rootload=0.99
ramon: poll                 wall=06.003s usage=05.959s user=05.863s sys=00.096s mem=26440KiB roottime=5.860s load=1.00 rootload=1.00
ramon: poll                 wall=07.000s usage=06.953s user=06.856s sys=00.098s mem=26432KiB roottime=6.850s load=1.00 rootload=0.99
ramon: poll                 wall=08.002s usage=07.954s user=07.854s sys=00.100s mem=26888KiB roottime=7.850s load=1.00 rootload=1.00
ramon: poll                 wall=09.004s usage=08.953s user=08.852s sys=00.101s mem=26948KiB roottime=8.850s load=1.00 rootload=1.00
ramon: poll                 wall=10.000s usage=09.947s user=09.845s sys=00.102s mem=27200KiB roottime=9.840s load=1.00 rootload=0.99
ramon: poll                 wall=11.004s usage=10.948s user=10.846s sys=00.103s mem=27220KiB roottime=10.840s load=1.00 rootload=1.00
ramon: poll                 wall=12.000s usage=11.943s user=11.838s sys=00.105s mem=27424KiB roottime=11.830s load=1.00 rootload=0.99
ramon: poll                 wall=13.013s usage=12.954s user=12.850s sys=00.105s mem=27288KiB roottime=12.840s load=1.00 rootload=1.00
ramon: poll                 wall=14.015s usage=13.955s user=13.850s sys=00.105s mem=27448KiB roottime=13.850s load=1.00 rootload=1.01
ramon: poll                 wall=15.004s usage=14.944s user=14.834s sys=00.110s mem=27704KiB roottime=14.830s load=1.00 rootload=0.99
ramon: poll                 wall=16.000s usage=15.940s user=15.830s sys=00.110s mem=27704KiB roottime=15.830s load=1.00 rootload=1.00
ramon: poll                 wall=17.006s usage=16.945s user=16.832s sys=00.113s mem=27960KiB roottime=16.830s load=1.00 rootload=0.99
ramon: poll                 wall=18.000s usage=17.939s user=17.822s sys=00.117s mem=27960KiB roottime=17.820s load=1.00 rootload=1.00
ramon: poll                 wall=19.000s usage=18.939s user=18.822s sys=00.117s mem=27960KiB roottime=18.820s load=1.00 rootload=1.00
ramon: poll                 wall=20.002s usage=19.941s user=19.823s sys=00.118s mem=28216KiB roottime=19.820s load=1.00 rootload=1.00
ramon: poll                 wall=21.000s usage=20.938s user=20.818s sys=00.120s mem=28216KiB roottime=20.810s load=1.00 rootload=0.99
ramon: poll                 wall=22.004s usage=21.942s user=21.821s sys=00.121s mem=28472KiB roottime=21.820s load=1.00 rootload=1.01
ramon: poll                 wall=23.012s usage=22.950s user=22.829s sys=00.121s mem=28472KiB roottime=22.820s load=1.00 rootload=0.99
ramon: poll                 wall=24.005s usage=23.943s user=23.822s sys=00.121s mem=28472KiB roottime=23.820s load=1.00 rootload=1.01
ramon: poll                 wall=25.000s usage=24.937s user=24.813s sys=00.125s mem=28728KiB roottime=24.810s load=1.00 rootload=0.99
ramon: poll                 wall=26.005s usage=25.942s user=25.817s sys=00.125s mem=28728KiB roottime=25.810s load=1.00 rootload=1.00
ramon: poll                 wall=27.004s usage=26.941s user=26.816s sys=00.125s mem=28728KiB roottime=26.810s load=1.00 rootload=1.00
ramon: poll                 wall=28.016s usage=27.953s user=27.828s sys=00.125s mem=28728KiB roottime=27.820s load=1.00 rootload=1.00
ramon: poll                 wall=29.005s usage=28.942s user=28.817s sys=00.125s mem=28984KiB roottime=28.810s load=1.00 rootload=1.00
ramon: poll                 wall=30.000s usage=29.935s user=29.810s sys=00.125s mem=28984KiB roottime=29.810s load=1.00 rootload=1.00
ramon: poll                 wall=31.000s usage=30.933s user=30.806s sys=00.127s mem=28984KiB roottime=30.800s load=1.00 rootload=0.99
ramon: poll                 wall=32.010s usage=31.941s user=31.813s sys=00.128s mem=28984KiB roottime=31.810s load=1.00 rootload=1.00
ramon: poll                 wall=33.013s usage=32.942s user=32.814s sys=00.128s mem=28984KiB roottime=32.810s load=1.00 rootload=1.00
ramon: poll                 wall=34.004s usage=33.931s user=33.803s sys=00.128s mem=28984KiB roottime=33.800s load=1.00 rootload=1.00
ramon: poll                 wall=35.000s usage=34.927s user=34.799s sys=00.128s mem=29240KiB roottime=34.790s load=1.00 rootload=0.99
ramon: poll                 wall=36.007s usage=35.933s user=35.806s sys=00.128s mem=29240KiB roottime=35.800s load=1.00 rootload=1.00
ramon: poll                 wall=37.011s usage=36.937s user=36.801s sys=00.136s mem=30264KiB roottime=36.800s load=1.00 rootload=1.00
ramon: poll                 wall=38.000s usage=37.926s user=37.785s sys=00.141s mem=31032KiB roottime=37.780s load=1.00 rootload=0.99
ramon: poll                 wall=39.000s usage=38.926s user=38.781s sys=00.145s mem=31544KiB roottime=38.780s load=1.00 rootload=1.00
ramon: poll                 wall=40.000s usage=39.925s user=39.779s sys=00.147s mem=32056KiB roottime=39.770s load=1.00 rootload=0.99
ramon: poll                 wall=41.010s usage=40.935s user=40.747s sys=00.188s mem=40864KiB roottime=40.740s load=1.00 rootload=0.96
ramon: poll                 wall=42.011s usage=41.936s user=41.746s sys=00.190s mem=41120KiB roottime=41.740s load=1.00 rootload=1.00
ramon: poll                 wall=43.005s usage=42.930s user=42.738s sys=00.192s mem=41376KiB roottime=42.730s load=1.00 rootload=1.00
ramon: poll                 wall=44.005s usage=43.930s user=43.735s sys=00.195s mem=41632KiB roottime=43.730s load=1.00 rootload=1.00
ramon: poll                 wall=45.003s usage=44.927s user=44.731s sys=00.196s mem=41888KiB roottime=44.730s load=1.00 rootload=1.00
ramon: poll                 wall=46.001s usage=45.923s user=45.725s sys=00.198s mem=42656KiB roottime=45.720s load=1.00 rootload=0.99
ramon: poll                 wall=47.000s usage=46.918s user=46.719s sys=00.199s mem=42656KiB roottime=46.710s load=1.00 rootload=0.99
ramon: poll                 wall=48.000s usage=47.913s user=47.714s sys=00.200s mem=42912KiB roottime=47.710s load=1.00 rootload=1.00
ramon: poll                 wall=49.000s usage=48.909s user=48.706s sys=00.203s mem=42856KiB roottime=48.700s load=1.00 rootload=0.99
ramon: poll                 wall=50.000s usage=49.905s user=49.699s sys=00.206s mem=42976KiB roottime=49.700s load=1.00 rootload=1.00
ramon: poll                 wall=51.016s usage=50.917s user=50.710s sys=00.208s mem=43172KiB roottime=50.710s load=1.00 rootload=0.99
ramon: poll                 wall=52.007s usage=51.905s user=51.694s sys=00.211s mem=43584KiB roottime=51.690s load=1.00 rootload=0.99
ramon: poll                 wall=53.007s usage=52.904s user=52.693s sys=00.211s mem=43584KiB roottime=52.690s load=1.00 rootload=1.00
ramon: poll                 wall=54.000s usage=53.895s user=53.683s sys=00.212s mem=43584KiB roottime=53.680s load=1.00 rootload=1.00
ramon: poll                 wall=55.000s usage=54.893s user=54.680s sys=00.213s mem=43840KiB roottime=54.680s load=1.00 rootload=1.00
ramon: poll                 wall=56.000s usage=55.891s user=55.678s sys=00.213s mem=44096KiB roottime=55.670s load=1.00 rootload=0.99
ramon: poll                 wall=57.002s usage=56.892s user=56.679s sys=00.214s mem=44096KiB roottime=56.670s load=1.00 rootload=1.00
ramon: poll                 wall=58.000s usage=57.888s user=57.674s sys=00.214s mem=44096KiB roottime=57.670s load=1.00 rootload=1.00
ramon: poll                 wall=59.002s usage=58.887s user=58.672s sys=00.215s mem=44308KiB roottime=58.670s load=1.00 rootload=1.00
ramon: poll                 wall=01m00.000s usage=59.884s user=59.669s sys=00.215s mem=44564KiB roottime=59.670s load=1.00 rootload=1.00
ramon: poll                 wall=01m01.008s usage=01m00.892s user=01m00.670s sys=00.222s mem=46612KiB roottime=60.670s load=1.00 rootload=0.99
ramon: poll                 wall=01m02.005s usage=01m01.888s user=01m01.663s sys=00.226s mem=47892KiB roottime=61.660s load=1.00 rootload=0.99
ramon: poll                 wall=01m03.013s usage=01m02.896s user=01m02.558s sys=00.338s mem=90132KiB roottime=62.550s load=1.00 rootload=0.88
ramon: poll                 wall=01m04.011s usage=01m03.892s user=01m03.521s sys=00.371s mem=83692KiB roottime=63.520s load=1.00 rootload=0.97
ramon: poll                 wall=01m05.000s usage=01m04.879s user=01m04.485s sys=00.395s mem=92652KiB roottime=64.480s load=1.00 rootload=0.97
ramon: poll                 wall=01m06.000s usage=01m05.878s user=01m05.380s sys=00.498s mem=127MiB roottime=65.380s load=1.00 rootload=0.90
ramon: poll                 wall=01m07.000s usage=01m06.876s user=01m06.378s sys=00.498s mem=127MiB roottime=66.370s load=1.00 rootload=0.99
ramon: poll                 wall=01m08.000s usage=01m07.875s user=01m07.378s sys=00.498s mem=127MiB roottime=67.370s load=1.00 rootload=1.00
ramon: poll                 wall=01m09.014s usage=01m08.887s user=01m08.389s sys=00.499s mem=127MiB roottime=68.380s load=1.00 rootload=1.00
ramon: poll                 wall=01m10.021s usage=01m09.894s user=01m09.394s sys=00.501s mem=127MiB roottime=69.390s load=1.00 rootload=1.00
ramon: poll                 wall=01m11.011s usage=01m10.884s user=01m10.381s sys=00.503s mem=127MiB roottime=70.380s load=1.00 rootload=1.00
ramon: poll                 wall=01m12.018s usage=01m11.891s user=01m11.383s sys=00.508s mem=128MiB roottime=71.380s load=1.00 rootload=0.99
ramon: poll                 wall=01m13.000s usage=01m12.873s user=01m12.365s sys=00.508s mem=128MiB roottime=72.360s load=1.00 rootload=1.00
ramon: poll                 wall=01m14.004s usage=01m13.876s user=01m13.363s sys=00.514s mem=129MiB roottime=73.360s load=1.00 rootload=1.00
ramon: poll                 wall=01m15.004s usage=01m14.876s user=01m14.358s sys=00.519s mem=130MiB roottime=74.350s load=1.00 rootload=0.99
ramon: poll                 wall=01m16.000s usage=01m15.872s user=01m15.353s sys=00.519s mem=130MiB roottime=75.350s load=1.00 rootload=1.00
ramon: poll                 wall=01m17.000s usage=01m16.872s user=01m16.350s sys=00.522s mem=130MiB roottime=76.360s load=1.00 rootload=1.01
ramon: poll                 wall=01m18.006s usage=01m17.877s user=01m17.353s sys=00.525s mem=130MiB roottime=77.350s load=1.00 rootload=0.98
ramon: poll                 wall=01m19.018s usage=01m18.889s user=01m18.363s sys=00.527s mem=130MiB roottime=78.360s load=1.00 rootload=1.00
ramon: poll                 wall=01m20.013s usage=01m19.884s user=01m19.355s sys=00.529s mem=130MiB roottime=79.350s load=1.00 rootload=1.00
ramon: poll                 wall=01m21.010s usage=01m20.881s user=01m20.350s sys=00.531s mem=130MiB roottime=80.350s load=1.00 rootload=1.00
ramon: poll                 wall=01m22.003s usage=01m21.873s user=01m21.341s sys=00.533s mem=131MiB roottime=81.340s load=1.00 rootload=1.00
ramon: poll                 wall=01m23.018s usage=01m22.888s user=01m22.355s sys=00.534s mem=131MiB roottime=82.350s load=1.00 rootload=1.00
ramon: poll                 wall=01m24.017s usage=01m23.887s user=01m23.353s sys=00.534s mem=131MiB roottime=83.350s load=1.00 rootload=1.00
ramon: poll                 wall=01m25.022s usage=01m24.892s user=01m24.358s sys=00.534s mem=131MiB roottime=84.350s load=1.00 rootload=1.00
ramon: poll                 wall=01m26.006s usage=01m25.875s user=01m25.341s sys=00.535s mem=131MiB roottime=85.340s load=1.00 rootload=1.01
ramon: poll                 wall=01m27.005s usage=01m26.874s user=01m26.338s sys=00.537s mem=131MiB roottime=86.330s load=1.00 rootload=0.99
ramon: poll                 wall=01m28.000s usage=01m27.869s user=01m27.332s sys=00.537s mem=131MiB roottime=87.330s load=1.00 rootload=1.00
ramon: poll                 wall=01m29.000s usage=01m28.867s user=01m28.330s sys=00.538s mem=131MiB roottime=88.330s load=1.00 rootload=1.00
ramon: poll                 wall=01m30.011s usage=01m29.877s user=01m29.336s sys=00.541s mem=131MiB roottime=89.330s load=1.00 rootload=0.99
ramon: poll                 wall=01m31.025s usage=01m30.889s user=01m30.347s sys=00.542s mem=131MiB roottime=90.340s load=1.00 rootload=1.00
ramon: poll                 wall=01m32.023s usage=01m31.887s user=01m31.345s sys=00.542s mem=131MiB roottime=91.340s load=1.00 rootload=1.00
ramon: poll                 wall=01m33.000s usage=01m32.863s user=01m32.322s sys=00.542s mem=131MiB roottime=92.320s load=1.00 rootload=1.00
ramon: poll                 wall=01m34.000s usage=01m33.863s user=01m33.320s sys=00.543s mem=131MiB roottime=93.320s load=1.00 rootload=1.00
ramon: poll                 wall=01m35.026s usage=01m34.889s user=01m34.343s sys=00.546s mem=132MiB roottime=94.340s load=1.00 rootload=0.99
ramon: poll                 wall=01m36.019s usage=01m35.880s user=01m35.334s sys=00.547s mem=132MiB roottime=95.330s load=1.00 rootload=1.00
ramon: poll                 wall=01m37.005s usage=01m36.865s user=01m36.317s sys=00.548s mem=132MiB roottime=96.310s load=1.00 rootload=0.99
ramon: poll                 wall=01m38.000s usage=01m37.861s user=01m37.313s sys=00.548s mem=132MiB roottime=97.310s load=1.00 rootload=1.00
ramon: poll                 wall=01m39.003s usage=01m38.861s user=01m38.311s sys=00.550s mem=132MiB roottime=98.310s load=1.00 rootload=1.00
ramon: poll                 wall=01m40.002s usage=01m39.859s user=01m39.310s sys=00.550s mem=132MiB roottime=99.310s load=1.00 rootload=1.00
ramon: poll                 wall=01m41.004s usage=01m40.860s user=01m40.309s sys=00.551s mem=132MiB roottime=100.310s load=1.00 rootload=1.00
ramon: poll                 wall=01m42.000s usage=01m41.855s user=01m41.304s sys=00.552s mem=132MiB roottime=101.300s load=1.00 rootload=0.99
ramon: poll                 wall=01m43.004s usage=01m42.858s user=01m42.306s sys=00.553s mem=132MiB roottime=102.300s load=1.00 rootload=1.00
ramon: poll                 wall=01m44.000s usage=01m43.855s user=01m43.302s sys=00.553s mem=132MiB roottime=103.300s load=1.00 rootload=1.00
ramon: poll                 wall=01m45.005s usage=01m44.859s user=01m44.305s sys=00.554s mem=132MiB roottime=104.300s load=1.00 rootload=1.00
ramon: poll                 wall=01m46.000s usage=01m45.854s user=01m45.298s sys=00.557s mem=132MiB roottime=105.290s load=1.00 rootload=0.99
ramon: poll                 wall=01m47.006s usage=01m46.859s user=01m46.302s sys=00.557s mem=132MiB roottime=106.300s load=1.00 rootload=1.00
ramon: poll                 wall=01m48.000s usage=01m47.854s user=01m47.296s sys=00.558s mem=132MiB roottime=107.290s load=1.00 rootload=1.00
ramon: poll                 wall=01m49.003s usage=01m48.856s user=01m48.297s sys=00.559s mem=132MiB roottime=108.290s load=1.00 rootload=1.00
ramon: poll                 wall=01m50.002s usage=01m49.855s user=01m49.296s sys=00.560s mem=132MiB roottime=109.290s load=1.00 rootload=1.00
ramon: poll                 wall=01m51.016s usage=01m50.868s user=01m50.306s sys=00.562s mem=133MiB roottime=110.300s load=1.00 rootload=1.00
ramon: poll                 wall=01m52.004s usage=01m51.856s user=01m51.292s sys=00.564s mem=133MiB roottime=111.290s load=1.00 rootload=1.00
ramon: poll                 wall=01m53.000s usage=01m52.853s user=01m52.287s sys=00.566s mem=133MiB roottime=112.280s load=1.00 rootload=0.99
ramon: poll                 wall=01m54.000s usage=01m53.852s user=01m53.286s sys=00.567s mem=133MiB roottime=113.280s load=1.00 rootload=1.00
ramon: poll                 wall=01m55.044s usage=01m54.895s user=01m54.329s sys=00.567s mem=133MiB roottime=114.320s load=1.00 rootload=1.00
ramon: poll                 wall=01m56.060s usage=01m55.912s user=01m55.345s sys=00.567s mem=133MiB roottime=115.340s load=1.00 rootload=1.00
ramon: poll                 wall=01m57.007s usage=01m56.859s user=01m56.292s sys=00.567s mem=133MiB roottime=116.290s load=1.00 rootload=1.00
ramon: poll                 wall=01m58.004s usage=01m57.855s user=01m57.288s sys=00.567s mem=133MiB roottime=117.280s load=1.00 rootload=0.99
ramon: poll                 wall=01m59.004s usage=01m58.854s user=01m58.286s sys=00.568s mem=133MiB roottime=118.280s load=1.00 rootload=1.00
ramon: poll                 wall=02m00.029s usage=01m59.876s user=01m59.309s sys=00.568s mem=133MiB roottime=119.310s load=1.00 rootload=1.00
ramon: poll                 wall=02m01.024s usage=02m00.869s user=02m00.300s sys=00.569s mem=133MiB roottime=120.300s load=1.00 rootload=0.99
ramon: poll                 wall=02m02.004s usage=02m01.846s user=02m01.275s sys=00.571s mem=133MiB roottime=121.270s load=1.00 rootload=0.99
ramon: poll                 wall=02m03.000s usage=02m02.838s user=02m02.268s sys=00.571s mem=133MiB roottime=122.260s load=1.00 rootload=0.99
ramon: poll                 wall=02m04.017s usage=02m03.850s user=02m03.279s sys=00.571s mem=133MiB roottime=123.280s load=1.00 rootload=1.00
ramon: poll                 wall=02m05.040s usage=02m04.869s user=02m04.297s sys=00.573s mem=133MiB roottime=124.290s load=1.00 rootload=0.99
ramon: poll                 wall=02m06.002s usage=02m05.830s user=02m05.257s sys=00.573s mem=133MiB roottime=125.250s load=1.00 rootload=1.00
ramon: poll                 wall=02m07.004s usage=02m06.831s user=02m06.258s sys=00.574s mem=133MiB roottime=126.250s load=1.00 rootload=1.00
ramon: poll                 wall=02m08.000s usage=02m07.827s user=02m07.253s sys=00.574s mem=133MiB roottime=127.250s load=1.00 rootload=1.00
ramon: poll                 wall=02m09.004s usage=02m08.831s user=02m08.255s sys=00.576s mem=133MiB roottime=128.250s load=1.00 rootload=1.00
ramon: poll                 wall=02m10.014s usage=02m09.839s user=02m09.262s sys=00.577s mem=134MiB roottime=129.260s load=1.00 rootload=1.00
ramon: poll                 wall=02m11.037s usage=02m10.859s user=02m10.281s sys=00.578s mem=134MiB roottime=130.280s load=1.00 rootload=1.00
ramon: poll                 wall=02m12.000s usage=02m11.821s user=02m11.242s sys=00.579s mem=134MiB roottime=131.240s load=1.00 rootload=1.00
ramon: poll                 wall=02m13.004s usage=02m12.822s user=02m12.243s sys=00.580s mem=134MiB roottime=132.240s load=1.00 rootload=1.00
ramon: poll                 wall=02m14.000s usage=02m13.816s user=02m13.236s sys=00.580s mem=134MiB roottime=133.230s load=1.00 rootload=0.99
ramon: poll                 wall=02m15.000s usage=02m14.815s user=02m14.236s sys=00.580s mem=134MiB roottime=134.230s load=1.00 rootload=1.00
ramon: poll                 wall=02m16.002s usage=02m15.816s user=02m15.236s sys=00.581s mem=134MiB roottime=135.230s load=1.00 rootload=1.00
ramon: poll                 wall=02m17.004s usage=02m16.818s user=02m16.236s sys=00.582s mem=134MiB roottime=136.230s load=1.00 rootload=1.00
ramon: poll                 wall=02m18.010s usage=02m17.823s user=02m17.242s sys=00.582s mem=134MiB roottime=137.240s load=1.00 rootload=1.00
ramon: poll                 wall=02m19.000s usage=02m18.813s user=02m18.231s sys=00.582s mem=134MiB roottime=138.230s load=1.00 rootload=1.00
ramon: poll                 wall=02m20.000s usage=02m19.812s user=02m19.231s sys=00.582s mem=134MiB roottime=139.230s load=1.00 rootload=1.00
ramon: poll                 wall=02m21.000s usage=02m20.812s user=02m20.231s sys=00.582s mem=134MiB roottime=140.230s load=1.00 rootload=1.00
ramon: poll                 wall=02m22.000s usage=02m21.812s user=02m21.230s sys=00.582s mem=134MiB roottime=141.230s load=1.00 rootload=1.00
ramon: poll                 wall=02m23.000s usage=02m22.811s user=02m22.229s sys=00.582s mem=134MiB roottime=142.230s load=1.00 rootload=1.00
ramon: poll                 wall=02m24.000s usage=02m23.811s user=02m23.229s sys=00.582s mem=135MiB roottime=143.230s load=1.00 rootload=1.00
ramon: poll                 wall=02m25.000s usage=02m24.811s user=02m24.229s sys=00.582s mem=135MiB roottime=144.230s load=1.00 rootload=1.00
ramon: poll                 wall=02m26.000s usage=02m25.810s user=02m25.229s sys=00.582s mem=135MiB roottime=145.220s load=1.00 rootload=0.99
ramon: poll                 wall=02m27.000s usage=02m26.810s user=02m26.228s sys=00.583s mem=135MiB roottime=146.220s load=1.00 rootload=1.00
ramon: poll                 wall=02m28.028s usage=02m27.838s user=02m27.255s sys=00.583s mem=135MiB roottime=147.250s load=1.00 rootload=1.00
ramon: poll                 wall=02m29.004s usage=02m28.813s user=02m28.231s sys=00.583s mem=135MiB roottime=148.230s load=1.00 rootload=1.00
ramon: poll                 wall=02m30.027s usage=02m29.836s user=02m29.253s sys=00.583s mem=135MiB roottime=149.250s load=1.00 rootload=1.00
ramon: poll                 wall=02m31.004s usage=02m30.813s user=02m30.230s sys=00.583s mem=135MiB roottime=150.230s load=1.00 rootload=1.00
ramon: poll                 wall=02m32.000s usage=02m31.809s user=02m31.225s sys=00.584s mem=135MiB roottime=151.220s load=1.00 rootload=0.99
ramon: poll                 wall=02m33.001s usage=02m32.809s user=02m32.225s sys=00.585s mem=135MiB roottime=152.220s load=1.00 rootload=1.00
ramon: poll                 wall=02m34.000s usage=02m33.808s user=02m33.224s sys=00.585s mem=135MiB roottime=153.220s load=1.00 rootload=1.00
ramon: poll                 wall=02m35.004s usage=02m34.812s user=02m34.226s sys=00.586s mem=135MiB roottime=154.220s load=1.00 rootload=1.00
ramon: poll                 wall=02m36.000s usage=02m35.808s user=02m35.221s sys=00.587s mem=135MiB roottime=155.220s load=1.00 rootload=1.00
ramon: poll                 wall=02m37.000s usage=02m36.808s user=02m36.220s sys=00.588s mem=135MiB roottime=156.220s load=1.00 rootload=1.00
ramon: poll                 wall=02m38.003s usage=02m37.810s user=02m37.223s sys=00.588s mem=135MiB roottime=157.220s load=1.00 rootload=1.00
ramon: poll                 wall=02m39.000s usage=02m38.807s user=02m38.219s sys=00.589s mem=135MiB roottime=158.210s load=1.00 rootload=0.99
ramon: poll                 wall=02m40.000s usage=02m39.807s user=02m39.218s sys=00.589s mem=135MiB roottime=159.210s load=1.00 rootload=1.00
ramon: poll                 wall=02m41.002s usage=02m40.809s user=02m40.220s sys=00.589s mem=135MiB roottime=160.220s load=1.00 rootload=1.01
ramon: poll                 wall=02m42.002s usage=02m41.808s user=02m41.220s sys=00.589s mem=135MiB roottime=161.220s load=1.00 rootload=1.00
ramon: poll                 wall=02m43.000s usage=02m42.806s user=02m42.218s sys=00.589s mem=135MiB roottime=162.210s load=1.00 rootload=0.99
ramon: poll                 wall=02m44.003s usage=02m43.809s user=02m43.220s sys=00.589s mem=135MiB roottime=163.220s load=1.00 rootload=1.01
ramon: poll                 wall=02m45.000s usage=02m44.806s user=02m44.217s sys=00.589s mem=135MiB roottime=164.210s load=1.00 rootload=0.99
ramon: poll                 wall=02m46.002s usage=02m45.808s user=02m45.219s sys=00.589s mem=135MiB roottime=165.210s load=1.00 rootload=1.00
ramon: poll                 wall=02m47.000s usage=02m46.806s user=02m46.217s sys=00.589s mem=135MiB roottime=166.210s load=1.00 rootload=1.00
ramon: poll                 wall=02m48.003s usage=02m47.808s user=02m47.220s sys=00.589s mem=135MiB roottime=167.210s load=1.00 rootload=1.00
ramon: poll                 wall=02m49.000s usage=02m48.805s user=02m48.217s sys=00.589s mem=135MiB roottime=168.210s load=1.00 rootload=1.00
ramon: poll                 wall=02m50.002s usage=02m49.807s user=02m49.218s sys=00.589s mem=135MiB roottime=169.210s load=1.00 rootload=1.00
ramon: poll                 wall=02m51.003s usage=02m50.808s user=02m50.219s sys=00.589s mem=135MiB roottime=170.210s load=1.00 rootload=1.00
ramon: poll                 wall=02m52.000s usage=02m51.805s user=02m51.216s sys=00.589s mem=135MiB roottime=171.210s load=1.00 rootload=1.00
ramon: poll                 wall=02m53.000s usage=02m52.805s user=02m52.216s sys=00.589s mem=135MiB roottime=172.210s load=1.00 rootload=1.00
ramon: poll                 wall=02m54.000s usage=02m53.804s user=02m53.216s sys=00.589s mem=135MiB roottime=173.210s load=1.00 rootload=1.00
ramon: poll                 wall=02m55.000s usage=02m54.804s user=02m54.216s sys=00.589s mem=135MiB roottime=174.210s load=1.00 rootload=1.00
ramon: poll                 wall=02m56.000s usage=02m55.804s user=02m55.215s sys=00.590s mem=135MiB roottime=175.210s load=1.00 rootload=1.00
ramon: poll                 wall=02m57.000s usage=02m56.804s user=02m56.214s sys=00.590s mem=135MiB roottime=176.210s load=1.00 rootload=1.00
ramon: poll                 wall=02m58.000s usage=02m57.804s user=02m57.213s sys=00.591s mem=135MiB roottime=177.210s load=1.00 rootload=1.00
ramon: poll                 wall=02m59.000s usage=02m58.803s user=02m58.213s sys=00.591s mem=135MiB roottime=178.210s load=1.00 rootload=1.00
ramon: poll                 wall=03m00.000s usage=02m59.803s user=02m59.211s sys=00.593s mem=135MiB roottime=179.210s load=1.00 rootload=1.00
ramon: poll                 wall=03m01.000s usage=03m00.803s user=03m00.210s sys=00.593s mem=135MiB roottime=180.210s load=1.00 rootload=1.00
ramon: poll                 wall=03m02.020s usage=03m01.823s user=03m01.230s sys=00.593s mem=135MiB roottime=181.230s load=1.00 rootload=1.00
ramon: poll                 wall=03m03.018s usage=03m02.820s user=03m02.228s sys=00.593s mem=135MiB roottime=182.220s load=1.00 rootload=0.99
ramon: poll                 wall=03m04.000s usage=03m03.802s user=03m03.210s sys=00.593s mem=135MiB roottime=183.210s load=1.00 rootload=1.01
ramon: poll                 wall=03m05.009s usage=03m04.811s user=03m04.218s sys=00.593s mem=135MiB roottime=184.210s load=1.00 rootload=0.99
ramon: poll                 wall=03m06.008s usage=03m05.810s user=03m05.217s sys=00.593s mem=135MiB roottime=185.210s load=1.00 rootload=1.00
ramon: poll                 wall=03m07.000s usage=03m06.801s user=03m06.208s sys=00.594s mem=135MiB roottime=186.200s load=1.00 rootload=1.00
ramon: poll                 wall=03m08.000s usage=03m07.801s user=03m07.208s sys=00.594s mem=135MiB roottime=187.200s load=1.00 rootload=1.00
ramon: poll                 wall=03m09.012s usage=03m08.813s user=03m08.219s sys=00.594s mem=135MiB roottime=188.210s load=1.00 rootload=1.00
ramon: poll                 wall=03m10.000s usage=03m09.801s user=03m09.206s sys=00.595s mem=135MiB roottime=189.200s load=1.00 rootload=1.00
ramon: poll                 wall=03m11.000s usage=03m10.800s user=03m10.206s sys=00.595s mem=135MiB roottime=190.200s load=1.00 rootload=1.00
ramon: poll                 wall=03m12.018s usage=03m11.818s user=03m11.223s sys=00.595s mem=135MiB roottime=191.220s load=1.00 rootload=1.00
ramon: poll                 wall=03m13.000s usage=03m12.800s user=03m12.205s sys=00.595s mem=135MiB roottime=192.200s load=1.00 rootload=1.00
ramon: poll                 wall=03m14.000s usage=03m13.799s user=03m13.205s sys=00.595s mem=135MiB roottime=193.200s load=1.00 rootload=1.00
ramon: poll                 wall=03m15.006s usage=03m14.805s user=03m14.209s sys=00.596s mem=136MiB roottime=194.200s load=1.00 rootload=0.99
ramon: poll                 wall=03m16.015s usage=03m15.813s user=03m15.217s sys=00.597s mem=136MiB roottime=195.210s load=1.00 rootload=1.00
ramon: poll                 wall=03m17.006s usage=03m16.804s user=03m16.205s sys=00.599s mem=136MiB roottime=196.200s load=1.00 rootload=1.00
ramon: poll                 wall=03m18.014s usage=03m17.812s user=03m17.213s sys=00.599s mem=136MiB roottime=197.210s load=1.00 rootload=1.00
ramon: poll                 wall=03m19.027s usage=03m18.824s user=03m18.225s sys=00.599s mem=136MiB roottime=198.220s load=1.00 rootload=1.00
ramon: poll                 wall=03m20.013s usage=03m19.809s user=03m19.211s sys=00.599s mem=136MiB roottime=199.210s load=1.00 rootload=1.00
ramon: poll                 wall=03m21.025s usage=03m20.821s user=03m20.222s sys=00.599s mem=136MiB roottime=200.220s load=1.00 rootload=1.00
ramon: poll                 wall=03m22.035s usage=03m21.831s user=03m21.232s sys=00.599s mem=136MiB roottime=201.230s load=1.00 rootload=1.00
ramon: poll                 wall=03m23.017s usage=03m22.812s user=03m22.212s sys=00.601s mem=136MiB roottime=202.210s load=1.00 rootload=1.00
ramon: poll                 wall=03m24.081s usage=03m23.876s user=03m23.275s sys=00.601s mem=136MiB roottime=203.270s load=1.00 rootload=1.00
ramon: poll                 wall=03m25.009s usage=03m24.804s user=03m24.203s sys=00.601s mem=136MiB roottime=204.200s load=1.00 rootload=1.00
ramon: poll                 wall=03m26.000s usage=03m25.795s user=03m25.194s sys=00.601s mem=136MiB roottime=205.190s load=1.00 rootload=1.00
ramon: poll                 wall=03m27.000s usage=03m26.794s user=03m26.192s sys=00.602s mem=136MiB roottime=206.190s load=1.00 rootload=1.00
ramon: poll                 wall=03m28.000s usage=03m27.794s user=03m27.192s sys=00.602s mem=136MiB roottime=207.190s load=1.00 rootload=1.00
ramon: poll                 wall=03m29.000s usage=03m28.794s user=03m28.191s sys=00.603s mem=136MiB roottime=208.190s load=1.00 rootload=1.00
ramon: poll                 wall=03m30.000s usage=03m29.793s user=03m29.191s sys=00.603s mem=136MiB roottime=209.190s load=1.00 rootload=1.00
ramon: poll                 wall=03m31.002s usage=03m30.795s user=03m30.192s sys=00.603s mem=136MiB roottime=210.190s load=1.00 rootload=1.00
ramon: poll                 wall=03m32.013s usage=03m31.806s user=03m31.201s sys=00.605s mem=136MiB roottime=211.200s load=1.00 rootload=1.00
ramon: poll                 wall=03m33.011s usage=03m32.804s user=03m32.199s sys=00.605s mem=136MiB roottime=212.190s load=1.00 rootload=0.99
ramon: poll                 wall=03m34.000s usage=03m33.793s user=03m33.188s sys=00.605s mem=136MiB roottime=213.180s load=1.00 rootload=1.00
ramon: poll                 wall=03m35.000s usage=03m34.792s user=03m34.186s sys=00.607s mem=136MiB roottime=214.180s load=1.00 rootload=1.00
ramon: poll                 wall=03m36.000s usage=03m35.792s user=03m35.184s sys=00.608s mem=136MiB roottime=215.180s load=1.00 rootload=1.00
ramon: poll                 wall=03m37.004s usage=03m36.796s user=03m36.187s sys=00.609s mem=137MiB roottime=216.180s load=1.00 rootload=1.00
ramon: poll                 wall=03m38.000s usage=03m37.792s user=03m37.183s sys=00.609s mem=137MiB roottime=217.180s load=1.00 rootload=1.00
ramon: poll                 wall=03m39.000s usage=03m38.791s user=03m38.183s sys=00.609s mem=137MiB roottime=218.180s load=1.00 rootload=1.00
ramon: poll                 wall=03m40.000s usage=03m39.791s user=03m39.182s sys=00.609s mem=137MiB roottime=219.180s load=1.00 rootload=1.00
ramon: poll                 wall=03m41.003s usage=03m40.794s user=03m40.185s sys=00.609s mem=137MiB roottime=220.180s load=1.00 rootload=1.00
ramon: poll                 wall=03m42.000s usage=03m41.790s user=03m41.182s sys=00.609s mem=137MiB roottime=221.180s load=1.00 rootload=1.00
ramon: poll                 wall=03m43.002s usage=03m42.792s user=03m42.184s sys=00.609s mem=137MiB roottime=222.180s load=1.00 rootload=1.00
ramon: poll                 wall=03m44.000s usage=03m43.790s user=03m43.181s sys=00.609s mem=137MiB roottime=223.180s load=1.00 rootload=1.00
ramon: poll                 wall=03m45.000s usage=03m44.790s user=03m44.181s sys=00.609s mem=137MiB roottime=224.180s load=1.00 rootload=1.00
ramon: poll                 wall=03m46.001s usage=03m45.791s user=03m45.183s sys=00.609s mem=137MiB roottime=225.180s load=1.00 rootload=1.00
ramon: poll                 wall=03m47.000s usage=03m46.789s user=03m46.181s sys=00.609s mem=137MiB roottime=226.180s load=1.00 rootload=1.00
ramon: poll                 wall=03m48.000s usage=03m47.789s user=03m47.180s sys=00.609s mem=137MiB roottime=227.180s load=1.00 rootload=1.00
ramon: poll                 wall=03m49.004s usage=03m48.793s user=03m48.184s sys=00.609s mem=137MiB roottime=228.180s load=1.00 rootload=1.00
ramon: poll                 wall=03m50.000s usage=03m49.788s user=03m49.180s sys=00.609s mem=137MiB roottime=229.180s load=1.00 rootload=1.00
ramon: poll                 wall=03m51.000s usage=03m50.789s user=03m50.181s sys=00.609s mem=137MiB roottime=230.180s load=1.00 rootload=1.00
ramon: poll                 wall=03m52.002s usage=03m51.790s user=03m51.181s sys=00.609s mem=137MiB roottime=231.180s load=1.00 rootload=1.00
ramon: poll                 wall=03m53.002s usage=03m52.790s user=03m52.181s sys=00.609s mem=137MiB roottime=232.180s load=1.00 rootload=1.00
ramon: poll                 wall=03m54.000s usage=03m53.787s user=03m53.179s sys=00.609s mem=137MiB roottime=233.180s load=1.00 rootload=1.00
ramon: poll                 wall=03m55.003s usage=03m54.790s user=03m54.182s sys=00.609s mem=137MiB roottime=234.180s load=1.00 rootload=1.00
ramon: poll                 wall=03m56.000s usage=03m55.787s user=03m55.178s sys=00.609s mem=137MiB roottime=235.170s load=1.00 rootload=0.99
ramon: poll                 wall=03m57.004s usage=03m56.791s user=03m56.182s sys=00.609s mem=137MiB roottime=236.180s load=1.00 rootload=1.01
ramon: poll                 wall=03m58.000s usage=03m57.788s user=03m57.179s sys=00.609s mem=137MiB roottime=237.170s load=1.00 rootload=0.99
ramon: poll                 wall=03m59.000s usage=03m58.787s user=03m58.178s sys=00.609s mem=137MiB roottime=238.170s load=1.00 rootload=1.00
ramon: poll                 wall=04m00.002s usage=03m59.788s user=03m59.180s sys=00.609s mem=137MiB roottime=239.180s load=1.00 rootload=1.01
ramon: poll                 wall=04m01.002s usage=04m00.788s user=04m00.180s sys=00.609s mem=137MiB roottime=240.180s load=1.00 rootload=1.00
ramon: poll                 wall=04m02.003s usage=04m01.790s user=04m01.181s sys=00.609s mem=137MiB roottime=241.180s load=1.00 rootload=1.00
ramon: poll                 wall=04m03.000s usage=04m02.786s user=04m02.177s sys=00.609s mem=137MiB roottime=242.170s load=1.00 rootload=0.99
ramon: poll                 wall=04m04.000s usage=04m03.786s user=04m03.177s sys=00.609s mem=137MiB roottime=243.170s load=1.00 rootload=1.00
ramon: poll                 wall=04m05.004s usage=04m04.790s user=04m04.181s sys=00.609s mem=137MiB roottime=244.180s load=1.00 rootload=1.01
ramon: poll                 wall=04m06.000s usage=04m05.785s user=04m05.176s sys=00.610s mem=137MiB roottime=245.170s load=1.00 rootload=0.99
ramon: poll                 wall=04m07.000s usage=04m06.785s user=04m06.176s sys=00.610s mem=137MiB roottime=246.170s load=1.00 rootload=1.00
ramon: poll                 wall=04m08.003s usage=04m07.789s user=04m07.179s sys=00.610s mem=137MiB roottime=247.170s load=1.00 rootload=1.00
ramon: poll                 wall=04m09.000s usage=04m08.785s user=04m08.174s sys=00.611s mem=137MiB roottime=248.170s load=1.00 rootload=1.00
ramon: poll                 wall=04m10.002s usage=04m09.787s user=04m09.175s sys=00.612s mem=137MiB roottime=249.170s load=1.00 rootload=1.00
ramon: poll                 wall=04m11.000s usage=04m10.785s user=04m10.172s sys=00.613s mem=137MiB roottime=250.170s load=1.00 rootload=1.00
ramon: poll                 wall=04m12.004s usage=04m11.788s user=04m11.175s sys=00.614s mem=137MiB roottime=251.170s load=1.00 rootload=1.00
ramon: poll                 wall=04m13.000s usage=04m12.784s user=04m12.170s sys=00.615s mem=137MiB roottime=252.170s load=1.00 rootload=1.00
ramon: poll                 wall=04m14.000s usage=04m13.784s user=04m13.169s sys=00.615s mem=137MiB roottime=253.170s load=1.00 rootload=1.00
ramon: poll                 wall=04m15.004s usage=04m14.788s user=04m14.172s sys=00.616s mem=137MiB roottime=254.170s load=1.00 rootload=1.00
ramon: poll                 wall=04m16.000s usage=04m15.783s user=04m15.168s sys=00.616s mem=137MiB roottime=255.160s load=1.00 rootload=0.99
ramon: poll                 wall=04m17.001s usage=04m16.784s user=04m16.169s sys=00.616s mem=137MiB roottime=256.160s load=1.00 rootload=1.00
ramon: poll                 wall=04m18.003s usage=04m17.786s user=04m17.170s sys=00.616s mem=137MiB roottime=257.170s load=1.00 rootload=1.01
ramon: poll                 wall=04m19.000s usage=04m18.783s user=04m18.167s sys=00.616s mem=137MiB roottime=258.160s load=1.00 rootload=0.99
ramon: poll                 wall=04m20.002s usage=04m19.785s user=04m19.168s sys=00.617s mem=137MiB roottime=259.160s load=1.00 rootload=1.00
ramon: poll                 wall=04m21.004s usage=04m20.787s user=04m20.168s sys=00.619s mem=137MiB roottime=260.160s load=1.00 rootload=1.00
ramon: poll                 wall=04m22.000s usage=04m21.782s user=04m21.163s sys=00.620s mem=137MiB roottime=261.160s load=1.00 rootload=1.00
ramon: poll                 wall=04m23.000s usage=04m22.782s user=04m22.162s sys=00.620s mem=137MiB roottime=262.160s load=1.00 rootload=1.00
ramon: poll                 wall=04m24.002s usage=04m23.784s user=04m23.161s sys=00.623s mem=137MiB roottime=263.160s load=1.00 rootload=1.00
ramon: poll                 wall=04m25.013s usage=04m24.795s user=04m24.172s sys=00.623s mem=137MiB roottime=264.170s load=1.00 rootload=1.00
ramon: poll                 wall=04m26.000s usage=04m25.783s user=04m25.160s sys=00.623s mem=137MiB roottime=265.160s load=1.00 rootload=1.00
ramon: poll                 wall=04m27.003s usage=04m26.784s user=04m26.162s sys=00.623s mem=137MiB roottime=266.160s load=1.00 rootload=1.00
ramon: poll                 wall=04m28.002s usage=04m27.783s user=04m27.161s sys=00.623s mem=137MiB roottime=267.160s load=1.00 rootload=1.00
ramon: poll                 wall=04m29.013s usage=04m28.794s user=04m28.171s sys=00.623s mem=137MiB roottime=268.170s load=1.00 rootload=1.00
ramon: poll                 wall=04m30.000s usage=04m29.781s user=04m29.158s sys=00.623s mem=137MiB roottime=269.150s load=1.00 rootload=0.99
ramon: poll                 wall=04m31.000s usage=04m30.780s user=04m30.158s sys=00.623s mem=137MiB roottime=270.150s load=1.00 rootload=1.00
ramon: poll                 wall=04m32.002s usage=04m31.782s user=04m31.159s sys=00.623s mem=137MiB roottime=271.150s load=1.00 rootload=1.00
ramon: poll                 wall=04m33.000s usage=04m32.780s user=04m32.157s sys=00.623s mem=137MiB roottime=272.150s load=1.00 rootload=1.00
ramon: poll                 wall=04m34.003s usage=04m33.783s user=04m33.160s sys=00.623s mem=137MiB roottime=273.160s load=1.00 rootload=1.01
ramon: poll                 wall=04m35.001s usage=04m34.780s user=04m34.157s sys=00.623s mem=137MiB roottime=274.150s load=1.00 rootload=0.99
ramon: poll                 wall=04m36.008s usage=04m35.787s user=04m35.164s sys=00.623s mem=137MiB roottime=275.160s load=1.00 rootload=1.00
ramon: poll                 wall=04m37.002s usage=04m36.780s user=04m36.158s sys=00.623s mem=137MiB roottime=276.150s load=1.00 rootload=1.00
ramon: poll                 wall=04m38.001s usage=04m37.779s user=04m37.156s sys=00.623s mem=137MiB roottime=277.150s load=1.00 rootload=1.00
ramon: poll                 wall=04m39.005s usage=04m38.783s user=04m38.160s sys=00.623s mem=137MiB roottime=278.160s load=1.00 rootload=1.01
ramon: poll                 wall=04m40.000s usage=04m39.777s user=04m39.155s sys=00.623s mem=137MiB roottime=279.150s load=1.00 rootload=0.99
ramon: poll                 wall=04m41.003s usage=04m40.780s user=04m40.155s sys=00.625s mem=137MiB roottime=280.150s load=1.00 rootload=1.00
ramon: poll                 wall=04m42.000s usage=04m41.777s user=04m41.152s sys=00.625s mem=138MiB roottime=281.150s load=1.00 rootload=1.00
ramon: poll                 wall=04m43.003s usage=04m42.779s user=04m42.154s sys=00.625s mem=138MiB roottime=282.150s load=1.00 rootload=1.00
ramon: poll                 wall=04m44.002s usage=04m43.778s user=04m43.153s sys=00.625s mem=138MiB roottime=283.150s load=1.00 rootload=1.00
ramon: poll                 wall=04m45.007s usage=04m44.783s user=04m44.158s sys=00.625s mem=138MiB roottime=284.150s load=1.00 rootload=0.99
ramon: poll                 wall=04m46.002s usage=04m45.777s user=04m45.153s sys=00.625s mem=138MiB roottime=285.150s load=1.00 rootload=1.00
ramon: poll                 wall=04m47.000s usage=04m46.775s user=04m46.150s sys=00.625s mem=138MiB roottime=286.150s load=1.00 rootload=1.00
ramon: poll                 wall=04m48.002s usage=04m47.777s user=04m47.152s sys=00.625s mem=138MiB roottime=287.150s load=1.00 rootload=1.00
ramon: poll                 wall=04m49.001s usage=04m48.776s user=04m48.151s sys=00.625s mem=138MiB roottime=288.150s load=1.00 rootload=1.00
ramon: poll                 wall=04m50.002s usage=04m49.777s user=04m49.153s sys=00.625s mem=138MiB roottime=289.150s load=1.00 rootload=1.00
ramon: poll                 wall=04m51.004s usage=04m50.778s user=04m50.153s sys=00.625s mem=138MiB roottime=290.150s load=1.00 rootload=1.00
ramon: poll                 wall=04m52.000s usage=04m51.774s user=04m51.149s sys=00.625s mem=138MiB roottime=291.150s load=1.00 rootload=1.00
ramon: poll                 wall=04m53.004s usage=04m52.777s user=04m52.153s sys=00.625s mem=138MiB roottime=292.150s load=1.00 rootload=1.00
ramon: poll                 wall=04m54.000s usage=04m53.773s user=04m53.147s sys=00.626s mem=138MiB roottime=293.140s load=1.00 rootload=0.99
ramon: poll                 wall=04m55.000s usage=04m54.772s user=04m54.147s sys=00.626s mem=138MiB roottime=294.140s load=1.00 rootload=1.00
ramon: poll                 wall=04m56.002s usage=04m55.774s user=04m55.149s sys=00.626s mem=138MiB roottime=295.140s load=1.00 rootload=1.00
ramon: poll                 wall=04m57.004s usage=04m56.776s user=04m56.149s sys=00.627s mem=138MiB roottime=296.140s load=1.00 rootload=1.00
ramon: poll                 wall=04m58.000s usage=04m57.772s user=04m57.144s sys=00.628s mem=138MiB roottime=297.140s load=1.00 rootload=1.00
ramon: poll                 wall=04m59.004s usage=04m58.776s user=04m58.148s sys=00.628s mem=138MiB roottime=298.140s load=1.00 rootload=1.00
ramon: poll                 wall=05m00.000s usage=04m59.771s user=04m59.144s sys=00.628s mem=138MiB roottime=299.140s load=1.00 rootload=1.00
ramon: poll                 wall=05m01.004s usage=05m00.776s user=05m00.148s sys=00.628s mem=138MiB roottime=300.140s load=1.00 rootload=1.00
ramon: poll                 wall=05m02.000s usage=05m01.771s user=05m01.143s sys=00.628s mem=138MiB roottime=301.140s load=1.00 rootload=1.00
ramon: poll                 wall=05m03.005s usage=05m02.776s user=05m02.148s sys=00.628s mem=138MiB roottime=302.140s load=1.00 rootload=1.00
ramon: poll                 wall=05m04.000s usage=05m03.771s user=05m03.143s sys=00.628s mem=138MiB roottime=303.140s load=1.00 rootload=1.00
ramon: poll                 wall=05m05.003s usage=05m04.774s user=05m04.146s sys=00.628s mem=138MiB roottime=304.140s load=1.00 rootload=1.00
ramon: poll                 wall=05m06.002s usage=05m05.772s user=05m05.145s sys=00.628s mem=138MiB roottime=305.140s load=1.00 rootload=1.00
ramon: poll                 wall=05m07.003s usage=05m06.773s user=05m06.146s sys=00.628s mem=138MiB roottime=306.140s load=1.00 rootload=1.00
ramon: poll                 wall=05m08.000s usage=05m07.770s user=05m07.142s sys=00.628s mem=138MiB roottime=307.140s load=1.00 rootload=1.00
ramon: poll                 wall=05m09.003s usage=05m08.773s user=05m08.145s sys=00.628s mem=138MiB roottime=308.140s load=1.00 rootload=1.00
ramon: poll                 wall=05m10.000s usage=05m09.771s user=05m09.143s sys=00.628s mem=138MiB roottime=309.140s load=1.00 rootload=1.00
ramon: poll                 wall=05m11.002s usage=05m10.772s user=05m10.144s sys=00.628s mem=138MiB roottime=310.140s load=1.00 rootload=1.00
ramon: poll                 wall=05m12.004s usage=05m11.773s user=05m11.146s sys=00.628s mem=138MiB roottime=311.140s load=1.00 rootload=1.00
ramon: poll                 wall=05m13.005s usage=05m12.774s user=05m12.147s sys=00.628s mem=138MiB roottime=312.140s load=1.00 rootload=1.00
ramon: poll                 wall=05m14.000s usage=05m13.770s user=05m13.142s sys=00.628s mem=138MiB roottime=313.140s load=1.00 rootload=1.00
ramon: poll                 wall=05m15.002s usage=05m14.771s user=05m14.143s sys=00.628s mem=138MiB roottime=314.140s load=1.00 rootload=1.00
ramon: poll                 wall=05m16.000s usage=05m15.767s user=05m15.139s sys=00.628s mem=138MiB roottime=315.140s load=1.00 rootload=1.00
ramon: poll                 wall=05m17.000s usage=05m16.767s user=05m16.139s sys=00.628s mem=138MiB roottime=316.140s load=1.00 rootload=1.00
ramon: poll                 wall=05m18.004s usage=05m17.768s user=05m17.140s sys=00.628s mem=138MiB roottime=317.140s load=1.00 rootload=1.00
ramon: poll                 wall=05m19.005s usage=05m18.768s user=05m18.141s sys=00.628s mem=138MiB roottime=318.140s load=1.00 rootload=1.00
ramon: poll                 wall=05m20.000s usage=05m19.763s user=05m19.135s sys=00.628s mem=138MiB roottime=319.130s load=1.00 rootload=0.99
ramon: poll                 wall=05m21.005s usage=05m20.767s user=05m20.139s sys=00.628s mem=138MiB roottime=320.140s load=1.00 rootload=1.01
ramon: poll                 wall=05m22.000s usage=05m21.762s user=05m21.134s sys=00.628s mem=138MiB roottime=321.130s load=1.00 rootload=0.99
ramon: poll                 wall=05m23.004s usage=05m22.764s user=05m22.136s sys=00.628s mem=138MiB roottime=322.130s load=1.00 rootload=1.00
ramon: poll                 wall=05m24.001s usage=05m23.759s user=05m23.131s sys=00.628s mem=138MiB roottime=323.130s load=1.00 rootload=1.00
ramon: poll                 wall=05m25.004s usage=05m24.762s user=05m24.134s sys=00.628s mem=138MiB roottime=324.130s load=1.00 rootload=1.00
ramon: poll                 wall=05m26.014s usage=05m25.773s user=05m25.145s sys=00.628s mem=138MiB roottime=325.140s load=1.00 rootload=1.00
ramon: poll                 wall=05m27.035s usage=05m26.793s user=05m26.166s sys=00.628s mem=138MiB roottime=326.160s load=1.00 rootload=1.00
ramon: poll                 wall=05m28.016s usage=05m27.774s user=05m27.146s sys=00.628s mem=138MiB roottime=327.140s load=1.00 rootload=1.00
ramon: poll                 wall=05m29.100s usage=05m28.857s user=05m28.229s sys=00.628s mem=138MiB roottime=328.230s load=1.00 rootload=1.01
ramon: poll                 wall=05m30.064s usage=05m29.821s user=05m29.193s sys=00.628s mem=138MiB roottime=329.190s load=1.00 rootload=1.00
ramon: poll                 wall=05m31.001s usage=05m30.758s user=05m30.130s sys=00.628s mem=138MiB roottime=330.130s load=1.00 rootload=1.00
ramon: poll                 wall=05m32.040s usage=05m31.796s user=05m31.168s sys=00.629s mem=138MiB roottime=331.160s load=1.00 rootload=0.99
ramon: poll                 wall=05m33.019s usage=05m32.775s user=05m32.146s sys=00.629s mem=138MiB roottime=332.140s load=1.00 rootload=1.00
ramon: poll                 wall=05m34.009s usage=05m33.765s user=05m33.136s sys=00.629s mem=138MiB roottime=333.130s load=1.00 rootload=1.00
ramon: poll                 wall=05m35.000s usage=05m34.757s user=05m34.128s sys=00.629s mem=138MiB roottime=334.120s load=1.00 rootload=1.00
ramon: poll                 wall=05m36.004s usage=05m35.759s user=05m35.131s sys=00.629s mem=138MiB roottime=335.130s load=1.00 rootload=1.01
ramon: poll                 wall=05m37.001s usage=05m36.757s user=05m36.129s sys=00.629s mem=138MiB roottime=336.120s load=1.00 rootload=0.99
ramon: poll                 wall=05m38.003s usage=05m37.758s user=05m37.129s sys=00.629s mem=138MiB roottime=337.130s load=1.00 rootload=1.01
ramon: poll                 wall=05m39.002s usage=05m38.757s user=05m38.128s sys=00.629s mem=138MiB roottime=338.120s load=1.00 rootload=0.99
ramon: poll                 wall=05m40.006s usage=05m39.760s user=05m39.132s sys=00.629s mem=138MiB roottime=339.130s load=1.00 rootload=1.01
ramon: poll                 wall=05m41.000s usage=05m40.755s user=05m40.127s sys=00.629s mem=138MiB roottime=340.120s load=1.00 rootload=1.00
ramon: poll                 wall=05m42.004s usage=05m41.759s user=05m41.130s sys=00.629s mem=138MiB roottime=341.130s load=1.00 rootload=1.01
ramon: poll                 wall=05m43.000s usage=05m42.755s user=05m42.126s sys=00.629s mem=138MiB roottime=342.120s load=1.00 rootload=0.99
ramon: poll                 wall=05m44.004s usage=05m43.758s user=05m43.129s sys=00.629s mem=138MiB roottime=343.130s load=1.00 rootload=1.01
ramon: poll                 wall=05m45.002s usage=05m44.755s user=05m44.127s sys=00.629s mem=138MiB roottime=344.120s load=1.00 rootload=0.99
ramon: poll                 wall=05m46.004s usage=05m45.757s user=05m45.129s sys=00.629s mem=138MiB roottime=345.130s load=1.00 rootload=1.01
ramon: poll                 wall=05m47.002s usage=05m46.755s user=05m46.124s sys=00.631s mem=138MiB roottime=346.120s load=1.00 rootload=0.99
ramon: poll                 wall=05m48.004s usage=05m47.758s user=05m47.126s sys=00.632s mem=138MiB roottime=347.120s load=1.00 rootload=1.00
ramon: poll                 wall=05m49.001s usage=05m48.757s user=05m48.125s sys=00.632s mem=138MiB roottime=348.120s load=1.00 rootload=1.00
ramon: poll                 wall=05m50.000s usage=05m49.754s user=05m49.122s sys=00.632s mem=138MiB roottime=349.120s load=1.00 rootload=1.00
ramon: poll                 wall=05m51.003s usage=05m50.755s user=05m50.124s sys=00.632s mem=138MiB roottime=350.120s load=1.00 rootload=1.00
ramon: poll                 wall=05m52.004s usage=05m51.756s user=05m51.124s sys=00.632s mem=138MiB roottime=351.120s load=1.00 rootload=1.00
ramon: poll                 wall=05m53.000s usage=05m52.753s user=05m52.121s sys=00.632s mem=138MiB roottime=352.120s load=1.00 rootload=1.00
ramon: poll                 wall=05m54.006s usage=05m53.758s user=05m53.126s sys=00.632s mem=138MiB roottime=353.120s load=1.00 rootload=0.99
ramon: poll                 wall=05m55.000s usage=05m54.752s user=05m54.121s sys=00.632s mem=138MiB roottime=354.120s load=1.00 rootload=1.01
ramon: poll                 wall=05m56.003s usage=05m55.755s user=05m55.124s sys=00.632s mem=138MiB roottime=355.120s load=1.00 rootload=1.00
ramon: poll                 wall=05m57.004s usage=05m56.756s user=05m56.123s sys=00.633s mem=138MiB roottime=356.120s load=1.00 rootload=1.00
ramon: poll                 wall=05m58.001s usage=05m57.752s user=05m57.119s sys=00.633s mem=138MiB roottime=357.120s load=1.00 rootload=1.00
ramon: poll                 wall=05m59.005s usage=05m58.756s user=05m58.122s sys=00.634s mem=138MiB roottime=358.120s load=1.00 rootload=1.00
ramon: poll                 wall=06m00.004s usage=05m59.755s user=05m59.121s sys=00.635s mem=138MiB roottime=359.120s load=1.00 rootload=1.00
ramon: poll                 wall=06m01.000s usage=06m00.751s user=06m00.116s sys=00.635s mem=138MiB roottime=360.110s load=1.00 rootload=0.99
ramon: poll                 wall=06m02.003s usage=06m01.753s user=06m01.117s sys=00.636s mem=138MiB roottime=361.110s load=1.00 rootload=1.00
ramon: poll                 wall=06m03.005s usage=06m02.755s user=06m02.118s sys=00.637s mem=138MiB roottime=362.110s load=1.00 rootload=1.00
ramon: poll                 wall=06m04.000s usage=06m03.750s user=06m03.114s sys=00.637s mem=138MiB roottime=363.110s load=1.00 rootload=1.00
ramon: poll                 wall=06m05.003s usage=06m04.752s user=06m04.114s sys=00.638s mem=139MiB roottime=364.110s load=1.00 rootload=1.00
ramon: poll                 wall=06m06.000s usage=06m05.750s user=06m05.112s sys=00.638s mem=139MiB roottime=365.110s load=1.00 rootload=1.00
ramon: poll                 wall=06m07.004s usage=06m06.752s user=06m06.115s sys=00.638s mem=139MiB roottime=366.110s load=1.00 rootload=1.00
ramon: poll                 wall=06m08.002s usage=06m07.751s user=06m07.114s sys=00.638s mem=139MiB roottime=367.110s load=1.00 rootload=1.00
ramon: poll                 wall=06m09.002s usage=06m08.751s user=06m08.113s sys=00.638s mem=139MiB roottime=368.110s load=1.00 rootload=1.00
ramon: poll                 wall=06m10.004s usage=06m09.753s user=06m09.115s sys=00.638s mem=139MiB roottime=369.110s load=1.00 rootload=1.00
ramon: poll                 wall=06m11.002s usage=06m10.750s user=06m10.113s sys=00.638s mem=139MiB roottime=370.110s load=1.00 rootload=1.00
ramon: poll                 wall=06m12.002s usage=06m11.749s user=06m11.111s sys=00.638s mem=139MiB roottime=371.110s load=1.00 rootload=1.00
ramon: poll                 wall=06m13.003s usage=06m12.750s user=06m12.113s sys=00.638s mem=139MiB roottime=372.110s load=1.00 rootload=1.00
ramon: poll                 wall=06m14.004s usage=06m13.751s user=06m13.114s sys=00.638s mem=139MiB roottime=373.110s load=1.00 rootload=1.00
ramon: poll                 wall=06m15.004s usage=06m14.750s user=06m14.112s sys=00.638s mem=139MiB roottime=374.110s load=1.00 rootload=1.00
ramon: poll                 wall=06m16.000s usage=06m15.747s user=06m15.109s sys=00.638s mem=139MiB roottime=375.110s load=1.00 rootload=1.00
ramon: poll                 wall=06m17.004s usage=06m16.750s user=06m16.113s sys=00.638s mem=139MiB roottime=376.110s load=1.00 rootload=1.00
ramon: poll                 wall=06m18.000s usage=06m17.746s user=06m17.109s sys=00.638s mem=139MiB roottime=377.100s load=1.00 rootload=0.99
ramon: poll                 wall=06m19.002s usage=06m18.748s user=06m18.110s sys=00.638s mem=139MiB roottime=378.110s load=1.00 rootload=1.01
ramon: poll                 wall=06m20.002s usage=06m19.747s user=06m19.109s sys=00.638s mem=139MiB roottime=379.110s load=1.00 rootload=1.00
ramon: poll                 wall=06m21.000s usage=06m20.746s user=06m20.107s sys=00.639s mem=139MiB roottime=380.100s load=1.00 rootload=0.99
ramon: poll                 wall=06m22.030s usage=06m21.775s user=06m21.137s sys=00.639s mem=139MiB roottime=381.150s load=1.00 rootload=1.02
ramon: poll                 wall=06m23.000s usage=06m22.745s user=06m22.105s sys=00.640s mem=139MiB roottime=382.100s load=1.00 rootload=0.98
ramon: poll                 wall=06m24.000s usage=06m23.745s user=06m23.105s sys=00.640s mem=139MiB roottime=383.100s load=1.00 rootload=1.00
ramon: poll                 wall=06m25.004s usage=06m24.748s user=06m24.107s sys=00.641s mem=139MiB roottime=384.100s load=1.00 rootload=1.00
ramon: poll                 wall=06m26.000s usage=06m25.743s user=06m25.102s sys=00.642s mem=139MiB roottime=385.100s load=1.00 rootload=1.00
ramon: poll                 wall=06m27.001s usage=06m26.744s user=06m26.103s sys=00.642s mem=139MiB roottime=386.100s load=1.00 rootload=1.00
ramon: poll                 wall=06m28.000s usage=06m27.743s user=06m27.101s sys=00.642s mem=139MiB roottime=387.100s load=1.00 rootload=1.00
ramon: poll                 wall=06m29.000s usage=06m28.743s user=06m28.101s sys=00.642s mem=139MiB roottime=388.100s load=1.00 rootload=1.00
ramon: poll                 wall=06m30.001s usage=06m29.744s user=06m29.102s sys=00.642s mem=139MiB roottime=389.100s load=1.00 rootload=1.00
ramon: poll                 wall=06m31.000s usage=06m30.743s user=06m30.101s sys=00.642s mem=139MiB roottime=390.100s load=1.00 rootload=1.00
ramon: poll                 wall=06m32.000s usage=06m31.742s user=06m31.100s sys=00.642s mem=139MiB roottime=391.100s load=1.00 rootload=1.00
ramon: poll                 wall=06m33.000s usage=06m32.742s user=06m32.100s sys=00.642s mem=139MiB roottime=392.100s load=1.00 rootload=1.00
ramon: poll                 wall=06m34.000s usage=06m33.742s user=06m33.098s sys=00.644s mem=139MiB roottime=393.090s load=1.00 rootload=0.99
ramon: poll                 wall=06m35.000s usage=06m34.742s user=06m34.098s sys=00.644s mem=139MiB roottime=394.090s load=1.00 rootload=1.00
ramon: poll                 wall=06m36.003s usage=06m35.745s user=06m35.101s sys=00.644s mem=139MiB roottime=395.100s load=1.00 rootload=1.01
ramon: poll                 wall=06m37.000s usage=06m36.741s user=06m36.097s sys=00.644s mem=139MiB roottime=396.090s load=1.00 rootload=0.99
ramon: poll                 wall=06m38.000s usage=06m37.741s user=06m37.094s sys=00.647s mem=139MiB roottime=397.090s load=1.00 rootload=1.00
ramon: poll                 wall=06m39.000s usage=06m38.741s user=06m38.093s sys=00.648s mem=139MiB roottime=398.090s load=1.00 rootload=1.00
ramon: poll                 wall=06m40.000s usage=06m39.740s user=06m39.092s sys=00.648s mem=139MiB roottime=399.090s load=1.00 rootload=1.00
ramon: poll                 wall=06m41.000s usage=06m40.740s user=06m40.092s sys=00.648s mem=139MiB roottime=400.090s load=1.00 rootload=1.00
ramon: poll                 wall=06m42.003s usage=06m41.743s user=06m41.095s sys=00.648s mem=139MiB roottime=401.090s load=1.00 rootload=1.00
ramon: poll                 wall=06m43.001s usage=06m42.740s user=06m42.093s sys=00.648s mem=139MiB roottime=402.090s load=1.00 rootload=1.00
ramon: poll                 wall=06m44.000s usage=06m43.739s user=06m43.091s sys=00.648s mem=139MiB roottime=403.090s load=1.00 rootload=1.00
ramon: poll                 wall=06m45.000s usage=06m44.739s user=06m44.091s sys=00.648s mem=139MiB roottime=404.090s load=1.00 rootload=1.00
ramon: poll                 wall=06m46.000s usage=06m45.738s user=06m45.090s sys=00.648s mem=139MiB roottime=405.090s load=1.00 rootload=1.00
ramon: poll                 wall=06m47.000s usage=06m46.738s user=06m46.088s sys=00.650s mem=140MiB roottime=406.080s load=1.00 rootload=0.99
ramon: poll                 wall=06m48.000s usage=06m47.737s user=06m47.088s sys=00.650s mem=140MiB roottime=407.080s load=1.00 rootload=1.00
ramon: poll                 wall=06m49.000s usage=06m48.737s user=06m48.086s sys=00.651s mem=140MiB roottime=408.080s load=1.00 rootload=1.00
ramon: poll                 wall=06m50.003s usage=06m49.740s user=06m49.089s sys=00.651s mem=140MiB roottime=409.080s load=1.00 rootload=1.00
ramon: poll                 wall=06m51.000s usage=06m50.737s user=06m50.084s sys=00.653s mem=140MiB roottime=410.080s load=1.00 rootload=1.00
ramon: poll                 wall=06m52.000s usage=06m51.736s user=06m51.082s sys=00.654s mem=140MiB roottime=411.080s load=1.00 rootload=1.00
ramon: poll                 wall=06m53.000s usage=06m52.736s user=06m52.082s sys=00.654s mem=140MiB roottime=412.080s load=1.00 rootload=1.00
ramon: poll                 wall=06m54.001s usage=06m53.736s user=06m53.083s sys=00.654s mem=140MiB roottime=413.080s load=1.00 rootload=1.00
ramon: poll                 wall=06m55.002s usage=06m54.737s user=06m54.081s sys=00.657s mem=140MiB roottime=414.080s load=1.00 rootload=1.00
ramon: poll                 wall=06m56.000s usage=06m55.735s user=06m55.078s sys=00.657s mem=140MiB roottime=415.070s load=1.00 rootload=0.99
ramon: poll                 wall=06m57.000s usage=06m56.735s user=06m56.078s sys=00.657s mem=140MiB roottime=416.070s load=1.00 rootload=1.00
ramon: poll                 wall=06m58.004s usage=06m57.738s user=06m57.081s sys=00.658s mem=140MiB roottime=417.080s load=1.00 rootload=1.01
ramon: poll                 wall=06m59.013s usage=06m58.747s user=06m58.085s sys=00.662s mem=140MiB roottime=418.080s load=1.00 rootload=0.99
ramon: poll                 wall=07m00.004s usage=06m59.738s user=06m59.074s sys=00.664s mem=140MiB roottime=419.070s load=1.00 rootload=1.00
ramon: poll                 wall=07m01.002s usage=07m00.735s user=07m00.072s sys=00.664s mem=140MiB roottime=420.070s load=1.00 rootload=1.00
ramon: poll                 wall=07m02.000s usage=07m01.733s user=07m01.069s sys=00.664s mem=140MiB roottime=421.060s load=1.00 rootload=0.99
ramon: poll                 wall=07m03.007s usage=07m02.740s user=07m02.076s sys=00.664s mem=140MiB roottime=422.070s load=1.00 rootload=1.00
ramon: poll                 wall=07m04.000s usage=07m03.732s user=07m03.068s sys=00.664s mem=140MiB roottime=423.060s load=1.00 rootload=1.00
ramon: poll                 wall=07m05.000s usage=07m04.732s user=07m04.068s sys=00.664s mem=140MiB roottime=424.060s load=1.00 rootload=1.00
ramon: poll                 wall=07m06.000s usage=07m05.732s user=07m05.068s sys=00.664s mem=140MiB roottime=425.060s load=1.00 rootload=1.00
ramon: poll                 wall=07m07.002s usage=07m06.734s user=07m06.069s sys=00.665s mem=140MiB roottime=426.060s load=1.00 rootload=1.00
ramon: poll                 wall=07m08.000s usage=07m07.731s user=07m07.065s sys=00.667s mem=141MiB roottime=427.060s load=1.00 rootload=1.00
ramon: poll                 wall=07m09.004s usage=07m08.735s user=07m08.067s sys=00.668s mem=141MiB roottime=428.060s load=1.00 rootload=1.00
ramon: poll                 wall=07m10.004s usage=07m09.735s user=07m09.066s sys=00.669s mem=141MiB roottime=429.060s load=1.00 rootload=1.00
ramon: poll                 wall=07m11.001s usage=07m10.732s user=07m10.063s sys=00.669s mem=141MiB roottime=430.060s load=1.00 rootload=1.00
ramon: poll                 wall=07m12.003s usage=07m11.734s user=07m11.065s sys=00.669s mem=141MiB roottime=431.060s load=1.00 rootload=1.00
ramon: poll                 wall=07m13.000s usage=07m12.730s user=07m12.061s sys=00.670s mem=141MiB roottime=432.060s load=1.00 rootload=1.00
ramon: poll                 wall=07m14.000s usage=07m13.730s user=07m13.060s sys=00.670s mem=141MiB roottime=433.060s load=1.00 rootload=1.00
ramon: poll                 wall=07m15.000s usage=07m14.730s user=07m14.060s sys=00.670s mem=141MiB roottime=434.060s load=1.00 rootload=1.00
ramon: poll                 wall=07m16.000s usage=07m15.730s user=07m15.060s sys=00.670s mem=141MiB roottime=435.060s load=1.00 rootload=1.00
ramon: poll                 wall=07m17.000s usage=07m16.730s user=07m16.060s sys=00.670s mem=141MiB roottime=436.060s load=1.00 rootload=1.00
ramon: poll                 wall=07m18.000s usage=07m17.729s user=07m17.060s sys=00.670s mem=141MiB roottime=437.060s load=1.00 rootload=1.00
ramon: poll                 wall=07m19.002s usage=07m18.731s user=07m18.061s sys=00.670s mem=141MiB roottime=438.060s load=1.00 rootload=1.00
ramon: poll                 wall=07m20.025s usage=07m19.754s user=07m19.083s sys=00.671s mem=141MiB roottime=439.080s load=1.00 rootload=1.00
ramon: poll                 wall=07m21.007s usage=07m20.736s user=07m20.065s sys=00.671s mem=141MiB roottime=440.060s load=1.00 rootload=1.00
ramon: poll                 wall=07m22.016s usage=07m21.745s user=07m21.074s sys=00.671s mem=141MiB roottime=441.070s load=1.00 rootload=1.00
ramon: poll                 wall=07m23.006s usage=07m22.734s user=07m22.063s sys=00.671s mem=141MiB roottime=442.060s load=1.00 rootload=1.00
ramon: poll                 wall=07m24.000s usage=07m23.728s user=07m23.057s sys=00.671s mem=141MiB roottime=443.050s load=1.00 rootload=1.00
ramon: poll                 wall=07m25.000s usage=07m24.728s user=07m24.057s sys=00.671s mem=141MiB roottime=444.050s load=1.00 rootload=1.00
ramon: poll                 wall=07m26.004s usage=07m25.732s user=07m25.061s sys=00.671s mem=141MiB roottime=445.060s load=1.00 rootload=1.01
ramon: poll                 wall=07m27.000s usage=07m26.727s user=07m26.057s sys=00.671s mem=141MiB roottime=446.050s load=1.00 rootload=0.99
ramon: poll                 wall=07m28.000s usage=07m27.727s user=07m27.057s sys=00.671s mem=141MiB roottime=447.050s load=1.00 rootload=1.00
ramon: poll                 wall=07m29.002s usage=07m28.729s user=07m28.058s sys=00.671s mem=141MiB roottime=448.050s load=1.00 rootload=1.00
ramon: poll                 wall=07m30.024s usage=07m29.751s user=07m29.080s sys=00.671s mem=141MiB roottime=449.080s load=1.00 rootload=1.01
ramon: poll                 wall=07m31.054s usage=07m30.781s user=07m30.110s sys=00.671s mem=141MiB roottime=450.110s load=1.00 rootload=1.00
ramon: poll                 wall=07m32.008s usage=07m31.735s user=07m31.064s sys=00.671s mem=141MiB roottime=451.060s load=1.00 rootload=1.00
ramon: poll                 wall=07m33.000s usage=07m32.726s user=07m32.056s sys=00.671s mem=141MiB roottime=452.050s load=1.00 rootload=1.00
ramon: poll                 wall=07m34.000s usage=07m33.726s user=07m33.056s sys=00.671s mem=141MiB roottime=453.050s load=1.00 rootload=1.00
ramon: poll                 wall=07m35.002s usage=07m34.728s user=07m34.057s sys=00.671s mem=141MiB roottime=454.050s load=1.00 rootload=1.00
ramon: poll                 wall=07m36.002s usage=07m35.728s user=07m35.057s sys=00.671s mem=141MiB roottime=455.050s load=1.00 rootload=1.00
ramon: poll                 wall=07m37.000s usage=07m36.726s user=07m36.055s sys=00.671s mem=141MiB roottime=456.050s load=1.00 rootload=1.00
ramon: poll                 wall=07m38.003s usage=07m37.729s user=07m37.058s sys=00.671s mem=141MiB roottime=457.050s load=1.00 rootload=1.00
ramon: poll                 wall=07m39.000s usage=07m38.725s user=07m38.054s sys=00.671s mem=141MiB roottime=458.050s load=1.00 rootload=1.00
ramon: poll                 wall=07m40.002s usage=07m39.727s user=07m39.056s sys=00.671s mem=141MiB roottime=459.050s load=1.00 rootload=1.00
ramon: poll                 wall=07m41.002s usage=07m40.727s user=07m40.056s sys=00.671s mem=141MiB roottime=460.050s load=1.00 rootload=1.00
ramon: poll                 wall=07m42.001s usage=07m41.726s user=07m41.055s sys=00.671s mem=141MiB roottime=461.050s load=1.00 rootload=1.00
ramon: poll                 wall=07m43.004s usage=07m42.728s user=07m42.058s sys=00.671s mem=141MiB roottime=462.050s load=1.00 rootload=1.00
ramon: poll                 wall=07m44.000s usage=07m43.725s user=07m43.055s sys=00.671s mem=141MiB roottime=463.050s load=1.00 rootload=1.00
ramon: poll                 wall=07m45.000s usage=07m44.724s user=07m44.053s sys=00.671s mem=141MiB roottime=464.050s load=1.00 rootload=1.00
ramon: poll                 wall=07m46.004s usage=07m45.728s user=07m45.057s sys=00.671s mem=141MiB roottime=465.050s load=1.00 rootload=1.00
ramon: poll                 wall=07m47.000s usage=07m46.724s user=07m46.053s sys=00.671s mem=141MiB roottime=466.050s load=1.00 rootload=1.00
ramon: poll                 wall=07m48.000s usage=07m47.724s user=07m47.053s sys=00.671s mem=141MiB roottime=467.050s load=1.00 rootload=1.00
ramon: poll                 wall=07m49.004s usage=07m48.727s user=07m48.057s sys=00.671s mem=141MiB roottime=468.050s load=1.00 rootload=1.00
ramon: poll                 wall=07m50.000s usage=07m49.723s user=07m49.052s sys=00.671s mem=141MiB roottime=469.050s load=1.00 rootload=1.00
ramon: poll                 wall=07m51.000s usage=07m50.723s user=07m50.052s sys=00.671s mem=141MiB roottime=470.050s load=1.00 rootload=1.00
ramon: poll                 wall=07m52.000s usage=07m51.723s user=07m51.052s sys=00.671s mem=141MiB roottime=471.050s load=1.00 rootload=1.00
ramon: poll                 wall=07m53.004s usage=07m52.727s user=07m52.056s sys=00.671s mem=141MiB roottime=472.050s load=1.00 rootload=1.00
ramon: poll                 wall=07m54.000s usage=07m53.722s user=07m53.052s sys=00.671s mem=141MiB roottime=473.050s load=1.00 rootload=1.00
ramon: poll                 wall=07m55.000s usage=07m54.722s user=07m54.052s sys=00.671s mem=141MiB roottime=474.050s load=1.00 rootload=1.00
ramon: poll                 wall=07m56.003s usage=07m55.725s user=07m55.054s sys=00.671s mem=141MiB roottime=475.050s load=1.00 rootload=1.00
ramon: poll                 wall=07m57.000s usage=07m56.722s user=07m56.051s sys=00.671s mem=141MiB roottime=476.050s load=1.00 rootload=1.00
ramon: poll                 wall=07m58.004s usage=07m57.726s user=07m57.055s sys=00.671s mem=141MiB roottime=477.050s load=1.00 rootload=1.00
ramon: poll                 wall=07m59.000s usage=07m58.722s user=07m58.051s sys=00.671s mem=141MiB roottime=478.050s load=1.00 rootload=1.00
ramon: poll                 wall=08m00.000s usage=07m59.721s user=07m59.051s sys=00.671s mem=141MiB roottime=479.050s load=1.00 rootload=1.00
ramon: poll                 wall=08m01.002s usage=08m00.723s user=08m00.052s sys=00.671s mem=141MiB roottime=480.050s load=1.00 rootload=1.00
ramon: poll                 wall=08m02.002s usage=08m01.723s user=08m01.052s sys=00.671s mem=141MiB roottime=481.050s load=1.00 rootload=1.00
ramon: poll                 wall=08m03.000s usage=08m02.721s user=08m02.050s sys=00.671s mem=141MiB roottime=482.050s load=1.00 rootload=1.00
ramon: poll                 wall=08m04.003s usage=08m03.723s user=08m03.053s sys=00.671s mem=141MiB roottime=483.050s load=1.00 rootload=1.00
ramon: poll                 wall=08m05.000s usage=08m04.720s user=08m04.050s sys=00.671s mem=141MiB roottime=484.050s load=1.00 rootload=1.00
ramon: poll                 wall=08m06.005s usage=08m05.725s user=08m05.054s sys=00.671s mem=141MiB roottime=485.050s load=1.00 rootload=1.00
ramon: poll                 wall=08m07.000s usage=08m06.720s user=08m06.049s sys=00.671s mem=141MiB roottime=486.050s load=1.00 rootload=1.00
ramon: poll                 wall=08m08.000s usage=08m07.720s user=08m07.049s sys=00.671s mem=141MiB roottime=487.050s load=1.00 rootload=1.00
ramon: poll                 wall=08m09.001s usage=08m08.720s user=08m08.050s sys=00.671s mem=141MiB roottime=488.050s load=1.00 rootload=1.00
ramon: poll                 wall=08m10.003s usage=08m09.722s user=08m09.051s sys=00.671s mem=141MiB roottime=489.050s load=1.00 rootload=1.00
ramon: poll                 wall=08m11.000s usage=08m10.719s user=08m10.048s sys=00.671s mem=141MiB roottime=490.040s load=1.00 rootload=0.99
ramon: poll                 wall=08m12.000s usage=08m11.719s user=08m11.048s sys=00.671s mem=141MiB roottime=491.040s load=1.00 rootload=1.00
ramon: poll                 wall=08m13.000s usage=08m12.719s user=08m12.048s sys=00.671s mem=141MiB roottime=492.040s load=1.00 rootload=1.00
ramon: poll                 wall=08m14.003s usage=08m13.721s user=08m13.051s sys=00.671s mem=141MiB roottime=493.050s load=1.00 rootload=1.01
ramon: poll                 wall=08m15.000s usage=08m14.718s user=08m14.047s sys=00.672s mem=141MiB roottime=494.040s load=1.00 rootload=0.99
ramon: poll                 wall=08m16.004s usage=08m15.722s user=08m15.047s sys=00.675s mem=141MiB roottime=495.040s load=1.00 rootload=1.00
ramon: poll                 wall=08m17.000s usage=08m16.718s user=08m16.042s sys=00.676s mem=141MiB roottime=496.040s load=1.00 rootload=1.00
ramon: poll                 wall=08m18.000s usage=08m17.718s user=08m17.042s sys=00.676s mem=141MiB roottime=497.040s load=1.00 rootload=1.00
ramon: poll                 wall=08m19.003s usage=08m18.720s user=08m18.045s sys=00.676s mem=141MiB roottime=498.040s load=1.00 rootload=1.00
ramon: poll                 wall=08m20.000s usage=08m19.717s user=08m19.041s sys=00.676s mem=141MiB roottime=499.040s load=1.00 rootload=1.00
ramon: poll                 wall=08m21.004s usage=08m20.721s user=08m20.045s sys=00.676s mem=141MiB roottime=500.040s load=1.00 rootload=1.00
ramon: poll                 wall=08m22.000s usage=08m21.717s user=08m21.040s sys=00.677s mem=141MiB roottime=501.040s load=1.00 rootload=1.00
ramon: poll                 wall=08m23.000s usage=08m22.716s user=08m22.039s sys=00.678s mem=141MiB roottime=502.040s load=1.00 rootload=1.00
ramon: poll                 wall=08m24.002s usage=08m23.718s user=08m23.038s sys=00.680s mem=141MiB roottime=503.030s load=1.00 rootload=0.99
ramon: poll                 wall=08m25.003s usage=08m24.719s user=08m24.038s sys=00.681s mem=141MiB roottime=504.030s load=1.00 rootload=1.00
ramon: poll                 wall=08m26.000s usage=08m25.718s user=08m25.035s sys=00.683s mem=141MiB roottime=505.030s load=1.00 rootload=1.00
ramon: poll                 wall=08m27.004s usage=08m26.719s user=08m26.037s sys=00.683s mem=141MiB roottime=506.030s load=1.00 rootload=1.00
ramon: poll                 wall=08m28.000s usage=08m27.715s user=08m27.032s sys=00.683s mem=141MiB roottime=507.030s load=1.00 rootload=1.00
ramon: poll                 wall=08m29.004s usage=08m28.719s user=08m28.036s sys=00.683s mem=141MiB roottime=508.030s load=1.00 rootload=1.00
ramon: poll                 wall=08m30.000s usage=08m29.715s user=08m29.033s sys=00.683s mem=141MiB roottime=509.030s load=1.00 rootload=1.00
ramon: poll                 wall=08m31.002s usage=08m30.716s user=08m30.033s sys=00.683s mem=141MiB roottime=510.030s load=1.00 rootload=1.00
ramon: poll                 wall=08m32.000s usage=08m31.714s user=08m31.031s sys=00.683s mem=141MiB roottime=511.030s load=1.00 rootload=1.00
ramon: poll                 wall=08m33.002s usage=08m32.715s user=08m32.032s sys=00.683s mem=141MiB roottime=512.030s load=1.00 rootload=1.00
ramon: poll                 wall=08m34.003s usage=08m33.716s user=08m33.033s sys=00.683s mem=141MiB roottime=513.030s load=1.00 rootload=1.00
ramon: poll                 wall=08m35.000s usage=08m34.712s user=08m34.029s sys=00.684s mem=141MiB roottime=514.030s load=1.00 rootload=1.00
ramon: poll                 wall=08m36.002s usage=08m35.714s user=08m35.030s sys=00.684s mem=141MiB roottime=515.030s load=1.00 rootload=1.00
ramon: poll                 wall=08m37.004s usage=08m36.716s user=08m36.032s sys=00.684s mem=141MiB roottime=516.030s load=1.00 rootload=1.00
ramon: poll                 wall=08m38.000s usage=08m37.712s user=08m37.028s sys=00.684s mem=141MiB roottime=517.020s load=1.00 rootload=0.99
ramon: poll                 wall=08m39.000s usage=08m38.711s user=08m38.027s sys=00.684s mem=141MiB roottime=518.020s load=1.00 rootload=1.00
ramon: poll                 wall=08m40.004s usage=08m39.715s user=08m39.031s sys=00.684s mem=141MiB roottime=519.030s load=1.00 rootload=1.01
ramon: poll                 wall=08m41.000s usage=08m40.711s user=08m40.027s sys=00.684s mem=141MiB roottime=520.020s load=1.00 rootload=0.99
ramon: poll                 wall=08m42.000s usage=08m41.710s user=08m41.026s sys=00.684s mem=141MiB roottime=521.020s load=1.00 rootload=1.00
ramon: poll                 wall=08m43.003s usage=08m42.712s user=08m42.028s sys=00.685s mem=141MiB roottime=522.020s load=1.00 rootload=1.00
ramon: poll                 wall=08m44.000s usage=08m43.709s user=08m43.024s sys=00.686s mem=141MiB roottime=523.020s load=1.00 rootload=1.00
ramon: poll                 wall=08m45.000s usage=08m44.717s user=08m44.030s sys=00.687s mem=141MiB roottime=524.040s load=1.01 rootload=1.02
ramon: poll                 wall=08m46.000s usage=08m45.709s user=08m45.022s sys=00.687s mem=141MiB roottime=525.020s load=0.99 rootload=0.98
ramon: poll                 wall=08m47.002s usage=08m46.711s user=08m46.024s sys=00.687s mem=141MiB roottime=526.020s load=1.00 rootload=1.00
ramon: poll                 wall=08m48.000s usage=08m47.708s user=08m47.022s sys=00.687s mem=141MiB roottime=527.020s load=1.00 rootload=1.00
ramon: poll                 wall=08m49.004s usage=08m48.712s user=08m48.025s sys=00.687s mem=141MiB roottime=528.020s load=1.00 rootload=1.00
ramon: poll                 wall=08m50.000s usage=08m49.708s user=08m49.021s sys=00.687s mem=141MiB roottime=529.020s load=1.00 rootload=1.00
ramon: poll                 wall=08m51.000s usage=08m50.708s user=08m50.021s sys=00.687s mem=141MiB roottime=530.020s load=1.00 rootload=1.00
ramon: poll                 wall=08m52.005s usage=08m51.713s user=08m51.026s sys=00.687s mem=141MiB roottime=531.020s load=1.00 rootload=1.00
ramon: poll                 wall=08m53.000s usage=08m52.707s user=08m52.019s sys=00.689s mem=141MiB roottime=532.010s load=1.00 rootload=0.99
ramon: poll                 wall=08m54.000s usage=08m53.707s user=08m53.018s sys=00.689s mem=141MiB roottime=533.010s load=1.00 rootload=1.00
ramon: poll                 wall=08m55.000s usage=08m54.707s user=08m54.018s sys=00.689s mem=141MiB roottime=534.010s load=1.00 rootload=1.00
ramon: poll                 wall=08m56.001s usage=08m55.708s user=08m55.018s sys=00.690s mem=141MiB roottime=535.010s load=1.00 rootload=1.00
ramon: poll                 wall=08m57.000s usage=08m56.706s user=08m56.017s sys=00.690s mem=141MiB roottime=536.010s load=1.00 rootload=1.00
ramon: poll                 wall=08m58.000s usage=08m57.706s user=08m57.017s sys=00.690s mem=141MiB roottime=537.010s load=1.00 rootload=1.00
ramon: poll                 wall=08m59.025s usage=08m58.731s user=08m58.040s sys=00.691s mem=141MiB roottime=538.040s load=1.00 rootload=1.01
ramon: poll                 wall=09m00.000s usage=08m59.707s user=08m59.016s sys=00.691s mem=141MiB roottime=539.010s load=1.00 rootload=0.99
ramon: poll                 wall=09m01.000s usage=09m00.705s user=09m00.015s sys=00.691s mem=141MiB roottime=540.010s load=1.00 rootload=1.00
ramon: poll                 wall=09m02.000s usage=09m01.706s user=09m01.015s sys=00.692s mem=141MiB roottime=541.010s load=1.00 rootload=1.00
ramon: poll                 wall=09m03.001s usage=09m02.706s user=09m02.012s sys=00.694s mem=142MiB roottime=542.010s load=1.00 rootload=1.00
ramon: poll                 wall=09m04.000s usage=09m03.705s user=09m03.011s sys=00.694s mem=142MiB roottime=543.010s load=1.00 rootload=1.00
ramon: poll                 wall=09m05.029s usage=09m04.733s user=09m04.040s sys=00.694s mem=142MiB roottime=544.030s load=1.00 rootload=0.99
ramon: poll                 wall=09m06.000s usage=09m05.704s user=09m05.010s sys=00.694s mem=142MiB roottime=545.010s load=1.00 rootload=1.01
ramon: poll                 wall=09m07.000s usage=09m06.703s user=09m06.009s sys=00.695s mem=142MiB roottime=546.000s load=1.00 rootload=0.99
ramon: poll                 wall=09m08.000s usage=09m07.703s user=09m07.008s sys=00.695s mem=142MiB roottime=547.000s load=1.00 rootload=1.00
ramon: poll                 wall=09m09.000s usage=09m08.702s user=09m08.007s sys=00.695s mem=142MiB roottime=548.000s load=1.00 rootload=1.00
ramon: poll                 wall=09m10.060s usage=09m09.762s user=09m09.066s sys=00.696s mem=142MiB roottime=549.060s load=1.00 rootload=1.00
ramon: poll                 wall=09m11.000s usage=09m10.702s user=09m10.005s sys=00.697s mem=142MiB roottime=550.000s load=1.00 rootload=1.00
ramon: poll                 wall=09m12.000s usage=09m11.701s user=09m11.004s sys=00.698s mem=142MiB roottime=551.000s load=1.00 rootload=1.00
ramon: poll                 wall=09m13.000s usage=09m12.701s user=09m12.003s sys=00.698s mem=142MiB roottime=552.000s load=1.00 rootload=1.00
ramon: poll                 wall=09m14.005s usage=09m13.706s user=09m13.007s sys=00.699s mem=142MiB roottime=553.000s load=1.00 rootload=1.00
ramon: poll                 wall=09m15.000s usage=09m14.700s user=09m14.000s sys=00.700s mem=142MiB roottime=554.000s load=1.00 rootload=1.00
ramon: poll                 wall=09m16.000s usage=09m15.700s user=09m14.999s sys=00.701s mem=142MiB roottime=555.000s load=1.00 rootload=1.00
ramon: poll                 wall=09m17.000s usage=09m16.700s user=09m15.997s sys=00.703s mem=142MiB roottime=555.990s load=1.00 rootload=0.99
ramon: poll                 wall=09m18.005s usage=09m17.705s user=09m17.001s sys=00.704s mem=142MiB roottime=557.000s load=1.00 rootload=1.01
ramon: poll                 wall=09m19.000s usage=09m18.699s user=09m17.996s sys=00.704s mem=142MiB roottime=557.990s load=1.00 rootload=0.99
ramon: poll                 wall=09m20.000s usage=09m19.699s user=09m18.995s sys=00.704s mem=142MiB roottime=558.990s load=1.00 rootload=1.00
ramon: poll                 wall=09m21.002s usage=09m20.701s user=09m19.997s sys=00.704s mem=142MiB roottime=559.990s load=1.00 rootload=1.00
ramon: poll                 wall=09m22.000s usage=09m21.698s user=09m20.994s sys=00.704s mem=142MiB roottime=560.990s load=1.00 rootload=1.00
ramon: poll                 wall=09m23.002s usage=09m22.700s user=09m21.996s sys=00.704s mem=142MiB roottime=561.990s load=1.00 rootload=1.00
ramon: poll                 wall=09m24.004s usage=09m23.701s user=09m22.998s sys=00.704s mem=142MiB roottime=562.990s load=1.00 rootload=1.00
ramon: poll                 wall=09m25.000s usage=09m24.698s user=09m23.994s sys=00.704s mem=142MiB roottime=563.990s load=1.00 rootload=1.00
ramon: poll                 wall=09m26.000s usage=09m25.697s user=09m24.993s sys=00.704s mem=142MiB roottime=564.990s load=1.00 rootload=1.00
ramon: poll                 wall=09m27.004s usage=09m26.700s user=09m25.997s sys=00.704s mem=142MiB roottime=565.990s load=1.00 rootload=1.00
ramon: poll                 wall=09m28.000s usage=09m27.696s user=09m26.992s sys=00.704s mem=142MiB roottime=566.990s load=1.00 rootload=1.00
ramon: poll                 wall=09m29.004s usage=09m28.700s user=09m27.996s sys=00.704s mem=142MiB roottime=567.990s load=1.00 rootload=1.00
ramon: poll                 wall=09m30.000s usage=09m29.697s user=09m28.993s sys=00.704s mem=142MiB roottime=568.990s load=1.00 rootload=1.00
ramon: poll                 wall=09m31.000s usage=09m30.695s user=09m29.992s sys=00.704s mem=142MiB roottime=569.990s load=1.00 rootload=1.00
ramon: poll                 wall=09m32.003s usage=09m31.698s user=09m30.994s sys=00.704s mem=142MiB roottime=570.990s load=1.00 rootload=1.00
ramon: poll                 wall=09m33.000s usage=09m32.695s user=09m31.991s sys=00.704s mem=142MiB roottime=571.990s load=1.00 rootload=1.00
ramon: poll                 wall=09m34.005s usage=09m33.699s user=09m32.996s sys=00.704s mem=142MiB roottime=572.990s load=1.00 rootload=1.00
ramon: poll                 wall=09m35.000s usage=09m34.694s user=09m33.991s sys=00.704s mem=142MiB roottime=573.990s load=1.00 rootload=1.00
ramon: poll                 wall=09m36.000s usage=09m35.694s user=09m34.990s sys=00.704s mem=142MiB roottime=574.990s load=1.00 rootload=1.00
ramon: poll                 wall=09m37.001s usage=09m36.695s user=09m35.991s sys=00.704s mem=142MiB roottime=575.990s load=1.00 rootload=1.00
ramon: poll                 wall=09m38.002s usage=09m37.696s user=09m36.992s sys=00.704s mem=142MiB roottime=576.990s load=1.00 rootload=1.00
ramon: poll                 wall=09m39.000s usage=09m38.694s user=09m37.990s sys=00.704s mem=142MiB roottime=577.990s load=1.00 rootload=1.00
ramon: poll                 wall=09m40.004s usage=09m39.697s user=09m38.993s sys=00.704s mem=142MiB roottime=578.990s load=1.00 rootload=1.00
ramon: poll                 wall=09m41.000s usage=09m40.693s user=09m39.989s sys=00.704s mem=142MiB roottime=579.990s load=1.00 rootload=1.00
ramon: poll                 wall=09m42.000s usage=09m41.693s user=09m40.989s sys=00.704s mem=142MiB roottime=580.990s load=1.00 rootload=1.00
ramon: poll                 wall=09m43.004s usage=09m42.697s user=09m41.993s sys=00.704s mem=142MiB roottime=581.990s load=1.00 rootload=1.00
ramon: poll                 wall=09m44.000s usage=09m43.693s user=09m42.990s sys=00.704s mem=142MiB roottime=582.980s load=1.00 rootload=0.99
ramon: poll                 wall=09m45.000s usage=09m44.692s user=09m43.989s sys=00.704s mem=142MiB roottime=583.980s load=1.00 rootload=1.00
ramon: poll                 wall=09m46.004s usage=09m45.696s user=09m44.992s sys=00.704s mem=142MiB roottime=584.990s load=1.00 rootload=1.01
ramon: poll                 wall=09m47.000s usage=09m46.693s user=09m45.989s sys=00.704s mem=142MiB roottime=585.980s load=1.00 rootload=0.99
ramon: poll                 wall=09m48.004s usage=09m47.696s user=09m46.992s sys=00.704s mem=142MiB roottime=586.990s load=1.00 rootload=1.01
ramon: poll                 wall=09m49.000s usage=09m48.692s user=09m47.988s sys=00.704s mem=142MiB roottime=587.980s load=1.00 rootload=0.99
ramon: poll                 wall=09m50.000s usage=09m49.691s user=09m48.988s sys=00.704s mem=142MiB roottime=588.980s load=1.00 rootload=1.00
ramon: poll                 wall=09m51.004s usage=09m50.695s user=09m49.992s sys=00.704s mem=142MiB roottime=589.990s load=1.00 rootload=1.01
ramon: poll                 wall=09m52.000s usage=09m51.691s user=09m50.987s sys=00.704s mem=142MiB roottime=590.980s load=1.00 rootload=0.99
ramon: poll                 wall=09m53.000s usage=09m52.691s user=09m51.987s sys=00.704s mem=142MiB roottime=591.980s load=1.00 rootload=1.00
ramon: poll                 wall=09m54.003s usage=09m53.694s user=09m52.990s sys=00.704s mem=142MiB roottime=592.990s load=1.00 rootload=1.01
ramon: poll                 wall=09m55.000s usage=09m54.692s user=09m53.988s sys=00.704s mem=142MiB roottime=593.980s load=1.00 rootload=0.99
ramon: poll                 wall=09m56.004s usage=09m55.694s user=09m54.991s sys=00.704s mem=142MiB roottime=594.990s load=1.00 rootload=1.01
ramon: poll                 wall=09m57.000s usage=09m56.690s user=09m55.986s sys=00.704s mem=142MiB roottime=595.980s load=1.00 rootload=0.99
ramon: poll                 wall=09m58.002s usage=09m57.692s user=09m56.988s sys=00.704s mem=142MiB roottime=596.980s load=1.00 rootload=1.00
ramon: poll                 wall=09m59.000s usage=09m58.690s user=09m57.986s sys=00.704s mem=142MiB roottime=597.980s load=1.00 rootload=1.00
ramon: poll                 wall=10m00.002s usage=09m59.692s user=09m58.988s sys=00.704s mem=142MiB roottime=598.990s load=1.00 rootload=1.01
ramon: end                  Fri Apr 18 12:26:16 2025
ramon: root.execname        z3
ramon: root.utime           599.020s
ramon: root.stime           0.740s
ramon: group.total          599.764s
ramon: group.utime          599.024s
ramon: group.stime          0.740s
ramon: group.mempeak        143MiB
ramon: group.pidpeak        2
ramon: status               exited
ramon: exitcode             0
ramon: walltime             600.073s
ramon: loadavg              1.00
