sat
(:added-eqs                   387808
 :arith-eq-adapter            1542
 :arith-bound-propagations-lp 22758
 :arith-conflicts             112
 :arith-diseq                 3630
 :arith-fixed-eqs             20319
 :arith-lower                 25415
 :arith-make-feasible         4883
 :arith-max-columns           1541
 :arith-max-rows              613
 :arith-offset-eqs            7902
 :arith-upper                 25000
 :binary-propagations         10941333
 :conflicts                   9502
 :decisions                   243955
 :del-clause                  3715
 :final-checks                1
 :max-memory                  140.00
 :memory                      73.51
 :minimized-lits              122838
 :mk-bool-var                 42440
 :mk-clause                   31933
 :mk-clause-binary            533747
 :num-allocs                  110358548326.00
 :num-checks                  1
 :propagations                12847013
 :restarts                    66
 :rlimit-count                65754699
 :time                        84.26
 :total-time                  142.07)
