unsat
(:arith-conflicts              2
 :arith-grobner-calls          1
 :arith-lower                  1
 :arith-make-feasible          2
 :arith-max-columns            19
 :arith-max-rows               2
 :arith-nla-lemmas             1
 :arith-nla-propagate-bounds   1
 :arith-nra-calls              1
 :arith-upper                  7
 :conflicts                    1
 :final-checks                 2
 :max-memory                   42.96
 :memory                       28.85
 :mk-bool-var                  8
 :nlsat-conflicts              54
 :nlsat-decisions              20
 :nlsat-irrational-assignments 1
 :nlsat-propagations           206
 :nlsat-restarts               1
 :nlsat-stages                 66
 :num-allocs                   23369988
 :num-checks                   1
 :rlimit-count                 447186
 :sat-backjumps                501
 :sat-conflicts                501
 :sat-decisions                1543
 :sat-del-clause               12981
 :sat-elim-bool-vars-res       950
 :sat-elim-clauses             7972
 :sat-elim-literals            2966
 :sat-minimized-lits           3332
 :sat-mk-clause-2ary           8171
 :sat-mk-clause-3ary           1585
 :sat-mk-clause-nary           19388
 :sat-mk-var                   6455
 :sat-probing-assigned         1907
 :sat-propagations-2ary        154492
 :sat-propagations-nary        152444
 :sat-restarts                 74
 :sat-scc-elim-binary          19
 :sat-scc-elim-vars            71
 :sat-subs-resolution          33
 :sat-subs-resolution-dyn      111
 :sat-subsumed                 926
 :sat-units                    3179
 :time                         0.12
 :total-time                   0.13)
