unsat
(:added-eqs                       5
 :arith-eq-adapter                3
 :arith-conflicts                 10
 :arith-diseq                     2
 :arith-grobner-calls             1
 :arith-horner-cross-nested-forms 90
 :arith-lower                     4
 :arith-make-feasible             12
 :arith-max-columns               43
 :arith-max-rows                  9
 :arith-nla-lemmas                1
 :arith-nla-propagate-bounds      8
 :arith-nra-calls                 1
 :arith-upper                     23
 :binary-propagations             9
 :conflicts                       5
 :decisions                       11
 :del-clause                      1
 :final-checks                    9
 :max-memory                      76.82
 :memory                          49.02
 :mk-bool-var                     32
 :mk-clause                       1
 :mk-clause-binary                6
 :nlsat-conflicts                 28
 :nlsat-propagations              156
 :nlsat-stages                    76
 :num-allocs                      105422582
 :num-checks                      1
 :propagations                    9
 :rlimit-count                    633121
 :sat-backjumps                   501
 :sat-conflicts                   501
 :sat-decisions                   2058
 :sat-del-clause                  27997
 :sat-elim-bool-vars-res          2938
 :sat-elim-clauses                13030
 :sat-elim-literals               3501
 :sat-minimized-lits              896
 :sat-mk-clause-2ary              19724
 :sat-mk-clause-3ary              4800
 :sat-mk-clause-nary              44609
 :sat-mk-var                      14578
 :sat-probing-assigned            1976
 :sat-propagations-2ary           228173
 :sat-propagations-nary           133502
 :sat-restarts                    24
 :sat-scc-elim-binary             6
 :sat-scc-elim-vars               65
 :sat-subs-resolution             127
 :sat-subs-resolution-dyn         28
 :sat-subsumed                    3096
 :sat-units                       5323
 :time                            0.25
 :total-time                      0.26)
