sat
(:max-memory              29.03
 :memory                  18.59
 :num-allocs              12456372
 :rlimit-count            289470
 :sat-backjumps           322
 :sat-conflicts           322
 :sat-decisions           1043
 :sat-del-clause          7187
 :sat-elim-bool-vars-res  1253
 :sat-elim-clauses        874
 :sat-elim-literals       577
 :sat-minimized-lits      2130
 :sat-mk-clause-2ary      5650
 :sat-mk-clause-3ary      2710
 :sat-mk-clause-nary      17830
 :sat-mk-var              4609
 :sat-probing-assigned    133
 :sat-propagations-2ary   74162
 :sat-propagations-nary   118137
 :sat-restarts            33
 :sat-scc-elim-binary     2
 :sat-scc-elim-vars       41
 :sat-subs-resolution     96
 :sat-subs-resolution-dyn 58
 :sat-subsumed            1096
 :sat-units               344
 :time                    0.08
 :total-time              0.09)
