sat
(:added-eqs                       8938
 :arith-eq-adapter                526
 :arith-bound-propagations-lp     233
 :arith-conflicts                 1463
 :arith-diseq                     2761
 :arith-fixed-eqs                 819
 :arith-gcd-calls                 3
 :arith-grobner-calls             110
 :arith-grobner-conflicts         41
 :arith-horner-calls              30
 :arith-horner-cross-nested-forms 21080
 :arith-lower                     6732
 :arith-make-feasible             3108
 :arith-max-columns               1326
 :arith-max-rows                  586
 :arith-nla-lemmas                662
 :arith-nla-propagate-bounds      719
 :arith-nla-propagate-eq          3918
 :arith-nra-calls                 38
 :arith-offset-eqs                373
 :arith-patches                   3
 :arith-patches-success           3
 :arith-upper                     5604
 :binary-propagations             13026
 :conflicts                       178
 :decisions                       22444
 :del-clause                      1664
 :final-checks                    253
 :max-memory                      106.82
 :memory                          57.99
 :minimized-lits                  55
 :mk-bool-var                     4246
 :mk-clause                       2238
 :mk-clause-binary                692
 :nlsat-conflicts                 2897
 :nlsat-decisions                 12
 :nlsat-propagations              316230
 :nlsat-stages                    165062
 :num-allocs                      4879722920.00
 :num-checks                      1
 :propagations                    17681
 :restarts                        1
 :rlimit-count                    3347808
 :sat-mk-clause-2ary              104357
 :sat-mk-clause-nary              262242
 :sat-mk-var                      92170
 :time                            2.32
 :total-time                      2.34)
