ramon: cwd                  /tmp/runner/actions-runner/_work/z3-poly-testing/z3-poly-testing
ramon: start                Wed Dec 18 14:15:05 2024
ramon: nproc                128
ramon: sys.mem              64150 MiB
ramon: sys.mem.free         49652 MiB
ramon: sys.mem.avail        64133 MiB
ramon: sys.nprocs           3162
ramon: argv                 0 = z3
ramon: argv                 1 = /tmp/runner/actions-runner/_work/z3-poly-testing/z3-poly-testing/download/non-incremental/QF_NIA/AProVE/aproveSMT6810898365998343605.smt2
ramon: argv                 2 = -T:600
ramon: argv                 3 = -st
ramon: childpid             3709630
ramon: poll                 wall=01.000s usage=00.981s user=00.916s sys=00.065s mem=83320KiB roottime=0.910s load=0.98 rootload=0.91
ramon: end                  Wed Dec 18 14:15:07 2024
ramon: root.execname        z3
ramon: root.utime           1.080s
ramon: root.stime           0.150s
ramon: group.total          1.239s
ramon: group.utime          1.087s
ramon: group.stime          0.152s
ramon: group.mempeak        169MiB
ramon: group.pidpeak        3
ramon: status               exited
ramon: exitcode             0
ramon: walltime             1.259s
ramon: loadavg              0.98
