ramon: cwd                  /home/runner/a/_work/z3-poly-testing/z3-poly-testing
ramon: start                Thu Sep  5 15:48:16 2024
ramon: nproc                128
ramon: sys.mem              64150 MiB
ramon: sys.mem.free         51260 MiB
ramon: sys.mem.avail        63880 MiB
ramon: sys.nprocs           2096
ramon: argv                 0 = z3
ramon: argv                 1 = inputs/QF_BV_SAT/bin_libsmbclient_vc1228452.smt2
ramon: argv                 2 = -T:20
ramon: argv                 3 = -v:2
ramon: argv                 4 = -st
ramon: argv                 5 = tactic.default_tactic=(then simplify propagate-values solve-eqs simplify sls-smt)
ramon: childpid             262108
UNITS -0 -468 -2 -469 -470 -471 472 -495 -496 -497
(sat.ddfw :unsat :models :kflips/sec  :flips  :restarts  :reinits  :unsat_vars  :shifts)
(sat.ddfw     174      6   143.141     10163         0          0          341      625)
(sat.ddfw      97      5   67.9655     20018         0          1          180     1241)
(sat.ddfw      68      9   60.4849     40099         0          2          124     2472)
(sat.ddfw      26      1   51.4647     70000         0          3           55     4776)
(sat.ddfw       3      2   44.5931    110000         0          4            7     7619)
ramon: poll                 wall=01.000s usage=00.999s user=00.984s sys=00.015s mem=25308KiB roottime=0.980s load=1.00 rootload=0.98
(sat.ddfw      93      3   38.4551    160107         0          5          179    12716)
(sat.ddfw       8      1   32.6748    220000         1          6           18    17205)
ramon: poll                 wall=02.000s usage=01.999s user=01.984s sys=00.015s mem=25308KiB roottime=1.980s load=1.00 rootload=1.00
(sat.ddfw      37      1   29.4118    290000         1          7           65    24365)
ramon: poll                 wall=03.000s usage=02.999s user=02.984s sys=00.015s mem=25308KiB roottime=2.980s load=1.00 rootload=1.00
(sat.ddfw      67      5   26.2132    370055         2          8          125    30556)
(sat.ddfw      84      7   23.3647    460056         3          9          154    40749)
ramon: poll                 wall=04.000s usage=03.999s user=03.984s sys=00.015s mem=25308KiB roottime=3.980s load=1.00 rootload=1.00
(sat.ddfw      88      4   21.3469    560066         3         10          167    49795)
ramon: poll                 wall=05.000s usage=04.998s user=04.983s sys=00.015s mem=25308KiB roottime=4.980s load=1.00 rootload=1.00
(sat.ddfw     110      7   19.8088    670104         4         11          188    61153)
ramon: poll                 wall=06.000s usage=05.998s user=05.983s sys=00.015s mem=25308KiB roottime=5.980s load=1.00 rootload=1.00
(sat.ddfw     102      4   18.3402    790122         5         12          173    71998)
ramon: poll                 wall=07.000s usage=06.998s user=06.983s sys=00.015s mem=25308KiB roottime=6.980s load=1.00 rootload=1.00
(sat.ddfw     131      4   17.2683    920066         6         13          219    86877)
ramon: poll                 wall=08.000s usage=07.998s user=07.983s sys=00.015s mem=25308KiB roottime=7.980s load=1.00 rootload=1.00
(sat.ddfw      79      1   15.7088   1060000         7         14          153    98917)
ramon: poll                 wall=09.000s usage=08.998s user=08.983s sys=00.015s mem=25308KiB roottime=8.980s load=1.00 rootload=1.00
ramon: poll                 wall=10.000s usage=09.998s user=09.983s sys=00.015s mem=25308KiB roottime=9.980s load=1.00 rootload=1.00
(sat.ddfw       2      7   14.9061   1210000        10         15            4   116568)
ramon: poll                 wall=11.000s usage=10.998s user=10.983s sys=00.015s mem=25308KiB roottime=10.980s load=1.00 rootload=1.00
(sat.ddfw      12      1   14.0105   1370000        11         16           23   132011)
ramon: poll                 wall=12.000s usage=11.998s user=11.983s sys=00.015s mem=25308KiB roottime=11.980s load=1.00 rootload=1.00
(sat.ddfw       2      5   13.3806   1540000        14         17            5   153993)
ramon: poll                 wall=13.000s usage=12.998s user=12.983s sys=00.015s mem=25308KiB roottime=12.980s load=1.00 rootload=1.00
ramon: poll                 wall=14.000s usage=13.998s user=13.983s sys=00.015s mem=25308KiB roottime=13.980s load=1.00 rootload=1.00
(sat.ddfw       2      4   12.7741   1720000        14         18            4   171882)
ramon: poll                 wall=15.000s usage=14.998s user=14.983s sys=00.015s mem=25308KiB roottime=14.980s load=1.00 rootload=1.00
(sat.ddfw      13      5   12.2953   1910000        18         19           29   196915)
ramon: poll                 wall=16.000s usage=15.998s user=15.983s sys=00.015s mem=25308KiB roottime=15.980s load=1.00 rootload=1.00
(sat.ddfw      51      2   11.8357   2110000        21         20           91   217360)
ramon: poll                 wall=17.000s usage=16.998s user=16.983s sys=00.015s mem=25308KiB roottime=16.980s load=1.00 rootload=1.00
ramon: poll                 wall=18.000s usage=17.998s user=17.983s sys=00.015s mem=25308KiB roottime=17.980s load=1.00 rootload=1.00
(sat.ddfw       7      2      11.4   2320000        22         21           16   243130)
ramon: poll                 wall=19.000s usage=18.997s user=18.982s sys=00.015s mem=25308KiB roottime=18.980s load=1.00 rootload=1.00
ramon: poll                 wall=20.000s usage=19.997s user=19.982s sys=00.015s mem=25308KiB roottime=19.980s load=1.00 rootload=1.00
ramon: end                  Thu Sep  5 15:48:36 2024
ramon: root.execname        z3
ramon: root.utime           19.980s
ramon: root.stime           0.010s
ramon: group.total          20.005s
ramon: group.utime          19.986s
ramon: group.stime          0.019s
ramon: group.mempeak        25564KiB
ramon: group.pidpeak        2
ramon: status               exited
ramon: exitcode             0
ramon: walltime             20.007s
ramon: loadavg              1.00
