ramon: cwd                  /home/runner/a/_work/z3-poly-testing/z3-poly-testing
ramon: start                Thu Sep  5 15:49:37 2024
ramon: nproc                128
ramon: sys.mem              64150 MiB
ramon: sys.mem.free         51663 MiB
ramon: sys.mem.avail        63880 MiB
ramon: sys.nprocs           2223
ramon: argv                 0 = z3
ramon: argv                 1 = inputs/QF_BV_SAT/bin_libsmbsharemodes_vc6255.smt2
ramon: argv                 2 = -T:20
ramon: argv                 3 = -v:2
ramon: argv                 4 = -st
ramon: argv                 5 = tactic.default_tactic=(then simplify propagate-values solve-eqs simplify sls-smt)
ramon: childpid             280635
UNITS -85 -1052 -1062 -87 -1474 -2036 -2332 2335 -2374
(sat.ddfw :unsat :models :kflips/sec  :flips  :restarts  :reinits  :unsat_vars  :shifts)
(sat.ddfw     100      5   185.185     10000         0          0          181      739)
(sat.ddfw       6      1   81.9672     20000         0          1           14     1652)
(sat.ddfw     111      7   76.4313     40025         0          2          213     3161)
(sat.ddfw       1      3   59.2391     70000         0          3            3     6154)
(sat.ddfw      23      1   49.5663    110000         0          4           45     9209)
ramon: poll                 wall=01.000s usage=00.981s user=00.968s sys=00.013s mem=23284KiB roottime=0.960s load=0.98 rootload=0.96
(sat.ddfw       7      1   42.0875    160000         0          5           14    14055)
(sat.ddfw      84      4   36.3152    220029         1          6          160    18779)
ramon: poll                 wall=02.000s usage=01.981s user=01.968s sys=00.013s mem=23284KiB roottime=1.960s load=1.00 rootload=1.00
(sat.ddfw       3     18    32.712    290000         1          7            7    27875)
(sat.ddfw       1      5   29.7508    370000         2          8            3    35198)
ramon: poll                 wall=03.000s usage=02.981s user=02.968s sys=00.013s mem=23284KiB roottime=2.960s load=1.00 rootload=1.00
(sat.ddfw     132      5   27.5963    460102         3          9          207    47143)
ramon: poll                 wall=04.000s usage=03.981s user=03.968s sys=00.013s mem=23284KiB roottime=3.960s load=1.00 rootload=1.00
(sat.ddfw     120      6    24.839    560054         3         10          195    56119)
(sat.ddfw       1      4   22.5855    670000         4         11            3    69887)
ramon: poll                 wall=05.000s usage=04.981s user=04.968s sys=00.013s mem=23284KiB roottime=4.960s load=1.00 rootload=1.00
(sat.ddfw       7      1   20.9607    790000         5         12           14    81432)
ramon: poll                 wall=06.000s usage=05.981s user=05.968s sys=00.013s mem=23284KiB roottime=5.960s load=1.00 rootload=1.00
(sat.ddfw      80      9   19.5022    920060         6         13          142    97662)
ramon: poll                 wall=07.000s usage=06.980s user=06.967s sys=00.013s mem=23284KiB roottime=6.960s load=1.00 rootload=1.00
(sat.ddfw      85      4   18.0906   1060063         7         14          149   111082)
ramon: poll                 wall=08.000s usage=07.980s user=07.967s sys=00.013s mem=23284KiB roottime=7.960s load=1.00 rootload=1.00
(sat.ddfw      90      1   16.9881   1210000         7         15          161   127967)
ramon: poll                 wall=09.000s usage=08.980s user=08.967s sys=00.013s mem=23284KiB roottime=8.960s load=1.00 rootload=1.00
ramon: poll                 wall=10.000s usage=09.980s user=09.967s sys=00.013s mem=23132KiB roottime=9.960s load=1.00 rootload=1.00
(sat.ddfw      65      6   16.0649   1370006         8         16          108   144663)
ramon: poll                 wall=11.000s usage=10.980s user=10.967s sys=00.013s mem=23132KiB roottime=10.960s load=1.00 rootload=1.00
(sat.ddfw      28      1   15.3341   1540000        14         17           56   169644)
ramon: poll                 wall=12.000s usage=11.980s user=11.967s sys=00.013s mem=23132KiB roottime=11.960s load=1.00 rootload=1.00
(sat.ddfw       1      4   14.5138   1720000        14         18            2   188236)
ramon: poll                 wall=13.000s usage=12.980s user=12.966s sys=00.014s mem=23140KiB roottime=12.960s load=1.00 rootload=1.00
(sat.ddfw       1      9   13.7851   1910000        14         19            3   212159)
ramon: poll                 wall=14.000s usage=13.980s user=13.966s sys=00.014s mem=23140KiB roottime=13.960s load=1.00 rootload=1.00
ramon: poll                 wall=15.000s usage=14.980s user=14.966s sys=00.014s mem=23140KiB roottime=14.960s load=1.00 rootload=1.00
(sat.ddfw      35      1   13.1804   2110000        16         20           72   234247)
ramon: poll                 wall=16.000s usage=15.980s user=15.966s sys=00.014s mem=23140KiB roottime=15.960s load=1.00 rootload=1.00
(sat.ddfw       1      1   12.5914   2320000        18         21            3   260743)
ramon: poll                 wall=17.000s usage=16.980s user=16.966s sys=00.014s mem=23140KiB roottime=16.960s load=1.00 rootload=1.00
ramon: poll                 wall=18.000s usage=17.980s user=17.966s sys=00.014s mem=23140KiB roottime=17.960s load=1.00 rootload=1.00
(sat.ddfw      34      1   12.0634   2540000        20         22           66   285477)
ramon: poll                 wall=19.000s usage=18.979s user=18.965s sys=00.014s mem=23140KiB roottime=18.960s load=1.00 rootload=1.00
(sat.ddfw      84      3   11.6069   2770013        21         23          136   315671)
ramon: poll                 wall=20.000s usage=19.979s user=19.965s sys=00.014s mem=23136KiB roottime=19.960s load=1.00 rootload=1.00
ramon: end                  Thu Sep  5 15:49:57 2024
ramon: root.execname        z3
ramon: root.utime           19.980s
ramon: root.stime           0.010s
ramon: group.total          20.005s
ramon: group.utime          19.987s
ramon: group.stime          0.018s
ramon: group.mempeak        23392KiB
ramon: group.pidpeak        2
ramon: status               exited
ramon: exitcode             0
ramon: walltime             20.025s
ramon: loadavg              1.00
