ramon: cwd                  /home/runner/a/_work/z3-poly-testing/z3-poly-testing
ramon: start                Thu Sep  5 15:50:41 2024
ramon: nproc                128
ramon: sys.mem              64150 MiB
ramon: sys.mem.free         51274 MiB
ramon: sys.mem.avail        63880 MiB
ramon: sys.nprocs           2240
ramon: argv                 0 = z3
ramon: argv                 1 = inputs/QF_BV_SAT/nnrpd_nnrpd_vc21427.smt2
ramon: argv                 2 = -T:20
ramon: argv                 3 = -v:2
ramon: argv                 4 = -st
ramon: argv                 5 = tactic.default_tactic=(then simplify propagate-values solve-eqs simplify sls-smt)
ramon: childpid             296973
UNITS -0 -1 -26 -27 48 53 57 137
(sat.ddfw :unsat :models :kflips/sec  :flips  :restarts  :reinits  :unsat_vars  :shifts)
(sat.ddfw       5      2   222.222     10000        12          0            8      111)
(sat.ddfw       9      6   95.2667     20003        33          1           15      376)
(sat.ddfw       2      2    84.384     40002        79          2            3      523)
(sat.ddfw       1      2   66.0749     70000       160          3            1      910)
(sat.ddfw       6      2   52.5013    110006       277          4            9     1338)
ramon: poll                 wall=01.000s usage=00.985s user=00.975s sys=00.010s mem=18928KiB roottime=0.970s load=0.98 rootload=0.97
(sat.ddfw       1      2   44.6384    160001       407          5            1     2157)
(sat.ddfw       2      2   38.9604    220000       561          6            3     3187)
ramon: poll                 wall=02.000s usage=01.985s user=01.974s sys=00.011s mem=18928KiB roottime=1.970s load=1.00 rootload=1.00
(sat.ddfw       1      3   34.3137    290000       730          7            1     3838)
(sat.ddfw       1      2   30.0865    370000       973          8            1     4862)
ramon: poll                 wall=03.000s usage=02.985s user=02.973s sys=00.012s mem=18928KiB roottime=2.970s load=1.00 rootload=1.00
(sat.ddfw       1      2   27.0111    460001      1230          9            1     5553)
ramon: poll                 wall=04.000s usage=03.984s user=03.972s sys=00.012s mem=18928KiB roottime=3.970s load=1.00 rootload=1.00
(sat.ddfw       1      3   24.3072    560001      1542         10            1     6329)
(sat.ddfw       8      2   22.4309    670002      1842         11           12     7902)
ramon: poll                 wall=05.000s usage=04.984s user=04.972s sys=00.012s mem=18928KiB roottime=4.970s load=1.00 rootload=1.00
(sat.ddfw       5      2   20.7367    790005      2178         12            9     9157)
ramon: poll                 wall=06.000s usage=05.984s user=05.972s sys=00.012s mem=18928KiB roottime=5.970s load=1.00 rootload=1.00
(sat.ddfw       1      2   19.2444    920001      2549         13            1    10277)
ramon: poll                 wall=07.000s usage=06.984s user=06.972s sys=00.012s mem=18928KiB roottime=6.970s load=1.00 rootload=1.00
(sat.ddfw       2      2   17.9788   1060002      2940         14            3    11886)
ramon: poll                 wall=08.000s usage=07.984s user=07.972s sys=00.012s mem=18928KiB roottime=7.970s load=1.00 rootload=1.00
(sat.ddfw       4      2   16.8542   1210004      3336         15            6    13262)
ramon: poll                 wall=09.000s usage=08.984s user=08.972s sys=00.012s mem=18928KiB roottime=8.970s load=1.00 rootload=1.00
ramon: poll                 wall=10.000s usage=09.984s user=09.972s sys=00.012s mem=18928KiB roottime=9.970s load=1.00 rootload=1.00
(sat.ddfw       1      5   15.8412   1370000      3787         16            3    15513)
ramon: poll                 wall=11.000s usage=10.984s user=10.972s sys=00.012s mem=18928KiB roottime=10.970s load=1.00 rootload=1.00
(sat.ddfw       1      2   14.9819   1540000      4230         17            1    17231)
ramon: poll                 wall=12.000s usage=11.983s user=11.971s sys=00.012s mem=18928KiB roottime=11.970s load=1.00 rootload=1.00
(sat.ddfw       1      2   14.2259   1720000      4720         18            1    19361)
ramon: poll                 wall=13.000s usage=12.983s user=12.971s sys=00.012s mem=18928KiB roottime=12.970s load=1.00 rootload=1.00
ramon: poll                 wall=14.000s usage=13.983s user=13.971s sys=00.012s mem=18928KiB roottime=13.970s load=1.00 rootload=1.00
(sat.ddfw       1      2   13.5328   1910001      5239         19            1    21212)
ramon: poll                 wall=15.000s usage=14.983s user=14.971s sys=00.012s mem=18928KiB roottime=14.970s load=1.00 rootload=1.00
(sat.ddfw       1      2   12.8865   2110000      5801         20            1    23519)
ramon: poll                 wall=16.000s usage=15.983s user=15.971s sys=00.012s mem=18928KiB roottime=15.970s load=1.00 rootload=1.00
ramon: poll                 wall=17.000s usage=16.983s user=16.971s sys=00.012s mem=18928KiB roottime=16.970s load=1.00 rootload=1.00
(sat.ddfw       1      3   12.2721   2320001      6422         21            1    25432)
ramon: poll                 wall=18.000s usage=17.983s user=17.971s sys=00.012s mem=18928KiB roottime=17.970s load=1.00 rootload=1.00
(sat.ddfw       2      1    11.759   2540000      7031         22            4    28566)
ramon: poll                 wall=19.000s usage=18.983s user=18.971s sys=00.012s mem=18928KiB roottime=18.970s load=1.00 rootload=1.00
ramon: poll                 wall=20.000s usage=19.983s user=19.971s sys=00.012s mem=18928KiB roottime=19.970s load=1.00 rootload=1.00
ramon: end                  Thu Sep  5 15:51:01 2024
ramon: root.execname        z3
ramon: root.utime           19.980s
ramon: root.stime           0.010s
ramon: group.total          20.004s
ramon: group.utime          19.989s
ramon: group.stime          0.015s
ramon: group.mempeak        19184KiB
ramon: group.pidpeak        2
ramon: status               exited
ramon: exitcode             0
ramon: walltime             20.021s
ramon: loadavg              1.00
