ramon: cwd                  /home/gh1/A/_work/z3-poly-testing/z3-poly-testing
ramon: start                Sat Oct 12 19:10:42 2024
ramon: nproc                32
ramon: sys.mem              63442 MiB
ramon: sys.mem.free         29150 MiB
ramon: sys.mem.avail        62619 MiB
ramon: sys.nprocs           2923
ramon: argv                 0 = z3
ramon: argv                 1 = inputs/QF_UF_SAT/gensys_brn1093.smt2
ramon: argv                 2 = -T:20
ramon: argv                 3 = -v:2
ramon: argv                 4 = sls.euf_incremental=true
ramon: argv                 5 = -st
ramon: argv                 6 = tactic.default_tactic=(then simplify propagate-values solve-eqs simplify sls-smt)
ramon: argv                 7 = model_validate=true
ramon: childpid             302822
UNITS -180 -181 -182 -183 -184 -270 -271 -272 -273 -274 -275 -276 -277 -278 -279 -280 -281 -282 -283 -284 -285 -286 -287 -288 -289 -290 -291 -292 -293 -294 -295 -296 -297 -298 -299 -300 -301 -302 -303 -304 -305 -306 -307 -308 -309 -310 -311 -312 -313 -314 -315 -316 -317 -318 -319 -320 -321 -322 -323 -324 -325 -326 -327 -328 -329 -330 -331 -332 -333 -334 -335 -336 -337 -338 -339 -340 -341 -342 -343 -344 -345 -346 -347 -348 -349 -350 -351 -352 -353 -354 -355 -356 -357 -358 -359 -360 -361 -362 -363 -364 -365 -366 -367 -368 -369 -370 -371 -372 -373 -374 -375 -376 -377 -378 -379
sls.euf: incremental 1
(sat.ddfw :unsat :models :kflips/sec  :flips  :restarts  :reinits  :unsat_vars  :shifts)
(sat.ddfw       1      0   147.059     10000        11          0           17     3700)
(sat.ddfw      23      0   113.636     20000        27          1           70     8319)
(sat.ddfw       1      0    161.29     40000        52          2            7    17901)
(sat.ddfw       1      0   188.679     70000        89          3           13    31538)
(sat.ddfw      23      0   191.388    110000       133          4           57    50424)
on-model 
(sat.ddfw       0      1   61.7739    124208       147          5            0    57202)
ramon: end                  Sat Oct 12 19:10:43 2024
ramon: root.execname        z3
ramon: root.utime           0.220s
ramon: root.stime           0.000s
ramon: group.total          0.237s
ramon: group.utime          0.229s
ramon: group.stime          0.008s
ramon: group.mempeak        19968KiB
ramon: group.pidpeak        2
ramon: status               exited
ramon: exitcode             0
ramon: walltime             0.240s
ramon: loadavg              0.98
