ramon: cwd                  /home/gh1/A/_work/z3-poly-testing/z3-poly-testing
ramon: start                Sat Oct 12 19:11:04 2024
ramon: nproc                32
ramon: sys.mem              63442 MiB
ramon: sys.mem.free         29009 MiB
ramon: sys.mem.avail        62616 MiB
ramon: sys.nprocs           2955
ramon: argv                 0 = z3
ramon: argv                 1 = inputs/QF_UF_SAT/iso_brn377.smt2
ramon: argv                 2 = -T:20
ramon: argv                 3 = -v:2
ramon: argv                 4 = sls.euf_incremental=true
ramon: argv                 5 = -st
ramon: argv                 6 = tactic.default_tactic=(then simplify propagate-values solve-eqs simplify sls-smt)
ramon: argv                 7 = model_validate=true
ramon: childpid             319890
UNITS -553 -554 -555 -556 -557 -558 -559 -560 -561 -562 -563 -564 -5 -565 -566 -32 -567 -58 -568 -569 -570 -13 -571 -572 -37 -573 -574 -575 -576 -577 -578 -19 -579 -16 -40 -580 -41 -581 -111 -78 -582 -583 -584 -585 -586 -587 -588 -589 -590 -591 -592 -593 -594 -595 -596 -597 -598 -599 -600 -601 -602 -603 -604 -605 -606 -607 -608 -609 -610 -611 -612 -53 -54 -613 -57 -59 -614 -115 -615 -616 -65 -617 -618 -619 -620 -621 -622 -623 -624 -625 -626 -627 -86 -628 -629 -92 -630 -98 -631 -632 -105 -106 -107 -108 -117 -119 -120 -633 -634
sls.euf: incremental 1
(sat.ddfw :unsat :models :kflips/sec  :flips  :restarts  :reinits  :unsat_vars  :shifts)
(sat.ddfw      82      1   238.881     10033        10          0          171     4317)
(sat.ddfw       6      0   188.057     20000        21          1           17     8868)
(sat.ddfw       1      0   273.973     40000        36          2            5    18289)
(sat.ddfw       9      0   306.122     70000        65          3           49    31654)
on-model 
(sat.ddfw       0      1   108.522     82263        74          4            0    36435)
ramon: end                  Sat Oct 12 19:11:05 2024
ramon: root.execname        z3
ramon: root.utime           0.110s
ramon: root.stime           0.000s
ramon: group.total          0.122s
ramon: group.utime          0.114s
ramon: group.stime          0.008s
ramon: group.mempeak        20136KiB
ramon: group.pidpeak        2
ramon: status               exited
ramon: exitcode             0
ramon: walltime             0.123s
ramon: loadavg              0.99
