unsat
(:added-eqs                       282
 :arith-eq-adapter                9
 :arith-bound-propagations-lp     23
 :arith-conflicts                 108
 :arith-diseq                     35
 :arith-fixed-eqs                 67
 :arith-gcd-calls                 15
 :arith-grobner-calls             30
 :arith-grobner-conflicts         3
 :arith-horner-calls              11
 :arith-horner-cross-nested-forms 472
 :arith-lower                     553
 :arith-make-feasible             819
 :arith-max-columns               85
 :arith-max-rows                  33
 :arith-nla-add-bounds            1
 :arith-nla-lemmas                37
 :arith-nla-propagate-bounds      36
 :arith-nla-propagate-eq          348
 :arith-nra-calls                 29
 :arith-offset-eqs                12
 :arith-patches                   15
 :arith-patches-success           15
 :arith-upper                     711
 :binary-propagations             642
 :conflicts                       155
 :decisions                       866
 :del-clause                      72
 :final-checks                    65
 :max-memory                      51.46
 :memory                          17.57
 :minimized-lits                  122
 :mk-bool-var                     167
 :mk-clause                       214
 :mk-clause-binary                152
 :nlsat-conflicts                 1096
 :nlsat-decisions                 22
 :nlsat-propagations              8591
 :nlsat-stages                    4980
 :num-allocs                      5490452
 :num-checks                      1
 :propagations                    1352
 :restarts                        1
 :rlimit-count                    506608
 :sls-arith-steps                 26678
 :sls-ddfw-flips                  16.00
 :sls-ddfw-shifts                 1.00
 :sls-num-guided-search           33
 :solve-eqs-elim-vars             15
 :solve-eqs-steps                 162
 :time                            0.70
 :total-time                      0.71)
