ramon: cwd                  /home/gh1/A/_work/z3-poly-testing/z3-poly-testing
ramon: start                Tue Jan 21 21:19:39 2025
ramon: nproc                32
ramon: sys.mem              63441 MiB
ramon: sys.mem.free         25340 MiB
ramon: sys.mem.avail        59582 MiB
ramon: sys.nprocs           1412
ramon: argv                 0 = z3
ramon: argv                 1 = inputs/QF_NIA_CInteger/Stroeder_15__Masse-VMCAI2014-Fig1b_true-termination.c__p24236_terminationG_0.smt2
ramon: argv                 2 = -T:60
ramon: argv                 3 = -v:2
ramon: argv                 4 = -st
ramon: argv                 5 = tactic.default_tactic=(then simplify propagate-values solve-eqs simplify smt)
ramon: argv                 6 = smt.sls.enable=true
ramon: argv                 7 = smt.sls.parallel=false
ramon: argv                 8 = model_validate=true
ramon: argv                 9 = sls.arith_use_lookahead=true
ramon: childpid             3048538
(smt.searching)
(smt.stats :restarts     :decisions :clauses/bin/units    :simplify   :memory)
(smt.stats        :conflicts    :propagations     :lemmas      :deletions   )
(smt.stats    0      0      0      0   121/77/3       0/0     0    0   18.06)
SMT -> SLS phase
SMT -> SLS values
bounded run 30000
(sat.ddfw :unsat :models :kflips/sec  :flips  :restarts  :reinits  :unsat_vars  :shifts)
(sat.ddfw       1      3   1.73913        80         0          0            1        2)
sls-result l_undef
SLS -> SMT phase 1
SLS -> SMT values
(nlsat :conflicts 3 :decisions 0 :propagations 27 :clauses 65 :learned 3)
(smt.stats    0      3     37     13   140/88/3       3/2     1    0   51.14)
ramon: end                  Tue Jan 21 21:19:39 2025
ramon: root.execname        z3
ramon: root.utime           0.050s
ramon: root.stime           0.000s
ramon: group.total          0.062s
ramon: group.utime          0.054s
ramon: group.stime          0.008s
ramon: group.mempeak        53136KiB
ramon: group.pidpeak        2
ramon: status               exited
ramon: exitcode             0
ramon: walltime             0.063s
ramon: loadavg              0.98
