unsat
(:added-eqs                       500
 :arith-eq-adapter                11
 :arith-bound-propagations-lp     37
 :arith-conflicts                 74
 :arith-diseq                     200
 :arith-fixed-eqs                 105
 :arith-gcd-calls                 11
 :arith-grobner-calls             29
 :arith-grobner-conflicts         6
 :arith-horner-calls              8
 :arith-horner-cross-nested-forms 181
 :arith-lower                     464
 :arith-make-feasible             612
 :arith-max-columns               76
 :arith-max-rows                  31
 :arith-nla-add-bounds            8
 :arith-nla-lemmas                24
 :arith-nla-propagate-bounds      19
 :arith-nla-propagate-eq          551
 :arith-nra-calls                 18
 :arith-offset-eqs                9
 :arith-patches                   11
 :arith-patches-success           11
 :arith-upper                     579
 :binary-propagations             761
 :conflicts                       153
 :decisions                       847
 :del-clause                      138
 :final-checks                    54
 :max-memory                      51.51
 :memory                          17.57
 :minimized-lits                  121
 :mk-bool-var                     133
 :mk-clause                       211
 :mk-clause-binary                144
 :nlsat-conflicts                 476
 :nlsat-decisions                 21
 :nlsat-propagations              3797
 :nlsat-stages                    1880
 :num-allocs                      3501165
 :num-checks                      1
 :propagations                    1421
 :restarts                        1
 :rlimit-count                    539447
 :sls-arith-steps                 36114
 :sls-ddfw-flips                  27.00
 :sls-ddfw-shifts                 1.00
 :sls-num-guided-search           42
 :solve-eqs-elim-vars             14
 :solve-eqs-steps                 172
 :time                            1.05
 :total-time                      1.05)
