sat
(:elim-unconstrained      6
 :max-memory              232.27
 :memory                  58.11
 :num-allocs              9583793457.00
 :rlimit-count            10911371
 :sat-backjumps           11651
 :sat-backtracks          523
 :sat-conflicts           12174
 :sat-decisions           78931
 :sat-del-clause          502937
 :sat-elim-bool-vars-res  82558
 :sat-elim-clauses        62175
 :sat-elim-literals       32103
 :sat-minimized-lits      42801
 :sat-mk-clause-2ary      266215
 :sat-mk-clause-3ary      114517
 :sat-mk-clause-nary      710294
 :sat-mk-var              172521
 :sat-probing-assigned    129
 :sat-propagations-2ary   2813540
 :sat-propagations-nary   3974652
 :sat-restarts            791
 :sat-scc-elim-binary     990
 :sat-scc-elim-vars       595
 :sat-subs-resolution     5277
 :sat-subs-resolution-dyn 3070
 :sat-subsumed            90028
 :sat-units               14192
 :time                    6.16
 :total-time              6.18)
