ramon: cwd                  /tmp/runner/actions-runner/_work/z3-poly-testing/z3-poly-testing
ramon: start                Wed Dec 18 13:02:55 2024
ramon: nproc                128
ramon: sys.mem              64150 MiB
ramon: sys.mem.free         30493 MiB
ramon: sys.mem.avail        64017 MiB
ramon: sys.nprocs           2977
ramon: argv                 0 = z3
ramon: argv                 1 = /tmp/runner/actions-runner/_work/z3-poly-testing/z3-poly-testing/download/non-incremental/QF_NIA/20170427-VeryMax/ITS/From_T2__tqli.t2__terminationQ_0_0.smt2
ramon: argv                 2 = -T:600
ramon: argv                 3 = -st
ramon: childpid             3574981
ramon: poll                 wall=01.000s usage=00.981s user=00.867s sys=00.114s mem=120MiB roottime=0.860s load=0.98 rootload=0.86
ramon: poll                 wall=02.000s usage=01.981s user=01.866s sys=00.115s mem=122MiB roottime=1.860s load=1.00 rootload=1.00
ramon: poll                 wall=03.000s usage=02.981s user=02.863s sys=00.118s mem=125MiB roottime=2.860s load=1.00 rootload=1.00
ramon: poll                 wall=04.000s usage=03.980s user=03.862s sys=00.118s mem=125MiB roottime=3.860s load=1.00 rootload=1.00
ramon: poll                 wall=05.000s usage=04.980s user=04.862s sys=00.118s mem=125MiB roottime=4.860s load=1.00 rootload=1.00
ramon: poll                 wall=06.000s usage=05.980s user=05.862s sys=00.118s mem=125MiB roottime=5.860s load=1.00 rootload=1.00
ramon: poll                 wall=07.000s usage=06.980s user=06.862s sys=00.118s mem=125MiB roottime=6.860s load=1.00 rootload=1.00
ramon: poll                 wall=08.000s usage=07.979s user=07.861s sys=00.118s mem=126MiB roottime=7.860s load=1.00 rootload=1.00
ramon: poll                 wall=09.000s usage=08.979s user=08.861s sys=00.118s mem=126MiB roottime=8.860s load=1.00 rootload=1.00
ramon: poll                 wall=10.000s usage=09.979s user=09.861s sys=00.118s mem=126MiB roottime=9.860s load=1.00 rootload=1.00
ramon: end                  Wed Dec 18 13:03:05 2024
ramon: root.execname        z3
ramon: root.utime           10.690s
ramon: root.stime           0.140s
ramon: group.total          10.832s
ramon: group.utime          10.692s
ramon: group.stime          0.140s
ramon: group.mempeak        128MiB
ramon: group.pidpeak        3
ramon: status               exited
ramon: exitcode             0
ramon: walltime             10.853s
ramon: loadavg              1.00
