unsat
(:added-eqs                       71233
 :arith-eq-adapter                1371
 :arith-bound-propagations-lp     683
 :arith-conflicts                 346
 :arith-diseq                     1682
 :arith-fixed-eqs                 4076
 :arith-gcd-calls                 5
 :arith-grobner-calls             14
 :arith-grobner-conflicts         4
 :arith-horner-calls              3
 :arith-horner-conflicts          2
 :arith-horner-cross-nested-forms 435
 :arith-lower                     21501
 :arith-make-feasible             4553
 :arith-max-columns               3150
 :arith-max-rows                  1217
 :arith-nla-add-bounds            13
 :arith-nla-lemmas                30
 :arith-nla-propagate-bounds      213
 :arith-nla-propagate-eq          30691
 :arith-nra-calls                 1
 :arith-offset-eqs                4790
 :arith-patches                   5
 :arith-patches-success           5
 :arith-upper                     27747
 :binary-propagations             131830
 :cnf-encoding-aux-vars           88
 :conflicts                       217
 :decisions                       148157
 :del-clause                      258
 :elim-unconstrained              3972
 :final-checks                    79
 :max-memory                      142.66
 :memory                          104.27
 :minimized-lits                  228
 :mk-bool-var                     8358
 :mk-clause                       2357
 :mk-clause-binary                87586
 :nlsat-conflicts                 119
 :nlsat-decisions                 4374
 :nlsat-propagations              33927
 :nlsat-stages                    4244
 :num-allocs                      1190998833
 :num-checks                      1
 :propagations                    143580
 :restarts                        2
 :rlimit-count                    3081501
 :solve-eqs-elim-vars             310
 :solve-eqs-steps                 1256
 :time                            3.08
 :total-time                      3.12)
