ramon: cwd                  /tmp/runner/actions-runner/_work/z3-poly-testing/z3-poly-testing
ramon: start                Wed Dec 18 13:04:39 2024
ramon: nproc                128
ramon: sys.mem              64150 MiB
ramon: sys.mem.free         30277 MiB
ramon: sys.mem.avail        64016 MiB
ramon: sys.nprocs           2958
ramon: argv                 0 = z3
ramon: argv                 1 = /tmp/runner/actions-runner/_work/z3-poly-testing/z3-poly-testing/download/non-incremental/QF_NIA/20170427-VeryMax/ITS/From_T2__w3_nt.t2__p25401_safety_0.smt2
ramon: argv                 2 = -T:600
ramon: argv                 3 = -st
ramon: childpid             3577356
ramon: poll                 wall=01.000s usage=00.980s user=00.948s sys=00.032s mem=36088KiB roottime=0.940s load=0.98 rootload=0.94
ramon: poll                 wall=02.000s usage=01.980s user=01.948s sys=00.032s mem=38136KiB roottime=1.940s load=1.00 rootload=1.00
ramon: poll                 wall=03.000s usage=02.980s user=02.944s sys=00.036s mem=39548KiB roottime=2.940s load=1.00 rootload=1.00
ramon: poll                 wall=04.000s usage=03.980s user=03.943s sys=00.037s mem=40356KiB roottime=3.940s load=1.00 rootload=1.00
ramon: poll                 wall=05.000s usage=04.979s user=04.933s sys=00.046s mem=46244KiB roottime=4.930s load=1.00 rootload=0.99
ramon: poll                 wall=06.000s usage=05.979s user=05.933s sys=00.046s mem=46244KiB roottime=5.930s load=1.00 rootload=1.00
ramon: poll                 wall=07.000s usage=06.979s user=06.933s sys=00.046s mem=46244KiB roottime=6.930s load=1.00 rootload=1.00
ramon: poll                 wall=08.000s usage=07.979s user=07.933s sys=00.046s mem=46500KiB roottime=7.930s load=1.00 rootload=1.00
ramon: poll                 wall=09.000s usage=08.979s user=08.931s sys=00.048s mem=47268KiB roottime=8.930s load=1.00 rootload=1.00
ramon: poll                 wall=10.000s usage=09.979s user=09.931s sys=00.048s mem=47268KiB roottime=9.930s load=1.00 rootload=1.00
ramon: poll                 wall=11.000s usage=10.979s user=10.931s sys=00.048s mem=47268KiB roottime=10.930s load=1.00 rootload=1.00
ramon: poll                 wall=12.000s usage=11.979s user=11.931s sys=00.048s mem=47268KiB roottime=11.930s load=1.00 rootload=1.00
ramon: poll                 wall=13.000s usage=12.978s user=12.930s sys=00.048s mem=47524KiB roottime=12.930s load=1.00 rootload=1.00
ramon: poll                 wall=14.000s usage=13.978s user=13.930s sys=00.048s mem=47308KiB roottime=13.930s load=1.00 rootload=1.00
ramon: poll                 wall=15.000s usage=14.978s user=14.930s sys=00.048s mem=47308KiB roottime=14.930s load=1.00 rootload=1.00
ramon: poll                 wall=16.000s usage=15.978s user=15.930s sys=00.048s mem=47308KiB roottime=15.930s load=1.00 rootload=1.00
ramon: poll                 wall=17.000s usage=16.978s user=16.930s sys=00.048s mem=47308KiB roottime=16.920s load=1.00 rootload=0.99
ramon: poll                 wall=18.000s usage=17.977s user=17.929s sys=00.048s mem=47308KiB roottime=17.920s load=1.00 rootload=1.00
ramon: poll                 wall=19.000s usage=18.977s user=18.929s sys=00.048s mem=47564KiB roottime=18.920s load=1.00 rootload=1.00
ramon: poll                 wall=20.000s usage=19.977s user=19.929s sys=00.048s mem=47564KiB roottime=19.920s load=1.00 rootload=1.00
ramon: poll                 wall=21.000s usage=20.977s user=20.929s sys=00.048s mem=47564KiB roottime=20.920s load=1.00 rootload=1.00
ramon: poll                 wall=22.000s usage=21.977s user=21.929s sys=00.048s mem=47564KiB roottime=21.920s load=1.00 rootload=1.00
ramon: poll                 wall=23.000s usage=22.976s user=22.928s sys=00.048s mem=47476KiB roottime=22.920s load=1.00 rootload=1.00
ramon: poll                 wall=24.000s usage=23.976s user=23.928s sys=00.048s mem=47988KiB roottime=23.920s load=1.00 rootload=1.00
ramon: poll                 wall=25.000s usage=24.976s user=24.928s sys=00.048s mem=47988KiB roottime=24.920s load=1.00 rootload=1.00
ramon: poll                 wall=26.000s usage=25.976s user=25.928s sys=00.048s mem=47988KiB roottime=25.920s load=1.00 rootload=1.00
ramon: poll                 wall=27.000s usage=26.976s user=26.928s sys=00.048s mem=47988KiB roottime=26.920s load=1.00 rootload=1.00
ramon: poll                 wall=28.000s usage=27.976s user=27.927s sys=00.049s mem=49012KiB roottime=27.920s load=1.00 rootload=1.00
ramon: poll                 wall=29.000s usage=28.976s user=28.927s sys=00.049s mem=49524KiB roottime=28.920s load=1.00 rootload=1.00
ramon: poll                 wall=30.000s usage=29.974s user=29.925s sys=00.049s mem=49524KiB roottime=29.920s load=1.00 rootload=1.00
ramon: poll                 wall=31.000s usage=30.975s user=30.926s sys=00.049s mem=49524KiB roottime=30.920s load=1.00 rootload=1.00
ramon: poll                 wall=32.000s usage=31.975s user=31.926s sys=00.049s mem=49524KiB roottime=31.920s load=1.00 rootload=1.00
ramon: poll                 wall=33.000s usage=32.975s user=32.926s sys=00.049s mem=49524KiB roottime=32.920s load=1.00 rootload=1.00
ramon: poll                 wall=34.000s usage=33.975s user=33.926s sys=00.049s mem=49524KiB roottime=33.920s load=1.00 rootload=1.00
ramon: poll                 wall=35.000s usage=34.974s user=34.925s sys=00.049s mem=49524KiB roottime=34.920s load=1.00 rootload=1.00
ramon: poll                 wall=36.000s usage=35.974s user=35.925s sys=00.049s mem=49524KiB roottime=35.920s load=1.00 rootload=1.00
ramon: poll                 wall=37.000s usage=36.975s user=36.926s sys=00.049s mem=49524KiB roottime=36.920s load=1.00 rootload=1.00
ramon: poll                 wall=38.000s usage=37.973s user=37.923s sys=00.050s mem=50036KiB roottime=37.920s load=1.00 rootload=1.00
ramon: poll                 wall=39.000s usage=38.974s user=38.923s sys=00.051s mem=50036KiB roottime=38.920s load=1.00 rootload=1.00
ramon: poll                 wall=40.000s usage=39.974s user=39.923s sys=00.051s mem=50036KiB roottime=39.920s load=1.00 rootload=1.00
ramon: poll                 wall=41.000s usage=40.974s user=40.923s sys=00.051s mem=50036KiB roottime=40.920s load=1.00 rootload=1.00
ramon: poll                 wall=42.000s usage=41.973s user=41.920s sys=00.053s mem=50548KiB roottime=41.920s load=1.00 rootload=1.00
ramon: poll                 wall=43.000s usage=42.974s user=42.921s sys=00.053s mem=50548KiB roottime=42.920s load=1.00 rootload=1.00
ramon: poll                 wall=44.000s usage=43.974s user=43.921s sys=00.053s mem=50548KiB roottime=43.920s load=1.00 rootload=1.00
ramon: poll                 wall=45.000s usage=44.974s user=44.920s sys=00.054s mem=49000KiB roottime=44.910s load=1.00 rootload=0.99
ramon: poll                 wall=46.000s usage=45.974s user=45.920s sys=00.054s mem=49256KiB roottime=45.910s load=1.00 rootload=1.00
ramon: poll                 wall=47.000s usage=46.973s user=46.918s sys=00.055s mem=49256KiB roottime=46.910s load=1.00 rootload=1.00
ramon: poll                 wall=48.000s usage=47.973s user=47.918s sys=00.055s mem=49256KiB roottime=47.910s load=1.00 rootload=1.00
ramon: poll                 wall=49.000s usage=48.973s user=48.918s sys=00.055s mem=49256KiB roottime=48.910s load=1.00 rootload=1.00
ramon: poll                 wall=50.000s usage=49.973s user=49.918s sys=00.055s mem=49256KiB roottime=49.910s load=1.00 rootload=1.00
ramon: poll                 wall=51.000s usage=50.973s user=50.918s sys=00.055s mem=49256KiB roottime=50.910s load=1.00 rootload=1.00
ramon: poll                 wall=52.000s usage=51.973s user=51.918s sys=00.055s mem=49028KiB roottime=51.910s load=1.00 rootload=1.00
ramon: poll                 wall=53.000s usage=52.973s user=52.918s sys=00.055s mem=49028KiB roottime=52.910s load=1.00 rootload=1.00
ramon: poll                 wall=54.000s usage=53.973s user=53.918s sys=00.055s mem=49028KiB roottime=53.910s load=1.00 rootload=1.00
ramon: poll                 wall=55.000s usage=54.972s user=54.917s sys=00.055s mem=49028KiB roottime=54.910s load=1.00 rootload=1.00
ramon: poll                 wall=56.000s usage=55.972s user=55.917s sys=00.055s mem=49028KiB roottime=55.910s load=1.00 rootload=1.00
ramon: poll                 wall=57.000s usage=56.972s user=56.917s sys=00.055s mem=49028KiB roottime=56.910s load=1.00 rootload=1.00
ramon: poll                 wall=58.000s usage=57.972s user=57.917s sys=00.055s mem=49028KiB roottime=57.910s load=1.00 rootload=1.00
ramon: poll                 wall=59.000s usage=58.972s user=58.917s sys=00.055s mem=49028KiB roottime=58.910s load=1.00 rootload=1.00
ramon: poll                 wall=01m00.000s usage=59.972s user=59.917s sys=00.055s mem=49028KiB roottime=59.910s load=1.00 rootload=1.00
ramon: poll                 wall=01m01.000s usage=01m00.972s user=01m00.917s sys=00.055s mem=49028KiB roottime=60.910s load=1.00 rootload=1.00
ramon: poll                 wall=01m02.000s usage=01m01.971s user=01m01.916s sys=00.055s mem=49028KiB roottime=61.910s load=1.00 rootload=1.00
ramon: poll                 wall=01m03.000s usage=01m02.971s user=01m02.916s sys=00.055s mem=49028KiB roottime=62.910s load=1.00 rootload=1.00
ramon: poll                 wall=01m04.000s usage=01m03.970s user=01m03.915s sys=00.055s mem=49028KiB roottime=63.910s load=1.00 rootload=1.00
ramon: poll                 wall=01m05.000s usage=01m04.971s user=01m04.916s sys=00.055s mem=49028KiB roottime=64.910s load=1.00 rootload=1.00
ramon: poll                 wall=01m06.000s usage=01m05.971s user=01m05.916s sys=00.055s mem=49028KiB roottime=65.910s load=1.00 rootload=1.00
ramon: poll                 wall=01m07.000s usage=01m06.971s user=01m06.916s sys=00.055s mem=49284KiB roottime=66.910s load=1.00 rootload=1.00
ramon: poll                 wall=01m08.000s usage=01m07.971s user=01m07.916s sys=00.055s mem=49284KiB roottime=67.910s load=1.00 rootload=1.00
ramon: poll                 wall=01m09.000s usage=01m08.971s user=01m08.916s sys=00.055s mem=49284KiB roottime=68.910s load=1.00 rootload=1.00
ramon: poll                 wall=01m10.000s usage=01m09.971s user=01m09.916s sys=00.055s mem=49284KiB roottime=69.910s load=1.00 rootload=1.00
ramon: poll                 wall=01m11.000s usage=01m10.970s user=01m10.915s sys=00.055s mem=49284KiB roottime=70.910s load=1.00 rootload=1.00
ramon: poll                 wall=01m12.000s usage=01m11.970s user=01m11.915s sys=00.055s mem=49284KiB roottime=71.910s load=1.00 rootload=1.00
ramon: poll                 wall=01m13.000s usage=01m12.970s user=01m12.915s sys=00.055s mem=49284KiB roottime=72.910s load=1.00 rootload=1.00
ramon: poll                 wall=01m14.000s usage=01m13.970s user=01m13.915s sys=00.055s mem=49284KiB roottime=73.910s load=1.00 rootload=1.00
ramon: poll                 wall=01m15.000s usage=01m14.970s user=01m14.915s sys=00.055s mem=49284KiB roottime=74.910s load=1.00 rootload=1.00
ramon: poll                 wall=01m16.000s usage=01m15.970s user=01m15.915s sys=00.055s mem=49284KiB roottime=75.910s load=1.00 rootload=1.00
ramon: poll                 wall=01m17.000s usage=01m16.970s user=01m16.915s sys=00.055s mem=49284KiB roottime=76.910s load=1.00 rootload=1.00
ramon: poll                 wall=01m18.000s usage=01m17.970s user=01m17.915s sys=00.055s mem=49284KiB roottime=77.910s load=1.00 rootload=1.00
ramon: poll                 wall=01m19.000s usage=01m18.970s user=01m18.915s sys=00.055s mem=49284KiB roottime=78.910s load=1.00 rootload=1.00
ramon: poll                 wall=01m20.000s usage=01m19.969s user=01m19.914s sys=00.055s mem=49284KiB roottime=79.910s load=1.00 rootload=1.00
ramon: poll                 wall=01m21.000s usage=01m20.969s user=01m20.914s sys=00.055s mem=49284KiB roottime=80.910s load=1.00 rootload=1.00
ramon: poll                 wall=01m22.000s usage=01m21.969s user=01m21.914s sys=00.055s mem=49284KiB roottime=81.910s load=1.00 rootload=1.00
ramon: poll                 wall=01m23.000s usage=01m22.969s user=01m22.914s sys=00.055s mem=49284KiB roottime=82.910s load=1.00 rootload=1.00
ramon: poll                 wall=01m24.000s usage=01m23.969s user=01m23.914s sys=00.055s mem=49284KiB roottime=83.910s load=1.00 rootload=1.00
ramon: poll                 wall=01m25.000s usage=01m24.969s user=01m24.914s sys=00.055s mem=49284KiB roottime=84.910s load=1.00 rootload=1.00
ramon: poll                 wall=01m26.000s usage=01m25.969s user=01m25.914s sys=00.055s mem=49284KiB roottime=85.910s load=1.00 rootload=1.00
ramon: poll                 wall=01m27.000s usage=01m26.969s user=01m26.914s sys=00.055s mem=49284KiB roottime=86.910s load=1.00 rootload=1.00
ramon: poll                 wall=01m28.000s usage=01m27.969s user=01m27.914s sys=00.055s mem=49284KiB roottime=87.910s load=1.00 rootload=1.00
ramon: poll                 wall=01m29.000s usage=01m28.968s user=01m28.914s sys=00.055s mem=49540KiB roottime=88.910s load=1.00 rootload=1.00
ramon: poll                 wall=01m30.000s usage=01m29.968s user=01m29.910s sys=00.058s mem=50308KiB roottime=89.910s load=1.00 rootload=1.00
ramon: poll                 wall=01m31.000s usage=01m30.968s user=01m30.907s sys=00.061s mem=51332KiB roottime=90.900s load=1.00 rootload=0.99
ramon: poll                 wall=01m32.000s usage=01m31.968s user=01m31.905s sys=00.063s mem=52356KiB roottime=91.900s load=1.00 rootload=1.00
ramon: poll                 wall=01m33.000s usage=01m32.968s user=01m32.903s sys=00.065s mem=53124KiB roottime=92.900s load=1.00 rootload=1.00
ramon: poll                 wall=01m34.000s usage=01m33.968s user=01m33.902s sys=00.066s mem=53892KiB roottime=93.900s load=1.00 rootload=1.00
ramon: poll                 wall=01m35.000s usage=01m34.968s user=01m34.898s sys=00.070s mem=55428KiB roottime=94.890s load=1.00 rootload=0.99
ramon: poll                 wall=01m36.000s usage=01m35.967s user=01m35.896s sys=00.071s mem=57216KiB roottime=95.890s load=1.00 rootload=1.00
ramon: poll                 wall=01m37.000s usage=01m36.967s user=01m36.892s sys=00.075s mem=57984KiB roottime=96.890s load=1.00 rootload=1.00
ramon: poll                 wall=01m38.000s usage=01m37.967s user=01m37.890s sys=00.077s mem=58752KiB roottime=97.890s load=1.00 rootload=1.00
ramon: poll                 wall=01m39.000s usage=01m38.967s user=01m38.889s sys=00.078s mem=59264KiB roottime=98.880s load=1.00 rootload=0.99
ramon: poll                 wall=01m40.000s usage=01m39.967s user=01m39.888s sys=00.079s mem=59776KiB roottime=99.880s load=1.00 rootload=1.00
ramon: poll                 wall=01m41.000s usage=01m40.967s user=01m40.887s sys=00.080s mem=60408KiB roottime=100.880s load=1.00 rootload=1.00
ramon: poll                 wall=01m42.000s usage=01m41.966s user=01m41.885s sys=00.081s mem=60956KiB roottime=101.880s load=1.00 rootload=1.00
ramon: poll                 wall=01m43.000s usage=01m42.966s user=01m42.885s sys=00.081s mem=61212KiB roottime=102.880s load=1.00 rootload=1.00
ramon: poll                 wall=01m44.000s usage=01m43.966s user=01m43.884s sys=00.082s mem=61980KiB roottime=103.880s load=1.00 rootload=1.00
ramon: poll                 wall=01m45.000s usage=01m44.966s user=01m44.882s sys=00.084s mem=63004KiB roottime=104.880s load=1.00 rootload=1.00
ramon: poll                 wall=01m46.000s usage=01m45.966s user=01m45.881s sys=00.085s mem=63260KiB roottime=105.880s load=1.00 rootload=1.00
ramon: poll                 wall=01m47.000s usage=01m46.966s user=01m46.879s sys=00.087s mem=63772KiB roottime=106.870s load=1.00 rootload=0.99
ramon: poll                 wall=01m48.000s usage=01m47.966s user=01m47.879s sys=00.087s mem=64284KiB roottime=107.870s load=1.00 rootload=1.00
ramon: poll                 wall=01m49.000s usage=01m48.965s user=01m48.875s sys=00.090s mem=65052KiB roottime=108.870s load=1.00 rootload=1.00
ramon: poll                 wall=01m50.000s usage=01m49.965s user=01m49.873s sys=00.092s mem=65820KiB roottime=109.870s load=1.00 rootload=1.00
ramon: poll                 wall=01m51.000s usage=01m50.965s user=01m50.872s sys=00.093s mem=67100KiB roottime=110.870s load=1.00 rootload=1.00
ramon: poll                 wall=01m52.000s usage=01m51.965s user=01m51.871s sys=00.094s mem=67612KiB roottime=111.870s load=1.00 rootload=1.00
ramon: poll                 wall=01m53.000s usage=01m52.965s user=01m52.869s sys=00.096s mem=68380KiB roottime=112.860s load=1.00 rootload=0.99
ramon: poll                 wall=01m54.000s usage=01m53.965s user=01m53.867s sys=00.098s mem=68636KiB roottime=113.860s load=1.00 rootload=1.00
ramon: poll                 wall=01m55.000s usage=01m54.965s user=01m54.867s sys=00.098s mem=69148KiB roottime=114.860s load=1.00 rootload=1.00
ramon: poll                 wall=01m56.000s usage=01m55.964s user=01m55.864s sys=00.100s mem=69916KiB roottime=115.860s load=1.00 rootload=1.00
ramon: poll                 wall=01m57.000s usage=01m56.964s user=01m56.860s sys=00.104s mem=70780KiB roottime=116.860s load=1.00 rootload=1.00
ramon: poll                 wall=01m58.000s usage=01m57.964s user=01m57.858s sys=00.106s mem=71292KiB roottime=117.850s load=1.00 rootload=0.99
ramon: poll                 wall=01m59.000s usage=01m58.964s user=01m58.857s sys=00.107s mem=72060KiB roottime=118.850s load=1.00 rootload=1.00
ramon: poll                 wall=02m00.000s usage=01m59.964s user=01m59.856s sys=00.108s mem=72828KiB roottime=119.850s load=1.00 rootload=1.00
[31mramon: msg                  Wall clock time limit reached[0m
ramon: end                  Wed Dec 18 13:06:39 2024
ramon: root.execname        z3
ramon: root.utime           119.850s
ramon: root.stime           0.120s
ramon: group.total          119.977s
ramon: group.utime          119.856s
ramon: group.stime          0.121s
ramon: group.mempeak        72828KiB
ramon: group.pidpeak        3
ramon: status               terminated by signal
[31mramon: signal               15 (SIGTERM Terminated)[0m
ramon: core dumped          false
ramon: exitcode             143
ramon: walltime             120.014s
ramon: loadavg              1.00
