sat
(:max-memory              62.72
 :memory                  21.68
 :num-allocs              579002263
 :rlimit-count            19248482
 :sat-backjumps           59930
 :sat-backtracks          312
 :sat-conflicts           60242
 :sat-decisions           149939
 :sat-del-clause          121116
 :sat-elim-bool-vars-res  17848
 :sat-elim-clauses        693
 :sat-elim-literals       2505
 :sat-gc-clause           24792
 :sat-minimized-lits      756567
 :sat-mk-clause-2ary      55527
 :sat-mk-clause-3ary      26225
 :sat-mk-clause-nary      208584
 :sat-mk-var              36477
 :sat-probing-assigned    136
 :sat-propagations-2ary   6246232
 :sat-propagations-nary   12632535
 :sat-restarts            7082
 :sat-scc-elim-binary     253
 :sat-scc-elim-vars       46
 :sat-subs-resolution     1681
 :sat-subs-resolution-dyn 49050
 :sat-subsumed            20828
 :sat-units               191
 :time                    4.81
 :total-time              4.83)
