unsat
(:added-eqs                       230795
 :arith-eq-adapter                1554
 :arith-bound-propagations-lp     811
 :arith-branch                    13
 :arith-conflicts                 6547
 :arith-cube-calls                2
 :arith-diseq                     9914
 :arith-fixed-eqs                 3657
 :arith-gcd-calls                 343
 :arith-grobner-calls             565
 :arith-grobner-conflicts         275
 :arith-horner-calls              136
 :arith-horner-conflicts          1
 :arith-horner-cross-nested-forms 59766
 :arith-lower                     115716
 :arith-make-feasible             49424
 :arith-max-columns               4077
 :arith-max-rows                  1489
 :arith-nla-add-bounds            358
 :arith-nla-lemmas                3639
 :arith-nla-propagate-bounds      2358
 :arith-nla-propagate-eq          29016
 :arith-nra-calls                 42
 :arith-offset-eqs                765
 :arith-patches                   343
 :arith-patches-success           328
 :arith-upper                     278641
 :binary-propagations             597504
 :cnf-encoding-aux-vars           37
 :conflicts                       1657
 :decisions                       511235
 :del-clause                      2659
 :elim-unconstrained              3
 :final-checks                    1500
 :max-memory                      210.69
 :memory                          57.31
 :minimized-lits                  646
 :mk-bool-var                     14704
 :mk-clause                       5557
 :mk-clause-binary                44054
 :nlsat-conflicts                 2163
 :nlsat-decisions                 1800
 :nlsat-propagations              88253
 :nlsat-stages                    36557
 :num-allocs                      59236050529.00
 :num-checks                      2
 :propagations                    682186
 :restarts                        14
 :rlimit-count                    32370297
 :sat-backjumps                   13827
 :sat-backtracks                  33
 :sat-conflicts                   13861
 :sat-decisions                   81680
 :sat-del-clause                  396153
 :sat-elim-bool-vars-res          68894
 :sat-elim-clauses                17283
 :sat-elim-literals               13704
 :sat-minimized-lits              198972
 :sat-mk-clause-2ary              218198
 :sat-mk-clause-3ary              116505
 :sat-mk-clause-nary              609341
 :sat-mk-var                      150079
 :sat-probing-assigned            318
 :sat-propagations-2ary           6005055
 :sat-propagations-nary           8020478
 :sat-restarts                    1933
 :sat-scc-elim-binary             3949
 :sat-scc-elim-vars               729
 :sat-subs-resolution             6753
 :sat-subs-resolution-dyn         2604
 :sat-subsumed                    82871
 :sat-units                       2958
 :solve-eqs-elim-vars             336
 :solve-eqs-steps                 4293
 :time                            21.03
 :total-time                      21.06)
