sat
(:elim-unconstrained      1
 :max-memory              87.27
 :memory                  31.00
 :num-allocs              1038267840
 :rlimit-count            4602486
 :sat-backjumps           2452
 :sat-conflicts           2452
 :sat-decisions           18359
 :sat-del-clause          132412
 :sat-elim-bool-vars-res  23830
 :sat-elim-clauses        3914
 :sat-elim-literals       3835
 :sat-minimized-lits      15777
 :sat-mk-clause-2ary      79017
 :sat-mk-clause-3ary      31883
 :sat-mk-clause-nary      210361
 :sat-mk-var              51535
 :sat-probing-assigned    87
 :sat-propagations-2ary   1431255
 :sat-propagations-nary   1975823
 :sat-restarts            161
 :sat-scc-elim-binary     527
 :sat-scc-elim-vars       210
 :sat-subs-resolution     1498
 :sat-subs-resolution-dyn 932
 :sat-subsumed            24637
 :sat-units               921
 :time                    2.05
 :total-time              2.07)
