sat
(:elim-unconstrained      2
 :max-memory              42.05
 :memory                  20.17
 :num-allocs              179189538
 :rlimit-count            2565398
 :sat-backjumps           4787
 :sat-conflicts           4787
 :sat-decisions           8891
 :sat-del-clause          53788
 :sat-elim-bool-vars-res  9945
 :sat-elim-literals       1004
 :sat-minimized-lits      56397
 :sat-mk-clause-2ary      31081
 :sat-mk-clause-3ary      13713
 :sat-mk-clause-nary      89664
 :sat-mk-var              20778
 :sat-probing-assigned    23
 :sat-propagations-2ary   785413
 :sat-propagations-nary   1352120
 :sat-restarts            583
 :sat-scc-elim-binary     171
 :sat-scc-elim-vars       57
 :sat-subs-resolution     919
 :sat-subs-resolution-dyn 3733
 :sat-subsumed            10872
 :sat-units               29
 :time                    0.62
 :total-time              0.63)
