sat
(:max-memory              43.01
 :memory                  20.28
 :num-allocs              201543257
 :rlimit-count            3222871
 :sat-backjumps           4815
 :sat-conflicts           4815
 :sat-decisions           11659
 :sat-del-clause          56903
 :sat-elim-bool-vars-res  10619
 :sat-elim-clauses        5
 :sat-elim-literals       1093
 :sat-minimized-lits      75499
 :sat-mk-clause-2ary      33465
 :sat-mk-clause-3ary      13999
 :sat-mk-clause-nary      96112
 :sat-mk-var              22307
 :sat-probing-assigned    80
 :sat-propagations-2ary   1056684
 :sat-propagations-nary   1754531
 :sat-restarts            877
 :sat-scc-elim-binary     139
 :sat-scc-elim-vars       49
 :sat-subs-resolution     817
 :sat-subs-resolution-dyn 3769
 :sat-subsumed            11519
 :sat-units               93
 :time                    0.80
 :total-time              0.81)
