sat
(:added-eqs                       148135
 :arith-eq-adapter                3692
 :arith-bound-propagations-lp     4697
 :arith-branch                    72
 :arith-conflicts                 9735
 :arith-cube-calls                20
 :arith-diseq                     39741
 :arith-fixed-eqs                 12470
 :arith-gcd-calls                 615
 :arith-gomory-cuts               6
 :arith-grobner-calls             781
 :arith-grobner-conflicts         576
 :arith-hnf-calls                 1
 :arith-horner-calls              200
 :arith-horner-conflicts          5
 :arith-horner-cross-nested-forms 97762
 :arith-lower                     55216
 :arith-make-feasible             31369
 :arith-max-columns               6357
 :arith-max-rows                  2553
 :arith-nla-add-bounds            788
 :arith-nla-lemmas                4026
 :arith-nla-propagate-bounds      5021
 :arith-nla-propagate-eq          76261
 :arith-nra-calls                 26
 :arith-offset-eqs                46259
 :arith-patches                   615
 :arith-patches-success           535
 :arith-upper                     85552
 :binary-propagations             314150
 :cnf-encoding-aux-vars           22
 :conflicts                       1089
 :decisions                       641002
 :del-clause                      9249
 :elim-unconstrained              576
 :final-checks                    2157
 :max-memory                      114.29
 :memory                          35.70
 :minimized-lits                  3517
 :mk-bool-var                     29135
 :mk-clause                       16048
 :mk-clause-binary                288459
 :nlsat-conflicts                 4381
 :nlsat-decisions                 2456
 :nlsat-propagations              104129
 :nlsat-stages                    20449
 :num-allocs                      161768487509.00
 :num-checks                      2
 :propagations                    450562
 :restarts                        9
 :rlimit-count                    22565759
 :solve-eqs-elim-vars             451
 :solve-eqs-steps                 4984
 :time                            28.68
 :total-time                      28.73)
