ramon: cwd                  /tmp/runner/actions-runner/_work/z3-poly-testing/z3-poly-testing
ramon: start                Wed Dec 18 12:27:09 2024
ramon: nproc                128
ramon: sys.mem              64150 MiB
ramon: sys.mem.free         36837 MiB
ramon: sys.mem.avail        64031 MiB
ramon: sys.nprocs           2930
ramon: argv                 0 = z3
ramon: argv                 1 = /tmp/runner/actions-runner/_work/z3-poly-testing/z3-poly-testing/download/non-incremental/QF_NIA/20170427-VeryMax/ITS/From_T2__s1-striped.t2__p13600_safety_0.smt2
ramon: argv                 2 = -T:600
ramon: argv                 3 = -st
ramon: childpid             3489596
ramon: poll                 wall=01.000s usage=00.982s user=00.847s sys=00.135s mem=136MiB roottime=0.840s load=0.98 rootload=0.84
ramon: poll                 wall=02.000s usage=01.982s user=01.820s sys=00.162s mem=174MiB roottime=1.820s load=1.00 rootload=0.98
ramon: poll                 wall=03.000s usage=02.982s user=02.814s sys=00.168s mem=182MiB roottime=2.810s load=1.00 rootload=0.99
ramon: poll                 wall=04.000s usage=03.981s user=03.813s sys=00.168s mem=183MiB roottime=3.810s load=1.00 rootload=1.00
ramon: poll                 wall=05.000s usage=04.981s user=04.813s sys=00.168s mem=183MiB roottime=4.810s load=1.00 rootload=1.00
ramon: poll                 wall=06.000s usage=05.981s user=05.813s sys=00.168s mem=183MiB roottime=5.810s load=1.00 rootload=1.00
ramon: poll                 wall=07.000s usage=06.980s user=06.812s sys=00.168s mem=183MiB roottime=6.810s load=1.00 rootload=1.00
ramon: poll                 wall=08.000s usage=07.980s user=07.812s sys=00.168s mem=182MiB roottime=7.810s load=1.00 rootload=1.00
ramon: poll                 wall=09.000s usage=08.980s user=08.812s sys=00.168s mem=182MiB roottime=8.810s load=1.00 rootload=1.00
ramon: poll                 wall=10.000s usage=09.979s user=09.811s sys=00.168s mem=182MiB roottime=9.810s load=1.00 rootload=1.00
ramon: poll                 wall=11.000s usage=10.979s user=10.811s sys=00.168s mem=182MiB roottime=10.810s load=1.00 rootload=1.00
ramon: poll                 wall=12.000s usage=11.978s user=11.811s sys=00.168s mem=182MiB roottime=11.810s load=1.00 rootload=1.00
ramon: poll                 wall=13.000s usage=12.978s user=12.810s sys=00.168s mem=182MiB roottime=12.800s load=1.00 rootload=0.99
ramon: poll                 wall=14.000s usage=13.978s user=13.810s sys=00.168s mem=182MiB roottime=13.800s load=1.00 rootload=1.00
ramon: poll                 wall=15.000s usage=14.977s user=14.799s sys=00.178s mem=205MiB roottime=14.790s load=1.00 rootload=0.99
ramon: poll                 wall=16.000s usage=15.977s user=15.799s sys=00.178s mem=205MiB roottime=15.790s load=1.00 rootload=1.00
ramon: poll                 wall=17.000s usage=16.976s user=16.798s sys=00.178s mem=205MiB roottime=16.790s load=1.00 rootload=1.00
ramon: poll                 wall=18.000s usage=17.976s user=17.798s sys=00.178s mem=205MiB roottime=17.790s load=1.00 rootload=1.00
ramon: poll                 wall=19.000s usage=18.976s user=18.798s sys=00.178s mem=205MiB roottime=18.790s load=1.00 rootload=1.00
ramon: end                  Wed Dec 18 12:27:28 2024
ramon: root.execname        z3
ramon: root.utime           19.010s
ramon: root.stime           0.210s
ramon: group.total          19.226s
ramon: group.utime          19.015s
ramon: group.stime          0.211s
ramon: group.mempeak        205MiB
ramon: group.pidpeak        2
ramon: status               exited
ramon: exitcode             0
ramon: walltime             19.251s
ramon: loadavg              1.00
