unsat
(:added-eqs                       29944
 :arith-eq-adapter                387
 :arith-bound-propagations-lp     317
 :arith-branch                    6
 :arith-conflicts                 1102
 :arith-cube-calls                3
 :arith-diseq                     4801
 :arith-fixed-eqs                 2978
 :arith-gcd-calls                 155
 :arith-gcd-conflict              1
 :arith-gomory-cuts               4
 :arith-grobner-calls             517
 :arith-grobner-conflicts         213
 :arith-hnf-calls                 2
 :arith-horner-calls              143
 :arith-horner-conflicts          17
 :arith-horner-cross-nested-forms 35400
 :arith-lower                     12865
 :arith-make-feasible             8222
 :arith-max-columns               444
 :arith-max-rows                  206
 :arith-nla-add-bounds            605
 :arith-nla-lemmas                560
 :arith-nla-propagate-bounds      320
 :arith-nla-propagate-eq          7596
 :arith-nra-calls                 178
 :arith-offset-eqs                2407
 :arith-patches                   154
 :arith-patches-success           143
 :arith-upper                     18673
 :binary-propagations             80221
 :cnf-encoding-aux-vars           12
 :conflicts                       818
 :decisions                       85579
 :del-clause                      1008
 :elim-unconstrained              48
 :final-checks                    1154
 :max-memory                      51.43
 :memory                          20.94
 :minimized-lits                  688
 :mk-bool-var                     2744
 :mk-clause                       1792
 :mk-clause-binary                1084
 :nlsat-conflicts                 672
 :nlsat-decisions                 2473
 :nlsat-propagations              19559
 :nlsat-stages                    4756
 :num-allocs                      3529267694
 :num-checks                      1
 :propagations                    107096
 :restarts                        7
 :rlimit-count                    7738953
 :sat-backjumps                   3883
 :sat-conflicts                   3884
 :sat-decisions                   27349
 :sat-del-clause                  104906
 :sat-elim-bool-vars-res          14257
 :sat-elim-clauses                26313
 :sat-elim-literals               18213
 :sat-minimized-lits              17464
 :sat-mk-clause-2ary              48032
 :sat-mk-clause-3ary              19838
 :sat-mk-clause-nary              122122
 :sat-mk-var                      29310
 :sat-probing-assigned            43
 :sat-propagations-2ary           927723
 :sat-propagations-nary           1290312
 :sat-restarts                    197
 :sat-scc-elim-binary             290
 :sat-scc-elim-vars               120
 :sat-subs-resolution             1240
 :sat-subs-resolution-dyn         731
 :sat-subsumed                    14794
 :sat-units                       6869
 :solve-eqs-elim-vars             48
 :solve-eqs-steps                 338
 :time                            3.15
 :total-time                      3.17)
