ramon: cwd                  /home/runner/a/_work/z3-poly-testing/z3-poly-testing
ramon: start                Mon Feb 10 15:12:23 2025
ramon: nproc                128
ramon: sys.mem              64150 MiB
ramon: sys.mem.free         29525 MiB
ramon: sys.mem.avail        63862 MiB
ramon: sys.nprocs           2782
ramon: argv                 0 = z3
ramon: argv                 1 = inputs/QF_LIA/ex9340_2400_100.smt2
ramon: argv                 2 = -T:600
ramon: argv                 3 = -st
ramon: argv                 4 = smt.random_seed=111
ramon: childpid             2959393
ramon: poll                 wall=01.025s usage=00.979s user=00.829s sys=00.150s mem=26208KiB roottime=0.820s load=0.96 rootload=0.80
ramon: end                  Mon Feb 10 15:12:24 2025
ramon: root.execname        z3
ramon: root.utime           0.880s
ramon: root.stime           0.160s
ramon: group.total          1.050s
ramon: group.utime          0.887s
ramon: group.stime          0.163s
ramon: group.mempeak        26316KiB
ramon: group.pidpeak        2
ramon: status               exited
ramon: exitcode             0
ramon: walltime             1.104s
ramon: loadavg              0.95
