ramon: cwd                  /home/runner/a/_work/z3-poly-testing/z3-poly-testing
ramon: start                Mon Feb 10 15:12:45 2025
ramon: nproc                128
ramon: sys.mem              64150 MiB
ramon: sys.mem.free         29148 MiB
ramon: sys.mem.avail        63862 MiB
ramon: sys.nprocs           2787
ramon: argv                 0 = z3
ramon: argv                 1 = inputs/QF_LIA/n2012-RF-11.smt2
ramon: argv                 2 = -T:600
ramon: argv                 3 = -st
ramon: argv                 4 = smt.random_seed=111
ramon: childpid             2960524
ramon: end                  Mon Feb 10 15:12:45 2025
ramon: root.execname        z3
ramon: root.utime           0.020s
ramon: root.stime           0.080s
ramon: group.total          0.107s
ramon: group.utime          0.021s
ramon: group.stime          0.086s
ramon: group.mempeak        19428KiB
ramon: group.pidpeak        2
ramon: status               exited
ramon: exitcode             0
ramon: walltime             0.135s
ramon: loadavg              0.79
