ramon: cwd                  /home/runner/a/_work/z3-poly-testing/z3-poly-testing
ramon: start                Mon Feb 10 14:57:21 2025
ramon: nproc                128
ramon: sys.mem              64150 MiB
ramon: sys.mem.free         30156 MiB
ramon: sys.mem.avail        63865 MiB
ramon: sys.nprocs           2755
ramon: argv                 0 = z3
ramon: argv                 1 = inputs/QF_LIA/n7214-prp-40-50.smt2
ramon: argv                 2 = -T:600
ramon: argv                 3 = -st
ramon: argv                 4 = smt.random_seed=111
ramon: childpid             2885420
ramon: poll                 wall=01.005s usage=00.975s user=00.874s sys=00.101s mem=22852KiB roottime=0.870s load=0.97 rootload=0.87
ramon: poll                 wall=02.001s usage=01.965s user=01.856s sys=00.109s mem=24220KiB roottime=1.850s load=0.99 rootload=0.98
ramon: poll                 wall=03.007s usage=02.966s user=02.855s sys=00.112s mem=25000KiB roottime=2.850s load=1.00 rootload=0.99
ramon: poll                 wall=04.002s usage=03.957s user=03.841s sys=00.117s mem=25756KiB roottime=3.840s load=1.00 rootload=1.00
ramon: poll                 wall=05.004s usage=04.954s user=04.830s sys=00.124s mem=26504KiB roottime=4.830s load=0.99 rootload=0.99
ramon: poll                 wall=06.004s usage=05.952s user=05.824s sys=00.128s mem=27020KiB roottime=5.820s load=1.00 rootload=0.99
ramon: poll                 wall=07.006s usage=06.951s user=06.819s sys=00.132s mem=27404KiB roottime=6.820s load=1.00 rootload=1.00
ramon: poll                 wall=08.002s usage=07.943s user=07.812s sys=00.132s mem=27800KiB roottime=7.810s load=1.00 rootload=0.99
ramon: poll                 wall=09.010s usage=08.946s user=08.809s sys=00.138s mem=28400KiB roottime=8.800s load=0.99 rootload=0.98
ramon: poll                 wall=10.001s usage=09.935s user=09.794s sys=00.141s mem=28568KiB roottime=9.790s load=1.00 rootload=1.00
ramon: poll                 wall=11.001s usage=10.932s user=10.788s sys=00.144s mem=28936KiB roottime=10.790s load=1.00 rootload=1.00
ramon: poll                 wall=12.003s usage=11.929s user=11.782s sys=00.148s mem=29112KiB roottime=11.780s load=1.00 rootload=0.99
ramon: poll                 wall=13.002s usage=12.922s user=12.773s sys=00.149s mem=29332KiB roottime=12.770s load=0.99 rootload=0.99
ramon: poll                 wall=14.000s usage=13.916s user=13.766s sys=00.150s mem=29388KiB roottime=13.760s load=1.00 rootload=0.99
ramon: poll                 wall=15.015s usage=14.921s user=14.771s sys=00.150s mem=29900KiB roottime=14.770s load=0.99 rootload=1.00
ramon: poll                 wall=16.005s usage=15.904s user=15.753s sys=00.151s mem=29956KiB roottime=15.750s load=0.99 rootload=0.99
ramon: poll                 wall=17.006s usage=16.892s user=16.729s sys=00.163s mem=30968KiB roottime=16.720s load=0.99 rootload=0.97
ramon: poll                 wall=18.007s usage=17.885s user=17.715s sys=00.170s mem=31712KiB roottime=17.710s load=0.99 rootload=0.99
ramon: poll                 wall=19.009s usage=18.879s user=18.704s sys=00.175s mem=32436KiB roottime=18.700s load=0.99 rootload=0.99
ramon: poll                 wall=20.006s usage=19.865s user=19.687s sys=00.179s mem=32716KiB roottime=19.680s load=0.99 rootload=0.98
ramon: poll                 wall=21.000s usage=20.851s user=20.671s sys=00.180s mem=33228KiB roottime=20.670s load=0.99 rootload=1.00
ramon: poll                 wall=22.013s usage=21.857s user=21.673s sys=00.184s mem=33528KiB roottime=21.670s load=0.99 rootload=0.99
ramon: poll                 wall=23.002s usage=22.841s user=22.654s sys=00.187s mem=34376KiB roottime=22.650s load=0.99 rootload=0.99
ramon: poll                 wall=24.009s usage=23.842s user=23.656s sys=00.187s mem=34548KiB roottime=23.650s load=1.00 rootload=0.99
ramon: poll                 wall=25.004s usage=24.829s user=24.639s sys=00.189s mem=34616KiB roottime=24.630s load=0.99 rootload=0.99
ramon: poll                 wall=26.001s usage=25.819s user=25.627s sys=00.192s mem=34868KiB roottime=25.620s load=0.99 rootload=0.99
ramon: poll                 wall=27.010s usage=26.823s user=26.630s sys=00.193s mem=34796KiB roottime=26.630s load=0.99 rootload=1.00
ramon: poll                 wall=28.007s usage=27.816s user=27.620s sys=00.196s mem=35220KiB roottime=27.620s load=1.00 rootload=0.99
ramon: poll                 wall=29.007s usage=28.812s user=28.615s sys=00.196s mem=35444KiB roottime=28.610s load=1.00 rootload=0.99
ramon: poll                 wall=30.017s usage=29.816s user=29.618s sys=00.198s mem=35624KiB roottime=29.610s load=0.99 rootload=0.99
ramon: poll                 wall=31.014s usage=30.811s user=30.610s sys=00.200s mem=35700KiB roottime=30.600s load=1.00 rootload=0.99
ramon: poll                 wall=32.020s usage=31.814s user=31.548s sys=00.266s mem=44236KiB roottime=31.540s load=1.00 rootload=0.93
ramon: poll                 wall=33.000s usage=32.795s user=32.528s sys=00.266s mem=44236KiB roottime=32.520s load=1.00 rootload=1.00
ramon: poll                 wall=34.002s usage=33.796s user=33.528s sys=00.267s mem=44748KiB roottime=33.520s load=1.00 rootload=1.00
ramon: poll                 wall=35.001s usage=34.794s user=34.507s sys=00.287s mem=48712KiB roottime=34.500s load=1.00 rootload=0.98
ramon: poll                 wall=36.007s usage=35.801s user=35.511s sys=00.290s mem=49736KiB roottime=35.510s load=1.00 rootload=1.00
ramon: poll                 wall=37.008s usage=36.801s user=36.494s sys=00.307s mem=54088KiB roottime=36.490s load=1.00 rootload=0.98
ramon: poll                 wall=38.007s usage=37.799s user=37.298s sys=00.501s mem=83488KiB roottime=37.290s load=1.00 rootload=0.80
ramon: poll                 wall=39.003s usage=38.795s user=38.260s sys=00.535s mem=89632KiB roottime=38.250s load=1.00 rootload=0.96
ramon: poll                 wall=40.007s usage=39.794s user=39.187s sys=00.608s mem=104MiB roottime=39.180s load=1.00 rootload=0.93
ramon: poll                 wall=41.006s usage=40.792s user=39.994s sys=00.797s mem=142MiB roottime=39.990s load=1.00 rootload=0.81
ramon: poll                 wall=42.004s usage=41.786s user=40.902s sys=00.884s mem=160MiB roottime=40.900s load=1.00 rootload=0.91
ramon: poll                 wall=43.007s usage=42.787s user=41.901s sys=00.885s mem=160MiB roottime=41.900s load=1.00 rootload=1.00
ramon: poll                 wall=44.002s usage=43.780s user=42.895s sys=00.885s mem=160MiB roottime=42.890s load=1.00 rootload=0.99
ramon: poll                 wall=45.005s usage=44.780s user=43.895s sys=00.885s mem=160MiB roottime=43.890s load=1.00 rootload=1.00
ramon: poll                 wall=46.006s usage=45.778s user=44.893s sys=00.885s mem=160MiB roottime=44.890s load=1.00 rootload=1.00
ramon: poll                 wall=47.007s usage=46.777s user=45.892s sys=00.885s mem=160MiB roottime=45.890s load=1.00 rootload=1.00
ramon: poll                 wall=48.004s usage=47.772s user=46.887s sys=00.885s mem=160MiB roottime=46.880s load=1.00 rootload=0.99
ramon: poll                 wall=49.006s usage=48.770s user=47.885s sys=00.885s mem=160MiB roottime=47.880s load=0.99 rootload=1.00
ramon: poll                 wall=50.005s usage=49.765s user=48.880s sys=00.885s mem=160MiB roottime=48.870s load=1.00 rootload=0.99
ramon: poll                 wall=51.009s usage=50.765s user=49.880s sys=00.885s mem=160MiB roottime=49.870s load=1.00 rootload=1.00
ramon: poll                 wall=52.000s usage=51.751s user=50.866s sys=00.885s mem=160MiB roottime=50.860s load=0.99 rootload=1.00
ramon: poll                 wall=53.006s usage=52.751s user=51.866s sys=00.885s mem=160MiB roottime=51.860s load=0.99 rootload=0.99
ramon: poll                 wall=54.002s usage=53.741s user=52.856s sys=00.885s mem=160MiB roottime=52.850s load=0.99 rootload=0.99
ramon: poll                 wall=55.000s usage=54.735s user=53.850s sys=00.885s mem=160MiB roottime=53.840s load=1.00 rootload=0.99
ramon: poll                 wall=56.003s usage=55.732s user=54.846s sys=00.886s mem=160MiB roottime=54.840s load=0.99 rootload=1.00
ramon: poll                 wall=57.000s usage=56.725s user=55.838s sys=00.886s mem=160MiB roottime=55.830s load=1.00 rootload=0.99
ramon: poll                 wall=58.000s usage=57.719s user=56.833s sys=00.886s mem=160MiB roottime=56.830s load=0.99 rootload=1.00
ramon: poll                 wall=59.000s usage=58.713s user=57.827s sys=00.886s mem=160MiB roottime=57.820s load=0.99 rootload=0.99
ramon: poll                 wall=01m00.000s usage=59.707s user=58.821s sys=00.886s mem=160MiB roottime=58.820s load=0.99 rootload=1.00
ramon: poll                 wall=01m01.003s usage=01m00.703s user=59.817s sys=00.886s mem=160MiB roottime=59.810s load=0.99 rootload=0.99
ramon: poll                 wall=01m02.000s usage=01m01.695s user=01m00.809s sys=00.886s mem=160MiB roottime=60.800s load=0.99 rootload=0.99
ramon: poll                 wall=01m03.008s usage=01m02.697s user=01m01.811s sys=00.886s mem=160MiB roottime=61.810s load=0.99 rootload=1.00
ramon: poll                 wall=01m04.003s usage=01m03.687s user=01m02.801s sys=00.886s mem=160MiB roottime=62.800s load=0.99 rootload=0.99
ramon: poll                 wall=01m05.006s usage=01m04.684s user=01m03.798s sys=00.886s mem=160MiB roottime=63.790s load=0.99 rootload=0.99
ramon: poll                 wall=01m06.008s usage=01m05.678s user=01m04.791s sys=00.886s mem=160MiB roottime=64.790s load=0.99 rootload=1.00
ramon: poll                 wall=01m07.003s usage=01m06.670s user=01m05.784s sys=00.886s mem=160MiB roottime=65.780s load=1.00 rootload=0.99
ramon: poll                 wall=01m08.001s usage=01m07.664s user=01m06.778s sys=00.886s mem=160MiB roottime=66.770s load=1.00 rootload=0.99
ramon: poll                 wall=01m09.003s usage=01m08.662s user=01m07.776s sys=00.886s mem=160MiB roottime=67.770s load=1.00 rootload=1.00
ramon: poll                 wall=01m10.006s usage=01m09.662s user=01m08.776s sys=00.886s mem=160MiB roottime=68.770s load=1.00 rootload=1.00
ramon: poll                 wall=01m11.005s usage=01m10.660s user=01m09.774s sys=00.886s mem=160MiB roottime=69.770s load=1.00 rootload=1.00
ramon: poll                 wall=01m12.005s usage=01m11.656s user=01m10.770s sys=00.886s mem=160MiB roottime=70.760s load=1.00 rootload=0.99
ramon: poll                 wall=01m13.003s usage=01m12.652s user=01m11.766s sys=00.886s mem=160MiB roottime=71.760s load=1.00 rootload=1.00
ramon: poll                 wall=01m14.008s usage=01m13.652s user=01m12.766s sys=00.886s mem=160MiB roottime=72.760s load=1.00 rootload=1.00
ramon: poll                 wall=01m15.006s usage=01m14.648s user=01m13.762s sys=00.886s mem=160MiB roottime=73.760s load=1.00 rootload=1.00
ramon: poll                 wall=01m16.005s usage=01m15.646s user=01m14.760s sys=00.886s mem=160MiB roottime=74.750s load=1.00 rootload=0.99
ramon: poll                 wall=01m17.009s usage=01m16.651s user=01m15.765s sys=00.886s mem=160MiB roottime=75.760s load=1.00 rootload=1.01
ramon: poll                 wall=01m18.010s usage=01m17.647s user=01m16.759s sys=00.888s mem=160MiB roottime=76.750s load=1.00 rootload=0.99
ramon: poll                 wall=01m19.002s usage=01m18.637s user=01m17.746s sys=00.890s mem=160MiB roottime=77.740s load=1.00 rootload=1.00
ramon: poll                 wall=01m20.005s usage=01m19.636s user=01m18.745s sys=00.890s mem=161MiB roottime=78.740s load=1.00 rootload=1.00
ramon: poll                 wall=01m21.012s usage=01m20.638s user=01m19.747s sys=00.891s mem=161MiB roottime=79.740s load=1.00 rootload=0.99
ramon: poll                 wall=01m22.007s usage=01m21.632s user=01m20.739s sys=00.892s mem=161MiB roottime=80.730s load=1.00 rootload=0.99
ramon: poll                 wall=01m23.000s usage=01m22.621s user=01m21.727s sys=00.894s mem=161MiB roottime=81.720s load=1.00 rootload=1.00
ramon: poll                 wall=01m24.005s usage=01m23.619s user=01m22.723s sys=00.896s mem=161MiB roottime=82.720s load=0.99 rootload=1.00
ramon: poll                 wall=01m25.003s usage=01m24.612s user=01m23.714s sys=00.898s mem=161MiB roottime=83.710s load=0.99 rootload=0.99
ramon: poll                 wall=01m26.004s usage=01m25.609s user=01m24.710s sys=00.899s mem=161MiB roottime=84.700s load=1.00 rootload=0.99
ramon: poll                 wall=01m27.002s usage=01m26.605s user=01m25.706s sys=00.899s mem=161MiB roottime=85.700s load=1.00 rootload=1.00
ramon: poll                 wall=01m28.006s usage=01m27.607s user=01m26.708s sys=00.899s mem=161MiB roottime=86.700s load=1.00 rootload=1.00
ramon: poll                 wall=01m29.000s usage=01m28.600s user=01m27.700s sys=00.900s mem=161MiB roottime=87.690s load=1.00 rootload=1.00
ramon: poll                 wall=01m30.010s usage=01m29.610s user=01m28.708s sys=00.902s mem=161MiB roottime=88.700s load=1.00 rootload=1.00
ramon: poll                 wall=01m31.000s usage=01m30.599s user=01m29.696s sys=00.903s mem=161MiB roottime=89.690s load=1.00 rootload=1.00
ramon: poll                 wall=01m32.000s usage=01m31.599s user=01m30.696s sys=00.903s mem=161MiB roottime=90.690s load=1.00 rootload=1.00
ramon: poll                 wall=01m33.000s usage=01m32.598s user=01m31.694s sys=00.904s mem=161MiB roottime=91.690s load=1.00 rootload=1.00
ramon: poll                 wall=01m34.000s usage=01m33.598s user=01m32.691s sys=00.906s mem=161MiB roottime=92.690s load=1.00 rootload=1.00
ramon: poll                 wall=01m35.000s usage=01m34.597s user=01m33.690s sys=00.907s mem=161MiB roottime=93.680s load=1.00 rootload=0.99
ramon: poll                 wall=01m36.000s usage=01m35.597s user=01m34.690s sys=00.907s mem=161MiB roottime=94.680s load=1.00 rootload=1.00
ramon: poll                 wall=01m37.011s usage=01m36.606s user=01m35.699s sys=00.907s mem=161MiB roottime=95.690s load=1.00 rootload=1.00
ramon: poll                 wall=01m38.009s usage=01m37.602s user=01m36.695s sys=00.907s mem=161MiB roottime=96.690s load=1.00 rootload=1.00
ramon: poll                 wall=01m39.008s usage=01m38.599s user=01m37.691s sys=00.908s mem=161MiB roottime=97.690s load=1.00 rootload=1.00
ramon: end                  Mon Feb 10 14:59:01 2025
ramon: root.execname        z3
ramon: root.utime           98.570s
ramon: root.stime           0.970s
ramon: group.total          99.548s
ramon: group.utime          98.578s
ramon: group.stime          0.969s
ramon: group.mempeak        162MiB
ramon: group.pidpeak        2
ramon: status               exited
ramon: exitcode             0
ramon: walltime             99.959s
ramon: loadavg              1.00
