ramon: cwd                  /home/runner/a/_work/z3-poly-testing/z3-poly-testing
ramon: start                Mon Feb 10 15:01:07 2025
ramon: nproc                128
ramon: sys.mem              64150 MiB
ramon: sys.mem.free         34731 MiB
ramon: sys.mem.avail        63864 MiB
ramon: sys.nprocs           2776
ramon: argv                 0 = z3
ramon: argv                 1 = inputs/QF_LIA/n7444-prp-19-48.smt2
ramon: argv                 2 = -T:600
ramon: argv                 3 = -st
ramon: argv                 4 = smt.random_seed=111
ramon: childpid             2902642
ramon: poll                 wall=01.015s usage=01.006s user=00.946s sys=00.060s mem=23608KiB roottime=0.940s load=0.99 rootload=0.93
ramon: poll                 wall=02.006s usage=01.994s user=01.929s sys=00.065s mem=24636KiB roottime=1.920s load=1.00 rootload=0.99
ramon: poll                 wall=03.008s usage=02.994s user=02.926s sys=00.068s mem=25412KiB roottime=2.920s load=1.00 rootload=1.00
ramon: poll                 wall=04.020s usage=04.006s user=03.934s sys=00.072s mem=26368KiB roottime=3.930s load=1.00 rootload=1.00
ramon: poll                 wall=05.004s usage=04.989s user=04.917s sys=00.072s mem=26624KiB roottime=4.910s load=1.00 rootload=1.00
ramon: poll                 wall=06.000s usage=05.986s user=05.913s sys=00.073s mem=26880KiB roottime=5.910s load=1.00 rootload=1.00
ramon: poll                 wall=07.000s usage=06.986s user=06.910s sys=00.076s mem=26880KiB roottime=6.900s load=1.00 rootload=0.99
ramon: poll                 wall=08.003s usage=07.987s user=07.909s sys=00.078s mem=27268KiB roottime=7.900s load=1.00 rootload=1.00
ramon: poll                 wall=09.004s usage=08.987s user=08.908s sys=00.079s mem=27524KiB roottime=8.900s load=1.00 rootload=1.00
ramon: poll                 wall=10.000s usage=09.984s user=09.904s sys=00.080s mem=27524KiB roottime=9.900s load=1.00 rootload=1.00
ramon: poll                 wall=11.004s usage=10.987s user=10.907s sys=00.080s mem=27780KiB roottime=10.900s load=1.00 rootload=1.00
ramon: poll                 wall=12.000s usage=11.983s user=11.903s sys=00.080s mem=27780KiB roottime=11.900s load=1.00 rootload=1.00
ramon: poll                 wall=13.000s usage=12.983s user=12.903s sys=00.080s mem=28036KiB roottime=12.900s load=1.00 rootload=1.00
ramon: poll                 wall=14.003s usage=13.985s user=13.903s sys=00.082s mem=28036KiB roottime=13.900s load=1.00 rootload=1.00
ramon: poll                 wall=15.004s usage=14.986s user=14.903s sys=00.083s mem=28036KiB roottime=14.900s load=1.00 rootload=1.00
ramon: poll                 wall=16.000s usage=15.983s user=15.897s sys=00.086s mem=28548KiB roottime=15.890s load=1.00 rootload=0.99
ramon: poll                 wall=17.000s usage=16.982s user=16.896s sys=00.086s mem=28548KiB roottime=16.890s load=1.00 rootload=1.00
ramon: poll                 wall=18.002s usage=17.983s user=17.896s sys=00.087s mem=28548KiB roottime=17.890s load=1.00 rootload=1.00
ramon: poll                 wall=19.003s usage=18.984s user=18.896s sys=00.088s mem=28804KiB roottime=18.890s load=1.00 rootload=1.00
ramon: poll                 wall=20.002s usage=19.983s user=19.895s sys=00.088s mem=28804KiB roottime=19.890s load=1.00 rootload=1.00
ramon: poll                 wall=21.002s usage=20.983s user=20.895s sys=00.088s mem=28804KiB roottime=20.890s load=1.00 rootload=1.00
ramon: poll                 wall=22.000s usage=21.981s user=21.892s sys=00.089s mem=29060KiB roottime=21.890s load=1.00 rootload=1.00
ramon: poll                 wall=23.002s usage=22.982s user=22.892s sys=00.090s mem=29060KiB roottime=22.890s load=1.00 rootload=1.00
ramon: poll                 wall=24.004s usage=23.984s user=23.894s sys=00.090s mem=29060KiB roottime=23.890s load=1.00 rootload=1.00
ramon: poll                 wall=25.000s usage=24.981s user=24.891s sys=00.090s mem=29060KiB roottime=24.890s load=1.00 rootload=1.00
ramon: poll                 wall=26.003s usage=25.978s user=25.887s sys=00.091s mem=29176KiB roottime=25.880s load=1.00 rootload=0.99
ramon: poll                 wall=27.004s usage=26.974s user=26.882s sys=00.092s mem=29436KiB roottime=26.880s load=0.99 rootload=1.00
ramon: poll                 wall=28.000s usage=27.967s user=27.872s sys=00.095s mem=31008KiB roottime=27.870s load=1.00 rootload=0.99
ramon: poll                 wall=29.000s usage=28.964s user=28.868s sys=00.096s mem=31836KiB roottime=28.860s load=1.00 rootload=0.99
ramon: poll                 wall=30.004s usage=29.963s user=29.863s sys=00.100s mem=32204KiB roottime=29.860s load=1.00 rootload=1.00
ramon: poll                 wall=31.000s usage=30.956s user=30.815s sys=00.141s mem=41088KiB roottime=30.810s load=1.00 rootload=0.95
ramon: poll                 wall=32.001s usage=31.952s user=31.808s sys=00.144s mem=41144KiB roottime=31.800s load=1.00 rootload=0.99
ramon: poll                 wall=33.017s usage=32.966s user=32.822s sys=00.144s mem=41632KiB roottime=32.820s load=1.00 rootload=1.00
ramon: poll                 wall=34.013s usage=33.958s user=33.812s sys=00.146s mem=42712KiB roottime=33.810s load=1.00 rootload=0.99
ramon: poll                 wall=35.020s usage=34.962s user=34.816s sys=00.146s mem=42532KiB roottime=34.810s load=1.00 rootload=0.99
ramon: poll                 wall=36.001s usage=35.940s user=35.794s sys=00.146s mem=43004KiB roottime=35.790s load=1.00 rootload=1.00
ramon: poll                 wall=37.003s usage=36.940s user=36.794s sys=00.147s mem=43052KiB roottime=36.790s load=1.00 rootload=1.00
ramon: poll                 wall=38.016s usage=37.951s user=37.805s sys=00.147s mem=43380KiB roottime=37.800s load=1.00 rootload=1.00
ramon: poll                 wall=39.005s usage=38.938s user=38.791s sys=00.147s mem=43656KiB roottime=38.790s load=1.00 rootload=1.00
ramon: poll                 wall=40.000s usage=39.931s user=39.783s sys=00.148s mem=43728KiB roottime=39.780s load=1.00 rootload=0.99
ramon: poll                 wall=41.000s usage=40.929s user=40.780s sys=00.149s mem=44024KiB roottime=40.780s load=1.00 rootload=1.00
ramon: poll                 wall=42.000s usage=41.927s user=41.777s sys=00.150s mem=44096KiB roottime=41.770s load=1.00 rootload=0.99
ramon: poll                 wall=43.000s usage=42.926s user=42.773s sys=00.153s mem=44356KiB roottime=42.770s load=1.00 rootload=1.00
ramon: poll                 wall=44.002s usage=43.926s user=43.774s sys=00.153s mem=44212KiB roottime=43.770s load=1.00 rootload=1.00
ramon: poll                 wall=45.000s usage=44.924s user=44.772s sys=00.153s mem=44688KiB roottime=44.770s load=1.00 rootload=1.00
ramon: poll                 wall=46.005s usage=45.928s user=45.761s sys=00.167s mem=52624KiB roottime=45.760s load=1.00 rootload=0.99
ramon: poll                 wall=47.000s usage=46.924s user=46.677s sys=00.247s mem=74600KiB roottime=46.670s load=1.00 rootload=0.91
ramon: poll                 wall=48.003s usage=47.925s user=47.570s sys=00.356s mem=128MiB roottime=47.560s load=1.00 rootload=0.89
ramon: poll                 wall=49.000s usage=48.922s user=48.567s sys=00.356s mem=128MiB roottime=48.560s load=1.00 rootload=1.00
ramon: poll                 wall=50.002s usage=49.924s user=49.568s sys=00.356s mem=128MiB roottime=49.560s load=1.00 rootload=1.00
ramon: poll                 wall=51.003s usage=50.925s user=50.563s sys=00.362s mem=129MiB roottime=50.560s load=1.00 rootload=1.00
ramon: poll                 wall=52.012s usage=51.934s user=51.567s sys=00.367s mem=129MiB roottime=51.560s load=1.00 rootload=0.99
ramon: poll                 wall=53.025s usage=52.945s user=52.574s sys=00.371s mem=130MiB roottime=52.570s load=1.00 rootload=1.00
ramon: poll                 wall=54.049s usage=53.969s user=53.595s sys=00.374s mem=130MiB roottime=53.590s load=1.00 rootload=1.00
ramon: poll                 wall=55.003s usage=54.923s user=54.548s sys=00.375s mem=130MiB roottime=54.540s load=1.00 rootload=1.00
ramon: poll                 wall=56.003s usage=55.922s user=55.547s sys=00.376s mem=130MiB roottime=55.540s load=1.00 rootload=1.00
ramon: poll                 wall=57.004s usage=56.923s user=56.545s sys=00.379s mem=130MiB roottime=56.540s load=1.00 rootload=1.00
ramon: poll                 wall=58.000s usage=57.919s user=57.539s sys=00.380s mem=131MiB roottime=57.530s load=1.00 rootload=0.99
ramon: poll                 wall=59.000s usage=58.919s user=58.539s sys=00.380s mem=131MiB roottime=58.540s load=1.00 rootload=1.01
ramon: poll                 wall=01m00.000s usage=59.918s user=59.539s sys=00.380s mem=131MiB roottime=59.530s load=1.00 rootload=0.99
ramon: poll                 wall=01m01.003s usage=01m00.921s user=01m00.541s sys=00.381s mem=131MiB roottime=60.540s load=1.00 rootload=1.01
ramon: poll                 wall=01m02.000s usage=01m01.918s user=01m01.536s sys=00.382s mem=132MiB roottime=61.530s load=1.00 rootload=0.99
ramon: poll                 wall=01m03.004s usage=01m02.922s user=01m02.538s sys=00.384s mem=132MiB roottime=62.530s load=1.00 rootload=1.00
ramon: poll                 wall=01m04.000s usage=01m03.918s user=01m03.534s sys=00.384s mem=132MiB roottime=63.530s load=1.00 rootload=1.00
ramon: poll                 wall=01m05.000s usage=01m04.917s user=01m04.533s sys=00.385s mem=132MiB roottime=64.530s load=1.00 rootload=1.00
ramon: poll                 wall=01m06.003s usage=01m05.919s user=01m05.534s sys=00.385s mem=132MiB roottime=65.530s load=1.00 rootload=1.00
ramon: poll                 wall=01m07.000s usage=01m06.915s user=01m06.529s sys=00.386s mem=133MiB roottime=66.530s load=1.00 rootload=1.00
ramon: poll                 wall=01m08.003s usage=01m07.918s user=01m07.532s sys=00.386s mem=133MiB roottime=67.530s load=1.00 rootload=1.00
ramon: poll                 wall=01m09.002s usage=01m08.916s user=01m08.530s sys=00.386s mem=133MiB roottime=68.530s load=1.00 rootload=1.00
ramon: poll                 wall=01m10.004s usage=01m09.917s user=01m09.530s sys=00.387s mem=133MiB roottime=69.530s load=1.00 rootload=1.00
ramon: poll                 wall=01m11.000s usage=01m10.913s user=01m10.526s sys=00.387s mem=133MiB roottime=70.520s load=1.00 rootload=0.99
ramon: poll                 wall=01m12.000s usage=01m11.911s user=01m11.523s sys=00.388s mem=133MiB roottime=71.520s load=1.00 rootload=1.00
ramon: poll                 wall=01m13.000s usage=01m12.911s user=01m12.523s sys=00.388s mem=133MiB roottime=72.520s load=1.00 rootload=1.00
ramon: poll                 wall=01m14.001s usage=01m13.911s user=01m13.523s sys=00.389s mem=133MiB roottime=73.520s load=1.00 rootload=1.00
ramon: poll                 wall=01m15.000s usage=01m14.910s user=01m14.520s sys=00.390s mem=133MiB roottime=74.520s load=1.00 rootload=1.00
ramon: poll                 wall=01m16.001s usage=01m15.911s user=01m15.521s sys=00.390s mem=133MiB roottime=75.520s load=1.00 rootload=1.00
ramon: poll                 wall=01m17.001s usage=01m16.911s user=01m16.520s sys=00.391s mem=134MiB roottime=76.510s load=1.00 rootload=0.99
ramon: poll                 wall=01m18.004s usage=01m17.912s user=01m17.521s sys=00.392s mem=134MiB roottime=77.520s load=1.00 rootload=1.01
ramon: poll                 wall=01m19.003s usage=01m18.910s user=01m18.517s sys=00.394s mem=134MiB roottime=78.510s load=1.00 rootload=0.99
ramon: poll                 wall=01m20.001s usage=01m19.907s user=01m19.513s sys=00.395s mem=134MiB roottime=79.510s load=1.00 rootload=1.00
ramon: poll                 wall=01m21.000s usage=01m20.906s user=01m20.511s sys=00.395s mem=134MiB roottime=80.510s load=1.00 rootload=1.00
ramon: poll                 wall=01m22.008s usage=01m21.914s user=01m21.519s sys=00.395s mem=134MiB roottime=81.510s load=1.00 rootload=0.99
ramon: poll                 wall=01m23.010s usage=01m22.916s user=01m22.520s sys=00.396s mem=134MiB roottime=82.520s load=1.00 rootload=1.01
ramon: poll                 wall=01m24.004s usage=01m23.909s user=01m23.512s sys=00.397s mem=135MiB roottime=83.510s load=1.00 rootload=1.00
ramon: poll                 wall=01m25.006s usage=01m24.911s user=01m24.514s sys=00.397s mem=135MiB roottime=84.510s load=1.00 rootload=1.00
ramon: poll                 wall=01m26.009s usage=01m25.913s user=01m25.517s sys=00.397s mem=135MiB roottime=85.510s load=1.00 rootload=1.00
ramon: poll                 wall=01m27.004s usage=01m26.875s user=01m26.474s sys=00.401s mem=135MiB roottime=86.470s load=0.97 rootload=0.96
ramon: poll                 wall=01m28.003s usage=01m27.861s user=01m27.459s sys=00.402s mem=135MiB roottime=87.450s load=0.99 rootload=0.98
ramon: poll                 wall=01m29.003s usage=01m28.846s user=01m28.442s sys=00.404s mem=135MiB roottime=88.440s load=0.99 rootload=0.99
ramon: poll                 wall=01m30.000s usage=01m29.839s user=01m29.434s sys=00.405s mem=135MiB roottime=89.430s load=1.00 rootload=0.99
ramon: poll                 wall=01m31.004s usage=01m30.838s user=01m30.433s sys=00.405s mem=135MiB roottime=90.430s load=1.00 rootload=1.00
ramon: poll                 wall=01m32.001s usage=01m31.833s user=01m31.428s sys=00.405s mem=135MiB roottime=91.420s load=1.00 rootload=0.99
ramon: poll                 wall=01m33.000s usage=01m32.828s user=01m32.423s sys=00.406s mem=135MiB roottime=92.420s load=1.00 rootload=1.00
ramon: poll                 wall=01m34.002s usage=01m33.829s user=01m33.423s sys=00.406s mem=135MiB roottime=93.420s load=1.00 rootload=1.00
ramon: poll                 wall=01m35.000s usage=01m34.825s user=01m34.420s sys=00.406s mem=135MiB roottime=94.410s load=1.00 rootload=0.99
ramon: poll                 wall=01m36.003s usage=01m35.825s user=01m35.418s sys=00.407s mem=135MiB roottime=95.410s load=1.00 rootload=1.00
ramon: poll                 wall=01m37.000s usage=01m36.819s user=01m36.412s sys=00.407s mem=135MiB roottime=96.410s load=1.00 rootload=1.00
ramon: poll                 wall=01m38.000s usage=01m37.818s user=01m37.411s sys=00.407s mem=135MiB roottime=97.410s load=1.00 rootload=1.00
ramon: poll                 wall=01m39.001s usage=01m38.816s user=01m38.409s sys=00.407s mem=135MiB roottime=98.400s load=1.00 rootload=0.99
ramon: poll                 wall=01m40.001s usage=01m39.815s user=01m39.408s sys=00.407s mem=135MiB roottime=99.400s load=1.00 rootload=1.00
ramon: poll                 wall=01m41.001s usage=01m40.813s user=01m40.407s sys=00.407s mem=135MiB roottime=100.400s load=1.00 rootload=1.00
ramon: poll                 wall=01m42.019s usage=01m41.831s user=01m41.424s sys=00.407s mem=135MiB roottime=101.420s load=1.00 rootload=1.00
ramon: poll                 wall=01m43.001s usage=01m42.812s user=01m42.406s sys=00.407s mem=135MiB roottime=102.400s load=1.00 rootload=1.00
ramon: poll                 wall=01m44.003s usage=01m43.813s user=01m43.406s sys=00.408s mem=135MiB roottime=103.400s load=1.00 rootload=1.00
ramon: poll                 wall=01m45.008s usage=01m44.817s user=01m44.410s sys=00.408s mem=135MiB roottime=104.400s load=1.00 rootload=1.00
ramon: poll                 wall=01m46.006s usage=01m45.814s user=01m45.407s sys=00.408s mem=135MiB roottime=105.400s load=1.00 rootload=1.00
ramon: poll                 wall=01m47.004s usage=01m46.812s user=01m46.405s sys=00.408s mem=135MiB roottime=106.400s load=1.00 rootload=1.00
ramon: poll                 wall=01m48.000s usage=01m47.808s user=01m47.398s sys=00.410s mem=135MiB roottime=107.390s load=1.00 rootload=0.99
ramon: poll                 wall=01m49.012s usage=01m48.818s user=01m48.408s sys=00.411s mem=135MiB roottime=108.400s load=1.00 rootload=1.00
ramon: poll                 wall=01m50.007s usage=01m49.813s user=01m49.402s sys=00.412s mem=135MiB roottime=109.400s load=1.00 rootload=1.01
ramon: poll                 wall=01m51.003s usage=01m50.808s user=01m50.397s sys=00.412s mem=135MiB roottime=110.390s load=1.00 rootload=0.99
ramon: poll                 wall=01m52.009s usage=01m51.814s user=01m51.402s sys=00.412s mem=135MiB roottime=111.400s load=1.00 rootload=1.00
ramon: poll                 wall=01m53.000s usage=01m52.804s user=01m52.392s sys=00.412s mem=135MiB roottime=112.390s load=1.00 rootload=1.00
ramon: poll                 wall=01m54.007s usage=01m53.810s user=01m53.399s sys=00.412s mem=135MiB roottime=113.390s load=1.00 rootload=0.99
ramon: poll                 wall=01m55.010s usage=01m54.813s user=01m54.401s sys=00.412s mem=135MiB roottime=114.400s load=1.00 rootload=1.01
ramon: poll                 wall=01m56.006s usage=01m55.808s user=01m55.396s sys=00.413s mem=135MiB roottime=115.390s load=1.00 rootload=0.99
ramon: poll                 wall=01m57.010s usage=01m56.812s user=01m56.400s sys=00.413s mem=135MiB roottime=116.390s load=1.00 rootload=1.00
ramon: poll                 wall=01m58.002s usage=01m57.803s user=01m57.391s sys=00.413s mem=135MiB roottime=117.390s load=1.00 rootload=1.01
ramon: poll                 wall=01m59.000s usage=01m58.800s user=01m58.388s sys=00.413s mem=135MiB roottime=118.380s load=1.00 rootload=0.99
ramon: poll                 wall=02m00.003s usage=01m59.803s user=01m59.391s sys=00.413s mem=135MiB roottime=119.390s load=1.00 rootload=1.01
ramon: poll                 wall=02m01.001s usage=02m00.800s user=02m00.387s sys=00.414s mem=135MiB roottime=120.380s load=1.00 rootload=0.99
ramon: poll                 wall=02m02.002s usage=02m01.801s user=02m01.388s sys=00.414s mem=135MiB roottime=121.380s load=1.00 rootload=1.00
ramon: poll                 wall=02m03.017s usage=02m02.815s user=02m02.402s sys=00.414s mem=135MiB roottime=122.400s load=1.00 rootload=1.01
ramon: poll                 wall=02m04.007s usage=02m03.805s user=02m03.392s sys=00.414s mem=135MiB roottime=123.390s load=1.00 rootload=1.00
ramon: poll                 wall=02m05.014s usage=02m04.811s user=02m04.398s sys=00.414s mem=135MiB roottime=124.390s load=1.00 rootload=0.99
ramon: poll                 wall=02m06.015s usage=02m05.812s user=02m05.399s sys=00.414s mem=135MiB roottime=125.390s load=1.00 rootload=1.00
ramon: poll                 wall=02m07.011s usage=02m06.807s user=02m06.394s sys=00.414s mem=135MiB roottime=126.390s load=1.00 rootload=1.00
ramon: poll                 wall=02m08.009s usage=02m07.805s user=02m07.391s sys=00.414s mem=135MiB roottime=127.390s load=1.00 rootload=1.00
ramon: poll                 wall=02m09.011s usage=02m08.806s user=02m08.391s sys=00.415s mem=135MiB roottime=128.390s load=1.00 rootload=1.00
ramon: poll                 wall=02m10.013s usage=02m09.807s user=02m09.390s sys=00.417s mem=135MiB roottime=129.390s load=1.00 rootload=1.00
ramon: poll                 wall=02m11.000s usage=02m10.794s user=02m10.376s sys=00.418s mem=135MiB roottime=130.370s load=1.00 rootload=0.99
ramon: poll                 wall=02m12.002s usage=02m11.795s user=02m11.378s sys=00.418s mem=135MiB roottime=131.370s load=1.00 rootload=1.00
ramon: poll                 wall=02m13.002s usage=02m12.795s user=02m12.376s sys=00.419s mem=135MiB roottime=132.370s load=1.00 rootload=1.00
ramon: poll                 wall=02m14.000s usage=02m13.792s user=02m13.374s sys=00.419s mem=135MiB roottime=133.370s load=1.00 rootload=1.00
ramon: poll                 wall=02m15.000s usage=02m14.792s user=02m14.373s sys=00.419s mem=135MiB roottime=134.370s load=1.00 rootload=1.00
ramon: poll                 wall=02m16.000s usage=02m15.791s user=02m15.372s sys=00.419s mem=135MiB roottime=135.370s load=1.00 rootload=1.00
ramon: poll                 wall=02m17.000s usage=02m16.790s user=02m16.372s sys=00.419s mem=135MiB roottime=136.370s load=1.00 rootload=1.00
ramon: poll                 wall=02m18.008s usage=02m17.797s user=02m17.377s sys=00.421s mem=135MiB roottime=137.370s load=1.00 rootload=0.99
ramon: poll                 wall=02m19.004s usage=02m18.793s user=02m18.372s sys=00.421s mem=135MiB roottime=138.370s load=1.00 rootload=1.00
ramon: poll                 wall=02m20.006s usage=02m19.794s user=02m19.374s sys=00.421s mem=135MiB roottime=139.370s load=1.00 rootload=1.00
ramon: poll                 wall=02m21.006s usage=02m20.794s user=02m20.373s sys=00.421s mem=135MiB roottime=140.370s load=1.00 rootload=1.00
ramon: poll                 wall=02m22.007s usage=02m21.794s user=02m21.374s sys=00.421s mem=135MiB roottime=141.370s load=1.00 rootload=1.00
ramon: poll                 wall=02m23.011s usage=02m22.798s user=02m22.377s sys=00.421s mem=135MiB roottime=142.370s load=1.00 rootload=1.00
ramon: poll                 wall=02m24.000s usage=02m23.786s user=02m23.365s sys=00.421s mem=135MiB roottime=143.360s load=1.00 rootload=1.00
ramon: poll                 wall=02m25.004s usage=02m24.789s user=02m24.369s sys=00.421s mem=135MiB roottime=144.360s load=1.00 rootload=1.00
ramon: poll                 wall=02m26.004s usage=02m25.788s user=02m25.367s sys=00.421s mem=135MiB roottime=145.360s load=1.00 rootload=1.00
ramon: poll                 wall=02m27.002s usage=02m26.786s user=02m26.365s sys=00.421s mem=135MiB roottime=146.360s load=1.00 rootload=1.00
ramon: poll                 wall=02m28.005s usage=02m27.788s user=02m27.367s sys=00.421s mem=135MiB roottime=147.360s load=1.00 rootload=1.00
ramon: poll                 wall=02m29.006s usage=02m28.788s user=02m28.367s sys=00.421s mem=135MiB roottime=148.360s load=1.00 rootload=1.00
ramon: poll                 wall=02m30.011s usage=02m29.792s user=02m29.372s sys=00.421s mem=135MiB roottime=149.370s load=1.00 rootload=1.01
ramon: poll                 wall=02m31.009s usage=02m30.790s user=02m30.369s sys=00.421s mem=135MiB roottime=150.360s load=1.00 rootload=0.99
ramon: poll                 wall=02m32.010s usage=02m31.791s user=02m31.370s sys=00.421s mem=135MiB roottime=151.360s load=1.00 rootload=1.00
ramon: poll                 wall=02m33.007s usage=02m32.787s user=02m32.366s sys=00.421s mem=135MiB roottime=152.360s load=1.00 rootload=1.00
ramon: poll                 wall=02m34.009s usage=02m33.788s user=02m33.368s sys=00.421s mem=135MiB roottime=153.360s load=1.00 rootload=1.00
ramon: poll                 wall=02m35.003s usage=02m34.782s user=02m34.361s sys=00.421s mem=135MiB roottime=154.360s load=1.00 rootload=1.01
ramon: poll                 wall=02m36.000s usage=02m35.780s user=02m35.359s sys=00.421s mem=135MiB roottime=155.350s load=1.00 rootload=0.99
ramon: poll                 wall=02m37.013s usage=02m36.791s user=02m36.370s sys=00.421s mem=135MiB roottime=156.370s load=1.00 rootload=1.01
ramon: poll                 wall=02m38.023s usage=02m37.798s user=02m37.378s sys=00.421s mem=135MiB roottime=157.370s load=1.00 rootload=0.99
ramon: poll                 wall=02m39.003s usage=02m38.778s user=02m38.346s sys=00.432s mem=137MiB roottime=158.340s load=1.00 rootload=0.99
ramon: poll                 wall=02m40.014s usage=02m39.788s user=02m39.357s sys=00.432s mem=137MiB roottime=159.350s load=1.00 rootload=1.00
ramon: poll                 wall=02m41.021s usage=02m40.794s user=02m40.363s sys=00.432s mem=137MiB roottime=160.360s load=1.00 rootload=1.00
ramon: poll                 wall=02m42.007s usage=02m41.779s user=02m41.348s sys=00.432s mem=137MiB roottime=161.340s load=1.00 rootload=0.99
ramon: poll                 wall=02m43.006s usage=02m42.777s user=02m42.346s sys=00.432s mem=137MiB roottime=162.340s load=1.00 rootload=1.00
ramon: poll                 wall=02m44.008s usage=02m43.778s user=02m43.346s sys=00.432s mem=137MiB roottime=163.340s load=1.00 rootload=1.00
ramon: poll                 wall=02m45.008s usage=02m44.776s user=02m44.344s sys=00.432s mem=137MiB roottime=164.340s load=1.00 rootload=1.00
ramon: poll                 wall=02m46.012s usage=02m45.776s user=02m45.345s sys=00.432s mem=137MiB roottime=165.340s load=1.00 rootload=1.00
ramon: poll                 wall=02m47.012s usage=02m46.773s user=02m46.341s sys=00.432s mem=137MiB roottime=166.340s load=1.00 rootload=1.00
ramon: poll                 wall=02m48.012s usage=02m47.769s user=02m47.336s sys=00.433s mem=137MiB roottime=167.330s load=1.00 rootload=0.99
ramon: poll                 wall=02m49.006s usage=02m48.760s user=02m48.328s sys=00.433s mem=137MiB roottime=168.320s load=1.00 rootload=1.00
ramon: poll                 wall=02m50.014s usage=02m49.765s user=02m49.332s sys=00.434s mem=137MiB roottime=169.330s load=1.00 rootload=1.00
ramon: poll                 wall=02m51.014s usage=02m50.764s user=02m50.331s sys=00.434s mem=137MiB roottime=170.330s load=1.00 rootload=1.00
ramon: poll                 wall=02m52.015s usage=02m51.763s user=02m51.330s sys=00.434s mem=137MiB roottime=171.330s load=1.00 rootload=1.00
ramon: poll                 wall=02m53.000s usage=02m52.743s user=02m52.308s sys=00.435s mem=137MiB roottime=172.300s load=0.99 rootload=0.98
ramon: poll                 wall=02m54.006s usage=02m53.745s user=02m53.308s sys=00.437s mem=137MiB roottime=173.300s load=1.00 rootload=0.99
ramon: poll                 wall=02m55.009s usage=02m54.742s user=02m54.303s sys=00.439s mem=137MiB roottime=174.300s load=1.00 rootload=1.00
ramon: poll                 wall=02m56.011s usage=02m55.741s user=02m55.303s sys=00.439s mem=138MiB roottime=175.300s load=1.00 rootload=1.00
ramon: poll                 wall=02m57.008s usage=02m56.735s user=02m56.295s sys=00.440s mem=138MiB roottime=176.290s load=1.00 rootload=0.99
ramon: poll                 wall=02m58.007s usage=02m57.732s user=02m57.293s sys=00.440s mem=138MiB roottime=177.290s load=1.00 rootload=1.00
ramon: poll                 wall=02m59.013s usage=02m58.738s user=02m58.298s sys=00.440s mem=138MiB roottime=178.290s load=1.00 rootload=0.99
ramon: poll                 wall=03m00.031s usage=02m59.754s user=02m59.314s sys=00.440s mem=138MiB roottime=179.310s load=1.00 rootload=1.00
ramon: poll                 wall=03m01.000s usage=03m00.720s user=03m00.281s sys=00.440s mem=138MiB roottime=180.280s load=1.00 rootload=1.00
ramon: poll                 wall=03m02.004s usage=03m01.721s user=03m01.281s sys=00.440s mem=138MiB roottime=181.280s load=1.00 rootload=1.00
ramon: poll                 wall=03m03.000s usage=03m02.716s user=03m02.276s sys=00.440s mem=138MiB roottime=182.270s load=1.00 rootload=0.99
ramon: poll                 wall=03m04.004s usage=03m03.720s user=03m03.281s sys=00.440s mem=138MiB roottime=183.280s load=1.00 rootload=1.01
ramon: poll                 wall=03m05.005s usage=03m04.719s user=03m04.278s sys=00.441s mem=138MiB roottime=184.270s load=1.00 rootload=0.99
ramon: poll                 wall=03m06.001s usage=03m05.707s user=03m05.267s sys=00.441s mem=138MiB roottime=185.260s load=0.99 rootload=0.99
ramon: poll                 wall=03m07.002s usage=03m06.707s user=03m06.267s sys=00.441s mem=138MiB roottime=186.260s load=1.00 rootload=1.00
ramon: poll                 wall=03m08.001s usage=03m07.706s user=03m07.265s sys=00.441s mem=138MiB roottime=187.260s load=1.00 rootload=1.00
ramon: poll                 wall=03m09.000s usage=03m08.703s user=03m08.262s sys=00.441s mem=138MiB roottime=188.260s load=1.00 rootload=1.00
ramon: poll                 wall=03m10.000s usage=03m09.703s user=03m09.255s sys=00.448s mem=139MiB roottime=189.250s load=1.00 rootload=0.99
ramon: poll                 wall=03m11.023s usage=03m10.722s user=03m10.275s sys=00.448s mem=139MiB roottime=190.270s load=1.00 rootload=1.00
ramon: poll                 wall=03m12.026s usage=03m11.722s user=03m11.273s sys=00.449s mem=139MiB roottime=191.270s load=1.00 rootload=1.00
ramon: end                  Mon Feb 10 15:04:20 2025
ramon: root.execname        z3
ramon: root.utime           192.040s
ramon: root.stime           0.500s
ramon: group.total          192.553s
ramon: group.utime          192.049s
ramon: group.stime          0.504s
ramon: group.mempeak        139MiB
ramon: group.pidpeak        2
ramon: status               exited
ramon: exitcode             0
ramon: walltime             192.861s
ramon: loadavg              1.00
