ramon: cwd                  /home/runner/a/_work/z3-poly-testing/z3-poly-testing
ramon: start                Mon Feb 10 15:11:07 2025
ramon: nproc                128
ramon: sys.mem              64150 MiB
ramon: sys.mem.free         27395 MiB
ramon: sys.mem.avail        63863 MiB
ramon: sys.nprocs           2761
ramon: argv                 0 = z3
ramon: argv                 1 = inputs/QF_LIA/n7653-prp-1-48.smt2
ramon: argv                 2 = -T:600
ramon: argv                 3 = -st
ramon: argv                 4 = smt.random_seed=111
ramon: childpid             2951557
ramon: poll                 wall=01.006s usage=00.966s user=00.862s sys=00.104s mem=37040KiB roottime=0.860s load=0.96 rootload=0.85
ramon: poll                 wall=02.014s usage=01.956s user=01.784s sys=00.172s mem=50100KiB roottime=1.780s load=0.98 rootload=0.91
ramon: poll                 wall=03.014s usage=02.944s user=02.765s sys=00.179s mem=51128KiB roottime=2.760s load=0.99 rootload=0.98
ramon: poll                 wall=04.009s usage=03.928s user=03.744s sys=00.184s mem=51356KiB roottime=3.740s load=0.99 rootload=0.98
ramon: poll                 wall=05.004s usage=04.914s user=04.727s sys=00.187s mem=51756KiB roottime=4.720s load=0.99 rootload=0.98
ramon: poll                 wall=06.008s usage=05.912s user=05.716s sys=00.196s mem=52396KiB roottime=5.710s load=0.99 rootload=0.99
ramon: poll                 wall=07.001s usage=06.902s user=06.702s sys=00.200s mem=52768KiB roottime=6.700s load=1.00 rootload=1.00
ramon: poll                 wall=08.001s usage=07.900s user=07.691s sys=00.209s mem=53476KiB roottime=7.690s load=1.00 rootload=0.99
ramon: poll                 wall=09.009s usage=08.908s user=08.692s sys=00.216s mem=54244KiB roottime=8.690s load=1.00 rootload=0.99
ramon: poll                 wall=10.012s usage=09.911s user=09.690s sys=00.220s mem=54756KiB roottime=9.680s load=1.00 rootload=0.99
ramon: poll                 wall=11.007s usage=10.905s user=10.675s sys=00.229s mem=55584KiB roottime=10.670s load=1.00 rootload=1.00
ramon: poll                 wall=12.000s usage=11.897s user=11.663s sys=00.234s mem=56608KiB roottime=11.660s load=1.00 rootload=1.00
ramon: poll                 wall=13.002s usage=12.899s user=12.658s sys=00.240s mem=57120KiB roottime=12.650s load=1.00 rootload=0.99
ramon: poll                 wall=14.000s usage=13.896s user=13.654s sys=00.243s mem=57376KiB roottime=13.650s load=1.00 rootload=1.00
ramon: poll                 wall=15.003s usage=14.899s user=14.651s sys=00.249s mem=57888KiB roottime=14.650s load=1.00 rootload=1.00
ramon: poll                 wall=16.000s usage=15.896s user=15.646s sys=00.250s mem=57888KiB roottime=15.640s load=1.00 rootload=0.99
ramon: poll                 wall=17.000s usage=16.895s user=16.645s sys=00.251s mem=58144KiB roottime=16.640s load=1.00 rootload=1.00
ramon: poll                 wall=18.000s usage=17.895s user=17.644s sys=00.251s mem=58656KiB roottime=17.640s load=1.00 rootload=1.00
ramon: poll                 wall=19.000s usage=18.895s user=18.643s sys=00.252s mem=58656KiB roottime=18.640s load=1.00 rootload=1.00
ramon: poll                 wall=20.000s usage=19.895s user=19.641s sys=00.254s mem=58912KiB roottime=19.640s load=1.00 rootload=1.00
ramon: poll                 wall=21.001s usage=20.895s user=20.641s sys=00.254s mem=59168KiB roottime=20.640s load=1.00 rootload=1.00
ramon: poll                 wall=22.002s usage=21.896s user=21.639s sys=00.257s mem=59168KiB roottime=21.630s load=1.00 rootload=0.99
ramon: poll                 wall=23.000s usage=22.893s user=22.636s sys=00.258s mem=59424KiB roottime=22.630s load=1.00 rootload=1.00
ramon: poll                 wall=24.000s usage=23.893s user=23.635s sys=00.258s mem=59680KiB roottime=23.630s load=1.00 rootload=1.00
ramon: poll                 wall=25.000s usage=24.892s user=24.635s sys=00.258s mem=59680KiB roottime=24.630s load=1.00 rootload=1.00
ramon: poll                 wall=26.002s usage=25.894s user=25.635s sys=00.259s mem=59936KiB roottime=25.630s load=1.00 rootload=1.00
ramon: poll                 wall=27.000s usage=26.891s user=26.632s sys=00.260s mem=59936KiB roottime=26.630s load=1.00 rootload=1.00
ramon: poll                 wall=28.000s usage=27.891s user=27.631s sys=00.260s mem=59936KiB roottime=27.630s load=1.00 rootload=1.00
ramon: poll                 wall=29.002s usage=28.891s user=28.630s sys=00.262s mem=60192KiB roottime=28.620s load=1.00 rootload=0.99
ramon: poll                 wall=30.002s usage=29.892s user=29.627s sys=00.265s mem=60448KiB roottime=29.620s load=1.00 rootload=1.00
ramon: poll                 wall=31.001s usage=30.891s user=30.626s sys=00.265s mem=60448KiB roottime=30.620s load=1.00 rootload=1.00
ramon: poll                 wall=32.005s usage=31.894s user=31.624s sys=00.270s mem=60960KiB roottime=31.620s load=1.00 rootload=1.00
ramon: poll                 wall=33.008s usage=32.897s user=32.624s sys=00.273s mem=60960KiB roottime=32.620s load=1.00 rootload=1.00
ramon: poll                 wall=34.000s usage=33.888s user=33.615s sys=00.274s mem=60960KiB roottime=33.610s load=1.00 rootload=1.00
ramon: poll                 wall=35.008s usage=34.896s user=34.622s sys=00.274s mem=60960KiB roottime=34.620s load=1.00 rootload=1.00
ramon: poll                 wall=36.006s usage=35.894s user=35.618s sys=00.276s mem=61216KiB roottime=35.610s load=1.00 rootload=0.99
ramon: poll                 wall=37.011s usage=36.898s user=36.619s sys=00.279s mem=62240KiB roottime=36.610s load=1.00 rootload=1.00
ramon: poll                 wall=38.007s usage=37.893s user=37.614s sys=00.280s mem=62240KiB roottime=37.610s load=1.00 rootload=1.00
ramon: poll                 wall=39.000s usage=38.886s user=38.604s sys=00.282s mem=62240KiB roottime=38.600s load=1.00 rootload=1.00
ramon: poll                 wall=40.011s usage=39.896s user=39.614s sys=00.283s mem=62496KiB roottime=39.610s load=1.00 rootload=1.00
ramon: poll                 wall=41.008s usage=40.893s user=40.603s sys=00.290s mem=63264KiB roottime=40.600s load=1.00 rootload=0.99
ramon: poll                 wall=42.003s usage=41.887s user=41.597s sys=00.290s mem=63264KiB roottime=41.590s load=1.00 rootload=0.99
ramon: poll                 wall=43.001s usage=42.884s user=42.593s sys=00.291s mem=63520KiB roottime=42.590s load=1.00 rootload=1.00
ramon: poll                 wall=44.005s usage=43.887s user=43.596s sys=00.292s mem=63520KiB roottime=43.590s load=1.00 rootload=1.00
ramon: poll                 wall=45.004s usage=44.886s user=44.591s sys=00.295s mem=63776KiB roottime=44.590s load=1.00 rootload=1.00
ramon: end                  Mon Feb 10 15:11:53 2025
ramon: root.execname        z3
ramon: root.utime           45.540s
ramon: root.stime           0.310s
ramon: group.total          45.857s
ramon: group.utime          45.542s
ramon: group.stime          0.315s
ramon: group.mempeak        64032KiB
ramon: group.pidpeak        2
ramon: status               exited
ramon: exitcode             0
ramon: walltime             45.977s
ramon: loadavg              1.00
