ramon: cwd                  /home/runner/a/_work/z3-poly-testing/z3-poly-testing
ramon: start                Mon Feb 10 14:50:28 2025
ramon: nproc                128
ramon: sys.mem              64150 MiB
ramon: sys.mem.free         47607 MiB
ramon: sys.mem.avail        63867 MiB
ramon: sys.nprocs           2730
ramon: argv                 0 = z3
ramon: argv                 1 = inputs/QF_LIA/prp-40-42.smt2
ramon: argv                 2 = -T:600
ramon: argv                 3 = -st
ramon: argv                 4 = smt.random_seed=111
ramon: childpid             2848208
ramon: poll                 wall=01.002s usage=00.978s user=00.931s sys=00.047s mem=50564KiB roottime=0.930s load=0.98 rootload=0.93
ramon: poll                 wall=02.000s usage=01.975s user=01.927s sys=00.048s mem=50820KiB roottime=1.920s load=1.00 rootload=0.99
ramon: poll                 wall=03.000s usage=02.974s user=02.926s sys=00.048s mem=51588KiB roottime=2.920s load=1.00 rootload=1.00
ramon: poll                 wall=04.001s usage=03.974s user=03.925s sys=00.049s mem=52356KiB roottime=3.920s load=1.00 rootload=1.00
ramon: poll                 wall=05.000s usage=04.972s user=04.921s sys=00.052s mem=52612KiB roottime=4.920s load=1.00 rootload=1.00
ramon: poll                 wall=06.003s usage=05.975s user=05.923s sys=00.052s mem=53124KiB roottime=5.920s load=1.00 rootload=1.00
ramon: poll                 wall=07.004s usage=06.976s user=06.922s sys=00.054s mem=53380KiB roottime=6.920s load=1.00 rootload=1.00
ramon: poll                 wall=08.000s usage=07.972s user=07.916s sys=00.056s mem=53636KiB roottime=7.910s load=1.00 rootload=0.99
ramon: poll                 wall=09.002s usage=08.974s user=08.917s sys=00.057s mem=54404KiB roottime=8.910s load=1.00 rootload=1.00
ramon: poll                 wall=10.007s usage=09.979s user=09.922s sys=00.058s mem=54404KiB roottime=9.920s load=1.00 rootload=1.00
ramon: poll                 wall=11.002s usage=10.973s user=10.915s sys=00.058s mem=54660KiB roottime=10.910s load=1.00 rootload=1.00
ramon: poll                 wall=12.004s usage=11.975s user=11.914s sys=00.061s mem=54916KiB roottime=11.910s load=1.00 rootload=1.00
ramon: poll                 wall=13.000s usage=12.971s user=12.910s sys=00.061s mem=54916KiB roottime=12.900s load=1.00 rootload=0.99
ramon: poll                 wall=14.002s usage=13.973s user=13.912s sys=00.061s mem=55172KiB roottime=13.910s load=1.00 rootload=1.01
ramon: poll                 wall=15.000s usage=14.970s user=14.908s sys=00.062s mem=55172KiB roottime=14.900s load=1.00 rootload=0.99
ramon: poll                 wall=16.000s usage=15.970s user=15.907s sys=00.063s mem=55428KiB roottime=15.900s load=1.00 rootload=1.00
ramon: poll                 wall=17.002s usage=16.971s user=16.906s sys=00.065s mem=55628KiB roottime=16.900s load=1.00 rootload=1.00
ramon: poll                 wall=18.001s usage=17.969s user=17.904s sys=00.066s mem=55828KiB roottime=17.900s load=1.00 rootload=1.00
ramon: poll                 wall=19.000s usage=18.968s user=18.900s sys=00.068s mem=56596KiB roottime=18.890s load=1.00 rootload=0.99
ramon: poll                 wall=20.002s usage=19.970s user=19.902s sys=00.068s mem=56852KiB roottime=19.900s load=1.00 rootload=1.01
ramon: poll                 wall=21.054s usage=21.022s user=20.954s sys=00.068s mem=56852KiB roottime=20.950s load=1.00 rootload=1.00
ramon: poll                 wall=22.019s usage=21.987s user=21.919s sys=00.068s mem=56852KiB roottime=21.910s load=1.00 rootload=0.99
ramon: poll                 wall=23.003s usage=22.970s user=22.901s sys=00.069s mem=57108KiB roottime=22.900s load=1.00 rootload=1.01
ramon: poll                 wall=24.006s usage=23.973s user=23.904s sys=00.069s mem=57364KiB roottime=23.900s load=1.00 rootload=1.00
ramon: poll                 wall=25.001s usage=24.967s user=24.899s sys=00.069s mem=57364KiB roottime=24.890s load=1.00 rootload=1.00
ramon: poll                 wall=26.020s usage=25.986s user=25.917s sys=00.069s mem=57620KiB roottime=25.910s load=1.00 rootload=1.00
ramon: poll                 wall=27.015s usage=26.981s user=26.911s sys=00.070s mem=57620KiB roottime=26.910s load=1.00 rootload=1.00
ramon: poll                 wall=28.012s usage=27.978s user=27.908s sys=00.070s mem=57620KiB roottime=27.900s load=1.00 rootload=0.99
ramon: poll                 wall=29.019s usage=28.984s user=28.914s sys=00.070s mem=57620KiB roottime=28.910s load=1.00 rootload=1.00
ramon: poll                 wall=30.012s usage=29.977s user=29.907s sys=00.070s mem=57876KiB roottime=29.900s load=1.00 rootload=1.00
ramon: poll                 wall=31.006s usage=30.971s user=30.901s sys=00.070s mem=58132KiB roottime=30.900s load=1.00 rootload=1.01
ramon: poll                 wall=32.021s usage=31.986s user=31.913s sys=00.073s mem=58388KiB roottime=31.910s load=1.00 rootload=1.00
ramon: poll                 wall=33.004s usage=32.968s user=32.895s sys=00.073s mem=58388KiB roottime=32.890s load=1.00 rootload=1.00
ramon: poll                 wall=34.002s usage=33.966s user=33.892s sys=00.074s mem=58644KiB roottime=33.890s load=1.00 rootload=1.00
ramon: poll                 wall=35.005s usage=34.969s user=34.895s sys=00.074s mem=58900KiB roottime=34.890s load=1.00 rootload=1.00
ramon: poll                 wall=36.002s usage=35.966s user=35.892s sys=00.074s mem=59156KiB roottime=35.890s load=1.00 rootload=1.00
ramon: poll                 wall=37.000s usage=36.963s user=36.887s sys=00.076s mem=60180KiB roottime=36.880s load=1.00 rootload=0.99
ramon: poll                 wall=38.003s usage=37.966s user=37.890s sys=00.076s mem=60180KiB roottime=37.880s load=1.00 rootload=1.00
ramon: poll                 wall=39.010s usage=38.973s user=38.897s sys=00.076s mem=60180KiB roottime=38.890s load=1.00 rootload=1.00
ramon: poll                 wall=40.006s usage=39.969s user=39.892s sys=00.077s mem=60180KiB roottime=39.890s load=1.00 rootload=1.00
ramon: poll                 wall=41.003s usage=40.965s user=40.888s sys=00.077s mem=60180KiB roottime=40.880s load=1.00 rootload=0.99
ramon: poll                 wall=42.006s usage=41.968s user=41.891s sys=00.077s mem=60436KiB roottime=41.890s load=1.00 rootload=1.01
ramon: poll                 wall=43.002s usage=42.964s user=42.887s sys=00.077s mem=60436KiB roottime=42.880s load=1.00 rootload=0.99
ramon: poll                 wall=44.005s usage=43.966s user=43.889s sys=00.077s mem=60436KiB roottime=43.880s load=1.00 rootload=1.00
ramon: poll                 wall=45.001s usage=44.962s user=44.885s sys=00.077s mem=60436KiB roottime=44.880s load=1.00 rootload=1.00
ramon: poll                 wall=46.002s usage=45.962s user=45.885s sys=00.077s mem=60436KiB roottime=45.880s load=1.00 rootload=1.00
ramon: poll                 wall=47.003s usage=46.963s user=46.885s sys=00.078s mem=60692KiB roottime=46.880s load=1.00 rootload=1.00
ramon: poll                 wall=48.002s usage=47.962s user=47.884s sys=00.078s mem=60692KiB roottime=47.880s load=1.00 rootload=1.00
ramon: poll                 wall=49.007s usage=48.967s user=48.889s sys=00.078s mem=60692KiB roottime=48.880s load=1.00 rootload=1.00
ramon: poll                 wall=50.005s usage=49.964s user=49.885s sys=00.079s mem=60692KiB roottime=49.880s load=1.00 rootload=1.00
ramon: poll                 wall=51.004s usage=50.963s user=50.884s sys=00.079s mem=60692KiB roottime=50.880s load=1.00 rootload=1.00
ramon: poll                 wall=52.015s usage=51.974s user=51.893s sys=00.081s mem=60692KiB roottime=51.890s load=1.00 rootload=1.00
ramon: poll                 wall=53.005s usage=52.963s user=52.881s sys=00.082s mem=60948KiB roottime=52.880s load=1.00 rootload=1.00
ramon: poll                 wall=54.012s usage=53.970s user=53.888s sys=00.082s mem=60948KiB roottime=53.880s load=1.00 rootload=0.99
ramon: poll                 wall=55.010s usage=54.968s user=54.885s sys=00.083s mem=60948KiB roottime=54.880s load=1.00 rootload=1.00
ramon: poll                 wall=56.004s usage=55.961s user=55.878s sys=00.084s mem=61204KiB roottime=55.870s load=1.00 rootload=1.00
ramon: poll                 wall=57.007s usage=56.964s user=56.880s sys=00.084s mem=61204KiB roottime=56.880s load=1.00 rootload=1.01
ramon: poll                 wall=58.010s usage=57.967s user=57.883s sys=00.084s mem=61204KiB roottime=57.880s load=1.00 rootload=1.00
ramon: poll                 wall=59.004s usage=58.960s user=58.876s sys=00.084s mem=61204KiB roottime=58.870s load=1.00 rootload=1.00
ramon: poll                 wall=01m00.003s usage=59.959s user=59.875s sys=00.084s mem=61460KiB roottime=59.870s load=1.00 rootload=1.00
ramon: poll                 wall=01m01.000s usage=01m00.957s user=01m00.870s sys=00.087s mem=61716KiB roottime=60.860s load=1.00 rootload=0.99
ramon: poll                 wall=01m02.015s usage=01m01.970s user=01m01.883s sys=00.087s mem=61972KiB roottime=61.880s load=1.00 rootload=1.01
ramon: poll                 wall=01m03.008s usage=01m02.963s user=01m02.875s sys=00.088s mem=62228KiB roottime=62.870s load=1.00 rootload=1.00
ramon: poll                 wall=01m04.003s usage=01m03.957s user=01m03.868s sys=00.089s mem=62228KiB roottime=63.860s load=1.00 rootload=0.99
ramon: poll                 wall=01m05.005s usage=01m04.959s user=01m04.870s sys=00.089s mem=62228KiB roottime=64.860s load=1.00 rootload=1.00
ramon: poll                 wall=01m06.005s usage=01m05.958s user=01m05.870s sys=00.089s mem=62484KiB roottime=65.860s load=1.00 rootload=1.00
ramon: poll                 wall=01m07.000s usage=01m06.954s user=01m06.864s sys=00.090s mem=62996KiB roottime=66.860s load=1.00 rootload=1.00
ramon: poll                 wall=01m08.011s usage=01m07.964s user=01m07.874s sys=00.090s mem=62996KiB roottime=67.870s load=1.00 rootload=1.00
ramon: poll                 wall=01m09.000s usage=01m08.953s user=01m08.862s sys=00.092s mem=62996KiB roottime=68.860s load=1.00 rootload=1.00
ramon: poll                 wall=01m10.016s usage=01m09.968s user=01m09.875s sys=00.093s mem=63252KiB roottime=69.870s load=1.00 rootload=0.99
ramon: poll                 wall=01m11.005s usage=01m10.957s user=01m10.864s sys=00.093s mem=63252KiB roottime=70.860s load=1.00 rootload=1.00
ramon: poll                 wall=01m12.004s usage=01m11.955s user=01m11.861s sys=00.094s mem=63508KiB roottime=71.860s load=1.00 rootload=1.00
ramon: poll                 wall=01m13.000s usage=01m12.952s user=01m12.856s sys=00.096s mem=63764KiB roottime=72.850s load=1.00 rootload=0.99
ramon: poll                 wall=01m14.009s usage=01m13.960s user=01m13.864s sys=00.096s mem=64020KiB roottime=73.860s load=1.00 rootload=1.00
ramon: poll                 wall=01m15.029s usage=01m14.980s user=01m14.882s sys=00.098s mem=64532KiB roottime=74.880s load=1.00 rootload=1.00
ramon: poll                 wall=01m16.001s usage=01m15.951s user=01m15.853s sys=00.098s mem=64532KiB roottime=75.850s load=1.00 rootload=1.00
ramon: poll                 wall=01m17.000s usage=01m16.951s user=01m16.853s sys=00.098s mem=64532KiB roottime=76.850s load=1.00 rootload=1.00
ramon: poll                 wall=01m18.002s usage=01m17.953s user=01m17.855s sys=00.098s mem=64788KiB roottime=77.850s load=1.00 rootload=1.00
ramon: poll                 wall=01m19.000s usage=01m18.950s user=01m18.852s sys=00.098s mem=65044KiB roottime=78.850s load=1.00 rootload=1.00
ramon: poll                 wall=01m20.007s usage=01m19.956s user=01m19.856s sys=00.100s mem=65300KiB roottime=79.850s load=1.00 rootload=0.99
ramon: poll                 wall=01m21.001s usage=01m20.950s user=01m20.850s sys=00.100s mem=65300KiB roottime=80.840s load=1.00 rootload=1.00
ramon: poll                 wall=01m22.002s usage=01m21.950s user=01m21.850s sys=00.100s mem=65300KiB roottime=81.840s load=1.00 rootload=1.00
ramon: poll                 wall=01m23.002s usage=01m22.950s user=01m22.849s sys=00.101s mem=65556KiB roottime=82.840s load=1.00 rootload=1.00
ramon: poll                 wall=01m24.032s usage=01m23.977s user=01m23.875s sys=00.102s mem=65484KiB roottime=83.870s load=1.00 rootload=1.00
ramon: poll                 wall=01m25.004s usage=01m24.944s user=01m24.840s sys=00.104s mem=65648KiB roottime=84.830s load=1.00 rootload=0.99
ramon: poll                 wall=01m26.004s usage=01m25.939s user=01m25.833s sys=00.106s mem=65816KiB roottime=85.830s load=0.99 rootload=1.00
ramon: poll                 wall=01m27.007s usage=01m26.937s user=01m26.830s sys=00.107s mem=65888KiB roottime=86.830s load=1.00 rootload=1.00
ramon: poll                 wall=01m28.008s usage=01m27.934s user=01m27.824s sys=00.110s mem=66032KiB roottime=87.820s load=1.00 rootload=0.99
ramon: poll                 wall=01m29.006s usage=01m28.929s user=01m28.819s sys=00.110s mem=66124KiB roottime=88.810s load=1.00 rootload=0.99
ramon: poll                 wall=01m30.008s usage=01m29.927s user=01m29.817s sys=00.111s mem=66216KiB roottime=89.810s load=1.00 rootload=1.00
ramon: poll                 wall=01m31.007s usage=01m30.924s user=01m30.810s sys=00.114s mem=66460KiB roottime=90.800s load=1.00 rootload=0.99
ramon: poll                 wall=01m32.000s usage=01m31.914s user=01m31.799s sys=00.115s mem=66636KiB roottime=91.790s load=1.00 rootload=1.00
ramon: end                  Mon Feb 10 14:52:00 2025
ramon: root.execname        z3
ramon: root.utime           92.480s
ramon: root.stime           0.130s
ramon: group.total          92.616s
ramon: group.utime          92.481s
ramon: group.stime          0.135s
ramon: group.mempeak        66892KiB
ramon: group.pidpeak        2
ramon: status               exited
ramon: exitcode             0
ramon: walltime             92.704s
ramon: loadavg              1.00
