sat
(:added-eqs                   248148
 :arith-eq-adapter            1831
 :arith-assume-eqs            2
 :arith-bound-propagations-lp 13029
 :arith-conflicts             50
 :arith-diseq                 13549
 :arith-fixed-eqs             9857
 :arith-lower                 17647
 :arith-make-feasible         10580
 :arith-max-columns           856
 :arith-max-rows              361
 :arith-offset-eqs            3401
 :arith-upper                 21604
 :binary-propagations         1093039
 :conflicts                   4431
 :decisions                   299146
 :del-clause                  5060
 :elim-unconstrained          2
 :final-checks                2
 :interface-eqs               1
 :max-memory                  30.78
 :memory                      22.26
 :minimized-lits              11113
 :mk-bool-var                 11062
 :mk-clause                   8889
 :mk-clause-binary            10589
 :num-allocs                  35237648
 :num-checks                  1
 :propagations                1364412
 :restarts                    35
 :rlimit-count                10423504
 :time                        3.89
 :total-time                  3.99)
