ramon: cwd                  /home/runner/a/_work/z3-poly-testing/z3-poly-testing
ramon: start                Wed Apr  9 06:55:58 2025
ramon: nproc                128
ramon: sys.mem              64150 MiB
ramon: sys.mem.free         38618 MiB
ramon: sys.mem.avail        64016 MiB
ramon: sys.nprocs           3097
ramon: argv                 0 = z3
ramon: argv                 1 = /home/runner/a/_work/z3-poly-testing/z3-poly-testing/download/non-incremental/QF_LIA/nec-smt/large/bftpd_login/prp-27-48.smt2
ramon: argv                 2 = -T:600
ramon: argv                 3 = -st
ramon: argv                 4 = lp.dio=true
ramon: argv                 5 = lp.dio_run_gcd=true
ramon: childpid             1177829
ramon: poll                 wall=01.001s usage=00.948s user=00.874s sys=00.074s mem=24056KiB roottime=0.870s load=0.95 rootload=0.87
ramon: poll                 wall=02.006s usage=01.948s user=01.864s sys=00.084s mem=25696KiB roottime=1.860s load=1.00 rootload=0.99
ramon: poll                 wall=03.001s usage=02.938s user=02.793s sys=00.145s mem=38280KiB roottime=2.790s load=1.00 rootload=0.93
ramon: end                  Wed Apr  9 06:56:02 2025
ramon: root.execname        z3
ramon: root.utime           3.750s
ramon: root.stime           0.160s
ramon: group.total          3.909s
ramon: group.utime          3.751s
ramon: group.stime          0.158s
ramon: group.mempeak        42848KiB
ramon: group.pidpeak        2
ramon: status               exited
ramon: exitcode             0
ramon: walltime             3.975s
ramon: loadavg              0.98
