ramon: cwd                  /home/runner/a/_work/z3-poly-testing/z3-poly-testing
ramon: start                Wed Apr  9 06:55:33 2025
ramon: nproc                128
ramon: sys.mem              64150 MiB
ramon: sys.mem.free         38552 MiB
ramon: sys.mem.avail        64016 MiB
ramon: sys.nprocs           3090
ramon: argv                 0 = z3
ramon: argv                 1 = /home/runner/a/_work/z3-poly-testing/z3-poly-testing/download/non-incremental/QF_LIA/nec-smt/large/bftpd_login/prp-8-50.smt2
ramon: argv                 2 = -T:600
ramon: argv                 3 = -st
ramon: argv                 4 = lp.dio=true
ramon: argv                 5 = lp.dio_run_gcd=true
ramon: childpid             1173334
ramon: poll                 wall=01.003s usage=00.979s user=00.872s sys=00.107s mem=24468KiB roottime=0.870s load=0.98 rootload=0.87
ramon: poll                 wall=02.000s usage=01.974s user=01.861s sys=00.113s mem=24872KiB roottime=1.860s load=1.00 rootload=0.99
ramon: poll                 wall=03.000s usage=02.972s user=02.845s sys=00.127s mem=27880KiB roottime=2.840s load=1.00 rootload=0.98
ramon: poll                 wall=04.000s usage=03.972s user=03.772s sys=00.200s mem=35664KiB roottime=3.770s load=1.00 rootload=0.93
ramon: poll                 wall=05.003s usage=04.974s user=04.763s sys=00.212s mem=37712KiB roottime=4.760s load=1.00 rootload=0.99
ramon: poll                 wall=06.000s usage=05.971s user=05.751s sys=00.220s mem=39248KiB roottime=5.750s load=1.00 rootload=0.99
ramon: end                  Wed Apr  9 06:55:39 2025
ramon: root.execname        z3
ramon: root.utime           6.390s
ramon: root.stime           0.240s
ramon: group.total          6.641s
ramon: group.utime          6.399s
ramon: group.stime          0.242s
ramon: group.mempeak        42984KiB
ramon: group.pidpeak        2
ramon: status               exited
ramon: exitcode             0
ramon: walltime             6.673s
ramon: loadavg              1.00
