unsat
(:added-eqs                   2442316
 :arith-eq-adapter            2462
 :arith-bound-propagations-lp 4554
 :arith-conflicts             76
 :arith-diseq                 61229
 :arith-fixed-eqs             66441
 :arith-lower                 159051
 :arith-make-feasible         33947
 :arith-max-columns           1668
 :arith-max-rows              644
 :arith-offset-eqs            14049
 :arith-upper                 192116
 :binary-propagations         45160145
 :conflicts                   27887
 :decisions                   2033755
 :del-clause                  35913
 :max-memory                  159.51
 :memory                      65.51
 :minimized-lits              354398
 :mk-bool-var                 48861
 :mk-clause                   61610
 :mk-clause-binary            880942
 :num-allocs                  56763305079.00
 :num-checks                  1
 :propagations                54173100
 :restarts                    155
 :rlimit-count                97605861
 :time                        83.90
 :total-time                  90.41)
