sat
(:added-eqs             4
 :arith-branch          12
 :arith-cube-calls      3
 :arith-dio-calls       2
 :arith-fixed-eqs       4
 :arith-lower           19
 :arith-make-feasible   17
 :arith-max-columns     96
 :arith-max-rows        32
 :arith-patches         13
 :arith-patches-success 1
 :arith-upper           82
 :decisions             12
 :final-checks          13
 :max-memory            19.69
 :memory                18.72
 :mk-bool-var           101
 :num-allocs            1329355
 :num-checks            1
 :rlimit-count          14708
 :time                  0.06
 :total-time            0.07)
