ramon: cwd                  /home/runner/a/_work/z3-poly-testing/z3-poly-testing
ramon: start                Tue Apr  8 19:20:11 2025
ramon: nproc                128
ramon: sys.mem              64150 MiB
ramon: sys.mem.free         43444 MiB
ramon: sys.mem.avail        64089 MiB
ramon: sys.nprocs           3016
ramon: argv                 0 = z3
ramon: argv                 1 = /home/runner/a/_work/z3-poly-testing/z3-poly-testing/download/non-incremental/QF_LIA/slacks/30-33.slack.smt2
ramon: argv                 2 = -T:600
ramon: argv                 3 = -st
ramon: argv                 4 = lp.dio=true
ramon: argv                 5 = lp.dio_run_gcd=false
ramon: childpid             340424
ramon: poll                 wall=01.003s usage=00.999s user=00.982s sys=00.017s mem=20968KiB roottime=0.980s load=1.00 rootload=0.98
ramon: poll                 wall=02.002s usage=01.998s user=01.981s sys=00.017s mem=20968KiB roottime=1.980s load=1.00 rootload=1.00
ramon: poll                 wall=03.000s usage=02.995s user=02.887s sys=00.108s mem=55144KiB roottime=2.880s load=1.00 rootload=0.90
ramon: poll                 wall=04.002s usage=03.995s user=03.814s sys=00.181s mem=59756KiB roottime=3.810s load=1.00 rootload=0.93
ramon: poll                 wall=05.002s usage=04.993s user=04.774s sys=00.219s mem=74044KiB roottime=4.770s load=1.00 rootload=0.96
ramon: poll                 wall=06.000s usage=05.991s user=05.771s sys=00.220s mem=74300KiB roottime=5.770s load=1.00 rootload=1.00
ramon: poll                 wall=07.036s usage=07.026s user=06.806s sys=00.220s mem=74300KiB roottime=6.800s load=1.00 rootload=0.99
ramon: end                  Tue Apr  8 19:20:19 2025
ramon: root.execname        z3
ramon: root.utime           7.590s
ramon: root.stime           0.350s
ramon: group.total          7.942s
ramon: group.utime          7.593s
ramon: group.stime          0.349s
ramon: group.mempeak        123MiB
ramon: group.pidpeak        3
ramon: status               exited
ramon: exitcode             0
ramon: walltime             7.953s
ramon: loadavg              1.00
