unsat
(:added-eqs                   1777264
 :arith-eq-adapter            1590
 :arith-bound-propagations-lp 149966
 :arith-conflicts             261
 :arith-diseq                 16656
 :arith-fixed-eqs             110495
 :arith-lower                 143299
 :arith-make-feasible         19702
 :arith-max-columns           1525
 :arith-max-rows              692
 :arith-offset-eqs            58837
 :arith-upper                 141905
 :binary-propagations         37010229
 :conflicts                   29021
 :decisions                   1058306
 :del-clause                  47889
 :max-memory                  132.61
 :memory                      70.82
 :minimized-lits              509612
 :mk-bool-var                 38105
 :mk-clause                   49167
 :mk-clause-binary            475020
 :num-allocs                  73994079907.00
 :num-checks                  1
 :propagations                44402826
 :restarts                    162
 :rlimit-count                96920992
 :time                        174.35
 :total-time                  215.36)
