ramon: cwd                  /home/runner/a/_work/z3-poly-testing/z3-poly-testing
ramon: start                Thu Mar 20 12:19:47 2025
ramon: nproc                128
ramon: sys.mem              64150 MiB
ramon: sys.mem.free         48164 MiB
ramon: sys.mem.avail        64102 MiB
ramon: sys.nprocs           3581
ramon: argv                 0 = z3
ramon: argv                 1 = /home/runner/a/_work/z3-poly-testing/z3-poly-testing/download/non-incremental/QF_LIA/bofill-scheduling/SMT_random_LIA/ex19400_2600_100.smt2
ramon: argv                 2 = -T:600
ramon: argv                 3 = -st
ramon: argv                 4 = smt.arith.lp.dio_eqs=true
ramon: childpid             2453228
ramon: poll                 wall=01.043s usage=01.021s user=00.935s sys=00.086s mem=29268KiB roottime=0.930s load=0.98 rootload=0.89
ramon: poll                 wall=02.000s usage=01.978s user=01.892s sys=00.086s mem=29904KiB roottime=1.890s load=1.00 rootload=1.00
ramon: end                  Thu Mar 20 12:19:49 2025
ramon: root.execname        z3
ramon: root.utime           2.260s
ramon: root.stime           0.100s
ramon: group.total          2.364s
ramon: group.utime          2.263s
ramon: group.stime          0.101s
ramon: group.mempeak        30468KiB
ramon: group.pidpeak        2
ramon: status               exited
ramon: exitcode             0
ramon: walltime             2.392s
ramon: loadavg              0.99
