ramon: cwd                  /home/runner/a/_work/z3-poly-testing/z3-poly-testing
ramon: start                Sat Jan 11 00:14:50 2025
ramon: nproc                128
ramon: sys.mem              64150 MiB
ramon: sys.mem.free         34853 MiB
ramon: sys.mem.avail        64054 MiB
ramon: sys.nprocs           2558
ramon: argv                 0 = z3
ramon: argv                 1 = /home/runner/a/_work/z3-poly-testing/z3-poly-testing/download/non-incremental/QF_NIA/20170427-VeryMax/ITS/From_T2__fun11.t2__p467_terminationG_0.smt2
ramon: argv                 2 = -T:1200
ramon: childpid             2140535
ramon: poll                 wall=01.000s usage=00.980s user=00.849s sys=00.131s mem=129MiB roottime=0.840s load=0.98 rootload=0.84
ramon: end                  Sat Jan 11 00:14:51 2025
ramon: root.execname        z3
ramon: root.utime           0.860s
ramon: root.stime           0.150s
ramon: group.total          1.017s
ramon: group.utime          0.866s
ramon: group.stime          0.151s
ramon: group.mempeak        157MiB
ramon: group.pidpeak        3
ramon: status               exited
ramon: exitcode             0
ramon: walltime             1.037s
ramon: loadavg              0.98
