ramon: cwd                  /home/runner/a/_work/z3-poly-testing/z3-poly-testing
ramon: start                Sat Jan 11 01:02:51 2025
ramon: nproc                128
ramon: sys.mem              64150 MiB
ramon: sys.mem.free         40559 MiB
ramon: sys.mem.avail        64034 MiB
ramon: sys.nprocs           2575
ramon: argv                 0 = z3
ramon: argv                 1 = /home/runner/a/_work/z3-poly-testing/z3-poly-testing/download/non-incremental/QF_NIA/20170427-VeryMax/ITS/From_T2__s1-striped.t2_fixed__p11277_safety_0.smt2
ramon: argv                 2 = -T:1200
ramon: childpid             2252078
ramon: poll                 wall=01.000s usage=00.977s user=00.932s sys=00.045s mem=40928KiB roottime=0.930s load=0.98 rootload=0.93
ramon: poll                 wall=02.000s usage=01.977s user=01.928s sys=00.049s mem=44768KiB roottime=1.920s load=1.00 rootload=0.99
ramon: poll                 wall=03.000s usage=02.977s user=02.927s sys=00.050s mem=48096KiB roottime=2.920s load=1.00 rootload=1.00
ramon: poll                 wall=04.000s usage=03.977s user=03.927s sys=00.050s mem=48096KiB roottime=3.920s load=1.00 rootload=1.00
ramon: poll                 wall=05.000s usage=04.976s user=04.926s sys=00.050s mem=48096KiB roottime=4.920s load=1.00 rootload=1.00
ramon: poll                 wall=06.000s usage=05.976s user=05.926s sys=00.050s mem=48096KiB roottime=5.920s load=1.00 rootload=1.00
ramon: poll                 wall=07.000s usage=06.976s user=06.925s sys=00.051s mem=52960KiB roottime=6.920s load=1.00 rootload=1.00
ramon: poll                 wall=08.000s usage=07.976s user=07.925s sys=00.051s mem=52960KiB roottime=7.920s load=1.00 rootload=1.00
ramon: poll                 wall=09.000s usage=08.976s user=08.925s sys=00.051s mem=52960KiB roottime=8.920s load=1.00 rootload=1.00
ramon: poll                 wall=10.000s usage=09.976s user=09.925s sys=00.051s mem=52960KiB roottime=9.920s load=1.00 rootload=1.00
ramon: poll                 wall=11.000s usage=10.976s user=10.925s sys=00.051s mem=52960KiB roottime=10.920s load=1.00 rootload=1.00
ramon: poll                 wall=12.000s usage=11.976s user=11.925s sys=00.051s mem=52960KiB roottime=11.920s load=1.00 rootload=1.00
ramon: poll                 wall=13.000s usage=12.976s user=12.925s sys=00.051s mem=52960KiB roottime=12.920s load=1.00 rootload=1.00
ramon: poll                 wall=14.000s usage=13.976s user=13.925s sys=00.051s mem=52960KiB roottime=13.920s load=1.00 rootload=1.00
ramon: poll                 wall=15.000s usage=14.975s user=14.924s sys=00.051s mem=52960KiB roottime=14.920s load=1.00 rootload=1.00
ramon: poll                 wall=16.000s usage=15.975s user=15.924s sys=00.051s mem=52960KiB roottime=15.920s load=1.00 rootload=1.00
ramon: poll                 wall=17.000s usage=16.975s user=16.924s sys=00.051s mem=52960KiB roottime=16.920s load=1.00 rootload=1.00
ramon: poll                 wall=18.000s usage=17.975s user=17.924s sys=00.051s mem=52960KiB roottime=17.920s load=1.00 rootload=1.00
ramon: poll                 wall=19.000s usage=18.975s user=18.924s sys=00.051s mem=52960KiB roottime=18.920s load=1.00 rootload=1.00
ramon: poll                 wall=20.000s usage=19.975s user=19.924s sys=00.051s mem=52960KiB roottime=19.920s load=1.00 rootload=1.00
ramon: poll                 wall=21.000s usage=20.975s user=20.924s sys=00.051s mem=52960KiB roottime=20.920s load=1.00 rootload=1.00
ramon: poll                 wall=22.000s usage=21.975s user=21.924s sys=00.051s mem=52960KiB roottime=21.920s load=1.00 rootload=1.00
ramon: poll                 wall=23.000s usage=22.975s user=22.924s sys=00.051s mem=52960KiB roottime=22.920s load=1.00 rootload=1.00
ramon: poll                 wall=24.000s usage=23.975s user=23.924s sys=00.051s mem=52960KiB roottime=23.920s load=1.00 rootload=1.00
ramon: poll                 wall=25.000s usage=24.975s user=24.924s sys=00.051s mem=52960KiB roottime=24.920s load=1.00 rootload=1.00
ramon: poll                 wall=26.000s usage=25.974s user=25.923s sys=00.051s mem=52960KiB roottime=25.920s load=1.00 rootload=1.00
ramon: poll                 wall=27.000s usage=26.974s user=26.923s sys=00.051s mem=52960KiB roottime=26.920s load=1.00 rootload=1.00
ramon: poll                 wall=28.000s usage=27.974s user=27.923s sys=00.051s mem=52960KiB roottime=27.920s load=1.00 rootload=1.00
ramon: poll                 wall=29.000s usage=28.974s user=28.923s sys=00.051s mem=52960KiB roottime=28.920s load=1.00 rootload=1.00
ramon: poll                 wall=30.000s usage=29.974s user=29.923s sys=00.051s mem=52960KiB roottime=29.920s load=1.00 rootload=1.00
ramon: poll                 wall=31.000s usage=30.974s user=30.923s sys=00.051s mem=52960KiB roottime=30.920s load=1.00 rootload=1.00
ramon: poll                 wall=32.000s usage=31.974s user=31.923s sys=00.051s mem=52960KiB roottime=31.920s load=1.00 rootload=1.00
ramon: poll                 wall=33.000s usage=32.974s user=32.923s sys=00.051s mem=52960KiB roottime=32.920s load=1.00 rootload=1.00
ramon: poll                 wall=34.000s usage=33.974s user=33.922s sys=00.052s mem=53216KiB roottime=33.920s load=1.00 rootload=1.00
ramon: poll                 wall=35.000s usage=34.974s user=34.921s sys=00.053s mem=53472KiB roottime=34.920s load=1.00 rootload=1.00
ramon: poll                 wall=36.000s usage=35.974s user=35.918s sys=00.056s mem=53984KiB roottime=35.910s load=1.00 rootload=0.99
ramon: poll                 wall=37.000s usage=36.974s user=36.918s sys=00.056s mem=54496KiB roottime=36.910s load=1.00 rootload=1.00
ramon: poll                 wall=38.000s usage=37.973s user=37.915s sys=00.058s mem=55264KiB roottime=37.910s load=1.00 rootload=1.00
ramon: poll                 wall=39.000s usage=38.973s user=38.915s sys=00.058s mem=56032KiB roottime=38.910s load=1.00 rootload=1.00
ramon: poll                 wall=40.000s usage=39.973s user=39.914s sys=00.059s mem=56800KiB roottime=39.910s load=1.00 rootload=1.00
ramon: poll                 wall=41.000s usage=40.973s user=40.913s sys=00.060s mem=57056KiB roottime=40.910s load=1.00 rootload=1.00
ramon: poll                 wall=42.000s usage=41.973s user=41.913s sys=00.060s mem=57312KiB roottime=41.910s load=1.00 rootload=1.00
ramon: poll                 wall=43.000s usage=42.973s user=42.912s sys=00.061s mem=57824KiB roottime=42.910s load=1.00 rootload=1.00
ramon: poll                 wall=44.000s usage=43.973s user=43.912s sys=00.061s mem=58592KiB roottime=43.910s load=1.00 rootload=1.00
ramon: poll                 wall=45.000s usage=44.973s user=44.912s sys=00.061s mem=58848KiB roottime=44.910s load=1.00 rootload=1.00
ramon: poll                 wall=46.000s usage=45.973s user=45.910s sys=00.063s mem=59616KiB roottime=45.910s load=1.00 rootload=1.00
ramon: poll                 wall=47.000s usage=46.974s user=46.911s sys=00.063s mem=60384KiB roottime=46.910s load=1.00 rootload=1.00
ramon: poll                 wall=48.000s usage=47.973s user=47.909s sys=00.064s mem=60384KiB roottime=47.900s load=1.00 rootload=0.99
ramon: poll                 wall=49.000s usage=48.973s user=48.907s sys=00.066s mem=60640KiB roottime=48.900s load=1.00 rootload=1.00
ramon: poll                 wall=50.000s usage=49.972s user=49.903s sys=00.069s mem=61408KiB roottime=49.900s load=1.00 rootload=1.00
ramon: poll                 wall=51.000s usage=50.972s user=50.902s sys=00.070s mem=61920KiB roottime=50.900s load=1.00 rootload=1.00
ramon: poll                 wall=52.000s usage=51.972s user=51.901s sys=00.071s mem=62688KiB roottime=51.900s load=1.00 rootload=1.00
ramon: poll                 wall=53.000s usage=52.971s user=52.899s sys=00.072s mem=62944KiB roottime=52.890s load=1.00 rootload=0.99
ramon: poll                 wall=54.000s usage=53.971s user=53.898s sys=00.073s mem=63712KiB roottime=53.890s load=1.00 rootload=1.00
ramon: poll                 wall=55.000s usage=54.971s user=54.898s sys=00.073s mem=64480KiB roottime=54.890s load=1.00 rootload=1.00
ramon: poll                 wall=56.000s usage=55.971s user=55.897s sys=00.074s mem=64992KiB roottime=55.890s load=1.00 rootload=1.00
ramon: poll                 wall=57.000s usage=56.971s user=56.897s sys=00.074s mem=65504KiB roottime=56.890s load=1.00 rootload=1.00
ramon: poll                 wall=58.000s usage=57.971s user=57.895s sys=00.076s mem=66272KiB roottime=57.890s load=1.00 rootload=1.00
ramon: poll                 wall=59.000s usage=58.971s user=58.892s sys=00.079s mem=66784KiB roottime=58.890s load=1.00 rootload=1.00
ramon: poll                 wall=01m00.000s usage=59.971s user=59.891s sys=00.080s mem=67296KiB roottime=59.890s load=1.00 rootload=1.00
ramon: poll                 wall=01m01.000s usage=01m00.970s user=01m00.890s sys=00.080s mem=68064KiB roottime=60.890s load=1.00 rootload=1.00
ramon: poll                 wall=01m02.000s usage=01m01.970s user=01m01.887s sys=00.083s mem=68832KiB roottime=61.880s load=1.00 rootload=0.99
ramon: poll                 wall=01m03.000s usage=01m02.970s user=01m02.886s sys=00.084s mem=70112KiB roottime=62.880s load=1.00 rootload=1.00
ramon: poll                 wall=01m04.000s usage=01m03.970s user=01m03.886s sys=00.084s mem=70112KiB roottime=63.880s load=1.00 rootload=1.00
ramon: poll                 wall=01m05.000s usage=01m04.970s user=01m04.884s sys=00.086s mem=70880KiB roottime=64.880s load=1.00 rootload=1.00
ramon: poll                 wall=01m06.000s usage=01m05.970s user=01m05.883s sys=00.087s mem=71136KiB roottime=65.880s load=1.00 rootload=1.00
ramon: poll                 wall=01m07.000s usage=01m06.970s user=01m06.881s sys=00.089s mem=72160KiB roottime=66.880s load=1.00 rootload=1.00
ramon: poll                 wall=01m08.000s usage=01m07.970s user=01m07.880s sys=00.090s mem=73440KiB roottime=67.880s load=1.00 rootload=1.00
ramon: poll                 wall=01m09.000s usage=01m08.970s user=01m08.880s sys=00.090s mem=73952KiB roottime=68.870s load=1.00 rootload=0.99
ramon: poll                 wall=01m10.000s usage=01m09.970s user=01m09.878s sys=00.092s mem=74720KiB roottime=69.870s load=1.00 rootload=1.00
ramon: poll                 wall=01m11.000s usage=01m10.970s user=01m10.877s sys=00.093s mem=74976KiB roottime=70.870s load=1.00 rootload=1.00
ramon: poll                 wall=01m12.000s usage=01m11.969s user=01m11.875s sys=00.094s mem=75488KiB roottime=71.870s load=1.00 rootload=1.00
ramon: poll                 wall=01m13.000s usage=01m12.969s user=01m12.873s sys=00.096s mem=76000KiB roottime=72.870s load=1.00 rootload=1.00
ramon: poll                 wall=01m14.000s usage=01m13.969s user=01m13.873s sys=00.096s mem=76000KiB roottime=73.870s load=1.00 rootload=1.00
ramon: poll                 wall=01m15.000s usage=01m14.969s user=01m14.873s sys=00.096s mem=76348KiB roottime=74.870s load=1.00 rootload=1.00
ramon: poll                 wall=01m16.000s usage=01m15.969s user=01m15.871s sys=00.098s mem=77116KiB roottime=75.870s load=1.00 rootload=1.00
ramon: poll                 wall=01m17.000s usage=01m16.969s user=01m16.870s sys=00.099s mem=77884KiB roottime=76.870s load=1.00 rootload=1.00
ramon: poll                 wall=01m18.000s usage=01m17.969s user=01m17.870s sys=00.099s mem=78652KiB roottime=77.860s load=1.00 rootload=0.99
ramon: poll                 wall=01m19.000s usage=01m18.969s user=01m18.870s sys=00.099s mem=79676KiB roottime=78.860s load=1.00 rootload=1.00
ramon: poll                 wall=01m20.000s usage=01m19.969s user=01m19.870s sys=00.099s mem=79932KiB roottime=79.860s load=1.00 rootload=1.00
ramon: poll                 wall=01m21.000s usage=01m20.968s user=01m20.867s sys=00.101s mem=80956KiB roottime=80.860s load=1.00 rootload=1.00
ramon: poll                 wall=01m22.000s usage=01m21.968s user=01m21.865s sys=00.103s mem=82236KiB roottime=81.860s load=1.00 rootload=1.00
ramon: poll                 wall=01m23.000s usage=01m22.968s user=01m22.865s sys=00.103s mem=82492KiB roottime=82.860s load=1.00 rootload=1.00
ramon: poll                 wall=01m24.000s usage=01m23.968s user=01m23.864s sys=00.104s mem=83772KiB roottime=83.860s load=1.00 rootload=1.00
ramon: poll                 wall=01m25.000s usage=01m24.968s user=01m24.864s sys=00.104s mem=84284KiB roottime=84.860s load=1.00 rootload=1.00
ramon: poll                 wall=01m26.000s usage=01m25.968s user=01m25.864s sys=00.104s mem=85564KiB roottime=85.860s load=1.00 rootload=1.00
ramon: poll                 wall=01m27.000s usage=01m26.968s user=01m26.864s sys=00.104s mem=85564KiB roottime=86.860s load=1.00 rootload=1.00
ramon: poll                 wall=01m28.000s usage=01m27.968s user=01m27.864s sys=00.104s mem=85820KiB roottime=87.860s load=1.00 rootload=1.00
ramon: poll                 wall=01m29.000s usage=01m28.968s user=01m28.864s sys=00.104s mem=86076KiB roottime=88.860s load=1.00 rootload=1.00
ramon: poll                 wall=01m30.000s usage=01m29.968s user=01m29.864s sys=00.104s mem=86588KiB roottime=89.860s load=1.00 rootload=1.00
ramon: poll                 wall=01m31.000s usage=01m30.968s user=01m30.863s sys=00.105s mem=87100KiB roottime=90.860s load=1.00 rootload=1.00
ramon: poll                 wall=01m32.000s usage=01m31.967s user=01m31.862s sys=00.105s mem=88124KiB roottime=91.860s load=1.00 rootload=1.00
ramon: poll                 wall=01m33.000s usage=01m32.967s user=01m32.861s sys=00.106s mem=88380KiB roottime=92.860s load=1.00 rootload=1.00
ramon: poll                 wall=01m34.000s usage=01m33.967s user=01m33.858s sys=00.109s mem=89404KiB roottime=93.850s load=1.00 rootload=0.99
ramon: poll                 wall=01m35.000s usage=01m34.967s user=01m34.857s sys=00.110s mem=89916KiB roottime=94.850s load=1.00 rootload=1.00
ramon: poll                 wall=01m36.000s usage=01m35.967s user=01m35.857s sys=00.110s mem=90428KiB roottime=95.850s load=1.00 rootload=1.00
ramon: poll                 wall=01m37.000s usage=01m36.967s user=01m36.855s sys=00.112s mem=91196KiB roottime=96.850s load=1.00 rootload=1.00
ramon: poll                 wall=01m38.000s usage=01m37.967s user=01m37.855s sys=00.112s mem=91452KiB roottime=97.850s load=1.00 rootload=1.00
ramon: poll                 wall=01m39.000s usage=01m38.967s user=01m38.854s sys=00.113s mem=91708KiB roottime=98.850s load=1.00 rootload=1.00
ramon: poll                 wall=01m40.000s usage=01m39.966s user=01m39.852s sys=00.115s mem=92368KiB roottime=99.850s load=1.00 rootload=1.00
ramon: poll                 wall=01m41.000s usage=01m40.966s user=01m40.850s sys=00.116s mem=92880KiB roottime=100.850s load=1.00 rootload=1.00
ramon: poll                 wall=01m42.000s usage=01m41.966s user=01m41.850s sys=00.116s mem=92880KiB roottime=101.850s load=1.00 rootload=1.00
ramon: poll                 wall=01m43.000s usage=01m42.966s user=01m42.847s sys=00.119s mem=94416KiB roottime=102.840s load=1.00 rootload=0.99
ramon: poll                 wall=01m44.000s usage=01m43.966s user=01m43.847s sys=00.119s mem=94416KiB roottime=103.840s load=1.00 rootload=1.00
ramon: poll                 wall=01m45.000s usage=01m44.966s user=01m44.847s sys=00.119s mem=94928KiB roottime=104.840s load=1.00 rootload=1.00
ramon: poll                 wall=01m46.000s usage=01m45.966s user=01m45.847s sys=00.119s mem=94928KiB roottime=105.840s load=1.00 rootload=1.00
ramon: poll                 wall=01m47.000s usage=01m46.966s user=01m46.847s sys=00.119s mem=95184KiB roottime=106.840s load=1.00 rootload=1.00
ramon: poll                 wall=01m48.000s usage=01m47.965s user=01m47.846s sys=00.119s mem=95952KiB roottime=107.840s load=1.00 rootload=1.00
ramon: poll                 wall=01m49.000s usage=01m48.965s user=01m48.846s sys=00.119s mem=96208KiB roottime=108.840s load=1.00 rootload=1.00
ramon: poll                 wall=01m50.000s usage=01m49.965s user=01m49.846s sys=00.119s mem=96464KiB roottime=109.840s load=1.00 rootload=1.00
ramon: poll                 wall=01m51.000s usage=01m50.965s user=01m50.846s sys=00.119s mem=96976KiB roottime=110.840s load=1.00 rootload=1.00
ramon: poll                 wall=01m52.000s usage=01m51.965s user=01m51.846s sys=00.119s mem=97488KiB roottime=111.840s load=1.00 rootload=1.00
ramon: poll                 wall=01m53.000s usage=01m52.965s user=01m52.846s sys=00.119s mem=97488KiB roottime=112.840s load=1.00 rootload=1.00
ramon: poll                 wall=01m54.000s usage=01m53.965s user=01m53.846s sys=00.119s mem=97744KiB roottime=113.840s load=1.00 rootload=1.00
ramon: poll                 wall=01m55.000s usage=01m54.965s user=01m54.846s sys=00.119s mem=98256KiB roottime=114.840s load=1.00 rootload=1.00
ramon: poll                 wall=01m56.000s usage=01m55.965s user=01m55.846s sys=00.119s mem=99024KiB roottime=115.840s load=1.00 rootload=1.00
ramon: poll                 wall=01m57.000s usage=01m56.964s user=01m56.846s sys=00.119s mem=99536KiB roottime=116.840s load=1.00 rootload=1.00
ramon: poll                 wall=01m58.000s usage=01m57.964s user=01m57.845s sys=00.119s mem=99792KiB roottime=117.840s load=1.00 rootload=1.00
ramon: poll                 wall=01m59.000s usage=01m58.964s user=01m58.843s sys=00.121s mem=98MiB roottime=118.840s load=1.00 rootload=1.00
ramon: poll                 wall=02m00.000s usage=01m59.964s user=01m59.843s sys=00.121s mem=98MiB roottime=119.840s load=1.00 rootload=1.00
[31mramon: msg                  Wall clock time limit reached[0m
ramon: end                  Sat Jan 11 01:04:51 2025
ramon: root.execname        z3
ramon: root.utime           119.840s
ramon: root.stime           0.130s
ramon: group.total          119.981s
ramon: group.utime          119.844s
ramon: group.stime          0.137s
ramon: group.mempeak        98MiB
ramon: group.pidpeak        3
ramon: status               terminated by signal
[31mramon: signal               15 (SIGTERM Terminated)[0m
ramon: core dumped          false
ramon: exitcode             143
ramon: walltime             120.017s
ramon: loadavg              1.00
