ramon: cwd                  /home/runner/a/_work/z3-poly-testing/z3-poly-testing
ramon: start                Sat Jan 11 01:20:39 2025
ramon: nproc                128
ramon: sys.mem              64150 MiB
ramon: sys.mem.free         31384 MiB
ramon: sys.mem.avail        64027 MiB
ramon: sys.nprocs           2559
ramon: argv                 0 = z3
ramon: argv                 1 = /home/runner/a/_work/z3-poly-testing/z3-poly-testing/download/non-incremental/QF_NIA/20170427-VeryMax/ITS/From_T2__slayer-4-filtered.t2__p22647_safety_0.smt2
ramon: argv                 2 = -T:1200
ramon: childpid             2294464
ramon: end                  Sat Jan 11 01:20:40 2025
ramon: root.execname        z3
ramon: root.utime           0.810s
ramon: root.stime           0.150s
ramon: group.total          0.973s
ramon: group.utime          0.819s
ramon: group.stime          0.154s
ramon: group.mempeak        153MiB
ramon: group.pidpeak        3
ramon: status               exited
ramon: exitcode             0
ramon: walltime             0.975s
ramon: loadavg              1.00
