ramon: cwd                  /home/runner/a/_work/z3-poly-testing/z3-poly-testing
ramon: start                Fri Jan 10 23:41:12 2025
ramon: nproc                128
ramon: sys.mem              64150 MiB
ramon: sys.mem.free         40589 MiB
ramon: sys.mem.avail        64077 MiB
ramon: sys.nprocs           2637
ramon: argv                 0 = z3
ramon: argv                 1 = /home/runner/a/_work/z3-poly-testing/z3-poly-testing/download/non-incremental/QF_NIA/20170427-VeryMax/ITS/From_AProVE_2014__juLinkedListCreateAddAllAt.jar-obl-17__p8577_safety_0.smt2
ramon: argv                 2 = -T:1200
ramon: childpid             2023378
ramon: poll                 wall=01.000s usage=00.983s user=00.913s sys=00.070s mem=110MiB roottime=0.910s load=0.98 rootload=0.91
ramon: end                  Fri Jan 10 23:41:14 2025
ramon: root.execname        z3
ramon: root.utime           1.400s
ramon: root.stime           0.080s
ramon: group.total          1.491s
ramon: group.utime          1.402s
ramon: group.stime          0.089s
ramon: group.mempeak        110MiB
ramon: group.pidpeak        3
ramon: status               exited
ramon: exitcode             0
ramon: walltime             1.509s
ramon: loadavg              0.99
