ramon: cwd                  /home/runner/a/_work/z3-poly-testing/z3-poly-testing
ramon: start                Fri Jan 10 23:50:38 2025
ramon: nproc                128
ramon: sys.mem              64150 MiB
ramon: sys.mem.free         31577 MiB
ramon: sys.mem.avail        64071 MiB
ramon: sys.nprocs           2562
ramon: argv                 0 = z3
ramon: argv                 1 = /home/runner/a/_work/z3-poly-testing/z3-poly-testing/download/non-incremental/QF_NIA/20170427-VeryMax/ITS/From_T2__apchild-accepted.t2__terminationS_26_0.smt2
ramon: argv                 2 = -T:1200
ramon: childpid             2059367
ramon: poll                 wall=01.000s usage=00.977s user=00.860s sys=00.117s mem=114MiB roottime=0.850s load=0.98 rootload=0.85
ramon: poll                 wall=02.000s usage=01.977s user=01.858s sys=00.119s mem=116MiB roottime=1.850s load=1.00 rootload=1.00
ramon: poll                 wall=03.000s usage=02.977s user=02.855s sys=00.122s mem=122MiB roottime=2.850s load=1.00 rootload=1.00
ramon: poll                 wall=04.000s usage=03.977s user=03.855s sys=00.122s mem=122MiB roottime=3.850s load=1.00 rootload=1.00
ramon: poll                 wall=05.000s usage=04.977s user=04.855s sys=00.122s mem=122MiB roottime=4.850s load=1.00 rootload=1.00
ramon: poll                 wall=06.000s usage=05.977s user=05.855s sys=00.122s mem=123MiB roottime=5.850s load=1.00 rootload=1.00
ramon: poll                 wall=07.000s usage=06.976s user=06.854s sys=00.122s mem=123MiB roottime=6.850s load=1.00 rootload=1.00
ramon: poll                 wall=08.000s usage=07.976s user=07.854s sys=00.122s mem=123MiB roottime=7.850s load=1.00 rootload=1.00
ramon: poll                 wall=09.000s usage=08.976s user=08.854s sys=00.122s mem=124MiB roottime=8.850s load=1.00 rootload=1.00
ramon: end                  Fri Jan 10 23:50:47 2025
ramon: root.execname        z3
ramon: root.utime           9.070s
ramon: root.stime           0.140s
ramon: group.total          9.213s
ramon: group.utime          9.073s
ramon: group.stime          0.140s
ramon: group.mempeak        124MiB
ramon: group.pidpeak        3
ramon: status               exited
ramon: exitcode             0
ramon: walltime             9.236s
ramon: loadavg              1.00
