ramon: cwd                  /home/runner/a/_work/z3-poly-testing/z3-poly-testing
ramon: start                Sat Jan 11 01:33:00 2025
ramon: nproc                128
ramon: sys.mem              64150 MiB
ramon: sys.mem.free         30867 MiB
ramon: sys.mem.avail        64022 MiB
ramon: sys.nprocs           2549
ramon: argv                 0 = z3
ramon: argv                 1 = /home/runner/a/_work/z3-poly-testing/z3-poly-testing/download/non-incremental/QF_NIA/20170427-VeryMax/ITS/From_T2__tqli.t2_fixed__p25200_edge_closing_0.smt2
ramon: argv                 2 = -T:1200
ramon: childpid             2325051
ramon: poll                 wall=01.000s usage=00.980s user=00.856s sys=00.124s mem=122MiB roottime=0.850s load=0.98 rootload=0.85
ramon: poll                 wall=02.000s usage=01.980s user=01.854s sys=00.126s mem=128MiB roottime=1.850s load=1.00 rootload=1.00
ramon: poll                 wall=03.000s usage=02.980s user=02.851s sys=00.129s mem=131MiB roottime=2.850s load=1.00 rootload=1.00
ramon: poll                 wall=04.000s usage=03.980s user=03.851s sys=00.129s mem=131MiB roottime=3.850s load=1.00 rootload=1.00
ramon: poll                 wall=05.000s usage=04.980s user=04.851s sys=00.129s mem=131MiB roottime=4.850s load=1.00 rootload=1.00
ramon: poll                 wall=06.000s usage=05.980s user=05.851s sys=00.129s mem=132MiB roottime=5.850s load=1.00 rootload=1.00
ramon: poll                 wall=07.000s usage=06.979s user=06.849s sys=00.130s mem=132MiB roottime=6.840s load=1.00 rootload=0.99
ramon: poll                 wall=08.000s usage=07.979s user=07.849s sys=00.130s mem=132MiB roottime=7.840s load=1.00 rootload=1.00
ramon: poll                 wall=09.000s usage=08.979s user=08.847s sys=00.132s mem=134MiB roottime=8.840s load=1.00 rootload=1.00
ramon: poll                 wall=10.000s usage=09.979s user=09.846s sys=00.133s mem=136MiB roottime=9.840s load=1.00 rootload=1.00
ramon: poll                 wall=11.000s usage=10.979s user=10.845s sys=00.134s mem=138MiB roottime=10.840s load=1.00 rootload=1.00
ramon: poll                 wall=12.000s usage=11.978s user=11.844s sys=00.134s mem=140MiB roottime=11.840s load=1.00 rootload=1.00
ramon: poll                 wall=13.000s usage=12.978s user=12.843s sys=00.135s mem=141MiB roottime=12.840s load=1.00 rootload=1.00
ramon: poll                 wall=14.000s usage=13.978s user=13.842s sys=00.136s mem=143MiB roottime=13.840s load=1.00 rootload=1.00
ramon: poll                 wall=15.000s usage=14.978s user=14.842s sys=00.136s mem=143MiB roottime=14.840s load=1.00 rootload=1.00
ramon: poll                 wall=16.000s usage=15.978s user=15.841s sys=00.137s mem=143MiB roottime=15.840s load=1.00 rootload=1.00
ramon: poll                 wall=17.000s usage=16.977s user=16.840s sys=00.137s mem=144MiB roottime=16.840s load=1.00 rootload=1.00
ramon: poll                 wall=18.000s usage=17.977s user=17.840s sys=00.137s mem=144MiB roottime=17.840s load=1.00 rootload=1.00
ramon: poll                 wall=19.000s usage=18.977s user=18.840s sys=00.137s mem=144MiB roottime=18.840s load=1.00 rootload=1.00
ramon: poll                 wall=20.000s usage=19.977s user=19.840s sys=00.137s mem=145MiB roottime=19.840s load=1.00 rootload=1.00
ramon: poll                 wall=21.000s usage=20.977s user=20.840s sys=00.137s mem=145MiB roottime=20.830s load=1.00 rootload=0.99
ramon: poll                 wall=22.000s usage=21.976s user=21.838s sys=00.139s mem=146MiB roottime=21.830s load=1.00 rootload=1.00
ramon: poll                 wall=23.000s usage=22.976s user=22.835s sys=00.141s mem=148MiB roottime=22.830s load=1.00 rootload=1.00
ramon: poll                 wall=24.000s usage=23.976s user=23.835s sys=00.141s mem=148MiB roottime=23.830s load=1.00 rootload=1.00
ramon: poll                 wall=25.000s usage=24.976s user=24.834s sys=00.142s mem=149MiB roottime=24.830s load=1.00 rootload=1.00
ramon: poll                 wall=26.000s usage=25.976s user=25.834s sys=00.142s mem=149MiB roottime=25.830s load=1.00 rootload=1.00
ramon: poll                 wall=27.000s usage=26.976s user=26.834s sys=00.142s mem=150MiB roottime=26.830s load=1.00 rootload=1.00
ramon: poll                 wall=28.000s usage=27.976s user=27.834s sys=00.142s mem=151MiB roottime=27.830s load=1.00 rootload=1.00
ramon: poll                 wall=29.000s usage=28.976s user=28.834s sys=00.142s mem=152MiB roottime=28.830s load=1.00 rootload=1.00
ramon: poll                 wall=30.000s usage=29.975s user=29.833s sys=00.142s mem=152MiB roottime=29.830s load=1.00 rootload=1.00
ramon: poll                 wall=31.000s usage=30.975s user=30.833s sys=00.142s mem=152MiB roottime=30.830s load=1.00 rootload=1.00
ramon: poll                 wall=32.000s usage=31.975s user=31.833s sys=00.142s mem=153MiB roottime=31.830s load=1.00 rootload=1.00
ramon: poll                 wall=33.000s usage=32.975s user=32.833s sys=00.142s mem=154MiB roottime=32.830s load=1.00 rootload=1.00
ramon: poll                 wall=34.000s usage=33.975s user=33.831s sys=00.144s mem=154MiB roottime=33.830s load=1.00 rootload=1.00
ramon: poll                 wall=35.000s usage=34.975s user=34.831s sys=00.144s mem=154MiB roottime=34.830s load=1.00 rootload=1.00
ramon: poll                 wall=36.000s usage=35.975s user=35.831s sys=00.144s mem=154MiB roottime=35.830s load=1.00 rootload=1.00
ramon: poll                 wall=37.000s usage=36.975s user=36.831s sys=00.144s mem=154MiB roottime=36.830s load=1.00 rootload=1.00
ramon: poll                 wall=38.000s usage=37.975s user=37.831s sys=00.144s mem=155MiB roottime=37.830s load=1.00 rootload=1.00
ramon: poll                 wall=39.000s usage=38.974s user=38.830s sys=00.144s mem=155MiB roottime=38.830s load=1.00 rootload=1.00
ramon: poll                 wall=40.000s usage=39.974s user=39.829s sys=00.145s mem=155MiB roottime=39.820s load=1.00 rootload=0.99
ramon: poll                 wall=41.000s usage=40.974s user=40.829s sys=00.145s mem=155MiB roottime=40.820s load=1.00 rootload=1.00
ramon: poll                 wall=42.000s usage=41.974s user=41.829s sys=00.145s mem=156MiB roottime=41.820s load=1.00 rootload=1.00
ramon: poll                 wall=43.000s usage=42.974s user=42.829s sys=00.145s mem=156MiB roottime=42.820s load=1.00 rootload=1.00
ramon: poll                 wall=44.000s usage=43.973s user=43.828s sys=00.145s mem=156MiB roottime=43.820s load=1.00 rootload=1.00
ramon: poll                 wall=45.000s usage=44.973s user=44.828s sys=00.145s mem=156MiB roottime=44.820s load=1.00 rootload=1.00
ramon: poll                 wall=46.000s usage=45.973s user=45.828s sys=00.145s mem=156MiB roottime=45.820s load=1.00 rootload=1.00
ramon: poll                 wall=47.000s usage=46.973s user=46.828s sys=00.145s mem=156MiB roottime=46.820s load=1.00 rootload=1.00
ramon: poll                 wall=48.000s usage=47.973s user=47.828s sys=00.145s mem=156MiB roottime=47.820s load=1.00 rootload=1.00
ramon: poll                 wall=49.000s usage=48.973s user=48.828s sys=00.145s mem=156MiB roottime=48.820s load=1.00 rootload=1.00
ramon: poll                 wall=50.000s usage=49.972s user=49.827s sys=00.145s mem=157MiB roottime=49.820s load=1.00 rootload=1.00
ramon: poll                 wall=51.000s usage=50.972s user=50.827s sys=00.145s mem=157MiB roottime=50.820s load=1.00 rootload=1.00
ramon: poll                 wall=52.000s usage=51.972s user=51.827s sys=00.145s mem=157MiB roottime=51.820s load=1.00 rootload=1.00
ramon: poll                 wall=53.000s usage=52.972s user=52.827s sys=00.145s mem=157MiB roottime=52.820s load=1.00 rootload=1.00
ramon: poll                 wall=54.000s usage=53.972s user=53.827s sys=00.145s mem=157MiB roottime=53.820s load=1.00 rootload=1.00
ramon: poll                 wall=55.000s usage=54.971s user=54.826s sys=00.145s mem=157MiB roottime=54.820s load=1.00 rootload=1.00
ramon: poll                 wall=56.000s usage=55.971s user=55.825s sys=00.146s mem=158MiB roottime=55.820s load=1.00 rootload=1.00
ramon: poll                 wall=57.000s usage=56.971s user=56.825s sys=00.146s mem=158MiB roottime=56.820s load=1.00 rootload=1.00
ramon: poll                 wall=58.000s usage=57.971s user=57.825s sys=00.146s mem=158MiB roottime=57.820s load=1.00 rootload=1.00
ramon: poll                 wall=59.000s usage=58.971s user=58.825s sys=00.146s mem=158MiB roottime=58.820s load=1.00 rootload=1.00
ramon: poll                 wall=01m00.000s usage=59.971s user=59.825s sys=00.146s mem=158MiB roottime=59.820s load=1.00 rootload=1.00
ramon: poll                 wall=01m01.000s usage=01m00.971s user=01m00.825s sys=00.146s mem=159MiB roottime=60.820s load=1.00 rootload=1.00
ramon: poll                 wall=01m02.000s usage=01m01.970s user=01m01.824s sys=00.146s mem=159MiB roottime=61.820s load=1.00 rootload=1.00
ramon: poll                 wall=01m03.000s usage=01m02.970s user=01m02.824s sys=00.146s mem=159MiB roottime=62.820s load=1.00 rootload=1.00
ramon: poll                 wall=01m04.000s usage=01m03.970s user=01m03.823s sys=00.147s mem=160MiB roottime=63.820s load=1.00 rootload=1.00
ramon: poll                 wall=01m05.000s usage=01m04.970s user=01m04.823s sys=00.147s mem=160MiB roottime=64.820s load=1.00 rootload=1.00
ramon: poll                 wall=01m06.000s usage=01m05.970s user=01m05.823s sys=00.147s mem=161MiB roottime=65.820s load=1.00 rootload=1.00
ramon: poll                 wall=01m07.000s usage=01m06.970s user=01m06.823s sys=00.147s mem=161MiB roottime=66.820s load=1.00 rootload=1.00
ramon: poll                 wall=01m08.000s usage=01m07.969s user=01m07.821s sys=00.148s mem=161MiB roottime=67.820s load=1.00 rootload=1.00
ramon: poll                 wall=01m09.000s usage=01m08.969s user=01m08.821s sys=00.148s mem=161MiB roottime=68.820s load=1.00 rootload=1.00
ramon: poll                 wall=01m10.000s usage=01m09.969s user=01m09.821s sys=00.148s mem=162MiB roottime=69.820s load=1.00 rootload=1.00
ramon: poll                 wall=01m11.000s usage=01m10.969s user=01m10.821s sys=00.148s mem=162MiB roottime=70.820s load=1.00 rootload=1.00
ramon: poll                 wall=01m12.000s usage=01m11.969s user=01m11.821s sys=00.148s mem=162MiB roottime=71.820s load=1.00 rootload=1.00
ramon: poll                 wall=01m13.000s usage=01m12.969s user=01m12.820s sys=00.149s mem=162MiB roottime=72.820s load=1.00 rootload=1.00
ramon: poll                 wall=01m14.000s usage=01m13.969s user=01m13.819s sys=00.150s mem=163MiB roottime=73.810s load=1.00 rootload=0.99
ramon: poll                 wall=01m15.000s usage=01m14.968s user=01m14.819s sys=00.150s mem=163MiB roottime=74.810s load=1.00 rootload=1.00
ramon: poll                 wall=01m16.000s usage=01m15.968s user=01m15.818s sys=00.150s mem=163MiB roottime=75.810s load=1.00 rootload=1.00
ramon: poll                 wall=01m17.000s usage=01m16.968s user=01m16.818s sys=00.150s mem=163MiB roottime=76.810s load=1.00 rootload=1.00
ramon: poll                 wall=01m18.000s usage=01m17.968s user=01m17.817s sys=00.151s mem=164MiB roottime=77.810s load=1.00 rootload=1.00
ramon: poll                 wall=01m19.000s usage=01m18.968s user=01m18.816s sys=00.152s mem=164MiB roottime=78.810s load=1.00 rootload=1.00
ramon: poll                 wall=01m20.000s usage=01m19.968s user=01m19.816s sys=00.152s mem=164MiB roottime=79.810s load=1.00 rootload=1.00
ramon: poll                 wall=01m21.000s usage=01m20.968s user=01m20.816s sys=00.152s mem=164MiB roottime=80.810s load=1.00 rootload=1.00
ramon: poll                 wall=01m22.000s usage=01m21.967s user=01m21.815s sys=00.152s mem=164MiB roottime=81.810s load=1.00 rootload=1.00
ramon: poll                 wall=01m23.000s usage=01m22.967s user=01m22.815s sys=00.152s mem=164MiB roottime=82.810s load=1.00 rootload=1.00
ramon: poll                 wall=01m24.000s usage=01m23.967s user=01m23.815s sys=00.152s mem=164MiB roottime=83.810s load=1.00 rootload=1.00
ramon: poll                 wall=01m25.000s usage=01m24.967s user=01m24.815s sys=00.152s mem=165MiB roottime=84.810s load=1.00 rootload=1.00
ramon: poll                 wall=01m26.000s usage=01m25.967s user=01m25.815s sys=00.152s mem=165MiB roottime=85.810s load=1.00 rootload=1.00
ramon: poll                 wall=01m27.000s usage=01m26.967s user=01m26.815s sys=00.152s mem=165MiB roottime=86.810s load=1.00 rootload=1.00
ramon: poll                 wall=01m28.000s usage=01m27.967s user=01m27.815s sys=00.152s mem=165MiB roottime=87.810s load=1.00 rootload=1.00
ramon: poll                 wall=01m29.000s usage=01m28.966s user=01m28.814s sys=00.152s mem=166MiB roottime=88.810s load=1.00 rootload=1.00
ramon: poll                 wall=01m30.000s usage=01m29.966s user=01m29.814s sys=00.152s mem=166MiB roottime=89.810s load=1.00 rootload=1.00
ramon: poll                 wall=01m31.000s usage=01m30.966s user=01m30.814s sys=00.152s mem=166MiB roottime=90.810s load=1.00 rootload=1.00
ramon: poll                 wall=01m32.000s usage=01m31.966s user=01m31.814s sys=00.152s mem=166MiB roottime=91.810s load=1.00 rootload=1.00
ramon: poll                 wall=01m33.000s usage=01m32.966s user=01m32.814s sys=00.152s mem=168MiB roottime=92.810s load=1.00 rootload=1.00
ramon: poll                 wall=01m34.000s usage=01m33.966s user=01m33.813s sys=00.153s mem=168MiB roottime=93.810s load=1.00 rootload=1.00
ramon: poll                 wall=01m35.000s usage=01m34.965s user=01m34.812s sys=00.153s mem=168MiB roottime=94.810s load=1.00 rootload=1.00
ramon: poll                 wall=01m36.000s usage=01m35.965s user=01m35.810s sys=00.155s mem=170MiB roottime=95.810s load=1.00 rootload=1.00
ramon: poll                 wall=01m37.000s usage=01m36.965s user=01m36.810s sys=00.155s mem=170MiB roottime=96.810s load=1.00 rootload=1.00
ramon: poll                 wall=01m38.000s usage=01m37.965s user=01m37.810s sys=00.155s mem=170MiB roottime=97.810s load=1.00 rootload=1.00
ramon: poll                 wall=01m39.000s usage=01m38.964s user=01m38.809s sys=00.155s mem=170MiB roottime=98.800s load=1.00 rootload=0.99
ramon: poll                 wall=01m40.000s usage=01m39.964s user=01m39.809s sys=00.155s mem=170MiB roottime=99.800s load=1.00 rootload=1.00
ramon: poll                 wall=01m41.000s usage=01m40.964s user=01m40.809s sys=00.155s mem=171MiB roottime=100.800s load=1.00 rootload=1.00
ramon: poll                 wall=01m42.000s usage=01m41.964s user=01m41.808s sys=00.156s mem=172MiB roottime=101.800s load=1.00 rootload=1.00
ramon: poll                 wall=01m43.000s usage=01m42.964s user=01m42.808s sys=00.156s mem=172MiB roottime=102.800s load=1.00 rootload=1.00
ramon: poll                 wall=01m44.000s usage=01m43.964s user=01m43.807s sys=00.157s mem=173MiB roottime=103.800s load=1.00 rootload=1.00
ramon: poll                 wall=01m45.000s usage=01m44.963s user=01m44.806s sys=00.157s mem=173MiB roottime=104.800s load=1.00 rootload=1.00
ramon: poll                 wall=01m46.000s usage=01m45.963s user=01m45.805s sys=00.158s mem=174MiB roottime=105.800s load=1.00 rootload=1.00
ramon: poll                 wall=01m47.000s usage=01m46.963s user=01m46.805s sys=00.158s mem=174MiB roottime=106.800s load=1.00 rootload=1.00
ramon: poll                 wall=01m48.000s usage=01m47.963s user=01m47.805s sys=00.158s mem=174MiB roottime=107.800s load=1.00 rootload=1.00
ramon: poll                 wall=01m49.000s usage=01m48.963s user=01m48.805s sys=00.158s mem=174MiB roottime=108.800s load=1.00 rootload=1.00
ramon: poll                 wall=01m50.000s usage=01m49.963s user=01m49.803s sys=00.160s mem=175MiB roottime=109.800s load=1.00 rootload=1.00
ramon: poll                 wall=01m51.000s usage=01m50.963s user=01m50.803s sys=00.160s mem=175MiB roottime=110.800s load=1.00 rootload=1.00
ramon: poll                 wall=01m52.000s usage=01m51.963s user=01m51.803s sys=00.160s mem=176MiB roottime=111.800s load=1.00 rootload=1.00
ramon: poll                 wall=01m53.000s usage=01m52.962s user=01m52.801s sys=00.161s mem=177MiB roottime=112.800s load=1.00 rootload=1.00
ramon: poll                 wall=01m54.000s usage=01m53.962s user=01m53.801s sys=00.161s mem=178MiB roottime=113.800s load=1.00 rootload=1.00
ramon: poll                 wall=01m55.000s usage=01m54.962s user=01m54.801s sys=00.161s mem=178MiB roottime=114.800s load=1.00 rootload=1.00
ramon: poll                 wall=01m56.000s usage=01m55.962s user=01m55.801s sys=00.161s mem=177MiB roottime=115.800s load=1.00 rootload=1.00
ramon: poll                 wall=01m57.000s usage=01m56.962s user=01m56.801s sys=00.161s mem=178MiB roottime=116.800s load=1.00 rootload=1.00
ramon: poll                 wall=01m58.000s usage=01m57.961s user=01m57.801s sys=00.161s mem=178MiB roottime=117.800s load=1.00 rootload=1.00
ramon: poll                 wall=01m59.000s usage=01m58.961s user=01m58.800s sys=00.161s mem=179MiB roottime=118.800s load=1.00 rootload=1.00
ramon: poll                 wall=02m00.000s usage=01m59.961s user=01m59.800s sys=00.161s mem=179MiB roottime=119.800s load=1.00 rootload=1.00
[31mramon: msg                  Wall clock time limit reached[0m
ramon: end                  Sat Jan 11 01:35:00 2025
ramon: root.execname        z3
ramon: root.utime           119.800s
ramon: root.stime           0.180s
ramon: group.total          119.988s
ramon: group.utime          119.801s
ramon: group.stime          0.187s
ramon: group.mempeak        179MiB
ramon: group.pidpeak        3
ramon: status               terminated by signal
[31mramon: signal               15 (SIGTERM Terminated)[0m
ramon: core dumped          false
ramon: exitcode             143
ramon: walltime             120.026s
ramon: loadavg              1.00
