ramon: cwd                  /home/runner/a/_work/z3-poly-testing/z3-poly-testing
ramon: start                Mon Apr  7 12:12:48 2025
ramon: nproc                128
ramon: sys.mem              64150 MiB
ramon: sys.mem.free         38656 MiB
ramon: sys.mem.avail        63773 MiB
ramon: sys.nprocs           3240
ramon: argv                 0 = z3
ramon: argv                 1 = inputs/QF_NIA_small/From_T2__pentagon.t2__p7145_edge_closing_0.smt2
ramon: argv                 2 = -T:600
ramon: argv                 3 = lp.dio_eqs=true
ramon: childpid             3091493
ramon: poll                 wall=01.006s usage=00.963s user=00.821s sys=00.142s mem=106MiB roottime=0.820s load=0.96 rootload=0.82
ramon: poll                 wall=02.004s usage=01.959s user=01.817s sys=00.142s mem=106MiB roottime=1.810s load=1.00 rootload=0.99
ramon: poll                 wall=03.000s usage=02.953s user=02.811s sys=00.142s mem=106MiB roottime=2.810s load=1.00 rootload=1.00
ramon: poll                 wall=04.000s usage=03.951s user=03.808s sys=00.143s mem=106MiB roottime=3.800s load=1.00 rootload=0.99
ramon: poll                 wall=05.000s usage=04.950s user=04.807s sys=00.143s mem=106MiB roottime=4.800s load=1.00 rootload=1.00
ramon: poll                 wall=06.000s usage=05.948s user=05.798s sys=00.150s mem=72140KiB roottime=5.790s load=1.00 rootload=0.99
ramon: poll                 wall=07.000s usage=06.947s user=06.797s sys=00.150s mem=72140KiB roottime=6.790s load=1.00 rootload=1.00
ramon: poll                 wall=08.000s usage=07.945s user=07.795s sys=00.150s mem=72140KiB roottime=7.790s load=1.00 rootload=1.00
ramon: poll                 wall=09.000s usage=08.943s user=08.793s sys=00.150s mem=72140KiB roottime=8.790s load=1.00 rootload=1.00
ramon: poll                 wall=10.000s usage=09.942s user=09.792s sys=00.150s mem=72140KiB roottime=9.790s load=1.00 rootload=1.00
ramon: poll                 wall=11.000s usage=10.940s user=10.790s sys=00.150s mem=72140KiB roottime=10.780s load=1.00 rootload=0.99
ramon: poll                 wall=12.000s usage=11.938s user=11.788s sys=00.150s mem=72140KiB roottime=11.780s load=1.00 rootload=1.00
ramon: poll                 wall=13.000s usage=12.936s user=12.785s sys=00.151s mem=72300KiB roottime=12.780s load=1.00 rootload=1.00
ramon: poll                 wall=14.003s usage=13.937s user=13.777s sys=00.160s mem=73556KiB roottime=13.770s load=1.00 rootload=0.99
ramon: poll                 wall=15.000s usage=14.932s user=14.769s sys=00.163s mem=74016KiB roottime=14.760s load=1.00 rootload=0.99
ramon: poll                 wall=16.000s usage=15.931s user=15.764s sys=00.167s mem=74760KiB roottime=15.760s load=1.00 rootload=1.00
ramon: poll                 wall=17.000s usage=16.929s user=16.757s sys=00.172s mem=77120KiB roottime=16.750s load=1.00 rootload=0.99
ramon: poll                 wall=18.000s usage=17.928s user=17.756s sys=00.172s mem=77120KiB roottime=17.750s load=1.00 rootload=1.00
ramon: poll                 wall=19.004s usage=18.930s user=18.756s sys=00.174s mem=77548KiB roottime=18.750s load=1.00 rootload=1.00
ramon: poll                 wall=20.000s usage=19.925s user=19.751s sys=00.174s mem=77548KiB roottime=19.750s load=1.00 rootload=1.00
ramon: poll                 wall=21.004s usage=20.927s user=20.753s sys=00.174s mem=77628KiB roottime=20.750s load=1.00 rootload=1.00
ramon: poll                 wall=22.006s usage=21.926s user=21.750s sys=00.176s mem=78188KiB roottime=21.750s load=1.00 rootload=1.00
ramon: poll                 wall=23.000s usage=22.919s user=22.742s sys=00.177s mem=78980KiB roottime=22.740s load=1.00 rootload=1.00
ramon: poll                 wall=24.000s usage=23.918s user=23.739s sys=00.179s mem=79852KiB roottime=23.730s load=1.00 rootload=0.99
ramon: poll                 wall=25.004s usage=24.920s user=24.740s sys=00.181s mem=80320KiB roottime=24.730s load=1.00 rootload=1.00
ramon: poll                 wall=26.000s usage=25.916s user=25.733s sys=00.183s mem=80884KiB roottime=25.730s load=1.00 rootload=1.00
ramon: poll                 wall=27.002s usage=26.916s user=26.730s sys=00.186s mem=81588KiB roottime=26.730s load=1.00 rootload=1.00
ramon: poll                 wall=28.002s usage=27.915s user=27.729s sys=00.186s mem=82364KiB roottime=27.720s load=1.00 rootload=0.99
ramon: poll                 wall=29.003s usage=28.915s user=28.726s sys=00.189s mem=83308KiB roottime=28.720s load=1.00 rootload=1.00
ramon: poll                 wall=30.000s usage=29.910s user=29.720s sys=00.191s mem=84128KiB roottime=29.720s load=1.00 rootload=1.00
ramon: poll                 wall=31.003s usage=30.913s user=30.716s sys=00.197s mem=85664KiB roottime=30.710s load=1.00 rootload=0.99
ramon: poll                 wall=32.000s usage=31.911s user=31.713s sys=00.198s mem=86176KiB roottime=31.710s load=1.00 rootload=1.00
ramon: poll                 wall=33.004s usage=32.914s user=32.712s sys=00.202s mem=87200KiB roottime=32.710s load=1.00 rootload=1.00
ramon: poll                 wall=34.002s usage=33.912s user=33.710s sys=00.202s mem=87200KiB roottime=33.710s load=1.00 rootload=1.00
ramon: poll                 wall=35.004s usage=34.913s user=34.710s sys=00.204s mem=87968KiB roottime=34.700s load=1.00 rootload=0.99
ramon: poll                 wall=36.000s usage=35.909s user=35.704s sys=00.205s mem=88224KiB roottime=35.700s load=1.00 rootload=1.00
ramon: poll                 wall=37.001s usage=36.910s user=36.702s sys=00.208s mem=89248KiB roottime=36.700s load=1.00 rootload=1.00
ramon: poll                 wall=38.000s usage=37.910s user=37.700s sys=00.210s mem=89760KiB roottime=37.700s load=1.00 rootload=1.00
ramon: poll                 wall=39.000s usage=38.910s user=38.694s sys=00.216s mem=90528KiB roottime=38.690s load=1.00 rootload=0.99
ramon: poll                 wall=40.004s usage=39.913s user=39.695s sys=00.218s mem=90784KiB roottime=39.690s load=1.00 rootload=1.00
ramon: poll                 wall=41.000s usage=40.909s user=40.690s sys=00.219s mem=91040KiB roottime=40.690s load=1.00 rootload=1.00
ramon: poll                 wall=42.000s usage=41.908s user=41.688s sys=00.220s mem=91552KiB roottime=41.680s load=1.00 rootload=0.99
ramon: poll                 wall=43.000s usage=42.907s user=42.684s sys=00.224s mem=91808KiB roottime=42.680s load=1.00 rootload=1.00
ramon: poll                 wall=44.003s usage=43.910s user=43.683s sys=00.227s mem=92320KiB roottime=43.680s load=1.00 rootload=1.00
ramon: poll                 wall=45.006s usage=44.913s user=44.683s sys=00.230s mem=92832KiB roottime=44.680s load=1.00 rootload=1.00
ramon: poll                 wall=46.004s usage=45.910s user=45.679s sys=00.232s mem=93344KiB roottime=45.670s load=1.00 rootload=0.99
ramon: poll                 wall=47.000s usage=46.909s user=46.675s sys=00.234s mem=94368KiB roottime=46.680s load=1.00 rootload=1.01
ramon: poll                 wall=48.000s usage=47.907s user=47.672s sys=00.235s mem=94624KiB roottime=47.670s load=1.00 rootload=0.99
ramon: poll                 wall=49.003s usage=48.908s user=48.662s sys=00.247s mem=96416KiB roottime=48.660s load=1.00 rootload=0.99
ramon: poll                 wall=50.008s usage=49.913s user=49.664s sys=00.249s mem=96928KiB roottime=49.660s load=1.00 rootload=1.00
ramon: poll                 wall=51.000s usage=50.906s user=50.653s sys=00.253s mem=97440KiB roottime=50.650s load=1.00 rootload=1.00
ramon: poll                 wall=52.000s usage=51.905s user=51.648s sys=00.257s mem=98208KiB roottime=51.640s load=1.00 rootload=0.99
ramon: poll                 wall=53.000s usage=52.904s user=52.643s sys=00.262s mem=98720KiB roottime=52.640s load=1.00 rootload=1.00
ramon: poll                 wall=54.000s usage=53.904s user=53.636s sys=00.268s mem=99744KiB roottime=53.630s load=1.00 rootload=0.99
ramon: poll                 wall=55.000s usage=54.904s user=54.633s sys=00.271s mem=98MiB roottime=54.630s load=1.00 rootload=1.00
ramon: poll                 wall=56.000s usage=55.904s user=55.631s sys=00.273s mem=98MiB roottime=55.630s load=1.00 rootload=1.00
ramon: poll                 wall=57.000s usage=56.905s user=56.627s sys=00.278s mem=99MiB roottime=56.620s load=1.00 rootload=0.99
ramon: poll                 wall=58.000s usage=57.904s user=57.625s sys=00.279s mem=99MiB roottime=57.620s load=1.00 rootload=1.00
ramon: poll                 wall=59.000s usage=58.903s user=58.621s sys=00.282s mem=100MiB roottime=58.620s load=1.00 rootload=1.00
ramon: poll                 wall=01m00.004s usage=59.907s user=59.621s sys=00.286s mem=100MiB roottime=59.620s load=1.00 rootload=1.00
ramon: poll                 wall=01m01.000s usage=01m00.903s user=01m00.613s sys=00.290s mem=101MiB roottime=60.610s load=1.00 rootload=0.99
ramon: poll                 wall=01m02.004s usage=01m01.906s user=01m01.603s sys=00.303s mem=103MiB roottime=61.600s load=1.00 rootload=0.99
ramon: poll                 wall=01m03.010s usage=01m02.912s user=01m02.601s sys=00.311s mem=103MiB roottime=62.600s load=1.00 rootload=0.99
ramon: poll                 wall=01m04.003s usage=01m03.905s user=01m03.579s sys=00.326s mem=105MiB roottime=63.570s load=1.00 rootload=0.98
ramon: poll                 wall=01m05.004s usage=01m04.905s user=01m04.564s sys=00.341s mem=107MiB roottime=64.560s load=1.00 rootload=0.99
ramon: poll                 wall=01m06.000s usage=01m05.902s user=01m05.557s sys=00.345s mem=108MiB roottime=65.550s load=1.00 rootload=0.99
ramon: poll                 wall=01m07.002s usage=01m06.903s user=01m06.557s sys=00.346s mem=108MiB roottime=66.550s load=1.00 rootload=1.00
ramon: poll                 wall=01m08.003s usage=01m07.904s user=01m07.550s sys=00.354s mem=110MiB roottime=67.550s load=1.00 rootload=1.00
ramon: poll                 wall=01m09.004s usage=01m08.905s user=01m08.545s sys=00.360s mem=111MiB roottime=68.540s load=1.00 rootload=0.99
ramon: poll                 wall=01m10.000s usage=01m09.901s user=01m09.536s sys=00.365s mem=112MiB roottime=69.530s load=1.00 rootload=0.99
ramon: poll                 wall=01m11.003s usage=01m10.903s user=01m10.527s sys=00.377s mem=113MiB roottime=70.520s load=1.00 rootload=0.99
ramon: poll                 wall=01m12.000s usage=01m11.900s user=01m11.515s sys=00.385s mem=114MiB roottime=71.510s load=1.00 rootload=0.99
ramon: poll                 wall=01m13.005s usage=01m12.905s user=01m12.515s sys=00.390s mem=114MiB roottime=72.510s load=1.00 rootload=1.00
ramon: poll                 wall=01m14.000s usage=01m13.900s user=01m13.508s sys=00.392s mem=115MiB roottime=73.500s load=1.00 rootload=0.99
ramon: poll                 wall=01m15.003s usage=01m14.903s user=01m14.503s sys=00.400s mem=116MiB roottime=74.500s load=1.00 rootload=1.00
ramon: poll                 wall=01m16.004s usage=01m15.903s user=01m15.501s sys=00.403s mem=117MiB roottime=75.500s load=1.00 rootload=1.00
ramon: poll                 wall=01m17.000s usage=01m16.899s user=01m16.488s sys=00.411s mem=118MiB roottime=76.480s load=1.00 rootload=0.98
ramon: poll                 wall=01m18.000s usage=01m17.899s user=01m17.478s sys=00.421s mem=119MiB roottime=77.470s load=1.00 rootload=0.99
ramon: poll                 wall=01m19.003s usage=01m18.902s user=01m18.479s sys=00.423s mem=120MiB roottime=78.470s load=1.00 rootload=1.00
ramon: poll                 wall=01m20.004s usage=01m19.903s user=01m19.477s sys=00.426s mem=120MiB roottime=79.470s load=1.00 rootload=1.00
ramon: poll                 wall=01m21.003s usage=01m20.901s user=01m20.474s sys=00.428s mem=121MiB roottime=80.470s load=1.00 rootload=1.00
ramon: poll                 wall=01m22.002s usage=01m21.900s user=01m21.468s sys=00.433s mem=122MiB roottime=81.460s load=1.00 rootload=0.99
ramon: poll                 wall=01m23.000s usage=01m22.898s user=01m22.459s sys=00.439s mem=123MiB roottime=82.450s load=1.00 rootload=0.99
ramon: poll                 wall=01m24.000s usage=01m23.898s user=01m23.450s sys=00.448s mem=124MiB roottime=83.450s load=1.00 rootload=1.00
ramon: poll                 wall=01m25.003s usage=01m24.901s user=01m24.446s sys=00.455s mem=127MiB roottime=84.440s load=1.00 rootload=0.99
ramon: poll                 wall=01m26.004s usage=01m25.902s user=01m25.446s sys=00.456s mem=127MiB roottime=85.440s load=1.00 rootload=1.00
ramon: poll                 wall=01m27.003s usage=01m26.901s user=01m26.443s sys=00.458s mem=128MiB roottime=86.440s load=1.00 rootload=1.00
ramon: poll                 wall=01m28.000s usage=01m27.897s user=01m27.440s sys=00.458s mem=128MiB roottime=87.440s load=1.00 rootload=1.00
ramon: poll                 wall=01m29.000s usage=01m28.897s user=01m28.437s sys=00.460s mem=128MiB roottime=88.430s load=1.00 rootload=0.99
ramon: poll                 wall=01m30.000s usage=01m29.897s user=01m29.435s sys=00.462s mem=128MiB roottime=89.430s load=1.00 rootload=1.00
ramon: poll                 wall=01m31.002s usage=01m30.898s user=01m30.436s sys=00.463s mem=129MiB roottime=90.430s load=1.00 rootload=1.00
ramon: poll                 wall=01m32.000s usage=01m31.896s user=01m31.430s sys=00.466s mem=129MiB roottime=91.430s load=1.00 rootload=1.00
ramon: poll                 wall=01m33.003s usage=01m32.899s user=01m32.428s sys=00.471s mem=130MiB roottime=92.420s load=1.00 rootload=0.99
ramon: poll                 wall=01m34.000s usage=01m33.897s user=01m33.420s sys=00.477s mem=130MiB roottime=93.420s load=1.00 rootload=1.00
ramon: poll                 wall=01m35.000s usage=01m34.896s user=01m34.415s sys=00.481s mem=131MiB roottime=94.410s load=1.00 rootload=0.99
ramon: poll                 wall=01m36.000s usage=01m35.895s user=01m35.410s sys=00.486s mem=131MiB roottime=95.400s load=1.00 rootload=0.99
ramon: poll                 wall=01m37.005s usage=01m36.900s user=01m36.411s sys=00.489s mem=132MiB roottime=96.410s load=1.00 rootload=1.01
ramon: poll                 wall=01m38.006s usage=01m37.901s user=01m37.412s sys=00.489s mem=132MiB roottime=97.410s load=1.00 rootload=1.00
ramon: poll                 wall=01m39.000s usage=01m38.895s user=01m38.402s sys=00.493s mem=132MiB roottime=98.400s load=1.00 rootload=1.00
ramon: poll                 wall=01m40.000s usage=01m39.895s user=01m39.400s sys=00.495s mem=133MiB roottime=99.400s load=1.00 rootload=1.00
ramon: poll                 wall=01m41.000s usage=01m40.894s user=01m40.398s sys=00.497s mem=134MiB roottime=100.390s load=1.00 rootload=0.99
ramon: poll                 wall=01m42.000s usage=01m41.894s user=01m41.393s sys=00.501s mem=135MiB roottime=101.390s load=1.00 rootload=1.00
ramon: poll                 wall=01m43.002s usage=01m42.896s user=01m42.392s sys=00.504s mem=136MiB roottime=102.390s load=1.00 rootload=1.00
ramon: poll                 wall=01m44.000s usage=01m43.893s user=01m43.389s sys=00.504s mem=136MiB roottime=103.390s load=1.00 rootload=1.00
ramon: poll                 wall=01m45.000s usage=01m44.893s user=01m44.388s sys=00.505s mem=136MiB roottime=104.380s load=1.00 rootload=0.99
ramon: poll                 wall=01m46.000s usage=01m45.893s user=01m45.389s sys=00.505s mem=136MiB roottime=105.380s load=1.00 rootload=1.00
ramon: poll                 wall=01m47.004s usage=01m46.896s user=01m46.391s sys=00.505s mem=136MiB roottime=106.390s load=1.00 rootload=1.01
ramon: poll                 wall=01m48.004s usage=01m47.896s user=01m47.388s sys=00.508s mem=137MiB roottime=107.380s load=1.00 rootload=0.99
ramon: poll                 wall=01m49.002s usage=01m48.894s user=01m48.385s sys=00.509s mem=137MiB roottime=108.380s load=1.00 rootload=1.00
ramon: poll                 wall=01m50.004s usage=01m49.895s user=01m49.384s sys=00.511s mem=138MiB roottime=109.380s load=1.00 rootload=1.00
ramon: poll                 wall=01m51.002s usage=01m50.893s user=01m50.382s sys=00.511s mem=138MiB roottime=110.380s load=1.00 rootload=1.00
ramon: poll                 wall=01m52.001s usage=01m51.892s user=01m51.380s sys=00.512s mem=138MiB roottime=111.370s load=1.00 rootload=0.99
ramon: poll                 wall=01m53.000s usage=01m52.890s user=01m52.378s sys=00.512s mem=138MiB roottime=112.370s load=1.00 rootload=1.00
ramon: poll                 wall=01m54.003s usage=01m53.893s user=01m53.381s sys=00.512s mem=138MiB roottime=113.380s load=1.00 rootload=1.01
ramon: poll                 wall=01m55.000s usage=01m54.889s user=01m54.374s sys=00.516s mem=138MiB roottime=114.370s load=1.00 rootload=0.99
ramon: poll                 wall=01m56.003s usage=01m55.892s user=01m55.374s sys=00.518s mem=139MiB roottime=115.370s load=1.00 rootload=1.00
ramon: poll                 wall=01m57.000s usage=01m56.889s user=01m56.369s sys=00.520s mem=139MiB roottime=116.370s load=1.00 rootload=1.00
ramon: poll                 wall=01m58.002s usage=01m57.891s user=01m57.370s sys=00.521s mem=139MiB roottime=117.370s load=1.00 rootload=1.00
ramon: poll                 wall=01m59.000s usage=01m58.888s user=01m58.364s sys=00.525s mem=140MiB roottime=118.360s load=1.00 rootload=0.99
ramon: poll                 wall=02m00.002s usage=01m59.890s user=01m59.363s sys=00.527s mem=140MiB roottime=119.360s load=1.00 rootload=1.00
ramon: poll                 wall=02m01.000s usage=02m00.888s user=02m00.353s sys=00.535s mem=143MiB roottime=120.350s load=1.00 rootload=0.99
ramon: poll                 wall=02m02.004s usage=02m01.892s user=02m01.351s sys=00.541s mem=144MiB roottime=121.350s load=1.00 rootload=1.00
ramon: poll                 wall=02m03.000s usage=02m02.887s user=02m02.347s sys=00.541s mem=144MiB roottime=122.340s load=1.00 rootload=0.99
ramon: poll                 wall=02m04.003s usage=02m03.890s user=02m03.349s sys=00.541s mem=144MiB roottime=123.340s load=1.00 rootload=1.00
ramon: poll                 wall=02m05.000s usage=02m04.887s user=02m04.346s sys=00.541s mem=144MiB roottime=124.340s load=1.00 rootload=1.00
ramon: poll                 wall=02m06.002s usage=02m05.888s user=02m05.347s sys=00.541s mem=144MiB roottime=125.340s load=1.00 rootload=1.00
ramon: poll                 wall=02m07.000s usage=02m06.885s user=02m06.345s sys=00.541s mem=144MiB roottime=126.340s load=1.00 rootload=1.00
ramon: poll                 wall=02m08.000s usage=02m07.886s user=02m07.345s sys=00.541s mem=144MiB roottime=127.340s load=1.00 rootload=1.00
ramon: poll                 wall=02m09.002s usage=02m08.887s user=02m08.340s sys=00.547s mem=144MiB roottime=128.340s load=1.00 rootload=1.00
ramon: poll                 wall=02m10.000s usage=02m09.885s user=02m09.333s sys=00.552s mem=145MiB roottime=129.330s load=1.00 rootload=0.99
ramon: poll                 wall=02m11.000s usage=02m10.885s user=02m10.329s sys=00.556s mem=146MiB roottime=130.320s load=1.00 rootload=0.99
ramon: poll                 wall=02m12.002s usage=02m11.886s user=02m11.321s sys=00.565s mem=147MiB roottime=131.320s load=1.00 rootload=1.00
ramon: poll                 wall=02m13.000s usage=02m12.884s user=02m12.312s sys=00.572s mem=148MiB roottime=132.310s load=1.00 rootload=0.99
ramon: poll                 wall=02m14.003s usage=02m13.887s user=02m13.310s sys=00.577s mem=148MiB roottime=133.310s load=1.00 rootload=1.00
ramon: poll                 wall=02m15.004s usage=02m14.887s user=02m14.302s sys=00.586s mem=149MiB roottime=134.300s load=1.00 rootload=0.99
ramon: poll                 wall=02m16.004s usage=02m15.887s user=02m15.295s sys=00.593s mem=150MiB roottime=135.290s load=1.00 rootload=0.99
ramon: poll                 wall=02m17.000s usage=02m16.883s user=02m16.285s sys=00.598s mem=151MiB roottime=136.280s load=1.00 rootload=0.99
ramon: poll                 wall=02m18.000s usage=02m17.883s user=02m17.282s sys=00.601s mem=151MiB roottime=137.280s load=1.00 rootload=1.00
ramon: poll                 wall=02m19.000s usage=02m18.883s user=02m18.277s sys=00.606s mem=153MiB roottime=138.270s load=1.00 rootload=0.99
ramon: poll                 wall=02m20.000s usage=02m19.882s user=02m19.277s sys=00.606s mem=153MiB roottime=139.270s load=1.00 rootload=1.00
ramon: poll                 wall=02m21.000s usage=02m20.883s user=02m20.277s sys=00.606s mem=153MiB roottime=140.270s load=1.00 rootload=1.00
ramon: poll                 wall=02m22.000s usage=02m21.883s user=02m21.277s sys=00.606s mem=153MiB roottime=141.270s load=1.00 rootload=1.00
ramon: poll                 wall=02m23.000s usage=02m22.882s user=02m22.276s sys=00.606s mem=153MiB roottime=142.270s load=1.00 rootload=1.00
ramon: poll                 wall=02m24.004s usage=02m23.884s user=02m23.277s sys=00.608s mem=153MiB roottime=143.270s load=1.00 rootload=1.00
ramon: poll                 wall=02m25.000s usage=02m24.881s user=02m24.272s sys=00.609s mem=153MiB roottime=144.270s load=1.00 rootload=1.00
ramon: poll                 wall=02m26.000s usage=02m25.881s user=02m25.267s sys=00.614s mem=154MiB roottime=145.260s load=1.00 rootload=0.99
ramon: poll                 wall=02m27.005s usage=02m26.885s user=02m26.268s sys=00.617s mem=154MiB roottime=146.260s load=1.00 rootload=1.00
ramon: poll                 wall=02m28.004s usage=02m27.883s user=02m27.265s sys=00.619s mem=154MiB roottime=147.260s load=1.00 rootload=1.00
ramon: poll                 wall=02m29.000s usage=02m28.879s user=02m28.248s sys=00.631s mem=155MiB roottime=148.240s load=1.00 rootload=0.98
ramon: poll                 wall=02m30.001s usage=02m29.879s user=02m29.248s sys=00.631s mem=155MiB roottime=149.240s load=1.00 rootload=1.00
ramon: poll                 wall=02m31.002s usage=02m30.880s user=02m30.248s sys=00.632s mem=155MiB roottime=150.240s load=1.00 rootload=1.00
ramon: poll                 wall=02m32.002s usage=02m31.879s user=02m31.245s sys=00.635s mem=156MiB roottime=151.240s load=1.00 rootload=1.00
ramon: poll                 wall=02m33.000s usage=02m32.877s user=02m32.240s sys=00.637s mem=157MiB roottime=152.240s load=1.00 rootload=1.00
ramon: poll                 wall=02m34.003s usage=02m33.879s user=02m33.242s sys=00.638s mem=157MiB roottime=153.240s load=1.00 rootload=1.00
ramon: poll                 wall=02m35.004s usage=02m34.880s user=02m34.237s sys=00.643s mem=158MiB roottime=154.230s load=1.00 rootload=0.99
ramon: poll                 wall=02m36.002s usage=02m35.878s user=02m35.233s sys=00.645s mem=158MiB roottime=155.230s load=1.00 rootload=1.00
ramon: poll                 wall=02m37.008s usage=02m36.884s user=02m36.224s sys=00.660s mem=163MiB roottime=156.220s load=1.00 rootload=0.98
ramon: poll                 wall=02m38.004s usage=02m37.879s user=02m37.220s sys=00.660s mem=163MiB roottime=157.210s load=1.00 rootload=0.99
ramon: poll                 wall=02m39.003s usage=02m38.878s user=02m38.208s sys=00.670s mem=164MiB roottime=158.200s load=1.00 rootload=0.99
ramon: poll                 wall=02m40.002s usage=02m39.877s user=02m39.204s sys=00.673s mem=165MiB roottime=159.200s load=1.00 rootload=1.00
ramon: poll                 wall=02m41.003s usage=02m40.878s user=02m40.202s sys=00.676s mem=165MiB roottime=160.200s load=1.00 rootload=1.00
ramon: poll                 wall=02m42.002s usage=02m41.877s user=02m41.199s sys=00.678s mem=166MiB roottime=161.190s load=1.00 rootload=0.99
ramon: poll                 wall=02m43.004s usage=02m42.878s user=02m42.199s sys=00.680s mem=167MiB roottime=162.190s load=1.00 rootload=1.00
ramon: poll                 wall=02m44.003s usage=02m43.877s user=02m43.196s sys=00.682s mem=167MiB roottime=163.190s load=1.00 rootload=1.00
ramon: poll                 wall=02m45.000s usage=02m44.875s user=02m44.188s sys=00.687s mem=168MiB roottime=164.180s load=1.00 rootload=0.99
ramon: poll                 wall=02m46.003s usage=02m45.877s user=02m45.181s sys=00.696s mem=169MiB roottime=165.180s load=1.00 rootload=1.00
ramon: poll                 wall=02m47.004s usage=02m46.878s user=02m46.177s sys=00.701s mem=170MiB roottime=166.170s load=1.00 rootload=0.99
ramon: poll                 wall=02m48.004s usage=02m47.878s user=02m47.174s sys=00.704s mem=170MiB roottime=167.170s load=1.00 rootload=1.00
ramon: poll                 wall=02m49.000s usage=02m48.875s user=02m48.167s sys=00.708s mem=171MiB roottime=168.160s load=1.00 rootload=0.99
ramon: poll                 wall=02m50.004s usage=02m49.877s user=02m49.168s sys=00.710s mem=172MiB roottime=169.160s load=1.00 rootload=1.00
ramon: poll                 wall=02m51.003s usage=02m50.876s user=02m50.166s sys=00.710s mem=172MiB roottime=170.160s load=1.00 rootload=1.00
ramon: poll                 wall=02m52.004s usage=02m51.877s user=02m51.162s sys=00.715s mem=173MiB roottime=171.160s load=1.00 rootload=1.00
ramon: poll                 wall=02m53.000s usage=02m52.873s user=02m52.159s sys=00.715s mem=173MiB roottime=172.150s load=1.00 rootload=0.99
ramon: poll                 wall=02m54.004s usage=02m53.876s user=02m53.159s sys=00.717s mem=173MiB roottime=173.150s load=1.00 rootload=1.00
ramon: poll                 wall=02m55.000s usage=02m54.873s user=02m54.147s sys=00.726s mem=174MiB roottime=174.140s load=1.00 rootload=0.99
ramon: poll                 wall=02m56.000s usage=02m55.872s user=02m55.143s sys=00.729s mem=174MiB roottime=175.140s load=1.00 rootload=1.00
ramon: poll                 wall=02m57.003s usage=02m56.874s user=02m56.136s sys=00.738s mem=175MiB roottime=176.130s load=1.00 rootload=0.99
ramon: poll                 wall=02m58.000s usage=02m57.871s user=02m57.122s sys=00.749s mem=177MiB roottime=177.120s load=1.00 rootload=0.99
ramon: poll                 wall=02m59.003s usage=02m58.873s user=02m58.122s sys=00.752s mem=177MiB roottime=178.120s load=1.00 rootload=1.00
ramon: poll                 wall=03m00.002s usage=02m59.872s user=02m59.119s sys=00.753s mem=178MiB roottime=179.110s load=1.00 rootload=0.99
ramon: poll                 wall=03m01.004s usage=03m00.873s user=03m00.119s sys=00.755s mem=178MiB roottime=180.110s load=1.00 rootload=1.00
ramon: poll                 wall=03m02.006s usage=03m01.875s user=03m01.114s sys=00.761s mem=178MiB roottime=181.110s load=1.00 rootload=1.00
ramon: poll                 wall=03m03.004s usage=03m02.873s user=03m02.105s sys=00.768s mem=179MiB roottime=182.100s load=1.00 rootload=0.99
ramon: poll                 wall=03m04.004s usage=03m03.873s user=03m03.103s sys=00.770s mem=179MiB roottime=183.100s load=1.00 rootload=1.00
ramon: poll                 wall=03m05.000s usage=03m04.868s user=03m04.096s sys=00.772s mem=179MiB roottime=184.090s load=1.00 rootload=0.99
ramon: poll                 wall=03m06.000s usage=03m05.868s user=03m05.085s sys=00.784s mem=181MiB roottime=185.080s load=1.00 rootload=0.99
ramon: poll                 wall=03m07.001s usage=03m06.868s user=03m06.077s sys=00.791s mem=182MiB roottime=186.070s load=1.00 rootload=0.99
ramon: poll                 wall=03m08.005s usage=03m07.872s user=03m07.081s sys=00.791s mem=182MiB roottime=187.080s load=1.00 rootload=1.01
ramon: poll                 wall=03m09.002s usage=03m08.869s user=03m08.075s sys=00.794s mem=182MiB roottime=188.070s load=1.00 rootload=0.99
ramon: poll                 wall=03m10.002s usage=03m09.869s user=03m09.073s sys=00.796s mem=182MiB roottime=189.070s load=1.00 rootload=1.00
ramon: poll                 wall=03m11.000s usage=03m10.866s user=03m10.068s sys=00.799s mem=183MiB roottime=190.060s load=1.00 rootload=0.99
ramon: poll                 wall=03m12.000s usage=03m11.866s user=03m11.061s sys=00.805s mem=183MiB roottime=191.060s load=1.00 rootload=1.00
ramon: poll                 wall=03m13.003s usage=03m12.869s user=03m12.062s sys=00.807s mem=184MiB roottime=192.060s load=1.00 rootload=1.00
ramon: poll                 wall=03m14.004s usage=03m13.870s user=03m13.063s sys=00.807s mem=184MiB roottime=193.060s load=1.00 rootload=1.00
ramon: poll                 wall=03m15.004s usage=03m14.868s user=03m14.057s sys=00.811s mem=185MiB roottime=194.050s load=1.00 rootload=0.99
ramon: poll                 wall=03m16.004s usage=03m15.866s user=03m15.038s sys=00.828s mem=186MiB roottime=195.030s load=1.00 rootload=0.98
ramon: poll                 wall=03m17.000s usage=03m16.861s user=03m16.023s sys=00.838s mem=187MiB roottime=196.020s load=1.00 rootload=0.99
ramon: poll                 wall=03m18.002s usage=03m17.861s user=03m17.022s sys=00.839s mem=187MiB roottime=197.020s load=1.00 rootload=1.00
ramon: poll                 wall=03m19.004s usage=03m18.861s user=03m18.016s sys=00.845s mem=188MiB roottime=198.010s load=1.00 rootload=0.99
ramon: poll                 wall=03m20.002s usage=03m19.856s user=03m19.010s sys=00.847s mem=188MiB roottime=199.000s load=1.00 rootload=0.99
ramon: poll                 wall=03m21.002s usage=03m20.855s user=03m20.000s sys=00.855s mem=189MiB roottime=200.000s load=1.00 rootload=1.00
ramon: poll                 wall=03m22.000s usage=03m21.852s user=03m20.993s sys=00.859s mem=190MiB roottime=200.990s load=1.00 rootload=0.99
ramon: poll                 wall=03m23.003s usage=03m22.852s user=03m21.993s sys=00.859s mem=190MiB roottime=201.990s load=1.00 rootload=1.00
ramon: poll                 wall=03m24.002s usage=03m23.849s user=03m22.978s sys=00.871s mem=191MiB roottime=202.970s load=1.00 rootload=0.98
ramon: poll                 wall=03m25.002s usage=03m24.848s user=03m23.977s sys=00.871s mem=191MiB roottime=203.970s load=1.00 rootload=1.00
ramon: poll                 wall=03m26.003s usage=03m25.847s user=03m24.972s sys=00.875s mem=192MiB roottime=204.970s load=1.00 rootload=1.00
ramon: poll                 wall=03m27.006s usage=03m26.848s user=03m25.973s sys=00.875s mem=192MiB roottime=205.970s load=1.00 rootload=1.00
ramon: poll                 wall=03m28.000s usage=03m27.840s user=03m26.962s sys=00.879s mem=192MiB roottime=206.960s load=1.00 rootload=1.00
ramon: poll                 wall=03m29.000s usage=03m28.838s user=03m27.955s sys=00.884s mem=193MiB roottime=207.950s load=1.00 rootload=0.99
ramon: poll                 wall=03m30.004s usage=03m29.840s user=03m28.954s sys=00.887s mem=193MiB roottime=208.950s load=1.00 rootload=1.00
ramon: poll                 wall=03m31.000s usage=03m30.834s user=03m29.947s sys=00.888s mem=193MiB roottime=209.940s load=1.00 rootload=0.99
ramon: poll                 wall=03m32.003s usage=03m31.836s user=03m30.942s sys=00.894s mem=194MiB roottime=210.940s load=1.00 rootload=1.00
ramon: poll                 wall=03m33.004s usage=03m32.834s user=03m31.938s sys=00.896s mem=194MiB roottime=211.930s load=1.00 rootload=0.99
ramon: poll                 wall=03m34.003s usage=03m33.831s user=03m32.935s sys=00.897s mem=195MiB roottime=212.930s load=1.00 rootload=1.00
ramon: poll                 wall=03m35.003s usage=03m34.830s user=03m33.933s sys=00.897s mem=195MiB roottime=213.930s load=1.00 rootload=1.00
ramon: poll                 wall=03m36.004s usage=03m35.829s user=03m34.930s sys=00.899s mem=195MiB roottime=214.930s load=1.00 rootload=1.00
ramon: poll                 wall=03m37.004s usage=03m36.827s user=03m35.921s sys=00.906s mem=196MiB roottime=215.920s load=1.00 rootload=0.99
ramon: poll                 wall=03m38.004s usage=03m37.825s user=03m36.917s sys=00.908s mem=196MiB roottime=216.910s load=1.00 rootload=0.99
ramon: poll                 wall=03m39.003s usage=03m38.823s user=03m37.914s sys=00.909s mem=197MiB roottime=217.910s load=1.00 rootload=1.00
ramon: poll                 wall=03m40.003s usage=03m39.822s user=03m38.909s sys=00.913s mem=197MiB roottime=218.900s load=1.00 rootload=0.99
ramon: poll                 wall=03m41.004s usage=03m40.823s user=03m39.905s sys=00.918s mem=198MiB roottime=219.900s load=1.00 rootload=1.00
ramon: poll                 wall=03m42.004s usage=03m41.823s user=03m40.899s sys=00.924s mem=198MiB roottime=220.890s load=1.00 rootload=0.99
ramon: poll                 wall=03m43.004s usage=03m42.822s user=03m41.895s sys=00.928s mem=199MiB roottime=221.890s load=1.00 rootload=1.00
ramon: poll                 wall=03m44.003s usage=03m43.821s user=03m42.887s sys=00.934s mem=199MiB roottime=222.880s load=1.00 rootload=0.99
ramon: poll                 wall=03m45.002s usage=03m44.819s user=03m43.883s sys=00.937s mem=199MiB roottime=223.880s load=1.00 rootload=1.00
ramon: poll                 wall=03m46.000s usage=03m45.815s user=03m44.871s sys=00.945s mem=200MiB roottime=224.870s load=1.00 rootload=0.99
ramon: poll                 wall=03m47.000s usage=03m46.814s user=03m45.865s sys=00.949s mem=201MiB roottime=225.860s load=1.00 rootload=0.99
ramon: poll                 wall=03m48.002s usage=03m47.814s user=03m46.861s sys=00.953s mem=201MiB roottime=226.860s load=1.00 rootload=1.00
ramon: poll                 wall=03m49.003s usage=03m48.813s user=03m47.858s sys=00.955s mem=201MiB roottime=227.850s load=1.00 rootload=0.99
ramon: poll                 wall=03m50.004s usage=03m49.812s user=03m48.854s sys=00.958s mem=202MiB roottime=228.850s load=1.00 rootload=1.00
ramon: poll                 wall=03m51.002s usage=03m50.808s user=03m49.844s sys=00.964s mem=202MiB roottime=229.840s load=1.00 rootload=0.99
ramon: poll                 wall=03m52.000s usage=03m51.804s user=03m50.836s sys=00.968s mem=203MiB roottime=230.830s load=1.00 rootload=0.99
ramon: poll                 wall=03m53.004s usage=03m52.806s user=03m51.833s sys=00.973s mem=203MiB roottime=231.830s load=1.00 rootload=1.00
ramon: poll                 wall=03m54.000s usage=03m53.800s user=03m52.824s sys=00.976s mem=203MiB roottime=232.820s load=1.00 rootload=0.99
ramon: poll                 wall=03m55.000s usage=03m54.799s user=03m53.822s sys=00.978s mem=204MiB roottime=233.820s load=1.00 rootload=1.00
ramon: poll                 wall=03m56.000s usage=03m55.799s user=03m54.819s sys=00.980s mem=204MiB roottime=234.820s load=1.00 rootload=1.00
ramon: poll                 wall=03m57.000s usage=03m56.799s user=03m55.812s sys=00.987s mem=205MiB roottime=235.810s load=1.00 rootload=0.99
ramon: poll                 wall=03m58.000s usage=03m57.798s user=03m56.808s sys=00.991s mem=206MiB roottime=236.800s load=1.00 rootload=0.99
ramon: poll                 wall=03m59.000s usage=03m58.799s user=03m57.804s sys=00.995s mem=206MiB roottime=237.800s load=1.00 rootload=1.00
ramon: poll                 wall=04m00.000s usage=03m59.798s user=03m58.803s sys=00.996s mem=206MiB roottime=238.800s load=1.00 rootload=1.00
ramon: poll                 wall=04m01.000s usage=04m00.797s user=03m59.791s sys=01.006s mem=208MiB roottime=239.790s load=1.00 rootload=0.99
ramon: poll                 wall=04m02.000s usage=04m01.796s user=04m00.786s sys=01.010s mem=209MiB roottime=240.780s load=1.00 rootload=0.99
ramon: poll                 wall=04m03.000s usage=04m02.794s user=04m01.783s sys=01.011s mem=209MiB roottime=241.780s load=1.00 rootload=1.00
ramon: poll                 wall=04m04.000s usage=04m03.792s user=04m02.777s sys=01.015s mem=209MiB roottime=242.770s load=1.00 rootload=0.99
ramon: poll                 wall=04m05.000s usage=04m04.789s user=04m03.768s sys=01.021s mem=210MiB roottime=243.760s load=1.00 rootload=0.99
ramon: poll                 wall=04m06.000s usage=04m05.787s user=04m04.767s sys=01.021s mem=210MiB roottime=244.760s load=1.00 rootload=1.00
ramon: poll                 wall=04m07.000s usage=04m06.786s user=04m05.761s sys=01.025s mem=210MiB roottime=245.760s load=1.00 rootload=1.00
ramon: poll                 wall=04m08.000s usage=04m07.784s user=04m06.758s sys=01.026s mem=211MiB roottime=246.750s load=1.00 rootload=0.99
ramon: poll                 wall=04m09.000s usage=04m08.782s user=04m07.753s sys=01.029s mem=211MiB roottime=247.750s load=1.00 rootload=1.00
ramon: poll                 wall=04m10.000s usage=04m09.779s user=04m08.746s sys=01.034s mem=211MiB roottime=248.740s load=1.00 rootload=0.99
ramon: poll                 wall=04m11.000s usage=04m10.778s user=04m09.742s sys=01.036s mem=212MiB roottime=249.740s load=1.00 rootload=1.00
ramon: poll                 wall=04m12.000s usage=04m11.774s user=04m10.737s sys=01.037s mem=212MiB roottime=250.730s load=1.00 rootload=0.99
ramon: poll                 wall=04m13.000s usage=04m12.773s user=04m11.734s sys=01.039s mem=212MiB roottime=251.730s load=1.00 rootload=1.00
ramon: poll                 wall=04m14.000s usage=04m13.771s user=04m12.730s sys=01.041s mem=213MiB roottime=252.730s load=1.00 rootload=1.00
ramon: poll                 wall=04m15.000s usage=04m14.768s user=04m13.727s sys=01.041s mem=213MiB roottime=253.720s load=1.00 rootload=0.99
ramon: poll                 wall=04m16.000s usage=04m15.767s user=04m14.726s sys=01.042s mem=213MiB roottime=254.720s load=1.00 rootload=1.00
ramon: poll                 wall=04m17.000s usage=04m16.765s user=04m15.724s sys=01.042s mem=213MiB roottime=255.720s load=1.00 rootload=1.00
ramon: poll                 wall=04m18.000s usage=04m17.763s user=04m16.721s sys=01.043s mem=213MiB roottime=256.720s load=1.00 rootload=1.00
ramon: poll                 wall=04m19.000s usage=04m18.761s user=04m17.716s sys=01.046s mem=213MiB roottime=257.710s load=1.00 rootload=0.99
ramon: poll                 wall=04m20.000s usage=04m19.759s user=04m18.709s sys=01.051s mem=214MiB roottime=258.700s load=1.00 rootload=0.99
ramon: poll                 wall=04m21.000s usage=04m20.756s user=04m19.705s sys=01.052s mem=214MiB roottime=259.700s load=1.00 rootload=1.00
ramon: poll                 wall=04m22.000s usage=04m21.755s user=04m20.695s sys=01.061s mem=214MiB roottime=260.690s load=1.00 rootload=0.99
ramon: poll                 wall=04m23.000s usage=04m22.754s user=04m21.689s sys=01.065s mem=215MiB roottime=261.680s load=1.00 rootload=0.99
ramon: poll                 wall=04m24.000s usage=04m23.752s user=04m22.678s sys=01.074s mem=216MiB roottime=262.670s load=1.00 rootload=0.99
ramon: poll                 wall=04m25.000s usage=04m24.748s user=04m23.674s sys=01.075s mem=216MiB roottime=263.670s load=1.00 rootload=1.00
ramon: poll                 wall=04m26.000s usage=04m25.746s user=04m24.666s sys=01.081s mem=217MiB roottime=264.660s load=1.00 rootload=0.99
ramon: poll                 wall=04m27.003s usage=04m26.747s user=04m25.665s sys=01.083s mem=217MiB roottime=265.660s load=1.00 rootload=1.00
ramon: poll                 wall=04m28.000s usage=04m27.743s user=04m26.661s sys=01.083s mem=217MiB roottime=266.660s load=1.00 rootload=1.00
ramon: poll                 wall=04m29.000s usage=04m28.741s user=04m27.659s sys=01.083s mem=217MiB roottime=267.650s load=1.00 rootload=0.99
ramon: poll                 wall=04m30.000s usage=04m29.739s user=04m28.654s sys=01.086s mem=218MiB roottime=268.650s load=1.00 rootload=1.00
ramon: poll                 wall=04m31.000s usage=04m30.737s user=04m29.647s sys=01.091s mem=218MiB roottime=269.640s load=1.00 rootload=0.99
ramon: poll                 wall=04m32.000s usage=04m31.735s user=04m30.635s sys=01.101s mem=219MiB roottime=270.630s load=1.00 rootload=0.99
ramon: poll                 wall=04m33.000s usage=04m32.733s user=04m31.629s sys=01.104s mem=219MiB roottime=271.630s load=1.00 rootload=1.00
ramon: poll                 wall=04m34.000s usage=04m33.732s user=04m32.621s sys=01.111s mem=220MiB roottime=272.620s load=1.00 rootload=0.99
ramon: poll                 wall=04m35.000s usage=04m34.729s user=04m33.612s sys=01.117s mem=220MiB roottime=273.610s load=1.00 rootload=0.99
ramon: poll                 wall=04m36.000s usage=04m35.727s user=04m34.605s sys=01.123s mem=221MiB roottime=274.600s load=1.00 rootload=0.99
ramon: poll                 wall=04m37.001s usage=04m36.725s user=04m35.601s sys=01.125s mem=221MiB roottime=275.600s load=1.00 rootload=1.00
ramon: poll                 wall=04m38.000s usage=04m37.725s user=04m36.596s sys=01.129s mem=222MiB roottime=276.590s load=1.00 rootload=0.99
ramon: poll                 wall=04m39.000s usage=04m38.724s user=04m37.592s sys=01.133s mem=222MiB roottime=277.590s load=1.00 rootload=1.00
ramon: poll                 wall=04m40.000s usage=04m39.724s user=04m38.591s sys=01.134s mem=223MiB roottime=278.590s load=1.00 rootload=1.00
ramon: poll                 wall=04m41.000s usage=04m40.723s user=04m39.589s sys=01.135s mem=223MiB roottime=279.580s load=1.00 rootload=0.99
ramon: poll                 wall=04m42.000s usage=04m41.723s user=04m40.584s sys=01.140s mem=223MiB roottime=280.580s load=1.00 rootload=1.00
ramon: poll                 wall=04m43.000s usage=04m42.723s user=04m41.583s sys=01.141s mem=224MiB roottime=281.580s load=1.00 rootload=1.00
ramon: poll                 wall=04m44.000s usage=04m43.723s user=04m42.575s sys=01.148s mem=224MiB roottime=282.570s load=1.00 rootload=0.99
ramon: poll                 wall=04m45.000s usage=04m44.722s user=04m43.569s sys=01.153s mem=224MiB roottime=283.560s load=1.00 rootload=0.99
ramon: poll                 wall=04m46.000s usage=04m45.721s user=04m44.568s sys=01.154s mem=225MiB roottime=284.560s load=1.00 rootload=1.00
ramon: poll                 wall=04m47.000s usage=04m46.721s user=04m45.563s sys=01.158s mem=225MiB roottime=285.560s load=1.00 rootload=1.00
ramon: poll                 wall=04m48.000s usage=04m47.720s user=04m46.558s sys=01.163s mem=225MiB roottime=286.550s load=1.00 rootload=0.99
ramon: poll                 wall=04m49.000s usage=04m48.719s user=04m47.550s sys=01.169s mem=225MiB roottime=287.550s load=1.00 rootload=1.00
ramon: poll                 wall=04m50.000s usage=04m49.720s user=04m48.549s sys=01.171s mem=225MiB roottime=288.540s load=1.00 rootload=0.99
ramon: poll                 wall=04m51.000s usage=04m50.719s user=04m49.546s sys=01.172s mem=225MiB roottime=289.540s load=1.00 rootload=1.00
ramon: poll                 wall=04m52.000s usage=04m51.718s user=04m50.543s sys=01.174s mem=226MiB roottime=290.540s load=1.00 rootload=1.00
ramon: poll                 wall=04m53.000s usage=04m52.718s user=04m51.539s sys=01.179s mem=226MiB roottime=291.530s load=1.00 rootload=0.99
ramon: poll                 wall=04m54.000s usage=04m53.718s user=04m52.536s sys=01.182s mem=226MiB roottime=292.530s load=1.00 rootload=1.00
ramon: poll                 wall=04m55.000s usage=04m54.718s user=04m53.532s sys=01.185s mem=227MiB roottime=293.530s load=1.00 rootload=1.00
ramon: poll                 wall=04m56.000s usage=04m55.716s user=04m54.530s sys=01.186s mem=227MiB roottime=294.530s load=1.00 rootload=1.00
ramon: poll                 wall=04m57.000s usage=04m56.717s user=04m55.529s sys=01.187s mem=227MiB roottime=295.520s load=1.00 rootload=0.99
ramon: poll                 wall=04m58.000s usage=04m57.716s user=04m56.528s sys=01.187s mem=227MiB roottime=296.520s load=1.00 rootload=1.00
ramon: poll                 wall=04m59.000s usage=04m58.715s user=04m57.527s sys=01.188s mem=227MiB roottime=297.520s load=1.00 rootload=1.00
ramon: poll                 wall=05m00.004s usage=04m59.718s user=04m58.529s sys=01.189s mem=228MiB roottime=298.520s load=1.00 rootload=1.00
ramon: poll                 wall=05m01.000s usage=05m00.715s user=04m59.522s sys=01.192s mem=228MiB roottime=299.520s load=1.00 rootload=1.00
ramon: poll                 wall=05m02.000s usage=05m01.713s user=05m00.519s sys=01.194s mem=228MiB roottime=300.510s load=1.00 rootload=0.99
ramon: poll                 wall=05m03.000s usage=05m02.716s user=05m01.516s sys=01.200s mem=229MiB roottime=301.510s load=1.00 rootload=1.00
ramon: poll                 wall=05m04.000s usage=05m03.713s user=05m02.507s sys=01.206s mem=229MiB roottime=302.500s load=1.00 rootload=0.99
ramon: poll                 wall=05m05.000s usage=05m04.713s user=05m03.504s sys=01.208s mem=229MiB roottime=303.500s load=1.00 rootload=1.00
ramon: poll                 wall=05m06.001s usage=05m05.712s user=05m04.498s sys=01.214s mem=230MiB roottime=304.490s load=1.00 rootload=0.99
ramon: poll                 wall=05m07.000s usage=05m06.711s user=05m05.494s sys=01.217s mem=230MiB roottime=305.490s load=1.00 rootload=1.00
ramon: poll                 wall=05m08.000s usage=05m07.712s user=05m06.487s sys=01.224s mem=231MiB roottime=306.480s load=1.00 rootload=0.99
ramon: poll                 wall=05m09.000s usage=05m08.712s user=05m07.485s sys=01.226s mem=231MiB roottime=307.480s load=1.00 rootload=1.00
ramon: poll                 wall=05m10.000s usage=05m09.712s user=05m08.483s sys=01.228s mem=232MiB roottime=308.480s load=1.00 rootload=1.00
ramon: poll                 wall=05m11.003s usage=05m10.713s user=05m09.483s sys=01.230s mem=232MiB roottime=309.480s load=1.00 rootload=1.00
ramon: poll                 wall=05m12.000s usage=05m11.711s user=05m10.480s sys=01.230s mem=232MiB roottime=310.480s load=1.00 rootload=1.00
ramon: poll                 wall=05m13.000s usage=05m12.710s user=05m11.475s sys=01.235s mem=233MiB roottime=311.470s load=1.00 rootload=0.99
ramon: poll                 wall=05m14.000s usage=05m13.709s user=05m12.467s sys=01.242s mem=235MiB roottime=312.460s load=1.00 rootload=0.99
ramon: poll                 wall=05m15.000s usage=05m14.710s user=05m13.468s sys=01.242s mem=235MiB roottime=313.460s load=1.00 rootload=1.00
ramon: poll                 wall=05m16.001s usage=05m15.710s user=05m14.467s sys=01.242s mem=235MiB roottime=314.460s load=1.00 rootload=1.00
ramon: poll                 wall=05m17.000s usage=05m16.709s user=05m15.467s sys=01.242s mem=235MiB roottime=315.460s load=1.00 rootload=1.00
ramon: poll                 wall=05m18.001s usage=05m17.709s user=05m16.460s sys=01.249s mem=236MiB roottime=316.460s load=1.00 rootload=1.00
ramon: poll                 wall=05m19.000s usage=05m18.709s user=05m17.454s sys=01.254s mem=237MiB roottime=317.450s load=1.00 rootload=0.99
ramon: poll                 wall=05m20.003s usage=05m19.710s user=05m18.455s sys=01.255s mem=237MiB roottime=318.450s load=1.00 rootload=1.00
ramon: poll                 wall=05m21.005s usage=05m20.712s user=05m19.453s sys=01.258s mem=237MiB roottime=319.450s load=1.00 rootload=1.00
ramon: poll                 wall=05m22.000s usage=05m21.706s user=05m20.445s sys=01.261s mem=238MiB roottime=320.440s load=1.00 rootload=0.99
ramon: poll                 wall=05m23.000s usage=05m22.707s user=05m21.445s sys=01.262s mem=238MiB roottime=321.440s load=1.00 rootload=1.00
ramon: poll                 wall=05m24.004s usage=05m23.710s user=05m22.444s sys=01.265s mem=238MiB roottime=322.440s load=1.00 rootload=1.00
ramon: poll                 wall=05m25.002s usage=05m24.708s user=05m23.438s sys=01.269s mem=238MiB roottime=323.430s load=1.00 rootload=0.99
ramon: poll                 wall=05m26.002s usage=05m25.707s user=05m24.435s sys=01.272s mem=239MiB roottime=324.430s load=1.00 rootload=1.00
ramon: poll                 wall=05m27.000s usage=05m26.706s user=05m25.430s sys=01.275s mem=239MiB roottime=325.430s load=1.00 rootload=1.00
ramon: poll                 wall=05m28.003s usage=05m27.707s user=05m26.427s sys=01.280s mem=239MiB roottime=326.420s load=1.00 rootload=0.99
ramon: poll                 wall=05m29.003s usage=05m28.707s user=05m27.423s sys=01.283s mem=240MiB roottime=327.420s load=1.00 rootload=1.00
ramon: poll                 wall=05m30.002s usage=05m29.705s user=05m28.419s sys=01.286s mem=240MiB roottime=328.410s load=1.00 rootload=0.99
ramon: poll                 wall=05m31.000s usage=05m30.704s user=05m29.413s sys=01.291s mem=240MiB roottime=329.410s load=1.00 rootload=1.00
ramon: poll                 wall=05m32.000s usage=05m31.704s user=05m30.409s sys=01.294s mem=241MiB roottime=330.400s load=1.00 rootload=0.99
ramon: poll                 wall=05m33.003s usage=05m32.706s user=05m31.409s sys=01.296s mem=241MiB roottime=331.400s load=1.00 rootload=1.00
ramon: poll                 wall=05m34.000s usage=05m33.703s user=05m32.404s sys=01.299s mem=241MiB roottime=332.400s load=1.00 rootload=1.00
ramon: poll                 wall=05m35.000s usage=05m34.703s user=05m33.399s sys=01.304s mem=242MiB roottime=333.390s load=1.00 rootload=0.99
ramon: poll                 wall=05m36.000s usage=05m35.702s user=05m34.386s sys=01.316s mem=243MiB roottime=334.380s load=1.00 rootload=0.99
ramon: poll                 wall=05m37.005s usage=05m36.706s user=05m35.381s sys=01.325s mem=243MiB roottime=335.380s load=1.00 rootload=1.00
ramon: poll                 wall=05m38.001s usage=05m37.702s user=05m36.366s sys=01.335s mem=245MiB roottime=336.360s load=1.00 rootload=0.98
ramon: poll                 wall=05m39.000s usage=05m38.702s user=05m37.361s sys=01.340s mem=246MiB roottime=337.360s load=1.00 rootload=1.00
ramon: poll                 wall=05m40.002s usage=05m39.702s user=05m38.361s sys=01.341s mem=246MiB roottime=338.360s load=1.00 rootload=1.00
ramon: poll                 wall=05m41.000s usage=05m40.700s user=05m39.358s sys=01.341s mem=246MiB roottime=339.350s load=1.00 rootload=0.99
ramon: poll                 wall=05m42.002s usage=05m41.701s user=05m40.349s sys=01.352s mem=247MiB roottime=340.340s load=1.00 rootload=0.99
ramon: poll                 wall=05m43.000s usage=05m42.700s user=05m41.338s sys=01.362s mem=248MiB roottime=341.330s load=1.00 rootload=0.99
ramon: poll                 wall=05m44.001s usage=05m43.700s user=05m42.335s sys=01.365s mem=249MiB roottime=342.330s load=1.00 rootload=1.00
ramon: poll                 wall=05m45.003s usage=05m44.702s user=05m43.330s sys=01.371s mem=250MiB roottime=343.330s load=1.00 rootload=1.00
ramon: poll                 wall=05m46.000s usage=05m45.699s user=05m44.323s sys=01.376s mem=250MiB roottime=344.320s load=1.00 rootload=0.99
ramon: poll                 wall=05m47.000s usage=05m46.699s user=05m45.316s sys=01.382s mem=250MiB roottime=345.310s load=1.00 rootload=0.99
ramon: poll                 wall=05m48.000s usage=05m47.698s user=05m46.314s sys=01.384s mem=251MiB roottime=346.310s load=1.00 rootload=1.00
ramon: poll                 wall=05m49.000s usage=05m48.698s user=05m47.311s sys=01.386s mem=251MiB roottime=347.310s load=1.00 rootload=1.00
ramon: poll                 wall=05m50.004s usage=05m49.701s user=05m48.312s sys=01.388s mem=251MiB roottime=348.310s load=1.00 rootload=1.00
ramon: poll                 wall=05m51.000s usage=05m50.696s user=05m49.307s sys=01.389s mem=251MiB roottime=349.300s load=1.00 rootload=0.99
ramon: poll                 wall=05m52.000s usage=05m51.696s user=05m50.304s sys=01.391s mem=252MiB roottime=350.300s load=1.00 rootload=1.00
ramon: poll                 wall=05m53.004s usage=05m52.700s user=05m51.304s sys=01.395s mem=252MiB roottime=351.300s load=1.00 rootload=1.00
ramon: poll                 wall=05m54.000s usage=05m53.697s user=05m52.300s sys=01.396s mem=252MiB roottime=352.300s load=1.00 rootload=1.00
ramon: poll                 wall=05m55.004s usage=05m54.699s user=05m53.302s sys=01.397s mem=253MiB roottime=353.300s load=1.00 rootload=1.00
ramon: poll                 wall=05m56.001s usage=05m55.696s user=05m54.298s sys=01.398s mem=253MiB roottime=354.290s load=1.00 rootload=0.99
ramon: poll                 wall=05m57.002s usage=05m56.697s user=05m55.297s sys=01.399s mem=253MiB roottime=355.290s load=1.00 rootload=1.00
ramon: poll                 wall=05m58.000s usage=05m57.695s user=05m56.293s sys=01.402s mem=253MiB roottime=356.290s load=1.00 rootload=1.00
ramon: poll                 wall=05m59.000s usage=05m58.695s user=05m57.285s sys=01.409s mem=254MiB roottime=357.280s load=1.00 rootload=0.99
ramon: poll                 wall=06m00.003s usage=05m59.696s user=05m58.284s sys=01.412s mem=254MiB roottime=358.280s load=1.00 rootload=1.00
ramon: poll                 wall=06m01.000s usage=06m00.694s user=05m59.281s sys=01.413s mem=254MiB roottime=359.280s load=1.00 rootload=1.00
ramon: poll                 wall=06m02.001s usage=06m01.694s user=06m00.278s sys=01.415s mem=255MiB roottime=360.270s load=1.00 rootload=0.99
ramon: poll                 wall=06m03.000s usage=06m02.693s user=06m01.278s sys=01.415s mem=255MiB roottime=361.270s load=1.00 rootload=1.00
ramon: poll                 wall=06m04.005s usage=06m03.697s user=06m02.282s sys=01.415s mem=255MiB roottime=362.280s load=1.00 rootload=1.01
ramon: poll                 wall=06m05.006s usage=06m04.698s user=06m03.281s sys=01.417s mem=255MiB roottime=363.280s load=1.00 rootload=1.00
ramon: poll                 wall=06m06.000s usage=06m05.693s user=06m04.274s sys=01.418s mem=255MiB roottime=364.270s load=1.00 rootload=1.00
ramon: poll                 wall=06m07.004s usage=06m06.696s user=06m05.260s sys=01.435s mem=260MiB roottime=365.260s load=1.00 rootload=0.99
ramon: poll                 wall=06m08.002s usage=06m07.693s user=06m06.258s sys=01.435s mem=260MiB roottime=366.250s load=1.00 rootload=0.99
ramon: poll                 wall=06m09.003s usage=06m08.694s user=06m07.259s sys=01.435s mem=260MiB roottime=367.250s load=1.00 rootload=1.00
ramon: poll                 wall=06m10.000s usage=06m09.692s user=06m08.257s sys=01.435s mem=260MiB roottime=368.250s load=1.00 rootload=1.00
ramon: poll                 wall=06m11.003s usage=06m10.694s user=06m09.258s sys=01.435s mem=260MiB roottime=369.250s load=1.00 rootload=1.00
ramon: poll                 wall=06m12.004s usage=06m11.695s user=06m10.259s sys=01.435s mem=260MiB roottime=370.250s load=1.00 rootload=1.00
ramon: poll                 wall=06m13.000s usage=06m12.691s user=06m11.255s sys=01.436s mem=260MiB roottime=371.250s load=1.00 rootload=1.00
ramon: poll                 wall=06m14.003s usage=06m13.693s user=06m12.257s sys=01.436s mem=260MiB roottime=372.250s load=1.00 rootload=1.00
ramon: poll                 wall=06m15.004s usage=06m14.694s user=06m13.258s sys=01.436s mem=260MiB roottime=373.250s load=1.00 rootload=1.00
ramon: poll                 wall=06m16.000s usage=06m15.691s user=06m14.254s sys=01.436s mem=261MiB roottime=374.250s load=1.00 rootload=1.00
ramon: poll                 wall=06m17.002s usage=06m16.691s user=06m15.250s sys=01.441s mem=261MiB roottime=375.250s load=1.00 rootload=1.00
ramon: poll                 wall=06m18.003s usage=06m17.692s user=06m16.245s sys=01.446s mem=262MiB roottime=376.240s load=1.00 rootload=0.99
ramon: poll                 wall=06m19.004s usage=06m18.692s user=06m17.243s sys=01.449s mem=262MiB roottime=377.240s load=1.00 rootload=1.00
ramon: poll                 wall=06m20.000s usage=06m19.689s user=06m18.238s sys=01.450s mem=262MiB roottime=378.230s load=1.00 rootload=0.99
ramon: poll                 wall=06m21.003s usage=06m20.691s user=06m19.237s sys=01.453s mem=263MiB roottime=379.230s load=1.00 rootload=1.00
ramon: poll                 wall=06m22.000s usage=06m21.688s user=06m20.235s sys=01.453s mem=263MiB roottime=380.230s load=1.00 rootload=1.00
ramon: poll                 wall=06m23.005s usage=06m22.692s user=06m21.227s sys=01.464s mem=264MiB roottime=381.220s load=1.00 rootload=0.99
ramon: poll                 wall=06m24.000s usage=06m23.687s user=06m22.216s sys=01.471s mem=264MiB roottime=382.210s load=1.00 rootload=0.99
ramon: poll                 wall=06m25.004s usage=06m24.690s user=06m23.210s sys=01.480s mem=265MiB roottime=383.200s load=1.00 rootload=0.99
ramon: poll                 wall=06m26.000s usage=06m25.685s user=06m24.195s sys=01.490s mem=267MiB roottime=384.190s load=1.00 rootload=0.99
ramon: poll                 wall=06m27.003s usage=06m26.688s user=06m25.193s sys=01.495s mem=267MiB roottime=385.190s load=1.00 rootload=1.00
ramon: poll                 wall=06m28.003s usage=06m27.688s user=06m26.188s sys=01.499s mem=268MiB roottime=386.180s load=1.00 rootload=0.99
ramon: poll                 wall=06m29.000s usage=06m28.685s user=06m27.185s sys=01.500s mem=268MiB roottime=387.180s load=1.00 rootload=1.00
ramon: poll                 wall=06m30.003s usage=06m29.687s user=06m28.182s sys=01.505s mem=269MiB roottime=388.180s load=1.00 rootload=1.00
ramon: poll                 wall=06m31.002s usage=06m30.686s user=06m29.177s sys=01.509s mem=269MiB roottime=389.170s load=1.00 rootload=0.99
ramon: poll                 wall=06m32.004s usage=06m31.688s user=06m30.169s sys=01.518s mem=270MiB roottime=390.160s load=1.00 rootload=0.99
ramon: poll                 wall=06m33.000s usage=06m32.685s user=06m31.162s sys=01.522s mem=271MiB roottime=391.160s load=1.00 rootload=1.00
ramon: poll                 wall=06m34.003s usage=06m33.686s user=06m32.163s sys=01.523s mem=271MiB roottime=392.160s load=1.00 rootload=1.00
ramon: poll                 wall=06m35.003s usage=06m34.686s user=06m33.160s sys=01.525s mem=271MiB roottime=393.160s load=1.00 rootload=1.00
ramon: poll                 wall=06m36.005s usage=06m35.687s user=06m34.152s sys=01.535s mem=272MiB roottime=394.150s load=1.00 rootload=0.99
ramon: poll                 wall=06m37.000s usage=06m36.682s user=06m35.138s sys=01.544s mem=273MiB roottime=395.130s load=1.00 rootload=0.98
ramon: poll                 wall=06m38.002s usage=06m37.683s user=06m36.138s sys=01.545s mem=273MiB roottime=396.130s load=1.00 rootload=1.00
ramon: poll                 wall=06m39.000s usage=06m38.682s user=06m37.133s sys=01.549s mem=274MiB roottime=397.130s load=1.00 rootload=1.00
ramon: poll                 wall=06m40.000s usage=06m39.681s user=06m38.123s sys=01.558s mem=275MiB roottime=398.120s load=1.00 rootload=0.99
ramon: poll                 wall=06m41.000s usage=06m40.681s user=06m39.121s sys=01.560s mem=275MiB roottime=399.120s load=1.00 rootload=1.00
ramon: poll                 wall=06m42.000s usage=06m41.681s user=06m40.115s sys=01.566s mem=276MiB roottime=400.110s load=1.00 rootload=0.99
ramon: poll                 wall=06m43.000s usage=06m42.681s user=06m41.109s sys=01.571s mem=277MiB roottime=401.110s load=1.00 rootload=1.00
ramon: poll                 wall=06m44.002s usage=06m43.682s user=06m42.109s sys=01.572s mem=277MiB roottime=402.110s load=1.00 rootload=1.00
ramon: poll                 wall=06m45.002s usage=06m44.681s user=06m43.106s sys=01.575s mem=278MiB roottime=403.100s load=1.00 rootload=0.99
ramon: poll                 wall=06m46.000s usage=06m45.680s user=06m44.088s sys=01.591s mem=280MiB roottime=404.080s load=1.00 rootload=0.98
ramon: poll                 wall=06m47.000s usage=06m46.679s user=06m45.079s sys=01.600s mem=281MiB roottime=405.070s load=1.00 rootload=0.99
ramon: poll                 wall=06m48.004s usage=06m47.682s user=06m46.078s sys=01.604s mem=282MiB roottime=406.070s load=1.00 rootload=1.00
ramon: poll                 wall=06m49.001s usage=06m48.679s user=06m47.068s sys=01.611s mem=283MiB roottime=407.060s load=1.00 rootload=0.99
ramon: poll                 wall=06m50.002s usage=06m49.680s user=06m48.064s sys=01.616s mem=284MiB roottime=408.060s load=1.00 rootload=1.00
ramon: poll                 wall=06m51.002s usage=06m50.680s user=06m49.058s sys=01.622s mem=284MiB roottime=409.050s load=1.00 rootload=0.99
ramon: poll                 wall=06m52.004s usage=06m51.682s user=06m50.056s sys=01.625s mem=285MiB roottime=410.050s load=1.00 rootload=1.00
ramon: poll                 wall=06m53.000s usage=06m52.679s user=06m51.048s sys=01.630s mem=285MiB roottime=411.040s load=1.00 rootload=0.99
ramon: poll                 wall=06m54.000s usage=06m53.678s user=06m52.044s sys=01.634s mem=286MiB roottime=412.040s load=1.00 rootload=1.00
ramon: poll                 wall=06m55.000s usage=06m54.678s user=06m53.042s sys=01.636s mem=286MiB roottime=413.040s load=1.00 rootload=1.00
ramon: poll                 wall=06m56.004s usage=06m55.681s user=06m54.036s sys=01.644s mem=286MiB roottime=414.030s load=1.00 rootload=0.99
ramon: poll                 wall=06m57.004s usage=06m56.680s user=06m55.027s sys=01.653s mem=287MiB roottime=415.020s load=1.00 rootload=0.99
ramon: poll                 wall=06m58.000s usage=06m57.677s user=06m56.023s sys=01.654s mem=287MiB roottime=416.020s load=1.00 rootload=1.00
ramon: poll                 wall=06m59.000s usage=06m58.677s user=06m57.016s sys=01.660s mem=288MiB roottime=417.010s load=1.00 rootload=0.99
ramon: poll                 wall=07m00.000s usage=06m59.675s user=06m58.011s sys=01.664s mem=288MiB roottime=418.010s load=1.00 rootload=1.00
ramon: poll                 wall=07m01.003s usage=07m00.678s user=06m59.012s sys=01.666s mem=289MiB roottime=419.010s load=1.00 rootload=1.00
ramon: poll                 wall=07m02.000s usage=07m01.675s user=07m00.008s sys=01.667s mem=289MiB roottime=420.000s load=1.00 rootload=0.99
ramon: poll                 wall=07m03.004s usage=07m02.678s user=07m01.009s sys=01.669s mem=289MiB roottime=421.000s load=1.00 rootload=1.00
ramon: poll                 wall=07m04.000s usage=07m03.675s user=07m02.002s sys=01.672s mem=290MiB roottime=422.000s load=1.00 rootload=1.00
ramon: poll                 wall=07m05.000s usage=07m04.674s user=07m02.998s sys=01.676s mem=290MiB roottime=422.990s load=1.00 rootload=0.99
ramon: poll                 wall=07m06.004s usage=07m05.677s user=07m03.998s sys=01.678s mem=291MiB roottime=423.990s load=1.00 rootload=1.00
ramon: poll                 wall=07m07.004s usage=07m06.677s user=07m04.994s sys=01.682s mem=291MiB roottime=424.990s load=1.00 rootload=1.00
ramon: poll                 wall=07m08.000s usage=07m07.673s user=07m05.988s sys=01.685s mem=291MiB roottime=425.980s load=1.00 rootload=0.99
ramon: poll                 wall=07m09.002s usage=07m08.674s user=07m06.985s sys=01.689s mem=292MiB roottime=426.980s load=1.00 rootload=1.00
ramon: poll                 wall=07m10.000s usage=07m09.673s user=07m07.983s sys=01.690s mem=292MiB roottime=427.980s load=1.00 rootload=1.00
ramon: poll                 wall=07m11.000s usage=07m10.673s user=07m08.981s sys=01.691s mem=292MiB roottime=428.980s load=1.00 rootload=1.00
ramon: poll                 wall=07m12.000s usage=07m11.673s user=07m09.979s sys=01.693s mem=293MiB roottime=429.970s load=1.00 rootload=0.99
ramon: poll                 wall=07m13.000s usage=07m12.672s user=07m10.978s sys=01.694s mem=293MiB roottime=430.970s load=1.00 rootload=1.00
ramon: poll                 wall=07m14.000s usage=07m13.672s user=07m11.974s sys=01.698s mem=294MiB roottime=431.970s load=1.00 rootload=1.00
ramon: poll                 wall=07m15.003s usage=07m14.674s user=07m12.975s sys=01.699s mem=294MiB roottime=432.970s load=1.00 rootload=1.00
ramon: poll                 wall=07m16.000s usage=07m15.672s user=07m13.969s sys=01.703s mem=294MiB roottime=433.960s load=1.00 rootload=0.99
ramon: poll                 wall=07m17.000s usage=07m16.672s user=07m14.968s sys=01.704s mem=294MiB roottime=434.960s load=1.00 rootload=1.00
ramon: poll                 wall=07m18.001s usage=07m17.672s user=07m15.966s sys=01.705s mem=295MiB roottime=435.960s load=1.00 rootload=1.00
ramon: poll                 wall=07m19.002s usage=07m18.672s user=07m16.966s sys=01.706s mem=295MiB roottime=436.960s load=1.00 rootload=1.00
ramon: poll                 wall=07m20.003s usage=07m19.673s user=07m17.965s sys=01.708s mem=295MiB roottime=437.960s load=1.00 rootload=1.00
ramon: poll                 wall=07m21.000s usage=07m20.671s user=07m18.962s sys=01.709s mem=295MiB roottime=438.960s load=1.00 rootload=1.00
ramon: poll                 wall=07m22.000s usage=07m21.671s user=07m19.962s sys=01.709s mem=295MiB roottime=439.960s load=1.00 rootload=1.00
ramon: poll                 wall=07m23.002s usage=07m22.672s user=07m20.962s sys=01.709s mem=295MiB roottime=440.960s load=1.00 rootload=1.00
ramon: poll                 wall=07m24.003s usage=07m23.672s user=07m21.956s sys=01.716s mem=296MiB roottime=441.950s load=1.00 rootload=0.99
ramon: poll                 wall=07m25.003s usage=07m24.672s user=07m22.952s sys=01.720s mem=296MiB roottime=442.950s load=1.00 rootload=1.00
ramon: poll                 wall=07m26.004s usage=07m25.673s user=07m23.951s sys=01.721s mem=297MiB roottime=443.950s load=1.00 rootload=1.00
ramon: poll                 wall=07m27.002s usage=07m26.670s user=07m24.948s sys=01.722s mem=297MiB roottime=444.940s load=1.00 rootload=0.99
ramon: poll                 wall=07m28.002s usage=07m27.670s user=07m25.948s sys=01.722s mem=297MiB roottime=445.940s load=1.00 rootload=1.00
ramon: poll                 wall=07m29.002s usage=07m28.670s user=07m26.944s sys=01.726s mem=298MiB roottime=446.940s load=1.00 rootload=1.00
ramon: poll                 wall=07m30.000s usage=07m29.669s user=07m27.939s sys=01.729s mem=298MiB roottime=447.930s load=1.00 rootload=0.99
ramon: poll                 wall=07m31.004s usage=07m30.672s user=07m28.932s sys=01.739s mem=299MiB roottime=448.930s load=1.00 rootload=1.00
ramon: poll                 wall=07m32.004s usage=07m31.671s user=07m29.925s sys=01.746s mem=300MiB roottime=449.920s load=1.00 rootload=0.99
ramon: poll                 wall=07m33.004s usage=07m32.671s user=07m30.918s sys=01.753s mem=301MiB roottime=450.910s load=1.00 rootload=0.99
ramon: poll                 wall=07m34.004s usage=07m33.671s user=07m31.911s sys=01.759s mem=302MiB roottime=451.910s load=1.00 rootload=1.00
ramon: poll                 wall=07m35.000s usage=07m34.667s user=07m32.908s sys=01.759s mem=302MiB roottime=452.900s load=1.00 rootload=0.99
ramon: poll                 wall=07m36.002s usage=07m35.668s user=07m33.902s sys=01.765s mem=303MiB roottime=453.900s load=1.00 rootload=1.00
ramon: poll                 wall=07m37.000s usage=07m36.666s user=07m34.896s sys=01.770s mem=303MiB roottime=454.890s load=1.00 rootload=0.99
ramon: poll                 wall=07m38.002s usage=07m37.667s user=07m35.897s sys=01.770s mem=303MiB roottime=455.890s load=1.00 rootload=1.00
ramon: poll                 wall=07m39.000s usage=07m38.666s user=07m36.884s sys=01.781s mem=304MiB roottime=456.880s load=1.00 rootload=0.99
ramon: poll                 wall=07m40.000s usage=07m39.665s user=07m37.876s sys=01.788s mem=305MiB roottime=457.870s load=1.00 rootload=0.99
ramon: poll                 wall=07m41.000s usage=07m40.665s user=07m38.873s sys=01.792s mem=305MiB roottime=458.870s load=1.00 rootload=1.00
ramon: poll                 wall=07m42.000s usage=07m41.665s user=07m39.872s sys=01.793s mem=305MiB roottime=459.870s load=1.00 rootload=1.00
ramon: poll                 wall=07m43.003s usage=07m42.667s user=07m40.868s sys=01.799s mem=306MiB roottime=460.860s load=1.00 rootload=0.99
ramon: poll                 wall=07m44.000s usage=07m43.665s user=07m41.864s sys=01.801s mem=306MiB roottime=461.860s load=1.00 rootload=1.00
ramon: poll                 wall=07m45.000s usage=07m44.665s user=07m42.855s sys=01.809s mem=307MiB roottime=462.850s load=1.00 rootload=0.99
ramon: poll                 wall=07m46.004s usage=07m45.668s user=07m43.846s sys=01.821s mem=308MiB roottime=463.840s load=1.00 rootload=0.99
ramon: poll                 wall=07m47.003s usage=07m46.666s user=07m44.840s sys=01.826s mem=308MiB roottime=464.830s load=1.00 rootload=0.99
ramon: poll                 wall=07m48.000s usage=07m47.663s user=07m45.831s sys=01.832s mem=308MiB roottime=465.830s load=1.00 rootload=1.00
ramon: poll                 wall=07m49.000s usage=07m48.663s user=07m46.819s sys=01.844s mem=309MiB roottime=466.810s load=1.00 rootload=0.98
ramon: poll                 wall=07m50.000s usage=07m49.663s user=07m47.818s sys=01.845s mem=309MiB roottime=467.810s load=1.00 rootload=1.00
ramon: poll                 wall=07m51.000s usage=07m50.663s user=07m48.816s sys=01.847s mem=310MiB roottime=468.810s load=1.00 rootload=1.00
ramon: poll                 wall=07m52.000s usage=07m51.663s user=07m49.813s sys=01.849s mem=310MiB roottime=469.810s load=1.00 rootload=1.00
ramon: poll                 wall=07m53.003s usage=07m52.664s user=07m50.815s sys=01.849s mem=310MiB roottime=470.810s load=1.00 rootload=1.00
ramon: poll                 wall=07m54.004s usage=07m53.665s user=07m51.813s sys=01.852s mem=310MiB roottime=471.810s load=1.00 rootload=1.00
ramon: poll                 wall=07m55.002s usage=07m54.663s user=07m52.809s sys=01.853s mem=311MiB roottime=472.800s load=1.00 rootload=0.99
ramon: poll                 wall=07m56.002s usage=07m55.662s user=07m53.808s sys=01.854s mem=311MiB roottime=473.800s load=1.00 rootload=1.00
ramon: poll                 wall=07m57.000s usage=07m56.661s user=07m54.806s sys=01.855s mem=311MiB roottime=474.800s load=1.00 rootload=1.00
ramon: poll                 wall=07m58.004s usage=07m57.664s user=07m55.805s sys=01.858s mem=311MiB roottime=475.800s load=1.00 rootload=1.00
ramon: poll                 wall=07m59.000s usage=07m58.660s user=07m56.802s sys=01.858s mem=311MiB roottime=476.800s load=1.00 rootload=1.00
ramon: poll                 wall=08m00.002s usage=07m59.661s user=07m57.800s sys=01.861s mem=312MiB roottime=477.790s load=1.00 rootload=0.99
ramon: poll                 wall=08m01.004s usage=08m00.662s user=07m58.799s sys=01.863s mem=312MiB roottime=478.800s load=1.00 rootload=1.01
ramon: poll                 wall=08m02.004s usage=08m01.662s user=07m59.795s sys=01.866s mem=312MiB roottime=479.790s load=1.00 rootload=0.99
ramon: poll                 wall=08m03.002s usage=08m02.659s user=08m00.792s sys=01.867s mem=313MiB roottime=480.790s load=1.00 rootload=1.00
ramon: poll                 wall=08m04.003s usage=08m03.660s user=08m01.792s sys=01.868s mem=313MiB roottime=481.790s load=1.00 rootload=1.00
ramon: poll                 wall=08m05.000s usage=08m04.658s user=08m02.787s sys=01.871s mem=313MiB roottime=482.780s load=1.00 rootload=0.99
ramon: poll                 wall=08m06.002s usage=08m05.658s user=08m03.776s sys=01.882s mem=314MiB roottime=483.770s load=1.00 rootload=0.99
ramon: poll                 wall=08m07.002s usage=08m06.658s user=08m04.772s sys=01.885s mem=314MiB roottime=484.770s load=1.00 rootload=1.00
ramon: poll                 wall=08m08.000s usage=08m07.656s user=08m05.766s sys=01.889s mem=315MiB roottime=485.760s load=1.00 rootload=0.99
ramon: poll                 wall=08m09.000s usage=08m08.656s user=08m06.766s sys=01.889s mem=315MiB roottime=486.760s load=1.00 rootload=1.00
ramon: poll                 wall=08m10.002s usage=08m09.656s user=08m07.758s sys=01.898s mem=316MiB roottime=487.750s load=1.00 rootload=0.99
ramon: poll                 wall=08m11.000s usage=08m10.655s user=08m08.752s sys=01.902s mem=316MiB roottime=488.750s load=1.00 rootload=1.00
ramon: poll                 wall=08m12.002s usage=08m11.655s user=08m09.748s sys=01.907s mem=317MiB roottime=489.740s load=1.00 rootload=0.99
ramon: poll                 wall=08m13.000s usage=08m12.654s user=08m10.738s sys=01.916s mem=317MiB roottime=490.730s load=1.00 rootload=0.99
ramon: poll                 wall=08m14.003s usage=08m13.656s user=08m11.734s sys=01.922s mem=319MiB roottime=491.730s load=1.00 rootload=1.00
ramon: poll                 wall=08m15.000s usage=08m14.654s user=08m12.731s sys=01.922s mem=319MiB roottime=492.730s load=1.00 rootload=1.00
ramon: poll                 wall=08m16.000s usage=08m15.653s user=08m13.731s sys=01.922s mem=319MiB roottime=493.730s load=1.00 rootload=1.00
ramon: poll                 wall=08m17.002s usage=08m16.653s user=08m14.731s sys=01.922s mem=319MiB roottime=494.730s load=1.00 rootload=1.00
ramon: poll                 wall=08m18.003s usage=08m17.654s user=08m15.731s sys=01.923s mem=320MiB roottime=495.730s load=1.00 rootload=1.00
ramon: poll                 wall=08m19.000s usage=08m18.652s user=08m16.727s sys=01.924s mem=320MiB roottime=496.720s load=1.00 rootload=0.99
ramon: poll                 wall=08m20.006s usage=08m19.656s user=08m17.731s sys=01.925s mem=320MiB roottime=497.730s load=1.00 rootload=1.00
ramon: poll                 wall=08m21.000s usage=08m20.651s user=08m18.725s sys=01.926s mem=320MiB roottime=498.720s load=1.00 rootload=1.00
ramon: poll                 wall=08m22.003s usage=08m21.653s user=08m19.727s sys=01.926s mem=320MiB roottime=499.720s load=1.00 rootload=1.00
ramon: poll                 wall=08m23.000s usage=08m22.651s user=08m20.722s sys=01.928s mem=320MiB roottime=500.720s load=1.00 rootload=1.00
ramon: poll                 wall=08m24.000s usage=08m23.651s user=08m21.720s sys=01.930s mem=321MiB roottime=501.720s load=1.00 rootload=1.00
ramon: poll                 wall=08m25.000s usage=08m24.650s user=08m22.719s sys=01.931s mem=321MiB roottime=502.710s load=1.00 rootload=0.99
ramon: poll                 wall=08m26.000s usage=08m25.650s user=08m23.716s sys=01.934s mem=321MiB roottime=503.710s load=1.00 rootload=1.00
ramon: poll                 wall=08m27.004s usage=08m26.653s user=08m24.717s sys=01.935s mem=321MiB roottime=504.710s load=1.00 rootload=1.00
ramon: poll                 wall=08m28.000s usage=08m27.649s user=08m25.708s sys=01.941s mem=322MiB roottime=505.700s load=1.00 rootload=0.99
ramon: poll                 wall=08m29.004s usage=08m28.652s user=08m26.709s sys=01.943s mem=322MiB roottime=506.700s load=1.00 rootload=1.00
ramon: poll                 wall=08m30.000s usage=08m29.649s user=08m27.702s sys=01.946s mem=322MiB roottime=507.700s load=1.00 rootload=1.00
ramon: poll                 wall=08m31.000s usage=08m30.649s user=08m28.687s sys=01.961s mem=323MiB roottime=508.680s load=1.00 rootload=0.98
ramon: poll                 wall=08m32.004s usage=08m31.651s user=08m29.683s sys=01.968s mem=324MiB roottime=509.680s load=1.00 rootload=1.00
ramon: poll                 wall=08m33.002s usage=08m32.649s user=08m30.677s sys=01.971s mem=324MiB roottime=510.670s load=1.00 rootload=0.99
ramon: poll                 wall=08m34.002s usage=08m33.648s user=08m31.676s sys=01.972s mem=324MiB roottime=511.670s load=1.00 rootload=1.00
ramon: poll                 wall=08m35.000s usage=08m34.647s user=08m32.665s sys=01.982s mem=325MiB roottime=512.660s load=1.00 rootload=0.99
ramon: poll                 wall=08m36.002s usage=08m35.648s user=08m33.661s sys=01.986s mem=325MiB roottime=513.660s load=1.00 rootload=1.00
ramon: poll                 wall=08m37.000s usage=08m36.646s user=08m34.655s sys=01.991s mem=326MiB roottime=514.650s load=1.00 rootload=0.99
ramon: poll                 wall=08m38.000s usage=08m37.646s user=08m35.649s sys=01.997s mem=326MiB roottime=515.640s load=1.00 rootload=0.99
ramon: poll                 wall=08m39.000s usage=08m38.646s user=08m36.637s sys=02.009s mem=328MiB roottime=516.630s load=1.00 rootload=0.99
ramon: poll                 wall=08m40.002s usage=08m39.647s user=08m37.632s sys=02.014s mem=328MiB roottime=517.630s load=1.00 rootload=1.00
ramon: poll                 wall=08m41.000s usage=08m40.646s user=08m38.626s sys=02.019s mem=330MiB roottime=518.620s load=1.00 rootload=0.99
ramon: poll                 wall=08m42.000s usage=08m41.645s user=08m39.626s sys=02.019s mem=330MiB roottime=519.620s load=1.00 rootload=1.00
ramon: poll                 wall=08m43.000s usage=08m42.645s user=08m40.625s sys=02.019s mem=330MiB roottime=520.620s load=1.00 rootload=1.00
ramon: poll                 wall=08m44.002s usage=08m43.645s user=08m41.625s sys=02.020s mem=330MiB roottime=521.620s load=1.00 rootload=1.00
ramon: poll                 wall=08m45.000s usage=08m44.644s user=08m42.623s sys=02.021s mem=330MiB roottime=522.620s load=1.00 rootload=1.00
ramon: poll                 wall=08m46.000s usage=08m45.644s user=08m43.621s sys=02.022s mem=330MiB roottime=523.620s load=1.00 rootload=1.00
ramon: poll                 wall=08m47.000s usage=08m46.642s user=08m44.616s sys=02.026s mem=331MiB roottime=524.610s load=1.00 rootload=0.99
ramon: poll                 wall=08m48.001s usage=08m47.643s user=08m45.616s sys=02.027s mem=331MiB roottime=525.610s load=1.00 rootload=1.00
ramon: poll                 wall=08m49.003s usage=08m48.645s user=08m46.613s sys=02.031s mem=331MiB roottime=526.610s load=1.00 rootload=1.00
ramon: poll                 wall=08m50.003s usage=08m49.644s user=08m47.612s sys=02.032s mem=331MiB roottime=527.610s load=1.00 rootload=1.00
ramon: poll                 wall=08m51.002s usage=08m50.643s user=08m48.603s sys=02.040s mem=332MiB roottime=528.600s load=1.00 rootload=0.99
ramon: poll                 wall=08m52.002s usage=08m51.642s user=08m49.591s sys=02.051s mem=333MiB roottime=529.590s load=1.00 rootload=0.99
ramon: poll                 wall=08m53.002s usage=08m52.642s user=08m50.584s sys=02.058s mem=334MiB roottime=530.580s load=1.00 rootload=0.99
ramon: poll                 wall=08m54.003s usage=08m53.643s user=08m51.584s sys=02.058s mem=334MiB roottime=531.580s load=1.00 rootload=1.00
ramon: poll                 wall=08m55.000s usage=08m54.640s user=08m52.578s sys=02.062s mem=334MiB roottime=532.570s load=1.00 rootload=0.99
ramon: poll                 wall=08m56.003s usage=08m55.642s user=08m53.579s sys=02.063s mem=334MiB roottime=533.580s load=1.00 rootload=1.01
ramon: poll                 wall=08m57.000s usage=08m56.640s user=08m54.568s sys=02.071s mem=335MiB roottime=534.560s load=1.00 rootload=0.98
ramon: poll                 wall=08m58.003s usage=08m57.642s user=08m55.565s sys=02.076s mem=336MiB roottime=535.560s load=1.00 rootload=1.00
ramon: poll                 wall=08m59.002s usage=08m58.640s user=08m56.563s sys=02.077s mem=336MiB roottime=536.560s load=1.00 rootload=1.00
ramon: poll                 wall=09m00.003s usage=08m59.641s user=08m57.562s sys=02.079s mem=336MiB roottime=537.560s load=1.00 rootload=1.00
ramon: poll                 wall=09m01.002s usage=09m00.640s user=08m58.559s sys=02.081s mem=337MiB roottime=538.550s load=1.00 rootload=0.99
ramon: poll                 wall=09m02.002s usage=09m01.640s user=08m59.557s sys=02.082s mem=337MiB roottime=539.550s load=1.00 rootload=1.00
ramon: poll                 wall=09m03.004s usage=09m02.641s user=09m00.557s sys=02.084s mem=337MiB roottime=540.550s load=1.00 rootload=1.00
ramon: poll                 wall=09m04.003s usage=09m03.640s user=09m01.548s sys=02.092s mem=338MiB roottime=541.540s load=1.00 rootload=0.99
ramon: poll                 wall=09m05.004s usage=09m04.641s user=09m02.548s sys=02.093s mem=338MiB roottime=542.540s load=1.00 rootload=1.00
ramon: poll                 wall=09m06.000s usage=09m05.637s user=09m03.537s sys=02.100s mem=339MiB roottime=543.530s load=1.00 rootload=0.99
ramon: poll                 wall=09m07.002s usage=09m06.638s user=09m04.534s sys=02.104s mem=339MiB roottime=544.530s load=1.00 rootload=1.00
ramon: poll                 wall=09m08.000s usage=09m07.637s user=09m05.527s sys=02.109s mem=340MiB roottime=545.520s load=1.00 rootload=0.99
ramon: poll                 wall=09m09.000s usage=09m08.636s user=09m06.523s sys=02.113s mem=340MiB roottime=546.520s load=1.00 rootload=1.00
ramon: poll                 wall=09m10.004s usage=09m09.638s user=09m07.518s sys=02.120s mem=341MiB roottime=547.510s load=1.00 rootload=0.99
ramon: poll                 wall=09m11.000s usage=09m10.635s user=09m08.514s sys=02.121s mem=341MiB roottime=548.510s load=1.00 rootload=1.00
ramon: poll                 wall=09m12.003s usage=09m11.637s user=09m09.516s sys=02.121s mem=341MiB roottime=549.510s load=1.00 rootload=1.00
ramon: poll                 wall=09m13.003s usage=09m12.636s user=09m10.513s sys=02.123s mem=341MiB roottime=550.510s load=1.00 rootload=1.00
ramon: poll                 wall=09m14.002s usage=09m13.635s user=09m11.511s sys=02.124s mem=342MiB roottime=551.510s load=1.00 rootload=1.00
ramon: poll                 wall=09m15.000s usage=09m14.634s user=09m12.508s sys=02.126s mem=342MiB roottime=552.500s load=1.00 rootload=0.99
ramon: poll                 wall=09m16.000s usage=09m15.633s user=09m13.507s sys=02.126s mem=342MiB roottime=553.500s load=1.00 rootload=1.00
ramon: poll                 wall=09m17.003s usage=09m16.635s user=09m14.508s sys=02.127s mem=342MiB roottime=554.500s load=1.00 rootload=1.00
ramon: poll                 wall=09m18.000s usage=09m17.632s user=09m15.502s sys=02.130s mem=343MiB roottime=555.500s load=1.00 rootload=1.00
ramon: poll                 wall=09m19.003s usage=09m18.634s user=09m16.504s sys=02.130s mem=343MiB roottime=556.500s load=1.00 rootload=1.00
ramon: poll                 wall=09m20.003s usage=09m19.634s user=09m17.503s sys=02.130s mem=343MiB roottime=557.500s load=1.00 rootload=1.00
ramon: poll                 wall=09m21.000s usage=09m20.631s user=09m18.501s sys=02.130s mem=343MiB roottime=558.500s load=1.00 rootload=1.00
ramon: poll                 wall=09m22.002s usage=09m21.632s user=09m19.500s sys=02.132s mem=343MiB roottime=559.500s load=1.00 rootload=1.00
ramon: poll                 wall=09m23.002s usage=09m22.631s user=09m20.498s sys=02.133s mem=343MiB roottime=560.490s load=1.00 rootload=0.99
ramon: poll                 wall=09m24.000s usage=09m23.630s user=09m21.495s sys=02.135s mem=344MiB roottime=561.490s load=1.00 rootload=1.00
ramon: poll                 wall=09m25.000s usage=09m24.629s user=09m22.492s sys=02.137s mem=344MiB roottime=562.490s load=1.00 rootload=1.00
ramon: poll                 wall=09m26.004s usage=09m25.632s user=09m23.493s sys=02.139s mem=344MiB roottime=563.490s load=1.00 rootload=1.00
ramon: poll                 wall=09m27.000s usage=09m26.628s user=09m24.489s sys=02.139s mem=344MiB roottime=564.480s load=1.00 rootload=0.99
ramon: poll                 wall=09m28.002s usage=09m27.546s user=09m25.405s sys=02.140s mem=344MiB roottime=565.400s load=0.92 rootload=0.92
ramon: poll                 wall=09m29.003s usage=09m28.520s user=09m26.378s sys=02.142s mem=344MiB roottime=566.370s load=0.97 rootload=0.97
ramon: poll                 wall=09m30.004s usage=09m29.502s user=09m27.357s sys=02.145s mem=345MiB roottime=567.350s load=0.98 rootload=0.98
ramon: poll                 wall=09m31.000s usage=09m30.479s user=09m28.333s sys=02.146s mem=345MiB roottime=568.330s load=0.98 rootload=0.98
ramon: poll                 wall=09m32.000s usage=09m31.463s user=09m29.316s sys=02.147s mem=345MiB roottime=569.310s load=0.98 rootload=0.98
ramon: poll                 wall=09m33.003s usage=09m32.447s user=09m30.297s sys=02.150s mem=346MiB roottime=570.290s load=0.98 rootload=0.98
ramon: poll                 wall=09m34.004s usage=09m33.431s user=09m31.277s sys=02.154s mem=346MiB roottime=571.270s load=0.98 rootload=0.98
ramon: poll                 wall=09m35.000s usage=09m34.410s user=09m32.253s sys=02.157s mem=346MiB roottime=572.250s load=0.98 rootload=0.98
ramon: poll                 wall=09m36.000s usage=09m35.398s user=09m33.238s sys=02.160s mem=346MiB roottime=573.230s load=0.99 rootload=0.98
ramon: poll                 wall=09m37.000s usage=09m36.388s user=09m34.227s sys=02.161s mem=346MiB roottime=574.220s load=0.99 rootload=0.99
ramon: poll                 wall=09m38.000s usage=09m37.377s user=09m35.214s sys=02.163s mem=347MiB roottime=575.210s load=0.99 rootload=0.99
ramon: poll                 wall=09m39.000s usage=09m38.360s user=09m36.192s sys=02.168s mem=347MiB roottime=576.190s load=0.98 rootload=0.98
ramon: poll                 wall=09m40.003s usage=09m39.351s user=09m37.182s sys=02.169s mem=347MiB roottime=577.180s load=0.99 rootload=0.99
ramon: poll                 wall=09m41.004s usage=09m40.339s user=09m38.166s sys=02.173s mem=347MiB roottime=578.160s load=0.99 rootload=0.98
ramon: poll                 wall=09m42.000s usage=09m41.324s user=09m39.147s sys=02.177s mem=348MiB roottime=579.140s load=0.99 rootload=0.98
ramon: poll                 wall=09m43.000s usage=09m42.316s user=09m40.134s sys=02.182s mem=348MiB roottime=580.130s load=0.99 rootload=0.99
ramon: poll                 wall=09m44.003s usage=09m43.317s user=09m41.134s sys=02.183s mem=349MiB roottime=581.130s load=1.00 rootload=1.00
ramon: poll                 wall=09m45.012s usage=09m44.324s user=09m42.141s sys=02.183s mem=349MiB roottime=582.140s load=1.00 rootload=1.00
ramon: poll                 wall=09m46.008s usage=09m45.320s user=09m43.136s sys=02.184s mem=349MiB roottime=583.130s load=1.00 rootload=0.99
ramon: poll                 wall=09m47.005s usage=09m46.316s user=09m44.129s sys=02.187s mem=349MiB roottime=584.120s load=1.00 rootload=0.99
ramon: poll                 wall=09m48.003s usage=09m47.312s user=09m45.124s sys=02.188s mem=350MiB roottime=585.120s load=1.00 rootload=1.00
ramon: poll                 wall=09m49.003s usage=09m48.311s user=09m46.122s sys=02.189s mem=350MiB roottime=586.120s load=1.00 rootload=1.00
ramon: poll                 wall=09m50.000s usage=09m49.307s user=09m47.116s sys=02.191s mem=351MiB roottime=587.110s load=1.00 rootload=0.99
ramon: poll                 wall=09m51.003s usage=09m50.310s user=09m48.118s sys=02.192s mem=352MiB roottime=588.110s load=1.00 rootload=1.00
ramon: poll                 wall=09m52.007s usage=09m51.313s user=09m49.107s sys=02.206s mem=354MiB roottime=589.100s load=1.00 rootload=0.99
ramon: poll                 wall=09m53.003s usage=09m52.309s user=09m50.102s sys=02.207s mem=354MiB roottime=590.100s load=1.00 rootload=1.00
ramon: poll                 wall=09m54.000s usage=09m53.305s user=09m51.098s sys=02.207s mem=354MiB roottime=591.090s load=1.00 rootload=0.99
ramon: poll                 wall=09m55.000s usage=09m54.304s user=09m52.097s sys=02.207s mem=354MiB roottime=592.090s load=1.00 rootload=1.00
ramon: poll                 wall=09m56.000s usage=09m55.304s user=09m53.096s sys=02.208s mem=354MiB roottime=593.090s load=1.00 rootload=1.00
ramon: poll                 wall=09m57.000s usage=09m56.303s user=09m54.094s sys=02.209s mem=355MiB roottime=594.090s load=1.00 rootload=1.00
ramon: poll                 wall=09m58.000s usage=09m57.303s user=09m55.094s sys=02.209s mem=355MiB roottime=595.090s load=1.00 rootload=1.00
ramon: poll                 wall=09m59.002s usage=09m58.305s user=09m56.095s sys=02.210s mem=356MiB roottime=596.090s load=1.00 rootload=1.00
ramon: poll                 wall=10m00.003s usage=09m59.293s user=09m57.080s sys=02.213s mem=357MiB roottime=597.080s load=0.99 rootload=0.99
ramon: end                  Mon Apr  7 12:22:48 2025
ramon: root.execname        z3
ramon: root.utime           597.110s
ramon: root.stime           2.270s
ramon: group.total          599.391s
ramon: group.utime          597.114s
ramon: group.stime          2.278s
ramon: group.mempeak        357MiB
ramon: group.pidpeak        3
ramon: status               exited
ramon: exitcode             0
ramon: walltime             600.102s
ramon: loadavg              1.00
