ramon: cwd                  /home/runner/a/_work/z3-poly-testing/z3-poly-testing
ramon: start                Mon Apr  7 12:20:13 2025
ramon: nproc                128
ramon: sys.mem              64150 MiB
ramon: sys.mem.free         11560 MiB
ramon: sys.mem.avail        63772 MiB
ramon: sys.nprocs           3203
ramon: argv                 0 = z3
ramon: argv                 1 = inputs/QF_NIA_small/From_T2__slayer-4-filtered.t2__p22710_safety_0.smt2
ramon: argv                 2 = -T:600
ramon: argv                 3 = lp.dio_eqs=true
ramon: childpid             3099294
ramon: poll                 wall=01.000s usage=00.967s user=00.699s sys=00.268s mem=60824KiB roottime=0.690s load=0.97 rootload=0.69
ramon: poll                 wall=02.002s usage=01.967s user=01.698s sys=00.269s mem=60828KiB roottime=1.690s load=1.00 rootload=1.00
ramon: poll                 wall=03.002s usage=02.965s user=02.640s sys=00.325s mem=77724KiB roottime=2.640s load=1.00 rootload=0.95
ramon: poll                 wall=04.001s usage=03.962s user=03.612s sys=00.351s mem=86172KiB roottime=3.610s load=1.00 rootload=0.97
ramon: poll                 wall=05.003s usage=04.964s user=04.269s sys=00.694s mem=151MiB roottime=4.260s load=1.00 rootload=0.65
ramon: poll                 wall=06.005s usage=05.965s user=05.269s sys=00.696s mem=151MiB roottime=5.260s load=1.00 rootload=1.00
ramon: poll                 wall=07.003s usage=06.963s user=06.267s sys=00.696s mem=151MiB roottime=6.260s load=1.00 rootload=1.00
ramon: end                  Mon Apr  7 12:20:20 2025
ramon: root.execname        z3
ramon: root.utime           6.880s
ramon: root.stime           0.740s
ramon: group.total          7.626s
ramon: group.utime          6.885s
ramon: group.stime          0.741s
ramon: group.mempeak        168MiB
ramon: group.pidpeak        3
ramon: status               exited
ramon: exitcode             0
ramon: walltime             7.668s
ramon: loadavg              0.99
