ramon: cwd                  /home/runner/a/_work/z3-poly-testing/z3-poly-testing
ramon: start                Mon Apr  7 12:53:05 2025
ramon: nproc                128
ramon: sys.mem              64150 MiB
ramon: sys.mem.free         13481 MiB
ramon: sys.mem.avail        63766 MiB
ramon: sys.nprocs           3207
ramon: argv                 0 = z3
ramon: argv                 1 = inputs/QF_NIA_small/From_T2__zlib-adler32.c.t2__p26305_terminationG_0.smt2
ramon: argv                 2 = -T:600
ramon: argv                 3 = lp.dio_eqs=true
ramon: childpid             3151868
ramon: poll                 wall=01.003s usage=00.975s user=00.645s sys=00.330s mem=93880KiB roottime=0.640s load=0.97 rootload=0.64
ramon: poll                 wall=02.000s usage=01.966s user=01.623s sys=00.343s mem=80196KiB roottime=1.620s load=0.99 rootload=0.98
ramon: poll                 wall=03.000s usage=02.959s user=02.604s sys=00.355s mem=83216KiB roottime=2.600s load=0.99 rootload=0.98
ramon: poll                 wall=04.000s usage=03.954s user=03.514s sys=00.439s mem=105MiB roottime=3.510s load=0.99 rootload=0.91
ramon: poll                 wall=05.004s usage=04.950s user=04.510s sys=00.440s mem=105MiB roottime=4.500s load=0.99 rootload=0.99
ramon: poll                 wall=06.000s usage=05.939s user=05.499s sys=00.440s mem=105MiB roottime=5.490s load=0.99 rootload=0.99
ramon: poll                 wall=07.000s usage=06.930s user=06.488s sys=00.442s mem=105MiB roottime=6.480s load=0.99 rootload=0.99
ramon: poll                 wall=08.002s usage=07.926s user=07.484s sys=00.442s mem=105MiB roottime=7.480s load=0.99 rootload=1.00
ramon: poll                 wall=09.000s usage=08.919s user=08.477s sys=00.442s mem=105MiB roottime=8.470s load=0.99 rootload=0.99
ramon: poll                 wall=10.004s usage=09.917s user=09.474s sys=00.443s mem=105MiB roottime=9.470s load=0.99 rootload=1.00
ramon: poll                 wall=11.006s usage=10.911s user=10.468s sys=00.443s mem=105MiB roottime=10.460s load=0.99 rootload=0.99
ramon: poll                 wall=12.008s usage=11.908s user=11.465s sys=00.443s mem=105MiB roottime=11.460s load=0.99 rootload=1.00
ramon: poll                 wall=13.007s usage=12.901s user=12.458s sys=00.443s mem=105MiB roottime=12.450s load=0.99 rootload=0.99
ramon: poll                 wall=14.003s usage=13.893s user=13.450s sys=00.443s mem=105MiB roottime=13.440s load=1.00 rootload=0.99
ramon: poll                 wall=15.003s usage=14.889s user=14.446s sys=00.443s mem=105MiB roottime=14.440s load=1.00 rootload=1.00
ramon: poll                 wall=16.005s usage=15.887s user=15.444s sys=00.443s mem=105MiB roottime=15.440s load=1.00 rootload=1.00
ramon: poll                 wall=17.005s usage=16.883s user=16.440s sys=00.443s mem=105MiB roottime=16.430s load=1.00 rootload=0.99
ramon: poll                 wall=18.007s usage=17.882s user=17.437s sys=00.444s mem=105MiB roottime=17.430s load=1.00 rootload=1.00
ramon: poll                 wall=19.002s usage=18.872s user=18.428s sys=00.444s mem=105MiB roottime=18.420s load=1.00 rootload=0.99
ramon: poll                 wall=20.007s usage=19.873s user=19.429s sys=00.444s mem=105MiB roottime=19.420s load=1.00 rootload=0.99
ramon: poll                 wall=21.000s usage=20.859s user=20.414s sys=00.444s mem=105MiB roottime=20.410s load=0.99 rootload=1.00
ramon: poll                 wall=22.000s usage=21.853s user=21.409s sys=00.444s mem=105MiB roottime=21.400s load=0.99 rootload=0.99
ramon: poll                 wall=23.004s usage=22.850s user=22.405s sys=00.445s mem=105MiB roottime=22.400s load=0.99 rootload=1.00
ramon: poll                 wall=24.002s usage=23.843s user=23.396s sys=00.447s mem=105MiB roottime=23.390s load=0.99 rootload=0.99
ramon: poll                 wall=25.004s usage=24.840s user=24.392s sys=00.447s mem=105MiB roottime=24.390s load=0.99 rootload=1.00
ramon: poll                 wall=26.002s usage=25.831s user=25.384s sys=00.447s mem=105MiB roottime=25.380s load=0.99 rootload=0.99
ramon: poll                 wall=27.004s usage=26.827s user=26.380s sys=00.447s mem=105MiB roottime=26.370s load=0.99 rootload=0.99
ramon: poll                 wall=28.004s usage=27.822s user=27.373s sys=00.449s mem=106MiB roottime=27.370s load=0.99 rootload=1.00
ramon: poll                 wall=29.000s usage=28.813s user=28.364s sys=00.449s mem=106MiB roottime=28.360s load=0.99 rootload=0.99
ramon: poll                 wall=30.004s usage=29.812s user=29.362s sys=00.449s mem=106MiB roottime=29.360s load=1.00 rootload=1.00
ramon: poll                 wall=31.000s usage=30.800s user=30.351s sys=00.449s mem=106MiB roottime=30.350s load=0.99 rootload=0.99
ramon: poll                 wall=32.000s usage=31.795s user=31.345s sys=00.449s mem=106MiB roottime=31.340s load=0.99 rootload=0.99
ramon: poll                 wall=33.004s usage=32.792s user=32.342s sys=00.449s mem=106MiB roottime=32.340s load=0.99 rootload=1.00
ramon: poll                 wall=34.003s usage=33.785s user=33.332s sys=00.452s mem=106MiB roottime=33.330s load=0.99 rootload=0.99
ramon: poll                 wall=35.004s usage=34.780s user=34.323s sys=00.457s mem=107MiB roottime=34.320s load=0.99 rootload=0.99
ramon: poll                 wall=36.002s usage=35.771s user=35.312s sys=00.458s mem=107MiB roottime=35.310s load=0.99 rootload=0.99
ramon: poll                 wall=37.000s usage=36.767s user=36.309s sys=00.458s mem=107MiB roottime=36.300s load=1.00 rootload=0.99
ramon: poll                 wall=38.000s usage=37.766s user=37.308s sys=00.458s mem=107MiB roottime=37.300s load=1.00 rootload=1.00
ramon: poll                 wall=39.000s usage=38.764s user=38.306s sys=00.458s mem=107MiB roottime=38.300s load=1.00 rootload=1.00
ramon: poll                 wall=40.000s usage=39.764s user=39.305s sys=00.458s mem=107MiB roottime=39.300s load=1.00 rootload=1.00
ramon: poll                 wall=41.000s usage=40.762s user=40.304s sys=00.458s mem=107MiB roottime=40.300s load=1.00 rootload=1.00
ramon: poll                 wall=42.000s usage=41.761s user=41.303s sys=00.458s mem=107MiB roottime=41.300s load=1.00 rootload=1.00
ramon: poll                 wall=43.000s usage=42.760s user=42.302s sys=00.458s mem=107MiB roottime=42.300s load=1.00 rootload=1.00
ramon: poll                 wall=44.000s usage=43.759s user=43.301s sys=00.458s mem=107MiB roottime=43.300s load=1.00 rootload=1.00
ramon: poll                 wall=45.004s usage=44.761s user=44.303s sys=00.458s mem=107MiB roottime=44.300s load=1.00 rootload=1.00
ramon: poll                 wall=46.000s usage=45.758s user=45.298s sys=00.459s mem=108MiB roottime=45.290s load=1.00 rootload=0.99
ramon: poll                 wall=47.000s usage=46.757s user=46.295s sys=00.462s mem=108MiB roottime=46.290s load=1.00 rootload=1.00
ramon: poll                 wall=48.000s usage=47.756s user=47.294s sys=00.462s mem=108MiB roottime=47.290s load=1.00 rootload=1.00
ramon: poll                 wall=49.000s usage=48.756s user=48.292s sys=00.463s mem=108MiB roottime=48.290s load=1.00 rootload=1.00
ramon: poll                 wall=50.001s usage=49.755s user=49.292s sys=00.463s mem=108MiB roottime=49.290s load=1.00 rootload=1.00
ramon: poll                 wall=51.000s usage=50.754s user=50.291s sys=00.463s mem=108MiB roottime=50.290s load=1.00 rootload=1.00
ramon: poll                 wall=52.000s usage=51.754s user=51.290s sys=00.463s mem=108MiB roottime=51.280s load=1.00 rootload=0.99
ramon: poll                 wall=53.000s usage=52.753s user=52.290s sys=00.463s mem=108MiB roottime=52.290s load=1.00 rootload=1.01
ramon: poll                 wall=54.001s usage=53.754s user=53.290s sys=00.463s mem=108MiB roottime=53.280s load=1.00 rootload=0.99
ramon: poll                 wall=55.004s usage=54.755s user=54.292s sys=00.463s mem=108MiB roottime=54.290s load=1.00 rootload=1.01
ramon: poll                 wall=56.000s usage=55.751s user=55.288s sys=00.463s mem=108MiB roottime=55.280s load=1.00 rootload=0.99
ramon: poll                 wall=57.000s usage=56.750s user=56.287s sys=00.463s mem=108MiB roottime=56.280s load=1.00 rootload=1.00
ramon: poll                 wall=58.003s usage=57.752s user=57.289s sys=00.463s mem=108MiB roottime=57.280s load=1.00 rootload=1.00
ramon: poll                 wall=59.000s usage=58.750s user=58.286s sys=00.463s mem=108MiB roottime=58.280s load=1.00 rootload=1.00
ramon: poll                 wall=01m00.002s usage=59.750s user=59.287s sys=00.463s mem=108MiB roottime=59.280s load=1.00 rootload=1.00
ramon: poll                 wall=01m01.000s usage=01m00.749s user=01m00.285s sys=00.463s mem=108MiB roottime=60.280s load=1.00 rootload=1.00
ramon: poll                 wall=01m02.004s usage=01m01.751s user=01m01.288s sys=00.463s mem=108MiB roottime=61.280s load=1.00 rootload=1.00
ramon: poll                 wall=01m03.000s usage=01m02.747s user=01m02.284s sys=00.463s mem=109MiB roottime=62.280s load=1.00 rootload=1.00
ramon: poll                 wall=01m04.002s usage=01m03.748s user=01m03.284s sys=00.463s mem=109MiB roottime=63.280s load=1.00 rootload=1.00
ramon: poll                 wall=01m05.000s usage=01m04.745s user=01m04.282s sys=00.463s mem=109MiB roottime=64.280s load=1.00 rootload=1.00
ramon: poll                 wall=01m06.000s usage=01m05.745s user=01m05.282s sys=00.463s mem=109MiB roottime=65.280s load=1.00 rootload=1.00
ramon: poll                 wall=01m07.002s usage=01m06.746s user=01m06.282s sys=00.463s mem=109MiB roottime=66.280s load=1.00 rootload=1.00
ramon: poll                 wall=01m08.001s usage=01m07.744s user=01m07.281s sys=00.463s mem=109MiB roottime=67.280s load=1.00 rootload=1.00
ramon: poll                 wall=01m09.000s usage=01m08.744s user=01m08.280s sys=00.463s mem=109MiB roottime=68.270s load=1.00 rootload=0.99
ramon: poll                 wall=01m10.001s usage=01m09.743s user=01m09.278s sys=00.464s mem=109MiB roottime=69.270s load=1.00 rootload=1.00
ramon: end                  Mon Apr  7 12:54:15 2025
ramon: root.execname        z3
ramon: root.utime           69.400s
ramon: root.stime           0.500s
ramon: group.total          69.906s
ramon: group.utime          69.408s
ramon: group.stime          0.498s
ramon: group.mempeak        109MiB
ramon: group.pidpeak        3
ramon: status               exited
ramon: exitcode             0
ramon: walltime             70.166s
ramon: loadavg              1.00
