ramon: cwd                  /home/gh1/A/_work/z3-poly-testing/z3-poly-testing
ramon: start                Wed Jan 22 21:48:02 2025
ramon: nproc                32
ramon: sys.mem              63441 MiB
ramon: sys.mem.free         25423 MiB
ramon: sys.mem.avail        59507 MiB
ramon: sys.nprocs           1398
ramon: argv                 0 = z3
ramon: argv                 1 = inputs/QF_NIA_CInteger/Stroeder_15__Gauss.c__p23064_terminationG_0.smt2
ramon: argv                 2 = -T:60
ramon: argv                 3 = -v:2
ramon: argv                 4 = -st
ramon: argv                 5 = tactic.default_tactic=(then simplify propagate-values solve-eqs simplify smt)
ramon: argv                 6 = smt.sls.enable=true
ramon: argv                 7 = smt.sls.parallel=false
ramon: argv                 8 = model_validate=true
ramon: argv                 9 = sls.arith_use_clausal_lookahead=true
ramon: childpid             3408383
(smt.searching)
(smt.stats :restarts     :decisions :clauses/bin/units     :simplify   :memory)
(smt.stats        :conflicts    :propagations      :lemmas      :deletions   )
(smt.stats    0      0      0      0   127/108/6       0/0     0    0   17.96)
(sat.ddfw :unsat :models :kflips/sec   :flips :restarts   :reinits  :unsat_vars  :shifts)
(sat.ddfw       2      5   966.6154     12566         0          0            3     2812)
(sat.ddfw       2      6   284.5263     17972         0          1            3     4067)
SLS -> SMT phase. unsat size: 2
SLS -> SMT values
(sat.ddfw       2      6   143.2174     21266         0          1            3     4829)
(sat.ddfw       1      3   271.8125     29964         0          2            3     6760)
SLS -> SMT phase. unsat size: 1
SLS -> SMT values
(sat.ddfw       1      5   157.8947     35964         0          2            3     8086)
(sat.ddfw       1      6   100.8605     40301         0          2            2     9067)
(sat.ddfw       1      6    35.9556     41919         0          3            2     9439)
SLS -> SMT phase. unsat size: 1
SLS -> SMT values
(sat.ddfw       1      8   117.6275     47918         0          3            5    10758)
(sat.ddfw       1      9   104.6207     53986         0          3            3    12000)
(sat.ddfw       1      9    92.2000     59979         0          3            2    13327)
SLS -> SMT phase. unsat size: 1
SLS -> SMT values
(nlsat :conflicts 1 :decisions 0 :propagations 18 :clauses 63 :learned 1)
(sat.ddfw       1     10    83.2917     65976         0          3            3    14638)
SLS -> SMT phase. unsat size: 1
SLS -> SMT values
(sat.ddfw       1     11    74.1795     71762         0          3            3    15923)
(sat.ddfw       1     11     2.5385     71960         0          4            3    15965)
(sat.ddfw       1     12    70.4824     77951         0          4            4    17312)
(sat.ddfw       1     13    65.5604     83917         0          4            4    18681)
(sat.ddfw       1     13    61.3061     89925         0          4            2    20033)
SLS -> SMT phase. unsat size: 1
SLS -> SMT values
(sat.ddfw       1     13    58.0288     95960         0          4            3    21373)
(sat.ddfw       1     13    54.5676    102017         0          4            2    22695)
SLS -> SMT phase. unsat size: 1
SLS -> SMT values
(sat.ddfw       1     13    51.2821    108017         1          4            3    24082)
(sat.ddfw       1     13    48.7016    114056         1          4            2    25440)
SLS -> SMT phase. unsat size: 1
SLS -> SMT values
(sat.ddfw       1     13     0.0000    114056         1          4            2    25440)
(sat.ddfw       1     13    45.8385    120015         1          5            3    26797)
(sat.ddfw       1     13    43.7153    126004         1          5            2    28171)
SLS -> SMT phase. unsat size: 1
SLS -> SMT values
(sat.ddfw       1     13    41.7222    132012         1          5            6    29549)
(sat.ddfw       1     13    39.9667    138007         1          5            3    30892)
SLS -> SMT activity
(sat.ddfw       1     13    38.7756    144056         1          5            2    32272)
SLS -> SMT phase. unsat size: 1
SLS -> SMT values
(sat.ddfw       1     13    36.5092    150007         1          5            3    33685)
(nlsat :conflicts 6 :decisions 1 :propagations 43 :clauses 75 :learned 6)
(sat.ddfw       1     13    35.4353    156031         1          5            3    35022)
(nlsat :conflicts 2 :decisions 0 :propagations 46 :clauses 83 :learned 2)
(sat.ddfw       1     13    34.4124    162122         1          5            4    36298)
(nlsat :conflicts 4 :decisions 0 :propagations 48 :clauses 83 :learned 4)
SMT -> SLS units 1 2 3 4 -29 30
(sat.ddfw       1     13     0.0000    162122         1          5            4    36298)
(sat.ddfw :unsat :models :kflips/sec   :flips :restarts   :reinits  :unsat_vars  :shifts)
(sat.ddfw       1     13    32.2757    168093         1          6            3    37678)
(sat.ddfw       1     13    31.5288    174115         1          6            3    38942)
(sat.ddfw       1     13    30.4091    180136         1          6            2    40288)
SLS -> SMT phase. unsat size: 1
SLS -> SMT values
SMT -> SLS units 18
(sat.ddfw       1     13    29.2293    186128         1          6            2    41683)
SLS -> SMT phase. unsat size: 1
SLS -> SMT values
(sat.ddfw       1     13    28.3128    192102         1          6            2    43035)
SLS -> SMT phase. unsat size: 1
SLS -> SMT values
ramon: end                  Wed Jan 22 21:48:02 2025
ramon: root.execname        z3
ramon: root.utime           0.210s
ramon: root.stime           0.010s
ramon: group.total          0.227s
ramon: group.utime          0.215s
ramon: group.stime          0.012s
ramon: group.mempeak        53336KiB
ramon: group.pidpeak        2
ramon: status               exited
ramon: exitcode             0
ramon: walltime             0.279s
ramon: loadavg              0.81
