ramon: cwd                  /home/gh1/A/_work/z3-poly-testing/z3-poly-testing
ramon: start                Wed Jan 22 21:51:42 2025
ramon: nproc                32
ramon: sys.mem              63441 MiB
ramon: sys.mem.free         25312 MiB
ramon: sys.mem.avail        59507 MiB
ramon: sys.nprocs           1410
ramon: argv                 0 = z3
ramon: argv                 1 = inputs/QF_NIA_CInteger/Stroeder_15__svcomp_ex2.c__p25866_terminationG_0.smt2
ramon: argv                 2 = -T:60
ramon: argv                 3 = -v:2
ramon: argv                 4 = -st
ramon: argv                 5 = tactic.default_tactic=(then simplify propagate-values solve-eqs simplify smt)
ramon: argv                 6 = smt.sls.enable=true
ramon: argv                 7 = smt.sls.parallel=false
ramon: argv                 8 = model_validate=true
ramon: argv                 9 = sls.arith_use_clausal_lookahead=true
ramon: childpid             3418358
(smt.searching)
(smt.stats :restarts     :decisions :clauses/bin/units       :simplify   :memory)
(smt.stats        :conflicts    :propagations        :lemmas      :deletions   )
(smt.stats    0      0      0      0  1322/1305/16       0/0     0    0   19.34)
(nlsat :conflicts 2 :decisions 0 :propagations 164 :clauses 344 :learned 2)
(sat.ddfw :unsat :models :kflips/sec   :flips :restarts   :reinits  :unsat_vars  :shifts)
(sat.ddfw       1      4   176.7460     11135         0          0            3     2386)
(sat.ddfw       1      6    48.5795     15410         0          1            2     3327)
SLS -> SMT phase. unsat size: 1
SLS -> SMT values
(sat.ddfw       1      8    50.5902     21582         0          1            4     4663)
(sat.ddfw       1     10    28.2449     25734         0          2            2     5658)
SLS -> SMT phase. unsat size: 1
SLS -> SMT values
(sat.ddfw       1     12    28.9831     30864         0          2            4     6866)
(sat.ddfw       1     13    24.9369     36001         0          2            3     7996)
(sat.ddfw       1     13    17.7574     40174         0          2            2     8967)
(sat.ddfw       1     14     3.9917     41136         0          3            2     9187)
SLS -> SMT phase. unsat size: 1
SLS -> SMT values
(sat.ddfw       1     16    19.1078     46276         0          3            2    10390)
SLS -> SMT phase. unsat size: 1
SLS -> SMT values
(sat.ddfw       1     18    17.1973     51418         0          3            4    11548)
SLS -> SMT phase. unsat size: 1
SLS -> SMT values
(sat.ddfw       1     20    15.6067     56537         0          3            3    12728)
(sat.ddfw       1     22    14.0854     61650         0          3            2    13894)
SLS -> SMT phase. unsat size: 1
SLS -> SMT values
(sat.ddfw       1     23    13.0867     66780         0          3            2    15054)
SLS -> SMT phase. unsat size: 1
SLS -> SMT values
(sat.ddfw       1     24    12.2375     71932         0          3            4    16204)
(sat.ddfw       1     24     0.0000     71932         0          3            4    16204)
(sat.ddfw       1     24    11.3171     77036         0          4            2    17427)
SLS -> SMT phase. unsat size: 1
SLS -> SMT values
(sat.ddfw       1     25    10.3862     82146         0          4            2    18629)
SLS -> SMT phase. unsat size: 1
SLS -> SMT values
(sat.ddfw       1     26     9.7032     87279         0          4            3    19826)
(sat.ddfw       1     27     9.2075     92426         0          4            4    21054)
(sat.ddfw       1     28     8.6837     97532         0          4            4    22267)
(sat.ddfw       1     28     8.2621    102671         0          4            3    23455)
(sat.ddfw       1     29     7.9232    107829         1          4            4    24620)
(sat.ddfw       1     30     7.6221    113012         1          4            3    25787)
(sat.ddfw       1     30     0.0000    113012         1          4            3    25787)
(sat.ddfw       1     31     7.2440    118148         1          5            3    26977)
SLS -> SMT activity
(sat.ddfw       1     32     7.0054    123325         1          5            2    28170)
SLS -> SMT phase. unsat size: 1
SLS -> SMT values
(nlsat :conflicts 1 :decisions 0 :propagations 38 :clauses 465 :learned 1)
(sat.ddfw       1     33     6.5703    128463         1          5            4    29354)
(sat.ddfw       1     34     6.2894    133570         1          5            5    30475)
(sat.ddfw       1     35     6.1354    138736         1          5            3    31624)
(sat.ddfw       1     36     5.8326    143822         1          5            3    32800)
(nlsat :conflicts 1 :decisions 0 :propagations 36 :clauses 469 :learned 1)
(nlsat :conflicts 1 :decisions 0 :propagations 33 :clauses 463 :learned 1)
(nlsat :conflicts 1 :decisions 0 :propagations 33 :clauses 465 :learned 1)
(nlsat :conflicts 1 :decisions 0 :propagations 43 :clauses 463 :learned 1)
ramon: poll                 wall=1.000s usage=0.948s mem=57356KiB load=0.95 rootload=0.93
(sat.ddfw :unsat :models :kflips/sec   :flips :restarts   :reinits  :unsat_vars  :shifts)
(sat.ddfw       1     36     5.6293    149001         1          5            2    33952)
SLS -> SMT phase. unsat size: 1
SLS -> SMT values
(nlsat :conflicts 1 :decisions 0 :propagations 39 :clauses 464 :learned 1)
(sat.ddfw       1     37     5.3462    154112         1          5            3    35094)
(nlsat :conflicts 1 :decisions 0 :propagations 38 :clauses 463 :learned 1)
(sat.ddfw       1     37     5.1623    159233         1          5            2    36277)
SLS -> SMT phase. unsat size: 1
SLS -> SMT values
(nlsat :conflicts 1 :decisions 0 :propagations 32 :clauses 463 :learned 1)
(sat.ddfw       1     37     5.0107    164379         1          5            2    37450)
SLS -> SMT phase. unsat size: 1
SLS -> SMT values
(sat.ddfw       1     37     0.0000    164379         1          5            2    37450)
(sat.ddfw       1     37     4.8996    169553         1          6            2    38632)
SLS -> SMT phase. unsat size: 1
SLS -> SMT values
(nlsat :conflicts 1 :decisions 0 :propagations 39 :clauses 463 :learned 1)
(sat.ddfw       1     38     4.7390    174728         1          6            3    39845)
(sat.ddfw       1     39     4.6078    179898         1          6            3    40994)
(nlsat :conflicts 2 :decisions 0 :propagations 44 :clauses 449 :learned 2)
(sat.ddfw       1     39     4.4814    185092         1          6            3    42162)
(sat.ddfw       1     40     4.3415    190254         1          6            3    43327)
(sat.ddfw       1     41     4.2108    195387         1          6            2    44525)
SLS -> SMT phase. unsat size: 1
SLS -> SMT values
(sat.ddfw       1     42     4.1402    200554         1          6            3    45710)
(sat.ddfw       1     42     4.0297    205704         2          6            3    46849)
(nlsat :conflicts 2 :decisions 0 :propagations 61 :clauses 468 :learned 2)
(sat.ddfw       1     43     3.9681    210926         2          6            5    48005)
(sat.ddfw       1     44     3.8320    216080         2          6            3    49184)
(sat.ddfw       1     45     3.7582    221240         2          6            3    50352)
SLS -> SMT activity
(nlsat :conflicts 1 :decisions 0 :propagations 32 :clauses 467 :learned 1)
(sat.ddfw       1     45     0.0000    221240         2          6            3    50352)
(sat.ddfw       1     46     3.6610    226402         2          7            3    51545)
(sat.ddfw       1     46     3.5694    231542         2          7            3    52716)
(sat.ddfw       1     47     3.4894    236668         2          7            3    53890)
(nlsat :conflicts 1 :decisions 0 :propagations 33 :clauses 465 :learned 1)
(sat.ddfw       1     48     3.4084    241801         2          7            2    55050)
SLS -> SMT phase. unsat size: 1
SLS -> SMT values
(nlsat :conflicts 1 :decisions 0 :propagations 36 :clauses 464 :learned 1)
(nlsat :conflicts 1 :decisions 0 :propagations 47 :clauses 451 :learned 1)
(sat.ddfw       1     48     3.3098    246961         2          7            2    56189)
SLS -> SMT phase. unsat size: 1
SLS -> SMT values
(sat.ddfw       1     49     3.2484    252113         2          7            2    57359)
SLS -> SMT phase. unsat size: 1
SLS -> SMT values
(sat.ddfw       1     49     3.2186    257311         2          7            2    58524)
SLS -> SMT phase. unsat size: 1
SLS -> SMT values
(nlsat :conflicts 1 :decisions 0 :propagations 112 :clauses 453 :learned 1)
(nlsat :conflicts 1 :decisions 0 :propagations 138 :clauses 453 :learned 1)
(nlsat :conflicts 2 :decisions 0 :propagations 113 :clauses 452 :learned 2)
(smt.stats    0    101   5877    901  1349/1317/16     151/7     1    0   55.19)
SMT -> SLS units 1 2 3 4 5 6 7 8 9 10 -184 -245 -246 -247 248 249
(sat.ddfw       1     50     3.0842    262437         2          7            2    59721)
SLS -> SMT phase. unsat size: 1
SLS -> SMT values
(sat.ddfw       1     51     3.0432    267583         2          7            2    60892)
SLS -> SMT phase. unsat size: 1
SLS -> SMT values
(sat.ddfw       1     52     2.9820    272712         2          7            3    62065)
50 50
SMT -> SLS values
(sat.ddfw       1     53     2.2993    276876         2          7            4    62686)
(sat.ddfw       1     54     2.2973    281211         2          7            7    63492)
ramon: poll                 wall=2.000s usage=1.948s mem=57608KiB load=1.00 rootload=1.00
(sat.ddfw       1     55     2.1153    285374         2          7            4    64350)
(sat.ddfw :unsat :models :kflips/sec   :flips :restarts   :reinits  :unsat_vars  :shifts)
(sat.ddfw       1     56     2.0622    289618         2          7           18    65006)
(sat.ddfw       1     57     2.0589    294022         2          7            2    65644)
SLS -> SMT phase. unsat size: 1
SLS -> SMT values
(sat.ddfw       1     57     0.0000    294022         2          7            2    65644)
(sat.ddfw       1     58     1.9283    298274         2          8            6    66599)
(sat.ddfw       1     59     1.4754    301638         2          8            1    67897)
SLS -> SMT phase. unsat size: 1
SLS -> SMT values
(sat.ddfw       1     59     0.0114    301665         3          8            1    70477)
SLS -> SMT phase. unsat size: 1
SLS -> SMT values
(nlsat :conflicts 2 :decisions 0 :propagations 53 :clauses 483 :learned 2)
(nlsat :conflicts 2 :decisions 0 :propagations 57 :clauses 483 :learned 2)
(nlsat :conflicts 2 :decisions 0 :propagations 54 :clauses 481 :learned 2)
(nlsat :conflicts 2 :decisions 0 :propagations 54 :clauses 482 :learned 2)
(nlsat :conflicts 2 :decisions 0 :propagations 54 :clauses 484 :learned 2)
(sat.ddfw       1     59     0.0112    301693         4          8            1    73074)
SLS -> SMT phase. unsat size: 1
SLS -> SMT values
(nlsat :conflicts 2 :decisions 0 :propagations 55 :clauses 480 :learned 2)
(nlsat :conflicts 2 :decisions 0 :propagations 57 :clauses 495 :learned 2)
(nlsat :conflicts 2 :decisions 0 :propagations 57 :clauses 497 :learned 2)
(nlsat :conflicts 1 :decisions 0 :propagations 38 :clauses 507 :learned 1)
(nlsat :conflicts 2 :decisions 0 :propagations 59 :clauses 495 :learned 2)
(sat.ddfw       1     59     0.0098    301719         5          8            1    75669)
SLS -> SMT phase. unsat size: 1
SLS -> SMT values
SLS -> SMT activity
(sat.ddfw       1     59     0.0090    301744         6          8            1    78261)
SLS -> SMT phase. unsat size: 1
SLS -> SMT values
(sat.ddfw       1     59     0.0172    301794         8          8            1    80862)
SLS -> SMT phase. unsat size: 1
SLS -> SMT values
(nlsat :conflicts 2 :decisions 0 :propagations 57 :clauses 493 :learned 2)
ramon: poll                 wall=3.000s usage=2.947s mem=57888KiB load=1.00 rootload=1.00
(sat.ddfw       1     59     0.0007    301796         8          8            1    83445)
SLS -> SMT phase. unsat size: 1
SLS -> SMT values
(sat.ddfw       1     59     0.0076    301820         9          8            1    86040)
SLS -> SMT phase. unsat size: 1
SLS -> SMT values
(nlsat :conflicts 2 :decisions 0 :propagations 57 :clauses 490 :learned 2)
(sat.ddfw       1     59     0.0070    301843        10          8            1    88648)
SLS -> SMT phase. unsat size: 1
SLS -> SMT values
(sat.ddfw       1     59     0.0085    301872        11          8            1    91228)
SLS -> SMT phase. unsat size: 1
SLS -> SMT values
(sat.ddfw       1     59     0.0065    301895        12          8            1    93811)
SLS -> SMT phase. unsat size: 1
SLS -> SMT values
(nlsat :conflicts 2 :decisions 0 :propagations 47 :clauses 466 :learned 2)
(sat.ddfw       1     59     0.0005    301897        12          8            1    96398)
SLS -> SMT phase. unsat size: 1
SLS -> SMT values
(sat.ddfw       1     59     0.0063    301921        13          8            1    98990)
SLS -> SMT phase. unsat size: 1
SLS -> SMT values
(nlsat :conflicts 2 :decisions 0 :propagations 48 :clauses 467 :learned 2)
ramon: poll                 wall=4.000s usage=3.947s mem=57896KiB load=1.00 rootload=1.00
(sat.ddfw       1     59     0.0005    301923        13          8            1   101608)
SLS -> SMT phase. unsat size: 1
SLS -> SMT values
(nlsat :conflicts 2 :decisions 0 :propagations 46 :clauses 472 :learned 2)
(sat.ddfw       1     59     0.0062    301948        14          8            1   104215)
SLS -> SMT phase. unsat size: 1
SLS -> SMT values
(nlsat :conflicts 2 :decisions 0 :propagations 46 :clauses 475 :learned 2)
(sat.ddfw       1     59     0.0053    301970        15          8            1   106818)
SLS -> SMT phase. unsat size: 1
SLS -> SMT values
(sat.ddfw       1     59     0.0005    301972        15          8            1   109416)
SLS -> SMT phase. unsat size: 1
SLS -> SMT values
(nlsat :conflicts 2 :decisions 0 :propagations 56 :clauses 488 :learned 2)
(sat.ddfw       1     59     0.0056    301997        16          8            1   112010)
SLS -> SMT phase. unsat size: 1
SLS -> SMT values
(sat.ddfw       1     59     0.0050    302020        17          8            1   114604)
SLS -> SMT phase. unsat size: 1
SLS -> SMT values
(sat.ddfw       1     59     0.0004    302022        17          8            1   117194)
SLS -> SMT phase. unsat size: 1
SLS -> SMT values
(nlsat :conflicts 2 :decisions 0 :propagations 54 :clauses 496 :learned 2)
(sat.ddfw       1     59     0.0050    302046        18          8            1   119787)
SLS -> SMT phase. unsat size: 1
SLS -> SMT values
ramon: poll                 wall=5.000s usage=4.947s mem=57896KiB load=1.00 rootload=1.00
(sat.ddfw       1     59     0.0049    302070        19          8            1   122399)
SLS -> SMT phase. unsat size: 1
SLS -> SMT values
(sat.ddfw       1     59     0.0004    302072        19          8            1   125016)
SLS -> SMT phase. unsat size: 1
SLS -> SMT values
(nlsat :conflicts 2 :decisions 0 :propagations 54 :clauses 492 :learned 2)
(sat.ddfw       1     59     0.0046    302096        20          8            1   127610)
SLS -> SMT phase. unsat size: 1
SLS -> SMT values
SLS -> SMT activity
(nlsat :conflicts 1 :decisions 0 :propagations 51 :clauses 500 :learned 1)
(nlsat :conflicts 2 :decisions 0 :propagations 58 :clauses 502 :learned 2)
(nlsat :conflicts 1 :decisions 0 :propagations 46 :clauses 498 :learned 1)
(nlsat :conflicts 2 :decisions 0 :propagations 62 :clauses 498 :learned 2)
(nlsat :conflicts 2 :decisions 0 :propagations 61 :clauses 497 :learned 2)
(nlsat :conflicts 2 :decisions 0 :propagations 64 :clauses 493 :learned 2)
(nlsat :conflicts 2 :decisions 0 :propagations 61 :clauses 493 :learned 2)
(nlsat :conflicts 1 :decisions 0 :propagations 55 :clauses 509 :learned 1)
(nlsat :conflicts 1 :decisions 0 :propagations 56 :clauses 511 :learned 1)
(nlsat :conflicts 1 :decisions 0 :propagations 52 :clauses 509 :learned 1)
(smt.stats    1    202  10824   2667  1398/1369/17     292/11     2    0   55.34)
(sat.ddfw       1     59     0.0048    302122        21          8            1   130199)
SLS -> SMT phase. unsat size: 1
SLS -> SMT values
(sat.ddfw       1     59     0.0043    302146        22          8            1   132804)
SLS -> SMT phase. unsat size: 1
SLS -> SMT values
(nlsat :conflicts 1 :decisions 0 :propagations 35 :clauses 511 :learned 1)
(sat.ddfw :unsat :models :kflips/sec   :flips :restarts   :reinits  :unsat_vars  :shifts)
(sat.ddfw       1     59     0.0004    302148        22          8            1   135393)
SLS -> SMT phase. unsat size: 1
SLS -> SMT values
(sat.ddfw       1     59     0.0041    302172        23          8            1   137971)
SLS -> SMT phase. unsat size: 1
SLS -> SMT values
ramon: poll                 wall=6.000s usage=5.947s mem=58036KiB load=1.00 rootload=1.00
(sat.ddfw       1     59     0.0044    302198        24          8            1   140566)
SLS -> SMT phase. unsat size: 1
SLS -> SMT values
(sat.ddfw       1     59     0.0003    302200        24          8            1   143149)
SLS -> SMT phase. unsat size: 1
SLS -> SMT values
(sat.ddfw       1     59     0.0039    302224        25          8            1   145769)
SLS -> SMT phase. unsat size: 1
SLS -> SMT values
(sat.ddfw       1     59     0.0038    302248        26          8            1   148360)
SLS -> SMT phase. unsat size: 1
SLS -> SMT values
(sat.ddfw       1     59     0.0003    302250        26          8            1   150961)
SLS -> SMT phase. unsat size: 1
SLS -> SMT values
(sat.ddfw       1     59     0.0037    302274        27          8            1   153547)
SLS -> SMT phase. unsat size: 1
SLS -> SMT values
(sat.ddfw       1     59     0.0003    302276        27          8            1   156154)
SLS -> SMT phase. unsat size: 1
SLS -> SMT values
(sat.ddfw       1     59     0.0034    302299        28          8            1   158762)
SLS -> SMT phase. unsat size: 1
SLS -> SMT values
(nlsat :conflicts 1 :decisions 0 :propagations 68 :clauses 530 :learned 1)
ramon: poll                 wall=7.000s usage=6.947s mem=58356KiB load=1.00 rootload=1.00
(sat.ddfw       1     59     0.0003    302301        28          8            1   161371)
SLS -> SMT phase. unsat size: 1
SLS -> SMT values
(sat.ddfw       1     59     0.0038    302328        29          8            1   163964)
SLS -> SMT phase. unsat size: 1
SLS -> SMT values
(nlsat :conflicts 1 :decisions 0 :propagations 43 :clauses 529 :learned 1)
(sat.ddfw       1     59     0.0033    302352        30          8            1   166562)
SLS -> SMT phase. unsat size: 1
SLS -> SMT values
(nlsat :conflicts 1 :decisions 0 :propagations 36 :clauses 528 :learned 1)
(sat.ddfw       1     59     0.0031    302375        31          8            1   169154)
SLS -> SMT phase. unsat size: 1
SLS -> SMT values
(nlsat :conflicts 1 :decisions 0 :propagations 69 :clauses 525 :learned 1)
(sat.ddfw       1     59     0.0003    302377        31          8            1   171759)
SLS -> SMT phase. unsat size: 1
SLS -> SMT values
(nlsat :conflicts 1 :decisions 0 :propagations 45 :clauses 525 :learned 1)
(sat.ddfw       1     59     0.0034    302403        32          8            1   174366)
SLS -> SMT phase. unsat size: 1
SLS -> SMT values
(nlsat :conflicts 1 :decisions 0 :propagations 70 :clauses 524 :learned 1)
(sat.ddfw       1     59     0.0032    302428        33          8            1   176959)
SLS -> SMT phase. unsat size: 1
SLS -> SMT values
(nlsat :conflicts 1 :decisions 0 :propagations 45 :clauses 524 :learned 1)
(sat.ddfw       1     59     0.0032    302453        34          8            1   179564)
SLS -> SMT phase. unsat size: 1
SLS -> SMT values
SLS -> SMT activity
(nlsat :conflicts 1 :decisions 0 :propagations 72 :clauses 525 :learned 1)
ramon: poll                 wall=8.000s usage=7.947s mem=58492KiB load=1.00 rootload=1.00
(sat.ddfw       1     60     0.5389    306746        35          8            4   180404)
(sat.ddfw       1     61     0.4813    310626        35          8            6   181114)
(nlsat :conflicts 1 :decisions 0 :propagations 45 :clauses 511 :learned 1)
(sat.ddfw       1     62     0.3924    313840        35          8           13   181421)
(nlsat :conflicts 1 :decisions 0 :propagations 34 :clauses 511 :learned 1)
(sat.ddfw       1     63     0.3512    316764        35          8            5   181613)
(nlsat :conflicts 1 :decisions 0 :propagations 33 :clauses 512 :learned 1)
(sat.ddfw       1     64     0.4799    320801        35          8            2   182407)
SLS -> SMT phase. unsat size: 1
SLS -> SMT values
(sat.ddfw       1     65     0.4994    325033        35          8            2   183336)
SLS -> SMT phase. unsat size: 1
SLS -> SMT values
(nlsat :conflicts 1 :decisions 0 :propagations 48 :clauses 514 :learned 1)
(sat.ddfw       1     66     0.4943    329260        35          8            2   184189)
SLS -> SMT phase. unsat size: 1
SLS -> SMT values
(nlsat :conflicts 1 :decisions 0 :propagations 36 :clauses 512 :learned 1)
(sat.ddfw       1     67     0.3514    332300        35          8            1   185639)
SLS -> SMT phase. unsat size: 1
SLS -> SMT values
(nlsat :conflicts 1 :decisions 0 :propagations 51 :clauses 510 :learned 1)
(sat.ddfw       1     67     0.0005    332304        35          8            1   188917)
SLS -> SMT phase. unsat size: 1
SLS -> SMT values
(nlsat :conflicts 1 :decisions 0 :propagations 46 :clauses 512 :learned 1)
ramon: poll                 wall=9.000s usage=8.947s mem=58504KiB load=1.00 rootload=1.00
(sat.ddfw       1     67     0.0021    332323        36          8            1   192181)
SLS -> SMT phase. unsat size: 1
SLS -> SMT values
(nlsat :conflicts 1 :decisions 0 :propagations 43 :clauses 513 :learned 1)
(sat.ddfw       1     67     0.0019    332340        37          8            1   195440)
SLS -> SMT phase. unsat size: 1
SLS -> SMT values
(nlsat :conflicts 1 :decisions 0 :propagations 43 :clauses 513 :learned 1)
(sat.ddfw       1     67     0.0017    332356        38          8            1   198692)
SLS -> SMT phase. unsat size: 1
SLS -> SMT values
(nlsat :conflicts 1 :decisions 0 :propagations 35 :clauses 513 :learned 1)
(sat.ddfw :unsat :models :kflips/sec   :flips :restarts   :reinits  :unsat_vars  :shifts)
(sat.ddfw       1     67     0.0033    332387        40          8            1   201949)
SLS -> SMT phase. unsat size: 1
SLS -> SMT values
(sat.ddfw       1     67     0.0017    332403        41          8            1   205209)
SLS -> SMT phase. unsat size: 1
SLS -> SMT values
(sat.ddfw       1     67     0.0015    332418        42          8            1   208439)
SLS -> SMT phase. unsat size: 1
SLS -> SMT values
(nlsat :conflicts 1 :decisions 0 :propagations 36 :clauses 514 :learned 1)
(sat.ddfw       1     67     0.0002    332420        42          8            1   211681)
SLS -> SMT phase. unsat size: 1
SLS -> SMT values
(nlsat :conflicts 1 :decisions 0 :propagations 40 :clauses 513 :learned 1)
ramon: poll                 wall=10.000s usage=9.946s mem=58512KiB load=1.00 rootload=1.00
(sat.ddfw       1     67     0.0015    332435        43          8            1   214908)
SLS -> SMT phase. unsat size: 1
SLS -> SMT values
(nlsat :conflicts 1 :decisions 0 :propagations 41 :clauses 514 :learned 1)
66 66
SMT -> SLS values
(sat.ddfw       1     68     0.4149    336625        43          8            3   215716)
(sat.ddfw       1     69     0.3899    340595        43          8            5   216701)
(sat.ddfw       1     70     0.3780    344476        43          8            2   217674)
SLS -> SMT phase. unsat size: 1
SLS -> SMT values
SLS -> SMT activity
(sat.ddfw       1     71     0.3752    348361        43          8            3   218577)
(sat.ddfw       1     72     0.3692    352218        43          8            5   219484)
(sat.ddfw       1     73     0.3706    356122        43          8            2   220432)
SLS -> SMT phase. unsat size: 1
SLS -> SMT values
(sat.ddfw       1     74     0.3810    360167        43          8            3   221360)
(sat.ddfw       1     75     0.3742    364170        43          8            2   222313)
SLS -> SMT phase. unsat size: 1
SLS -> SMT values
(sat.ddfw       1     76     0.3747    368210        43          8            4   223172)
(smt.stats    2    313  14307   4117  1451/1413/19     428/14     3    0   55.84)
(sat.ddfw       1     77     0.3655    372182        43          8            3   224094)
(sat.ddfw       1     77     0.0000    372182        43          8            3   224094)
ramon: poll                 wall=11.000s usage=10.946s mem=58892KiB load=1.00 rootload=1.00
(sat.ddfw       1     78     0.3587    376112        43          9            2   224917)
SLS -> SMT phase. unsat size: 1
SLS -> SMT values
(sat.ddfw       1     79     0.3644    380136        43          9            2   225714)
SLS -> SMT phase. unsat size: 1
SLS -> SMT values
(sat.ddfw       1     80     0.3632    384180        43          9            3   226555)
(nlsat :conflicts 1 :decisions 0 :propagations 50 :clauses 534 :learned 1)
(sat.ddfw       1     81     0.1346    385691        44          9            1   228532)
SLS -> SMT phase. unsat size: 1
SLS -> SMT values
(sat.ddfw       1     81     0.0002    385693        44          9            1   231182)
SLS -> SMT phase. unsat size: 1
SLS -> SMT values
(nlsat :conflicts 1 :decisions 0 :propagations 48 :clauses 534 :learned 1)
(sat.ddfw       1     81     0.0002    385695        44          9            1   233832)
SLS -> SMT phase. unsat size: 1
SLS -> SMT values
(sat.ddfw       1     81     0.0022    385720        45          9            1   236459)
SLS -> SMT phase. unsat size: 1
SLS -> SMT values
(sat.ddfw       1     81     0.0020    385743        46          9            1   239107)
SLS -> SMT phase. unsat size: 1
SLS -> SMT values
(sat.ddfw       1     81     0.0002    385745        46          9            1   241745)
SLS -> SMT phase. unsat size: 1
SLS -> SMT values
(sat.ddfw       1     81     0.0019    385767        47          9            1   244362)
SLS -> SMT phase. unsat size: 1
SLS -> SMT values
(nlsat :conflicts 1 :decisions 0 :propagations 101 :clauses 551 :learned 1)
(sat.ddfw       1     81     0.0018    385789        48          9            1   247000)
SLS -> SMT phase. unsat size: 1
SLS -> SMT values
ramon: poll                 wall=12.000s usage=11.946s mem=59164KiB load=1.00 rootload=1.00
(sat.ddfw       1     81     0.0018    385811        49          9            1   249641)
SLS -> SMT phase. unsat size: 1
SLS -> SMT values
(nlsat :conflicts 1 :decisions 0 :propagations 79 :clauses 566 :learned 1)
(sat.ddfw       1     81     0.0002    385813        49          9            1   252305)
SLS -> SMT phase. unsat size: 1
SLS -> SMT values
SLS -> SMT activity
(nlsat :conflicts 1 :decisions 0 :propagations 92 :clauses 574 :learned 1)
(smt.stats    3    414  15900   5293  1506/1459/19     581/16     3    0   56.03)
(nlsat :conflicts 1 :decisions 0 :propagations 78 :clauses 540 :learned 1)
(sat.ddfw       1     81     0.0017    385834        50          9            1   254941)
SLS -> SMT phase. unsat size: 1
SLS -> SMT values
(sat.ddfw :unsat :models :kflips/sec   :flips :restarts   :reinits  :unsat_vars  :shifts)
(sat.ddfw       1     81     0.0002    385836        50          9            1   257604)
SLS -> SMT phase. unsat size: 1
SLS -> SMT values
(sat.ddfw       1     81     0.0016    385856        51          9            1   260247)
SLS -> SMT phase. unsat size: 1
SLS -> SMT values
(nlsat :conflicts 1 :decisions 0 :propagations 72 :clauses 538 :learned 1)
(sat.ddfw       1     81     0.0002    385858        51          9            1   262885)
SLS -> SMT phase. unsat size: 1
SLS -> SMT values
(sat.ddfw       1     81     0.0019    385882        52          9            1   265531)
SLS -> SMT phase. unsat size: 1
SLS -> SMT values
(sat.ddfw       1     81     0.0018    385905        53          9            1   268161)
SLS -> SMT phase. unsat size: 1
SLS -> SMT values
(nlsat :conflicts 1 :decisions 0 :propagations 57 :clauses 524 :learned 1)
(smt.stats    4    525  17427   6425  1514/1470/19     712/18     3    0   56.69)
(sat.ddfw       1     81     0.0016    385926        54          9            1   270803)
SLS -> SMT phase. unsat size: 1
SLS -> SMT values
(nlsat :conflicts 1 :decisions 0 :propagations 71 :clauses 589 :learned 1)
ramon: poll                 wall=13.000s usage=12.946s mem=59640KiB load=1.00 rootload=1.00
(sat.ddfw       1     81     0.0002    385928        54          9            1   273447)
SLS -> SMT phase. unsat size: 1
SLS -> SMT values
(nlsat :conflicts 1 :decisions 0 :propagations 71 :clauses 588 :learned 1)
(sat.ddfw       1     81     0.0015    385948        55          9            1   276103)
SLS -> SMT phase. unsat size: 1
SLS -> SMT values
(nlsat :conflicts 1 :decisions 0 :propagations 215 :clauses 590 :learned 1)
(smt.stats    5    647  17905   7367  1514/1470/21     723/23     4  148   56.68)
ramon: poll                 wall=14.000s usage=13.946s mem=59644KiB load=1.00 rootload=1.00
(sat.ddfw       1     81     0.0085    386067        60          9            1   302586)
SLS -> SMT activity
(sat.ddfw       1     81     0.0016    386089        61          9            1   305211)
SLS -> SMT phase. unsat size: 1
SLS -> SMT values
(sat.ddfw       1     81     0.0017    386113        62          9            1   307842)
SLS -> SMT phase. unsat size: 1
SLS -> SMT values
(sat.ddfw       1     81     0.0018    386138        63          9            1   310498)
SLS -> SMT phase. unsat size: 1
SLS -> SMT values
(nlsat :conflicts 1 :decisions 0 :propagations 80 :clauses 595 :learned 1)
(sat.ddfw       1     81     0.0015    386160        64          9            1   313132)
SLS -> SMT phase. unsat size: 1
SLS -> SMT values
(nlsat :conflicts 1 :decisions 0 :propagations 192 :clauses 600 :learned 1)
(nlsat :conflicts 1 :decisions 0 :propagations 78 :clauses 595 :learned 1)
(nlsat :conflicts 1 :decisions 0 :propagations 98 :clauses 595 :learned 1)
(sat.ddfw       1     81     0.0016    386183        65          9            1   315753)
SLS -> SMT phase. unsat size: 1
SLS -> SMT values
(sat.ddfw       1     81     0.0015    386205        66          9            1   318400)
SLS -> SMT phase. unsat size: 1
SLS -> SMT values
(nlsat :conflicts 1 :decisions 0 :propagations 40 :clauses 546 :learned 1)
(sat.ddfw       1     81     0.0001    386207        66          9            1   321049)
SLS -> SMT phase. unsat size: 1
SLS -> SMT values
(sat.ddfw       1     81     0.0014    386228        67          9            1   323700)
SLS -> SMT phase. unsat size: 1
SLS -> SMT values
(nlsat :conflicts 1 :decisions 0 :propagations 41 :clauses 545 :learned 1)
(sat.ddfw       1     81     0.0001    386230        67          9            1   326342)
SLS -> SMT phase. unsat size: 1
SLS -> SMT values
(nlsat :conflicts 1 :decisions 0 :propagations 56 :clauses 552 :learned 1)
ramon: poll                 wall=15.019s usage=14.965s mem=60148KiB load=1.00 rootload=1.00
(sat.ddfw       1     81     0.0016    386254        68          9            1   328980)
SLS -> SMT phase. unsat size: 1
SLS -> SMT values
(nlsat :conflicts 1 :decisions 0 :propagations 41 :clauses 552 :learned 1)
(sat.ddfw       1     81     0.0014    386275        69          9            1   331642)
SLS -> SMT phase. unsat size: 1
SLS -> SMT values
SLS -> SMT activity
(nlsat :conflicts 1 :decisions 0 :propagations 43 :clauses 557 :learned 1)
(nlsat :conflicts 1 :decisions 0 :propagations 50 :clauses 553 :learned 1)
(nlsat :conflicts 1 :decisions 0 :propagations 46 :clauses 553 :learned 1)
(nlsat :conflicts 1 :decisions 0 :propagations 50 :clauses 553 :learned 1)
(nlsat :conflicts 1 :decisions 0 :propagations 38 :clauses 552 :learned 1)
(nlsat :conflicts 1 :decisions 0 :propagations 55 :clauses 552 :learned 1)
(nlsat :conflicts 1 :decisions 0 :propagations 38 :clauses 554 :learned 1)
(nlsat :conflicts 1 :decisions 0 :propagations 38 :clauses 554 :learned 1)
(smt.stats :restarts :decisions    :clauses/bin/units         :simplify   :memory)
(smt.stats      :conflicts   :propagations         :lemmas       :deletions     )
(smt.stats    6    748  20211   9032  1517/1470/21     859/23     4  148   57.08)
ramon: poll                 wall=16.000s usage=15.945s mem=60148KiB load=1.00 rootload=1.00
(sat.ddfw       1     81     0.0042    386344        72          9            1   360698)
SLS -> SMT activity
(sat.ddfw       1     81     0.0014    386367        73          9            1   363356)
SLS -> SMT phase. unsat size: 1
SLS -> SMT values
(smt.stats    7    859  21814  10795  1535/1489/21     964/25     5  182   57.18)
(smt.stats    8    981  22184  11479  1535/1489/21    1120/27     5  182   57.27)
ramon: poll                 wall=17.000s usage=16.945s mem=60152KiB load=1.00 rootload=1.00
(sat.ddfw       1     81     0.0056    386464        77          9            1   395069)
SLS -> SMT activity
(sat.ddfw       1     81     0.0013    386486        78          9            1   397710)
SLS -> SMT phase. unsat size: 1
SLS -> SMT values
(sat.ddfw       1     81     0.0012    386508        79          9            1   400348)
SLS -> SMT phase. unsat size: 1
SLS -> SMT values
(sat.ddfw       1     81     0.0012    386529        80          9            1   402991)
SLS -> SMT phase. unsat size: 1
SLS -> SMT values
(sat.ddfw       1     81     0.0001    386531        80          9            1   405634)
SLS -> SMT phase. unsat size: 1
SLS -> SMT values
(sat.ddfw       1     81     0.0012    386553        81          9            1   408282)
SLS -> SMT phase. unsat size: 1
SLS -> SMT values
ramon: poll                 wall=18.000s usage=17.945s mem=60152KiB load=1.00 rootload=1.00
(nlsat :conflicts 1 :decisions 0 :propagations 88 :clauses 530 :learned 1)
(sat.ddfw       1     81     0.0012    386575        82          9            1   410931)
SLS -> SMT phase. unsat size: 1
SLS -> SMT values
(nlsat :conflicts 1 :decisions 0 :propagations 90 :clauses 529 :learned 1)
(sat.ddfw       1     81     0.0013    386598        83          9            1   413570)
SLS -> SMT phase. unsat size: 1
SLS -> SMT values
(sat.ddfw :unsat :models :kflips/sec   :flips :restarts   :reinits  :unsat_vars  :shifts)
(sat.ddfw       1     81     0.0012    386620        84          9            1   416210)
SLS -> SMT phase. unsat size: 1
SLS -> SMT values
(nlsat :conflicts 1 :decisions 0 :propagations 83 :clauses 516 :learned 1)
(smt.stats    9   1115  24021  12726  1535/1489/21    1287/28     5  182   57.08)
(sat.ddfw       1     81     0.0001    386622        84          9            1   418858)
SLS -> SMT phase. unsat size: 1
SLS -> SMT values
(sat.ddfw       1     81     0.0011    386643        85          9            1   421491)
SLS -> SMT phase. unsat size: 1
SLS -> SMT values
(nlsat :conflicts 1 :decisions 0 :propagations 60 :clauses 523 :learned 1)
(sat.ddfw       1     81     0.0001    386645        85          9            1   424159)
SLS -> SMT phase. unsat size: 1
SLS -> SMT values
(nlsat :conflicts 1 :decisions 0 :propagations 64 :clauses 528 :learned 1)
(sat.ddfw       1     81     0.0011    386666        86          9            1   426801)
SLS -> SMT phase. unsat size: 1
SLS -> SMT values
(sat.ddfw       1     81     0.0001    386668        86          9            1   429435)
SLS -> SMT phase. unsat size: 1
SLS -> SMT values
(nlsat :conflicts 1 :decisions 0 :propagations 145 :clauses 530 :learned 1)
(sat.ddfw       1     81     0.0012    386690        87          9            1   432084)
SLS -> SMT phase. unsat size: 1
SLS -> SMT values
(nlsat :conflicts 1 :decisions 0 :propagations 196 :clauses 529 :learned 1)
ramon: poll                 wall=19.000s usage=18.944s mem=60352KiB load=1.00 rootload=1.00
(sat.ddfw       1     81     0.0001    386692        87          9            1   434737)
SLS -> SMT phase. unsat size: 1
SLS -> SMT values
(nlsat :conflicts 2 :decisions 0 :propagations 212 :clauses 531 :learned 2)
(sat.ddfw       1     81     0.0014    386718        88          9            1   437374)
SLS -> SMT phase. unsat size: 1
SLS -> SMT values
(nlsat :conflicts 2 :decisions 0 :propagations 212 :clauses 531 :learned 2)
(nlsat :conflicts 1 :decisions 0 :propagations 197 :clauses 513 :learned 1)
(sat.ddfw       1     81     0.0011    386740        89          9            1   440020)
SLS -> SMT phase. unsat size: 1
SLS -> SMT values
(sat.ddfw       1     81     0.0001    386742        89          9            1   442684)
SLS -> SMT phase. unsat size: 1
SLS -> SMT values
(nlsat :conflicts 1 :decisions 0 :propagations 60 :clauses 549 :learned 1)
(smt.stats   10   1216  25582  14047  1535/1489/21    1406/29     5  182   57.32)
(sat.ddfw       1     81     0.0011    386763        90          9            1   445317)
SLS -> SMT phase. unsat size: 1
SLS -> SMT values
SLS -> SMT activity
(sat.ddfw       1     81     0.0001    386765        90          9            1   447959)
SLS -> SMT phase. unsat size: 1
SLS -> SMT values
(sat.ddfw       1     81     0.0011    386787        91          9            1   450590)
SLS -> SMT phase. unsat size: 1
SLS -> SMT values
(nlsat :conflicts 1 :decisions 0 :propagations 45 :clauses 557 :learned 1)
(smt.stats   11   1327  28150  16631  1535/1489/21    1529/29     5  182   57.44)
(sat.ddfw       1     81     0.0001    386789        91          9            1   453239)
SLS -> SMT phase. unsat size: 1
SLS -> SMT values
(sat.ddfw       1     81     0.0012    386813        92          9            1   455874)
SLS -> SMT phase. unsat size: 1
SLS -> SMT values
(sat.ddfw       1     81     0.0011    386835        93          9            1   458507)
SLS -> SMT phase. unsat size: 1
SLS -> SMT values
(nlsat :conflicts 4 :decisions 0 :propagations 223 :clauses 558 :learned 4)
ramon: poll                 wall=20.000s usage=19.944s mem=60624KiB load=1.00 rootload=1.00
(sat.ddfw       1     81     0.0012    386858        94          9            1   461142)
SLS -> SMT phase. unsat size: 1
SLS -> SMT values
(nlsat :conflicts 1 :decisions 0 :propagations 198 :clauses 535 :learned 1)
(sat.ddfw       1     81     0.0010    386879        95          9            1   463796)
SLS -> SMT phase. unsat size: 1
SLS -> SMT values
(nlsat :conflicts 1 :decisions 0 :propagations 211 :clauses 589 :learned 1)
(nlsat :conflicts 1 :decisions 0 :propagations 224 :clauses 591 :learned 1)
(nlsat :conflicts 1 :decisions 0 :propagations 213 :clauses 588 :learned 1)
(nlsat :conflicts 1 :decisions 0 :propagations 222 :clauses 589 :learned 1)
(nlsat :conflicts 1 :decisions 0 :propagations 216 :clauses 589 :learned 1)
(nlsat :conflicts 1 :decisions 0 :propagations 210 :clauses 588 :learned 1)
(nlsat :conflicts 1 :decisions 0 :propagations 220 :clauses 590 :learned 1)
(nlsat :conflicts 1 :decisions 0 :propagations 214 :clauses 592 :learned 1)
(nlsat :conflicts 2 :decisions 0 :propagations 61 :clauses 642 :learned 2)
(nlsat :conflicts 1 :decisions 0 :propagations 210 :clauses 601 :learned 1)
(sat.ddfw       1     81     0.0001    386881        95          9            1   466448)
SLS -> SMT phase. unsat size: 1
SLS -> SMT values
(sat.ddfw       1     81     0.0011    386904        96          9            1   469093)
SLS -> SMT phase. unsat size: 1
SLS -> SMT values
(sat.ddfw       1     81     0.0001    386906        96          9            1   471750)
SLS -> SMT phase. unsat size: 1
SLS -> SMT values
(sat.ddfw       1     81     0.0011    386929        97          9            1   474410)
SLS -> SMT phase. unsat size: 1
SLS -> SMT values
(sat.ddfw       1     81     0.0011    386951        98          9            1   477043)
SLS -> SMT phase. unsat size: 1
SLS -> SMT values
(sat.ddfw       1     81     0.0009    386970        99          9            1   479693)
SLS -> SMT phase. unsat size: 1
SLS -> SMT values
(sat.ddfw       1     81     0.0010    386991       100          9            1   482329)
SLS -> SMT phase. unsat size: 1
SLS -> SMT values
ramon: poll                 wall=21.000s usage=20.944s mem=61016KiB load=1.00 rootload=1.00
(sat.ddfw       1     81     0.0010    387011       101          9            1   484977)
SLS -> SMT phase. unsat size: 1
SLS -> SMT values
(sat.ddfw       1     81     0.0001    387013       101          9            1   487625)
SLS -> SMT phase. unsat size: 1
SLS -> SMT values
(smt.stats :restarts :decisions    :clauses/bin/units         :simplify   :memory)
(smt.stats     :conflicts   :propagations         :lemmas        :deletions     )
(smt.stats   12   1449  30716  18452  1542/1489/21    1726/29     5  182   57.85)
ramon: poll                 wall=22.000s usage=21.944s mem=61016KiB load=1.00 rootload=0.99
(sat.ddfw       1     81     0.0042    387106       105          9            1   522042)
SLS -> SMT activity
(smt.stats   13   1583  32072  20446  1547/1500/21    1879/30     5  182   57.85)
(sat.ddfw       1     81     0.0010    387128       106          9            1   524686)
SLS -> SMT phase. unsat size: 1
SLS -> SMT values
(sat.ddfw :unsat :models :kflips/sec   :flips :restarts   :reinits  :unsat_vars  :shifts)
(sat.ddfw       1     81     0.0009    387149       107          9            1   527325)
SLS -> SMT phase. unsat size: 1
SLS -> SMT values
(sat.ddfw       1     81     0.0001    387151       107          9            1   529967)
SLS -> SMT phase. unsat size: 1
SLS -> SMT values
(nlsat :conflicts 1 :decisions 0 :propagations 98 :clauses 566 :learned 1)
(sat.ddfw       1     81     0.0009    387172       108          9            1   532603)
SLS -> SMT phase. unsat size: 1
SLS -> SMT values
SLS -> SMT activity
(sat.ddfw       1     81     0.0001    387174       108          9            1   535254)
SLS -> SMT phase. unsat size: 1
SLS -> SMT values
(smt.stats   14   1730  33855  22492  1547/1500/23    1624/27     6  660   58.02)
(sat.ddfw       1     81     0.0010    387196       109          9            1   537871)
SLS -> SMT phase. unsat size: 1
SLS -> SMT values
ramon: poll                 wall=23.000s usage=22.944s mem=61192KiB load=1.00 rootload=1.00
(sat.ddfw       1     80     0.0010    387218       110          9            1   540521)
SLS -> SMT phase. unsat size: 1
SLS -> SMT values
(sat.ddfw       1     81     0.0001    387220       110          9            1   543164)
SLS -> SMT phase. unsat size: 1
SLS -> SMT values
(sat.ddfw       1     81     0.0009    387241       111          9            1   545811)
SLS -> SMT phase. unsat size: 1
SLS -> SMT values
(sat.ddfw       1     81     0.0001    387243       111          9            1   548469)
SLS -> SMT phase. unsat size: 1
SLS -> SMT values
(nlsat :conflicts 1 :decisions 0 :propagations 207 :clauses 597 :learned 1)
(nlsat :conflicts 1 :decisions 0 :propagations 149 :clauses 579 :learned 1)
88 88
SMT -> SLS values
(sat.ddfw       1     82     0.0367    388101       112          9            1   550349)
SLS -> SMT phase. unsat size: 1
SLS -> SMT values
(nlsat :conflicts 2 :decisions 0 :propagations 178 :clauses 579 :learned 2)
(sat.ddfw       1     82     0.0014    388135       113          9            1   552499)
SLS -> SMT phase. unsat size: 1
SLS -> SMT values
(sat.ddfw       1     82     0.0001    388137       113          9            1   554661)
SLS -> SMT phase. unsat size: 1
SLS -> SMT values
(sat.ddfw       1     82     0.0014    388171       114          9            1   556789)
SLS -> SMT phase. unsat size: 1
SLS -> SMT values
ramon: poll                 wall=24.000s usage=23.944s mem=61736KiB load=1.00 rootload=1.00
(sat.ddfw       1     82     0.0001    388173       114          9            1   558935)
SLS -> SMT phase. unsat size: 1
SLS -> SMT values
(sat.ddfw       1     82     0.0013    388205       115          9            1   561087)
SLS -> SMT phase. unsat size: 1
SLS -> SMT values
(sat.ddfw       1     82     0.0001    388207       115          9            1   563237)
SLS -> SMT phase. unsat size: 1
SLS -> SMT values
(sat.ddfw       1     82     0.0013    388240       116          9            1   565392)
SLS -> SMT phase. unsat size: 1
SLS -> SMT values
(smt.stats   15   1831  36084  24126  1547/1500/25    1467/29     7  946   58.22)
SMT -> SLS units 35
(sat.ddfw       1     82     0.0001    388242       116          9            1   567539)
SLS -> SMT phase. unsat size: 1
SLS -> SMT values
(sat.ddfw       1     82     0.0013    388274       117          9            1   569678)
SLS -> SMT phase. unsat size: 1
SLS -> SMT values
(sat.ddfw       1     82     0.0001    388276       117          9            1   571824)
SLS -> SMT phase. unsat size: 1
SLS -> SMT values
(nlsat :conflicts 1 :decisions 0 :propagations 100 :clauses 556 :learned 1)
ramon: poll                 wall=25.000s usage=24.943s mem=61736KiB load=1.00 rootload=1.00
(sat.ddfw       1     82     0.0014    388310       118          9            1   573963)
SLS -> SMT phase. unsat size: 1
SLS -> SMT values
(sat.ddfw       1     82     0.0001    388312       118          9            1   576116)
SLS -> SMT phase. unsat size: 1
SLS -> SMT values
(sat.ddfw       1     82     0.0013    388344       119          9            1   578268)
SLS -> SMT phase. unsat size: 1
SLS -> SMT values
SLS -> SMT activity
(sat.ddfw       1     82     0.0001    388346       119          9            1   580430)
SLS -> SMT phase. unsat size: 1
SLS -> SMT values
(nlsat :conflicts 1 :decisions 0 :propagations 134 :clauses 555 :learned 1)
(sat.ddfw       1     82     0.0012    388377       120          9            1   582569)
SLS -> SMT phase. unsat size: 1
SLS -> SMT values
(sat.ddfw       1     82     0.0012    388409       121          9            1   584708)
SLS -> SMT phase. unsat size: 1
SLS -> SMT values
ramon: poll                 wall=26.000s usage=25.942s mem=61788KiB load=1.00 rootload=1.00
(sat.ddfw       1     82     0.0001    388411       121          9            1   586853)
SLS -> SMT phase. unsat size: 1
SLS -> SMT values
(sat.ddfw       1     82     0.0013    388446       122          9            1   588989)
SLS -> SMT phase. unsat size: 1
SLS -> SMT values
(sat.ddfw       1     82     0.0013    388479       123          9            1   591130)
SLS -> SMT phase. unsat size: 1
SLS -> SMT values
(nlsat :conflicts 1 :decisions 0 :propagations 67 :clauses 556 :learned 1)
(smt.stats   16   1942  38059  25828  1549/1501/26    1602/30     7  946   58.44)
(sat.ddfw       1     82     0.0001    388481       123          9            1   593285)
SLS -> SMT phase. unsat size: 1
SLS -> SMT values
(nlsat :conflicts 1 :decisions 0 :propagations 72 :clauses 532 :learned 1)
(sat.ddfw :unsat :models :kflips/sec   :flips :restarts   :reinits  :unsat_vars  :shifts)
(sat.ddfw       1     82     0.0012    388513       124          9            1   595421)
SLS -> SMT phase. unsat size: 1
SLS -> SMT values
(nlsat :conflicts 1 :decisions 0 :propagations 47 :clauses 534 :learned 1)
(nlsat :conflicts 1 :decisions 0 :propagations 71 :clauses 534 :learned 1)
(sat.ddfw       1     82     0.0001    388515       124          9            1   597569)
SLS -> SMT phase. unsat size: 1
SLS -> SMT values
(sat.ddfw       1     82     0.0012    388546       125          9            1   599709)
SLS -> SMT phase. unsat size: 1
SLS -> SMT values
(nlsat :conflicts 1 :decisions 0 :propagations 47 :clauses 534 :learned 1)
ramon: poll                 wall=27.019s usage=26.961s mem=62044KiB load=1.00 rootload=1.00
(sat.ddfw       1     82     0.0001    388548       125          9            1   601857)
SLS -> SMT phase. unsat size: 1
SLS -> SMT values
(sat.ddfw       1     82     0.0012    388581       126          9            1   603987)
SLS -> SMT phase. unsat size: 1
SLS -> SMT values
(sat.ddfw       1     82     0.0001    388583       126          9            1   606153)
SLS -> SMT phase. unsat size: 1
SLS -> SMT values
(smt.stats   17   2064  40285  27781  1549/1503/26    1734/30     7  946   58.49)
(sat.ddfw       1     82     0.0012    388616       127          9            1   608313)
SLS -> SMT phase. unsat size: 1
SLS -> SMT values
(sat.ddfw       1     82     0.0001    388618       127          9            1   610459)
SLS -> SMT phase. unsat size: 1
SLS -> SMT values
(sat.ddfw       1     82     0.0012    388652       128          9            1   612613)
SLS -> SMT phase. unsat size: 1
SLS -> SMT values
ramon: poll                 wall=28.000s usage=27.941s mem=62108KiB load=1.00 rootload=1.00
(sat.ddfw       1     82     0.0011    388684       129          9            1   614756)
SLS -> SMT phase. unsat size: 1
SLS -> SMT values
(nlsat :conflicts 2 :decisions 0 :propagations 204 :clauses 527 :learned 2)
(sat.ddfw       1     82     0.0001    388686       129          9            1   616904)
SLS -> SMT phase. unsat size: 1
SLS -> SMT values
(nlsat :conflicts 1 :decisions 0 :propagations 210 :clauses 527 :learned 1)
(sat.ddfw       1     82     0.0011    388718       130          9            1   619036)
SLS -> SMT phase. unsat size: 1
SLS -> SMT values
(nlsat :conflicts 1 :decisions 0 :propagations 158 :clauses 530 :learned 1)
(sat.ddfw       1     82     0.0012    388751       131          9            1   621183)
SLS -> SMT phase. unsat size: 1
SLS -> SMT values
SLS -> SMT activity
(nlsat :conflicts 1 :decisions 0 :propagations 179 :clauses 531 :learned 1)
(sat.ddfw       1     82     0.0012    388785       132          9            1   623316)
SLS -> SMT phase. unsat size: 1
SLS -> SMT values
(nlsat :conflicts 1 :decisions 0 :propagations 146 :clauses 528 :learned 1)
(sat.ddfw       1     82     0.0001    388787       132          9            1   625476)
SLS -> SMT phase. unsat size: 1
SLS -> SMT values
(sat.ddfw       1     82     0.0012    388821       133          9            1   627611)
SLS -> SMT phase. unsat size: 1
SLS -> SMT values
(nlsat :conflicts 1 :decisions 0 :propagations 180 :clauses 538 :learned 1)
(nlsat :conflicts 1 :decisions 0 :propagations 180 :clauses 538 :learned 1)
ramon: poll                 wall=29.000s usage=28.941s mem=62108KiB load=1.00 rootload=1.00
(sat.ddfw       1     82     0.0011    388853       134          9            1   629766)
SLS -> SMT phase. unsat size: 1
SLS -> SMT values
(sat.ddfw       1     82     0.0001    388855       134          9            1   631920)
SLS -> SMT phase. unsat size: 1
SLS -> SMT values
(smt.stats   18   2198  43124  30082  1549/1503/26    1887/30     8  946   58.44)
(sat.ddfw       1     82     0.0011    388887       135          9            1   634063)
SLS -> SMT phase. unsat size: 1
SLS -> SMT values
(sat.ddfw       1     82     0.0001    388889       135          9            1   636203)
SLS -> SMT phase. unsat size: 1
SLS -> SMT values
(nlsat :conflicts 1 :decisions 0 :propagations 56 :clauses 563 :learned 1)
(sat.ddfw       1     82     0.0011    388921       136          9            1   638350)
SLS -> SMT phase. unsat size: 1
SLS -> SMT values
(sat.ddfw       1     82     0.0001    388923       136          9            1   640491)
SLS -> SMT phase. unsat size: 1
SLS -> SMT values
(nlsat :conflicts 1 :decisions 0 :propagations 112 :clauses 555 :learned 1)
ramon: poll                 wall=30.000s usage=29.941s mem=62620KiB load=1.00 rootload=1.00
(sat.ddfw       1     82     0.0011    388955       137          9            1   642622)
SLS -> SMT phase. unsat size: 1
SLS -> SMT values
SMT -> SLS units -173 -175
(sat.ddfw       1     82     0.0001    388957       137          9            1   644773)
SLS -> SMT phase. unsat size: 1
SLS -> SMT values
(sat.ddfw       1     83     0.0334    389966       138          9            1   646780)
SLS -> SMT phase. unsat size: 1
SLS -> SMT values
(sat.ddfw       1     84     0.0346    391015       139          9            1   648755)
SLS -> SMT phase. unsat size: 1
SLS -> SMT values
ramon: end                  Wed Jan 22 21:52:12 2025
ramon: root.execname        z3
ramon: root.utime           30.330s
ramon: root.stime           0.020s
ramon: group.total          30.362s
ramon: group.utime          30.334s
ramon: group.stime          0.028s
ramon: group.mempeak        62892KiB
ramon: group.pidpeak        2
ramon: status               exited
ramon: exitcode             0
ramon: walltime             30.420s
ramon: loadavg              1.00
