sat
(:added-eqs                   104
 :arith-eq-adapter            22
 :arith-bound-propagations-lp 2
 :arith-conflicts             6
 :arith-diseq                 4
 :arith-fixed-eqs             6
 :arith-grobner-calls         2
 :arith-lower                 42
 :arith-make-feasible         14
 :arith-max-columns           251
 :arith-max-rows              47
 :arith-nla-add-bounds        2
 :arith-nla-propagate-bounds  6
 :arith-nla-propagate-eq      38
 :arith-upper                 53
 :binary-propagations         97
 :decisions                   43
 :final-checks                5
 :max-memory                  52.19
 :memory                      17.65
 :mk-bool-var                 200
 :mk-clause                   42
 :mk-clause-binary            575
 :num-allocs                  1018149
 :num-checks                  1
 :propagations                106
 :rlimit-count                25151
 :sls-arith-steps             2801
 :sls-ddfw-flips              316.00
 :sls-ddfw-restarts           1
 :sls-ddfw-shifts             2720.00
 :sls-num-guided-search       1
 :solve-eqs-elim-vars         27
 :solve-eqs-steps             414
 :time                        0.04
 :total-time                  0.05)
