sat
(:added-eqs                       1862
 :arith-eq-adapter                51
 :arith-bound-propagations-lp     114
 :arith-conflicts                 248
 :arith-cube-calls                1
 :arith-diseq                     338
 :arith-fixed-eqs                 439
 :arith-gcd-calls                 5
 :arith-grobner-calls             60
 :arith-grobner-conflicts         21
 :arith-horner-calls              13
 :arith-horner-conflicts          1
 :arith-horner-cross-nested-forms 1194
 :arith-lower                     838
 :arith-make-feasible             1009
 :arith-max-columns               178
 :arith-max-rows                  84
 :arith-nla-add-bounds            4
 :arith-nla-lemmas                65
 :arith-nla-propagate-bounds      63
 :arith-nla-propagate-eq          2050
 :arith-nra-calls                 31
 :arith-offset-eqs                268
 :arith-patches                   5
 :arith-patches-success           4
 :arith-upper                     1173
 :binary-propagations             446
 :conflicts                       184
 :decisions                       946
 :del-clause                      130
 :final-checks                    115
 :max-memory                      52.52
 :memory                          17.69
 :minimized-lits                  52
 :mk-bool-var                     521
 :mk-clause                       442
 :mk-clause-binary                255
 :nlsat-conflicts                 1406
 :nlsat-decisions                 8
 :nlsat-propagations              20233
 :nlsat-stages                    9464
 :num-allocs                      24867332
 :num-checks                      1
 :propagations                    1602
 :restarts                        1
 :rlimit-count                    779922
 :sls-arith-steps                 526389
 :sls-ddfw-flips                  2261.00
 :sls-ddfw-restarts               132
 :sls-ddfw-shifts                 526421.00
 :sls-num-guided-search           51
 :sls-repair-down                 66
 :sls-repair-up                   104
 :solve-eqs-elim-vars             12
 :solve-eqs-steps                 116
 :time                            1.72
 :total-time                      1.72)
