unsat
(:added-eqs                       6364
 :arith-eq-adapter                29
 :arith-bound-propagations-lp     320
 :arith-branch                    5
 :arith-conflicts                 696
 :arith-cube-calls                1
 :arith-diseq                     1154
 :arith-fixed-eqs                 580
 :arith-gcd-calls                 29
 :arith-grobner-calls             21
 :arith-grobner-conflicts         20
 :arith-horner-calls              6
 :arith-horner-conflicts          3
 :arith-horner-cross-nested-forms 2257
 :arith-lower                     6911
 :arith-make-feasible             10312
 :arith-max-columns               469
 :arith-max-rows                  193
 :arith-nla-add-bounds            12
 :arith-nla-lemmas                83
 :arith-nla-propagate-bounds      291
 :arith-nla-propagate-eq          9195
 :arith-nra-calls                 1
 :arith-offset-eqs                194
 :arith-patches                   29
 :arith-patches-success           21
 :arith-upper                     18292
 :binary-propagations             22171
 :conflicts                       959
 :decisions                       14617
 :del-clause                      352
 :final-checks                    98
 :max-memory                      57.70
 :memory                          18.08
 :minimized-lits                  1417
 :mk-bool-var                     987
 :mk-clause                       1375
 :mk-clause-binary                1597
 :nlsat-conflicts                 103
 :nlsat-decisions                 3
 :nlsat-propagations              3205
 :nlsat-stages                    2796
 :num-allocs                      46520574
 :num-checks                      1
 :propagations                    28963
 :restarts                        8
 :rlimit-count                    1314650
 :sls-arith-steps                 128862
 :sls-ddfw-flips                  386174.00
 :sls-ddfw-reinits                9
 :sls-ddfw-restarts               3
 :sls-ddfw-shifts                 69072.00
 :sls-num-guided-search           63
 :sls-num-restart-search          2
 :solve-eqs-elim-vars             73
 :solve-eqs-steps                 1484
 :time                            4.84
 :total-time                      4.83)
