ramon: cwd                  /home/gh1/A/_work/z3-poly-testing/z3-poly-testing
ramon: start                Mon Feb 10 13:35:06 2025
ramon: nproc                32
ramon: sys.mem              63441 MiB
ramon: sys.mem.free         19903 MiB
ramon: sys.mem.avail        60602 MiB
ramon: sys.nprocs           1685
ramon: argv                 0 = z3
ramon: argv                 1 = inputs/QF_NIA_small/From_AProVE_2014__Domino.jar-obl-27__p28689_terminationG_0.smt2
ramon: argv                 2 = -T:60
ramon: argv                 3 = -v:2
ramon: argv                 4 = -st
ramon: argv                 5 = tactic.default_tactic=(then simplify propagate-values solve-eqs simplify smt)
ramon: argv                 6 = smt.sls.enable=true
ramon: argv                 7 = smt.sls.parallel=false
ramon: argv                 8 = model_validate=true
ramon: argv                 9 = sls.arith_use_clausal_lookahead=true
ramon: childpid             512032
(smt.searching)
(smt.stats :restarts     :decisions :clauses/bin/units         :simplify   :memory)
(smt.stats        :conflicts    :propagations          :lemmas      :deletions   )
(smt.stats    0      0      0      0 97641/95676/204       0/0     0    0   95.88)
ramon: poll                 wall=1.000s usage=0.998s mem=167MiB load=1.00 rootload=0.93
(nlsat :conflicts 3 :decisions 0 :propagations 2220 :clauses 17006 :learned 3)
(nlsat :conflicts 3 :decisions 0 :propagations 2464 :clauses 16978 :learned 3)
ramon: poll                 wall=2.000s usage=1.996s mem=229MiB load=1.00 rootload=0.98
(nlsat :conflicts 5 :decisions 0 :propagations 2607 :clauses 16903 :learned 5)
ramon: poll                 wall=3.000s usage=2.995s mem=259MiB load=1.00 rootload=1.00
(nlsat :conflicts 3 :decisions 0 :propagations 2942 :clauses 16750 :learned 3)
ramon: poll                 wall=4.003s usage=3.994s mem=290MiB load=1.00 rootload=0.99
(nlsat :conflicts 3 :decisions 0 :propagations 2100 :clauses 16077 :learned 3)
(smt.stats    0    101 251956  15393 99606/97628/204     101/6     1    0  280.87)
ramon: poll                 wall=5.000s usage=4.988s mem=313MiB load=1.00 rootload=0.99
(nlsat :conflicts 3 :decisions 0 :propagations 3940 :clauses 15926 :learned 3)
SMT -> SLS units 1 2 3 4 5 6 7 8 9 10 11 12 13 14 15 16 17 18 19 20 21 22 23 24 25 26 27 28 29 30 31 32 33 34 35 36 37 38 39 40 41 42 43 44 45 46 47 48 49 50 51 52 53 54 55 56 57 58 59 60 61 62 63 64 65 66 67 68 69 70 71 72 73 74 75 76 77 78 79 80 81 82 83 84 85 86 87 88 89 90 91 92 93 94 95 96 97 98 99 100 101 102 103 104 105 106 107 108 109 110 111 112 113 114 115 116 117 118 119 120 121 122 123 124 125 126 127 128 129 130 131 132 133 134 135 136 137 138 139 140 141 142 143 144 145 146 147 148 149 150 151 152 153 154 155 156 157 158 159 160 161 162 163 164 165 166 167 168 169 170 171 172 173 174 175 176 177 178 179 180 181 182 183 184 185 186 187 188 189 190 191 192 5862 5863 5864 5865 5866 5867 5868 5869 5870 5871 5872 5873
SMT -> SLS values
ramon: poll                 wall=6.000s usage=5.988s mem=323MiB load=1.00 rootload=1.00
(sat.ddfw :unsat :models :kflips/sec   :flips :restarts   :reinits  :unsat_vars  :shifts)
(sat.ddfw     113      1     4.1380      3749         0          0          114       20)
SLS -> SMT values
ramon: poll                 wall=7.000s usage=6.988s mem=329MiB load=1.00 rootload=0.99
(nlsat :conflicts 3 :decisions 0 :propagations 4100 :clauses 15891 :learned 3)
ramon: poll                 wall=8.000s usage=7.987s mem=335MiB load=1.00 rootload=1.00
(nlsat :conflicts 3 :decisions 0 :propagations 3274 :clauses 15982 :learned 3)
(smt.stats    1    202 471435  30271 99710/97703/204     202/14     1    0  308.86)
(nlsat :conflicts 27 :decisions 0 :propagations 8519 :clauses 15898 :learned 27)
ramon: poll                 wall=9.000s usage=8.987s mem=342MiB load=1.00 rootload=0.99
(smt.stats    2    313 533239  40930 99880/97852/204     313/18     1    0  311.21)
(nlsat :conflicts 4 :decisions 0 :propagations 3752 :clauses 16090 :learned 4)
ramon: poll                 wall=10.000s usage=9.987s mem=346MiB load=1.00 rootload=1.00
(sat.ddfw      12      1     0.1329      4372         0          0           24       34)
SLS -> SMT values
(nlsat :conflicts 4 :decisions 0 :propagations 3531 :clauses 16004 :learned 4)
ramon: poll                 wall=11.000s usage=10.986s mem=350MiB load=1.00 rootload=1.00
(nlsat :conflicts 4 :decisions 0 :propagations 3659 :clauses 16005 :learned 4)
(smt.stats    3    414 721383  56124 99932/97889/204     414/21     1    0  323.86)
ramon: poll                 wall=12.000s usage=11.986s mem=360MiB load=1.00 rootload=0.99
(nlsat :conflicts 3 :decisions 0 :propagations 2963 :clauses 16220 :learned 3)
ramon: poll                 wall=13.035s usage=13.022s mem=376MiB load=1.00 rootload=1.00
(smt.stats    4    525 823024  70470 100019/97964/204     525/51     1    0  340.89)
ramon: poll                 wall=14.000s usage=13.986s mem=383MiB load=1.00 rootload=0.98
(sat.ddfw      12      2     0.0322      4633         0          0           25       46)
(nlsat :conflicts 2 :decisions 0 :propagations 1310 :clauses 17007 :learned 2)
ramon: poll                 wall=15.025s usage=15.010s mem=395MiB load=1.00 rootload=0.99
(nlsat :conflicts 1 :decisions 0 :propagations 1346 :clauses 17023 :learned 1)
ramon: poll                 wall=16.000s usage=15.986s mem=401MiB load=1.00 rootload=1.01
ramon: poll                 wall=17.000s usage=16.986s mem=403MiB load=1.00 rootload=1.00
ramon: poll                 wall=18.000s usage=17.977s mem=405MiB load=0.99 rootload=0.99
ramon: poll                 wall=19.027s usage=19.005s mem=405MiB load=1.00 rootload=1.00
ramon: poll                 wall=20.000s usage=19.977s mem=405MiB load=1.00 rootload=1.00
ramon: poll                 wall=21.000s usage=20.977s mem=405MiB load=1.00 rootload=1.00
(nlsat :conflicts 2 :decisions 0 :propagations 529 :clauses 16751 :learned 2)
ramon: poll                 wall=22.000s usage=21.977s mem=412MiB load=1.00 rootload=0.99
(smt.stats    5    647 1074427  88507 100105/97996/204     647/56     1    0  366.97)
ramon: poll                 wall=23.000s usage=22.977s mem=417MiB load=1.00 rootload=1.00
ramon: poll                 wall=24.000s usage=23.977s mem=417MiB load=1.00 rootload=1.00
ramon: poll                 wall=25.000s usage=24.976s mem=417MiB load=1.00 rootload=1.00
ramon: poll                 wall=26.000s usage=25.975s mem=417MiB load=1.00 rootload=1.00
ramon: poll                 wall=27.003s usage=26.978s mem=417MiB load=1.00 rootload=1.00
ramon: poll                 wall=28.000s usage=27.972s mem=417MiB load=1.00 rootload=1.00
ramon: poll                 wall=29.003s usage=28.975s mem=417MiB load=1.00 rootload=1.00
ramon: poll                 wall=30.000s usage=29.970s mem=417MiB load=1.00 rootload=0.99
ramon: poll                 wall=31.000s usage=30.970s mem=417MiB load=1.00 rootload=1.00
ramon: poll                 wall=32.000s usage=31.970s mem=417MiB load=1.00 rootload=1.00
ramon: poll                 wall=33.000s usage=32.969s mem=417MiB load=1.00 rootload=1.00
ramon: poll                 wall=34.000s usage=33.969s mem=417MiB load=1.00 rootload=1.00
ramon: poll                 wall=35.000s usage=34.969s mem=417MiB load=1.00 rootload=1.00
ramon: poll                 wall=36.000s usage=35.969s mem=417MiB load=1.00 rootload=1.00
ramon: poll                 wall=37.000s usage=36.968s mem=417MiB load=1.00 rootload=1.00
ramon: poll                 wall=38.003s usage=37.972s mem=417MiB load=1.00 rootload=1.00
ramon: poll                 wall=39.000s usage=38.967s mem=417MiB load=1.00 rootload=1.00
ramon: poll                 wall=40.000s usage=39.967s mem=417MiB load=1.00 rootload=1.00
ramon: poll                 wall=41.000s usage=40.966s mem=417MiB load=1.00 rootload=1.00
ramon: poll                 wall=42.000s usage=41.965s mem=417MiB load=1.00 rootload=1.00
ramon: poll                 wall=43.000s usage=42.964s mem=417MiB load=1.00 rootload=1.00
ramon: poll                 wall=44.000s usage=43.964s mem=417MiB load=1.00 rootload=1.00
ramon: poll                 wall=45.003s usage=44.967s mem=417MiB load=1.00 rootload=1.00
ramon: poll                 wall=46.000s usage=45.963s mem=417MiB load=1.00 rootload=1.00
ramon: poll                 wall=47.000s usage=46.961s mem=417MiB load=1.00 rootload=0.99
ramon: poll                 wall=48.000s usage=47.959s mem=417MiB load=1.00 rootload=1.00
ramon: poll                 wall=49.000s usage=48.959s mem=417MiB load=1.00 rootload=1.00
ramon: poll                 wall=50.000s usage=49.959s mem=417MiB load=1.00 rootload=1.00
ramon: poll                 wall=51.000s usage=50.959s mem=417MiB load=1.00 rootload=1.00
ramon: poll                 wall=52.023s usage=51.983s mem=417MiB load=1.00 rootload=1.01
ramon: poll                 wall=53.000s usage=52.958s mem=417MiB load=1.00 rootload=0.99
ramon: poll                 wall=54.000s usage=53.958s mem=417MiB load=1.00 rootload=1.00
ramon: poll                 wall=55.000s usage=54.957s mem=417MiB load=1.00 rootload=1.00
ramon: poll                 wall=56.000s usage=55.956s mem=417MiB load=1.00 rootload=1.00
ramon: poll                 wall=57.000s usage=56.955s mem=417MiB load=1.00 rootload=1.00
ramon: poll                 wall=58.000s usage=57.955s mem=417MiB load=1.00 rootload=1.00
ramon: poll                 wall=59.000s usage=58.955s mem=417MiB load=1.00 rootload=1.00
ramon: poll                 wall=60.000s usage=59.955s mem=417MiB load=1.00 rootload=1.00
ramon: end                  Mon Feb 10 13:36:06 2025
ramon: root.execname        z3
ramon: root.utime           59.800s
ramon: root.stime           0.170s
ramon: group.total          59.986s
ramon: group.utime          59.806s
ramon: group.stime          0.180s
ramon: group.mempeak        417MiB
ramon: group.pidpeak        2
ramon: status               exited
ramon: exitcode             0
ramon: walltime             60.047s
ramon: loadavg              1.00
