ramon: cwd                  /home/gh1/A/_work/z3-poly-testing/z3-poly-testing
ramon: start                Mon Feb 10 13:43:59 2025
ramon: nproc                32
ramon: sys.mem              63441 MiB
ramon: sys.mem.free         18377 MiB
ramon: sys.mem.avail        60601 MiB
ramon: sys.nprocs           1676
ramon: argv                 0 = z3
ramon: argv                 1 = inputs/QF_NIA_small/From_AProVE_2014__MainDelete.jar-obl-10__p10459_terminationG_0.smt2
ramon: argv                 2 = -T:60
ramon: argv                 3 = -v:2
ramon: argv                 4 = -st
ramon: argv                 5 = tactic.default_tactic=(then simplify propagate-values solve-eqs simplify smt)
ramon: argv                 6 = smt.sls.enable=true
ramon: argv                 7 = smt.sls.parallel=false
ramon: argv                 8 = model_validate=true
ramon: argv                 9 = sls.arith_use_clausal_lookahead=true
ramon: childpid             538925
(smt.searching)
(smt.stats :restarts     :decisions :clauses/bin/units       :simplify   :memory)
(smt.stats        :conflicts    :propagations        :lemmas      :deletions   )
(smt.stats    0      0      0      0  1316/1291/20       0/0     0    0   18.83)
(nlsat :conflicts 4 :decisions 0 :propagations 186 :clauses 327 :learned 4)
(nlsat :conflicts 3 :decisions 0 :propagations 177 :clauses 324 :learned 3)
(nlsat :conflicts 4 :decisions 0 :propagations 142 :clauses 368 :learned 4)
(nlsat-b&b :conflicts 65 :decisions 4 :propagations 1741 :clauses 368 :learned 65)
(smt.stats    0     16    256     57  1369/1316/20      16/0     1    0   53.35)
ramon: end                  Mon Feb 10 13:44:00 2025
ramon: root.execname        z3
ramon: root.utime           0.600s
ramon: root.stime           0.020s
ramon: group.total          0.631s
ramon: group.utime          0.607s
ramon: group.stime          0.024s
ramon: group.mempeak        65308KiB
ramon: group.pidpeak        2
ramon: status               exited
ramon: exitcode             0
ramon: walltime             0.696s
ramon: loadavg              0.91
