ramon: cwd                  /home/gh1/A/_work/z3-poly-testing/z3-poly-testing
ramon: start                Sat Jan  4 13:59:13 2025
ramon: nproc                32
ramon: sys.mem              63442 MiB
ramon: sys.mem.free         13200 MiB
ramon: sys.mem.avail        63075 MiB
ramon: sys.nprocs           1249
ramon: argv                 0 = z3
ramon: argv                 1 = inputs/QF_BV_SAT/bin_libmsrpc_vc1225816.smt2
ramon: argv                 2 = -T:20
ramon: argv                 3 = -v:2
ramon: argv                 4 = -st
ramon: argv                 5 = tactic.default_tactic=(then simplify propagate-values solve-eqs simplify sls-smt)
ramon: argv                 6 = model_validate=true
ramon: childpid             970537
lookahead-search moves:0 max-moves:800
(sat.ddfw :unsat :models :kflips/sec  :flips  :restarts  :reinits  :unsat_vars  :shifts)
(sat.ddfw      15      2   74.6269     10000         0          0            2      720)
(sat.ddfw      15     13   70.4225     20000         0          1            3     7335)
(sat.ddfw      15     18    132.45     40000         0          2            3    21356)
(sat.ddfw      15     18   191.083     70000         0          3            3    42358)
(sat.ddfw      15     18   248.447    110000         0          4            3    70719)
(sat.ddfw      15     20   287.356    160000         0          5            3   105551)
(sat.ddfw      15    104   266.667    220000         1          6            2   148944)
(sat.ddfw       4    200   166.667    290000         1          7            3   173199)
(sat.ddfw       4    218   184.758    370000         2          8            3   232134)
lookahead-search moves:100 max-moves:900
(sat.ddfw       4    978   130.665    460028         3          9           27   273732)
lookahead-search moves:200 max-moves:1000
ramon: poll                 wall=1.000s usage=0.789s mem=23684KiB load=0.79 rootload=0.78
lookahead-search moves:600 max-moves:1400
(sat.ddfw       4   1025   70.9759    560033         3         10           36   274694)
lookahead-search moves:700 max-moves:1500
(sat.ddfw       4   1025   58.9635    670000         4         11            3   371763)
ramon: poll                 wall=2.000s usage=1.746s mem=23680KiB load=0.96 rootload=0.95
lookahead-search moves:1500 max-moves:2300
lookahead-search moves:1600 max-moves:2400
(sat.ddfw       3      1   46.6279    793191         5         12            6   399063)
(sat.ddfw       3    313    46.012    920000         6         13            3   522300)
ramon: poll                 wall=3.000s usage=2.679s mem=23680KiB load=0.93 rootload=0.93
lookahead-search moves:2400 max-moves:3300
(sat.ddfw       3    973   41.5291   1061282         7         14           32   618121)
lookahead-search moves:3200 max-moves:4100
ramon: poll                 wall=4.000s usage=3.640s mem=23680KiB load=0.96 rootload=0.96
lookahead-search moves:3300 max-moves:4200
(sat.ddfw       3   1025   33.4751   1210012         7         15           45   619688)
(sat.ddfw       3   1025   35.4505   1370000         7         16            3   729206)
(sat.ddfw       3   1025   37.3197   1540066         9         17           93   869699)
(sat.ddfw       3   1025   39.0821   1720000        10         18            2  1126570)
lookahead-search moves:4200 max-moves:5200
ramon: poll                 wall=5.000s usage=4.596s mem=23680KiB load=0.96 rootload=0.96
lookahead-search moves:5200 max-moves:6300
(sat.ddfw       3   1025   33.0435   1910000        12         19            2  1224342)
ramon: poll                 wall=6.000s usage=5.567s mem=23680KiB load=0.97 rootload=0.97
lookahead-search moves:6300 max-moves:7500
(sat.ddfw       2    323     33.14   2110000        14         20            2  1385873)
(sat.ddfw       2    323   34.6764   2320000        14         21            3  1582225)
lookahead-search moves:6500 max-moves:7700
lookahead-search moves:6600 max-moves:7800
ramon: poll                 wall=7.001s usage=6.549s mem=23680KiB load=0.98 rootload=0.98
(sat.ddfw       2   1025   31.1218   2540000        15         22            2  1654866)
lookahead-search moves:7800 max-moves:9100
lookahead-search moves:9100 max-moves:10500
ramon: poll                 wall=8.016s usage=7.541s mem=23684KiB load=0.98 rootload=0.98
(sat.ddfw       2   1025   26.6481   2770000        15         23            2  1757376)
lookahead-search moves:10500 max-moves:12000
ramon: poll                 wall=9.000s usage=8.511s mem=23684KiB load=0.99 rootload=0.99
(sat.ddfw       2   1025   26.1952   3010000        15         24            3  1951271)
(sat.ddfw       2   1025   27.2153   3260000        16         25            3  2142125)
(sat.ddfw       2   1025   27.5161   3520000        18         26            2  2375385)
lookahead-search moves:12000 max-moves:13600
ramon: poll                 wall=10.000s usage=9.467s mem=23684KiB load=0.96 rootload=0.96
lookahead-search moves:13000 max-moves:14600
lookahead-search moves:13100 max-moves:14700
ramon: poll                 wall=11.000s usage=10.438s mem=23684KiB load=0.97 rootload=0.97
lookahead-search moves:13590 max-moves:15190
(sat.ddfw       2   1025   23.3613   3790010        20         27           29  2566310)
(sat.ddfw       2   1025    24.017   4070000        22         28            2  2804043)
(sat.ddfw       2   1025   24.6222   4360000        22         29            2  3108712)
ramon: poll                 wall=12.000s usage=11.433s mem=23684KiB load=0.99 rootload=0.99
(sat.ddfw       2   1025   25.2483   4660000        25         30            2  3392059)
lookahead-search moves:15190 max-moves:16890
lookahead-search moves:16890 max-moves:18690
ramon: poll                 wall=13.000s usage=12.399s mem=23684KiB load=0.97 rootload=0.97
(sat.ddfw       2   1025   22.8059   4970000        27         31            2  3710453)
ramon: poll                 wall=14.000s usage=13.369s mem=23688KiB load=0.97 rootload=0.96
lookahead-search moves:18690 max-moves:20590
lookahead-search moves:20590 max-moves:22590
ramon: poll                 wall=15.000s usage=14.349s mem=23688KiB load=0.98 rootload=0.98
(sat.ddfw       2   1025   20.6652   5290000        29         32            6  4014453)
lookahead-search moves:22590 max-moves:24690
ramon: poll                 wall=16.000s usage=15.329s mem=23688KiB load=0.98 rootload=0.98
lookahead-search moves:24690 max-moves:26890
lookahead-search moves:25900 max-moves:28100
ramon: poll                 wall=17.004s usage=16.312s mem=23688KiB load=0.98 rootload=0.98
lookahead-search moves:26000 max-moves:28200
lookahead-search moves:28200 max-moves:30500
ramon: poll                 wall=18.000s usage=17.275s mem=23688KiB load=0.97 rootload=0.96
lookahead-search moves:29143 max-moves:31443
lookahead-search moves:29671 max-moves:31971
ramon: poll                 wall=19.004s usage=18.247s mem=23688KiB load=0.97 rootload=0.97
lookahead-search moves:31971 max-moves:34371
ramon: poll                 wall=20.000s usage=19.218s mem=23688KiB load=0.98 rootload=0.97
ramon: end                  Sat Jan  4 13:59:33 2025
ramon: root.execname        z3
ramon: root.utime           19.230s
ramon: root.stime           0.030s
ramon: group.total          19.264s
ramon: group.utime          19.232s
ramon: group.stime          0.032s
ramon: group.mempeak        24212KiB
ramon: group.pidpeak        2
ramon: status               exited
ramon: exitcode             0
ramon: walltime             20.049s
ramon: loadavg              0.96
