ramon: cwd                  /home/gh1/A/_work/z3-poly-testing/z3-poly-testing
ramon: start                Tue Dec 24 14:05:35 2024
ramon: nproc                32
ramon: sys.mem              63442 MiB
ramon: sys.mem.free         37242 MiB
ramon: sys.mem.avail        61778 MiB
ramon: sys.nprocs           1266
ramon: argv                 0 = z3
ramon: argv                 1 = inputs/QF_BV_SAT/bin_libsmbsharemodes_vc6178.smt2
ramon: argv                 2 = -T:20
ramon: argv                 3 = -v:2
ramon: argv                 4 = -st
ramon: argv                 5 = model_validate=true
ramon: childpid             2288417
ramon: poll                 wall=1.000s usage=0.988s mem=302MiB load=0.99 rootload=0.92
(sat.solver)
(sat.copy :learned 0)
(sat.stats   :conflicts  :restarts           :learned/bin    :gc          :time)
(sat.stats          :decisions :clauses/bin         :units      :memory        )
(sat.stats      0      0    0 353612/138652     0/0   0       0   240.39   0.01)
 (sat-cleaner :elim-literals 13 :elim-clauses 6 :cost 663808 :time 0.02)
(sat.stats    146   4590    0 353598/138650   144/3   6       0   241.72   0.08)
(sat.stats    146   4590    0 353598/138650   144/3   6       0   241.72   0.09)
(sat.stats    146   4590    0 353598/138650   144/3   6       0   241.72   0.09)
(sat.simplify :simplifications 1)
 (sat-scc :elim-vars 4 :elim-bin 7 :time 0.16)
 (sat-cleaner :elim-literals 13 :elim-clauses 6 :cost 665883 :time 0.02)
ramon: poll                 wall=2.002s usage=1.978s mem=280MiB load=0.99 rootload=0.92
 (sat-probing :probing-assigned 7346 :cost 2331384285.62 :time 0.13)
(sat.stats    146   4590    0 230376/38206    54/0 7355       0   285.62   1.16)
 (sat-cleaner :elim-literals 26165 :elim-clauses 36090 :cost 701990 :time 0.03)
(sat.stats    187   6654    1 183261/34665    53/3 7355       0   284.10   1.21)
(sat.stats :conflicts    :restarts         :learned/bin      :gc          :time)
(sat.stats       :decisions  :clauses/bin        :units         :memory        )
(sat.stats    190   7392    2 183261/34665    56/3 7355       0   284.10   1.22)
"checking model (on original set of clauses)"
(sat.stats    256  16086    2 183261/34665   122/10 7355       0   284.79   1.31)
ramon: poll                 wall=3.000s usage=2.962s mem=326MiB load=0.99 rootload=0.97
ramon: end                  Tue Dec 24 14:05:38 2024
ramon: root.execname        z3
ramon: root.utime           2.840s
ramon: root.stime           0.170s
ramon: group.total          3.018s
ramon: group.utime          2.846s
ramon: group.stime          0.171s
ramon: group.mempeak        555MiB
ramon: group.pidpeak        2
ramon: status               exited
ramon: exitcode             0
ramon: walltime             3.055s
ramon: loadavg              0.99
