sat
(:arith-bound-propagations-cheap  59871
 :arith-bound-propagations-lp     9334
 :arith-branch                    5
 :arith-conflicts                 446
 :arith-cube-calls                1
 :arith-diseq                     99
 :arith-eq                        15262
 :arith-fixed-eqs                 6285
 :arith-gcd-calls                 174
 :arith-gomory-cuts               6
 :arith-grobner-calls             464
 :arith-grobner-conflicts         438
 :arith-hnf-calls                 1
 :arith-horner-calls              101
 :arith-horner-conflicts          26
 :arith-horner-cross-nested-forms 83092
 :arith-lower                     68178
 :arith-make-feasible             50303
 :arith-max-columns               341
 :arith-max-rows                  244
 :arith-nla-add-bounds            12
 :arith-nla-lemmas                412
 :arith-nla-propagate-bounds      368
 :arith-nla-propagate-eq          9083
 :arith-nra-calls                 359
 :arith-offset-eqs                2614
 :arith-patches                   174
 :arith-patches-success           165
 :arith-propagations              59871
 :arith-upper                     82408
 :elim-unconstrained              1
 :euf-ackerman                    16
 :euf-conflicts                   76
 :euf-final-check                 765
 :euf-merge                       46419
 :euf-propagations-eqs            3351
 :euf-propagations-literal        3733
 :euf-propagations-theory-diseqs  80377
 :euf-propagations-theory-eqs     25790
 :flatten-clauses-rewrites        16
 :max-memory                      29.74
 :memory                          17.67
 :nlsat-conflicts                 11388
 :nlsat-decisions                 404
 :nlsat-irrational-assignments    10
 :nlsat-propagations              531766
 :nlsat-restarts                  14
 :nlsat-stages                    100781
 :num-allocs                      30390507140.00
 :rlimit-count                    5798348
 :sat-backjumps                   1369
 :sat-conflicts                   1369
 :sat-decisions                   46245
 :sat-del-clause                  1647
 :sat-elim-bool-vars-res          16
 :sat-elim-clauses                1339
 :sat-elim-literals               528
 :sat-minimized-lits              1273
 :sat-mk-clause-2ary              3582
 :sat-mk-clause-3ary              19
 :sat-mk-clause-nary              4181
 :sat-mk-var                      750
 :sat-propagations-2ary           123006
 :sat-propagations-nary           81544
 :sat-restarts                    103
 :sat-scc-elim-binary             121
 :sat-scc-elim-vars               12
 :sat-subs-resolution             61
 :sat-subs-resolution-dyn         83
 :sat-subsumed                    978
 :sat-units                       14
 :simplifier-steps                1053
 :solve-eqs-elim-vars             40
 :solve-eqs-steps                 244
 :time                            4.42
 :total-time                      4.42)
