ramon: cwd                  /home/gh1/A/_work/z3-poly-testing/z3-poly-testing
ramon: start                Sat Oct 26 11:52:11 2024
ramon: nproc                32
ramon: sys.mem              63442 MiB
ramon: sys.mem.free         27994 MiB
ramon: sys.mem.avail        62662 MiB
ramon: sys.nprocs           2434
ramon: argv                 0 = z3
ramon: argv                 1 = inputs/QF_NIA_SAT/From_T2__queens.t2_fixed__p8358_terminationG_0.smt2
ramon: argv                 2 = -T:20
ramon: argv                 3 = -v:2
ramon: argv                 4 = sat.smt=true
ramon: argv                 5 = -st
ramon: argv                 6 = tactic.default_tactic=(then simplify propagate-values solve-eqs simplify smt)
ramon: argv                 7 = model_validate=true
ramon: childpid             349775
(sat.copy :learned 0)
(sat.solver)
(sat.copy :learned 0)
(sat.stats   :conflicts  :restarts        :learned/bin    :gc          :time)
(sat.stats          :decisions :clauses/bin     :units        :memory       )
(sat.stats      0      0    0  3013/2958     0/0  48       0    26.26   0.00)
(nlsat :conflicts 5 :decisions 0 :propagations 1803 :clauses 3400 :learned 5)
(sat.stats    150   3596    0  3436/3374   559/5  48       0    40.47   0.54)
 (sat-cleaner :elim-literals 0 :elim-clauses 0 :cost 3572 :time 0.00)
(sat.stats    150   3596    0  3514/3452   559/5  48       0    39.89   0.54)
(sat.stats    150   3596    0  3514/3452   559/5  48       0    39.89   0.54)
(sat.simplify :simplifications 1)
 (sat-scc :elim-vars 0 :time 0.00)
 (sat-probing :cost 3031640.19 :time 0.00)
(sat.stats    150   3596    0  3090/3019   516/7  49       0    40.19   0.54)
 (sat-cleaner :elim-literals 4 :elim-clauses 1 :cost 3559 :time 0.00)
(sat.stats    153   3652    1  3085/3015   582/7  49       0    40.77   0.55)
(sat.stats :conflicts    :restarts      :learned/bin      :gc          :time)
(sat.stats       :decisions   :clauses/bin      :units        :memory       )
(sat.stats    156   3753    2  3085/3015   634/7  49       0    41.05   0.55)
(sat.stats    159   4415    3  3085/3015   654/7  49       0    41.24   0.56)
(sat.stats    162   5057    4  3085/3015   673/7  49       0    41.34   0.56)
(sat.stats    165   5361    5  3095/3023   677/7  49       0    41.44   0.57)
(sat.stats    168   6672    6  3129/3051   685/7  49       0    41.73   0.58)
(sat.stats    171   7969    7  3165/3081   689/7  49       0    41.82   0.58)
(sat.stats    174   8883    8  3213/3122   695/7  49       0    41.92   0.59)
(sat.stats    185  11027    9  3504/3383   766/7  49       0    42.31   0.61)
(sat.stats    188  12371   10  3509/3387   779/7  49       0    42.62   0.62)
(sat.stats    191  13500   11  3551/3421   783/7  49       0    42.81   0.63)
(sat.stats    194  13794   12  3593/3461   809/7  49       0    42.91   0.63)
(sat.stats    211  17849   17  3797/3644   876/7  49       0    43.81   0.67)
(nlsat :conflicts 5 :decisions 0 :propagations 206 :clauses 6156 :learned 5)
ramon: poll                 wall=1.001s usage=1.001s mem=53244KiB load=1.00 rootload=0.98
(sat.stats    326  42654   20  4690/4498  1482/8  49       0    49.81   1.06)
(nlsat :conflicts 2 :decisions 0 :propagations 106 :clauses 6243 :learned 2)
(nlsat :conflicts 2 :decisions 0 :propagations 103 :clauses 6299 :learned 2)
ramon: poll                 wall=2.000s usage=1.999s mem=71064KiB load=1.00 rootload=0.97
(sat.stats :conflicts   :restarts      :learned/bin        :gc          :time)
(sat.stats      :decisions    :clauses/bin       :units        :memory       )
(sat.stats    629  89455   40  5198/4997  2402/14  49       0    63.48   2.01)
(nlsat :conflicts 1 :decisions 0 :propagations 162 :clauses 6652 :learned 1)
(nlsat :conflicts 1 :decisions 0 :propagations 355 :clauses 6631 :learned 1)
(sat.stats    858  97071   45  5372/5169  2960/15  49       0    68.10   2.26)
(sat.stats   1202 102239   88  5467/5264  3534/15  49       0    80.63   2.65)
ramon: poll                 wall=3.001s usage=2.989s mem=107MiB load=0.99 rootload=0.98
(sat.stats   1833 105066  158  5924/5721  4329/16  49       0   100.09   3.17)
(sat.stats   2440 113034  180  5924/5721  5406/16  49       0   117.27   3.66)
ramon: poll                 wall=4.001s usage=3.976s mem=160MiB load=0.99 rootload=0.96
(nlsat :conflicts 4 :decisions 0 :propagations 895 :clauses 7179 :learned 4)
ramon: poll                 wall=5.000s usage=4.967s mem=199MiB load=0.99 rootload=0.96
(nlsat :conflicts 4 :decisions 0 :propagations 862 :clauses 7207 :learned 4)
"checking model (on original set of clauses)"
(sat.stats   3794 133690  236  6434/6211  7616/20  49       0   161.51   5.01)
Verifying solution
solution verified
ramon: end                  Sat Oct 26 11:52:16 2024
ramon: root.execname        z3
ramon: root.utime           5.150s
ramon: root.stime           0.130s
ramon: group.total          5.290s
ramon: group.utime          5.153s
ramon: group.stime          0.137s
ramon: group.mempeak        200MiB
ramon: group.pidpeak        2
ramon: status               exited
ramon: exitcode             0
ramon: walltime             5.322s
ramon: loadavg              0.99
