ramon: cwd                  /home/gh1/A/_work/z3-poly-testing/z3-poly-testing
ramon: start                Sat Oct 26 11:54:20 2024
ramon: nproc                32
ramon: sys.mem              63442 MiB
ramon: sys.mem.free         26995 MiB
ramon: sys.mem.avail        62662 MiB
ramon: sys.nprocs           2463
ramon: argv                 0 = z3
ramon: argv                 1 = inputs/QF_NIA_SAT/From_AProVE_2014__Et4-rec.jar-obl-8__p28955_terminationG_0.smt2
ramon: argv                 2 = -T:20
ramon: argv                 3 = -v:2
ramon: argv                 4 = sat.smt=true
ramon: argv                 5 = -st
ramon: argv                 6 = tactic.default_tactic=(then simplify propagate-values solve-eqs simplify smt)
ramon: argv                 7 = model_validate=true
ramon: childpid             367137
(sat.copy :learned 0)
(sat.solver)
(sat.copy :learned 0)
(sat.stats   :conflicts  :restarts       :learned/bin    :gc          :time)
(sat.stats          :decisions :clauses/bin    :units        :memory       )
(sat.stats      0      0    0   939/932     0/0  30       0    19.51   0.00)
(nlsat :conflicts 7 :decisions 0 :propagations 360 :clauses 506 :learned 7)
"checking model (on original set of clauses)"
(sat.stats      3    118    0   939/932     5/3  30       0    20.15   0.01)
Verifying solution
solution verified
ramon: end                  Sat Oct 26 11:54:20 2024
ramon: root.execname        z3
ramon: root.utime           0.010s
ramon: root.stime           0.000s
ramon: group.total          0.025s
ramon: group.utime          0.018s
ramon: group.stime          0.007s
ramon: group.mempeak        21592KiB
ramon: group.pidpeak        2
ramon: status               exited
ramon: exitcode             0
ramon: walltime             0.027s
ramon: loadavg              0.92
