ramon: cwd                  /home/runner/a/_work/z3-poly-testing/z3-poly-testing
ramon: start                Thu Mar 27 09:00:17 2025
ramon: nproc                128
ramon: sys.mem              64150 MiB
ramon: sys.mem.free         47257 MiB
ramon: sys.mem.avail        64025 MiB
ramon: sys.nprocs           3131
ramon: argv                 0 = z3
ramon: argv                 1 = /home/runner/a/_work/z3-poly-testing/z3-poly-testing/download/non-incremental/QF_LIA/nec-smt/large/int_from_list/prp-1-50.smt2
ramon: argv                 2 = -T:600
ramon: argv                 3 = -st
ramon: argv                 4 = smt.arith.lp.dio_eqs=true
ramon: childpid             1476774
ramon: poll                 wall=01.008s usage=00.983s user=00.905s sys=00.078s mem=23096KiB roottime=0.900s load=0.97 rootload=0.89
ramon: poll                 wall=02.007s usage=01.976s user=01.887s sys=00.089s mem=24992KiB roottime=1.880s load=0.99 rootload=0.98
ramon: poll                 wall=03.003s usage=02.967s user=02.790s sys=00.177s mem=50428KiB roottime=2.790s load=1.00 rootload=0.91
ramon: poll                 wall=04.001s usage=03.963s user=03.781s sys=00.183s mem=52000KiB roottime=3.780s load=1.00 rootload=0.99
ramon: poll                 wall=05.004s usage=04.964s user=04.778s sys=00.186s mem=52168KiB roottime=4.770s load=1.00 rootload=0.99
ramon: poll                 wall=06.009s usage=05.967s user=05.773s sys=00.194s mem=53060KiB roottime=5.770s load=1.00 rootload=0.99
ramon: poll                 wall=07.007s usage=06.962s user=06.766s sys=00.197s mem=53544KiB roottime=6.760s load=1.00 rootload=0.99
ramon: poll                 wall=08.008s usage=07.962s user=07.759s sys=00.204s mem=53616KiB roottime=7.750s load=1.00 rootload=0.99
ramon: poll                 wall=09.004s usage=08.956s user=08.750s sys=00.206s mem=53852KiB roottime=8.750s load=1.00 rootload=1.00
ramon: poll                 wall=10.007s usage=09.958s user=09.750s sys=00.208s mem=54112KiB roottime=9.750s load=1.00 rootload=1.00
ramon: poll                 wall=11.009s usage=10.957s user=10.747s sys=00.210s mem=54184KiB roottime=10.740s load=1.00 rootload=0.99
ramon: poll                 wall=12.004s usage=11.951s user=11.742s sys=00.210s mem=54268KiB roottime=11.740s load=1.00 rootload=1.01
ramon: poll                 wall=13.006s usage=12.952s user=12.742s sys=00.211s mem=54400KiB roottime=12.740s load=1.00 rootload=1.00
ramon: poll                 wall=14.003s usage=13.948s user=13.734s sys=00.214s mem=54608KiB roottime=13.730s load=1.00 rootload=0.99
ramon: poll                 wall=15.004s usage=14.948s user=14.733s sys=00.215s mem=54636KiB roottime=14.730s load=1.00 rootload=1.00
ramon: poll                 wall=16.005s usage=15.947s user=15.730s sys=00.218s mem=54908KiB roottime=15.720s load=1.00 rootload=0.99
ramon: poll                 wall=17.004s usage=16.945s user=16.725s sys=00.220s mem=55048KiB roottime=16.720s load=1.00 rootload=1.00
ramon: poll                 wall=18.015s usage=17.953s user=17.732s sys=00.222s mem=55276KiB roottime=17.730s load=1.00 rootload=1.00
ramon: poll                 wall=19.008s usage=18.944s user=18.721s sys=00.223s mem=55136KiB roottime=18.720s load=1.00 rootload=1.00
ramon: poll                 wall=20.002s usage=19.936s user=19.713s sys=00.223s mem=55400KiB roottime=19.710s load=1.00 rootload=1.00
ramon: poll                 wall=21.005s usage=20.937s user=20.714s sys=00.223s mem=55512KiB roottime=20.710s load=1.00 rootload=1.00
ramon: poll                 wall=22.012s usage=21.940s user=21.717s sys=00.223s mem=55332KiB roottime=21.710s load=1.00 rootload=0.99
ramon: poll                 wall=23.016s usage=22.943s user=22.717s sys=00.226s mem=55636KiB roottime=22.710s load=1.00 rootload=1.00
ramon: poll                 wall=24.001s usage=23.925s user=23.697s sys=00.229s mem=55796KiB roottime=23.690s load=1.00 rootload=1.00
ramon: poll                 wall=25.001s usage=24.923s user=24.691s sys=00.233s mem=56280KiB roottime=24.690s load=1.00 rootload=1.00
ramon: poll                 wall=26.001s usage=25.922s user=25.688s sys=00.234s mem=56276KiB roottime=25.680s load=1.00 rootload=0.99
ramon: poll                 wall=27.004s usage=26.924s user=26.690s sys=00.234s mem=56276KiB roottime=26.690s load=1.00 rootload=1.01
ramon: poll                 wall=28.000s usage=27.919s user=27.686s sys=00.234s mem=56276KiB roottime=27.680s load=1.00 rootload=0.99
ramon: poll                 wall=29.000s usage=28.919s user=28.685s sys=00.234s mem=56276KiB roottime=28.680s load=1.00 rootload=1.00
ramon: poll                 wall=30.000s usage=29.919s user=29.685s sys=00.234s mem=56532KiB roottime=29.680s load=1.00 rootload=1.00
ramon: poll                 wall=31.003s usage=30.922s user=30.688s sys=00.234s mem=56532KiB roottime=30.680s load=1.00 rootload=1.00
ramon: poll                 wall=32.000s usage=31.918s user=31.685s sys=00.234s mem=56532KiB roottime=31.680s load=1.00 rootload=1.00
ramon: poll                 wall=33.002s usage=32.920s user=32.686s sys=00.234s mem=56532KiB roottime=32.680s load=1.00 rootload=1.00
ramon: poll                 wall=34.000s usage=33.918s user=33.683s sys=00.235s mem=56532KiB roottime=33.680s load=1.00 rootload=1.00
ramon: poll                 wall=35.004s usage=34.922s user=34.686s sys=00.236s mem=56532KiB roottime=34.680s load=1.00 rootload=1.00
ramon: poll                 wall=36.000s usage=35.917s user=35.679s sys=00.239s mem=56532KiB roottime=35.670s load=1.00 rootload=0.99
ramon: poll                 wall=37.021s usage=36.938s user=36.699s sys=00.239s mem=56532KiB roottime=36.690s load=1.00 rootload=1.00
ramon: poll                 wall=38.034s usage=37.951s user=37.712s sys=00.239s mem=56788KiB roottime=37.710s load=1.00 rootload=1.01
ramon: poll                 wall=39.013s usage=38.930s user=38.691s sys=00.239s mem=56788KiB roottime=38.690s load=1.00 rootload=1.00
ramon: poll                 wall=40.032s usage=39.949s user=39.710s sys=00.239s mem=56788KiB roottime=39.700s load=1.00 rootload=0.99
ramon: poll                 wall=41.011s usage=40.927s user=40.686s sys=00.241s mem=56788KiB roottime=40.680s load=1.00 rootload=1.00
ramon: poll                 wall=42.002s usage=41.918s user=41.676s sys=00.242s mem=57044KiB roottime=41.670s load=1.00 rootload=1.00
ramon: poll                 wall=43.000s usage=42.916s user=42.673s sys=00.243s mem=57044KiB roottime=42.670s load=1.00 rootload=1.00
ramon: poll                 wall=44.004s usage=43.920s user=43.674s sys=00.246s mem=57044KiB roottime=43.670s load=1.00 rootload=1.00
ramon: poll                 wall=45.025s usage=44.940s user=44.695s sys=00.246s mem=57044KiB roottime=44.690s load=1.00 rootload=1.00
ramon: poll                 wall=46.000s usage=45.915s user=45.668s sys=00.247s mem=57044KiB roottime=45.660s load=1.00 rootload=0.99
ramon: poll                 wall=47.007s usage=46.922s user=46.675s sys=00.247s mem=57044KiB roottime=46.670s load=1.00 rootload=1.00
ramon: poll                 wall=48.012s usage=47.927s user=47.677s sys=00.250s mem=57252KiB roottime=47.670s load=1.00 rootload=1.00
ramon: poll                 wall=49.005s usage=48.919s user=48.668s sys=00.252s mem=57252KiB roottime=48.660s load=1.00 rootload=1.00
ramon: poll                 wall=50.015s usage=49.929s user=49.674s sys=00.255s mem=57252KiB roottime=49.670s load=1.00 rootload=1.00
ramon: poll                 wall=51.020s usage=50.934s user=50.678s sys=00.256s mem=57252KiB roottime=50.670s load=1.00 rootload=1.00
ramon: poll                 wall=52.012s usage=51.926s user=51.670s sys=00.256s mem=57252KiB roottime=51.670s load=1.00 rootload=1.01
ramon: poll                 wall=53.019s usage=52.932s user=52.677s sys=00.256s mem=57252KiB roottime=52.670s load=1.00 rootload=0.99
ramon: poll                 wall=54.010s usage=53.923s user=53.667s sys=00.256s mem=57244KiB roottime=53.660s load=1.00 rootload=1.00
ramon: poll                 wall=55.002s usage=54.913s user=54.656s sys=00.257s mem=57512KiB roottime=54.650s load=1.00 rootload=1.00
ramon: poll                 wall=56.000s usage=55.910s user=55.652s sys=00.258s mem=57852KiB roottime=55.650s load=1.00 rootload=1.00
ramon: poll                 wall=57.004s usage=56.914s user=56.656s sys=00.258s mem=57852KiB roottime=56.650s load=1.00 rootload=1.00
ramon: poll                 wall=58.000s usage=57.910s user=57.651s sys=00.259s mem=57852KiB roottime=57.650s load=1.00 rootload=1.00
ramon: poll                 wall=59.004s usage=58.912s user=58.654s sys=00.259s mem=57852KiB roottime=58.650s load=1.00 rootload=1.00
ramon: poll                 wall=01m00.000s usage=59.909s user=59.650s sys=00.259s mem=57852KiB roottime=59.650s load=1.00 rootload=1.00
ramon: poll                 wall=01m01.004s usage=01m00.913s user=01m00.654s sys=00.259s mem=57852KiB roottime=60.650s load=1.00 rootload=1.00
ramon: poll                 wall=01m02.000s usage=01m01.909s user=01m01.650s sys=00.259s mem=57852KiB roottime=61.650s load=1.00 rootload=1.00
ramon: poll                 wall=01m03.003s usage=01m02.912s user=01m02.651s sys=00.261s mem=57852KiB roottime=62.650s load=1.00 rootload=1.00
ramon: poll                 wall=01m04.000s usage=01m03.908s user=01m03.648s sys=00.261s mem=58108KiB roottime=63.640s load=1.00 rootload=0.99
ramon: poll                 wall=01m05.001s usage=01m04.908s user=01m04.645s sys=00.263s mem=58108KiB roottime=64.640s load=1.00 rootload=1.00
ramon: poll                 wall=01m06.003s usage=01m05.911s user=01m05.647s sys=00.264s mem=58108KiB roottime=65.640s load=1.00 rootload=1.00
ramon: poll                 wall=01m07.000s usage=01m06.908s user=01m06.641s sys=00.267s mem=58108KiB roottime=66.640s load=1.00 rootload=1.00
ramon: poll                 wall=01m08.005s usage=01m07.911s user=01m07.643s sys=00.268s mem=58364KiB roottime=67.640s load=1.00 rootload=1.00
ramon: poll                 wall=01m09.000s usage=01m08.907s user=01m08.639s sys=00.268s mem=58364KiB roottime=68.630s load=1.00 rootload=0.99
ramon: poll                 wall=01m10.004s usage=01m09.910s user=01m09.643s sys=00.268s mem=58364KiB roottime=69.640s load=1.00 rootload=1.01
ramon: poll                 wall=01m11.000s usage=01m10.906s user=01m10.638s sys=00.268s mem=58364KiB roottime=70.630s load=1.00 rootload=0.99
ramon: poll                 wall=01m12.003s usage=01m11.909s user=01m11.641s sys=00.268s mem=58364KiB roottime=71.640s load=1.00 rootload=1.01
ramon: poll                 wall=01m13.000s usage=01m12.905s user=01m12.636s sys=00.269s mem=58364KiB roottime=72.630s load=1.00 rootload=0.99
ramon: poll                 wall=01m14.004s usage=01m13.909s user=01m13.637s sys=00.272s mem=58364KiB roottime=73.630s load=1.00 rootload=1.00
ramon: poll                 wall=01m15.000s usage=01m14.904s user=01m14.632s sys=00.273s mem=58620KiB roottime=74.630s load=1.00 rootload=1.00
ramon: poll                 wall=01m16.008s usage=01m15.912s user=01m15.639s sys=00.273s mem=58620KiB roottime=75.640s load=1.00 rootload=1.00
ramon: poll                 wall=01m17.015s usage=01m16.919s user=01m16.645s sys=00.274s mem=58876KiB roottime=76.640s load=1.00 rootload=0.99
ramon: poll                 wall=01m18.008s usage=01m17.911s user=01m17.636s sys=00.276s mem=58876KiB roottime=77.630s load=1.00 rootload=1.00
ramon: poll                 wall=01m19.027s usage=01m18.930s user=01m18.654s sys=00.276s mem=58876KiB roottime=78.650s load=1.00 rootload=1.00
ramon: poll                 wall=01m20.000s usage=01m19.903s user=01m19.627s sys=00.276s mem=59132KiB roottime=79.620s load=1.00 rootload=1.00
ramon: poll                 wall=01m21.029s usage=01m20.931s user=01m20.655s sys=00.276s mem=59132KiB roottime=80.650s load=1.00 rootload=1.00
ramon: poll                 wall=01m22.005s usage=01m21.907s user=01m21.631s sys=00.276s mem=59132KiB roottime=81.630s load=1.00 rootload=1.00
ramon: poll                 wall=01m23.000s usage=01m22.901s user=01m22.625s sys=00.276s mem=59132KiB roottime=82.620s load=1.00 rootload=0.99
ramon: poll                 wall=01m24.003s usage=01m23.904s user=01m23.628s sys=00.276s mem=59132KiB roottime=83.620s load=1.00 rootload=1.00
ramon: poll                 wall=01m25.037s usage=01m24.937s user=01m24.662s sys=00.276s mem=59132KiB roottime=84.660s load=1.00 rootload=1.01
ramon: poll                 wall=01m26.052s usage=01m25.952s user=01m25.676s sys=00.276s mem=59132KiB roottime=85.670s load=1.00 rootload=1.00
ramon: poll                 wall=01m27.018s usage=01m26.918s user=01m26.642s sys=00.276s mem=59132KiB roottime=86.640s load=1.00 rootload=1.00
ramon: poll                 wall=01m28.042s usage=01m27.941s user=01m27.665s sys=00.276s mem=59132KiB roottime=87.660s load=1.00 rootload=1.00
ramon: poll                 wall=01m29.006s usage=01m28.905s user=01m28.629s sys=00.276s mem=59388KiB roottime=88.630s load=1.00 rootload=1.01
ramon: poll                 wall=01m30.004s usage=01m29.903s user=01m29.627s sys=00.276s mem=59388KiB roottime=89.620s load=1.00 rootload=0.99
ramon: poll                 wall=01m31.002s usage=01m30.900s user=01m30.624s sys=00.276s mem=59388KiB roottime=90.620s load=1.00 rootload=1.00
ramon: poll                 wall=01m32.000s usage=01m31.897s user=01m31.621s sys=00.276s mem=59388KiB roottime=91.620s load=1.00 rootload=1.00
ramon: poll                 wall=01m33.002s usage=01m32.898s user=01m32.622s sys=00.276s mem=59388KiB roottime=92.620s load=1.00 rootload=1.00
ramon: poll                 wall=01m34.004s usage=01m33.899s user=01m33.624s sys=00.276s mem=59388KiB roottime=93.620s load=1.00 rootload=1.00
ramon: poll                 wall=01m35.017s usage=01m34.912s user=01m34.636s sys=00.276s mem=59388KiB roottime=94.630s load=1.00 rootload=1.00
ramon: poll                 wall=01m36.000s usage=01m35.894s user=01m35.618s sys=00.276s mem=59388KiB roottime=95.610s load=1.00 rootload=1.00
ramon: poll                 wall=01m37.018s usage=01m36.911s user=01m36.635s sys=00.276s mem=59160KiB roottime=96.630s load=1.00 rootload=1.00
ramon: poll                 wall=01m38.006s usage=01m37.898s user=01m37.622s sys=00.276s mem=59416KiB roottime=97.620s load=1.00 rootload=1.00
ramon: poll                 wall=01m39.011s usage=01m38.903s user=01m38.627s sys=00.276s mem=59416KiB roottime=98.620s load=1.00 rootload=1.00
ramon: poll                 wall=01m40.011s usage=01m39.902s user=01m39.627s sys=00.276s mem=59416KiB roottime=99.620s load=1.00 rootload=1.00
ramon: poll                 wall=01m41.016s usage=01m40.907s user=01m40.630s sys=00.277s mem=59416KiB roottime=100.630s load=1.00 rootload=1.00
ramon: poll                 wall=01m42.007s usage=01m41.898s user=01m41.621s sys=00.277s mem=59416KiB roottime=101.620s load=1.00 rootload=1.00
ramon: poll                 wall=01m43.018s usage=01m42.909s user=01m42.631s sys=00.278s mem=59416KiB roottime=102.630s load=1.00 rootload=1.00
ramon: poll                 wall=01m44.009s usage=01m43.900s user=01m43.621s sys=00.279s mem=59416KiB roottime=103.620s load=1.00 rootload=1.00
ramon: poll                 wall=01m45.004s usage=01m44.893s user=01m44.615s sys=00.279s mem=59416KiB roottime=104.610s load=1.00 rootload=1.00
ramon: poll                 wall=01m46.003s usage=01m45.893s user=01m45.612s sys=00.281s mem=59416KiB roottime=105.610s load=1.00 rootload=1.00
ramon: poll                 wall=01m47.004s usage=01m46.894s user=01m46.613s sys=00.281s mem=59416KiB roottime=106.610s load=1.00 rootload=1.00
ramon: poll                 wall=01m48.000s usage=01m47.890s user=01m47.607s sys=00.283s mem=59672KiB roottime=107.600s load=1.00 rootload=0.99
ramon: poll                 wall=01m49.000s usage=01m48.890s user=01m48.606s sys=00.284s mem=59672KiB roottime=108.600s load=1.00 rootload=1.00
ramon: poll                 wall=01m50.001s usage=01m49.890s user=01m49.607s sys=00.284s mem=59672KiB roottime=109.600s load=1.00 rootload=1.00
ramon: poll                 wall=01m51.003s usage=01m50.892s user=01m50.608s sys=00.284s mem=59672KiB roottime=110.600s load=1.00 rootload=1.00
ramon: poll                 wall=01m52.000s usage=01m51.889s user=01m51.604s sys=00.285s mem=59672KiB roottime=111.600s load=1.00 rootload=1.00
ramon: poll                 wall=01m53.000s usage=01m52.889s user=01m52.602s sys=00.287s mem=59672KiB roottime=112.600s load=1.00 rootload=1.00
ramon: poll                 wall=01m54.000s usage=01m53.889s user=01m53.601s sys=00.288s mem=59928KiB roottime=113.600s load=1.00 rootload=1.00
ramon: poll                 wall=01m55.003s usage=01m54.892s user=01m54.603s sys=00.289s mem=59928KiB roottime=114.600s load=1.00 rootload=1.00
ramon: poll                 wall=01m56.000s usage=01m55.888s user=01m55.599s sys=00.289s mem=59928KiB roottime=115.590s load=1.00 rootload=0.99
ramon: poll                 wall=01m57.000s usage=01m56.888s user=01m56.597s sys=00.291s mem=59928KiB roottime=116.590s load=1.00 rootload=1.00
ramon: poll                 wall=01m58.000s usage=01m57.888s user=01m57.597s sys=00.291s mem=60184KiB roottime=117.590s load=1.00 rootload=1.00
ramon: poll                 wall=01m59.002s usage=01m58.890s user=01m58.599s sys=00.291s mem=60184KiB roottime=118.590s load=1.00 rootload=1.00
ramon: poll                 wall=02m00.001s usage=01m59.888s user=01m59.597s sys=00.291s mem=60184KiB roottime=119.590s load=1.00 rootload=1.00
ramon: poll                 wall=02m01.002s usage=02m00.889s user=02m00.598s sys=00.291s mem=60184KiB roottime=120.590s load=1.00 rootload=1.00
ramon: poll                 wall=02m02.000s usage=02m01.887s user=02m01.595s sys=00.292s mem=60184KiB roottime=121.590s load=1.00 rootload=1.00
ramon: poll                 wall=02m03.000s usage=02m02.887s user=02m02.595s sys=00.292s mem=60184KiB roottime=122.590s load=1.00 rootload=1.00
ramon: poll                 wall=02m04.003s usage=02m03.889s user=02m03.597s sys=00.292s mem=60184KiB roottime=123.590s load=1.00 rootload=1.00
ramon: poll                 wall=02m05.000s usage=02m04.886s user=02m04.594s sys=00.292s mem=60184KiB roottime=124.590s load=1.00 rootload=1.00
ramon: poll                 wall=02m06.003s usage=02m05.889s user=02m05.597s sys=00.292s mem=60184KiB roottime=125.590s load=1.00 rootload=1.00
ramon: poll                 wall=02m07.002s usage=02m06.888s user=02m06.596s sys=00.292s mem=60184KiB roottime=126.590s load=1.00 rootload=1.00
ramon: end                  Thu Mar 27 09:02:25 2025
ramon: root.execname        z3
ramon: root.utime           127.210s
ramon: root.stime           0.310s
ramon: group.total          127.522s
ramon: group.utime          127.210s
ramon: group.stime          0.312s
ramon: group.mempeak        60696KiB
ramon: group.pidpeak        2
ramon: status               exited
ramon: exitcode             0
ramon: walltime             127.638s
ramon: loadavg              1.00
