ramon: cwd                  /home/runner/a/_work/z3-poly-testing/z3-poly-testing
ramon: start                Thu Mar 20 23:22:30 2025
ramon: nproc                128
ramon: sys.mem              64150 MiB
ramon: sys.mem.free         25758 MiB
ramon: sys.mem.avail        64058 MiB
ramon: sys.nprocs           3638
ramon: argv                 0 = z3
ramon: argv                 1 = /home/runner/a/_work/z3-poly-testing/z3-poly-testing/download/non-incremental/QF_LIA/nec-smt/large/checkpass_pwd/prp-18-41.smt2
ramon: argv                 2 = -T:600
ramon: argv                 3 = -st
ramon: argv                 4 = smt.arith.lp.dio_eqs=true
ramon: childpid             2780211
ramon: poll                 wall=01.000s usage=00.948s user=00.868s sys=00.080s mem=24856KiB roottime=0.860s load=0.95 rootload=0.86
ramon: poll                 wall=02.006s usage=01.910s user=01.775s sys=00.135s mem=39824KiB roottime=1.770s load=0.96 rootload=0.90
ramon: poll                 wall=03.003s usage=02.898s user=02.759s sys=00.139s mem=40284KiB roottime=2.760s load=0.99 rootload=0.99
ramon: poll                 wall=04.004s usage=03.892s user=03.743s sys=00.149s mem=40968KiB roottime=3.740s load=0.99 rootload=0.98
ramon: poll                 wall=05.007s usage=04.885s user=04.729s sys=00.156s mem=41412KiB roottime=4.720s load=0.99 rootload=0.98
ramon: poll                 wall=06.003s usage=05.873s user=05.716s sys=00.157s mem=41460KiB roottime=5.710s load=0.99 rootload=0.99
ramon: poll                 wall=07.012s usage=06.876s user=06.717s sys=00.159s mem=41864KiB roottime=6.710s load=0.99 rootload=0.99
ramon: poll                 wall=08.006s usage=07.867s user=07.704s sys=00.163s mem=42312KiB roottime=7.700s load=1.00 rootload=1.00
ramon: poll                 wall=09.010s usage=08.868s user=08.704s sys=00.164s mem=42648KiB roottime=8.700s load=1.00 rootload=1.00
ramon: poll                 wall=10.002s usage=09.857s user=09.692s sys=00.165s mem=42652KiB roottime=9.690s load=1.00 rootload=1.00
ramon: poll                 wall=11.008s usage=10.861s user=10.696s sys=00.165s mem=42908KiB roottime=10.690s load=1.00 rootload=0.99
ramon: poll                 wall=12.006s usage=11.858s user=11.690s sys=00.169s mem=42968KiB roottime=11.690s load=1.00 rootload=1.00
ramon: poll                 wall=13.006s usage=12.856s user=12.682s sys=00.174s mem=43792KiB roottime=12.680s load=1.00 rootload=0.99
ramon: end                  Thu Mar 20 23:22:44 2025
ramon: root.execname        z3
ramon: root.utime           13.100s
ramon: root.stime           0.190s
ramon: group.total          13.296s
ramon: group.utime          13.105s
ramon: group.stime          0.192s
ramon: group.mempeak        44560KiB
ramon: group.pidpeak        2
ramon: status               exited
ramon: exitcode             0
ramon: walltime             13.451s
ramon: loadavg              0.99
