ramon: cwd                  /home/runner/a/_work/z3-poly-testing/z3-poly-testing
ramon: start                Thu Mar 20 23:38:18 2025
ramon: nproc                128
ramon: sys.mem              64150 MiB
ramon: sys.mem.free         44788 MiB
ramon: sys.mem.avail        64055 MiB
ramon: sys.nprocs           3604
ramon: argv                 0 = z3
ramon: argv                 1 = /home/runner/a/_work/z3-poly-testing/z3-poly-testing/download/non-incremental/QF_LIA/nec-smt/large/checkpass_pwd/prp-27-48.smt2
ramon: argv                 2 = -T:600
ramon: argv                 3 = -st
ramon: argv                 4 = smt.arith.lp.dio_eqs=true
ramon: childpid             2796167
ramon: poll                 wall=01.000s usage=00.969s user=00.883s sys=00.086s mem=27204KiB roottime=0.880s load=0.97 rootload=0.88
ramon: poll                 wall=02.002s usage=01.967s user=01.772s sys=00.196s mem=56652KiB roottime=1.770s load=1.00 rootload=0.89
ramon: poll                 wall=03.003s usage=02.966s user=02.764s sys=00.202s mem=57552KiB roottime=2.760s load=1.00 rootload=0.99
ramon: poll                 wall=04.003s usage=03.963s user=03.754s sys=00.209s mem=58416KiB roottime=3.750s load=1.00 rootload=0.99
ramon: poll                 wall=05.007s usage=04.964s user=04.753s sys=00.211s mem=59184KiB roottime=4.750s load=1.00 rootload=1.00
ramon: poll                 wall=06.000s usage=05.957s user=05.743s sys=00.214s mem=59748KiB roottime=5.740s load=1.00 rootload=1.00
ramon: poll                 wall=07.003s usage=06.958s user=06.743s sys=00.215s mem=59808KiB roottime=6.740s load=1.00 rootload=1.00
ramon: poll                 wall=08.004s usage=07.958s user=07.739s sys=00.219s mem=59852KiB roottime=7.730s load=1.00 rootload=0.99
ramon: poll                 wall=09.006s usage=08.958s user=08.734s sys=00.225s mem=59940KiB roottime=8.730s load=1.00 rootload=1.00
ramon: poll                 wall=10.004s usage=09.955s user=09.728s sys=00.228s mem=60196KiB roottime=9.720s load=1.00 rootload=0.99
ramon: poll                 wall=11.002s usage=10.951s user=10.721s sys=00.230s mem=60424KiB roottime=10.720s load=1.00 rootload=1.00
ramon: poll                 wall=12.004s usage=11.951s user=11.721s sys=00.230s mem=60636KiB roottime=11.720s load=1.00 rootload=1.00
ramon: poll                 wall=13.000s usage=12.946s user=12.715s sys=00.231s mem=60660KiB roottime=12.710s load=1.00 rootload=0.99
ramon: poll                 wall=14.004s usage=13.948s user=13.714s sys=00.235s mem=60996KiB roottime=13.710s load=1.00 rootload=1.00
ramon: poll                 wall=15.000s usage=14.944s user=14.708s sys=00.236s mem=61252KiB roottime=14.700s load=1.00 rootload=0.99
ramon: poll                 wall=16.003s usage=15.946s user=15.710s sys=00.236s mem=61252KiB roottime=15.700s load=1.00 rootload=1.00
ramon: poll                 wall=17.007s usage=16.949s user=16.712s sys=00.237s mem=61508KiB roottime=16.710s load=1.00 rootload=1.01
ramon: poll                 wall=18.004s usage=17.946s user=17.703s sys=00.243s mem=61764KiB roottime=17.700s load=1.00 rootload=0.99
ramon: poll                 wall=19.000s usage=18.942s user=18.697s sys=00.245s mem=62276KiB roottime=18.690s load=1.00 rootload=0.99
ramon: poll                 wall=20.000s usage=19.941s user=19.696s sys=00.245s mem=62276KiB roottime=19.690s load=1.00 rootload=1.00
ramon: poll                 wall=21.004s usage=20.943s user=20.698s sys=00.246s mem=62532KiB roottime=20.690s load=1.00 rootload=1.00
ramon: poll                 wall=22.004s usage=21.943s user=21.697s sys=00.246s mem=62532KiB roottime=21.690s load=1.00 rootload=1.00
ramon: poll                 wall=23.000s usage=22.939s user=22.693s sys=00.246s mem=62636KiB roottime=22.690s load=1.00 rootload=1.00
ramon: poll                 wall=24.002s usage=23.938s user=23.690s sys=00.249s mem=62688KiB roottime=23.680s load=1.00 rootload=0.99
ramon: poll                 wall=25.004s usage=24.939s user=24.688s sys=00.251s mem=62832KiB roottime=24.680s load=1.00 rootload=1.00
ramon: poll                 wall=26.005s usage=25.938s user=25.685s sys=00.254s mem=63172KiB roottime=25.680s load=1.00 rootload=1.00
ramon: poll                 wall=27.002s usage=26.934s user=26.680s sys=00.254s mem=63336KiB roottime=26.670s load=1.00 rootload=0.99
ramon: poll                 wall=28.006s usage=27.936s user=27.680s sys=00.257s mem=63372KiB roottime=27.670s load=1.00 rootload=1.00
ramon: poll                 wall=29.000s usage=28.929s user=28.672s sys=00.258s mem=63432KiB roottime=28.670s load=1.00 rootload=1.01
ramon: poll                 wall=30.005s usage=29.932s user=29.674s sys=00.258s mem=63536KiB roottime=29.670s load=1.00 rootload=1.00
ramon: poll                 wall=31.002s usage=30.927s user=30.667s sys=00.260s mem=63648KiB roottime=30.660s load=1.00 rootload=0.99
ramon: poll                 wall=32.006s usage=31.930s user=31.667s sys=00.263s mem=63880KiB roottime=31.660s load=1.00 rootload=1.00
ramon: poll                 wall=33.004s usage=32.926s user=32.661s sys=00.265s mem=63984KiB roottime=32.660s load=1.00 rootload=1.00
ramon: poll                 wall=34.000s usage=33.922s user=33.657s sys=00.265s mem=64308KiB roottime=33.650s load=1.00 rootload=0.99
ramon: poll                 wall=35.000s usage=34.920s user=34.652s sys=00.268s mem=64388KiB roottime=34.650s load=1.00 rootload=1.00
ramon: poll                 wall=36.000s usage=35.919s user=35.644s sys=00.275s mem=64760KiB roottime=35.640s load=1.00 rootload=0.99
ramon: poll                 wall=37.002s usage=36.918s user=36.641s sys=00.277s mem=64804KiB roottime=36.640s load=1.00 rootload=1.00
ramon: poll                 wall=38.000s usage=37.915s user=37.632s sys=00.283s mem=64832KiB roottime=37.630s load=1.00 rootload=0.99
ramon: poll                 wall=39.000s usage=38.913s user=38.630s sys=00.283s mem=65012KiB roottime=38.630s load=1.00 rootload=1.00
ramon: poll                 wall=40.006s usage=39.917s user=39.633s sys=00.284s mem=65212KiB roottime=39.630s load=1.00 rootload=0.99
ramon: poll                 wall=41.004s usage=40.914s user=40.627s sys=00.287s mem=65448KiB roottime=40.620s load=1.00 rootload=0.99
ramon: poll                 wall=42.000s usage=41.908s user=41.621s sys=00.287s mem=65532KiB roottime=41.620s load=1.00 rootload=1.00
ramon: poll                 wall=43.000s usage=42.907s user=42.621s sys=00.287s mem=65604KiB roottime=42.620s load=1.00 rootload=1.00
ramon: poll                 wall=44.000s usage=43.906s user=43.618s sys=00.288s mem=65664KiB roottime=43.610s load=1.00 rootload=0.99
ramon: poll                 wall=45.000s usage=44.905s user=44.616s sys=00.289s mem=65664KiB roottime=44.610s load=1.00 rootload=1.00
ramon: poll                 wall=46.013s usage=45.917s user=45.627s sys=00.290s mem=65664KiB roottime=45.620s load=1.00 rootload=1.00
ramon: poll                 wall=47.000s usage=46.904s user=46.614s sys=00.290s mem=65664KiB roottime=46.610s load=1.00 rootload=1.00
ramon: poll                 wall=48.000s usage=47.903s user=47.611s sys=00.292s mem=65920KiB roottime=47.610s load=1.00 rootload=1.00
ramon: poll                 wall=49.001s usage=48.904s user=48.612s sys=00.292s mem=65920KiB roottime=48.610s load=1.00 rootload=1.00
ramon: poll                 wall=50.003s usage=49.905s user=49.613s sys=00.292s mem=65920KiB roottime=49.610s load=1.00 rootload=1.00
ramon: poll                 wall=51.000s usage=50.903s user=50.610s sys=00.293s mem=65920KiB roottime=50.600s load=1.00 rootload=0.99
ramon: poll                 wall=52.000s usage=51.892s user=51.595s sys=00.297s mem=66176KiB roottime=51.590s load=0.99 rootload=0.99
ramon: poll                 wall=53.002s usage=52.893s user=52.596s sys=00.297s mem=66176KiB roottime=52.590s load=1.00 rootload=1.00
ramon: poll                 wall=54.007s usage=53.897s user=53.601s sys=00.297s mem=66176KiB roottime=53.600s load=1.00 rootload=1.00
ramon: poll                 wall=55.001s usage=54.891s user=54.594s sys=00.297s mem=66176KiB roottime=54.590s load=1.00 rootload=1.00
ramon: poll                 wall=56.000s usage=55.890s user=55.592s sys=00.299s mem=66176KiB roottime=55.590s load=1.00 rootload=1.00
ramon: poll                 wall=57.015s usage=56.904s user=56.605s sys=00.299s mem=66176KiB roottime=56.600s load=1.00 rootload=1.00
ramon: poll                 wall=58.007s usage=57.896s user=57.595s sys=00.301s mem=66432KiB roottime=57.590s load=1.00 rootload=1.00
ramon: poll                 wall=59.006s usage=58.895s user=58.593s sys=00.302s mem=66432KiB roottime=58.590s load=1.00 rootload=1.00
ramon: poll                 wall=01m00.003s usage=59.891s user=59.590s sys=00.302s mem=66432KiB roottime=59.580s load=1.00 rootload=0.99
ramon: poll                 wall=01m01.000s usage=01m00.889s user=01m00.586s sys=00.303s mem=66432KiB roottime=60.580s load=1.00 rootload=1.00
ramon: poll                 wall=01m02.002s usage=01m01.891s user=01m01.588s sys=00.303s mem=66432KiB roottime=61.580s load=1.00 rootload=1.00
ramon: poll                 wall=01m03.000s usage=01m02.889s user=01m02.582s sys=00.307s mem=67200KiB roottime=62.580s load=1.00 rootload=1.00
ramon: poll                 wall=01m04.002s usage=01m03.889s user=01m03.583s sys=00.307s mem=67200KiB roottime=63.580s load=1.00 rootload=1.00
ramon: poll                 wall=01m05.002s usage=01m04.889s user=01m04.581s sys=00.308s mem=67200KiB roottime=64.580s load=1.00 rootload=1.00
ramon: poll                 wall=01m06.004s usage=01m05.891s user=01m05.583s sys=00.308s mem=67200KiB roottime=65.580s load=1.00 rootload=1.00
ramon: poll                 wall=01m07.003s usage=01m06.889s user=01m06.580s sys=00.309s mem=67456KiB roottime=66.580s load=1.00 rootload=1.00
ramon: poll                 wall=01m08.007s usage=01m07.893s user=01m07.584s sys=00.309s mem=67456KiB roottime=67.580s load=1.00 rootload=1.00
ramon: poll                 wall=01m09.000s usage=01m08.890s user=01m08.581s sys=00.309s mem=67456KiB roottime=68.580s load=1.00 rootload=1.01
ramon: poll                 wall=01m10.000s usage=01m09.886s user=01m09.577s sys=00.309s mem=67456KiB roottime=69.570s load=1.00 rootload=0.99
ramon: poll                 wall=01m11.000s usage=01m10.886s user=01m10.577s sys=00.309s mem=67456KiB roottime=70.570s load=1.00 rootload=1.00
ramon: poll                 wall=01m12.000s usage=01m11.884s user=01m11.575s sys=00.309s mem=67456KiB roottime=71.570s load=1.00 rootload=1.00
ramon: poll                 wall=01m13.000s usage=01m12.884s user=01m12.575s sys=00.309s mem=67712KiB roottime=72.570s load=1.00 rootload=1.00
ramon: poll                 wall=01m14.000s usage=01m13.886s user=01m13.575s sys=00.311s mem=67712KiB roottime=73.580s load=1.00 rootload=1.01
ramon: poll                 wall=01m15.000s usage=01m14.884s user=01m14.572s sys=00.312s mem=67968KiB roottime=74.570s load=1.00 rootload=0.99
ramon: poll                 wall=01m16.000s usage=01m15.884s user=01m15.572s sys=00.312s mem=67968KiB roottime=75.570s load=1.00 rootload=1.00
ramon: poll                 wall=01m17.012s usage=01m16.894s user=01m16.583s sys=00.312s mem=67968KiB roottime=76.580s load=1.00 rootload=1.00
ramon: poll                 wall=01m18.006s usage=01m17.888s user=01m17.576s sys=00.312s mem=68224KiB roottime=77.570s load=1.00 rootload=1.00
ramon: poll                 wall=01m19.000s usage=01m18.882s user=01m18.570s sys=00.312s mem=68224KiB roottime=78.570s load=1.00 rootload=1.01
ramon: poll                 wall=01m20.017s usage=01m19.898s user=01m19.586s sys=00.312s mem=68224KiB roottime=79.580s load=1.00 rootload=0.99
ramon: poll                 wall=01m21.005s usage=01m20.885s user=01m20.573s sys=00.312s mem=68224KiB roottime=80.570s load=1.00 rootload=1.00
ramon: poll                 wall=01m22.004s usage=01m21.883s user=01m21.572s sys=00.312s mem=68224KiB roottime=81.570s load=1.00 rootload=1.00
ramon: poll                 wall=01m23.017s usage=01m22.896s user=01m22.583s sys=00.313s mem=68480KiB roottime=82.580s load=1.00 rootload=1.00
ramon: poll                 wall=01m24.014s usage=01m23.893s user=01m23.580s sys=00.313s mem=68480KiB roottime=83.580s load=1.00 rootload=1.00
ramon: poll                 wall=01m25.011s usage=01m24.890s user=01m24.577s sys=00.313s mem=68480KiB roottime=84.570s load=1.00 rootload=0.99
ramon: poll                 wall=01m26.012s usage=01m25.890s user=01m25.577s sys=00.313s mem=68480KiB roottime=85.570s load=1.00 rootload=1.00
ramon: poll                 wall=01m27.022s usage=01m26.899s user=01m26.586s sys=00.313s mem=68480KiB roottime=86.580s load=1.00 rootload=1.00
ramon: poll                 wall=01m28.011s usage=01m27.887s user=01m27.572s sys=00.316s mem=68480KiB roottime=87.570s load=1.00 rootload=1.00
ramon: poll                 wall=01m29.007s usage=01m28.883s user=01m28.567s sys=00.316s mem=68480KiB roottime=88.560s load=1.00 rootload=0.99
ramon: poll                 wall=01m30.003s usage=01m29.879s user=01m29.562s sys=00.317s mem=68480KiB roottime=89.560s load=1.00 rootload=1.00
ramon: poll                 wall=01m31.007s usage=01m30.882s user=01m30.565s sys=00.317s mem=68736KiB roottime=90.560s load=1.00 rootload=1.00
ramon: poll                 wall=01m32.010s usage=01m31.885s user=01m31.568s sys=00.317s mem=68736KiB roottime=91.560s load=1.00 rootload=1.00
ramon: poll                 wall=01m33.008s usage=01m32.880s user=01m32.561s sys=00.319s mem=68992KiB roottime=92.560s load=1.00 rootload=1.00
ramon: poll                 wall=01m34.010s usage=01m33.881s user=01m33.562s sys=00.319s mem=68804KiB roottime=93.560s load=1.00 rootload=1.00
ramon: poll                 wall=01m35.012s usage=01m34.882s user=01m34.562s sys=00.320s mem=68816KiB roottime=94.560s load=1.00 rootload=1.00
ramon: poll                 wall=01m36.014s usage=01m35.883s user=01m35.563s sys=00.320s mem=68864KiB roottime=95.560s load=1.00 rootload=1.00
ramon: poll                 wall=01m37.011s usage=01m36.878s user=01m36.559s sys=00.320s mem=68968KiB roottime=96.550s load=1.00 rootload=0.99
ramon: poll                 wall=01m38.011s usage=01m37.878s user=01m37.557s sys=00.321s mem=69408KiB roottime=97.550s load=1.00 rootload=1.00
ramon: poll                 wall=01m39.018s usage=01m38.882s user=01m38.561s sys=00.322s mem=69340KiB roottime=98.560s load=1.00 rootload=1.00
ramon: poll                 wall=01m40.014s usage=01m39.876s user=01m39.554s sys=00.322s mem=69468KiB roottime=99.550s load=1.00 rootload=0.99
ramon: poll                 wall=01m41.001s usage=01m40.860s user=01m40.537s sys=00.323s mem=69940KiB roottime=100.530s load=1.00 rootload=0.99
ramon: poll                 wall=01m42.006s usage=01m41.863s user=01m41.539s sys=00.324s mem=69996KiB roottime=101.540s load=1.00 rootload=1.00
ramon: poll                 wall=01m43.006s usage=01m42.861s user=01m42.536s sys=00.325s mem=70032KiB roottime=102.530s load=1.00 rootload=0.99
ramon: poll                 wall=01m44.007s usage=01m43.861s user=01m43.536s sys=00.325s mem=70044KiB roottime=103.540s load=1.00 rootload=1.01
ramon: poll                 wall=01m45.021s usage=01m44.871s user=01m44.546s sys=00.326s mem=70060KiB roottime=104.550s load=1.00 rootload=1.00
ramon: poll                 wall=01m46.008s usage=01m45.858s user=01m45.532s sys=00.326s mem=70132KiB roottime=105.530s load=1.00 rootload=0.99
ramon: poll                 wall=01m47.007s usage=01m46.855s user=01m46.529s sys=00.326s mem=70152KiB roottime=106.530s load=1.00 rootload=1.00
ramon: poll                 wall=01m48.011s usage=01m47.858s user=01m47.533s sys=00.326s mem=70172KiB roottime=107.530s load=1.00 rootload=1.00
ramon: poll                 wall=01m49.000s usage=01m48.847s user=01m48.521s sys=00.327s mem=70204KiB roottime=108.520s load=1.00 rootload=1.00
ramon: poll                 wall=01m50.039s usage=01m49.885s user=01m49.558s sys=00.327s mem=70224KiB roottime=109.550s load=1.00 rootload=0.99
ramon: poll                 wall=01m51.015s usage=01m50.860s user=01m50.533s sys=00.327s mem=70284KiB roottime=110.530s load=1.00 rootload=1.00
ramon: poll                 wall=01m52.010s usage=01m51.854s user=01m51.526s sys=00.328s mem=70332KiB roottime=111.520s load=1.00 rootload=1.00
ramon: poll                 wall=01m53.006s usage=01m52.850s user=01m52.521s sys=00.329s mem=70372KiB roottime=112.520s load=1.00 rootload=1.00
ramon: poll                 wall=01m54.020s usage=01m53.862s user=01m53.530s sys=00.332s mem=70448KiB roottime=113.530s load=1.00 rootload=1.00
ramon: poll                 wall=01m55.019s usage=01m54.860s user=01m54.528s sys=00.332s mem=70464KiB roottime=114.520s load=1.00 rootload=0.99
ramon: poll                 wall=01m56.003s usage=01m55.844s user=01m55.513s sys=00.332s mem=70476KiB roottime=115.510s load=1.00 rootload=1.01
ramon: poll                 wall=01m57.009s usage=01m56.850s user=01m56.518s sys=00.332s mem=70492KiB roottime=116.520s load=1.00 rootload=1.00
ramon: poll                 wall=01m58.008s usage=01m57.846s user=01m57.514s sys=00.333s mem=70564KiB roottime=117.510s load=1.00 rootload=0.99
ramon: poll                 wall=01m59.009s usage=01m58.847s user=01m58.510s sys=00.337s mem=70684KiB roottime=118.500s load=1.00 rootload=0.99
ramon: poll                 wall=02m00.004s usage=01m59.842s user=01m59.504s sys=00.338s mem=70780KiB roottime=119.500s load=1.00 rootload=1.00
ramon: poll                 wall=02m01.002s usage=02m00.839s user=02m00.500s sys=00.339s mem=70852KiB roottime=120.500s load=1.00 rootload=1.00
ramon: poll                 wall=02m02.004s usage=02m01.840s user=02m01.501s sys=00.339s mem=70864KiB roottime=121.500s load=1.00 rootload=1.00
ramon: poll                 wall=02m03.007s usage=02m02.841s user=02m02.503s sys=00.339s mem=70880KiB roottime=122.500s load=1.00 rootload=1.00
ramon: poll                 wall=02m04.000s usage=02m03.834s user=02m03.496s sys=00.339s mem=70932KiB roottime=123.490s load=1.00 rootload=1.00
ramon: poll                 wall=02m05.013s usage=02m04.845s user=02m04.505s sys=00.340s mem=71344KiB roottime=124.500s load=1.00 rootload=1.00
ramon: poll                 wall=02m06.009s usage=02m05.840s user=02m05.500s sys=00.340s mem=71124KiB roottime=125.500s load=1.00 rootload=1.00
ramon: poll                 wall=02m07.010s usage=02m06.839s user=02m06.499s sys=00.340s mem=71124KiB roottime=126.500s load=1.00 rootload=1.00
ramon: poll                 wall=02m08.006s usage=02m07.832s user=02m07.491s sys=00.341s mem=71168KiB roottime=127.490s load=1.00 rootload=0.99
ramon: poll                 wall=02m09.005s usage=02m08.829s user=02m08.489s sys=00.341s mem=71200KiB roottime=128.480s load=1.00 rootload=0.99
ramon: poll                 wall=02m10.007s usage=02m09.830s user=02m09.489s sys=00.341s mem=71468KiB roottime=129.490s load=1.00 rootload=1.01
ramon: poll                 wall=02m11.012s usage=02m10.833s user=02m10.491s sys=00.342s mem=71436KiB roottime=130.490s load=1.00 rootload=1.00
ramon: poll                 wall=02m12.002s usage=02m11.820s user=02m11.478s sys=00.342s mem=71480KiB roottime=131.470s load=1.00 rootload=0.99
ramon: poll                 wall=02m13.000s usage=02m12.817s user=02m12.475s sys=00.342s mem=71480KiB roottime=132.470s load=1.00 rootload=1.00
ramon: poll                 wall=02m14.000s usage=02m13.814s user=02m13.473s sys=00.342s mem=71480KiB roottime=133.470s load=1.00 rootload=1.00
ramon: poll                 wall=02m15.004s usage=02m14.815s user=02m14.473s sys=00.342s mem=71740KiB roottime=134.470s load=1.00 rootload=1.00
ramon: poll                 wall=02m16.000s usage=02m15.809s user=02m15.467s sys=00.342s mem=71532KiB roottime=135.460s load=1.00 rootload=0.99
ramon: poll                 wall=02m17.007s usage=02m16.813s user=02m16.471s sys=00.342s mem=71548KiB roottime=136.470s load=1.00 rootload=1.00
ramon: poll                 wall=02m18.008s usage=02m17.811s user=02m17.469s sys=00.343s mem=71596KiB roottime=137.460s load=1.00 rootload=0.99
ramon: poll                 wall=02m19.010s usage=02m18.811s user=02m18.468s sys=00.343s mem=71600KiB roottime=138.460s load=1.00 rootload=1.00
ramon: poll                 wall=02m20.012s usage=02m19.811s user=02m19.468s sys=00.343s mem=71612KiB roottime=139.460s load=1.00 rootload=1.00
ramon: poll                 wall=02m21.014s usage=02m20.811s user=02m20.468s sys=00.343s mem=71612KiB roottime=140.460s load=1.00 rootload=1.00
ramon: poll                 wall=02m22.013s usage=02m21.808s user=02m21.464s sys=00.344s mem=71692KiB roottime=141.460s load=1.00 rootload=1.00
ramon: poll                 wall=02m23.014s usage=02m22.808s user=02m22.464s sys=00.344s mem=71720KiB roottime=142.460s load=1.00 rootload=1.00
ramon: poll                 wall=02m24.022s usage=02m23.815s user=02m23.469s sys=00.346s mem=71896KiB roottime=143.460s load=1.00 rootload=0.99
ramon: poll                 wall=02m25.008s usage=02m24.800s user=02m24.453s sys=00.347s mem=71904KiB roottime=144.450s load=1.00 rootload=1.00
ramon: poll                 wall=02m26.016s usage=02m25.808s user=02m25.460s sys=00.348s mem=72004KiB roottime=145.460s load=1.00 rootload=1.00
ramon: poll                 wall=02m27.005s usage=02m26.795s user=02m26.447s sys=00.348s mem=72008KiB roottime=146.440s load=1.00 rootload=0.99
ramon: poll                 wall=02m28.004s usage=02m27.793s user=02m27.444s sys=00.349s mem=72016KiB roottime=147.440s load=1.00 rootload=1.00
ramon: poll                 wall=02m29.004s usage=02m28.792s user=02m28.444s sys=00.349s mem=72032KiB roottime=148.440s load=1.00 rootload=1.00
ramon: poll                 wall=02m30.004s usage=02m29.791s user=02m29.442s sys=00.350s mem=72108KiB roottime=149.440s load=1.00 rootload=1.00
ramon: poll                 wall=02m31.008s usage=02m30.795s user=02m30.444s sys=00.351s mem=72156KiB roottime=150.440s load=1.00 rootload=1.00
ramon: poll                 wall=02m32.013s usage=02m31.799s user=02m31.447s sys=00.352s mem=72352KiB roottime=151.440s load=1.00 rootload=0.99
ramon: poll                 wall=02m33.011s usage=02m32.795s user=02m32.444s sys=00.352s mem=72352KiB roottime=152.440s load=1.00 rootload=1.00
ramon: poll                 wall=02m34.000s usage=02m33.783s user=02m33.431s sys=00.352s mem=72356KiB roottime=153.430s load=1.00 rootload=1.00
ramon: poll                 wall=02m35.004s usage=02m34.786s user=02m34.432s sys=00.354s mem=72408KiB roottime=154.430s load=1.00 rootload=1.00
ramon: poll                 wall=02m36.008s usage=02m35.789s user=02m35.436s sys=00.354s mem=72664KiB roottime=155.430s load=1.00 rootload=1.00
ramon: poll                 wall=02m37.003s usage=02m36.784s user=02m36.430s sys=00.354s mem=72664KiB roottime=156.430s load=1.00 rootload=1.01
ramon: poll                 wall=02m38.008s usage=02m37.788s user=02m37.435s sys=00.354s mem=72664KiB roottime=157.430s load=1.00 rootload=0.99
ramon: poll                 wall=02m39.015s usage=02m38.795s user=02m38.441s sys=00.355s mem=72664KiB roottime=158.440s load=1.00 rootload=1.00
ramon: poll                 wall=02m40.008s usage=02m39.786s user=02m39.428s sys=00.359s mem=72984KiB roottime=159.420s load=1.00 rootload=0.99
ramon: poll                 wall=02m41.009s usage=02m40.786s user=02m40.426s sys=00.360s mem=73228KiB roottime=160.420s load=1.00 rootload=1.00
ramon: poll                 wall=02m42.004s usage=02m41.779s user=02m41.419s sys=00.361s mem=73020KiB roottime=161.410s load=1.00 rootload=0.99
ramon: poll                 wall=02m43.000s usage=02m42.775s user=02m42.411s sys=00.364s mem=74164KiB roottime=162.410s load=1.00 rootload=1.00
ramon: poll                 wall=02m44.007s usage=02m43.779s user=02m43.415s sys=00.364s mem=74172KiB roottime=163.410s load=1.00 rootload=0.99
ramon: poll                 wall=02m45.004s usage=02m44.774s user=02m44.411s sys=00.364s mem=73920KiB roottime=164.410s load=1.00 rootload=1.00
ramon: poll                 wall=02m46.002s usage=02m45.770s user=02m45.407s sys=00.364s mem=73920KiB roottime=165.400s load=1.00 rootload=0.99
ramon: poll                 wall=02m47.005s usage=02m46.772s user=02m46.408s sys=00.364s mem=73920KiB roottime=166.400s load=1.00 rootload=1.00
ramon: poll                 wall=02m48.004s usage=02m47.768s user=02m47.404s sys=00.364s mem=74176KiB roottime=167.400s load=1.00 rootload=1.00
ramon: poll                 wall=02m49.012s usage=02m48.776s user=02m48.412s sys=00.364s mem=73928KiB roottime=168.410s load=1.00 rootload=1.00
ramon: poll                 wall=02m50.040s usage=02m49.802s user=02m49.438s sys=00.364s mem=73932KiB roottime=169.430s load=1.00 rootload=0.99
ramon: poll                 wall=02m51.016s usage=02m50.775s user=02m50.412s sys=00.364s mem=73932KiB roottime=170.410s load=1.00 rootload=1.00
ramon: poll                 wall=02m52.024s usage=02m51.782s user=02m51.418s sys=00.364s mem=73932KiB roottime=171.420s load=1.00 rootload=1.00
ramon: poll                 wall=02m53.007s usage=02m52.762s user=02m52.398s sys=00.364s mem=73932KiB roottime=172.390s load=1.00 rootload=0.99
ramon: poll                 wall=02m54.011s usage=02m53.765s user=02m53.401s sys=00.364s mem=73932KiB roottime=173.400s load=1.00 rootload=1.01
ramon: poll                 wall=02m55.004s usage=02m54.755s user=02m54.391s sys=00.364s mem=73932KiB roottime=174.390s load=1.00 rootload=1.00
ramon: poll                 wall=02m56.008s usage=02m55.756s user=02m55.391s sys=00.365s mem=73936KiB roottime=175.390s load=1.00 rootload=1.00
ramon: poll                 wall=02m57.017s usage=02m56.762s user=02m56.398s sys=00.365s mem=73936KiB roottime=176.390s load=1.00 rootload=0.99
ramon: poll                 wall=02m58.008s usage=02m57.752s user=02m57.387s sys=00.365s mem=73940KiB roottime=177.380s load=1.00 rootload=1.00
ramon: poll                 wall=02m59.009s usage=02m58.750s user=02m58.385s sys=00.365s mem=73940KiB roottime=178.380s load=1.00 rootload=1.00
ramon: poll                 wall=03m00.005s usage=02m59.743s user=02m59.378s sys=00.366s mem=73940KiB roottime=179.370s load=1.00 rootload=0.99
ramon: poll                 wall=03m01.019s usage=03m00.753s user=03m00.387s sys=00.366s mem=73944KiB roottime=180.380s load=1.00 rootload=1.00
ramon: poll                 wall=03m02.000s usage=03m01.731s user=03m01.366s sys=00.366s mem=73944KiB roottime=181.360s load=1.00 rootload=1.00
ramon: poll                 wall=03m03.011s usage=03m02.739s user=03m02.373s sys=00.366s mem=73944KiB roottime=182.370s load=1.00 rootload=1.00
ramon: poll                 wall=03m04.006s usage=03m03.728s user=03m03.363s sys=00.366s mem=73944KiB roottime=183.360s load=0.99 rootload=1.00
ramon: poll                 wall=03m05.024s usage=03m04.744s user=03m04.378s sys=00.366s mem=73944KiB roottime=184.370s load=1.00 rootload=0.99
ramon: poll                 wall=03m06.024s usage=03m05.740s user=03m05.375s sys=00.366s mem=73944KiB roottime=185.370s load=1.00 rootload=1.00
ramon: poll                 wall=03m07.027s usage=03m06.740s user=03m06.374s sys=00.366s mem=73944KiB roottime=186.370s load=1.00 rootload=1.00
ramon: poll                 wall=03m08.016s usage=03m07.726s user=03m07.360s sys=00.366s mem=73944KiB roottime=187.360s load=1.00 rootload=1.00
ramon: poll                 wall=03m09.019s usage=03m08.727s user=03m08.360s sys=00.367s mem=73944KiB roottime=188.360s load=1.00 rootload=1.00
ramon: poll                 wall=03m10.012s usage=03m09.717s user=03m09.351s sys=00.367s mem=73948KiB roottime=189.350s load=1.00 rootload=1.00
ramon: poll                 wall=03m11.000s usage=03m10.705s user=03m10.338s sys=00.367s mem=73956KiB roottime=190.330s load=1.00 rootload=0.99
ramon: poll                 wall=03m12.026s usage=03m11.728s user=03m11.360s sys=00.368s mem=73956KiB roottime=191.360s load=1.00 rootload=1.00
ramon: poll                 wall=03m13.016s usage=03m12.715s user=03m12.347s sys=00.368s mem=73956KiB roottime=192.340s load=1.00 rootload=0.99
ramon: poll                 wall=03m14.018s usage=03m13.716s user=03m13.348s sys=00.368s mem=73956KiB roottime=193.340s load=1.00 rootload=1.00
ramon: poll                 wall=03m15.013s usage=03m14.685s user=03m14.316s sys=00.369s mem=73956KiB roottime=194.310s load=0.97 rootload=0.97
ramon: poll                 wall=03m16.005s usage=03m15.669s user=03m15.299s sys=00.370s mem=73956KiB roottime=195.290s load=0.99 rootload=0.99
ramon: poll                 wall=03m17.004s usage=03m16.659s user=03m16.290s sys=00.370s mem=73956KiB roottime=196.280s load=0.99 rootload=0.99
ramon: poll                 wall=03m18.000s usage=03m17.650s user=03m17.280s sys=00.371s mem=73956KiB roottime=197.280s load=0.99 rootload=1.00
ramon: poll                 wall=03m19.012s usage=03m18.657s user=03m18.285s sys=00.372s mem=75024KiB roottime=198.280s load=1.00 rootload=0.99
ramon: end                  Thu Mar 20 23:41:37 2025
ramon: root.execname        z3
ramon: root.utime           198.430s
ramon: root.stime           0.390s
ramon: group.total          198.828s
ramon: group.utime          198.431s
ramon: group.stime          0.398s
ramon: group.mempeak        75280KiB
ramon: group.pidpeak        2
ramon: status               exited
ramon: exitcode             0
ramon: walltime             199.184s
ramon: loadavg              1.00
