ramon: cwd                  /home/runner/a/_work/z3-poly-testing/z3-poly-testing
ramon: start                Tue Mar 18 20:35:04 2025
ramon: nproc                128
ramon: sys.mem              64150 MiB
ramon: sys.mem.free         20692 MiB
ramon: sys.mem.avail        64129 MiB
ramon: sys.nprocs           3859
ramon: argv                 0 = z3
ramon: argv                 1 = /home/runner/a/_work/z3-poly-testing/z3-poly-testing/download/non-incremental/QF_LIA/20220307-SMPT/BART-PT-020/RF-14.smt2
ramon: argv                 2 = -T:600
ramon: argv                 3 = -st
ramon: argv                 4 = smt.arith.lp.dio_eqs=false
ramon: childpid             2097926
ramon: poll                 wall=01.002s usage=00.976s user=00.846s sys=00.130s mem=48588KiB roottime=0.840s load=0.97 rootload=0.84
ramon: end                  Tue Mar 18 20:35:05 2025
ramon: root.execname        z3
ramon: root.utime           1.240s
ramon: root.stime           0.140s
ramon: group.total          1.392s
ramon: group.utime          1.248s
ramon: group.stime          0.145s
ramon: group.mempeak        49356KiB
ramon: group.pidpeak        2
ramon: status               exited
ramon: exitcode             0
ramon: walltime             1.419s
ramon: loadavg              0.98
