ramon: cwd                  /tmp/runner/actions-runner/_work/z3-poly-testing/z3-poly-testing
ramon: start                Wed Dec 18 14:11:07 2024
ramon: nproc                128
ramon: sys.mem              64150 MiB
ramon: sys.mem.free         48691 MiB
ramon: sys.mem.avail        64139 MiB
ramon: sys.nprocs           2992
ramon: argv                 0 = z3
ramon: argv                 1 = /tmp/runner/actions-runner/_work/z3-poly-testing/z3-poly-testing/download/non-incremental/QF_NIA/calypto/problem-005596.cvc.1.smt2
ramon: argv                 2 = -T:600
ramon: argv                 3 = -st
ramon: childpid             3654307
ramon: poll                 wall=01.000s usage=00.982s user=00.851s sys=00.131s mem=107MiB roottime=0.850s load=0.98 rootload=0.85
ramon: end                  Wed Dec 18 14:11:08 2024
ramon: root.execname        z3
ramon: root.utime           0.950s
ramon: root.stime           0.150s
ramon: group.total          1.106s
ramon: group.utime          0.956s
ramon: group.stime          0.151s
ramon: group.mempeak        107MiB
ramon: group.pidpeak        3
ramon: status               exited
ramon: exitcode             0
ramon: walltime             1.125s
ramon: loadavg              0.98
