ramon: cwd                  /home/runner/a/_work/z3-poly-testing/z3-poly-testing
ramon: start                Fri Apr  4 21:20:18 2025
ramon: nproc                128
ramon: sys.mem              64150 MiB
ramon: sys.mem.free         37898 MiB
ramon: sys.mem.avail        64059 MiB
ramon: sys.nprocs           3151
ramon: argv                 0 = z3
ramon: argv                 1 = /home/runner/a/_work/z3-poly-testing/z3-poly-testing/download/non-incremental/QF_LIA/convert/convert-jpg2gif-query-1512.smt2
ramon: argv                 2 = -T:600
ramon: argv                 3 = -st
ramon: argv                 4 = lp.dio_eqs=true
ramon: argv                 5 = lp.dio_calls_period=4
ramon: childpid             2765265
ramon: poll                 wall=01.004s usage=00.980s user=00.884s sys=00.096s mem=28072KiB roottime=0.880s load=0.98 rootload=0.88
ramon: poll                 wall=02.000s usage=01.974s user=01.878s sys=00.097s mem=27916KiB roottime=1.870s load=1.00 rootload=0.99
ramon: poll                 wall=03.000s usage=02.974s user=02.877s sys=00.097s mem=28172KiB roottime=2.870s load=1.00 rootload=1.00
ramon: poll                 wall=04.000s usage=03.974s user=03.876s sys=00.098s mem=28172KiB roottime=3.870s load=1.00 rootload=1.00
ramon: end                  Fri Apr  4 21:20:22 2025
ramon: root.execname        z3
ramon: root.utime           3.980s
ramon: root.stime           0.110s
ramon: group.total          4.100s
ramon: group.utime          3.987s
ramon: group.stime          0.113s
ramon: group.mempeak        28684KiB
ramon: group.pidpeak        3
ramon: status               exited
ramon: exitcode             0
ramon: walltime             4.128s
ramon: loadavg              0.99
