unsat
(:added-eqs                   476414
 :arith-eq-adapter            1441
 :arith-bound-propagations-lp 38267
 :arith-conflicts             60
 :arith-diseq                 20522
 :arith-fixed-eqs             25387
 :arith-lower                 40722
 :arith-make-feasible         14804
 :arith-max-columns           628
 :arith-max-rows              297
 :arith-offset-eqs            33261
 :arith-upper                 42079
 :binary-propagations         1312719
 :conflicts                   7455
 :decisions                   289503
 :del-clause                  8899
 :elim-unconstrained          2
 :max-memory                  27.45
 :memory                      21.23
 :minimized-lits              35041
 :mk-bool-var                 7972
 :mk-clause                   10978
 :mk-clause-binary            8233
 :num-allocs                  57979111
 :num-checks                  1
 :propagations                1787819
 :restarts                    54
 :rlimit-count                11479381
 :time                        3.89
 :total-time                  4.00)
