ramon: cwd                  /tmp/runner/actions-runner/_work/z3-poly-testing/z3-poly-testing
ramon: start                Tue Dec 17 19:23:09 2024
ramon: nproc                128
ramon: sys.mem              64150 MiB
ramon: sys.mem.free         33462 MiB
ramon: sys.mem.avail        63982 MiB
ramon: sys.nprocs           2959
ramon: argv                 0 = z3
ramon: argv                 1 = /tmp/runner/actions-runner/_work/z3-poly-testing/z3-poly-testing/download/non-incremental/QF_NIA/20220315-MathProblems/STC_0020.smt2
ramon: argv                 2 = -T:600
ramon: argv                 3 = -st
ramon: childpid             2047694
ramon: poll                 wall=01.000s usage=00.983s user=00.903s sys=00.080s mem=39264KiB roottime=0.900s load=0.98 rootload=0.90
ramon: poll                 wall=02.000s usage=01.984s user=01.900s sys=00.084s mem=40288KiB roottime=1.890s load=1.00 rootload=0.99
ramon: poll                 wall=03.000s usage=02.983s user=02.895s sys=00.088s mem=41056KiB roottime=2.890s load=1.00 rootload=1.00
ramon: poll                 wall=04.000s usage=03.983s user=03.895s sys=00.088s mem=41056KiB roottime=3.890s load=1.00 rootload=1.00
ramon: poll                 wall=05.000s usage=04.984s user=04.896s sys=00.088s mem=41056KiB roottime=4.890s load=1.00 rootload=1.00
ramon: poll                 wall=06.000s usage=05.983s user=05.895s sys=00.088s mem=41056KiB roottime=5.890s load=1.00 rootload=1.00
ramon: poll                 wall=07.000s usage=06.983s user=06.895s sys=00.088s mem=41056KiB roottime=6.890s load=1.00 rootload=1.00
ramon: poll                 wall=08.000s usage=07.982s user=07.888s sys=00.094s mem=43616KiB roottime=7.880s load=1.00 rootload=0.99
ramon: poll                 wall=09.000s usage=08.982s user=08.883s sys=00.099s mem=46432KiB roottime=8.880s load=1.00 rootload=1.00
ramon: poll                 wall=10.000s usage=09.982s user=09.879s sys=00.103s mem=48480KiB roottime=9.870s load=1.00 rootload=0.99
ramon: poll                 wall=11.000s usage=10.981s user=10.872s sys=00.109s mem=50528KiB roottime=10.870s load=1.00 rootload=1.00
ramon: poll                 wall=12.000s usage=11.981s user=11.870s sys=00.111s mem=53088KiB roottime=11.870s load=1.00 rootload=1.00
ramon: poll                 wall=13.000s usage=12.982s user=12.870s sys=00.112s mem=55136KiB roottime=12.860s load=1.00 rootload=0.99
ramon: poll                 wall=14.000s usage=13.981s user=13.867s sys=00.114s mem=56160KiB roottime=13.860s load=1.00 rootload=1.00
ramon: poll                 wall=15.000s usage=14.981s user=14.837s sys=00.144s mem=73728KiB roottime=14.830s load=1.00 rootload=0.97
ramon: poll                 wall=16.000s usage=15.981s user=15.834s sys=00.147s mem=75520KiB roottime=15.830s load=1.00 rootload=1.00
ramon: poll                 wall=17.000s usage=16.980s user=16.832s sys=00.148s mem=76288KiB roottime=16.830s load=1.00 rootload=1.00
ramon: poll                 wall=18.000s usage=17.980s user=17.825s sys=00.155s mem=78336KiB roottime=17.820s load=1.00 rootload=0.99
ramon: poll                 wall=19.000s usage=18.980s user=18.824s sys=00.156s mem=78848KiB roottime=18.820s load=1.00 rootload=1.00
ramon: poll                 wall=20.000s usage=19.980s user=19.822s sys=00.158s mem=80896KiB roottime=19.820s load=1.00 rootload=1.00
ramon: poll                 wall=21.000s usage=20.980s user=20.822s sys=00.158s mem=81152KiB roottime=20.820s load=1.00 rootload=1.00
ramon: poll                 wall=22.000s usage=21.979s user=21.821s sys=00.159s mem=81920KiB roottime=21.820s load=1.00 rootload=1.00
ramon: poll                 wall=23.000s usage=22.979s user=22.820s sys=00.159s mem=82688KiB roottime=22.820s load=1.00 rootload=1.00
ramon: poll                 wall=24.000s usage=23.979s user=23.819s sys=00.160s mem=83712KiB roottime=23.810s load=1.00 rootload=0.99
ramon: poll                 wall=25.000s usage=24.979s user=24.818s sys=00.161s mem=84336KiB roottime=24.810s load=1.00 rootload=1.00
ramon: poll                 wall=26.000s usage=25.978s user=25.813s sys=00.166s mem=87920KiB roottime=25.810s load=1.00 rootload=1.00
ramon: poll                 wall=27.000s usage=26.978s user=26.809s sys=00.169s mem=87920KiB roottime=26.810s load=1.00 rootload=1.00
ramon: poll                 wall=28.000s usage=27.978s user=27.808s sys=00.170s mem=87920KiB roottime=27.800s load=1.00 rootload=0.99
ramon: poll                 wall=29.000s usage=28.978s user=28.804s sys=00.174s mem=90736KiB roottime=28.800s load=1.00 rootload=1.00
ramon: poll                 wall=30.000s usage=29.978s user=29.802s sys=00.176s mem=90736KiB roottime=29.800s load=1.00 rootload=1.00
ramon: poll                 wall=31.000s usage=30.978s user=30.800s sys=00.178s mem=93296KiB roottime=30.800s load=1.00 rootload=1.00
ramon: poll                 wall=32.000s usage=31.978s user=31.800s sys=00.178s mem=93808KiB roottime=31.800s load=1.00 rootload=1.00
ramon: poll                 wall=33.000s usage=32.978s user=32.799s sys=00.179s mem=95088KiB roottime=32.790s load=1.00 rootload=0.99
ramon: poll                 wall=34.000s usage=33.978s user=33.797s sys=00.181s mem=95088KiB roottime=33.790s load=1.00 rootload=1.00
ramon: poll                 wall=35.000s usage=34.978s user=34.796s sys=00.182s mem=95088KiB roottime=34.790s load=1.00 rootload=1.00
ramon: poll                 wall=36.000s usage=35.979s user=35.796s sys=00.183s mem=95856KiB roottime=35.790s load=1.00 rootload=1.00
ramon: poll                 wall=37.000s usage=36.978s user=36.793s sys=00.185s mem=96368KiB roottime=36.790s load=1.00 rootload=1.00
ramon: poll                 wall=38.000s usage=37.977s user=37.792s sys=00.185s mem=96368KiB roottime=37.790s load=1.00 rootload=1.00
ramon: poll                 wall=39.000s usage=38.977s user=38.792s sys=00.185s mem=98416KiB roottime=38.790s load=1.00 rootload=1.00
ramon: poll                 wall=40.000s usage=39.977s user=39.792s sys=00.185s mem=99696KiB roottime=39.790s load=1.00 rootload=1.00
ramon: poll                 wall=41.000s usage=40.977s user=40.725s sys=00.252s mem=129MiB roottime=40.720s load=1.00 rootload=0.93
ramon: poll                 wall=42.000s usage=41.977s user=41.725s sys=00.252s mem=130MiB roottime=41.720s load=1.00 rootload=1.00
ramon: poll                 wall=43.000s usage=42.978s user=42.725s sys=00.253s mem=130MiB roottime=42.720s load=1.00 rootload=1.00
ramon: poll                 wall=44.000s usage=43.977s user=43.722s sys=00.255s mem=130MiB roottime=43.720s load=1.00 rootload=1.00
ramon: poll                 wall=45.000s usage=44.976s user=44.721s sys=00.255s mem=130MiB roottime=44.720s load=1.00 rootload=1.00
ramon: poll                 wall=46.000s usage=45.977s user=45.721s sys=00.256s mem=130MiB roottime=45.720s load=1.00 rootload=1.00
ramon: poll                 wall=47.000s usage=46.976s user=46.719s sys=00.257s mem=131MiB roottime=46.710s load=1.00 rootload=0.99
ramon: poll                 wall=48.000s usage=47.975s user=47.718s sys=00.257s mem=131MiB roottime=47.710s load=1.00 rootload=1.00
ramon: poll                 wall=49.000s usage=48.975s user=48.716s sys=00.259s mem=132MiB roottime=48.710s load=1.00 rootload=1.00
ramon: poll                 wall=50.000s usage=49.975s user=49.716s sys=00.259s mem=132MiB roottime=49.710s load=1.00 rootload=1.00
ramon: poll                 wall=51.000s usage=50.975s user=50.716s sys=00.259s mem=132MiB roottime=50.710s load=1.00 rootload=1.00
ramon: poll                 wall=52.000s usage=51.974s user=51.714s sys=00.260s mem=133MiB roottime=51.710s load=1.00 rootload=1.00
ramon: poll                 wall=53.000s usage=52.975s user=52.715s sys=00.260s mem=134MiB roottime=52.710s load=1.00 rootload=1.00
ramon: poll                 wall=54.000s usage=53.974s user=53.713s sys=00.261s mem=134MiB roottime=53.710s load=1.00 rootload=1.00
ramon: poll                 wall=55.000s usage=54.974s user=54.709s sys=00.265s mem=137MiB roottime=54.700s load=1.00 rootload=0.99
ramon: poll                 wall=56.000s usage=55.974s user=55.709s sys=00.265s mem=137MiB roottime=55.700s load=1.00 rootload=1.00
ramon: poll                 wall=57.000s usage=56.974s user=56.709s sys=00.265s mem=137MiB roottime=56.700s load=1.00 rootload=1.00
ramon: poll                 wall=58.000s usage=57.973s user=57.708s sys=00.265s mem=137MiB roottime=57.700s load=1.00 rootload=1.00
ramon: poll                 wall=59.000s usage=58.973s user=58.705s sys=00.268s mem=138MiB roottime=58.700s load=1.00 rootload=1.00
ramon: poll                 wall=01m00.001s usage=59.974s user=59.706s sys=00.268s mem=138MiB roottime=59.700s load=1.00 rootload=1.00
ramon: poll                 wall=01m01.000s usage=01m00.973s user=01m00.705s sys=00.268s mem=138MiB roottime=60.700s load=1.00 rootload=1.00
ramon: poll                 wall=01m02.000s usage=01m01.972s user=01m01.704s sys=00.268s mem=138MiB roottime=61.700s load=1.00 rootload=1.00
ramon: poll                 wall=01m03.000s usage=01m02.972s user=01m02.704s sys=00.268s mem=138MiB roottime=62.700s load=1.00 rootload=1.00
ramon: poll                 wall=01m04.000s usage=01m03.972s user=01m03.703s sys=00.269s mem=138MiB roottime=63.700s load=1.00 rootload=1.00
ramon: poll                 wall=01m05.000s usage=01m04.972s user=01m04.702s sys=00.270s mem=140MiB roottime=64.700s load=1.00 rootload=1.00
ramon: poll                 wall=01m06.000s usage=01m05.972s user=01m05.702s sys=00.270s mem=140MiB roottime=65.700s load=1.00 rootload=1.00
ramon: poll                 wall=01m07.000s usage=01m06.972s user=01m06.702s sys=00.270s mem=140MiB roottime=66.700s load=1.00 rootload=1.00
ramon: poll                 wall=01m08.000s usage=01m07.971s user=01m07.701s sys=00.270s mem=140MiB roottime=67.700s load=1.00 rootload=1.00
ramon: poll                 wall=01m09.000s usage=01m08.971s user=01m08.701s sys=00.270s mem=140MiB roottime=68.700s load=1.00 rootload=1.00
ramon: poll                 wall=01m10.000s usage=01m09.971s user=01m09.700s sys=00.271s mem=141MiB roottime=69.700s load=1.00 rootload=1.00
ramon: poll                 wall=01m11.000s usage=01m10.971s user=01m10.700s sys=00.271s mem=141MiB roottime=70.700s load=1.00 rootload=1.00
ramon: poll                 wall=01m12.000s usage=01m11.971s user=01m11.699s sys=00.272s mem=143MiB roottime=71.690s load=1.00 rootload=0.99
ramon: poll                 wall=01m13.000s usage=01m12.972s user=01m12.698s sys=00.274s mem=144MiB roottime=72.690s load=1.00 rootload=1.00
ramon: poll                 wall=01m14.000s usage=01m13.972s user=01m13.698s sys=00.274s mem=144MiB roottime=73.690s load=1.00 rootload=1.00
ramon: poll                 wall=01m15.000s usage=01m14.971s user=01m14.697s sys=00.274s mem=144MiB roottime=74.690s load=1.00 rootload=1.00
ramon: poll                 wall=01m16.000s usage=01m15.970s user=01m15.696s sys=00.274s mem=144MiB roottime=75.690s load=1.00 rootload=1.00
ramon: poll                 wall=01m17.000s usage=01m16.971s user=01m16.696s sys=00.275s mem=145MiB roottime=76.690s load=1.00 rootload=1.00
ramon: poll                 wall=01m18.000s usage=01m17.969s user=01m17.695s sys=00.275s mem=145MiB roottime=77.690s load=1.00 rootload=1.00
ramon: poll                 wall=01m19.000s usage=01m18.969s user=01m18.691s sys=00.278s mem=145MiB roottime=78.690s load=1.00 rootload=1.00
ramon: poll                 wall=01m20.001s usage=01m19.970s user=01m19.692s sys=00.278s mem=145MiB roottime=79.690s load=1.00 rootload=1.00
ramon: poll                 wall=01m21.000s usage=01m20.970s user=01m20.692s sys=00.278s mem=145MiB roottime=80.690s load=1.00 rootload=1.00
ramon: poll                 wall=01m22.000s usage=01m21.969s user=01m21.691s sys=00.278s mem=145MiB roottime=81.690s load=1.00 rootload=1.00
ramon: poll                 wall=01m23.000s usage=01m22.969s user=01m22.691s sys=00.278s mem=145MiB roottime=82.690s load=1.00 rootload=1.00
ramon: poll                 wall=01m24.000s usage=01m23.970s user=01m23.692s sys=00.278s mem=145MiB roottime=83.690s load=1.00 rootload=1.00
ramon: poll                 wall=01m25.000s usage=01m24.969s user=01m24.691s sys=00.278s mem=146MiB roottime=84.690s load=1.00 rootload=1.00
ramon: poll                 wall=01m26.000s usage=01m25.969s user=01m25.690s sys=00.279s mem=146MiB roottime=85.690s load=1.00 rootload=1.00
ramon: poll                 wall=01m27.000s usage=01m26.969s user=01m26.690s sys=00.279s mem=146MiB roottime=86.690s load=1.00 rootload=1.00
ramon: poll                 wall=01m28.000s usage=01m27.968s user=01m27.689s sys=00.279s mem=146MiB roottime=87.690s load=1.00 rootload=1.00
ramon: poll                 wall=01m29.000s usage=01m28.968s user=01m28.689s sys=00.279s mem=146MiB roottime=88.680s load=1.00 rootload=0.99
ramon: poll                 wall=01m30.000s usage=01m29.968s user=01m29.689s sys=00.279s mem=146MiB roottime=89.680s load=1.00 rootload=1.00
ramon: poll                 wall=01m31.000s usage=01m30.968s user=01m30.688s sys=00.280s mem=147MiB roottime=90.680s load=1.00 rootload=1.00
ramon: poll                 wall=01m32.000s usage=01m31.968s user=01m31.687s sys=00.281s mem=147MiB roottime=91.680s load=1.00 rootload=1.00
ramon: poll                 wall=01m33.000s usage=01m32.967s user=01m32.686s sys=00.281s mem=147MiB roottime=92.680s load=1.00 rootload=1.00
ramon: poll                 wall=01m34.000s usage=01m33.967s user=01m33.686s sys=00.281s mem=147MiB roottime=93.680s load=1.00 rootload=1.00
ramon: poll                 wall=01m35.000s usage=01m34.967s user=01m34.686s sys=00.281s mem=148MiB roottime=94.680s load=1.00 rootload=1.00
ramon: poll                 wall=01m36.000s usage=01m35.966s user=01m35.686s sys=00.281s mem=148MiB roottime=95.680s load=1.00 rootload=1.00
ramon: poll                 wall=01m37.000s usage=01m36.966s user=01m36.684s sys=00.282s mem=150MiB roottime=96.680s load=1.00 rootload=1.00
ramon: poll                 wall=01m38.000s usage=01m37.966s user=01m37.684s sys=00.282s mem=150MiB roottime=97.680s load=1.00 rootload=1.00
ramon: poll                 wall=01m39.000s usage=01m38.966s user=01m38.683s sys=00.283s mem=151MiB roottime=98.680s load=1.00 rootload=1.00
ramon: poll                 wall=01m40.000s usage=01m39.966s user=01m39.683s sys=00.283s mem=151MiB roottime=99.680s load=1.00 rootload=1.00
ramon: poll                 wall=01m41.000s usage=01m40.966s user=01m40.682s sys=00.284s mem=151MiB roottime=100.680s load=1.00 rootload=1.00
ramon: poll                 wall=01m42.000s usage=01m41.966s user=01m41.682s sys=00.284s mem=151MiB roottime=101.680s load=1.00 rootload=1.00
ramon: poll                 wall=01m43.000s usage=01m42.965s user=01m42.681s sys=00.284s mem=151MiB roottime=102.680s load=1.00 rootload=1.00
ramon: poll                 wall=01m44.000s usage=01m43.965s user=01m43.681s sys=00.284s mem=151MiB roottime=103.680s load=1.00 rootload=1.00
ramon: poll                 wall=01m45.000s usage=01m44.965s user=01m44.681s sys=00.284s mem=151MiB roottime=104.680s load=1.00 rootload=1.00
ramon: poll                 wall=01m46.000s usage=01m45.965s user=01m45.680s sys=00.285s mem=151MiB roottime=105.680s load=1.00 rootload=1.00
ramon: poll                 wall=01m47.000s usage=01m46.965s user=01m46.680s sys=00.285s mem=151MiB roottime=106.680s load=1.00 rootload=1.00
ramon: poll                 wall=01m48.000s usage=01m47.964s user=01m47.679s sys=00.285s mem=151MiB roottime=107.680s load=1.00 rootload=1.00
ramon: poll                 wall=01m49.000s usage=01m48.964s user=01m48.679s sys=00.285s mem=151MiB roottime=108.680s load=1.00 rootload=1.00
ramon: poll                 wall=01m50.000s usage=01m49.965s user=01m49.679s sys=00.286s mem=151MiB roottime=109.670s load=1.00 rootload=0.99
ramon: poll                 wall=01m51.000s usage=01m50.964s user=01m50.678s sys=00.286s mem=151MiB roottime=110.670s load=1.00 rootload=1.00
ramon: poll                 wall=01m52.000s usage=01m51.963s user=01m51.676s sys=00.288s mem=152MiB roottime=111.670s load=1.00 rootload=1.00
ramon: poll                 wall=01m53.000s usage=01m52.963s user=01m52.675s sys=00.288s mem=152MiB roottime=112.670s load=1.00 rootload=1.00
ramon: poll                 wall=01m54.000s usage=01m53.963s user=01m53.674s sys=00.289s mem=152MiB roottime=113.670s load=1.00 rootload=1.00
ramon: poll                 wall=01m55.000s usage=01m54.963s user=01m54.674s sys=00.289s mem=152MiB roottime=114.670s load=1.00 rootload=1.00
ramon: poll                 wall=01m56.000s usage=01m55.964s user=01m55.673s sys=00.291s mem=155MiB roottime=115.670s load=1.00 rootload=1.00
ramon: poll                 wall=01m57.000s usage=01m56.964s user=01m56.672s sys=00.292s mem=155MiB roottime=116.670s load=1.00 rootload=1.00
ramon: poll                 wall=01m58.000s usage=01m57.963s user=01m57.671s sys=00.292s mem=155MiB roottime=117.670s load=1.00 rootload=1.00
ramon: poll                 wall=01m59.000s usage=01m58.963s user=01m58.672s sys=00.292s mem=155MiB roottime=118.670s load=1.00 rootload=1.00
ramon: poll                 wall=02m00.000s usage=01m59.962s user=01m59.670s sys=00.292s mem=155MiB roottime=119.670s load=1.00 rootload=1.00
[31mramon: msg                  Wall clock time limit reached[0m
ramon: end                  Tue Dec 17 19:25:09 2024
ramon: root.execname        z3
ramon: root.utime           119.670s
ramon: root.stime           0.320s
ramon: group.total          119.996s
ramon: group.utime          119.672s
ramon: group.stime          0.324s
ramon: group.mempeak        162MiB
ramon: group.pidpeak        3
ramon: status               terminated by signal
[31mramon: signal               15 (SIGTERM Terminated)[0m
ramon: core dumped          false
ramon: exitcode             143
ramon: walltime             120.033s
ramon: loadavg              1.00
