ramon: cwd                  /home/runner/a/_work/z3-poly-testing/z3-poly-testing
ramon: start                Thu Mar 20 12:20:12 2025
ramon: nproc                128
ramon: sys.mem              64150 MiB
ramon: sys.mem.free         48284 MiB
ramon: sys.mem.avail        64101 MiB
ramon: sys.nprocs           3616
ramon: argv                 0 = z3
ramon: argv                 1 = /home/runner/a/_work/z3-poly-testing/z3-poly-testing/download/non-incremental/QF_LIA/bofill-scheduling/SMT_real_LIA/ex4140_2400_100.smt2
ramon: argv                 2 = -T:600
ramon: argv                 3 = -st
ramon: argv                 4 = smt.arith.lp.dio_eqs=true
ramon: childpid             2461192
ramon: end                  Thu Mar 20 12:20:12 2025
ramon: root.execname        z3
ramon: root.utime           0.170s
ramon: root.stime           0.070s
ramon: group.total          0.251s
ramon: group.utime          0.176s
ramon: group.stime          0.075s
ramon: group.mempeak        25040KiB
ramon: group.pidpeak        2
ramon: status               exited
ramon: exitcode             0
ramon: walltime             0.259s
ramon: loadavg              0.97
