ramon: cwd                  /home/runner/a/_work/z3-poly-testing/z3-poly-testing
ramon: start                Thu Mar 20 12:20:19 2025
ramon: nproc                128
ramon: sys.mem              64150 MiB
ramon: sys.mem.free         48302 MiB
ramon: sys.mem.avail        64101 MiB
ramon: sys.nprocs           3610
ramon: argv                 0 = z3
ramon: argv                 1 = /home/runner/a/_work/z3-poly-testing/z3-poly-testing/download/non-incremental/QF_LIA/bofill-scheduling/SMT_real_LIA/ex5900_2400_100.smt2
ramon: argv                 2 = -T:600
ramon: argv                 3 = -st
ramon: argv                 4 = smt.arith.lp.dio_eqs=true
ramon: childpid             2462520
ramon: poll                 wall=01.008s usage=00.993s user=00.894s sys=00.100s mem=26084KiB roottime=0.890s load=0.99 rootload=0.88
ramon: poll                 wall=02.032s usage=02.018s user=01.913s sys=00.105s mem=26596KiB roottime=1.910s load=1.00 rootload=1.00
ramon: poll                 wall=03.024s usage=03.009s user=02.900s sys=00.109s mem=27364KiB roottime=2.890s load=1.00 rootload=0.99
ramon: poll                 wall=04.002s usage=03.987s user=03.878s sys=00.109s mem=27364KiB roottime=3.870s load=1.00 rootload=1.00
ramon: end                  Thu Mar 20 12:20:23 2025
ramon: root.execname        z3
ramon: root.utime           4.590s
ramon: root.stime           0.120s
ramon: group.total          4.725s
ramon: group.utime          4.599s
ramon: group.stime          0.126s
ramon: group.mempeak        27620KiB
ramon: group.pidpeak        2
ramon: status               exited
ramon: exitcode             0
ramon: walltime             4.747s
ramon: loadavg              1.00
