unsat
(:added-eqs                   3577
 :arith-eq-adapter            568
 :arith-bound-propagations-lp 460
 :arith-conflicts             222
 :arith-cube-calls            12
 :arith-dio-calls             51
 :arith-dio-tighten-conflicts 51
 :arith-diseq                 1084
 :arith-fixed-eqs             68
 :arith-gcd-calls             51
 :arith-lower                 2827
 :arith-make-feasible         1647
 :arith-max-columns           58
 :arith-max-rows              26
 :arith-offset-eqs            9
 :arith-patches               51
 :arith-upper                 2151
 :binary-propagations         4957
 :conflicts                   322
 :decisions                   765
 :del-clause                  570
 :final-checks                51
 :max-memory                  19.58
 :memory                      18.79
 :minimized-lits              1563
 :mk-bool-var                 559
 :mk-clause                   630
 :mk-clause-binary            187
 :num-allocs                  1473220
 :num-checks                  1
 :propagations                7168
 :restarts                    3
 :rlimit-count                73552
 :time                        0.09
 :total-time                  0.17)
