ramon: cwd                  /home/gh1/A/_work/z3-poly-testing/z3-poly-testing
ramon: start                Mon Jan 20 21:10:49 2025
ramon: nproc                32
ramon: sys.mem              63441 MiB
ramon: sys.mem.free         28589 MiB
ramon: sys.mem.avail        59609 MiB
ramon: sys.nprocs           1412
ramon: argv                 0 = z3
ramon: argv                 1 = inputs/QF_NIA_CInteger/Stroeder_15__GCD.c__p23222_edge_closing_0.smt2
ramon: argv                 2 = -T:60
ramon: argv                 3 = -v:2
ramon: argv                 4 = -st
ramon: argv                 5 = tactic.default_tactic=(then simplify propagate-values solve-eqs simplify smt)
ramon: argv                 6 = model_validate=true
ramon: childpid             2892074
(smt.searching)
(smt.stats :restarts     :decisions :clauses/bin/units      :simplify   :memory)
(smt.stats        :conflicts    :propagations       :lemmas      :deletions   )
(smt.stats    0      0      0      0   571/541/29       0/0     0    0   18.49)
(nlsat :conflicts 2 :decisions 0 :propagations 133 :clauses 261 :learned 2)
(nlsat :conflicts 2 :decisions 0 :propagations 185 :clauses 364 :learned 2)
(nlsat :conflicts 2 :decisions 0 :propagations 122 :clauses 355 :learned 2)
(nlsat :conflicts 6 :decisions 0 :propagations 166 :clauses 393 :learned 6)
(nlsat :conflicts 2 :decisions 0 :propagations 76 :clauses 392 :learned 2)
(nlsat :conflicts 7 :decisions 0 :propagations 206 :clauses 356 :learned 7)
(nlsat :conflicts 5 :decisions 0 :propagations 177 :clauses 385 :learned 5)
(nlsat :conflicts 4 :decisions 0 :propagations 190 :clauses 384 :learned 4)
(nlsat :conflicts 6 :decisions 0 :propagations 179 :clauses 360 :learned 6)
(nlsat :conflicts 6 :decisions 0 :propagations 180 :clauses 371 :learned 6)
(nlsat :conflicts 2 :decisions 0 :propagations 154 :clauses 372 :learned 2)
(nlsat :conflicts 2 :decisions 0 :propagations 192 :clauses 359 :learned 2)
(nlsat :conflicts 2 :decisions 0 :propagations 179 :clauses 359 :learned 2)
(nlsat :conflicts 7 :decisions 0 :propagations 214 :clauses 359 :learned 7)
(nlsat :conflicts 2 :decisions 0 :propagations 71 :clauses 372 :learned 2)
(nlsat :conflicts 2 :decisions 0 :propagations 73 :clauses 373 :learned 2)
(nlsat :conflicts 2 :decisions 0 :propagations 173 :clauses 360 :learned 2)
(nlsat :conflicts 1 :decisions 0 :propagations 176 :clauses 360 :learned 1)
(nlsat :conflicts 2 :decisions 0 :propagations 180 :clauses 360 :learned 2)
(nlsat :conflicts 2 :decisions 0 :propagations 69 :clauses 361 :learned 2)
(nlsat :conflicts 1 :decisions 0 :propagations 51 :clauses 348 :learned 1)
(nlsat :conflicts 2 :decisions 0 :propagations 74 :clauses 348 :learned 2)
(nlsat :conflicts 1 :decisions 0 :propagations 57 :clauses 348 :learned 1)
(nlsat :conflicts 1 :decisions 0 :propagations 52 :clauses 349 :learned 1)
(nlsat :conflicts 1 :decisions 0 :propagations 56 :clauses 349 :learned 1)
(nlsat :conflicts 1 :decisions 0 :propagations 46 :clauses 348 :learned 1)
(nlsat :conflicts 1 :decisions 0 :propagations 57 :clauses 348 :learned 1)
(nlsat :conflicts 1 :decisions 0 :propagations 53 :clauses 360 :learned 1)
(nlsat :conflicts 2 :decisions 0 :propagations 68 :clauses 360 :learned 2)
(nlsat :conflicts 1 :decisions 0 :propagations 55 :clauses 348 :learned 1)
(smt.stats    0    101    650    651   638/570/35     175/3     1    2   19.90)
(nlsat :conflicts 5 :decisions 0 :propagations 173 :clauses 405 :learned 5)
(nlsat :conflicts 4 :decisions 0 :propagations 184 :clauses 403 :learned 4)
(nlsat :conflicts 4 :decisions 0 :propagations 197 :clauses 383 :learned 4)
(nlsat :conflicts 5 :decisions 0 :propagations 192 :clauses 412 :learned 5)
(nlsat :conflicts 2 :decisions 0 :propagations 203 :clauses 384 :learned 2)
(nlsat :conflicts 1 :decisions 0 :propagations 107 :clauses 397 :learned 1)
(nlsat :conflicts 2 :decisions 0 :propagations 133 :clauses 382 :learned 2)
(nlsat :conflicts 1 :decisions 0 :propagations 125 :clauses 382 :learned 1)
(nlsat :conflicts 3 :decisions 0 :propagations 118 :clauses 383 :learned 3)
(nlsat :conflicts 3 :decisions 0 :propagations 111 :clauses 383 :learned 3)
(nlsat :conflicts 2 :decisions 0 :propagations 115 :clauses 383 :learned 2)
(nlsat :conflicts 3 :decisions 0 :propagations 99 :clauses 403 :learned 3)
(nlsat :conflicts 3 :decisions 0 :propagations 110 :clauses 394 :learned 3)
(nlsat :conflicts 3 :decisions 0 :propagations 141 :clauses 383 :learned 3)
(nlsat :conflicts 3 :decisions 0 :propagations 121 :clauses 388 :learned 3)
(nlsat :conflicts 3 :decisions 0 :propagations 92 :clauses 397 :learned 3)
(nlsat :conflicts 2 :decisions 0 :propagations 104 :clauses 395 :learned 2)
(nlsat :conflicts 3 :decisions 0 :propagations 113 :clauses 397 :learned 3)
(nlsat :conflicts 3 :decisions 0 :propagations 119 :clauses 383 :learned 3)
(nlsat :conflicts 2 :decisions 0 :propagations 112 :clauses 385 :learned 2)
(nlsat :conflicts 2 :decisions 0 :propagations 138 :clauses 383 :learned 2)
(nlsat :conflicts 2 :decisions 0 :propagations 139 :clauses 382 :learned 2)
(nlsat :conflicts 4 :decisions 0 :propagations 188 :clauses 406 :learned 4)
(nlsat :conflicts 2 :decisions 0 :propagations 180 :clauses 395 :learned 2)
(nlsat :conflicts 3 :decisions 0 :propagations 112 :clauses 397 :learned 3)
(nlsat :conflicts 3 :decisions 0 :propagations 129 :clauses 384 :learned 3)
(nlsat :conflicts 6 :decisions 0 :propagations 183 :clauses 397 :learned 6)
(nlsat :conflicts 4 :decisions 0 :propagations 180 :clauses 394 :learned 4)
(nlsat :conflicts 5 :decisions 0 :propagations 186 :clauses 395 :learned 5)
(nlsat :conflicts 2 :decisions 0 :propagations 162 :clauses 372 :learned 2)
(nlsat :conflicts 2 :decisions 0 :propagations 115 :clauses 384 :learned 2)
(nlsat :conflicts 2 :decisions 0 :propagations 170 :clauses 396 :learned 2)
(nlsat :conflicts 2 :decisions 0 :propagations 165 :clauses 399 :learned 2)
(nlsat :conflicts 5 :decisions 0 :propagations 175 :clauses 374 :learned 5)
(nlsat :conflicts 1 :decisions 0 :propagations 149 :clauses 401 :learned 1)
(smt.stats    1    202   1275   1616   650/611/35     321/3     1    2   20.56)
(nlsat :conflicts 5 :decisions 0 :propagations 177 :clauses 379 :learned 5)
(nlsat :conflicts 2 :decisions 0 :propagations 174 :clauses 423 :learned 2)
(nlsat :conflicts 2 :decisions 0 :propagations 155 :clauses 421 :learned 2)
(nlsat :conflicts 2 :decisions 0 :propagations 148 :clauses 435 :learned 2)
(nlsat :conflicts 2 :decisions 0 :propagations 157 :clauses 410 :learned 2)
(nlsat :conflicts 2 :decisions 0 :propagations 141 :clauses 389 :learned 2)
(nlsat :conflicts 1 :decisions 0 :propagations 91 :clauses 390 :learned 1)
(smt.stats    2    313   2165   2723   654/616/35     499/8     1    2   20.77)
(nlsat :conflicts 2 :decisions 0 :propagations 104 :clauses 411 :learned 2)
(nlsat :conflicts 2 :decisions 0 :propagations 100 :clauses 411 :learned 2)
(nlsat :conflicts 2 :decisions 0 :propagations 122 :clauses 412 :learned 2)
(nlsat :conflicts 2 :decisions 0 :propagations 100 :clauses 417 :learned 2)
(nlsat :conflicts 2 :decisions 0 :propagations 121 :clauses 416 :learned 2)
(nlsat :conflicts 2 :decisions 0 :propagations 113 :clauses 434 :learned 2)
(nlsat :conflicts 2 :decisions 0 :propagations 120 :clauses 431 :learned 2)
(nlsat :conflicts 2 :decisions 0 :propagations 130 :clauses 430 :learned 2)
(nlsat :conflicts 2 :decisions 0 :propagations 126 :clauses 430 :learned 2)
(nlsat :conflicts 2 :decisions 0 :propagations 120 :clauses 431 :learned 2)
(nlsat :conflicts 2 :decisions 0 :propagations 117 :clauses 431 :learned 2)
(nlsat :conflicts 2 :decisions 0 :propagations 112 :clauses 430 :learned 2)
(nlsat :conflicts 2 :decisions 0 :propagations 120 :clauses 423 :learned 2)
(nlsat :conflicts 2 :decisions 0 :propagations 105 :clauses 416 :learned 2)
(nlsat :conflicts 2 :decisions 0 :propagations 118 :clauses 423 :learned 2)
(nlsat :conflicts 2 :decisions 0 :propagations 120 :clauses 417 :learned 2)
(nlsat :conflicts 2 :decisions 0 :propagations 124 :clauses 427 :learned 2)
(nlsat :conflicts 2 :decisions 0 :propagations 126 :clauses 427 :learned 2)
(nlsat :conflicts 2 :decisions 0 :propagations 122 :clauses 427 :learned 2)
(nlsat :conflicts 3 :decisions 0 :propagations 145 :clauses 415 :learned 3)
(smt.stats    3    414   3528   4168   670/628/36     643/16     2    2   20.92)
(nlsat :conflicts 1 :decisions 0 :propagations 74 :clauses 408 :learned 1)
(nlsat :conflicts 1 :decisions 0 :propagations 64 :clauses 401 :learned 1)
(nlsat :conflicts 2 :decisions 0 :propagations 108 :clauses 402 :learned 2)
(nlsat :conflicts 1 :decisions 0 :propagations 62 :clauses 400 :learned 1)
(nlsat :conflicts 1 :decisions 0 :propagations 64 :clauses 401 :learned 1)
(nlsat :conflicts 1 :decisions 0 :propagations 142 :clauses 405 :learned 1)
(nlsat :conflicts 2 :decisions 0 :propagations 139 :clauses 408 :learned 2)
(nlsat :conflicts 1 :decisions 0 :propagations 74 :clauses 406 :learned 1)
(nlsat :conflicts 1 :decisions 0 :propagations 62 :clauses 421 :learned 1)
(nlsat :conflicts 1 :decisions 0 :propagations 70 :clauses 408 :learned 1)
(nlsat :conflicts 1 :decisions 0 :propagations 62 :clauses 400 :learned 1)
(nlsat :conflicts 1 :decisions 0 :propagations 57 :clauses 402 :learned 1)
(nlsat :conflicts 1 :decisions 0 :propagations 61 :clauses 402 :learned 1)
(nlsat :conflicts 1 :decisions 0 :propagations 59 :clauses 403 :learned 1)
(nlsat :conflicts 1 :decisions 0 :propagations 59 :clauses 402 :learned 1)
(nlsat :conflicts 1 :decisions 0 :propagations 53 :clauses 403 :learned 1)
(nlsat :conflicts 1 :decisions 0 :propagations 61 :clauses 405 :learned 1)
(nlsat :conflicts 1 :decisions 0 :propagations 70 :clauses 405 :learned 1)
(nlsat :conflicts 1 :decisions 0 :propagations 59 :clauses 405 :learned 1)
(nlsat :conflicts 1 :decisions 0 :propagations 62 :clauses 401 :learned 1)
(nlsat :conflicts 4 :decisions 0 :propagations 82 :clauses 435 :learned 4)
(nlsat :conflicts 4 :decisions 0 :propagations 86 :clauses 433 :learned 4)
(nlsat :conflicts 6 :decisions 0 :propagations 91 :clauses 433 :learned 6)
(nlsat :conflicts 1 :decisions 0 :propagations 92 :clauses 433 :learned 1)
(nlsat :conflicts 4 :decisions 0 :propagations 82 :clauses 433 :learned 4)
(nlsat :conflicts 6 :decisions 0 :propagations 103 :clauses 433 :learned 6)
(nlsat :conflicts 4 :decisions 0 :propagations 86 :clauses 433 :learned 4)
(nlsat :conflicts 1 :decisions 0 :propagations 117 :clauses 433 :learned 1)
(nlsat :conflicts 4 :decisions 0 :propagations 81 :clauses 437 :learned 4)
(nlsat :conflicts 2 :decisions 0 :propagations 134 :clauses 455 :learned 2)
(nlsat :conflicts 2 :decisions 0 :propagations 130 :clauses 445 :learned 2)
(nlsat :conflicts 2 :decisions 0 :propagations 137 :clauses 461 :learned 2)
(nlsat :conflicts 1 :decisions 0 :propagations 93 :clauses 454 :learned 1)
(nlsat :conflicts 1 :decisions 0 :propagations 90 :clauses 455 :learned 1)
(nlsat :conflicts 1 :decisions 0 :propagations 90 :clauses 454 :learned 1)
(nlsat :conflicts 1 :decisions 0 :propagations 101 :clauses 459 :learned 1)
(nlsat :conflicts 2 :decisions 0 :propagations 146 :clauses 455 :learned 2)
(nlsat :conflicts 1 :decisions 0 :propagations 106 :clauses 458 :learned 1)
(nlsat :conflicts 1 :decisions 0 :propagations 101 :clauses 456 :learned 1)
(nlsat :conflicts 1 :decisions 0 :propagations 130 :clauses 456 :learned 1)
(nlsat :conflicts 1 :decisions 0 :propagations 110 :clauses 456 :learned 1)
(nlsat :conflicts 1 :decisions 0 :propagations 60 :clauses 454 :learned 1)
(nlsat :conflicts 1 :decisions 0 :propagations 116 :clauses 455 :learned 1)
(smt.stats    4    525   6140   6146   672/628/36     828/17     2    2   21.08)
(nlsat :conflicts 3 :decisions 0 :propagations 169 :clauses 449 :learned 3)
(nlsat :conflicts 2 :decisions 0 :propagations 181 :clauses 449 :learned 2)
(nlsat :conflicts 1 :decisions 0 :propagations 99 :clauses 448 :learned 1)
(nlsat :conflicts 1 :decisions 0 :propagations 62 :clauses 452 :learned 1)
(nlsat :conflicts 1 :decisions 0 :propagations 64 :clauses 451 :learned 1)
(nlsat :conflicts 2 :decisions 0 :propagations 147 :clauses 457 :learned 2)
(nlsat :conflicts 2 :decisions 0 :propagations 146 :clauses 458 :learned 2)
(nlsat :conflicts 2 :decisions 0 :propagations 146 :clauses 459 :learned 2)
(nlsat :conflicts 1 :decisions 0 :propagations 63 :clauses 459 :learned 1)
ramon: poll                 wall=1.000s usage=0.911s mem=23028KiB load=0.91 rootload=0.89
(nlsat :conflicts 1 :decisions 0 :propagations 62 :clauses 461 :learned 1)
(nlsat :conflicts 1 :decisions 0 :propagations 97 :clauses 453 :learned 1)
(nlsat :conflicts 1 :decisions 0 :propagations 67 :clauses 453 :learned 1)
(nlsat :conflicts 1 :decisions 0 :propagations 70 :clauses 449 :learned 1)
(nlsat :conflicts 1 :decisions 0 :propagations 58 :clauses 433 :learned 1)
(nlsat :conflicts 1 :decisions 0 :propagations 63 :clauses 437 :learned 1)
(nlsat :conflicts 1 :decisions 0 :propagations 63 :clauses 437 :learned 1)
(nlsat :conflicts 1 :decisions 0 :propagations 57 :clauses 437 :learned 1)
(nlsat :conflicts 1 :decisions 0 :propagations 63 :clauses 437 :learned 1)
(nlsat :conflicts 1 :decisions 0 :propagations 57 :clauses 437 :learned 1)
(nlsat :conflicts 1 :decisions 0 :propagations 70 :clauses 444 :learned 1)
(nlsat :conflicts 1 :decisions 0 :propagations 56 :clauses 441 :learned 1)
(nlsat :conflicts 1 :decisions 0 :propagations 54 :clauses 439 :learned 1)
(nlsat :conflicts 1 :decisions 0 :propagations 98 :clauses 439 :learned 1)
(nlsat :conflicts 1 :decisions 0 :propagations 106 :clauses 439 :learned 1)
(nlsat :conflicts 1 :decisions 0 :propagations 98 :clauses 439 :learned 1)
(nlsat :conflicts 1 :decisions 0 :propagations 95 :clauses 439 :learned 1)
(nlsat :conflicts 1 :decisions 0 :propagations 109 :clauses 437 :learned 1)
(nlsat :conflicts 1 :decisions 0 :propagations 102 :clauses 433 :learned 1)
(nlsat :conflicts 1 :decisions 0 :propagations 107 :clauses 438 :learned 1)
(nlsat :conflicts 1 :decisions 0 :propagations 106 :clauses 438 :learned 1)
(nlsat :conflicts 1 :decisions 0 :propagations 106 :clauses 438 :learned 1)
(nlsat :conflicts 1 :decisions 0 :propagations 64 :clauses 426 :learned 1)
(nlsat :conflicts 1 :decisions 0 :propagations 46 :clauses 425 :learned 1)
(nlsat :conflicts 1 :decisions 0 :propagations 46 :clauses 425 :learned 1)
(nlsat :conflicts 1 :decisions 0 :propagations 50 :clauses 425 :learned 1)
(nlsat :conflicts 1 :decisions 0 :propagations 52 :clauses 425 :learned 1)
(nlsat :conflicts 1 :decisions 0 :propagations 61 :clauses 421 :learned 1)
(nlsat :conflicts 1 :decisions 0 :propagations 57 :clauses 420 :learned 1)
(nlsat :conflicts 1 :decisions 0 :propagations 45 :clauses 419 :learned 1)
(nlsat :conflicts 1 :decisions 0 :propagations 59 :clauses 419 :learned 1)
(nlsat :conflicts 1 :decisions 0 :propagations 50 :clauses 419 :learned 1)
(nlsat :conflicts 1 :decisions 0 :propagations 63 :clauses 420 :learned 1)
(smt.stats    5    647   8299   9033   691/644/36    1038/18     2    2   21.07)
(nlsat :conflicts 4 :decisions 0 :propagations 81 :clauses 419 :learned 4)
(nlsat :conflicts 4 :decisions 0 :propagations 74 :clauses 410 :learned 4)
(nlsat :conflicts 1 :decisions 0 :propagations 59 :clauses 410 :learned 1)
(nlsat :conflicts 4 :decisions 0 :propagations 78 :clauses 410 :learned 4)
(nlsat :conflicts 3 :decisions 0 :propagations 75 :clauses 409 :learned 3)
(nlsat :conflicts 1 :decisions 0 :propagations 72 :clauses 409 :learned 1)
(nlsat :conflicts 1 :decisions 0 :propagations 55 :clauses 410 :learned 1)
(nlsat :conflicts 1 :decisions 0 :propagations 69 :clauses 410 :learned 1)
(nlsat :conflicts 1 :decisions 0 :propagations 68 :clauses 410 :learned 1)
(nlsat :conflicts 1 :decisions 0 :propagations 55 :clauses 413 :learned 1)
(nlsat :conflicts 1 :decisions 0 :propagations 67 :clauses 420 :learned 1)
(nlsat :conflicts 1 :decisions 0 :propagations 59 :clauses 420 :learned 1)
(nlsat :conflicts 1 :decisions 0 :propagations 66 :clauses 420 :learned 1)
(nlsat :conflicts 1 :decisions 0 :propagations 48 :clauses 420 :learned 1)
(nlsat :conflicts 1 :decisions 0 :propagations 46 :clauses 420 :learned 1)
(nlsat :conflicts 1 :decisions 0 :propagations 52 :clauses 420 :learned 1)
(nlsat :conflicts 1 :decisions 0 :propagations 48 :clauses 421 :learned 1)
(nlsat :conflicts 1 :decisions 0 :propagations 67 :clauses 420 :learned 1)
(nlsat :conflicts 1 :decisions 0 :propagations 56 :clauses 420 :learned 1)
(nlsat :conflicts 1 :decisions 0 :propagations 50 :clauses 420 :learned 1)
(nlsat :conflicts 1 :decisions 0 :propagations 57 :clauses 420 :learned 1)
(nlsat :conflicts 1 :decisions 0 :propagations 50 :clauses 420 :learned 1)
(nlsat :conflicts 1 :decisions 0 :propagations 56 :clauses 420 :learned 1)
(nlsat :conflicts 1 :decisions 0 :propagations 61 :clauses 426 :learned 1)
(nlsat :conflicts 1 :decisions 0 :propagations 64 :clauses 429 :learned 1)
(nlsat :conflicts 1 :decisions 0 :propagations 68 :clauses 430 :learned 1)
(nlsat :conflicts 1 :decisions 0 :propagations 60 :clauses 443 :learned 1)
(nlsat :conflicts 1 :decisions 0 :propagations 45 :clauses 441 :learned 1)
(nlsat :conflicts 1 :decisions 0 :propagations 68 :clauses 436 :learned 1)
(nlsat :conflicts 1 :decisions 0 :propagations 41 :clauses 438 :learned 1)
(nlsat :conflicts 1 :decisions 0 :propagations 71 :clauses 435 :learned 1)
(nlsat :conflicts 1 :decisions 0 :propagations 49 :clauses 431 :learned 1)
(nlsat :conflicts 1 :decisions 0 :propagations 63 :clauses 429 :learned 1)
(nlsat :conflicts 1 :decisions 0 :propagations 53 :clauses 429 :learned 1)
(nlsat :conflicts 1 :decisions 0 :propagations 75 :clauses 429 :learned 1)
(nlsat :conflicts 1 :decisions 0 :propagations 55 :clauses 432 :learned 1)
(nlsat :conflicts 1 :decisions 0 :propagations 53 :clauses 429 :learned 1)
(nlsat :conflicts 1 :decisions 0 :propagations 51 :clauses 429 :learned 1)
(nlsat :conflicts 1 :decisions 0 :propagations 70 :clauses 417 :learned 1)
(nlsat :conflicts 1 :decisions 0 :propagations 64 :clauses 418 :learned 1)
(nlsat :conflicts 1 :decisions 0 :propagations 75 :clauses 433 :learned 1)
(nlsat :conflicts 1 :decisions 0 :propagations 55 :clauses 429 :learned 1)
(smt.stats :restarts :decisions     :clauses/bin/units       :simplify   :memory)
(smt.stats      :conflicts  :propagations        :lemmas          :deletions   )
(smt.stats    6    748  10946  11496   692/644/36    1172/19     2    2   21.36)
(nlsat :conflicts 1 :decisions 0 :propagations 69 :clauses 428 :learned 1)
(nlsat :conflicts 1 :decisions 0 :propagations 67 :clauses 428 :learned 1)
(nlsat :conflicts 1 :decisions 0 :propagations 72 :clauses 428 :learned 1)
(nlsat :conflicts 1 :decisions 0 :propagations 79 :clauses 428 :learned 1)
(nlsat :conflicts 1 :decisions 0 :propagations 72 :clauses 427 :learned 1)
(nlsat :conflicts 1 :decisions 0 :propagations 79 :clauses 429 :learned 1)
(nlsat :conflicts 1 :decisions 0 :propagations 69 :clauses 428 :learned 1)
(nlsat :conflicts 1 :decisions 0 :propagations 102 :clauses 428 :learned 1)
(nlsat :conflicts 3 :decisions 0 :propagations 150 :clauses 457 :learned 3)
(nlsat :conflicts 9 :decisions 0 :propagations 92 :clauses 450 :learned 9)
(nlsat :conflicts 9 :decisions 0 :propagations 96 :clauses 450 :learned 9)
(nlsat :conflicts 9 :decisions 0 :propagations 94 :clauses 450 :learned 9)
(nlsat :conflicts 9 :decisions 0 :propagations 93 :clauses 451 :learned 9)
(nlsat :conflicts 9 :decisions 0 :propagations 91 :clauses 451 :learned 9)
(nlsat :conflicts 9 :decisions 0 :propagations 91 :clauses 448 :learned 9)
(nlsat :conflicts 1 :decisions 0 :propagations 59 :clauses 465 :learned 1)
(nlsat :conflicts 1 :decisions 0 :propagations 67 :clauses 459 :learned 1)
(nlsat :conflicts 9 :decisions 0 :propagations 93 :clauses 459 :learned 9)
(nlsat :conflicts 1 :decisions 0 :propagations 73 :clauses 459 :learned 1)
(nlsat :conflicts 1 :decisions 0 :propagations 75 :clauses 462 :learned 1)
(nlsat :conflicts 2 :decisions 0 :propagations 80 :clauses 450 :learned 2)
(nlsat :conflicts 2 :decisions 0 :propagations 81 :clauses 448 :learned 2)
(nlsat :conflicts 2 :decisions 0 :propagations 81 :clauses 448 :learned 2)
(nlsat :conflicts 2 :decisions 0 :propagations 83 :clauses 453 :learned 2)
(nlsat :conflicts 2 :decisions 0 :propagations 83 :clauses 450 :learned 2)
(nlsat :conflicts 4 :decisions 0 :propagations 86 :clauses 450 :learned 4)
(nlsat :conflicts 10 :decisions 0 :propagations 117 :clauses 448 :learned 10)
(nlsat :conflicts 1 :decisions 0 :propagations 62 :clauses 445 :learned 1)
(nlsat :conflicts 3 :decisions 0 :propagations 143 :clauses 445 :learned 3)
(nlsat :conflicts 1 :decisions 0 :propagations 65 :clauses 445 :learned 1)
(nlsat :conflicts 1 :decisions 0 :propagations 47 :clauses 431 :learned 1)
(nlsat :conflicts 1 :decisions 0 :propagations 56 :clauses 419 :learned 1)
(smt.stats    7    859  12803  13758   696/648/36    1338/20     2    2   21.58)
(nlsat :conflicts 1 :decisions 0 :propagations 76 :clauses 429 :learned 1)
(nlsat :conflicts 1 :decisions 0 :propagations 63 :clauses 428 :learned 1)
(nlsat :conflicts 1 :decisions 0 :propagations 86 :clauses 434 :learned 1)
(nlsat :conflicts 1 :decisions 0 :propagations 75 :clauses 433 :learned 1)
(nlsat :conflicts 1 :decisions 0 :propagations 66 :clauses 425 :learned 1)
(nlsat :conflicts 1 :decisions 0 :propagations 67 :clauses 427 :learned 1)
(nlsat :conflicts 1 :decisions 0 :propagations 66 :clauses 427 :learned 1)
(nlsat :conflicts 1 :decisions 0 :propagations 70 :clauses 425 :learned 1)
(nlsat :conflicts 1 :decisions 0 :propagations 62 :clauses 426 :learned 1)
(nlsat :conflicts 3 :decisions 0 :propagations 65 :clauses 429 :learned 3)
(nlsat :conflicts 1 :decisions 0 :propagations 73 :clauses 414 :learned 1)
(nlsat :conflicts 2 :decisions 0 :propagations 64 :clauses 423 :learned 2)
(nlsat :conflicts 1 :decisions 0 :propagations 60 :clauses 427 :learned 1)
(nlsat :conflicts 1 :decisions 0 :propagations 97 :clauses 430 :learned 1)
(nlsat :conflicts 1 :decisions 0 :propagations 75 :clauses 430 :learned 1)
(nlsat :conflicts 1 :decisions 0 :propagations 104 :clauses 480 :learned 1)
(nlsat :conflicts 1 :decisions 0 :propagations 58 :clauses 418 :learned 1)
(smt.stats    8    981  14227  16010   696/648/36    1564/20     2    2   21.54)
(nlsat :conflicts 1 :decisions 0 :propagations 100 :clauses 471 :learned 1)
(nlsat :conflicts 1 :decisions 0 :propagations 100 :clauses 467 :learned 1)
(nlsat :conflicts 1 :decisions 0 :propagations 99 :clauses 474 :learned 1)
(nlsat :conflicts 1 :decisions 0 :propagations 102 :clauses 469 :learned 1)
(nlsat :conflicts 1 :decisions 0 :propagations 96 :clauses 470 :learned 1)
(nlsat :conflicts 1 :decisions 0 :propagations 94 :clauses 452 :learned 1)
(nlsat :conflicts 1 :decisions 0 :propagations 98 :clauses 460 :learned 1)
(nlsat :conflicts 1 :decisions 0 :propagations 54 :clauses 413 :learned 1)
(nlsat :conflicts 1 :decisions 0 :propagations 73 :clauses 421 :learned 1)
(nlsat :conflicts 1 :decisions 0 :propagations 62 :clauses 420 :learned 1)
(nlsat :conflicts 1 :decisions 0 :propagations 52 :clauses 427 :learned 1)
(nlsat :conflicts 1 :decisions 0 :propagations 52 :clauses 425 :learned 1)
(nlsat :conflicts 1 :decisions 0 :propagations 52 :clauses 426 :learned 1)
(nlsat :conflicts 1 :decisions 0 :propagations 98 :clauses 443 :learned 1)
(nlsat :conflicts 1 :decisions 0 :propagations 63 :clauses 436 :learned 1)
(smt.stats    9   1115  16769  18965   696/648/36    1824/23     2    2   21.97)
(nlsat :conflicts 1 :decisions 0 :propagations 54 :clauses 417 :learned 1)
(nlsat :conflicts 4 :decisions 0 :propagations 84 :clauses 462 :learned 4)
(nlsat :conflicts 2 :decisions 0 :propagations 86 :clauses 454 :learned 2)
(nlsat :conflicts 2 :decisions 0 :propagations 80 :clauses 454 :learned 2)
(nlsat :conflicts 2 :decisions 0 :propagations 81 :clauses 451 :learned 2)
(nlsat :conflicts 1 :decisions 0 :propagations 90 :clauses 452 :learned 1)
(nlsat :conflicts 1 :decisions 0 :propagations 64 :clauses 463 :learned 1)
(nlsat :conflicts 1 :decisions 0 :propagations 100 :clauses 464 :learned 1)
(nlsat :conflicts 1 :decisions 0 :propagations 103 :clauses 462 :learned 1)
(nlsat :conflicts 1 :decisions 0 :propagations 102 :clauses 461 :learned 1)
(nlsat :conflicts 3 :decisions 0 :propagations 144 :clauses 461 :learned 3)
(nlsat :conflicts 1 :decisions 0 :propagations 76 :clauses 461 :learned 1)
(nlsat :conflicts 1 :decisions 0 :propagations 70 :clauses 462 :learned 1)
(nlsat :conflicts 1 :decisions 0 :propagations 75 :clauses 466 :learned 1)
(nlsat :conflicts 3 :decisions 0 :propagations 144 :clauses 462 :learned 3)
(nlsat :conflicts 1 :decisions 0 :propagations 106 :clauses 461 :learned 1)
(nlsat :conflicts 1 :decisions 0 :propagations 72 :clauses 463 :learned 1)
(nlsat :conflicts 1 :decisions 0 :propagations 97 :clauses 464 :learned 1)
(nlsat :conflicts 1 :decisions 0 :propagations 97 :clauses 465 :learned 1)
(nlsat :conflicts 1 :decisions 0 :propagations 64 :clauses 467 :learned 1)
(nlsat :conflicts 1 :decisions 0 :propagations 66 :clauses 476 :learned 1)
(nlsat :conflicts 1 :decisions 0 :propagations 112 :clauses 470 :learned 1)
(nlsat :conflicts 1 :decisions 0 :propagations 99 :clauses 469 :learned 1)
ramon: poll                 wall=2.000s usage=1.911s mem=24692KiB load=1.00 rootload=0.99
(nlsat :conflicts 1 :decisions 0 :propagations 99 :clauses 473 :learned 1)
(nlsat :conflicts 1 :decisions 0 :propagations 74 :clauses 466 :learned 1)
(nlsat :conflicts 1 :decisions 0 :propagations 69 :clauses 472 :learned 1)
(smt.stats   10   1216  18529  21906   696/648/36    1982/24     2    2   22.09)
(nlsat :conflicts 1 :decisions 0 :propagations 47 :clauses 437 :learned 1)
(nlsat :conflicts 1 :decisions 0 :propagations 74 :clauses 436 :learned 1)
(nlsat :conflicts 1 :decisions 0 :propagations 49 :clauses 438 :learned 1)
(nlsat :conflicts 1 :decisions 0 :propagations 57 :clauses 440 :learned 1)
(nlsat :conflicts 1 :decisions 0 :propagations 57 :clauses 443 :learned 1)
(nlsat :conflicts 1 :decisions 0 :propagations 53 :clauses 442 :learned 1)
(nlsat :conflicts 1 :decisions 0 :propagations 68 :clauses 443 :learned 1)
(nlsat :conflicts 1 :decisions 0 :propagations 41 :clauses 438 :learned 1)
(nlsat :conflicts 1 :decisions 0 :propagations 55 :clauses 437 :learned 1)
(nlsat :conflicts 1 :decisions 0 :propagations 43 :clauses 437 :learned 1)
(nlsat :conflicts 1 :decisions 0 :propagations 43 :clauses 438 :learned 1)
(nlsat :conflicts 1 :decisions 0 :propagations 53 :clauses 440 :learned 1)
(nlsat :conflicts 1 :decisions 0 :propagations 41 :clauses 443 :learned 1)
(nlsat :conflicts 1 :decisions 0 :propagations 64 :clauses 443 :learned 1)
(nlsat :conflicts 1 :decisions 0 :propagations 60 :clauses 450 :learned 1)
(nlsat :conflicts 1 :decisions 0 :propagations 64 :clauses 462 :learned 1)
(nlsat :conflicts 1 :decisions 0 :propagations 70 :clauses 453 :learned 1)
(nlsat :conflicts 1 :decisions 0 :propagations 62 :clauses 454 :learned 1)
(nlsat :conflicts 1 :decisions 0 :propagations 62 :clauses 454 :learned 1)
(nlsat :conflicts 4 :decisions 0 :propagations 91 :clauses 455 :learned 4)
(nlsat :conflicts 4 :decisions 0 :propagations 92 :clauses 455 :learned 4)
(nlsat :conflicts 3 :decisions 0 :propagations 93 :clauses 455 :learned 3)
(nlsat :conflicts 3 :decisions 0 :propagations 97 :clauses 461 :learned 3)
(nlsat :conflicts 3 :decisions 0 :propagations 87 :clauses 455 :learned 3)
(nlsat :conflicts 1 :decisions 0 :propagations 69 :clauses 455 :learned 1)
(nlsat :conflicts 4 :decisions 0 :propagations 94 :clauses 456 :learned 4)
(nlsat :conflicts 2 :decisions 0 :propagations 90 :clauses 457 :learned 2)
(nlsat :conflicts 2 :decisions 0 :propagations 87 :clauses 453 :learned 2)
(nlsat :conflicts 4 :decisions 0 :propagations 92 :clauses 452 :learned 4)
(nlsat :conflicts 1 :decisions 0 :propagations 78 :clauses 455 :learned 1)
(nlsat :conflicts 1 :decisions 0 :propagations 62 :clauses 455 :learned 1)
(nlsat :conflicts 1 :decisions 0 :propagations 69 :clauses 453 :learned 1)
(nlsat :conflicts 9 :decisions 0 :propagations 93 :clauses 439 :learned 9)
(nlsat :conflicts 9 :decisions 0 :propagations 99 :clauses 441 :learned 9)
(nlsat :conflicts 9 :decisions 0 :propagations 98 :clauses 442 :learned 9)
(nlsat :conflicts 1 :decisions 0 :propagations 73 :clauses 446 :learned 1)
(nlsat :conflicts 1 :decisions 0 :propagations 81 :clauses 449 :learned 1)
(nlsat :conflicts 1 :decisions 0 :propagations 62 :clauses 449 :learned 1)
(nlsat :conflicts 4 :decisions 0 :propagations 85 :clauses 445 :learned 4)
(nlsat :conflicts 4 :decisions 0 :propagations 89 :clauses 444 :learned 4)
(nlsat :conflicts 2 :decisions 0 :propagations 85 :clauses 442 :learned 2)
(nlsat :conflicts 1 :decisions 0 :propagations 78 :clauses 442 :learned 1)
(nlsat :conflicts 1 :decisions 0 :propagations 78 :clauses 444 :learned 1)
(nlsat :conflicts 2 :decisions 0 :propagations 93 :clauses 444 :learned 2)
(nlsat :conflicts 9 :decisions 0 :propagations 98 :clauses 445 :learned 9)
(nlsat :conflicts 4 :decisions 0 :propagations 90 :clauses 457 :learned 4)
(smt.stats   11   1327  20322  24442   700/651/36    2147/25     2    2   22.23)
(nlsat :conflicts 4 :decisions 0 :propagations 94 :clauses 453 :learned 4)
(nlsat :conflicts 4 :decisions 0 :propagations 93 :clauses 453 :learned 4)
(nlsat :conflicts 4 :decisions 0 :propagations 90 :clauses 458 :learned 4)
(nlsat :conflicts 4 :decisions 0 :propagations 87 :clauses 457 :learned 4)
(nlsat :conflicts 1 :decisions 0 :propagations 98 :clauses 467 :learned 1)
(nlsat :conflicts 1 :decisions 0 :propagations 108 :clauses 468 :learned 1)
(nlsat :conflicts 1 :decisions 0 :propagations 100 :clauses 468 :learned 1)
(nlsat :conflicts 1 :decisions 0 :propagations 100 :clauses 468 :learned 1)
(nlsat :conflicts 1 :decisions 0 :propagations 101 :clauses 469 :learned 1)
(nlsat :conflicts 1 :decisions 0 :propagations 100 :clauses 468 :learned 1)
(nlsat :conflicts 1 :decisions 0 :propagations 101 :clauses 469 :learned 1)
(nlsat :conflicts 1 :decisions 0 :propagations 99 :clauses 457 :learned 1)
(nlsat :conflicts 1 :decisions 0 :propagations 93 :clauses 454 :learned 1)
(nlsat :conflicts 1 :decisions 0 :propagations 102 :clauses 455 :learned 1)
(nlsat :conflicts 1 :decisions 0 :propagations 105 :clauses 464 :learned 1)
(nlsat :conflicts 1 :decisions 0 :propagations 105 :clauses 461 :learned 1)
(nlsat :conflicts 1 :decisions 0 :propagations 100 :clauses 464 :learned 1)
(nlsat :conflicts 1 :decisions 0 :propagations 99 :clauses 461 :learned 1)
(nlsat :conflicts 1 :decisions 0 :propagations 107 :clauses 462 :learned 1)
(nlsat :conflicts 1 :decisions 0 :propagations 68 :clauses 469 :learned 1)
(nlsat :conflicts 1 :decisions 0 :propagations 77 :clauses 467 :learned 1)
(nlsat :conflicts 1 :decisions 0 :propagations 77 :clauses 466 :learned 1)
(nlsat :conflicts 1 :decisions 0 :propagations 102 :clauses 466 :learned 1)
(nlsat :conflicts 1 :decisions 0 :propagations 102 :clauses 466 :learned 1)
(nlsat :conflicts 1 :decisions 0 :propagations 75 :clauses 454 :learned 1)
(nlsat :conflicts 1 :decisions 0 :propagations 67 :clauses 456 :learned 1)
(nlsat :conflicts 1 :decisions 0 :propagations 75 :clauses 454 :learned 1)
(nlsat :conflicts 1 :decisions 0 :propagations 75 :clauses 451 :learned 1)
(nlsat :conflicts 1 :decisions 0 :propagations 58 :clauses 455 :learned 1)
(nlsat :conflicts 4 :decisions 0 :propagations 94 :clauses 442 :learned 4)
(nlsat :conflicts 1 :decisions 0 :propagations 52 :clauses 451 :learned 1)
(smt.stats   12   1449  22073  27504   700/651/36    2317/25     2    2   22.19)
(nlsat :conflicts 2 :decisions 0 :propagations 134 :clauses 427 :learned 2)
(nlsat :conflicts 2 :decisions 0 :propagations 105 :clauses 428 :learned 2)
(nlsat :conflicts 2 :decisions 0 :propagations 119 :clauses 428 :learned 2)
(nlsat :conflicts 1 :decisions 0 :propagations 97 :clauses 428 :learned 1)
(nlsat :conflicts 2 :decisions 0 :propagations 125 :clauses 437 :learned 2)
(nlsat :conflicts 1 :decisions 0 :propagations 94 :clauses 437 :learned 1)
(nlsat :conflicts 1 :decisions 0 :propagations 105 :clauses 445 :learned 1)
(nlsat :conflicts 2 :decisions 0 :propagations 110 :clauses 447 :learned 2)
(nlsat :conflicts 2 :decisions 0 :propagations 123 :clauses 454 :learned 2)
(nlsat :conflicts 2 :decisions 0 :propagations 111 :clauses 445 :learned 2)
(nlsat :conflicts 2 :decisions 0 :propagations 131 :clauses 445 :learned 2)
(nlsat :conflicts 1 :decisions 0 :propagations 109 :clauses 451 :learned 1)
(nlsat :conflicts 1 :decisions 0 :propagations 105 :clauses 444 :learned 1)
(nlsat :conflicts 1 :decisions 0 :propagations 95 :clauses 443 :learned 1)
(nlsat :conflicts 1 :decisions 0 :propagations 111 :clauses 443 :learned 1)
(nlsat :conflicts 2 :decisions 0 :propagations 113 :clauses 442 :learned 2)
(nlsat :conflicts 1 :decisions 0 :propagations 125 :clauses 432 :learned 1)
(nlsat :conflicts 1 :decisions 0 :propagations 124 :clauses 433 :learned 1)
(nlsat :conflicts 1 :decisions 0 :propagations 100 :clauses 452 :learned 1)
(nlsat :conflicts 1 :decisions 0 :propagations 97 :clauses 451 :learned 1)
(nlsat :conflicts 1 :decisions 0 :propagations 65 :clauses 453 :learned 1)
(nlsat :conflicts 1 :decisions 0 :propagations 73 :clauses 456 :learned 1)
(nlsat :conflicts 1 :decisions 0 :propagations 91 :clauses 456 :learned 1)
(nlsat :conflicts 1 :decisions 0 :propagations 77 :clauses 454 :learned 1)
(smt.stats   13   1583  23995  30798   701/651/36    2572/25     2    2   22.58)
(nlsat :conflicts 1 :decisions 0 :propagations 41 :clauses 424 :learned 1)
(nlsat :conflicts 1 :decisions 0 :propagations 51 :clauses 420 :learned 1)
(nlsat :conflicts 1 :decisions 0 :propagations 45 :clauses 421 :learned 1)
(nlsat :conflicts 1 :decisions 0 :propagations 55 :clauses 419 :learned 1)
(nlsat :conflicts 1 :decisions 0 :propagations 138 :clauses 453 :learned 1)
(nlsat :conflicts 1 :decisions 0 :propagations 113 :clauses 429 :learned 1)
(nlsat :conflicts 1 :decisions 0 :propagations 126 :clauses 429 :learned 1)
(nlsat :conflicts 1 :decisions 0 :propagations 128 :clauses 453 :learned 1)
(nlsat :conflicts 1 :decisions 0 :propagations 117 :clauses 457 :learned 1)
(nlsat :conflicts 1 :decisions 0 :propagations 119 :clauses 459 :learned 1)
(nlsat :conflicts 1 :decisions 0 :propagations 116 :clauses 457 :learned 1)
(nlsat :conflicts 1 :decisions 0 :propagations 59 :clauses 433 :learned 1)
(nlsat :conflicts 1 :decisions 0 :propagations 132 :clauses 466 :learned 1)
(nlsat :conflicts 1 :decisions 0 :propagations 121 :clauses 458 :learned 1)
(nlsat :conflicts 1 :decisions 0 :propagations 122 :clauses 458 :learned 1)
(nlsat :conflicts 1 :decisions 0 :propagations 123 :clauses 460 :learned 1)
(nlsat :conflicts 1 :decisions 0 :propagations 121 :clauses 460 :learned 1)
(nlsat :conflicts 1 :decisions 0 :propagations 128 :clauses 459 :learned 1)
ramon: poll                 wall=3.004s usage=2.911s mem=25716KiB load=1.00 rootload=1.00
(nlsat :conflicts 1 :decisions 0 :propagations 130 :clauses 461 :learned 1)
(nlsat :conflicts 1 :decisions 0 :propagations 118 :clauses 461 :learned 1)
(nlsat :conflicts 1 :decisions 0 :propagations 118 :clauses 460 :learned 1)
(nlsat :conflicts 1 :decisions 0 :propagations 132 :clauses 461 :learned 1)
(nlsat :conflicts 1 :decisions 0 :propagations 142 :clauses 453 :learned 1)
(nlsat :conflicts 1 :decisions 0 :propagations 131 :clauses 452 :learned 1)
(smt.stats   14   1730  25869  34710   701/652/36    2803/26     2    2   22.69)
(smt.stats   15   1831  26067  35904   701/652/36    2987/27     2    2   22.98)
(nlsat :conflicts 5 :decisions 0 :propagations 172 :clauses 476 :learned 5)
(nlsat :conflicts 6 :decisions 0 :propagations 184 :clauses 486 :learned 6)
(nlsat :conflicts 1 :decisions 0 :propagations 64 :clauses 453 :learned 1)
(nlsat :conflicts 1 :decisions 0 :propagations 65 :clauses 454 :learned 1)
(nlsat :conflicts 1 :decisions 0 :propagations 74 :clauses 457 :learned 1)
(nlsat :conflicts 1 :decisions 0 :propagations 67 :clauses 460 :learned 1)
(nlsat :conflicts 1 :decisions 0 :propagations 49 :clauses 437 :learned 1)
(nlsat :conflicts 6 :decisions 0 :propagations 149 :clauses 486 :learned 6)
(nlsat :conflicts 5 :decisions 0 :propagations 151 :clauses 489 :learned 5)
(smt.stats   16   1942  26994  38166   701/652/36    3202/30     2    2   23.27)
(nlsat :conflicts 1 :decisions 0 :propagations 68 :clauses 461 :learned 1)
(nlsat :conflicts 1 :decisions 0 :propagations 55 :clauses 456 :learned 1)
(nlsat :conflicts 1 :decisions 0 :propagations 66 :clauses 459 :learned 1)
(nlsat :conflicts 1 :decisions 0 :propagations 47 :clauses 436 :learned 1)
(nlsat :conflicts 1 :decisions 0 :propagations 43 :clauses 437 :learned 1)
(nlsat :conflicts 1 :decisions 0 :propagations 56 :clauses 441 :learned 1)
(nlsat :conflicts 1 :decisions 0 :propagations 80 :clauses 440 :learned 1)
(smt.stats   17   2024  27717  39991   701/652/36    3335/32     2    2   23.29)
ramon: end                  Mon Jan 20 21:10:52 2025
ramon: root.execname        z3
ramon: root.utime           3.050s
ramon: root.stime           0.030s
ramon: group.total          3.092s
ramon: group.utime          3.060s
ramon: group.stime          0.032s
ramon: group.mempeak        25972KiB
ramon: group.pidpeak        2
ramon: status               exited
ramon: exitcode             0
ramon: walltime             3.185s
ramon: loadavg              0.97
