sat
(:added-eqs                       7991
 :arith-eq-adapter                396
 :arith-bound-propagations-lp     191
 :arith-branch                    6
 :arith-conflicts                 483
 :arith-cube-calls                3
 :arith-diseq                     2323
 :arith-fixed-eqs                 152
 :arith-gcd-calls                 28
 :arith-grobner-calls             55
 :arith-grobner-conflicts         23
 :arith-hnf-calls                 1
 :arith-horner-calls              13
 :arith-horner-conflicts          4
 :arith-horner-cross-nested-forms 1947
 :arith-lower                     3987
 :arith-make-feasible             3670
 :arith-max-columns               526
 :arith-max-rows                  223
 :arith-nla-add-bounds            28
 :arith-nla-lemmas                215
 :arith-nla-propagate-bounds      166
 :arith-nla-propagate-eq          2804
 :arith-nra-calls                 8
 :arith-offset-eqs                822
 :arith-patches                   28
 :arith-patches-success           22
 :arith-upper                     6575
 :binary-propagations             16572
 :conflicts                       249
 :decisions                       20067
 :del-clause                      1157
 :final-checks                    166
 :max-memory                      173.33
 :memory                          96.07
 :minimized-lits                  240
 :mk-bool-var                     2066
 :mk-clause                       1611
 :mk-clause-binary                1236
 :nlsat-conflicts                 691
 :nlsat-decisions                 40
 :nlsat-propagations              28403
 :nlsat-restarts                  2
 :nlsat-stages                    15500
 :num-allocs                      1405125320
 :num-checks                      1
 :propagations                    21486
 :restarts                        2
 :rlimit-count                    2287425
 :sat-backjumps                   501
 :sat-conflicts                   501
 :sat-decisions                   4243
 :sat-del-clause                  100676
 :sat-elim-bool-vars-res          18818
 :sat-elim-clauses                90
 :sat-elim-literals               2594
 :sat-minimized-lits              569
 :sat-mk-clause-2ary              57570
 :sat-mk-clause-3ary              29025
 :sat-mk-clause-nary              154979
 :sat-mk-var                      38243
 :sat-probing-assigned            52
 :sat-propagations-2ary           211593
 :sat-propagations-nary           176350
 :sat-restarts                    19
 :sat-scc-elim-binary             207
 :sat-scc-elim-vars               98
 :sat-subs-resolution             2246
 :sat-subs-resolution-dyn         62
 :sat-subsumed                    22744
 :sat-units                       77
 :sls-arith-moves                 2958
 :sls-ddfw-flips                  565.00
 :sls-ddfw-shifts                 5.00
 :sls-num-guided-search           32
 :time                            2.24
 :total-time                      2.24)
