sat
(:added-eqs                       43510
 :arith-eq-adapter                570
 :arith-bound-propagations-lp     436
 :arith-branch                    2
 :arith-conflicts                 1239
 :arith-cube-calls                2
 :arith-diseq                     4269
 :arith-fixed-eqs                 2156
 :arith-gcd-calls                 63
 :arith-gomory-cuts               4
 :arith-grobner-calls             53
 :arith-grobner-conflicts         44
 :arith-hnf-calls                 1
 :arith-horner-calls              9
 :arith-horner-cross-nested-forms 5310
 :arith-lower                     23312
 :arith-make-feasible             22474
 :arith-max-columns               1875
 :arith-max-rows                  744
 :arith-nla-add-bounds            19
 :arith-nla-lemmas                392
 :arith-nla-propagate-bounds      525
 :arith-nla-propagate-eq          12409
 :arith-nra-calls                 6
 :arith-offset-eqs                1026
 :arith-patches                   63
 :arith-patches-success           59
 :arith-upper                     51557
 :binary-propagations             84875
 :card2bv-rewrites                1
 :cnf-encoding-aux-vars           83
 :conflicts                       566
 :decisions                       93087
 :del-clause                      919
 :elim-unconstrained              6
 :final-checks                    157
 :max-memory                      149.04
 :memory                          92.72
 :minimized-lits                  633
 :mk-bool-var                     4289
 :mk-clause                       2290
 :mk-clause-binary                8754
 :nlsat-conflicts                 19324
 :nlsat-decisions                 35767
 :nlsat-propagations              208961
 :nlsat-restarts                  5
 :nlsat-stages                    83351
 :num-allocs                      1205172048
 :num-checks                      1
 :propagations                    104863
 :restarts                        5
 :rlimit-count                    5216112
 :sat-mk-clause-2ary              28580
 :sat-mk-clause-nary              44316
 :sat-mk-var                      20985
 :sls-arith-moves                 1244
 :sls-ddfw-flips                  4923.00
 :sls-ddfw-shifts                 4.00
 :sls-num-guided-search           30
 :solve-eqs-elim-vars             360
 :solve-eqs-steps                 4264
 :time                            2.66
 :total-time                      2.66)
