ramon: cwd                  /home/runner/a/_work/z3-poly-testing/z3-poly-testing
ramon: start                Fri Jan 10 22:29:14 2025
ramon: nproc                128
ramon: sys.mem              64150 MiB
ramon: sys.mem.free         50536 MiB
ramon: sys.mem.avail        64122 MiB
ramon: sys.nprocs           2753
ramon: argv                 0 = z3
ramon: argv                 1 = /home/runner/a/_work/z3-poly-testing/z3-poly-testing/download/non-incremental/QF_NIA/20170427-VeryMax/SAT14/1066.smt2
ramon: argv                 2 = -T:1200
ramon: childpid             1751696
ramon: end                  Fri Jan 10 22:29:14 2025
ramon: root.execname        z3
ramon: root.utime           0.110s
ramon: root.stime           0.020s
ramon: group.total          0.136s
ramon: group.utime          0.112s
ramon: group.stime          0.024s
ramon: group.mempeak        26000KiB
ramon: group.pidpeak        3
ramon: status               exited
ramon: exitcode             0
ramon: walltime             0.139s
ramon: loadavg              0.98
