ramon: cwd                  /home/runner/a/_work/z3-poly-testing/z3-poly-testing
ramon: start                Fri Jan 10 22:27:14 2025
ramon: nproc                128
ramon: sys.mem              64150 MiB
ramon: sys.mem.free         51021 MiB
ramon: sys.mem.avail        64130 MiB
ramon: sys.nprocs           2708
ramon: argv                 0 = z3
ramon: argv                 1 = /home/runner/a/_work/z3-poly-testing/z3-poly-testing/download/non-incremental/QF_NIA/AProVE/aproveSMT3726010165731767670.smt2
ramon: argv                 2 = -T:1200
ramon: childpid             1674437
ramon: end                  Fri Jan 10 22:27:14 2025
ramon: root.execname        z3
ramon: root.utime           0.010s
ramon: root.stime           0.020s
ramon: group.total          0.033s
ramon: group.utime          0.010s
ramon: group.stime          0.023s
ramon: group.mempeak        28264KiB
ramon: group.pidpeak        2
ramon: status               exited
ramon: exitcode             0
ramon: walltime             0.058s
ramon: loadavg              0.57
