sat
(:added-eqs                   933
 :arith-eq-adapter            585
 :arith-bound-propagations-lp 94
 :arith-branch                41
 :arith-conflicts             33
 :arith-cube-calls            10
 :arith-dio-calls             41
 :arith-diseq                 342
 :arith-fixed-eqs             14
 :arith-gcd-calls             42
 :arith-lower                 1768
 :arith-make-feasible         769
 :arith-max-columns           824
 :arith-max-rows              296
 :arith-patches               42
 :arith-patches-success       1
 :arith-upper                 1512
 :binary-propagations         841
 :conflicts                   52
 :decisions                   549
 :del-clause                  345
 :final-checks                42
 :max-memory                  24.64
 :memory                      20.33
 :mk-bool-var                 3149
 :mk-clause                   514
 :mk-clause-binary            394
 :num-allocs                  25880955
 :num-checks                  1
 :propagations                952
 :rlimit-count                289561
 :solve-eqs-elim-vars         414
 :solve-eqs-steps             3003
 :time                        0.15
 :total-time                  0.21)
