ramon: cwd                  /home/runner/a/_work/z3-poly-testing/z3-poly-testing
ramon: start                Wed Apr  9 21:28:46 2025
ramon: nproc                128
ramon: sys.mem              64150 MiB
ramon: sys.mem.free         52269 MiB
ramon: sys.mem.avail        63959 MiB
ramon: sys.nprocs           2800
ramon: argv                 0 = z3
ramon: argv                 1 = inputs/certora/72771_f9d228efc97cf1458e38_64_QF_UFLIA.smt2
ramon: argv                 2 = -T:600
ramon: argv                 3 = -st
ramon: argv                 4 = lp.dio=false
ramon: childpid             2291781
ramon: poll                 wall=01.004s usage=01.000s user=00.948s sys=00.052s mem=36936KiB roottime=0.940s load=1.00 rootload=0.94
ramon: poll                 wall=02.000s usage=01.997s user=01.941s sys=00.056s mem=37960KiB roottime=1.940s load=1.00 rootload=1.00
ramon: poll                 wall=03.000s usage=02.996s user=02.938s sys=00.058s mem=38112KiB roottime=2.930s load=1.00 rootload=0.99
ramon: poll                 wall=04.013s usage=04.008s user=03.950s sys=00.058s mem=38368KiB roottime=3.940s load=1.00 rootload=1.00
ramon: poll                 wall=05.006s usage=05.000s user=04.940s sys=00.060s mem=38624KiB roottime=4.930s load=1.00 rootload=1.00
ramon: poll                 wall=06.018s usage=06.012s user=05.951s sys=00.061s mem=38880KiB roottime=5.940s load=1.00 rootload=1.00
ramon: poll                 wall=07.009s usage=07.002s user=06.941s sys=00.061s mem=38880KiB roottime=6.940s load=1.00 rootload=1.01
ramon: poll                 wall=08.015s usage=08.008s user=07.942s sys=00.066s mem=39136KiB roottime=7.940s load=1.00 rootload=0.99
ramon: poll                 wall=09.000s usage=08.993s user=08.927s sys=00.066s mem=39136KiB roottime=8.920s load=1.00 rootload=0.99
ramon: poll                 wall=10.004s usage=09.996s user=09.929s sys=00.067s mem=39136KiB roottime=9.920s load=1.00 rootload=1.00
ramon: poll                 wall=11.010s usage=11.002s user=10.929s sys=00.073s mem=40160KiB roottime=10.920s load=1.00 rootload=0.99
ramon: poll                 wall=12.014s usage=12.005s user=11.932s sys=00.073s mem=40416KiB roottime=11.930s load=1.00 rootload=1.01
ramon: poll                 wall=13.004s usage=12.995s user=12.917s sys=00.078s mem=40928KiB roottime=12.910s load=1.00 rootload=0.99
ramon: poll                 wall=14.000s usage=13.990s user=13.908s sys=00.082s mem=41696KiB roottime=13.900s load=1.00 rootload=0.99
ramon: poll                 wall=15.000s usage=14.989s user=14.907s sys=00.082s mem=41952KiB roottime=14.900s load=1.00 rootload=1.00
ramon: poll                 wall=16.000s usage=15.989s user=15.907s sys=00.082s mem=41952KiB roottime=15.900s load=1.00 rootload=1.00
ramon: poll                 wall=17.000s usage=16.988s user=16.906s sys=00.082s mem=41952KiB roottime=16.900s load=1.00 rootload=1.00
ramon: poll                 wall=18.004s usage=17.990s user=17.907s sys=00.083s mem=42048KiB roottime=17.900s load=1.00 rootload=1.00
ramon: poll                 wall=19.000s usage=18.983s user=18.900s sys=00.083s mem=41800KiB roottime=18.900s load=1.00 rootload=1.00
ramon: poll                 wall=20.000s usage=19.981s user=19.896s sys=00.085s mem=42156KiB roottime=19.890s load=1.00 rootload=0.99
ramon: poll                 wall=21.004s usage=20.983s user=20.897s sys=00.086s mem=42228KiB roottime=20.890s load=1.00 rootload=1.00
ramon: poll                 wall=22.006s usage=21.984s user=21.896s sys=00.088s mem=42484KiB roottime=21.890s load=1.00 rootload=1.00
ramon: poll                 wall=23.005s usage=22.982s user=22.893s sys=00.089s mem=42740KiB roottime=22.890s load=1.00 rootload=1.00
ramon: poll                 wall=24.008s usage=23.984s user=23.891s sys=00.093s mem=43508KiB roottime=23.880s load=1.00 rootload=0.99
ramon: poll                 wall=25.004s usage=24.976s user=24.882s sys=00.094s mem=43352KiB roottime=24.880s load=1.00 rootload=1.00
ramon: poll                 wall=26.007s usage=25.978s user=25.884s sys=00.094s mem=43352KiB roottime=25.880s load=1.00 rootload=1.00
ramon: poll                 wall=27.000s usage=26.971s user=26.872s sys=00.099s mem=43864KiB roottime=26.870s load=1.00 rootload=1.00
ramon: poll                 wall=28.007s usage=27.977s user=27.871s sys=00.107s mem=44888KiB roottime=27.860s load=1.00 rootload=0.98
ramon: poll                 wall=29.014s usage=28.984s user=28.876s sys=00.108s mem=44888KiB roottime=28.870s load=1.00 rootload=1.00
ramon: poll                 wall=30.004s usage=29.974s user=29.866s sys=00.108s mem=44888KiB roottime=29.860s load=1.00 rootload=1.00
ramon: poll                 wall=31.004s usage=30.973s user=30.865s sys=00.108s mem=44888KiB roottime=30.860s load=1.00 rootload=1.00
ramon: poll                 wall=32.006s usage=31.975s user=31.866s sys=00.109s mem=45144KiB roottime=31.860s load=1.00 rootload=1.00
ramon: poll                 wall=33.005s usage=32.973s user=32.864s sys=00.109s mem=45144KiB roottime=32.860s load=1.00 rootload=1.00
ramon: poll                 wall=34.006s usage=33.974s user=33.864s sys=00.110s mem=45400KiB roottime=33.860s load=1.00 rootload=1.00
ramon: poll                 wall=35.004s usage=34.971s user=34.859s sys=00.112s mem=45656KiB roottime=34.850s load=1.00 rootload=0.99
ramon: end                  Wed Apr  9 21:29:22 2025
ramon: root.execname        z3
ramon: root.utime           35.200s
ramon: root.stime           0.130s
ramon: group.total          35.348s
ramon: group.utime          35.211s
ramon: group.stime          0.137s
ramon: group.mempeak        47192KiB
ramon: group.pidpeak        2
ramon: status               exited
ramon: exitcode             0
ramon: walltime             35.382s
ramon: loadavg              1.00
