ramon: cwd                  /home/gh1/A/_work/z3-poly-testing/z3-poly-testing
ramon: start                Sat Feb  1 09:14:20 2025
ramon: nproc                32
ramon: sys.mem              63441 MiB
ramon: sys.mem.free         22951 MiB
ramon: sys.mem.avail        59546 MiB
ramon: sys.nprocs           1553
ramon: argv                 0 = z3
ramon: argv                 1 = inputs/QF_LIA/ex5960_2400_100.smt2
ramon: argv                 2 = -T:600
ramon: argv                 3 = -st
ramon: childpid             599861
ramon: end                  Sat Feb  1 09:14:21 2025
ramon: root.execname        z3
ramon: root.utime           0.420s
ramon: root.stime           0.000s
ramon: group.total          0.426s
ramon: group.utime          0.422s
ramon: group.stime          0.004s
ramon: group.mempeak        26508KiB
ramon: group.pidpeak        2
ramon: status               exited
ramon: exitcode             0
ramon: walltime             0.434s
ramon: loadavg              0.98
