ramon: cwd                  /home/gh1/A/_work/z3-poly-testing/z3-poly-testing
ramon: start                Sat Feb  1 09:11:21 2025
ramon: nproc                32
ramon: sys.mem              63441 MiB
ramon: sys.mem.free         24539 MiB
ramon: sys.mem.avail        59547 MiB
ramon: sys.nprocs           1548
ramon: argv                 0 = z3
ramon: argv                 1 = inputs/QF_LIA/n7740-prp-25-50.smt2
ramon: argv                 2 = -T:600
ramon: argv                 3 = -st
ramon: childpid             584822
ramon: poll                 wall=1.000s usage=0.899s mem=40040KiB load=0.90 rootload=0.88
ramon: poll                 wall=2.002s usage=1.902s mem=43260KiB load=1.00 rootload=1.00
ramon: poll                 wall=3.000s usage=2.894s mem=45340KiB load=0.99 rootload=0.98
ramon: poll                 wall=4.000s usage=3.894s mem=47108KiB load=1.00 rootload=1.00
ramon: end                  Sat Feb  1 09:11:25 2025
ramon: root.execname        z3
ramon: root.utime           4.380s
ramon: root.stime           0.020s
ramon: group.total          4.408s
ramon: group.utime          4.380s
ramon: group.stime          0.028s
ramon: group.mempeak        48680KiB
ramon: group.pidpeak        2
ramon: status               exited
ramon: exitcode             0
ramon: walltime             4.513s
ramon: loadavg              0.98
