ramon: cwd                  /home/gh1/A/_work/z3-poly-testing/z3-poly-testing
ramon: start                Sat Feb  1 08:49:56 2025
ramon: nproc                32
ramon: sys.mem              63441 MiB
ramon: sys.mem.free         22525 MiB
ramon: sys.mem.avail        59553 MiB
ramon: sys.nprocs           1583
ramon: argv                 0 = z3
ramon: argv                 1 = inputs/QF_LIA/n7923-prp-60-50.smt2
ramon: argv                 2 = -T:600
ramon: argv                 3 = -st
ramon: childpid             469217
ramon: poll                 wall=1.000s usage=0.972s mem=49196KiB load=0.97 rootload=0.95
ramon: poll                 wall=2.009s usage=1.981s mem=51244KiB load=1.00 rootload=0.99
ramon: poll                 wall=3.000s usage=2.969s mem=52524KiB load=1.00 rootload=1.00
ramon: poll                 wall=4.037s usage=4.009s mem=52780KiB load=1.00 rootload=1.00
ramon: poll                 wall=5.000s usage=4.969s mem=54060KiB load=1.00 rootload=1.00
ramon: poll                 wall=6.000s usage=5.969s mem=54572KiB load=1.00 rootload=1.00
ramon: poll                 wall=7.000s usage=6.969s mem=54572KiB load=1.00 rootload=0.99
ramon: poll                 wall=8.000s usage=7.969s mem=54828KiB load=1.00 rootload=1.00
ramon: poll                 wall=9.113s usage=9.085s mem=55596KiB load=1.00 rootload=1.01
ramon: poll                 wall=10.001s usage=9.973s mem=55596KiB load=1.00 rootload=1.00
ramon: poll                 wall=11.005s usage=10.977s mem=55852KiB load=1.00 rootload=1.00
ramon: poll                 wall=12.000s usage=11.969s mem=55852KiB load=1.00 rootload=1.00
ramon: poll                 wall=13.000s usage=12.967s mem=56096KiB load=1.00 rootload=1.00
ramon: end                  Sat Feb  1 08:50:09 2025
ramon: root.execname        z3
ramon: root.utime           13.030s
ramon: root.stime           0.030s
ramon: group.total          13.067s
ramon: group.utime          13.035s
ramon: group.stime          0.032s
ramon: group.mempeak        56352KiB
ramon: group.pidpeak        2
ramon: status               exited
ramon: exitcode             0
ramon: walltime             13.097s
ramon: loadavg              1.00
