unsat
(:added-eqs                       909
 :arith-eq-adapter                38
 :arith-bound-propagations-lp     37
 :arith-conflicts                 196
 :arith-diseq                     152
 :arith-fixed-eqs                 158
 :arith-grobner-calls             77
 :arith-grobner-conflicts         30
 :arith-horner-calls              19
 :arith-horner-cross-nested-forms 1061
 :arith-lower                     550
 :arith-make-feasible             705
 :arith-max-columns               135
 :arith-max-rows                  46
 :arith-nla-add-bounds            31
 :arith-nla-lemmas                44
 :arith-nla-propagate-bounds      76
 :arith-nla-propagate-eq          1050
 :arith-nra-calls                 38
 :arith-offset-eqs                9
 :arith-upper                     694
 :binary-propagations             656
 :conflicts                       168
 :decisions                       1656
 :del-clause                      171
 :final-checks                    162
 :max-memory                      51.77
 :memory                          17.56
 :minimized-lits                  135
 :mk-bool-var                     370
 :mk-clause                       269
 :mk-clause-binary                212
 :nlsat-conflicts                 1306
 :nlsat-decisions                 30
 :nlsat-propagations              12684
 :nlsat-stages                    6022
 :num-allocs                      11292303
 :num-checks                      1
 :propagations                    1431
 :restarts                        1
 :rlimit-count                    671894
 :sls-arith-steps                 75495
 :sls-ddfw-flips                  99070.00
 :sls-ddfw-reinits                4
 :sls-ddfw-restarts               17
 :sls-ddfw-shifts                 69479.00
 :sls-num-guided-search           46
 :solve-eqs-elim-vars             8
 :solve-eqs-steps                 105
 :time                            0.42
 :total-time                      0.39)
