ramon: cwd                  /home/gh1/A/_work/z3-poly-testing/z3-poly-testing
ramon: start                Thu Jan 23 10:57:56 2025
ramon: nproc                32
ramon: sys.mem              63441 MiB
ramon: sys.mem.free         24573 MiB
ramon: sys.mem.avail        59488 MiB
ramon: sys.nprocs           1399
ramon: argv                 0 = z3
ramon: argv                 1 = inputs/QF_NIA_CInteger/Ton_Chanh_15__Hanoi_3vars_false-termination.c__p27012_terminationG_0.smt2
ramon: argv                 2 = -T:60
ramon: argv                 3 = -v:2
ramon: argv                 4 = -st
ramon: argv                 5 = tactic.default_tactic=(then simplify propagate-values solve-eqs simplify smt)
ramon: argv                 6 = smt.sls.enable=true
ramon: argv                 7 = smt.sls.parallel=false
ramon: argv                 8 = model_validate=true
ramon: argv                 9 = sls.arith_use_clausal_lookahead=true
ramon: childpid             3587381
(smt.searching)
(smt.stats :restarts     :decisions :clauses/bin/units      :simplify   :memory)
(smt.stats        :conflicts    :propagations       :lemmas      :deletions   )
(smt.stats    0      0      0      0   714/708/23       0/0     0    0   18.67)
(nlsat :conflicts 7 :decisions 0 :propagations 146 :clauses 203 :learned 7)
SMT -> SLS values
(sat.ddfw :unsat :models :kflips/sec   :flips :restarts   :reinits  :unsat_vars  :shifts)
(sat.ddfw       1      1    90.5349      3893         0          0            2      511)
SLS -> SMT phase. unsat size: 1
SLS -> SMT values
SMT -> SLS values
(sat.ddfw       1      3    39.0139      6702         0          0            3      943)
SLS -> SMT phase. unsat size: 1
SLS -> SMT values
SMT -> SLS values
(sat.ddfw       1      4     2.3978      6925         0          0            1     1903)
SLS -> SMT phase. unsat size: 1
SLS -> SMT values
(nlsat :conflicts 1 :decisions 0 :propagations 47 :clauses 319 :learned 1)
SMT -> SLS values
(sat.ddfw       1      5     6.3958      7846         0          0            1     2061)
SLS -> SMT phase. unsat size: 1
SLS -> SMT values
(nlsat :conflicts 2 :decisions 0 :propagations 56 :clauses 333 :learned 2)
ramon: poll                 wall=1.000s usage=0.966s mem=76292KiB load=0.97 rootload=0.93
ramon: poll                 wall=2.000s usage=1.963s mem=83456KiB load=1.00 rootload=1.00
ramon: poll                 wall=3.000s usage=2.961s mem=87912KiB load=1.00 rootload=0.99
ramon: poll                 wall=4.000s usage=3.959s mem=87912KiB load=1.00 rootload=1.00
ramon: poll                 wall=5.000s usage=4.957s mem=91660KiB load=1.00 rootload=1.00
ramon: poll                 wall=6.000s usage=5.955s mem=91664KiB load=1.00 rootload=0.99
ramon: poll                 wall=7.000s usage=6.952s mem=91668KiB load=1.00 rootload=1.00
ramon: poll                 wall=8.000s usage=7.950s mem=92484KiB load=1.00 rootload=1.00
ramon: poll                 wall=9.000s usage=8.947s mem=92492KiB load=1.00 rootload=1.00
ramon: poll                 wall=10.000s usage=9.943s mem=92496KiB load=1.00 rootload=0.99
ramon: poll                 wall=11.000s usage=10.943s mem=97884KiB load=1.00 rootload=1.00
ramon: poll                 wall=12.000s usage=11.943s mem=97640KiB load=1.00 rootload=1.00
ramon: poll                 wall=13.005s usage=12.950s mem=97648KiB load=1.00 rootload=1.01
ramon: poll                 wall=14.000s usage=13.942s mem=97908KiB load=1.00 rootload=0.99
ramon: poll                 wall=15.000s usage=14.942s mem=97916KiB load=1.00 rootload=1.00
ramon: poll                 wall=16.000s usage=15.942s mem=97956KiB load=1.00 rootload=1.00
ramon: poll                 wall=17.000s usage=16.941s mem=98020KiB load=1.00 rootload=1.00
ramon: poll                 wall=18.000s usage=17.941s mem=98576KiB load=1.00 rootload=1.00
ramon: poll                 wall=19.000s usage=18.941s mem=98636KiB load=1.00 rootload=1.00
(nlsat :conflicts 4 :decisions 0 :propagations 215 :clauses 380 :learned 4)
(nlsat :conflicts 1 :decisions 0 :propagations 86 :clauses 379 :learned 1)
SMT -> SLS values
(sat.ddfw       1      6     0.0498      8820         0          0            2     2225)
SLS -> SMT phase. unsat size: 1
SLS -> SMT values
(nlsat :conflicts 1 :decisions 0 :propagations 109 :clauses 395 :learned 1)
(nlsat :conflicts 1 :decisions 0 :propagations 104 :clauses 402 :learned 1)
(nlsat :conflicts 1 :decisions 0 :propagations 99 :clauses 398 :learned 1)
(nlsat :conflicts 1 :decisions 0 :propagations 97 :clauses 394 :learned 1)
(nlsat :conflicts 1 :decisions 0 :propagations 99 :clauses 393 :learned 1)
(nlsat :conflicts 1 :decisions 0 :propagations 96 :clauses 396 :learned 1)
(nlsat :conflicts 1 :decisions 0 :propagations 97 :clauses 398 :learned 1)
(nlsat :conflicts 1 :decisions 0 :propagations 97 :clauses 395 :learned 1)
(nlsat :conflicts 1 :decisions 0 :propagations 98 :clauses 395 :learned 1)
(nlsat :conflicts 1 :decisions 0 :propagations 104 :clauses 401 :learned 1)
(nlsat :conflicts 1 :decisions 0 :propagations 90 :clauses 403 :learned 1)
(nlsat :conflicts 1 :decisions 0 :propagations 113 :clauses 399 :learned 1)
(nlsat :conflicts 1 :decisions 0 :propagations 111 :clauses 399 :learned 1)
(nlsat :conflicts 1 :decisions 0 :propagations 96 :clauses 399 :learned 1)
(nlsat :conflicts 1 :decisions 0 :propagations 96 :clauses 391 :learned 1)
(nlsat :conflicts 1 :decisions 0 :propagations 96 :clauses 391 :learned 1)
(nlsat :conflicts 1 :decisions 0 :propagations 97 :clauses 392 :learned 1)
(nlsat :conflicts 1 :decisions 0 :propagations 101 :clauses 392 :learned 1)
(nlsat :conflicts 1 :decisions 0 :propagations 101 :clauses 391 :learned 1)
(nlsat :conflicts 1 :decisions 0 :propagations 107 :clauses 396 :learned 1)
(nlsat :conflicts 1 :decisions 0 :propagations 103 :clauses 398 :learned 1)
(nlsat :conflicts 1 :decisions 0 :propagations 100 :clauses 397 :learned 1)
(nlsat :conflicts 1 :decisions 0 :propagations 101 :clauses 400 :learned 1)
(nlsat :conflicts 1 :decisions 0 :propagations 132 :clauses 413 :learned 1)
(nlsat :conflicts 1 :decisions 0 :propagations 119 :clauses 410 :learned 1)
(nlsat :conflicts 1 :decisions 0 :propagations 118 :clauses 409 :learned 1)
(nlsat :conflicts 1 :decisions 0 :propagations 118 :clauses 409 :learned 1)
(nlsat :conflicts 1 :decisions 0 :propagations 118 :clauses 409 :learned 1)
(nlsat :conflicts 1 :decisions 0 :propagations 118 :clauses 409 :learned 1)
(nlsat :conflicts 1 :decisions 0 :propagations 118 :clauses 409 :learned 1)
(nlsat :conflicts 1 :decisions 0 :propagations 109 :clauses 404 :learned 1)
(nlsat :conflicts 2 :decisions 0 :propagations 67 :clauses 402 :learned 2)
(nlsat :conflicts 2 :decisions 0 :propagations 67 :clauses 396 :learned 2)
(nlsat :conflicts 2 :decisions 0 :propagations 61 :clauses 397 :learned 2)
SMT -> SLS values
(sat.ddfw       1      7     0.0410      9632         0          0            7     2364)
(nlsat :conflicts 2 :decisions 0 :propagations 69 :clauses 394 :learned 2)
(nlsat :conflicts 1 :decisions 0 :propagations 106 :clauses 393 :learned 1)
(nlsat :conflicts 1 :decisions 0 :propagations 109 :clauses 399 :learned 1)
(nlsat :conflicts 1 :decisions 0 :propagations 117 :clauses 393 :learned 1)
(nlsat :conflicts 1 :decisions 0 :propagations 106 :clauses 395 :learned 1)
(nlsat :conflicts 2 :decisions 0 :propagations 68 :clauses 394 :learned 2)
(nlsat :conflicts 2 :decisions 0 :propagations 69 :clauses 393 :learned 2)
(nlsat :conflicts 2 :decisions 0 :propagations 66 :clauses 393 :learned 2)
(smt.stats    0    101   1223   1191   804/714/23     217/2     1    0   54.04)
SMT -> SLS values
SMT -> SLS units 1 2 3 4 5 6 7 8 9 10 11 12 13 14 15 16 17 18 -67 -68 69 70 71
(sat.ddfw       1      8     0.0579     10783         0          0            3     2537)
SMT -> SLS values
(sat.ddfw       1      8     0.0028     10838         0          0            9     2537)
(sat.ddfw       1      9     0.0564     11960         0          1            3     2689)
SMT -> SLS values
(sat.ddfw       1     10     0.0674     13302         0          1            4     2889)
SMT -> SLS values
on-model 
(sat.ddfw       0      1     0.0083     13467         0          1            0     2908)
ramon: end                  Thu Jan 23 10:58:16 2025
ramon: root.execname        z3
ramon: root.utime           19.870s
ramon: root.stime           0.040s
ramon: group.total          19.924s
ramon: group.utime          19.876s
ramon: group.stime          0.048s
ramon: group.mempeak        100MiB
ramon: group.pidpeak        2
ramon: status               exited
ramon: exitcode             0
ramon: walltime             19.986s
ramon: loadavg              1.00
