ramon: cwd                  /home/gh1/A/_work/z3-poly-testing/z3-poly-testing
ramon: start                Sat Jan  4 14:12:06 2025
ramon: nproc                32
ramon: sys.mem              63442 MiB
ramon: sys.mem.free         28268 MiB
ramon: sys.mem.avail        63041 MiB
ramon: sys.nprocs           1176
ramon: argv                 0 = z3
ramon: argv                 1 = inputs/QF_BV_SAT/bin_eventlogadm_vc331002.smt2
ramon: argv                 2 = -T:20
ramon: argv                 3 = -v:2
ramon: argv                 4 = -st
ramon: argv                 5 = sls.use_top_level_assertions_bv=true
ramon: argv                 6 = tactic.default_tactic=(then simplify propagate-values solve-eqs simplify sls-smt)
ramon: argv                 7 = model_validate=true
ramon: childpid             1077933
lookahead-search moves:0 max-moves:800
(sat.ddfw :unsat :models :kflips/sec  :flips  :restarts  :reinits  :unsat_vars  :shifts)
(sat.ddfw       0      1   5.46759      1181         2          0            0      195)
ramon: end                  Sat Jan  4 14:12:06 2025
ramon: root.execname        z3
ramon: root.utime           0.220s
ramon: root.stime           0.000s
ramon: group.total          0.225s
ramon: group.utime          0.225s
ramon: group.stime          0.000s
ramon: group.mempeak        19968KiB
ramon: group.pidpeak        2
ramon: status               exited
ramon: exitcode             0
ramon: walltime             0.310s
ramon: loadavg              0.73
