sat
(:added-eqs                   6679
 :arith-eq-adapter            906
 :arith-bound-propagations-lp 46
 :arith-conflicts             12
 :arith-diseq                 566
 :arith-fixed-eqs             540
 :arith-lower                 1121
 :arith-make-feasible         441
 :arith-max-columns           198
 :arith-max-rows              123
 :arith-offset-eqs            19
 :arith-upper                 369
 :binary-propagations         87
 :conflicts                   46
 :decisions                   1419
 :del-clause                  13472
 :final-checks                7
 :interface-eqs               2
 :max-memory                  20.42
 :memory                      17.78
 :minimized-lits              9
 :mk-bool-var                 10676
 :mk-clause                   14841
 :mk-clause-binary            190
 :num-allocs                  1655446
 :num-checks                  2
 :propagations                7461
 :rlimit-count                64067
 :seq-add-axiom               507
 :seq-char-ackerman           2
 :seq-char2bit                88
 :seq-fixed-length            2
 :seq-length-coherence        3
 :seq-num-reductions          413
 :time                        0.03
 :total-time                  0.03)
