ramon: cwd                  /home/gh1/A/_work/z3-poly-testing/z3-poly-testing
ramon: start                Fri Dec 20 02:01:14 2024
ramon: nproc                32
ramon: sys.mem              63442 MiB
ramon: sys.mem.free         36498 MiB
ramon: sys.mem.avail        62549 MiB
ramon: sys.nprocs           1065
ramon: argv                 0 = z3
ramon: argv                 1 = inputs/QF_S_SAT/instance08288.smt2
ramon: argv                 2 = -T:20
ramon: argv                 3 = -v:2
ramon: argv                 4 = -st
ramon: argv                 5 = tactic.default_tactic=(then simplify propagate-values solve-eqs simplify smt)
ramon: argv                 6 = model_validate=true
ramon: childpid             243499
(smt.delete-inactive-clauses  :num-deleted-clauses 0)
(smt.seq :increase-depth 2)
(smt.delete-inactive-clauses  :num-deleted-clauses 0)
(smt.seq :increase-length (str.substr X (+ -7 (str.len X)) 7) 2)
(smt.delete-inactive-clauses  :num-deleted-clauses 0)
(smt.seq :increase-length (str.substr X (+ -7 (str.len X)) 7) 4)
(smt.delete-inactive-clauses  :num-deleted-clauses 0)
(smt.seq :increase-length (str.substr X 0 (+ -7 (str.len X))) 2)
(smt.delete-inactive-clauses  :num-deleted-clauses 0)
(smt.seq :increase-length (str.substr X 0 (+ -7 (str.len X))) 4)
(smt.delete-inactive-clauses  :num-deleted-clauses 0)
(smt.seq :increase-length (str.substr X 0 (+ -7 (str.len X))) 8)
(smt.delete-inactive-clauses  :num-deleted-clauses 0)
(smt.seq :increase-length (str.substr X 0 (+ -7 (str.len X))) 16)
(smt.delete-inactive-clauses  :num-deleted-clauses 0)
(smt.seq :increase-length (str.substr X 0 (+ -7 (str.len X))) 32)
(smt.delete-inactive-clauses  :num-deleted-clauses 0)
(smt.seq :increase-length (str.substr X 0 (+ -7 (str.len X))) 64)
(smt.delete-inactive-clauses  :num-deleted-clauses 0)
(smt.seq :increase-length X 2)
(smt.delete-inactive-clauses  :num-deleted-clauses 0)
(smt.seq :increase-length X 4)
(smt.delete-inactive-clauses  :num-deleted-clauses 0)
(smt.seq :increase-length X 8)
(smt.delete-inactive-clauses  :num-deleted-clauses 0)
(smt.searching)
(smt.stats :restarts     :decisions :clauses/bin/units        :simplify   :memory)
(smt.stats       :conflicts     :propagations         :lemmas      :deletions   )
(smt.stats    0     12      0      0   133/103/1054       2/0     0    0   19.26)
(smt.seq :increase-length X 16)
(smt.delete-inactive-clauses  :num-deleted-clauses 0)
(smt.searching)
(smt.stats    0     13      0      0   135/105/1054       2/0     0    0   19.26)
(smt.seq :increase-length X 32)
(smt.delete-inactive-clauses  :num-deleted-clauses 0)
(smt.searching)
(smt.stats    0     14      0      0   137/107/1054       2/0     0    0   19.26)
(smt.seq :increase-length X 64)
(smt.delete-inactive-clauses  :num-deleted-clauses 0)
(smt.searching)
(smt.stats    0     15      0      0   139/109/1054       2/0     0    0   19.26)
(smt.seq :increase-length (str.substr X (+ -7 (str.len X)) 7) 8)
(smt.delete-inactive-clauses  :num-deleted-clauses 0)
(smt.searching)
(smt.stats    0     16      0      0   141/111/1054       2/0     0    0   19.26)
(smt.seq :increase-depth 26)
(smt.delete-inactive-clauses  :num-deleted-clauses 0)
(smt.searching)
(smt.stats    0     31    351     51   185/149/1140      18/8     0    0   19.66)
(smt.seq :increase-depth 39)
(smt.delete-inactive-clauses  :num-deleted-clauses 0)
(smt.searching)
(smt.stats    0     32    351     51   185/149/1140      18/8     0    0   19.66)
(smt.seq :increase-length (str.substr (str.substr X 0 (+ -7 #41)) 10 (+ -10 (str.len #262))) 52)
(smt.delete-inactive-clauses  :num-deleted-clauses 0)
(smt.searching)
(smt.stats    0     33    351     51   187/151/1140      18/8     0    0   19.66)
(smt.stats    0    140   4220   7203   691/151/1140     126/96     0    0   21.28)
(smt.seq :increase-length X 128)
(smt.delete-inactive-clauses  :num-deleted-clauses 3)
(smt.searching)
(smt.stats    1    145   4375   7578   819/659/1627     127/99     0    0   21.45)
(smt.stats    1    254  11251  17043  1062/659/1627     260/186     0    0   21.47)
(smt.seq :increase-length (str.substr (str.substr X 0 (+ -7 #41)) 10 (+ -10 (str.len #262))) 104)
(smt.delete-inactive-clauses  :num-deleted-clauses 3)
(smt.searching)
(smt.stats    2    313  12392  21754  1106/869/1696     319/237     0    0   21.57)
(smt.seq :increase-length (str.substr X 0 (+ -7 (str.len X))) 128)
(smt.delete-inactive-clauses  :num-deleted-clauses 1)
(smt.searching)
(smt.stats    2    395  18536  31029  1181/926/1747     405/308     0    0   21.87)
(smt.stats    2    514  23423  38755  1444/926/1747     527/398     0    0   22.53)
(smt.stats    3    620  33223  45520  1858/926/1747     633/472     0    0   23.89)
(smt.stats    4    731  41323  54732  1888/926/1747     744/573     0    0   24.30)
(smt.seq :increase-depth 65)
(smt.delete-inactive-clauses  :num-deleted-clauses 8)
(smt.searching)
(smt.stats    5    745  42897  55954  1969/1480/2389     749/580     0    0   24.60)
(smt.stats    5    846  47034  59669  2696/1480/2389     848/624     0    0   27.96)
(smt.stats :restarts :decisions    :clauses/bin/units            :simplify   :memory)
(smt.stats      :conflicts  :propagations            :lemmas          :deletions   )
(smt.stats    6    947  52776  69140  2937/1480/2389     999/663     0    0   29.72)
(smt.stats    7   1058  92657 114926  2990/1480/2389    1160/706     0    0   30.01)
ramon: poll                 wall=1.000s usage=0.996s mem=31728KiB load=1.00 rootload=0.98
ramon: poll                 wall=2.000s usage=1.996s mem=35200KiB load=1.00 rootload=1.00
(smt.stats    8   1159 121537 148510  3631/1480/2389    1359/722     0    0   34.93)
(smt.stats    9   1270 137862 174397  3859/1480/2389    1542/770     0    0   35.23)
(smt.stats   10   1392 161325 204698  4035/1480/2389    1777/822     0    0   35.61)
ramon: poll                 wall=3.000s usage=2.996s mem=37504KiB load=1.00 rootload=1.00
(smt.stats   11   1494 173722 232068  3982/1480/2389    1938/879     0    0   35.62)
(smt.stats :restarts :decisions    :clauses/bin/units            :simplify   :memory)
(smt.stats     :conflicts  :propagations            :lemmas           :deletions   )
(smt.stats   12   1605 191155 257666  4173/1480/2389    2131/928     0    0   36.93)
ramon: poll                 wall=4.001s usage=3.991s mem=38720KiB load=0.99 rootload=1.00
(smt.stats   13   1727 200414 296505  4104/1480/2389    2404/971     0    0   37.12)
ramon: poll                 wall=5.000s usage=4.991s mem=38840KiB load=1.00 rootload=1.00
(smt.stats   14   1822 223350 348954  7613/1480/2389    2568/1014     0    0   63.57)
ramon: end                  Fri Dec 20 02:01:20 2024
ramon: root.execname        z3
ramon: root.utime           5.430s
ramon: root.stime           0.030s
ramon: group.total          5.477s
ramon: group.utime          5.437s
ramon: group.stime          0.040s
ramon: group.mempeak        82764KiB
ramon: group.pidpeak        2
ramon: status               exited
ramon: exitcode             0
ramon: walltime             5.486s
ramon: loadavg              1.00
