sat
(:added-eqs                       32844
 :arith-eq-adapter                601
 :arith-bound-propagations-lp     979
 :arith-branch                    10
 :arith-conflicts                 2239
 :arith-cube-calls                6
 :arith-diseq                     5369
 :arith-fixed-eqs                 4194
 :arith-gcd-calls                 180
 :arith-gomory-cuts               4
 :arith-grobner-calls             366
 :arith-grobner-conflicts         92
 :arith-hnf-calls                 1
 :arith-horner-calls              135
 :arith-horner-conflicts          3
 :arith-horner-cross-nested-forms 14644
 :arith-lower                     11205
 :arith-make-feasible             8249
 :arith-max-columns               1006
 :arith-max-rows                  480
 :arith-nla-add-bounds            87
 :arith-nla-lemmas                1448
 :arith-nla-propagate-bounds      492
 :arith-nla-propagate-eq          16429
 :arith-nra-calls                 63
 :arith-offset-eqs                4949
 :arith-patches                   180
 :arith-patches-success           163
 :arith-upper                     12584
 :binary-propagations             22945
 :conflicts                       502
 :decisions                       42463
 :del-clause                      1504
 :final-checks                    805
 :max-memory                      64.43
 :memory                          18.43
 :minimized-lits                  491
 :mk-bool-var                     5257
 :mk-clause                       3036
 :mk-clause-binary                8752
 :nlsat-conflicts                 5996
 :nlsat-decisions                 19
 :nlsat-propagations              218343
 :nlsat-stages                    124390
 :num-allocs                      2134387221
 :num-checks                      1
 :propagations                    48274
 :restarts                        4
 :rlimit-count                    3539043
 :solve-eqs-elim-vars             136
 :solve-eqs-steps                 1124
 :time                            3.26
 :total-time                      3.38)
