sat
(:added-eqs                       9
 :arith-eq-adapter                7
 :arith-conflicts                 6
 :arith-diseq                     5
 :arith-fixed-eqs                 2
 :arith-grobner-calls             7
 :arith-horner-calls              2
 :arith-horner-cross-nested-forms 1
 :arith-lower                     8
 :arith-make-feasible             17
 :arith-max-columns               12
 :arith-max-rows                  1
 :arith-nla-add-bounds            3
 :arith-nla-lemmas                4
 :arith-nla-propagate-bounds      2
 :arith-nla-propagate-eq          3
 :arith-nra-calls                 2
 :arith-upper                     16
 :binary-propagations             4
 :conflicts                       3
 :decisions                       12
 :del-clause                      5
 :final-checks                    9
 :max-memory                      78.65
 :memory                          51.75
 :mk-bool-var                     26
 :mk-clause                       26
 :mk-clause-binary                5
 :nlsat-conflicts                 17
 :nlsat-irrational-assignments    1
 :nlsat-propagations              102
 :nlsat-restarts                  2
 :nlsat-stages                    33
 :num-allocs                      120131266
 :num-checks                      1
 :propagations                    16
 :rlimit-count                    534023
 :sat-backjumps                   501
 :sat-conflicts                   501
 :sat-decisions                   1023
 :sat-del-clause                  31214
 :sat-elim-bool-vars-res          6182
 :sat-elim-clauses                15
 :sat-elim-literals               145
 :sat-minimized-lits              4776
 :sat-mk-clause-2ary              19356
 :sat-mk-clause-3ary              6867
 :sat-mk-clause-nary              52584
 :sat-mk-var                      12939
 :sat-probing-assigned            5
 :sat-propagations-2ary           118143
 :sat-propagations-nary           121716
 :sat-restarts                    28
 :sat-scc-elim-binary             5
 :sat-scc-elim-vars               42
 :sat-subs-resolution             117
 :sat-subs-resolution-dyn         316
 :sat-subsumed                    6393
 :sat-units                       8
 :time                            0.42
 :total-time                      0.44)
