sat
(:added-eqs               1
 :arith-branch            13
 :arith-cube-calls        3
 :arith-cube-success      1
 :arith-fixed-eqs         1
 :arith-gcd-calls         11
 :arith-lower             94
 :arith-make-feasible     20
 :arith-max-columns       346
 :arith-max-rows          154
 :arith-patches           15
 :arith-upper             249
 :decisions               13
 :final-checks            16
 :max-memory              108.04
 :memory                  33.21
 :mk-bool-var             343
 :num-allocs              33595716289.00
 :num-checks              3
 :rlimit-count            10593030
 :sat-backjumps           11436
 :sat-backtracks          89
 :sat-conflicts           11525
 :sat-decisions           78935
 :sat-del-clause          31365
 :sat-elim-bool-vars-res  5906
 :sat-elim-clauses        1307
 :sat-elim-literals       900
 :sat-minimized-lits      190679
 :sat-mk-clause-2ary      74356
 :sat-mk-clause-3ary      20824
 :sat-mk-clause-nary      217440
 :sat-mk-var              75547
 :sat-probing-assigned    306
 :sat-propagations-2ary   5334438
 :sat-propagations-nary   2943356
 :sat-restarts            1954
 :sat-scc-elim-binary     17
 :sat-scc-elim-vars       1
 :sat-subs-resolution     251
 :sat-subs-resolution-dyn 1579
 :sat-subsumed            483
 :sat-units               320
 :time                    34.27
 :total-time              34.12)
