ramon: cwd                  /home/gh1/A/_work/z3-poly-testing/z3-poly-testing
ramon: start                Mon Jan 13 16:32:37 2025
ramon: nproc                32
ramon: sys.mem              63441 MiB
ramon: sys.mem.free         50759 MiB
ramon: sys.mem.avail        63206 MiB
ramon: sys.nprocs           1116
ramon: argv                 0 = z3
ramon: argv                 1 = inputs/QF_NIA_CInteger/Stroeder_15__4NestedWith3Variables_true-termination.c__p20246_terminationG_0.smt2
ramon: argv                 2 = -T:60
ramon: argv                 3 = -v:2
ramon: argv                 4 = -st
ramon: argv                 5 = model_validate=true
ramon: childpid             35857
(sat.solver)
(sat.copy :learned 0)
(sat.stats   :conflicts  :restarts          :learned/bin    :gc          :time)
(sat.stats          :decisions :clauses/bin        :units       :memory       )
(sat.stats      0      0    0 192075/78403     0/0   0       0    76.37   0.00)
 (sat-cleaner :elim-literals 2 :elim-clauses 0 :cost 349483 :time 0.01)
(sat.stats    145    745    0 192072/78401   143/18   2       0    76.94   0.02)
(sat.stats    145    745    0 192072/78401   143/18   2       0    76.94   0.03)
(sat.stats    145    745    0 192072/78401   143/18   2       0    76.94   0.03)
(sat.simplify :simplifications 1)
 (sat-scc :elim-vars 66 :elim-bin 287 :time 0.08)
 (sat-cleaner :elim-literals 2 :elim-clauses 0 :cost 350095 :time 0.01)
(sat.stats    145    745    0 234620/27225   138/13   2       0    99.95   0.23)
(smt.searching)
(smt.stats :restarts     :decisions :clauses/bin/units      :simplify   :memory)
(smt.stats        :conflicts    :propagations       :lemmas      :deletions   )
(smt.stats    0      0      0      0   966/887/12       0/0     0    0   32.39)
(nlsat :conflicts 3 :decisions 0 :propagations 188 :clauses 402 :learned 3)
(nlsat :conflicts 1 :decisions 0 :propagations 74 :clauses 522 :learned 1)
(nlsat :conflicts 1 :decisions 0 :propagations 64 :clauses 613 :learned 1)
(nlsat :conflicts 1 :decisions 0 :propagations 75 :clauses 613 :learned 1)
(nlsat :conflicts 1 :decisions 0 :propagations 145 :clauses 600 :learned 1)
(nlsat :conflicts 1 :decisions 0 :propagations 151 :clauses 621 :learned 1)
(nlsat :conflicts 1 :decisions 0 :propagations 94 :clauses 525 :learned 1)
(nlsat :conflicts 1 :decisions 0 :propagations 82 :clauses 539 :learned 1)
(nlsat :conflicts 1 :decisions 0 :propagations 70 :clauses 461 :learned 1)
(nlsat :conflicts 1 :decisions 0 :propagations 67 :clauses 444 :learned 1)
(nlsat :conflicts 3 :decisions 0 :propagations 81 :clauses 447 :learned 3)
(nlsat :conflicts 1 :decisions 0 :propagations 72 :clauses 447 :learned 1)
(nlsat :conflicts 1 :decisions 0 :propagations 76 :clauses 475 :learned 1)
(nlsat :conflicts 1 :decisions 0 :propagations 72 :clauses 447 :learned 1)
(nlsat :conflicts 1 :decisions 0 :propagations 71 :clauses 451 :learned 1)
(nlsat :conflicts 3 :decisions 0 :propagations 98 :clauses 446 :learned 3)
(nlsat :conflicts 4 :decisions 0 :propagations 85 :clauses 450 :learned 4)
(nlsat :conflicts 2 :decisions 0 :propagations 81 :clauses 460 :learned 2)
(nlsat :conflicts 2 :decisions 0 :propagations 83 :clauses 491 :learned 2)
(nlsat :conflicts 1 :decisions 0 :propagations 81 :clauses 503 :learned 1)
(nlsat :conflicts 2 :decisions 0 :propagations 92 :clauses 483 :learned 2)
(nlsat :conflicts 3 :decisions 0 :propagations 74 :clauses 469 :learned 3)
(nlsat :conflicts 2 :decisions 0 :propagations 99 :clauses 486 :learned 2)
(nlsat :conflicts 1 :decisions 0 :propagations 71 :clauses 465 :learned 1)
(nlsat :conflicts 1 :decisions 0 :propagations 84 :clauses 464 :learned 1)
(smt.stats    0    101   3578   2394  1120/953/12     203/10     1    0   34.94)
(nlsat :conflicts 2 :decisions 0 :propagations 143 :clauses 584 :learned 2)
(nlsat :conflicts 3 :decisions 0 :propagations 145 :clauses 597 :learned 3)
(nlsat :conflicts 2 :decisions 0 :propagations 130 :clauses 594 :learned 2)
(nlsat :conflicts 3 :decisions 0 :propagations 132 :clauses 597 :learned 3)
ramon: poll                 wall=1.000s usage=0.942s mem=107MiB load=0.94 rootload=0.89
(nlsat :conflicts 1 :decisions 0 :propagations 149 :clauses 593 :learned 1)
(smt.stats    1    202   8227   5025  1445/1293/12     487/14     1    0   35.77)
(nlsat :conflicts 2 :decisions 0 :propagations 127 :clauses 539 :learned 2)
(nlsat :conflicts 3 :decisions 0 :propagations 157 :clauses 571 :learned 3)
(nlsat :conflicts 2 :decisions 0 :propagations 133 :clauses 552 :learned 2)
(nlsat :conflicts 1 :decisions 0 :propagations 133 :clauses 539 :learned 1)
(nlsat :conflicts 2 :decisions 0 :propagations 137 :clauses 544 :learned 2)
(nlsat :conflicts 1 :decisions 0 :propagations 161 :clauses 637 :learned 1)
(nlsat :conflicts 1 :decisions 0 :propagations 93 :clauses 654 :learned 1)
(nlsat :conflicts 1 :decisions 0 :propagations 62 :clauses 555 :learned 1)
(nlsat :conflicts 2 :decisions 0 :propagations 143 :clauses 534 :learned 2)
(nlsat :conflicts 1 :decisions 0 :propagations 150 :clauses 556 :learned 1)
(nlsat :conflicts 1 :decisions 0 :propagations 143 :clauses 544 :learned 1)
(nlsat :conflicts 2 :decisions 0 :propagations 131 :clauses 527 :learned 2)
(nlsat :conflicts 2 :decisions 0 :propagations 144 :clauses 540 :learned 2)
(nlsat :conflicts 2 :decisions 0 :propagations 135 :clauses 542 :learned 2)
(nlsat :conflicts 2 :decisions 0 :propagations 165 :clauses 564 :learned 2)
(nlsat :conflicts 3 :decisions 0 :propagations 137 :clauses 528 :learned 3)
(nlsat :conflicts 1 :decisions 0 :propagations 135 :clauses 538 :learned 1)
(nlsat :conflicts 4 :decisions 0 :propagations 134 :clauses 528 :learned 4)
(nlsat :conflicts 1 :decisions 0 :propagations 137 :clauses 560 :learned 1)
(nlsat :conflicts 1 :decisions 0 :propagations 129 :clauses 540 :learned 1)
(nlsat :conflicts 2 :decisions 0 :propagations 146 :clauses 547 :learned 2)
(nlsat :conflicts 2 :decisions 0 :propagations 134 :clauses 549 :learned 2)
(nlsat :conflicts 2 :decisions 0 :propagations 142 :clauses 551 :learned 2)
(nlsat :conflicts 2 :decisions 0 :propagations 143 :clauses 565 :learned 2)
(nlsat :conflicts 1 :decisions 0 :propagations 147 :clauses 592 :learned 1)
(nlsat :conflicts 2 :decisions 0 :propagations 154 :clauses 587 :learned 2)
(nlsat :conflicts 2 :decisions 0 :propagations 150 :clauses 596 :learned 2)
(nlsat :conflicts 3 :decisions 0 :propagations 153 :clauses 602 :learned 3)
(nlsat :conflicts 3 :decisions 0 :propagations 186 :clauses 636 :learned 3)
(nlsat :conflicts 5 :decisions 0 :propagations 181 :clauses 672 :learned 5)
(nlsat :conflicts 2 :decisions 0 :propagations 172 :clauses 688 :learned 2)
(nlsat :conflicts 2 :decisions 0 :propagations 185 :clauses 684 :learned 2)
(nlsat :conflicts 1 :decisions 0 :propagations 211 :clauses 699 :learned 1)
(nlsat :conflicts 3 :decisions 0 :propagations 169 :clauses 688 :learned 3)
(smt.stats    2    313  24458  11100  1504/1323/12     738/22     1    0   37.08)
(nlsat :conflicts 2 :decisions 0 :propagations 215 :clauses 731 :learned 2)
(nlsat :conflicts 4 :decisions 0 :propagations 203 :clauses 741 :learned 4)
ramon: poll                 wall=2.000s usage=1.931s mem=107MiB load=0.99 rootload=0.99
(nlsat :conflicts 6 :decisions 0 :propagations 220 :clauses 741 :learned 6)
(nlsat :conflicts 1 :decisions 0 :propagations 101 :clauses 786 :learned 1)
(nlsat :conflicts 2 :decisions 0 :propagations 204 :clauses 729 :learned 2)
(nlsat :conflicts 2 :decisions 0 :propagations 289 :clauses 866 :learned 2)
(nlsat :conflicts 2 :decisions 0 :propagations 218 :clauses 742 :learned 2)
(smt.stats    3    414  36306  17093  1737/1568/14    1021/34     2    0   38.50)
(nlsat :conflicts 2 :decisions 0 :propagations 174 :clauses 603 :learned 2)
(nlsat :conflicts 2 :decisions 0 :propagations 190 :clauses 605 :learned 2)
(nlsat :conflicts 1 :decisions 0 :propagations 179 :clauses 628 :learned 1)
(nlsat :conflicts 1 :decisions 0 :propagations 180 :clauses 637 :learned 1)
(nlsat :conflicts 4 :decisions 0 :propagations 190 :clauses 621 :learned 4)
(nlsat :conflicts 4 :decisions 0 :propagations 179 :clauses 606 :learned 4)
(nlsat :conflicts 4 :decisions 0 :propagations 222 :clauses 638 :learned 4)
(nlsat :conflicts 4 :decisions 0 :propagations 216 :clauses 643 :learned 4)
(nlsat :conflicts 4 :decisions 0 :propagations 228 :clauses 639 :learned 4)
(nlsat :conflicts 2 :decisions 14 :propagations 26 :clauses 243 :learned 1)
(nlsat :conflicts 100 :decisions 32 :propagations 1200 :clauses 243 :learned 99)
(nlsat :conflicts 200 :decisions 54 :propagations 2461 :clauses 243 :learned 199)
(nlsat-b&b :conflicts 204 :decisions 54 :propagations 2813 :clauses 243 :learned 203)
(nlsat-b&b :conflicts 289 :decisions 97 :propagations 5018 :clauses 243 :learned 295)
(nlsat :conflicts 302 :decisions 120 :propagations 5230 :clauses 243 :learned 314)
(nlsat :conflicts 400 :decisions 162 :propagations 6702 :clauses 243 :learned 412)
(nlsat :conflicts 501 :decisions 199 :propagations 7764 :clauses 243 :learned 513)
ramon: poll                 wall=3.000s usage=2.929s mem=107MiB load=1.00 rootload=1.00
ramon: poll                 wall=4.000s usage=3.927s mem=107MiB load=1.00 rootload=0.99
ramon: poll                 wall=5.000s usage=4.924s mem=107MiB load=1.00 rootload=1.00
(smt.searching)
(smt.stats :restarts     :decisions :clauses/bin/units      :simplify   :memory)
(smt.stats        :conflicts    :propagations       :lemmas      :deletions   )
(smt.stats    0      0      0      0   966/887/12       0/0     0    0   32.42)
(nlsat :conflicts 3 :decisions 0 :propagations 183 :clauses 400 :learned 3)
(nlsat :conflicts 1 :decisions 0 :propagations 54 :clauses 536 :learned 1)
(nlsat :conflicts 1 :decisions 0 :propagations 71 :clauses 558 :learned 1)
(nlsat :conflicts 1 :decisions 0 :propagations 48 :clauses 520 :learned 1)
(nlsat :conflicts 1 :decisions 0 :propagations 49 :clauses 541 :learned 1)
(nlsat :conflicts 1 :decisions 0 :propagations 52 :clauses 525 :learned 1)
(nlsat :conflicts 3 :decisions 0 :propagations 113 :clauses 496 :learned 3)
(nlsat :conflicts 1 :decisions 0 :propagations 78 :clauses 524 :learned 1)
(nlsat :conflicts 1 :decisions 0 :propagations 73 :clauses 449 :learned 1)
(nlsat :conflicts 1 :decisions 0 :propagations 32 :clauses 469 :learned 1)
(nlsat :conflicts 1 :decisions 0 :propagations 82 :clauses 451 :learned 1)
(nlsat :conflicts 4 :decisions 0 :propagations 78 :clauses 425 :learned 4)
(nlsat :conflicts 3 :decisions 0 :propagations 186 :clauses 416 :learned 3)
(nlsat :conflicts 1 :decisions 0 :propagations 105 :clauses 421 :learned 1)
(nlsat :conflicts 2 :decisions 0 :propagations 70 :clauses 426 :learned 2)
ramon: poll                 wall=6.000s usage=5.921s mem=107MiB load=1.00 rootload=1.00
(nlsat :conflicts 1 :decisions 0 :propagations 71 :clauses 441 :learned 1)
(nlsat :conflicts 6 :decisions 0 :propagations 111 :clauses 429 :learned 6)
(nlsat :conflicts 2 :decisions 0 :propagations 30 :clauses 422 :learned 2)
(nlsat :conflicts 2 :decisions 0 :propagations 41 :clauses 445 :learned 2)
(nlsat :conflicts 1 :decisions 0 :propagations 73 :clauses 453 :learned 1)
(nlsat :conflicts 1 :decisions 0 :propagations 77 :clauses 520 :learned 1)
(nlsat :conflicts 1 :decisions 0 :propagations 62 :clauses 486 :learned 1)
(smt.stats    0    101   2694   1961  1126/953/12     209/17     1    0   34.71)
(nlsat :conflicts 1 :decisions 0 :propagations 93 :clauses 549 :learned 1)
(nlsat :conflicts 1 :decisions 0 :propagations 96 :clauses 564 :learned 1)
(nlsat :conflicts 1 :decisions 0 :propagations 80 :clauses 576 :learned 1)
(nlsat :conflicts 1 :decisions 0 :propagations 118 :clauses 588 :learned 1)
(nlsat :conflicts 1 :decisions 0 :propagations 118 :clauses 581 :learned 1)
(nlsat :conflicts 1 :decisions 0 :propagations 106 :clauses 579 :learned 1)
(nlsat :conflicts 1 :decisions 0 :propagations 105 :clauses 581 :learned 1)
(nlsat :conflicts 1 :decisions 0 :propagations 109 :clauses 578 :learned 1)
(nlsat :conflicts 1 :decisions 0 :propagations 108 :clauses 574 :learned 1)
(nlsat :conflicts 1 :decisions 0 :propagations 124 :clauses 616 :learned 1)
(nlsat :conflicts 1 :decisions 0 :propagations 130 :clauses 632 :learned 1)
(nlsat :conflicts 1 :decisions 0 :propagations 119 :clauses 616 :learned 1)
(nlsat :conflicts 1 :decisions 0 :propagations 91 :clauses 586 :learned 1)
(nlsat :conflicts 5 :decisions 0 :propagations 139 :clauses 602 :learned 5)
(nlsat :conflicts 1 :decisions 0 :propagations 115 :clauses 569 :learned 1)
(nlsat :conflicts 1 :decisions 0 :propagations 91 :clauses 577 :learned 1)
(nlsat :conflicts 3 :decisions 0 :propagations 136 :clauses 611 :learned 3)
(nlsat :conflicts 2 :decisions 0 :propagations 127 :clauses 604 :learned 2)
(nlsat :conflicts 1 :decisions 0 :propagations 111 :clauses 588 :learned 1)
(nlsat :conflicts 1 :decisions 0 :propagations 112 :clauses 582 :learned 1)
(nlsat :conflicts 1 :decisions 0 :propagations 65 :clauses 600 :learned 1)
(smt.stats    1    202   6591   4626  1548/1355/12     535/24     1    0   35.61)
(nlsat :conflicts 3 :decisions 0 :propagations 149 :clauses 598 :learned 3)
(nlsat :conflicts 1 :decisions 0 :propagations 138 :clauses 603 :learned 1)
(nlsat :conflicts 1 :decisions 0 :propagations 103 :clauses 620 :learned 1)
(nlsat :conflicts 1 :decisions 0 :propagations 103 :clauses 649 :learned 1)
(nlsat :conflicts 1 :decisions 0 :propagations 108 :clauses 655 :learned 1)
(nlsat :conflicts 1 :decisions 0 :propagations 109 :clauses 649 :learned 1)
(nlsat :conflicts 1 :decisions 0 :propagations 123 :clauses 685 :learned 1)
(nlsat :conflicts 1 :decisions 0 :propagations 124 :clauses 685 :learned 1)
(nlsat :conflicts 1 :decisions 0 :propagations 126 :clauses 683 :learned 1)
(nlsat :conflicts 1 :decisions 0 :propagations 128 :clauses 703 :learned 1)
(nlsat :conflicts 1 :decisions 0 :propagations 128 :clauses 706 :learned 1)
(nlsat :conflicts 1 :decisions 0 :propagations 101 :clauses 646 :learned 1)
(nlsat :conflicts 1 :decisions 0 :propagations 97 :clauses 643 :learned 1)
(nlsat :conflicts 1 :decisions 0 :propagations 104 :clauses 650 :learned 1)
(nlsat :conflicts 1 :decisions 0 :propagations 96 :clauses 651 :learned 1)
(nlsat :conflicts 1 :decisions 0 :propagations 109 :clauses 690 :learned 1)
(nlsat :conflicts 1 :decisions 0 :propagations 93 :clauses 671 :learned 1)
(nlsat :conflicts 1 :decisions 0 :propagations 104 :clauses 657 :learned 1)
(nlsat :conflicts 1 :decisions 0 :propagations 111 :clauses 659 :learned 1)
(nlsat :conflicts 1 :decisions 0 :propagations 95 :clauses 659 :learned 1)
(nlsat :conflicts 1 :decisions 0 :propagations 106 :clauses 671 :learned 1)
(nlsat :conflicts 1 :decisions 0 :propagations 91 :clauses 664 :learned 1)
(nlsat :conflicts 1 :decisions 0 :propagations 95 :clauses 686 :learned 1)
(nlsat :conflicts 1 :decisions 0 :propagations 100 :clauses 671 :learned 1)
ramon: poll                 wall=7.000s usage=6.919s mem=107MiB load=1.00 rootload=0.99
(nlsat :conflicts 1 :decisions 0 :propagations 106 :clauses 698 :learned 1)
(nlsat :conflicts 1 :decisions 0 :propagations 86 :clauses 745 :learned 1)
(nlsat :conflicts 1 :decisions 0 :propagations 88 :clauses 697 :learned 1)
(smt.stats    2    313  21574  11412  1750/1514/12     857/33     1    0   37.35)
(nlsat :conflicts 3 :decisions 0 :propagations 199 :clauses 792 :learned 3)
(nlsat :conflicts 2 :decisions 0 :propagations 194 :clauses 812 :learned 2)
(nlsat :conflicts 2 :decisions 0 :propagations 174 :clauses 788 :learned 2)
(nlsat :conflicts 2 :decisions 0 :propagations 198 :clauses 813 :learned 2)
(nlsat :conflicts 3 :decisions 0 :propagations 209 :clauses 815 :learned 3)
(nlsat :conflicts 3 :decisions 0 :propagations 183 :clauses 815 :learned 3)
(nlsat :conflicts 3 :decisions 0 :propagations 215 :clauses 813 :learned 3)
(smt.stats    3    414  27871  16636  1901/1706/12    1079/38     1    0   37.72)
(nlsat :conflicts 1 :decisions 0 :propagations 162 :clauses 642 :learned 1)
(nlsat :conflicts 1 :decisions 0 :propagations 165 :clauses 644 :learned 1)
(nlsat :conflicts 2 :decisions 0 :propagations 145 :clauses 649 :learned 2)
(nlsat :conflicts 1 :decisions 0 :propagations 193 :clauses 675 :learned 1)
(nlsat :conflicts 5 :decisions 0 :propagations 191 :clauses 664 :learned 5)
(nlsat :conflicts 6 :decisions 0 :propagations 166 :clauses 655 :learned 6)
(nlsat :conflicts 2 :decisions 0 :propagations 186 :clauses 668 :learned 2)
(nlsat :conflicts 1 :decisions 0 :propagations 174 :clauses 642 :learned 1)
(nlsat :conflicts 2 :decisions 0 :propagations 128 :clauses 645 :learned 2)
(nlsat :conflicts 1 :decisions 0 :propagations 183 :clauses 645 :learned 1)
(nlsat :conflicts 2 :decisions 0 :propagations 179 :clauses 644 :learned 2)
(nlsat :conflicts 3 :decisions 0 :propagations 186 :clauses 653 :learned 3)
(nlsat :conflicts 2 :decisions 0 :propagations 189 :clauses 656 :learned 2)
(nlsat :conflicts 5 :decisions 0 :propagations 184 :clauses 648 :learned 5)
(nlsat :conflicts 2 :decisions 0 :propagations 175 :clauses 643 :learned 2)
(nlsat :conflicts 3 :decisions 0 :propagations 175 :clauses 643 :learned 3)
(nlsat :conflicts 3 :decisions 0 :propagations 177 :clauses 645 :learned 3)
(nlsat :conflicts 3 :decisions 0 :propagations 181 :clauses 653 :learned 3)
(nlsat :conflicts 1 :decisions 0 :propagations 220 :clauses 722 :learned 1)
(nlsat :conflicts 5 :decisions 1 :propagations 194 :clauses 694 :learned 5)
ramon: poll                 wall=8.000s usage=7.917s mem=107MiB load=1.00 rootload=1.00
ramon: poll                 wall=9.000s usage=8.916s mem=107MiB load=1.00 rootload=1.00
ramon: poll                 wall=10.024s usage=9.940s mem=107MiB load=1.00 rootload=1.00
ramon: poll                 wall=11.000s usage=10.914s mem=107MiB load=1.00 rootload=0.99
(nlsat :conflicts 1 :decisions 0 :propagations 175 :clauses 668 :learned 1)
(nlsat :conflicts 4 :decisions 0 :propagations 186 :clauses 696 :learned 4)
(nlsat :conflicts 1 :decisions 0 :propagations 178 :clauses 691 :learned 1)
(smt.stats    4    525  40218  21715  1971/1757/18    1360/48     2    1   38.00)
(nlsat :conflicts 3 :decisions 0 :propagations 203 :clauses 782 :learned 3)
(nlsat :conflicts 2 :decisions 0 :propagations 205 :clauses 803 :learned 2)
(nlsat :conflicts 2 :decisions 0 :propagations 199 :clauses 803 :learned 2)
(nlsat :conflicts 3 :decisions 0 :propagations 193 :clauses 801 :learned 3)
(nlsat :conflicts 2 :decisions 0 :propagations 165 :clauses 730 :learned 2)
(nlsat :conflicts 3 :decisions 0 :propagations 156 :clauses 733 :learned 3)
(nlsat :conflicts 2 :decisions 0 :propagations 172 :clauses 741 :learned 2)
(nlsat :conflicts 3 :decisions 0 :propagations 119 :clauses 687 :learned 3)
(nlsat :conflicts 2 :decisions 0 :propagations 119 :clauses 687 :learned 2)
(nlsat :conflicts 2 :decisions 0 :propagations 135 :clauses 725 :learned 2)
(nlsat :conflicts 4 :decisions 0 :propagations 157 :clauses 717 :learned 4)
(nlsat :conflicts 2 :decisions 0 :propagations 157 :clauses 731 :learned 2)
(nlsat :conflicts 3 :decisions 0 :propagations 145 :clauses 719 :learned 3)
(nlsat :conflicts 2 :decisions 0 :propagations 200 :clauses 806 :learned 2)
(nlsat :conflicts 2 :decisions 0 :propagations 199 :clauses 806 :learned 2)
(nlsat :conflicts 3 :decisions 0 :propagations 191 :clauses 807 :learned 3)
(nlsat :conflicts 2 :decisions 0 :propagations 195 :clauses 803 :learned 2)
(nlsat :conflicts 3 :decisions 0 :propagations 137 :clauses 744 :learned 3)
ramon: poll                 wall=12.000s usage=11.913s mem=107MiB load=1.00 rootload=1.00
(nlsat :conflicts 2 :decisions 0 :propagations 146 :clauses 765 :learned 2)
(smt.stats    5    647  56936  30509  2105/1881/18    1633/56     3    3   38.39)
(nlsat :conflicts 2 :decisions 0 :propagations 176 :clauses 753 :learned 2)
(nlsat :conflicts 3 :decisions 0 :propagations 137 :clauses 719 :learned 3)
(nlsat :conflicts 1 :decisions 0 :propagations 183 :clauses 691 :learned 1)
(nlsat :conflicts 2 :decisions 0 :propagations 189 :clauses 735 :learned 2)
(nlsat :conflicts 2 :decisions 0 :propagations 189 :clauses 807 :learned 2)
(nlsat :conflicts 2 :decisions 0 :propagations 220 :clauses 791 :learned 2)
(nlsat :conflicts 3 :decisions 0 :propagations 215 :clauses 803 :learned 3)
(nlsat :conflicts 2 :decisions 0 :propagations 233 :clauses 794 :learned 2)
(nlsat :conflicts 2 :decisions 0 :propagations 214 :clauses 791 :learned 2)
(nlsat :conflicts 2 :decisions 0 :propagations 213 :clauses 793 :learned 2)
(nlsat :conflicts 2 :decisions 0 :propagations 227 :clauses 873 :learned 2)
(nlsat :conflicts 3 :decisions 0 :propagations 232 :clauses 825 :learned 3)
(nlsat :conflicts 2 :decisions 0 :propagations 144 :clauses 701 :learned 2)
(nlsat :conflicts 2 :decisions 0 :propagations 139 :clauses 711 :learned 2)
(nlsat :conflicts 1 :decisions 0 :propagations 143 :clauses 720 :learned 1)
(nlsat :conflicts 2 :decisions 0 :propagations 146 :clauses 711 :learned 2)
(nlsat :conflicts 2 :decisions 0 :propagations 130 :clauses 706 :learned 2)
(smt.stats :restarts :decisions    :clauses/bin/units         :simplify   :memory)
(smt.stats      :conflicts  :propagations         :lemmas          :deletions   )
(smt.stats    6    748  70373  39157  2155/1917/18    1883/61     3    3   39.68)
(nlsat :conflicts 2 :decisions 0 :propagations 146 :clauses 694 :learned 2)
(nlsat :conflicts 3 :decisions 0 :propagations 143 :clauses 684 :learned 3)
(nlsat :conflicts 3 :decisions 0 :propagations 149 :clauses 708 :learned 3)
(nlsat :conflicts 4 :decisions 0 :propagations 169 :clauses 712 :learned 4)
(nlsat :conflicts 4 :decisions 0 :propagations 223 :clauses 772 :learned 4)
(nlsat :conflicts 1 :decisions 0 :propagations 138 :clauses 765 :learned 1)
(nlsat :conflicts 2 :decisions 0 :propagations 221 :clauses 767 :learned 2)
(nlsat :conflicts 2 :decisions 0 :propagations 122 :clauses 688 :learned 2)
(smt.stats    7    859  85658  48951  2253/2009/18    2257/67     3    3   39.97)
(nlsat :conflicts 3 :decisions 0 :propagations 193 :clauses 724 :learned 3)
(nlsat :conflicts 3 :decisions 0 :propagations 187 :clauses 722 :learned 3)
(nlsat :conflicts 3 :decisions 0 :propagations 204 :clauses 721 :learned 3)
(nlsat :conflicts 3 :decisions 0 :propagations 186 :clauses 721 :learned 3)
(smt.stats    8    981 103091  59345  2279/2047/19    2528/73     4    3   40.68)
ramon: poll                 wall=13.000s usage=12.913s mem=107MiB load=1.00 rootload=1.00
(nlsat :conflicts 3 :decisions 0 :propagations 189 :clauses 766 :learned 3)
(smt.stats    9   1115 111700  66946  2285/2051/19    2757/77     4    3   40.60)
(nlsat :conflicts 6 :decisions 0 :propagations 192 :clauses 692 :learned 6)
(nlsat :conflicts 5 :decisions 0 :propagations 175 :clauses 687 :learned 5)
(nlsat :conflicts 6 :decisions 0 :propagations 230 :clauses 740 :learned 6)
(nlsat :conflicts 6 :decisions 0 :propagations 204 :clauses 722 :learned 6)
(nlsat :conflicts 1 :decisions 0 :propagations 114 :clauses 692 :learned 1)
(nlsat :conflicts 1 :decisions 0 :propagations 125 :clauses 688 :learned 1)
(nlsat :conflicts 4 :decisions 0 :propagations 201 :clauses 698 :learned 4)
(nlsat :conflicts 6 :decisions 0 :propagations 194 :clauses 691 :learned 6)
(nlsat :conflicts 6 :decisions 0 :propagations 196 :clauses 692 :learned 6)
(nlsat :conflicts 6 :decisions 0 :propagations 196 :clauses 688 :learned 6)
(nlsat :conflicts 5 :decisions 0 :propagations 234 :clauses 766 :learned 5)
(nlsat :conflicts 6 :decisions 0 :propagations 196 :clauses 686 :learned 6)
(nlsat :conflicts 4 :decisions 0 :propagations 187 :clauses 697 :learned 4)
(nlsat :conflicts 1 :decisions 0 :propagations 120 :clauses 726 :learned 1)
(smt.stats   10   1216 124668  74628  2319/2055/19    3006/82     4    3   41.03)
(nlsat :conflicts 4 :decisions 0 :propagations 171 :clauses 689 :learned 4)
(nlsat :conflicts 3 :decisions 0 :propagations 174 :clauses 704 :learned 3)
(nlsat :conflicts 3 :decisions 0 :propagations 163 :clauses 706 :learned 3)
(nlsat :conflicts 4 :decisions 0 :propagations 172 :clauses 665 :learned 4)
(nlsat :conflicts 6 :decisions 0 :propagations 168 :clauses 668 :learned 6)
(nlsat :conflicts 1 :decisions 0 :propagations 157 :clauses 725 :learned 1)
(nlsat :conflicts 1 :decisions 0 :propagations 140 :clauses 696 :learned 1)
(nlsat :conflicts 1 :decisions 0 :propagations 137 :clauses 711 :learned 1)
(nlsat :conflicts 1 :decisions 0 :propagations 134 :clauses 708 :learned 1)
(nlsat :conflicts 1 :decisions 0 :propagations 151 :clauses 724 :learned 1)
(nlsat :conflicts 1 :decisions 0 :propagations 141 :clauses 730 :learned 1)
(nlsat :conflicts 6 :decisions 0 :propagations 205 :clauses 715 :learned 6)
(nlsat :conflicts 1 :decisions 0 :propagations 171 :clauses 706 :learned 1)
(nlsat :conflicts 1 :decisions 0 :propagations 158 :clauses 684 :learned 1)
(nlsat :conflicts 1 :decisions 0 :propagations 158 :clauses 684 :learned 1)
(nlsat :conflicts 1 :decisions 0 :propagations 207 :clauses 736 :learned 1)
(nlsat :conflicts 6 :decisions 0 :propagations 195 :clauses 740 :learned 6)
(nlsat :conflicts 6 :decisions 0 :propagations 217 :clauses 747 :learned 6)
(nlsat :conflicts 3 :decisions 0 :propagations 206 :clauses 769 :learned 3)
(nlsat :conflicts 3 :decisions 0 :propagations 183 :clauses 730 :learned 3)
(nlsat :conflicts 1 :decisions 0 :propagations 166 :clauses 733 :learned 1)
(nlsat :conflicts 3 :decisions 0 :propagations 182 :clauses 733 :learned 3)
(nlsat :conflicts 1 :decisions 0 :propagations 151 :clauses 717 :learned 1)
(nlsat :conflicts 1 :decisions 0 :propagations 140 :clauses 696 :learned 1)
(nlsat :conflicts 1 :decisions 0 :propagations 147 :clauses 706 :learned 1)
(nlsat :conflicts 1 :decisions 0 :propagations 126 :clauses 709 :learned 1)
(nlsat :conflicts 1 :decisions 0 :propagations 152 :clauses 728 :learned 1)
(nlsat :conflicts 1 :decisions 0 :propagations 146 :clauses 730 :learned 1)
(nlsat :conflicts 1 :decisions 0 :propagations 114 :clauses 811 :learned 1)
(nlsat :conflicts 1 :decisions 0 :propagations 114 :clauses 811 :learned 1)
(nlsat :conflicts 1 :decisions 0 :propagations 162 :clauses 811 :learned 1)
(nlsat :conflicts 1 :decisions 0 :propagations 144 :clauses 761 :learned 1)
(nlsat :conflicts 1 :decisions 0 :propagations 148 :clauses 783 :learned 1)
(nlsat :conflicts 1 :decisions 0 :propagations 142 :clauses 784 :learned 1)
(nlsat :conflicts 2 :decisions 0 :propagations 139 :clauses 777 :learned 2)
(nlsat :conflicts 2 :decisions 0 :propagations 215 :clauses 785 :learned 2)
ramon: poll                 wall=14.000s usage=13.913s mem=107MiB load=1.00 rootload=1.00
(nlsat :conflicts 5 :decisions 0 :propagations 192 :clauses 760 :learned 5)
(smt.stats   11   1327 143157  88286  2397/2159/21    3337/86     6    4   41.91)
(nlsat :conflicts 2 :decisions 0 :propagations 200 :clauses 772 :learned 2)
(nlsat :conflicts 4 :decisions 0 :propagations 206 :clauses 760 :learned 4)
(nlsat :conflicts 6 :decisions 0 :propagations 206 :clauses 754 :learned 6)
(nlsat :conflicts 4 :decisions 0 :propagations 200 :clauses 754 :learned 4)
(nlsat :conflicts 2 :decisions 0 :propagations 200 :clauses 754 :learned 2)
(nlsat :conflicts 1 :decisions 0 :propagations 207 :clauses 756 :learned 1)
(nlsat :conflicts 2 :decisions 0 :propagations 222 :clauses 859 :learned 2)
(nlsat :conflicts 2 :decisions 0 :propagations 219 :clauses 767 :learned 2)
(nlsat :conflicts 1 :decisions 0 :propagations 201 :clauses 778 :learned 1)
(nlsat :conflicts 2 :decisions 0 :propagations 193 :clauses 758 :learned 2)
(nlsat :conflicts 1 :decisions 0 :propagations 193 :clauses 758 :learned 1)
(nlsat :conflicts 1 :decisions 0 :propagations 214 :clauses 770 :learned 1)
(nlsat :conflicts 1 :decisions 0 :propagations 148 :clauses 800 :learned 1)
(nlsat :conflicts 1 :decisions 0 :propagations 150 :clauses 787 :learned 1)
(nlsat :conflicts 1 :decisions 0 :propagations 137 :clauses 764 :learned 1)
(nlsat :conflicts 1 :decisions 0 :propagations 132 :clauses 704 :learned 1)
(nlsat :conflicts 1 :decisions 0 :propagations 135 :clauses 739 :learned 1)
(nlsat :conflicts 1 :decisions 0 :propagations 152 :clauses 716 :learned 1)
(nlsat :conflicts 2 :decisions 0 :propagations 159 :clauses 719 :learned 2)
(smt.stats :restarts :decisions    :clauses/bin/units         :simplify   :memory)
(smt.stats     :conflicts  :propagations          :lemmas          :deletions   )
(smt.stats   12   1449 160529 101460  2433/2174/21    3629/88     6    4   42.34)
(smt.stats   13   1583 166348 106905  2446/2193/21    3926/89     6    4   42.53)
(nlsat :conflicts 1 :decisions 0 :propagations 223 :clauses 766 :learned 1)
(nlsat :conflicts 1 :decisions 0 :propagations 218 :clauses 766 :learned 1)
(nlsat :conflicts 1 :decisions 0 :propagations 228 :clauses 764 :learned 1)
(smt.stats   14   1730 176754 118781  2462/2207/21    4285/93     6    4   43.05)
(nlsat :conflicts 1 :decisions 0 :propagations 179 :clauses 756 :learned 1)
(nlsat :conflicts 1 :decisions 0 :propagations 151 :clauses 754 :learned 1)
(nlsat :conflicts 11 :decisions 0 :propagations 179 :clauses 726 :learned 11)
(nlsat :conflicts 2 :decisions 0 :propagations 170 :clauses 735 :learned 2)
(nlsat :conflicts 1 :decisions 0 :propagations 174 :clauses 734 :learned 1)
(nlsat :conflicts 1 :decisions 0 :propagations 160 :clauses 736 :learned 1)
(nlsat :conflicts 2 :decisions 0 :propagations 179 :clauses 731 :learned 2)
ramon: poll                 wall=15.000s usage=14.913s mem=107MiB load=1.00 rootload=1.00
(nlsat :conflicts 1 :decisions 0 :propagations 237 :clauses 851 :learned 1)
(nlsat :conflicts 1 :decisions 0 :propagations 212 :clauses 837 :learned 1)
(nlsat :conflicts 2 :decisions 0 :propagations 246 :clauses 839 :learned 2)
(nlsat :conflicts 7 :decisions 0 :propagations 212 :clauses 750 :learned 7)
(nlsat :conflicts 9 :decisions 0 :propagations 222 :clauses 831 :learned 9)
(nlsat :conflicts 2 :decisions 0 :propagations 186 :clauses 740 :learned 2)
(smt.stats   15   1831 184723 127331  2472/2224/21    4482/95     6    4   43.37)
(nlsat :conflicts 1 :decisions 0 :propagations 153 :clauses 712 :learned 1)
(nlsat :conflicts 2 :decisions 0 :propagations 159 :clauses 716 :learned 2)
(nlsat :conflicts 5 :decisions 0 :propagations 218 :clauses 768 :learned 5)
(nlsat :conflicts 2 :decisions 0 :propagations 248 :clauses 807 :learned 2)
(nlsat :conflicts 3 :decisions 0 :propagations 233 :clauses 787 :learned 3)
(smt.stats   16   1942 197481 136651  2511/2243/21    4838/99     6    4   43.37)
(nlsat :conflicts 1 :decisions 0 :propagations 210 :clauses 859 :learned 1)
(nlsat :conflicts 2 :decisions 0 :propagations 164 :clauses 800 :learned 2)
(nlsat :conflicts 8 :decisions 0 :propagations 284 :clauses 844 :learned 8)
(nlsat :conflicts 3 :decisions 0 :propagations 279 :clauses 826 :learned 3)
(nlsat :conflicts 4 :decisions 0 :propagations 241 :clauses 833 :learned 4)
(nlsat :conflicts 3 :decisions 0 :propagations 223 :clauses 871 :learned 3)
(nlsat :conflicts 2 :decisions 0 :propagations 258 :clauses 838 :learned 2)
(nlsat :conflicts 4 :decisions 0 :propagations 241 :clauses 827 :learned 4)
(nlsat :conflicts 4 :decisions 0 :propagations 242 :clauses 807 :learned 4)
(nlsat :conflicts 4 :decisions 0 :propagations 264 :clauses 829 :learned 4)
(nlsat :conflicts 4 :decisions 0 :propagations 251 :clauses 823 :learned 4)
(nlsat :conflicts 4 :decisions 0 :propagations 248 :clauses 832 :learned 4)
(nlsat :conflicts 6 :decisions 0 :propagations 283 :clauses 906 :learned 6)
(nlsat :conflicts 6 :decisions 0 :propagations 315 :clauses 891 :learned 6)
(nlsat :conflicts 4 :decisions 0 :propagations 242 :clauses 873 :learned 4)
(nlsat :conflicts 2 :decisions 0 :propagations 261 :clauses 834 :learned 2)
(nlsat :conflicts 4 :decisions 0 :propagations 258 :clauses 821 :learned 4)
(nlsat :conflicts 6 :decisions 0 :propagations 253 :clauses 851 :learned 6)
(nlsat :conflicts 4 :decisions 0 :propagations 225 :clauses 810 :learned 4)
(nlsat :conflicts 4 :decisions 0 :propagations 225 :clauses 810 :learned 4)
ramon: poll                 wall=16.000s usage=15.912s mem=107MiB load=1.00 rootload=1.00
(nlsat :conflicts 5 :decisions 0 :propagations 277 :clauses 888 :learned 5)
(nlsat :conflicts 1 :decisions 0 :propagations 255 :clauses 854 :learned 1)
(nlsat :conflicts 4 :decisions 0 :propagations 236 :clauses 882 :learned 4)
(nlsat :conflicts 5 :decisions 0 :propagations 240 :clauses 884 :learned 5)
(nlsat :conflicts 4 :decisions 0 :propagations 226 :clauses 865 :learned 4)
(nlsat :conflicts 5 :decisions 0 :propagations 225 :clauses 879 :learned 5)
(nlsat :conflicts 5 :decisions 0 :propagations 236 :clauses 868 :learned 5)
(nlsat :conflicts 4 :decisions 0 :propagations 235 :clauses 882 :learned 4)
(nlsat :conflicts 4 :decisions 0 :propagations 230 :clauses 884 :learned 4)
(smt.stats   17   2064 212699 149483  2565/2274/26    5184/111     7    5   44.40)
(nlsat :conflicts 4 :decisions 0 :propagations 251 :clauses 826 :learned 4)
(nlsat :conflicts 5 :decisions 0 :propagations 205 :clauses 847 :learned 5)
(nlsat :conflicts 3 :decisions 0 :propagations 211 :clauses 849 :learned 3)
(nlsat :conflicts 3 :decisions 0 :propagations 168 :clauses 764 :learned 3)
(nlsat :conflicts 3 :decisions 0 :propagations 198 :clauses 774 :learned 3)
(nlsat :conflicts 4 :decisions 0 :propagations 183 :clauses 767 :learned 4)
(nlsat :conflicts 5 :decisions 0 :propagations 200 :clauses 782 :learned 5)
(nlsat :conflicts 1 :decisions 0 :propagations 195 :clauses 785 :learned 1)
(nlsat :conflicts 5 :decisions 0 :propagations 185 :clauses 767 :learned 5)
(nlsat :conflicts 5 :decisions 0 :propagations 189 :clauses 773 :learned 5)
(nlsat :conflicts 4 :decisions 0 :propagations 193 :clauses 758 :learned 4)
(nlsat :conflicts 2 :decisions 0 :propagations 204 :clauses 772 :learned 2)
(nlsat :conflicts 3 :decisions 0 :propagations 193 :clauses 754 :learned 3)
(nlsat :conflicts 4 :decisions 0 :propagations 213 :clauses 758 :learned 4)
(nlsat :conflicts 4 :decisions 0 :propagations 219 :clauses 791 :learned 4)
(nlsat :conflicts 4 :decisions 0 :propagations 196 :clauses 800 :learned 4)
(nlsat :conflicts 5 :decisions 0 :propagations 184 :clauses 789 :learned 5)
(nlsat :conflicts 4 :decisions 0 :propagations 195 :clauses 787 :learned 4)
(nlsat :conflicts 4 :decisions 0 :propagations 203 :clauses 819 :learned 4)
(nlsat :conflicts 4 :decisions 0 :propagations 235 :clauses 851 :learned 4)
(nlsat :conflicts 1 :decisions 0 :propagations 192 :clauses 823 :learned 1)
(nlsat :conflicts 1 :decisions 0 :propagations 182 :clauses 798 :learned 1)
(nlsat :conflicts 1 :decisions 0 :propagations 182 :clauses 795 :learned 1)
(nlsat :conflicts 1 :decisions 0 :propagations 190 :clauses 833 :learned 1)
(nlsat :conflicts 9 :decisions 0 :propagations 242 :clauses 844 :learned 9)
(nlsat :conflicts 1 :decisions 0 :propagations 188 :clauses 835 :learned 1)
(nlsat :conflicts 1 :decisions 0 :propagations 171 :clauses 798 :learned 1)
(nlsat :conflicts 3 :decisions 0 :propagations 205 :clauses 802 :learned 3)
ramon: poll                 wall=17.016s usage=16.928s mem=107MiB load=1.00 rootload=0.99
(nlsat :conflicts 2 :decisions 0 :propagations 199 :clauses 878 :learned 2)
(nlsat :conflicts 1 :decisions 0 :propagations 173 :clauses 801 :learned 1)
(nlsat :conflicts 2 :decisions 0 :propagations 155 :clauses 779 :learned 2)
(nlsat :conflicts 5 :decisions 0 :propagations 187 :clauses 790 :learned 5)
(nlsat :conflicts 3 :decisions 0 :propagations 191 :clauses 803 :learned 3)
(nlsat :conflicts 5 :decisions 0 :propagations 202 :clauses 822 :learned 5)
(nlsat :conflicts 5 :decisions 0 :propagations 235 :clauses 874 :learned 5)
(nlsat :conflicts 5 :decisions 0 :propagations 200 :clauses 815 :learned 5)
(nlsat :conflicts 1 :decisions 0 :propagations 188 :clauses 814 :learned 1)
(nlsat :conflicts 3 :decisions 0 :propagations 187 :clauses 816 :learned 3)
(nlsat :conflicts 3 :decisions 0 :propagations 192 :clauses 800 :learned 3)
(nlsat :conflicts 3 :decisions 0 :propagations 195 :clauses 804 :learned 3)
(nlsat :conflicts 1 :decisions 0 :propagations 163 :clauses 798 :learned 1)
(nlsat :conflicts 2 :decisions 0 :propagations 144 :clauses 770 :learned 2)
(nlsat :conflicts 1 :decisions 0 :propagations 152 :clauses 785 :learned 1)
(nlsat :conflicts 3 :decisions 0 :propagations 184 :clauses 785 :learned 3)
ramon: poll                 wall=18.000s usage=17.912s mem=107MiB load=1.00 rootload=1.01
(nlsat :conflicts 2 :decisions 0 :propagations 147 :clauses 779 :learned 2)
(nlsat :conflicts 3 :decisions 0 :propagations 180 :clauses 778 :learned 3)
(nlsat :conflicts 3 :decisions 0 :propagations 180 :clauses 779 :learned 3)
(nlsat :conflicts 3 :decisions 0 :propagations 186 :clauses 793 :learned 3)
(nlsat :conflicts 5 :decisions 0 :propagations 204 :clauses 806 :learned 5)
(nlsat :conflicts 5 :decisions 0 :propagations 200 :clauses 808 :learned 5)
(nlsat :conflicts 3 :decisions 0 :propagations 209 :clauses 816 :learned 3)
(nlsat :conflicts 2 :decisions 0 :propagations 176 :clauses 844 :learned 2)
(nlsat :conflicts 5 :decisions 0 :propagations 225 :clauses 844 :learned 5)
(nlsat :conflicts 3 :decisions 0 :propagations 210 :clauses 806 :learned 3)
(nlsat :conflicts 5 :decisions 0 :propagations 219 :clauses 814 :learned 5)
(nlsat :conflicts 4 :decisions 0 :propagations 199 :clauses 810 :learned 4)
(nlsat :conflicts 5 :decisions 0 :propagations 198 :clauses 811 :learned 5)
(smt.stats   18   2198 235402 170231  2674/2362/26    5722/129     8    5   45.24)
(nlsat :conflicts 4 :decisions 0 :propagations 223 :clauses 857 :learned 4)
(nlsat :conflicts 2 :decisions 0 :propagations 177 :clauses 853 :learned 2)
(nlsat :conflicts 1 :decisions 0 :propagations 145 :clauses 787 :learned 1)
(nlsat :conflicts 1 :decisions 0 :propagations 159 :clauses 839 :learned 1)
(nlsat :conflicts 1 :decisions 0 :propagations 162 :clauses 821 :learned 1)
(nlsat :conflicts 1 :decisions 0 :propagations 142 :clauses 818 :learned 1)
(nlsat :conflicts 2 :decisions 0 :propagations 163 :clauses 859 :learned 2)
(nlsat :conflicts 1 :decisions 0 :propagations 192 :clauses 919 :learned 1)
(nlsat :conflicts 1 :decisions 0 :propagations 146 :clauses 843 :learned 1)
(nlsat :conflicts 2 :decisions 0 :propagations 148 :clauses 864 :learned 2)
(nlsat :conflicts 1 :decisions 0 :propagations 163 :clauses 885 :learned 1)
(nlsat :conflicts 2 :decisions 0 :propagations 161 :clauses 885 :learned 2)
(nlsat :conflicts 1 :decisions 0 :propagations 163 :clauses 884 :learned 1)
(nlsat :conflicts 2 :decisions 0 :propagations 161 :clauses 886 :learned 2)
(nlsat :conflicts 2 :decisions 0 :propagations 157 :clauses 884 :learned 2)
(nlsat :conflicts 1 :decisions 0 :propagations 163 :clauses 884 :learned 1)
(nlsat :conflicts 1 :decisions 0 :propagations 163 :clauses 884 :learned 1)
(nlsat :conflicts 1 :decisions 0 :propagations 163 :clauses 884 :learned 1)
(nlsat :conflicts 1 :decisions 0 :propagations 159 :clauses 887 :learned 1)
(nlsat :conflicts 1 :decisions 0 :propagations 155 :clauses 858 :learned 1)
(nlsat :conflicts 2 :decisions 0 :propagations 178 :clauses 884 :learned 2)
(nlsat :conflicts 1 :decisions 0 :propagations 183 :clauses 883 :learned 1)
(nlsat :conflicts 1 :decisions 0 :propagations 174 :clauses 877 :learned 1)
(nlsat :conflicts 2 :decisions 0 :propagations 175 :clauses 871 :learned 2)
(nlsat :conflicts 2 :decisions 0 :propagations 161 :clauses 873 :learned 2)
(nlsat :conflicts 1 :decisions 0 :propagations 195 :clauses 925 :learned 1)
(nlsat :conflicts 2 :decisions 0 :propagations 201 :clauses 924 :learned 2)
(nlsat :conflicts 2 :decisions 0 :propagations 190 :clauses 924 :learned 2)
(nlsat :conflicts 1 :decisions 0 :propagations 211 :clauses 944 :learned 1)
(nlsat :conflicts 1 :decisions 0 :propagations 91 :clauses 1027 :learned 1)
(nlsat :conflicts 2 :decisions 0 :propagations 160 :clauses 859 :learned 2)
(nlsat :conflicts 1 :decisions 0 :propagations 162 :clauses 861 :learned 1)
(nlsat :conflicts 3 :decisions 0 :propagations 216 :clauses 955 :learned 3)
(nlsat :conflicts 2 :decisions 0 :propagations 147 :clauses 853 :learned 2)
(nlsat :conflicts 1 :decisions 0 :propagations 159 :clauses 864 :learned 1)
(nlsat :conflicts 2 :decisions 0 :propagations 159 :clauses 887 :learned 2)
(nlsat :conflicts 3 :decisions 0 :propagations 191 :clauses 828 :learned 3)
(nlsat :conflicts 1 :decisions 0 :propagations 185 :clauses 898 :learned 1)
(nlsat :conflicts 1 :decisions 0 :propagations 153 :clauses 854 :learned 1)
(nlsat :conflicts 2 :decisions 0 :propagations 176 :clauses 900 :learned 2)
(nlsat :conflicts 2 :decisions 0 :propagations 155 :clauses 865 :learned 2)
(nlsat :conflicts 2 :decisions 0 :propagations 215 :clauses 999 :learned 2)
(nlsat :conflicts 4 :decisions 0 :propagations 255 :clauses 955 :learned 4)
(nlsat :conflicts 1 :decisions 0 :propagations 246 :clauses 1002 :learned 1)
(nlsat :conflicts 2 :decisions 0 :propagations 243 :clauses 998 :learned 2)
(nlsat :conflicts 1 :decisions 0 :propagations 216 :clauses 959 :learned 1)
(nlsat :conflicts 1 :decisions 0 :propagations 193 :clauses 938 :learned 1)
(nlsat :conflicts 1 :decisions 0 :propagations 63 :clauses 1087 :learned 1)
(nlsat :conflicts 2 :decisions 0 :propagations 236 :clauses 1056 :learned 2)
(nlsat :conflicts 1 :decisions 0 :propagations 234 :clauses 1038 :learned 1)
(nlsat :conflicts 4 :decisions 0 :propagations 256 :clauses 1012 :learned 4)
(nlsat :conflicts 1 :decisions 0 :propagations 210 :clauses 1014 :learned 1)
ramon: poll                 wall=19.000s usage=18.912s mem=107MiB load=1.00 rootload=1.00
(nlsat :conflicts 3 :decisions 0 :propagations 283 :clauses 1012 :learned 3)
(nlsat :conflicts 2 :decisions 0 :propagations 211 :clauses 1014 :learned 2)
(nlsat :conflicts 3 :decisions 0 :propagations 277 :clauses 976 :learned 3)
(nlsat :conflicts 5 :decisions 0 :propagations 314 :clauses 1031 :learned 5)
(nlsat :conflicts 5 :decisions 0 :propagations 311 :clauses 1031 :learned 5)
(nlsat :conflicts 3 :decisions 0 :propagations 281 :clauses 979 :learned 3)
(nlsat :conflicts 5 :decisions 0 :propagations 278 :clauses 999 :learned 5)
(nlsat :conflicts 7 :decisions 0 :propagations 289 :clauses 999 :learned 7)
(nlsat :conflicts 5 :decisions 0 :propagations 278 :clauses 975 :learned 5)
(nlsat :conflicts 1 :decisions 0 :propagations 308 :clauses 1013 :learned 1)
(smt.stats   19   2345 255675 193793  2860/2437/26    6175/130     8    5   46.99)
(nlsat :conflicts 1 :decisions 0 :propagations 264 :clauses 1039 :learned 1)
(nlsat :conflicts 1 :decisions 0 :propagations 219 :clauses 995 :learned 1)
(nlsat :conflicts 2 :decisions 0 :propagations 230 :clauses 1000 :learned 2)
(nlsat :conflicts 2 :decisions 0 :propagations 215 :clauses 997 :learned 2)
(nlsat :conflicts 1 :decisions 0 :propagations 235 :clauses 1057 :learned 1)
(nlsat :conflicts 1 :decisions 0 :propagations 238 :clauses 1057 :learned 1)
(nlsat :conflicts 1 :decisions 0 :propagations 225 :clauses 1006 :learned 1)
(nlsat :conflicts 1 :decisions 0 :propagations 248 :clauses 1061 :learned 1)
(nlsat :conflicts 1 :decisions 0 :propagations 218 :clauses 1029 :learned 1)
(nlsat :conflicts 1 :decisions 0 :propagations 185 :clauses 998 :learned 1)
(nlsat :conflicts 1 :decisions 0 :propagations 223 :clauses 1051 :learned 1)
(nlsat :conflicts 1 :decisions 0 :propagations 242 :clauses 1058 :learned 1)
(nlsat :conflicts 1 :decisions 0 :propagations 246 :clauses 1061 :learned 1)
(nlsat :conflicts 1 :decisions 0 :propagations 283 :clauses 1102 :learned 1)
(nlsat :conflicts 6 :decisions 0 :propagations 288 :clauses 1021 :learned 6)
(nlsat :conflicts 6 :decisions 0 :propagations 305 :clauses 1035 :learned 6)
(nlsat :conflicts 1 :decisions 0 :propagations 202 :clauses 1033 :learned 1)
(nlsat :conflicts 2 :decisions 0 :propagations 220 :clauses 1031 :learned 2)
(nlsat :conflicts 4 :decisions 0 :propagations 302 :clauses 1029 :learned 4)
(nlsat :conflicts 5 :decisions 0 :propagations 288 :clauses 1052 :learned 5)
(nlsat :conflicts 2 :decisions 0 :propagations 226 :clauses 1083 :learned 2)
(nlsat :conflicts 3 :decisions 0 :propagations 196 :clauses 911 :learned 3)
(nlsat :conflicts 3 :decisions 0 :propagations 184 :clauses 892 :learned 3)
(nlsat :conflicts 2 :decisions 0 :propagations 196 :clauses 902 :learned 2)
(nlsat :conflicts 1 :decisions 0 :propagations 211 :clauses 972 :learned 1)
(nlsat :conflicts 7 :decisions 0 :propagations 260 :clauses 967 :learned 7)
(nlsat :conflicts 1 :decisions 0 :propagations 167 :clauses 921 :learned 1)
(nlsat :conflicts 2 :decisions 0 :propagations 162 :clauses 916 :learned 2)
(nlsat :conflicts 2 :decisions 0 :propagations 171 :clauses 931 :learned 2)
(nlsat :conflicts 3 :decisions 0 :propagations 183 :clauses 916 :learned 3)
(nlsat :conflicts 1 :decisions 0 :propagations 152 :clauses 917 :learned 1)
(nlsat :conflicts 3 :decisions 0 :propagations 193 :clauses 926 :learned 3)
(nlsat :conflicts 5 :decisions 0 :propagations 210 :clauses 927 :learned 5)
(nlsat :conflicts 3 :decisions 0 :propagations 204 :clauses 925 :learned 3)
(nlsat :conflicts 2 :decisions 0 :propagations 237 :clauses 968 :learned 2)
(nlsat :conflicts 1 :decisions 0 :propagations 152 :clauses 932 :learned 1)
(nlsat :conflicts 4 :decisions 0 :propagations 200 :clauses 932 :learned 4)
(nlsat :conflicts 3 :decisions 0 :propagations 207 :clauses 928 :learned 3)
(nlsat :conflicts 5 :decisions 0 :propagations 218 :clauses 905 :learned 5)
(nlsat :conflicts 5 :decisions 0 :propagations 197 :clauses 916 :learned 5)
(nlsat :conflicts 5 :decisions 0 :propagations 205 :clauses 920 :learned 5)
(nlsat :conflicts 2 :decisions 0 :propagations 159 :clauses 911 :learned 2)
(nlsat :conflicts 3 :decisions 0 :propagations 175 :clauses 916 :learned 3)
(nlsat :conflicts 2 :decisions 0 :propagations 195 :clauses 1014 :learned 2)
(nlsat :conflicts 2 :decisions 0 :propagations 195 :clauses 1007 :learned 2)
(nlsat :conflicts 2 :decisions 0 :propagations 195 :clauses 993 :learned 2)
(nlsat :conflicts 1 :decisions 0 :propagations 192 :clauses 993 :learned 1)
(nlsat :conflicts 1 :decisions 0 :propagations 199 :clauses 995 :learned 1)
(nlsat :conflicts 1 :decisions 0 :propagations 196 :clauses 993 :learned 1)
(nlsat :conflicts 1 :decisions 0 :propagations 200 :clauses 1005 :learned 1)
(nlsat :conflicts 1 :decisions 0 :propagations 208 :clauses 1017 :learned 1)
(nlsat :conflicts 3 :decisions 0 :propagations 249 :clauses 1005 :learned 3)
(nlsat :conflicts 1 :decisions 0 :propagations 170 :clauses 923 :learned 1)
ramon: poll                 wall=20.000s usage=19.912s mem=107MiB load=1.00 rootload=1.00
(nlsat :conflicts 3 :decisions 0 :propagations 205 :clauses 921 :learned 3)
(nlsat :conflicts 1 :decisions 0 :propagations 168 :clauses 913 :learned 1)
(nlsat :conflicts 1 :decisions 0 :propagations 167 :clauses 912 :learned 1)
(nlsat :conflicts 1 :decisions 0 :propagations 164 :clauses 907 :learned 1)
(nlsat :conflicts 1 :decisions 0 :propagations 164 :clauses 907 :learned 1)
(nlsat :conflicts 2 :decisions 0 :propagations 219 :clauses 983 :learned 2)
(nlsat :conflicts 1 :decisions 0 :propagations 168 :clauses 913 :learned 1)
(nlsat :conflicts 1 :decisions 0 :propagations 171 :clauses 919 :learned 1)
(nlsat :conflicts 1 :decisions 0 :propagations 179 :clauses 927 :learned 1)
(nlsat :conflicts 1 :decisions 0 :propagations 172 :clauses 939 :learned 1)
(nlsat :conflicts 3 :decisions 0 :propagations 203 :clauses 938 :learned 3)
(nlsat :conflicts 1 :decisions 0 :propagations 174 :clauses 938 :learned 1)
(nlsat :conflicts 1 :decisions 0 :propagations 170 :clauses 938 :learned 1)
(nlsat :conflicts 1 :decisions 0 :propagations 174 :clauses 938 :learned 1)
(nlsat :conflicts 3 :decisions 0 :propagations 214 :clauses 948 :learned 3)
(nlsat :conflicts 2 :decisions 0 :propagations 182 :clauses 953 :learned 2)
(nlsat :conflicts 1 :decisions 0 :propagations 167 :clauses 957 :learned 1)
(nlsat :conflicts 3 :decisions 0 :propagations 198 :clauses 941 :learned 3)
(nlsat :conflicts 3 :decisions 0 :propagations 200 :clauses 940 :learned 3)
(nlsat :conflicts 3 :decisions 0 :propagations 249 :clauses 1033 :learned 3)
(nlsat :conflicts 1 :decisions 0 :propagations 220 :clauses 1043 :learned 1)
(nlsat :conflicts 2 :decisions 0 :propagations 129 :clauses 1060 :learned 2)
(nlsat :conflicts 1 :decisions 0 :propagations 137 :clauses 1060 :learned 1)
(nlsat :conflicts 2 :decisions 0 :propagations 219 :clauses 1060 :learned 2)
(nlsat :conflicts 1 :decisions 0 :propagations 75 :clauses 1122 :learned 1)
(nlsat :conflicts 3 :decisions 0 :propagations 254 :clauses 1024 :learned 3)
(nlsat :conflicts 3 :decisions 0 :propagations 231 :clauses 1022 :learned 3)
(nlsat :conflicts 1 :decisions 0 :propagations 233 :clauses 1045 :learned 1)
(nlsat :conflicts 2 :decisions 0 :propagations 189 :clauses 1014 :learned 2)
(nlsat :conflicts 2 :decisions 0 :propagations 195 :clauses 1008 :learned 2)
(nlsat :conflicts 2 :decisions 0 :propagations 191 :clauses 1002 :learned 2)
(nlsat :conflicts 2 :decisions 0 :propagations 231 :clauses 1062 :learned 2)
(nlsat :conflicts 2 :decisions 0 :propagations 210 :clauses 1028 :learned 2)
(nlsat :conflicts 2 :decisions 0 :propagations 207 :clauses 1031 :learned 2)
(nlsat :conflicts 2 :decisions 0 :propagations 203 :clauses 1011 :learned 2)
(nlsat :conflicts 1 :decisions 0 :propagations 203 :clauses 1025 :learned 1)
(nlsat :conflicts 2 :decisions 0 :propagations 214 :clauses 1065 :learned 2)
(nlsat :conflicts 1 :decisions 0 :propagations 213 :clauses 1056 :learned 1)
(nlsat :conflicts 1 :decisions 0 :propagations 224 :clauses 1076 :learned 1)
(nlsat :conflicts 3 :decisions 0 :propagations 228 :clauses 1033 :learned 3)
(nlsat :conflicts 1 :decisions 0 :propagations 206 :clauses 1029 :learned 1)
(nlsat :conflicts 1 :decisions 0 :propagations 207 :clauses 1053 :learned 1)
(nlsat :conflicts 3 :decisions 0 :propagations 249 :clauses 1051 :learned 3)
(nlsat :conflicts 2 :decisions 0 :propagations 188 :clauses 1045 :learned 2)
(smt.stats   20   2506 293200 240594  2929/2638/26    6875/131     8    5   48.12)
(nlsat :conflicts 2 :decisions 0 :propagations 217 :clauses 1026 :learned 2)
(nlsat :conflicts 2 :decisions 0 :propagations 212 :clauses 1028 :learned 2)
(nlsat :conflicts 1 :decisions 0 :propagations 216 :clauses 1043 :learned 1)
(nlsat :conflicts 1 :decisions 0 :propagations 231 :clauses 1060 :learned 1)
(nlsat :conflicts 2 :decisions 0 :propagations 228 :clauses 1062 :learned 2)
(nlsat :conflicts 1 :decisions 0 :propagations 230 :clauses 1058 :learned 1)
(nlsat :conflicts 2 :decisions 0 :propagations 228 :clauses 1056 :learned 2)
(nlsat :conflicts 2 :decisions 0 :propagations 227 :clauses 1058 :learned 2)
(nlsat :conflicts 5 :decisions 0 :propagations 307 :clauses 1062 :learned 5)
(nlsat :conflicts 1 :decisions 0 :propagations 310 :clauses 1081 :learned 1)
(nlsat :conflicts 2 :decisions 0 :propagations 246 :clauses 1092 :learned 2)
(nlsat :conflicts 1 :decisions 0 :propagations 200 :clauses 1007 :learned 1)
(smt.stats   21   2607 302374 254938  2964/2688/26    7125/132     8    5   48.93)
(nlsat :conflicts 4 :decisions 0 :propagations 252 :clauses 984 :learned 4)
(nlsat :conflicts 1 :decisions 0 :propagations 247 :clauses 1047 :learned 1)
(nlsat :conflicts 2 :decisions 0 :propagations 250 :clauses 1049 :learned 2)
(nlsat :conflicts 1 :decisions 0 :propagations 248 :clauses 1049 :learned 1)
(nlsat :conflicts 2 :decisions 0 :propagations 240 :clauses 1049 :learned 2)
(nlsat :conflicts 4 :decisions 0 :propagations 278 :clauses 1053 :learned 4)
ramon: poll                 wall=21.000s usage=20.912s mem=107MiB load=1.00 rootload=1.00
(nlsat :conflicts 2 :decisions 0 :propagations 180 :clauses 996 :learned 2)
(nlsat :conflicts 2 :decisions 0 :propagations 180 :clauses 996 :learned 2)
(nlsat :conflicts 2 :decisions 0 :propagations 226 :clauses 1028 :learned 2)
(nlsat :conflicts 2 :decisions 0 :propagations 219 :clauses 1023 :learned 2)
(nlsat :conflicts 2 :decisions 0 :propagations 231 :clauses 1022 :learned 2)
(nlsat :conflicts 1 :decisions 0 :propagations 200 :clauses 1005 :learned 1)
(nlsat :conflicts 4 :decisions 0 :propagations 213 :clauses 1002 :learned 4)
(nlsat :conflicts 4 :decisions 0 :propagations 227 :clauses 1024 :learned 4)
(nlsat :conflicts 2 :decisions 0 :propagations 197 :clauses 1012 :learned 2)
(nlsat :conflicts 4 :decisions 0 :propagations 246 :clauses 1002 :learned 4)
(nlsat :conflicts 4 :decisions 0 :propagations 227 :clauses 1024 :learned 4)
(nlsat :conflicts 4 :decisions 0 :propagations 246 :clauses 1002 :learned 4)
(nlsat :conflicts 1 :decisions 0 :propagations 195 :clauses 984 :learned 1)
(nlsat :conflicts 2 :decisions 0 :propagations 203 :clauses 1011 :learned 2)
(nlsat :conflicts 1 :decisions 0 :propagations 213 :clauses 1023 :learned 1)
(nlsat :conflicts 2 :decisions 0 :propagations 204 :clauses 969 :learned 2)
(nlsat :conflicts 1 :decisions 0 :propagations 209 :clauses 996 :learned 1)
(nlsat :conflicts 4 :decisions 0 :propagations 215 :clauses 984 :learned 4)
(nlsat :conflicts 2 :decisions 0 :propagations 233 :clauses 1011 :learned 2)
(nlsat :conflicts 2 :decisions 0 :propagations 231 :clauses 989 :learned 2)
(nlsat :conflicts 3 :decisions 0 :propagations 248 :clauses 992 :learned 3)
(nlsat :conflicts 2 :decisions 0 :propagations 238 :clauses 972 :learned 2)
(nlsat :conflicts 3 :decisions 0 :propagations 236 :clauses 995 :learned 3)
(nlsat :conflicts 2 :decisions 0 :propagations 222 :clauses 973 :learned 2)
(nlsat :conflicts 1 :decisions 0 :propagations 248 :clauses 1034 :learned 1)
(smt.stats   22   2718 318157 276337  2971/2699/26    7525/132     8    5   49.65)
(nlsat :conflicts 2 :decisions 0 :propagations 237 :clauses 994 :learned 2)
(nlsat :conflicts 2 :decisions 0 :propagations 245 :clauses 995 :learned 2)
(nlsat :conflicts 2 :decisions 0 :propagations 254 :clauses 999 :learned 2)
(nlsat :conflicts 1 :decisions 0 :propagations 185 :clauses 992 :learned 1)
(nlsat :conflicts 5 :decisions 0 :propagations 252 :clauses 1037 :learned 5)
(nlsat :conflicts 1 :decisions 0 :propagations 269 :clauses 1035 :learned 1)
(nlsat :conflicts 2 :decisions 0 :propagations 231 :clauses 1013 :learned 2)
(nlsat :conflicts 1 :decisions 0 :propagations 221 :clauses 1003 :learned 1)
(nlsat :conflicts 1 :decisions 0 :propagations 194 :clauses 1008 :learned 1)
(nlsat :conflicts 1 :decisions 0 :propagations 192 :clauses 1010 :learned 1)
(nlsat :conflicts 1 :decisions 0 :propagations 205 :clauses 1018 :learned 1)
(nlsat :conflicts 1 :decisions 0 :propagations 224 :clauses 979 :learned 1)
(nlsat :conflicts 2 :decisions 0 :propagations 224 :clauses 981 :learned 2)
(nlsat :conflicts 1 :decisions 0 :propagations 191 :clauses 1005 :learned 1)
(nlsat :conflicts 2 :decisions 0 :propagations 228 :clauses 979 :learned 2)
(nlsat :conflicts 4 :decisions 0 :propagations 219 :clauses 1003 :learned 4)
(nlsat :conflicts 1 :decisions 0 :propagations 199 :clauses 1034 :learned 1)
(nlsat :conflicts 1 :decisions 0 :propagations 206 :clauses 1040 :learned 1)
(nlsat :conflicts 1 :decisions 0 :propagations 197 :clauses 1024 :learned 1)
(nlsat :conflicts 1 :decisions 0 :propagations 204 :clauses 1034 :learned 1)
(nlsat :conflicts 1 :decisions 0 :propagations 193 :clauses 1023 :learned 1)
(nlsat :conflicts 1 :decisions 0 :propagations 186 :clauses 999 :learned 1)
(nlsat :conflicts 1 :decisions 0 :propagations 187 :clauses 1002 :learned 1)
(nlsat :conflicts 2 :decisions 0 :propagations 235 :clauses 999 :learned 2)
(nlsat :conflicts 2 :decisions 0 :propagations 227 :clauses 995 :learned 2)
(nlsat :conflicts 2 :decisions 0 :propagations 226 :clauses 988 :learned 2)
(nlsat :conflicts 1 :decisions 0 :propagations 196 :clauses 987 :learned 1)
(nlsat :conflicts 1 :decisions 0 :propagations 198 :clauses 992 :learned 1)
(nlsat :conflicts 1 :decisions 0 :propagations 205 :clauses 1005 :learned 1)
(nlsat :conflicts 1 :decisions 0 :propagations 190 :clauses 1003 :learned 1)
(nlsat :conflicts 5 :decisions 0 :propagations 258 :clauses 1003 :learned 5)
(nlsat :conflicts 5 :decisions 0 :propagations 274 :clauses 1013 :learned 5)
(nlsat :conflicts 5 :decisions 0 :propagations 242 :clauses 1034 :learned 5)
(smt.stats   23   2840 333507 296824  3022/2737/27    7945/136     9    5   50.48)
(nlsat :conflicts 3 :decisions 0 :propagations 251 :clauses 1007 :learned 3)
(nlsat :conflicts 3 :decisions 0 :propagations 240 :clauses 1010 :learned 3)
(nlsat :conflicts 3 :decisions 0 :propagations 254 :clauses 1009 :learned 3)
(nlsat :conflicts 1 :decisions 0 :propagations 195 :clauses 993 :learned 1)
(nlsat :conflicts 3 :decisions 0 :propagations 239 :clauses 1049 :learned 3)
(nlsat :conflicts 3 :decisions 0 :propagations 210 :clauses 1060 :learned 3)
(nlsat :conflicts 1 :decisions 0 :propagations 100 :clauses 1116 :learned 1)
(nlsat :conflicts 4 :decisions 0 :propagations 212 :clauses 1020 :learned 4)
(nlsat :conflicts 1 :decisions 0 :propagations 184 :clauses 1013 :learned 1)
(nlsat :conflicts 1 :decisions 0 :propagations 186 :clauses 1012 :learned 1)
(nlsat :conflicts 5 :decisions 0 :propagations 185 :clauses 916 :learned 5)
(nlsat :conflicts 1 :decisions 0 :propagations 165 :clauses 910 :learned 1)
(nlsat :conflicts 1 :decisions 0 :propagations 165 :clauses 909 :learned 1)
(nlsat :conflicts 1 :decisions 0 :propagations 165 :clauses 909 :learned 1)
ramon: poll                 wall=22.000s usage=21.908s mem=107MiB load=1.00 rootload=0.99
(nlsat :conflicts 1 :decisions 0 :propagations 171 :clauses 912 :learned 1)
(nlsat :conflicts 1 :decisions 0 :propagations 161 :clauses 912 :learned 1)
(nlsat :conflicts 1 :decisions 0 :propagations 178 :clauses 923 :learned 1)
(nlsat :conflicts 1 :decisions 0 :propagations 187 :clauses 933 :learned 1)
(nlsat :conflicts 3 :decisions 0 :propagations 191 :clauses 933 :learned 3)
(nlsat :conflicts 1 :decisions 0 :propagations 187 :clauses 933 :learned 1)
(nlsat :conflicts 1 :decisions 0 :propagations 195 :clauses 952 :learned 1)
(nlsat :conflicts 4 :decisions 0 :propagations 196 :clauses 919 :learned 4)
(nlsat :conflicts 1 :decisions 0 :propagations 179 :clauses 920 :learned 1)
(nlsat :conflicts 3 :decisions 0 :propagations 183 :clauses 924 :learned 3)
(nlsat :conflicts 1 :decisions 0 :propagations 229 :clauses 990 :learned 1)
(nlsat :conflicts 1 :decisions 0 :propagations 163 :clauses 927 :learned 1)
(nlsat :conflicts 1 :decisions 0 :propagations 163 :clauses 927 :learned 1)
(nlsat :conflicts 3 :decisions 0 :propagations 206 :clauses 909 :learned 3)
(nlsat :conflicts 4 :decisions 0 :propagations 202 :clauses 903 :learned 4)
(nlsat :conflicts 1 :decisions 0 :propagations 169 :clauses 910 :learned 1)
(nlsat :conflicts 1 :decisions 0 :propagations 176 :clauses 916 :learned 1)
(nlsat :conflicts 4 :decisions 0 :propagations 204 :clauses 915 :learned 4)
(nlsat :conflicts 1 :decisions 0 :propagations 176 :clauses 914 :learned 1)
(nlsat :conflicts 4 :decisions 0 :propagations 201 :clauses 923 :learned 4)
(nlsat :conflicts 3 :decisions 0 :propagations 195 :clauses 923 :learned 3)
(nlsat :conflicts 1 :decisions 0 :propagations 177 :clauses 924 :learned 1)
(nlsat :conflicts 1 :decisions 0 :propagations 175 :clauses 915 :learned 1)
(nlsat :conflicts 1 :decisions 0 :propagations 195 :clauses 916 :learned 1)
(nlsat :conflicts 1 :decisions 0 :propagations 175 :clauses 915 :learned 1)
(nlsat :conflicts 1 :decisions 0 :propagations 175 :clauses 916 :learned 1)
(nlsat :conflicts 1 :decisions 0 :propagations 171 :clauses 929 :learned 1)
(nlsat :conflicts 1 :decisions 0 :propagations 171 :clauses 929 :learned 1)
(nlsat :conflicts 4 :decisions 0 :propagations 190 :clauses 928 :learned 4)
(nlsat :conflicts 3 :decisions 0 :propagations 189 :clauses 928 :learned 3)
(smt.stats   24   2974 352256 320050  3052/2765/27    8456/136     9    5   51.14)
(nlsat :conflicts 8 :decisions 0 :propagations 248 :clauses 1001 :learned 8)
(nlsat :conflicts 4 :decisions 0 :propagations 201 :clauses 967 :learned 4)
(nlsat :conflicts 5 :decisions 0 :propagations 228 :clauses 998 :learned 5)
(nlsat :conflicts 4 :decisions 0 :propagations 204 :clauses 923 :learned 4)
(nlsat :conflicts 4 :decisions 0 :propagations 213 :clauses 930 :learned 4)
(nlsat :conflicts 4 :decisions 0 :propagations 219 :clauses 990 :learned 4)
(nlsat :conflicts 4 :decisions 0 :propagations 250 :clauses 1000 :learned 4)
(nlsat :conflicts 4 :decisions 0 :propagations 228 :clauses 987 :learned 4)
(nlsat :conflicts 4 :decisions 0 :propagations 231 :clauses 982 :learned 4)
(nlsat :conflicts 4 :decisions 0 :propagations 218 :clauses 980 :learned 4)
(nlsat :conflicts 4 :decisions 0 :propagations 223 :clauses 979 :learned 4)
ramon: poll                 wall=23.000s usage=22.907s mem=107MiB load=1.00 rootload=1.00
(nlsat :conflicts 4 :decisions 0 :propagations 231 :clauses 961 :learned 4)
(nlsat :conflicts 4 :decisions 0 :propagations 211 :clauses 939 :learned 4)
(nlsat :conflicts 4 :decisions 0 :propagations 215 :clauses 952 :learned 4)
(nlsat :conflicts 4 :decisions 0 :propagations 228 :clauses 955 :learned 4)
(nlsat :conflicts 4 :decisions 0 :propagations 221 :clauses 950 :learned 4)
(nlsat :conflicts 3 :decisions 0 :propagations 238 :clauses 1042 :learned 3)
(nlsat :conflicts 3 :decisions 0 :propagations 259 :clauses 1043 :learned 3)
(nlsat :conflicts 2 :decisions 0 :propagations 123 :clauses 1062 :learned 2)
(nlsat :conflicts 4 :decisions 0 :propagations 233 :clauses 1035 :learned 4)
(nlsat :conflicts 2 :decisions 0 :propagations 257 :clauses 1029 :learned 2)
(smt.stats   25   3121 378964 339054  3099/2796/27    9174/137     9    5   51.76)
(nlsat :conflicts 3 :decisions 0 :propagations 268 :clauses 1048 :learned 3)
(nlsat :conflicts 2 :decisions 0 :propagations 256 :clauses 1007 :learned 2)
(nlsat :conflicts 3 :decisions 0 :propagations 242 :clauses 1046 :learned 3)
(nlsat :conflicts 3 :decisions 0 :propagations 237 :clauses 1004 :learned 3)
(nlsat :conflicts 1 :decisions 0 :propagations 204 :clauses 1012 :learned 1)
(nlsat :conflicts 3 :decisions 0 :propagations 236 :clauses 1061 :learned 3)
(nlsat :conflicts 4 :decisions 0 :propagations 264 :clauses 1100 :learned 4)
(nlsat :conflicts 3 :decisions 0 :propagations 281 :clauses 1106 :learned 3)
(nlsat :conflicts 1 :decisions 0 :propagations 226 :clauses 1067 :learned 1)
(nlsat :conflicts 4 :decisions 0 :propagations 246 :clauses 1133 :learned 4)
(nlsat :conflicts 4 :decisions 0 :propagations 222 :clauses 1122 :learned 4)
(nlsat :conflicts 1 :decisions 0 :propagations 204 :clauses 1058 :learned 1)
(nlsat :conflicts 1 :decisions 0 :propagations 206 :clauses 1060 :learned 1)
(nlsat :conflicts 1 :decisions 0 :propagations 205 :clauses 1069 :learned 1)
(nlsat :conflicts 1 :decisions 0 :propagations 206 :clauses 1073 :learned 1)
(nlsat :conflicts 1 :decisions 0 :propagations 207 :clauses 1084 :learned 1)
(nlsat :conflicts 1 :decisions 0 :propagations 205 :clauses 1077 :learned 1)
ramon: poll                 wall=24.000s usage=23.907s mem=107MiB load=1.00 rootload=1.00
(nlsat :conflicts 1 :decisions 0 :propagations 255 :clauses 1153 :learned 1)
(nlsat :conflicts 3 :decisions 0 :propagations 235 :clauses 1098 :learned 3)
(nlsat :conflicts 1 :decisions 0 :propagations 198 :clauses 1100 :learned 1)
(nlsat :conflicts 1 :decisions 0 :propagations 264 :clauses 1162 :learned 1)
(nlsat :conflicts 4 :decisions 0 :propagations 191 :clauses 1104 :learned 4)
(nlsat :conflicts 1 :decisions 0 :propagations 206 :clauses 1100 :learned 1)
(nlsat :conflicts 1 :decisions 0 :propagations 209 :clauses 1100 :learned 1)
(nlsat :conflicts 3 :decisions 0 :propagations 237 :clauses 1085 :learned 3)
(nlsat :conflicts 4 :decisions 0 :propagations 227 :clauses 1100 :learned 4)
(smt.stats   26   3282 395914 357728  3153/2835/27    9825/138     9    5   52.80)
(nlsat :conflicts 1 :decisions 0 :propagations 212 :clauses 1109 :learned 1)
(nlsat :conflicts 1 :decisions 0 :propagations 219 :clauses 1085 :learned 1)
(nlsat :conflicts 1 :decisions 0 :propagations 214 :clauses 1070 :learned 1)
(nlsat :conflicts 4 :decisions 0 :propagations 239 :clauses 1072 :learned 4)
(nlsat :conflicts 1 :decisions 0 :propagations 215 :clauses 1073 :learned 1)
(nlsat :conflicts 4 :decisions 0 :propagations 251 :clauses 1055 :learned 4)
(nlsat :conflicts 4 :decisions 0 :propagations 237 :clauses 1075 :learned 4)
(nlsat :conflicts 1 :decisions 0 :propagations 213 :clauses 1067 :learned 1)
(nlsat :conflicts 4 :decisions 0 :propagations 300 :clauses 1171 :learned 4)
(nlsat :conflicts 3 :decisions 0 :propagations 281 :clauses 1151 :learned 3)
(nlsat :conflicts 4 :decisions 0 :propagations 300 :clauses 1159 :learned 4)
(nlsat :conflicts 3 :decisions 0 :propagations 288 :clauses 1151 :learned 3)
(nlsat :conflicts 1 :decisions 0 :propagations 219 :clauses 1094 :learned 1)
(nlsat :conflicts 1 :decisions 0 :propagations 217 :clauses 1076 :learned 1)
(nlsat :conflicts 3 :decisions 0 :propagations 253 :clauses 1079 :learned 3)
(nlsat :conflicts 5 :decisions 0 :propagations 245 :clauses 1081 :learned 5)
(nlsat :conflicts 1 :decisions 0 :propagations 216 :clauses 1073 :learned 1)
(nlsat :conflicts 1 :decisions 0 :propagations 217 :clauses 1097 :learned 1)
(nlsat :conflicts 3 :decisions 0 :propagations 242 :clauses 1094 :learned 3)
(nlsat :conflicts 1 :decisions 0 :propagations 231 :clauses 1087 :learned 1)
(nlsat :conflicts 4 :decisions 0 :propagations 248 :clauses 1053 :learned 4)
(nlsat :conflicts 1 :decisions 0 :propagations 207 :clauses 1052 :learned 1)
(nlsat :conflicts 1 :decisions 0 :propagations 209 :clauses 1054 :learned 1)
(nlsat :conflicts 2 :decisions 0 :propagations 176 :clauses 1119 :learned 2)
(nlsat :conflicts 2 :decisions 0 :propagations 187 :clauses 1179 :learned 2)
(nlsat :conflicts 2 :decisions 0 :propagations 217 :clauses 1190 :learned 2)
(nlsat :conflicts 1 :decisions 0 :propagations 260 :clauses 1154 :learned 1)
(nlsat :conflicts 1 :decisions 0 :propagations 209 :clauses 1103 :learned 1)
(nlsat :conflicts 2 :decisions 0 :propagations 251 :clauses 1166 :learned 2)
(nlsat :conflicts 1 :decisions 0 :propagations 225 :clauses 1104 :learned 1)
(nlsat :conflicts 2 :decisions 0 :propagations 155 :clauses 1135 :learned 2)
(nlsat :conflicts 4 :decisions 0 :propagations 241 :clauses 1140 :learned 4)
(nlsat :conflicts 1 :decisions 0 :propagations 222 :clauses 1113 :learned 1)
(nlsat :conflicts 1 :decisions 0 :propagations 229 :clauses 1110 :learned 1)
(nlsat :conflicts 1 :decisions 0 :propagations 229 :clauses 1110 :learned 1)
ramon: poll                 wall=25.000s usage=24.906s mem=107MiB load=1.00 rootload=1.00
(nlsat :conflicts 2 :decisions 0 :propagations 247 :clauses 1133 :learned 2)
(nlsat :conflicts 1 :decisions 0 :propagations 90 :clauses 1189 :learned 1)
(nlsat :conflicts 3 :decisions 0 :propagations 262 :clauses 1106 :learned 3)
(nlsat :conflicts 1 :decisions 0 :propagations 223 :clauses 1120 :learned 1)
ramon: poll                 wall=26.000s usage=25.906s mem=108MiB load=1.00 rootload=1.00
ramon: poll                 wall=27.000s usage=26.905s mem=108MiB load=1.00 rootload=1.00
ramon: poll                 wall=28.004s usage=27.682s mem=108MiB load=0.77 rootload=0.78
ramon: poll                 wall=29.000s usage=28.581s mem=108MiB load=0.90 rootload=0.90
ramon: poll                 wall=30.000s usage=29.579s mem=108MiB load=1.00 rootload=0.99
ramon: poll                 wall=31.000s usage=30.579s mem=108MiB load=1.00 rootload=1.00
ramon: poll                 wall=32.004s usage=31.561s mem=108MiB load=0.98 rootload=0.99
ramon: poll                 wall=33.000s usage=32.556s mem=108MiB load=1.00 rootload=0.99
ramon: poll                 wall=34.000s usage=33.554s mem=108MiB load=1.00 rootload=1.00
ramon: poll                 wall=35.000s usage=34.551s mem=108MiB load=1.00 rootload=1.00
ramon: poll                 wall=36.000s usage=35.550s mem=108MiB load=1.00 rootload=1.00
ramon: poll                 wall=37.000s usage=36.550s mem=108MiB load=1.00 rootload=1.00
ramon: poll                 wall=38.000s usage=37.550s mem=108MiB load=1.00 rootload=1.00
ramon: poll                 wall=39.000s usage=38.550s mem=108MiB load=1.00 rootload=0.99
ramon: poll                 wall=40.000s usage=39.550s mem=108MiB load=1.00 rootload=1.00
ramon: poll                 wall=41.000s usage=40.547s mem=108MiB load=1.00 rootload=1.00
ramon: poll                 wall=42.000s usage=41.538s mem=109MiB load=0.99 rootload=0.99
(nlsat :conflicts 1 :decisions 0 :propagations 224 :clauses 1117 :learned 1)
(nlsat :conflicts 1 :decisions 0 :propagations 98 :clauses 1198 :learned 1)
(nlsat :conflicts 3 :decisions 0 :propagations 253 :clauses 1120 :learned 3)
(nlsat :conflicts 4 :decisions 0 :propagations 246 :clauses 1133 :learned 4)
(nlsat :conflicts 4 :decisions 0 :propagations 250 :clauses 1144 :learned 4)
(nlsat :conflicts 4 :decisions 0 :propagations 245 :clauses 1134 :learned 4)
(nlsat :conflicts 1 :decisions 0 :propagations 193 :clauses 1134 :learned 1)
(nlsat :conflicts 4 :decisions 0 :propagations 243 :clauses 1130 :learned 4)
(nlsat :conflicts 4 :decisions 0 :propagations 242 :clauses 1137 :learned 4)
(nlsat :conflicts 1 :decisions 0 :propagations 235 :clauses 1137 :learned 1)
(nlsat :conflicts 5 :decisions 0 :propagations 237 :clauses 1136 :learned 5)
(nlsat :conflicts 5 :decisions 0 :propagations 205 :clauses 1170 :learned 5)
(nlsat :conflicts 2 :decisions 0 :propagations 266 :clauses 1186 :learned 2)
(nlsat :conflicts 5 :decisions 0 :propagations 250 :clauses 1133 :learned 5)
(nlsat :conflicts 1 :decisions 0 :propagations 216 :clauses 1077 :learned 1)
(nlsat :conflicts 4 :decisions 0 :propagations 236 :clauses 1075 :learned 4)
(nlsat :conflicts 1 :decisions 0 :propagations 219 :clauses 1073 :learned 1)
(nlsat :conflicts 3 :decisions 0 :propagations 226 :clauses 1080 :learned 3)
(nlsat :conflicts 4 :decisions 0 :propagations 274 :clauses 1087 :learned 4)
(nlsat :conflicts 3 :decisions 0 :propagations 202 :clauses 1029 :learned 3)
(nlsat :conflicts 3 :decisions 0 :propagations 185 :clauses 1012 :learned 3)
(nlsat :conflicts 1 :decisions 0 :propagations 175 :clauses 1012 :learned 1)
(smt.stats :restarts :decisions    :clauses/bin/units          :simplify   :memory)
(smt.stats     :conflicts  :propagations         :lemmas            :deletions   )
(smt.stats   27   3459 427931 396879  3299/2911/27   10515/139     9    5   55.78)
(nlsat :conflicts 4 :decisions 0 :propagations 263 :clauses 1058 :learned 4)
(nlsat :conflicts 2 :decisions 0 :propagations 263 :clauses 1050 :learned 2)
(nlsat :conflicts 2 :decisions 0 :propagations 214 :clauses 1164 :learned 2)
(nlsat :conflicts 4 :decisions 0 :propagations 280 :clauses 1130 :learned 4)
(nlsat :conflicts 1 :decisions 0 :propagations 100 :clauses 1117 :learned 1)
ramon: poll                 wall=43.000s usage=42.537s mem=109MiB load=1.00 rootload=1.00
(nlsat :conflicts 2 :decisions 0 :propagations 261 :clauses 1112 :learned 2)
(nlsat :conflicts 3 :decisions 0 :propagations 264 :clauses 1107 :learned 3)
(nlsat :conflicts 3 :decisions 0 :propagations 223 :clauses 1018 :learned 3)
(nlsat :conflicts 1 :decisions 0 :propagations 257 :clauses 1049 :learned 1)
(nlsat :conflicts 3 :decisions 0 :propagations 234 :clauses 1034 :learned 3)
(nlsat :conflicts 3 :decisions 0 :propagations 262 :clauses 1102 :learned 3)
(nlsat :conflicts 1 :decisions 0 :propagations 199 :clauses 1114 :learned 1)
(nlsat :conflicts 1 :decisions 0 :propagations 245 :clauses 1138 :learned 1)
(smt.stats   28   3560 439056 407120  3342/3057/27   10834/139     9    5   56.52)
(nlsat :conflicts 2 :decisions 0 :propagations 167 :clauses 1140 :learned 2)
(nlsat :conflicts 4 :decisions 0 :propagations 276 :clauses 1134 :learned 4)
(nlsat :conflicts 2 :decisions 0 :propagations 263 :clauses 1153 :learned 2)
(nlsat :conflicts 1 :decisions 0 :propagations 267 :clauses 1132 :learned 1)
(nlsat :conflicts 3 :decisions 0 :propagations 261 :clauses 1129 :learned 3)
(nlsat :conflicts 1 :decisions 0 :propagations 294 :clauses 1197 :learned 1)
ramon: poll                 wall=44.000s usage=43.537s mem=109MiB load=1.00 rootload=1.00
(nlsat :conflicts 4 :decisions 0 :propagations 290 :clauses 1190 :learned 4)
(nlsat :conflicts 1 :decisions 0 :propagations 212 :clauses 1164 :learned 1)
(nlsat :conflicts 3 :decisions 0 :propagations 313 :clauses 1212 :learned 3)
(nlsat :conflicts 3 :decisions 0 :propagations 302 :clauses 1177 :learned 3)
(nlsat :conflicts 2 :decisions 0 :propagations 298 :clauses 1184 :learned 2)
(smt.stats   29   3671 452398 421314  3390/3067/27   11272/140     9    5   57.21)
(smt.stats   30   3793 460658 433312  3409/3117/27   11729/141     9    5   57.61)
(nlsat :conflicts 1 :decisions 0 :propagations 262 :clauses 1131 :learned 1)
(nlsat :conflicts 3 :decisions 0 :propagations 197 :clauses 1042 :learned 3)
(nlsat :conflicts 1 :decisions 0 :propagations 181 :clauses 1042 :learned 1)
(nlsat :conflicts 1 :decisions 0 :propagations 184 :clauses 1050 :learned 1)
(nlsat :conflicts 1 :decisions 0 :propagations 185 :clauses 1050 :learned 1)
(nlsat :conflicts 1 :decisions 0 :propagations 226 :clauses 1050 :learned 1)
(nlsat :conflicts 1 :decisions 0 :propagations 227 :clauses 1101 :learned 1)
(nlsat :conflicts 5 :decisions 0 :propagations 274 :clauses 1114 :learned 5)
(nlsat :conflicts 1 :decisions 0 :propagations 189 :clauses 1049 :learned 1)
(nlsat :conflicts 5 :decisions 0 :propagations 272 :clauses 1116 :learned 5)
(nlsat :conflicts 1 :decisions 0 :propagations 248 :clauses 1117 :learned 1)
(nlsat :conflicts 5 :decisions 0 :propagations 301 :clauses 1137 :learned 5)
(nlsat :conflicts 1 :decisions 0 :propagations 252 :clauses 1124 :learned 1)
(nlsat :conflicts 5 :decisions 0 :propagations 304 :clauses 1125 :learned 5)
(nlsat :conflicts 5 :decisions 0 :propagations 303 :clauses 1127 :learned 5)
(nlsat :conflicts 1 :decisions 0 :propagations 250 :clauses 1123 :learned 1)
(nlsat :conflicts 5 :decisions 0 :propagations 315 :clauses 1152 :learned 5)
(nlsat :conflicts 1 :decisions 0 :propagations 254 :clauses 1141 :learned 1)
(nlsat :conflicts 1 :decisions 0 :propagations 248 :clauses 1129 :learned 1)
(nlsat :conflicts 1 :decisions 0 :propagations 253 :clauses 1112 :learned 1)
(nlsat :conflicts 1 :decisions 0 :propagations 249 :clauses 1132 :learned 1)
(nlsat :conflicts 1 :decisions 0 :propagations 253 :clauses 1136 :learned 1)
(nlsat :conflicts 5 :decisions 0 :propagations 285 :clauses 1116 :learned 5)
(nlsat :conflicts 1 :decisions 0 :propagations 249 :clauses 1116 :learned 1)
(nlsat :conflicts 1 :decisions 0 :propagations 273 :clauses 1141 :learned 1)
ramon: poll                 wall=45.000s usage=44.537s mem=109MiB load=1.00 rootload=1.00
(nlsat :conflicts 1 :decisions 0 :propagations 252 :clauses 1115 :learned 1)
(nlsat :conflicts 1 :decisions 0 :propagations 232 :clauses 1147 :learned 1)
(nlsat :conflicts 2 :decisions 0 :propagations 263 :clauses 1123 :learned 2)
(nlsat :conflicts 8 :decisions 0 :propagations 291 :clauses 1122 :learned 8)
(nlsat :conflicts 4 :decisions 0 :propagations 293 :clauses 1133 :learned 4)
(nlsat :conflicts 4 :decisions 0 :propagations 288 :clauses 1126 :learned 4)
ramon: poll                 wall=46.000s usage=45.537s mem=109MiB load=1.00 rootload=1.00
(nlsat :conflicts 3 :decisions 0 :propagations 274 :clauses 1114 :learned 3)
(nlsat :conflicts 1 :decisions 0 :propagations 252 :clauses 1130 :learned 1)
(nlsat :conflicts 5 :decisions 0 :propagations 277 :clauses 1119 :learned 5)
(nlsat :conflicts 1 :decisions 0 :propagations 310 :clauses 1130 :learned 1)
(nlsat :conflicts 3 :decisions 0 :propagations 329 :clauses 1170 :learned 3)
(nlsat :conflicts 4 :decisions 0 :propagations 313 :clauses 1191 :learned 4)
(nlsat :conflicts 4 :decisions 0 :propagations 315 :clauses 1191 :learned 4)
(nlsat :conflicts 1 :decisions 0 :propagations 244 :clauses 1244 :learned 1)
(nlsat :conflicts 1 :decisions 0 :propagations 246 :clauses 1247 :learned 1)
(nlsat :conflicts 1 :decisions 0 :propagations 318 :clauses 1200 :learned 1)
ramon: poll                 wall=47.000s usage=46.537s mem=109MiB load=1.00 rootload=1.00
(nlsat :conflicts 5 :decisions 0 :propagations 309 :clauses 1171 :learned 5)
(nlsat :conflicts 5 :decisions 0 :propagations 311 :clauses 1134 :learned 5)
(nlsat :conflicts 2 :decisions 0 :propagations 295 :clauses 1266 :learned 2)
(nlsat :conflicts 2 :decisions 0 :propagations 232 :clauses 1190 :learned 2)
(nlsat :conflicts 4 :decisions 0 :propagations 295 :clauses 1164 :learned 4)
(nlsat :conflicts 4 :decisions 0 :propagations 282 :clauses 1166 :learned 4)
(nlsat :conflicts 3 :decisions 0 :propagations 307 :clauses 1174 :learned 3)
(smt.stats   31   3927 495774 462498  3503/3180/29   12677/167    10    8   60.34)
(nlsat :conflicts 1 :decisions 0 :propagations 186 :clauses 1056 :learned 1)
(nlsat :conflicts 1 :decisions 0 :propagations 187 :clauses 1062 :learned 1)
(nlsat :conflicts 1 :decisions 0 :propagations 185 :clauses 1056 :learned 1)
(nlsat :conflicts 1 :decisions 0 :propagations 189 :clauses 1062 :learned 1)
(nlsat :conflicts 1 :decisions 0 :propagations 192 :clauses 1062 :learned 1)
(nlsat :conflicts 9 :decisions 0 :propagations 216 :clauses 1062 :learned 9)
(nlsat :conflicts 1 :decisions 0 :propagations 191 :clauses 1062 :learned 1)
(nlsat :conflicts 9 :decisions 0 :propagations 217 :clauses 1062 :learned 9)
(nlsat :conflicts 1 :decisions 0 :propagations 191 :clauses 1062 :learned 1)
(nlsat :conflicts 1 :decisions 0 :propagations 180 :clauses 1023 :learned 1)
(nlsat :conflicts 3 :decisions 0 :propagations 204 :clauses 1028 :learned 3)
(nlsat :conflicts 9 :decisions 0 :propagations 203 :clauses 1016 :learned 9)
(nlsat :conflicts 8 :decisions 0 :propagations 218 :clauses 1006 :learned 8)
(nlsat :conflicts 5 :decisions 0 :propagations 207 :clauses 1006 :learned 5)
(nlsat :conflicts 2 :decisions 0 :propagations 186 :clauses 1021 :learned 2)
(nlsat :conflicts 2 :decisions 0 :propagations 192 :clauses 1030 :learned 2)
(nlsat :conflicts 7 :decisions 0 :propagations 207 :clauses 1039 :learned 7)
(nlsat :conflicts 1 :decisions 0 :propagations 190 :clauses 1039 :learned 1)
(nlsat :conflicts 5 :decisions 0 :propagations 200 :clauses 1040 :learned 5)
(nlsat :conflicts 2 :decisions 0 :propagations 189 :clauses 1023 :learned 2)
(nlsat :conflicts 7 :decisions 0 :propagations 258 :clauses 1127 :learned 7)
(nlsat :conflicts 1 :decisions 0 :propagations 241 :clauses 1032 :learned 1)
(nlsat :conflicts 9 :decisions 0 :propagations 208 :clauses 1006 :learned 9)
(nlsat :conflicts 1 :decisions 0 :propagations 186 :clauses 1007 :learned 1)
(nlsat :conflicts 1 :decisions 0 :propagations 183 :clauses 1005 :learned 1)
(nlsat :conflicts 9 :decisions 0 :propagations 212 :clauses 1070 :learned 9)
(nlsat :conflicts 1 :decisions 0 :propagations 197 :clauses 1070 :learned 1)
(nlsat :conflicts 1 :decisions 0 :propagations 233 :clauses 1150 :learned 1)
(nlsat :conflicts 9 :decisions 0 :propagations 241 :clauses 1093 :learned 9)
(nlsat :conflicts 9 :decisions 0 :propagations 230 :clauses 1079 :learned 9)
(nlsat :conflicts 9 :decisions 0 :propagations 234 :clauses 1079 :learned 9)
(nlsat :conflicts 1 :decisions 0 :propagations 207 :clauses 1093 :learned 1)
(nlsat :conflicts 9 :decisions 0 :propagations 233 :clauses 1077 :learned 9)
(nlsat :conflicts 9 :decisions 0 :propagations 212 :clauses 1071 :learned 9)
(nlsat :conflicts 9 :decisions 0 :propagations 220 :clauses 1079 :learned 9)
(nlsat :conflicts 9 :decisions 0 :propagations 212 :clauses 1057 :learned 9)
(nlsat :conflicts 1 :decisions 0 :propagations 235 :clauses 1117 :learned 1)
(nlsat :conflicts 1 :decisions 0 :propagations 85 :clauses 1118 :learned 1)
(nlsat :conflicts 1 :decisions 0 :propagations 95 :clauses 1137 :learned 1)
(nlsat :conflicts 1 :decisions 0 :propagations 105 :clauses 1220 :learned 1)
(nlsat :conflicts 9 :decisions 0 :propagations 210 :clauses 1048 :learned 9)
(nlsat :conflicts 9 :decisions 0 :propagations 208 :clauses 1047 :learned 9)
(nlsat :conflicts 1 :decisions 0 :propagations 186 :clauses 1050 :learned 1)
(nlsat :conflicts 1 :decisions 0 :propagations 236 :clauses 1139 :learned 1)
(nlsat :conflicts 1 :decisions 0 :propagations 98 :clauses 1083 :learned 1)
ramon: poll                 wall=48.000s usage=47.537s mem=109MiB load=1.00 rootload=0.99
(nlsat :conflicts 1 :decisions 0 :propagations 189 :clauses 1048 :learned 1)
(nlsat :conflicts 1 :decisions 0 :propagations 200 :clauses 1062 :learned 1)
(nlsat :conflicts 4 :decisions 0 :propagations 198 :clauses 1045 :learned 4)
(nlsat :conflicts 4 :decisions 0 :propagations 238 :clauses 1120 :learned 4)
(nlsat :conflicts 4 :decisions 0 :propagations 206 :clauses 1065 :learned 4)
(nlsat :conflicts 1 :decisions 0 :propagations 119 :clauses 1115 :learned 1)
(nlsat :conflicts 1 :decisions 0 :propagations 119 :clauses 1123 :learned 1)
(nlsat :conflicts 1 :decisions 0 :propagations 113 :clauses 1064 :learned 1)
(nlsat :conflicts 4 :decisions 0 :propagations 234 :clauses 1112 :learned 4)
(nlsat :conflicts 4 :decisions 0 :propagations 221 :clauses 1084 :learned 4)
(nlsat :conflicts 2 :decisions 0 :propagations 121 :clauses 1073 :learned 2)
(nlsat :conflicts 1 :decisions 0 :propagations 186 :clauses 1066 :learned 1)
(nlsat :conflicts 1 :decisions 0 :propagations 185 :clauses 1062 :learned 1)
(nlsat :conflicts 4 :decisions 0 :propagations 213 :clauses 1068 :learned 4)
(nlsat :conflicts 4 :decisions 0 :propagations 205 :clauses 1073 :learned 4)
(nlsat :conflicts 4 :decisions 0 :propagations 205 :clauses 1066 :learned 4)
(nlsat :conflicts 2 :decisions 0 :propagations 154 :clauses 1073 :learned 2)
(nlsat :conflicts 2 :decisions 0 :propagations 105 :clauses 1109 :learned 2)
(nlsat :conflicts 1 :decisions 0 :propagations 189 :clauses 1070 :learned 1)
(nlsat :conflicts 1 :decisions 0 :propagations 115 :clauses 1114 :learned 1)
(nlsat :conflicts 4 :decisions 0 :propagations 202 :clauses 1066 :learned 4)
(nlsat :conflicts 1 :decisions 0 :propagations 86 :clauses 1123 :learned 1)
(nlsat :conflicts 1 :decisions 0 :propagations 179 :clauses 1068 :learned 1)
(nlsat :conflicts 9 :decisions 0 :propagations 221 :clauses 1080 :learned 9)
(nlsat :conflicts 9 :decisions 0 :propagations 216 :clauses 1078 :learned 9)
(nlsat :conflicts 9 :decisions 0 :propagations 219 :clauses 1078 :learned 9)
(nlsat :conflicts 9 :decisions 0 :propagations 213 :clauses 1077 :learned 9)
(nlsat :conflicts 9 :decisions 0 :propagations 213 :clauses 1077 :learned 9)
(nlsat :conflicts 1 :decisions 0 :propagations 188 :clauses 1076 :learned 1)
(nlsat :conflicts 1 :decisions 0 :propagations 186 :clauses 1077 :learned 1)
(nlsat :conflicts 1 :decisions 0 :propagations 186 :clauses 1077 :learned 1)
ramon: poll                 wall=49.056s usage=48.593s mem=109MiB load=1.00 rootload=1.00
(nlsat :conflicts 1 :decisions 0 :propagations 207 :clauses 1115 :learned 1)
(nlsat :conflicts 9 :decisions 0 :propagations 212 :clauses 1069 :learned 9)
(nlsat :conflicts 1 :decisions 0 :propagations 187 :clauses 1079 :learned 1)
(nlsat :conflicts 1 :decisions 0 :propagations 204 :clauses 1110 :learned 1)
(nlsat :conflicts 4 :decisions 0 :propagations 230 :clauses 1120 :learned 4)
(nlsat :conflicts 1 :decisions 0 :propagations 197 :clauses 1103 :learned 1)
(nlsat :conflicts 1 :decisions 0 :propagations 185 :clauses 1077 :learned 1)
(nlsat :conflicts 1 :decisions 0 :propagations 182 :clauses 1068 :learned 1)
(nlsat :conflicts 1 :decisions 0 :propagations 202 :clauses 1092 :learned 1)
(nlsat :conflicts 3 :decisions 0 :propagations 214 :clauses 1062 :learned 3)
(nlsat :conflicts 2 :decisions 0 :propagations 192 :clauses 1069 :learned 2)
(nlsat :conflicts 4 :decisions 0 :propagations 210 :clauses 1078 :learned 4)
(nlsat :conflicts 1 :decisions 0 :propagations 189 :clauses 1063 :learned 1)
(nlsat :conflicts 1 :decisions 0 :propagations 190 :clauses 1066 :learned 1)
(smt.stats   32   4075 543521 496196  3688/3255/29   13013/171    10    8   60.23)
(nlsat :conflicts 1 :decisions 0 :propagations 175 :clauses 1038 :learned 1)
(nlsat :conflicts 1 :decisions 0 :propagations 219 :clauses 1121 :learned 1)
(nlsat :conflicts 4 :decisions 0 :propagations 215 :clauses 1128 :learned 4)
(nlsat :conflicts 4 :decisions 0 :propagations 237 :clauses 1122 :learned 4)
(nlsat :conflicts 1 :decisions 0 :propagations 235 :clauses 1162 :learned 1)
(nlsat :conflicts 1 :decisions 0 :propagations 242 :clauses 1200 :learned 1)
(nlsat :conflicts 1 :decisions 0 :propagations 197 :clauses 1122 :learned 1)
(nlsat :conflicts 1 :decisions 0 :propagations 195 :clauses 1121 :learned 1)
(nlsat :conflicts 4 :decisions 0 :propagations 214 :clauses 1105 :learned 4)
ramon: poll                 wall=50.000s usage=49.537s mem=109MiB load=1.00 rootload=1.00
(nlsat :conflicts 4 :decisions 0 :propagations 216 :clauses 1101 :learned 4)
(nlsat :conflicts 4 :decisions 0 :propagations 225 :clauses 1137 :learned 4)
(nlsat :conflicts 3 :decisions 0 :propagations 214 :clauses 1108 :learned 3)
(nlsat :conflicts 1 :decisions 0 :propagations 202 :clauses 1124 :learned 1)
(nlsat :conflicts 1 :decisions 0 :propagations 202 :clauses 1105 :learned 1)
(nlsat :conflicts 1 :decisions 0 :propagations 189 :clauses 1118 :learned 1)
(nlsat :conflicts 4 :decisions 0 :propagations 219 :clauses 1107 :learned 4)
(nlsat :conflicts 4 :decisions 0 :propagations 216 :clauses 1108 :learned 4)
(nlsat :conflicts 3 :decisions 0 :propagations 229 :clauses 1121 :learned 3)
(nlsat :conflicts 4 :decisions 0 :propagations 219 :clauses 1102 :learned 4)
(nlsat :conflicts 4 :decisions 0 :propagations 231 :clauses 1125 :learned 4)
(nlsat :conflicts 1 :decisions 0 :propagations 206 :clauses 1120 :learned 1)
(nlsat :conflicts 1 :decisions 0 :propagations 209 :clauses 1119 :learned 1)
(nlsat :conflicts 1 :decisions 0 :propagations 210 :clauses 1122 :learned 1)
(nlsat :conflicts 2 :decisions 0 :propagations 102 :clauses 1182 :learned 2)
(nlsat :conflicts 1 :decisions 0 :propagations 209 :clauses 1114 :learned 1)
(nlsat :conflicts 2 :decisions 0 :propagations 155 :clauses 1131 :learned 2)
(nlsat :conflicts 2 :decisions 0 :propagations 143 :clauses 1136 :learned 2)
(nlsat :conflicts 1 :decisions 0 :propagations 226 :clauses 1180 :learned 1)
(nlsat :conflicts 1 :decisions 0 :propagations 230 :clauses 1158 :learned 1)
(nlsat :conflicts 4 :decisions 0 :propagations 239 :clauses 1158 :learned 4)
ramon: poll                 wall=51.000s usage=50.537s mem=109MiB load=1.00 rootload=1.00
(nlsat :conflicts 4 :decisions 0 :propagations 208 :clauses 1114 :learned 4)
(nlsat :conflicts 1 :decisions 0 :propagations 204 :clauses 1114 :learned 1)
(nlsat :conflicts 1 :decisions 0 :propagations 201 :clauses 1110 :learned 1)
(nlsat :conflicts 1 :decisions 0 :propagations 201 :clauses 1112 :learned 1)
(nlsat :conflicts 1 :decisions 0 :propagations 220 :clauses 1154 :learned 1)
(nlsat :conflicts 4 :decisions 0 :propagations 236 :clauses 1150 :learned 4)
(nlsat :conflicts 4 :decisions 0 :propagations 242 :clauses 1169 :learned 4)
(nlsat :conflicts 4 :decisions 0 :propagations 234 :clauses 1150 :learned 4)
(nlsat :conflicts 4 :decisions 0 :propagations 259 :clauses 1195 :learned 4)
(nlsat :conflicts 4 :decisions 0 :propagations 259 :clauses 1200 :learned 4)
(nlsat :conflicts 4 :decisions 0 :propagations 225 :clauses 1142 :learned 4)
(nlsat :conflicts 4 :decisions 0 :propagations 224 :clauses 1142 :learned 4)
(nlsat :conflicts 4 :decisions 0 :propagations 209 :clauses 1111 :learned 4)
(nlsat :conflicts 1 :decisions 0 :propagations 224 :clauses 1158 :learned 1)
(nlsat :conflicts 1 :decisions 0 :propagations 217 :clauses 1154 :learned 1)
(nlsat :conflicts 4 :decisions 0 :propagations 241 :clauses 1153 :learned 4)
(nlsat :conflicts 1 :decisions 0 :propagations 217 :clauses 1156 :learned 1)
(nlsat :conflicts 1 :decisions 0 :propagations 171 :clauses 1241 :learned 1)
(nlsat :conflicts 4 :decisions 0 :propagations 231 :clauses 1148 :learned 4)
(nlsat :conflicts 3 :decisions 0 :propagations 291 :clauses 1210 :learned 3)
(nlsat :conflicts 1 :decisions 0 :propagations 249 :clauses 1150 :learned 1)
(nlsat :conflicts 3 :decisions 0 :propagations 238 :clauses 1150 :learned 3)
(nlsat :conflicts 1 :decisions 0 :propagations 209 :clauses 1151 :learned 1)
(nlsat :conflicts 1 :decisions 0 :propagations 213 :clauses 1170 :learned 1)
(nlsat :conflicts 4 :decisions 0 :propagations 229 :clauses 1150 :learned 4)
(nlsat :conflicts 4 :decisions 0 :propagations 260 :clauses 1196 :learned 4)
(nlsat :conflicts 4 :decisions 0 :propagations 226 :clauses 1150 :learned 4)
(nlsat :conflicts 3 :decisions 0 :propagations 228 :clauses 1152 :learned 3)
(nlsat :conflicts 3 :decisions 0 :propagations 223 :clauses 1153 :learned 3)
ramon: poll                 wall=52.000s usage=51.537s mem=109MiB load=1.00 rootload=1.00
(nlsat :conflicts 4 :decisions 0 :propagations 226 :clauses 1153 :learned 4)
(nlsat :conflicts 4 :decisions 0 :propagations 232 :clauses 1151 :learned 4)
(nlsat :conflicts 4 :decisions 0 :propagations 231 :clauses 1155 :learned 4)
(nlsat :conflicts 4 :decisions 0 :propagations 229 :clauses 1160 :learned 4)
(nlsat :conflicts 4 :decisions 0 :propagations 232 :clauses 1167 :learned 4)
(nlsat :conflicts 3 :decisions 0 :propagations 234 :clauses 1164 :learned 3)
(nlsat :conflicts 4 :decisions 0 :propagations 236 :clauses 1154 :learned 4)
(nlsat :conflicts 4 :decisions 0 :propagations 238 :clauses 1190 :learned 4)
(nlsat :conflicts 3 :decisions 0 :propagations 243 :clauses 1168 :learned 3)
(nlsat :conflicts 3 :decisions 0 :propagations 257 :clauses 1163 :learned 3)
(nlsat :conflicts 3 :decisions 0 :propagations 248 :clauses 1168 :learned 3)
(nlsat :conflicts 4 :decisions 0 :propagations 231 :clauses 1166 :learned 4)
(nlsat :conflicts 4 :decisions 0 :propagations 238 :clauses 1158 :learned 4)
(nlsat :conflicts 3 :decisions 0 :propagations 262 :clauses 1196 :learned 3)
(nlsat :conflicts 4 :decisions 0 :propagations 221 :clauses 1164 :learned 4)
(nlsat :conflicts 3 :decisions 0 :propagations 231 :clauses 1186 :learned 3)
(nlsat :conflicts 4 :decisions 0 :propagations 232 :clauses 1165 :learned 4)
(nlsat :conflicts 4 :decisions 0 :propagations 227 :clauses 1168 :learned 4)
(nlsat :conflicts 4 :decisions 0 :propagations 227 :clauses 1171 :learned 4)
(nlsat :conflicts 3 :decisions 0 :propagations 232 :clauses 1171 :learned 3)
(nlsat :conflicts 3 :decisions 0 :propagations 250 :clauses 1218 :learned 3)
(nlsat :conflicts 3 :decisions 0 :propagations 234 :clauses 1198 :learned 3)
(nlsat :conflicts 3 :decisions 0 :propagations 239 :clauses 1197 :learned 3)
(nlsat :conflicts 3 :decisions 0 :propagations 239 :clauses 1200 :learned 3)
(nlsat :conflicts 3 :decisions 0 :propagations 247 :clauses 1209 :learned 3)
ramon: poll                 wall=53.000s usage=52.537s mem=109MiB load=1.00 rootload=1.00
(nlsat :conflicts 1 :decisions 0 :propagations 100 :clauses 1264 :learned 1)
(nlsat :conflicts 1 :decisions 0 :propagations 215 :clauses 1170 :learned 1)
(nlsat :conflicts 1 :decisions 0 :propagations 209 :clauses 1170 :learned 1)
(nlsat :conflicts 4 :decisions 0 :propagations 233 :clauses 1181 :learned 4)
(nlsat :conflicts 4 :decisions 0 :propagations 239 :clauses 1201 :learned 4)
(nlsat :conflicts 4 :decisions 0 :propagations 238 :clauses 1208 :learned 4)
(nlsat :conflicts 4 :decisions 0 :propagations 240 :clauses 1210 :learned 4)
(nlsat :conflicts 4 :decisions 0 :propagations 242 :clauses 1212 :learned 4)
(smt.stats   33   4236 597726 542418  3912/3478/29   13801/173    10    8   62.23)
(nlsat :conflicts 9 :decisions 0 :propagations 242 :clauses 1193 :learned 9)
(nlsat :conflicts 4 :decisions 0 :propagations 248 :clauses 1224 :learned 4)
(nlsat :conflicts 5 :decisions 0 :propagations 223 :clauses 1212 :learned 5)
(nlsat :conflicts 2 :decisions 0 :propagations 278 :clauses 1205 :learned 2)
ramon: poll                 wall=54.000s usage=53.537s mem=109MiB load=1.00 rootload=1.00
(nlsat :conflicts 2 :decisions 0 :propagations 264 :clauses 1209 :learned 2)
(nlsat :conflicts 1 :decisions 0 :propagations 263 :clauses 1213 :learned 1)
(nlsat :conflicts 1 :decisions 0 :propagations 267 :clauses 1217 :learned 1)
(nlsat :conflicts 1 :decisions 0 :propagations 85 :clauses 1269 :learned 1)
(nlsat :conflicts 3 :decisions 0 :propagations 246 :clauses 1212 :learned 3)
(nlsat :conflicts 3 :decisions 0 :propagations 290 :clauses 1278 :learned 3)
(nlsat :conflicts 3 :decisions 0 :propagations 301 :clauses 1282 :learned 3)
(nlsat :conflicts 2 :decisions 0 :propagations 277 :clauses 1229 :learned 2)
(nlsat :conflicts 2 :decisions 0 :propagations 258 :clauses 1218 :learned 2)
(nlsat :conflicts 2 :decisions 0 :propagations 175 :clauses 1229 :learned 2)
(nlsat :conflicts 1 :decisions 0 :propagations 277 :clauses 1227 :learned 1)
(nlsat :conflicts 1 :decisions 0 :propagations 258 :clauses 1227 :learned 1)
(nlsat :conflicts 1 :decisions 0 :propagations 231 :clauses 1233 :learned 1)
(nlsat :conflicts 1 :decisions 0 :propagations 232 :clauses 1234 :learned 1)
(nlsat :conflicts 1 :decisions 0 :propagations 229 :clauses 1228 :learned 1)
(nlsat :conflicts 1 :decisions 0 :propagations 224 :clauses 1197 :learned 1)
(nlsat :conflicts 1 :decisions 0 :propagations 213 :clauses 1183 :learned 1)
(nlsat :conflicts 1 :decisions 0 :propagations 213 :clauses 1183 :learned 1)
(nlsat :conflicts 1 :decisions 0 :propagations 212 :clauses 1183 :learned 1)
(nlsat :conflicts 1 :decisions 0 :propagations 211 :clauses 1181 :learned 1)
(nlsat :conflicts 3 :decisions 0 :propagations 256 :clauses 1181 :learned 3)
(nlsat :conflicts 3 :decisions 0 :propagations 229 :clauses 1180 :learned 3)
(nlsat :conflicts 3 :decisions 0 :propagations 253 :clauses 1204 :learned 3)
(nlsat :conflicts 3 :decisions 0 :propagations 274 :clauses 1252 :learned 3)
(nlsat :conflicts 3 :decisions 0 :propagations 249 :clauses 1211 :learned 3)
(nlsat :conflicts 1 :decisions 0 :propagations 287 :clauses 1212 :learned 1)
(nlsat :conflicts 1 :decisions 0 :propagations 287 :clauses 1219 :learned 1)
(nlsat :conflicts 3 :decisions 0 :propagations 251 :clauses 1208 :learned 3)
(nlsat :conflicts 1 :decisions 0 :propagations 173 :clauses 1303 :learned 1)
(nlsat :conflicts 3 :decisions 0 :propagations 259 :clauses 1241 :learned 3)
(nlsat :conflicts 1 :decisions 0 :propagations 177 :clauses 1254 :learned 1)
(nlsat :conflicts 3 :decisions 0 :propagations 256 :clauses 1227 :learned 3)
(nlsat :conflicts 3 :decisions 0 :propagations 250 :clauses 1225 :learned 3)
(nlsat :conflicts 3 :decisions 0 :propagations 261 :clauses 1229 :learned 3)
(nlsat :conflicts 3 :decisions 0 :propagations 257 :clauses 1218 :learned 3)
(nlsat :conflicts 2 :decisions 0 :propagations 156 :clauses 1275 :learned 2)
(nlsat :conflicts 3 :decisions 0 :propagations 263 :clauses 1228 :learned 3)
ramon: poll                 wall=55.004s usage=54.540s mem=109MiB load=1.00 rootload=1.01
(nlsat :conflicts 3 :decisions 0 :propagations 251 :clauses 1222 :learned 3)
(nlsat :conflicts 3 :decisions 0 :propagations 292 :clauses 1273 :learned 3)
(nlsat :conflicts 3 :decisions 0 :propagations 349 :clauses 1358 :learned 3)
(nlsat :conflicts 3 :decisions 0 :propagations 281 :clauses 1242 :learned 3)
(nlsat :conflicts 1 :decisions 0 :propagations 179 :clauses 1279 :learned 1)
(nlsat :conflicts 3 :decisions 0 :propagations 266 :clauses 1231 :learned 3)
(nlsat :conflicts 3 :decisions 0 :propagations 285 :clauses 1249 :learned 3)
(nlsat :conflicts 1 :decisions 0 :propagations 186 :clauses 1303 :learned 1)
(nlsat :conflicts 1 :decisions 0 :propagations 210 :clauses 1234 :learned 1)
(nlsat :conflicts 1 :decisions 0 :propagations 214 :clauses 1272 :learned 1)
(nlsat :conflicts 1 :decisions 0 :propagations 208 :clauses 1252 :learned 1)
(nlsat :conflicts 1 :decisions 0 :propagations 284 :clauses 1364 :learned 1)
(nlsat :conflicts 1 :decisions 0 :propagations 129 :clauses 1364 :learned 1)
ramon: poll                 wall=56.000s usage=55.536s mem=109MiB load=1.00 rootload=0.99
(nlsat :conflicts 1 :decisions 0 :propagations 212 :clauses 1250 :learned 1)
(nlsat :conflicts 1 :decisions 0 :propagations 211 :clauses 1249 :learned 1)
(nlsat :conflicts 1 :decisions 0 :propagations 200 :clauses 1264 :learned 1)
(nlsat :conflicts 1 :decisions 0 :propagations 222 :clauses 1264 :learned 1)
(nlsat :conflicts 1 :decisions 0 :propagations 209 :clauses 1258 :learned 1)
(nlsat :conflicts 1 :decisions 0 :propagations 210 :clauses 1259 :learned 1)
(nlsat :conflicts 2 :decisions 0 :propagations 249 :clauses 1311 :learned 2)
(nlsat :conflicts 1 :decisions 0 :propagations 223 :clauses 1271 :learned 1)
(nlsat :conflicts 1 :decisions 0 :propagations 229 :clauses 1277 :learned 1)
(nlsat-b&b :conflicts 93 :decisions 0 :propagations 5857 :clauses 1277 :learned 93)
(smt.stats   34   4380 635223 579505  4086/3704/29   14205/174    10    8   62.48)
ramon: end                  Mon Jan 13 16:33:34 2025
ramon: root.execname        z3
ramon: root.utime           55.660s
ramon: root.stime           0.070s
ramon: group.total          55.744s
ramon: group.utime          55.668s
ramon: group.stime          0.076s
ramon: group.mempeak        109MiB
ramon: group.pidpeak        3
ramon: status               exited
ramon: exitcode             0
ramon: walltime             56.209s
ramon: loadavg              0.99
