ramon: cwd                  /home/gh1/A/_work/z3-poly-testing/z3-poly-testing
ramon: start                Mon Jan 13 16:28:52 2025
ramon: nproc                32
ramon: sys.mem              63441 MiB
ramon: sys.mem.free         51560 MiB
ramon: sys.mem.avail        63208 MiB
ramon: sys.nprocs           1122
ramon: argv                 0 = z3
ramon: argv                 1 = inputs/QF_NIA_CInteger/Stroeder_15__GulwaniJainKoskinen-PLDI2009-Fig1_true-termination.c__p23611_edge_closing_0.smt2
ramon: argv                 2 = -T:60
ramon: argv                 3 = -v:2
ramon: argv                 4 = -st
ramon: argv                 5 = model_validate=true
ramon: childpid             25344
(sat.solver)
(sat.copy :learned 0)
(sat.stats   :conflicts  :restarts          :learned/bin    :gc          :time)
(sat.stats          :decisions :clauses/bin      :units         :memory       )
(sat.stats      0      0    0 199073/81181     0/0 126       0    77.33   0.00)
 (sat-cleaner :elim-literals 424 :elim-clauses 440 :cost 362130 :time 0.01)
(sat.stats    154   1072    0 198010/80881   144/28 1347       0    78.09   0.03)
(sat.stats    154   1072    0 198010/80881   144/28 1347       0    78.09   0.04)
(sat.stats    154   1072    0 198010/80881   144/28 1347       0    78.09   0.04)
(sat.simplify :simplifications 1)
 (sat-scc :elim-vars 291 :elim-bin 207 :units 17 :time 0.06)
 (sat-cleaner :elim-literals 489 :elim-clauses 2309 :cost 360342 :time 0.01)
(sat.stats    154   1072    0 230576/27523   129/14 1364       0    99.86   0.21)
(smt.searching)
(smt.stats :restarts     :decisions :clauses/bin/units       :simplify   :memory)
(smt.stats        :conflicts    :propagations        :lemmas      :deletions   )
(smt.stats    0      0      0      0  1477/1398/30       0/0     0    0   32.83)
(nlsat :conflicts 1 :decisions 0 :propagations 82 :clauses 463 :learned 1)
(nlsat :conflicts 1 :decisions 0 :propagations 155 :clauses 640 :learned 1)
(nlsat :conflicts 3 :decisions 0 :propagations 183 :clauses 667 :learned 3)
(nlsat :conflicts 1 :decisions 0 :propagations 204 :clauses 668 :learned 1)
(nlsat :conflicts 1 :decisions 0 :propagations 101 :clauses 496 :learned 1)
(nlsat :conflicts 1 :decisions 0 :propagations 123 :clauses 595 :learned 1)
(nlsat :conflicts 1 :decisions 0 :propagations 66 :clauses 593 :learned 1)
(smt.stats    0    101   3016   1217  1633/1549/39     179/28     4    2   35.40)
(nlsat :conflicts 3 :decisions 0 :propagations 219 :clauses 751 :learned 3)
(nlsat :conflicts 1 :decisions 0 :propagations 216 :clauses 727 :learned 1)
(nlsat :conflicts 1 :decisions 0 :propagations 233 :clauses 740 :learned 1)
(nlsat :conflicts 1 :decisions 0 :propagations 66 :clauses 745 :learned 1)
(nlsat :conflicts 1 :decisions 0 :propagations 55 :clauses 770 :learned 1)
(smt.stats    1    202   7452   2996  1995/1767/42     330/33     5    2   36.29)
(nlsat :conflicts 1 :decisions 0 :propagations 49 :clauses 789 :learned 1)
(nlsat :conflicts 1 :decisions 0 :propagations 251 :clauses 801 :learned 1)
(nlsat :conflicts 1 :decisions 0 :propagations 282 :clauses 814 :learned 1)
(nlsat :conflicts 1 :decisions 0 :propagations 81 :clauses 918 :learned 1)
(nlsat :conflicts 1 :decisions 0 :propagations 284 :clauses 848 :learned 1)
(nlsat :conflicts 1 :decisions 0 :propagations 268 :clauses 844 :learned 1)
(nlsat :conflicts 1 :decisions 0 :propagations 95 :clauses 831 :learned 1)
(nlsat :conflicts 1 :decisions 0 :propagations 231 :clauses 814 :learned 1)
(nlsat :conflicts 1 :decisions 0 :propagations 111 :clauses 820 :learned 1)
(nlsat :conflicts 2 :decisions 0 :propagations 56 :clauses 821 :learned 2)
(nlsat :conflicts 1 :decisions 0 :propagations 47 :clauses 794 :learned 1)
(nlsat :conflicts 1 :decisions 0 :propagations 254 :clauses 800 :learned 1)
ramon: poll                 wall=1.000s usage=0.947s mem=107MiB load=0.95 rootload=0.91
(nlsat :conflicts 1 :decisions 0 :propagations 49 :clauses 807 :learned 1)
(nlsat :conflicts 1 :decisions 0 :propagations 59 :clauses 825 :learned 1)
(smt.stats    2    313  18532   8539  2247/1928/42     537/37     5    2   37.79)
(nlsat :conflicts 1 :decisions 0 :propagations 228 :clauses 821 :learned 1)
(nlsat :conflicts 2 :decisions 0 :propagations 79 :clauses 800 :learned 2)
(nlsat :conflicts 1 :decisions 0 :propagations 80 :clauses 823 :learned 1)
(nlsat :conflicts 1 :decisions 0 :propagations 266 :clauses 834 :learned 1)
(nlsat :conflicts 1 :decisions 0 :propagations 247 :clauses 844 :learned 1)
(nlsat :conflicts 1 :decisions 0 :propagations 270 :clauses 855 :learned 1)
(nlsat :conflicts 1 :decisions 0 :propagations 30 :clauses 830 :learned 1)
(smt.stats    3    414  31220  14400  2559/2400/55     728/46     6    3   38.44)
(nlsat :conflicts 1 :decisions 0 :propagations 59 :clauses 803 :learned 1)
(nlsat :conflicts 3 :decisions 0 :propagations 234 :clauses 771 :learned 3)
(nlsat :conflicts 1 :decisions 0 :propagations 231 :clauses 886 :learned 1)
(nlsat :conflicts 1 :decisions 0 :propagations 42 :clauses 912 :learned 1)
(nlsat :conflicts 1 :decisions 0 :propagations 45 :clauses 847 :learned 1)
(nlsat :conflicts 1 :decisions 0 :propagations 45 :clauses 849 :learned 1)
(nlsat :conflicts 1 :decisions 0 :propagations 49 :clauses 850 :learned 1)
(nlsat :conflicts 1 :decisions 0 :propagations 32 :clauses 892 :learned 1)
(nlsat :conflicts 1 :decisions 0 :propagations 217 :clauses 862 :learned 1)
(nlsat :conflicts 1 :decisions 0 :propagations 51 :clauses 815 :learned 1)
(nlsat :conflicts 1 :decisions 0 :propagations 50 :clauses 809 :learned 1)
(nlsat :conflicts 1 :decisions 0 :propagations 51 :clauses 835 :learned 1)
(nlsat :conflicts 1 :decisions 0 :propagations 80 :clauses 869 :learned 1)
(nlsat :conflicts 4 :decisions 0 :propagations 233 :clauses 851 :learned 4)
(nlsat :conflicts 1 :decisions 0 :propagations 54 :clauses 863 :learned 1)
(nlsat :conflicts 1 :decisions 0 :propagations 66 :clauses 851 :learned 1)
(smt.stats    4    525  45932  18867  2689/2447/56    1009/56     6    3   40.18)
(nlsat :conflicts 1 :decisions 0 :propagations 32 :clauses 936 :learned 1)
(nlsat :conflicts 1 :decisions 0 :propagations 32 :clauses 947 :learned 1)
(nlsat :conflicts 1 :decisions 0 :propagations 60 :clauses 937 :learned 1)
(nlsat :conflicts 1 :decisions 0 :propagations 58 :clauses 913 :learned 1)
(nlsat :conflicts 1 :decisions 0 :propagations 56 :clauses 922 :learned 1)
(nlsat :conflicts 1 :decisions 0 :propagations 56 :clauses 915 :learned 1)
(nlsat :conflicts 1 :decisions 0 :propagations 165 :clauses 1079 :learned 1)
ramon: poll                 wall=2.000s usage=1.947s mem=107MiB load=1.00 rootload=1.00
(nlsat :conflicts 1 :decisions 0 :propagations 166 :clauses 1080 :learned 1)
(nlsat :conflicts 1 :decisions 0 :propagations 68 :clauses 964 :learned 1)
(nlsat :conflicts 1 :decisions 0 :propagations 91 :clauses 919 :learned 1)
(nlsat :conflicts 1 :decisions 0 :propagations 260 :clauses 922 :learned 1)
(nlsat :conflicts 1 :decisions 0 :propagations 101 :clauses 937 :learned 1)
(nlsat :conflicts 1 :decisions 0 :propagations 66 :clauses 959 :learned 1)
(nlsat :conflicts 3 :decisions 0 :propagations 275 :clauses 935 :learned 3)
(nlsat :conflicts 3 :decisions 0 :propagations 264 :clauses 943 :learned 3)
(nlsat :conflicts 1 :decisions 0 :propagations 101 :clauses 933 :learned 1)
(nlsat :conflicts 1 :decisions 0 :propagations 70 :clauses 935 :learned 1)
(nlsat :conflicts 2 :decisions 0 :propagations 131 :clauses 964 :learned 2)
(nlsat :conflicts 4 :decisions 0 :propagations 306 :clauses 964 :learned 4)
(nlsat :conflicts 1 :decisions 0 :propagations 227 :clauses 980 :learned 1)
(nlsat :conflicts 1 :decisions 0 :propagations 91 :clauses 983 :learned 1)
(nlsat :conflicts 3 :decisions 0 :propagations 267 :clauses 929 :learned 3)
(nlsat :conflicts 1 :decisions 0 :propagations 77 :clauses 969 :learned 1)
(nlsat :conflicts 1 :decisions 0 :propagations 76 :clauses 983 :learned 1)
(nlsat :conflicts 4 :decisions 0 :propagations 291 :clauses 956 :learned 4)
(nlsat :conflicts 1 :decisions 0 :propagations 27 :clauses 894 :learned 1)
(nlsat :conflicts 1 :decisions 0 :propagations 27 :clauses 907 :learned 1)
(nlsat :conflicts 1 :decisions 0 :propagations 114 :clauses 949 :learned 1)
(nlsat :conflicts 1 :decisions 0 :propagations 106 :clauses 912 :learned 1)
(nlsat :conflicts 3 :decisions 0 :propagations 251 :clauses 952 :learned 3)
(nlsat :conflicts 1 :decisions 0 :propagations 152 :clauses 1092 :learned 1)
(nlsat :conflicts 3 :decisions 0 :propagations 253 :clauses 967 :learned 3)
(nlsat :conflicts 3 :decisions 0 :propagations 263 :clauses 944 :learned 3)
(nlsat :conflicts 3 :decisions 0 :propagations 278 :clauses 957 :learned 3)
(nlsat :conflicts 3 :decisions 0 :propagations 243 :clauses 971 :learned 3)
(nlsat :conflicts 3 :decisions 0 :propagations 288 :clauses 964 :learned 3)
(nlsat :conflicts 1 :decisions 0 :propagations 68 :clauses 957 :learned 1)
(nlsat :conflicts 1 :decisions 0 :propagations 72 :clauses 957 :learned 1)
(nlsat :conflicts 3 :decisions 0 :propagations 282 :clauses 959 :learned 3)
(nlsat :conflicts 1 :decisions 0 :propagations 81 :clauses 965 :learned 1)
(nlsat :conflicts 1 :decisions 0 :propagations 81 :clauses 965 :learned 1)
(nlsat :conflicts 1 :decisions 0 :propagations 82 :clauses 961 :learned 1)
(smt.stats    5    647  63112  26513  3143/2751/56    1348/80     7    8   41.19)
(nlsat :conflicts 1 :decisions 0 :propagations 72 :clauses 921 :learned 1)
(nlsat :conflicts 4 :decisions 15 :propagations 29 :clauses 267 :learned 4)
(nlsat :conflicts 102 :decisions 58 :propagations 2894 :clauses 267 :learned 100)
(nlsat :conflicts 200 :decisions 85 :propagations 4734 :clauses 267 :learned 198)
(nlsat :conflicts 300 :decisions 120 :propagations 6353 :clauses 267 :learned 298)
(nlsat :conflicts 400 :decisions 174 :propagations 7830 :clauses 267 :learned 398)
(nlsat :conflicts 500 :decisions 203 :propagations 8790 :clauses 267 :learned 498)
ramon: poll                 wall=3.000s usage=2.946s mem=107MiB load=1.00 rootload=1.00
(nlsat :conflicts 600 :decisions 244 :propagations 10900 :clauses 267 :learned 598)
(nlsat :conflicts 700 :decisions 286 :propagations 11596 :clauses 267 :learned 698)
(nlsat :conflicts 801 :decisions 329 :propagations 13006 :clauses 267 :learned 798)
(nlsat :conflicts 900 :decisions 367 :propagations 14004 :clauses 267 :learned 896)
(nlsat :conflicts 1000 :decisions 432 :propagations 15447 :clauses 267 :learned 996)
ramon: poll                 wall=4.000s usage=3.946s mem=107MiB load=1.00 rootload=1.00
ramon: poll                 wall=5.000s usage=4.934s mem=107MiB load=0.99 rootload=0.98
(smt.searching)
(smt.stats :restarts     :decisions :clauses/bin/units       :simplify   :memory)
(smt.stats        :conflicts    :propagations        :lemmas      :deletions   )
(smt.stats    0      0      0      0  1477/1398/30       0/0     0    0   32.95)
(nlsat :conflicts 1 :decisions 0 :propagations 92 :clauses 462 :learned 1)
(nlsat :conflicts 5 :decisions 0 :propagations 214 :clauses 510 :learned 5)
(nlsat :conflicts 5 :decisions 0 :propagations 168 :clauses 677 :learned 5)
(nlsat :conflicts 6 :decisions 0 :propagations 185 :clauses 525 :learned 6)
(nlsat :conflicts 6 :decisions 0 :propagations 186 :clauses 540 :learned 6)
(nlsat :conflicts 1 :decisions 0 :propagations 132 :clauses 556 :learned 1)
(nlsat :conflicts 1 :decisions 0 :propagations 154 :clauses 595 :learned 1)
(nlsat :conflicts 1 :decisions 0 :propagations 53 :clauses 680 :learned 1)
(smt.stats    0    101   1996   1375  1598/1463/37     162/13     2    2   35.86)
(nlsat :conflicts 1 :decisions 0 :propagations 76 :clauses 666 :learned 1)
(nlsat :conflicts 2 :decisions 0 :propagations 209 :clauses 719 :learned 2)
(smt.stats    1    202   3528   2781  1871/1746/43     399/26     3    7   36.23)
(nlsat :conflicts 8 :decisions 0 :propagations 280 :clauses 758 :learned 8)
(nlsat :conflicts 5 :decisions 0 :propagations 272 :clauses 799 :learned 5)
(nlsat :conflicts 1 :decisions 0 :propagations 236 :clauses 773 :learned 1)
(nlsat :conflicts 1 :decisions 0 :propagations 208 :clauses 767 :learned 1)
(nlsat :conflicts 2 :decisions 0 :propagations 241 :clauses 793 :learned 2)
(nlsat :conflicts 2 :decisions 0 :propagations 258 :clauses 800 :learned 2)
(nlsat :conflicts 2 :decisions 0 :propagations 263 :clauses 825 :learned 2)
(nlsat :conflicts 2 :decisions 0 :propagations 70 :clauses 812 :learned 2)
(nlsat :conflicts 2 :decisions 0 :propagations 72 :clauses 830 :learned 2)
(smt.stats    2    313  10477   5014  2068/1794/43     587/34     3    7   37.39)
(nlsat :conflicts 2 :decisions 0 :propagations 77 :clauses 870 :learned 2)
(nlsat :conflicts 3 :decisions 0 :propagations 283 :clauses 840 :learned 3)
ramon: poll                 wall=6.000s usage=5.934s mem=108MiB load=1.00 rootload=1.00
(nlsat :conflicts 3 :decisions 0 :propagations 285 :clauses 853 :learned 3)
(nlsat :conflicts 1 :decisions 0 :propagations 128 :clauses 854 :learned 1)
(nlsat :conflicts 1 :decisions 0 :propagations 90 :clauses 891 :learned 1)
(nlsat :conflicts 3 :decisions 0 :propagations 303 :clauses 885 :learned 3)
(nlsat :conflicts 2 :decisions 0 :propagations 234 :clauses 843 :learned 2)
(nlsat :conflicts 2 :decisions 0 :propagations 278 :clauses 857 :learned 2)
(nlsat :conflicts 3 :decisions 0 :propagations 294 :clauses 872 :learned 3)
(nlsat :conflicts 2 :decisions 0 :propagations 272 :clauses 871 :learned 2)
(smt.stats    3    415  20605  10119  2373/2235/51     797/49     4    8   38.14)
(nlsat :conflicts 1 :decisions 0 :propagations 80 :clauses 769 :learned 1)
(nlsat :conflicts 1 :decisions 0 :propagations 130 :clauses 799 :learned 1)
(nlsat :conflicts 1 :decisions 0 :propagations 57 :clauses 825 :learned 1)
(smt.stats    4    518  38490  15107  2606/2417/60    1263/57     5   11   38.86)
ramon: end                  Mon Jan 13 16:28:58 2025
ramon: root.execname        z3
ramon: root.utime           6.230s
ramon: root.stime           0.040s
ramon: group.total          6.278s
ramon: group.utime          6.238s
ramon: group.stime          0.040s
ramon: group.mempeak        108MiB
ramon: group.pidpeak        3
ramon: status               exited
ramon: exitcode             0
ramon: walltime             6.340s
ramon: loadavg              0.99
