ramon: cwd                  /home/gh1/A/_work/z3-poly-testing/z3-poly-testing
ramon: start                Mon Jan 13 16:38:59 2025
ramon: nproc                32
ramon: sys.mem              63441 MiB
ramon: sys.mem.free         50996 MiB
ramon: sys.mem.avail        63204 MiB
ramon: sys.nprocs           1112
ramon: argv                 0 = z3
ramon: argv                 1 = inputs/QF_NIA_CInteger/Stroeder_15__ChenFlurMukhopadhyay-SAS2012-Ex2.03_false-termination.c__p21056_terminationG_0.smt2
ramon: argv                 2 = -T:60
ramon: argv                 3 = -v:2
ramon: argv                 4 = -st
ramon: argv                 5 = model_validate=true
ramon: childpid             53912
(sat.solver)
(sat.copy :learned 0)
(sat.stats   :conflicts  :restarts        :learned/bin    :gc          :time)
(sat.stats          :decisions :clauses/bin      :units       :memory       )
(sat.stats      0      0    0 15113/5905     0/0   0       0    21.77   0.00)
 (sat-cleaner :elim-literals 26 :elim-clauses 21 :cost 28739 :time 0.00)
 (sat-cleaner :elim-literals 2 :elim-clauses 0 :cost 31027 :time 0.00)
 (sat-cleaner :elim-literals 1289 :elim-clauses 1429 :cost 31470 :time 0.00)
 (sat-cleaner :elim-literals 904 :elim-clauses 2267 :cost 24283 :time 0.00)
(sat.stats    483   1084    0  8821/3964   185/20 2811       0    21.77   0.01)
(smt.searching)
(smt.stats :restarts     :decisions :clauses/bin/units     :simplify   :memory)
(smt.stats        :conflicts    :propagations      :lemmas      :deletions   )
(smt.stats    0      0      0      0   151/134/8       0/0     0    0   18.70)
(nlsat :conflicts 5 :decisions 0 :propagations 38 :clauses 62 :learned 5)
(nlsat :conflicts 3 :decisions 0 :propagations 36 :clauses 80 :learned 3)
(nlsat :conflicts 3 :decisions 0 :propagations 45 :clauses 81 :learned 3)
(nlsat :conflicts 3 :decisions 0 :propagations 45 :clauses 82 :learned 3)
(nlsat :conflicts 3 :decisions 0 :propagations 45 :clauses 82 :learned 3)
(nlsat :conflicts 2 :decisions 0 :propagations 46 :clauses 81 :learned 2)
(nlsat :conflicts 1 :decisions 0 :propagations 23 :clauses 80 :learned 1)
(nlsat :conflicts 2 :decisions 0 :propagations 43 :clauses 78 :learned 2)
ramon: end                  Mon Jan 13 16:38:59 2025
ramon: root.execname        z3
ramon: root.utime           0.040s
ramon: root.stime           0.000s
ramon: group.total          0.052s
ramon: group.utime          0.043s
ramon: group.stime          0.009s
ramon: group.mempeak        30004KiB
ramon: group.pidpeak        3
ramon: status               exited
ramon: exitcode             0
ramon: walltime             0.122s
ramon: loadavg              0.42
