sat
(:added-eqs                       2791
 :arith-eq-adapter                379
 :arith-bound-propagations-lp     467
 :arith-branch                    2
 :arith-conflicts                 656
 :arith-diseq                     1049
 :arith-fixed-eqs                 468
 :arith-gcd-calls                 41
 :arith-grobner-calls             136
 :arith-grobner-conflicts         71
 :arith-horner-calls              36
 :arith-horner-conflicts          1
 :arith-horner-cross-nested-forms 8583
 :arith-lower                     1115
 :arith-make-feasible             1464
 :arith-max-columns               261
 :arith-max-rows                  133
 :arith-nla-add-bounds            10
 :arith-nla-lemmas                414
 :arith-nla-propagate-bounds      162
 :arith-nla-propagate-eq          1789
 :arith-nra-calls                 45
 :arith-offset-eqs                267
 :arith-patches                   41
 :arith-patches-success           37
 :arith-upper                     1725
 :binary-propagations             1493
 :cnf-encoding-aux-vars           4
 :conflicts                       154
 :decisions                       3174
 :del-clause                      1191
 :elim-unconstrained              4
 :final-checks                    249
 :max-memory                      152.52
 :memory                          87.15
 :minimized-lits                  29
 :mk-bool-var                     2398
 :mk-clause                       1879
 :mk-clause-binary                713
 :nlsat-conflicts                 5519
 :nlsat-decisions                 880
 :nlsat-irrational-assignments    3
 :nlsat-propagations              69366
 :nlsat-restarts                  7
 :nlsat-stages                    31289
 :num-allocs                      1177989802
 :num-checks                      1
 :propagations                    4644
 :restarts                        1
 :rlimit-count                    2543678
 :sat-backjumps                   501
 :sat-conflicts                   501
 :sat-decisions                   2754
 :sat-del-clause                  57600
 :sat-elim-bool-vars-res          11036
 :sat-elim-literals               783
 :sat-minimized-lits              1047
 :sat-mk-clause-2ary              34812
 :sat-mk-clause-3ary              13952
 :sat-mk-clause-nary              93105
 :sat-mk-var                      22940
 :sat-probing-assigned            41
 :sat-propagations-2ary           251817
 :sat-propagations-nary           202078
 :sat-restarts                    50
 :sat-scc-elim-binary             37
 :sat-scc-elim-vars               44
 :sat-subs-resolution             631
 :sat-subs-resolution-dyn         90
 :sat-subsumed                    11992
 :sat-units                       51
 :solve-eqs-elim-vars             11
 :solve-eqs-steps                 142
 :time                            2.52
 :total-time                      2.52)
