ramon: cwd                  /home/gh1/A/_work/z3-poly-testing/z3-poly-testing
ramon: start                Mon Jan 13 16:42:27 2025
ramon: nproc                32
ramon: sys.mem              63441 MiB
ramon: sys.mem.free         50953 MiB
ramon: sys.mem.avail        63202 MiB
ramon: sys.nprocs           1107
ramon: argv                 0 = z3
ramon: argv                 1 = inputs/QF_NIA_CInteger/Stroeder_15__NO_23.c__terminationS_1_0.smt2
ramon: argv                 2 = -T:60
ramon: argv                 3 = -v:2
ramon: argv                 4 = -st
ramon: argv                 5 = model_validate=true
ramon: childpid             63317
(sat.solver)
(sat.copy :learned 0)
(sat.stats   :conflicts  :restarts         :learned/bin    :gc          :time)
(sat.stats          :decisions :clauses/bin       :units       :memory       )
(sat.stats      0      0    0 69950/26053     0/0   1       0    36.36   0.00)
 (sat-cleaner :elim-literals 3 :elim-clauses 2 :cost 134846 :time 0.00)
(sat.stats    272    863    0 69944/26052   271/24   3       0    36.94   0.01)
(sat.stats    272    863    0 69944/26052   271/24   3       0    36.94   0.01)
(sat.stats    272    863    0 69944/26052   271/24   3       0    36.94   0.01)
(sat.simplify :simplifications 1)
 (sat-scc :elim-vars 77 :elim-bin 38 :units 7 :time 0.01)
 (sat-cleaner :elim-literals 12 :elim-clauses 11 :cost 137703 :time 0.00)
 (sat-cleaner :elim-literals 0 :elim-clauses 0 :cost 176085 :time 0.00)
 (sat-probing :probing-assigned 21 :cost 117430644.03 :time 0.02)
(sat.stats    272    863    0 56045/10149    84/15  56       0    44.03   0.14)
 (sat-cleaner :elim-literals 221 :elim-clauses 192 :cost 161301 :time 0.00)
(sat.stats    275    897    1 55767/10201    87/15  56       0    44.03   0.14)
(sat.stats :conflicts    :restarts        :learned/bin      :gc          :time)
(sat.stats        :decisions :clauses/bin         :units        :memory       )
(sat.stats    279    921    2 55767/10201    91/15  56       0    44.03   0.14)
(sat.stats    283    924    3 55767/10201    95/15  56       0    44.03   0.14)
(sat.stats    287    927    4 55767/10201    99/15  56       0    44.03   0.14)
(sat.stats    290    930    5 55767/10201   102/15  56       0    44.03   0.14)
(sat.stats    293    939    6 55767/10201   105/15  56       0    44.03   0.14)
(sat.stats    296    955    7 55767/10201   108/15  56       0    44.03   0.14)
(sat.stats    299    973    8 55767/10201   111/15  56       0    44.03   0.14)
(sat.stats    302    993    9 55767/10201   114/15  56       0    44.03   0.14)
(sat.stats    371   1140   10 55767/10201   183/18  56       0    44.03   0.15)
(sat.stats    374   1143   11 55767/10201   186/18  56       0    44.03   0.15)
(sat.stats    377   1146   12 55767/10201   189/18  56       0    44.03   0.15)
(sat.stats    380   1148   13 55767/10201   192/18  56       0    44.03   0.15)
(sat.stats    384   1153   14 55767/10201   196/18  56       0    44.03   0.15)
(sat.stats    501   1291   18 55767/10201   313/22  56       0    44.03   0.15)
(smt.searching)
(smt.stats :restarts     :decisions :clauses/bin/units      :simplify   :memory)
(smt.stats        :conflicts    :propagations       :lemmas      :deletions   )
(smt.stats    0      0      0      0   109/100/14       0/0     0    0   55.97)
(nlsat :conflicts 3 :decisions 0 :propagations 40 :clauses 72 :learned 3)
(nlsat :conflicts 5 :decisions 0 :propagations 34 :clauses 107 :learned 5)
(nlsat :conflicts 2 :decisions 0 :propagations 37 :clauses 114 :learned 2)
(nlsat :conflicts 2 :decisions 0 :propagations 32 :clauses 78 :learned 2)
(nlsat :conflicts 2 :decisions 0 :propagations 45 :clauses 88 :learned 2)
(nlsat :conflicts 4 :decisions 0 :propagations 36 :clauses 89 :learned 4)
(nlsat :conflicts 3 :decisions 0 :propagations 50 :clauses 88 :learned 3)
(nlsat :conflicts 2 :decisions 0 :propagations 41 :clauses 87 :learned 2)
(nlsat :conflicts 2 :decisions 0 :propagations 42 :clauses 82 :learned 2)
(nlsat :conflicts 3 :decisions 0 :propagations 42 :clauses 84 :learned 3)
ramon: end                  Mon Jan 13 16:42:27 2025
ramon: root.execname        z3
ramon: root.utime           0.310s
ramon: root.stime           0.010s
ramon: group.total          0.331s
ramon: group.utime          0.315s
ramon: group.stime          0.016s
ramon: group.mempeak        95856KiB
ramon: group.pidpeak        3
ramon: status               exited
ramon: exitcode             0
ramon: walltime             0.381s
ramon: loadavg              0.87
