unsat
(:added-eqs                       667
 :arith-eq-adapter                64
 :arith-bound-propagations-lp     45
 :arith-conflicts                 187
 :arith-diseq                     208
 :arith-fixed-eqs                 21
 :arith-gcd-calls                 16
 :arith-grobner-calls             74
 :arith-grobner-conflicts         7
 :arith-horner-calls              25
 :arith-horner-conflicts          3
 :arith-horner-cross-nested-forms 2968
 :arith-lower                     412
 :arith-make-feasible             534
 :arith-max-columns               91
 :arith-max-rows                  37
 :arith-nla-add-bounds            36
 :arith-nla-lemmas                110
 :arith-nla-propagate-bounds      63
 :arith-nla-propagate-eq          180
 :arith-nra-calls                 72
 :arith-offset-eqs                11
 :arith-patches                   16
 :arith-patches-success           16
 :arith-upper                     792
 :binary-propagations             1784
 :conflicts                       169
 :decisions                       2658
 :del-clause                      168
 :elim-unconstrained              3
 :final-checks                    157
 :max-memory                      293.87
 :memory                          162.59
 :minimized-lits                  92
 :mk-bool-var                     533
 :mk-clause                       373
 :mk-clause-binary                279
 :nlsat-conflicts                 4597
 :nlsat-decisions                 221
 :nlsat-propagations              51576
 :nlsat-stages                    23456
 :num-allocs                      1786936899
 :num-checks                      1
 :propagations                    2987
 :restarts                        1
 :rlimit-count                    2895142
 :sat-backjumps                   501
 :sat-conflicts                   501
 :sat-decisions                   1919
 :sat-del-clause                  105424
 :sat-elim-bool-vars-res          20651
 :sat-elim-clauses                1100
 :sat-elim-literals               1044
 :sat-minimized-lits              3703
 :sat-mk-clause-2ary              73838
 :sat-mk-clause-3ary              25707
 :sat-mk-clause-nary              174993
 :sat-mk-var                      45136
 :sat-probing-assigned            215
 :sat-propagations-2ary           716415
 :sat-propagations-nary           621560
 :sat-restarts                    51
 :sat-scc-elim-binary             96
 :sat-scc-elim-vars               89
 :sat-subs-resolution             606
 :sat-subs-resolution-dyn         619
 :sat-subsumed                    22367
 :sat-units                       340
 :time                            0.98
 :total-time                      0.98)
