ramon: cwd                  /home/gh1/A/_work/z3-poly-testing/z3-poly-testing
ramon: start                Thu Jan 30 16:58:23 2025
ramon: nproc                32
ramon: sys.mem              63441 MiB
ramon: sys.mem.free         23953 MiB
ramon: sys.mem.avail        59338 MiB
ramon: sys.nprocs           1490
ramon: argv                 0 = z3
ramon: argv                 1 = inputs/alive-arm-tv-smt-benchmarks/GrVsNHfw1CUI.smt2
ramon: argv                 2 = -T:10
ramon: argv                 3 = -v:2
ramon: argv                 4 = -st
ramon: argv                 5 = tactic.default_tactic=(then simplify propagate-values solve-eqs simplify smt)
ramon: argv                 6 = smt.sls.enable=false
ramon: argv                 7 = smt.sls.parallel=false
ramon: argv                 8 = model_validate=true
ramon: argv                 9 = smt.bv.solver=2
ramon: argv                 10 = sls.arith_use_clausal_lookahead=true
ramon: childpid             3201231
(smt.searching)
(smt.stats :restarts     :decisions   :clauses/bin/units :simplify   :memory)
(smt.stats        :conflicts    :propagations    :lemmas      :deletions   )
(smt.stats    0      0      0      0     0/0/1       0/0     0    0   17.80)
(smt.stats    0    101   3798    991  1267/1135/112     111/12     3   17   19.18)
band: (band[53] (if (= #403 63) 1 (if #609 3 #861)) (shl[64] (* 2 #380) (mod #876 64))) 0 := 16383&2
band: (band[53] (if (= #403 63) 1 (if #609 3 #861)) (shl[64] (* 2 #380) (mod #876 64))) 0 := 16383&2
band: (band[53] (if (= #403 63) 1 (if #609 3 #861)) (shl[64] (* 2 #380) (mod #876 64))) 0 := 16383&2
band: (band[53] (if (= #403 63) 1 (if #609 3 #861)) (shl[64] (* 2 #380) (mod #876 64))) 0 := 16383&2
band: (band[53] (if (= #403 63) 1 (if #609 3 #861)) (shl[64] (* 2 #380) (mod #876 64))) 0 := 16383&4
band: (band[53] (if (= #403 63) 1 (if #609 3 #861)) (shl[64] (* 2 #380) (mod #876 64))) 0 := 16383&2
band: (band[53] (if (= #403 63) 1 (if #609 3 #861)) (shl[64] (* 2 #380) (mod #876 64))) 0 := 16383&0
shl: (shl[64] (* 2 (bv2int %0)) (mod (+ 52 #868 #872) 64)) 9007199254740992 := 9007199254740992 << 13
band: (band[53] (if (= #403 63) 1 (if #609 3 #861)) (shl[64] (* 2 #380) (mod #876 64))) 0 := 16383&0
shl: (shl[64] (* 2 (bv2int %0)) (mod (+ 52 #868 #872) 64)) 9007199254740992 := 9007199254740992 << 13
band: (band[53] (if (= #403 63) 1 (if #609 3 #861)) (shl[64] (* 2 #380) (mod #876 64))) 0 := 16383&0
shl: (shl[64] (* 2 (bv2int %0)) (mod (+ 52 #868 #872) 64)) 9007199254740992 := 9007199254740992 << 13
band: (band[53] (if (= #403 63) 1 (if #609 3 #861)) (shl[64] (* 2 #380) (mod #876 64))) 0 := 16383&0
shl: (shl[64] (* 2 (bv2int %0)) (mod (+ 52 #868 #872) 64)) 9007199254740992 := 9007199254740992 << 13
(smt.stats    1    203   6350   4526  1681/1515/130     207/23     5   22   19.38)
band: (band[53] (if (= #403 63) 1 (if #609 3 #861)) (shl[64] (* 2 #380) (mod #876 64))) 0 := 16383&0
shl: (shl[53] (bv2int %0) (+ 53 (* 9007199254740991 #117))) 9007199254740991 := 0 << 14
band: (band[53] (if (= #403 63) 1 (if #609 3 #861)) (shl[64] (* 2 #380) (mod #876 64))) 0 := 16383&0
shl: (shl[53] (bv2int %0) (+ 53 (* 9007199254740991 #117))) 9007199254740991 := 0 << 14
band: (band[53] (if (= #403 63) 1 (if #609 3 #861)) (shl[64] (* 2 #380) (mod #876 64))) 0 := 16383&0
shl: (shl[53] (bv2int %0) (+ 53 (* 9007199254740991 #117))) 1 := 0 << 14
band: (band[53] (if (= #403 63) 1 (if #609 3 #861)) (shl[64] (* 2 #380) (mod #876 64))) 0 := 16383&0
shl: (shl[53] (bv2int %0) (+ 53 (* 9007199254740991 #117))) 1 := 0 << 14
(smt.stats    2    314   9615  10103  1994/1670/136     318/39     5   22   19.58)
band: (band[53] (if (= #403 63) 1 (if #609 3 #861)) (shl[64] (* 2 #380) (mod #876 64))) 0 := 16383&1
band: (band[53] (if (= #403 63) 1 (if #609 3 #861)) (shl[64] (* 2 #380) (mod #876 64))) 0 := 16383&1
band: (band[53] (if (= #403 63) 1 (if #609 3 #861)) (shl[64] (* 2 #380) (mod #876 64))) 0 := 16383&4
band: (band[53] (if (= #403 63) 1 (if #609 3 #861)) (shl[64] (* 2 #380) (mod #876 64))) 0 := 16383&4
band: (band[53] (if (= #403 63) 1 (if #609 3 #861)) (shl[64] (* 2 #380) (mod #876 64))) 0 := 16383&8
band: (band[53] (if (= #403 63) 1 (if #609 3 #861)) (shl[64] (* 2 #380) (mod #876 64))) 0 := 16383&8
band: (band[53] (if (= #403 63) 1 (if #609 3 #861)) (shl[64] (* 2 #380) (mod #876 64))) 0 := 16383&16
band: (band[53] (if (= #403 63) 1 (if #609 3 #861)) (shl[64] (* 2 #380) (mod #876 64))) 0 := 16383&8
band: (band[53] (if (= #403 63) 1 (if #609 3 #861)) (shl[64] (* 2 #380) (mod #876 64))) 0 := 16383&32
band: (band[53] (if (= #403 63) 1 (if #609 3 #861)) (shl[64] (* 2 #380) (mod #876 64))) 0 := 16383&32
band: (band[53] (if (= #403 63) 1 (if #609 3 #861)) (shl[64] (* 2 #380) (mod #876 64))) 0 := 16383&64
band: (band[53] (if (= #403 63) 1 (if #609 3 #861)) (shl[64] (* 2 #380) (mod #876 64))) 0 := 16383&128
band: (band[53] (if (= #403 63) 1 (if #609 3 #861)) (shl[64] (* 2 #380) (mod #876 64))) 0 := 16383&32
band: (band[53] (if (= #403 63) 1 (if #609 3 #861)) (shl[64] (* 2 #380) (mod #876 64))) 0 := 16383&64
band: (band[53] (if (= #403 63) 1 (if #609 3 #861)) (shl[64] (* 2 #380) (mod #876 64))) 0 := 16383&256
band: (band[53] (if (= #403 63) 1 (if #609 3 #861)) (shl[64] (* 2 #380) (mod #876 64))) 0 := 16383&192
band: (band[53] (if (= #403 63) 1 (if #609 3 #861)) (shl[64] (* 2 #380) (mod #876 64))) 0 := 16383&128
band: (band[53] (if (= #403 63) 1 (if #609 3 #861)) (shl[64] (* 2 #380) (mod #876 64))) 127 := 16383&128
band: (band[53] (if (= #403 63) 1 (if #609 3 #861)) (shl[64] (* 2 #380) (mod #876 64))) 0 := 16383&128
band: (band[53] (if (= #403 63) 1 (if #609 3 #861)) (shl[64] (* 2 #380) (mod #876 64))) 128 := 16383&192
band: (band[53] (if (= #403 63) 1 (if #609 3 #861)) (shl[64] (* 2 #380) (mod #876 64))) 128 := 16383&192
band: (band[53] (if (= #403 63) 1 (if #609 3 #861)) (shl[64] (* 2 #380) (mod #876 64))) 0 := 16383&32
band: (band[53] (if (= #403 63) 1 (if #609 3 #861)) (shl[64] (* 2 #380) (mod #876 64))) 0 := 16383&32
band: (band[53] (if (= #403 63) 1 (if #609 3 #861)) (shl[64] (* 2 #380) (mod #876 64))) 0 := 16383&48
band: (band[53] (if (= #403 63) 1 (if #609 3 #861)) (shl[64] (* 2 #380) (mod #876 64))) 16 := 16383&48
band: (band[53] (if (= #403 63) 1 (if #609 3 #861)) (shl[64] (* 2 #380) (mod #876 64))) 32 := 16383&48
band: (band[53] (if (= #403 63) 1 (if #609 3 #861)) (shl[64] (* 2 #380) (mod #876 64))) 32 := 16383&32
shl: (shl[64] (* 2 (bv2int %0)) (mod (+ 52 #868 #872) 64)) 32 := 2 << 13
(smt.stats    3    415  11057  13918  2191/1985/245     454/62     8   53   20.01)
(smt.stats    4    526  12691  17801  2501/2022/246     561/93     8   53   20.11)
(smt.stats    5    648  16726  23654  2709/2445/246     686/104     9   54   20.21)
(smt.stats :restarts :decisions    :clauses/bin/units          :simplify    :memory)
(smt.stats      :conflicts  :propagations           :lemmas         :deletions    )
(smt.stats    6    749  19691  29424  2753/2496/247     810/122    10   56   20.30)
(smt.stats    7    860  22541  34055  2772/2513/247     945/122    10   56   20.30)
(smt.stats    8    982  25027  39456  2798/2528/251    1091/160    11   60   20.40)
(smt.stats    9   1116  26858  43382  2881/2577/252    1227/162    12   69   20.51)
ramon: poll                 wall=1.000s usage=0.870s mem=21620KiB load=0.87 rootload=0.86
(smt.stats   10   1217  28643  47988  2904/2634/259    1315/206    14   84   20.51)
(smt.stats   11   1328  30014  52926  2923/2641/260    1435/206    14   84   20.51)
(smt.stats   12   1450  30998  56410  2944/2670/260    1561/210    15   87   20.61)
band: (band[53] (if (= #403 63) 1 (if #609 3 #861)) (shl[64] (* 2 #380) (mod #876 64))) 0 := 9007199254740991&2
band: (band[53] (if (= #403 63) 1 (if #609 3 #861)) (shl[64] (* 2 #380) (mod #876 64))) 0 := 9007199254740991&2
band: (band[53] (if (= #403 63) 1 (if #609 3 #861)) (shl[64] (* 2 #380) (mod #876 64))) 0 := 9007199254740991&2
band: (band[53] (if (= #403 63) 1 (if #609 3 #861)) (shl[64] (* 2 #380) (mod #876 64))) 2 := 9007199254740991&3
band: (band[53] (if (= #403 63) 1 (if #609 3 #861)) (shl[64] (* 2 #380) (mod #876 64))) 8192 := 9007199254740991&8448
band: (band[53] (if (= #403 63) 1 (if #609 3 #861)) (shl[64] (* 2 #380) (mod #876 64))) 8192 := 9007199254740991&8704
band: (band[53] (if (= #403 63) 1 (if #609 3 #861)) (shl[64] (* 2 #380) (mod #876 64))) 8192 := 9007199254740991&8704
band: (band[53] (if (= #403 63) 1 (if #609 3 #861)) (shl[64] (* 2 #380) (mod #876 64))) 8192 := 9007199254740991&9216
band: (band[53] (if (= #403 63) 1 (if #609 3 #861)) (shl[64] (* 2 #380) (mod #876 64))) 8192 := 9007199254740991&10240
band: (band[53] (if (= #403 63) 1 (if #609 3 #861)) (shl[64] (* 2 #380) (mod #876 64))) 8192 := 9007199254740991&10240
band: (band[53] (if (= #403 63) 1 (if #609 3 #861)) (shl[64] (* 2 #380) (mod #876 64))) 8192 := 9007199254740991&12288
band: (band[53] (if (= #403 63) 1 (if #609 3 #861)) (shl[64] (* 2 #380) (mod #876 64))) 8192 := 9007199254740991&10240
band: (band[53] (if (= #403 63) 1 (if #609 3 #861)) (shl[64] (* 2 #380) (mod #876 64))) 8192 := 9007199254740991&12288
band: (band[53] (if (= #403 63) 1 (if #609 3 #861)) (shl[64] (* 2 #380) (mod #876 64))) 8192 := 9007199254740991&16384
(smt.stats   13   1584  32310  61736  3047/2703/268    1729/216    16   88   21.28)
(smt.stats   14   1731  32798  62688  3185/2805/323    1990/222    16   88   21.28)
(smt.stats :restarts :decisions    :clauses/bin/units          :simplify    :memory)
(smt.stats     :conflicts   :propagations          :lemmas         :deletions     )
(smt.stats   15   1832  33674  69542  3504/3087/323    2222/265    17  105   21.37)
(smt.stats   16   1943  34890  78763  3735/3468/326    2414/332    18  111   21.37)
(smt.stats   17   2065  37302  91913  3767/3482/328    3088/391    19  117   21.47)
(smt.stats   18   2199  40074 104089  3798/3505/328    4192/392    19  117   21.76)
(smt.stats   19   2346  45191 126980  3838/3537/328    4616/392    19  117   21.76)
(smt.stats   20   2507  48311 146192  3852/3574/329    5086/1368    20  120   21.76)
ramon: poll                 wall=2.298s usage=1.997s mem=23068KiB load=0.87 rootload=0.87
(smt.stats :restarts :decisions    :clauses/bin/units           :simplify    :memory)
(smt.stats     :conflicts  :propagations           :lemmas          :deletions     )
(smt.stats   21   2608  49387 153763  3952/3591/329    5335/1371    20  120   21.85)
band: (band[53] (if (= #403 63) 1 (if #609 3 #861)) (shl[64] (* 2 #380) (mod #876 64))) 8355 := 9007199254740991&334339
band: (band[53] (if (= #403 63) 1 (if #609 3 #861)) (shl[64] (* 2 #380) (mod #876 64))) 8335 := 9007199254740991&334339
band: (band[53] (if (= #403 63) 1 (if #609 3 #861)) (shl[64] (* 2 #380) (mod #876 64))) 8331 := 9007199254740991&334339
band: (band[53] (if (= #403 63) 1 (if #609 3 #861)) (shl[64] (* 2 #380) (mod #876 64))) 8323 := 9007199254740991&334339
band: (band[53] (if (= #403 63) 1 (if #609 3 #861)) (shl[64] (* 2 #380) (mod #876 64))) 8207 := 9007199254740991&334339
band: (band[53] (if (= #403 63) 1 (if #609 3 #861)) (shl[64] (* 2 #380) (mod #876 64))) 8203 := 9007199254740991&334339
band: (band[53] (if (= #403 63) 1 (if #609 3 #861)) (shl[64] (* 2 #380) (mod #876 64))) 8195 := 9007199254740991&334339
band: (band[53] (if (= #403 63) 1 (if #609 3 #861)) (shl[64] (* 2 #380) (mod #876 64))) 8195 := 9007199254740991&334339
band: (band[53] (if (= #403 63) 1 (if #609 3 #861)) (shl[64] (* 2 #380) (mod #876 64))) 8259 := 9007199254740991&334339
band: (band[53] (if (= #403 63) 1 (if #609 3 #861)) (shl[64] (* 2 #380) (mod #876 64))) 9219 := 9007199254740991&334339
band: (band[53] (if (= #403 63) 1 (if #609 3 #861)) (shl[64] (* 2 #380) (mod #876 64))) 8963 := 9007199254740991&334339
band: (band[53] (if (= #403 63) 1 (if #609 3 #861)) (shl[64] (* 2 #380) (mod #876 64))) 8707 := 9007199254740991&334339
(smt.stats   22   2719  51305 173116  4115/3699/329    5622/1378    20  120   21.99)
band: (band[53] (if (= #403 63) 1 (if #609 3 #861)) (shl[64] (* 2 #380) (mod #876 64))) 8711 := 9007199254740991&334339
band: (band[53] (if (= #403 63) 1 (if #609 3 #861)) (shl[64] (* 2 #380) (mod #876 64))) 8707 := 9007199254740991&334339
band: (band[53] (if (= #403 63) 1 (if #609 3 #861)) (shl[64] (* 2 #380) (mod #876 64))) 8963 := 9007199254740991&334339
band: (band[53] (if (= #403 63) 1 (if #609 3 #861)) (shl[64] (* 2 #380) (mod #876 64))) 9027 := 9007199254740991&334339
band: (band[53] (if (= #403 63) 1 (if #609 3 #861)) (shl[64] (* 2 #380) (mod #876 64))) 8771 := 9007199254740991&334339
band: (band[53] (if (= #403 63) 1 (if #609 3 #861)) (shl[64] (* 2 #380) (mod #876 64))) 8771 := 9007199254740991&334339
(smt.stats   23   2841  53367 187319  4342/3925/356    5999/1674    21  122   22.18)
(smt.stats   24   2975  56862 206536  4476/4092/356    6666/1815    22  128   22.18)
ramon: poll                 wall=3.003s usage=2.620s mem=23912KiB load=0.88 rootload=0.88
(smt.stats   25   3122  61116 231516  4524/4218/365    6893/1973    23  158   22.37)
(smt.stats   26   3283  65766 252962  4651/4276/365    7278/2053    24  187   22.47)
(smt.stats   27   3460  72672 293880  4733/4439/368    7991/2156    25  188   22.57)
ramon: poll                 wall=4.003s usage=3.577s mem=24180KiB load=0.96 rootload=0.96
(smt.stats   28   3561  75020 303907  4901/4473/368    8462/2159    25  188   22.76)
ramon: poll                 wall=5.015s usage=4.589s mem=24180KiB load=1.00 rootload=1.00
(smt.stats   29   3672  77171 318424  5173/4664/368    8821/2353    26  192   22.86)
(smt.stats   30   3794  78905 329240  5367/4923/368    9091/2355    26  192   22.95)
(smt.stats   31   3928  84461 360476  5390/5122/375    9432/2602    28  199   22.95)
(smt.stats   32   4075  88183 396551  5463/5170/377   10162/2606    28  199   23.05)
ramon: poll                 wall=6.968s usage=6.541s mem=24692KiB load=1.00 rootload=1.00
ramon: poll                 wall=7.011s usage=6.585s mem=24692KiB load=1.00 rootload=1.14
ramon: poll                 wall=8.000s usage=7.573s mem=24692KiB load=1.00 rootload=0.99
(smt.stats   33   4236  92438 415057  5766/5205/377   10515/3119    29  211   23.26)
(smt.stats   34   4413  98367 462492  5800/5512/377   10775/3119    29  211   23.49)
(smt.stats   35   4607 107095 537739  5950/5608/378   10987/3261    30  212   23.49)
(smt.stats   36   4708 110111 571484  6081/5716/378   11126/3264    30  212   23.49)
(smt.stats   37   4819 112484 595636  6110/5822/378   11463/3264    30  212   23.58)
ramon: poll                 wall=9.000s usage=8.573s mem=24948KiB load=1.00 rootload=1.00
(smt.stats   38   4941 115034 610456  6125/5852/383   11667/3453    31  226   23.58)
(smt.delete-inactive-clauses  :num-deleted-clauses 585)
(smt.stats   39   5075 117579 629128  6182/5876/384   11280/3486    32  268   23.67)
(smt.stats   40   5222 120158 650852  6305/6009/384   11535/3487    32  268   23.67)
(smt.stats :restarts :decisions    :clauses/bin/units           :simplify    :memory)
(smt.stats     :conflicts  :propagations          :lemmas           :deletions     )
(smt.stats   41   5383 124515 689128  6315/6048/387   11716/3528    33  272   23.84)
(smt.stats   42   5560 128219 726512  6327/6058/389   12089/3564    34  292   23.94)
(smt.stats   43   5754 136684 790270  6342/6074/389   12613/3564    34  292   24.06)
ramon: poll                 wall=10.007s usage=9.581s mem=25868KiB load=1.00 rootload=1.00
ramon: end                  Thu Jan 30 16:58:33 2025
ramon: root.execname        z3
ramon: root.utime           9.570s
ramon: root.stime           0.000s
ramon: group.total          9.582s
ramon: group.utime          9.574s
ramon: group.stime          0.008s
ramon: group.mempeak        25868KiB
ramon: group.pidpeak        2
ramon: status               exited
ramon: exitcode             0
ramon: walltime             10.009s
ramon: loadavg              0.96
