ramon: cwd                  /home/gh1/A/_work/z3-poly-testing/z3-poly-testing
ramon: start                Thu Jan 30 17:00:34 2025
ramon: nproc                32
ramon: sys.mem              63441 MiB
ramon: sys.mem.free         17345 MiB
ramon: sys.mem.avail        59338 MiB
ramon: sys.nprocs           1568
ramon: argv                 0 = z3
ramon: argv                 1 = inputs/alive-arm-tv-smt-benchmarks/IvfiW3gpcNpA.smt2
ramon: argv                 2 = -T:10
ramon: argv                 3 = -v:2
ramon: argv                 4 = -st
ramon: argv                 5 = tactic.default_tactic=(then simplify propagate-values solve-eqs simplify smt)
ramon: argv                 6 = smt.sls.enable=false
ramon: argv                 7 = smt.sls.parallel=false
ramon: argv                 8 = model_validate=true
ramon: argv                 9 = smt.bv.solver=2
ramon: argv                 10 = sls.arith_use_clausal_lookahead=true
ramon: childpid             3225583
(smt.searching)
(smt.stats :restarts     :decisions  :clauses/bin/units  :simplify   :memory)
(smt.stats        :conflicts    :propagations    :lemmas      :deletions   )
(smt.stats    0      0      0      0    10/8/1       0/0     0    0   17.79)
(smt.stats    0    101    271    370   223/90/78     103/10     1   14   18.57)
(smt.stats    1    202    607    827   446/425/79     206/17     2   14   18.67)
(smt.stats    2    313    920   1116   511/461/79     320/18     2   14   18.96)
(smt.stats    3    414   1202   1634   851/750/79     422/20     2   14   19.06)
(smt.stats    4    525   2189   3081  1083/1046/79     539/24     2   14   19.16)
(smt.stats    5    647   2672   4371  1314/1089/79     672/39     2   14   19.35)
(smt.stats :restarts  :decisions   :clauses/bin/units         :simplify   :memory)
(smt.stats      :conflicts   :propagations         :lemmas        :deletions    )
(smt.stats    6    748   3002   5163  1446/1330/79     775/53     2   14   19.54)
(smt.stats    7    859   3523   6001  1626/1544/79     900/66     2   14   19.73)
(smt.stats    8    981   3791   6234  1784/1770/79    1024/67     2   14   20.03)
(smt.stats    9   1115   4566   7723  2199/2186/572     499/40     4  660   20.03)
(smt.stats   10   1216   5200   8634  2231/2225/1040      30/16     7 1218   20.13)
ramon: poll                 wall=1.030s usage=0.929s mem=73728B load=0.90 rootload=0.87
ramon: end                  Thu Jan 30 17:00:35 2025
ramon: root.execname        z3
ramon: root.utime           0.900s
ramon: root.stime           0.020s
ramon: group.total          0.929s
ramon: group.utime          0.909s
ramon: group.stime          0.020s
ramon: group.mempeak        21540KiB
ramon: group.pidpeak        2
ramon: status               exited
ramon: exitcode             0
ramon: walltime             1.030s
ramon: loadavg              0.90
