ramon: cwd                  /home/gh1/A/_work/z3-poly-testing/z3-poly-testing
ramon: start                Thu Jan 30 17:31:00 2025
ramon: nproc                32
ramon: sys.mem              63441 MiB
ramon: sys.mem.free         23723 MiB
ramon: sys.mem.avail        59331 MiB
ramon: sys.nprocs           1352
ramon: argv                 0 = z3
ramon: argv                 1 = inputs/alive-arm-tv-smt-benchmarks/s4JVaIpIIXQZ.smt2
ramon: argv                 2 = -T:10
ramon: argv                 3 = -v:2
ramon: argv                 4 = -st
ramon: argv                 5 = tactic.default_tactic=(then simplify propagate-values solve-eqs simplify smt)
ramon: argv                 6 = smt.sls.enable=false
ramon: argv                 7 = smt.sls.parallel=false
ramon: argv                 8 = model_validate=true
ramon: argv                 9 = smt.bv.solver=2
ramon: argv                 10 = sls.arith_use_clausal_lookahead=true
ramon: childpid             3427364
(smt.searching)
(smt.stats :restarts     :decisions  :clauses/bin/units   :simplify   :memory)
(smt.stats        :conflicts    :propagations     :lemmas      :deletions   )
(smt.stats    0      0      0      0    19/10/1       0/0     0    0   18.00)
(smt.stats    0    101    861    531   305/234/231     106/44     4   43   19.55)
(smt.stats    1    202   1414    985   421/350/231     207/57     4   43   19.83)
ramon: poll                 wall=1.000s usage=0.997s mem=21268KiB load=1.00 rootload=0.99
(smt.stats    2    313   2254   2166   642/485/231     328/73     4   43   20.02)
(smt.stats    3    414   3305   4212   778/677/231     444/81     4   43   20.12)
(smt.stats    4    525   4917   6835   864/790/233     604/125     5   47   20.31)
(smt.stats    5    647   5874   8545   969/879/233     749/129     5   47   20.50)
(smt.stats :restarts  :decisions   :clauses/bin/units           :simplify   :memory)
(smt.stats      :conflicts  :propagations           :lemmas         :deletions    )
(smt.stats    6    748   6845  11250  1365/1164/233     870/134     5   47   20.69)
(smt.stats    7    859   7332  12783  1454/1327/233     994/138     5   47   20.79)
(smt.stats    8    981   8428  17179  1687/1599/233    1164/138     5   47   20.88)
(smt.stats    9   1115   9909  20145  1828/1687/234    1320/273     6   56   21.17)
(smt.stats   10   1216  10824  23093  2017/1806/234    1487/287     6   56   21.46)
ramon: poll                 wall=2.000s usage=1.997s mem=23256KiB load=1.00 rootload=0.99
(smt.stats   11   1327  12177  27523  2173/2030/234    1620/297     6   56   21.56)
(smt.stats :restarts :decisions    :clauses/bin/units           :simplify   :memory)
(smt.stats     :conflicts   :propagations          :lemmas          :deletions    )
(smt.stats   12   1449  14080  33476  2377/2316/236    1794/333     7   56   21.65)
(smt.stats   13   1583  15420  39277  2449/2334/238    1975/371     8   58   21.75)
(smt.stats   14   1730  17995  48336  2534/2416/238    2178/415     9   61   21.85)
(smt.stats   15   1831  19606  52333  2651/2525/238    2309/428     9   61   21.94)
(smt.stats   16   1942  20065  52861  2723/2630/238    2421/445     9   61   22.23)
(smt.stats   17   2064  21559  59795  3016/2925/239    2561/520    10   62   22.23)
(smt.stats   18   2198  24239  66858  3109/2971/239    2737/522    10   62   22.32)
ramon: poll                 wall=3.000s usage=2.996s mem=24228KiB load=1.00 rootload=1.00
(smt.stats   19   2345  26582  73247  3254/3061/239    2900/538    10   62   22.61)
(smt.stats   20   2506  27591  79765  3573/3274/239    3110/551    10   62   22.81)
(smt.stats   21   2607  28872  87960  3677/3525/239    3232/560    10   62   23.01)
(smt.stats   22   2718  29878  94515  3886/3612/239    3377/569    10   62   23.21)
(smt.stats   23   2840  30699  97122  4118/3845/239    3511/587    10   62   23.49)
ramon: poll                 wall=4.000s usage=3.996s mem=25548KiB load=1.00 rootload=1.00
(smt.stats   24   2974  32564 112129  4265/4101/239    3681/595    10   62   23.59)
(smt.stats   25   3121  35016 118668  4354/4211/239    3855/604    10   62   23.59)
(smt.stats   26   3282  37012 121859  4546/4331/239    4052/617    10   62   23.87)
(smt.stats   27   3459  39423 137678  4709/4601/240    4302/924    11   63   23.97)
ramon: poll                 wall=5.000s usage=4.996s mem=25900KiB load=1.00 rootload=0.99
(smt.stats   28   3560  40533 141972  4754/4652/240    4428/931    11   63   23.97)
(smt.stats   29   3671  41652 151252  4943/4701/240    4550/942    11   63   24.16)
(smt.stats   30   3793  43392 168355  5106/4896/240    4688/943    11   63   24.26)
(smt.stats   31   3927  45503 176760  5217/5063/240    4822/948    11   63   24.35)
(smt.stats :restarts :decisions    :clauses/bin/units          :simplify    :memory)
(smt.stats     :conflicts  :propagations           :lemmas          :deletions    )
(smt.stats   32   4074  48618 189807  5364/5159/240    4990/952    11   63   24.54)
(smt.stats   33   4235  51134 202856  5473/5308/240    5191/956    11   63   24.64)
ramon: poll                 wall=6.000s usage=5.996s mem=26780KiB load=1.00 rootload=1.00
(smt.stats   34   4412  54052 212084  5607/5415/240    5436/963    11   63   24.73)
(smt.stats   35   4606  56738 222620  5762/5539/241    5699/1078    12   65   24.93)
(smt.stats   36   4707  57770 231759  5945/5704/241    5816/1078    12   65   25.02)
(smt.stats   37   4818  58726 237934  6145/5897/241    5939/1078    12   65   25.21)
(smt.stats   38   4940  59157 239079  6246/6093/241    6073/1078    12   65   25.44)
(smt.delete-inactive-clauses  :num-deleted-clauses 0)
ramon: poll                 wall=7.000s usage=6.995s mem=27708KiB load=1.00 rootload=1.00
(smt.stats   39   5074  60887 245731  6382/6220/241    6254/1084    12   65   25.53)
(smt.stats   40   5221  62535 254230  6734/6383/241    6439/1088    12   65   25.91)
ramon: poll                 wall=8.001s usage=7.991s mem=28468KiB load=0.99 rootload=0.99
(smt.stats   41   5382  63935 266210  7185/6724/241    6621/1107    12   65   26.10)
(smt.stats   42   5559  66030 277008  7268/7157/241    6848/1112    12   65   26.20)
ramon: poll                 wall=9.000s usage=8.989s mem=29356KiB load=1.00 rootload=1.00
(smt.stats   43   5753  67513 287127  7765/7210/241    7067/1113    12   65   26.92)
(smt.stats   44   5966  70455 309738  8080/7808/241    7327/1126    12   65   27.11)
(smt.stats   45   6067  71968 314466  8117/8018/241    7499/1126    12   65   27.11)
(smt.stats   46   6178  72707 318984  8325/8060/241    7643/1135    12   65   27.30)
(smt.stats   47   6300  73782 325863  8730/8374/241    7806/1159    12   65   27.39)
ramon: poll                 wall=10.000s usage=9.989s mem=30264KiB load=1.00 rootload=1.00
ramon: end                  Thu Jan 30 17:31:10 2025
ramon: root.execname        z3
ramon: root.utime           10.060s
ramon: root.stime           0.020s
ramon: group.total          10.088s
ramon: group.utime          10.064s
ramon: group.stime          0.024s
ramon: group.mempeak        31020KiB
ramon: group.pidpeak        2
ramon: status               exited
ramon: exitcode             0
ramon: walltime             10.100s
ramon: loadavg              1.00
