ramon: cwd                  /home/gh1/A/_work/z3-poly-testing/z3-poly-testing
ramon: start                Fri Jan 31 11:50:36 2025
ramon: nproc                32
ramon: sys.mem              63441 MiB
ramon: sys.mem.free         12089 MiB
ramon: sys.mem.avail        63437 MiB
ramon: sys.nprocs           1553
ramon: argv                 0 = z3
ramon: argv                 1 = inputs/QF_LIA/n3556-RC-10.smt2
ramon: argv                 2 = -T:600
ramon: argv                 3 = -st
ramon: childpid             59449
ramon: end                  Fri Jan 31 11:50:36 2025
ramon: root.execname        z3
ramon: root.utime           0.000s
ramon: root.stime           0.010s
ramon: group.total          0.011s
ramon: group.utime          0.000s
ramon: group.stime          0.011s
ramon: group.mempeak        21336KiB
ramon: group.pidpeak        2
ramon: status               exited
ramon: exitcode             0
ramon: walltime             0.199s
ramon: loadavg              0.06
