ramon: cwd                  /home/gh1/A/_work/z3-poly-testing/z3-poly-testing
ramon: start                Fri Jan 31 12:14:27 2025
ramon: nproc                32
ramon: sys.mem              63441 MiB
ramon: sys.mem.free         1771 MiB
ramon: sys.mem.avail        63435 MiB
ramon: sys.nprocs           1532
ramon: argv                 0 = z3
ramon: argv                 1 = inputs/QF_LIA/n7390-prp-0-49.smt2
ramon: argv                 2 = -T:600
ramon: argv                 3 = -st
ramon: childpid             153329
ramon: poll                 wall=1.000s usage=0.956s mem=24072KiB load=0.96 rootload=0.95
ramon: poll                 wall=2.000s usage=1.932s mem=26044KiB load=0.98 rootload=0.96
ramon: poll                 wall=3.015s usage=2.937s mem=26440KiB load=0.99 rootload=1.00
ramon: poll                 wall=4.000s usage=3.921s mem=26952KiB load=1.00 rootload=0.99
ramon: poll                 wall=5.000s usage=4.921s mem=27720KiB load=1.00 rootload=1.00
ramon: poll                 wall=6.000s usage=5.921s mem=27976KiB load=1.00 rootload=1.00
ramon: poll                 wall=7.000s usage=6.921s mem=28232KiB load=1.00 rootload=1.00
ramon: poll                 wall=8.000s usage=7.921s mem=28488KiB load=1.00 rootload=1.00
ramon: poll                 wall=9.000s usage=8.921s mem=28744KiB load=1.00 rootload=1.00
ramon: poll                 wall=10.000s usage=9.921s mem=29000KiB load=1.00 rootload=1.00
ramon: poll                 wall=11.003s usage=10.925s mem=29256KiB load=1.00 rootload=1.00
ramon: poll                 wall=12.000s usage=11.818s mem=29572KiB load=0.90 rootload=0.86
ramon: poll                 wall=13.000s usage=12.749s mem=29636KiB load=0.93 rootload=0.93
ramon: poll                 wall=14.000s usage=13.740s mem=29636KiB load=0.99 rootload=0.99
ramon: poll                 wall=15.019s usage=14.759s mem=30052KiB load=1.00 rootload=1.00
ramon: poll                 wall=16.000s usage=15.734s mem=92140KiB load=0.99 rootload=0.97
ramon: poll                 wall=17.000s usage=16.734s mem=96068KiB load=1.00 rootload=1.00
ramon: poll                 wall=18.015s usage=17.749s mem=102MiB load=1.00 rootload=1.01
ramon: poll                 wall=19.000s usage=18.206s mem=136MiB load=0.46 rootload=0.46
ramon: poll                 wall=20.000s usage=19.203s mem=138MiB load=1.00 rootload=0.99
ramon: poll                 wall=21.003s usage=20.203s mem=139MiB load=1.00 rootload=1.00
ramon: poll                 wall=22.000s usage=21.171s mem=140MiB load=0.97 rootload=0.97
ramon: poll                 wall=23.000s usage=22.172s mem=139MiB load=1.00 rootload=0.99
ramon: poll                 wall=24.000s usage=23.163s mem=140MiB load=0.99 rootload=1.00
ramon: poll                 wall=25.019s usage=24.183s mem=141MiB load=1.00 rootload=1.00
ramon: poll                 wall=26.000s usage=25.162s mem=141MiB load=1.00 rootload=0.99
ramon: end                  Fri Jan 31 12:14:53 2025
ramon: root.execname        z3
ramon: root.utime           25.500s
ramon: root.stime           0.090s
ramon: group.total          25.605s
ramon: group.utime          25.509s
ramon: group.stime          0.096s
ramon: group.mempeak        144MiB
ramon: group.pidpeak        2
ramon: status               exited
ramon: exitcode             0
ramon: walltime             26.443s
ramon: loadavg              0.97
