ramon: cwd                  /home/gh1/A/_work/z3-poly-testing/z3-poly-testing
ramon: start                Fri Jan 31 11:52:35 2025
ramon: nproc                32
ramon: sys.mem              63441 MiB
ramon: sys.mem.free         2984 MiB
ramon: sys.mem.avail        63436 MiB
ramon: sys.nprocs           1538
ramon: argv                 0 = z3
ramon: argv                 1 = inputs/QF_LIA/n7444-prp-19-48.smt2
ramon: argv                 2 = -T:600
ramon: argv                 3 = -st
ramon: childpid             68755
ramon: poll                 wall=1.000s usage=0.942s mem=24164KiB load=0.94 rootload=0.93
ramon: poll                 wall=2.000s usage=1.938s mem=26000KiB load=1.00 rootload=1.00
ramon: poll                 wall=3.000s usage=2.932s mem=26376KiB load=0.99 rootload=0.99
ramon: poll                 wall=4.000s usage=3.921s mem=26504KiB load=0.99 rootload=0.99
ramon: poll                 wall=5.000s usage=4.921s mem=26760KiB load=1.00 rootload=1.00
ramon: poll                 wall=6.005s usage=5.929s mem=27272KiB load=1.00 rootload=1.01
ramon: poll                 wall=7.000s usage=6.921s mem=27528KiB load=1.00 rootload=0.99
ramon: poll                 wall=8.000s usage=7.921s mem=27784KiB load=1.00 rootload=1.00
ramon: poll                 wall=9.000s usage=8.921s mem=27868KiB load=1.00 rootload=1.00
ramon: poll                 wall=10.000s usage=9.920s mem=28212KiB load=1.00 rootload=1.00
ramon: poll                 wall=11.000s usage=10.919s mem=28064KiB load=1.00 rootload=1.00
ramon: poll                 wall=12.000s usage=11.918s mem=28564KiB load=1.00 rootload=1.00
ramon: poll                 wall=13.000s usage=12.918s mem=28444KiB load=1.00 rootload=0.99
ramon: poll                 wall=14.000s usage=13.875s mem=28736KiB load=0.96 rootload=0.96
ramon: poll                 wall=15.038s usage=14.905s mem=83104KiB load=0.99 rootload=0.97
ramon: poll                 wall=16.000s usage=15.864s mem=92276KiB load=1.00 rootload=0.99
ramon: poll                 wall=17.000s usage=16.864s mem=94028KiB load=1.00 rootload=1.00
ramon: poll                 wall=18.033s usage=17.899s mem=127MiB load=1.00 rootload=1.00
ramon: poll                 wall=19.000s usage=18.863s mem=127MiB load=1.00 rootload=0.99
ramon: poll                 wall=20.000s usage=19.862s mem=127MiB load=1.00 rootload=1.00
ramon: poll                 wall=21.000s usage=20.860s mem=129MiB load=1.00 rootload=1.00
ramon: poll                 wall=22.000s usage=21.839s mem=130MiB load=0.98 rootload=0.97
ramon: poll                 wall=23.000s usage=22.782s mem=130MiB load=0.94 rootload=0.94
ramon: poll                 wall=24.000s usage=23.598s mem=130MiB load=0.82 rootload=0.82
ramon: poll                 wall=25.000s usage=24.597s mem=130MiB load=1.00 rootload=1.00
ramon: poll                 wall=26.000s usage=25.597s mem=131MiB load=1.00 rootload=1.00
ramon: poll                 wall=27.000s usage=26.597s mem=131MiB load=1.00 rootload=1.00
ramon: poll                 wall=28.005s usage=27.604s mem=132MiB load=1.00 rootload=1.01
ramon: poll                 wall=29.000s usage=28.596s mem=132MiB load=1.00 rootload=0.99
ramon: poll                 wall=30.000s usage=29.595s mem=132MiB load=1.00 rootload=1.00
ramon: poll                 wall=31.025s usage=30.623s mem=132MiB load=1.00 rootload=1.01
ramon: poll                 wall=32.000s usage=31.595s mem=133MiB load=1.00 rootload=0.99
ramon: poll                 wall=33.000s usage=32.595s mem=133MiB load=1.00 rootload=1.00
ramon: poll                 wall=34.037s usage=33.633s mem=133MiB load=1.00 rootload=1.00
ramon: poll                 wall=35.000s usage=34.593s mem=133MiB load=1.00 rootload=1.00
ramon: poll                 wall=36.000s usage=35.593s mem=133MiB load=1.00 rootload=1.00
ramon: poll                 wall=37.000s usage=36.593s mem=133MiB load=1.00 rootload=1.00
ramon: poll                 wall=38.000s usage=37.593s mem=134MiB load=1.00 rootload=1.00
ramon: poll                 wall=39.000s usage=38.592s mem=134MiB load=1.00 rootload=1.00
ramon: poll                 wall=40.000s usage=39.592s mem=135MiB load=1.00 rootload=1.00
ramon: poll                 wall=41.000s usage=40.592s mem=135MiB load=1.00 rootload=1.00
ramon: poll                 wall=42.000s usage=41.592s mem=135MiB load=1.00 rootload=1.00
ramon: poll                 wall=43.000s usage=42.592s mem=135MiB load=1.00 rootload=1.00
ramon: poll                 wall=44.000s usage=43.592s mem=135MiB load=1.00 rootload=1.00
ramon: poll                 wall=45.000s usage=44.592s mem=135MiB load=1.00 rootload=1.00
ramon: poll                 wall=46.000s usage=45.592s mem=135MiB load=1.00 rootload=1.00
ramon: poll                 wall=47.000s usage=46.592s mem=136MiB load=1.00 rootload=0.99
ramon: poll                 wall=48.000s usage=47.592s mem=136MiB load=1.00 rootload=1.00
ramon: poll                 wall=49.000s usage=48.590s mem=136MiB load=1.00 rootload=1.00
ramon: end                  Fri Jan 31 11:53:25 2025
ramon: root.execname        z3
ramon: root.utime           49.320s
ramon: root.stime           0.060s
ramon: group.total          49.387s
ramon: group.utime          49.323s
ramon: group.stime          0.064s
ramon: group.mempeak        137MiB
ramon: group.pidpeak        2
ramon: status               exited
ramon: exitcode             0
ramon: walltime             49.795s
ramon: loadavg              0.99
