sat
(:added-eqs                   4
 :arith-branch                7
 :arith-cube-calls            1
 :arith-dio-branch-depths     98
 :arith-dio-branch-iterations 196
 :arith-dio-branching-depth   98
 :arith-dio-calls             7
 :arith-fixed-eqs             4
 :arith-gcd-calls             8
 :arith-lower                 26
 :arith-make-feasible         223
 :arith-max-columns           110
 :arith-max-rows              36
 :arith-patches               8
 :arith-patches-success       1
 :arith-upper                 86
 :decisions                   7
 :final-checks                8
 :max-memory                  19.48
 :memory                      17.90
 :mk-bool-var                 112
 :num-allocs                  248497959
 :num-checks                  1
 :rlimit-count                26172
 :time                        1.79
 :total-time                  1.79)
