ramon: cwd                  /home/runner/a/_work/z3-poly-testing/z3-poly-testing
ramon: start                Fri Apr 18 12:03:27 2025
ramon: nproc                128
ramon: sys.mem              64150 MiB
ramon: sys.mem.free         36277 MiB
ramon: sys.mem.avail        63050 MiB
ramon: sys.nprocs           3290
ramon: argv                 0 = z3
ramon: argv                 1 = /home/runner/a/_work/z3-poly-testing/z3-poly-testing/download/non-incremental/QF_LIA/nec-smt/large/int_from_list/prp-12-46.smt2
ramon: argv                 2 = -T:600
ramon: argv                 3 = -st
ramon: argv                 4 = lp.dio=true
ramon: argv                 5 = smt.random_seed=589
ramon: childpid             3680523
ramon: poll                 wall=01.002s usage=00.934s user=00.814s sys=00.120s mem=21904KiB roottime=0.810s load=0.93 rootload=0.81
ramon: poll                 wall=02.000s usage=01.916s user=01.773s sys=00.144s mem=24188KiB roottime=1.770s load=0.98 rootload=0.96
ramon: poll                 wall=03.002s usage=02.911s user=02.667s sys=00.244s mem=36960KiB roottime=2.660s load=0.99 rootload=0.89
ramon: poll                 wall=04.003s usage=03.906s user=03.603s sys=00.303s mem=46780KiB roottime=3.600s load=0.99 rootload=0.94
ramon: poll                 wall=05.006s usage=04.906s user=04.594s sys=00.312s mem=47752KiB roottime=4.590s load=1.00 rootload=0.99
ramon: poll                 wall=06.005s usage=05.903s user=05.581s sys=00.322s mem=48276KiB roottime=5.580s load=1.00 rootload=0.99
ramon: poll                 wall=07.017s usage=06.913s user=06.586s sys=00.327s mem=48400KiB roottime=6.580s load=1.00 rootload=0.99
ramon: poll                 wall=08.000s usage=07.887s user=07.550s sys=00.338s mem=48544KiB roottime=7.540s load=0.99 rootload=0.98
ramon: poll                 wall=09.014s usage=08.896s user=08.554s sys=00.343s mem=48680KiB roottime=8.550s load=1.00 rootload=1.00
ramon: poll                 wall=10.019s usage=09.897s user=09.551s sys=00.346s mem=48768KiB roottime=9.550s load=1.00 rootload=0.99
ramon: poll                 wall=11.011s usage=10.883s user=10.535s sys=00.348s mem=49028KiB roottime=10.530s load=0.99 rootload=0.99
ramon: poll                 wall=12.000s usage=11.871s user=11.519s sys=00.352s mem=49164KiB roottime=11.510s load=1.00 rootload=0.99
ramon: poll                 wall=13.001s usage=12.869s user=12.510s sys=00.359s mem=49336KiB roottime=12.510s load=1.00 rootload=1.00
ramon: poll                 wall=14.000s usage=13.866s user=13.504s sys=00.362s mem=49428KiB roottime=13.500s load=1.00 rootload=0.99
ramon: poll                 wall=15.000s usage=14.864s user=14.500s sys=00.364s mem=49548KiB roottime=14.490s load=1.00 rootload=0.99
ramon: poll                 wall=16.000s usage=15.863s user=15.497s sys=00.366s mem=49804KiB roottime=15.490s load=1.00 rootload=1.00
ramon: poll                 wall=17.009s usage=16.872s user=16.504s sys=00.368s mem=49804KiB roottime=16.500s load=1.00 rootload=1.00
ramon: poll                 wall=18.004s usage=17.867s user=17.492s sys=00.374s mem=49804KiB roottime=17.490s load=1.00 rootload=0.99
ramon: poll                 wall=19.000s usage=18.860s user=18.483s sys=00.377s mem=49972KiB roottime=18.480s load=1.00 rootload=0.99
ramon: poll                 wall=20.010s usage=19.866s user=19.488s sys=00.377s mem=49976KiB roottime=19.480s load=1.00 rootload=0.99
ramon: poll                 wall=21.007s usage=20.862s user=20.481s sys=00.381s mem=50232KiB roottime=20.480s load=1.00 rootload=1.00
ramon: poll                 wall=22.011s usage=21.866s user=21.485s sys=00.381s mem=50232KiB roottime=21.480s load=1.00 rootload=1.00
ramon: poll                 wall=23.008s usage=22.862s user=22.479s sys=00.383s mem=50488KiB roottime=22.470s load=1.00 rootload=0.99
ramon: poll                 wall=24.008s usage=23.859s user=23.475s sys=00.384s mem=50696KiB roottime=23.470s load=1.00 rootload=1.00
ramon: poll                 wall=25.016s usage=24.867s user=24.478s sys=00.388s mem=50696KiB roottime=24.470s load=1.00 rootload=0.99
ramon: poll                 wall=26.011s usage=25.856s user=25.465s sys=00.391s mem=51044KiB roottime=25.460s load=0.99 rootload=0.99
ramon: poll                 wall=27.017s usage=26.858s user=26.467s sys=00.391s mem=51304KiB roottime=26.460s load=1.00 rootload=0.99
ramon: poll                 wall=28.000s usage=27.839s user=27.448s sys=00.391s mem=51068KiB roottime=27.440s load=1.00 rootload=1.00
ramon: poll                 wall=29.020s usage=28.858s user=28.467s sys=00.391s mem=51324KiB roottime=28.460s load=1.00 rootload=1.00
ramon: poll                 wall=30.021s usage=29.859s user=29.468s sys=00.391s mem=51324KiB roottime=29.460s load=1.00 rootload=1.00
ramon: poll                 wall=31.022s usage=30.860s user=30.468s sys=00.392s mem=51324KiB roottime=30.460s load=1.00 rootload=1.00
ramon: poll                 wall=32.016s usage=31.854s user=31.460s sys=00.393s mem=51324KiB roottime=31.460s load=1.00 rootload=1.01
ramon: poll                 wall=33.006s usage=32.842s user=32.448s sys=00.394s mem=51324KiB roottime=32.440s load=1.00 rootload=0.99
ramon: poll                 wall=34.001s usage=33.838s user=33.441s sys=00.397s mem=51324KiB roottime=33.440s load=1.00 rootload=1.00
ramon: poll                 wall=35.001s usage=34.838s user=34.436s sys=00.401s mem=51836KiB roottime=34.430s load=1.00 rootload=0.99
ramon: end                  Fri Apr 18 12:04:02 2025
ramon: root.execname        z3
ramon: root.utime           34.940s
ramon: root.stime           0.430s
ramon: group.total          35.371s
ramon: group.utime          34.942s
ramon: group.stime          0.428s
ramon: group.mempeak        52092KiB
ramon: group.pidpeak        2
ramon: status               exited
ramon: exitcode             0
ramon: walltime             35.537s
ramon: loadavg              1.00
