ramon: cwd                  /home/runner/a/_work/z3-poly-testing/z3-poly-testing
ramon: start                Fri Mar 21 17:42:51 2025
ramon: nproc                128
ramon: sys.mem              64150 MiB
ramon: sys.mem.free         597 MiB
ramon: sys.mem.avail        64144 MiB
ramon: sys.nprocs           4020
ramon: argv                 0 = z3
ramon: argv                 1 = /home/runner/a/_work/z3-poly-testing/z3-poly-testing/download/non-incremental/QF_LIA/20220307-SMPT/BART-PT-030/RC-12.smt2
ramon: argv                 2 = -T:600
ramon: argv                 3 = -st
ramon: argv                 4 = smt.arith.lp.dio_eqs=true
ramon: childpid             3518526
ramon: poll                 wall=01.001s usage=00.935s user=00.879s sys=00.056s mem=38996KiB roottime=0.870s load=0.93 rootload=0.87
ramon: end                  Fri Mar 21 17:42:52 2025
ramon: root.execname        z3
ramon: root.utime           1.740s
ramon: root.stime           0.110s
ramon: group.total          1.855s
ramon: group.utime          1.743s
ramon: group.stime          0.112s
ramon: group.mempeak        72656KiB
ramon: group.pidpeak        2
ramon: status               exited
ramon: exitcode             0
ramon: walltime             1.924s
ramon: loadavg              0.96
