ramon: cwd                  /home/gh1/A/_work/z3-poly-testing/z3-poly-testing
ramon: start                Fri Oct 11 16:20:39 2024
ramon: nproc                32
ramon: sys.mem              63442 MiB
ramon: sys.mem.free         30993 MiB
ramon: sys.mem.avail        62149 MiB
ramon: sys.nprocs           1067
ramon: argv                 0 = z3
ramon: argv                 1 = inputs/QF_UF_SAT/gensys_brn632.smt2
ramon: argv                 2 = -T:20
ramon: argv                 3 = -v:2
ramon: argv                 4 = -st
ramon: argv                 5 = tactic.default_tactic=(then simplify propagate-values solve-eqs simplify sls-smt)
ramon: childpid             2370187
UNITS -465 -466 -467 -468 -469 -470 -471 -472 -473 -474 -475 -476 -477 -478 -479 -480 -481 -482 -483 -484 -485 -486 -487 -488 -489 -490 -491 -492 -493 -494 -495 -496 -497 -498 -499 -500 -501 -502 -503 -504 -505 -506 -507 -508 -509 -510 -511 -512 -513 -514 -515 -516 -517 -518 -519 -520 -521 -522 -523 -524 -525 -526 -527 -528 -529 -530 -531 -532 -533 -534 -535 -536 -537 -538 -539 -540 -541 -542 -543 -544 -545 -546 -547 -548 -549 -550 -551 -552 -553 -554 -555 -556 -557 -558 -559 -560 -561 -562 -563 -564 -565 -566 -567 -568 -569 -570 -571 -572 -573 -574
sls.euf: incremental 0
(sat.ddfw :unsat :models :kflips/sec  :flips  :restarts  :reinits  :unsat_vars  :shifts)
(sat.ddfw       1     55   208.333     10000         0          0            3     5136)
(sat.ddfw       1     19    129.87     20000         1          1            5    11408)
(sat.ddfw       3      5    156.25     40000         5          2            8    25358)
(sat.ddfw       1     28   172.414     70000        12          3            3    43502)
on-model 
(sat.ddfw       0      1   4.41622     70817        12          4            0    43917)
ramon: end                  Fri Oct 11 16:20:39 2024
ramon: root.execname        z3
ramon: root.utime           0.180s
ramon: root.stime           0.000s
ramon: group.total          0.193s
ramon: group.utime          0.189s
ramon: group.stime          0.004s
ramon: group.mempeak        20216KiB
ramon: group.pidpeak        2
ramon: status               exited
ramon: exitcode             0
ramon: walltime             0.198s
ramon: loadavg              0.98
