ramon: cwd                  /home/gh1/A/_work/z3-poly-testing/z3-poly-testing
ramon: start                Fri Oct 11 16:20:18 2024
ramon: nproc                32
ramon: sys.mem              63442 MiB
ramon: sys.mem.free         31102 MiB
ramon: sys.mem.avail        62149 MiB
ramon: sys.nprocs           1008
ramon: argv                 0 = z3
ramon: argv                 1 = inputs/QF_UF_SAT/iso_brn253.smt2
ramon: argv                 2 = -T:20
ramon: argv                 3 = -v:2
ramon: argv                 4 = -st
ramon: argv                 5 = tactic.default_tactic=(then simplify propagate-values solve-eqs simplify sls-smt)
ramon: childpid             2335417
UNITS -193 -194 -195 -196 -197 -25 -258 -104 -259 -260 -261 -107 -108 -262 -23 -24 -263 -112 -264 -265 -266 -267 -268 -269 -270 -271 -272 -273 -274 -275 -276 -6 -277 -278 -29 -279 -280 -281 -282 -283 -284 -285 -286 -287 -288 -289 -290 -291 -292 -293 -294 -295 -296 -297 -298 -299 -300 -301 -302 -303 -304 -305 -306 -307 -308 -309 -310 -311 -312 -313 -314 -315 -316 -317 -318 -319 -320 -321 -322 -323 -324 -102 -325 -326 -44 -327 -328 -329 -330 -331 -332 -333 -334 -335 -336 -337 -338 -339 -340 -341 -342 -343 -344 -345 -346 -347 -348 -349 -350 -351 -110 -111 -113 -352 -353
sls.euf: incremental 0
(sat.ddfw :unsat :models :kflips/sec  :flips  :restarts  :reinits  :unsat_vars  :shifts)
(sat.ddfw       1      1   555.556     10000         6          0           10     7650)
(sat.ddfw       1      9    370.37     20000        11          1           16    13713)
on-model 
(sat.ddfw       0      1   282.882     29618        22          2            0    23108)
ramon: end                  Fri Oct 11 16:20:18 2024
ramon: root.execname        z3
ramon: root.utime           0.030s
ramon: root.stime           0.000s
ramon: group.total          0.043s
ramon: group.utime          0.035s
ramon: group.stime          0.008s
ramon: group.mempeak        19444KiB
ramon: group.pidpeak        2
ramon: status               exited
ramon: exitcode             0
ramon: walltime             0.048s
ramon: loadavg              0.91
