ramon: cwd                  /home/runner/a/_work/z3-poly-testing/z3-poly-testing
ramon: start                Fri Mar 21 01:33:22 2025
ramon: nproc                128
ramon: sys.mem              64150 MiB
ramon: sys.mem.free         29390 MiB
ramon: sys.mem.avail        64110 MiB
ramon: sys.nprocs           3787
ramon: argv                 0 = z3
ramon: argv                 1 = /home/runner/a/_work/z3-poly-testing/z3-poly-testing/download/non-incremental/QF_LIA/20180326-Bromberger/more_slacked/cut_lemmas/20-vars/cut_lemma_02_009.smt2.slack.smt2
ramon: argv                 2 = -T:600
ramon: argv                 3 = -st
ramon: argv                 4 = smt.arith.lp.dio_eqs=true
ramon: childpid             3125974
ramon: poll                 wall=01.000s usage=00.975s user=00.956s sys=00.019s mem=20596KiB roottime=0.950s load=0.97 rootload=0.95
ramon: poll                 wall=02.000s usage=01.972s user=01.954s sys=00.019s mem=20792KiB roottime=1.950s load=1.00 rootload=1.00
ramon: poll                 wall=03.000s usage=02.968s user=02.926s sys=00.042s mem=39360KiB roottime=2.920s load=1.00 rootload=0.97
ramon: poll                 wall=04.000s usage=03.966s user=03.923s sys=00.043s mem=42228KiB roottime=3.920s load=1.00 rootload=1.00
ramon: poll                 wall=05.000s usage=04.963s user=04.916s sys=00.047s mem=45748KiB roottime=4.910s load=1.00 rootload=0.99
ramon: poll                 wall=06.000s usage=05.954s user=05.905s sys=00.049s mem=48424KiB roottime=5.900s load=0.99 rootload=0.99
ramon: poll                 wall=07.000s usage=06.952s user=06.899s sys=00.053s mem=50812KiB roottime=6.890s load=1.00 rootload=0.99
ramon: poll                 wall=08.000s usage=07.949s user=07.896s sys=00.054s mem=52292KiB roottime=7.890s load=1.00 rootload=1.00
ramon: poll                 wall=09.000s usage=08.948s user=08.894s sys=00.054s mem=52292KiB roottime=8.890s load=1.00 rootload=1.00
ramon: poll                 wall=10.000s usage=09.945s user=09.891s sys=00.054s mem=52292KiB roottime=9.890s load=1.00 rootload=1.00
ramon: poll                 wall=11.004s usage=10.941s user=10.887s sys=00.054s mem=52292KiB roottime=10.880s load=0.99 rootload=0.99
ramon: poll                 wall=12.000s usage=11.935s user=11.881s sys=00.054s mem=52292KiB roottime=11.880s load=1.00 rootload=1.00
ramon: poll                 wall=13.002s usage=12.935s user=12.877s sys=00.058s mem=45980KiB roottime=12.870s load=1.00 rootload=0.99
ramon: poll                 wall=14.000s usage=13.930s user=13.871s sys=00.059s mem=47664KiB roottime=13.870s load=1.00 rootload=1.00
ramon: poll                 wall=15.000s usage=14.929s user=14.861s sys=00.068s mem=50348KiB roottime=14.860s load=1.00 rootload=0.99
ramon: poll                 wall=16.000s usage=15.926s user=15.855s sys=00.071s mem=53168KiB roottime=15.850s load=1.00 rootload=0.99
ramon: poll                 wall=17.000s usage=16.925s user=16.852s sys=00.073s mem=55384KiB roottime=16.850s load=1.00 rootload=1.00
ramon: poll                 wall=18.004s usage=17.926s user=17.847s sys=00.079s mem=58252KiB roottime=17.840s load=1.00 rootload=0.99
ramon: poll                 wall=19.004s usage=18.924s user=18.842s sys=00.082s mem=61080KiB roottime=18.840s load=1.00 rootload=1.00
ramon: poll                 wall=20.000s usage=19.918s user=19.831s sys=00.087s mem=63552KiB roottime=19.830s load=1.00 rootload=0.99
ramon: poll                 wall=21.000s usage=20.917s user=20.828s sys=00.089s mem=66240KiB roottime=20.820s load=1.00 rootload=0.99
ramon: poll                 wall=22.000s usage=21.914s user=21.790s sys=00.124s mem=81332KiB roottime=21.780s load=1.00 rootload=0.96
ramon: end                  Fri Mar 21 01:33:44 2025
ramon: root.execname        z3
ramon: root.utime           21.920s
ramon: root.stime           0.140s
ramon: group.total          22.062s
ramon: group.utime          21.921s
ramon: group.stime          0.141s
ramon: group.mempeak        99692KiB
ramon: group.pidpeak        3
ramon: status               exited
ramon: exitcode             0
ramon: walltime             22.149s
ramon: loadavg              1.00
