sat
(:bv-ackerman                    15
 :bv-bit2eq                      166
 :bv-bit2ne                      240
 :bv-conflicts                   4
 :bv-eq2bit                      1557
 :euf-conflicts                  17
 :euf-final-check                2
 :euf-merge                      27473
 :euf-propagations-eqs           36
 :euf-propagations-literal       8785
 :euf-propagations-theory-diseqs 892
 :euf-propagations-theory-eqs    26749
 :max-memory                     243.55
 :memory                         90.88
 :num-allocs                     4248250884
 :propagate-values-rewrites      1
 :rlimit-count                   6859170
 :sat-backjumps                  7979
 :sat-backtracks                 44
 :sat-conflicts                  8023
 :sat-decisions                  50152
 :sat-del-clause                 407458
 :sat-elim-bool-vars-res         50151
 :sat-elim-clauses               25021
 :sat-elim-literals              20022
 :sat-minimized-lits             61979
 :sat-mk-clause-2ary             133135
 :sat-mk-clause-3ary             43107
 :sat-mk-clause-nary             527617
 :sat-mk-var                     94191
 :sat-probing-assigned           3986
 :sat-propagations-2ary          1692549
 :sat-propagations-nary          3576382
 :sat-restarts                   696
 :sat-scc-elim-binary            155
 :sat-scc-elim-vars              789
 :sat-subs-resolution            1296
 :sat-subs-resolution-dyn        255
 :sat-subsumed                   86953
 :sat-units                      4211
 :simplifier-steps               433
 :solve-eqs-elim-vars            303
 :solve-eqs-steps                985
 :time                           3.44
 :total-time                     3.44)
