ramon: cwd                  /home/runner/a/_work/z3-poly-testing/z3-poly-testing
ramon: start                Wed Apr  9 21:14:57 2025
ramon: nproc                128
ramon: sys.mem              64150 MiB
ramon: sys.mem.free         51676 MiB
ramon: sys.mem.avail        63961 MiB
ramon: sys.nprocs           2899
ramon: argv                 0 = z3
ramon: argv                 1 = inputs/certora/38347_092cc73601c78e45f4f9_56_QF_UFDTNIA.smt2
ramon: argv                 2 = -T:600
ramon: argv                 3 = -st
ramon: argv                 4 = lp.dio=true
ramon: argv                 5 = lp.dio_run_gcd=true
ramon: childpid             2282427
ramon: poll                 wall=01.006s usage=01.004s user=00.931s sys=00.073s mem=36140KiB roottime=0.930s load=1.00 rootload=0.92
ramon: poll                 wall=02.009s usage=02.007s user=01.929s sys=00.078s mem=39980KiB roottime=1.920s load=1.00 rootload=0.99
ramon: poll                 wall=03.003s usage=03.000s user=02.909s sys=00.091s mem=43564KiB roottime=2.900s load=1.00 rootload=0.99
ramon: end                  Wed Apr  9 21:15:00 2025
ramon: root.execname        z3
ramon: root.utime           3.290s
ramon: root.stime           0.110s
ramon: group.total          3.411s
ramon: group.utime          3.297s
ramon: group.stime          0.114s
ramon: group.mempeak        48172KiB
ramon: group.pidpeak        2
ramon: status               exited
ramon: exitcode             0
ramon: walltime             3.414s
ramon: loadavg              1.00
