ramon: cwd                  /home/runner/a/_work/z3-poly-testing/z3-poly-testing
ramon: start                Wed Apr  9 21:15:51 2025
ramon: nproc                128
ramon: sys.mem              64150 MiB
ramon: sys.mem.free         30172 MiB
ramon: sys.mem.avail        63961 MiB
ramon: sys.nprocs           3090
ramon: argv                 0 = z3
ramon: argv                 1 = inputs/certora/72771_f9d228efc97cf1458e38_64_QF_UFDTNIA.smt2
ramon: argv                 2 = -T:600
ramon: argv                 3 = -st
ramon: argv                 4 = lp.dio=true
ramon: argv                 5 = lp.dio_run_gcd=true
ramon: childpid             2285607
ramon: end                  Wed Apr  9 21:15:51 2025
ramon: root.execname        z3
ramon: root.utime           0.370s
ramon: root.stime           0.080s
ramon: group.total          0.458s
ramon: group.utime          0.379s
ramon: group.stime          0.079s
ramon: group.mempeak        26464KiB
ramon: group.pidpeak        2
ramon: status               exited
ramon: exitcode             0
ramon: walltime             0.477s
ramon: loadavg              0.96
