sat
(:added-eqs                       62
 :arith-eq-adapter                33
 :arith-bound-propagations-lp     1
 :arith-conflicts                 2
 :arith-diseq                     10
 :arith-fixed-eqs                 5
 :arith-gcd-calls                 2
 :arith-grobner-calls             1
 :arith-horner-cross-nested-forms 9
 :arith-lower                     28
 :arith-make-feasible             11
 :arith-max-columns               972
 :arith-max-rows                  71
 :arith-nla-add-bounds            1
 :arith-nla-lemmas                1
 :arith-nla-propagate-bounds      1
 :arith-nla-propagate-eq          12
 :arith-nra-calls                 1
 :arith-patches                   2
 :arith-patches-success           2
 :arith-upper                     412
 :binary-propagations             262
 :card2bv-rewrites                8
 :decisions                       696
 :del-clause                      20
 :elim-unconstrained              19
 :final-checks                    4
 :max-memory                      26.26
 :memory                          19.33
 :mk-bool-var                     1233
 :mk-clause                       61
 :mk-clause-binary                1158
 :nlsat-conflicts                 58
 :nlsat-propagations              856
 :nlsat-stages                    1077
 :num-allocs                      11140925
 :num-checks                      1
 :propagations                    269
 :rlimit-count                    305861
 :time                            0.19
 :total-time                      0.21)
