ramon: cwd                  /home/runner/a/_work/z3-poly-testing/z3-poly-testing
ramon: start                Thu Jan  9 21:18:38 2025
ramon: nproc                128
ramon: sys.mem              64150 MiB
ramon: sys.mem.free         35501 MiB
ramon: sys.mem.avail        64143 MiB
ramon: sys.nprocs           2593
ramon: argv                 0 = z3
ramon: argv                 1 = /home/runner/a/_work/z3-poly-testing/z3-poly-testing/download/non-incremental/QF_NIA/mcm/172.smt2
ramon: argv                 2 = -T:1200
ramon: childpid             807782
ramon: poll                 wall=01.000s usage=01.000s user=00.895s sys=00.105s mem=66120KiB roottime=0.890s load=1.00 rootload=0.89
ramon: poll                 wall=02.000s usage=02.000s user=01.714s sys=00.286s mem=215MiB roottime=1.710s load=1.00 rootload=0.82
ramon: poll                 wall=03.000s usage=03.000s user=02.714s sys=00.286s mem=215MiB roottime=2.710s load=1.00 rootload=1.00
ramon: poll                 wall=04.000s usage=04.000s user=03.714s sys=00.286s mem=215MiB roottime=3.710s load=1.00 rootload=1.00
ramon: poll                 wall=05.000s usage=04.999s user=04.711s sys=00.288s mem=218MiB roottime=4.710s load=1.00 rootload=1.00
ramon: poll                 wall=06.000s usage=05.999s user=05.711s sys=00.288s mem=218MiB roottime=5.710s load=1.00 rootload=1.00
ramon: poll                 wall=07.000s usage=06.999s user=06.711s sys=00.288s mem=218MiB roottime=6.710s load=1.00 rootload=1.00
ramon: poll                 wall=08.000s usage=07.999s user=07.711s sys=00.288s mem=218MiB roottime=7.710s load=1.00 rootload=1.00
ramon: poll                 wall=09.000s usage=08.999s user=08.710s sys=00.289s mem=219MiB roottime=8.710s load=1.00 rootload=1.00
ramon: poll                 wall=10.000s usage=09.999s user=09.703s sys=00.296s mem=225MiB roottime=9.700s load=1.00 rootload=0.99
ramon: poll                 wall=11.000s usage=10.999s user=10.703s sys=00.296s mem=225MiB roottime=10.700s load=1.00 rootload=1.00
ramon: poll                 wall=12.000s usage=11.999s user=11.701s sys=00.298s mem=226MiB roottime=11.700s load=1.00 rootload=1.00
ramon: poll                 wall=13.000s usage=12.998s user=12.689s sys=00.310s mem=239MiB roottime=12.680s load=1.00 rootload=0.98
ramon: poll                 wall=14.000s usage=13.998s user=13.677s sys=00.321s mem=246MiB roottime=13.670s load=1.00 rootload=0.99
ramon: poll                 wall=15.000s usage=14.998s user=14.667s sys=00.331s mem=251MiB roottime=14.660s load=1.00 rootload=0.99
ramon: poll                 wall=16.000s usage=15.998s user=15.658s sys=00.340s mem=260MiB roottime=15.650s load=1.00 rootload=0.99
ramon: poll                 wall=17.000s usage=16.998s user=16.655s sys=00.343s mem=262MiB roottime=16.650s load=1.00 rootload=1.00
ramon: poll                 wall=18.000s usage=17.998s user=17.650s sys=00.348s mem=267MiB roottime=17.640s load=1.00 rootload=0.99
ramon: poll                 wall=19.000s usage=18.997s user=18.642s sys=00.355s mem=272MiB roottime=18.640s load=1.00 rootload=1.00
ramon: poll                 wall=20.000s usage=19.997s user=19.634s sys=00.363s mem=277MiB roottime=19.630s load=1.00 rootload=0.99
ramon: poll                 wall=21.000s usage=20.997s user=20.629s sys=00.368s mem=278MiB roottime=20.620s load=1.00 rootload=0.99
ramon: poll                 wall=22.000s usage=21.997s user=21.626s sys=00.371s mem=281MiB roottime=21.620s load=1.00 rootload=1.00
ramon: poll                 wall=23.000s usage=22.997s user=22.621s sys=00.376s mem=283MiB roottime=22.620s load=1.00 rootload=1.00
ramon: poll                 wall=24.000s usage=23.997s user=23.617s sys=00.380s mem=285MiB roottime=23.610s load=1.00 rootload=0.99
ramon: poll                 wall=25.000s usage=24.997s user=24.612s sys=00.385s mem=288MiB roottime=24.610s load=1.00 rootload=1.00
ramon: poll                 wall=26.000s usage=25.996s user=25.610s sys=00.386s mem=289MiB roottime=25.610s load=1.00 rootload=1.00
ramon: poll                 wall=27.000s usage=26.996s user=26.607s sys=00.389s mem=289MiB roottime=26.600s load=1.00 rootload=0.99
ramon: poll                 wall=28.000s usage=27.996s user=27.605s sys=00.391s mem=290MiB roottime=27.600s load=1.00 rootload=1.00
ramon: poll                 wall=29.000s usage=28.996s user=28.599s sys=00.397s mem=293MiB roottime=28.590s load=1.00 rootload=0.99
ramon: poll                 wall=30.000s usage=29.996s user=29.592s sys=00.404s mem=297MiB roottime=29.590s load=1.00 rootload=1.00
ramon: poll                 wall=31.000s usage=30.995s user=30.583s sys=00.412s mem=300MiB roottime=30.580s load=1.00 rootload=0.99
ramon: poll                 wall=32.000s usage=31.995s user=31.576s sys=00.419s mem=304MiB roottime=31.570s load=1.00 rootload=0.99
ramon: poll                 wall=33.000s usage=32.995s user=32.568s sys=00.427s mem=307MiB roottime=32.560s load=1.00 rootload=0.99
ramon: poll                 wall=34.000s usage=33.995s user=33.561s sys=00.434s mem=311MiB roottime=33.560s load=1.00 rootload=1.00
ramon: poll                 wall=35.000s usage=34.994s user=34.558s sys=00.437s mem=312MiB roottime=34.550s load=1.00 rootload=0.99
ramon: poll                 wall=36.000s usage=35.994s user=35.557s sys=00.437s mem=313MiB roottime=35.550s load=1.00 rootload=1.00
ramon: poll                 wall=37.000s usage=36.994s user=36.551s sys=00.443s mem=314MiB roottime=36.550s load=1.00 rootload=1.00
ramon: poll                 wall=38.000s usage=37.994s user=37.549s sys=00.445s mem=314MiB roottime=37.550s load=1.00 rootload=1.00
ramon: poll                 wall=39.000s usage=38.994s user=38.547s sys=00.447s mem=315MiB roottime=38.540s load=1.00 rootload=0.99
ramon: poll                 wall=40.000s usage=39.994s user=39.547s sys=00.447s mem=316MiB roottime=39.540s load=1.00 rootload=1.00
ramon: poll                 wall=41.000s usage=40.994s user=40.546s sys=00.448s mem=317MiB roottime=40.540s load=1.00 rootload=1.00
ramon: poll                 wall=42.000s usage=41.994s user=41.544s sys=00.450s mem=317MiB roottime=41.540s load=1.00 rootload=1.00
ramon: poll                 wall=43.000s usage=42.993s user=42.541s sys=00.452s mem=318MiB roottime=42.540s load=1.00 rootload=1.00
ramon: poll                 wall=44.000s usage=43.993s user=43.535s sys=00.458s mem=320MiB roottime=43.530s load=1.00 rootload=0.99
ramon: poll                 wall=45.000s usage=44.993s user=44.529s sys=00.464s mem=323MiB roottime=44.530s load=1.00 rootload=1.00
ramon: poll                 wall=46.000s usage=45.993s user=45.524s sys=00.469s mem=325MiB roottime=45.520s load=1.00 rootload=0.99
ramon: poll                 wall=47.000s usage=46.993s user=46.521s sys=00.472s mem=326MiB roottime=46.520s load=1.00 rootload=1.00
ramon: poll                 wall=48.000s usage=47.993s user=47.515s sys=00.478s mem=330MiB roottime=47.510s load=1.00 rootload=0.99
ramon: poll                 wall=49.000s usage=48.992s user=48.509s sys=00.483s mem=333MiB roottime=48.500s load=1.00 rootload=0.99
ramon: poll                 wall=50.000s usage=49.992s user=49.504s sys=00.488s mem=335MiB roottime=49.500s load=1.00 rootload=1.00
ramon: poll                 wall=51.000s usage=50.992s user=50.503s sys=00.489s mem=336MiB roottime=50.500s load=1.00 rootload=1.00
ramon: poll                 wall=52.000s usage=51.992s user=51.502s sys=00.490s mem=337MiB roottime=51.500s load=1.00 rootload=1.00
ramon: poll                 wall=53.000s usage=52.991s user=52.502s sys=00.490s mem=337MiB roottime=52.500s load=1.00 rootload=1.00
ramon: poll                 wall=54.000s usage=53.991s user=53.500s sys=00.491s mem=337MiB roottime=53.500s load=1.00 rootload=1.00
ramon: poll                 wall=55.000s usage=54.991s user=54.500s sys=00.491s mem=337MiB roottime=54.500s load=1.00 rootload=1.00
ramon: poll                 wall=56.000s usage=55.991s user=55.498s sys=00.493s mem=338MiB roottime=55.490s load=1.00 rootload=0.99
ramon: poll                 wall=57.000s usage=56.990s user=56.488s sys=00.503s mem=342MiB roottime=56.480s load=1.00 rootload=0.99
ramon: poll                 wall=58.000s usage=57.990s user=57.487s sys=00.503s mem=342MiB roottime=57.480s load=1.00 rootload=1.00
ramon: poll                 wall=59.000s usage=58.990s user=58.485s sys=00.505s mem=343MiB roottime=58.480s load=1.00 rootload=1.00
ramon: poll                 wall=01m00.000s usage=59.990s user=59.471s sys=00.519s mem=347MiB roottime=59.470s load=1.00 rootload=0.99
ramon: poll                 wall=01m01.000s usage=01m00.989s user=01m00.470s sys=00.520s mem=348MiB roottime=60.460s load=1.00 rootload=0.99
ramon: poll                 wall=01m02.000s usage=01m01.989s user=01m01.468s sys=00.521s mem=348MiB roottime=61.460s load=1.00 rootload=1.00
ramon: poll                 wall=01m03.000s usage=01m02.989s user=01m02.468s sys=00.521s mem=348MiB roottime=62.460s load=1.00 rootload=1.00
ramon: poll                 wall=01m04.000s usage=01m03.989s user=01m03.468s sys=00.521s mem=348MiB roottime=63.460s load=1.00 rootload=1.00
ramon: poll                 wall=01m05.000s usage=01m04.988s user=01m04.467s sys=00.522s mem=349MiB roottime=64.460s load=1.00 rootload=1.00
ramon: poll                 wall=01m06.000s usage=01m05.988s user=01m05.466s sys=00.522s mem=349MiB roottime=65.460s load=1.00 rootload=1.00
ramon: poll                 wall=01m07.000s usage=01m06.988s user=01m06.466s sys=00.522s mem=349MiB roottime=66.460s load=1.00 rootload=1.00
ramon: poll                 wall=01m08.000s usage=01m07.988s user=01m07.465s sys=00.523s mem=349MiB roottime=67.460s load=1.00 rootload=1.00
ramon: poll                 wall=01m09.000s usage=01m08.987s user=01m08.464s sys=00.523s mem=349MiB roottime=68.460s load=1.00 rootload=1.00
ramon: poll                 wall=01m10.000s usage=01m09.987s user=01m09.464s sys=00.523s mem=349MiB roottime=69.460s load=1.00 rootload=1.00
ramon: poll                 wall=01m11.000s usage=01m10.987s user=01m10.462s sys=00.525s mem=349MiB roottime=70.460s load=1.00 rootload=1.00
ramon: poll                 wall=01m12.000s usage=01m11.987s user=01m11.460s sys=00.527s mem=350MiB roottime=71.460s load=1.00 rootload=1.00
ramon: poll                 wall=01m13.000s usage=01m12.987s user=01m12.459s sys=00.528s mem=350MiB roottime=72.450s load=1.00 rootload=0.99
ramon: poll                 wall=01m14.000s usage=01m13.987s user=01m13.458s sys=00.529s mem=350MiB roottime=73.450s load=1.00 rootload=1.00
ramon: poll                 wall=01m15.000s usage=01m14.986s user=01m14.452s sys=00.534s mem=351MiB roottime=74.450s load=1.00 rootload=1.00
ramon: poll                 wall=01m16.000s usage=01m15.986s user=01m15.449s sys=00.537s mem=352MiB roottime=75.440s load=1.00 rootload=0.99
ramon: poll                 wall=01m17.000s usage=01m16.986s user=01m16.431s sys=00.555s mem=359MiB roottime=76.430s load=1.00 rootload=0.99
ramon: poll                 wall=01m18.000s usage=01m17.986s user=01m17.428s sys=00.558s mem=360MiB roottime=77.420s load=1.00 rootload=0.99
ramon: poll                 wall=01m19.000s usage=01m18.986s user=01m18.428s sys=00.558s mem=360MiB roottime=78.420s load=1.00 rootload=1.00
ramon: poll                 wall=01m20.000s usage=01m19.985s user=01m19.428s sys=00.558s mem=360MiB roottime=79.420s load=1.00 rootload=1.00
ramon: poll                 wall=01m21.000s usage=01m20.985s user=01m20.427s sys=00.558s mem=360MiB roottime=80.420s load=1.00 rootload=1.00
ramon: poll                 wall=01m22.000s usage=01m21.985s user=01m21.423s sys=00.562s mem=361MiB roottime=81.420s load=1.00 rootload=1.00
ramon: poll                 wall=01m23.000s usage=01m22.985s user=01m22.413s sys=00.572s mem=367MiB roottime=82.410s load=1.00 rootload=0.99
ramon: poll                 wall=01m24.000s usage=01m23.985s user=01m23.413s sys=00.572s mem=367MiB roottime=83.410s load=1.00 rootload=1.00
ramon: poll                 wall=01m25.000s usage=01m24.984s user=01m24.409s sys=00.575s mem=367MiB roottime=84.400s load=1.00 rootload=0.99
ramon: poll                 wall=01m26.000s usage=01m25.984s user=01m25.409s sys=00.575s mem=367MiB roottime=85.400s load=1.00 rootload=1.00
ramon: poll                 wall=01m27.000s usage=01m26.984s user=01m26.409s sys=00.575s mem=367MiB roottime=86.400s load=1.00 rootload=1.00
ramon: poll                 wall=01m28.000s usage=01m27.984s user=01m27.409s sys=00.575s mem=367MiB roottime=87.400s load=1.00 rootload=1.00
ramon: poll                 wall=01m29.000s usage=01m28.983s user=01m28.408s sys=00.575s mem=367MiB roottime=88.400s load=1.00 rootload=1.00
ramon: poll                 wall=01m30.000s usage=01m29.983s user=01m29.408s sys=00.575s mem=367MiB roottime=89.400s load=1.00 rootload=1.00
ramon: poll                 wall=01m31.000s usage=01m30.983s user=01m30.408s sys=00.575s mem=367MiB roottime=90.400s load=1.00 rootload=1.00
ramon: poll                 wall=01m32.000s usage=01m31.983s user=01m31.408s sys=00.575s mem=367MiB roottime=91.400s load=1.00 rootload=1.00
ramon: poll                 wall=01m33.000s usage=01m32.982s user=01m32.407s sys=00.575s mem=367MiB roottime=92.400s load=1.00 rootload=1.00
ramon: poll                 wall=01m34.000s usage=01m33.982s user=01m33.407s sys=00.575s mem=367MiB roottime=93.400s load=1.00 rootload=1.00
ramon: poll                 wall=01m35.000s usage=01m34.982s user=01m34.407s sys=00.575s mem=367MiB roottime=94.400s load=1.00 rootload=1.00
ramon: poll                 wall=01m36.000s usage=01m35.982s user=01m35.407s sys=00.575s mem=367MiB roottime=95.400s load=1.00 rootload=1.00
ramon: poll                 wall=01m37.000s usage=01m36.981s user=01m36.406s sys=00.575s mem=367MiB roottime=96.400s load=1.00 rootload=1.00
ramon: poll                 wall=01m38.000s usage=01m37.981s user=01m37.406s sys=00.575s mem=368MiB roottime=97.400s load=1.00 rootload=1.00
ramon: poll                 wall=01m39.000s usage=01m38.981s user=01m38.406s sys=00.575s mem=368MiB roottime=98.400s load=1.00 rootload=1.00
ramon: poll                 wall=01m40.000s usage=01m39.981s user=01m39.382s sys=00.599s mem=378MiB roottime=99.380s load=1.00 rootload=0.98
ramon: poll                 wall=01m41.000s usage=01m40.981s user=01m40.380s sys=00.601s mem=378MiB roottime=100.370s load=1.00 rootload=0.99
ramon: poll                 wall=01m42.000s usage=01m41.980s user=01m41.380s sys=00.601s mem=378MiB roottime=101.370s load=1.00 rootload=1.00
ramon: poll                 wall=01m43.000s usage=01m42.980s user=01m42.377s sys=00.603s mem=379MiB roottime=102.370s load=1.00 rootload=1.00
ramon: poll                 wall=01m44.000s usage=01m43.980s user=01m43.376s sys=00.604s mem=379MiB roottime=103.370s load=1.00 rootload=1.00
ramon: poll                 wall=01m45.000s usage=01m44.980s user=01m44.376s sys=00.604s mem=379MiB roottime=104.370s load=1.00 rootload=1.00
ramon: poll                 wall=01m46.000s usage=01m45.980s user=01m45.361s sys=00.619s mem=385MiB roottime=105.360s load=1.00 rootload=0.99
ramon: poll                 wall=01m47.000s usage=01m46.979s user=01m46.357s sys=00.623s mem=386MiB roottime=106.350s load=1.00 rootload=0.99
ramon: poll                 wall=01m48.000s usage=01m47.979s user=01m47.352s sys=00.627s mem=388MiB roottime=107.350s load=1.00 rootload=1.00
ramon: poll                 wall=01m49.000s usage=01m48.979s user=01m48.331s sys=00.648s mem=396MiB roottime=108.330s load=1.00 rootload=0.98
ramon: poll                 wall=01m50.000s usage=01m49.979s user=01m49.331s sys=00.648s mem=396MiB roottime=109.330s load=1.00 rootload=1.00
ramon: poll                 wall=01m51.000s usage=01m50.979s user=01m50.331s sys=00.648s mem=396MiB roottime=110.330s load=1.00 rootload=1.00
ramon: poll                 wall=01m52.000s usage=01m51.979s user=01m51.331s sys=00.648s mem=396MiB roottime=111.330s load=1.00 rootload=1.00
ramon: poll                 wall=01m53.000s usage=01m52.978s user=01m52.330s sys=00.648s mem=396MiB roottime=112.330s load=1.00 rootload=1.00
ramon: poll                 wall=01m54.000s usage=01m53.978s user=01m53.324s sys=00.654s mem=399MiB roottime=113.320s load=1.00 rootload=0.99
ramon: poll                 wall=01m55.000s usage=01m54.978s user=01m54.321s sys=00.657s mem=400MiB roottime=114.320s load=1.00 rootload=1.00
ramon: poll                 wall=01m56.000s usage=01m55.977s user=01m55.311s sys=00.667s mem=402MiB roottime=115.310s load=1.00 rootload=0.99
ramon: poll                 wall=01m57.000s usage=01m56.977s user=01m56.307s sys=00.670s mem=403MiB roottime=116.300s load=1.00 rootload=0.99
ramon: poll                 wall=01m58.000s usage=01m57.977s user=01m57.302s sys=00.675s mem=405MiB roottime=117.300s load=1.00 rootload=1.00
ramon: poll                 wall=01m59.000s usage=01m58.977s user=01m58.298s sys=00.679s mem=406MiB roottime=118.290s load=1.00 rootload=0.99
ramon: poll                 wall=02m00.000s usage=01m59.977s user=01m59.296s sys=00.681s mem=408MiB roottime=119.290s load=1.00 rootload=1.00
[31mramon: msg                  Wall clock time limit reached[0m
ramon: end                  Thu Jan  9 21:20:38 2025
ramon: root.execname        z3
ramon: root.utime           119.290s
ramon: root.stime           0.760s
ramon: group.total          120.064s
ramon: group.utime          119.296s
ramon: group.stime          0.768s
ramon: group.mempeak        408MiB
ramon: group.pidpeak        3
ramon: status               terminated by signal
[31mramon: signal               15 (SIGTERM Terminated)[0m
ramon: core dumped          false
ramon: exitcode             143
ramon: walltime             120.088s
ramon: loadavg              1.00
