sat
(:added-eqs                   66934
 :arith-eq-adapter            4210
 :arith-bound-propagations-lp 10255
 :arith-branch                37483
 :arith-conflicts             1954
 :arith-cube-calls            9381
 :arith-dio-calls             37536
 :arith-dio-rewrite-conflicts 1
 :arith-dio-tighten-conflicts 50
 :arith-diseq                 25791
 :arith-fixed-eqs             6872
 :arith-gcd-calls             37545
 :arith-gcd-conflict          8
 :arith-lower                 159480
 :arith-make-feasible         127843
 :arith-max-columns           5237
 :arith-max-rows              1830
 :arith-offset-eqs            285
 :arith-patches               37537
 :arith-patches-success       1
 :arith-upper                 114465
 :binary-propagations         201342
 :conflicts                   2322
 :decisions                   55238
 :del-clause                  7172
 :final-checks                37545
 :max-memory                  79.01
 :memory                      48.79
 :minimized-lits              310
 :mk-bool-var                 63520
 :mk-clause                   10019
 :mk-clause-binary            10198
 :num-allocs                  52109205874.00
 :num-checks                  4
 :propagations                228554
 :restarts                    20
 :rlimit-count                4077581
 :solve-eqs-elim-vars         631
 :solve-eqs-steps             4863
 :time                        25.51
 :total-time                  25.61)
