unsat
(:added-eqs                   269065
 :arith-eq-adapter            3002
 :arith-bound-propagations-lp 302621
 :arith-branch                6480
 :arith-conflicts             13666
 :arith-cube-calls            2157
 :arith-dio-calls             2157
 :arith-dio-rewrite-conflicts 1
 :arith-dio-tighten-conflicts 2156
 :arith-diseq                 80167
 :arith-fixed-eqs             26352
 :arith-gcd-calls             8674
 :arith-gcd-conflict          36
 :arith-lower                 187902
 :arith-make-feasible         111467
 :arith-max-columns           491
 :arith-max-rows              275
 :arith-offset-eqs            30824
 :arith-patches               8638
 :arith-upper                 178904
 :binary-propagations         721855
 :conflicts                   15129
 :decisions                   300983
 :del-clause                  16758
 :final-checks                8674
 :max-memory                  22.18
 :memory                      19.52
 :minimized-lits              58417
 :mk-bool-var                 14001
 :mk-clause                   26766
 :mk-clause-binary            4346
 :num-allocs                  1457636473
 :num-checks                  3
 :propagations                872004
 :restarts                    116
 :rlimit-count                9321813
 :time                        21.48
 :total-time                  21.51)
