unsat
(:added-eqs                   1624
 :arith-eq-adapter            93
 :arith-bound-propagations-lp 246
 :arith-branch                633
 :arith-conflicts             569
 :arith-cube-calls            285
 :arith-diseq                 713
 :arith-fixed-eqs             499
 :arith-gcd-calls             1163
 :arith-gcd-conflict          7
 :arith-gomory-cuts           850
 :arith-hnf-calls             8
 :arith-lower                 6103
 :arith-make-feasible         5243
 :arith-max-columns           95
 :arith-max-rows              50
 :arith-nla-propagate-bounds  6
 :arith-offset-eqs            131
 :arith-patches               1156
 :arith-patches-success       5
 :arith-upper                 10760
 :binary-propagations         10732
 :conflicts                   571
 :decisions                   2508
 :del-clause                  938
 :final-checks                1163
 :max-memory                  52.20
 :memory                      17.60
 :minimized-lits              36
 :mk-bool-var                 1814
 :mk-clause                   954
 :mk-clause-binary            1112
 :num-allocs                  203075008
 :num-checks                  1
 :propagations                14549
 :restarts                    5
 :rlimit-count                233402
 :sls-bv-lookaheads           1132128
 :sls-bv-moves                16570
 :sls-bv-restarts             24
 :sls-ddfw-flips              29331.00
 :sls-ddfw-reinits            2
 :sls-ddfw-restarts           123
 :sls-ddfw-shifts             4.00
 :sls-num-guided-search       3
 :sls-repair-down             85064
 :sls-repair-up               94001
 :time                        2.60
 :total-time                  2.60)
