ramon: cwd                  /home/gh1/A/_work/z3-poly-testing/z3-poly-testing
ramon: start                Mon Feb  3 03:23:27 2025
ramon: nproc                32
ramon: sys.mem              63441 MiB
ramon: sys.mem.free         35367 MiB
ramon: sys.mem.avail        59491 MiB
ramon: sys.nprocs           1297
ramon: argv                 0 = z3
ramon: argv                 1 = inputs/alive-arm-tv-smt-benchmarks/4kKfv0Ptmb4V.smt2
ramon: argv                 2 = -T:10
ramon: argv                 3 = -v:2
ramon: argv                 4 = -st
ramon: argv                 5 = tactic.default_tactic=(then simplify propagate-values solve-eqs simplify smt)
ramon: argv                 6 = smt.sls.enable=true
ramon: argv                 7 = smt.sls.parallel=false
ramon: argv                 8 = model_validate=true
ramon: argv                 9 = smt.bv.solver=2
ramon: childpid             1837352
xargs: unmatched double quote; by default quotes are special to xargs unless you use the -0 option
(smt.searching)
(smt.stats :restarts     :decisions   :clauses/bin/units :simplify   :memory)
(smt.stats        :conflicts    :propagations    :lemmas      :deletions   )
(smt.stats    0      0      0      0     0/0/1       0/0     0    0   17.79)
(smt.stats    0    101   8848   1016  2130/1908/82      94/7     4   12   52.49)
SMT -> SLS units -1
SMT -> SLS values
lookahead-search moves:0 max-moves:800
lookahead-search moves:800 max-moves:1700
lookahead-search moves:1700 max-moves:2700
lookahead-search moves:2700 max-moves:3800
lookahead-search moves:3800 max-moves:5000
lookahead-search moves:5000 max-moves:6300
(sat.ddfw :unsat :models :kflips/sec   :flips :restarts   :reinits  :unsat_vars  :shifts)
(sat.ddfw       2      1    21.8818     10000        49          0            1        2)
lookahead-search moves:6300 max-moves:7700
lookahead-search moves:7700 max-moves:9200
(sat.ddfw       2      1     6.1618     13999        68          1            1        2)
SLS -> SMT values
(smt.stats    1    203  11154   2920  3199/2880/84     186/13     6   15   52.60)
(smt.stats    2    314  16361   6465  3353/3012/88     290/16     9   16   52.82)
SMT -> SLS values
lookahead-search moves:8926 max-moves:10526
lookahead-search moves:10526 max-moves:12226
ramon: poll                 wall=1.000s usage=0.961s mem=54744KiB load=0.96 rootload=0.95
lookahead-search moves:12226 max-moves:14026
(sat.ddfw       2      1     5.6357     20001        98          1            1        3)
lookahead-search moves:14026 max-moves:15926
(sat.ddfw       2      1     2.1950     22635       110          2            1        3)
SLS -> SMT values
(smt.stats    3    415  17476   7605  3573/3207/89     386/20    10   17   53.03)
(smt.stats    4    526  17836   8517  3744/3379/96     452/21    13   21   53.03)
SMT -> SLS values
lookahead-search moves:15926 max-moves:17926
lookahead-search moves:17926 max-moves:20026
(sat.ddfw       2      1     2.5245     26553       130          2            1        4)
SLS -> SMT values
(smt.stats    5    648  21555  12398  3768/3400/96     565/21    14   23   53.03)
(smt.stats :restarts :decisions    :clauses/bin/units        :simplify    :memory)
(smt.stats      :conflicts  :propagations          :lemmas        :deletions    )
(smt.stats    6    749  23509  14845  3796/3412/96     664/24    14   23   53.15)
lookahead-search moves:20026 max-moves:22226
lookahead-search moves:22226 max-moves:24526
ramon: poll                 wall=2.000s usage=1.961s mem=55120KiB load=1.00 rootload=1.00
lookahead-search moves:24526 max-moves:26926
lookahead-search moves:26926 max-moves:29426
lookahead-search moves:29426 max-moves:32026
lookahead-search moves:32026 max-moves:34726
lookahead-search moves:34726 max-moves:37526
(sat.ddfw       2      1     4.7499     40000       196          2            1        6)
lookahead-search moves:37526 max-moves:40426
ramon: poll                 wall=3.000s usage=2.960s mem=55120KiB load=1.00 rootload=1.00
lookahead-search moves:40426 max-moves:43426
lookahead-search moves:43426 max-moves:46526
lookahead-search moves:46526 max-moves:49726
lookahead-search moves:49726 max-moves:53026
lookahead-search moves:53026 max-moves:56426
ramon: poll                 wall=4.000s usage=3.960s mem=55124KiB load=1.00 rootload=1.00
lookahead-search moves:56426 max-moves:59926
lookahead-search moves:59926 max-moves:63526
lookahead-search moves:63526 max-moves:67226
lookahead-search moves:67226 max-moves:71026
ramon: poll                 wall=5.000s usage=4.960s mem=55124KiB load=1.00 rootload=1.00
(sat.ddfw       2      1     4.0052     59998       294          3            1        8)
SLS -> SMT activity
(smt.stats    7    860  24351  15148  3903/3492/96     773/25    14   23   53.15)
SMT -> SLS values
lookahead-search moves:69675 max-moves:73575
lookahead-search moves:73575 max-moves:77575
(sat.ddfw       2      1     0.7409     63998       313          3            1        9)
SLS -> SMT values
(smt.stats    8    982  25982  16473  4063/3695/102     886/26    15   26   53.29)
(smt.stats    9   1116  27513  18310  4100/3701/102    1009/27    16   32   53.29)
(smt.stats   10   1217  27954  19146  4164/3797/103    1103/27    17   34   53.40)
lookahead-search moves:73655 max-moves:77755
lookahead-search moves:77755 max-moves:81955
ramon: poll                 wall=6.000s usage=5.959s mem=55332KiB load=1.00 rootload=1.00
lookahead-search moves:81955 max-moves:86255
(sat.ddfw       2      1     0.9548     70000       343          3            1       10)
lookahead-search moves:86255 max-moves:90655
lookahead-search moves:90655 max-moves:95155
lookahead-search moves:95155 max-moves:99755
ramon: poll                 wall=7.000s usage=6.959s mem=55332KiB load=1.00 rootload=1.00
lookahead-search moves:99755 max-moves:104455
lookahead-search moves:104455 max-moves:109255
lookahead-search moves:109255 max-moves:114155
ramon: poll                 wall=8.000s usage=7.958s mem=55332KiB load=1.00 rootload=1.00
lookahead-search moves:114155 max-moves:119155
lookahead-search moves:119155 max-moves:124255
lookahead-search moves:124255 max-moves:129455
ramon: poll                 wall=9.000s usage=8.958s mem=55332KiB load=1.00 rootload=1.00
lookahead-search moves:129455 max-moves:134755
lookahead-search moves:134755 max-moves:140155
(sat.ddfw       2      1     2.3298     92893       455          4            1       12)
SLS -> SMT activity
(smt.stats   11   1328  28744  20558  4188/3797/103    1214/28    17   34   53.40)
(smt.stats :restarts :decisions    :clauses/bin/units         :simplify    :memory)
(smt.stats     :conflicts   :propagations          :lemmas         :deletions    )
(smt.stats   12   1450  30646  23892  4195/3828/107    1331/29    18   34   53.40)
lookahead-search moves:140155 max-moves:145655
ramon: poll                 wall=10.000s usage=9.958s mem=55348KiB load=1.00 rootload=0.99
ramon: end                  Mon Feb  3 03:23:37 2025
ramon: root.execname        z3
ramon: root.utime           9.990s
ramon: root.stime           0.000s
ramon: group.total          10.002s
ramon: group.utime          9.994s
ramon: group.stime          0.008s
ramon: group.mempeak        55604KiB
ramon: group.pidpeak        2
ramon: status               exited
ramon: exitcode             0
ramon: walltime             10.044s
ramon: loadavg              1.00
