xargs: unmatched double quote; by default quotes are special to xargs unless you use the -0 option
ramon: cwd                  /home/gh1/A/_work/z3-poly-testing/z3-poly-testing
ramon: start                Mon Feb  3 03:24:47 2025
ramon: nproc                32
ramon: sys.mem              63441 MiB
ramon: sys.mem.free         35441 MiB
ramon: sys.mem.avail        59491 MiB
ramon: sys.nprocs           1295
ramon: argv                 0 = z3
ramon: argv                 1 = inputs/alive-arm-tv-smt-benchmarks/5oDREuHlOpFQ.smt2
ramon: argv                 2 = -T:10
ramon: argv                 3 = -v:2
ramon: argv                 4 = -st
ramon: argv                 5 = tactic.default_tactic=(then simplify propagate-values solve-eqs simplify smt)
ramon: argv                 6 = smt.sls.enable=true
ramon: argv                 7 = smt.sls.parallel=false
ramon: argv                 8 = model_validate=true
ramon: argv                 9 = smt.bv.solver=2
ramon: childpid             1845222
(smt.searching)
(smt.stats :restarts     :decisions  :clauses/bin/units   :simplify   :memory)
(smt.stats        :conflicts    :propagations     :lemmas      :deletions   )
(smt.stats    0      0      0      0    19/10/1       0/0     0    0   18.00)
(smt.stats    0    101    850    414   306/232/230      97/25     3   43   52.40)
SMT -> SLS units -19
SMT -> SLS values
lookahead-search moves:0 max-moves:800
lookahead-search moves:800 max-moves:1700
lookahead-search moves:1700 max-moves:2700
ramon: poll                 wall=1.000s usage=0.999s mem=54620KiB load=1.00 rootload=0.99
lookahead-search moves:2700 max-moves:3800
(sat.ddfw :unsat :models :kflips/sec   :flips :restarts   :reinits  :unsat_vars  :shifts)
(sat.ddfw       1     29     9.7666     10001        25          0            1        1)
lookahead-search moves:3800 max-moves:5000
lookahead-search moves:5000 max-moves:6300
ramon: poll                 wall=2.000s usage=1.999s mem=54620KiB load=1.00 rootload=1.00
(sat.ddfw       1     29     3.8114     16446        42          1            3        2)
SLS -> SMT values
(smt.stats    1    202   1277    631   400/357/230     198/49     3   43   52.69)
SMT -> SLS values
lookahead-search moves:6300 max-moves:7700
(sat.ddfw       1     29     1.4897     20002        55          1            6        3)
lookahead-search moves:7700 max-moves:9200
ramon: poll                 wall=3.000s usage=2.998s mem=55036KiB load=1.00 rootload=1.00
lookahead-search moves:9200 max-moves:10800
(sat.ddfw       1     37     2.2437     27211        74          2            3        3)
SLS -> SMT values
(smt.stats    2    313   1880   1347   841/585/230     306/71     3   43   52.98)
(nlsat :conflicts 1 :decisions 0 :propagations 212 :clauses 746 :learned 1)
(smt.stats    3    414   3718   4918   912/879/248     375/74    10   53   53.98)
SMT -> SLS values
lookahead-search moves:10800 max-moves:12500
ramon: poll                 wall=4.000s usage=3.997s mem=56240KiB load=1.00 rootload=0.99
lookahead-search moves:12500 max-moves:14300
(sat.ddfw       1     38     1.2344     32208        86          2            2        4)
SLS -> SMT values
(smt.stats    4    525   4991   6210   985/940/252     454/79    13   62   54.07)
(smt.stats    5    647   5815   6968  1091/1004/253     574/115    14   62   54.48)
SMT -> SLS values
lookahead-search moves:13600 max-moves:15500
ramon: poll                 wall=5.003s usage=5.000s mem=56852KiB load=1.00 rootload=1.01
(sat.ddfw       1     40     1.1276     37829       102          2            3        5)
SLS -> SMT values
(smt.stats :restarts  :decisions   :clauses/bin/units          :simplify    :memory)
(smt.stats      :conflicts   :propagations          :lemmas         :deletions    )
(smt.stats    6    748   6776   8003  1373/1254/253     672/138    14   62   54.68)
(smt.stats    7    859   7105   8197  1494/1437/253     782/181    14   62   54.96)
SMT -> SLS values
lookahead-search moves:15500 max-moves:17500
ramon: poll                 wall=6.000s usage=5.997s mem=57648KiB load=1.00 rootload=0.99
(sat.ddfw       1     42     0.3766     40000       107          2            5        6)
lookahead-search moves:17500 max-moves:19600
(sat.ddfw       1     42     0.4339     42622       115          3            5        6)
SLS -> SMT values
(smt.stats    8    981   8149  11573  1932/1877/254     887/191    15   63   55.06)
(smt.stats    9   1115   9135  13199  1959/1883/255    1014/216    15   63   55.45)
lookahead-search moves:18561 max-moves:20761
ramon: poll                 wall=7.000s usage=6.996s mem=57860KiB load=1.00 rootload=1.00
lookahead-search moves:20761 max-moves:23061
lookahead-search moves:23061 max-moves:25461
ramon: poll                 wall=8.000s usage=7.996s mem=57860KiB load=1.00 rootload=1.00
lookahead-search moves:25461 max-moves:27961
ramon: poll                 wall=9.000s usage=8.994s mem=57860KiB load=1.00 rootload=1.00
lookahead-search moves:27961 max-moves:30561
lookahead-search moves:30561 max-moves:33261
ramon: poll                 wall=10.003s usage=9.997s mem=57860KiB load=1.00 rootload=1.00
ramon: end                  Mon Feb  3 03:24:57 2025
ramon: root.execname        z3
ramon: root.utime           9.990s
ramon: root.stime           0.000s
ramon: group.total          10.003s
ramon: group.utime          9.995s
ramon: group.stime          0.008s
ramon: group.mempeak        58120KiB
ramon: group.pidpeak        2
ramon: status               exited
ramon: exitcode             0
ramon: walltime             10.010s
ramon: loadavg              1.00
