xargs: unmatched double quote; by default quotes are special to xargs unless you use the -0 option
ramon: cwd                  /home/gh1/A/_work/z3-poly-testing/z3-poly-testing
ramon: start                Mon Feb  3 03:28:40 2025
ramon: nproc                32
ramon: sys.mem              63441 MiB
ramon: sys.mem.free         35436 MiB
ramon: sys.mem.avail        59490 MiB
ramon: sys.nprocs           1279
ramon: argv                 0 = z3
ramon: argv                 1 = inputs/alive-arm-tv-smt-benchmarks/8krszFi54A4w.smt2
ramon: argv                 2 = -T:10
ramon: argv                 3 = -v:2
ramon: argv                 4 = -st
ramon: argv                 5 = tactic.default_tactic=(then simplify propagate-values solve-eqs simplify smt)
ramon: argv                 6 = smt.sls.enable=true
ramon: argv                 7 = smt.sls.parallel=false
ramon: argv                 8 = model_validate=true
ramon: argv                 9 = smt.bv.solver=2
ramon: childpid             1868922
(smt.searching)
(smt.stats :restarts     :decisions   :clauses/bin/units :simplify   :memory)
(smt.stats        :conflicts    :propagations    :lemmas      :deletions   )
(smt.stats    0      0      0      0     0/0/1       0/0     0    0   17.79)
band: (band[55] (shl[64] (bv2int %1) (mod #179 64)) (lshr[64] (* 256 #119) (mod #193 64))) 0 := 1&0
shl: (shl[64] (bv2int %1) (mod (+ #119 #178) 64)) 1 := 36028797018963966 << 1
band: (band[55] (shl[64] (bv2int %1) (mod #179 64)) (lshr[64] (* 256 #119) (mod #193 64))) 0 := 1&0
shl: (shl[64] (bv2int %1) (mod (+ #119 #178) 64)) 1 := 36028797018963966 << 1
band: (band[55] (shl[64] (bv2int %1) (mod #179 64)) (lshr[64] (* 256 #119) (mod #193 64))) 0 := 1&0
shl: (shl[64] (bv2int %1) (mod (+ #119 #178) 64)) 1 := 36028797018963966 << 1
band: (band[55] (shl[64] (bv2int %1) (mod #179 64)) (lshr[64] (* 256 #119) (mod #193 64))) 0 := 1&0
shl: (shl[64] (bv2int %1) (mod (+ #119 #178) 64)) 1 := 36028797018963966 << 1
band: (band[55] (shl[64] (bv2int %1) (mod #179 64)) (lshr[64] (* 256 #119) (mod #193 64))) 0 := 1&0
shl: (shl[64] (bv2int %1) (mod (+ #119 #178) 64)) 1 := 2 << 1
band: (band[55] (shl[64] (bv2int %1) (mod #179 64)) (lshr[64] (* 256 #119) (mod #193 64))) 0 := 1&0
shl: (shl[64] (bv2int %1) (mod (+ #119 #178) 64)) 1 := 2 << 1
band: (band[55] (shl[64] (bv2int %1) (mod #179 64)) (lshr[64] (* 256 #119) (mod #193 64))) 0 := 1&0
shl: (shl[64] (bv2int %1) (mod (+ #119 #178) 64)) 1 := 2 << 1
band: (band[55] (shl[64] (bv2int %1) (mod #179 64)) (lshr[64] (* 256 #119) (mod #193 64))) 0 := 1&0
shl: (shl[64] (bv2int %1) (mod (+ #119 #178) 64)) 1 := 2 << 1
band: (band[55] (shl[64] (bv2int %1) (mod #179 64)) (lshr[64] (* 256 #119) (mod #193 64))) 0 := 1&0
shl: (shl[64] (bv2int %1) (mod (+ #119 #178) 64)) 1 := 2 << 1
band: (band[55] (shl[64] (bv2int %1) (mod #179 64)) (lshr[64] (* 256 #119) (mod #193 64))) 0 := 2&0
lshr: (lshr[64] (* 256 (bv2int %0)) (mod (+ 63 #185 #189) 64)) 36028797018963968 := 256 >>l 62
band: (band[55] (shl[64] (bv2int %1) (mod #179 64)) (lshr[64] (* 256 #119) (mod #193 64))) 0 := 2&0
lshr: (lshr[64] (* 256 (bv2int %0)) (mod (+ 63 #185 #189) 64)) 36028797018963968 := 256 >>l 62
band: (band[55] (shl[64] (bv2int %1) (mod #179 64)) (lshr[64] (* 256 #119) (mod #193 64))) 0 := 2&0
lshr: (lshr[64] (* 256 (bv2int %0)) (mod (+ 63 #185 #189) 64)) 36028797018963968 := 256 >>l 62
band: (band[55] (shl[64] (bv2int %1) (mod #179 64)) (lshr[64] (* 256 #119) (mod #193 64))) 2 := 2&257
band: (band[55] (shl[64] (bv2int %1) (mod #179 64)) (lshr[64] (* 256 #119) (mod #193 64))) 1 := 2&257
band: (band[55] (shl[64] (bv2int %1) (mod #179 64)) (lshr[64] (* 256 #119) (mod #193 64))) 0 := 2&257
lshr: (lshr[64] (* 256 (bv2int %0)) (mod (+ 63 #185 #189) 64)) 257 := 256 >>l 62
band: (band[55] (shl[64] (bv2int %1) (mod #179 64)) (lshr[64] (* 256 #119) (mod #193 64))) 4 := 4&257
band: (band[55] (shl[64] (bv2int %1) (mod #179 64)) (lshr[64] (* 256 #119) (mod #193 64))) 4 := 4&257
band: (band[55] (shl[64] (bv2int %1) (mod #179 64)) (lshr[64] (* 256 #119) (mod #193 64))) 8 := 8&257
band: (band[55] (shl[64] (bv2int %1) (mod #179 64)) (lshr[64] (* 256 #119) (mod #193 64))) 16 := 16&257
band: (band[55] (shl[64] (bv2int %1) (mod #179 64)) (lshr[64] (* 256 #119) (mod #193 64))) 32 := 32&257
band: (band[55] (shl[64] (bv2int %1) (mod #179 64)) (lshr[64] (* 256 #119) (mod #193 64))) 64 := 64&257
band: (band[55] (shl[64] (bv2int %1) (mod #179 64)) (lshr[64] (* 256 #119) (mod #193 64))) 128 := 128&257
band: (band[55] (shl[64] (bv2int %1) (mod #179 64)) (lshr[64] (* 256 #119) (mod #193 64))) 256 := 256&257
lshr: (lshr[64] (* 256 (bv2int %0)) (mod (+ 63 #185 #189) 64)) 257 := 256 >>l 62
band: (band[55] (shl[64] (bv2int %1) (mod #179 64)) (lshr[64] (* 256 #119) (mod #193 64))) 0 := 4&0
shl: (shl[55] (bv2int %1) (mod (bv2int %0) 55)) 36028797018963967 := 2 << 1
band: (band[55] (shl[64] (bv2int %1) (mod #179 64)) (lshr[64] (* 256 #119) (mod #193 64))) 0 := 4&0
shl: (shl[55] (bv2int %1) (mod (bv2int %0) 55)) 36028797018963967 := 2 << 1
band: (band[55] (shl[64] (bv2int %1) (mod #179 64)) (lshr[64] (* 256 #119) (mod #193 64))) 0 := 0&0
shl: (shl[55] (bv2int %1) (mod (bv2int %0) 55)) 36028797018963967 := 18014398509481984 << 1
SMT -> SLS units -1
SMT -> SLS values
lookahead-search moves:0 max-moves:800
lookahead-search moves:800 max-moves:1700
lookahead-search moves:1700 max-moves:2700
lookahead-search moves:2700 max-moves:3800
lookahead-search moves:3800 max-moves:5000
lookahead-search moves:5000 max-moves:6300
(sat.ddfw :unsat :models :kflips/sec   :flips :restarts   :reinits  :unsat_vars  :shifts)
(sat.ddfw       2      1    12.4069     10000        49          0            1        2)
lookahead-search moves:6300 max-moves:7700
ramon: poll                 wall=1.000s usage=0.999s mem=53436KiB load=1.00 rootload=0.99
lookahead-search moves:7700 max-moves:9200
(sat.ddfw       2      1     3.5110     13999        68          1            1        2)
SLS -> SMT values
(smt.stats    0    102   1073    523   188/180/186      72/6    12   39   51.45)
band: (band[55] (shl[64] (bv2int %1) (mod #179 64)) (lshr[64] (* 256 #119) (mod #193 64))) 0 := 4&0
lshr: (lshr[55] (bv2int %0) (+ 55 (* 36028797018963967 #121))) 36028797018963967 := 1 >>l 54
band: (band[55] (shl[64] (bv2int %1) (mod #179 64)) (lshr[64] (* 256 #119) (mod #193 64))) 0 := 4&0
lshr: (lshr[55] (bv2int %0) (+ 55 (* 36028797018963967 #121))) 36028797018963967 := 1 >>l 54
band: (band[55] (shl[64] (bv2int %1) (mod #179 64)) (lshr[64] (* 256 #119) (mod #193 64))) 0 := 4&0
lshr: (lshr[55] (bv2int %0) (+ 55 (* 36028797018963967 #121))) 36028797018963967 := 1 >>l 54
band: (band[55] (shl[64] (bv2int %1) (mod #179 64)) (lshr[64] (* 256 #119) (mod #193 64))) 0 := 4&0
lshr: (lshr[55] (bv2int %0) (+ 55 (* 36028797018963967 #121))) 36028797018963967 := 1 >>l 54
band: (band[55] (shl[64] (bv2int %1) (mod #179 64)) (lshr[64] (* 256 #119) (mod #193 64))) 0 := 0&64
shl: (shl[64] (bv2int %1) (mod (+ #119 #178) 64)) 0 := 18014398509481985 << 3
band: (band[55] (shl[64] (bv2int %1) (mod #179 64)) (lshr[64] (* 256 #119) (mod #193 64))) 0 := 0&64
shl: (shl[64] (bv2int %1) (mod (+ #119 #178) 64)) 0 := 18014398509481985 << 5
band: (band[55] (shl[64] (bv2int %1) (mod #179 64)) (lshr[64] (* 256 #119) (mod #193 64))) 0 := 0&64
shl: (shl[64] (bv2int %1) (mod (+ #119 #178) 64)) 0 := 18014398509481985 << 5
band: (band[55] (shl[64] (bv2int %1) (mod #179 64)) (lshr[64] (* 256 #119) (mod #193 64))) 0 := 0&64
shl: (shl[64] (bv2int %1) (mod (+ #119 #178) 64)) 0 := 18014398509481985 << 5
band: (band[55] (shl[64] (bv2int %1) (mod #179 64)) (lshr[64] (* 256 #119) (mod #193 64))) 0 := 0&64
shl: (shl[64] (bv2int %1) (mod (+ #119 #178) 64)) 0 := 18014398509481985 << 5
band: (band[55] (shl[64] (bv2int %1) (mod #179 64)) (lshr[64] (* 256 #119) (mod #193 64))) 0 := 0&64
shl: (shl[64] (bv2int %1) (mod (+ #119 #178) 64)) 0 := 36028797018963967 << 3
band: (band[55] (shl[64] (bv2int %1) (mod #179 64)) (lshr[64] (* 256 #119) (mod #193 64))) 0 := 0&64
shl: (shl[64] (bv2int %1) (mod (+ #119 #178) 64)) 0 := 36028797018963967 << 3
band: (band[55] (shl[64] (bv2int %1) (mod #179 64)) (lshr[64] (* 256 #119) (mod #193 64))) 0 := 0&64
shl: (shl[64] (bv2int %1) (mod (+ #119 #178) 64)) 0 := 18014398509481985 << 5
band: (band[55] (shl[64] (bv2int %1) (mod #179 64)) (lshr[64] (* 256 #119) (mod #193 64))) 0 := 0&64
lshr: (lshr[64] (* 256 (bv2int %0)) (mod (+ 63 #185 #189) 64)) 36028797018964032 := 1280 >>l 58
band: (band[55] (shl[64] (bv2int %1) (mod #179 64)) (lshr[64] (* 256 #119) (mod #193 64))) 0 := 0&64
lshr: (lshr[64] (* 256 (bv2int %0)) (mod (+ 63 #185 #189) 64)) 36028797018964032 := 1280 >>l 58
band: (band[55] (shl[64] (bv2int %1) (mod #179 64)) (lshr[64] (* 256 #119) (mod #193 64))) 0 := 0&64
lshr: (lshr[64] (* 256 (bv2int %0)) (mod (+ 63 #185 #189) 64)) 36028797018964032 := 1280 >>l 58
band: (band[55] (shl[64] (bv2int %1) (mod #179 64)) (lshr[64] (* 256 #119) (mod #193 64))) 0 := 0&64
lshr: (lshr[64] (* 256 (bv2int %0)) (mod (+ 63 #185 #189) 64)) 36028797018964032 := 1280 >>l 58
band: (band[55] (shl[64] (bv2int %1) (mod #179 64)) (lshr[64] (* 256 #119) (mod #193 64))) 0 := 0&64
lshr: (lshr[64] (* 256 (bv2int %0)) (mod (+ 63 #185 #189) 64)) 36028797018964032 := 1280 >>l 58
(smt.stats    1    203   2484   1637   291/258/209     159/8    14   44   51.64)
band: (band[55] (shl[64] (bv2int %1) (mod #179 64)) (lshr[64] (* 256 #119) (mod #193 64))) 0 := 96&64
band: (band[55] (shl[64] (bv2int %1) (mod #179 64)) (lshr[64] (* 256 #119) (mod #193 64))) 0 := 160&128
band: (band[55] (shl[64] (bv2int %1) (mod #179 64)) (lshr[64] (* 256 #119) (mod #193 64))) 0 := 288&256
band: (band[55] (shl[64] (bv2int %1) (mod #179 64)) (lshr[64] (* 256 #119) (mod #193 64))) 0 := 1024&512
shl: (shl[64] (bv2int %1) (mod (+ #119 #178) 64)) 612489549322388480 := 19140298416324640 << 3
band: (band[55] (shl[64] (bv2int %1) (mod #179 64)) (lshr[64] (* 256 #119) (mod #193 64))) 0 := 992&64
band: (band[55] (shl[64] (bv2int %1) (mod #179 64)) (lshr[64] (* 256 #119) (mod #193 64))) 0 := 992&64
band: (band[55] (shl[64] (bv2int %1) (mod #179 64)) (lshr[64] (* 256 #119) (mod #193 64))) 0 := 896&64
shl: (shl[64] (bv2int %1) (mod (+ #119 #178) 64)) 612489549322388352 := 19140298416324636 << 3
band: (band[55] (shl[64] (bv2int %1) (mod #179 64)) (lshr[64] (* 256 #119) (mod #193 64))) 0 := 512&64
shl: (shl[64] (bv2int %1) (mod (+ #119 #178) 64)) 612489549322387968 := 19140298416324624 << 3
band: (band[55] (shl[64] (bv2int %1) (mod #179 64)) (lshr[64] (* 256 #119) (mod #193 64))) 0 := 96&64
band: (band[55] (shl[64] (bv2int %1) (mod #179 64)) (lshr[64] (* 256 #119) (mod #193 64))) 0 := 96&64
band: (band[55] (shl[64] (bv2int %1) (mod #179 64)) (lshr[64] (* 256 #119) (mod #193 64))) 0 := 128&64
shl: (shl[64] (bv2int %1) (mod (+ #119 #178) 64)) 612489549322387584 := 19140298416324612 << 2
band: (band[55] (shl[64] (bv2int %1) (mod #179 64)) (lshr[64] (* 256 #119) (mod #193 64))) 0 := 96&64
band: (band[55] (shl[64] (bv2int %1) (mod #179 64)) (lshr[64] (* 256 #119) (mod #193 64))) 0 := 96&64
band: (band[55] (shl[64] (bv2int %1) (mod #179 64)) (lshr[64] (* 256 #119) (mod #193 64))) 0 := 96&64
band: (band[55] (shl[64] (bv2int %1) (mod #179 64)) (lshr[64] (* 256 #119) (mod #193 64))) 64 := 96&64
shl: (shl[64] (bv2int %1) (mod (+ #119 #178) 64)) 612489549322387552 := 19140298416324611 << 2
SMT -> SLS values
lookahead-search moves:8926 max-moves:10526
lookahead-search moves:10526 max-moves:12226
lookahead-search moves:12226 max-moves:14026
ramon: poll                 wall=2.000s usage=1.999s mem=54460KiB load=1.00 rootload=1.00
(sat.ddfw       2      1     2.9698     20001        98          1            1        3)
lookahead-search moves:14026 max-moves:15926
(sat.ddfw       2      1     1.1655     22635       110          2            1        3)
SLS -> SMT values
(smt.stats    2    314   4874   3019   433/366/255     239/9    17   76   52.33)
(smt.stats    3    415   6837   4440   497/453/270     328/9    18   79   52.42)
SMT -> SLS values
lookahead-search moves:15926 max-moves:17926
lookahead-search moves:17926 max-moves:20026
ramon: poll                 wall=3.000s usage=2.999s mem=54460KiB load=1.00 rootload=1.00
(sat.ddfw       2      1     1.3581     26553       130          2            1        4)
SLS -> SMT values
(smt.stats    4    526   8663   5711   552/490/288     389/12    20  118   52.61)
(smt.stats    5    648  11617   7720   641/542/288     500/18    21  122   52.61)
SMT -> SLS values
lookahead-search moves:20026 max-moves:22226
lookahead-search moves:22226 max-moves:24526
ramon: poll                 wall=4.000s usage=3.997s mem=54716KiB load=1.00 rootload=0.99
(sat.ddfw       2      1     0.9096     30207       148          2            1        5)
SLS -> SMT values
(smt.stats :restarts :decisions     :clauses/bin/units       :simplify    :memory)
(smt.stats      :conflicts   :propagations         :lemmas       :deletions     )
(smt.stats    6    749  12000   8132   751/643/288     600/28    21  122   52.71)
(smt.stats    7    860  14258   9812   942/880/289     707/33    22  122   52.80)
ramon: poll                 wall=5.000s usage=4.996s mem=55228KiB load=1.00 rootload=1.00
SMT -> SLS values
lookahead-search moves:24526 max-moves:26926
lookahead-search moves:26926 max-moves:29426
(sat.ddfw       2      1     0.6876     33999       166          2            1        6)
SLS -> SMT values
(smt.stats    8    982  14619  10222  1049/946/289     829/36    22  122   53.09)
ramon: poll                 wall=6.000s usage=5.996s mem=55296KiB load=1.00 rootload=1.00
(smt.stats    9   1116  17324  12543  1279/1170/289     958/40    22  122   53.19)
SMT -> SLS values
lookahead-search moves:28819 max-moves:31419
lookahead-search moves:31419 max-moves:34119
(sat.ddfw       2      1     0.5856     37999       186          2            1        7)
SLS -> SMT values
ramon: poll                 wall=7.000s usage=6.996s mem=55552KiB load=1.00 rootload=1.00
(smt.stats   10   1217  19105  14746  1445/1281/290    1050/40    23  125   53.28)
(smt.stats   11   1328  21714  18444  1531/1456/292    1151/40    24  125   53.38)
SMT -> SLS values
lookahead-search moves:32798 max-moves:35598
ramon: poll                 wall=8.000s usage=7.996s mem=55808KiB load=1.00 rootload=1.00
(sat.ddfw       2      1     0.2464     40001       196          2            1        8)
lookahead-search moves:35598 max-moves:38498
(sat.ddfw       2      1     0.2415     41999       205          3            1        8)
SLS -> SMT values
(smt.stats :restarts :decisions    :clauses/bin/units         :simplify    :memory)
(smt.stats     :conflicts   :propagations          :lemmas        :deletions     )
(smt.stats   12   1450  23138  20606  1710/1587/307    1264/47    25  129   53.57)
(smt.stats   13   1584  25681  24690  1867/1808/316    1388/53    26  136   53.57)
ramon: poll                 wall=9.000s usage=8.996s mem=55872KiB load=1.00 rootload=1.00
(smt.stats   14   1731  28780  26978  1944/1809/316    1534/54    26  136   53.76)
lookahead-search moves:36777 max-moves:39777
ramon: poll                 wall=10.006s usage=9.999s mem=360KiB load=1.00 rootload=1.00
ramon: end                  Mon Feb  3 03:28:50 2025
ramon: root.execname        z3
ramon: root.utime           9.990s
ramon: root.stime           0.000s
ramon: group.total          10.001s
ramon: group.utime          9.993s
ramon: group.stime          0.008s
ramon: group.mempeak        56436KiB
ramon: group.pidpeak        2
ramon: status               exited
ramon: exitcode             0
ramon: walltime             10.006s
ramon: loadavg              1.00
