ramon: cwd                  /home/gh1/A/_work/z3-poly-testing/z3-poly-testing
ramon: start                Mon Feb  3 03:30:38 2025
ramon: nproc                32
ramon: sys.mem              63441 MiB
ramon: sys.mem.free         35081 MiB
ramon: sys.mem.avail        59490 MiB
ramon: sys.nprocs           1302
ramon: argv                 0 = z3
ramon: argv                 1 = inputs/alive-arm-tv-smt-benchmarks/AA4YUIw3Y1Am.smt2
ramon: argv                 2 = -T:10
ramon: argv                 3 = -v:2
ramon: argv                 4 = -st
ramon: argv                 5 = tactic.default_tactic=(then simplify propagate-values solve-eqs simplify smt)
ramon: argv                 6 = smt.sls.enable=true
ramon: argv                 7 = smt.sls.parallel=false
ramon: argv                 8 = model_validate=true
ramon: argv                 9 = smt.bv.solver=2
ramon: childpid             1881231
xargs: unmatched double quote; by default quotes are special to xargs unless you use the -0 option
(smt.searching)
(smt.stats :restarts     :decisions  :clauses/bin/units  :simplify   :memory)
(smt.stats        :conflicts    :propagations    :lemmas      :deletions   )
(smt.stats    0      0      0      0    10/8/1       0/0     0    0   17.79)
(smt.stats    0    101    279    142   205/90/78     101/18     1   14   51.26)
SMT -> SLS units -11
SMT -> SLS values
lookahead-search moves:0 max-moves:800
lookahead-search moves:800 max-moves:1700
lookahead-search moves:1700 max-moves:2700
lookahead-search moves:2700 max-moves:3800
lookahead-search moves:3800 max-moves:5000
(sat.ddfw :unsat :models :kflips/sec   :flips :restarts   :reinits  :unsat_vars  :shifts)
(sat.ddfw       1     11    16.1812     10000        46          0            3        2)
lookahead-search moves:5000 max-moves:6300
lookahead-search moves:6300 max-moves:7700
ramon: poll                 wall=1.000s usage=0.996s mem=53180KiB load=1.00 rootload=0.98
lookahead-search moves:7700 max-moves:9200
(sat.ddfw       1     11     3.8382     14103        67          1            5        2)
SLS -> SMT values
(smt.stats    1    202    565    578   360/315/78     196/23     1   14   51.46)
SMT -> SLS values
lookahead-search moves:8798 max-moves:10398
lookahead-search moves:10398 max-moves:12098
(sat.ddfw       1     11     3.7519     20001        94          1            1        3)
lookahead-search moves:12098 max-moves:13898
lookahead-search moves:13898 max-moves:15798
ramon: poll                 wall=2.000s usage=1.994s mem=53540KiB load=1.00 rootload=1.00
(sat.ddfw       1     11     1.3544     22745       108          2            3        3)
SLS -> SMT values
(smt.stats    2    313   1279   1933   662/444/78     304/28     1   14   51.65)
(smt.stats    3    414   2119   2947   800/685/78     398/31     1   14   51.75)
SMT -> SLS units 4 1
SMT -> SLS values
lookahead-search moves:15798 max-moves:17798
(sat.ddfw       1     13     2.2582     28072       116          2            3        4)
ramon: end                  Mon Feb  3 03:30:40 2025
ramon: root.execname        z3
ramon: root.utime           2.460s
ramon: root.stime           0.010s
ramon: group.total          2.482s
ramon: group.utime          2.470s
ramon: group.stime          0.012s
ramon: group.mempeak        53796KiB
ramon: group.pidpeak        2
ramon: status               exited
ramon: exitcode             0
ramon: walltime             2.487s
ramon: loadavg              1.00
