ramon: cwd                  /home/gh1/A/_work/z3-poly-testing/z3-poly-testing
ramon: start                Mon Feb  3 04:03:36 2025
ramon: nproc                32
ramon: sys.mem              63441 MiB
ramon: sys.mem.free         33711 MiB
ramon: sys.mem.avail        59480 MiB
ramon: sys.nprocs           1294
ramon: argv                 0 = z3
ramon: argv                 1 = inputs/alive-arm-tv-smt-benchmarks/fqwgHYppLsbg.smt2
ramon: argv                 2 = -T:10
ramon: argv                 3 = -v:2
ramon: argv                 4 = -st
ramon: argv                 5 = tactic.default_tactic=(then simplify propagate-values solve-eqs simplify smt)
ramon: argv                 6 = smt.sls.enable=true
ramon: argv                 7 = smt.sls.parallel=false
ramon: argv                 8 = model_validate=true
ramon: argv                 9 = smt.bv.solver=2
ramon: childpid             2078980
xargs: unmatched double quote; by default quotes are special to xargs unless you use the -0 option
(smt.searching)
(smt.stats :restarts     :decisions   :clauses/bin/units :simplify   :memory)
(smt.stats        :conflicts    :propagations    :lemmas      :deletions   )
(smt.stats    0      0      0      0     0/0/1       0/0     0    0   17.79)
SMT -> SLS values
lookahead-search moves:0 max-moves:800
lookahead-search moves:800 max-moves:1700
lookahead-search moves:1700 max-moves:2700
lookahead-search moves:2700 max-moves:3800
lookahead-search moves:3800 max-moves:5000
lookahead-search moves:5000 max-moves:6300
(sat.ddfw :unsat :models :kflips/sec   :flips :restarts   :reinits  :unsat_vars  :shifts)
(sat.ddfw       1      1    18.9036     10000        49          0            1        2)
lookahead-search moves:6300 max-moves:7700
lookahead-search moves:7700 max-moves:9200
ramon: poll                 wall=1.000s usage=0.928s mem=54068KiB load=0.93 rootload=0.91
(sat.ddfw       1      1     5.3165     13998        68          1            1        2)
SLS -> SMT values
(smt.stats    0    101    668    227  1238/1067/51     101/13     1    9   51.79)
(smt.stats    1    202   4151    689  1380/1250/58     183/8     4   22   51.79)
SMT -> SLS units -1
SMT -> SLS values
lookahead-search moves:8928 max-moves:10528
lookahead-search moves:10528 max-moves:12228
ramon: poll                 wall=2.045s usage=1.975s mem=54008KiB load=1.00 rootload=1.00
lookahead-search moves:12228 max-moves:14028
(sat.ddfw       1      1     3.0390     20000        98          1            1        3)
lookahead-search moves:14028 max-moves:15928
(sat.ddfw       1      1     1.2355     22634       110          2            1        3)
SLS -> SMT values
(smt.stats    2    313   7228   2696  1436/1273/58     288/10     4   22   51.98)
(smt.stats    3    414  10122   3482  1559/1396/59     379/9     5   26   52.17)
(smt.stats    4    525  12064   4043  2232/2044/59     487/9     5   26   52.27)
SMT -> SLS values
lookahead-search moves:15928 max-moves:17928
lookahead-search moves:17928 max-moves:20028
(sat.ddfw       1      1     1.4702     26552       130          2            1        4)
SLS -> SMT values
(smt.stats    5    647  14037   5173  2271/2078/61     600/9     7   29   52.38)
ramon: poll                 wall=3.000s usage=2.926s mem=54516KiB load=1.00 rootload=1.00
(smt.stats :restarts :decisions    :clauses/bin/units        :simplify   :memory)
(smt.stats      :conflicts   :propagations         :lemmas       :deletions    )
(smt.stats    6    748  16139   6272  2281/2086/61     701/9     7   29   52.38)
lookahead-search moves:20028 max-moves:22228
lookahead-search moves:22228 max-moves:24528
lookahead-search moves:24528 max-moves:26928
lookahead-search moves:26928 max-moves:29428
lookahead-search moves:29428 max-moves:32028
lookahead-search moves:32028 max-moves:34728
ramon: poll                 wall=4.001s usage=3.930s mem=54516KiB load=1.00 rootload=1.00
lookahead-search moves:34728 max-moves:37528
(sat.ddfw       1      1     3.2794     40001       196          2            1        6)
lookahead-search moves:37528 max-moves:40428
lookahead-search moves:40428 max-moves:43428
lookahead-search moves:43428 max-moves:46528
ramon: poll                 wall=5.000s usage=4.926s mem=54516KiB load=1.00 rootload=1.00
lookahead-search moves:46528 max-moves:49728
lookahead-search moves:49728 max-moves:53028
lookahead-search moves:53028 max-moves:56428
lookahead-search moves:56428 max-moves:59928
ramon: poll                 wall=6.000s usage=5.926s mem=54516KiB load=1.00 rootload=1.00
lookahead-search moves:59928 max-moves:63528
lookahead-search moves:63528 max-moves:67228
lookahead-search moves:67228 max-moves:71028
(sat.ddfw       1      1     3.0514     59997       294          3            1        8)
SLS -> SMT activity
(smt.stats    7    859  18578   8772  2291/2102/65     801/10     8   33   52.48)
SMT -> SLS values
lookahead-search moves:69677 max-moves:73577
ramon: poll                 wall=7.005s usage=6.934s mem=54516KiB load=1.00 rootload=1.00
lookahead-search moves:73577 max-moves:77577
(sat.ddfw       1      1     0.5800     63997       313          3            1        9)
SLS -> SMT values
(smt.stats    8    981  19218  13083  2770/2105/65     910/51     9   43   52.58)
(smt.stats    9   1115  20673  15278  2797/2550/65    1042/51     9   43   52.58)
ramon: poll                 wall=8.000s usage=7.925s mem=54772KiB load=1.00 rootload=0.99
(smt.stats   10   1216  21625  17172  2836/2588/65    1143/51     9   43   52.69)
lookahead-search moves:73657 max-moves:77757
lookahead-search moves:77757 max-moves:81957
lookahead-search moves:81957 max-moves:86257
(sat.ddfw       1      1     0.6964     70001       343          3            1       10)
lookahead-search moves:86257 max-moves:90657
ramon: poll                 wall=9.000s usage=8.925s mem=54772KiB load=1.00 rootload=1.00
lookahead-search moves:90657 max-moves:95157
lookahead-search moves:95157 max-moves:99757
lookahead-search moves:99757 max-moves:104457
ramon: poll                 wall=10.000s usage=9.925s mem=54772KiB load=1.00 rootload=1.00
ramon: end                  Mon Feb  3 04:03:46 2025
ramon: root.execname        z3
ramon: root.utime           9.980s
ramon: root.stime           0.010s
ramon: group.total          10.003s
ramon: group.utime          9.991s
ramon: group.stime          0.012s
ramon: group.mempeak        54772KiB
ramon: group.pidpeak        2
ramon: status               exited
ramon: exitcode             0
ramon: walltime             10.075s
ramon: loadavg              0.99
