ramon: cwd                  /home/gh1/A/_work/z3-poly-testing/z3-poly-testing
ramon: start                Mon Feb  3 03:38:00 2025
ramon: nproc                32
ramon: sys.mem              63441 MiB
ramon: sys.mem.free         34847 MiB
ramon: sys.mem.avail        59489 MiB
ramon: sys.nprocs           1285
ramon: argv                 0 = z3
ramon: argv                 1 = inputs/alive-arm-tv-smt-benchmarks/GAsVPIp5FKud.smt2
ramon: argv                 2 = -T:10
ramon: argv                 3 = -v:2
ramon: argv                 4 = -st
ramon: argv                 5 = tactic.default_tactic=(then simplify propagate-values solve-eqs simplify smt)
ramon: argv                 6 = smt.sls.enable=true
ramon: argv                 7 = smt.sls.parallel=false
ramon: argv                 8 = model_validate=true
ramon: argv                 9 = smt.bv.solver=2
ramon: childpid             1925959
xargs: unmatched double quote; by default quotes are special to xargs unless you use the -0 option
(smt.searching)
(smt.stats :restarts     :decisions  :clauses/bin/units  :simplify   :memory)
(smt.stats        :conflicts    :propagations    :lemmas      :deletions   )
(smt.stats    0      0      0      0    10/8/1       0/0     0    0   17.79)
(smt.stats    0    101    288    225   254/253/167      10/6     5   87   51.23)
SMT -> SLS units -11 -8 -7 6 1
SMT -> SLS values
lookahead-search moves:0 max-moves:800
lookahead-search moves:800 max-moves:1700
(sat.ddfw :unsat :models :kflips/sec   :flips :restarts   :reinits  :unsat_vars  :shifts)
(sat.ddfw       1      4    93.4579     10000        11          0            2        1)
lookahead-search moves:1700 max-moves:2700
(sat.ddfw       1      6    48.0760     18221        22          1            2        2)
SLS -> SMT values
ramon: end                  Mon Feb  3 03:38:00 2025
ramon: root.execname        z3
ramon: root.utime           0.230s
ramon: root.stime           0.040s
ramon: group.total          0.283s
ramon: group.utime          0.239s
ramon: group.stime          0.044s
ramon: group.mempeak        53300KiB
ramon: group.pidpeak        2
ramon: status               exited
ramon: exitcode             0
ramon: walltime             0.340s
ramon: loadavg              0.83
