ramon: cwd                  /home/gh1/A/_work/z3-poly-testing/z3-poly-testing
ramon: start                Mon Feb  3 04:05:16 2025
ramon: nproc                32
ramon: sys.mem              63441 MiB
ramon: sys.mem.free         33644 MiB
ramon: sys.mem.avail        59479 MiB
ramon: sys.nprocs           1289
ramon: argv                 0 = z3
ramon: argv                 1 = inputs/alive-arm-tv-smt-benchmarks/hyhqh9CXkWAv.smt2
ramon: argv                 2 = -T:10
ramon: argv                 3 = -v:2
ramon: argv                 4 = -st
ramon: argv                 5 = tactic.default_tactic=(then simplify propagate-values solve-eqs simplify smt)
ramon: argv                 6 = smt.sls.enable=true
ramon: argv                 7 = smt.sls.parallel=false
ramon: argv                 8 = model_validate=true
ramon: argv                 9 = smt.bv.solver=2
ramon: childpid             2088746
xargs: unmatched double quote; by default quotes are special to xargs unless you use the -0 option
(smt.searching)
(smt.stats :restarts     :decisions  :clauses/bin/units  :simplify   :memory)
(smt.stats        :conflicts    :propagations    :lemmas      :deletions   )
(smt.stats    0      0      0      0    16/8/1       0/0     0    0   18.00)
SMT -> SLS values
lookahead-search moves:0 max-moves:800
lookahead-search moves:800 max-moves:1700
lookahead-search moves:1700 max-moves:2700
ramon: poll                 wall=1.000s usage=0.904s mem=54328KiB load=0.90 rootload=0.89
lookahead-search moves:2700 max-moves:3800
(sat.ddfw :unsat :models :kflips/sec   :flips :restarts   :reinits  :unsat_vars  :shifts)
(sat.ddfw       1     27    12.1543     10003        23          0            7        1)
lookahead-search moves:3800 max-moves:5000
lookahead-search moves:5000 max-moves:6300
(sat.ddfw       1     27     4.6566     16350        42          1            2        2)
SLS -> SMT values
(smt.stats    0    101    631    547   296/209/228     100/40     1   43   52.15)
ramon: poll                 wall=2.008s usage=1.912s mem=54584KiB load=1.00 rootload=1.00
(smt.stats    1    202   1105   1116   541/345/228     199/74     1   43   52.52)
SMT -> SLS units -17
SMT -> SLS values
lookahead-search moves:6300 max-moves:7700
(sat.ddfw       1     32     1.8505     20001        52          1            3        3)
lookahead-search moves:7700 max-moves:9200
lookahead-search moves:9200 max-moves:10800
ramon: poll                 wall=3.000s usage=2.903s mem=54840KiB load=1.00 rootload=1.00
(sat.ddfw       1     36     2.6317     26996        79          2            1        3)
SLS -> SMT values
(smt.stats    2    313   2149   2766   690/546/228     300/92     1   43   52.71)
(smt.stats    3    414   2829   4402   870/841/229     395/98     2   43   52.81)
lookahead-search moves:10800 max-moves:12500
SMT -> SLS values
lookahead-search moves:12500 max-moves:14300
ramon: poll                 wall=4.000s usage=3.903s mem=55072KiB load=1.00 rootload=1.00
(sat.ddfw       1     36     1.2492     31428        96          2            2        4)
SLS -> SMT values
(smt.stats    4    525   4007   6678   976/924/231     474/100     4   45   53.00)
(smt.stats    5    647   5196   8509  1149/1103/233     590/105     5   45   53.29)
SMT -> SLS values
lookahead-search moves:14300 max-moves:16200
lookahead-search moves:16200 max-moves:18200
ramon: poll                 wall=5.000s usage=4.902s mem=55756KiB load=1.00 rootload=1.00
(sat.ddfw       1     35     0.8991     35591       110          2            3        5)
SLS -> SMT values
(smt.stats :restarts  :decisions   :clauses/bin/units           :simplify   :memory)
(smt.stats      :conflicts  :propagations           :lemmas         :deletions    )
(smt.stats    6    748   6386  11389  1206/1135/238     682/115     7   48   53.60)
(smt.stats    7    859   8002  13048  1465/1408/239     782/115     8   52   53.99)
(smt.stats    8    981   9504  15701  1572/1510/241     886/114     9   53   54.08)
lookahead-search moves:18200 max-moves:20300
ramon: poll                 wall=6.000s usage=5.901s mem=56620KiB load=1.00 rootload=1.00
(sat.ddfw       1     35     0.8074     40002       126          2            1        6)
lookahead-search moves:20300 max-moves:22500
lookahead-search moves:22500 max-moves:24800
lookahead-search moves:24800 max-moves:27200
ramon: poll                 wall=7.000s usage=6.901s mem=56412KiB load=1.00 rootload=1.00
lookahead-search moves:27200 max-moves:29700
ramon: poll                 wall=8.000s usage=7.901s mem=56412KiB load=1.00 rootload=1.00
lookahead-search moves:29700 max-moves:32300
lookahead-search moves:32300 max-moves:35000
ramon: poll                 wall=9.000s usage=8.900s mem=56412KiB load=1.00 rootload=1.00
lookahead-search moves:35000 max-moves:37800
lookahead-search moves:37800 max-moves:40700
ramon: poll                 wall=10.016s usage=9.916s mem=56412KiB load=1.00 rootload=0.99
ramon: end                  Mon Feb  3 04:05:27 2025
ramon: root.execname        z3
ramon: root.utime           9.990s
ramon: root.stime           0.000s
ramon: group.total          10.003s
ramon: group.utime          9.995s
ramon: group.stime          0.008s
ramon: group.mempeak        56672KiB
ramon: group.pidpeak        2
ramon: status               exited
ramon: exitcode             0
ramon: walltime             10.102s
ramon: loadavg              0.99
