ramon: cwd                  /home/gh1/A/_work/z3-poly-testing/z3-poly-testing
ramon: start                Mon Feb  3 04:07:34 2025
ramon: nproc                32
ramon: sys.mem              63441 MiB
ramon: sys.mem.free         33542 MiB
ramon: sys.mem.avail        59478 MiB
ramon: sys.nprocs           1283
ramon: argv                 0 = z3
ramon: argv                 1 = inputs/alive-arm-tv-smt-benchmarks/kuYx8ITkMrai.smt2
ramon: argv                 2 = -T:10
ramon: argv                 3 = -v:2
ramon: argv                 4 = -st
ramon: argv                 5 = tactic.default_tactic=(then simplify propagate-values solve-eqs simplify smt)
ramon: argv                 6 = smt.sls.enable=true
ramon: argv                 7 = smt.sls.parallel=false
ramon: argv                 8 = model_validate=true
ramon: argv                 9 = smt.bv.solver=2
ramon: childpid             2102457
xargs: unmatched double quote; by default quotes are special to xargs unless you use the -0 option
(smt.searching)
(smt.stats :restarts     :decisions   :clauses/bin/units :simplify   :memory)
(smt.stats        :conflicts    :propagations    :lemmas      :deletions   )
(smt.stats    0      0      0      0     0/0/1       0/0     0    0   17.79)
(smt.stats    0    101   6084    703  1261/1145/116      78/12    12   23   52.21)
SMT -> SLS units -1
SMT -> SLS values
lookahead-search moves:0 max-moves:800
lookahead-search moves:800 max-moves:1700
lookahead-search moves:1700 max-moves:2700
lookahead-search moves:2700 max-moves:3800
lookahead-search moves:3800 max-moves:5000
lookahead-search moves:5000 max-moves:6300
(sat.ddfw :unsat :models :kflips/sec   :flips :restarts   :reinits  :unsat_vars  :shifts)
(sat.ddfw       2      1    18.4843     10000        49          0            1        2)
lookahead-search moves:6300 max-moves:7700
lookahead-search moves:7700 max-moves:9200
(sat.ddfw       2      1     5.2070     13999        68          1            1        2)
SLS -> SMT values
ramon: poll                 wall=1.000s usage=0.951s mem=54280KiB load=0.95 rootload=0.94
(smt.stats    1    202   7888   1706  2462/2216/117     173/16    13   24   52.40)
(smt.stats    2    313   9739   3028  2514/2257/118     273/15    14   25   52.40)
SMT -> SLS values
lookahead-search moves:8926 max-moves:10526
lookahead-search moves:10526 max-moves:12226
lookahead-search moves:12226 max-moves:14026
(sat.ddfw       2      1     4.3367     20001        98          1            1        3)
lookahead-search moves:14026 max-moves:15926
(sat.ddfw       2      1     1.7060     22635       110          2            1        3)
SLS -> SMT values
(smt.stats    3    414  11012   3894  2693/2459/124     363/19    15   29   52.67)
(smt.stats    4    525  11847   5250  2724/2481/127     452/29    17   35   52.67)
SMT -> SLS values
lookahead-search moves:15926 max-moves:17926
ramon: poll                 wall=2.000s usage=1.950s mem=54604KiB load=1.00 rootload=1.00
lookahead-search moves:17926 max-moves:20026
(sat.ddfw       2      1     1.8507     26553       130          2            1        4)
SLS -> SMT values
(smt.stats    5    647  12755   6633  2808/2500/128     567/30    18   36   52.67)
SMT -> SLS values
lookahead-search moves:20026 max-moves:22226
lookahead-search moves:22226 max-moves:24526
ramon: poll                 wall=3.003s usage=2.952s mem=54808KiB load=1.00 rootload=1.00
(sat.ddfw       2      1     1.2812     30207       148          2            1        5)
SLS -> SMT values
(smt.stats :restarts :decisions    :clauses/bin/units         :simplify    :memory)
(smt.stats      :conflicts   :propagations          :lemmas        :deletions    )
(smt.stats    6    748  13255   7601  2893/2607/128     668/32    18   36   52.88)
(smt.stats    7    859  13893   8945  3064/2752/128     775/32    18   36   52.88)
(smt.stats    8    981  14655  11050  3197/2839/128     888/34    18   36   52.88)
lookahead-search moves:24526 max-moves:26926
lookahead-search moves:26926 max-moves:29426
lookahead-search moves:29426 max-moves:32026
lookahead-search moves:32026 max-moves:34726
ramon: poll                 wall=4.000s usage=3.947s mem=54928KiB load=1.00 rootload=1.00
lookahead-search moves:34726 max-moves:37526
(sat.ddfw       2      1     2.3347     40001       196          2            1        6)
lookahead-search moves:37526 max-moves:40426
lookahead-search moves:40426 max-moves:43426
lookahead-search moves:43426 max-moves:46526
ramon: poll                 wall=5.000s usage=4.947s mem=54928KiB load=1.00 rootload=1.00
lookahead-search moves:46526 max-moves:49726
lookahead-search moves:49726 max-moves:53026
lookahead-search moves:53026 max-moves:56426
lookahead-search moves:56426 max-moves:59926
ramon: poll                 wall=6.000s usage=5.946s mem=54928KiB load=1.00 rootload=1.00
lookahead-search moves:59926 max-moves:63526
lookahead-search moves:63526 max-moves:67226
lookahead-search moves:67226 max-moves:71026
ramon: poll                 wall=7.000s usage=6.945s mem=54928KiB load=1.00 rootload=1.00
lookahead-search moves:71026 max-moves:74926
(sat.ddfw       2      1     3.2263     63153       309          3            1        9)
SLS -> SMT activity
band: (band[50] (if (= #373 63) 1 (if #585 3 #830)) (shl[64] (* 2 #106) (mod #845 64))) 0 := 562949953421311&844424930130778
band: (band[50] (if (= #373 63) 1 (if #585 3 #830)) (shl[64] (* 2 #106) (mod #845 64))) 0 := 562949953421311&844424930130778
band: (band[50] (if (= #373 63) 1 (if #585 3 #830)) (shl[64] (* 2 #106) (mod #845 64))) 0 := 562949953421311&844424930130778
band: (band[50] (if (= #373 63) 1 (if #585 3 #830)) (shl[64] (* 2 #106) (mod #845 64))) 2 := 562949953421311&844424930130778
band: (band[50] (if (= #373 63) 1 (if #585 3 #830)) (shl[64] (* 2 #106) (mod #845 64))) 2 := 562949953421311&844424930130778
band: (band[50] (if (= #373 63) 1 (if #585 3 #830)) (shl[64] (* 2 #106) (mod #845 64))) 281474976717518 := 562949953421311&844424930130778
band: (band[50] (if (= #373 63) 1 (if #585 3 #830)) (shl[64] (* 2 #106) (mod #845 64))) 3 := 562949953421311&844424930130778
band: (band[50] (if (= #373 63) 1 (if #585 3 #830)) (shl[64] (* 2 #106) (mod #845 64))) 8 := 562949953421311&844424930130778
band: (band[50] (if (= #373 63) 1 (if #585 3 #830)) (shl[64] (* 2 #106) (mod #845 64))) 10 := 562949953421311&844424930130778
band: (band[50] (if (= #373 63) 1 (if #585 3 #830)) (shl[64] (* 2 #106) (mod #845 64))) 10 := 562949953421311&844424930130778
band: (band[50] (if (= #373 63) 1 (if #585 3 #830)) (shl[64] (* 2 #106) (mod #845 64))) 8 := 562949953421311&844424930130778
band: (band[50] (if (= #373 63) 1 (if #585 3 #830)) (shl[64] (* 2 #106) (mod #845 64))) 10 := 562949953421311&844424930130778
band: (band[50] (if (= #373 63) 1 (if #585 3 #830)) (shl[64] (* 2 #106) (mod #845 64))) 50 := 562949953421311&844424930130778
band: (band[50] (if (= #373 63) 1 (if #585 3 #830)) (shl[64] (* 2 #106) (mod #845 64))) 58 := 562949953421311&844424930130778
band: (band[50] (if (= #373 63) 1 (if #585 3 #830)) (shl[64] (* 2 #106) (mod #845 64))) 90 := 562949953421311&844424930130778
(smt.stats    9   1115  20115  13441  3266/2978/129    1011/37    19   36   53.21)
band: (band[50] (if (= #373 63) 1 (if #585 3 #830)) (shl[64] (* 2 #106) (mod #845 64))) 64 := 562949953421311&844424930130778
band: (band[50] (if (= #373 63) 1 (if #585 3 #830)) (shl[64] (* 2 #106) (mod #845 64))) 66 := 562949953421311&844424930130778
band: (band[50] (if (= #373 63) 1 (if #585 3 #830)) (shl[64] (* 2 #106) (mod #845 64))) 74 := 562949953421311&844424930130778
band: (band[50] (if (= #373 63) 1 (if #585 3 #830)) (shl[64] (* 2 #106) (mod #845 64))) 90 := 562949953421311&844424930130778
band: (band[50] (if (= #373 63) 1 (if #585 3 #830)) (shl[64] (* 2 #106) (mod #845 64))) 90 := 562949953421311&844424930130778
band: (band[50] (if (= #373 63) 1 (if #585 3 #830)) (shl[64] (* 2 #106) (mod #845 64))) 90 := 562949953421311&844424930130778
band: (band[50] (if (= #373 63) 1 (if #585 3 #830)) (shl[64] (* 2 #106) (mod #845 64))) 90 := 562949953421311&844424930130778
band: (band[50] (if (= #373 63) 1 (if #585 3 #830)) (shl[64] (* 2 #106) (mod #845 64))) 90 := 562949953421311&844424930130778
band: (band[50] (if (= #373 63) 1 (if #585 3 #830)) (shl[64] (* 2 #106) (mod #845 64))) 794 := 562949953421311&844424930130778
band: (band[50] (if (= #373 63) 1 (if #585 3 #830)) (shl[64] (* 2 #106) (mod #845 64))) 1306 := 562949953421311&844424930130778
band: (band[50] (if (= #373 63) 1 (if #585 3 #830)) (shl[64] (* 2 #106) (mod #845 64))) 1306 := 562949953421311&844424930130778
band: (band[50] (if (= #373 63) 1 (if #585 3 #830)) (shl[64] (* 2 #106) (mod #845 64))) 1306 := 562949953421311&844424930130778
band: (band[50] (if (= #373 63) 1 (if #585 3 #830)) (shl[64] (* 2 #106) (mod #845 64))) 1306 := 562949953421311&844424930130778
band: (band[50] (if (= #373 63) 1 (if #585 3 #830)) (shl[64] (* 2 #106) (mod #845 64))) 1375 := 562949953421311&844424930130778
band: (band[50] (if (= #373 63) 1 (if #585 3 #830)) (shl[64] (* 2 #106) (mod #845 64))) 1370 := 562949953421311&844424930130778
band: (band[50] (if (= #373 63) 1 (if #585 3 #830)) (shl[64] (* 2 #106) (mod #845 64))) 1370 := 562949953421311&844424930130778
band: (band[50] (if (= #373 63) 1 (if #585 3 #830)) (shl[64] (* 2 #106) (mod #845 64))) 991 := 562949953421311&844424930130778
band: (band[50] (if (= #373 63) 1 (if #585 3 #830)) (shl[64] (* 2 #106) (mod #845 64))) 990 := 562949953421311&844424930130778
band: (band[50] (if (= #373 63) 1 (if #585 3 #830)) (shl[64] (* 2 #106) (mod #845 64))) 990 := 562949953421311&844424930130778
band: (band[50] (if (= #373 63) 1 (if #585 3 #830)) (shl[64] (* 2 #106) (mod #845 64))) 990 := 562949953421311&844424930130778
band: (band[50] (if (= #373 63) 1 (if #585 3 #830)) (shl[64] (* 2 #106) (mod #845 64))) 986 := 562949953421311&844424930130778
band: (band[50] (if (= #373 63) 1 (if #585 3 #830)) (shl[64] (* 2 #106) (mod #845 64))) 794 := 562949953421311&844424930130778
band: (band[50] (if (= #373 63) 1 (if #585 3 #830)) (shl[64] (* 2 #106) (mod #845 64))) 858 := 562949953421311&844424930130778
band: (band[50] (if (= #373 63) 1 (if #585 3 #830)) (shl[64] (* 2 #106) (mod #845 64))) 922 := 562949953421311&844424930130778
band: (band[50] (if (= #373 63) 1 (if #585 3 #830)) (shl[64] (* 2 #106) (mod #845 64))) 986 := 562949953421311&844424930130778
band: (band[50] (if (= #373 63) 1 (if #585 3 #830)) (shl[64] (* 2 #106) (mod #845 64))) 858 := 562949953421311&844424930130778
band: (band[50] (if (= #373 63) 1 (if #585 3 #830)) (shl[64] (* 2 #106) (mod #845 64))) 858 := 562949953421311&844424930130778
band: (band[50] (if (= #373 63) 1 (if #585 3 #830)) (shl[64] (* 2 #106) (mod #845 64))) 858 := 562949953421311&844424930130778
band: (band[50] (if (= #373 63) 1 (if #585 3 #830)) (shl[64] (* 2 #106) (mod #845 64))) 858 := 562949953421311&844424930130778
SMT -> SLS values
lookahead-search moves:74926 max-moves:78926
lookahead-search moves:78926 max-moves:83026
(sat.ddfw       2      1     0.3696     65999       323          3            1       10)
SLS -> SMT values
band: (band[50] (if (= #373 63) 1 (if #585 3 #830)) (shl[64] (* 2 #106) (mod #845 64))) 7002 := 562949953421311&844424930130778
(smt.stats   10   1216  21966  15777  3439/3178/251    1107/54    21   60   53.51)
band: (band[50] (if (= #373 63) 1 (if #585 3 #830)) (shl[64] (* 2 #106) (mod #845 64))) 7514 := 562949953421311&844424930130778
band: (band[50] (if (= #373 63) 1 (if #585 3 #830)) (shl[64] (* 2 #106) (mod #845 64))) 8026 := 562949953421311&844424930130778
band: (band[50] (if (= #373 63) 1 (if #585 3 #830)) (shl[64] (* 2 #106) (mod #845 64))) 7514 := 562949953421311&844424930130778
band: (band[50] (if (= #373 63) 1 (if #585 3 #830)) (shl[64] (* 2 #106) (mod #845 64))) 7514 := 562949953421311&844424930130778
band: (band[50] (if (= #373 63) 1 (if #585 3 #830)) (shl[64] (* 2 #106) (mod #845 64))) 7514 := 562949953421311&844424930130778
band: (band[50] (if (= #373 63) 1 (if #585 3 #830)) (shl[64] (* 2 #106) (mod #845 64))) 7514 := 562949953421311&844424930130778
band: (band[50] (if (= #373 63) 1 (if #585 3 #830)) (shl[64] (* 2 #106) (mod #845 64))) 8026 := 562949953421311&844424930130778
band: (band[50] (if (= #373 63) 1 (if #585 3 #830)) (shl[64] (* 2 #106) (mod #845 64))) 8026 := 562949953421311&844424930130778
band: (band[50] (if (= #373 63) 1 (if #585 3 #830)) (shl[64] (* 2 #106) (mod #845 64))) 8026 := 562949953421311&844424930130778
band: (band[50] (if (= #373 63) 1 (if #585 3 #830)) (shl[64] (* 2 #106) (mod #845 64))) 8026 := 562949953421311&844424930130778
band: (band[50] (if (= #373 63) 1 (if #585 3 #830)) (shl[64] (* 2 #106) (mod #845 64))) 11098 := 562949953421311&844424930130778
band: (band[50] (if (= #373 63) 1 (if #585 3 #830)) (shl[64] (* 2 #106) (mod #845 64))) 11098 := 562949953421311&844424930130778
band: (band[50] (if (= #373 63) 1 (if #585 3 #830)) (shl[64] (* 2 #106) (mod #845 64))) 11098 := 562949953421311&844424930130778
band: (band[50] (if (= #373 63) 1 (if #585 3 #830)) (shl[64] (* 2 #106) (mod #845 64))) 11098 := 562949953421311&844424930130778
band: (band[50] (if (= #373 63) 1 (if #585 3 #830)) (shl[64] (* 2 #106) (mod #845 64))) 11102 := 562949953421311&844424930130778
band: (band[50] (if (= #373 63) 1 (if #585 3 #830)) (shl[64] (* 2 #106) (mod #845 64))) 27482 := 562949953421311&844424930130778
band: (band[50] (if (= #373 63) 1 (if #585 3 #830)) (shl[64] (* 2 #106) (mod #845 64))) 27482 := 562949953421311&844424930130778
(smt.stats   11   1327  23246  17799  3664/3258/272    1217/66    21   60   54.03)
ramon: poll                 wall=8.000s usage=7.944s mem=56436KiB load=1.00 rootload=0.99
(smt.stats :restarts :decisions    :clauses/bin/units         :simplify    :memory)
(smt.stats     :conflicts   :propagations          :lemmas         :deletions    )
(smt.stats   12   1449  24872  20163  3803/3565/298    1320/69    23   71   54.13)
lookahead-search moves:80642 max-moves:84842
lookahead-search moves:84842 max-moves:89142
(sat.ddfw       2      1     0.4667     70001       343          3            1       11)
lookahead-search moves:89142 max-moves:93542
ramon: poll                 wall=9.000s usage=8.943s mem=56216KiB load=1.00 rootload=1.00
lookahead-search moves:93542 max-moves:98042
lookahead-search moves:98042 max-moves:102642
lookahead-search moves:102642 max-moves:107342
ramon: poll                 wall=10.000s usage=9.943s mem=56216KiB load=1.00 rootload=1.00
ramon: end                  Mon Feb  3 04:07:44 2025
ramon: root.execname        z3
ramon: root.utime           10.020s
ramon: root.stime           0.010s
ramon: group.total          10.041s
ramon: group.utime          10.029s
ramon: group.stime          0.012s
ramon: group.mempeak        56476KiB
ramon: group.pidpeak        2
ramon: status               exited
ramon: exitcode             0
ramon: walltime             10.097s
ramon: loadavg              0.99
