xargs: unmatched double quote; by default quotes are special to xargs unless you use the -0 option
ramon: cwd                  /home/gh1/A/_work/z3-poly-testing/z3-poly-testing
ramon: start                Mon Feb  3 03:43:30 2025
ramon: nproc                32
ramon: sys.mem              63441 MiB
ramon: sys.mem.free         34555 MiB
ramon: sys.mem.avail        59488 MiB
ramon: sys.nprocs           1275
ramon: argv                 0 = z3
ramon: argv                 1 = inputs/alive-arm-tv-smt-benchmarks/KyeWknrAA5vF.smt2
ramon: argv                 2 = -T:10
ramon: argv                 3 = -v:2
ramon: argv                 4 = -st
ramon: argv                 5 = tactic.default_tactic=(then simplify propagate-values solve-eqs simplify smt)
ramon: argv                 6 = smt.sls.enable=true
ramon: argv                 7 = smt.sls.parallel=false
ramon: argv                 8 = model_validate=true
ramon: argv                 9 = smt.bv.solver=2
ramon: childpid             1959532
(smt.searching)
(smt.stats :restarts     :decisions   :clauses/bin/units :simplify   :memory)
(smt.stats        :conflicts    :propagations    :lemmas      :deletions   )
(smt.stats    0      0      0      0     0/0/1       0/0     0    0   17.79)
(smt.stats    0    101   5852    369  1224/1064/102      84/14     9   20   52.05)
SMT -> SLS units -1
SMT -> SLS values
lookahead-search moves:0 max-moves:800
lookahead-search moves:800 max-moves:1700
lookahead-search moves:1700 max-moves:2700
lookahead-search moves:2700 max-moves:3800
lookahead-search moves:3800 max-moves:5000
lookahead-search moves:5000 max-moves:6300
(sat.ddfw :unsat :models :kflips/sec   :flips :restarts   :reinits  :unsat_vars  :shifts)
(sat.ddfw       2      1    20.4499     10000        49          0            1        2)
lookahead-search moves:6300 max-moves:7700
lookahead-search moves:7700 max-moves:9200
(sat.ddfw       2      1     5.7706     13999        68          1            1        2)
SLS -> SMT values
(smt.stats    1    202   7442   1560  1932/1745/103     181/16    10   21   52.24)
band: (band[44] (shl[64] (bv2int %0) (mod #333 64)) (if (= #727 63) 0 (if #729 1 #871))) 0 := 0&1708
shl: (shl[64] (bv2int %0) (mod (+ #101 #332) 64)) 3846355556751114240 := 187 << 11
band: (band[44] (shl[64] (bv2int %0) (mod #333 64)) (if (= #727 63) 0 (if #729 1 #871))) 0 := 0&1708
shl: (shl[64] (bv2int %0) (mod (+ #101 #332) 64)) 3846355556751114240 := 187 << 11
band: (band[44] (shl[64] (bv2int %0) (mod #333 64)) (if (= #727 63) 0 (if #729 1 #871))) 0 := 0&1708
shl: (shl[64] (bv2int %0) (mod (+ #101 #332) 64)) 3846355556751114240 := 187 << 11
band: (band[44] (shl[64] (bv2int %0) (mod #333 64)) (if (= #727 63) 0 (if #729 1 #871))) 0 := 1&1708
shl: (shl[64] (bv2int %0) (mod (+ #101 #332) 64)) 3846320372379025409 := 187 << 11
band: (band[44] (shl[64] (bv2int %0) (mod #333 64)) (if (= #727 63) 0 (if #729 1 #871))) 0 := 17592186044415&1708
band: (band[44] (shl[64] (bv2int %0) (mod #333 64)) (if (= #727 63) 0 (if #729 1 #871))) 0 := 17592186044415&1708
band: (band[44] (shl[64] (bv2int %0) (mod #333 64)) (if (= #727 63) 0 (if #729 1 #871))) 0 := 17592186044415&1708
band: (band[44] (shl[64] (bv2int %0) (mod #333 64)) (if (= #727 63) 0 (if #729 1 #871))) 0 := 3&1708
shl: (shl[64] (bv2int %0) (mod (+ #101 #332) 64)) 18446726481523507203 := 187 << 11
band: (band[44] (shl[64] (bv2int %0) (mod #333 64)) (if (= #727 63) 0 (if #729 1 #871))) 0 := 1&1708
shl: (shl[64] (bv2int %0) (mod (+ #101 #332) 64)) 3846320372379025409 := 187 << 11
band: (band[44] (shl[64] (bv2int %0) (mod #333 64)) (if (= #727 63) 0 (if #729 1 #871))) 1708 := 382976&1708
band: (band[44] (shl[64] (bv2int %0) (mod #333 64)) (if (= #727 63) 0 (if #729 1 #871))) 0 := 382976&1708
shl: (shl[44] (bv2int %0) (mod (bv2int %0) 44)) 187 := 187 << 11
band: (band[44] (shl[64] (bv2int %0) (mod #333 64)) (if (= #727 63) 0 (if #729 1 #871))) 0 := 382976&1708
shl: (shl[44] (bv2int %0) (mod (bv2int %0) 44)) 187 := 187 << 11
band: (band[44] (shl[64] (bv2int %0) (mod #333 64)) (if (= #727 63) 0 (if #729 1 #871))) 0 := 382976&1708
shl: (shl[44] (bv2int %0) (mod (bv2int %0) 44)) 187 := 187 << 11
band: (band[44] (shl[64] (bv2int %0) (mod #333 64)) (if (= #727 63) 0 (if #729 1 #871))) 1708 := 382976&1708
band: (band[44] (shl[64] (bv2int %0) (mod #333 64)) (if (= #727 63) 0 (if #729 1 #871))) 1704 := 382976&1708
band: (band[44] (shl[64] (bv2int %0) (mod #333 64)) (if (= #727 63) 0 (if #729 1 #871))) 1696 := 382976&1708
band: (band[44] (shl[64] (bv2int %0) (mod #333 64)) (if (= #727 63) 0 (if #729 1 #871))) 1664 := 382976&1708
band: (band[44] (shl[64] (bv2int %0) (mod #333 64)) (if (= #727 63) 0 (if #729 1 #871))) 3 := 382976&1708
band: (band[44] (shl[64] (bv2int %0) (mod #333 64)) (if (= #727 63) 0 (if #729 1 #871))) 3 := 382976&1708
band: (band[44] (shl[64] (bv2int %0) (mod #333 64)) (if (= #727 63) 0 (if #729 1 #871))) 0 := 382976&1708
shl: (shl[44] (bv2int %0) (mod (bv2int %0) 44)) 1 := 187 << 11
band: (band[44] (shl[64] (bv2int %0) (mod #333 64)) (if (= #727 63) 0 (if #729 1 #871))) 0 := 382976&1708
shl: (shl[44] (bv2int %0) (mod (bv2int %0) 44)) 186 := 187 << 11
band: (band[44] (shl[64] (bv2int %0) (mod #333 64)) (if (= #727 63) 0 (if #729 1 #871))) 0 := 382976&1708
band: (band[44] (shl[44] (bv2int %0) (mod #101 44)) (if (= #585 43) 1 (if #587 3 #708))) 1708 := 382976&1708
band: (band[44] (shl[64] (bv2int %0) (mod #333 64)) (if (= #727 63) 0 (if #729 1 #871))) 0 := 382976&1708
band: (band[44] (shl[44] (bv2int %0) (mod #101 44)) (if (= #585 43) 1 (if #587 3 #708))) 1707 := 382976&1708
band: (band[44] (shl[64] (bv2int %0) (mod #333 64)) (if (= #727 63) 0 (if #729 1 #871))) 0 := 382976&1708
band: (band[44] (shl[44] (bv2int %0) (mod #101 44)) (if (= #585 43) 1 (if #587 3 #708))) 2 := 382976&1708
band: (band[44] (shl[64] (bv2int %0) (mod #333 64)) (if (= #727 63) 0 (if #729 1 #871))) 0 := 382976&1708
band: (band[44] (shl[44] (bv2int %0) (mod #101 44)) (if (= #585 43) 1 (if #587 3 #708))) 8 := 382976&1708
band: (band[44] (shl[64] (bv2int %0) (mod #333 64)) (if (= #727 63) 0 (if #729 1 #871))) 0 := 382976&1708
band: (band[44] (shl[44] (bv2int %0) (mod #101 44)) (if (= #585 43) 1 (if #587 3 #708))) 16 := 382976&1708
band: (band[44] (shl[64] (bv2int %0) (mod #333 64)) (if (= #727 63) 0 (if #729 1 #871))) 0 := 382976&1708
band: (band[44] (shl[44] (bv2int %0) (mod #101 44)) (if (= #585 43) 1 (if #587 3 #708))) 1696 := 382976&1708
band: (band[44] (shl[64] (bv2int %0) (mod #333 64)) (if (= #727 63) 0 (if #729 1 #871))) 0 := 382976&1708
band: (band[44] (shl[44] (bv2int %0) (mod #101 44)) (if (= #585 43) 1 (if #587 3 #708))) 1664 := 382976&1708
band: (band[44] (shl[64] (bv2int %0) (mod #333 64)) (if (= #727 63) 0 (if #729 1 #871))) 0 := 382976&1708
band: (band[44] (shl[44] (bv2int %0) (mod #101 44)) (if (= #585 43) 1 (if #587 3 #708))) 1536 := 382976&1708
band: (band[44] (shl[64] (bv2int %0) (mod #333 64)) (if (= #727 63) 0 (if #729 1 #871))) 0 := 382976&1708
band: (band[44] (shl[44] (bv2int %0) (mod #101 44)) (if (= #585 43) 1 (if #587 3 #708))) 256 := 382976&1708
band: (band[44] (shl[64] (bv2int %0) (mod #333 64)) (if (= #727 63) 0 (if #729 1 #871))) 0 := 382976&1708
band: (band[44] (shl[44] (bv2int %0) (mod #101 44)) (if (= #585 43) 1 (if #587 3 #708))) 1024 := 382976&1708
band: (band[44] (shl[64] (bv2int %0) (mod #333 64)) (if (= #727 63) 0 (if #729 1 #871))) 0 := 382976&1708
band: (band[44] (shl[44] (bv2int %0) (mod #101 44)) (if (= #585 43) 1 (if #587 3 #708))) 1032 := 382976&1708
(smt.stats    2    313   9815   3230  2090/1889/184     276/22    13   41   52.85)
SMT -> SLS values
lookahead-search moves:8926 max-moves:10526
ramon: poll                 wall=1.000s usage=0.941s mem=54868KiB load=0.94 rootload=0.91
lookahead-search moves:10526 max-moves:12226
lookahead-search moves:12226 max-moves:14026
(sat.ddfw       2      1     5.3926     20001        98          1            1        3)
lookahead-search moves:14026 max-moves:15926
(sat.ddfw       2      1     2.0938     22635       110          2            1        3)
SLS -> SMT values
band: (band[44] (shl[64] (bv2int %0) (mod #333 64)) (if (= #727 63) 0 (if #729 1 #871))) 0 := 382976&1708
band: (band[44] (shl[44] (bv2int %0) (mod #101 44)) (if (= #585 43) 1 (if #587 3 #708))) 1040 := 382976&1708
band: (band[44] (shl[64] (bv2int %0) (mod #333 64)) (if (= #727 63) 0 (if #729 1 #871))) 0 := 382976&1708
band: (band[44] (shl[44] (bv2int %0) (mod #101 44)) (if (= #585 43) 1 (if #587 3 #708))) 1536 := 382976&1708
band: (band[44] (shl[64] (bv2int %0) (mod #333 64)) (if (= #727 63) 0 (if #729 1 #871))) 0 := 382976&1708
band: (band[44] (shl[44] (bv2int %0) (mod #101 44)) (if (= #585 43) 1 (if #587 3 #708))) 1536 := 382976&1708
band: (band[44] (shl[64] (bv2int %0) (mod #333 64)) (if (= #727 63) 0 (if #729 1 #871))) 0 := 382976&1708
band: (band[44] (shl[44] (bv2int %0) (mod #101 44)) (if (= #585 43) 1 (if #587 3 #708))) 1536 := 382976&1708
band: (band[44] (shl[64] (bv2int %0) (mod #333 64)) (if (= #727 63) 0 (if #729 1 #871))) 0 := 382976&1708
band: (band[44] (shl[44] (bv2int %0) (mod #101 44)) (if (= #585 43) 1 (if #587 3 #708))) 1280 := 382976&1708
band: (band[44] (shl[64] (bv2int %0) (mod #333 64)) (if (= #727 63) 0 (if #729 1 #871))) 0 := 382976&1708
band: (band[44] (shl[44] (bv2int %0) (mod #101 44)) (if (= #585 43) 1 (if #587 3 #708))) 1152 := 382976&1708
band: (band[44] (shl[64] (bv2int %0) (mod #333 64)) (if (= #727 63) 0 (if #729 1 #871))) 0 := 382976&1708
band: (band[44] (shl[44] (bv2int %0) (mod #101 44)) (if (= #585 43) 1 (if #587 3 #708))) 1152 := 382976&1708
band: (band[44] (shl[64] (bv2int %0) (mod #333 64)) (if (= #727 63) 0 (if #729 1 #871))) 0 := 382976&1708
band: (band[44] (shl[44] (bv2int %0) (mod #101 44)) (if (= #585 43) 1 (if #587 3 #708))) 1152 := 382976&1708
band: (band[44] (shl[64] (bv2int %0) (mod #333 64)) (if (= #727 63) 0 (if #729 1 #871))) 0 := 382976&1708
band: (band[44] (shl[44] (bv2int %0) (mod #101 44)) (if (= #585 43) 1 (if #587 3 #708))) 1152 := 382976&1708
band: (band[44] (shl[64] (bv2int %0) (mod #333 64)) (if (= #727 63) 0 (if #729 1 #871))) 0 := 382976&1708
band: (band[44] (shl[44] (bv2int %0) (mod #101 44)) (if (= #585 43) 1 (if #587 3 #708))) 1120 := 382976&1708
band: (band[44] (shl[64] (bv2int %0) (mod #333 64)) (if (= #727 63) 0 (if #729 1 #871))) 0 := 382976&1708
band: (band[44] (shl[44] (bv2int %0) (mod #101 44)) (if (= #585 43) 1 (if #587 3 #708))) 1120 := 382976&1708
band: (band[44] (shl[64] (bv2int %0) (mod #333 64)) (if (= #727 63) 0 (if #729 1 #871))) 0 := 382976&1708
band: (band[44] (shl[44] (bv2int %0) (mod #101 44)) (if (= #585 43) 1 (if #587 3 #708))) 1088 := 382976&1708
band: (band[44] (shl[64] (bv2int %0) (mod #333 64)) (if (= #727 63) 0 (if #729 1 #871))) 0 := 382976&1708
band: (band[44] (shl[44] (bv2int %0) (mod #101 44)) (if (= #585 43) 1 (if #587 3 #708))) 1088 := 382976&1708
(smt.stats    3    418  11275   5233  2455/2231/233     371/53    14   52   53.05)
SMT -> SLS values
lookahead-search moves:15926 max-moves:17926
lookahead-search moves:17926 max-moves:20026
(sat.ddfw       2      1     2.4320     26553       130          2            1        4)
SLS -> SMT values
(smt.stats    4    529  13132   7279  2512/2283/245     438/64    16   63   53.05)
band: (band[44] (shl[64] (bv2int %0) (mod #333 64)) (if (= #727 63) 0 (if #729 1 #871))) 0 := 17592186044413&3416
band: (band[44] (shl[64] (bv2int %0) (mod #333 64)) (if (= #727 63) 0 (if #729 1 #871))) 0 := 17592186044415&3416
band: (band[44] (shl[64] (bv2int %0) (mod #333 64)) (if (= #727 63) 0 (if #729 1 #871))) 8 := 17592186044413&3416
band: (band[44] (shl[64] (bv2int %0) (mod #333 64)) (if (= #727 63) 0 (if #729 1 #871))) 8 := 17592186044413&3416
band: (band[44] (shl[64] (bv2int %0) (mod #333 64)) (if (= #727 63) 0 (if #729 1 #871))) 8 := 17592186044415&3416
band: (band[44] (shl[64] (bv2int %0) (mod #333 64)) (if (= #727 63) 0 (if #729 1 #871))) 8 := 17592186044415&3416
band: (band[44] (shl[64] (bv2int %0) (mod #333 64)) (if (= #727 63) 0 (if #729 1 #871))) 8 := 17592186044415&3416
band: (band[44] (shl[64] (bv2int %0) (mod #333 64)) (if (= #727 63) 0 (if #729 1 #871))) 8 := 17592186044415&3416
band: (band[44] (shl[64] (bv2int %0) (mod #333 64)) (if (= #727 63) 0 (if #729 1 #871))) 24 := 17592186044415&3416
band: (band[44] (shl[64] (bv2int %0) (mod #333 64)) (if (= #727 63) 0 (if #729 1 #871))) 24 := 17592186044413&3416
band: (band[44] (shl[64] (bv2int %0) (mod #333 64)) (if (= #727 63) 0 (if #729 1 #871))) 8 := 17592186044413&3416
band: (band[44] (shl[64] (bv2int %0) (mod #333 64)) (if (= #727 63) 0 (if #729 1 #871))) 24 := 17592186044413&3416
band: (band[44] (shl[64] (bv2int %0) (mod #333 64)) (if (= #727 63) 0 (if #729 1 #871))) 8 := 17592186044413&3416
band: (band[44] (shl[64] (bv2int %0) (mod #333 64)) (if (= #727 63) 0 (if #729 1 #871))) 24 := 17592186044413&3416
band: (band[44] (shl[64] (bv2int %0) (mod #333 64)) (if (= #727 63) 0 (if #729 1 #871))) 216 := 17592186044413&3416
band: (band[44] (shl[64] (bv2int %0) (mod #333 64)) (if (= #727 63) 0 (if #729 1 #871))) 344 := 17592186044413&3416
band: (band[44] (shl[64] (bv2int %0) (mod #333 64)) (if (= #727 63) 0 (if #729 1 #871))) 939 := 17592186044415&3416
band: (band[44] (shl[64] (bv2int %0) (mod #333 64)) (if (= #727 63) 0 (if #729 1 #871))) 938 := 17592186044415&3416
band: (band[44] (shl[64] (bv2int %0) (mod #333 64)) (if (= #727 63) 0 (if #729 1 #871))) 936 := 17592186044415&3416
band: (band[44] (shl[64] (bv2int %0) (mod #333 64)) (if (= #727 63) 0 (if #729 1 #871))) 280 := 17592186044415&3416
band: (band[44] (shl[64] (bv2int %0) (mod #333 64)) (if (= #727 63) 0 (if #729 1 #871))) 344 := 17592186044415&3416
band: (band[44] (shl[64] (bv2int %0) (mod #333 64)) (if (= #727 63) 0 (if #729 1 #871))) 379 := 17592186044415&3416
band: (band[44] (shl[64] (bv2int %0) (mod #333 64)) (if (= #727 63) 0 (if #729 1 #871))) 378 := 17592186044415&3416
band: (band[44] (shl[64] (bv2int %0) (mod #333 64)) (if (= #727 63) 0 (if #729 1 #871))) 376 := 17592186044415&3416
band: (band[44] (shl[64] (bv2int %0) (mod #333 64)) (if (= #727 63) 0 (if #729 1 #871))) 472 := 17592186044415&3416
band: (band[44] (shl[64] (bv2int %0) (mod #333 64)) (if (= #727 63) 0 (if #729 1 #871))) 600 := 17592186044415&3416
band: (band[44] (shl[64] (bv2int %0) (mod #333 64)) (if (= #727 63) 0 (if #729 1 #871))) 344 := 17592186044413&3416
band: (band[44] (shl[64] (bv2int %0) (mod #333 64)) (if (= #727 63) 0 (if #729 1 #871))) 344 := 17592186044413&3416
band: (band[44] (shl[64] (bv2int %0) (mod #333 64)) (if (= #727 63) 0 (if #729 1 #871))) 1112 := 17592186044415&3416
band: (band[44] (shl[64] (bv2int %0) (mod #333 64)) (if (= #727 63) 0 (if #729 1 #871))) 1112 := 17592186044414&3416
band: (band[44] (shl[64] (bv2int %0) (mod #333 64)) (if (= #727 63) 0 (if #729 1 #871))) 3163 := 17592186044413&3416
band: (band[44] (shl[64] (bv2int %0) (mod #333 64)) (if (= #727 63) 0 (if #729 1 #871))) 3163 := 17592186044413&3416
band: (band[44] (shl[64] (bv2int %0) (mod #333 64)) (if (= #727 63) 0 (if #729 1 #871))) 3160 := 17592186044413&3416
band: (band[44] (shl[64] (bv2int %0) (mod #333 64)) (if (= #727 63) 0 (if #729 1 #871))) 3160 := 17592186044413&3416
band: (band[44] (shl[64] (bv2int %0) (mod #333 64)) (if (= #727 63) 0 (if #729 1 #871))) 3160 := 17592186044413&3416
band: (band[44] (shl[64] (bv2int %0) (mod #333 64)) (if (= #727 63) 0 (if #729 1 #871))) 3160 := 17592186044413&3416
band: (band[44] (shl[64] (bv2int %0) (mod #333 64)) (if (= #727 63) 0 (if #729 1 #871))) 3160 := 17592186044413&3416
band: (band[44] (shl[64] (bv2int %0) (mod #333 64)) (if (= #727 63) 0 (if #729 1 #871))) 3163 := 17592186044413&3416
band: (band[44] (shl[64] (bv2int %0) (mod #333 64)) (if (= #727 63) 0 (if #729 1 #871))) 3162 := 17592186044413&3416
band: (band[44] (shl[64] (bv2int %0) (mod #333 64)) (if (= #727 63) 0 (if #729 1 #871))) 3160 := 17592186044413&3416
band: (band[44] (shl[64] (bv2int %0) (mod #333 64)) (if (= #727 63) 0 (if #729 1 #871))) 3416 := 17592186044413&3416
shl: (shl[64] (bv2int %0) (mod (+ #101 #332) 64)) 36028797018963965 := 17592186044412 << 12
band: (band[44] (shl[64] (bv2int %0) (mod #333 64)) (if (= #727 63) 0 (if #729 1 #871))) 3416 := 17592186044414&3416
shl: (shl[64] (bv2int %0) (mod (+ #101 #332) 64)) 72040001851883518 := 17592186044412 << 12
band: (band[44] (shl[64] (bv2int %0) (mod #333 64)) (if (= #727 63) 0 (if #729 1 #871))) 3163 := 17592186028032&3416
band: (band[44] (shl[64] (bv2int %0) (mod #333 64)) (if (= #727 63) 0 (if #729 1 #871))) 3162 := 17592186028032&3416
band: (band[44] (shl[64] (bv2int %0) (mod #333 64)) (if (= #727 63) 0 (if #729 1 #871))) 3160 := 17592186028032&3416
band: (band[44] (shl[64] (bv2int %0) (mod #333 64)) (if (= #727 63) 0 (if #729 1 #871))) 3152 := 17592186028032&3416
(smt.stats    5    651  16369  11510  2681/2436/338     553/78    20   84   53.47)
band: (band[44] (shl[64] (bv2int %0) (mod #333 64)) (if (= #727 63) 0 (if #729 1 #871))) 3168 := 17592186028032&3416
band: (band[44] (shl[64] (bv2int %0) (mod #333 64)) (if (= #727 63) 0 (if #729 1 #871))) 3168 := 17592186028032&3416
band: (band[44] (shl[64] (bv2int %0) (mod #333 64)) (if (= #727 63) 0 (if #729 1 #871))) 3168 := 17592186028032&3416
band: (band[44] (shl[64] (bv2int %0) (mod #333 64)) (if (= #727 63) 0 (if #729 1 #871))) 3393 := 17592186028032&3416
band: (band[44] (shl[64] (bv2int %0) (mod #333 64)) (if (= #727 63) 0 (if #729 1 #871))) 3392 := 17592186028032&3416
band: (band[44] (shl[64] (bv2int %0) (mod #333 64)) (if (= #727 63) 0 (if #729 1 #871))) 3329 := 17592186028032&3416
band: (band[44] (shl[64] (bv2int %0) (mod #333 64)) (if (= #727 63) 0 (if #729 1 #871))) 3328 := 17592186028032&3416
(smt.stats :restarts :decisions    :clauses/bin/units         :simplify    :memory)
(smt.stats      :conflicts  :propagations           :lemmas        :deletions    )
(smt.stats    6    752  20183  15396  2723/2475/350     644/79    21   85   53.57)
lookahead-search moves:20026 max-moves:22226
ramon: poll                 wall=2.000s usage=1.941s mem=55708KiB load=1.00 rootload=0.99
lookahead-search moves:22226 max-moves:24526
lookahead-search moves:24526 max-moves:26926
lookahead-search moves:26926 max-moves:29426
lookahead-search moves:29426 max-moves:32026
lookahead-search moves:32026 max-moves:34726
lookahead-search moves:34726 max-moves:37526
ramon: poll                 wall=3.000s usage=2.940s mem=55708KiB load=1.00 rootload=1.00
(sat.ddfw       2      1     4.5018     40000       196          2            1        6)
lookahead-search moves:37526 max-moves:40426
lookahead-search moves:40426 max-moves:43426
lookahead-search moves:43426 max-moves:46526
lookahead-search moves:46526 max-moves:49726
ramon: poll                 wall=4.000s usage=3.939s mem=55708KiB load=1.00 rootload=1.00
lookahead-search moves:49726 max-moves:53026
lookahead-search moves:53026 max-moves:56426
lookahead-search moves:56426 max-moves:59926
lookahead-search moves:59926 max-moves:63526
ramon: poll                 wall=5.000s usage=4.939s mem=55708KiB load=1.00 rootload=1.00
lookahead-search moves:63526 max-moves:67226
lookahead-search moves:67226 max-moves:71026
(sat.ddfw       2      1     3.7611     59998       294          3            1        8)
SLS -> SMT activity
band: (band[44] (shl[64] (bv2int %0) (mod #333 64)) (if (= #727 63) 0 (if #729 1 #871))) 512 := 17592186028032&3416
band: (band[44] (shl[64] (bv2int %0) (mod #333 64)) (if (= #727 63) 0 (if #729 1 #871))) 512 := 17592186028032&3416
band: (band[44] (shl[64] (bv2int %0) (mod #333 64)) (if (= #727 63) 0 (if #729 1 #871))) 512 := 17592186028032&3416
band: (band[44] (shl[64] (bv2int %0) (mod #333 64)) (if (= #727 63) 0 (if #729 1 #871))) 2048 := 17592186028032&3416
band: (band[44] (shl[64] (bv2int %0) (mod #333 64)) (if (= #727 63) 0 (if #729 1 #871))) 2048 := 17592186028032&3416
band: (band[44] (shl[64] (bv2int %0) (mod #333 64)) (if (= #727 63) 0 (if #729 1 #871))) 1024 := 17592186028032&3416
band: (band[44] (shl[64] (bv2int %0) (mod #333 64)) (if (= #727 63) 0 (if #729 1 #871))) 0 := 17592186028032&3416
shl: (shl[44] (bv2int %0) (mod (bv2int %0) 44)) 1407 := 17592186044412 << 12
band: (band[44] (shl[64] (bv2int %0) (mod #333 64)) (if (= #727 63) 0 (if #729 1 #871))) 0 := 17592186028032&3416
shl: (shl[44] (bv2int %0) (mod (bv2int %0) 44)) 1407 := 17592186044412 << 12
band: (band[44] (shl[64] (bv2int %0) (mod #333 64)) (if (= #727 63) 0 (if #729 1 #871))) 0 := 17592186028032&3416
shl: (shl[44] (bv2int %0) (mod (bv2int %0) 44)) 1407 := 17592186044412 << 12
(smt.stats    7    863  24019  20100  2761/2529/382     731/76    24   95   53.77)
(smt.stats    8    985  26962  23074  2870/2613/388     825/77    27  112   53.97)
lookahead-search moves:69675 max-moves:73575
lookahead-search moves:73575 max-moves:77575
ramon: poll                 wall=6.000s usage=5.939s mem=56000KiB load=1.00 rootload=1.00
lookahead-search moves:77575 max-moves:81675
lookahead-search moves:81675 max-moves:85875
lookahead-search moves:85875 max-moves:90175
ramon: poll                 wall=7.006s usage=6.945s mem=56000KiB load=1.00 rootload=1.00
(sat.ddfw       2      1     1.4597     70000       343          3            1       10)
lookahead-search moves:90175 max-moves:94575
lookahead-search moves:94575 max-moves:99075
lookahead-search moves:99075 max-moves:103675
ramon: poll                 wall=8.000s usage=7.937s mem=56000KiB load=1.00 rootload=1.00
lookahead-search moves:103675 max-moves:108375
lookahead-search moves:108375 max-moves:113175
lookahead-search moves:113175 max-moves:118075
ramon: poll                 wall=9.000s usage=8.935s mem=56000KiB load=1.00 rootload=1.00
lookahead-search moves:118075 max-moves:123075
lookahead-search moves:123075 max-moves:128175
lookahead-search moves:128175 max-moves:133375
ramon: poll                 wall=10.000s usage=9.935s mem=56000KiB load=1.00 rootload=1.00
ramon: end                  Mon Feb  3 03:43:40 2025
ramon: root.execname        z3
ramon: root.utime           9.960s
ramon: root.stime           0.030s
ramon: group.total          9.993s
ramon: group.utime          9.961s
ramon: group.stime          0.032s
ramon: group.mempeak        56256KiB
ramon: group.pidpeak        2
ramon: status               exited
ramon: exitcode             0
ramon: walltime             10.056s
ramon: loadavg              0.99
