ramon: cwd                  /home/gh1/A/_work/z3-poly-testing/z3-poly-testing
ramon: start                Mon Feb  3 04:08:15 2025
ramon: nproc                32
ramon: sys.mem              63441 MiB
ramon: sys.mem.free         33487 MiB
ramon: sys.mem.avail        59478 MiB
ramon: sys.nprocs           1284
ramon: argv                 0 = z3
ramon: argv                 1 = inputs/alive-arm-tv-smt-benchmarks/llSzcZjHAJf0.smt2
ramon: argv                 2 = -T:10
ramon: argv                 3 = -v:2
ramon: argv                 4 = -st
ramon: argv                 5 = tactic.default_tactic=(then simplify propagate-values solve-eqs simplify smt)
ramon: argv                 6 = smt.sls.enable=true
ramon: argv                 7 = smt.sls.parallel=false
ramon: argv                 8 = model_validate=true
ramon: argv                 9 = smt.bv.solver=2
ramon: childpid             2106550
xargs: unmatched double quote; by default quotes are special to xargs unless you use the -0 option
(smt.searching)
(smt.stats :restarts     :decisions  :clauses/bin/units   :simplify   :memory)
(smt.stats        :conflicts    :propagations     :lemmas      :deletions   )
(smt.stats    0      0      0      0    19/10/1       0/0     0    0   18.00)
(smt.stats    0    101    730    284   260/216/229      98/39     2   43   52.41)
SMT -> SLS units -19
SMT -> SLS values
lookahead-search moves:0 max-moves:800
lookahead-search moves:800 max-moves:1700
lookahead-search moves:1700 max-moves:2700
ramon: poll                 wall=1.002s usage=0.999s mem=54600KiB load=1.00 rootload=0.99
lookahead-search moves:2700 max-moves:3800
(sat.ddfw :unsat :models :kflips/sec   :flips :restarts   :reinits  :unsat_vars  :shifts)
(sat.ddfw       1     28    10.0604     10000        25          0            2        1)
lookahead-search moves:3800 max-moves:5000
lookahead-search moves:5000 max-moves:6300
(sat.ddfw       1     28     3.9506     16479        41          1            3        2)
SLS -> SMT values
ramon: poll                 wall=2.000s usage=1.997s mem=54600KiB load=1.00 rootload=0.99
(smt.stats    1    202   1433    633   446/416/230     192/46     3   43   52.89)
(smt.stats    2    313   1933   1264   718/542/231     302/48     4   43   53.28)
SMT -> SLS values
lookahead-search moves:6300 max-moves:7700
(sat.ddfw       1     32     1.5282     20000        53          1            3        3)
lookahead-search moves:7700 max-moves:9200
lookahead-search moves:9200 max-moves:10800
ramon: poll                 wall=3.000s usage=2.997s mem=55400KiB load=1.00 rootload=1.00
(sat.ddfw       1     32     2.5717     27247        76          2            2        3)
SLS -> SMT values
(smt.stats    3    414   2421   1720   885/785/231     403/54     4   43   53.38)
SMT -> SLS values
lookahead-search moves:10800 max-moves:12500
lookahead-search moves:12500 max-moves:14300
ramon: poll                 wall=4.000s usage=3.996s mem=55840KiB load=1.00 rootload=1.00
(sat.ddfw       1     32     1.1987     31754        90          2            3        4)
SLS -> SMT values
(smt.stats    4    525   3940   3192  1029/962/233     494/67     5   43   53.47)
(smt.stats    5    647   4698   3828  1103/1049/233     615/104     6   43   53.78)
SMT -> SLS values
lookahead-search moves:14300 max-moves:16200
(sat.ddfw       1     33     1.2652     37398       108          2            3        5)
SLS -> SMT values
(smt.stats :restarts  :decisions   :clauses/bin/units           :simplify   :memory)
(smt.stats      :conflicts   :propagations          :lemmas         :deletions    )
(smt.stats    6    748   5589   5031  1465/1310/233     708/125     6   43   53.87)
(smt.stats    7    859   6280   5988  1579/1520/233     816/144     6   43   54.07)
ramon: poll                 wall=5.000s usage=4.995s mem=56896KiB load=1.00 rootload=1.00
SMT -> SLS values
lookahead-search moves:16200 max-moves:18200
(sat.ddfw       1     35     0.5021     40000       115          2            3        6)
lookahead-search moves:18200 max-moves:20300
ramon: poll                 wall=6.000s usage=5.995s mem=56896KiB load=1.00 rootload=1.00
(sat.ddfw       1     38     0.2616     41493       117          3            3        6)
SLS -> SMT values
(smt.stats    8    981   6618   6239  1831/1784/233     938/167     6   43   54.36)
(smt.stats    9   1115   9681   9886  2237/2112/233    1057/174     6   43   54.55)
SMT -> SLS values
lookahead-search moves:20300 max-moves:22500
(sat.ddfw       1     41     0.8318     46867       133          3            3        7)
SLS -> SMT values
(smt.stats   10   1216  11045  11250  2401/2243/233    1156/194     6   43   54.74)
ramon: poll                 wall=7.000s usage=6.995s mem=57260KiB load=1.00 rootload=1.00
SMT -> SLS values
lookahead-search moves:22500 max-moves:24800
lookahead-search moves:24800 max-moves:27200
(sat.ddfw       1     42     0.6007     51407       143          3            3        8)
SLS -> SMT values
(smt.stats   11   1327  13171  15519  2600/2499/233    1238/200     6   43   54.83)
(smt.stats :restarts :decisions    :clauses/bin/units           :simplify   :memory)
(smt.stats     :conflicts   :propagations          :lemmas          :deletions    )
(smt.stats   12   1449  13977  16459  2772/2689/234    1350/218     7   43   55.12)
ramon: poll                 wall=8.054s usage=8.049s mem=57612KiB load=1.00 rootload=1.01
SMT -> SLS values
lookahead-search moves:25909 max-moves:28409
(sat.ddfw       1     42     0.6158     56569       159          3            6        9)
SLS -> SMT values
(smt.stats   13   1583  16223  19461  2995/2928/237    1461/225     9   44   55.22)
ramon: poll                 wall=9.000s usage=8.995s mem=58088KiB load=1.00 rootload=0.99
SMT -> SLS values
lookahead-search moves:28409 max-moves:31009
(sat.ddfw       1     42     0.5401     61685       172          3            3       10)
SLS -> SMT values
(smt.stats   14   1730  17156  20613  3174/2950/238    1606/228    10   44   55.79)
(smt.stats   15   1831  19721  22570  3479/3365/238    1707/228    10   44   55.88)
ramon: poll                 wall=10.000s usage=9.994s mem=58640KiB load=1.00 rootload=1.00
ramon: end                  Mon Feb  3 04:08:25 2025
ramon: root.execname        z3
ramon: root.utime           9.990s
ramon: root.stime           0.000s
ramon: group.total          9.999s
ramon: group.utime          9.991s
ramon: group.stime          0.008s
ramon: group.mempeak        58896KiB
ramon: group.pidpeak        2
ramon: status               exited
ramon: exitcode             0
ramon: walltime             10.005s
ramon: loadavg              1.00
