xargs: unmatched double quote; by default quotes are special to xargs unless you use the -0 option
ramon: cwd                  /home/gh1/A/_work/z3-poly-testing/z3-poly-testing
ramon: start                Mon Feb  3 03:44:33 2025
ramon: nproc                32
ramon: sys.mem              63441 MiB
ramon: sys.mem.free         34595 MiB
ramon: sys.mem.avail        59488 MiB
ramon: sys.nprocs           1280
ramon: argv                 0 = z3
ramon: argv                 1 = inputs/alive-arm-tv-smt-benchmarks/LsEWRHEpUtlD.smt2
ramon: argv                 2 = -T:10
ramon: argv                 3 = -v:2
ramon: argv                 4 = -st
ramon: argv                 5 = tactic.default_tactic=(then simplify propagate-values solve-eqs simplify smt)
ramon: argv                 6 = smt.sls.enable=true
ramon: argv                 7 = smt.sls.parallel=false
ramon: argv                 8 = model_validate=true
ramon: argv                 9 = smt.bv.solver=2
ramon: childpid             1966019
(smt.searching)
(smt.stats :restarts     :decisions   :clauses/bin/units :simplify   :memory)
(smt.stats        :conflicts    :propagations    :lemmas      :deletions   )
(smt.stats    0      0      0      0     0/0/1       0/0     0    0   17.79)
(smt.stats    0    101   3471   1062  1128/1010/87      94/5     3   12   51.71)
SMT -> SLS units -1
SMT -> SLS values
lookahead-search moves:0 max-moves:800
lookahead-search moves:800 max-moves:1700
lookahead-search moves:1700 max-moves:2700
lookahead-search moves:2700 max-moves:3800
lookahead-search moves:3800 max-moves:5000
lookahead-search moves:5000 max-moves:6300
(sat.ddfw :unsat :models :kflips/sec   :flips :restarts   :reinits  :unsat_vars  :shifts)
(sat.ddfw       2      1    41.6667     10000        49          0            1        2)
lookahead-search moves:6300 max-moves:7700
lookahead-search moves:7700 max-moves:9200
(sat.ddfw       2      1    11.7618     13999        68          1            1        2)
SLS -> SMT values
(smt.stats    1    202   3805   1347  1574/1400/87     194/9     3   12   52.20)
SMT -> SLS values
lookahead-search moves:8926 max-moves:10526
lookahead-search moves:10526 max-moves:12226
lookahead-search moves:12226 max-moves:14026
(sat.ddfw       2      1     7.7646     20001        98          1            1        3)
lookahead-search moves:14026 max-moves:15926
(sat.ddfw       2      1     3.1172     22635       110          2            1        3)
SLS -> SMT values
(smt.stats    2    313   5857   2724  1875/1693/88     295/14     4   13   52.20)
(smt.stats    3    414   6741   4650  1945/1768/95     379/17     7   21   52.20)
band: (band[26] (if (= #327 31) 122984917494661120 (if #397 61492458747330560 #394)) (if (or #708 #709 #710 #711 #712 #713 #714 #715 #716 #717 #718 #719 #720 #721 #722 #723 ...) 0 (if #733 1 #745))) 0 := 33554432&1
band: (band[26] (if (= #110 25) 1921639335854080 (if #517 960819667927040 #565)) (if (or #573 #574 #575 #576 #577 #578 #579 #580 #581 #582 #583 #584 #585 #586 #587 #588 ...) 0 (if #597 1 #599))) 1 := 33554432&1
band: (band[26] (if (= #327 31) 122984917494661120 (if #397 61492458747330560 #394)) (if (or #708 #709 #710 #711 #712 #713 #714 #715 #716 #717 #718 #719 #720 #721 #722 #723 ...) 0 (if #733 1 #745))) 0 := 33554432&1
band: (band[26] (if (= #110 25) 1921639335854080 (if #517 960819667927040 #565)) (if (or #573 #574 #575 #576 #577 #578 #579 #580 #581 #582 #583 #584 #585 #586 #587 #588 ...) 0 (if #597 1 #599))) 1 := 33554432&1
band: (band[26] (if (= #327 31) 122984917494661120 (if #397 61492458747330560 #394)) (if (or #708 #709 #710 #711 #712 #713 #714 #715 #716 #717 #718 #719 #720 #721 #722 #723 ...) 0 (if #733 1 #745))) 1 := 33554432&1
band: (band[26] (if (= #327 31) 122984917494661120 (if #397 61492458747330560 #394)) (if (or #708 #709 #710 #711 #712 #713 #714 #715 #716 #717 #718 #719 #720 #721 #722 #723 ...) 0 (if #733 1 #745))) 1 := 33554432&1
band: (band[26] (if (= #327 31) 122984917494661120 (if #397 61492458747330560 #394)) (if (or #708 #709 #710 #711 #712 #713 #714 #715 #716 #717 #718 #719 #720 #721 #722 #723 ...) 0 (if #733 1 #745))) 1 := 33554432&1
SMT -> SLS values
lookahead-search moves:15926 max-moves:17926
ramon: poll                 wall=1.000s usage=0.999s mem=54320KiB load=1.00 rootload=0.98
lookahead-search moves:17926 max-moves:20026
(sat.ddfw       2      1     3.8113     26553       130          2            1        4)
SLS -> SMT values
(smt.stats    4    525   9375   6467  2115/1918/113     477/19    10   28   52.30)
(smt.stats    5    647  11924   7989  2150/1950/118     597/19    11   29   52.40)
(smt.stats :restarts :decisions    :clauses/bin/units         :simplify    :memory)
(smt.stats      :conflicts   :propagations          :lemmas        :deletions    )
(smt.stats    6    748  13558   9101  2174/1968/118     698/19    12   29   52.49)
lookahead-search moves:20026 max-moves:22226
lookahead-search moves:22226 max-moves:24526
lookahead-search moves:24526 max-moves:26926
lookahead-search moves:26926 max-moves:29426
lookahead-search moves:29426 max-moves:32026
lookahead-search moves:32026 max-moves:34726
lookahead-search moves:34726 max-moves:37526
(sat.ddfw       2      1     7.9380     40000       196          2            1        6)
lookahead-search moves:37526 max-moves:40426
lookahead-search moves:40426 max-moves:43426
lookahead-search moves:43426 max-moves:46526
ramon: poll                 wall=2.000s usage=1.999s mem=54576KiB load=1.00 rootload=1.00
lookahead-search moves:46526 max-moves:49726
lookahead-search moves:49726 max-moves:53026
lookahead-search moves:53026 max-moves:56426
lookahead-search moves:56426 max-moves:59926
lookahead-search moves:59926 max-moves:63526
lookahead-search moves:63526 max-moves:67226
lookahead-search moves:67226 max-moves:71026
(sat.ddfw       2      1     7.0940     59998       294          3            1        8)
SLS -> SMT activity
(smt.stats    7    859  14326  11120  2180/1974/118     803/19    12   29   52.49)
SMT -> SLS values
lookahead-search moves:69675 max-moves:73575
ramon: poll                 wall=3.000s usage=2.998s mem=54576KiB load=1.00 rootload=1.00
lookahead-search moves:73575 max-moves:77575
(sat.ddfw       2      1     1.3351     63998       313          3            1        9)
SLS -> SMT values
(smt.stats    8    981  16929  12144  2195/1987/119     565/24    13  375   52.49)
(smt.stats    9   1115  18300  12912  2236/2000/130     687/24    14  375   52.61)
(smt.stats   10   1216  20167  14275  2237/2034/134     775/29    16  390   52.61)
lookahead-search moves:73655 max-moves:77755
lookahead-search moves:77755 max-moves:81955
lookahead-search moves:81955 max-moves:86255
(sat.ddfw       2      1     1.7149     70000       343          3            1       10)
lookahead-search moves:86255 max-moves:90655
lookahead-search moves:90655 max-moves:95155
lookahead-search moves:95155 max-moves:99755
ramon: poll                 wall=4.000s usage=3.998s mem=54832KiB load=1.00 rootload=1.00
lookahead-search moves:99755 max-moves:104455
lookahead-search moves:104455 max-moves:109255
lookahead-search moves:109255 max-moves:114155
lookahead-search moves:114155 max-moves:119155
lookahead-search moves:119155 max-moves:124255
lookahead-search moves:124255 max-moves:129455
ramon: poll                 wall=5.000s usage=4.998s mem=54832KiB load=1.00 rootload=1.00
lookahead-search moves:129455 max-moves:134755
lookahead-search moves:134755 max-moves:140155
(sat.ddfw       2      1     4.2719     92893       455          4            1       12)
SLS -> SMT activity
(smt.stats   11   1327  20841  15248  2239/2036/134     884/29    16  390   52.61)
SMT -> SLS values
lookahead-search moves:140155 max-moves:145655
(sat.ddfw       2      1     0.5333     95883       470          4            1       13)
SLS -> SMT values
(smt.stats :restarts :decisions    :clauses/bin/units         :simplify    :memory)
(smt.stats     :conflicts   :propagations          :lemmas        :deletions     )
(smt.stats   12   1449  22270  16751  2251/2038/134    1004/29    16  390   52.61)
(smt.stats   13   1583  24496  19560  2285/2067/134    1127/29    16  390   52.76)
lookahead-search moves:145655 max-moves:151255
SMT -> SLS values
lookahead-search moves:151255 max-moves:156955
(sat.ddfw       2      1     0.3564     97997       480          4            1       14)
SLS -> SMT values
(smt.stats   14   1730  25781  21953  2430/2106/134    1269/30    16  390   52.76)
ramon: poll                 wall=6.000s usage=5.998s mem=54832KiB load=1.00 rootload=1.00
(smt.stats   15   1831  26769  24559  2453/2231/140    1306/27    17  448   52.76)
(smt.stats   16   1942  28270  27578  2484/2259/140    1410/27    17  448   52.86)
lookahead-search moves:152473 max-moves:158273
lookahead-search moves:158273 max-moves:164173
lookahead-search moves:164173 max-moves:170173
lookahead-search moves:170173 max-moves:176273
lookahead-search moves:176273 max-moves:182473
ramon: poll                 wall=7.027s usage=7.026s mem=55088KiB load=1.00 rootload=1.00
lookahead-search moves:182473 max-moves:188773
(sat.ddfw       2      1     1.6566    110001       539          4            1       16)
lookahead-search moves:188773 max-moves:195173
lookahead-search moves:195173 max-moves:201673
lookahead-search moves:201673 max-moves:208273
lookahead-search moves:208273 max-moves:214973
ramon: poll                 wall=8.000s usage=7.998s mem=54872KiB load=1.00 rootload=1.00
lookahead-search moves:214973 max-moves:221773
lookahead-search moves:221773 max-moves:228673
lookahead-search moves:228673 max-moves:235673
(sat.ddfw       2      1     1.6008    123997       607          5            1       17)
SLS -> SMT activity
(smt.stats   17   2064  29968  29415  2491/2286/144    1512/26    18  458   52.86)
(smt.stats   18   2198  31242  31506  2501/2288/144    1644/28    19  458   52.86)
lookahead-search moves:233331 max-moves:240431
ramon: poll                 wall=9.000s usage=8.998s mem=55128KiB load=1.00 rootload=1.00
lookahead-search moves:240431 max-moves:247631
lookahead-search moves:247631 max-moves:254931
lookahead-search moves:254931 max-moves:262331
lookahead-search moves:262331 max-moves:269831
ramon: poll                 wall=10.000s usage=9.998s mem=54884KiB load=1.00 rootload=1.00
ramon: end                  Mon Feb  3 03:44:43 2025
ramon: root.execname        z3
ramon: root.utime           9.990s
ramon: root.stime           0.010s
ramon: group.total          10.004s
ramon: group.utime          9.992s
ramon: group.stime          0.012s
ramon: group.mempeak        55140KiB
ramon: group.pidpeak        2
ramon: status               exited
ramon: exitcode             0
ramon: walltime             10.006s
ramon: loadavg              1.00
