unsat
(:added-eqs                   73
 :arith-eq-adapter            26
 :arith-bound-propagations-lp 10
 :arith-branch                22
 :arith-conflicts             26
 :arith-cube-calls            10
 :arith-diseq                 15
 :arith-fixed-eqs             37
 :arith-gcd-calls             42
 :arith-gomory-cuts           34
 :arith-hnf-calls             4
 :arith-hnf-cuts              1
 :arith-lower                 69
 :arith-make-feasible         134
 :arith-max-columns           34
 :arith-max-rows              19
 :arith-offset-eqs            4
 :arith-patches               42
 :arith-upper                 61
 :binary-propagations         21
 :conflicts                   29
 :decisions                   56
 :del-clause                  21
 :final-checks                42
 :max-memory                  50.64
 :memory                      17.53
 :minimized-lits              7
 :mk-bool-var                 96
 :mk-clause                   24
 :mk-clause-binary            28
 :num-allocs                  891052
 :num-checks                  1
 :propagations                30
 :rlimit-count                3847
 :time                        0.02
 :total-time                  0.02)
