xargs: unmatched double quote; by default quotes are special to xargs unless you use the -0 option
ramon: cwd                  /home/gh1/A/_work/z3-poly-testing/z3-poly-testing
ramon: start                Mon Feb  3 03:49:52 2025
ramon: nproc                32
ramon: sys.mem              63441 MiB
ramon: sys.mem.free         34324 MiB
ramon: sys.mem.avail        59486 MiB
ramon: sys.nprocs           1284
ramon: argv                 0 = z3
ramon: argv                 1 = inputs/alive-arm-tv-smt-benchmarks/Qiou4KML9EjG.smt2
ramon: argv                 2 = -T:10
ramon: argv                 3 = -v:2
ramon: argv                 4 = -st
ramon: argv                 5 = tactic.default_tactic=(then simplify propagate-values solve-eqs simplify smt)
ramon: argv                 6 = smt.sls.enable=true
ramon: argv                 7 = smt.sls.parallel=false
ramon: argv                 8 = model_validate=true
ramon: argv                 9 = smt.bv.solver=2
ramon: childpid             1997731
(smt.searching)
(smt.stats :restarts     :decisions   :clauses/bin/units :simplify   :memory)
(smt.stats        :conflicts    :propagations    :lemmas      :deletions   )
(smt.stats    0      0      0      0     0/0/1       0/0     0    0   17.79)
band: (band[56] (if (or #435 #438 #441 #444 #447 #450 #453 #456 #459 #462 #465 #468 #471 #474 #477 #480 ...) 0 (if #432 1 #907)) (shl[64] (* 2 #108) (mod #1133 64))) 0 := 0&1
shl: (shl[64] (* 2 (bv2int %0)) (mod (+ 55 #1125 #1129) 64)) 1 := 100 << 5
band: (band[56] (if (or #435 #438 #441 #444 #447 #450 #453 #456 #459 #462 #465 #468 #471 #474 #477 #480 ...) 0 (if #432 1 #907)) (shl[64] (* 2 #108) (mod #1133 64))) 0 := 0&0
shl: (shl[64] (* 2 (bv2int %0)) (mod (+ 55 #1125 #1129) 64)) 72057594037927936 := 72057594037928228 << 5
band: (band[56] (if (or #435 #438 #441 #444 #447 #450 #453 #456 #459 #462 #465 #468 #471 #474 #477 #480 ...) 0 (if #432 1 #907)) (shl[64] (* 2 #108) (mod #1133 64))) 0 := 0&0
shl: (shl[64] (* 2 (bv2int %0)) (mod (+ 55 #1125 #1129) 64)) 72057594037927936 := 72057594037928004 << 5
band: (band[56] (if (or #435 #438 #441 #444 #447 #450 #453 #456 #459 #462 #465 #468 #471 #474 #477 #480 ...) 0 (if #432 1 #907)) (shl[64] (* 2 #108) (mod #1133 64))) 0 := 0&0
shl: (shl[64] (* 2 (bv2int %0)) (mod (+ 55 #1125 #1129) 64)) 72057594037927936 := 72057594037928004 << 5
band: (band[56] (if (or #435 #438 #441 #444 #447 #450 #453 #456 #459 #462 #465 #468 #471 #474 #477 #480 ...) 0 (if #432 1 #907)) (shl[64] (* 2 #108) (mod #1133 64))) 0 := 0&0
shl: (shl[64] (* 2 (bv2int %0)) (mod (+ 55 #1125 #1129) 64)) 72057594037927936 := 72057594037928004 << 5
band: (band[56] (if (or #435 #438 #441 #444 #447 #450 #453 #456 #459 #462 #465 #468 #471 #474 #477 #480 ...) 0 (if #432 1 #907)) (shl[64] (* 2 #108) (mod #1133 64))) 0 := 0&0
shl: (shl[64] (* 2 (bv2int %0)) (mod (+ 55 #1125 #1129) 64)) 72057594037927936 := 72057594037928004 << 5
band: (band[56] (if (or #435 #438 #441 #444 #447 #450 #453 #456 #459 #462 #465 #468 #471 #474 #477 #480 ...) 0 (if #432 1 #907)) (shl[64] (* 2 #108) (mod #1133 64))) 0 := 0&179
shl: (shl[64] (* 2 (bv2int %0)) (mod (+ 55 #1125 #1129) 64)) 72057594037928115 := 72057594037928116 << 5
band: (band[56] (if (or #435 #438 #441 #444 #447 #450 #453 #456 #459 #462 #465 #468 #471 #474 #477 #480 ...) 0 (if #432 1 #907)) (shl[64] (* 2 #108) (mod #1133 64))) 0 := 0&0
shl: (shl[64] (* 2 (bv2int %0)) (mod (+ 55 #1125 #1129) 64)) 72057594037927936 := 72057594037928004 << 5
band: (band[56] (if (or #435 #438 #441 #444 #447 #450 #453 #456 #459 #462 #465 #468 #471 #474 #477 #480 ...) 0 (if #432 1 #907)) (shl[64] (* 2 #108) (mod #1133 64))) 0 := 0&67
shl: (shl[64] (* 2 (bv2int %0)) (mod (+ 55 #1125 #1129) 64)) 72057594037928003 := 72057594037928004 << 5
band: (band[56] (if (or #435 #438 #441 #444 #447 #450 #453 #456 #459 #462 #465 #468 #471 #474 #477 #480 ...) 0 (if #432 1 #907)) (shl[64] (* 2 #108) (mod #1133 64))) 0 := 0&1
shl: (shl[64] (* 2 (bv2int %0)) (mod (+ 55 #1125 #1129) 64)) 1 := 328 << 3
band: (band[56] (if (or #435 #438 #441 #444 #447 #450 #453 #456 #459 #462 #465 #468 #471 #474 #477 #480 ...) 0 (if #432 1 #907)) (shl[64] (* 2 #108) (mod #1133 64))) 0 := 0&1
shl: (shl[64] (* 2 (bv2int %0)) (mod (+ 55 #1125 #1129) 64)) 1 := 328 << 3
band: (band[56] (if (or #435 #438 #441 #444 #447 #450 #453 #456 #459 #462 #465 #468 #471 #474 #477 #480 ...) 0 (if #432 1 #907)) (shl[64] (* 2 #108) (mod #1133 64))) 0 := 0&327
shl: (shl[64] (* 2 (bv2int %0)) (mod (+ 55 #1125 #1129) 64)) 327 := 328 << 3
band: (band[56] (if (or #435 #438 #441 #444 #447 #450 #453 #456 #459 #462 #465 #468 #471 #474 #477 #480 ...) 0 (if #432 1 #907)) (shl[64] (* 2 #108) (mod #1133 64))) 0 := 0&162
shl: (shl[64] (* 2 (bv2int %0)) (mod (+ 55 #1125 #1129) 64)) 162 := 328 << 3
band: (band[56] (if (or #435 #438 #441 #444 #447 #450 #453 #456 #459 #462 #465 #468 #471 #474 #477 #480 ...) 0 (if #432 1 #907)) (shl[64] (* 2 #108) (mod #1133 64))) 0 := 0&162
shl: (shl[64] (* 2 (bv2int %0)) (mod (+ 55 #1125 #1129) 64)) 162 := 328 << 3
band: (band[56] (if (or #435 #438 #441 #444 #447 #450 #453 #456 #459 #462 #465 #468 #471 #474 #477 #480 ...) 0 (if #432 1 #907)) (shl[64] (* 2 #108) (mod #1133 64))) 0 := 0&327
shl: (shl[64] (* 2 (bv2int %0)) (mod (+ 55 #1125 #1129) 64)) 327 := 328 << 3
(smt.stats    0    101   1396    575  1251/1109/128      81/9    11   22   51.88)
SMT -> SLS units -1
SMT -> SLS values
lookahead-search moves:0 max-moves:800
lookahead-search moves:800 max-moves:1700
lookahead-search moves:1700 max-moves:2700
lookahead-search moves:2700 max-moves:3800
lookahead-search moves:3800 max-moves:5000
lookahead-search moves:5000 max-moves:6300
(sat.ddfw :unsat :models :kflips/sec   :flips :restarts   :reinits  :unsat_vars  :shifts)
(sat.ddfw       2      1    17.4520     10000        49          0            1        2)
lookahead-search moves:6300 max-moves:7700
lookahead-search moves:7700 max-moves:9200
ramon: poll                 wall=1.000s usage=0.940s mem=53840KiB load=0.94 rootload=0.92
(sat.ddfw       2      1     4.9188     13999        68          1            1        2)
SLS -> SMT values
band: (band[56] (if (or #435 #438 #441 #444 #447 #450 #453 #456 #459 #462 #465 #468 #471 #474 #477 #480 ...) 0 (if #432 1 #907)) (shl[64] (* 2 #108) (mod #1133 64))) 0 := 0&1728
shl: (shl[56] (bv2int %0) (+ 56 (* 72057594037927935 #110))) 107 := 108 << 4
band: (band[56] (if (or #435 #438 #441 #444 #447 #450 #453 #456 #459 #462 #465 #468 #471 #474 #477 #480 ...) 0 (if #432 1 #907)) (shl[64] (* 2 #108) (mod #1133 64))) 0 := 0&1728
shl: (shl[56] (bv2int %0) (+ 56 (* 72057594037927935 #110))) 107 := 108 << 4
band: (band[56] (if (or #435 #438 #441 #444 #447 #450 #453 #456 #459 #462 #465 #468 #471 #474 #477 #480 ...) 0 (if #432 1 #907)) (shl[64] (* 2 #108) (mod #1133 64))) 0 := 0&1728
shl: (shl[56] (bv2int %0) (+ 56 (* 72057594037927935 #110))) 0 := 108 << 4
(smt.stats    1    202   2488   1454  1399/1257/136     171/18    14   28   51.98)
(smt.stats    2    313   4566   3237  1475/1310/136     276/20    14   28   52.18)
SMT -> SLS values
lookahead-search moves:8926 max-moves:10526
lookahead-search moves:10526 max-moves:12226
lookahead-search moves:12226 max-moves:14026
(sat.ddfw       2      1     4.6063     20001        98          1            1        3)
lookahead-search moves:14026 max-moves:15926
(sat.ddfw       2      1     1.7870     22635       110          2            1        3)
SLS -> SMT values
band: (band[56] (if (or #435 #438 #441 #444 #447 #450 #453 #456 #459 #462 #465 #468 #471 #474 #477 #480 ...) 0 (if #432 1 #907)) (shl[64] (* 2 #108) (mod #1133 64))) 0 := 1&72057594037927935
band: (band[56] (if (or #435 #438 #441 #444 #447 #450 #453 #456 #459 #462 #465 #468 #471 #474 #477 #480 ...) 0 (if #432 1 #907)) (shl[64] (* 2 #108) (mod #1133 64))) 0 := 1&72057594037927935
band: (band[56] (if (or #435 #438 #441 #444 #447 #450 #453 #456 #459 #462 #465 #468 #471 #474 #477 #480 ...) 0 (if #432 1 #907)) (shl[64] (* 2 #108) (mod #1133 64))) 0 := 1&72057594037927934
shl: (shl[64] (* 2 (bv2int %0)) (mod (+ 55 #1125 #1129) 64)) 144115188075855870 := 114 << 54
band: (band[56] (if (or #435 #438 #441 #444 #447 #450 #453 #456 #459 #462 #465 #468 #471 #474 #477 #480 ...) 0 (if #432 1 #907)) (shl[64] (* 2 #108) (mod #1133 64))) 0 := 1&72057594037927934
shl: (shl[64] (* 2 (bv2int %0)) (mod (+ 55 #1125 #1129) 64)) 144115188075855870 := 114 << 54
band: (band[56] (if (or #435 #438 #441 #444 #447 #450 #453 #456 #459 #462 #465 #468 #471 #474 #477 #480 ...) 0 (if #432 1 #907)) (shl[64] (* 2 #108) (mod #1133 64))) 0 := 1&72057594037927934
shl: (shl[64] (* 2 (bv2int %0)) (mod (+ 55 #1125 #1129) 64)) 144115188075855870 := 114 << 54
band: (band[56] (if (or #435 #438 #441 #444 #447 #450 #453 #456 #459 #462 #465 #468 #471 #474 #477 #480 ...) 0 (if #432 1 #907)) (shl[64] (* 2 #108) (mod #1133 64))) 0 := 1&36028797018963968
shl: (shl[56] (bv2int %0) (+ 56 (* 72057594037927935 #110))) 0 := 57 << 55
band: (band[56] (if (or #435 #438 #441 #444 #447 #450 #453 #456 #459 #462 #465 #468 #471 #474 #477 #480 ...) 0 (if #432 1 #907)) (shl[64] (* 2 #108) (mod #1133 64))) 0 := 1&36028797018963968
shl: (shl[64] (* 2 (bv2int %0)) (mod (+ 55 #1125 #1129) 64)) 2053641430080946176 := 114 << 54
band: (band[56] (if (or #435 #438 #441 #444 #447 #450 #453 #456 #459 #462 #465 #468 #471 #474 #477 #480 ...) 0 (if #432 1 #907)) (shl[64] (* 2 #108) (mod #1133 64))) 0 := 1&36028797018963968
shl: (shl[56] (bv2int %0) (+ 56 (* 72057594037927935 #110))) 1 := 57 << 55
band: (band[56] (if (or #435 #438 #441 #444 #447 #450 #453 #456 #459 #462 #465 #468 #471 #474 #477 #480 ...) 0 (if #432 1 #907)) (shl[64] (* 2 #108) (mod #1133 64))) 0 := 1&2
shl: (shl[64] (* 2 (bv2int %0)) (mod (+ 55 #1125 #1129) 64)) 72057594037927938 := 114 << 54
band: (band[56] (if (or #435 #438 #441 #444 #447 #450 #453 #456 #459 #462 #465 #468 #471 #474 #477 #480 ...) 0 (if #432 1 #907)) (shl[64] (* 2 #108) (mod #1133 64))) 0 := 1&36028797018963968
shl: (shl[56] (bv2int %0) (+ 56 (* 72057594037927935 #110))) 1 := 57 << 55
band: (band[56] (if (or #435 #438 #441 #444 #447 #450 #453 #456 #459 #462 #465 #468 #471 #474 #477 #480 ...) 0 (if #432 1 #907)) (shl[64] (* 2 #108) (mod #1133 64))) 0 := 1&2
shl: (shl[64] (* 2 (bv2int %0)) (mod (+ 55 #1125 #1129) 64)) 72057594037927938 := 114 << 54
band: (band[56] (if (or #435 #438 #441 #444 #447 #450 #453 #456 #459 #462 #465 #468 #471 #474 #477 #480 ...) 0 (if #432 1 #907)) (shl[64] (* 2 #108) (mod #1133 64))) 0 := 1&2
shl: (shl[64] (* 2 (bv2int %0)) (mod (+ 55 #1125 #1129) 64)) 72057594037927938 := 114 << 54
band: (band[56] (if (or #435 #438 #441 #444 #447 #450 #453 #456 #459 #462 #465 #468 #471 #474 #477 #480 ...) 0 (if #432 1 #907)) (shl[64] (* 2 #108) (mod #1133 64))) 1 := 1&36028797018963968
band: (band[56] (if (or #435 #438 #441 #444 #447 #450 #453 #456 #459 #462 #465 #468 #471 #474 #477 #480 ...) 0 (if #432 1 #907)) (shl[64] (* 2 #108) (mod #1133 64))) 0 := 1&36028797018963968
band: (band[56] (if (or #623 #624 #625 #626 #627 #628 #629 #630 #631 #632 #633 #634 #635 #636 #637 #638 ...) 0 (if #677 1 #679)) (shl[56] (bv2int %0) (+ 56 #891))) 1 := 1&36028797018963968
band: (band[56] (if (or #435 #438 #441 #444 #447 #450 #453 #456 #459 #462 #465 #468 #471 #474 #477 #480 ...) 0 (if #432 1 #907)) (shl[64] (* 2 #108) (mod #1133 64))) 1 := 1&36028797018963968
band: (band[56] (if (or #435 #438 #441 #444 #447 #450 #453 #456 #459 #462 #465 #468 #471 #474 #477 #480 ...) 0 (if #432 1 #907)) (shl[64] (* 2 #108) (mod #1133 64))) 0 := 1&36028797018963968
band: (band[56] (if (or #623 #624 #625 #626 #627 #628 #629 #630 #631 #632 #633 #634 #635 #636 #637 #638 ...) 0 (if #677 1 #679)) (shl[56] (bv2int %0) (+ 56 #891))) 1 := 1&36028797018963968
band: (band[56] (if (or #435 #438 #441 #444 #447 #450 #453 #456 #459 #462 #465 #468 #471 #474 #477 #480 ...) 0 (if #432 1 #907)) (shl[64] (* 2 #108) (mod #1133 64))) 0 := 1&2
shl: (shl[64] (* 2 (bv2int %0)) (mod (+ 55 #1125 #1129) 64)) 2089670227099910146 := 114 << 54
band: (band[56] (if (or #435 #438 #441 #444 #447 #450 #453 #456 #459 #462 #465 #468 #471 #474 #477 #480 ...) 0 (if #432 1 #907)) (shl[64] (* 2 #108) (mod #1133 64))) 0 := 1&36028797018963968
band: (band[56] (if (or #623 #624 #625 #626 #627 #628 #629 #630 #631 #632 #633 #634 #635 #636 #637 #638 ...) 0 (if #677 1 #679)) (shl[56] (bv2int %0) (+ 56 #891))) 1 := 1&36028797018963968
band: (band[56] (if (or #435 #438 #441 #444 #447 #450 #453 #456 #459 #462 #465 #468 #471 #474 #477 #480 ...) 0 (if #432 1 #907)) (shl[64] (* 2 #108) (mod #1133 64))) 1 := 1&36028797018963968
(smt.stats    3    416   6542   5332  1553/1390/174     371/21    16   38   52.37)
SMT -> SLS values
lookahead-search moves:15926 max-moves:17926
ramon: poll                 wall=2.021s usage=1.964s mem=54608KiB load=1.00 rootload=1.00
lookahead-search moves:17926 max-moves:20026
(sat.ddfw       2      1     1.9580     26553       130          2            1        4)
SLS -> SMT values
(smt.stats    4    527   8194   6223  1597/1418/196     460/21    18   46   52.47)
(smt.stats    5    649  12028   9799  1648/1478/200     550/22    22   70   52.66)
SMT -> SLS values
lookahead-search moves:20026 max-moves:22226
ramon: poll                 wall=3.000s usage=2.939s mem=54972KiB load=1.00 rootload=1.00
lookahead-search moves:22226 max-moves:24526
(sat.ddfw       2      1     1.1700     30207       148          2            1        5)
SLS -> SMT values
(smt.stats :restarts :decisions    :clauses/bin/units         :simplify    :memory)
(smt.stats      :conflicts  :propagations           :lemmas        :deletions    )
(smt.stats    6    750  13152  10897  1731/1567/201     650/24    23   70   52.76)
(smt.stats    7    861  14772  13029  1808/1628/203     748/25    24   79   52.85)
SMT -> SLS values
lookahead-search moves:24526 max-moves:26926
ramon: poll                 wall=4.000s usage=3.939s mem=55088KiB load=1.00 rootload=1.00
lookahead-search moves:26926 max-moves:29426
(sat.ddfw       2      1     0.9258     33999       166          2            1        6)
SLS -> SMT values
(smt.stats    8    983  17516  16899  1912/1677/203     867/26    24   79   52.85)
(smt.stats    9   1117  21087  21530  1942/1750/203     998/26    24   79   52.95)
(smt.stats   10   1218  23085  25738  1993/1795/203    1096/27    24   79   52.95)
lookahead-search moves:28819 max-moves:31419
lookahead-search moves:31419 max-moves:34119
ramon: poll                 wall=5.000s usage=4.939s mem=55216KiB load=1.00 rootload=1.00
lookahead-search moves:34119 max-moves:36919
(sat.ddfw       2      1     1.1614     40001       196          2            1        7)
lookahead-search moves:36919 max-moves:39819
lookahead-search moves:39819 max-moves:42819
lookahead-search moves:42819 max-moves:45919
ramon: poll                 wall=6.017s usage=5.958s mem=55020KiB load=1.00 rootload=1.00
lookahead-search moves:45919 max-moves:49119
lookahead-search moves:49119 max-moves:52419
lookahead-search moves:52419 max-moves:55819
ramon: poll                 wall=7.000s usage=6.938s mem=55020KiB load=1.00 rootload=1.00
lookahead-search moves:55819 max-moves:59319
lookahead-search moves:59319 max-moves:62919
lookahead-search moves:62919 max-moves:66619
lookahead-search moves:66619 max-moves:70419
ramon: poll                 wall=8.000s usage=7.938s mem=55020KiB load=1.00 rootload=1.00
lookahead-search moves:70419 max-moves:74319
lookahead-search moves:74319 max-moves:78319
lookahead-search moves:78319 max-moves:82419
ramon: poll                 wall=9.000s usage=8.938s mem=55020KiB load=1.00 rootload=1.00
(sat.ddfw       2      1     2.9317     65999       323          3            1       10)
SLS -> SMT activity
(smt.stats   11   1329  24600  28867  2110/1922/205    1204/28    26   80   53.14)
(smt.stats   12   1451  26596  32231  2146/1943/205    1323/28    26   80   53.24)
lookahead-search moves:80643 max-moves:84843
ramon: poll                 wall=10.000s usage=9.936s mem=55260KiB load=1.00 rootload=1.00
ramon: end                  Mon Feb  3 03:50:02 2025
ramon: root.execname        z3
ramon: root.utime           9.980s
ramon: root.stime           0.010s
ramon: group.total          10.003s
ramon: group.utime          9.987s
ramon: group.stime          0.016s
ramon: group.mempeak        55516KiB
ramon: group.pidpeak        2
ramon: status               exited
ramon: exitcode             0
ramon: walltime             10.063s
ramon: loadavg              0.99
