ramon: cwd                  /home/gh1/A/_work/z3-poly-testing/z3-poly-testing
ramon: start                Mon Feb  3 04:12:36 2025
ramon: nproc                32
ramon: sys.mem              63441 MiB
ramon: sys.mem.free         33413 MiB
ramon: sys.mem.avail        59476 MiB
ramon: sys.nprocs           1279
ramon: argv                 0 = z3
ramon: argv                 1 = inputs/alive-arm-tv-smt-benchmarks/ruGDiBpPVNkV.smt2
ramon: argv                 2 = -T:10
ramon: argv                 3 = -v:2
ramon: argv                 4 = -st
ramon: argv                 5 = tactic.default_tactic=(then simplify propagate-values solve-eqs simplify smt)
ramon: argv                 6 = smt.sls.enable=true
ramon: argv                 7 = smt.sls.parallel=false
ramon: argv                 8 = model_validate=true
ramon: argv                 9 = smt.bv.solver=2
ramon: childpid             2131828
xargs: unmatched double quote; by default quotes are special to xargs unless you use the -0 option
(smt.searching)
(smt.stats :restarts     :decisions   :clauses/bin/units :simplify   :memory)
(smt.stats        :conflicts    :propagations    :lemmas      :deletions   )
(smt.stats    0      0      0      0     0/0/1       0/0     0    0   17.79)
(smt.stats    0    101   2311    694  2401/2157/90      98/1     2   13   52.31)
SMT -> SLS units -1
SMT -> SLS values
lookahead-search moves:0 max-moves:800
lookahead-search moves:800 max-moves:1700
lookahead-search moves:1700 max-moves:2700
lookahead-search moves:2700 max-moves:3800
lookahead-search moves:3800 max-moves:5000
lookahead-search moves:5000 max-moves:6300
(sat.ddfw :unsat :models :kflips/sec   :flips :restarts   :reinits  :unsat_vars  :shifts)
(sat.ddfw       2      1    18.0180     10000        49          0            1        2)
lookahead-search moves:6300 max-moves:7700
lookahead-search moves:7700 max-moves:9200
(sat.ddfw       2      1     5.0813     13999        68          1            1        2)
SLS -> SMT values
(smt.stats    1    202   5685   1177  2506/2248/92     196/39     3   13   52.50)
(smt.stats    2    313  10513   3410  3024/2716/97     291/46     8   19   52.60)
SMT -> SLS values
lookahead-search moves:8926 max-moves:10526
ramon: poll                 wall=1.000s usage=0.934s mem=54760KiB load=0.93 rootload=0.92
lookahead-search moves:10526 max-moves:12226
lookahead-search moves:12226 max-moves:14026
(sat.ddfw       2      1     4.6817     20001        98          1            1        3)
lookahead-search moves:14026 max-moves:15926
(sat.ddfw       2      1     1.8228     22635       110          2            1        3)
SLS -> SMT values
(smt.stats    3    414  13633   9616  3296/2814/99     385/62     9   20   52.69)
(smt.stats    4    525  14434  12304  3398/3057/103     486/94    11   23   52.89)
SMT -> SLS values
lookahead-search moves:15926 max-moves:17926
lookahead-search moves:17926 max-moves:20026
(sat.ddfw       2      1     2.1398     26553       130          2            1        4)
SLS -> SMT values
(smt.stats    5    647  15823  17310  3906/3519/107     582/94    12   23   52.99)
(smt.stats :restarts :decisions    :clauses/bin/units         :simplify    :memory)
(smt.stats      :conflicts  :propagations           :lemmas        :deletions    )
(smt.stats    6    748  16757  21027  3920/3532/107     676/94    13   24   52.99)
SMT -> SLS values
lookahead-search moves:20026 max-moves:22226
ramon: poll                 wall=2.000s usage=1.934s mem=55116KiB load=1.00 rootload=1.00
lookahead-search moves:22226 max-moves:24526
(sat.ddfw       2      1     1.6211     30207       148          2            1        5)
SLS -> SMT values
(smt.stats    7    859  18604  24573  3935/3546/109     780/94    15   26   53.09)
(smt.stats    8    981  22248  27533  3959/3565/109     888/97    15   26   53.19)
SMT -> SLS values
lookahead-search moves:24526 max-moves:26926
lookahead-search moves:26926 max-moves:29426
(sat.ddfw       2      1     1.4013     33999       166          2            1        6)
SLS -> SMT values
(smt.stats    9   1115  25206  34587  3975/3584/112    1012/98    17   29   53.19)
(smt.stats   10   1216  31119  43750  3982/3591/112    1106/98    17   29   53.28)
(smt.stats   11   1327  36335  54158  3993/3600/112    1214/98    17   29   53.28)
lookahead-search moves:28819 max-moves:31419
ramon: poll                 wall=3.000s usage=2.934s mem=55372KiB load=1.00 rootload=1.00
lookahead-search moves:31419 max-moves:34119
lookahead-search moves:34119 max-moves:36919
(sat.ddfw       2      1     1.7422     40001       196          2            1        7)
lookahead-search moves:36919 max-moves:39819
lookahead-search moves:39819 max-moves:42819
ramon: poll                 wall=4.000s usage=3.934s mem=55272KiB load=1.00 rootload=1.00
lookahead-search moves:42819 max-moves:45919
lookahead-search moves:45919 max-moves:49119
lookahead-search moves:49119 max-moves:52419
lookahead-search moves:52419 max-moves:55819
ramon: poll                 wall=5.000s usage=4.933s mem=55272KiB load=1.00 rootload=1.00
lookahead-search moves:55819 max-moves:59319
lookahead-search moves:59319 max-moves:62919
lookahead-search moves:62919 max-moves:66619
lookahead-search moves:66619 max-moves:70419
ramon: poll                 wall=6.000s usage=5.936s mem=55272KiB load=1.00 rootload=1.00
lookahead-search moves:70419 max-moves:74319
lookahead-search moves:74319 max-moves:78319
lookahead-search moves:78319 max-moves:82419
ramon: poll                 wall=7.000s usage=6.931s mem=55272KiB load=1.00 rootload=1.00
(sat.ddfw       2      1     3.7113     65999       323          3            1       10)
SLS -> SMT activity
(smt.stats   12   1449  42524  60895  3995/3602/115    1329/98    18   34   53.38)
SMT -> SLS values
lookahead-search moves:80643 max-moves:84843
(sat.ddfw       2      1     0.5207     69853       342          3            1       11)
SLS -> SMT values
(smt.stats   13   1583  45563  66475  4013/3619/115    1455/98    18   34   53.49)
(smt.stats   14   1730  48650  72159  4015/3621/115    1600/98    18   34   53.49)
(smt.stats   15   1831  50652  76228  4019/3625/115    1697/98    18   34   53.49)
lookahead-search moves:84843 max-moves:89143
(sat.ddfw       2      1     0.0190     70001       343          3            1       12)
lookahead-search moves:89143 max-moves:93543
ramon: poll                 wall=8.000s usage=7.934s mem=55440KiB load=1.00 rootload=1.00
lookahead-search moves:93543 max-moves:98043
lookahead-search moves:98043 max-moves:102643
lookahead-search moves:102643 max-moves:107343
ramon: poll                 wall=9.000s usage=8.930s mem=55440KiB load=1.00 rootload=1.00
lookahead-search moves:107343 max-moves:112143
lookahead-search moves:112143 max-moves:117043
ramon: poll                 wall=10.056s usage=9.989s mem=55440KiB load=1.00 rootload=0.99
ramon: end                  Mon Feb  3 04:12:47 2025
ramon: root.execname        z3
ramon: root.utime           9.980s
ramon: root.stime           0.010s
ramon: group.total          9.998s
ramon: group.utime          9.986s
ramon: group.stime          0.012s
ramon: group.mempeak        55696KiB
ramon: group.pidpeak        2
ramon: status               exited
ramon: exitcode             0
ramon: walltime             10.064s
ramon: loadavg              0.99
