ramon: cwd                  /home/gh1/A/_work/z3-poly-testing/z3-poly-testing
ramon: start                Mon Feb  3 04:12:56 2025
ramon: nproc                32
ramon: sys.mem              63441 MiB
ramon: sys.mem.free         33239 MiB
ramon: sys.mem.avail        59476 MiB
ramon: sys.nprocs           1288
ramon: argv                 0 = z3
ramon: argv                 1 = inputs/alive-arm-tv-smt-benchmarks/sRufHLjDcboc.smt2
ramon: argv                 2 = -T:10
ramon: argv                 3 = -v:2
ramon: argv                 4 = -st
ramon: argv                 5 = tactic.default_tactic=(then simplify propagate-values solve-eqs simplify smt)
ramon: argv                 6 = smt.sls.enable=true
ramon: argv                 7 = smt.sls.parallel=false
ramon: argv                 8 = model_validate=true
ramon: argv                 9 = smt.bv.solver=2
ramon: childpid             2133698
xargs: unmatched double quote; by default quotes are special to xargs unless you use the -0 option
(smt.searching)
(smt.stats :restarts     :decisions   :clauses/bin/units :simplify   :memory)
(smt.stats        :conflicts    :propagations    :lemmas      :deletions   )
(smt.stats    0      0      0      0     0/0/1       0/0     0    0   17.79)
(smt.stats    0    101   5966    931  1210/1078/94     100/6     1   14   51.78)
SMT -> SLS units -1
SMT -> SLS values
lookahead-search moves:0 max-moves:800
lookahead-search moves:800 max-moves:1700
lookahead-search moves:1700 max-moves:2700
lookahead-search moves:2700 max-moves:3800
lookahead-search moves:3800 max-moves:5000
lookahead-search moves:5000 max-moves:6300
(sat.ddfw :unsat :models :kflips/sec   :flips :restarts   :reinits  :unsat_vars  :shifts)
(sat.ddfw       2      1    31.5457     10000        49          0            1        2)
lookahead-search moves:6300 max-moves:7700
lookahead-search moves:7700 max-moves:9200
(sat.ddfw       2      1     8.9263     13999        68          1            1        2)
SLS -> SMT values
(smt.stats    1    202   9320   1788  1759/1547/97     194/13     2   18   51.97)
(smt.stats    2    313  13291   2652  1916/1649/97     304/22     2   18   52.17)
SMT -> SLS values
lookahead-search moves:8926 max-moves:10526
lookahead-search moves:10526 max-moves:12226
lookahead-search moves:12226 max-moves:14026
(sat.ddfw       2      1     6.2980     20001        98          1            1        3)
ramon: poll                 wall=1.000s usage=0.995s mem=54120KiB load=0.99 rootload=0.98
lookahead-search moves:14026 max-moves:15926
(sat.ddfw       2      1     2.5158     22635       110          2            1        3)
SLS -> SMT values
(smt.stats    3    414  14863   3533  2369/2074/97     402/28     2   18   52.26)
(smt.stats    4    525  16140   5387  2673/2408/100     494/59     4   25   52.38)
SMT -> SLS values
lookahead-search moves:15926 max-moves:17926
lookahead-search moves:17926 max-moves:20026
(sat.ddfw       2      1     2.8207     26553       130          2            1        4)
SLS -> SMT values
(smt.stats    5    647  18286   8926  2751/2507/102     598/58     6   27   52.38)
(smt.stats :restarts :decisions    :clauses/bin/units          :simplify   :memory)
(smt.stats      :conflicts  :propagations           :lemmas        :deletions    )
(smt.stats    6    748  20109  12388  2783/2530/103     690/58     7   29   52.49)
SMT -> SLS values
lookahead-search moves:20026 max-moves:22226
lookahead-search moves:22226 max-moves:24526
(sat.ddfw       2      1     2.1972     30207       148          2            1        5)
SLS -> SMT values
(smt.stats    7    859  21868  14308  2830/2575/106     779/61     9   34   52.59)
(smt.stats    8    981  24028  16540  2900/2612/116     882/59    10   40   52.59)
SMT -> SLS values
lookahead-search moves:24526 max-moves:26926
lookahead-search moves:26926 max-moves:29426
ramon: poll                 wall=2.000s usage=1.994s mem=54532KiB load=1.00 rootload=1.00
(sat.ddfw       2      1     1.9152     33999       166          2            1        6)
SLS -> SMT values
(smt.stats    9   1115  26140  22100  2972/2691/116     990/66    11   51   52.70)
(smt.stats   10   1216  26945  23862  3128/2763/116    1089/69    11   51   52.79)
SMT -> SLS values
lookahead-search moves:28819 max-moves:31419
lookahead-search moves:31419 max-moves:34119
(sat.ddfw       2      1     1.6653     37999       186          2            1        7)
SLS -> SMT values
(smt.stats   11   1327  28607  28444  3182/2894/116    1195/71    11   51   52.89)
(smt.stats :restarts :decisions    :clauses/bin/units         :simplify    :memory)
(smt.stats     :conflicts   :propagations          :lemmas         :deletions    )
(smt.stats   12   1449  29430  32027  3233/2983/118    1310/79    12   52   52.89)
(smt.stats   13   1583  31216  36757  3249/2989/118    1438/79    12   52   52.89)
lookahead-search moves:32798 max-moves:35598
(sat.ddfw       2      1     0.7555     40001       196          2            1        8)
lookahead-search moves:35598 max-moves:38498
lookahead-search moves:38498 max-moves:41498
lookahead-search moves:41498 max-moves:44598
ramon: poll                 wall=3.000s usage=2.994s mem=54884KiB load=1.00 rootload=1.00
lookahead-search moves:44598 max-moves:47798
lookahead-search moves:47798 max-moves:51098
lookahead-search moves:51098 max-moves:54498
lookahead-search moves:54498 max-moves:57998
lookahead-search moves:57998 max-moves:61598
lookahead-search moves:61598 max-moves:65298
ramon: poll                 wall=4.000s usage=3.994s mem=54884KiB load=1.00 rootload=1.00
lookahead-search moves:65298 max-moves:69098
lookahead-search moves:69098 max-moves:72998
lookahead-search moves:72998 max-moves:76998
lookahead-search moves:76998 max-moves:81098
lookahead-search moves:81098 max-moves:85298
(sat.ddfw       2      1     5.9854     69551       340          3            1       11)
SLS -> SMT activity
ramon: poll                 wall=5.000s usage=4.993s mem=54884KiB load=1.00 rootload=1.00
(smt.stats   14   1730  32600  41236  3295/3010/118    1577/82    13   55   52.89)
(smt.stats   15   1831  33966  43133  3304/3051/118    1675/82    13   55   52.98)
lookahead-search moves:85298 max-moves:89598
(sat.ddfw       2      1     0.0861     70001       343          3            1       12)
lookahead-search moves:89598 max-moves:93998
lookahead-search moves:93998 max-moves:98498
lookahead-search moves:98498 max-moves:103098
lookahead-search moves:103098 max-moves:107798
ramon: poll                 wall=6.012s usage=6.005s mem=54904KiB load=1.00 rootload=1.00
lookahead-search moves:107798 max-moves:112598
lookahead-search moves:112598 max-moves:117498
lookahead-search moves:117498 max-moves:122498
lookahead-search moves:122498 max-moves:127598
lookahead-search moves:127598 max-moves:132798
ramon: poll                 wall=7.000s usage=6.992s mem=54904KiB load=1.00 rootload=1.00
lookahead-search moves:132798 max-moves:138098
lookahead-search moves:138098 max-moves:143498
lookahead-search moves:143498 max-moves:148998
lookahead-search moves:148998 max-moves:154598
ramon: poll                 wall=8.000s usage=7.988s mem=54904KiB load=1.00 rootload=0.99
(sat.ddfw       2      1     3.2735     96585       473          4            1       14)
SLS -> SMT activity
(smt.stats   16   1942  35510  45308  3310/3060/118    1780/82    13   55   52.98)
(smt.stats   17   2064  37090  48956  3339/3072/118    1894/83    13   55   52.98)
lookahead-search moves:154598 max-moves:160298
lookahead-search moves:160298 max-moves:166098
lookahead-search moves:166098 max-moves:171998
ramon: poll                 wall=9.000s usage=8.988s mem=55160KiB load=1.00 rootload=1.00
lookahead-search moves:171998 max-moves:177998
lookahead-search moves:177998 max-moves:184098
lookahead-search moves:184098 max-moves:190298
lookahead-search moves:190298 max-moves:196598
ramon: poll                 wall=10.000s usage=9.988s mem=55160KiB load=1.00 rootload=1.00
ramon: end                  Mon Feb  3 04:13:06 2025
ramon: root.execname        z3
ramon: root.utime           9.980s
ramon: root.stime           0.010s
ramon: group.total          9.995s
ramon: group.utime          9.987s
ramon: group.stime          0.008s
ramon: group.mempeak        55416KiB
ramon: group.pidpeak        2
ramon: status               exited
ramon: exitcode             0
ramon: walltime             10.004s
ramon: loadavg              1.00
