xargs: unmatched double quote; by default quotes are special to xargs unless you use the -0 option
ramon: cwd                  /home/gh1/A/_work/z3-poly-testing/z3-poly-testing
ramon: start                Mon Feb  3 04:13:57 2025
ramon: nproc                32
ramon: sys.mem              63441 MiB
ramon: sys.mem.free         33233 MiB
ramon: sys.mem.avail        59475 MiB
ramon: sys.nprocs           1286
ramon: argv                 0 = z3
ramon: argv                 1 = inputs/alive-arm-tv-smt-benchmarks/u0yK1h7BS384.smt2
ramon: argv                 2 = -T:10
ramon: argv                 3 = -v:2
ramon: argv                 4 = -st
ramon: argv                 5 = tactic.default_tactic=(then simplify propagate-values solve-eqs simplify smt)
ramon: argv                 6 = smt.sls.enable=true
ramon: argv                 7 = smt.sls.parallel=false
ramon: argv                 8 = model_validate=true
ramon: argv                 9 = smt.bv.solver=2
ramon: childpid             2139779
(smt.searching)
(smt.stats :restarts     :decisions   :clauses/bin/units :simplify   :memory)
(smt.stats        :conflicts    :propagations    :lemmas      :deletions   )
(smt.stats    0      0      0      0     0/0/1       0/0     0    0   17.79)
(smt.stats    0    101   4873    808  1091/984/85      89/6     6   12   51.59)
SMT -> SLS units -1
SMT -> SLS values
lookahead-search moves:0 max-moves:800
lookahead-search moves:800 max-moves:1700
lookahead-search moves:1700 max-moves:2700
lookahead-search moves:2700 max-moves:3800
lookahead-search moves:3800 max-moves:5000
lookahead-search moves:5000 max-moves:6300
(sat.ddfw :unsat :models :kflips/sec   :flips :restarts   :reinits  :unsat_vars  :shifts)
(sat.ddfw       2      1    51.0204     10000        49          0            1        2)
lookahead-search moves:6300 max-moves:7700
lookahead-search moves:7700 max-moves:9200
(sat.ddfw       2      1    14.4368     13999        68          1            1        2)
SLS -> SMT values
band: (band[22] (if (= #275 31) 1 (if #383 3 #619)) (if (= #635 31) 8589934592 (if #637 4294967296 #697))) 1 := 1&4
band: (band[22] (if (= #275 31) 1 (if #383 3 #619)) (if (= #635 31) 8589934592 (if #637 4294967296 #697))) 0 := 1&4
band: (band[22] (if (= #110 21) 1 (if #468 3 #524)) (if (= #531 21) 4194304 (if #533 2097152 #573))) 1 := 1&4
band: (band[22] (if (= #275 31) 1 (if #383 3 #619)) (if (= #635 31) 8589934592 (if #637 4294967296 #697))) 1 := 1&4
band: (band[22] (if (= #275 31) 1 (if #383 3 #619)) (if (= #635 31) 8589934592 (if #637 4294967296 #697))) 0 := 1&4
band: (band[22] (if (= #110 21) 1 (if #468 3 #524)) (if (= #531 21) 4194304 (if #533 2097152 #573))) 1 := 1&4
(smt.stats    1    202   6697   2132  1722/1551/102     171/12     8   17   51.89)
(smt.stats    2    313  10001   4830  2276/2049/111     274/16    10   20   52.08)
SMT -> SLS values
lookahead-search moves:8926 max-moves:10526
lookahead-search moves:10526 max-moves:12226
lookahead-search moves:12226 max-moves:14026
(sat.ddfw       2      1    12.6358     20001        98          1            1        3)
lookahead-search moves:14026 max-moves:15926
(sat.ddfw       2      1     4.9418     22635       110          2            1        3)
SLS -> SMT values
(smt.stats    3    414  12842   6018  2297/2075/111     366/16    10   20   52.08)
(smt.stats    4    525  14334   7283  2336/2113/119     434/19    12   39   52.18)
SMT -> SLS values
lookahead-search moves:15926 max-moves:17926
lookahead-search moves:17926 max-moves:20026
(sat.ddfw       2      1     5.7281     26553       130          2            1        4)
SLS -> SMT values
(smt.stats    5    647  15876   9230  2400/2166/125     547/26    13   39   52.18)
(smt.stats :restarts :decisions    :clauses/bin/units         :simplify    :memory)
(smt.stats      :conflicts  :propagations           :lemmas        :deletions    )
(smt.stats    6    748  17894  11080  2440/2209/125     635/26    14   39   52.28)
lookahead-search moves:20026 max-moves:22226
lookahead-search moves:22226 max-moves:24526
lookahead-search moves:24526 max-moves:26926
ramon: poll                 wall=1.000s usage=0.948s mem=54184KiB load=0.95 rootload=0.94
lookahead-search moves:26926 max-moves:29426
lookahead-search moves:29426 max-moves:32026
lookahead-search moves:32026 max-moves:34726
lookahead-search moves:34726 max-moves:37526
(sat.ddfw       2      1    10.8269     40000       196          2            1        6)
lookahead-search moves:37526 max-moves:40426
lookahead-search moves:40426 max-moves:43426
lookahead-search moves:43426 max-moves:46526
lookahead-search moves:46526 max-moves:49726
lookahead-search moves:49726 max-moves:53026
lookahead-search moves:53026 max-moves:56426
lookahead-search moves:56426 max-moves:59926
lookahead-search moves:59926 max-moves:63526
ramon: poll                 wall=2.000s usage=1.947s mem=54184KiB load=1.00 rootload=1.00
lookahead-search moves:63526 max-moves:67226
lookahead-search moves:67226 max-moves:71026
(sat.ddfw       2      1     9.2455     59998       294          3            1        8)
SLS -> SMT activity
(smt.stats    7    859  19696  12978  2465/2216/125     743/27    14   39   52.28)
SMT -> SLS values
lookahead-search moves:69675 max-moves:73575
lookahead-search moves:73575 max-moves:77575
(sat.ddfw       2      1     1.7256     63998       313          3            1        9)
SLS -> SMT values
(smt.stats    8    981  20212  14045  2525/2282/125     857/27    14   39   52.38)
(smt.stats    9   1115  23505  17295  2533/2303/125     985/28    14   39   52.38)
(smt.stats   10   1216  25458  19597  2542/2310/125    1083/28    14   39   52.38)
lookahead-search moves:73655 max-moves:77755
lookahead-search moves:77755 max-moves:81955
lookahead-search moves:81955 max-moves:86255
(sat.ddfw       2      1     2.2082     70000       343          3            1       10)
lookahead-search moves:86255 max-moves:90655
lookahead-search moves:90655 max-moves:95155
ramon: poll                 wall=3.000s usage=2.943s mem=54524KiB load=1.00 rootload=1.00
lookahead-search moves:95155 max-moves:99755
lookahead-search moves:99755 max-moves:104455
lookahead-search moves:104455 max-moves:109255
lookahead-search moves:109255 max-moves:114155
lookahead-search moves:114155 max-moves:119155
lookahead-search moves:119155 max-moves:124255
lookahead-search moves:124255 max-moves:129455
ramon: poll                 wall=4.000s usage=3.937s mem=54308KiB load=0.99 rootload=0.99
lookahead-search moves:129455 max-moves:134755
lookahead-search moves:134755 max-moves:140155
(sat.ddfw       2      1     5.4442     92893       455          4            1       12)
SLS -> SMT activity
band: (band[22] (if (= #275 31) 1 (if #383 3 #619)) (if (= #635 31) 8589934592 (if #637 4294967296 #697))) 0 := 1048570&2097152
band: (band[22] (if (= #110 21) 1 (if #468 3 #524)) (if (= #531 21) 4194304 (if #533 2097152 #573))) 2 := 1048570&2097152
band: (band[22] (if (= #275 31) 1 (if #383 3 #619)) (if (= #635 31) 8589934592 (if #637 4294967296 #697))) 0 := 1048570&2097152
band: (band[22] (if (= #110 21) 1 (if #468 3 #524)) (if (= #531 21) 4194304 (if #533 2097152 #573))) 1048568 := 1048570&2097152
band: (band[22] (if (= #275 31) 1 (if #383 3 #619)) (if (= #635 31) 8589934592 (if #637 4294967296 #697))) 0 := 1048570&2097152
band: (band[22] (if (= #110 21) 1 (if #468 3 #524)) (if (= #531 21) 4194304 (if #533 2097152 #573))) 1048560 := 1048570&2097152
band: (band[22] (if (= #275 31) 1 (if #383 3 #619)) (if (= #635 31) 8589934592 (if #637 4294967296 #697))) 0 := 1048570&2097152
band: (band[22] (if (= #110 21) 1 (if #468 3 #524)) (if (= #531 21) 4194304 (if #533 2097152 #573))) 1048544 := 1048570&2097152
band: (band[22] (if (= #275 31) 1 (if #383 3 #619)) (if (= #635 31) 8589934592 (if #637 4294967296 #697))) 0 := 1048570&2097152
band: (band[22] (if (= #110 21) 1 (if #468 3 #524)) (if (= #531 21) 4194304 (if #533 2097152 #573))) 1048512 := 1048570&2097152
band: (band[22] (if (= #275 31) 1 (if #383 3 #619)) (if (= #635 31) 8589934592 (if #637 4294967296 #697))) 0 := 1048570&2097152
band: (band[22] (if (= #110 21) 1 (if #468 3 #524)) (if (= #531 21) 4194304 (if #533 2097152 #573))) 128 := 1048570&2097152
band: (band[22] (if (= #275 31) 1 (if #383 3 #619)) (if (= #635 31) 8589934592 (if #637 4294967296 #697))) 0 := 1048570&2097152
band: (band[22] (if (= #110 21) 1 (if #468 3 #524)) (if (= #531 21) 4194304 (if #533 2097152 #573))) 256 := 1048570&2097152
band: (band[22] (if (= #275 31) 1 (if #383 3 #619)) (if (= #635 31) 8589934592 (if #637 4294967296 #697))) 0 := 1048570&2097152
band: (band[22] (if (= #110 21) 1 (if #468 3 #524)) (if (= #531 21) 4194304 (if #533 2097152 #573))) 512 := 1048570&2097152
band: (band[22] (if (= #275 31) 1 (if #383 3 #619)) (if (= #635 31) 8589934592 (if #637 4294967296 #697))) 0 := 1048570&2097152
band: (band[22] (if (= #110 21) 1 (if #468 3 #524)) (if (= #531 21) 4194304 (if #533 2097152 #573))) 1024 := 1048570&2097152
band: (band[22] (if (= #275 31) 1 (if #383 3 #619)) (if (= #635 31) 8589934592 (if #637 4294967296 #697))) 0 := 1048570&2097152
band: (band[22] (if (= #110 21) 1 (if #468 3 #524)) (if (= #531 21) 4194304 (if #533 2097152 #573))) 2048 := 1048570&2097152
band: (band[22] (if (= #275 31) 1 (if #383 3 #619)) (if (= #635 31) 8589934592 (if #637 4294967296 #697))) 0 := 1048570&2097152
band: (band[22] (if (= #110 21) 1 (if #468 3 #524)) (if (= #531 21) 4194304 (if #533 2097152 #573))) 4096 := 1048570&2097152
band: (band[22] (if (= #275 31) 1 (if #383 3 #619)) (if (= #635 31) 8589934592 (if #637 4294967296 #697))) 0 := 1048570&2097152
band: (band[22] (if (= #110 21) 1 (if #468 3 #524)) (if (= #531 21) 4194304 (if #533 2097152 #573))) 8192 := 1048570&2097152
band: (band[22] (if (= #275 31) 1 (if #383 3 #619)) (if (= #635 31) 8589934592 (if #637 4294967296 #697))) 0 := 1048570&2097152
band: (band[22] (if (= #110 21) 1 (if #468 3 #524)) (if (= #531 21) 4194304 (if #533 2097152 #573))) 16384 := 1048570&2097152
band: (band[22] (if (= #275 31) 1 (if #383 3 #619)) (if (= #635 31) 8589934592 (if #637 4294967296 #697))) 0 := 1048570&2097152
band: (band[22] (if (= #110 21) 1 (if #468 3 #524)) (if (= #531 21) 4194304 (if #533 2097152 #573))) 32768 := 1048570&2097152
band: (band[22] (if (= #275 31) 1 (if #383 3 #619)) (if (= #635 31) 8589934592 (if #637 4294967296 #697))) 0 := 1048570&2097152
band: (band[22] (if (= #110 21) 1 (if #468 3 #524)) (if (= #531 21) 4194304 (if #533 2097152 #573))) 65536 := 1048570&2097152
band: (band[22] (if (= #275 31) 1 (if #383 3 #619)) (if (= #635 31) 8589934592 (if #637 4294967296 #697))) 0 := 1048570&2097152
band: (band[22] (if (= #110 21) 1 (if #468 3 #524)) (if (= #531 21) 4194304 (if #533 2097152 #573))) 131072 := 1048570&2097152
band: (band[22] (if (= #275 31) 1 (if #383 3 #619)) (if (= #635 31) 8589934592 (if #637 4294967296 #697))) 0 := 1048570&2097152
band: (band[22] (if (= #110 21) 1 (if #468 3 #524)) (if (= #531 21) 4194304 (if #533 2097152 #573))) 262144 := 1048570&2097152
band: (band[22] (if (= #275 31) 1 (if #383 3 #619)) (if (= #635 31) 8589934592 (if #637 4294967296 #697))) 0 := 1048570&2097152
band: (band[22] (if (= #110 21) 1 (if #468 3 #524)) (if (= #531 21) 4194304 (if #533 2097152 #573))) 524288 := 1048570&2097152
band: (band[22] (if (= #275 31) 1 (if #383 3 #619)) (if (= #635 31) 8589934592 (if #637 4294967296 #697))) 0 := 1048570&2097152
band: (band[22] (if (= #110 21) 1 (if #468 3 #524)) (if (= #531 21) 4194304 (if #533 2097152 #573))) 262144 := 1048570&2097152
band: (band[22] (if (= #275 31) 1 (if #383 3 #619)) (if (= #635 31) 8589934592 (if #637 4294967296 #697))) 0 := 1048570&2097152
band: (band[22] (if (= #110 21) 1 (if #468 3 #524)) (if (= #531 21) 4194304 (if #533 2097152 #573))) 262144 := 1048570&2097152
band: (band[22] (if (= #275 31) 1 (if #383 3 #619)) (if (= #635 31) 8589934592 (if #637 4294967296 #697))) 0 := 1048570&2097152
band: (band[22] (if (= #110 21) 1 (if #468 3 #524)) (if (= #531 21) 4194304 (if #533 2097152 #573))) 131072 := 1048570&2097152
band: (band[22] (if (= #275 31) 1 (if #383 3 #619)) (if (= #635 31) 8589934592 (if #637 4294967296 #697))) 0 := 1048570&2097152
band: (band[22] (if (= #110 21) 1 (if #468 3 #524)) (if (= #531 21) 4194304 (if #533 2097152 #573))) 524288 := 1048570&2097152
band: (band[22] (if (= #275 31) 1 (if #383 3 #619)) (if (= #635 31) 8589934592 (if #637 4294967296 #697))) 0 := 1048570&2097152
band: (band[22] (if (= #110 21) 1 (if #468 3 #524)) (if (= #531 21) 4194304 (if #533 2097152 #573))) 1040 := 1048570&2097152
(smt.stats   11   1328  26486  21882  2657/2342/144    1190/36    15   40   52.94)
band: (band[22] (if (= #275 31) 1 (if #383 3 #619)) (if (= #635 31) 8589934592 (if #637 4294967296 #697))) 0 := 1048570&2097152
band: (band[22] (if (= #110 21) 1 (if #468 3 #524)) (if (= #531 21) 4194304 (if #533 2097152 #573))) 64 := 1048570&2097152
band: (band[22] (if (= #275 31) 1 (if #383 3 #619)) (if (= #635 31) 8589934592 (if #637 4294967296 #697))) 0 := 1048570&2097152
band: (band[22] (if (= #110 21) 1 (if #468 3 #524)) (if (= #531 21) 4194304 (if #533 2097152 #573))) 4 := 1048570&2097152
band: (band[22] (if (= #275 31) 1 (if #383 3 #619)) (if (= #635 31) 8589934592 (if #637 4294967296 #697))) 0 := 1048570&2097152
band: (band[22] (if (= #110 21) 1 (if #468 3 #524)) (if (= #531 21) 4194304 (if #533 2097152 #573))) 4 := 1048570&2097152
band: (band[22] (if (= #275 31) 1 (if #383 3 #619)) (if (= #635 31) 8589934592 (if #637 4294967296 #697))) 0 := 1048570&2097152
band: (band[22] (if (= #110 21) 1 (if #468 3 #524)) (if (= #531 21) 4194304 (if #533 2097152 #573))) 32 := 1048570&2097152
band: (band[22] (if (= #275 31) 1 (if #383 3 #619)) (if (= #635 31) 8589934592 (if #637 4294967296 #697))) 0 := 1048570&2097152
band: (band[22] (if (= #110 21) 1 (if #468 3 #524)) (if (= #531 21) 4194304 (if #533 2097152 #573))) 4 := 1048570&2097152
band: (band[22] (if (= #275 31) 1 (if #383 3 #619)) (if (= #635 31) 8589934592 (if #637 4294967296 #697))) 0 := 1048570&2097152
band: (band[22] (if (= #110 21) 1 (if #468 3 #524)) (if (= #531 21) 4194304 (if #533 2097152 #573))) 4 := 1048570&2097152
band: (band[22] (if (= #275 31) 1 (if #383 3 #619)) (if (= #635 31) 8589934592 (if #637 4294967296 #697))) 0 := 1048570&2097152
band: (band[22] (if (= #110 21) 1 (if #468 3 #524)) (if (= #531 21) 4194304 (if #533 2097152 #573))) 512 := 1048570&2097152
band: (band[22] (if (= #275 31) 1 (if #383 3 #619)) (if (= #635 31) 8589934592 (if #637 4294967296 #697))) 0 := 1048570&2097152
band: (band[22] (if (= #110 21) 1 (if #468 3 #524)) (if (= #531 21) 4194304 (if #533 2097152 #573))) 2048 := 1048570&2097152
band: (band[22] (if (= #275 31) 1 (if #383 3 #619)) (if (= #635 31) 8589934592 (if #637 4294967296 #697))) 0 := 1048570&2097152
band: (band[22] (if (= #110 21) 1 (if #468 3 #524)) (if (= #531 21) 4194304 (if #533 2097152 #573))) 4096 := 1048570&2097152
band: (band[22] (if (= #275 31) 1 (if #383 3 #619)) (if (= #635 31) 8589934592 (if #637 4294967296 #697))) 0 := 1048570&2097152
band: (band[22] (if (= #110 21) 1 (if #468 3 #524)) (if (= #531 21) 4194304 (if #533 2097152 #573))) 4096 := 1048570&2097152
band: (band[22] (if (= #275 31) 1 (if #383 3 #619)) (if (= #635 31) 8589934592 (if #637 4294967296 #697))) 0 := 1048570&2097152
band: (band[22] (if (= #110 21) 1 (if #468 3 #524)) (if (= #531 21) 4194304 (if #533 2097152 #573))) 16384 := 1048570&2097152
band: (band[22] (if (= #275 31) 1 (if #383 3 #619)) (if (= #635 31) 8589934592 (if #637 4294967296 #697))) 0 := 1048570&2097152
band: (band[22] (if (= #110 21) 1 (if #468 3 #524)) (if (= #531 21) 4194304 (if #533 2097152 #573))) 32768 := 1048570&2097152
band: (band[22] (if (= #275 31) 1 (if #383 3 #619)) (if (= #635 31) 8589934592 (if #637 4294967296 #697))) 0 := 1048570&2097152
band: (band[22] (if (= #110 21) 1 (if #468 3 #524)) (if (= #531 21) 4194304 (if #533 2097152 #573))) 65536 := 1048570&2097152
band: (band[22] (if (= #275 31) 1 (if #383 3 #619)) (if (= #635 31) 8589934592 (if #637 4294967296 #697))) 0 := 1048570&2097152
band: (band[22] (if (= #110 21) 1 (if #468 3 #524)) (if (= #531 21) 4194304 (if #533 2097152 #573))) 65536 := 1048570&2097152
band: (band[22] (if (= #275 31) 1 (if #383 3 #619)) (if (= #635 31) 8589934592 (if #637 4294967296 #697))) 0 := 1048570&2097152
band: (band[22] (if (= #110 21) 1 (if #468 3 #524)) (if (= #531 21) 4194304 (if #533 2097152 #573))) 65536 := 1048570&2097152
band: (band[22] (if (= #275 31) 1 (if #383 3 #619)) (if (= #635 31) 8589934592 (if #637 4294967296 #697))) 0 := 1048570&2097152
band: (band[22] (if (= #110 21) 1 (if #468 3 #524)) (if (= #531 21) 4194304 (if #533 2097152 #573))) 16384 := 1048570&2097152
band: (band[22] (if (= #275 31) 1 (if #383 3 #619)) (if (= #635 31) 8589934592 (if #637 4294967296 #697))) 0 := 1048570&2097152
band: (band[22] (if (= #110 21) 1 (if #468 3 #524)) (if (= #531 21) 4194304 (if #533 2097152 #573))) 16384 := 1048570&2097152
(smt.stats   12   1450  27579  25328  2704/2470/287    1291/35    17   76   53.06)
lookahead-search moves:140155 max-moves:145655
lookahead-search moves:145655 max-moves:151255
lookahead-search moves:151255 max-moves:156955
lookahead-search moves:156955 max-moves:162755
lookahead-search moves:162755 max-moves:168655
ramon: poll                 wall=5.000s usage=4.937s mem=55076KiB load=1.00 rootload=0.99
lookahead-search moves:168655 max-moves:174655
lookahead-search moves:174655 max-moves:180755
lookahead-search moves:180755 max-moves:186955
lookahead-search moves:186955 max-moves:193255
(sat.ddfw       2      1     3.0014    110001       539          4            1       14)
lookahead-search moves:193255 max-moves:199655
lookahead-search moves:199655 max-moves:206155
ramon: poll                 wall=6.000s usage=5.941s mem=55076KiB load=1.00 rootload=1.00
lookahead-search moves:206155 max-moves:212755
lookahead-search moves:212755 max-moves:219455
(sat.ddfw       2      1     1.5480    119927       587          5            1       15)
SLS -> SMT activity
(smt.stats   13   1584  31081  29018  2708/2474/288    1418/35    18   78   53.16)
band: (band[22] (if (= #275 31) 1 (if #383 3 #619)) (if (= #635 31) 8589934592 (if #637 4294967296 #697))) 30 := 31&64
band: (band[22] (if (= #275 31) 1 (if #383 3 #619)) (if (= #635 31) 8589934592 (if #637 4294967296 #697))) 30 := 31&64
band: (band[22] (if (= #275 31) 1 (if #383 3 #619)) (if (= #635 31) 8589934592 (if #637 4294967296 #697))) 30 := 31&64
band: (band[22] (if (= #275 31) 1 (if #383 3 #619)) (if (= #635 31) 8589934592 (if #637 4294967296 #697))) 28 := 31&64
band: (band[22] (if (= #275 31) 1 (if #383 3 #619)) (if (= #635 31) 8589934592 (if #637 4294967296 #697))) 26 := 31&64
band: (band[22] (if (= #275 31) 1 (if #383 3 #619)) (if (= #635 31) 8589934592 (if #637 4294967296 #697))) 28 := 31&64
SMT -> SLS values
lookahead-search moves:219455 max-moves:226255
lookahead-search moves:226255 max-moves:233155
(sat.ddfw       2      1     0.3099    121997       598          5            1       16)
SLS -> SMT values
band: (band[22] (if (= #275 31) 1 (if #383 3 #619)) (if (= #635 31) 8589934592 (if #637 4294967296 #697))) 25 := 31&64
band: (band[22] (if (= #275 31) 1 (if #383 3 #619)) (if (= #635 31) 8589934592 (if #637 4294967296 #697))) 24 := 31&64
band: (band[22] (if (= #275 31) 1 (if #383 3 #619)) (if (= #635 31) 8589934592 (if #637 4294967296 #697))) 24 := 31&64
band: (band[22] (if (= #275 31) 1 (if #383 3 #619)) (if (= #635 31) 8589934592 (if #637 4294967296 #697))) 24 := 31&64
band: (band[22] (if (= #275 31) 1 (if #383 3 #619)) (if (= #635 31) 8589934592 (if #637 4294967296 #697))) 16 := 31&64
band: (band[22] (if (= #275 31) 1 (if #383 3 #619)) (if (= #635 31) 8589934592 (if #637 4294967296 #697))) 16 := 31&64
band: (band[22] (if (= #275 31) 1 (if #383 3 #619)) (if (= #635 31) 8589934592 (if #637 4294967296 #697))) 16 := 31&64
band: (band[22] (if (= #275 31) 1 (if #383 3 #619)) (if (= #635 31) 8589934592 (if #637 4294967296 #697))) 0 := 31&64
band: (band[22] (if (= #110 21) 1 (if #468 3 #524)) (if (= #531 21) 4194304 (if #533 2097152 #573))) 8 := 31&64
band: (band[22] (if (= #275 31) 1 (if #383 3 #619)) (if (= #635 31) 8589934592 (if #637 4294967296 #697))) 0 := 31&64
band: (band[22] (if (= #110 21) 1 (if #468 3 #524)) (if (= #531 21) 4194304 (if #533 2097152 #573))) 8 := 31&64
band: (band[22] (if (= #275 31) 1 (if #383 3 #619)) (if (= #635 31) 8589934592 (if #637 4294967296 #697))) 0 := 31&64
band: (band[22] (if (= #110 21) 1 (if #468 3 #524)) (if (= #531 21) 4194304 (if #533 2097152 #573))) 1 := 31&64
band: (band[22] (if (= #275 31) 1 (if #383 3 #619)) (if (= #635 31) 8589934592 (if #637 4294967296 #697))) 0 := 31&64
band: (band[22] (if (= #110 21) 1 (if #468 3 #524)) (if (= #531 21) 4194304 (if #533 2097152 #573))) 1 := 31&64
band: (band[22] (if (= #275 31) 1 (if #383 3 #619)) (if (= #635 31) 8589934592 (if #637 4294967296 #697))) 0 := 31&64
band: (band[22] (if (= #110 21) 1 (if #468 3 #524)) (if (= #531 21) 4194304 (if #533 2097152 #573))) 2 := 31&64
band: (band[22] (if (= #275 31) 1 (if #383 3 #619)) (if (= #635 31) 8589934592 (if #637 4294967296 #697))) 0 := 31&64
band: (band[22] (if (= #110 21) 1 (if #468 3 #524)) (if (= #531 21) 4194304 (if #533 2097152 #573))) 2 := 31&64
band: (band[22] (if (= #275 31) 1 (if #383 3 #619)) (if (= #635 31) 8589934592 (if #637 4294967296 #697))) 0 := 31&64
band: (band[22] (if (= #110 21) 1 (if #468 3 #524)) (if (= #531 21) 4194304 (if #533 2097152 #573))) 2 := 31&64
band: (band[22] (if (= #275 31) 1 (if #383 3 #619)) (if (= #635 31) 8589934592 (if #637 4294967296 #697))) 0 := 31&64
band: (band[22] (if (= #110 21) 1 (if #468 3 #524)) (if (= #531 21) 4194304 (if #533 2097152 #573))) 16 := 31&64
band: (band[22] (if (= #275 31) 1 (if #383 3 #619)) (if (= #635 31) 8589934592 (if #637 4294967296 #697))) 0 := 31&64
band: (band[22] (if (= #110 21) 1 (if #468 3 #524)) (if (= #531 21) 4194304 (if #533 2097152 #573))) 16 := 31&64
band: (band[22] (if (= #275 31) 1 (if #383 3 #619)) (if (= #635 31) 8589934592 (if #637 4294967296 #697))) 0 := 31&64
band: (band[22] (if (= #110 21) 1 (if #468 3 #524)) (if (= #531 21) 4194304 (if #533 2097152 #573))) 4 := 31&64
band: (band[22] (if (= #275 31) 1 (if #383 3 #619)) (if (= #635 31) 8589934592 (if #637 4294967296 #697))) 0 := 31&64
band: (band[22] (if (= #110 21) 1 (if #468 3 #524)) (if (= #531 21) 4194304 (if #533 2097152 #573))) 4 := 31&64
(smt.stats   14   1731  33494  33750  2775/2509/310    1554/41    19   81   53.45)
(smt.stats   15   1832  36090  36693  2787/2537/340    1651/41    20   90   53.45)
(smt.stats   16   1943  37747  39282  2840/2599/346    1744/40    22   96   53.45)
lookahead-search moves:226338 max-moves:233338
ramon: poll                 wall=7.000s usage=6.937s mem=55588KiB load=1.00 rootload=1.00
lookahead-search moves:233338 max-moves:240438
lookahead-search moves:240438 max-moves:247638
lookahead-search moves:247638 max-moves:254938
lookahead-search moves:254938 max-moves:262338
lookahead-search moves:262338 max-moves:269838
ramon: poll                 wall=8.000s usage=7.937s mem=55588KiB load=1.00 rootload=1.00
lookahead-search moves:269838 max-moves:277438
lookahead-search moves:277438 max-moves:285138
lookahead-search moves:285138 max-moves:292938
lookahead-search moves:292938 max-moves:300838
lookahead-search moves:300838 max-moves:308838
ramon: poll                 wall=9.000s usage=8.936s mem=55588KiB load=1.00 rootload=1.00
lookahead-search moves:308838 max-moves:316938
lookahead-search moves:316938 max-moves:325138
(sat.ddfw       2      1     2.8200    147997       725          5            1       19)
SLS -> SMT activity
band: (band[22] (if (= #275 31) 1 (if #383 3 #619)) (if (= #635 31) 8589934592 (if #637 4294967296 #697))) 98 := 32767&65536
band: (band[22] (if (= #275 31) 1 (if #383 3 #619)) (if (= #635 31) 8589934592 (if #637 4294967296 #697))) 66 := 32767&65536
band: (band[22] (if (= #275 31) 1 (if #383 3 #619)) (if (= #635 31) 8589934592 (if #637 4294967296 #697))) 132 := 32767&65536
band: (band[22] (if (= #275 31) 1 (if #383 3 #619)) (if (= #635 31) 8589934592 (if #637 4294967296 #697))) 132 := 32767&65536
band: (band[22] (if (= #275 31) 1 (if #383 3 #619)) (if (= #635 31) 8589934592 (if #637 4294967296 #697))) 144 := 32767&65536
band: (band[22] (if (= #275 31) 1 (if #383 3 #619)) (if (= #635 31) 8589934592 (if #637 4294967296 #697))) 144 := 32767&65536
band: (band[22] (if (= #275 31) 1 (if #383 3 #619)) (if (= #635 31) 8589934592 (if #637 4294967296 #697))) 192 := 32767&65536
band: (band[22] (if (= #275 31) 1 (if #383 3 #619)) (if (= #635 31) 8589934592 (if #637 4294967296 #697))) 256 := 32767&65536
band: (band[22] (if (= #275 31) 1 (if #383 3 #619)) (if (= #635 31) 8589934592 (if #637 4294967296 #697))) 512 := 32767&65536
band: (band[22] (if (= #275 31) 1 (if #383 3 #619)) (if (= #635 31) 8589934592 (if #637 4294967296 #697))) 1024 := 32767&65536
(smt.stats   17   2065  39633  40870  2930/2603/346    1862/45    22   96   53.64)
band: (band[22] (if (= #275 31) 1 (if #383 3 #619)) (if (= #635 31) 8589934592 (if #637 4294967296 #697))) 26432 := 32767&65536
band: (band[22] (if (= #275 31) 1 (if #383 3 #619)) (if (= #635 31) 8589934592 (if #637 4294967296 #697))) 26432 := 32767&65536
band: (band[22] (if (= #275 31) 1 (if #383 3 #619)) (if (= #635 31) 8589934592 (if #637 4294967296 #697))) 26496 := 32767&65536
band: (band[22] (if (= #275 31) 1 (if #383 3 #619)) (if (= #635 31) 8589934592 (if #637 4294967296 #697))) 26496 := 32767&65536
band: (band[22] (if (= #275 31) 1 (if #383 3 #619)) (if (= #635 31) 8589934592 (if #637 4294967296 #697))) 26528 := 32767&65536
band: (band[22] (if (= #275 31) 1 (if #383 3 #619)) (if (= #635 31) 8589934592 (if #637 4294967296 #697))) 26496 := 32767&65536
band: (band[22] (if (= #275 31) 1 (if #383 3 #619)) (if (= #635 31) 8589934592 (if #637 4294967296 #697))) 26528 := 32767&65536
band: (band[22] (if (= #275 31) 1 (if #383 3 #619)) (if (= #635 31) 8589934592 (if #637 4294967296 #697))) 26496 := 32767&65536
band: (band[22] (if (= #275 31) 1 (if #383 3 #619)) (if (= #635 31) 8589934592 (if #637 4294967296 #697))) 26400 := 32767&65536
band: (band[22] (if (= #275 31) 1 (if #383 3 #619)) (if (= #635 31) 8589934592 (if #637 4294967296 #697))) 26368 := 32767&65536
band: (band[22] (if (= #275 31) 1 (if #383 3 #619)) (if (= #635 31) 8589934592 (if #637 4294967296 #697))) 26112 := 32767&65536
band: (band[22] (if (= #275 31) 1 (if #383 3 #619)) (if (= #635 31) 8589934592 (if #637 4294967296 #697))) 16384 := 32767&65536
band: (band[22] (if (= #275 31) 1 (if #383 3 #619)) (if (= #635 31) 8589934592 (if #637 4294967296 #697))) 16384 := 32767&65536
band: (band[22] (if (= #275 31) 1 (if #383 3 #619)) (if (= #635 31) 8589934592 (if #637 4294967296 #697))) 16384 := 32767&65536
(smt.stats :restarts :decisions    :clauses/bin/units         :simplify    :memory)
(smt.stats     :conflicts   :propagations          :lemmas        :deletions     )
(smt.stats   18   2199  41779  45118  3079/2826/378    1985/52    24  103   53.87)
SMT -> SLS values
lookahead-search moves:317197 max-moves:325497
(sat.ddfw       2      1     0.2103    149997       735          5            1       20)
SLS -> SMT values
(smt.stats   19   2346  45174  49729  3100/2843/386    2125/52    25  109   53.97)
(smt.stats   20   2507  47892  54073  3263/2975/395    2253/52    27  120   54.16)
lookahead-search moves:324187 max-moves:332587
lookahead-search moves:332587 max-moves:341087
ramon: poll                 wall=10.000s usage=9.936s mem=56356KiB load=1.00 rootload=1.00
ramon: end                  Mon Feb  3 04:14:07 2025
ramon: root.execname        z3
ramon: root.utime           9.980s
ramon: root.stime           0.020s
ramon: group.total          10.003s
ramon: group.utime          9.983s
ramon: group.stime          0.020s
ramon: group.mempeak        56616KiB
ramon: group.pidpeak        2
ramon: status               exited
ramon: exitcode             0
ramon: walltime             10.062s
ramon: loadavg              0.99
