xargs: unmatched double quote; by default quotes are special to xargs unless you use the -0 option
ramon: cwd                  /home/gh1/A/_work/z3-poly-testing/z3-poly-testing
ramon: start                Mon Feb  3 03:54:09 2025
ramon: nproc                32
ramon: sys.mem              63441 MiB
ramon: sys.mem.free         34151 MiB
ramon: sys.mem.avail        59484 MiB
ramon: sys.nprocs           1284
ramon: argv                 0 = z3
ramon: argv                 1 = inputs/alive-arm-tv-smt-benchmarks/V1Q36boO88NU.smt2
ramon: argv                 2 = -T:10
ramon: argv                 3 = -v:2
ramon: argv                 4 = -st
ramon: argv                 5 = tactic.default_tactic=(then simplify propagate-values solve-eqs simplify smt)
ramon: argv                 6 = smt.sls.enable=true
ramon: argv                 7 = smt.sls.parallel=false
ramon: argv                 8 = model_validate=true
ramon: argv                 9 = smt.bv.solver=2
ramon: childpid             2023308
(smt.searching)
(smt.stats :restarts     :decisions   :clauses/bin/units :simplify   :memory)
(smt.stats        :conflicts    :propagations    :lemmas      :deletions   )
(smt.stats    0      0      0      0     0/0/1       0/0     0    0   17.79)
(smt.stats    0    101   2465    463  2177/1954/80      96/0     2   12   52.28)
SMT -> SLS units -1
SMT -> SLS values
lookahead-search moves:0 max-moves:800
lookahead-search moves:800 max-moves:1700
lookahead-search moves:1700 max-moves:2700
lookahead-search moves:2700 max-moves:3800
lookahead-search moves:3800 max-moves:5000
lookahead-search moves:5000 max-moves:6300
(sat.ddfw :unsat :models :kflips/sec   :flips :restarts   :reinits  :unsat_vars  :shifts)
(sat.ddfw       2      1    17.9211     10000        49          0            1        2)
lookahead-search moves:6300 max-moves:7700
lookahead-search moves:7700 max-moves:9200
(sat.ddfw       2      1     5.2549     13999        68          1            1        2)
SLS -> SMT values
(smt.stats    1    202   5544   4753  2701/2435/83     184/25     4   12   52.56)
SMT -> SLS values
lookahead-search moves:8926 max-moves:10526
ramon: poll                 wall=1.003s usage=0.821s mem=55032KiB load=0.82 rootload=0.81
lookahead-search moves:10526 max-moves:12226
lookahead-search moves:12226 max-moves:14026
(sat.ddfw       2      1     4.9768     20001        98          1            1        3)
lookahead-search moves:14026 max-moves:15926
(sat.ddfw       2      1     1.9511     22635       110          2            1        3)
SLS -> SMT values
(smt.stats    2    313   6783   6829  3229/2907/86     279/35     6   15   52.95)
(smt.stats    3    414   7159   7437  3496/3123/86     380/37     6   15   52.95)
(smt.stats    4    525   7437   9073  3799/3441/90     453/62     8   20   52.95)
(smt.stats    5    647   8771  11694  3810/3451/94     569/74    10   22   53.05)
lookahead-search moves:15926 max-moves:17926
lookahead-search moves:17926 max-moves:20026
lookahead-search moves:20026 max-moves:22226
ramon: poll                 wall=2.000s usage=1.817s mem=55056KiB load=1.00 rootload=1.00
lookahead-search moves:22226 max-moves:24526
lookahead-search moves:24526 max-moves:26926
lookahead-search moves:26926 max-moves:29426
lookahead-search moves:29426 max-moves:32026
lookahead-search moves:32026 max-moves:34726
lookahead-search moves:34726 max-moves:37526
ramon: poll                 wall=3.003s usage=2.821s mem=55052KiB load=1.00 rootload=1.00
(sat.ddfw       2      1     5.7906     40001       196          2            1        5)
lookahead-search moves:37526 max-moves:40426
lookahead-search moves:40426 max-moves:43426
lookahead-search moves:43426 max-moves:46526
lookahead-search moves:46526 max-moves:49726
ramon: poll                 wall=4.000s usage=3.816s mem=55052KiB load=1.00 rootload=1.00
lookahead-search moves:49726 max-moves:53026
lookahead-search moves:53026 max-moves:56426
lookahead-search moves:56426 max-moves:59926
lookahead-search moves:59926 max-moves:63526
ramon: poll                 wall=5.000s usage=4.815s mem=55052KiB load=1.00 rootload=1.00
(sat.ddfw       2      1     3.5701     57441       281          3            1        7)
SLS -> SMT activity
(smt.stats :restarts :decisions    :clauses/bin/units        :simplify    :memory)
(smt.stats      :conflicts  :propagations          :lemmas        :deletions    )
(smt.stats    6    748  11807  16553  4262/3862/94     667/74    11   24   53.15)
SMT -> SLS values
lookahead-search moves:63526 max-moves:67226
lookahead-search moves:67226 max-moves:71026
(sat.ddfw       2      1     0.4760     59999       294          3            1        8)
SLS -> SMT values
(smt.stats    7    859  13894  19701  4307/3896/96     759/74    12   24   53.24)
(smt.stats    8    981  14960  23500  4533/3916/96     874/93    12   24   53.24)
SMT -> SLS values
lookahead-search moves:69675 max-moves:73575
lookahead-search moves:73575 max-moves:77575
(sat.ddfw       2      1     0.7008     63999       313          3            1        9)
SLS -> SMT values
(smt.stats    9   1115  17792  27484  4561/4137/96    1003/94    12   24   53.24)
(smt.stats   10   1216  19851  31049  4581/4139/96    1103/94    12   24   53.35)
(smt.stats   11   1327  25605  37834  4592/4169/96    1207/94    12   24   53.45)
lookahead-search moves:73655 max-moves:77755
ramon: poll                 wall=6.000s usage=5.815s mem=55564KiB load=1.00 rootload=1.00
lookahead-search moves:77755 max-moves:81955
lookahead-search moves:81955 max-moves:86255
(sat.ddfw       2      1     0.8973     70001       343          3            1       10)
lookahead-search moves:86255 max-moves:90655
ramon: poll                 wall=7.000s usage=6.815s mem=55564KiB load=1.00 rootload=1.00
lookahead-search moves:90655 max-moves:95155
lookahead-search moves:95155 max-moves:99755
lookahead-search moves:99755 max-moves:104455
ramon: poll                 wall=8.003s usage=7.819s mem=55564KiB load=1.00 rootload=1.00
lookahead-search moves:104455 max-moves:109255
lookahead-search moves:109255 max-moves:114155
lookahead-search moves:114155 max-moves:119155
ramon: poll                 wall=9.000s usage=8.815s mem=55420KiB load=1.00 rootload=1.00
lookahead-search moves:119155 max-moves:124255
lookahead-search moves:124255 max-moves:129455
lookahead-search moves:129455 max-moves:134755
ramon: poll                 wall=10.000s usage=9.815s mem=55420KiB load=1.00 rootload=1.00
ramon: end                  Mon Feb  3 03:54:19 2025
ramon: root.execname        z3
ramon: root.utime           9.880s
ramon: root.stime           0.000s
ramon: group.total          9.885s
ramon: group.utime          9.881s
ramon: group.stime          0.004s
ramon: group.mempeak        55676KiB
ramon: group.pidpeak        2
ramon: status               exited
ramon: exitcode             0
ramon: walltime             10.070s
ramon: loadavg              0.98
