ramon: cwd                  /home/runner/a/_work/z3-poly-testing/z3-poly-testing
ramon: start                Fri Apr  4 16:16:06 2025
ramon: nproc                128
ramon: sys.mem              64150 MiB
ramon: sys.mem.free         37139 MiB
ramon: sys.mem.avail        63845 MiB
ramon: sys.nprocs           3061
ramon: argv                 0 = z3
ramon: argv                 1 = /home/runner/a/_work/z3-poly-testing/z3-poly-testing/download/non-incremental/QF_LIA/slacks/20-21.slack.smt2
ramon: argv                 2 = -T:600
ramon: argv                 3 = -st
ramon: argv                 4 = lp.dio_eqs=true
ramon: childpid             2178581
ramon: poll                 wall=01.000s usage=00.993s user=00.978s sys=00.016s mem=20612KiB roottime=0.970s load=0.99 rootload=0.97
ramon: poll                 wall=02.001s usage=01.994s user=01.978s sys=00.016s mem=20868KiB roottime=1.970s load=1.00 rootload=1.00
ramon: poll                 wall=03.001s usage=02.994s user=02.930s sys=00.064s mem=46868KiB roottime=2.930s load=1.00 rootload=0.96
ramon: poll                 wall=04.013s usage=04.006s user=03.942s sys=00.064s mem=47124KiB roottime=3.940s load=1.00 rootload=1.00
ramon: poll                 wall=05.008s usage=05.000s user=04.923s sys=00.077s mem=48916KiB roottime=4.920s load=1.00 rootload=0.98
ramon: poll                 wall=06.037s usage=06.028s user=05.944s sys=00.084s mem=50196KiB roottime=5.940s load=1.00 rootload=0.99
ramon: poll                 wall=07.004s usage=06.995s user=06.907s sys=00.088s mem=51476KiB roottime=6.900s load=1.00 rootload=0.99
ramon: end                  Fri Apr  4 16:16:14 2025
ramon: root.execname        z3
ramon: root.utime           7.060s
ramon: root.stime           0.100s
ramon: group.total          7.172s
ramon: group.utime          7.069s
ramon: group.stime          0.103s
ramon: group.mempeak        53012KiB
ramon: group.pidpeak        3
ramon: status               exited
ramon: exitcode             0
ramon: walltime             7.182s
ramon: loadavg              1.00
