ramon: cwd                  /home/runner/a/_work/z3-poly-testing/z3-poly-testing
ramon: start                Sat Mar 15 10:53:31 2025
ramon: nproc                128
ramon: sys.mem              64150 MiB
ramon: sys.mem.free         45905 MiB
ramon: sys.mem.avail        64134 MiB
ramon: sys.nprocs           3461
ramon: argv                 0 = z3
ramon: argv                 1 = /home/runner/a/_work/z3-poly-testing/z3-poly-testing/download/non-incremental/QF_LIA/nec-smt/large/getoption_user/prp-34-49.smt2
ramon: argv                 2 = -T:600
ramon: argv                 3 = -st
ramon: argv                 4 = smt.arith.lp.dio_eqs=true
ramon: childpid             581766
ramon: poll                 wall=01.026s usage=00.983s user=00.884s sys=00.100s mem=23072KiB roottime=0.880s load=0.96 rootload=0.86
ramon: poll                 wall=02.007s usage=01.955s user=01.845s sys=00.110s mem=24208KiB roottime=1.840s load=0.99 rootload=0.98
ramon: poll                 wall=03.004s usage=02.945s user=02.830s sys=00.115s mem=25004KiB roottime=2.830s load=0.99 rootload=0.99
ramon: poll                 wall=04.000s usage=03.934s user=03.815s sys=00.120s mem=25392KiB roottime=3.810s load=0.99 rootload=0.98
ramon: poll                 wall=05.000s usage=04.927s user=04.804s sys=00.123s mem=25996KiB roottime=4.800s load=0.99 rootload=0.99
ramon: poll                 wall=06.000s usage=05.920s user=05.795s sys=00.125s mem=26264KiB roottime=5.790s load=0.99 rootload=0.99
ramon: poll                 wall=07.004s usage=06.917s user=06.792s sys=00.126s mem=26736KiB roottime=6.790s load=0.99 rootload=1.00
ramon: poll                 wall=08.000s usage=07.911s user=07.783s sys=00.129s mem=26792KiB roottime=7.780s load=1.00 rootload=0.99
ramon: poll                 wall=09.000s usage=08.909s user=08.779s sys=00.131s mem=27008KiB roottime=8.770s load=1.00 rootload=0.99
ramon: poll                 wall=10.005s usage=09.914s user=09.780s sys=00.134s mem=27264KiB roottime=9.780s load=1.00 rootload=1.01
ramon: poll                 wall=11.000s usage=10.909s user=10.775s sys=00.134s mem=27264KiB roottime=10.770s load=1.00 rootload=0.99
ramon: poll                 wall=12.000s usage=11.909s user=11.773s sys=00.136s mem=27520KiB roottime=11.770s load=1.00 rootload=1.00
ramon: poll                 wall=13.004s usage=12.912s user=12.776s sys=00.136s mem=27520KiB roottime=12.770s load=1.00 rootload=1.00
ramon: poll                 wall=14.000s usage=13.908s user=13.771s sys=00.137s mem=27776KiB roottime=13.770s load=1.00 rootload=1.00
ramon: poll                 wall=15.000s usage=14.907s user=14.770s sys=00.138s mem=27776KiB roottime=14.770s load=1.00 rootload=1.00
ramon: poll                 wall=16.000s usage=15.907s user=15.769s sys=00.138s mem=27776KiB roottime=15.760s load=1.00 rootload=0.99
ramon: poll                 wall=17.003s usage=16.910s user=16.771s sys=00.139s mem=28032KiB roottime=16.770s load=1.00 rootload=1.01
ramon: poll                 wall=18.000s usage=17.907s user=17.767s sys=00.140s mem=28288KiB roottime=17.760s load=1.00 rootload=0.99
ramon: poll                 wall=19.004s usage=18.910s user=18.770s sys=00.140s mem=28288KiB roottime=18.770s load=1.00 rootload=1.01
ramon: poll                 wall=20.000s usage=19.906s user=19.764s sys=00.142s mem=28288KiB roottime=19.760s load=1.00 rootload=0.99
ramon: poll                 wall=21.000s usage=20.906s user=20.761s sys=00.145s mem=28544KiB roottime=20.760s load=1.00 rootload=1.00
ramon: poll                 wall=22.002s usage=21.908s user=21.763s sys=00.145s mem=28544KiB roottime=21.760s load=1.00 rootload=1.00
ramon: poll                 wall=23.004s usage=22.909s user=22.764s sys=00.145s mem=28544KiB roottime=22.760s load=1.00 rootload=1.00
ramon: poll                 wall=24.000s usage=23.905s user=23.760s sys=00.145s mem=28800KiB roottime=23.750s load=1.00 rootload=0.99
ramon: poll                 wall=25.000s usage=24.905s user=24.756s sys=00.149s mem=28800KiB roottime=24.750s load=1.00 rootload=1.00
ramon: poll                 wall=26.000s usage=25.904s user=25.756s sys=00.149s mem=28800KiB roottime=25.750s load=1.00 rootload=1.00
ramon: poll                 wall=27.002s usage=26.906s user=26.757s sys=00.149s mem=28800KiB roottime=26.750s load=1.00 rootload=1.00
ramon: poll                 wall=28.002s usage=27.906s user=27.756s sys=00.150s mem=29056KiB roottime=27.750s load=1.00 rootload=1.00
ramon: poll                 wall=29.000s usage=28.902s user=28.752s sys=00.150s mem=29224KiB roottime=28.750s load=1.00 rootload=1.00
ramon: poll                 wall=30.002s usage=29.902s user=29.750s sys=00.152s mem=29156KiB roottime=29.750s load=1.00 rootload=1.00
ramon: poll                 wall=31.002s usage=30.898s user=30.746s sys=00.152s mem=29160KiB roottime=30.740s load=1.00 rootload=0.99
ramon: poll                 wall=32.000s usage=31.894s user=31.742s sys=00.152s mem=29160KiB roottime=31.740s load=1.00 rootload=1.00
ramon: poll                 wall=33.004s usage=32.898s user=32.746s sys=00.152s mem=29160KiB roottime=32.740s load=1.00 rootload=1.00
ramon: poll                 wall=34.000s usage=33.892s user=33.737s sys=00.155s mem=29416KiB roottime=33.730s load=1.00 rootload=0.99
ramon: poll                 wall=35.000s usage=34.889s user=34.734s sys=00.156s mem=29308KiB roottime=34.730s load=1.00 rootload=1.00
ramon: poll                 wall=36.002s usage=35.889s user=35.731s sys=00.158s mem=29580KiB roottime=35.730s load=1.00 rootload=1.00
ramon: poll                 wall=37.003s usage=36.888s user=36.727s sys=00.161s mem=29744KiB roottime=36.720s load=1.00 rootload=0.99
ramon: poll                 wall=38.015s usage=37.896s user=37.736s sys=00.161s mem=29492KiB roottime=37.730s load=1.00 rootload=1.00
ramon: poll                 wall=39.026s usage=38.905s user=38.744s sys=00.161s mem=29492KiB roottime=38.740s load=1.00 rootload=1.00
ramon: poll                 wall=40.041s usage=39.920s user=39.759s sys=00.161s mem=29492KiB roottime=39.750s load=1.00 rootload=1.00
ramon: poll                 wall=41.000s usage=40.879s user=40.719s sys=00.161s mem=29492KiB roottime=40.710s load=1.00 rootload=1.00
ramon: poll                 wall=42.004s usage=41.880s user=41.719s sys=00.162s mem=29788KiB roottime=41.710s load=1.00 rootload=1.00
ramon: poll                 wall=43.000s usage=42.877s user=42.715s sys=00.162s mem=29788KiB roottime=42.710s load=1.00 rootload=1.00
ramon: poll                 wall=44.003s usage=43.879s user=43.716s sys=00.163s mem=29788KiB roottime=43.710s load=1.00 rootload=1.00
ramon: poll                 wall=45.000s usage=44.875s user=44.699s sys=00.177s mem=31704KiB roottime=44.690s load=1.00 rootload=0.98
ramon: poll                 wall=46.004s usage=45.879s user=45.699s sys=00.180s mem=32216KiB roottime=45.700s load=1.00 rootload=1.01
ramon: poll                 wall=47.000s usage=46.874s user=46.625s sys=00.250s mem=41024KiB roottime=46.620s load=1.00 rootload=0.92
ramon: poll                 wall=48.003s usage=47.877s user=47.624s sys=00.253s mem=41280KiB roottime=47.620s load=1.00 rootload=1.00
ramon: poll                 wall=49.000s usage=48.874s user=48.617s sys=00.257s mem=41792KiB roottime=48.610s load=1.00 rootload=0.99
ramon: poll                 wall=50.004s usage=49.877s user=49.618s sys=00.260s mem=42048KiB roottime=49.610s load=1.00 rootload=1.00
ramon: poll                 wall=51.000s usage=50.873s user=50.611s sys=00.262s mem=42048KiB roottime=50.610s load=1.00 rootload=1.00
ramon: poll                 wall=52.004s usage=51.876s user=51.615s sys=00.262s mem=42304KiB roottime=51.610s load=1.00 rootload=1.00
ramon: poll                 wall=53.000s usage=52.872s user=52.606s sys=00.266s mem=42560KiB roottime=52.600s load=1.00 rootload=0.99
ramon: poll                 wall=54.000s usage=53.872s user=53.602s sys=00.270s mem=42816KiB roottime=53.600s load=1.00 rootload=1.00
ramon: poll                 wall=55.003s usage=54.874s user=54.604s sys=00.271s mem=43072KiB roottime=54.600s load=1.00 rootload=1.00
ramon: poll                 wall=56.004s usage=55.875s user=55.601s sys=00.274s mem=43840KiB roottime=55.600s load=1.00 rootload=1.00
ramon: poll                 wall=57.000s usage=56.871s user=56.597s sys=00.274s mem=43840KiB roottime=56.590s load=1.00 rootload=0.99
ramon: poll                 wall=58.003s usage=57.873s user=57.599s sys=00.274s mem=43840KiB roottime=57.600s load=1.00 rootload=1.01
ramon: poll                 wall=59.004s usage=58.874s user=58.597s sys=00.277s mem=44096KiB roottime=58.590s load=1.00 rootload=0.99
ramon: poll                 wall=01m00.000s usage=59.869s user=59.591s sys=00.278s mem=44352KiB roottime=59.590s load=1.00 rootload=1.00
ramon: poll                 wall=01m01.000s usage=01m00.869s user=01m00.589s sys=00.280s mem=44352KiB roottime=60.580s load=1.00 rootload=0.99
ramon: poll                 wall=01m02.000s usage=01m01.868s user=01m01.588s sys=00.280s mem=44352KiB roottime=61.580s load=1.00 rootload=1.00
ramon: poll                 wall=01m03.004s usage=01m02.872s user=01m02.590s sys=00.282s mem=44608KiB roottime=62.590s load=1.00 rootload=1.01
ramon: poll                 wall=01m04.000s usage=01m03.867s user=01m03.583s sys=00.284s mem=44608KiB roottime=63.580s load=1.00 rootload=0.99
ramon: poll                 wall=01m05.002s usage=01m04.869s user=01m04.585s sys=00.284s mem=44608KiB roottime=64.580s load=1.00 rootload=1.00
ramon: poll                 wall=01m06.000s usage=01m05.866s user=01m05.583s sys=00.284s mem=44608KiB roottime=65.580s load=1.00 rootload=1.00
ramon: poll                 wall=01m07.005s usage=01m06.871s user=01m06.583s sys=00.288s mem=44864KiB roottime=66.580s load=1.00 rootload=1.00
ramon: poll                 wall=01m08.000s usage=01m07.866s user=01m07.576s sys=00.290s mem=45120KiB roottime=67.570s load=1.00 rootload=0.99
ramon: poll                 wall=01m09.007s usage=01m08.873s user=01m08.582s sys=00.291s mem=45120KiB roottime=68.580s load=1.00 rootload=1.00
ramon: poll                 wall=01m10.023s usage=01m09.888s user=01m09.597s sys=00.291s mem=45120KiB roottime=69.620s load=1.00 rootload=1.02
ramon: poll                 wall=01m11.029s usage=01m10.894s user=01m10.601s sys=00.293s mem=45376KiB roottime=70.600s load=1.00 rootload=0.97
ramon: poll                 wall=01m12.021s usage=01m11.885s user=01m11.591s sys=00.295s mem=45376KiB roottime=71.590s load=1.00 rootload=1.00
ramon: poll                 wall=01m13.024s usage=01m12.888s user=01m12.592s sys=00.296s mem=45376KiB roottime=72.590s load=1.00 rootload=1.00
ramon: poll                 wall=01m14.021s usage=01m13.885s user=01m13.589s sys=00.296s mem=45376KiB roottime=73.590s load=1.00 rootload=1.00
ramon: poll                 wall=01m15.026s usage=01m14.889s user=01m14.592s sys=00.298s mem=45632KiB roottime=74.590s load=1.00 rootload=1.00
ramon: poll                 wall=01m16.017s usage=01m15.880s user=01m15.580s sys=00.300s mem=45632KiB roottime=75.580s load=1.00 rootload=1.00
ramon: poll                 wall=01m17.023s usage=01m16.886s user=01m16.582s sys=00.304s mem=45888KiB roottime=76.580s load=1.00 rootload=0.99
ramon: poll                 wall=01m18.006s usage=01m17.869s user=01m17.565s sys=00.305s mem=45888KiB roottime=77.560s load=1.00 rootload=1.00
ramon: poll                 wall=01m19.004s usage=01m18.866s user=01m18.561s sys=00.305s mem=45888KiB roottime=78.560s load=1.00 rootload=1.00
ramon: poll                 wall=01m20.017s usage=01m19.879s user=01m19.574s sys=00.305s mem=45888KiB roottime=79.570s load=1.00 rootload=1.00
ramon: poll                 wall=01m21.034s usage=01m20.895s user=01m20.591s sys=00.305s mem=45888KiB roottime=80.590s load=1.00 rootload=1.00
ramon: poll                 wall=01m22.021s usage=01m21.882s user=01m21.575s sys=00.307s mem=46144KiB roottime=81.570s load=1.00 rootload=0.99
ramon: poll                 wall=01m23.022s usage=01m22.883s user=01m22.558s sys=00.325s mem=49728KiB roottime=82.550s load=1.00 rootload=0.98
ramon: poll                 wall=01m24.024s usage=01m23.884s user=01m23.536s sys=00.348s mem=53568KiB roottime=83.530s load=1.00 rootload=0.98
ramon: poll                 wall=01m25.033s usage=01m24.893s user=01m24.545s sys=00.348s mem=53568KiB roottime=84.540s load=1.00 rootload=1.00
ramon: poll                 wall=01m26.032s usage=01m25.891s user=01m25.544s sys=00.348s mem=53568KiB roottime=85.540s load=1.00 rootload=1.00
ramon: poll                 wall=01m27.017s usage=01m26.876s user=01m26.529s sys=00.348s mem=53568KiB roottime=86.520s load=1.00 rootload=1.00
ramon: poll                 wall=01m28.030s usage=01m27.889s user=01m27.541s sys=00.348s mem=53568KiB roottime=87.540s load=1.00 rootload=1.01
ramon: poll                 wall=01m29.004s usage=01m28.863s user=01m28.515s sys=00.348s mem=53568KiB roottime=88.510s load=1.00 rootload=1.00
ramon: poll                 wall=01m30.033s usage=01m29.891s user=01m29.544s sys=00.348s mem=53568KiB roottime=89.540s load=1.00 rootload=1.00
ramon: poll                 wall=01m31.023s usage=01m30.881s user=01m30.530s sys=00.351s mem=53824KiB roottime=90.530s load=1.00 rootload=1.00
ramon: poll                 wall=01m32.003s usage=01m31.861s user=01m31.337s sys=00.524s mem=75800KiB roottime=91.330s load=1.00 rootload=0.82
ramon: poll                 wall=01m33.002s usage=01m32.859s user=01m32.269s sys=00.591s mem=90136KiB roottime=92.260s load=1.00 rootload=0.93
ramon: poll                 wall=01m34.002s usage=01m33.859s user=01m33.183s sys=00.677s mem=107MiB roottime=93.180s load=1.00 rootload=0.92
ramon: poll                 wall=01m35.005s usage=01m34.862s user=01m34.058s sys=00.803s mem=132MiB roottime=94.050s load=1.00 rootload=0.87
ramon: poll                 wall=01m36.000s usage=01m35.857s user=01m35.048s sys=00.809s mem=133MiB roottime=95.040s load=1.00 rootload=0.99
ramon: poll                 wall=01m37.004s usage=01m36.860s user=01m36.040s sys=00.819s mem=133MiB roottime=96.040s load=1.00 rootload=1.00
ramon: poll                 wall=01m38.000s usage=01m37.857s user=01m37.034s sys=00.822s mem=133MiB roottime=97.030s load=1.00 rootload=0.99
ramon: poll                 wall=01m39.000s usage=01m38.856s user=01m38.032s sys=00.824s mem=133MiB roottime=98.030s load=1.00 rootload=1.00
ramon: poll                 wall=01m40.000s usage=01m39.856s user=01m39.023s sys=00.833s mem=134MiB roottime=99.020s load=1.00 rootload=0.99
ramon: poll                 wall=01m41.002s usage=01m40.856s user=01m40.013s sys=00.843s mem=135MiB roottime=100.010s load=1.00 rootload=0.99
ramon: poll                 wall=01m42.000s usage=01m41.854s user=01m41.011s sys=00.843s mem=135MiB roottime=101.010s load=1.00 rootload=1.00
ramon: poll                 wall=01m43.015s usage=01m42.869s user=01m42.025s sys=00.843s mem=135MiB roottime=102.020s load=1.00 rootload=1.00
ramon: poll                 wall=01m44.015s usage=01m43.869s user=01m43.021s sys=00.847s mem=136MiB roottime=103.020s load=1.00 rootload=1.00
ramon: poll                 wall=01m45.011s usage=01m44.864s user=01m44.017s sys=00.847s mem=136MiB roottime=104.010s load=1.00 rootload=0.99
ramon: poll                 wall=01m46.004s usage=01m45.857s user=01m45.002s sys=00.855s mem=136MiB roottime=105.000s load=1.00 rootload=1.00
ramon: poll                 wall=01m47.011s usage=01m46.863s user=01m46.005s sys=00.858s mem=136MiB roottime=106.000s load=1.00 rootload=0.99
ramon: poll                 wall=01m48.014s usage=01m47.866s user=01m47.001s sys=00.864s mem=136MiB roottime=107.000s load=1.00 rootload=1.00
ramon: poll                 wall=01m49.031s usage=01m48.882s user=01m48.016s sys=00.865s mem=136MiB roottime=108.010s load=1.00 rootload=0.99
ramon: poll                 wall=01m50.018s usage=01m49.869s user=01m48.998s sys=00.870s mem=136MiB roottime=108.990s load=1.00 rootload=0.99
ramon: poll                 wall=01m51.005s usage=01m50.855s user=01m49.983s sys=00.872s mem=136MiB roottime=109.980s load=1.00 rootload=1.00
ramon: poll                 wall=01m52.015s usage=01m51.865s user=01m50.990s sys=00.874s mem=137MiB roottime=110.980s load=1.00 rootload=0.99
ramon: poll                 wall=01m53.009s usage=01m52.858s user=01m51.979s sys=00.878s mem=137MiB roottime=111.970s load=1.00 rootload=1.00
ramon: poll                 wall=01m54.009s usage=01m53.857s user=01m52.976s sys=00.881s mem=137MiB roottime=112.970s load=1.00 rootload=1.00
ramon: poll                 wall=01m55.000s usage=01m54.848s user=01m53.965s sys=00.883s mem=137MiB roottime=113.960s load=1.00 rootload=1.00
ramon: poll                 wall=01m56.004s usage=01m55.852s user=01m54.958s sys=00.893s mem=137MiB roottime=114.950s load=1.00 rootload=0.99
ramon: poll                 wall=01m57.007s usage=01m56.854s user=01m55.958s sys=00.895s mem=137MiB roottime=115.950s load=1.00 rootload=1.00
ramon: poll                 wall=01m58.029s usage=01m57.875s user=01m56.972s sys=00.903s mem=138MiB roottime=116.970s load=1.00 rootload=1.00
ramon: poll                 wall=01m59.032s usage=01m58.878s user=01m57.973s sys=00.905s mem=138MiB roottime=117.970s load=1.00 rootload=1.00
ramon: poll                 wall=02m00.024s usage=01m59.870s user=01m58.964s sys=00.905s mem=138MiB roottime=118.960s load=1.00 rootload=1.00
ramon: poll                 wall=02m01.024s usage=02m00.869s user=01m59.964s sys=00.905s mem=138MiB roottime=119.960s load=1.00 rootload=1.00
ramon: poll                 wall=02m02.018s usage=02m01.863s user=02m00.958s sys=00.905s mem=138MiB roottime=120.950s load=1.00 rootload=1.00
ramon: poll                 wall=02m03.000s usage=02m02.845s user=02m01.935s sys=00.909s mem=139MiB roottime=121.930s load=1.00 rootload=1.00
ramon: poll                 wall=02m04.028s usage=02m03.873s user=02m02.961s sys=00.911s mem=139MiB roottime=122.960s load=1.00 rootload=1.00
ramon: poll                 wall=02m05.043s usage=02m04.887s user=02m03.975s sys=00.911s mem=139MiB roottime=123.970s load=1.00 rootload=1.00
ramon: poll                 wall=02m06.044s usage=02m05.888s user=02m04.975s sys=00.912s mem=139MiB roottime=124.970s load=1.00 rootload=1.00
ramon: poll                 wall=02m07.000s usage=02m06.843s user=02m05.924s sys=00.919s mem=140MiB roottime=125.920s load=1.00 rootload=0.99
ramon: poll                 wall=02m08.006s usage=02m07.849s user=02m06.929s sys=00.919s mem=140MiB roottime=126.930s load=1.00 rootload=1.00
ramon: poll                 wall=02m09.000s usage=02m08.842s user=02m07.923s sys=00.919s mem=140MiB roottime=127.920s load=1.00 rootload=1.00
ramon: poll                 wall=02m10.004s usage=02m09.846s user=02m08.926s sys=00.919s mem=140MiB roottime=128.920s load=1.00 rootload=1.00
ramon: poll                 wall=02m11.000s usage=02m10.842s user=02m09.922s sys=00.919s mem=140MiB roottime=129.920s load=1.00 rootload=1.00
ramon: poll                 wall=02m12.000s usage=02m11.841s user=02m10.920s sys=00.920s mem=140MiB roottime=130.920s load=1.00 rootload=1.00
ramon: poll                 wall=02m13.004s usage=02m12.845s user=02m11.924s sys=00.920s mem=140MiB roottime=131.920s load=1.00 rootload=1.00
ramon: poll                 wall=02m14.000s usage=02m13.840s user=02m12.919s sys=00.921s mem=140MiB roottime=132.910s load=1.00 rootload=0.99
ramon: poll                 wall=02m15.000s usage=02m14.840s user=02m13.917s sys=00.922s mem=140MiB roottime=133.910s load=1.00 rootload=1.00
ramon: poll                 wall=02m16.002s usage=02m15.841s user=02m14.919s sys=00.922s mem=140MiB roottime=134.910s load=1.00 rootload=1.00
ramon: poll                 wall=02m17.000s usage=02m16.839s user=02m15.915s sys=00.923s mem=140MiB roottime=135.910s load=1.00 rootload=1.00
ramon: poll                 wall=02m18.000s usage=02m17.838s user=02m16.913s sys=00.925s mem=140MiB roottime=136.910s load=1.00 rootload=1.00
ramon: poll                 wall=02m19.004s usage=02m18.842s user=02m17.916s sys=00.925s mem=140MiB roottime=137.910s load=1.00 rootload=1.00
ramon: poll                 wall=02m20.000s usage=02m19.837s user=02m18.912s sys=00.925s mem=141MiB roottime=138.910s load=1.00 rootload=1.00
ramon: poll                 wall=02m21.000s usage=02m20.836s user=02m19.910s sys=00.926s mem=141MiB roottime=139.910s load=1.00 rootload=1.00
ramon: poll                 wall=02m22.002s usage=02m21.838s user=02m20.910s sys=00.927s mem=141MiB roottime=140.910s load=1.00 rootload=1.00
ramon: poll                 wall=02m23.000s usage=02m22.836s user=02m21.908s sys=00.927s mem=141MiB roottime=141.900s load=1.00 rootload=0.99
ramon: poll                 wall=02m24.004s usage=02m23.839s user=02m22.911s sys=00.927s mem=141MiB roottime=142.910s load=1.00 rootload=1.01
ramon: poll                 wall=02m25.000s usage=02m24.835s user=02m23.907s sys=00.927s mem=141MiB roottime=143.900s load=1.00 rootload=0.99
ramon: poll                 wall=02m26.003s usage=02m25.837s user=02m24.910s sys=00.927s mem=141MiB roottime=144.900s load=1.00 rootload=1.00
ramon: poll                 wall=02m27.000s usage=02m26.834s user=02m25.906s sys=00.928s mem=141MiB roottime=145.900s load=1.00 rootload=1.00
ramon: poll                 wall=02m28.000s usage=02m27.833s user=02m26.905s sys=00.928s mem=141MiB roottime=146.900s load=1.00 rootload=1.00
ramon: poll                 wall=02m29.005s usage=02m28.838s user=02m27.908s sys=00.930s mem=141MiB roottime=147.900s load=1.00 rootload=1.00
ramon: poll                 wall=02m30.000s usage=02m29.833s user=02m28.898s sys=00.934s mem=141MiB roottime=148.890s load=1.00 rootload=0.99
ramon: poll                 wall=02m31.000s usage=02m30.832s user=02m29.893s sys=00.939s mem=141MiB roottime=149.890s load=1.00 rootload=1.00
ramon: poll                 wall=02m32.000s usage=02m31.832s user=02m30.891s sys=00.940s mem=141MiB roottime=150.890s load=1.00 rootload=1.00
ramon: poll                 wall=02m33.002s usage=02m32.834s user=02m31.891s sys=00.942s mem=141MiB roottime=151.890s load=1.00 rootload=1.00
ramon: poll                 wall=02m34.000s usage=02m33.831s user=02m32.889s sys=00.942s mem=141MiB roottime=152.880s load=1.00 rootload=0.99
ramon: poll                 wall=02m35.002s usage=02m34.833s user=02m33.889s sys=00.943s mem=141MiB roottime=153.880s load=1.00 rootload=1.00
ramon: poll                 wall=02m36.004s usage=02m35.834s user=02m34.890s sys=00.944s mem=141MiB roottime=154.890s load=1.00 rootload=1.01
ramon: poll                 wall=02m37.000s usage=02m36.830s user=02m35.886s sys=00.944s mem=141MiB roottime=155.880s load=1.00 rootload=0.99
ramon: poll                 wall=02m38.000s usage=02m37.829s user=02m36.885s sys=00.944s mem=141MiB roottime=156.880s load=1.00 rootload=1.00
ramon: poll                 wall=02m39.003s usage=02m38.832s user=02m37.888s sys=00.944s mem=141MiB roottime=157.880s load=1.00 rootload=1.00
ramon: poll                 wall=02m40.000s usage=02m39.828s user=02m38.884s sys=00.944s mem=141MiB roottime=158.880s load=1.00 rootload=1.00
ramon: poll                 wall=02m41.002s usage=02m40.830s user=02m39.886s sys=00.944s mem=141MiB roottime=159.880s load=1.00 rootload=1.00
ramon: poll                 wall=02m42.001s usage=02m41.828s user=02m40.882s sys=00.946s mem=141MiB roottime=160.880s load=1.00 rootload=1.00
ramon: poll                 wall=02m43.001s usage=02m42.828s user=02m41.881s sys=00.947s mem=141MiB roottime=161.880s load=1.00 rootload=1.00
ramon: poll                 wall=02m44.003s usage=02m43.829s user=02m42.881s sys=00.948s mem=141MiB roottime=162.880s load=1.00 rootload=1.00
ramon: poll                 wall=02m45.000s usage=02m44.826s user=02m43.874s sys=00.951s mem=141MiB roottime=163.870s load=1.00 rootload=0.99
ramon: poll                 wall=02m46.000s usage=02m45.825s user=02m44.873s sys=00.952s mem=142MiB roottime=164.870s load=1.00 rootload=1.00
ramon: poll                 wall=02m47.004s usage=02m46.828s user=02m45.876s sys=00.952s mem=142MiB roottime=165.870s load=1.00 rootload=1.00
ramon: poll                 wall=02m48.000s usage=02m47.824s user=02m46.866s sys=00.957s mem=142MiB roottime=166.860s load=1.00 rootload=0.99
ramon: poll                 wall=02m49.000s usage=02m48.824s user=02m47.866s sys=00.957s mem=142MiB roottime=167.860s load=1.00 rootload=1.00
ramon: poll                 wall=02m50.002s usage=02m49.825s user=02m48.867s sys=00.957s mem=142MiB roottime=168.860s load=1.00 rootload=1.00
ramon: poll                 wall=02m51.000s usage=02m50.821s user=02m49.863s sys=00.958s mem=142MiB roottime=169.860s load=1.00 rootload=1.00
ramon: poll                 wall=02m52.002s usage=02m51.822s user=02m50.862s sys=00.960s mem=142MiB roottime=170.860s load=1.00 rootload=1.00
ramon: poll                 wall=02m53.003s usage=02m52.823s user=02m51.863s sys=00.960s mem=142MiB roottime=171.860s load=1.00 rootload=1.00
ramon: poll                 wall=02m54.000s usage=02m53.820s user=02m52.860s sys=00.960s mem=142MiB roottime=172.860s load=1.00 rootload=1.00
ramon: poll                 wall=02m55.004s usage=02m54.824s user=02m53.860s sys=00.963s mem=142MiB roottime=173.860s load=1.00 rootload=1.00
ramon: poll                 wall=02m56.000s usage=02m55.819s user=02m54.855s sys=00.964s mem=142MiB roottime=174.850s load=1.00 rootload=0.99
ramon: poll                 wall=02m57.000s usage=02m56.819s user=02m55.855s sys=00.964s mem=142MiB roottime=175.850s load=1.00 rootload=1.00
ramon: poll                 wall=02m58.002s usage=02m57.821s user=02m56.856s sys=00.964s mem=142MiB roottime=176.850s load=1.00 rootload=1.00
ramon: poll                 wall=02m59.000s usage=02m58.818s user=02m57.854s sys=00.964s mem=142MiB roottime=177.850s load=1.00 rootload=1.00
ramon: poll                 wall=03m00.003s usage=02m59.821s user=02m58.855s sys=00.966s mem=142MiB roottime=178.850s load=1.00 rootload=1.00
ramon: poll                 wall=03m01.000s usage=03m00.818s user=02m59.851s sys=00.966s mem=142MiB roottime=179.850s load=1.00 rootload=1.00
ramon: poll                 wall=03m02.003s usage=03m01.821s user=03m00.853s sys=00.967s mem=142MiB roottime=180.850s load=1.00 rootload=1.00
ramon: poll                 wall=03m03.000s usage=03m02.817s user=03m01.848s sys=00.969s mem=142MiB roottime=181.840s load=1.00 rootload=0.99
ramon: poll                 wall=03m04.003s usage=03m03.820s user=03m02.851s sys=00.969s mem=142MiB roottime=182.850s load=1.00 rootload=1.01
ramon: poll                 wall=03m05.014s usage=03m04.831s user=03m03.860s sys=00.970s mem=142MiB roottime=183.860s load=1.00 rootload=1.00
ramon: poll                 wall=03m06.030s usage=03m05.846s user=03m04.876s sys=00.970s mem=142MiB roottime=184.870s load=1.00 rootload=0.99
ramon: poll                 wall=03m07.009s usage=03m06.825s user=03m05.855s sys=00.970s mem=142MiB roottime=185.850s load=1.00 rootload=1.00
ramon: poll                 wall=03m08.014s usage=03m07.830s user=03m06.859s sys=00.970s mem=142MiB roottime=186.850s load=1.00 rootload=0.99
ramon: poll                 wall=03m09.015s usage=03m08.831s user=03m07.860s sys=00.970s mem=142MiB roottime=187.850s load=1.00 rootload=1.00
ramon: poll                 wall=03m10.014s usage=03m09.829s user=03m08.859s sys=00.970s mem=142MiB roottime=188.850s load=1.00 rootload=1.00
ramon: poll                 wall=03m11.014s usage=03m10.829s user=03m09.859s sys=00.970s mem=142MiB roottime=189.850s load=1.00 rootload=1.00
ramon: poll                 wall=03m12.006s usage=03m11.821s user=03m10.850s sys=00.970s mem=142MiB roottime=190.850s load=1.00 rootload=1.01
ramon: poll                 wall=03m13.002s usage=03m12.817s user=03m11.846s sys=00.970s mem=142MiB roottime=191.840s load=1.00 rootload=0.99
ramon: poll                 wall=03m14.000s usage=03m13.815s user=03m12.844s sys=00.970s mem=142MiB roottime=192.840s load=1.00 rootload=1.00
ramon: poll                 wall=03m15.000s usage=03m14.814s user=03m13.844s sys=00.970s mem=142MiB roottime=193.840s load=1.00 rootload=1.00
ramon: poll                 wall=03m16.002s usage=03m15.816s user=03m14.846s sys=00.970s mem=142MiB roottime=194.840s load=1.00 rootload=1.00
ramon: poll                 wall=03m17.002s usage=03m16.816s user=03m15.845s sys=00.970s mem=142MiB roottime=195.840s load=1.00 rootload=1.00
ramon: poll                 wall=03m18.000s usage=03m17.814s user=03m16.843s sys=00.970s mem=142MiB roottime=196.840s load=1.00 rootload=1.00
ramon: poll                 wall=03m19.004s usage=03m18.817s user=03m17.847s sys=00.970s mem=142MiB roottime=197.840s load=1.00 rootload=1.00
ramon: poll                 wall=03m20.000s usage=03m19.813s user=03m18.843s sys=00.970s mem=142MiB roottime=198.840s load=1.00 rootload=1.00
ramon: poll                 wall=03m21.000s usage=03m20.813s user=03m19.842s sys=00.971s mem=142MiB roottime=199.840s load=1.00 rootload=1.00
ramon: poll                 wall=03m22.003s usage=03m21.816s user=03m20.845s sys=00.971s mem=142MiB roottime=200.840s load=1.00 rootload=1.00
ramon: poll                 wall=03m23.000s usage=03m22.812s user=03m21.842s sys=00.971s mem=142MiB roottime=201.840s load=1.00 rootload=1.00
ramon: poll                 wall=03m24.004s usage=03m23.816s user=03m22.842s sys=00.974s mem=142MiB roottime=202.840s load=1.00 rootload=1.00
ramon: poll                 wall=03m25.000s usage=03m24.811s user=03m23.838s sys=00.974s mem=143MiB roottime=203.830s load=1.00 rootload=0.99
ramon: poll                 wall=03m26.004s usage=03m25.815s user=03m24.842s sys=00.974s mem=143MiB roottime=204.840s load=1.00 rootload=1.01
ramon: poll                 wall=03m27.000s usage=03m26.811s user=03m25.833s sys=00.978s mem=143MiB roottime=205.830s load=1.00 rootload=0.99
ramon: poll                 wall=03m28.000s usage=03m27.811s user=03m26.832s sys=00.979s mem=143MiB roottime=206.830s load=1.00 rootload=1.00
ramon: poll                 wall=03m29.001s usage=03m28.811s user=03m27.831s sys=00.981s mem=143MiB roottime=207.830s load=1.00 rootload=1.00
ramon: poll                 wall=03m30.005s usage=03m29.815s user=03m28.834s sys=00.982s mem=143MiB roottime=208.830s load=1.00 rootload=1.00
ramon: poll                 wall=03m31.000s usage=03m30.810s user=03m29.828s sys=00.982s mem=143MiB roottime=209.820s load=1.00 rootload=0.99
ramon: poll                 wall=03m32.000s usage=03m31.810s user=03m30.828s sys=00.982s mem=143MiB roottime=210.820s load=1.00 rootload=1.00
ramon: poll                 wall=03m33.002s usage=03m32.811s user=03m31.830s sys=00.982s mem=143MiB roottime=211.830s load=1.00 rootload=1.01
ramon: poll                 wall=03m34.004s usage=03m33.813s user=03m32.831s sys=00.983s mem=143MiB roottime=212.830s load=1.00 rootload=1.00
ramon: poll                 wall=03m35.000s usage=03m34.809s user=03m33.826s sys=00.983s mem=143MiB roottime=213.820s load=1.00 rootload=0.99
ramon: poll                 wall=03m36.001s usage=03m35.810s user=03m34.827s sys=00.983s mem=143MiB roottime=214.820s load=1.00 rootload=1.00
ramon: poll                 wall=03m37.001s usage=03m36.809s user=03m35.825s sys=00.985s mem=143MiB roottime=215.820s load=1.00 rootload=1.00
ramon: poll                 wall=03m38.000s usage=03m37.808s user=03m36.822s sys=00.986s mem=143MiB roottime=216.820s load=1.00 rootload=1.00
ramon: poll                 wall=03m39.004s usage=03m38.811s user=03m37.824s sys=00.988s mem=143MiB roottime=217.820s load=1.00 rootload=1.00
ramon: poll                 wall=03m40.000s usage=03m39.806s user=03m38.819s sys=00.988s mem=143MiB roottime=218.810s load=1.00 rootload=0.99
ramon: poll                 wall=03m41.000s usage=03m40.806s user=03m39.818s sys=00.988s mem=143MiB roottime=219.810s load=1.00 rootload=1.00
ramon: poll                 wall=03m42.001s usage=03m41.806s user=03m40.819s sys=00.988s mem=143MiB roottime=220.810s load=1.00 rootload=1.00
ramon: poll                 wall=03m43.000s usage=03m42.805s user=03m41.816s sys=00.989s mem=143MiB roottime=221.810s load=1.00 rootload=1.00
ramon: poll                 wall=03m44.096s usage=03m43.900s user=03m42.910s sys=00.990s mem=143MiB roottime=222.910s load=1.00 rootload=1.00
ramon: poll                 wall=03m45.026s usage=03m44.830s user=03m43.840s sys=00.990s mem=143MiB roottime=223.830s load=1.00 rootload=0.99
ramon: poll                 wall=03m46.000s usage=03m45.803s user=03m44.813s sys=00.990s mem=143MiB roottime=224.810s load=1.00 rootload=1.01
ramon: poll                 wall=03m47.000s usage=03m46.802s user=03m45.811s sys=00.991s mem=143MiB roottime=225.810s load=1.00 rootload=1.00
ramon: poll                 wall=03m48.001s usage=03m47.802s user=03m46.811s sys=00.992s mem=143MiB roottime=226.810s load=1.00 rootload=1.00
ramon: poll                 wall=03m49.005s usage=03m48.806s user=03m47.815s sys=00.992s mem=143MiB roottime=227.810s load=1.00 rootload=1.00
ramon: poll                 wall=03m50.000s usage=03m49.801s user=03m48.808s sys=00.993s mem=143MiB roottime=228.800s load=1.00 rootload=0.99
ramon: poll                 wall=03m51.000s usage=03m50.800s user=03m49.807s sys=00.994s mem=143MiB roottime=229.800s load=1.00 rootload=1.00
ramon: poll                 wall=03m52.000s usage=03m51.800s user=03m50.804s sys=00.996s mem=143MiB roottime=230.800s load=1.00 rootload=1.00
ramon: poll                 wall=03m53.000s usage=03m52.799s user=03m51.802s sys=00.998s mem=143MiB roottime=231.800s load=1.00 rootload=1.00
ramon: poll                 wall=03m54.005s usage=03m53.803s user=03m52.805s sys=00.998s mem=143MiB roottime=232.800s load=1.00 rootload=1.00
ramon: poll                 wall=03m55.000s usage=03m54.798s user=03m53.799s sys=00.999s mem=143MiB roottime=233.790s load=1.00 rootload=0.99
ramon: poll                 wall=03m56.000s usage=03m55.798s user=03m54.798s sys=00.999s mem=143MiB roottime=234.790s load=1.00 rootload=1.00
ramon: poll                 wall=03m57.000s usage=03m56.798s user=03m55.798s sys=00.999s mem=143MiB roottime=235.790s load=1.00 rootload=1.00
ramon: poll                 wall=03m58.029s usage=03m57.826s user=03m56.825s sys=01.000s mem=143MiB roottime=236.820s load=1.00 rootload=1.00
ramon: poll                 wall=03m59.019s usage=03m58.815s user=03m57.815s sys=01.000s mem=143MiB roottime=237.810s load=1.00 rootload=1.00
ramon: poll                 wall=04m00.025s usage=03m59.820s user=03m58.818s sys=01.002s mem=143MiB roottime=238.810s load=1.00 rootload=0.99
ramon: poll                 wall=04m01.013s usage=04m00.808s user=03m59.805s sys=01.002s mem=143MiB roottime=239.800s load=1.00 rootload=1.00
ramon: poll                 wall=04m02.013s usage=04m01.808s user=04m00.804s sys=01.003s mem=144MiB roottime=240.800s load=1.00 rootload=1.00
ramon: poll                 wall=04m03.016s usage=04m02.810s user=04m01.807s sys=01.003s mem=144MiB roottime=241.800s load=1.00 rootload=1.00
ramon: poll                 wall=04m04.000s usage=04m03.794s user=04m02.790s sys=01.003s mem=144MiB roottime=242.790s load=1.00 rootload=1.01
ramon: poll                 wall=04m05.003s usage=04m04.797s user=04m03.793s sys=01.003s mem=144MiB roottime=243.790s load=1.00 rootload=1.00
ramon: poll                 wall=04m06.000s usage=04m05.793s user=04m04.789s sys=01.004s mem=144MiB roottime=244.780s load=1.00 rootload=0.99
ramon: poll                 wall=04m07.000s usage=04m06.793s user=04m05.788s sys=01.006s mem=144MiB roottime=245.780s load=1.00 rootload=1.00
ramon: poll                 wall=04m08.001s usage=04m07.794s user=04m06.787s sys=01.006s mem=144MiB roottime=246.780s load=1.00 rootload=1.00
ramon: poll                 wall=04m09.001s usage=04m08.794s user=04m07.787s sys=01.007s mem=144MiB roottime=247.780s load=1.00 rootload=1.00
ramon: poll                 wall=04m10.001s usage=04m09.793s user=04m08.787s sys=01.007s mem=144MiB roottime=248.780s load=1.00 rootload=1.00
ramon: poll                 wall=04m11.023s usage=04m10.815s user=04m09.809s sys=01.007s mem=144MiB roottime=249.800s load=1.00 rootload=1.00
ramon: poll                 wall=04m12.028s usage=04m11.820s user=04m10.813s sys=01.007s mem=144MiB roottime=250.810s load=1.00 rootload=1.00
ramon: poll                 wall=04m13.022s usage=04m12.814s user=04m11.806s sys=01.008s mem=144MiB roottime=251.800s load=1.00 rootload=1.00
ramon: poll                 wall=04m14.030s usage=04m13.821s user=04m12.814s sys=01.008s mem=144MiB roottime=252.810s load=1.00 rootload=1.00
ramon: poll                 wall=04m15.034s usage=04m14.825s user=04m13.817s sys=01.008s mem=144MiB roottime=253.810s load=1.00 rootload=1.00
ramon: poll                 wall=04m16.028s usage=04m15.818s user=04m14.810s sys=01.009s mem=144MiB roottime=254.800s load=1.00 rootload=1.00
ramon: poll                 wall=04m17.001s usage=04m16.791s user=04m15.783s sys=01.009s mem=144MiB roottime=255.780s load=1.00 rootload=1.01
ramon: poll                 wall=04m18.033s usage=04m17.823s user=04m16.812s sys=01.011s mem=144MiB roottime=256.850s load=1.00 rootload=1.04
ramon: poll                 wall=04m19.043s usage=04m18.833s user=04m17.822s sys=01.011s mem=144MiB roottime=257.830s load=1.00 rootload=0.97
ramon: poll                 wall=04m20.000s usage=04m19.789s user=04m18.777s sys=01.013s mem=144MiB roottime=258.770s load=1.00 rootload=0.98
ramon: poll                 wall=04m21.000s usage=04m20.789s user=04m19.776s sys=01.013s mem=144MiB roottime=259.770s load=1.00 rootload=1.00
ramon: poll                 wall=04m22.002s usage=04m21.791s user=04m20.777s sys=01.014s mem=144MiB roottime=260.770s load=1.00 rootload=1.00
ramon: poll                 wall=04m23.000s usage=04m22.788s user=04m21.772s sys=01.017s mem=144MiB roottime=261.770s load=1.00 rootload=1.00
ramon: poll                 wall=04m24.002s usage=04m23.790s user=04m22.774s sys=01.017s mem=144MiB roottime=262.770s load=1.00 rootload=1.00
ramon: poll                 wall=04m25.003s usage=04m24.791s user=04m23.772s sys=01.019s mem=144MiB roottime=263.770s load=1.00 rootload=1.00
ramon: poll                 wall=04m26.000s usage=04m25.787s user=04m24.769s sys=01.019s mem=144MiB roottime=264.760s load=1.00 rootload=0.99
ramon: poll                 wall=04m27.000s usage=04m26.787s user=04m25.768s sys=01.019s mem=144MiB roottime=265.760s load=1.00 rootload=1.00
ramon: poll                 wall=04m28.002s usage=04m27.788s user=04m26.768s sys=01.021s mem=144MiB roottime=266.760s load=1.00 rootload=1.00
ramon: poll                 wall=04m29.003s usage=04m28.789s user=04m27.768s sys=01.021s mem=144MiB roottime=267.760s load=1.00 rootload=1.00
ramon: poll                 wall=04m30.000s usage=04m29.785s user=04m28.765s sys=01.021s mem=144MiB roottime=268.760s load=1.00 rootload=1.00
ramon: poll                 wall=04m31.004s usage=04m30.789s user=04m29.768s sys=01.021s mem=144MiB roottime=269.760s load=1.00 rootload=1.00
ramon: poll                 wall=04m32.000s usage=04m31.785s user=04m30.764s sys=01.022s mem=144MiB roottime=270.760s load=1.00 rootload=1.00
ramon: poll                 wall=04m33.004s usage=04m32.789s user=04m31.767s sys=01.022s mem=144MiB roottime=271.760s load=1.00 rootload=1.00
ramon: poll                 wall=04m34.000s usage=04m33.784s user=04m32.761s sys=01.024s mem=144MiB roottime=272.760s load=1.00 rootload=1.00
ramon: poll                 wall=04m35.003s usage=04m34.785s user=04m33.760s sys=01.026s mem=145MiB roottime=273.760s load=1.00 rootload=1.00
ramon: poll                 wall=04m36.002s usage=04m35.785s user=04m34.759s sys=01.027s mem=145MiB roottime=274.750s load=1.00 rootload=0.99
ramon: poll                 wall=04m37.000s usage=04m36.782s user=04m35.756s sys=01.027s mem=145MiB roottime=275.750s load=1.00 rootload=1.00
ramon: poll                 wall=04m38.003s usage=04m37.784s user=04m36.757s sys=01.027s mem=145MiB roottime=276.750s load=1.00 rootload=1.00
ramon: poll                 wall=04m39.004s usage=04m38.784s user=04m37.757s sys=01.028s mem=145MiB roottime=277.750s load=1.00 rootload=1.00
ramon: poll                 wall=04m40.003s usage=04m39.783s user=04m38.755s sys=01.028s mem=145MiB roottime=278.750s load=1.00 rootload=1.00
ramon: poll                 wall=04m41.001s usage=04m40.781s user=04m39.752s sys=01.028s mem=145MiB roottime=279.750s load=1.00 rootload=1.00
ramon: poll                 wall=04m42.004s usage=04m41.783s user=04m40.755s sys=01.029s mem=145MiB roottime=280.750s load=1.00 rootload=1.00
ramon: poll                 wall=04m43.004s usage=04m42.783s user=04m41.754s sys=01.029s mem=145MiB roottime=281.750s load=1.00 rootload=1.00
ramon: poll                 wall=04m44.000s usage=04m43.780s user=04m42.751s sys=01.029s mem=145MiB roottime=282.750s load=1.00 rootload=1.00
ramon: poll                 wall=04m45.002s usage=04m44.781s user=04m43.753s sys=01.029s mem=145MiB roottime=283.750s load=1.00 rootload=1.00
ramon: poll                 wall=04m46.004s usage=04m45.783s user=04m44.755s sys=01.029s mem=145MiB roottime=284.750s load=1.00 rootload=1.00
ramon: poll                 wall=04m47.002s usage=04m46.781s user=04m45.752s sys=01.029s mem=145MiB roottime=285.750s load=1.00 rootload=1.00
ramon: poll                 wall=04m48.004s usage=04m47.781s user=04m46.753s sys=01.029s mem=145MiB roottime=286.750s load=1.00 rootload=1.00
ramon: poll                 wall=04m49.002s usage=04m48.780s user=04m47.751s sys=01.029s mem=145MiB roottime=287.750s load=1.00 rootload=1.00
ramon: poll                 wall=04m50.003s usage=04m49.780s user=04m48.751s sys=01.029s mem=145MiB roottime=288.750s load=1.00 rootload=1.00
ramon: poll                 wall=04m51.000s usage=04m50.777s user=04m49.749s sys=01.029s mem=145MiB roottime=289.740s load=1.00 rootload=0.99
ramon: poll                 wall=04m52.002s usage=04m51.778s user=04m50.750s sys=01.029s mem=145MiB roottime=290.750s load=1.00 rootload=1.01
ramon: poll                 wall=04m53.001s usage=04m52.777s user=04m51.748s sys=01.029s mem=145MiB roottime=291.740s load=1.00 rootload=0.99
ramon: poll                 wall=04m54.002s usage=04m53.779s user=04m52.750s sys=01.029s mem=145MiB roottime=292.750s load=1.00 rootload=1.01
ramon: poll                 wall=04m55.004s usage=04m54.779s user=04m53.751s sys=01.029s mem=145MiB roottime=293.750s load=1.00 rootload=1.00
ramon: poll                 wall=04m56.000s usage=04m55.776s user=04m54.748s sys=01.029s mem=145MiB roottime=294.750s load=1.00 rootload=1.00
ramon: poll                 wall=04m57.000s usage=04m56.775s user=04m55.746s sys=01.029s mem=145MiB roottime=295.740s load=1.00 rootload=0.99
ramon: poll                 wall=04m58.004s usage=04m57.779s user=04m56.750s sys=01.029s mem=145MiB roottime=296.750s load=1.00 rootload=1.01
ramon: poll                 wall=04m59.000s usage=04m58.774s user=04m57.746s sys=01.029s mem=145MiB roottime=297.740s load=1.00 rootload=0.99
ramon: poll                 wall=05m00.003s usage=04m59.777s user=04m58.748s sys=01.029s mem=145MiB roottime=298.740s load=1.00 rootload=1.00
ramon: poll                 wall=05m01.000s usage=05m00.774s user=04m59.745s sys=01.029s mem=145MiB roottime=299.740s load=1.00 rootload=1.00
ramon: poll                 wall=05m02.004s usage=05m01.777s user=05m00.749s sys=01.029s mem=145MiB roottime=300.740s load=1.00 rootload=1.00
ramon: poll                 wall=05m03.000s usage=05m02.773s user=05m01.745s sys=01.029s mem=145MiB roottime=301.740s load=1.00 rootload=1.00
ramon: poll                 wall=05m04.000s usage=05m03.773s user=05m02.744s sys=01.029s mem=145MiB roottime=302.740s load=1.00 rootload=1.00
ramon: poll                 wall=05m05.000s usage=05m04.773s user=05m03.744s sys=01.029s mem=145MiB roottime=303.740s load=1.00 rootload=1.00
ramon: poll                 wall=05m06.002s usage=05m05.774s user=05m04.746s sys=01.029s mem=145MiB roottime=304.740s load=1.00 rootload=1.00
ramon: poll                 wall=05m07.004s usage=05m06.776s user=05m05.748s sys=01.029s mem=145MiB roottime=305.740s load=1.00 rootload=1.00
ramon: poll                 wall=05m08.000s usage=05m07.772s user=05m06.743s sys=01.029s mem=145MiB roottime=306.740s load=1.00 rootload=1.00
ramon: poll                 wall=05m09.000s usage=05m08.772s user=05m07.743s sys=01.029s mem=145MiB roottime=307.740s load=1.00 rootload=1.00
ramon: poll                 wall=05m10.002s usage=05m09.773s user=05m08.744s sys=01.030s mem=145MiB roottime=308.740s load=1.00 rootload=1.00
ramon: poll                 wall=05m11.000s usage=05m10.771s user=05m09.741s sys=01.030s mem=145MiB roottime=309.740s load=1.00 rootload=1.00
ramon: poll                 wall=05m12.004s usage=05m11.774s user=05m10.745s sys=01.030s mem=145MiB roottime=310.740s load=1.00 rootload=1.00
ramon: poll                 wall=05m13.000s usage=05m12.770s user=05m11.741s sys=01.030s mem=145MiB roottime=311.740s load=1.00 rootload=1.00
ramon: poll                 wall=05m14.000s usage=05m13.770s user=05m12.740s sys=01.030s mem=145MiB roottime=312.740s load=1.00 rootload=1.00
ramon: poll                 wall=05m15.003s usage=05m14.773s user=05m13.743s sys=01.030s mem=145MiB roottime=313.740s load=1.00 rootload=1.00
ramon: poll                 wall=05m16.000s usage=05m15.769s user=05m14.740s sys=01.030s mem=145MiB roottime=314.740s load=1.00 rootload=1.00
ramon: poll                 wall=05m17.002s usage=05m16.771s user=05m15.741s sys=01.030s mem=145MiB roottime=315.740s load=1.00 rootload=1.00
ramon: poll                 wall=05m18.004s usage=05m17.772s user=05m16.742s sys=01.031s mem=145MiB roottime=316.740s load=1.00 rootload=1.00
ramon: poll                 wall=05m19.000s usage=05m18.768s user=05m17.738s sys=01.031s mem=145MiB roottime=317.730s load=1.00 rootload=0.99
ramon: poll                 wall=05m20.000s usage=05m19.768s user=05m18.737s sys=01.031s mem=145MiB roottime=318.730s load=1.00 rootload=1.00
ramon: poll                 wall=05m21.005s usage=05m20.772s user=05m19.741s sys=01.032s mem=145MiB roottime=319.740s load=1.00 rootload=1.01
ramon: poll                 wall=05m22.000s usage=05m21.767s user=05m20.736s sys=01.032s mem=145MiB roottime=320.730s load=1.00 rootload=0.99
ramon: poll                 wall=05m23.000s usage=05m22.767s user=05m21.735s sys=01.032s mem=145MiB roottime=321.730s load=1.00 rootload=1.00
ramon: poll                 wall=05m24.002s usage=05m23.768s user=05m22.736s sys=01.033s mem=145MiB roottime=322.730s load=1.00 rootload=1.00
ramon: poll                 wall=05m25.001s usage=05m24.767s user=05m23.735s sys=01.033s mem=145MiB roottime=323.730s load=1.00 rootload=1.00
ramon: poll                 wall=05m26.004s usage=05m25.770s user=05m24.737s sys=01.033s mem=145MiB roottime=324.730s load=1.00 rootload=1.00
ramon: poll                 wall=05m27.000s usage=05m26.766s user=05m25.733s sys=01.033s mem=145MiB roottime=325.730s load=1.00 rootload=1.00
ramon: poll                 wall=05m28.001s usage=05m27.766s user=05m26.732s sys=01.035s mem=145MiB roottime=326.730s load=1.00 rootload=1.00
ramon: poll                 wall=05m29.002s usage=05m28.767s user=05m27.732s sys=01.035s mem=145MiB roottime=327.730s load=1.00 rootload=1.00
ramon: poll                 wall=05m30.004s usage=05m29.768s user=05m28.732s sys=01.037s mem=145MiB roottime=328.730s load=1.00 rootload=1.00
ramon: poll                 wall=05m31.000s usage=05m30.763s user=05m29.726s sys=01.038s mem=145MiB roottime=329.720s load=1.00 rootload=0.99
ramon: poll                 wall=05m32.000s usage=05m31.763s user=05m30.725s sys=01.038s mem=145MiB roottime=330.720s load=1.00 rootload=1.00
ramon: poll                 wall=05m33.005s usage=05m32.767s user=05m31.730s sys=01.038s mem=145MiB roottime=331.730s load=1.00 rootload=1.01
ramon: poll                 wall=05m34.000s usage=05m33.761s user=05m32.724s sys=01.038s mem=145MiB roottime=332.720s load=1.00 rootload=0.99
ramon: poll                 wall=05m35.000s usage=05m34.761s user=05m33.723s sys=01.038s mem=145MiB roottime=333.720s load=1.00 rootload=1.00
ramon: poll                 wall=05m36.003s usage=05m35.763s user=05m34.726s sys=01.038s mem=145MiB roottime=334.720s load=1.00 rootload=1.00
ramon: poll                 wall=05m37.000s usage=05m36.760s user=05m35.723s sys=01.038s mem=145MiB roottime=335.720s load=1.00 rootload=1.00
ramon: poll                 wall=05m38.004s usage=05m37.763s user=05m36.726s sys=01.038s mem=145MiB roottime=336.720s load=1.00 rootload=1.00
ramon: poll                 wall=05m39.000s usage=05m38.759s user=05m37.721s sys=01.038s mem=145MiB roottime=337.720s load=1.00 rootload=1.00
ramon: poll                 wall=05m40.004s usage=05m39.762s user=05m38.725s sys=01.038s mem=145MiB roottime=338.720s load=1.00 rootload=1.00
ramon: poll                 wall=05m41.000s usage=05m40.758s user=05m39.720s sys=01.038s mem=145MiB roottime=339.720s load=1.00 rootload=1.00
ramon: poll                 wall=05m42.000s usage=05m41.757s user=05m40.720s sys=01.038s mem=145MiB roottime=340.720s load=1.00 rootload=1.00
ramon: poll                 wall=05m43.004s usage=05m42.761s user=05m41.724s sys=01.038s mem=145MiB roottime=341.720s load=1.00 rootload=1.00
ramon: poll                 wall=05m44.000s usage=05m43.757s user=05m42.719s sys=01.039s mem=145MiB roottime=342.710s load=1.00 rootload=0.99
ramon: poll                 wall=05m45.004s usage=05m44.761s user=05m43.722s sys=01.039s mem=145MiB roottime=343.720s load=1.00 rootload=1.01
ramon: poll                 wall=05m46.000s usage=05m45.757s user=05m44.716s sys=01.041s mem=145MiB roottime=344.710s load=1.00 rootload=0.99
ramon: poll                 wall=05m47.006s usage=05m46.761s user=05m45.721s sys=01.041s mem=145MiB roottime=345.720s load=1.00 rootload=1.00
ramon: poll                 wall=05m48.000s usage=05m47.756s user=05m46.715s sys=01.042s mem=145MiB roottime=346.710s load=1.00 rootload=1.00
ramon: poll                 wall=05m49.002s usage=05m48.757s user=05m47.711s sys=01.046s mem=145MiB roottime=347.710s load=1.00 rootload=1.00
ramon: poll                 wall=05m50.002s usage=05m49.756s user=05m48.711s sys=01.046s mem=145MiB roottime=348.710s load=1.00 rootload=1.00
ramon: poll                 wall=05m51.003s usage=05m50.757s user=05m49.711s sys=01.046s mem=145MiB roottime=349.710s load=1.00 rootload=1.00
ramon: poll                 wall=05m52.003s usage=05m51.756s user=05m50.711s sys=01.046s mem=146MiB roottime=350.710s load=1.00 rootload=1.00
ramon: poll                 wall=05m53.000s usage=05m52.752s user=05m51.707s sys=01.046s mem=146MiB roottime=351.700s load=1.00 rootload=0.99
ramon: poll                 wall=05m54.002s usage=05m53.754s user=05m52.709s sys=01.046s mem=146MiB roottime=352.700s load=1.00 rootload=1.00
ramon: poll                 wall=05m55.004s usage=05m54.756s user=05m53.710s sys=01.046s mem=146MiB roottime=353.710s load=1.00 rootload=1.01
ramon: poll                 wall=05m56.000s usage=05m55.751s user=05m54.704s sys=01.048s mem=146MiB roottime=354.700s load=1.00 rootload=0.99
ramon: poll                 wall=05m57.000s usage=05m56.751s user=05m55.702s sys=01.049s mem=146MiB roottime=355.700s load=1.00 rootload=1.00
ramon: poll                 wall=05m58.003s usage=05m57.753s user=05m56.705s sys=01.049s mem=146MiB roottime=356.700s load=1.00 rootload=1.00
ramon: poll                 wall=05m59.009s usage=05m58.758s user=05m57.708s sys=01.050s mem=146MiB roottime=357.700s load=1.00 rootload=0.99
ramon: poll                 wall=06m00.047s usage=05m59.797s user=05m58.747s sys=01.050s mem=146MiB roottime=358.740s load=1.00 rootload=1.00
ramon: poll                 wall=06m01.048s usage=06m00.797s user=05m59.747s sys=01.051s mem=146MiB roottime=359.740s load=1.00 rootload=1.00
ramon: poll                 wall=06m02.022s usage=06m01.771s user=06m00.720s sys=01.051s mem=146MiB roottime=360.720s load=1.00 rootload=1.01
ramon: poll                 wall=06m03.031s usage=06m02.779s user=06m01.729s sys=01.051s mem=146MiB roottime=361.720s load=1.00 rootload=0.99
ramon: poll                 wall=06m04.009s usage=06m03.757s user=06m02.706s sys=01.052s mem=146MiB roottime=362.700s load=1.00 rootload=1.00
ramon: poll                 wall=06m05.000s usage=06m04.749s user=06m03.697s sys=01.052s mem=146MiB roottime=363.690s load=1.00 rootload=1.00
ramon: poll                 wall=06m06.003s usage=06m05.750s user=06m04.699s sys=01.052s mem=146MiB roottime=364.690s load=1.00 rootload=1.00
ramon: poll                 wall=06m07.003s usage=06m06.750s user=06m05.698s sys=01.052s mem=146MiB roottime=365.690s load=1.00 rootload=1.00
ramon: poll                 wall=06m08.000s usage=06m07.747s user=06m06.694s sys=01.053s mem=146MiB roottime=366.690s load=1.00 rootload=1.00
ramon: poll                 wall=06m09.004s usage=06m08.750s user=06m07.698s sys=01.053s mem=146MiB roottime=367.690s load=1.00 rootload=1.00
ramon: poll                 wall=06m10.000s usage=06m09.747s user=06m08.693s sys=01.055s mem=146MiB roottime=368.690s load=1.00 rootload=1.00
ramon: poll                 wall=06m11.002s usage=06m10.748s user=06m09.693s sys=01.055s mem=146MiB roottime=369.690s load=1.00 rootload=1.00
ramon: poll                 wall=06m12.003s usage=06m11.749s user=06m10.694s sys=01.055s mem=146MiB roottime=370.690s load=1.00 rootload=1.00
ramon: poll                 wall=06m13.000s usage=06m12.746s user=06m11.692s sys=01.055s mem=146MiB roottime=371.690s load=1.00 rootload=1.00
ramon: poll                 wall=06m14.003s usage=06m13.748s user=06m12.693s sys=01.055s mem=146MiB roottime=372.690s load=1.00 rootload=1.00
ramon: poll                 wall=06m15.002s usage=06m14.747s user=06m13.692s sys=01.055s mem=146MiB roottime=373.690s load=1.00 rootload=1.00
ramon: poll                 wall=06m16.002s usage=06m15.746s user=06m14.692s sys=01.055s mem=146MiB roottime=374.690s load=1.00 rootload=1.00
ramon: poll                 wall=06m17.003s usage=06m16.747s user=06m15.690s sys=01.057s mem=146MiB roottime=375.690s load=1.00 rootload=1.00
ramon: poll                 wall=06m18.004s usage=06m17.748s user=06m16.691s sys=01.057s mem=146MiB roottime=376.690s load=1.00 rootload=1.00
ramon: poll                 wall=06m19.000s usage=06m18.743s user=06m17.687s sys=01.057s mem=146MiB roottime=377.680s load=1.00 rootload=0.99
ramon: poll                 wall=06m20.001s usage=06m19.744s user=06m18.687s sys=01.057s mem=146MiB roottime=378.680s load=1.00 rootload=1.00
ramon: poll                 wall=06m21.005s usage=06m20.747s user=06m19.688s sys=01.059s mem=146MiB roottime=379.680s load=1.00 rootload=1.00
ramon: poll                 wall=06m22.000s usage=06m21.743s user=06m20.682s sys=01.061s mem=146MiB roottime=380.680s load=1.00 rootload=1.00
ramon: poll                 wall=06m23.003s usage=06m22.744s user=06m21.684s sys=01.061s mem=146MiB roottime=381.680s load=1.00 rootload=1.00
ramon: poll                 wall=06m24.000s usage=06m23.742s user=06m22.679s sys=01.064s mem=146MiB roottime=382.670s load=1.00 rootload=0.99
ramon: poll                 wall=06m25.002s usage=06m24.742s user=06m23.679s sys=01.064s mem=146MiB roottime=383.670s load=1.00 rootload=1.00
ramon: poll                 wall=06m26.002s usage=06m25.742s user=06m24.679s sys=01.064s mem=146MiB roottime=384.670s load=1.00 rootload=1.00
ramon: poll                 wall=06m27.003s usage=06m26.743s user=06m25.680s sys=01.064s mem=146MiB roottime=385.680s load=1.00 rootload=1.01
ramon: poll                 wall=06m28.004s usage=06m27.744s user=06m26.680s sys=01.064s mem=146MiB roottime=386.680s load=1.00 rootload=1.00
ramon: poll                 wall=06m29.000s usage=06m28.741s user=06m27.676s sys=01.065s mem=146MiB roottime=387.670s load=1.00 rootload=0.99
ramon: poll                 wall=06m30.002s usage=06m29.741s user=06m28.677s sys=01.065s mem=146MiB roottime=388.670s load=1.00 rootload=1.00
ramon: poll                 wall=06m31.003s usage=06m30.742s user=06m29.678s sys=01.065s mem=146MiB roottime=389.670s load=1.00 rootload=1.00
ramon: poll                 wall=06m32.000s usage=06m31.739s user=06m30.674s sys=01.065s mem=146MiB roottime=390.670s load=1.00 rootload=1.00
ramon: poll                 wall=06m33.003s usage=06m32.742s user=06m31.677s sys=01.065s mem=146MiB roottime=391.670s load=1.00 rootload=1.00
ramon: poll                 wall=06m34.000s usage=06m33.739s user=06m32.675s sys=01.065s mem=146MiB roottime=392.670s load=1.00 rootload=1.00
ramon: poll                 wall=06m35.004s usage=06m34.742s user=06m33.678s sys=01.065s mem=146MiB roottime=393.670s load=1.00 rootload=1.00
ramon: poll                 wall=06m36.000s usage=06m35.738s user=06m34.673s sys=01.065s mem=146MiB roottime=394.670s load=1.00 rootload=1.00
ramon: poll                 wall=06m37.002s usage=06m36.740s user=06m35.675s sys=01.065s mem=146MiB roottime=395.670s load=1.00 rootload=1.00
ramon: poll                 wall=06m38.004s usage=06m37.741s user=06m36.676s sys=01.066s mem=146MiB roottime=396.670s load=1.00 rootload=1.00
ramon: poll                 wall=06m39.000s usage=06m38.737s user=06m37.671s sys=01.066s mem=146MiB roottime=397.670s load=1.00 rootload=1.00
ramon: poll                 wall=06m40.002s usage=06m39.738s user=06m38.673s sys=01.066s mem=146MiB roottime=398.670s load=1.00 rootload=1.00
ramon: poll                 wall=06m41.005s usage=06m40.741s user=06m39.676s sys=01.066s mem=146MiB roottime=399.670s load=1.00 rootload=1.00
ramon: poll                 wall=06m42.000s usage=06m41.737s user=06m40.670s sys=01.067s mem=146MiB roottime=400.670s load=1.00 rootload=1.00
ramon: poll                 wall=06m43.002s usage=06m42.738s user=06m41.671s sys=01.067s mem=146MiB roottime=401.670s load=1.00 rootload=1.00
ramon: poll                 wall=06m44.005s usage=06m43.740s user=06m42.674s sys=01.067s mem=146MiB roottime=402.670s load=1.00 rootload=1.00
ramon: poll                 wall=06m45.000s usage=06m44.736s user=06m43.669s sys=01.067s mem=146MiB roottime=403.660s load=1.00 rootload=0.99
ramon: poll                 wall=06m46.000s usage=06m45.735s user=06m44.669s sys=01.067s mem=146MiB roottime=404.660s load=1.00 rootload=1.00
ramon: poll                 wall=06m47.003s usage=06m46.737s user=06m45.671s sys=01.067s mem=146MiB roottime=405.670s load=1.00 rootload=1.01
ramon: poll                 wall=06m48.004s usage=06m47.738s user=06m46.671s sys=01.067s mem=146MiB roottime=406.670s load=1.00 rootload=1.00
ramon: poll                 wall=06m49.000s usage=06m48.734s user=06m47.665s sys=01.069s mem=146MiB roottime=407.660s load=1.00 rootload=0.99
ramon: poll                 wall=06m50.001s usage=06m49.734s user=06m48.666s sys=01.069s mem=146MiB roottime=408.660s load=1.00 rootload=1.00
ramon: poll                 wall=06m51.004s usage=06m50.736s user=06m49.668s sys=01.069s mem=146MiB roottime=409.660s load=1.00 rootload=1.00
ramon: poll                 wall=06m52.000s usage=06m51.733s user=06m50.663s sys=01.070s mem=146MiB roottime=410.660s load=1.00 rootload=1.00
ramon: poll                 wall=06m53.003s usage=06m52.735s user=06m51.665s sys=01.070s mem=146MiB roottime=411.660s load=1.00 rootload=1.00
ramon: poll                 wall=06m54.003s usage=06m53.734s user=06m52.665s sys=01.070s mem=146MiB roottime=412.660s load=1.00 rootload=1.00
ramon: poll                 wall=06m55.003s usage=06m54.734s user=06m53.663s sys=01.072s mem=146MiB roottime=413.660s load=1.00 rootload=1.00
ramon: poll                 wall=06m56.000s usage=06m55.732s user=06m54.660s sys=01.072s mem=147MiB roottime=414.660s load=1.00 rootload=1.00
ramon: poll                 wall=06m57.002s usage=06m56.732s user=06m55.661s sys=01.072s mem=147MiB roottime=415.660s load=1.00 rootload=1.00
ramon: poll                 wall=06m58.004s usage=06m57.734s user=06m56.661s sys=01.073s mem=147MiB roottime=416.660s load=1.00 rootload=1.00
ramon: poll                 wall=06m59.003s usage=06m58.732s user=06m57.659s sys=01.074s mem=147MiB roottime=417.650s load=1.00 rootload=0.99
ramon: poll                 wall=07m00.000s usage=06m59.729s user=06m58.656s sys=01.074s mem=147MiB roottime=418.650s load=1.00 rootload=1.00
ramon: poll                 wall=07m01.004s usage=07m00.732s user=06m59.659s sys=01.074s mem=147MiB roottime=419.650s load=1.00 rootload=1.00
ramon: poll                 wall=07m02.000s usage=07m01.729s user=07m00.654s sys=01.075s mem=147MiB roottime=420.650s load=1.00 rootload=1.00
ramon: poll                 wall=07m03.006s usage=07m02.733s user=07m01.659s sys=01.075s mem=147MiB roottime=421.650s load=1.00 rootload=0.99
ramon: poll                 wall=07m04.000s usage=07m03.727s user=07m02.653s sys=01.075s mem=147MiB roottime=422.650s load=1.00 rootload=1.01
ramon: poll                 wall=07m05.002s usage=07m04.728s user=07m03.654s sys=01.075s mem=147MiB roottime=423.650s load=1.00 rootload=1.00
ramon: poll                 wall=07m06.005s usage=07m05.730s user=07m04.656s sys=01.075s mem=147MiB roottime=424.650s load=1.00 rootload=1.00
ramon: poll                 wall=07m07.000s usage=07m06.726s user=07m05.652s sys=01.075s mem=147MiB roottime=425.650s load=1.00 rootload=1.00
ramon: poll                 wall=07m08.002s usage=07m07.726s user=07m06.651s sys=01.076s mem=147MiB roottime=426.650s load=1.00 rootload=1.00
ramon: poll                 wall=07m09.001s usage=07m08.725s user=07m07.650s sys=01.076s mem=147MiB roottime=427.650s load=1.00 rootload=1.00
ramon: poll                 wall=07m10.002s usage=07m09.726s user=07m08.650s sys=01.076s mem=147MiB roottime=428.650s load=1.00 rootload=1.00
ramon: poll                 wall=07m11.002s usage=07m10.725s user=07m09.650s sys=01.076s mem=147MiB roottime=429.650s load=1.00 rootload=1.00
ramon: poll                 wall=07m12.004s usage=07m11.727s user=07m10.651s sys=01.076s mem=147MiB roottime=430.650s load=1.00 rootload=1.00
ramon: poll                 wall=07m13.000s usage=07m12.723s user=07m11.647s sys=01.077s mem=147MiB roottime=431.640s load=1.00 rootload=0.99
ramon: poll                 wall=07m14.004s usage=07m13.726s user=07m12.648s sys=01.079s mem=147MiB roottime=432.640s load=1.00 rootload=1.00
ramon: poll                 wall=07m15.000s usage=07m14.723s user=07m13.641s sys=01.082s mem=147MiB roottime=433.640s load=1.00 rootload=1.00
ramon: poll                 wall=07m16.005s usage=07m15.725s user=07m14.641s sys=01.084s mem=147MiB roottime=434.640s load=1.00 rootload=1.00
ramon: poll                 wall=07m17.000s usage=07m16.714s user=07m15.631s sys=01.084s mem=147MiB roottime=435.630s load=0.99 rootload=0.99
ramon: poll                 wall=07m18.002s usage=07m17.707s user=07m16.623s sys=01.085s mem=147MiB roottime=436.620s load=0.99 rootload=0.99
ramon: poll                 wall=07m19.004s usage=07m18.702s user=07m17.615s sys=01.086s mem=147MiB roottime=437.610s load=0.99 rootload=0.99
ramon: poll                 wall=07m20.000s usage=07m19.690s user=07m18.601s sys=01.088s mem=147MiB roottime=438.600s load=0.99 rootload=0.99
ramon: poll                 wall=07m21.003s usage=07m20.682s user=07m19.592s sys=01.090s mem=147MiB roottime=439.590s load=0.99 rootload=0.99
ramon: poll                 wall=07m22.004s usage=07m21.678s user=07m20.587s sys=01.090s mem=147MiB roottime=440.580s load=0.99 rootload=0.99
ramon: poll                 wall=07m23.000s usage=07m22.672s user=07m21.582s sys=01.090s mem=147MiB roottime=441.580s load=1.00 rootload=1.00
ramon: poll                 wall=07m24.005s usage=07m23.676s user=07m22.585s sys=01.090s mem=147MiB roottime=442.580s load=1.00 rootload=1.00
ramon: poll                 wall=07m25.000s usage=07m24.671s user=07m23.579s sys=01.092s mem=147MiB roottime=443.570s load=1.00 rootload=0.99
ramon: poll                 wall=07m26.000s usage=07m25.671s user=07m24.578s sys=01.092s mem=147MiB roottime=444.570s load=1.00 rootload=1.00
ramon: poll                 wall=07m27.003s usage=07m26.672s user=07m25.578s sys=01.093s mem=147MiB roottime=445.570s load=1.00 rootload=1.00
ramon: poll                 wall=07m28.004s usage=07m27.673s user=07m26.579s sys=01.094s mem=147MiB roottime=446.570s load=1.00 rootload=1.00
ramon: poll                 wall=07m29.000s usage=07m28.669s user=07m27.574s sys=01.094s mem=147MiB roottime=447.570s load=1.00 rootload=1.00
ramon: poll                 wall=07m30.004s usage=07m29.671s user=07m28.576s sys=01.095s mem=147MiB roottime=448.570s load=1.00 rootload=1.00
ramon: poll                 wall=07m31.003s usage=07m30.670s user=07m29.572s sys=01.097s mem=147MiB roottime=449.570s load=1.00 rootload=1.00
ramon: poll                 wall=07m32.000s usage=07m31.666s user=07m30.569s sys=01.097s mem=147MiB roottime=450.560s load=1.00 rootload=0.99
ramon: poll                 wall=07m33.002s usage=07m32.668s user=07m31.568s sys=01.099s mem=147MiB roottime=451.560s load=1.00 rootload=1.00
ramon: poll                 wall=07m34.002s usage=07m33.667s user=07m32.566s sys=01.101s mem=147MiB roottime=452.560s load=1.00 rootload=1.00
ramon: poll                 wall=07m35.000s usage=07m34.665s user=07m33.564s sys=01.101s mem=147MiB roottime=453.560s load=1.00 rootload=1.00
ramon: poll                 wall=07m36.003s usage=07m35.668s user=07m34.565s sys=01.102s mem=147MiB roottime=454.560s load=1.00 rootload=1.00
ramon: poll                 wall=07m37.000s usage=07m36.664s user=07m35.562s sys=01.102s mem=147MiB roottime=455.560s load=1.00 rootload=1.00
ramon: poll                 wall=07m38.004s usage=07m37.668s user=07m36.566s sys=01.102s mem=147MiB roottime=456.560s load=1.00 rootload=1.00
ramon: poll                 wall=07m39.000s usage=07m38.664s user=07m37.561s sys=01.102s mem=147MiB roottime=457.560s load=1.00 rootload=1.00
ramon: poll                 wall=07m40.000s usage=07m39.664s user=07m38.562s sys=01.102s mem=147MiB roottime=458.560s load=1.00 rootload=1.00
ramon: poll                 wall=07m41.002s usage=07m40.665s user=07m39.562s sys=01.102s mem=147MiB roottime=459.560s load=1.00 rootload=1.00
ramon: poll                 wall=07m42.000s usage=07m41.663s user=07m40.560s sys=01.102s mem=147MiB roottime=460.560s load=1.00 rootload=1.00
ramon: poll                 wall=07m43.000s usage=07m42.662s user=07m41.560s sys=01.102s mem=147MiB roottime=461.560s load=1.00 rootload=1.00
ramon: poll                 wall=07m44.000s usage=07m43.662s user=07m42.560s sys=01.102s mem=147MiB roottime=462.560s load=1.00 rootload=1.00
ramon: poll                 wall=07m45.002s usage=07m44.664s user=07m43.561s sys=01.102s mem=147MiB roottime=463.560s load=1.00 rootload=1.00
ramon: poll                 wall=07m46.000s usage=07m45.661s user=07m44.558s sys=01.103s mem=148MiB roottime=464.550s load=1.00 rootload=0.99
ramon: poll                 wall=07m47.004s usage=07m46.665s user=07m45.561s sys=01.103s mem=148MiB roottime=465.560s load=1.00 rootload=1.01
ramon: poll                 wall=07m48.000s usage=07m47.660s user=07m46.557s sys=01.103s mem=148MiB roottime=466.550s load=1.00 rootload=0.99
ramon: poll                 wall=07m49.000s usage=07m48.660s user=07m47.556s sys=01.103s mem=148MiB roottime=467.550s load=1.00 rootload=1.00
ramon: poll                 wall=07m50.003s usage=07m49.662s user=07m48.559s sys=01.103s mem=148MiB roottime=468.550s load=1.00 rootload=1.00
ramon: poll                 wall=07m51.000s usage=07m50.659s user=07m49.555s sys=01.103s mem=148MiB roottime=469.550s load=1.00 rootload=1.00
ramon: poll                 wall=07m52.000s usage=07m51.658s user=07m50.555s sys=01.103s mem=148MiB roottime=470.550s load=1.00 rootload=1.00
ramon: poll                 wall=07m53.002s usage=07m52.660s user=07m51.556s sys=01.103s mem=148MiB roottime=471.550s load=1.00 rootload=1.00
ramon: poll                 wall=07m54.004s usage=07m53.661s user=07m52.556s sys=01.105s mem=148MiB roottime=472.550s load=1.00 rootload=1.00
ramon: poll                 wall=07m55.000s usage=07m54.657s user=07m53.552s sys=01.105s mem=148MiB roottime=473.550s load=1.00 rootload=1.00
ramon: poll                 wall=07m56.000s usage=07m55.656s user=07m54.551s sys=01.105s mem=148MiB roottime=474.550s load=1.00 rootload=1.00
ramon: poll                 wall=07m57.005s usage=07m56.661s user=07m55.555s sys=01.105s mem=148MiB roottime=475.550s load=1.00 rootload=1.00
ramon: poll                 wall=07m58.000s usage=07m57.655s user=07m56.550s sys=01.105s mem=148MiB roottime=476.550s load=1.00 rootload=1.00
ramon: poll                 wall=07m59.000s usage=07m58.655s user=07m57.549s sys=01.105s mem=148MiB roottime=477.550s load=1.00 rootload=1.00
ramon: poll                 wall=08m00.000s usage=07m59.654s user=07m58.548s sys=01.105s mem=148MiB roottime=478.540s load=1.00 rootload=0.99
ramon: poll                 wall=08m01.004s usage=08m00.657s user=07m59.552s sys=01.105s mem=148MiB roottime=479.550s load=1.00 rootload=1.01
ramon: poll                 wall=08m02.000s usage=08m01.653s user=08m00.547s sys=01.105s mem=148MiB roottime=480.540s load=1.00 rootload=0.99
ramon: poll                 wall=08m03.000s usage=08m02.652s user=08m01.542s sys=01.110s mem=148MiB roottime=481.540s load=1.00 rootload=1.00
ramon: poll                 wall=08m04.004s usage=08m03.656s user=08m02.545s sys=01.110s mem=148MiB roottime=482.540s load=1.00 rootload=1.00
ramon: poll                 wall=08m05.000s usage=08m04.651s user=08m03.534s sys=01.117s mem=149MiB roottime=483.530s load=1.00 rootload=0.99
ramon: poll                 wall=08m06.000s usage=08m05.651s user=08m04.528s sys=01.122s mem=148MiB roottime=484.520s load=1.00 rootload=0.99
ramon: end                  Sat Mar 15 11:01:37 2025
ramon: root.execname        z3
ramon: root.utime           484.630s
ramon: root.stime           1.180s
ramon: group.total          485.820s
ramon: group.utime          484.634s
ramon: group.stime          1.185s
ramon: group.mempeak        149MiB
ramon: group.pidpeak        2
ramon: status               exited
ramon: exitcode             0
ramon: walltime             486.172s
ramon: loadavg              1.00
