ramon: cwd                  /home/gh1/A/_work/z3-poly-testing/z3-poly-testing
ramon: start                Fri Oct 11 14:32:02 2024
ramon: nproc                32
ramon: sys.mem              63442 MiB
ramon: sys.mem.free         35894 MiB
ramon: sys.mem.avail        62008 MiB
ramon: sys.nprocs           1048
ramon: argv                 0 = z3
ramon: argv                 1 = inputs/QF_UF_SAT/iso_brn135.smt2
ramon: argv                 2 = -T:20
ramon: argv                 3 = -v:2
ramon: argv                 4 = -st
ramon: argv                 5 = tactic.default_tactic=(then simplify propagate-values solve-eqs simplify sls-smt)
ramon: childpid             2009707
UNITS -453 -454 -455 -456 -457 -458 -459 -460 -461 -462 -463 -464 -465 -466 -467 -468 -469 -470 -471 -472 -473 -474 -105 -475 -476 -30 -477 -55 -478 -479 -480 -481 -14 -482 -483 -39 -484 -64 -485 -486 -487 -488 -17 -489 -490 -42 -491 -67 -492 -493 -494 -1 -495 -496 -6 -497 -498 -499 -500 -501 -502 -503 -504 -505 -506 -507 -508 -509 -510 -511 -512 -513 -514 -515 -516 -517 -518 -519 -520 -521 -522 -70 -74 -72 -75 -79 -77 -111 -109 -116 -523 -524 -525 -526 -527 -528 -529 -530 -531 -532 -113 -110 -106 -107 -108 -118 -120 -533
sls.euf: incremental 0
(sat.ddfw :unsat :models :kflips/sec  :flips  :restarts  :reinits  :unsat_vars  :shifts)
(sat.ddfw       1     30       400     10000         4          0            4     7493)
(sat.ddfw       1     12    303.03     20000        19          1            3    20817)
(sat.ddfw       1     28   416.667     40000        37          2           26    37509)
(sat.ddfw       1      5   416.667     70000        48          3            4    59924)
(sat.ddfw       1      3   357.143    110000       115          4            5   108551)
on-model 
(sat.ddfw       0      1    129.53    127098       162          5            0   121361)
ramon: end                  Fri Oct 11 14:32:02 2024
ramon: root.execname        z3
ramon: root.utime           0.120s
ramon: root.stime           0.010s
ramon: group.total          0.141s
ramon: group.utime          0.129s
ramon: group.stime          0.012s
ramon: group.mempeak        19896KiB
ramon: group.pidpeak        2
ramon: status               exited
ramon: exitcode             0
ramon: walltime             0.143s
ramon: loadavg              0.99
