ramon: cwd                  /home/runner/a/_work/z3-poly-testing/z3-poly-testing
ramon: start                Thu Mar 13 23:54:22 2025
ramon: nproc                128
ramon: sys.mem              64150 MiB
ramon: sys.mem.free         21223 MiB
ramon: sys.mem.avail        63539 MiB
ramon: sys.nprocs           3510
ramon: argv                 0 = z3
ramon: argv                 1 = inputs/QF_LIA/n1650-RC-03.smt2
ramon: argv                 2 = -T:600
ramon: argv                 3 = smt.arith.lp.dio_eqs=true
ramon: argv                 4 = smt.arith.lp.dio_cuts_enable_hnf=false
ramon: childpid             3933730
ramon: end                  Thu Mar 13 23:54:22 2025
ramon: root.execname        z3
ramon: root.utime           0.020s
ramon: root.stime           0.060s
ramon: group.total          0.079s
ramon: group.utime          0.021s
ramon: group.stime          0.058s
ramon: group.mempeak        20260KiB
ramon: group.pidpeak        3
ramon: status               exited
ramon: exitcode             0
ramon: walltime             0.114s
ramon: loadavg              0.69
