ramon: cwd                  /home/runner/a/_work/z3-poly-testing/z3-poly-testing
ramon: start                Fri Mar 14 00:15:50 2025
ramon: nproc                128
ramon: sys.mem              64150 MiB
ramon: sys.mem.free         22270 MiB
ramon: sys.mem.avail        63537 MiB
ramon: sys.nprocs           3431
ramon: argv                 0 = z3
ramon: argv                 1 = inputs/QF_LIA/n3834-RC-07.smt2
ramon: argv                 2 = -T:600
ramon: argv                 3 = smt.arith.lp.dio_eqs=true
ramon: argv                 4 = smt.arith.lp.dio_cuts_enable_hnf=false
ramon: childpid             4047567
ramon: end                  Fri Mar 14 00:15:50 2025
ramon: root.execname        z3
ramon: root.utime           0.230s
ramon: root.stime           0.130s
ramon: group.total          0.368s
ramon: group.utime          0.237s
ramon: group.stime          0.131s
ramon: group.mempeak        29776KiB
ramon: group.pidpeak        2
ramon: status               exited
ramon: exitcode             0
ramon: walltime             0.415s
ramon: loadavg              0.89
