ramon: cwd                  /home/runner/a/_work/z3-poly-testing/z3-poly-testing
ramon: start                Fri Mar 14 00:20:55 2025
ramon: nproc                128
ramon: sys.mem              64150 MiB
ramon: sys.mem.free         18514 MiB
ramon: sys.mem.avail        63536 MiB
ramon: sys.nprocs           3393
ramon: argv                 0 = z3
ramon: argv                 1 = inputs/QF_LIA/n7736-prp-25-46.smt2
ramon: argv                 2 = -T:600
ramon: argv                 3 = smt.arith.lp.dio_eqs=true
ramon: argv                 4 = smt.arith.lp.dio_cuts_enable_hnf=false
ramon: childpid             4068320
ramon: poll                 wall=01.063s usage=01.025s user=00.926s sys=00.099s mem=23768KiB roottime=0.920s load=0.96 rootload=0.87
ramon: poll                 wall=02.005s usage=01.966s user=01.857s sys=00.109s mem=25812KiB roottime=1.850s load=1.00 rootload=0.99
ramon: poll                 wall=03.027s usage=02.985s user=02.770s sys=00.215s mem=48072KiB roottime=2.770s load=1.00 rootload=0.90
ramon: poll                 wall=04.016s usage=03.974s user=03.750s sys=00.224s mem=49352KiB roottime=3.750s load=1.00 rootload=0.99
ramon: poll                 wall=05.011s usage=04.967s user=04.733s sys=00.235s mem=50188KiB roottime=4.730s load=1.00 rootload=0.98
ramon: poll                 wall=06.017s usage=05.971s user=05.728s sys=00.243s mem=51576KiB roottime=5.720s load=1.00 rootload=0.98
ramon: end                  Fri Mar 14 00:21:02 2025
ramon: root.execname        z3
ramon: root.utime           6.630s
ramon: root.stime           0.280s
ramon: group.total          6.920s
ramon: group.utime          6.638s
ramon: group.stime          0.282s
ramon: group.mempeak        52608KiB
ramon: group.pidpeak        2
ramon: status               exited
ramon: exitcode             0
ramon: walltime             6.970s
ramon: loadavg              0.99
