ramon: cwd                  /home/runner/a/_work/z3-poly-testing/z3-poly-testing
ramon: start                Mon Apr  7 19:07:51 2025
ramon: nproc                128
ramon: sys.mem              64150 MiB
ramon: sys.mem.free         23770 MiB
ramon: sys.mem.avail        63750 MiB
ramon: sys.nprocs           3098
ramon: argv                 0 = z3
ramon: argv                 1 = inputs/certora/72658_63104dadde9c6026353f_70_QF_UFLIA.smt2
ramon: argv                 2 = -T:600
ramon: argv                 3 = -st
ramon: argv                 4 = lp.dio_eqs=true
ramon: argv                 5 = smt.random_seed=128
ramon: childpid             3250720
ramon: poll                 wall=01.000s usage=00.998s user=00.868s sys=00.130s mem=49520KiB roottime=0.860s load=1.00 rootload=0.86
ramon: poll                 wall=02.000s usage=01.994s user=01.849s sys=00.145s mem=53076KiB roottime=1.840s load=1.00 rootload=0.98
ramon: poll                 wall=03.005s usage=02.995s user=02.842s sys=00.153s mem=55032KiB roottime=2.840s load=1.00 rootload=1.00
ramon: poll                 wall=04.004s usage=03.991s user=03.831s sys=00.160s mem=56912KiB roottime=3.830s load=1.00 rootload=0.99
ramon: poll                 wall=05.001s usage=04.984s user=04.822s sys=00.163s mem=58084KiB roottime=4.820s load=1.00 rootload=0.99
ramon: poll                 wall=06.007s usage=05.987s user=05.825s sys=00.163s mem=58196KiB roottime=5.820s load=1.00 rootload=0.99
ramon: poll                 wall=07.000s usage=06.977s user=06.811s sys=00.166s mem=58404KiB roottime=6.810s load=1.00 rootload=1.00
ramon: poll                 wall=08.003s usage=07.976s user=07.804s sys=00.173s mem=60532KiB roottime=7.800s load=1.00 rootload=0.99
ramon: poll                 wall=09.003s usage=08.973s user=08.797s sys=00.176s mem=60924KiB roottime=8.790s load=1.00 rootload=0.99
ramon: poll                 wall=10.003s usage=09.970s user=09.790s sys=00.180s mem=61516KiB roottime=9.790s load=1.00 rootload=1.00
ramon: end                  Mon Apr  7 19:08:02 2025
ramon: root.execname        z3
ramon: root.utime           10.340s
ramon: root.stime           0.200s
ramon: group.total          10.550s
ramon: group.utime          10.344s
ramon: group.stime          0.207s
ramon: group.mempeak        64760KiB
ramon: group.pidpeak        2
ramon: status               exited
ramon: exitcode             0
ramon: walltime             10.587s
ramon: loadavg              1.00
