ramon: cwd                  /home/runner/a/_work/z3-poly-testing/z3-poly-testing
ramon: start                Sat Mar 15 11:14:04 2025
ramon: nproc                128
ramon: sys.mem              64150 MiB
ramon: sys.mem.free         1683 MiB
ramon: sys.mem.avail        64144 MiB
ramon: sys.nprocs           3634
ramon: argv                 0 = z3
ramon: argv                 1 = /home/runner/a/_work/z3-poly-testing/z3-poly-testing/download/non-incremental/QF_LIA/20220307-SMPT/CircularTrains-PT-192/RC-10.smt2
ramon: argv                 2 = -T:600
ramon: argv                 3 = -st
ramon: argv                 4 = smt.arith.lp.dio_eqs=true
ramon: childpid             688659
ramon: end                  Sat Mar 15 11:14:04 2025
ramon: root.execname        z3
ramon: root.utime           0.140s
ramon: root.stime           0.080s
ramon: group.total          0.221s
ramon: group.utime          0.141s
ramon: group.stime          0.080s
ramon: group.mempeak        24540KiB
ramon: group.pidpeak        2
ramon: status               exited
ramon: exitcode             0
ramon: walltime             0.229s
ramon: loadavg              0.97
