ramon: cwd                  /home/runner/a/_work/z3-poly-testing/z3-poly-testing
ramon: start                Fri Mar 21 18:03:10 2025
ramon: nproc                128
ramon: sys.mem              64150 MiB
ramon: sys.mem.free         15894 MiB
ramon: sys.mem.avail        64113 MiB
ramon: sys.nprocs           3805
ramon: argv                 0 = z3
ramon: argv                 1 = /home/runner/a/_work/z3-poly-testing/z3-poly-testing/download/non-incremental/QF_LIA/2019-ezsmt/travellingSalesperson/SCC/tsp_rand_70_300_1155482584_0.lp.smt2
ramon: argv                 2 = -T:600
ramon: argv                 3 = -st
ramon: argv                 4 = smt.arith.lp.dio_eqs=true
ramon: childpid             3640491
ramon: poll                 wall=01.008s usage=00.953s user=00.759s sys=00.194s mem=40224KiB roottime=0.750s load=0.95 rootload=0.74
ramon: end                  Fri Mar 21 18:03:12 2025
ramon: root.execname        z3
ramon: root.utime           1.140s
ramon: root.stime           0.240s
ramon: group.total          1.391s
ramon: group.utime          1.145s
ramon: group.stime          0.247s
ramon: group.mempeak        45956KiB
ramon: group.pidpeak        3
ramon: status               exited
ramon: exitcode             0
ramon: walltime             1.458s
ramon: loadavg              0.95
