ramon: cwd                  /home/runner/a/_work/z3-poly-testing/z3-poly-testing
ramon: start                Tue Apr  8 16:33:36 2025
ramon: nproc                128
ramon: sys.mem              64150 MiB
ramon: sys.mem.free         41170 MiB
ramon: sys.mem.avail        63698 MiB
ramon: sys.nprocs           3289
ramon: argv                 0 = z3
ramon: argv                 1 = inputs/QF_LIA/n6002-problem__005.smt2
ramon: argv                 2 = -T:600
ramon: argv                 3 = -st
ramon: argv                 4 = lp.dio=true
ramon: argv                 5 = lp.dio_run_gcd=false
ramon: childpid             3528806
ramon: poll                 wall=01.006s usage=00.990s user=00.947s sys=00.043s mem=20288KiB roottime=0.940s load=0.98 rootload=0.93
ramon: poll                 wall=02.006s usage=01.987s user=01.944s sys=00.043s mem=20376KiB roottime=1.940s load=1.00 rootload=1.00
ramon: poll                 wall=03.002s usage=02.980s user=02.901s sys=00.079s mem=34504KiB roottime=2.900s load=1.00 rootload=0.96
ramon: poll                 wall=04.006s usage=03.982s user=03.900s sys=00.082s mem=35492KiB roottime=3.890s load=1.00 rootload=0.99
ramon: poll                 wall=05.001s usage=04.975s user=04.884s sys=00.091s mem=36596KiB roottime=4.880s load=1.00 rootload=1.00
ramon: poll                 wall=06.008s usage=05.981s user=05.884s sys=00.097s mem=37672KiB roottime=5.880s load=1.00 rootload=0.99
ramon: end                  Tue Apr  8 16:33:43 2025
ramon: root.execname        z3
ramon: root.utime           6.230s
ramon: root.stime           0.110s
ramon: group.total          6.355s
ramon: group.utime          6.238s
ramon: group.stime          0.118s
ramon: group.mempeak        39464KiB
ramon: group.pidpeak        3
ramon: status               exited
ramon: exitcode             0
ramon: walltime             6.383s
ramon: loadavg              1.00
