unsat
(:added-eqs                   54
 :arith-bound-propagations-lp 79
 :arith-branch                689
 :arith-conflicts             268
 :arith-cube-calls            173
 :arith-dio-calls             18
 :arith-fixed-eqs             19
 :arith-hnf-calls             38
 :arith-hnf-cuts              9
 :arith-lower                 551
 :arith-make-feasible         1345
 :arith-max-columns           178
 :arith-max-rows              106
 :arith-offset-eqs            46
 :arith-patches               698
 :arith-upper                 641
 :binary-propagations         901
 :conflicts                   289
 :decisions                   2962
 :del-clause                  410
 :final-checks                698
 :max-memory                  49.80
 :memory                      20.16
 :minimized-lits              100
 :mk-bool-var                 1477
 :mk-clause                   667
 :mk-clause-binary            231
 :num-allocs                  18421406141.00
 :num-checks                  3
 :propagations                1677
 :restarts                    1
 :rlimit-count                49268728
 :sat-backjumps               116437
 :sat-backtracks              4
 :sat-conflicts               116441
 :sat-decisions               212593
 :sat-del-clause              30054
 :sat-elim-bool-vars-res      5882
 :sat-elim-clauses            401
 :sat-elim-literals           504
 :sat-minimized-lits          2056707
 :sat-mk-clause-2ary          35060
 :sat-mk-clause-3ary          14021
 :sat-mk-clause-nary          201329
 :sat-mk-var                  28812
 :sat-probing-assigned        60
 :sat-propagations-2ary       20206708
 :sat-propagations-nary       29983453
 :sat-restarts                13983
 :sat-scc-elim-binary         113
 :sat-scc-elim-vars           2
 :sat-subs-resolution         124
 :sat-subs-resolution-dyn     60250
 :sat-subsumed                5867
 :sat-units                   68
 :time                        29.20
 :total-time                  29.21)
