ramon: cwd                  /home/runner/a/_work/z3-poly-testing/z3-poly-testing
ramon: start                Thu Jan  9 21:23:21 2025
ramon: nproc                128
ramon: sys.mem              64150 MiB
ramon: sys.mem.free         54409 MiB
ramon: sys.mem.avail        64134 MiB
ramon: sys.nprocs           2561
ramon: argv                 0 = z3
ramon: argv                 1 = /home/runner/a/_work/z3-poly-testing/z3-poly-testing/download/non-incremental/QF_NIA/AProVE/aproveSMT3019481784954096794.smt2
ramon: argv                 2 = -T:1200
ramon: childpid             823456
ramon: end                  Thu Jan  9 21:23:21 2025
ramon: root.execname        z3
ramon: root.utime           0.540s
ramon: root.stime           0.040s
ramon: group.total          0.592s
ramon: group.utime          0.547s
ramon: group.stime          0.045s
ramon: group.mempeak        54696KiB
ramon: group.pidpeak        2
ramon: status               exited
ramon: exitcode             0
ramon: walltime             0.609s
ramon: loadavg              0.97
