ramon: cwd                  /home/runner/a/_work/z3-poly-testing/z3-poly-testing
ramon: start                Thu Jan  9 21:24:20 2025
ramon: nproc                128
ramon: sys.mem              64150 MiB
ramon: sys.mem.free         53175 MiB
ramon: sys.mem.avail        64133 MiB
ramon: sys.nprocs           2592
ramon: argv                 0 = z3
ramon: argv                 1 = /home/runner/a/_work/z3-poly-testing/z3-poly-testing/download/non-incremental/QF_NIA/AProVE/aproveSMT600054775429070726.smt2
ramon: argv                 2 = -T:1200
ramon: childpid             831879
ramon: end                  Thu Jan  9 21:24:21 2025
ramon: root.execname        z3
ramon: root.utime           0.020s
ramon: root.stime           0.020s
ramon: group.total          0.047s
ramon: group.utime          0.023s
ramon: group.stime          0.023s
ramon: group.mempeak        30492KiB
ramon: group.pidpeak        2
ramon: status               exited
ramon: exitcode             0
ramon: walltime             0.071s
ramon: loadavg              0.66
