ramon: cwd                  /home/runner/a/_work/z3-poly-testing/z3-poly-testing
ramon: start                Fri Apr  4 21:46:26 2025
ramon: nproc                128
ramon: sys.mem              64150 MiB
ramon: sys.mem.free         19617 MiB
ramon: sys.mem.avail        64121 MiB
ramon: sys.nprocs           2995
ramon: argv                 0 = z3
ramon: argv                 1 = /home/runner/a/_work/z3-poly-testing/z3-poly-testing/download/non-incremental/QF_LIA/2019-ezsmt/weightedSequence/25-treeWeight-539-8leaves.smt2
ramon: argv                 2 = -T:600
ramon: argv                 3 = -st
ramon: argv                 4 = lp.dio_eqs=true
ramon: argv                 5 = lp.dio_calls_period=4
ramon: childpid             2953556
ramon: end                  Fri Apr  4 21:46:27 2025
ramon: root.execname        z3
ramon: root.utime           0.700s
ramon: root.stime           0.140s
ramon: group.total          0.851s
ramon: group.utime          0.705s
ramon: group.stime          0.146s
ramon: group.mempeak        23120KiB
ramon: group.pidpeak        3
ramon: status               exited
ramon: exitcode             0
ramon: walltime             0.883s
ramon: loadavg              0.96
