ramon: cwd                  /home/runner/a/_work/z3-poly-testing/z3-poly-testing
ramon: start                Thu Mar 20 23:09:41 2025
ramon: nproc                128
ramon: sys.mem              64150 MiB
ramon: sys.mem.free         33379 MiB
ramon: sys.mem.avail        63985 MiB
ramon: sys.nprocs           3767
ramon: argv                 0 = z3
ramon: argv                 1 = /home/runner/a/_work/z3-poly-testing/z3-poly-testing/download/non-incremental/QF_LIA/20210219-Dartagnan/ConcurrencySafety-Main/sync01-O0.smt2
ramon: argv                 2 = -T:600
ramon: argv                 3 = -st
ramon: argv                 4 = smt.arith.lp.dio_eqs=true
ramon: childpid             2754479
ramon: poll                 wall=01.006s usage=00.984s user=00.650s sys=00.334s mem=56740KiB roottime=0.650s load=0.98 rootload=0.65
ramon: poll                 wall=02.001s usage=01.978s user=01.614s sys=00.364s mem=65188KiB roottime=1.610s load=1.00 rootload=0.96
ramon: end                  Thu Mar 20 23:09:44 2025
ramon: root.execname        z3
ramon: root.utime           2.430s
ramon: root.stime           0.400s
ramon: group.total          2.836s
ramon: group.utime          2.431s
ramon: group.stime          0.405s
ramon: group.mempeak        80548KiB
ramon: group.pidpeak        2
ramon: status               exited
ramon: exitcode             0
ramon: walltime             2.862s
ramon: loadavg              0.99
