ramon: cwd                  /home/gh1/A/_work/z3-poly-testing/z3-poly-testing
ramon: start                Thu Oct 10 16:12:56 2024
ramon: nproc                32
ramon: sys.mem              63442 MiB
ramon: sys.mem.free         37818 MiB
ramon: sys.mem.avail        62993 MiB
ramon: sys.nprocs           1735
ramon: argv                 0 = z3
ramon: argv                 1 = inputs/QF_LIA/n4967-RF-00.smt2
ramon: argv                 2 = -T:60
ramon: argv                 3 = -v:2
ramon: argv                 4 = -st
ramon: childpid             1095399
ramon: end                  Thu Oct 10 16:12:56 2024
ramon: root.execname        z3
ramon: root.utime           0.010s
ramon: root.stime           0.000s
ramon: group.total          0.021s
ramon: group.utime          0.018s
ramon: group.stime          0.004s
ramon: group.mempeak        20296KiB
ramon: group.pidpeak        2
ramon: status               exited
ramon: exitcode             0
ramon: walltime             0.022s
ramon: loadavg              0.97
