ramon: cwd                  /home/gh1/A/_work/z3-poly-testing/z3-poly-testing
ramon: start                Thu Oct 10 16:14:41 2024
ramon: nproc                32
ramon: sys.mem              63442 MiB
ramon: sys.mem.free         35451 MiB
ramon: sys.mem.avail        62971 MiB
ramon: sys.nprocs           1777
ramon: argv                 0 = z3
ramon: argv                 1 = inputs/QF_LIA/n6720-prp-51-48.smt2
ramon: argv                 2 = -T:60
ramon: argv                 3 = -v:2
ramon: argv                 4 = -st
ramon: childpid             1120279
ramon: poll                 wall=1.000s usage=0.687s mem=101MiB load=0.69 rootload=0.65
ramon: poll                 wall=2.000s usage=1.672s mem=109MiB load=0.98 rootload=0.99
(smt.searching)
(smt.stats :restarts     :decisions :clauses/bin/units         :simplify  :memory)
(smt.stats        :conflicts    :propagations          :lemmas      :deletions   )
(smt.stats    0      0      0      0 247595/223121/0       0/0     0    0  161.07)
(smt.stats    0    101   2347  14658 248513/224039/0     101/14     0    0  162.33)
(smt.stats    1    202   8055  21396 248521/224045/129     204/18     1    0  163.16)
(smt.stats    2    313  26085  38892 248619/224119/192     314/37     1    0  163.74)
ramon: poll                 wall=3.000s usage=2.651s mem=164MiB load=0.98 rootload=0.95
(smt.stats    3    414  84755  79791 248542/224124/192     417/40     2   87  165.03)
(smt.stats    4    528  93474 108084 248688/224234/1295     525/120     3   87  165.22)
(smt.stats    5    650 154042 155491 248182/224234/1347     526/74     4  724  165.51)
ramon: poll                 wall=4.000s usage=3.651s mem=164MiB load=1.00 rootload=1.00
(smt.stats :restarts :decisions   :clauses/bin/units               :simplify  :memory)
(smt.stats      :conflicts :propagations                :lemmas       :deletions     )
(smt.stats    6    751 285045 254489 248405/224400/1347     650/87     4  724  165.70)
(smt.stats    7    862 426523 340502 248595/224546/1347     761/101     4  724  165.99)
(smt.stats    8    984 449644 370136 248615/224562/1347     883/113     4  724  166.29)
ramon: poll                 wall=5.000s usage=4.643s mem=165MiB load=0.99 rootload=0.99
(smt.stats    9   1118 502711 438068 248377/224585/2414     931/123     5 1070  166.68)
ramon: poll                 wall=6.002s usage=5.643s mem=166MiB load=1.00 rootload=1.00
(smt.stats   10   1219 613594 536609 248328/224624/2414    1020/136     6 1229  166.97)
ramon: poll                 wall=7.054s usage=6.686s mem=166MiB load=0.99 rootload=0.99
(smt.stats   11   1330 716070 629458 248339/224636/2729    1135/153     7 1232  167.50)
(smt.stats :restarts :decisions   :clauses/bin/units                :simplify  :memory)
(smt.stats     :conflicts  :propagations               :lemmas        :deletions      )
(smt.stats   12   1452 796837 689830 248238/224675/3419    1218/198     9 1431  167.60)
ramon: poll                 wall=8.000s usage=7.618s mem=166MiB load=0.99 rootload=0.98
(smt.stats   13   1586 834817 714852 248386/224790/3739    1334/222     9 1431  167.79)
ramon: poll                 wall=9.014s usage=8.622s mem=166MiB load=0.99 rootload=1.00
(smt.stats   14   1733 972235 797595 248016/224790/3739    1374/289    10 1958  167.79)
(smt.stats   15   1834 1023967 845679 248141/224895/3751    1478/320    11 1958  167.88)
ramon: poll                 wall=10.018s usage=9.625s mem=167MiB load=1.00 rootload=1.00
(smt.stats   16   1945 1092456 898871 248167/224920/3763    1588/345    12 1960  167.88)
(smt.stats   17   2067 1136538 930729 248185/224923/4137    1810/362    12 1960  168.08)
ramon: poll                 wall=11.000s usage=10.577s mem=167MiB load=0.97 rootload=0.97
(smt.stats :restarts :decisions     :clauses/bin/units               :simplify   :memory)
(smt.stats     :conflicts   :propagations                :lemmas        :deletions      )
(smt.stats   18   2201 1334650 1059468 248235/225067/4137    1879/348    13 2212  168.28)
ramon: poll                 wall=12.014s usage=11.586s mem=167MiB load=0.99 rootload=1.00
(smt.stats   19   2348 1378714 1093631 248339/225104/4137    2149/384    13 2212  168.47)
(smt.stats   20   2509 1396517 1121548 248606/225361/4631    2503/414    14 2217  168.66)
ramon: poll                 wall=13.010s usage=12.561s mem=168MiB load=0.98 rootload=0.98
(smt.stats   21   2610 1451251 1164936 248923/225603/4631    2617/451    14 2217  168.76)
(smt.stats   22   2721 1474031 1185314 248744/225612/4634    2650/478    15 2490  168.76)
(smt.stats   23   2843 1545261 1244194 248747/225612/4634    2848/559    15 2490  168.85)
ramon: poll                 wall=14.000s usage=13.549s mem=168MiB load=1.00 rootload=0.99
(smt.stats   24   2977 1566936 1269367 248803/225658/4907    3062/596    16 2493  168.85)
ramon: poll                 wall=15.000s usage=14.544s mem=168MiB load=1.00 rootload=1.00
(smt.stats   25   3124 1643716 1330574 248830/225676/4907    3324/637    16 2493  168.95)
(smt.stats   26   3285 1681771 1374788 248772/225718/4907    3379/711    17 2760  169.04)
(smt.stats   27   3462 1706233 1393216 248785/225730/4938    3559/746    18 2765  169.04)
(smt.stats   28   3563 1721621 1413149 248803/225745/4945    3688/781    18 2765  169.19)
ramon: poll                 wall=16.000s usage=15.543s mem=168MiB load=1.00 rootload=1.00
(smt.stats   29   3674 1806022 1480178 248824/225767/4947    3807/819    19 2784  169.19)
(smt.stats   30   3796 1818995 1498276 248832/225773/4947    3961/855    19 2784  169.19)
ramon: poll                 wall=17.000s usage=16.516s mem=168MiB load=0.97 rootload=0.97
(smt.stats   31   3930 1882389 1558433 248867/225803/4958    4148/879    20 2790  169.29)
ramon: poll                 wall=18.000s usage=17.499s mem=168MiB load=0.98 rootload=0.98
(smt.stats   32   4077 1914057 1598723 248927/225847/4985    4422/931    20 2790  169.38)
ramon: poll                 wall=19.000s usage=18.478s mem=168MiB load=0.98 rootload=0.98
ramon: poll                 wall=20.000s usage=19.474s mem=168MiB load=1.00 rootload=1.00
(smt.stats   33   4238 2011678 1749334 248960/225898/5071    4586/1020    23 2829  169.48)
ramon: poll                 wall=21.000s usage=20.467s mem=168MiB load=0.99 rootload=0.99
(smt.stats   34   4415 2162096 1853015 249002/225917/5071    4880/1051    23 2829  169.67)
(smt.stats   35   4609 2189888 1896050 248885/225995/5624    4817/1056    25 3283  169.77)
ramon: poll                 wall=22.000s usage=21.465s mem=169MiB load=1.00 rootload=1.00
(smt.stats   36   4710 2274070 1963014 248947/226046/5624    4995/1072    26 3290  169.86)
ramon: poll                 wall=23.000s usage=22.464s mem=169MiB load=1.00 rootload=1.00
(smt.stats   37   4821 2370043 2038509 248991/226076/5625    5156/1113    27 3290  170.06)
(smt.stats :restarts :decisions     :clauses/bin/units                :simplify   :memory)
(smt.stats     :conflicts   :propagations                :lemmas         :deletions      )
(smt.stats   38   4943 2414350 2088719 249072/226139/5625    5309/1160    27 3290  170.16)
(smt.delete-inactive-clauses  :num-deleted-clauses 1575)
ramon: poll                 wall=24.004s usage=23.463s mem=169MiB load=0.99 rootload=1.00
(smt.stats   39   5077 2454922 2125767 249084/226148/5625    3996/1198    27 3290  169.97)
(smt.stats   40   5224 2486380 2158672 249118/226175/5625    4163/1214    27 3290  169.97)
ramon: poll                 wall=25.002s usage=24.450s mem=169MiB load=0.99 rootload=0.99
(smt.stats   41   5385 2503839 2184933 249128/226181/5625    4341/1240    27 3290  170.19)
(smt.stats   42   5562 2516976 2209564 249133/226187/5625    4524/1275    27 3290  170.19)
ramon: poll                 wall=26.000s usage=25.422s mem=169MiB load=0.97 rootload=0.97
(smt.stats   43   5756 2594766 2283162 249141/226193/5625    4772/1313    27 3290  170.19)
(smt.stats   44   5969 2621570 2317842 249144/226202/5638    4966/1334    28 3340  170.19)
(smt.stats   45   6070 2641244 2337538 249157/226212/5738    5077/1347    28 3340  170.19)
ramon: poll                 wall=27.003s usage=26.409s mem=169MiB load=0.98 rootload=0.98
(smt.stats   46   6181 2677775 2368269 249140/226218/5738    4990/1328    29 3567  170.19)
(smt.stats   47   6303 2720444 2397219 249148/226224/5738    5141/1355    29 3567  170.28)
(smt.stats   48   6437 2747168 2425953 249148/226224/5738    5284/1388    29 3567  170.28)
ramon: poll                 wall=28.018s usage=27.403s mem=170MiB load=0.98 rootload=0.98
(smt.stats   49   6584 2775913 2443965 249157/226230/5738    5492/1405    29 3567  170.28)
(smt.stats   50   6745 2846482 2491380 249172/226242/5738    5701/1430    29 3567  170.38)
(smt.stats   51   6922 2854319 2513530 249176/226245/5738    5883/1487    29 3567  170.38)
(smt.stats   52   7116 2863283 2527392 249173/226245/5755    6079/1515    30 3574  170.38)
ramon: poll                 wall=29.006s usage=28.390s mem=170MiB load=1.00 rootload=1.00
(smt.stats   53   7329 2907963 2569374 249180/226251/5756    6295/1545    30 3574  170.38)
(smt.stats   54   7563 2947600 2605122 249193/226263/5756    6611/1682    31 3591  170.49)
(smt.stats   55   7664 2965822 2627289 249235/226297/5756    6726/1709    31 3591  170.49)
ramon: poll                 wall=30.000s usage=29.354s mem=170MiB load=0.97 rootload=0.97
(smt.stats   56   7775 2973163 2643154 249259/226315/5756    6847/1742    31 3591  170.49)
(smt.stats   57   7897 2984935 2665558 249258/226315/5761    6966/1785    32 3595  170.59)
(smt.stats :restarts :decisions     :clauses/bin/units                :simplify   :memory)
(smt.stats     :conflicts   :propagations                :lemmas         :deletions      )
(smt.stats   58   8031 2995092 2696659 249266/226321/5761    7120/1816    32 3595  170.59)
(smt.stats   59   8178 3022203 2742690 249270/226324/5761    7273/1836    32 3595  170.59)
ramon: poll                 wall=31.000s usage=30.343s mem=170MiB load=0.99 rootload=0.99
(smt.stats   60   8339 3051569 2777148 249279/226327/5761    7481/1858    32 3595  170.68)
(smt.stats   61   8516 3061816 2799800 249332/226369/5761    7733/1882    32 3595  170.68)
ramon: poll                 wall=32.001s usage=31.340s mem=170MiB load=1.00 rootload=1.00
(smt.stats   62   8710 3161145 2883359 249352/226384/5761    7974/1955    32 3595  170.78)
(smt.stats   63   8923 3210618 2939295 249373/226402/5761    8250/2012    32 3595  170.78)
ramon: poll                 wall=33.000s usage=32.337s mem=170MiB load=1.00 rootload=0.99
(smt.stats   64   9157 3285892 2997029 249400/226423/5761    8533/2049    32 3595  170.87)
ramon: poll                 wall=34.000s usage=33.321s mem=170MiB load=0.98 rootload=0.99
ramon: poll                 wall=35.000s usage=34.290s mem=170MiB load=0.97 rootload=0.97
(smt.stats   65   9414 3494483 3178219 249416/226435/5761    8798/2130    32 3595  170.97)
(smt.stats   66   9515 3502342 3192004 249438/226450/5761    8903/2140    32 3595  170.97)
(smt.stats   67   9626 3516689 3213368 249450/226459/5761    9019/2149    32 3595  170.97)
(smt.stats   68   9748 3563151 3254883 249478/226480/5761    9191/2182    32 3595  171.06)
ramon: poll                 wall=36.000s usage=35.251s mem=170MiB load=0.96 rootload=0.96
(smt.stats   69   9882 3641951 3311577 249487/226489/5761    9349/2221    32 3595  171.06)
(smt.delete-inactive-clauses  :num-deleted-clauses 1203)
(smt.stats   70  10029 3656377 3355262 249499/226498/5761    8296/2272    32 3595  171.06)
ramon: poll                 wall=37.002s usage=36.227s mem=170MiB load=0.97 rootload=0.97
(smt.stats   71  10190 3753141 3463255 249506/226504/5761    8459/2343    32 3595  171.06)
ramon: poll                 wall=38.000s usage=37.202s mem=170MiB load=0.98 rootload=0.98
(smt.stats   72  10367 3780354 3505390 249558/226545/5762    8635/2361    33 3595  171.16)
(smt.stats   73  10561 3868946 3577726 249556/226550/5823    8886/2389    34 3608  171.16)
ramon: poll                 wall=39.001s usage=38.183s mem=170MiB load=0.98 rootload=0.98
(smt.stats   74  10774 3893192 3616532 249576/226565/5823    9168/2419    34 3608  171.16)
(smt.stats   75  11008 3952631 3690741 249564/226568/5823    9412/2499    35 3633  171.25)
ramon: poll                 wall=40.006s usage=39.164s mem=170MiB load=0.98 rootload=0.97
(smt.stats   76  11265 4012438 3751655 249588/226586/5823    9727/2634    35 3633  171.25)
(smt.stats   77  11547 4045589 3798456 249594/226593/5829   10002/2658    36 3668  171.35)
ramon: poll                 wall=41.000s usage=40.135s mem=170MiB load=0.98 rootload=0.98
(smt.stats :restarts :decisions     :clauses/bin/units                :simplify   :memory)
(smt.stats    :conflicts    :propagations               :lemmas          :deletions      )
(smt.stats   78  11648 4086782 3865132 249641/226626/5829   10128/2700    36 3668  171.35)
(smt.stats   79  11759 4102002 3900549 249674/226654/5829   10269/2713    36 3668  171.45)
(smt.stats   80  11881 4127659 3927973 249702/226675/5829   10393/2737    36 3668  171.45)
ramon: poll                 wall=42.000s usage=41.100s mem=170MiB load=0.96 rootload=0.97
(smt.stats   81  12015 4139851 3952418 249692/226675/5891   10505/2769    37 3705  171.45)
(smt.stats   82  12162 4171298 3993275 249695/226678/5896   10679/2799    37 3705  171.45)
ramon: poll                 wall=43.007s usage=42.090s mem=171MiB load=0.98 rootload=0.98
(smt.stats   83  12323 4255040 4067527 249680/226678/5970   10854/2829    38 3739  171.54)
ramon: poll                 wall=44.010s usage=43.072s mem=171MiB load=0.98 rootload=0.98
(smt.stats   84  12500 4332630 4147861 249666/226681/5986   10661/2686    40 4138  171.64)
ramon: poll                 wall=45.000s usage=44.034s mem=171MiB load=0.97 rootload=0.97
(smt.stats   85  12694 4409781 4246588 249678/226690/5986   10891/2691    40 4138  171.64)
(smt.stats   86  12907 4491315 4308122 249708/226714/5986   11159/2729    41 4147  171.64)
(smt.stats   87  13141 4514092 4354492 249714/226717/5986   11425/2774    41 4147  171.73)
ramon: poll                 wall=46.050s usage=45.057s mem=171MiB load=0.97 rootload=0.97
(smt.stats   88  13398 4534034 4398912 249744/226741/5986   11697/2889    41 4147  171.73)
(smt.stats   89  13680 4581528 4471434 249748/226744/5986   11987/3047    41 4147  171.73)
ramon: poll                 wall=47.010s usage=45.980s mem=171MiB load=0.96 rootload=0.96
(smt.stats   90  13990 4604852 4550837 249768/226759/5986   12362/3134    41 4147  171.83)
(smt.stats   91  14091 4615138 4578069 249785/226774/6028   12474/3147    42 4153  171.83)
ramon: poll                 wall=48.010s usage=46.932s mem=171MiB load=0.95 rootload=0.95
(smt.stats   92  14202 4649167 4619232 249717/226777/6241   12267/3121    43 4552  171.94)
(smt.stats   93  14324 4666271 4653537 249729/226787/6243   12435/3141    43 4552  172.87)
(smt.stats   94  14458 4684826 4689706 249773/226820/6243   12593/3177    43 4552  172.87)
(smt.stats   95  14605 4686822 4705961 249784/226835/6246   12583/3175    44 4718  172.87)
(smt.stats   96  14766 4692673 4728712 249784/226835/6246   12753/3199    44 4718  172.87)
ramon: poll                 wall=49.003s usage=47.908s mem=172MiB load=0.98 rootload=0.99
(smt.stats   97  14943 4704789 4759954 249784/226835/6246   12933/3245    44 4718  172.96)
(smt.delete-inactive-clauses  :num-deleted-clauses 2180)
(smt.stats :restarts :decisions     :clauses/bin/units                :simplify   :memory)
(smt.stats    :conflicts    :propagations               :lemmas          :deletions      )
(smt.stats   98  15137 4711000 4777642 249799/226848/6246   10967/3270    45 4718  172.96)
(smt.stats   99  15350 4732648 4823846 249799/226848/6246   11211/3302    45 4718  172.96)
(smt.stats  100  15584 4745923 4851137 249799/226848/6246   11519/3413    45 4718  172.96)
ramon: poll                 wall=50.026s usage=48.893s mem=172MiB load=0.96 rootload=0.97
(smt.stats  101  15841 4786737 4916527 249803/226851/6248   11791/3480    46 4721  172.96)
(smt.stats  102  16123 4820463 5012658 249821/226866/6250   12171/3542    47 4722  172.96)
ramon: poll                 wall=51.006s usage=49.816s mem=172MiB load=0.94 rootload=0.94
(smt.stats  103  16433 4871910 5104917 249855/226891/6250   12535/3566    48 4722  173.06)
ramon: poll                 wall=52.006s usage=50.814s mem=172MiB load=1.00 rootload=1.00
(smt.stats  104  16773 4906456 5163774 249867/226900/6250   12878/3633    48 4722  173.06)
(smt.stats  105  16874 4908664 5176249 249883/226912/6250   12979/3645    48 4722  173.06)
(smt.stats  106  16985 4910958 5189109 249883/226912/6250   13090/3679    48 4722  173.06)
(smt.stats  107  17107 4924362 5221915 249883/226912/6251   13211/3697    49 4722  173.06)
(smt.stats  108  17241 4933431 5248794 249883/226912/6251   13346/3705    49 4722  173.06)
ramon: poll                 wall=53.014s usage=51.776s mem=172MiB load=0.95 rootload=0.95
(smt.stats  109  17388 4978886 5309604 249884/226912/6251   13505/3755    49 4722  173.06)
(smt.stats  110  17549 4985700 5338715 249895/226921/6251   13668/3806    49 4722  173.16)
(smt.stats  111  17726 5002595 5378110 249895/226921/6251   13845/3860    49 4722  173.16)
(smt.stats  112  17920 5027196 5416232 249895/226921/6251   14041/3909    49 4722  173.16)
ramon: poll                 wall=54.014s usage=52.749s mem=172MiB load=0.97 rootload=0.97
(smt.stats  113  18133 5070310 5454846 249903/226927/6251   14264/3936    49 4722  173.16)
(smt.stats  114  18367 5103128 5496968 249903/226927/6252   14498/3982    50 4722  173.16)
(smt.stats  115  18624 5120024 5536835 249911/226933/6252   14755/4031    50 4722  173.26)
(smt.stats  116  18906 5147340 5596254 249915/226936/6252   15050/4098    50 4722  173.26)
ramon: poll                 wall=55.006s usage=53.701s mem=172MiB load=0.96 rootload=0.96
(smt.stats  117  19216 5164911 5652508 249913/226936/6260   15357/4154    51 4729  173.26)
(smt.stats :restarts :decisions     :clauses/bin/units                :simplify   :memory)
(smt.stats    :conflicts    :propagations               :lemmas          :deletions      )
(smt.stats  118  19556 5258209 5744863 249913/226936/6260   15714/4194    51 4729  173.36)
ramon: poll                 wall=56.000s usage=54.622s mem=172MiB load=0.93 rootload=0.93
(smt.stats  119  19930 5353804 5859912 249921/226942/6263   16098/4226    52 4732  173.45)
(smt.delete-inactive-clauses  :num-deleted-clauses 2887)
(smt.stats  120  20031 5356379 5874319 249957/226970/6263   13312/4258    52 4732  173.45)
ramon: poll                 wall=57.000s usage=55.608s mem=172MiB load=0.99 rootload=0.99
(smt.stats  121  20142 5379211 5913493 249956/226970/6504   13457/4273    53 4733  173.45)
(smt.stats  122  20264 5397363 5948965 249956/226970/6519   13587/4291    53 4733  173.45)
(smt.stats  123  20398 5400721 5964125 249875/226970/6519   12867/4051    54 5680  173.45)
(smt.stats  124  20545 5409213 5985880 249875/226970/6519   13029/4095    54 5680  173.45)
ramon: poll                 wall=58.000s usage=56.534s mem=172MiB load=0.93 rootload=0.93
(smt.stats  125  20706 5420769 6018665 249879/226973/6522   13064/4067    55 5806  173.45)
(smt.stats  126  20883 5425140 6034217 249879/226973/6522   13243/4091    55 5806  173.45)
(smt.stats  127  21077 5436618 6071005 249880/226973/6522   13453/4122    55 5806  173.45)
(smt.stats  128  21290 5455696 6115466 249890/226982/6526   13659/4169    56 5818  173.45)
(smt.stats  129  21524 5469544 6169271 249877/226982/6685   13935/4192    57 5838  173.55)
ramon: poll                 wall=59.000s usage=57.444s mem=172MiB load=0.91 rootload=0.91
(smt.stats  130  21781 5500064 6242134 249892/226994/6772   14215/4255    57 5838  173.55)
(smt.stats  131  22063 5525239 6312219 249843/227004/6887   14361/4250    58 6126  173.55)
ramon: poll                 wall=60.010s usage=58.423s mem=172MiB load=0.97 rootload=0.96
ramon: end                  Thu Oct 10 16:15:41 2024
ramon: root.execname        z3
ramon: root.utime           58.430s
ramon: root.stime           0.070s
ramon: group.total          58.512s
ramon: group.utime          58.436s
ramon: group.stime          0.076s
ramon: group.mempeak        173MiB
ramon: group.pidpeak        2
ramon: status               exited
ramon: exitcode             0
ramon: walltime             60.099s
ramon: loadavg              0.97
