sat
(:added-eqs                   3964516
 :arith-eq-adapter            4599
 :arith-assume-eqs            4
 :arith-bound-propagations-lp 2956
 :arith-conflicts             98
 :arith-diseq                 132274
 :arith-fixed-eqs             83563
 :arith-lower                 141660
 :arith-make-feasible         55862
 :arith-max-columns           2850
 :arith-max-rows              1358
 :arith-offset-eqs            39619
 :arith-upper                 180240
 :binary-propagations         11405410
 :conflicts                   31070
 :decisions                   2292113
 :del-clause                  25537
 :elim-unconstrained          2
 :final-checks                3
 :interface-eqs               2
 :max-memory                  60.83
 :memory                      34.11
 :minimized-lits              130104
 :mk-bool-var                 32684
 :mk-clause                   43060
 :mk-clause-binary            24290
 :num-allocs                  361145687
 :num-checks                  1
 :propagations                15243924
 :restarts                    168
 :rlimit-count                52963257
 :time                        19.95
 :total-time                  19.67)
