unsat
(:added-eqs                   9
 :arith-bound-propagations-lp 118
 :arith-branch                3
 :arith-conflicts             96
 :arith-fixed-eqs             9
 :arith-gcd-calls             3
 :arith-lower                 505
 :arith-make-feasible         294
 :arith-max-columns           28
 :arith-max-rows              13
 :arith-offset-eqs            17
 :arith-patches               3
 :arith-upper                 455
 :binary-propagations         548
 :conflicts                   108
 :decisions                   122
 :del-clause                  180
 :final-checks                3
 :max-memory                  18.49
 :memory                      17.81
 :minimized-lits              76
 :mk-bool-var                 80
 :mk-clause                   224
 :mk-clause-binary            63
 :num-allocs                  158846
 :num-checks                  1
 :propagations                720
 :rlimit-count                15490
 :solve-eqs-elim-vars         2
 :solve-eqs-steps             12
 :time                        0.01
 :total-time                  0.01)
