ramon: cwd                  /home/gh1/A/_work/z3-poly-testing/z3-poly-testing
ramon: start                Fri Dec 27 13:41:57 2024
ramon: nproc                32
ramon: sys.mem              63442 MiB
ramon: sys.mem.free         21782 MiB
ramon: sys.mem.avail        62492 MiB
ramon: sys.nprocs           1497
ramon: argv                 0 = z3
ramon: argv                 1 = inputs/QF_BV_SAT/run_00000.trace.cond_019659_0x950130a_00.smt2
ramon: argv                 2 = -T:20
ramon: argv                 3 = -v:2
ramon: argv                 4 = -st
ramon: argv                 5 = tactic.default_tactic=(then simplify propagate-values solve-eqs simplify sls-smt)
ramon: argv                 6 = model_validate=true
ramon: childpid             679768
ramon: poll                 wall=1.000s usage=0.886s mem=18580KiB load=0.89 rootload=0.88
(sat.ddfw :unsat :models :kflips/sec  :flips  :restarts  :reinits  :unsat_vars  :shifts)
(sat.ddfw       4     60   7.96178     10000         0          0            1        1)
ramon: poll                 wall=2.000s usage=1.874s mem=18580KiB load=0.99 rootload=0.99
(sat.ddfw       4     91   4.06171     20004         0          1            4        2)
ramon: poll                 wall=3.000s usage=2.861s mem=18580KiB load=0.99 rootload=0.99
ramon: poll                 wall=4.003s usage=3.860s mem=18580KiB load=1.00 rootload=1.00
(sat.ddfw       4    107   4.07832     40000        13          2            3        4)
ramon: poll                 wall=5.003s usage=4.835s mem=18580KiB load=0.97 rootload=0.97
ramon: poll                 wall=6.000s usage=5.831s mem=18580KiB load=1.00 rootload=1.00
ramon: poll                 wall=7.000s usage=6.823s mem=18580KiB load=0.99 rootload=0.99
(sat.ddfw       0      1   2.69035     59766        24          3            0        6)
ramon: end                  Fri Dec 27 13:42:05 2024
ramon: root.execname        z3
ramon: root.utime           7.250s
ramon: root.stime           0.000s
ramon: group.total          7.253s
ramon: group.utime          7.253s
ramon: group.stime          0.000s
ramon: group.mempeak        19016KiB
ramon: group.pidpeak        2
ramon: status               exited
ramon: exitcode             0
ramon: walltime             7.430s
ramon: loadavg              0.98
