ramon: cwd                  /home/runner/a/_work/z3-poly-testing/z3-poly-testing
ramon: start                Mon Mar 10 11:03:49 2025
ramon: nproc                128
ramon: sys.mem              64150 MiB
ramon: sys.mem.free         30650 MiB
ramon: sys.mem.avail        63990 MiB
ramon: sys.nprocs           3165
ramon: argv                 0 = z3
ramon: argv                 1 = inputs/QF_LIA/n8227-ring_2exp10_8vars_5ite_unsat.smt2
ramon: argv                 2 = -T:600
ramon: argv                 3 = -st
ramon: argv                 4 = smt.arith.lp.dio_eqs=false
ramon: childpid             2159794
ramon: poll                 wall=01.004s usage=00.952s user=00.863s sys=00.089s mem=21236KiB roottime=0.860s load=0.95 rootload=0.86
ramon: poll                 wall=02.000s usage=01.938s user=01.843s sys=00.096s mem=21820KiB roottime=1.840s load=0.99 rootload=0.98
ramon: end                  Mon Mar 10 11:03:51 2025
ramon: root.execname        z3
ramon: root.utime           2.180s
ramon: root.stime           0.110s
ramon: group.total          2.297s
ramon: group.utime          2.186s
ramon: group.stime          0.111s
ramon: group.mempeak        21944KiB
ramon: group.pidpeak        2
ramon: status               exited
ramon: exitcode             0
ramon: walltime             2.363s
ramon: loadavg              0.97
