ramon: cwd                  /home/runner/a/_work/z3-poly-testing/z3-poly-testing
ramon: start                Mon Mar 10 11:11:21 2025
ramon: nproc                128
ramon: sys.mem              64150 MiB
ramon: sys.mem.free         28568 MiB
ramon: sys.mem.avail        63989 MiB
ramon: sys.nprocs           3098
ramon: argv                 0 = z3
ramon: argv                 1 = inputs/QF_LIA/n8303-ring_2exp14_7vars_4ite_unsat.smt2
ramon: argv                 2 = -T:600
ramon: argv                 3 = -st
ramon: argv                 4 = smt.arith.lp.dio_eqs=false
ramon: childpid             2198432
ramon: poll                 wall=01.010s usage=00.987s user=00.935s sys=00.052s mem=21584KiB roottime=0.930s load=0.98 rootload=0.92
ramon: end                  Mon Mar 10 11:11:23 2025
ramon: root.execname        z3
ramon: root.utime           1.280s
ramon: root.stime           0.060s
ramon: group.total          1.345s
ramon: group.utime          1.285s
ramon: group.stime          0.060s
ramon: group.mempeak        21680KiB
ramon: group.pidpeak        2
ramon: status               exited
ramon: exitcode             0
ramon: walltime             1.377s
ramon: loadavg              0.98
