ramon: cwd                  /home/runner/a/_work/z3-poly-testing/z3-poly-testing
ramon: start                Tue Mar 18 14:43:42 2025
ramon: nproc                128
ramon: sys.mem              64150 MiB
ramon: sys.mem.free         18449 MiB
ramon: sys.mem.avail        64063 MiB
ramon: sys.nprocs           3631
ramon: argv                 0 = z3
ramon: argv                 1 = /home/runner/a/_work/z3-poly-testing/z3-poly-testing/download/non-incremental/QF_LIA/nec-smt/large/bftpd_login/prp-19-48.smt2
ramon: argv                 2 = -T:600
ramon: argv                 3 = -st
ramon: argv                 4 = smt.arith.lp.dio_eqs=true
ramon: childpid             1450016
ramon: poll                 wall=01.005s usage=00.945s user=00.754s sys=00.190s mem=33636KiB roottime=0.750s load=0.94 rootload=0.75
ramon: poll                 wall=02.008s usage=01.926s user=01.720s sys=00.206s mem=36420KiB roottime=1.720s load=0.98 rootload=0.97
ramon: poll                 wall=03.010s usage=02.896s user=02.670s sys=00.227s mem=38296KiB roottime=2.670s load=0.97 rootload=0.95
ramon: poll                 wall=04.024s usage=03.898s user=03.499s sys=00.399s mem=57656KiB roottime=3.490s load=0.99 rootload=0.81
ramon: poll                 wall=05.011s usage=04.875s user=04.447s sys=00.428s mem=61004KiB roottime=4.440s load=0.99 rootload=0.96
ramon: poll                 wall=06.003s usage=05.861s user=05.402s sys=00.459s mem=64528KiB roottime=5.400s load=0.99 rootload=0.97
ramon: poll                 wall=07.012s usage=06.841s user=06.112s sys=00.729s mem=99728KiB roottime=6.110s load=0.97 rootload=0.70
ramon: poll                 wall=08.008s usage=07.830s user=07.071s sys=00.758s mem=100MiB roottime=7.070s load=0.99 rootload=0.96
ramon: poll                 wall=09.009s usage=08.821s user=08.036s sys=00.786s mem=105MiB roottime=8.030s load=0.99 rootload=0.96
ramon: poll                 wall=10.013s usage=09.811s user=08.501s sys=01.310s mem=237MiB roottime=8.500s load=0.99 rootload=0.47
ramon: poll                 wall=11.004s usage=10.794s user=09.447s sys=01.347s mem=176MiB roottime=9.440s load=0.99 rootload=0.95
ramon: poll                 wall=12.002s usage=11.789s user=10.417s sys=01.373s mem=179MiB roottime=10.410s load=1.00 rootload=0.97
ramon: poll                 wall=13.000s usage=12.784s user=11.391s sys=01.393s mem=181MiB roottime=11.390s load=1.00 rootload=0.98
ramon: poll                 wall=14.000s usage=13.781s user=12.345s sys=01.436s mem=190MiB roottime=12.340s load=1.00 rootload=0.95
ramon: poll                 wall=15.006s usage=14.784s user=13.348s sys=01.436s mem=190MiB roottime=13.340s load=1.00 rootload=0.99
ramon: poll                 wall=16.002s usage=15.777s user=14.338s sys=01.439s mem=190MiB roottime=14.330s load=1.00 rootload=0.99
ramon: poll                 wall=17.001s usage=16.771s user=15.331s sys=01.440s mem=190MiB roottime=15.330s load=1.00 rootload=1.00
ramon: poll                 wall=18.001s usage=17.769s user=16.329s sys=01.440s mem=190MiB roottime=16.320s load=1.00 rootload=0.99
ramon: poll                 wall=19.002s usage=18.767s user=17.323s sys=01.444s mem=190MiB roottime=17.320s load=1.00 rootload=1.00
ramon: poll                 wall=20.000s usage=19.763s user=18.283s sys=01.479s mem=196MiB roottime=18.280s load=1.00 rootload=0.96
ramon: poll                 wall=21.001s usage=20.760s user=19.244s sys=01.515s mem=200MiB roottime=19.240s load=1.00 rootload=0.96
ramon: poll                 wall=22.001s usage=21.758s user=20.210s sys=01.548s mem=203MiB roottime=20.210s load=1.00 rootload=0.97
ramon: poll                 wall=23.003s usage=22.759s user=21.183s sys=01.576s mem=206MiB roottime=21.180s load=1.00 rootload=0.97
ramon: poll                 wall=24.003s usage=23.759s user=22.147s sys=01.613s mem=213MiB roottime=22.140s load=1.00 rootload=0.96
ramon: poll                 wall=25.003s usage=24.754s user=23.140s sys=01.613s mem=213MiB roottime=23.140s load=0.99 rootload=1.00
ramon: poll                 wall=26.006s usage=25.755s user=24.105s sys=01.649s mem=221MiB roottime=24.100s load=1.00 rootload=0.96
ramon: poll                 wall=27.005s usage=26.751s user=25.102s sys=01.650s mem=221MiB roottime=25.100s load=1.00 rootload=1.00
ramon: poll                 wall=28.001s usage=27.747s user=26.084s sys=01.663s mem=223MiB roottime=26.080s load=1.00 rootload=0.98
ramon: poll                 wall=29.012s usage=28.755s user=27.091s sys=01.664s mem=224MiB roottime=27.090s load=1.00 rootload=1.00
ramon: poll                 wall=30.010s usage=29.753s user=28.089s sys=01.664s mem=224MiB roottime=28.090s load=1.00 rootload=1.00
ramon: poll                 wall=31.011s usage=30.750s user=29.086s sys=01.664s mem=224MiB roottime=29.080s load=1.00 rootload=0.99
ramon: poll                 wall=32.001s usage=31.738s user=30.074s sys=01.664s mem=224MiB roottime=30.070s load=1.00 rootload=1.00
ramon: poll                 wall=33.012s usage=32.743s user=31.079s sys=01.664s mem=224MiB roottime=31.070s load=0.99 rootload=0.99
ramon: poll                 wall=34.008s usage=33.739s user=32.075s sys=01.664s mem=224MiB roottime=32.070s load=1.00 rootload=1.00
ramon: poll                 wall=35.026s usage=34.756s user=33.092s sys=01.664s mem=224MiB roottime=33.090s load=1.00 rootload=1.00
ramon: poll                 wall=36.023s usage=35.753s user=34.089s sys=01.664s mem=224MiB roottime=34.080s load=1.00 rootload=0.99
ramon: poll                 wall=37.005s usage=36.732s user=35.066s sys=01.665s mem=224MiB roottime=35.060s load=1.00 rootload=1.00
ramon: poll                 wall=38.005s usage=37.730s user=36.064s sys=01.665s mem=224MiB roottime=36.060s load=1.00 rootload=1.00
ramon: poll                 wall=39.002s usage=38.724s user=37.057s sys=01.666s mem=224MiB roottime=37.050s load=1.00 rootload=0.99
ramon: poll                 wall=40.006s usage=39.727s user=38.060s sys=01.666s mem=224MiB roottime=38.060s load=1.00 rootload=1.01
ramon: poll                 wall=41.004s usage=40.723s user=39.056s sys=01.666s mem=224MiB roottime=39.050s load=1.00 rootload=0.99
ramon: poll                 wall=42.007s usage=41.726s user=40.059s sys=01.666s mem=224MiB roottime=40.050s load=1.00 rootload=1.00
ramon: poll                 wall=43.000s usage=42.718s user=41.051s sys=01.667s mem=224MiB roottime=41.050s load=1.00 rootload=1.01
ramon: poll                 wall=44.007s usage=43.724s user=42.058s sys=01.667s mem=224MiB roottime=42.050s load=1.00 rootload=0.99
ramon: poll                 wall=45.000s usage=44.717s user=42.208s sys=02.509s mem=441MiB roottime=42.200s load=1.00 rootload=0.15
ramon: poll                 wall=46.013s usage=45.729s user=43.066s sys=02.664s mem=484MiB roottime=43.060s load=1.00 rootload=0.85
ramon: poll                 wall=47.003s usage=46.719s user=44.016s sys=02.703s mem=354MiB roottime=44.010s load=1.00 rootload=0.96
ramon: poll                 wall=48.005s usage=47.719s user=45.016s sys=02.703s mem=354MiB roottime=45.010s load=1.00 rootload=1.00
ramon: poll                 wall=49.000s usage=48.713s user=46.010s sys=02.703s mem=354MiB roottime=46.010s load=1.00 rootload=1.01
ramon: poll                 wall=50.006s usage=49.718s user=47.015s sys=02.703s mem=354MiB roottime=47.010s load=1.00 rootload=0.99
ramon: poll                 wall=51.002s usage=50.686s user=47.983s sys=02.703s mem=354MiB roottime=47.980s load=0.97 rootload=0.97
ramon: poll                 wall=52.000s usage=51.663s user=48.943s sys=02.720s mem=356MiB roottime=48.940s load=0.98 rootload=0.96
ramon: poll                 wall=53.006s usage=52.666s user=49.892s sys=02.774s mem=364MiB roottime=49.890s load=1.00 rootload=0.94
ramon: poll                 wall=54.001s usage=53.657s user=50.283s sys=03.374s mem=506MiB roottime=50.280s load=1.00 rootload=0.39
ramon: poll                 wall=55.009s usage=54.665s user=50.309s sys=04.355s mem=717MiB roottime=50.300s load=1.00 rootload=0.02
ramon: poll                 wall=56.032s usage=55.686s user=50.616s sys=05.070s mem=890MiB roottime=50.610s load=1.00 rootload=0.30
ramon: poll                 wall=57.009s usage=56.661s user=51.591s sys=05.070s mem=890MiB roottime=51.590s load=1.00 rootload=1.00
ramon: poll                 wall=58.017s usage=57.666s user=52.475s sys=05.191s mem=645MiB roottime=52.470s load=1.00 rootload=0.87
ramon: poll                 wall=59.021s usage=58.668s user=53.408s sys=05.260s mem=658MiB roottime=53.400s load=1.00 rootload=0.93
ramon: poll                 wall=01m00.014s usage=59.660s user=54.386s sys=05.274s mem=660MiB roottime=54.380s load=1.00 rootload=0.99
ramon: poll                 wall=01m01.003s usage=01m00.647s user=55.373s sys=05.274s mem=660MiB roottime=55.370s load=1.00 rootload=1.00
ramon: poll                 wall=01m02.010s usage=01m01.651s user=56.377s sys=05.274s mem=660MiB roottime=56.370s load=1.00 rootload=0.99
ramon: poll                 wall=01m03.008s usage=01m02.645s user=57.364s sys=05.281s mem=661MiB roottime=57.360s load=1.00 rootload=0.99
ramon: poll                 wall=01m04.010s usage=01m03.647s user=58.344s sys=05.302s mem=663MiB roottime=58.340s load=1.00 rootload=0.98
ramon: poll                 wall=01m05.005s usage=01m04.640s user=59.317s sys=05.323s mem=666MiB roottime=59.310s load=1.00 rootload=0.97
ramon: poll                 wall=01m06.010s usage=01m05.609s user=01m00.266s sys=05.342s mem=671MiB roottime=60.260s load=0.96 rootload=0.95
ramon: poll                 wall=01m07.008s usage=01m06.601s user=01m01.210s sys=05.390s mem=682MiB roottime=61.210s load=0.99 rootload=0.95
ramon: poll                 wall=01m08.040s usage=01m07.632s user=01m02.187s sys=05.445s mem=694MiB roottime=62.180s load=1.00 rootload=0.94
ramon: poll                 wall=01m09.016s usage=01m08.605s user=01m03.160s sys=05.445s mem=694MiB roottime=63.160s load=1.00 rootload=1.00
ramon: poll                 wall=01m10.010s usage=01m09.598s user=01m04.153s sys=05.445s mem=694MiB roottime=64.150s load=1.00 rootload=1.00
ramon: poll                 wall=01m11.016s usage=01m10.603s user=01m05.157s sys=05.445s mem=694MiB roottime=65.150s load=1.00 rootload=0.99
ramon: poll                 wall=01m12.007s usage=01m11.593s user=01m06.138s sys=05.455s mem=696MiB roottime=66.140s load=1.00 rootload=1.00
ramon: poll                 wall=01m13.016s usage=01m12.601s user=01m07.100s sys=05.501s mem=706MiB roottime=67.100s load=1.00 rootload=0.95
ramon: poll                 wall=01m14.006s usage=01m13.590s user=01m07.983s sys=05.607s mem=721MiB roottime=67.980s load=1.00 rootload=0.89
ramon: poll                 wall=01m15.003s usage=01m14.586s user=01m08.837s sys=05.749s mem=748MiB roottime=68.830s load=1.00 rootload=0.85
ramon: poll                 wall=01m16.006s usage=01m15.558s user=01m09.687s sys=05.871s mem=769MiB roottime=69.680s load=0.97 rootload=0.85
ramon: poll                 wall=01m17.005s usage=01m16.555s user=01m10.585s sys=05.970s mem=789MiB roottime=70.580s load=1.00 rootload=0.90
ramon: poll                 wall=01m18.001s usage=01m17.492s user=01m11.407s sys=06.085s mem=810MiB roottime=71.400s load=0.94 rootload=0.82
ramon: poll                 wall=01m19.005s usage=01m18.490s user=01m12.230s sys=06.260s mem=832MiB roottime=72.230s load=0.99 rootload=0.83
ramon: poll                 wall=01m20.005s usage=01m19.488s user=01m13.119s sys=06.369s mem=850MiB roottime=73.110s load=1.00 rootload=0.88
ramon: poll                 wall=01m21.004s usage=01m20.484s user=01m13.989s sys=06.495s mem=861MiB roottime=73.980s load=1.00 rootload=0.87
ramon: poll                 wall=01m22.001s usage=01m21.478s user=01m14.758s sys=06.720s mem=874MiB roottime=74.750s load=1.00 rootload=0.77
ramon: poll                 wall=01m23.001s usage=01m22.409s user=01m15.049s sys=07.360s mem=885MiB roottime=75.040s load=0.93 rootload=0.29
ramon: poll                 wall=01m24.283s usage=01m29.221s user=01m15.755s sys=13.466s mem=886MiB roottime=75.770s load=5.31 rootload=0.57
ramon: poll                 wall=01m30.618s usage=01m29.318s user=01m15.851s sys=13.467s mem=886MiB roottime=75.850s load=0.02 rootload=0.01
ramon: poll                 wall=01m31.000s usage=01m29.697s user=01m16.229s sys=13.468s mem=886MiB roottime=76.220s load=0.99 rootload=0.97
ramon: poll                 wall=01m32.017s usage=01m30.644s user=01m17.165s sys=13.480s mem=887MiB roottime=77.160s load=0.93 rootload=0.92
ramon: poll                 wall=01m33.000s usage=01m31.523s user=01m18.044s sys=13.480s mem=887MiB roottime=78.040s load=0.89 rootload=0.89
ramon: poll                 wall=01m34.000s usage=01m32.490s user=01m19.005s sys=13.485s mem=887MiB roottime=79.000s load=0.97 rootload=0.96
ramon: poll                 wall=01m35.003s usage=01m33.473s user=01m19.984s sys=13.489s mem=887MiB roottime=79.980s load=0.98 rootload=0.98
ramon: poll                 wall=01m36.000s usage=01m34.449s user=01m20.957s sys=13.492s mem=888MiB roottime=80.960s load=0.98 rootload=0.98
ramon: poll                 wall=01m37.001s usage=01m35.449s user=01m21.949s sys=13.500s mem=888MiB roottime=81.940s load=1.00 rootload=0.98
ramon: poll                 wall=01m38.051s usage=01m36.499s user=01m22.896s sys=13.603s mem=888MiB roottime=82.890s load=1.00 rootload=0.90
ramon: poll                 wall=01m41.292s usage=01m47.234s user=01m22.947s sys=24.287s mem=888MiB roottime=82.940s load=3.31 rootload=0.02
ramon: poll                 wall=01m49.628s usage=01m47.245s user=01m22.957s sys=24.287s mem=888MiB roottime=82.950s load=0.00 rootload=0.00
ramon: poll                 wall=01m50.004s usage=01m47.538s user=01m23.250s sys=24.288s mem=889MiB roottime=83.250s load=0.78 rootload=0.80
ramon: poll                 wall=01m51.010s usage=01m48.501s user=01m24.212s sys=24.289s mem=889MiB roottime=84.210s load=0.96 rootload=0.95
ramon: poll                 wall=01m52.023s usage=01m49.518s user=01m25.227s sys=24.291s mem=889MiB roottime=85.240s load=1.00 rootload=1.02
ramon: poll                 wall=01m53.005s usage=01m50.492s user=01m26.200s sys=24.292s mem=889MiB roottime=86.200s load=0.99 rootload=0.98
ramon: poll                 wall=01m54.001s usage=01m51.486s user=01m27.186s sys=24.301s mem=891MiB roottime=87.180s load=1.00 rootload=0.98
ramon: poll                 wall=01m56.551s usage=02m05.417s user=01m28.161s sys=37.256s mem=892MiB roottime=88.160s load=5.46 rootload=0.38
ramon: poll                 wall=02m08.920s usage=02m05.422s user=01m28.166s sys=37.256s mem=892MiB roottime=88.160s load=0.00 rootload=0.00
ramon: poll                 wall=02m09.001s usage=02m05.502s user=01m28.244s sys=37.258s mem=892MiB roottime=88.240s load=0.99 rootload=0.99
ramon: poll                 wall=02m10.001s usage=02m06.502s user=01m29.242s sys=37.260s mem=892MiB roottime=89.240s load=1.00 rootload=1.00
ramon: poll                 wall=02m11.003s usage=02m07.504s user=01m30.243s sys=37.261s mem=892MiB roottime=90.240s load=1.00 rootload=1.00
ramon: poll                 wall=02m12.006s usage=02m08.507s user=01m31.246s sys=37.261s mem=892MiB roottime=91.240s load=1.00 rootload=1.00
ramon: poll                 wall=02m13.000s usage=02m09.500s user=01m32.239s sys=37.261s mem=892MiB roottime=92.240s load=1.00 rootload=1.01
ramon: poll                 wall=02m14.048s usage=02m10.548s user=01m33.286s sys=37.263s mem=893MiB roottime=94.300s load=1.00 rootload=1.97
ramon: poll                 wall=02m19.310s usage=02m15.618s user=01m34.395s sys=41.223s mem=893MiB roottime=94.390s load=0.96 rootload=0.02
ramon: poll                 wall=02m20.006s usage=02m16.314s user=01m35.091s sys=41.223s mem=893MiB roottime=95.090s load=1.00 rootload=1.01
ramon: poll                 wall=02m21.016s usage=02m17.324s user=01m36.100s sys=41.224s mem=893MiB roottime=96.100s load=1.00 rootload=1.00
ramon: poll                 wall=02m22.000s usage=02m18.307s user=01m37.083s sys=41.224s mem=893MiB roottime=97.080s load=1.00 rootload=1.00
ramon: poll                 wall=02m23.279s usage=02m19.576s user=01m38.019s sys=41.557s mem=893MiB roottime=98.010s load=0.99 rootload=0.73
ramon: poll                 wall=02m24.044s usage=02m20.193s user=01m38.505s sys=41.688s mem=894MiB roottime=98.500s load=0.81 rootload=0.64
ramon: poll                 wall=02m25.238s usage=02m21.314s user=01m39.081s sys=42.233s mem=893MiB roottime=99.080s load=0.94 rootload=0.49
ramon: poll                 wall=02m27.768s usage=02m23.502s user=01m39.206s sys=44.295s mem=894MiB roottime=99.210s load=0.86 rootload=0.05
ramon: poll                 wall=02m32.428s usage=02m27.558s user=01m40.156s sys=47.402s mem=893MiB roottime=100.150s load=0.87 rootload=0.20
ramon: poll                 wall=02m33.011s usage=02m28.134s user=01m40.732s sys=47.402s mem=893MiB roottime=100.730s load=0.99 rootload=0.99
ramon: poll                 wall=02m34.006s usage=02m29.128s user=01m41.726s sys=47.402s mem=893MiB roottime=101.720s load=1.00 rootload=1.00
ramon: poll                 wall=02m35.003s usage=02m29.984s user=01m42.582s sys=47.402s mem=893MiB roottime=102.580s load=0.86 rootload=0.86
ramon: poll                 wall=02m36.015s usage=02m30.993s user=01m43.590s sys=47.402s mem=893MiB roottime=103.590s load=1.00 rootload=1.00
ramon: poll                 wall=02m37.002s usage=02m31.956s user=01m44.431s sys=47.524s mem=894MiB roottime=104.430s load=0.98 rootload=0.85
ramon: poll                 wall=02m38.086s usage=02m33.042s user=01m44.541s sys=48.501s mem=894MiB roottime=104.940s load=1.00 rootload=0.47
ramon: poll                 wall=02m42.124s usage=02m36.919s user=01m44.945s sys=51.974s mem=894MiB roottime=104.940s load=0.96 rootload=0.00
ramon: poll                 wall=02m43.002s usage=02m37.769s user=01m45.727s sys=52.042s mem=895MiB roottime=105.720s load=0.97 rootload=0.89
ramon: poll                 wall=02m44.018s usage=02m38.682s user=01m45.994s sys=52.688s mem=895MiB roottime=105.990s load=0.90 rootload=0.27
ramon: poll                 wall=02m56.841s usage=02m49.988s user=01m46.246s sys=01m03.741s mem=895MiB roottime=106.240s load=0.88 rootload=0.02
ramon: poll                 wall=02m57.006s usage=02m50.153s user=01m46.412s sys=01m03.741s mem=895MiB roottime=106.410s load=1.00 rootload=1.03
ramon: poll                 wall=02m58.007s usage=02m51.153s user=01m47.410s sys=01m03.743s mem=896MiB roottime=107.410s load=1.00 rootload=1.00
ramon: poll                 wall=02m59.000s usage=02m52.146s user=01m48.402s sys=01m03.744s mem=896MiB roottime=108.400s load=1.00 rootload=1.00
ramon: poll                 wall=03m00.021s usage=02m53.167s user=01m49.412s sys=01m03.755s mem=898MiB roottime=109.410s load=1.00 rootload=0.99
ramon: poll                 wall=03m01.014s usage=02m54.159s user=01m50.403s sys=01m03.757s mem=898MiB roottime=110.400s load=1.00 rootload=1.00
ramon: poll                 wall=03m02.014s usage=02m55.159s user=01m51.402s sys=01m03.757s mem=898MiB roottime=111.400s load=1.00 rootload=1.00
ramon: poll                 wall=03m03.009s usage=02m56.154s user=01m52.396s sys=01m03.758s mem=899MiB roottime=112.390s load=1.00 rootload=1.00
ramon: poll                 wall=03m04.258s usage=02m57.402s user=01m53.322s sys=01m04.080s mem=899MiB roottime=113.320s load=1.00 rootload=0.75
ramon: poll                 wall=03m05.184s usage=03m12.380s user=01m54.325s sys=01m18.054s mem=899MiB roottime=114.340s load=16.16 rootload=1.10
ramon: poll                 wall=03m24.698s usage=03m15.083s user=01m54.354s sys=01m20.730s mem=899MiB roottime=114.350s load=0.14 rootload=0.00
ramon: poll                 wall=03m25.007s usage=03m15.350s user=01m54.620s sys=01m20.730s mem=899MiB roottime=114.620s load=0.87 rootload=0.88
ramon: poll                 wall=03m26.000s usage=03m16.344s user=01m55.614s sys=01m20.730s mem=899MiB roottime=115.610s load=1.00 rootload=1.00
ramon: poll                 wall=03m27.001s usage=03m17.344s user=01m56.613s sys=01m20.731s mem=899MiB roottime=116.610s load=1.00 rootload=1.00
ramon: poll                 wall=03m28.003s usage=03m18.346s user=01m57.614s sys=01m20.731s mem=899MiB roottime=117.610s load=1.00 rootload=1.00
ramon: poll                 wall=03m29.029s usage=03m32.398s user=01m58.426s sys=01m33.972s mem=899MiB roottime=118.420s load=13.69 rootload=0.79
ramon: poll                 wall=03m43.606s usage=03m32.543s user=01m58.571s sys=01m33.973s mem=899MiB roottime=118.570s load=0.01 rootload=0.01
ramon: poll                 wall=03m44.000s usage=03m32.937s user=01m58.964s sys=01m33.973s mem=899MiB roottime=118.960s load=1.00 rootload=0.99
ramon: poll                 wall=03m45.006s usage=03m33.937s user=01m59.965s sys=01m33.973s mem=899MiB roottime=119.960s load=0.99 rootload=0.99
ramon: poll                 wall=03m50.324s usage=03m41.403s user=02m00.315s sys=01m41.088s mem=899MiB roottime=120.490s load=1.40 rootload=0.10
ramon: poll                 wall=03m53.851s usage=03m41.583s user=02m00.495s sys=01m41.088s mem=899MiB roottime=120.490s load=0.05 rootload=0.00
ramon: poll                 wall=03m54.000s usage=03m41.733s user=02m00.645s sys=01m41.088s mem=899MiB roottime=120.640s load=1.00 rootload=1.00
ramon: poll                 wall=03m55.004s usage=03m42.736s user=02m01.648s sys=01m41.088s mem=899MiB roottime=121.640s load=1.00 rootload=1.00
ramon: poll                 wall=03m56.522s usage=03m44.448s user=02m03.119s sys=01m41.329s mem=899MiB roottime=123.110s load=1.13 rootload=0.97
ramon: poll                 wall=03m57.000s usage=03m44.728s user=02m03.398s sys=01m41.329s mem=899MiB roottime=123.390s load=0.58 rootload=0.58
ramon: poll                 wall=03m59.817s usage=03m50.978s user=02m04.033s sys=01m46.944s mem=899MiB roottime=124.200s load=2.22 rootload=0.29
ramon: poll                 wall=04m04.551s usage=03m51.216s user=02m04.228s sys=01m46.988s mem=899MiB roottime=124.220s load=0.05 rootload=0.00
ramon: poll                 wall=04m05.042s usage=03m51.705s user=02m04.716s sys=01m46.990s mem=899MiB roottime=124.710s load=1.00 rootload=1.00
ramon: poll                 wall=04m06.023s usage=03m52.686s user=02m05.696s sys=01m46.990s mem=899MiB roottime=125.690s load=1.00 rootload=1.00
ramon: poll                 wall=04m07.027s usage=03m53.690s user=02m06.699s sys=01m46.991s mem=899MiB roottime=126.690s load=1.00 rootload=1.00
ramon: poll                 wall=04m08.002s usage=03m54.664s user=02m07.673s sys=01m46.991s mem=899MiB roottime=127.670s load=1.00 rootload=1.01
ramon: poll                 wall=04m09.001s usage=03m55.644s user=02m08.652s sys=01m46.992s mem=899MiB roottime=128.650s load=0.98 rootload=0.98
ramon: poll                 wall=04m10.018s usage=03m56.649s user=02m09.655s sys=01m46.993s mem=899MiB roottime=129.680s load=0.99 rootload=1.01
ramon: poll                 wall=04m11.019s usage=03m57.649s user=02m10.655s sys=01m46.994s mem=899MiB roottime=130.650s load=1.00 rootload=0.97
ramon: poll                 wall=04m12.002s usage=03m58.629s user=02m11.634s sys=01m46.995s mem=899MiB roottime=131.630s load=1.00 rootload=1.00
ramon: poll                 wall=04m13.001s usage=03m59.628s user=02m12.633s sys=01m46.995s mem=899MiB roottime=132.630s load=1.00 rootload=1.00
ramon: poll                 wall=04m14.001s usage=04m00.627s user=02m13.632s sys=01m46.996s mem=899MiB roottime=133.630s load=1.00 rootload=1.00
ramon: poll                 wall=04m15.004s usage=04m01.626s user=02m14.630s sys=01m46.996s mem=899MiB roottime=134.630s load=1.00 rootload=1.00
ramon: poll                 wall=04m16.001s usage=04m02.623s user=02m15.627s sys=01m46.996s mem=899MiB roottime=135.620s load=1.00 rootload=0.99
ramon: poll                 wall=04m17.010s usage=04m03.630s user=02m16.634s sys=01m46.997s mem=899MiB roottime=136.630s load=1.00 rootload=1.00
ramon: poll                 wall=04m18.002s usage=04m04.612s user=02m17.612s sys=01m47.001s mem=899MiB roottime=137.610s load=0.99 rootload=0.99
ramon: poll                 wall=04m19.010s usage=04m05.620s user=02m18.619s sys=01m47.001s mem=899MiB roottime=138.610s load=1.00 rootload=0.99
ramon: poll                 wall=04m20.012s usage=04m06.621s user=02m19.620s sys=01m47.001s mem=899MiB roottime=139.620s load=1.00 rootload=1.01
ramon: poll                 wall=04m21.002s usage=04m07.611s user=02m20.608s sys=01m47.003s mem=899MiB roottime=140.600s load=1.00 rootload=0.99
ramon: poll                 wall=04m22.001s usage=04m08.610s user=02m21.607s sys=01m47.003s mem=899MiB roottime=141.600s load=1.00 rootload=1.00
ramon: poll                 wall=04m23.005s usage=04m09.612s user=02m22.608s sys=01m47.003s mem=899MiB roottime=142.600s load=1.00 rootload=1.00
ramon: poll                 wall=04m24.007s usage=04m10.602s user=02m23.565s sys=01m47.037s mem=899MiB roottime=143.560s load=0.99 rootload=0.96
ramon: poll                 wall=04m25.000s usage=04m11.592s user=02m24.553s sys=01m47.038s mem=899MiB roottime=144.550s load=1.00 rootload=1.00
ramon: poll                 wall=04m26.000s usage=04m12.591s user=02m25.553s sys=01m47.039s mem=899MiB roottime=145.550s load=1.00 rootload=1.00
ramon: poll                 wall=04m27.010s usage=04m13.601s user=02m26.562s sys=01m47.039s mem=899MiB roottime=146.560s load=1.00 rootload=1.00
ramon: poll                 wall=04m28.009s usage=04m14.598s user=02m27.558s sys=01m47.040s mem=899MiB roottime=147.550s load=1.00 rootload=0.99
ramon: poll                 wall=04m29.019s usage=04m15.608s user=02m28.567s sys=01m47.041s mem=899MiB roottime=148.560s load=1.00 rootload=1.00
ramon: poll                 wall=04m30.013s usage=04m16.579s user=02m29.539s sys=01m47.041s mem=899MiB roottime=149.530s load=0.98 rootload=0.98
ramon: poll                 wall=04m31.019s usage=04m17.585s user=02m30.543s sys=01m47.041s mem=899MiB roottime=150.540s load=1.00 rootload=1.00
ramon: poll                 wall=04m32.003s usage=04m18.510s user=02m31.469s sys=01m47.041s mem=899MiB roottime=151.460s load=0.94 rootload=0.94
ramon: poll                 wall=04m33.055s usage=04m19.494s user=02m32.451s sys=01m47.043s mem=899MiB roottime=152.450s load=0.94 rootload=0.94
ramon: poll                 wall=04m34.000s usage=04m20.437s user=02m33.393s sys=01m47.044s mem=899MiB roottime=153.390s load=1.00 rootload=0.99
ramon: poll                 wall=04m35.001s usage=04m21.432s user=02m34.387s sys=01m47.045s mem=899MiB roottime=154.380s load=0.99 rootload=0.99
ramon: poll                 wall=04m36.003s usage=04m22.419s user=02m35.280s sys=01m47.139s mem=899MiB roottime=155.280s load=0.99 rootload=0.90
ramon: poll                 wall=04m37.001s usage=04m23.413s user=02m36.219s sys=01m47.194s mem=899MiB roottime=156.220s load=1.00 rootload=0.94
ramon: poll                 wall=04m38.002s usage=04m24.413s user=02m37.132s sys=01m47.281s mem=899MiB roottime=157.130s load=1.00 rootload=0.91
ramon: poll                 wall=04m39.003s usage=04m25.405s user=02m38.122s sys=01m47.283s mem=899MiB roottime=158.120s load=0.99 rootload=0.99
ramon: poll                 wall=04m40.003s usage=04m26.406s user=02m39.121s sys=01m47.285s mem=899MiB roottime=159.120s load=1.00 rootload=1.00
ramon: poll                 wall=04m41.002s usage=04m27.403s user=02m40.118s sys=01m47.285s mem=899MiB roottime=160.110s load=1.00 rootload=0.99
ramon: poll                 wall=04m42.002s usage=04m28.404s user=02m41.118s sys=01m47.286s mem=899MiB roottime=161.110s load=1.00 rootload=1.00
ramon: poll                 wall=04m43.003s usage=04m29.403s user=02m42.117s sys=01m47.286s mem=899MiB roottime=162.110s load=1.00 rootload=1.00
ramon: poll                 wall=04m44.013s usage=04m30.392s user=02m43.106s sys=01m47.286s mem=899MiB roottime=163.100s load=0.98 rootload=0.98
ramon: poll                 wall=04m45.033s usage=04m31.409s user=02m44.116s sys=01m47.293s mem=899MiB roottime=164.110s load=1.00 rootload=0.99
ramon: poll                 wall=04m46.014s usage=04m32.389s user=02m45.096s sys=01m47.293s mem=899MiB roottime=165.090s load=1.00 rootload=1.00
ramon: poll                 wall=04m47.034s usage=04m33.383s user=02m46.090s sys=01m47.293s mem=899MiB roottime=166.090s load=0.97 rootload=0.98
ramon: poll                 wall=04m48.003s usage=04m34.346s user=02m46.956s sys=01m47.390s mem=899MiB roottime=166.960s load=0.99 rootload=0.90
ramon: poll                 wall=04m49.001s usage=04m35.343s user=02m47.952s sys=01m47.390s mem=899MiB roottime=167.950s load=1.00 rootload=0.99
ramon: poll                 wall=04m50.003s usage=04m36.345s user=02m48.954s sys=01m47.391s mem=899MiB roottime=168.960s load=1.00 rootload=1.01
ramon: poll                 wall=04m51.005s usage=04m37.304s user=02m49.896s sys=01m47.407s mem=899MiB roottime=169.890s load=0.96 rootload=0.93
ramon: poll                 wall=04m52.014s usage=04m38.276s user=02m50.868s sys=01m47.407s mem=899MiB roottime=170.860s load=0.96 rootload=0.96
ramon: poll                 wall=04m53.009s usage=04m39.262s user=02m51.854s sys=01m47.407s mem=899MiB roottime=171.850s load=0.99 rootload=1.00
ramon: poll                 wall=04m54.002s usage=04m40.197s user=02m52.789s sys=01m47.407s mem=899MiB roottime=172.780s load=0.94 rootload=0.94
ramon: poll                 wall=04m55.038s usage=04m41.231s user=02m53.824s sys=01m47.407s mem=899MiB roottime=173.820s load=1.00 rootload=1.00
ramon: poll                 wall=04m56.000s usage=04m42.194s user=02m54.728s sys=01m47.466s mem=899MiB roottime=174.730s load=1.00 rootload=0.95
ramon: poll                 wall=04m57.349s usage=04m43.538s user=02m55.843s sys=01m47.695s mem=899MiB roottime=175.840s load=1.00 rootload=0.82
ramon: poll                 wall=04m58.001s usage=04m44.190s user=02m56.478s sys=01m47.712s mem=900MiB roottime=176.470s load=1.00 rootload=0.97
ramon: poll                 wall=04m59.002s usage=04m45.190s user=02m57.478s sys=01m47.712s mem=900MiB roottime=177.470s load=1.00 rootload=1.00
ramon: poll                 wall=05m00.001s usage=04m46.188s user=02m58.475s sys=01m47.713s mem=900MiB roottime=178.470s load=1.00 rootload=1.00
ramon: poll                 wall=05m01.003s usage=04m47.190s user=02m59.476s sys=01m47.714s mem=900MiB roottime=179.470s load=1.00 rootload=1.00
ramon: poll                 wall=05m02.001s usage=04m48.187s user=03m00.473s sys=01m47.714s mem=900MiB roottime=180.470s load=1.00 rootload=1.00
ramon: poll                 wall=05m03.001s usage=04m49.186s user=03m01.472s sys=01m47.714s mem=900MiB roottime=181.470s load=1.00 rootload=1.00
ramon: poll                 wall=05m04.004s usage=04m50.190s user=03m02.475s sys=01m47.715s mem=900MiB roottime=182.470s load=1.00 rootload=1.00
ramon: poll                 wall=05m05.001s usage=04m51.186s user=03m03.470s sys=01m47.716s mem=900MiB roottime=183.470s load=1.00 rootload=1.00
ramon: poll                 wall=05m06.013s usage=04m52.198s user=03m04.482s sys=01m47.716s mem=900MiB roottime=184.480s load=1.00 rootload=1.00
ramon: poll                 wall=05m07.005s usage=04m53.189s user=03m05.472s sys=01m47.717s mem=900MiB roottime=185.470s load=1.00 rootload=1.00
ramon: poll                 wall=05m08.001s usage=04m54.185s user=03m06.467s sys=01m47.718s mem=900MiB roottime=186.460s load=1.00 rootload=0.99
ramon: poll                 wall=05m09.007s usage=04m55.190s user=03m07.472s sys=01m47.718s mem=900MiB roottime=187.470s load=1.00 rootload=1.00
ramon: poll                 wall=05m10.133s usage=04m56.316s user=03m08.597s sys=01m47.720s mem=899MiB roottime=188.690s load=1.00 rootload=1.08
ramon: poll                 wall=05m11.447s usage=04m57.343s user=03m08.897s sys=01m48.446s mem=899MiB roottime=188.890s load=0.78 rootload=0.15
ramon: poll                 wall=05m12.013s usage=04m57.910s user=03m09.463s sys=01m48.447s mem=899MiB roottime=189.460s load=1.00 rootload=1.01
ramon: poll                 wall=05m13.006s usage=04m58.903s user=03m10.455s sys=01m48.447s mem=900MiB roottime=190.450s load=1.00 rootload=1.00
ramon: poll                 wall=05m14.001s usage=04m59.896s user=03m11.448s sys=01m48.449s mem=900MiB roottime=191.440s load=1.00 rootload=1.00
ramon: poll                 wall=05m15.003s usage=05m00.899s user=03m12.450s sys=01m48.449s mem=900MiB roottime=192.450s load=1.00 rootload=1.01
ramon: poll                 wall=05m16.005s usage=05m01.901s user=03m13.451s sys=01m48.449s mem=900MiB roottime=193.450s load=1.00 rootload=1.00
ramon: poll                 wall=05m17.040s usage=05m02.929s user=03m14.371s sys=01m48.558s mem=900MiB roottime=194.370s load=0.99 rootload=0.89
ramon: poll                 wall=05m18.082s usage=05m04.142s user=03m15.583s sys=01m48.559s mem=900MiB roottime=195.580s load=1.16 rootload=1.16
ramon: poll                 wall=05m19.107s usage=05m04.980s user=03m16.421s sys=01m48.559s mem=900MiB roottime=196.420s load=0.82 rootload=0.82
ramon: poll                 wall=05m21.263s usage=05m06.800s user=03m17.071s sys=01m49.729s mem=900MiB roottime=197.230s load=0.84 rootload=0.38
ramon: poll                 wall=05m23.157s usage=05m08.284s user=03m17.607s sys=01m50.677s mem=900MiB roottime=197.600s load=0.78 rootload=0.20
ramon: poll                 wall=05m26.801s usage=05m11.577s user=03m17.836s sys=01m53.741s mem=900MiB roottime=197.830s load=0.90 rootload=0.06
ramon: poll                 wall=05m27.000s usage=05m11.647s user=03m17.905s sys=01m53.742s mem=900MiB roottime=197.900s load=0.35 rootload=0.35
ramon: poll                 wall=05m28.641s usage=05m13.520s user=03m18.814s sys=01m54.706s mem=900MiB roottime=198.810s load=1.14 rootload=0.55
ramon: poll                 wall=05m29.287s usage=05m13.848s user=03m19.114s sys=01m54.735s mem=900MiB roottime=199.110s load=0.51 rootload=0.46
ramon: poll                 wall=05m32.568s usage=05m16.998s user=03m19.290s sys=01m57.708s mem=900MiB roottime=199.290s load=0.96 rootload=0.05
ramon: poll                 wall=05m33.037s usage=05m17.395s user=03m19.685s sys=01m57.710s mem=900MiB roottime=199.680s load=0.85 rootload=0.83
ramon: poll                 wall=05m34.012s usage=05m18.367s user=03m20.547s sys=01m57.820s mem=900MiB roottime=200.540s load=1.00 rootload=0.88
ramon: poll                 wall=05m35.138s usage=05m19.746s user=03m21.290s sys=01m58.455s mem=900MiB roottime=201.290s load=1.22 rootload=0.67
ramon: poll                 wall=05m36.053s usage=05m20.365s user=03m21.291s sys=01m59.075s mem=900MiB roottime=201.290s load=0.68 rootload=0.00
ramon: poll                 wall=05m48.889s usage=05m32.080s user=03m21.310s sys=02m10.770s mem=900MiB roottime=201.310s load=0.91 rootload=0.00
ramon: poll                 wall=05m49.034s usage=05m32.225s user=03m21.454s sys=02m10.771s mem=900MiB roottime=201.450s load=0.99 rootload=0.96
ramon: poll                 wall=05m50.022s usage=05m33.213s user=03m22.441s sys=02m10.771s mem=900MiB roottime=202.440s load=1.00 rootload=1.00
ramon: poll                 wall=05m51.567s usage=05m37.545s user=03m22.715s sys=02m14.830s mem=900MiB roottime=202.730s load=2.80 rootload=0.19
ramon: poll                 wall=05m54.572s usage=05m37.591s user=03m22.750s sys=02m14.841s mem=900MiB roottime=202.750s load=0.02 rootload=0.01
ramon: poll                 wall=05m55.090s usage=05m38.107s user=03m23.265s sys=02m14.841s mem=900MiB roottime=203.260s load=1.00 rootload=0.98
ramon: poll                 wall=05m56.052s usage=05m39.068s user=03m24.226s sys=02m14.842s mem=900MiB roottime=204.220s load=1.00 rootload=1.00
ramon: poll                 wall=05m57.413s usage=05m40.788s user=03m25.123s sys=02m15.666s mem=900MiB roottime=205.120s load=1.26 rootload=0.66
ramon: poll                 wall=05m58.014s usage=05m41.012s user=03m25.346s sys=02m15.666s mem=900MiB roottime=205.340s load=0.37 rootload=0.37
ramon: poll                 wall=06m02.738s usage=05m49.903s user=03m25.574s sys=02m24.329s mem=900MiB roottime=205.570s load=1.88 rootload=0.05
ramon: poll                 wall=06m19.032s usage=06m00.394s user=03m25.657s sys=02m34.738s mem=900MiB roottime=205.680s load=0.64 rootload=0.01
ramon: poll                 wall=06m20.001s usage=06m01.362s user=03m26.624s sys=02m34.738s mem=900MiB roottime=206.620s load=1.00 rootload=0.97
ramon: poll                 wall=06m21.009s usage=06m02.370s user=03m27.632s sys=02m34.738s mem=900MiB roottime=207.630s load=1.00 rootload=1.00
ramon: poll                 wall=06m22.014s usage=06m03.375s user=03m28.637s sys=02m34.739s mem=900MiB roottime=208.630s load=1.00 rootload=1.00
ramon: poll                 wall=06m33.553s usage=06m15.324s user=03m29.471s sys=02m45.853s mem=900MiB roottime=209.470s load=1.04 rootload=0.07
ramon: poll                 wall=06m35.055s usage=06m15.332s user=03m29.479s sys=02m45.853s mem=900MiB roottime=209.470s load=0.01 rootload=0.00
ramon: poll                 wall=06m37.483s usage=06m17.555s user=03m30.368s sys=02m47.187s mem=900MiB roottime=210.360s load=0.92 rootload=0.37
ramon: poll                 wall=06m37.620s usage=06m17.569s user=03m30.369s sys=02m47.200s mem=900MiB roottime=210.360s load=0.11 rootload=0.00
ramon: poll                 wall=06m38.013s usage=06m17.960s user=03m30.759s sys=02m47.200s mem=900MiB roottime=210.750s load=0.99 rootload=0.99
ramon: poll                 wall=06m39.169s usage=06m19.114s user=03m31.826s sys=02m47.287s mem=900MiB roottime=211.820s load=1.00 rootload=0.93
ramon: poll                 wall=06m40.743s usage=06m20.548s user=03m31.826s sys=02m48.722s mem=900MiB roottime=211.820s load=0.91 rootload=0.00
ramon: poll                 wall=06m44.269s usage=06m23.704s user=03m32.035s sys=02m51.669s mem=900MiB roottime=212.030s load=0.90 rootload=0.06
ramon: poll                 wall=06m45.078s usage=06m24.512s user=03m32.842s sys=02m51.670s mem=900MiB roottime=212.840s load=1.00 rootload=1.00
ramon: poll                 wall=06m46.008s usage=06m25.440s user=03m33.770s sys=02m51.670s mem=900MiB roottime=213.770s load=1.00 rootload=1.00
ramon: poll                 wall=06m47.025s usage=06m29.769s user=03m34.471s sys=02m55.299s mem=901MiB roottime=214.550s load=4.26 rootload=0.77
ramon: poll                 wall=06m50.772s usage=06m29.864s user=03m34.566s sys=02m55.299s mem=901MiB roottime=214.560s load=0.03 rootload=0.00
ramon: poll                 wall=06m51.001s usage=06m30.089s user=03m34.791s sys=02m55.299s mem=901MiB roottime=214.790s load=0.98 rootload=1.01
ramon: poll                 wall=06m54.710s usage=06m33.528s user=03m35.131s sys=02m58.398s mem=44824KiB roottime=215.130s load=0.93 rootload=0.09
ramon: end                  Tue Mar 18 14:50:37 2025
ramon: root.execname        z3
ramon: root.utime           215.130s
ramon: root.stime           178.410s
ramon: group.total          393.544s
ramon: group.utime          215.131s
ramon: group.stime          178.413s
ramon: group.mempeak        901MiB
ramon: group.pidpeak        2
ramon: status               terminated by signal
[31mramon: signal               9 (SIGKILL Killed)[0m
ramon: core dumped          false
ramon: exitcode             137
ramon: walltime             418.475s
ramon: loadavg              0.94
