ramon: cwd                  /home/gh1/A/_work/z3-poly-testing/z3-poly-testing
ramon: start                Sun Sep  1 16:37:14 2024
ramon: nproc                32
ramon: sys.mem              63442 MiB
ramon: sys.mem.free         37265 MiB
ramon: sys.mem.avail        62839 MiB
ramon: sys.nprocs           5301
ramon: argv                 0 = z3
ramon: argv                 1 = inputs/QF_BV_SAT/innd_innd_vc33153.smt2
ramon: argv                 2 = -T:3
ramon: argv                 3 = model_validate=true
ramon: argv                 4 = -v:2
ramon: argv                 5 = -st
ramon: argv                 6 = tactic.default_tactic=(then simplify propagate-values solve-eqs simplify sls-smt)
ramon: childpid             1236523
UNITS -0 -1 -26 98 -105 126 133 134
(sat.ddfw :unsat :models :kflips/sec  :flips  :restarts  :reinits  :unsat_vars  :shifts)
(sat.ddfw       1      2   181.836     10001        12          0            1       82)
(sat.ddfw       2      1   80.6371     20000        42          1            3      467)
(sat.ddfw       6      2   75.7992     40011       103          2           10      644)
(sat.ddfw       1      4   64.2184     70001       188          3            1     1294)
(sat.ddfw       1      2   56.2588    110001       280          4            1     1903)
ramon: poll                 wall=1.000s usage=0.938s user=0.938s sys=0.000s mem=18556KiB roottime=0.930s load=0.94 rootload=0.93
(sat.ddfw       1      2   49.6524    160001       431          5            1     2386)
(sat.ddfw       2      2   44.0205    220001       579          6            3     3655)
(sat.ddfw       3      3   38.2552    290008       765          7            5     4363)
ramon: poll                 wall=2.001s usage=1.935s user=1.935s sys=0.000s mem=18556KiB roottime=1.930s load=1.00 rootload=1.00
(sat.ddfw       1      7    33.695    370000       985          8            3     5635)
ramon: poll                 wall=3.005s usage=2.939s user=2.939s sys=0.000s mem=18556KiB roottime=2.930s load=1.00 rootload=1.00
(sat.ddfw       4      1   30.0903    460000      1239          9            9     6547)
ramon: end                  Sun Sep  1 16:37:17 2024
ramon: root.execname        z3
ramon: root.utime           2.980s
ramon: root.stime           0.000s
ramon: group.total          2.984s
ramon: group.utime          2.984s
ramon: group.stime          0.000s
ramon: group.mempeak        19016KiB
ramon: group.pidpeak        2
ramon: status               exited
ramon: exitcode             0
ramon: walltime             3.050s
ramon: loadavg              0.98
