ramon: cwd                  /home/runner/a/_work/z3-poly-testing/z3-poly-testing
ramon: start                Fri Apr  4 20:30:01 2025
ramon: nproc                128
ramon: sys.mem              64150 MiB
ramon: sys.mem.free         25368 MiB
ramon: sys.mem.avail        64066 MiB
ramon: sys.nprocs           3079
ramon: argv                 0 = z3
ramon: argv                 1 = /home/runner/a/_work/z3-poly-testing/z3-poly-testing/download/non-incremental/QF_LIA/miplib2003/fast0507.sat.smt2
ramon: argv                 2 = -T:600
ramon: argv                 3 = -st
ramon: argv                 4 = lp.dio_eqs=true
ramon: argv                 5 = lp.dio_calls_period=4
ramon: childpid             2643565
ramon: poll                 wall=01.030s usage=01.000s user=00.611s sys=00.388s mem=74520KiB roottime=0.610s load=0.97 rootload=0.59
ramon: poll                 wall=02.001s usage=01.964s user=01.241s sys=00.723s mem=97428KiB roottime=1.240s load=0.99 rootload=0.65
ramon: poll                 wall=03.028s usage=02.989s user=02.010s sys=00.979s mem=153MiB roottime=2.000s load=1.00 rootload=0.74
ramon: poll                 wall=04.020s usage=03.979s user=02.659s sys=01.319s mem=172MiB roottime=2.650s load=1.00 rootload=0.66
ramon: poll                 wall=05.006s usage=04.964s user=03.618s sys=01.345s mem=177MiB roottime=3.610s load=1.00 rootload=0.97
ramon: poll                 wall=06.000s usage=05.956s user=04.584s sys=01.373s mem=179MiB roottime=4.580s load=1.00 rootload=0.98
ramon: poll                 wall=07.002s usage=06.958s user=05.563s sys=01.395s mem=182MiB roottime=5.560s load=1.00 rootload=0.98
ramon: poll                 wall=08.000s usage=07.955s user=06.547s sys=01.409s mem=184MiB roottime=6.540s load=1.00 rootload=0.98
ramon: poll                 wall=09.002s usage=08.955s user=07.527s sys=01.428s mem=187MiB roottime=7.520s load=1.00 rootload=0.98
ramon: poll                 wall=10.000s usage=09.953s user=08.484s sys=01.469s mem=195MiB roottime=8.480s load=1.00 rootload=0.96
ramon: poll                 wall=11.000s usage=10.952s user=09.464s sys=01.488s mem=201MiB roottime=9.460s load=1.00 rootload=0.98
ramon: poll                 wall=12.010s usage=11.961s user=10.459s sys=01.502s mem=202MiB roottime=10.450s load=1.00 rootload=0.98
ramon: poll                 wall=13.012s usage=12.962s user=11.427s sys=01.536s mem=210MiB roottime=11.420s load=1.00 rootload=0.97
ramon: poll                 wall=14.006s usage=13.956s user=12.420s sys=01.536s mem=210MiB roottime=12.420s load=1.00 rootload=1.01
ramon: poll                 wall=15.009s usage=14.958s user=13.421s sys=01.537s mem=210MiB roottime=13.420s load=1.00 rootload=1.00
ramon: poll                 wall=16.007s usage=15.955s user=13.951s sys=02.004s mem=332MiB roottime=13.950s load=1.00 rootload=0.53
ramon: poll                 wall=17.007s usage=16.954s user=14.371s sys=02.583s mem=475MiB roottime=14.370s load=1.00 rootload=0.42
ramon: poll                 wall=18.011s usage=17.958s user=15.254s sys=02.703s mem=358MiB roottime=15.250s load=1.00 rootload=0.88
ramon: poll                 wall=19.007s usage=18.953s user=16.188s sys=02.765s mem=370MiB roottime=16.180s load=1.00 rootload=0.93
ramon: poll                 wall=20.004s usage=19.950s user=17.123s sys=02.827s mem=383MiB roottime=17.120s load=1.00 rootload=0.94
ramon: poll                 wall=21.005s usage=20.950s user=18.079s sys=02.871s mem=389MiB roottime=18.070s load=1.00 rootload=0.95
ramon: poll                 wall=22.006s usage=21.951s user=19.066s sys=02.885s mem=391MiB roottime=19.060s load=1.00 rootload=0.99
ramon: poll                 wall=23.000s usage=22.945s user=20.041s sys=02.903s mem=396MiB roottime=20.040s load=1.00 rootload=0.99
ramon: poll                 wall=24.006s usage=23.950s user=21.047s sys=02.903s mem=396MiB roottime=21.040s load=1.00 rootload=0.99
ramon: poll                 wall=25.000s usage=24.944s user=22.040s sys=02.904s mem=396MiB roottime=22.030s load=1.00 rootload=1.00
ramon: poll                 wall=26.008s usage=25.951s user=23.047s sys=02.904s mem=396MiB roottime=23.040s load=1.00 rootload=1.00
ramon: poll                 wall=27.005s usage=26.948s user=24.042s sys=02.906s mem=397MiB roottime=24.040s load=1.00 rootload=1.00
ramon: poll                 wall=28.000s usage=27.943s user=24.944s sys=02.998s mem=418MiB roottime=24.940s load=1.00 rootload=0.90
ramon: poll                 wall=29.005s usage=28.947s user=25.863s sys=03.084s mem=438MiB roottime=25.860s load=1.00 rootload=0.92
ramon: poll                 wall=30.002s usage=29.943s user=26.859s sys=03.084s mem=438MiB roottime=26.850s load=1.00 rootload=0.99
ramon: poll                 wall=31.001s usage=30.943s user=27.858s sys=03.084s mem=438MiB roottime=27.850s load=1.00 rootload=1.00
ramon: poll                 wall=32.003s usage=31.944s user=28.845s sys=03.099s mem=420MiB roottime=28.840s load=1.00 rootload=0.99
ramon: poll                 wall=33.005s usage=32.945s user=29.377s sys=03.568s mem=501MiB roottime=29.370s load=1.00 rootload=0.53
ramon: poll                 wall=34.011s usage=33.951s user=29.856s sys=04.095s mem=566MiB roottime=29.850s load=1.00 rootload=0.48
ramon: poll                 wall=35.007s usage=34.947s user=30.216s sys=04.731s mem=727MiB roottime=30.210s load=1.00 rootload=0.36
ramon: poll                 wall=36.003s usage=35.943s user=30.819s sys=05.123s mem=827MiB roottime=30.820s load=1.00 rootload=0.61
ramon: poll                 wall=37.005s usage=36.944s user=31.670s sys=05.273s mem=436MiB roottime=31.670s load=1.00 rootload=0.85
ramon: poll                 wall=38.004s usage=37.940s user=32.666s sys=05.274s mem=436MiB roottime=32.660s load=1.00 rootload=0.99
ramon: poll                 wall=39.008s usage=38.943s user=33.669s sys=05.274s mem=436MiB roottime=33.670s load=1.00 rootload=1.01
ramon: poll                 wall=40.006s usage=39.941s user=34.667s sys=05.274s mem=436MiB roottime=34.660s load=1.00 rootload=0.99
ramon: poll                 wall=41.011s usage=40.944s user=35.670s sys=05.274s mem=436MiB roottime=35.660s load=1.00 rootload=1.00
ramon: poll                 wall=42.004s usage=41.936s user=36.659s sys=05.277s mem=436MiB roottime=36.650s load=1.00 rootload=1.00
ramon: end                  Fri Apr  4 20:30:44 2025
ramon: root.execname        z3
ramon: root.utime           37.310s
ramon: root.stime           5.410s
ramon: group.total          42.729s
ramon: group.utime          37.313s
ramon: group.stime          5.416s
ramon: group.mempeak        827MiB
ramon: group.pidpeak        2
ramon: status               exited
ramon: exitcode             0
ramon: walltime             42.807s
ramon: loadavg              1.00
