ramon: cwd                  /home/gh1/A/_work/z3-poly-testing/z3-poly-testing
ramon: start                Wed Jan 22 20:42:43 2025
ramon: nproc                32
ramon: sys.mem              63441 MiB
ramon: sys.mem.free         24211 MiB
ramon: sys.mem.avail        59520 MiB
ramon: sys.nprocs           1406
ramon: argv                 0 = z3
ramon: argv                 1 = inputs/QF_NIA_CInteger/Stroeder_15__NonTermination2_false-termination.c__p24918_terminationG_0.smt2
ramon: argv                 2 = -T:60
ramon: argv                 3 = -v:2
ramon: argv                 4 = -st
ramon: argv                 5 = tactic.default_tactic=(then simplify propagate-values solve-eqs simplify smt)
ramon: argv                 6 = smt.sls.enable=true
ramon: argv                 7 = smt.sls.parallel=false
ramon: argv                 8 = model_validate=true
ramon: argv                 9 = sls.arith_use_clausal_lookahead=true
ramon: childpid             3363149
(smt.searching)
(smt.stats :restarts     :decisions :clauses/bin/units      :simplify   :memory)
(smt.stats        :conflicts    :propagations       :lemmas      :deletions   )
(smt.stats    0      0      0      0  1340/1308/8       0/0     0    0   19.24)
SMT -> SLS phase
SMT -> SLS values
bounded run 30000
(sat.ddfw :unsat :models :kflips/sec  :flips  :restarts  :reinits  :unsat_vars  :shifts)
(sat.ddfw       1      3   446.708     10721         0          0            3     3500)
(sat.ddfw       1      4     26.68     11388         0          1            2     3719)
sls-result l_undef
SLS -> SMT phase 1
SLS -> SMT values
(nlsat :conflicts 2 :decisions 0 :propagations 188 :clauses 386 :learned 2)
SMT -> SLS phase
SMT -> SLS values
bounded run 20000
(sat.ddfw :unsat :models :kflips/sec  :flips  :restarts  :reinits  :unsat_vars  :shifts)
(sat.ddfw       1      2   88.7727      5859         0          0            2     1739)
sls-result l_undef
SLS -> SMT phase 1
SLS -> SMT values
SMT -> SLS phase
SMT -> SLS values
bounded run 10000
(sat.ddfw :unsat :models :kflips/sec  :flips  :restarts  :reinits  :unsat_vars  :shifts)
(sat.ddfw       1      1   27.5875      2207         0          0            2      588)
sls-result l_undef
SLS -> SMT phase 1
SLS -> SMT values
SMT -> SLS phase
SMT -> SLS values
bounded run 10000
(sat.ddfw :unsat :models :kflips/sec  :flips  :restarts  :reinits  :unsat_vars  :shifts)
(sat.ddfw       2      1   17.9892      1673         0          0            3      514)
sls-result l_undef
SMT -> SLS phase
SMT -> SLS values
bounded run 10000
(sat.ddfw :unsat :models :kflips/sec  :flips  :restarts  :reinits  :unsat_vars  :shifts)
(sat.ddfw       1      1   15.0952      1585         0          0            2      468)
sls-result l_undef
SLS -> SMT phase 1
SLS -> SMT values
SMT -> SLS phase
SMT -> SLS values
bounded run 10000
(sat.ddfw :unsat :models :kflips/sec  :flips  :restarts  :reinits  :unsat_vars  :shifts)
(sat.ddfw       1      1   15.5812      1823         0          0            2      532)
sls-result l_undef
SLS -> SMT phase 1
SLS -> SMT values
SMT -> SLS phase
SMT -> SLS values
bounded run 10000
(sat.ddfw :unsat :models :kflips/sec  :flips  :restarts  :reinits  :unsat_vars  :shifts)
(sat.ddfw       2      1   11.3028      1605         0          0            3      408)
sls-result l_undef
SMT -> SLS phase
SMT -> SLS values
bounded run 10000
(sat.ddfw :unsat :models :kflips/sec  :flips  :restarts  :reinits  :unsat_vars  :shifts)
(sat.ddfw       2      1   9.15385      1428         0          0            3      443)
sls-result l_undef
SMT -> SLS phase
SMT -> SLS values
bounded run 10000
(sat.ddfw :unsat :models :kflips/sec  :flips  :restarts  :reinits  :unsat_vars  :shifts)
(sat.ddfw       1      1   8.97674      1544         0          0            2      326)
sls-result l_undef
SLS -> SMT phase 1
SLS -> SMT values
SMT -> SLS phase
SMT -> SLS values
bounded run 10000
(sat.ddfw :unsat :models :kflips/sec  :flips  :restarts  :reinits  :unsat_vars  :shifts)
(sat.ddfw       1      1   7.60106      1429         0          0            2      311)
sls-result l_undef
SLS -> SMT phase 1
SLS -> SMT values
SMT -> SLS phase
SMT -> SLS values
bounded run 10000
(sat.ddfw :unsat :models :kflips/sec  :flips  :restarts  :reinits  :unsat_vars  :shifts)
(sat.ddfw       4      1   7.23671      1498         0          0            6      159)
sls-result l_undef
(nlsat :conflicts 2 :decisions 0 :propagations 185 :clauses 477 :learned 2)
SMT -> SLS phase
SMT -> SLS values
bounded run 10000
(sat.ddfw :unsat :models :kflips/sec  :flips  :restarts  :reinits  :unsat_vars  :shifts)
(sat.ddfw       1      1   6.22124      1406         0          0            2      271)
sls-result l_undef
SLS -> SMT phase 1
SLS -> SMT values
SMT -> SLS phase
SMT -> SLS values
bounded run 10000
(sat.ddfw :unsat :models :kflips/sec  :flips  :restarts  :reinits  :unsat_vars  :shifts)
(sat.ddfw       1      1   5.79253      1396         0          0            2      319)
sls-result l_undef
SLS -> SMT phase 1
SLS -> SMT values
SMT -> SLS phase
SMT -> SLS values
bounded run 10000
(sat.ddfw :unsat :models :kflips/sec  :flips  :restarts  :reinits  :unsat_vars  :shifts)
(sat.ddfw       1      1   5.28627      1348         0          0            2      304)
sls-result l_undef
SLS -> SMT phase 1
SLS -> SMT values
SMT -> SLS phase
SMT -> SLS values
bounded run 10000
(sat.ddfw :unsat :models :kflips/sec  :flips  :restarts  :reinits  :unsat_vars  :shifts)
(sat.ddfw       1      1   5.26394      1416         0          0            2      343)
sls-result l_undef
SLS -> SMT phase 1
SLS -> SMT values
(nlsat :conflicts 3 :decisions 0 :propagations 216 :clauses 419 :learned 3)
SMT -> SLS phase
SMT -> SLS values
bounded run 10000
(sat.ddfw :unsat :models :kflips/sec  :flips  :restarts  :reinits  :unsat_vars  :shifts)
(sat.ddfw       1      1   6.57045      1912         0          0            2      294)
sls-result l_undef
SLS -> SMT phase 1
SLS -> SMT values
SMT -> SLS phase
SMT -> SLS values
bounded run 10000
(sat.ddfw :unsat :models :kflips/sec  :flips  :restarts  :reinits  :unsat_vars  :shifts)
(sat.ddfw       1      1   5.38235      1647         0          0            2      273)
sls-result l_undef
SLS -> SMT phase 1
SLS -> SMT values
SMT -> SLS phase
SMT -> SLS values
bounded run 10000
(sat.ddfw :unsat :models :kflips/sec  :flips  :restarts  :reinits  :unsat_vars  :shifts)
(sat.ddfw       2      1   4.98754      1601         0          0            3      193)
sls-result l_undef
SMT -> SLS phase
SMT -> SLS values
bounded run 10000
(sat.ddfw :unsat :models :kflips/sec  :flips  :restarts  :reinits  :unsat_vars  :shifts)
(sat.ddfw       1      1   3.93694      1311         0          0            2      313)
sls-result l_undef
SLS -> SMT phase 1
SLS -> SMT values
SMT -> SLS phase
SMT -> SLS values
bounded run 10000
(sat.ddfw :unsat :models :kflips/sec  :flips  :restarts  :reinits  :unsat_vars  :shifts)
(sat.ddfw       1      1   4.09169      1428         0          0            2      315)
sls-result l_undef
SLS -> SMT phase 1
SLS -> SMT values
SLS -> SMT activity
SMT -> SLS phase
SMT -> SLS values
bounded run 10000
(sat.ddfw :unsat :models :kflips/sec  :flips  :restarts  :reinits  :unsat_vars  :shifts)
(sat.ddfw       1      1   4.15152      1507         0          0            2      316)
sls-result l_undef
SLS -> SMT phase 1
SLS -> SMT values
SMT -> SLS phase
SMT -> SLS values
bounded run 10000
(sat.ddfw :unsat :models :kflips/sec  :flips  :restarts  :reinits  :unsat_vars  :shifts)
(sat.ddfw       1      1   3.89947      1474         0          0            2      403)
sls-result l_undef
SLS -> SMT phase 1
SLS -> SMT values
SMT -> SLS phase
SMT -> SLS values
bounded run 10000
(sat.ddfw :unsat :models :kflips/sec  :flips  :restarts  :reinits  :unsat_vars  :shifts)
(sat.ddfw       1      1   4.03846      1575         0          0            2      406)
sls-result l_undef
SLS -> SMT phase 1
SLS -> SMT values
SMT -> SLS phase
SMT -> SLS values
bounded run 10000
(sat.ddfw :unsat :models :kflips/sec  :flips  :restarts  :reinits  :unsat_vars  :shifts)
(sat.ddfw       1      1   3.84864      1551         0          0            2      414)
sls-result l_undef
SLS -> SMT phase 1
SLS -> SMT values
SMT -> SLS phase
SMT -> SLS values
bounded run 10000
(sat.ddfw :unsat :models :kflips/sec  :flips  :restarts  :reinits  :unsat_vars  :shifts)
(sat.ddfw       2      1   3.71838      1558         0          0            3      406)
sls-result l_undef
SMT -> SLS phase
SMT -> SLS values
bounded run 10000
(sat.ddfw :unsat :models :kflips/sec  :flips  :restarts  :reinits  :unsat_vars  :shifts)
(sat.ddfw       1      1    3.5612      1542         0          0            2      419)
sls-result l_undef
SLS -> SMT phase 1
SLS -> SMT values
SMT -> SLS phase
SMT -> SLS values
bounded run 10000
(sat.ddfw :unsat :models :kflips/sec  :flips  :restarts  :reinits  :unsat_vars  :shifts)
(sat.ddfw       1      1   3.41031      1521         0          0            2      434)
sls-result l_undef
SLS -> SMT phase 1
SLS -> SMT values
SMT -> SLS phase
SMT -> SLS values
bounded run 10000
(sat.ddfw :unsat :models :kflips/sec  :flips  :restarts  :reinits  :unsat_vars  :shifts)
(sat.ddfw       1      1   3.26957      1504         0          0            2      410)
sls-result l_undef
SLS -> SMT phase 1
SLS -> SMT values
SMT -> SLS phase
SMT -> SLS values
bounded run 10000
(sat.ddfw :unsat :models :kflips/sec  :flips  :restarts  :reinits  :unsat_vars  :shifts)
(sat.ddfw       2      1   3.45455      1634         0          0            3      432)
sls-result l_undef
SMT -> SLS phase
SMT -> SLS values
bounded run 10000
(sat.ddfw :unsat :models :kflips/sec  :flips  :restarts  :reinits  :unsat_vars  :shifts)
(sat.ddfw       2      1   3.25051      1583         0          0            3      422)
sls-result l_undef
SMT -> SLS phase
SMT -> SLS values
bounded run 10000
(sat.ddfw :unsat :models :kflips/sec  :flips  :restarts  :reinits  :unsat_vars  :shifts)
(sat.ddfw       1      1     3.068      1534         0          0            2      391)
sls-result l_undef
SLS -> SMT phase 1
SLS -> SMT values
SMT -> SLS phase
SMT -> SLS values
bounded run 10000
(sat.ddfw :unsat :models :kflips/sec  :flips  :restarts  :reinits  :unsat_vars  :shifts)
(sat.ddfw       1      1   2.85019      1465         0          0            2      445)
sls-result l_undef
SLS -> SMT phase 1
SLS -> SMT values
SMT -> SLS phase
SMT -> SLS values
bounded run 10000
(sat.ddfw :unsat :models :kflips/sec  :flips  :restarts  :reinits  :unsat_vars  :shifts)
(sat.ddfw       1      1   3.10816      1638         0          0            2      447)
sls-result l_undef
SLS -> SMT phase 1
SLS -> SMT values
SMT -> SLS phase
SMT -> SLS values
bounded run 10000
(sat.ddfw :unsat :models :kflips/sec  :flips  :restarts  :reinits  :unsat_vars  :shifts)
(sat.ddfw       1      1   2.86322      1549         0          0            2      440)
sls-result l_undef
SLS -> SMT phase 1
SLS -> SMT values
SMT -> SLS phase
SMT -> SLS values
bounded run 10000
(sat.ddfw :unsat :models :kflips/sec  :flips  :restarts  :reinits  :unsat_vars  :shifts)
(sat.ddfw       1      1     2.566      1419         0          0            2      456)
sls-result l_undef
SLS -> SMT phase 1
SLS -> SMT values
SMT -> SLS phase
SMT -> SLS values
bounded run 10000
(sat.ddfw :unsat :models :kflips/sec  :flips  :restarts  :reinits  :unsat_vars  :shifts)
(sat.ddfw       2      1   2.73016      1548         0          0            3      408)
sls-result l_undef
SMT -> SLS phase
SMT -> SLS values
bounded run 10000
(sat.ddfw :unsat :models :kflips/sec  :flips  :restarts  :reinits  :unsat_vars  :shifts)
(sat.ddfw       1      1   2.74957      1603         0          0            2      416)
sls-result l_undef
SLS -> SMT phase 1
SLS -> SMT values
(nlsat :conflicts 2 :decisions 0 :propagations 108 :clauses 438 :learned 2)
SMT -> SLS phase
SMT -> SLS values
bounded run 10000
(sat.ddfw :unsat :models :kflips/sec  :flips  :restarts  :reinits  :unsat_vars  :shifts)
(sat.ddfw       1      1    2.6459      1614         0          0            2      421)
sls-result l_undef
SLS -> SMT phase 1
SLS -> SMT values
(nlsat :conflicts 3 :decisions 0 :propagations 224 :clauses 421 :learned 3)
SMT -> SLS phase
SMT -> SLS values
bounded run 10000
(sat.ddfw :unsat :models :kflips/sec  :flips  :restarts  :reinits  :unsat_vars  :shifts)
(sat.ddfw       1      1   2.62916      1659         0          0            2      432)
sls-result l_undef
SLS -> SMT phase 1
SLS -> SMT values
SMT -> SLS phase
SMT -> SLS values
bounded run 10000
(sat.ddfw :unsat :models :kflips/sec  :flips  :restarts  :reinits  :unsat_vars  :shifts)
(sat.ddfw       1      1   2.49922      1607         0          0            2      411)
sls-result l_undef
SLS -> SMT phase 1
SLS -> SMT values
SLS -> SMT activity
SMT -> SLS phase
SMT -> SLS values
bounded run 10000
(sat.ddfw :unsat :models :kflips/sec  :flips  :restarts  :reinits  :unsat_vars  :shifts)
(sat.ddfw       2      1   2.45579      1611         0          0            3      434)
sls-result l_undef
SMT -> SLS phase
SMT -> SLS values
bounded run 10000
(sat.ddfw :unsat :models :kflips/sec  :flips  :restarts  :reinits  :unsat_vars  :shifts)
(sat.ddfw       2      1   2.33483      1562         0          0            3      419)
sls-result l_undef
SMT -> SLS phase
SMT -> SLS values
bounded run 10000
(sat.ddfw :unsat :models :kflips/sec  :flips  :restarts  :reinits  :unsat_vars  :shifts)
(sat.ddfw       1      1   2.15836      1472         0          0            2      416)
sls-result l_undef
SLS -> SMT phase 1
SLS -> SMT values
SMT -> SLS phase
SMT -> SLS values
bounded run 10000
(sat.ddfw :unsat :models :kflips/sec  :flips  :restarts  :reinits  :unsat_vars  :shifts)
(sat.ddfw       2      1   2.26906      1577         0          0            3      407)
sls-result l_undef
SMT -> SLS phase
SMT -> SLS values
bounded run 10000
(sat.ddfw :unsat :models :kflips/sec  :flips  :restarts  :reinits  :unsat_vars  :shifts)
(sat.ddfw       1      1   2.19323      1555         0          0            2      420)
sls-result l_undef
SLS -> SMT phase 1
SLS -> SMT values
SMT -> SLS phase
SMT -> SLS values
bounded run 10000
(sat.ddfw :unsat :models :kflips/sec  :flips  :restarts  :reinits  :unsat_vars  :shifts)
(sat.ddfw       1      1   2.33517      1693         0          0            2      475)
sls-result l_undef
SLS -> SMT phase 1
SLS -> SMT values
(nlsat :conflicts 2 :decisions 0 :propagations 191 :clauses 427 :learned 2)
SMT -> SLS phase
SMT -> SLS values
bounded run 10000
(sat.ddfw :unsat :models :kflips/sec  :flips  :restarts  :reinits  :unsat_vars  :shifts)
(sat.ddfw       1      1   2.26075      1682         0          0            2      461)
sls-result l_undef
SLS -> SMT phase 1
SLS -> SMT values
SMT -> SLS phase
SMT -> SLS values
bounded run 10000
(sat.ddfw :unsat :models :kflips/sec  :flips  :restarts  :reinits  :unsat_vars  :shifts)
(sat.ddfw       1      1   2.30515      1745         0          0            2      476)
sls-result l_undef
SLS -> SMT phase 1
SLS -> SMT values
SMT -> SLS phase
SMT -> SLS values
bounded run 10000
(sat.ddfw :unsat :models :kflips/sec  :flips  :restarts  :reinits  :unsat_vars  :shifts)
(sat.ddfw       1      1   2.31606      1788         0          0            2      470)
sls-result l_undef
SLS -> SMT phase 1
SLS -> SMT values
SMT -> SLS phase
SMT -> SLS values
bounded run 10000
(sat.ddfw :unsat :models :kflips/sec  :flips  :restarts  :reinits  :unsat_vars  :shifts)
(sat.ddfw       1      1   2.15032      1688         0          0            2      457)
sls-result l_undef
SLS -> SMT phase 1
SLS -> SMT values
SMT -> SLS phase
SMT -> SLS values
bounded run 10000
(sat.ddfw :unsat :models :kflips/sec  :flips  :restarts  :reinits  :unsat_vars  :shifts)
(sat.ddfw       1      1     2.065      1652         0          0            2      473)
sls-result l_undef
SLS -> SMT phase 1
SLS -> SMT values
(nlsat :conflicts 2 :decisions 0 :propagations 222 :clauses 435 :learned 2)
(nlsat :conflicts 1 :decisions 0 :propagations 55 :clauses 494 :learned 1)
SMT -> SLS phase
SMT -> SLS values
bounded run 10000
(sat.ddfw :unsat :models :kflips/sec  :flips  :restarts  :reinits  :unsat_vars  :shifts)
(sat.ddfw       2      1   1.87485      1558         0          0            3      388)
sls-result l_undef
SMT -> SLS phase
SMT -> SLS values
bounded run 10000
(sat.ddfw :unsat :models :kflips/sec  :flips  :restarts  :reinits  :unsat_vars  :shifts)
(sat.ddfw       2      1   1.89941      1605         0          0            3      404)
sls-result l_undef
SMT -> SLS phase
SMT -> SLS values
bounded run 10000
(sat.ddfw :unsat :models :kflips/sec  :flips  :restarts  :reinits  :unsat_vars  :shifts)
(sat.ddfw       1      1   1.85332      1592         0          0            2      432)
sls-result l_undef
SLS -> SMT phase 1
SLS -> SMT values
(nlsat :conflicts 1 :decisions 0 :propagations 30 :clauses 483 :learned 1)
SMT -> SLS phase
SMT -> SLS values
bounded run 10000
(sat.ddfw :unsat :models :kflips/sec  :flips  :restarts  :reinits  :unsat_vars  :shifts)
(sat.ddfw       1      1   1.55819      1379         0          0            2      294)
sls-result l_undef
SLS -> SMT phase 1
SLS -> SMT values
SMT -> SLS phase
SMT -> SLS values
bounded run 10000
(sat.ddfw :unsat :models :kflips/sec  :flips  :restarts  :reinits  :unsat_vars  :shifts)
(sat.ddfw       1      1   1.67186      1503         0          0            2      407)
sls-result l_undef
SLS -> SMT phase 1
SLS -> SMT values
SMT -> SLS phase
SMT -> SLS values
bounded run 10000
(sat.ddfw :unsat :models :kflips/sec  :flips  :restarts  :reinits  :unsat_vars  :shifts)
(sat.ddfw       2      1   1.58096      1445         0          0            3      348)
sls-result l_undef
(nlsat :conflicts 1 :decisions 0 :propagations 30 :clauses 463 :learned 1)
SMT -> SLS phase
SMT -> SLS values
bounded run 10000
ramon: poll                 wall=1.000s usage=0.950s mem=57012KiB load=0.95 rootload=0.93
(sat.ddfw :unsat :models :kflips/sec  :flips  :restarts  :reinits  :unsat_vars  :shifts)
(sat.ddfw       2      1   1.74121      1635         0          0            3      123)
sls-result l_undef
SMT -> SLS phase
SMT -> SLS values
bounded run 10000
(sat.ddfw :unsat :models :kflips/sec  :flips  :restarts  :reinits  :unsat_vars  :shifts)
(sat.ddfw       1      1   1.82322      1743         0          0            2      241)
sls-result l_undef
SLS -> SMT phase 1
SLS -> SMT values
SMT -> SLS phase
SMT -> SLS values
bounded run 10000
(sat.ddfw :unsat :models :kflips/sec  :flips  :restarts  :reinits  :unsat_vars  :shifts)
(sat.ddfw       2      1   1.49331      1450         0          0            3      351)
sls-result l_undef
SLS -> SMT activity
SMT -> SLS phase
SMT -> SLS values
bounded run 10000
(sat.ddfw :unsat :models :kflips/sec  :flips  :restarts  :reinits  :unsat_vars  :shifts)
(sat.ddfw       1      1   1.60772      1582         0          0            2      416)
sls-result l_undef
SLS -> SMT phase 1
SLS -> SMT values
(nlsat :conflicts 1 :decisions 0 :propagations 28 :clauses 494 :learned 1)
SMT -> SLS phase
SMT -> SLS values
bounded run 10000
(sat.ddfw :unsat :models :kflips/sec  :flips  :restarts  :reinits  :unsat_vars  :shifts)
(sat.ddfw       1      1   1.28291      1306         0          0            2      239)
sls-result l_undef
SLS -> SMT phase 1
SLS -> SMT values
(nlsat :conflicts 1 :decisions 0 :propagations 28 :clauses 512 :learned 1)
SMT -> SLS phase
SMT -> SLS values
bounded run 10000
(sat.ddfw :unsat :models :kflips/sec  :flips  :restarts  :reinits  :unsat_vars  :shifts)
(sat.ddfw       1      1   1.52969      1597         0          0            2      422)
sls-result l_undef
SLS -> SMT phase 1
SLS -> SMT values
SMT -> SLS phase
SMT -> SLS values
bounded run 10000
(sat.ddfw :unsat :models :kflips/sec  :flips  :restarts  :reinits  :unsat_vars  :shifts)
(sat.ddfw       1      1   1.46748      1557         0          0            2      418)
sls-result l_undef
SLS -> SMT phase 1
SLS -> SMT values
SMT -> SLS phase
SMT -> SLS values
bounded run 10000
(sat.ddfw :unsat :models :kflips/sec  :flips  :restarts  :reinits  :unsat_vars  :shifts)
(sat.ddfw       1      1   1.64777      1773         0          0            2      491)
sls-result l_undef
SLS -> SMT phase 1
SLS -> SMT values
SMT -> SLS phase
SMT -> SLS values
bounded run 10000
(sat.ddfw :unsat :models :kflips/sec  :flips  :restarts  :reinits  :unsat_vars  :shifts)
(sat.ddfw       2      1   1.38187      1509         0          0            3      329)
sls-result l_undef
(nlsat :conflicts 1 :decisions 0 :propagations 27 :clauses 456 :learned 1)
SMT -> SLS phase
SMT -> SLS values
bounded run 10000
(sat.ddfw :unsat :models :kflips/sec  :flips  :restarts  :reinits  :unsat_vars  :shifts)
(sat.ddfw       2      1   1.47496      1649         0          0            3      242)
sls-result l_undef
SMT -> SLS phase
SMT -> SLS values
bounded run 10000
(sat.ddfw :unsat :models :kflips/sec  :flips  :restarts  :reinits  :unsat_vars  :shifts)
(sat.ddfw       2      1   1.42656      1622         0          0            3      398)
sls-result l_undef
(nlsat :conflicts 1 :decisions 0 :propagations 27 :clauses 447 :learned 1)
SMT -> SLS phase
SMT -> SLS values
bounded run 10000
(sat.ddfw :unsat :models :kflips/sec  :flips  :restarts  :reinits  :unsat_vars  :shifts)
(sat.ddfw       1      1   1.22747      1430         0          0            2      153)
sls-result l_undef
SLS -> SMT phase 1
SLS -> SMT values
SMT -> SLS phase
SMT -> SLS values
bounded run 10000
(sat.ddfw :unsat :models :kflips/sec  :flips  :restarts  :reinits  :unsat_vars  :shifts)
(sat.ddfw       1      1   1.07712      1271         0          0            2      296)
sls-result l_undef
SLS -> SMT phase 1
SLS -> SMT values
SMT -> SLS phase
SMT -> SLS values
bounded run 10000
(sat.ddfw :unsat :models :kflips/sec  :flips  :restarts  :reinits  :unsat_vars  :shifts)
(sat.ddfw       1      1    1.0603      1266         0          0            2      342)
sls-result l_undef
SLS -> SMT phase 1
SLS -> SMT values
SMT -> SLS phase
SMT -> SLS values
bounded run 10000
(sat.ddfw :unsat :models :kflips/sec  :flips  :restarts  :reinits  :unsat_vars  :shifts)
(sat.ddfw       1      1   1.10322      1336         0          0            2      368)
sls-result l_undef
SLS -> SMT phase 1
SLS -> SMT values
(nlsat :conflicts 1 :decisions 0 :propagations 29 :clauses 445 :learned 1)
SMT -> SLS phase
SMT -> SLS values
bounded run 10000
(sat.ddfw :unsat :models :kflips/sec  :flips  :restarts  :reinits  :unsat_vars  :shifts)
(sat.ddfw       1      1   1.26942      1569         0          0            2      417)
sls-result l_undef
SLS -> SMT phase 1
SLS -> SMT values
SMT -> SLS phase
SMT -> SLS values
bounded run 10000
(sat.ddfw :unsat :models :kflips/sec  :flips  :restarts  :reinits  :unsat_vars  :shifts)
(sat.ddfw       1      1     1.324      1655         0          0            2      428)
sls-result l_undef
SLS -> SMT phase 1
SLS -> SMT values
SMT -> SLS phase
SMT -> SLS values
bounded run 10000
(sat.ddfw :unsat :models :kflips/sec  :flips  :restarts  :reinits  :unsat_vars  :shifts)
(sat.ddfw       2      1   1.17656      1486         0          0            3      394)
sls-result l_undef
SMT -> SLS phase
SMT -> SLS values
bounded run 10000
(sat.ddfw :unsat :models :kflips/sec  :flips  :restarts  :reinits  :unsat_vars  :shifts)
(sat.ddfw       1      1   1.19279      1522         0          0            2      410)
sls-result l_undef
SLS -> SMT phase 1
SLS -> SMT values
SMT -> SLS phase
SMT -> SLS values
bounded run 10000
(sat.ddfw :unsat :models :kflips/sec  :flips  :restarts  :reinits  :unsat_vars  :shifts)
(sat.ddfw       1      1   1.16434      1502         0          0            2      391)
sls-result l_undef
SLS -> SMT phase 1
SLS -> SMT values
SMT -> SLS phase
SMT -> SLS values
bounded run 10000
(sat.ddfw :unsat :models :kflips/sec  :flips  :restarts  :reinits  :unsat_vars  :shifts)
(sat.ddfw       1      1   1.15491      1506         0          0            2      423)
sls-result l_undef
SLS -> SMT phase 1
SLS -> SMT values
SMT -> SLS phase
SMT -> SLS values
bounded run 10000
(sat.ddfw :unsat :models :kflips/sec  :flips  :restarts  :reinits  :unsat_vars  :shifts)
(sat.ddfw       1      1   1.20865      1593         0          0            2      415)
sls-result l_undef
SLS -> SMT phase 1
SLS -> SMT values
SMT -> SLS phase
SMT -> SLS values
bounded run 10000
(sat.ddfw :unsat :models :kflips/sec  :flips  :restarts  :reinits  :unsat_vars  :shifts)
(sat.ddfw       1      1   1.21096      1613         0          0            2      405)
sls-result l_undef
SLS -> SMT phase 1
SLS -> SMT values
SLS -> SMT activity
SMT -> SLS phase
SMT -> SLS values
bounded run 10000
(sat.ddfw :unsat :models :kflips/sec  :flips  :restarts  :reinits  :unsat_vars  :shifts)
(sat.ddfw       2      1   1.20654      1624         0          0            3      439)
sls-result l_undef
SMT -> SLS phase
SMT -> SLS values
bounded run 10000
(sat.ddfw :unsat :models :kflips/sec  :flips  :restarts  :reinits  :unsat_vars  :shifts)
(sat.ddfw       1      1    1.2592      1710         0          0            2      434)
sls-result l_undef
SLS -> SMT phase 1
SLS -> SMT values
SMT -> SLS phase
SMT -> SLS values
bounded run 10000
(sat.ddfw :unsat :models :kflips/sec  :flips  :restarts  :reinits  :unsat_vars  :shifts)
(sat.ddfw       1      1   1.10131      1511         0          0            2      415)
sls-result l_undef
SLS -> SMT phase 1
SLS -> SMT values
SMT -> SLS phase
SMT -> SLS values
bounded run 10000
(sat.ddfw :unsat :models :kflips/sec  :flips  :restarts  :reinits  :unsat_vars  :shifts)
(sat.ddfw       1      1    1.1091      1535         0          0            2      405)
sls-result l_undef
SLS -> SMT phase 1
SLS -> SMT values
SMT -> SLS phase
SMT -> SLS values
bounded run 10000
(sat.ddfw :unsat :models :kflips/sec  :flips  :restarts  :reinits  :unsat_vars  :shifts)
(sat.ddfw       1      1  0.999284      1396         0          0            2      366)
sls-result l_undef
SLS -> SMT phase 1
SLS -> SMT values
SMT -> SLS phase
SMT -> SLS values
bounded run 10000
(sat.ddfw :unsat :models :kflips/sec  :flips  :restarts  :reinits  :unsat_vars  :shifts)
(sat.ddfw       1      1  0.977305      1378         0          0            2      390)
sls-result l_undef
SLS -> SMT phase 1
SLS -> SMT values
SMT -> SLS phase
SMT -> SLS values
bounded run 10000
(sat.ddfw :unsat :models :kflips/sec  :flips  :restarts  :reinits  :unsat_vars  :shifts)
(sat.ddfw       1      1  0.969761      1379         0          0            2      369)
sls-result l_undef
SLS -> SMT phase 1
SLS -> SMT values
SMT -> SLS phase
SMT -> SLS values
bounded run 10000
(sat.ddfw :unsat :models :kflips/sec  :flips  :restarts  :reinits  :unsat_vars  :shifts)
(sat.ddfw       1      1   1.11375      1596         0          0            2      429)
sls-result l_undef
SLS -> SMT phase 1
SLS -> SMT values
SMT -> SLS phase
SMT -> SLS values
bounded run 10000
(sat.ddfw :unsat :models :kflips/sec  :flips  :restarts  :reinits  :unsat_vars  :shifts)
(sat.ddfw       1      1   1.14296      1655         0          0            2      417)
sls-result l_undef
SLS -> SMT phase 1
SLS -> SMT values
(nlsat :conflicts 1 :decisions 0 :propagations 29 :clauses 472 :learned 1)
SMT -> SLS phase
SMT -> SLS values
bounded run 10000
(sat.ddfw :unsat :models :kflips/sec  :flips  :restarts  :reinits  :unsat_vars  :shifts)
(sat.ddfw       1      1  0.981645      1444         0          0            2      395)
sls-result l_undef
SLS -> SMT phase 1
SLS -> SMT values
SMT -> SLS phase
SMT -> SLS values
bounded run 10000
(sat.ddfw :unsat :models :kflips/sec  :flips  :restarts  :reinits  :unsat_vars  :shifts)
(sat.ddfw       1      1  0.980445      1454         0          0            2      386)
sls-result l_undef
SLS -> SMT phase 1
SLS -> SMT values
SMT -> SLS phase
SMT -> SLS values
bounded run 10000
(sat.ddfw :unsat :models :kflips/sec  :flips  :restarts  :reinits  :unsat_vars  :shifts)
(sat.ddfw       1      1    0.9753      1461         0          0            2      370)
sls-result l_undef
SLS -> SMT phase 1
SLS -> SMT values
SMT -> SLS phase
SMT -> SLS values
bounded run 10000
(sat.ddfw :unsat :models :kflips/sec  :flips  :restarts  :reinits  :unsat_vars  :shifts)
(sat.ddfw       1      1  0.847783      1281         0          0            2      395)
sls-result l_undef
SLS -> SMT phase 1
SLS -> SMT values
SMT -> SLS phase
SMT -> SLS values
bounded run 10000
(sat.ddfw :unsat :models :kflips/sec  :flips  :restarts  :reinits  :unsat_vars  :shifts)
(sat.ddfw       1      1  0.930537      1420         0          0            2      418)
sls-result l_undef
SLS -> SMT phase 1
SLS -> SMT values
(nlsat :conflicts 1 :decisions 0 :propagations 29 :clauses 496 :learned 1)
SMT -> SLS phase
SMT -> SLS values
bounded run 10000
(sat.ddfw :unsat :models :kflips/sec  :flips  :restarts  :reinits  :unsat_vars  :shifts)
(sat.ddfw       1      1  0.793661      1227         0          0            2      361)
sls-result l_undef
SLS -> SMT phase 1
SLS -> SMT values
SMT -> SLS phase
SMT -> SLS values
bounded run 10000
(sat.ddfw :unsat :models :kflips/sec  :flips  :restarts  :reinits  :unsat_vars  :shifts)
(sat.ddfw       1      1  0.910256      1420         0          0            2      394)
sls-result l_undef
SLS -> SMT phase 1
SLS -> SMT values
(nlsat :conflicts 1 :decisions 0 :propagations 30 :clauses 465 :learned 1)
SMT -> SLS phase
SMT -> SLS values
bounded run 10000
(sat.ddfw :unsat :models :kflips/sec  :flips  :restarts  :reinits  :unsat_vars  :shifts)
(sat.ddfw       1      1  0.960127      1517         0          0            2      455)
sls-result l_undef
SLS -> SMT phase 1
SLS -> SMT values
SMT -> SLS phase
SMT -> SLS values
bounded run 10000
(sat.ddfw :unsat :models :kflips/sec  :flips  :restarts  :reinits  :unsat_vars  :shifts)
(sat.ddfw       1      1  0.891263      1418         0          0            2      434)
sls-result l_undef
SLS -> SMT phase 1
SLS -> SMT values
(nlsat :conflicts 1 :decisions 0 :propagations 28 :clauses 478 :learned 1)
SMT -> SLS phase
SMT -> SLS values
bounded run 10000
(sat.ddfw :unsat :models :kflips/sec  :flips  :restarts  :reinits  :unsat_vars  :shifts)
(sat.ddfw       2      1   0.85732      1382         0          0            3      419)
sls-result l_undef
SMT -> SLS phase
SMT -> SLS values
bounded run 10000
(sat.ddfw :unsat :models :kflips/sec  :flips  :restarts  :reinits  :unsat_vars  :shifts)
(sat.ddfw       1      1  0.935305      1518         0          0            2      423)
sls-result l_undef
SLS -> SMT phase 1
SLS -> SMT values
SLS -> SMT activity
(nlsat :conflicts 1 :decisions 0 :propagations 30 :clauses 492 :learned 1)
(nlsat :conflicts 1 :decisions 0 :propagations 30 :clauses 485 :learned 1)
(nlsat :conflicts 1 :decisions 0 :propagations 30 :clauses 481 :learned 1)
SMT -> SLS phase
SMT -> SLS values
bounded run 10000
(sat.ddfw :unsat :models :kflips/sec  :flips  :restarts  :reinits  :unsat_vars  :shifts)
(sat.ddfw       2      1  0.978903      1624         0          0            3      454)
sls-result l_undef
(nlsat :conflicts 1 :decisions 0 :propagations 30 :clauses 474 :learned 1)
(nlsat :conflicts 1 :decisions 0 :propagations 30 :clauses 507 :learned 1)
SMT -> SLS phase
SMT -> SLS values
bounded run 10000
(sat.ddfw :unsat :models :kflips/sec  :flips  :restarts  :reinits  :unsat_vars  :shifts)
(sat.ddfw       1      1    0.8462      1425         0          0            2      390)
sls-result l_undef
SLS -> SMT phase 1
SLS -> SMT values
SMT -> SLS phase
SMT -> SLS values
bounded run 10000
(sat.ddfw :unsat :models :kflips/sec  :flips  :restarts  :reinits  :unsat_vars  :shifts)
(sat.ddfw       1      1  0.826753      1403         0          0            2      389)
sls-result l_undef
SLS -> SMT phase 1
SLS -> SMT values
SMT -> SLS phase
SMT -> SLS values
bounded run 10000
(sat.ddfw :unsat :models :kflips/sec  :flips  :restarts  :reinits  :unsat_vars  :shifts)
(sat.ddfw       2      1  0.873099      1493         0          0            3      412)
sls-result l_undef
SMT -> SLS phase
SMT -> SLS values
bounded run 10000
(sat.ddfw :unsat :models :kflips/sec  :flips  :restarts  :reinits  :unsat_vars  :shifts)
(sat.ddfw       1      1  0.940801      1621         0          0            2      408)
sls-result l_undef
SLS -> SMT phase 1
SLS -> SMT values
SMT -> SLS phase
SMT -> SLS values
bounded run 10000
(sat.ddfw :unsat :models :kflips/sec  :flips  :restarts  :reinits  :unsat_vars  :shifts)
(sat.ddfw       1      1  0.852619      1481         0          0            2      366)
sls-result l_undef
SLS -> SMT phase 1
SLS -> SMT values
(nlsat :conflicts 1 :decisions 0 :propagations 30 :clauses 489 :learned 1)
(smt.stats    0    101   5597    592  1392/1346/8     113/3     1    0   54.97)
SMT -> SLS phase
SMT -> SLS units 1 2 3 4 5 6 7 8
SMT -> SLS values
bounded run 10000
(sat.ddfw :unsat :models :kflips/sec  :flips  :restarts  :reinits  :unsat_vars  :shifts)
(sat.ddfw       1      1  0.685974      1208         0          0            2      359)
sls-result l_undef
SLS -> SMT phase 1
SLS -> SMT values
SMT -> SLS phase
SMT -> SLS values
bounded run 10000
(sat.ddfw :unsat :models :kflips/sec  :flips  :restarts  :reinits  :unsat_vars  :shifts)
(sat.ddfw       1      1  0.756194      1343         0          0            2      383)
sls-result l_undef
SLS -> SMT phase 1
SLS -> SMT values
SMT -> SLS phase
SMT -> SLS values
bounded run 10000
(sat.ddfw :unsat :models :kflips/sec  :flips  :restarts  :reinits  :unsat_vars  :shifts)
(sat.ddfw       1      1  0.766183      1373         0          0            2      368)
sls-result l_undef
SLS -> SMT phase 1
SLS -> SMT values
(nlsat :conflicts 1 :decisions 0 :propagations 76 :clauses 546 :learned 1)
(nlsat :conflicts 1 :decisions 0 :propagations 67 :clauses 550 :learned 1)
(nlsat :conflicts 3 :decisions 0 :propagations 107 :clauses 517 :learned 3)
(nlsat :conflicts 1 :decisions 0 :propagations 128 :clauses 485 :learned 1)
(nlsat :conflicts 2 :decisions 0 :propagations 156 :clauses 479 :learned 2)
(nlsat :conflicts 1 :decisions 0 :propagations 66 :clauses 516 :learned 1)
(nlsat :conflicts 1 :decisions 0 :propagations 66 :clauses 502 :learned 1)
(nlsat :conflicts 2 :decisions 0 :propagations 172 :clauses 463 :learned 2)
SMT -> SLS phase
SMT -> SLS values
bounded run 10000
(sat.ddfw :unsat :models :kflips/sec  :flips  :restarts  :reinits  :unsat_vars  :shifts)
(sat.ddfw       1      1  0.643763      1218         0          0            2      354)
sls-result l_undef
SLS -> SMT phase 1
SLS -> SMT values
SMT -> SLS phase
SMT -> SLS values
bounded run 10000
(sat.ddfw :unsat :models :kflips/sec  :flips  :restarts  :reinits  :unsat_vars  :shifts)
(sat.ddfw       2      1  0.661426      1262         0          0            3      299)
sls-result l_undef
SMT -> SLS phase
SMT -> SLS values
bounded run 10000
(sat.ddfw :unsat :models :kflips/sec  :flips  :restarts  :reinits  :unsat_vars  :shifts)
(sat.ddfw       1      1  0.608312      1171         0          0            2      373)
sls-result l_undef
SLS -> SMT phase 1
SLS -> SMT values
SMT -> SLS phase
SMT -> SLS values
bounded run 10000
ramon: poll                 wall=2.000s usage=1.949s mem=57628KiB load=1.00 rootload=0.99
(sat.ddfw :unsat :models :kflips/sec  :flips  :restarts  :reinits  :unsat_vars  :shifts)
(sat.ddfw       1      1  0.614632      1193         0          0            2      314)
sls-result l_undef
SLS -> SMT phase 1
SLS -> SMT values
SMT -> SLS phase
SMT -> SLS values
bounded run 10000
(sat.ddfw :unsat :models :kflips/sec  :flips  :restarts  :reinits  :unsat_vars  :shifts)
(sat.ddfw       2      1  0.622892      1219         0          0            3      268)
sls-result l_undef
SMT -> SLS phase
SMT -> SLS values
bounded run 10000
(sat.ddfw :unsat :models :kflips/sec  :flips  :restarts  :reinits  :unsat_vars  :shifts)
(sat.ddfw       2      1  0.656535      1296         0          0            3      331)
sls-result l_undef
SMT -> SLS phase
SMT -> SLS values
bounded run 10000
(sat.ddfw :unsat :models :kflips/sec  :flips  :restarts  :reinits  :unsat_vars  :shifts)
(sat.ddfw       1      1  0.685772      1364         0          0            2      362)
sls-result l_undef
SLS -> SMT phase 1
SLS -> SMT values
(nlsat :conflicts 1 :decisions 0 :propagations 113 :clauses 548 :learned 1)
SMT -> SLS phase
SMT -> SLS values
bounded run 10000
(sat.ddfw :unsat :models :kflips/sec  :flips  :restarts  :reinits  :unsat_vars  :shifts)
(sat.ddfw       2      1  0.655754      1322         0          0            3      226)
sls-result l_undef
SMT -> SLS phase
SMT -> SLS values
bounded run 10000
(sat.ddfw :unsat :models :kflips/sec  :flips  :restarts  :reinits  :unsat_vars  :shifts)
(sat.ddfw       2      1  0.649114      1319         0          0            3      242)
sls-result l_undef
(nlsat :conflicts 1 :decisions 0 :propagations 88 :clauses 536 :learned 1)
SMT -> SLS phase
SMT -> SLS values
bounded run 10000
(sat.ddfw :unsat :models :kflips/sec  :flips  :restarts  :reinits  :unsat_vars  :shifts)
(sat.ddfw       1      1  0.643829      1325         0          0            2      313)
sls-result l_undef
SLS -> SMT phase 1
SLS -> SMT values
(nlsat :conflicts 1 :decisions 0 :propagations 107 :clauses 537 :learned 1)
SMT -> SLS phase
SMT -> SLS values
bounded run 10000
(sat.ddfw :unsat :models :kflips/sec  :flips  :restarts  :reinits  :unsat_vars  :shifts)
(sat.ddfw      18      1  0.617195      1285         0          0           20      231)
sls-result l_undef
SLS -> SMT activity
SMT -> SLS phase
SMT -> SLS values
bounded run 10000
(sat.ddfw :unsat :models :kflips/sec  :flips  :restarts  :reinits  :unsat_vars  :shifts)
(sat.ddfw       2      1  0.596759      1252         0          0            3      271)
sls-result l_undef
SMT -> SLS phase
SMT -> SLS values
bounded run 10000
(sat.ddfw :unsat :models :kflips/sec  :flips  :restarts  :reinits  :unsat_vars  :shifts)
(sat.ddfw       1      1  0.611059      1293         0          0            2      257)
sls-result l_undef
SLS -> SMT phase 1
SLS -> SMT values
(nlsat :conflicts 1 :decisions 0 :propagations 30 :clauses 538 :learned 1)
SMT -> SLS phase
SMT -> SLS values
bounded run 10000
(sat.ddfw :unsat :models :kflips/sec  :flips  :restarts  :reinits  :unsat_vars  :shifts)
(sat.ddfw       1      1  0.548553      1175         0          0            2      271)
sls-result l_undef
SLS -> SMT phase 1
SLS -> SMT values
SMT -> SLS phase
SMT -> SLS values
bounded run 10000
(sat.ddfw :unsat :models :kflips/sec  :flips  :restarts  :reinits  :unsat_vars  :shifts)
(sat.ddfw       1      1  0.572024      1235         0          0            2      262)
sls-result l_undef
SLS -> SMT phase 1
SLS -> SMT values
(nlsat :conflicts 1 :decisions 0 :propagations 79 :clauses 546 :learned 1)
SMT -> SLS phase
SMT -> SLS values
bounded run 10000
(sat.ddfw :unsat :models :kflips/sec  :flips  :restarts  :reinits  :unsat_vars  :shifts)
(sat.ddfw      45      1  0.532118      1168         0          0           34      233)
sls-result l_undef
SMT -> SLS phase
SMT -> SLS values
bounded run 10000
(sat.ddfw :unsat :models :kflips/sec  :flips  :restarts  :reinits  :unsat_vars  :shifts)
(sat.ddfw       2      1   0.56626      1252         0          0            3      252)
sls-result l_undef
(nlsat :conflicts 1 :decisions 0 :propagations 88 :clauses 547 :learned 1)
SMT -> SLS phase
SMT -> SLS values
bounded run 10000
(sat.ddfw :unsat :models :kflips/sec  :flips  :restarts  :reinits  :unsat_vars  :shifts)
(sat.ddfw       2      1  0.565801      1264         0          0            3      252)
sls-result l_undef
SMT -> SLS phase
SMT -> SLS values
bounded run 10000
(sat.ddfw :unsat :models :kflips/sec  :flips  :restarts  :reinits  :unsat_vars  :shifts)
(sat.ddfw       1      1  0.560889      1262         0          0            2      229)
sls-result l_undef
SLS -> SMT phase 1
SLS -> SMT values
(nlsat :conflicts 1 :decisions 0 :propagations 30 :clauses 543 :learned 1)
SMT -> SLS phase
SMT -> SLS values
bounded run 10000
(sat.ddfw :unsat :models :kflips/sec  :flips  :restarts  :reinits  :unsat_vars  :shifts)
(sat.ddfw       1      1  0.532924      1214         0          0            2      241)
sls-result l_undef
SLS -> SMT phase 1
SLS -> SMT values
SMT -> SLS phase
SMT -> SLS values
bounded run 10000
(sat.ddfw :unsat :models :kflips/sec  :flips  :restarts  :reinits  :unsat_vars  :shifts)
(sat.ddfw       2      1  0.566696      1300         0          0            3      257)
sls-result l_undef
(nlsat :conflicts 1 :decisions 0 :propagations 87 :clauses 542 :learned 1)
SMT -> SLS phase
SMT -> SLS values
bounded run 10000
(sat.ddfw :unsat :models :kflips/sec  :flips  :restarts  :reinits  :unsat_vars  :shifts)
(sat.ddfw       2      1  0.599309      1388         0          0            3      270)
sls-result l_undef
SMT -> SLS phase
SMT -> SLS values
bounded run 10000
(sat.ddfw :unsat :models :kflips/sec  :flips  :restarts  :reinits  :unsat_vars  :shifts)
(sat.ddfw       2      1  0.590051      1376         0          0            3      292)
sls-result l_undef
(nlsat :conflicts 1 :decisions 0 :propagations 94 :clauses 536 :learned 1)
SMT -> SLS phase
SMT -> SLS values
bounded run 10000
(sat.ddfw :unsat :models :kflips/sec  :flips  :restarts  :reinits  :unsat_vars  :shifts)
(sat.ddfw       1      1  0.567969      1337         0          0            2      347)
sls-result l_undef
SLS -> SMT phase 1
SLS -> SMT values
(nlsat :conflicts 1 :decisions 0 :propagations 30 :clauses 534 :learned 1)
SMT -> SLS phase
SMT -> SLS values
bounded run 10000
(sat.ddfw :unsat :models :kflips/sec  :flips  :restarts  :reinits  :unsat_vars  :shifts)
(sat.ddfw       2      1  0.528794      1258         0          0            3      288)
sls-result l_undef
SMT -> SLS phase
SMT -> SLS values
bounded run 10000
(sat.ddfw :unsat :models :kflips/sec  :flips  :restarts  :reinits  :unsat_vars  :shifts)
(sat.ddfw       1      1  0.565998      1355         0          0            2      379)
sls-result l_undef
SLS -> SMT phase 1
SLS -> SMT values
SMT -> SLS phase
SMT -> SLS values
bounded run 10000
(sat.ddfw :unsat :models :kflips/sec  :flips  :restarts  :reinits  :unsat_vars  :shifts)
(sat.ddfw       2      1  0.549979      1326         0          0            3      340)
sls-result l_undef
SMT -> SLS phase
SMT -> SLS values
bounded run 10000
(sat.ddfw :unsat :models :kflips/sec  :flips  :restarts  :reinits  :unsat_vars  :shifts)
(sat.ddfw       1      1  0.559357      1357         0          0            2      386)
sls-result l_undef
SLS -> SMT phase 1
SLS -> SMT values
SMT -> SLS phase
SMT -> SLS values
bounded run 10000
(sat.ddfw :unsat :models :kflips/sec  :flips  :restarts  :reinits  :unsat_vars  :shifts)
(sat.ddfw       2      1  0.565466      1382         0          0            3      326)
sls-result l_undef
(nlsat :conflicts 1 :decisions 0 :propagations 30 :clauses 538 :learned 1)
SMT -> SLS phase
SMT -> SLS values
bounded run 10000
(sat.ddfw :unsat :models :kflips/sec  :flips  :restarts  :reinits  :unsat_vars  :shifts)
(sat.ddfw       2      1  0.578883      1431         0          0            3      237)
sls-result l_undef
SMT -> SLS phase
SMT -> SLS values
bounded run 10000
(sat.ddfw :unsat :models :kflips/sec  :flips  :restarts  :reinits  :unsat_vars  :shifts)
(sat.ddfw       1      1  0.550241      1369         0          0            2      316)
sls-result l_undef
SLS -> SMT phase 1
SLS -> SMT values
SLS -> SMT activity
(nlsat :conflicts 1 :decisions 0 :propagations 30 :clauses 536 :learned 1)
SMT -> SLS phase
SMT -> SLS values
bounded run 10000
(sat.ddfw :unsat :models :kflips/sec  :flips  :restarts  :reinits  :unsat_vars  :shifts)
(sat.ddfw       2      1  0.557853      1403         0          0            3      343)
sls-result l_undef
SMT -> SLS phase
SMT -> SLS values
bounded run 10000
(sat.ddfw :unsat :models :kflips/sec  :flips  :restarts  :reinits  :unsat_vars  :shifts)
(sat.ddfw       1      1  0.554721      1404         0          0            2      318)
sls-result l_undef
SLS -> SMT phase 1
SLS -> SMT values
SMT -> SLS phase
SMT -> SLS values
bounded run 10000
(sat.ddfw :unsat :models :kflips/sec  :flips  :restarts  :reinits  :unsat_vars  :shifts)
(sat.ddfw       2      1  0.420557      1072         0          0            3      250)
sls-result l_undef
SMT -> SLS phase
SMT -> SLS values
bounded run 10000
(sat.ddfw :unsat :models :kflips/sec  :flips  :restarts  :reinits  :unsat_vars  :shifts)
(sat.ddfw       2      1    0.5331      1369         0          0            3      335)
sls-result l_undef
(nlsat :conflicts 1 :decisions 0 :propagations 30 :clauses 504 :learned 1)
(nlsat :conflicts 1 :decisions 0 :propagations 81 :clauses 503 :learned 1)
SMT -> SLS phase
SMT -> SLS values
bounded run 10000
(sat.ddfw :unsat :models :kflips/sec  :flips  :restarts  :reinits  :unsat_vars  :shifts)
(sat.ddfw       1      1  0.481382      1254         0          0            2      325)
sls-result l_undef
SLS -> SMT phase 1
SLS -> SMT values
(nlsat :conflicts 3 :decisions 0 :propagations 85 :clauses 505 :learned 3)
SMT -> SLS phase
SMT -> SLS values
bounded run 10000
(sat.ddfw :unsat :models :kflips/sec  :flips  :restarts  :reinits  :unsat_vars  :shifts)
(sat.ddfw       1      1  0.494109      1300         0          0            2      298)
sls-result l_undef
SLS -> SMT phase 1
SLS -> SMT values
SMT -> SLS phase
SMT -> SLS values
bounded run 10000
(sat.ddfw :unsat :models :kflips/sec  :flips  :restarts  :reinits  :unsat_vars  :shifts)
(sat.ddfw       1      1  0.534743      1416         0          0            2      289)
sls-result l_undef
SLS -> SMT phase 1
SLS -> SMT values
(nlsat :conflicts 3 :decisions 0 :propagations 94 :clauses 509 :learned 3)
SMT -> SLS phase
SMT -> SLS values
bounded run 10000
(sat.ddfw :unsat :models :kflips/sec  :flips  :restarts  :reinits  :unsat_vars  :shifts)
(sat.ddfw       2      1  0.464847      1243         0          0            3      271)
sls-result l_undef
SMT -> SLS phase
SMT -> SLS values
bounded run 10000
(sat.ddfw :unsat :models :kflips/sec  :flips  :restarts  :reinits  :unsat_vars  :shifts)
(sat.ddfw       1      1  0.469714      1264         0          0            2      272)
sls-result l_undef
SLS -> SMT phase 1
SLS -> SMT values
(nlsat :conflicts 3 :decisions 0 :propagations 88 :clauses 507 :learned 3)
SMT -> SLS phase
SMT -> SLS values
bounded run 10000
(sat.ddfw :unsat :models :kflips/sec  :flips  :restarts  :reinits  :unsat_vars  :shifts)
(sat.ddfw       1      1  0.476068      1293         0          0            2      354)
sls-result l_undef
SLS -> SMT phase 1
SLS -> SMT values
SMT -> SLS phase
SMT -> SLS values
bounded run 10000
(sat.ddfw :unsat :models :kflips/sec  :flips  :restarts  :reinits  :unsat_vars  :shifts)
(sat.ddfw       1      1  0.500732      1368         0          0            2      352)
sls-result l_undef
SLS -> SMT phase 1
SLS -> SMT values
(nlsat :conflicts 1 :decisions 0 :propagations 31 :clauses 505 :learned 1)
SMT -> SLS phase
SMT -> SLS values
bounded run 10000
(sat.ddfw :unsat :models :kflips/sec  :flips  :restarts  :reinits  :unsat_vars  :shifts)
(sat.ddfw       1      1   0.45283      1248         0          0            2      235)
sls-result l_undef
SLS -> SMT phase 1
SLS -> SMT values
SMT -> SLS phase
SMT -> SLS values
bounded run 10000
(sat.ddfw :unsat :models :kflips/sec  :flips  :restarts  :reinits  :unsat_vars  :shifts)
(sat.ddfw       2      1  0.489538      1357         0          0            3      275)
sls-result l_undef
(nlsat :conflicts 1 :decisions 0 :propagations 82 :clauses 510 :learned 1)
SMT -> SLS phase
SMT -> SLS values
bounded run 10000
(sat.ddfw :unsat :models :kflips/sec  :flips  :restarts  :reinits  :unsat_vars  :shifts)
(sat.ddfw       1      1  0.495886      1386         0          0            2      284)
sls-result l_undef
SLS -> SMT phase 1
SLS -> SMT values
(nlsat :conflicts 2 :decisions 0 :propagations 240 :clauses 510 :learned 2)
SMT -> SLS phase
SMT -> SLS values
bounded run 10000
(sat.ddfw :unsat :models :kflips/sec  :flips  :restarts  :reinits  :unsat_vars  :shifts)
(sat.ddfw       1      1  0.425736      1201         0          0            2      353)
sls-result l_undef
SLS -> SMT phase 1
SLS -> SMT values
SMT -> SLS phase
SMT -> SLS values
bounded run 10000
(sat.ddfw :unsat :models :kflips/sec  :flips  :restarts  :reinits  :unsat_vars  :shifts)
(sat.ddfw      11      1  0.461782      1311         0          0           15      175)
sls-result l_undef
(nlsat :conflicts 1 :decisions 0 :propagations 31 :clauses 511 :learned 1)
SMT -> SLS phase
SMT -> SLS values
bounded run 10000
(sat.ddfw :unsat :models :kflips/sec  :flips  :restarts  :reinits  :unsat_vars  :shifts)
(sat.ddfw       1      1  0.469252      1343         0          0            2      383)
sls-result l_undef
SLS -> SMT phase 1
SLS -> SMT values
(nlsat :conflicts 1 :decisions 0 :propagations 79 :clauses 510 :learned 1)
SMT -> SLS phase
SMT -> SLS values
bounded run 10000
(sat.ddfw :unsat :models :kflips/sec  :flips  :restarts  :reinits  :unsat_vars  :shifts)
(sat.ddfw       1      1  0.416898      1204         0          0            2      219)
sls-result l_undef
SLS -> SMT phase 1
SLS -> SMT values
(nlsat :conflicts 1 :decisions 0 :propagations 31 :clauses 502 :learned 1)
SMT -> SLS phase
SMT -> SLS values
bounded run 10000
(sat.ddfw :unsat :models :kflips/sec  :flips  :restarts  :reinits  :unsat_vars  :shifts)
(sat.ddfw       1      1  0.441318      1286         0          0            2      265)
sls-result l_undef
SLS -> SMT phase 1
SLS -> SMT values
SMT -> SLS phase
SMT -> SLS values
bounded run 10000
ramon: poll                 wall=3.000s usage=2.942s mem=58216KiB load=0.99 rootload=1.00
(sat.ddfw :unsat :models :kflips/sec  :flips  :restarts  :reinits  :unsat_vars  :shifts)
(sat.ddfw       1      1  0.413711      1213         0          0            2      293)
sls-result l_undef
SLS -> SMT phase 1
SLS -> SMT values
SLS -> SMT activity
SMT -> SLS phase
SMT -> SLS values
bounded run 10000
(sat.ddfw :unsat :models :kflips/sec  :flips  :restarts  :reinits  :unsat_vars  :shifts)
(sat.ddfw       1      1  0.416412      1228         0          0            2      279)
sls-result l_undef
SLS -> SMT phase 1
SLS -> SMT values
SMT -> SLS phase
SMT -> SLS values
bounded run 10000
(sat.ddfw :unsat :models :kflips/sec  :flips  :restarts  :reinits  :unsat_vars  :shifts)
(sat.ddfw       1      1  0.442009      1311         0          0            2      287)
sls-result l_undef
SLS -> SMT phase 1
SLS -> SMT values
SMT -> SLS phase
SMT -> SLS values
bounded run 10000
(sat.ddfw :unsat :models :kflips/sec  :flips  :restarts  :reinits  :unsat_vars  :shifts)
(sat.ddfw       1      1  0.394031      1175         0          0            2      292)
sls-result l_undef
SLS -> SMT phase 1
SLS -> SMT values
(smt.stats    1    202   9982   1866  1474/1414/8     234/4     1    0   55.52)
SMT -> SLS phase
SMT -> SLS values
bounded run 10000
(sat.ddfw :unsat :models :kflips/sec  :flips  :restarts  :reinits  :unsat_vars  :shifts)
(sat.ddfw       1      1     0.494      1482         0          0            2      205)
sls-result l_undef
SLS -> SMT phase 1
SLS -> SMT values
SMT -> SLS phase
SMT -> SLS values
bounded run 10000
(sat.ddfw :unsat :models :kflips/sec  :flips  :restarts  :reinits  :unsat_vars  :shifts)
(sat.ddfw       2      1  0.368787      1113         0          0            3      305)
sls-result l_undef
SMT -> SLS phase
SMT -> SLS values
bounded run 10000
(sat.ddfw :unsat :models :kflips/sec  :flips  :restarts  :reinits  :unsat_vars  :shifts)
(sat.ddfw       1      1  0.351449      1067         0          0            2      279)
sls-result l_undef
SLS -> SMT phase 1
SLS -> SMT values
SMT -> SLS phase
SMT -> SLS values
bounded run 10000
(sat.ddfw :unsat :models :kflips/sec  :flips  :restarts  :reinits  :unsat_vars  :shifts)
(sat.ddfw       1      1  0.343044      1048         0          0            2      294)
sls-result l_undef
SLS -> SMT phase 1
SLS -> SMT values
SMT -> SLS phase
SMT -> SLS values
bounded run 10000
(sat.ddfw :unsat :models :kflips/sec  :flips  :restarts  :reinits  :unsat_vars  :shifts)
(sat.ddfw      10      1  0.441339      1358         0          0           12       86)
sls-result l_undef
SMT -> SLS phase
SMT -> SLS values
bounded run 10000
(sat.ddfw :unsat :models :kflips/sec  :flips  :restarts  :reinits  :unsat_vars  :shifts)
(sat.ddfw      16      1  0.466085      1443         0          0           18       82)
sls-result l_undef
SMT -> SLS phase
SMT -> SLS values
bounded run 10000
(sat.ddfw :unsat :models :kflips/sec  :flips  :restarts  :reinits  :unsat_vars  :shifts)
(sat.ddfw      24      1  0.496306      1545         0          0           22       56)
sls-result l_undef
SMT -> SLS phase
SMT -> SLS values
bounded run 10000
(sat.ddfw :unsat :models :kflips/sec  :flips  :restarts  :reinits  :unsat_vars  :shifts)
(sat.ddfw       8      1  0.437281      1370         0          0           14       85)
sls-result l_undef
SMT -> SLS phase
SMT -> SLS values
bounded run 10000
(sat.ddfw :unsat :models :kflips/sec  :flips  :restarts  :reinits  :unsat_vars  :shifts)
(sat.ddfw       4      1  0.252144       794         0          0            8       56)
sls-result l_undef
SMT -> SLS phase
SMT -> SLS values
bounded run 10000
(sat.ddfw :unsat :models :kflips/sec  :flips  :restarts  :reinits  :unsat_vars  :shifts)
(sat.ddfw       8      1    0.2545       806         0          0           14       47)
sls-result l_undef
SMT -> SLS phase
SMT -> SLS values
bounded run 10000
(sat.ddfw :unsat :models :kflips/sec  :flips  :restarts  :reinits  :unsat_vars  :shifts)
(sat.ddfw      12      1   0.40728      1298         0          0           18       76)
sls-result l_undef
SMT -> SLS phase
SMT -> SLS values
bounded run 10000
(sat.ddfw :unsat :models :kflips/sec  :flips  :restarts  :reinits  :unsat_vars  :shifts)
(sat.ddfw      22      1  0.466791      1497         0          0           23       81)
sls-result l_undef
SMT -> SLS phase
SMT -> SLS values
bounded run 10000
(sat.ddfw :unsat :models :kflips/sec  :flips  :restarts  :reinits  :unsat_vars  :shifts)
(sat.ddfw       2      1  0.444685      1435         0          0            4       99)
sls-result l_undef
SMT -> SLS phase
SMT -> SLS values
bounded run 10000
(sat.ddfw :unsat :models :kflips/sec  :flips  :restarts  :reinits  :unsat_vars  :shifts)
(sat.ddfw       1      1   0.49846      1618         0          0            2       96)
sls-result l_undef
SLS -> SMT phase 1
SLS -> SMT values
(nlsat :conflicts 1 :decisions 0 :propagations 95 :clauses 562 :learned 1)
(nlsat :conflicts 1 :decisions 0 :propagations 109 :clauses 562 :learned 1)
(nlsat :conflicts 1 :decisions 0 :propagations 89 :clauses 556 :learned 1)
(nlsat :conflicts 1 :decisions 0 :propagations 60 :clauses 566 :learned 1)
SMT -> SLS phase
SMT -> SLS values
bounded run 10000
(sat.ddfw :unsat :models :kflips/sec  :flips  :restarts  :reinits  :unsat_vars  :shifts)
(sat.ddfw      23      1  0.471778      1563         0          0           24       79)
sls-result l_undef
SMT -> SLS phase
SMT -> SLS values
bounded run 10000
(sat.ddfw :unsat :models :kflips/sec  :flips  :restarts  :reinits  :unsat_vars  :shifts)
(sat.ddfw      37      1  0.423597      1411         0          0           32       81)
sls-result l_undef
SMT -> SLS phase
SMT -> SLS values
bounded run 10000
(sat.ddfw :unsat :models :kflips/sec  :flips  :restarts  :reinits  :unsat_vars  :shifts)
(sat.ddfw       3      1  0.392836      1316         0          0            4       76)
sls-result l_undef
SLS -> SMT activity
(nlsat :conflicts 1 :decisions 0 :propagations 94 :clauses 562 :learned 1)
(nlsat :conflicts 1 :decisions 0 :propagations 62 :clauses 571 :learned 1)
(nlsat :conflicts 1 :decisions 0 :propagations 62 :clauses 573 :learned 1)
SMT -> SLS phase
SMT -> SLS values
bounded run 10000
(sat.ddfw :unsat :models :kflips/sec  :flips  :restarts  :reinits  :unsat_vars  :shifts)
(sat.ddfw      27      1  0.498535      1701         0          0           29       81)
sls-result l_undef
(nlsat :conflicts 1 :decisions 0 :propagations 64 :clauses 620 :learned 1)
(nlsat :conflicts 1 :decisions 0 :propagations 81 :clauses 609 :learned 1)
SMT -> SLS phase
SMT -> SLS values
bounded run 10000
(sat.ddfw :unsat :models :kflips/sec  :flips  :restarts  :reinits  :unsat_vars  :shifts)
(sat.ddfw       2      1  0.405045      1397         0          0            3      189)
sls-result l_undef
SMT -> SLS phase
SMT -> SLS values
bounded run 10000
(sat.ddfw :unsat :models :kflips/sec  :flips  :restarts  :reinits  :unsat_vars  :shifts)
(sat.ddfw       2      1  0.343525      1191         0          0            3      239)
sls-result l_undef
SMT -> SLS phase
SMT -> SLS values
bounded run 10000
(sat.ddfw :unsat :models :kflips/sec  :flips  :restarts  :reinits  :unsat_vars  :shifts)
(sat.ddfw       2      1  0.293628      1023         0          0            3      255)
sls-result l_undef
(smt.stats    2    313  17202   4298  1553/1447/8     390/5     1    0   56.05)
SMT -> SLS phase
SMT -> SLS values
bounded run 10000
(sat.ddfw :unsat :models :kflips/sec  :flips  :restarts  :reinits  :unsat_vars  :shifts)
(sat.ddfw       1      1  0.335141      1174         0          0            2      275)
sls-result l_undef
SLS -> SMT phase 1
SLS -> SMT values
SMT -> SLS phase
SMT -> SLS values
bounded run 10000
(sat.ddfw :unsat :models :kflips/sec  :flips  :restarts  :reinits  :unsat_vars  :shifts)
(sat.ddfw       2      1   0.34422      1212         0          0            3      279)
sls-result l_undef
SMT -> SLS phase
SMT -> SLS values
bounded run 10000
(sat.ddfw :unsat :models :kflips/sec  :flips  :restarts  :reinits  :unsat_vars  :shifts)
(sat.ddfw       1      1  0.416455      1473         0          0            2      350)
sls-result l_undef
SLS -> SMT phase 1
SLS -> SMT values
(nlsat :conflicts 5 :decisions 0 :propagations 124 :clauses 618 :learned 5)
(nlsat :conflicts 1 :decisions 0 :propagations 111 :clauses 616 :learned 1)
(smt.stats    3    414  19785   5451  1677/1587/8     522/8     1    0   56.24)
SMT -> SLS phase
SMT -> SLS units 242
SMT -> SLS values
bounded run 10000
(sat.ddfw :unsat :models :kflips/sec  :flips  :restarts  :reinits  :unsat_vars  :shifts)
(sat.ddfw       5      1  0.406145      1454         0          0            6      113)
sls-result l_undef
SMT -> SLS phase
SMT -> SLS values
bounded run 10000
(sat.ddfw :unsat :models :kflips/sec  :flips  :restarts  :reinits  :unsat_vars  :shifts)
(sat.ddfw       2      1  0.415346      1494         0          0            3      143)
sls-result l_undef
SMT -> SLS phase
SMT -> SLS values
bounded run 10000
(sat.ddfw :unsat :models :kflips/sec  :flips  :restarts  :reinits  :unsat_vars  :shifts)
(sat.ddfw       1      1   0.34394      1243         0          0            2      109)
sls-result l_undef
SLS -> SMT phase 1
SLS -> SMT values
SMT -> SLS phase
SMT -> SLS values
bounded run 10000
(sat.ddfw :unsat :models :kflips/sec  :flips  :restarts  :reinits  :unsat_vars  :shifts)
(sat.ddfw       1      1  0.392178      1424         0          0            2      133)
sls-result l_undef
SLS -> SMT phase 1
SLS -> SMT values
SMT -> SLS phase
SMT -> SLS values
bounded run 10000
(sat.ddfw :unsat :models :kflips/sec  :flips  :restarts  :reinits  :unsat_vars  :shifts)
(sat.ddfw      34      1   0.42818      1562         0          0           35      121)
sls-result l_undef
SMT -> SLS phase
SMT -> SLS values
bounded run 10000
(sat.ddfw :unsat :models :kflips/sec  :flips  :restarts  :reinits  :unsat_vars  :shifts)
(sat.ddfw       2      1  0.362572      1331         0          0            3      111)
sls-result l_undef
(nlsat :conflicts 1 :decisions 0 :propagations 35 :clauses 647 :learned 1)
(nlsat :conflicts 1 :decisions 0 :propagations 32 :clauses 651 :learned 1)
(nlsat :conflicts 1 :decisions 0 :propagations 37 :clauses 639 :learned 1)
(nlsat :conflicts 1 :decisions 0 :propagations 36 :clauses 639 :learned 1)
(nlsat :conflicts 1 :decisions 0 :propagations 37 :clauses 639 :learned 1)
(nlsat :conflicts 1 :decisions 0 :propagations 37 :clauses 642 :learned 1)
(nlsat :conflicts 1 :decisions 0 :propagations 37 :clauses 641 :learned 1)
(nlsat :conflicts 1 :decisions 0 :propagations 32 :clauses 653 :learned 1)
(nlsat :conflicts 1 :decisions 0 :propagations 32 :clauses 681 :learned 1)
(nlsat :conflicts 1 :decisions 0 :propagations 37 :clauses 689 :learned 1)
(nlsat :conflicts 1 :decisions 0 :propagations 38 :clauses 687 :learned 1)
(nlsat :conflicts 1 :decisions 0 :propagations 41 :clauses 675 :learned 1)
(nlsat :conflicts 1 :decisions 0 :propagations 41 :clauses 664 :learned 1)
ramon: poll                 wall=4.000s usage=3.942s mem=60344KiB load=1.00 rootload=0.98
(nlsat :conflicts 3 :decisions 0 :propagations 99 :clauses 667 :learned 3)
SMT -> SLS phase
SMT -> SLS values
bounded run 10000
(sat.ddfw :unsat :models :kflips/sec  :flips  :restarts  :reinits  :unsat_vars  :shifts)
(sat.ddfw      31      1  0.347453      1378         0          0           31       92)
sls-result l_undef
(nlsat :conflicts 1 :decisions 0 :propagations 92 :clauses 666 :learned 1)
(nlsat :conflicts 2 :decisions 0 :propagations 33 :clauses 666 :learned 2)
(nlsat :conflicts 1 :decisions 0 :propagations 92 :clauses 671 :learned 1)
ramon: poll                 wall=5.000s usage=4.941s mem=64804KiB load=1.00 rootload=1.00
(nlsat :conflicts 1 :decisions 0 :propagations 80 :clauses 667 :learned 1)
(nlsat :conflicts 1 :decisions 0 :propagations 91 :clauses 683 :learned 1)
(nlsat :conflicts 2 :decisions 0 :propagations 42 :clauses 679 :learned 2)
(nlsat :conflicts 2 :decisions 0 :propagations 42 :clauses 678 :learned 2)
(nlsat :conflicts 2 :decisions 0 :propagations 42 :clauses 679 :learned 2)
(nlsat :conflicts 1 :decisions 0 :propagations 90 :clauses 681 :learned 1)
(nlsat :conflicts 1 :decisions 0 :propagations 38 :clauses 723 :learned 1)
(nlsat :conflicts 1 :decisions 0 :propagations 40 :clauses 795 :learned 1)
(nlsat :conflicts 1 :decisions 0 :propagations 85 :clauses 725 :learned 1)
(nlsat :conflicts 1 :decisions 0 :propagations 81 :clauses 755 :learned 1)
(nlsat :conflicts 1 :decisions 0 :propagations 44 :clauses 707 :learned 1)
(nlsat :conflicts 1 :decisions 0 :propagations 96 :clauses 699 :learned 1)
(nlsat :conflicts 1 :decisions 0 :propagations 40 :clauses 748 :learned 1)
(nlsat :conflicts 1 :decisions 0 :propagations 41 :clauses 859 :learned 1)
(nlsat :conflicts 1 :decisions 0 :propagations 59 :clauses 731 :learned 1)
ramon: poll                 wall=6.765s usage=6.706s mem=62976KiB load=1.00 rootload=1.00
(nlsat :conflicts 1 :decisions 0 :propagations 59 :clauses 737 :learned 1)
(nlsat :conflicts 1 :decisions 0 :propagations 59 :clauses 734 :learned 1)
(nlsat :conflicts 1 :decisions 0 :propagations 55 :clauses 738 :learned 1)
(smt.stats    4    525  25626   6743  1737/1591/10     718/27     2    1   59.06)
(nlsat :conflicts 3 :decisions 0 :propagations 142 :clauses 808 :learned 3)
(nlsat :conflicts 3 :decisions 0 :propagations 160 :clauses 827 :learned 3)
ramon: poll                 wall=7.000s usage=6.937s mem=63092KiB load=0.98 rootload=0.98
(nlsat :conflicts 2 :decisions 0 :propagations 188 :clauses 815 :learned 2)
(nlsat :conflicts 2 :decisions 0 :propagations 184 :clauses 835 :learned 2)
SMT -> SLS phase
SMT -> SLS units 241
SMT -> SLS values
bounded run 10000
(sat.ddfw :unsat :models :kflips/sec  :flips  :restarts  :reinits  :unsat_vars  :shifts)
(sat.ddfw       5      1  0.199065      1405         0          0            6      141)
sls-result l_undef
SMT -> SLS phase
SMT -> SLS values
bounded run 10000
on-model 
(sat.ddfw :unsat :models :kflips/sec  :flips  :restarts  :reinits  :unsat_vars  :shifts)
(sat.ddfw       0      1 0.0716308       506         0          0            0       34)
sls-result l_true
ramon: end                  Wed Jan 22 20:42:51 2025
ramon: root.execname        z3
ramon: root.utime           7.030s
ramon: root.stime           0.040s
ramon: group.total          7.084s
ramon: group.utime          7.040s
ramon: group.stime          0.044s
ramon: group.mempeak        66852KiB
ramon: group.pidpeak        2
ramon: status               exited
ramon: exitcode             0
ramon: walltime             7.143s
ramon: loadavg              0.99
