ramon: cwd                  /home/gh1/A/_work/z3-poly-testing/z3-poly-testing
ramon: start                Mon Mar  3 07:56:18 2025
ramon: nproc                32
ramon: sys.mem              63441 MiB
ramon: sys.mem.free         14952 MiB
ramon: sys.mem.avail        59611 MiB
ramon: sys.nprocs           1583
ramon: argv                 0 = z3
ramon: argv                 1 = inputs/QF_LIA/n8429-ring_2exp6_7vars_4ite_unsat.smt2
ramon: argv                 2 = -T:60
ramon: argv                 3 = -v:2
ramon: childpid             1051632
(smt.searching)
(smt.stats :restarts     :decisions :clauses/bin/units      :simplify   :memory)
(smt.stats        :conflicts    :propagations       :lemmas      :deletions   )
(smt.stats    0      0      0      0   193/113/82       0/0     0    0   18.96)
(smt.stats    0    101    509    451   324/283/106      82/0     9   42   19.24)
(smt.stats    1    252   1282   1118   383/287/106     232/1     9   42   19.34)
(smt.stats    2    478   1704   1977   401/356/108     456/1    10   42   19.43)
(smt.stats    3    816   3029   3609   454/416/119     781/7    12   44   19.53)
ramon: end                  Mon Mar  3 07:56:18 2025
ramon: root.execname        z3
ramon: root.utime           0.450s
ramon: root.stime           0.000s
ramon: group.total          0.463s
ramon: group.utime          0.459s
ramon: group.stime          0.004s
ramon: group.mempeak        20772KiB
ramon: group.pidpeak        2
ramon: status               exited
ramon: exitcode             0
ramon: walltime             0.510s
ramon: loadavg              0.91
