sat
(:elim-unconstrained      1
 :max-memory              39.45
 :memory                  19.85
 :num-allocs              139731351
 :rlimit-count            8414943
 :sat-backjumps           27880
 :sat-backtracks          5
 :sat-conflicts           27885
 :sat-decisions           50973
 :sat-del-clause          55832
 :sat-elim-bool-vars-res  7630
 :sat-elim-clauses        4940
 :sat-elim-literals       2696
 :sat-gc-clause           9858
 :sat-minimized-lits      501126
 :sat-mk-clause-2ary      26567
 :sat-mk-clause-3ary      10565
 :sat-mk-clause-nary      93778
 :sat-mk-var              16971
 :sat-probing-assigned    47
 :sat-propagations-2ary   3060992
 :sat-propagations-nary   5303195
 :sat-restarts            2729
 :sat-scc-elim-binary     93
 :sat-scc-elim-vars       184
 :sat-subs-resolution     649
 :sat-subs-resolution-dyn 15675
 :sat-subsumed            8315
 :sat-units               1569
 :time                    1.82
 :total-time              1.84)
