unsat
(:added-eqs                       5608
 :arith-eq-adapter                138
 :arith-bound-propagations-lp     29
 :arith-conflicts                 490
 :arith-diseq                     153
 :arith-fixed-eqs                 59
 :arith-gcd-calls                 10
 :arith-grobner-calls             53
 :arith-grobner-conflicts         17
 :arith-horner-calls              8
 :arith-horner-conflicts          1
 :arith-horner-cross-nested-forms 3852
 :arith-lower                     2541
 :arith-make-feasible             1964
 :arith-max-columns               379
 :arith-max-rows                  139
 :arith-nla-add-bounds            28
 :arith-nla-lemmas                221
 :arith-nla-propagate-bounds      224
 :arith-nla-propagate-eq          1311
 :arith-nra-calls                 13
 :arith-offset-eqs                469
 :arith-patches                   10
 :arith-patches-success           9
 :arith-upper                     5506
 :binary-propagations             11333
 :conflicts                       155
 :decisions                       9460
 :del-clause                      282
 :elim-unconstrained              3
 :final-checks                    162
 :max-memory                      52.39
 :memory                          21.06
 :minimized-lits                  65
 :mk-bool-var                     1227
 :mk-clause                       401
 :mk-clause-binary                1580
 :num-allocs                      451927524
 :num-checks                      1
 :propagations                    13002
 :restarts                        1
 :rlimit-count                    4227642
 :sat-backjumps                   3632
 :sat-conflicts                   3633
 :sat-decisions                   18986
 :sat-del-clause                  86632
 :sat-elim-bool-vars-res          14860
 :sat-elim-clauses                7273
 :sat-elim-literals               4486
 :sat-minimized-lits              18382
 :sat-mk-clause-2ary              47023
 :sat-mk-clause-3ary              22745
 :sat-mk-clause-nary              124872
 :sat-mk-var                      30181
 :sat-probing-assigned            94
 :sat-propagations-2ary           1173134
 :sat-propagations-nary           1571982
 :sat-restarts                    313
 :sat-scc-elim-binary             119
 :sat-scc-elim-vars               196
 :sat-subs-resolution             1657
 :sat-subs-resolution-dyn         835
 :sat-subsumed                    17356
 :sat-units                       7651
 :time                            1.49
 :total-time                      1.51)
