unsat
(:added-eqs                       41
 :arith-eq-adapter                8
 :arith-bound-propagations-lp     1
 :arith-conflicts                 21
 :arith-diseq                     6
 :arith-fixed-eqs                 2
 :arith-grobner-calls             9
 :arith-horner-calls              2
 :arith-horner-conflicts          1
 :arith-horner-cross-nested-forms 55
 :arith-lower                     32
 :arith-make-feasible             60
 :arith-max-columns               47
 :arith-max-rows                  11
 :arith-nla-add-bounds            2
 :arith-nla-lemmas                9
 :arith-nla-propagate-bounds      10
 :arith-nla-propagate-eq          2
 :arith-nra-calls                 5
 :arith-upper                     81
 :binary-propagations             124
 :conflicts                       19
 :decisions                       118
 :del-clause                      14
 :elim-unconstrained              3
 :final-checks                    20
 :max-memory                      28.92
 :memory                          18.68
 :mk-bool-var                     84
 :mk-clause                       26
 :mk-clause-binary                70
 :num-allocs                      14098201
 :num-checks                      1
 :propagations                    157
 :rlimit-count                    1135523
 :sat-backjumps                   6803
 :sat-conflicts                   6804
 :sat-decisions                   9620
 :sat-del-clause                  10582
 :sat-elim-bool-vars-res          1677
 :sat-elim-clauses                1175
 :sat-elim-literals               640
 :sat-minimized-lits              47693
 :sat-mk-clause-2ary              6275
 :sat-mk-clause-3ary              2728
 :sat-mk-clause-nary              23352
 :sat-mk-var                      4166
 :sat-probing-assigned            6
 :sat-propagations-2ary           312407
 :sat-propagations-nary           699011
 :sat-restarts                    490
 :sat-scc-elim-binary             29
 :sat-scc-elim-vars               41
 :sat-subs-resolution             209
 :sat-subs-resolution-dyn         1758
 :sat-subsumed                    1968
 :sat-units                       331
 :time                            0.24
 :total-time                      0.26)
