sat
(:added-eqs                   270
 :arith-eq-adapter            43
 :arith-bound-propagations-lp 27
 :arith-conflicts             14
 :arith-diseq                 50
 :arith-fixed-eqs             39
 :arith-grobner-calls         2
 :arith-grobner-conflicts     2
 :arith-lower                 102
 :arith-make-feasible         125
 :arith-max-columns           182
 :arith-max-rows              68
 :arith-nla-propagate-eq      98
 :arith-offset-eqs            27
 :arith-upper                 127
 :binary-propagations         573
 :conflicts                   18
 :decisions                   407
 :del-clause                  4
 :final-checks                2
 :max-memory                  51.85
 :memory                      17.66
 :minimized-lits              7
 :mk-bool-var                 333
 :mk-clause                   272
 :mk-clause-binary            515
 :num-allocs                  741686
 :num-checks                  1
 :propagations                803
 :rlimit-count                59578
 :sls-arith-steps             2312
 :sls-ddfw-flips              4920.00
 :sls-ddfw-shifts             1000.00
 :sls-num-guided-search       2
 :sls-repair-down             68
 :sls-repair-up               152
 :solve-eqs-elim-vars         60
 :solve-eqs-steps             249
 :time                        0.04
 :total-time                  0.04)
