ramon: cwd                  /home/gh1/A/_work/z3-poly-testing/z3-poly-testing
ramon: start                Wed Jan 22 23:14:42 2025
ramon: nproc                32
ramon: sys.mem              63441 MiB
ramon: sys.mem.free         24361 MiB
ramon: sys.mem.avail        59497 MiB
ramon: sys.nprocs           1396
ramon: argv                 0 = z3
ramon: argv                 1 = inputs/QF_NIA_CInteger/Stroeder_15__CookSeeZuleger-TACAS2013-Fig8b_true-termination.c__p22418_terminationG_0.smt2
ramon: argv                 2 = -T:60
ramon: argv                 3 = -v:2
ramon: argv                 4 = -st
ramon: argv                 5 = tactic.default_tactic=(then simplify propagate-values solve-eqs simplify smt)
ramon: argv                 6 = smt.sls.enable=true
ramon: argv                 7 = smt.sls.parallel=false
ramon: argv                 8 = model_validate=true
ramon: argv                 9 = sls.arith_use_clausal_lookahead=true
ramon: childpid             3555841
(smt.searching)
(smt.stats :restarts     :decisions :clauses/bin/units      :simplify   :memory)
(smt.stats        :conflicts    :propagations       :lemmas      :deletions   )
(smt.stats    0      0      0      0   214/192/11       0/0     0    0   18.20)
SMT -> SLS values
on-model 
(sat.ddfw :unsat :models :kflips/sec   :flips :restarts   :reinits  :unsat_vars  :shifts)
(sat.ddfw       0      1   114.4286       801         0          0            0      577)
(nlsat :conflicts 2 :decisions 0 :propagations 64 :clauses 171 :learned 2)
ramon: end                  Wed Jan 22 23:14:42 2025
ramon: root.execname        z3
ramon: root.utime           0.010s
ramon: root.stime           0.010s
ramon: group.total          0.030s
ramon: group.utime          0.013s
ramon: group.stime          0.017s
ramon: group.mempeak        53580KiB
ramon: group.pidpeak        2
ramon: status               exited
ramon: exitcode             0
ramon: walltime             0.078s
ramon: loadavg              0.38
