ramon: cwd                  /home/gh1/A/_work/z3-poly-testing/z3-poly-testing
ramon: start                Wed Jan 22 22:58:46 2025
ramon: nproc                32
ramon: sys.mem              63441 MiB
ramon: sys.mem.free         26853 MiB
ramon: sys.mem.avail        59498 MiB
ramon: sys.nprocs           1346
ramon: argv                 0 = z3
ramon: argv                 1 = inputs/QF_NIA_CInteger/Stroeder_15__Toulouse-MultiBranchesToLoop_true-termination.c__p26134_terminationG_0.smt2
ramon: argv                 2 = -T:60
ramon: argv                 3 = -v:2
ramon: argv                 4 = -st
ramon: argv                 5 = tactic.default_tactic=(then simplify propagate-values solve-eqs simplify smt)
ramon: argv                 6 = smt.sls.enable=true
ramon: argv                 7 = smt.sls.parallel=false
ramon: argv                 8 = model_validate=true
ramon: argv                 9 = sls.arith_use_clausal_lookahead=true
ramon: childpid             3507366
(smt.searching)
(smt.stats :restarts     :decisions :clauses/bin/units      :simplify   :memory)
(smt.stats        :conflicts    :propagations       :lemmas      :deletions   )
(smt.stats    0      0      0      0   374/364/20       0/0     0    0   18.33)
SMT -> SLS values
(sat.ddfw :unsat :models :kflips/sec   :flips :restarts   :reinits  :unsat_vars  :shifts)
(sat.ddfw       1      3   511.8182     11260         0          0            2     5588)
(sat.ddfw       1      4    52.4800     12572         0          1            2     6243)
SLS -> SMT phase. unsat size: 1
SLS -> SMT values
(nlsat :conflicts 3 :decisions 0 :propagations 83 :clauses 194 :learned 3)
SMT -> SLS values
(sat.ddfw       1      4    93.1739     16858         0          1            2     7863)
SLS -> SMT phase. unsat size: 1
SLS -> SMT values
SMT -> SLS values
on-model 
(sat.ddfw       0      1     1.1837     16916         0          1            0     7866)
ramon: end                  Wed Jan 22 22:58:46 2025
ramon: root.execname        z3
ramon: root.utime           0.050s
ramon: root.stime           0.040s
ramon: group.total          0.100s
ramon: group.utime          0.056s
ramon: group.stime          0.044s
ramon: group.mempeak        54304KiB
ramon: group.pidpeak        2
ramon: status               exited
ramon: exitcode             0
ramon: walltime             0.102s
ramon: loadavg              0.98
