ramon: cwd                  /home/gh1/A/_work/z3-poly-testing/z3-poly-testing
ramon: start                Wed Jan 22 23:05:26 2025
ramon: nproc                32
ramon: sys.mem              63441 MiB
ramon: sys.mem.free         24585 MiB
ramon: sys.mem.avail        59497 MiB
ramon: sys.nprocs           1403
ramon: argv                 0 = z3
ramon: argv                 1 = inputs/QF_NIA_CInteger/Ton_Chanh_15__Hanoi_plus_false-termination.c__p27061_terminationG_0.smt2
ramon: argv                 2 = -T:60
ramon: argv                 3 = -v:2
ramon: argv                 4 = -st
ramon: argv                 5 = tactic.default_tactic=(then simplify propagate-values solve-eqs simplify smt)
ramon: argv                 6 = smt.sls.enable=true
ramon: argv                 7 = smt.sls.parallel=false
ramon: argv                 8 = model_validate=true
ramon: argv                 9 = sls.arith_use_clausal_lookahead=true
ramon: childpid             3527083
(smt.searching)
(smt.stats :restarts     :decisions :clauses/bin/units      :simplify   :memory)
(smt.stats        :conflicts    :propagations       :lemmas      :deletions   )
(smt.stats    0      0      0      0   219/206/15       0/0     0    0   18.19)
SMT -> SLS values
(sat.ddfw :unsat :models :kflips/sec   :flips :restarts   :reinits  :unsat_vars  :shifts)
(sat.ddfw       1      1     3.2479       393        19          0            2    29334)
SLS -> SMT phase. unsat size: 1
SLS -> SMT values
SMT -> SLS values
(sat.ddfw       1      1     0.7094       537        27          0            2    49086)
SLS -> SMT phase. unsat size: 1
SLS -> SMT values
SMT -> SLS values
(sat.ddfw       1      1     0.2541       599        31          0            2    58987)
SLS -> SMT phase. unsat size: 1
SLS -> SMT values
(nlsat :conflicts 1 :decisions 0 :propagations 43 :clauses 135 :learned 1)
SMT -> SLS values
(sat.ddfw       1      2     0.4232       712        32          0            2    62693)
SLS -> SMT phase. unsat size: 1
SLS -> SMT values
SMT -> SLS values
(sat.ddfw       1      3     7.7382      2840        33          0            2    63442)
SLS -> SMT phase. unsat size: 1
SLS -> SMT values
SMT -> SLS values
(sat.ddfw       1      4     0.4007      2955        33          0            1    64419)
SLS -> SMT phase. unsat size: 1
SLS -> SMT values
SMT -> SLS values
on-model 
(sat.ddfw       0      1     0.3299      3050        34          0            0    64427)
ramon: end                  Wed Jan 22 23:05:26 2025
ramon: root.execname        z3
ramon: root.utime           0.280s
ramon: root.stime           0.010s
ramon: group.total          0.306s
ramon: group.utime          0.290s
ramon: group.stime          0.016s
ramon: group.mempeak        53832KiB
ramon: group.pidpeak        2
ramon: status               exited
ramon: exitcode             0
ramon: walltime             0.344s
ramon: loadavg              0.89
