ramon: cwd                  /home/runner/a/_work/z3-poly-testing/z3-poly-testing
ramon: start                Tue Mar 18 20:32:45 2025
ramon: nproc                128
ramon: sys.mem              64150 MiB
ramon: sys.mem.free         1665 MiB
ramon: sys.mem.avail        64141 MiB
ramon: sys.nprocs           3820
ramon: argv                 0 = z3
ramon: argv                 1 = /home/runner/a/_work/z3-poly-testing/z3-poly-testing/download/non-incremental/QF_LIA/20220307-SMPT/MAPK-PT-00160/RC-11.smt2
ramon: argv                 2 = -T:600
ramon: argv                 3 = -st
ramon: argv                 4 = smt.arith.lp.dio_eqs=false
ramon: childpid             2019048
ramon: end                  Tue Mar 18 20:32:45 2025
ramon: root.execname        z3
ramon: root.utime           0.010s
ramon: root.stime           0.040s
ramon: group.total          0.058s
ramon: group.utime          0.014s
ramon: group.stime          0.044s
ramon: group.mempeak        20028KiB
ramon: group.pidpeak        2
ramon: status               exited
ramon: exitcode             0
ramon: walltime             0.063s
ramon: loadavg              0.92
