sat
(:added-eqs               14
 :arith-branch            26
 :arith-cube-calls        6
 :arith-cube-success      1
 :arith-dio-calls         26
 :arith-fixed-eqs         14
 :arith-gcd-calls         27
 :arith-lower             62
 :arith-make-feasible     39
 :arith-max-columns       282
 :arith-max-rows          94
 :arith-patches           27
 :arith-upper             234
 :decisions               26
 :final-checks            27
 :max-memory              112.00
 :memory                  33.42
 :mk-bool-var             296
 :num-allocs              31943321177.00
 :num-checks              2
 :rlimit-count            19224696
 :sat-backjumps           26533
 :sat-backtracks          136
 :sat-conflicts           26669
 :sat-decisions           152429
 :sat-del-clause          47734
 :sat-elim-bool-vars-res  9013
 :sat-elim-clauses        1269
 :sat-elim-literals       691
 :sat-minimized-lits      332317
 :sat-mk-clause-2ary      92816
 :sat-mk-clause-3ary      28727
 :sat-mk-clause-nary      281037
 :sat-mk-var              91756
 :sat-probing-assigned    329
 :sat-propagations-2ary   8664304
 :sat-propagations-nary   8503432
 :sat-restarts            3739
 :sat-scc-elim-binary     108
 :sat-scc-elim-vars       4
 :sat-subs-resolution     125
 :sat-subs-resolution-dyn 3467
 :sat-subsumed            4304
 :sat-units               337
 :time                    7.48
 :total-time              7.50)
