ramon: cwd                  /home/runner/a/_work/z3-poly-testing/z3-poly-testing
ramon: start                Fri Feb  7 08:24:52 2025
ramon: nproc                128
ramon: sys.mem              64150 MiB
ramon: sys.mem.free         39627 MiB
ramon: sys.mem.avail        64015 MiB
ramon: sys.nprocs           3237
ramon: argv                 0 = z3
ramon: argv                 1 = inputs/QF_LIA/convert-jpg2gif-query-1538.smt2
ramon: argv                 2 = -T:600
ramon: argv                 3 = -st
ramon: argv                 4 = smt.random_seed=8
ramon: childpid             384601
ramon: poll                 wall=01.000s usage=00.975s user=00.953s sys=00.022s mem=29124KiB roottime=0.950s load=0.97 rootload=0.95
ramon: poll                 wall=02.000s usage=01.975s user=01.953s sys=00.022s mem=29124KiB roottime=1.950s load=1.00 rootload=1.00
ramon: poll                 wall=03.000s usage=02.974s user=02.952s sys=00.022s mem=29124KiB roottime=2.950s load=1.00 rootload=1.00
ramon: poll                 wall=04.000s usage=03.974s user=03.935s sys=00.039s mem=41260KiB roottime=3.930s load=1.00 rootload=0.98
ramon: end                  Fri Feb  7 08:24:56 2025
ramon: root.execname        z3
ramon: root.utime           4.530s
ramon: root.stime           0.040s
ramon: group.total          4.582s
ramon: group.utime          4.536s
ramon: group.stime          0.046s
ramon: group.mempeak        49348KiB
ramon: group.pidpeak        3
ramon: status               exited
ramon: exitcode             0
ramon: walltime             4.607s
ramon: loadavg              0.99
