unsat
(:added-eqs                   275
 :arith-bound-propagations-lp 166
 :arith-conflicts             2
 :arith-fixed-eqs             98
 :arith-lower                 290
 :arith-make-feasible         73
 :arith-max-columns           692
 :arith-max-rows              420
 :arith-offset-eqs            49
 :arith-upper                 446
 :binary-propagations         1059
 :conflicts                   9
 :decisions                   41
 :del-clause                  512
 :elim-unconstrained          13
 :max-memory                  23.44
 :memory                      20.63
 :mk-bool-var                 1976
 :mk-clause                   1452
 :mk-clause-binary            2137
 :num-allocs                  3374563
 :num-checks                  1
 :propagations                1831
 :rlimit-count                289832
 :solve-eqs-elim-vars         2064
 :solve-eqs-steps             2641
 :time                        0.04
 :total-time                  0.07)
