ramon: cwd                  /home/runner/a/_work/z3-poly-testing/z3-poly-testing
ramon: start                Tue Mar 18 15:52:26 2025
ramon: nproc                128
ramon: sys.mem              64150 MiB
ramon: sys.mem.free         48403 MiB
ramon: sys.mem.avail        64117 MiB
ramon: sys.nprocs           3644
ramon: argv                 0 = z3
ramon: argv                 1 = /home/runner/a/_work/z3-poly-testing/z3-poly-testing/download/non-incremental/QF_LIA/bofill-scheduling/SMT_real_LIA/ex9140_2400_100.smt2
ramon: argv                 2 = -T:600
ramon: argv                 3 = -st
ramon: argv                 4 = smt.arith.lp.dio_eqs=true
ramon: childpid             1518963
ramon: poll                 wall=01.002s usage=00.997s user=00.897s sys=00.100s mem=25400KiB roottime=0.890s load=0.99 rootload=0.89
ramon: end                  Tue Mar 18 15:52:27 2025
ramon: root.execname        z3
ramon: root.utime           1.220s
ramon: root.stime           0.110s
ramon: group.total          1.338s
ramon: group.utime          1.225s
ramon: group.stime          0.113s
ramon: group.mempeak        25912KiB
ramon: group.pidpeak        2
ramon: status               exited
ramon: exitcode             0
ramon: walltime             1.345s
ramon: loadavg              0.99
