ramon: cwd                  /home/runner/a/_work/z3-poly-testing/z3-poly-testing
ramon: start                Thu Mar 13 19:49:27 2025
ramon: nproc                128
ramon: sys.mem              64150 MiB
ramon: sys.mem.free         19922 MiB
ramon: sys.mem.avail        63557 MiB
ramon: sys.nprocs           3408
ramon: argv                 0 = z3
ramon: argv                 1 = inputs/QF_LIA/c30_problem__005.smt2.slack.smt2
ramon: argv                 2 = -T:600
ramon: argv                 3 = -st
ramon: argv                 4 = smt.arith.lp.dio_eqs=true
ramon: childpid             3290228
ramon: poll                 wall=01.003s usage=00.949s user=00.876s sys=00.073s mem=20416KiB roottime=0.870s load=0.95 rootload=0.87
ramon: poll                 wall=02.009s usage=01.928s user=01.849s sys=00.078s mem=20520KiB roottime=1.840s load=0.97 rootload=0.96
ramon: poll                 wall=03.002s usage=02.912s user=02.717s sys=00.195s mem=35800KiB roottime=2.710s load=0.99 rootload=0.88
ramon: poll                 wall=04.000s usage=03.905s user=03.676s sys=00.229s mem=42664KiB roottime=3.670s load=0.99 rootload=0.96
ramon: poll                 wall=05.001s usage=04.897s user=04.658s sys=00.239s mem=43392KiB roottime=4.650s load=0.99 rootload=0.98
ramon: poll                 wall=06.002s usage=05.891s user=05.636s sys=00.255s mem=44172KiB roottime=5.630s load=0.99 rootload=0.98
ramon: poll                 wall=07.002s usage=06.888s user=06.625s sys=00.263s mem=45264KiB roottime=6.620s load=1.00 rootload=0.99
ramon: end                  Thu Mar 13 19:49:34 2025
ramon: root.execname        z3
ramon: root.utime           6.940s
ramon: root.stime           0.290s
ramon: group.total          7.241s
ramon: group.utime          6.944s
ramon: group.stime          0.297s
ramon: group.mempeak        46800KiB
ramon: group.pidpeak        3
ramon: status               exited
ramon: exitcode             0
ramon: walltime             7.360s
ramon: loadavg              0.98
