ramon: cwd                  /home/runner/a/_work/z3-poly-testing/z3-poly-testing
ramon: start                Thu Mar 13 19:34:23 2025
ramon: nproc                128
ramon: sys.mem              64150 MiB
ramon: sys.mem.free         19113 MiB
ramon: sys.mem.avail        63560 MiB
ramon: sys.nprocs           3395
ramon: argv                 0 = z3
ramon: argv                 1 = inputs/QF_LIA/ex7140_2400_100.smt2
ramon: argv                 2 = -T:600
ramon: argv                 3 = -st
ramon: argv                 4 = smt.arith.lp.dio_eqs=true
ramon: childpid             3197196
ramon: poll                 wall=01.000s usage=00.983s user=00.927s sys=00.057s mem=25652KiB roottime=0.920s load=0.98 rootload=0.92
ramon: poll                 wall=02.003s usage=01.977s user=01.915s sys=00.062s mem=26936KiB roottime=1.910s load=0.99 rootload=0.99
ramon: end                  Thu Mar 13 19:34:25 2025
ramon: root.execname        z3
ramon: root.utime           2.320s
ramon: root.stime           0.070s
ramon: group.total          2.401s
ramon: group.utime          2.329s
ramon: group.stime          0.072s
ramon: group.mempeak        27400KiB
ramon: group.pidpeak        2
ramon: status               exited
ramon: exitcode             0
ramon: walltime             2.433s
ramon: loadavg              0.99
