ramon: cwd                  /home/runner/a/_work/z3-poly-testing/z3-poly-testing
ramon: start                Thu Mar 13 19:38:19 2025
ramon: nproc                128
ramon: sys.mem              64150 MiB
ramon: sys.mem.free         21667 MiB
ramon: sys.mem.avail        63559 MiB
ramon: sys.nprocs           3436
ramon: argv                 0 = z3
ramon: argv                 1 = inputs/QF_LIA/n4209-RC-00.smt2
ramon: argv                 2 = -T:600
ramon: argv                 3 = -st
ramon: argv                 4 = smt.arith.lp.dio_eqs=true
ramon: childpid             3223270
ramon: end                  Thu Mar 13 19:38:19 2025
ramon: root.execname        z3
ramon: root.utime           0.010s
ramon: root.stime           0.050s
ramon: group.total          0.061s
ramon: group.utime          0.011s
ramon: group.stime          0.050s
ramon: group.mempeak        20100KiB
ramon: group.pidpeak        2
ramon: status               exited
ramon: exitcode             0
ramon: walltime             0.063s
ramon: loadavg              0.96
