unsat
(:added-eqs                   588257
 :arith-eq-adapter            4642
 :arith-bound-propagations-lp 44296
 :arith-conflicts             139
 :arith-diseq                 21027
 :arith-fixed-eqs             46651
 :arith-lower                 58714
 :arith-make-feasible         22132
 :arith-max-columns           1756
 :arith-max-rows              1032
 :arith-offset-eqs            26836
 :arith-upper                 65493
 :binary-propagations         1944838
 :conflicts                   5835
 :decisions                   286941
 :del-clause                  13829
 :max-memory                  54.23
 :memory                      34.62
 :minimized-lits              14027
 :mk-bool-var                 23427
 :mk-clause                   16432
 :mk-clause-binary            53484
 :num-allocs                  272081373
 :num-checks                  1
 :propagations                2384646
 :restarts                    44
 :rlimit-count                13609607
 :time                        3.17
 :total-time                  3.27)
