unsat
(:added-eqs                       227
 :arith-eq-adapter                40
 :arith-bound-propagations-lp     9
 :arith-conflicts                 68
 :arith-diseq                     303
 :arith-fixed-eqs                 13
 :arith-grobner-calls             20
 :arith-grobner-conflicts         13
 :arith-horner-calls              1
 :arith-horner-cross-nested-forms 257
 :arith-lower                     100
 :arith-make-feasible             293
 :arith-max-columns               47
 :arith-max-rows                  10
 :arith-nla-lemmas                18
 :arith-nla-propagate-bounds      33
 :arith-nla-propagate-eq          60
 :arith-nra-calls                 4
 :arith-upper                     291
 :binary-propagations             247
 :card2bv-rewrites                15
 :conflicts                       43
 :decisions                       357
 :del-clause                      76
 :final-checks                    49
 :max-memory                      28.55
 :memory                          20.32
 :minimized-lits                  20
 :mk-bool-var                     206
 :mk-clause                       109
 :mk-clause-binary                47
 :nlsat-conflicts                 300
 :nlsat-decisions                 23
 :nlsat-propagations              2423
 :nlsat-stages                    846
 :num-allocs                      13006443
 :num-checks                      1
 :propagations                    434
 :rlimit-count                    234573
 :sat-backjumps                   501
 :sat-conflicts                   501
 :sat-decisions                   1771
 :sat-del-clause                  5211
 :sat-elim-bool-vars-res          873
 :sat-elim-clauses                683
 :sat-elim-literals               454
 :sat-minimized-lits              668
 :sat-mk-clause-2ary              3752
 :sat-mk-clause-3ary              1929
 :sat-mk-clause-nary              13463
 :sat-mk-var                      3297
 :sat-probing-assigned            45
 :sat-propagations-2ary           31015
 :sat-propagations-nary           56079
 :sat-restarts                    46
 :sat-scc-elim-binary             5
 :sat-scc-elim-vars               42
 :sat-subs-resolution             70
 :sat-subs-resolution-dyn         57
 :sat-subsumed                    771
 :sat-units                       299
 :time                            0.21
 :total-time                      0.26)
