sat
(:added-eqs                       8806
 :arith-eq-adapter                224
 :arith-bound-propagations-lp     1326
 :arith-conflicts                 805
 :arith-diseq                     1939
 :arith-fixed-eqs                 761
 :arith-gcd-calls                 5
 :arith-grobner-calls             205
 :arith-grobner-conflicts         86
 :arith-horner-calls              52
 :arith-horner-conflicts          4
 :arith-horner-cross-nested-forms 9650
 :arith-lower                     3876
 :arith-make-feasible             3738
 :arith-max-columns               494
 :arith-max-rows                  220
 :arith-nla-add-bounds            31
 :arith-nla-lemmas                369
 :arith-nla-propagate-bounds      239
 :arith-nla-propagate-eq          5570
 :arith-nra-calls                 122
 :arith-offset-eqs                739
 :arith-patches                   5
 :arith-patches-success           5
 :arith-upper                     7197
 :binary-propagations             16029
 :card2bv-rewrites                1
 :cnf-encoding-aux-vars           9
 :conflicts                       372
 :decisions                       18809
 :del-clause                      438
 :elim-unconstrained              26
 :final-checks                    398
 :max-memory                      157.55
 :memory                          95.30
 :minimized-lits                  472
 :mk-bool-var                     1636
 :mk-clause                       932
 :mk-clause-binary                1242
 :nlsat-conflicts                 10609
 :nlsat-decisions                 750
 :nlsat-irrational-assignments    3
 :nlsat-propagations              244520
 :nlsat-restarts                  4
 :nlsat-stages                    152817
 :num-allocs                      2451885925
 :num-checks                      1
 :propagations                    21283
 :restarts                        3
 :rlimit-count                    4356533
 :sat-backjumps                   501
 :sat-conflicts                   501
 :sat-decisions                   2718
 :sat-del-clause                  94007
 :sat-elim-bool-vars-res          17594
 :sat-elim-literals               1749
 :sat-minimized-lits              1709
 :sat-mk-clause-2ary              54828
 :sat-mk-clause-3ary              24172
 :sat-mk-clause-nary              148253
 :sat-mk-var                      36483
 :sat-probing-assigned            43
 :sat-propagations-2ary           251727
 :sat-propagations-nary           195048
 :sat-restarts                    31
 :sat-scc-elim-binary             290
 :sat-scc-elim-vars               73
 :sat-subs-resolution             1588
 :sat-subs-resolution-dyn         115
 :sat-subsumed                    18846
 :sat-units                       54
 :solve-eqs-elim-vars             46
 :solve-eqs-steps                 542
 :time                            5.40
 :total-time                      5.44)
