ramon: cwd                  /tmp/runner/actions-runner/_work/z3-poly-testing/z3-poly-testing
ramon: start                Wed Dec 18 08:48:12 2024
ramon: nproc                128
ramon: sys.mem              64150 MiB
ramon: sys.mem.free         47937 MiB
ramon: sys.mem.avail        64140 MiB
ramon: sys.nprocs           3096
ramon: argv                 0 = z3
ramon: argv                 1 = /tmp/runner/actions-runner/_work/z3-poly-testing/z3-poly-testing/download/non-incremental/QF_NIA/mcm/148.smt2
ramon: argv                 2 = -T:600
ramon: argv                 3 = -st
ramon: childpid             2877938
ramon: poll                 wall=01.000s usage=00.979s user=00.892s sys=00.087s mem=56612KiB roottime=0.890s load=0.98 rootload=0.89
ramon: poll                 wall=02.000s usage=01.979s user=01.884s sys=00.095s mem=59428KiB roottime=1.880s load=1.00 rootload=0.99
ramon: poll                 wall=03.000s usage=02.979s user=02.883s sys=00.096s mem=59640KiB roottime=2.880s load=1.00 rootload=1.00
ramon: poll                 wall=04.000s usage=03.979s user=03.883s sys=00.096s mem=59640KiB roottime=3.880s load=1.00 rootload=1.00
ramon: poll                 wall=05.000s usage=04.979s user=04.883s sys=00.096s mem=59640KiB roottime=4.880s load=1.00 rootload=1.00
ramon: poll                 wall=06.000s usage=05.978s user=05.882s sys=00.096s mem=60152KiB roottime=5.880s load=1.00 rootload=1.00
ramon: poll                 wall=07.000s usage=06.978s user=06.880s sys=00.098s mem=61432KiB roottime=6.870s load=1.00 rootload=0.99
ramon: poll                 wall=08.000s usage=07.978s user=07.875s sys=00.103s mem=65784KiB roottime=7.870s load=1.00 rootload=1.00
ramon: poll                 wall=09.000s usage=08.978s user=08.868s sys=00.110s mem=69368KiB roottime=8.860s load=1.00 rootload=0.99
ramon: poll                 wall=10.000s usage=09.978s user=09.864s sys=00.114s mem=72440KiB roottime=9.860s load=1.00 rootload=1.00
ramon: poll                 wall=11.000s usage=10.977s user=10.858s sys=00.119s mem=73720KiB roottime=10.850s load=1.00 rootload=0.99
ramon: poll                 wall=12.000s usage=11.977s user=11.854s sys=00.123s mem=76792KiB roottime=11.850s load=1.00 rootload=1.00
ramon: poll                 wall=13.000s usage=12.977s user=12.843s sys=00.134s mem=80104KiB roottime=12.840s load=1.00 rootload=0.99
ramon: poll                 wall=14.000s usage=13.977s user=13.835s sys=00.142s mem=83940KiB roottime=13.830s load=1.00 rootload=0.99
ramon: poll                 wall=15.000s usage=14.977s user=14.828s sys=00.149s mem=87268KiB roottime=14.820s load=1.00 rootload=0.99
ramon: poll                 wall=16.000s usage=15.977s user=15.823s sys=00.154s mem=90340KiB roottime=15.820s load=1.00 rootload=1.00
ramon: poll                 wall=17.000s usage=16.976s user=16.812s sys=00.164s mem=95204KiB roottime=16.810s load=1.00 rootload=0.99
ramon: poll                 wall=18.000s usage=17.976s user=17.801s sys=00.175s mem=99808KiB roottime=17.800s load=1.00 rootload=0.99
ramon: poll                 wall=19.000s usage=18.976s user=18.799s sys=00.177s mem=97MiB roottime=18.790s load=1.00 rootload=0.99
ramon: poll                 wall=20.000s usage=19.976s user=19.798s sys=00.178s mem=101MiB roottime=19.790s load=1.00 rootload=1.00
ramon: poll                 wall=21.000s usage=20.976s user=20.790s sys=00.186s mem=105MiB roottime=20.780s load=1.00 rootload=0.99
ramon: poll                 wall=22.000s usage=21.976s user=21.787s sys=00.189s mem=107MiB roottime=21.780s load=1.00 rootload=1.00
ramon: poll                 wall=23.000s usage=22.975s user=22.780s sys=00.196s mem=111MiB roottime=22.780s load=1.00 rootload=1.00
ramon: poll                 wall=24.000s usage=23.975s user=23.777s sys=00.198s mem=114MiB roottime=23.770s load=1.00 rootload=0.99
ramon: poll                 wall=25.000s usage=24.975s user=24.773s sys=00.202s mem=118MiB roottime=24.770s load=1.00 rootload=1.00
ramon: poll                 wall=26.000s usage=25.975s user=25.768s sys=00.207s mem=121MiB roottime=25.760s load=1.00 rootload=0.99
ramon: poll                 wall=27.000s usage=26.975s user=26.764s sys=00.211s mem=122MiB roottime=26.760s load=1.00 rootload=1.00
ramon: poll                 wall=28.000s usage=27.974s user=27.753s sys=00.221s mem=128MiB roottime=27.750s load=1.00 rootload=0.99
ramon: poll                 wall=29.000s usage=28.974s user=28.748s sys=00.226s mem=131MiB roottime=28.740s load=1.00 rootload=0.99
ramon: poll                 wall=30.000s usage=29.974s user=29.746s sys=00.228s mem=131MiB roottime=29.740s load=1.00 rootload=1.00
ramon: poll                 wall=31.000s usage=30.974s user=30.744s sys=00.230s mem=132MiB roottime=30.740s load=1.00 rootload=1.00
ramon: poll                 wall=32.000s usage=31.974s user=31.737s sys=00.237s mem=136MiB roottime=31.730s load=1.00 rootload=0.99
ramon: poll                 wall=33.000s usage=32.974s user=32.730s sys=00.244s mem=139MiB roottime=32.720s load=1.00 rootload=0.99
ramon: poll                 wall=34.000s usage=33.974s user=33.730s sys=00.244s mem=140MiB roottime=33.720s load=1.00 rootload=1.00
ramon: poll                 wall=35.000s usage=34.974s user=34.713s sys=00.261s mem=145MiB roottime=34.710s load=1.00 rootload=0.99
ramon: poll                 wall=36.000s usage=35.973s user=35.705s sys=00.268s mem=148MiB roottime=35.700s load=1.00 rootload=0.99
ramon: poll                 wall=37.000s usage=36.973s user=36.704s sys=00.269s mem=150MiB roottime=36.700s load=1.00 rootload=1.00
ramon: poll                 wall=38.000s usage=37.973s user=37.699s sys=00.274s mem=152MiB roottime=37.690s load=1.00 rootload=0.99
ramon: poll                 wall=39.000s usage=38.973s user=38.679s sys=00.294s mem=158MiB roottime=38.670s load=1.00 rootload=0.98
ramon: poll                 wall=40.000s usage=39.973s user=39.673s sys=00.300s mem=161MiB roottime=39.670s load=1.00 rootload=1.00
ramon: poll                 wall=41.000s usage=40.972s user=40.669s sys=00.303s mem=163MiB roottime=40.660s load=1.00 rootload=0.99
ramon: poll                 wall=42.000s usage=41.972s user=41.657s sys=00.315s mem=167MiB roottime=41.650s load=1.00 rootload=0.99
ramon: poll                 wall=43.000s usage=42.972s user=42.654s sys=00.318s mem=169MiB roottime=42.650s load=1.00 rootload=1.00
ramon: poll                 wall=44.000s usage=43.972s user=43.649s sys=00.323s mem=172MiB roottime=43.640s load=1.00 rootload=0.99
ramon: poll                 wall=45.000s usage=44.971s user=44.642s sys=00.329s mem=175MiB roottime=44.640s load=1.00 rootload=1.00
ramon: poll                 wall=46.000s usage=45.971s user=45.633s sys=00.338s mem=179MiB roottime=45.630s load=1.00 rootload=0.99
ramon: poll                 wall=47.000s usage=46.971s user=46.619s sys=00.352s mem=184MiB roottime=46.610s load=1.00 rootload=0.98
ramon: poll                 wall=48.000s usage=47.971s user=47.612s sys=00.359s mem=187MiB roottime=47.610s load=1.00 rootload=1.00
ramon: poll                 wall=49.000s usage=48.971s user=48.608s sys=00.363s mem=190MiB roottime=48.600s load=1.00 rootload=0.99
ramon: poll                 wall=50.000s usage=49.970s user=49.606s sys=00.364s mem=192MiB roottime=49.600s load=1.00 rootload=1.00
ramon: poll                 wall=51.000s usage=50.970s user=50.605s sys=00.365s mem=194MiB roottime=50.600s load=1.00 rootload=1.00
ramon: poll                 wall=52.000s usage=51.970s user=51.599s sys=00.371s mem=196MiB roottime=51.590s load=1.00 rootload=0.99
ramon: poll                 wall=53.000s usage=52.970s user=52.594s sys=00.376s mem=198MiB roottime=52.590s load=1.00 rootload=1.00
ramon: poll                 wall=54.000s usage=53.970s user=53.591s sys=00.379s mem=200MiB roottime=53.590s load=1.00 rootload=1.00
ramon: poll                 wall=55.000s usage=54.969s user=54.588s sys=00.382s mem=201MiB roottime=54.580s load=1.00 rootload=0.99
ramon: poll                 wall=56.000s usage=55.969s user=55.587s sys=00.382s mem=201MiB roottime=55.580s load=1.00 rootload=1.00
ramon: poll                 wall=57.000s usage=56.969s user=56.585s sys=00.384s mem=201MiB roottime=56.580s load=1.00 rootload=1.00
ramon: poll                 wall=58.000s usage=57.969s user=57.579s sys=00.390s mem=203MiB roottime=57.570s load=1.00 rootload=0.99
ramon: poll                 wall=59.000s usage=58.969s user=58.575s sys=00.394s mem=204MiB roottime=58.570s load=1.00 rootload=1.00
ramon: poll                 wall=01m00.000s usage=59.969s user=59.574s sys=00.395s mem=204MiB roottime=59.570s load=1.00 rootload=1.00
ramon: poll                 wall=01m01.000s usage=01m00.969s user=01m00.573s sys=00.396s mem=204MiB roottime=60.570s load=1.00 rootload=1.00
ramon: poll                 wall=01m02.000s usage=01m01.969s user=01m01.568s sys=00.401s mem=206MiB roottime=61.560s load=1.00 rootload=0.99
ramon: poll                 wall=01m03.000s usage=01m02.969s user=01m02.562s sys=00.407s mem=207MiB roottime=62.560s load=1.00 rootload=1.00
ramon: poll                 wall=01m04.000s usage=01m03.969s user=01m03.560s sys=00.409s mem=209MiB roottime=63.550s load=1.00 rootload=0.99
ramon: poll                 wall=01m05.000s usage=01m04.968s user=01m04.557s sys=00.412s mem=210MiB roottime=64.550s load=1.00 rootload=1.00
ramon: poll                 wall=01m06.000s usage=01m05.968s user=01m05.556s sys=00.412s mem=210MiB roottime=65.550s load=1.00 rootload=1.00
ramon: poll                 wall=01m07.000s usage=01m06.968s user=01m06.554s sys=00.414s mem=210MiB roottime=66.550s load=1.00 rootload=1.00
ramon: poll                 wall=01m08.000s usage=01m07.968s user=01m07.554s sys=00.414s mem=210MiB roottime=67.550s load=1.00 rootload=1.00
ramon: poll                 wall=01m09.000s usage=01m08.968s user=01m08.554s sys=00.414s mem=210MiB roottime=68.550s load=1.00 rootload=1.00
ramon: poll                 wall=01m10.000s usage=01m09.968s user=01m09.554s sys=00.414s mem=210MiB roottime=69.550s load=1.00 rootload=1.00
ramon: poll                 wall=01m11.000s usage=01m10.968s user=01m10.554s sys=00.414s mem=211MiB roottime=70.550s load=1.00 rootload=1.00
ramon: poll                 wall=01m12.000s usage=01m11.967s user=01m11.549s sys=00.418s mem=212MiB roottime=71.540s load=1.00 rootload=0.99
ramon: poll                 wall=01m13.000s usage=01m12.967s user=01m12.543s sys=00.424s mem=213MiB roottime=72.540s load=1.00 rootload=1.00
ramon: poll                 wall=01m14.000s usage=01m13.967s user=01m13.539s sys=00.428s mem=215MiB roottime=73.530s load=1.00 rootload=0.99
ramon: poll                 wall=01m15.000s usage=01m14.967s user=01m14.537s sys=00.430s mem=216MiB roottime=74.530s load=1.00 rootload=1.00
ramon: poll                 wall=01m16.000s usage=01m15.967s user=01m15.535s sys=00.432s mem=216MiB roottime=75.530s load=1.00 rootload=1.00
ramon: poll                 wall=01m17.000s usage=01m16.966s user=01m16.533s sys=00.434s mem=218MiB roottime=76.530s load=1.00 rootload=1.00
ramon: poll                 wall=01m18.000s usage=01m17.966s user=01m17.530s sys=00.436s mem=219MiB roottime=77.520s load=1.00 rootload=0.99
ramon: poll                 wall=01m19.000s usage=01m18.966s user=01m18.530s sys=00.436s mem=220MiB roottime=78.520s load=1.00 rootload=1.00
ramon: poll                 wall=01m20.000s usage=01m19.966s user=01m19.526s sys=00.440s mem=220MiB roottime=79.520s load=1.00 rootload=1.00
ramon: poll                 wall=01m21.000s usage=01m20.966s user=01m20.526s sys=00.440s mem=221MiB roottime=80.520s load=1.00 rootload=1.00
ramon: poll                 wall=01m22.000s usage=01m21.965s user=01m21.521s sys=00.445s mem=223MiB roottime=81.520s load=1.00 rootload=1.00
ramon: poll                 wall=01m23.000s usage=01m22.965s user=01m22.481s sys=00.484s mem=248MiB roottime=82.480s load=1.00 rootload=0.96
ramon: poll                 wall=01m24.000s usage=01m23.965s user=01m23.478s sys=00.487s mem=237MiB roottime=83.470s load=1.00 rootload=0.99
ramon: poll                 wall=01m25.000s usage=01m24.965s user=01m24.475s sys=00.490s mem=241MiB roottime=84.470s load=1.00 rootload=1.00
ramon: poll                 wall=01m26.000s usage=01m25.965s user=01m25.472s sys=00.493s mem=244MiB roottime=85.470s load=1.00 rootload=1.00
ramon: poll                 wall=01m27.000s usage=01m26.964s user=01m26.469s sys=00.496s mem=245MiB roottime=86.460s load=1.00 rootload=0.99
ramon: poll                 wall=01m28.000s usage=01m27.964s user=01m27.464s sys=00.500s mem=246MiB roottime=87.460s load=1.00 rootload=1.00
ramon: poll                 wall=01m29.000s usage=01m28.964s user=01m28.456s sys=00.508s mem=248MiB roottime=88.450s load=1.00 rootload=0.99
ramon: poll                 wall=01m30.000s usage=01m29.964s user=01m29.452s sys=00.512s mem=250MiB roottime=89.450s load=1.00 rootload=1.00
ramon: poll                 wall=01m31.000s usage=01m30.964s user=01m30.450s sys=00.514s mem=250MiB roottime=90.450s load=1.00 rootload=1.00
ramon: poll                 wall=01m32.000s usage=01m31.963s user=01m31.449s sys=00.514s mem=250MiB roottime=91.440s load=1.00 rootload=0.99
ramon: poll                 wall=01m33.000s usage=01m32.963s user=01m32.449s sys=00.514s mem=251MiB roottime=92.440s load=1.00 rootload=1.00
ramon: poll                 wall=01m34.000s usage=01m33.963s user=01m33.449s sys=00.514s mem=251MiB roottime=93.440s load=1.00 rootload=1.00
ramon: poll                 wall=01m35.000s usage=01m34.963s user=01m34.448s sys=00.515s mem=251MiB roottime=94.440s load=1.00 rootload=1.00
ramon: poll                 wall=01m36.000s usage=01m35.963s user=01m35.441s sys=00.522s mem=254MiB roottime=95.440s load=1.00 rootload=1.00
ramon: poll                 wall=01m37.000s usage=01m36.962s user=01m36.435s sys=00.527s mem=256MiB roottime=96.430s load=1.00 rootload=0.99
ramon: poll                 wall=01m38.000s usage=01m37.962s user=01m37.434s sys=00.528s mem=257MiB roottime=97.430s load=1.00 rootload=1.00
ramon: poll                 wall=01m39.000s usage=01m38.962s user=01m38.432s sys=00.530s mem=258MiB roottime=98.430s load=1.00 rootload=1.00
ramon: poll                 wall=01m40.000s usage=01m39.962s user=01m39.429s sys=00.533s mem=260MiB roottime=99.420s load=1.00 rootload=0.99
ramon: poll                 wall=01m41.000s usage=01m40.961s user=01m40.420s sys=00.542s mem=261MiB roottime=100.410s load=1.00 rootload=0.99
ramon: poll                 wall=01m42.000s usage=01m41.961s user=01m41.414s sys=00.547s mem=262MiB roottime=101.410s load=1.00 rootload=1.00
ramon: poll                 wall=01m43.000s usage=01m42.961s user=01m42.410s sys=00.551s mem=263MiB roottime=102.400s load=1.00 rootload=0.99
ramon: poll                 wall=01m44.000s usage=01m43.961s user=01m43.410s sys=00.551s mem=263MiB roottime=103.400s load=1.00 rootload=1.00
ramon: poll                 wall=01m45.000s usage=01m44.960s user=01m44.409s sys=00.552s mem=263MiB roottime=104.400s load=1.00 rootload=1.00
ramon: poll                 wall=01m46.000s usage=01m45.960s user=01m45.407s sys=00.553s mem=263MiB roottime=105.400s load=1.00 rootload=1.00
ramon: poll                 wall=01m47.000s usage=01m46.960s user=01m46.407s sys=00.553s mem=263MiB roottime=106.400s load=1.00 rootload=1.00
ramon: poll                 wall=01m48.000s usage=01m47.959s user=01m47.405s sys=00.555s mem=264MiB roottime=107.400s load=1.00 rootload=1.00
ramon: poll                 wall=01m49.000s usage=01m48.959s user=01m48.402s sys=00.557s mem=264MiB roottime=108.400s load=1.00 rootload=1.00
ramon: poll                 wall=01m50.000s usage=01m49.959s user=01m49.401s sys=00.558s mem=264MiB roottime=109.400s load=1.00 rootload=1.00
ramon: poll                 wall=01m51.000s usage=01m50.959s user=01m50.400s sys=00.559s mem=265MiB roottime=110.400s load=1.00 rootload=1.00
ramon: poll                 wall=01m52.000s usage=01m51.958s user=01m51.400s sys=00.559s mem=265MiB roottime=111.390s load=1.00 rootload=0.99
ramon: poll                 wall=01m53.000s usage=01m52.958s user=01m52.397s sys=00.561s mem=266MiB roottime=112.390s load=1.00 rootload=1.00
ramon: poll                 wall=01m54.000s usage=01m53.958s user=01m53.395s sys=00.563s mem=266MiB roottime=113.390s load=1.00 rootload=1.00
ramon: poll                 wall=01m55.000s usage=01m54.959s user=01m54.392s sys=00.567s mem=266MiB roottime=114.390s load=1.00 rootload=1.00
ramon: poll                 wall=01m56.000s usage=01m55.958s user=01m55.387s sys=00.571s mem=267MiB roottime=115.380s load=1.00 rootload=0.99
ramon: poll                 wall=01m57.000s usage=01m56.957s user=01m56.380s sys=00.577s mem=268MiB roottime=116.380s load=1.00 rootload=1.00
ramon: poll                 wall=01m58.000s usage=01m57.958s user=01m57.377s sys=00.581s mem=269MiB roottime=117.370s load=1.00 rootload=0.99
ramon: poll                 wall=01m59.000s usage=01m58.957s user=01m58.372s sys=00.585s mem=270MiB roottime=118.370s load=1.00 rootload=1.00
ramon: poll                 wall=02m00.000s usage=01m59.957s user=01m59.368s sys=00.589s mem=271MiB roottime=119.360s load=1.00 rootload=0.99
[31mramon: msg                  Wall clock time limit reached[0m
ramon: end                  Wed Dec 18 08:50:12 2024
ramon: root.execname        z3
ramon: root.utime           119.360s
ramon: root.stime           0.630s
ramon: group.total          120.004s
ramon: group.utime          119.368s
ramon: group.stime          0.636s
ramon: group.mempeak        271MiB
ramon: group.pidpeak        3
ramon: status               terminated by signal
[31mramon: signal               15 (SIGTERM Terminated)[0m
ramon: core dumped          false
ramon: exitcode             143
ramon: walltime             120.048s
ramon: loadavg              1.00
