ramon: cwd                  /home/runner/a/_work/z3-poly-testing/z3-poly-testing
ramon: start                Fri Apr  4 21:22:13 2025
ramon: nproc                128
ramon: sys.mem              64150 MiB
ramon: sys.mem.free         10566 MiB
ramon: sys.mem.avail        64059 MiB
ramon: sys.nprocs           3141
ramon: argv                 0 = z3
ramon: argv                 1 = /home/runner/a/_work/z3-poly-testing/z3-poly-testing/download/non-incremental/QF_LIA/20220307-SMPT/FamilyReunion-PT-L00400M0040C020P020G001/RF-05.smt2
ramon: argv                 2 = -T:600
ramon: argv                 3 = -st
ramon: argv                 4 = lp.dio_eqs=true
ramon: argv                 5 = lp.dio_calls_period=4
ramon: childpid             2782378
ramon: poll                 wall=01.002s usage=00.980s user=00.448s sys=00.532s mem=177MiB roottime=0.440s load=0.98 rootload=0.44
ramon: poll                 wall=02.062s usage=02.039s user=00.944s sys=01.095s mem=356MiB roottime=0.940s load=1.00 rootload=0.47
ramon: poll                 wall=03.070s usage=03.046s user=01.659s sys=01.387s mem=336MiB roottime=1.660s load=1.00 rootload=0.71
ramon: poll                 wall=04.070s usage=04.045s user=02.003s sys=02.042s mem=626MiB roottime=2.000s load=1.00 rootload=0.34
ramon: poll                 wall=05.017s usage=04.991s user=02.398s sys=02.594s mem=867MiB roottime=2.390s load=1.00 rootload=0.41
ramon: poll                 wall=06.061s usage=06.035s user=03.333s sys=02.702s mem=632MiB roottime=3.330s load=1.00 rootload=0.90
ramon: poll                 wall=07.036s usage=07.010s user=04.137s sys=02.873s mem=688MiB roottime=4.130s load=1.00 rootload=0.82
ramon: poll                 wall=08.029s usage=08.002s user=04.526s sys=03.476s mem=931MiB roottime=4.520s load=1.00 rootload=0.39
ramon: poll                 wall=09.020s usage=08.993s user=04.607s sys=04.386s mem=1288MiB roottime=4.600s load=1.00 rootload=0.08
ramon: poll                 wall=10.028s usage=10.000s user=04.728s sys=05.273s mem=1643MiB roottime=4.720s load=1.00 rootload=0.12
ramon: poll                 wall=11.000s usage=10.972s user=05.425s sys=05.548s mem=1732MiB roottime=5.420s load=1.00 rootload=0.72
ramon: poll                 wall=12.000s usage=11.972s user=06.304s sys=05.667s mem=1307MiB roottime=6.300s load=1.00 rootload=0.88
ramon: poll                 wall=13.000s usage=12.971s user=07.234s sys=05.737s mem=1221MiB roottime=7.230s load=1.00 rootload=0.93
ramon: poll                 wall=14.009s usage=13.980s user=08.189s sys=05.791s mem=1237MiB roottime=8.180s load=1.00 rootload=0.94
ramon: poll                 wall=15.005s usage=14.976s user=09.148s sys=05.828s mem=1250MiB roottime=9.140s load=1.00 rootload=0.96
ramon: poll                 wall=16.000s usage=15.970s user=10.080s sys=05.891s mem=1278MiB roottime=10.070s load=1.00 rootload=0.93
ramon: poll                 wall=17.000s usage=16.970s user=11.064s sys=05.906s mem=1286MiB roottime=11.060s load=1.00 rootload=0.99
ramon: poll                 wall=18.000s usage=17.969s user=12.062s sys=05.907s mem=1287MiB roottime=12.060s load=1.00 rootload=1.00
ramon: poll                 wall=19.000s usage=18.964s user=12.928s sys=06.036s mem=1287MiB roottime=12.920s load=1.00 rootload=0.86
ramon: poll                 wall=20.000s usage=19.965s user=13.710s sys=06.255s mem=1320MiB roottime=13.710s load=1.00 rootload=0.79
ramon: poll                 wall=21.004s usage=20.956s user=14.697s sys=06.258s mem=1252MiB roottime=14.690s load=0.99 rootload=0.98
ramon: poll                 wall=22.000s usage=21.952s user=15.531s sys=06.420s mem=1314MiB roottime=15.530s load=1.00 rootload=0.84
ramon: poll                 wall=23.000s usage=22.881s user=16.442s sys=06.440s mem=1300MiB roottime=16.440s load=0.93 rootload=0.91
ramon: poll                 wall=24.002s usage=23.753s user=17.251s sys=06.501s mem=1275MiB roottime=17.250s load=0.87 rootload=0.81
ramon: poll                 wall=25.000s usage=24.752s user=18.123s sys=06.629s mem=1323MiB roottime=18.120s load=1.00 rootload=0.87
ramon: poll                 wall=26.000s usage=25.749s user=19.054s sys=06.696s mem=1277MiB roottime=19.050s load=1.00 rootload=0.93
ramon: poll                 wall=27.004s usage=26.753s user=19.951s sys=06.802s mem=1282MiB roottime=19.950s load=1.00 rootload=0.90
ramon: poll                 wall=28.000s usage=27.538s user=20.423s sys=07.115s mem=1308MiB roottime=20.420s load=0.79 rootload=0.47
ramon: poll                 wall=29.000s usage=28.534s user=21.019s sys=07.515s mem=1342MiB roottime=21.010s load=1.00 rootload=0.59
ramon: poll                 wall=30.004s usage=29.535s user=21.545s sys=07.990s mem=1352MiB roottime=21.540s load=1.00 rootload=0.53
ramon: poll                 wall=31.000s usage=30.526s user=22.184s sys=08.342s mem=1400MiB roottime=22.180s load=0.99 rootload=0.64
ramon: poll                 wall=32.002s usage=31.185s user=22.201s sys=08.985s mem=1518MiB roottime=22.200s load=0.66 rootload=0.02
ramon: poll                 wall=33.001s usage=31.761s user=22.211s sys=09.551s mem=1620MiB roottime=22.210s load=0.58 rootload=0.01
ramon: poll                 wall=34.806s usage=33.478s user=22.211s sys=11.267s mem=1692MiB roottime=22.210s load=0.95 rootload=0.00
ramon: poll                 wall=35.000s usage=33.672s user=22.211s sys=11.461s mem=1739MiB roottime=22.210s load=1.00 rootload=0.00
ramon: poll                 wall=36.001s usage=34.673s user=22.263s sys=12.410s mem=1968MiB roottime=22.260s load=1.00 rootload=0.05
ramon: poll                 wall=37.000s usage=35.672s user=22.280s sys=13.392s mem=2189MiB roottime=22.280s load=1.00 rootload=0.02
ramon: poll                 wall=38.000s usage=36.671s user=22.304s sys=14.367s mem=2412MiB roottime=22.300s load=1.00 rootload=0.02
ramon: poll                 wall=39.005s usage=37.661s user=22.325s sys=15.336s mem=2666MiB roottime=22.320s load=0.98 rootload=0.02
ramon: poll                 wall=40.015s usage=38.502s user=22.352s sys=16.150s mem=2860MiB roottime=22.350s load=0.83 rootload=0.03
ramon: poll                 wall=41.000s usage=39.487s user=22.378s sys=17.108s mem=3250MiB roottime=22.370s load=1.00 rootload=0.02
ramon: poll                 wall=42.000s usage=40.487s user=22.827s sys=17.660s mem=3473MiB roottime=22.820s load=1.00 rootload=0.45
ramon: poll                 wall=43.001s usage=41.487s user=23.827s sys=17.660s mem=3473MiB roottime=23.820s load=1.00 rootload=1.00
ramon: poll                 wall=44.000s usage=42.463s user=24.612s sys=17.851s mem=3035MiB roottime=24.610s load=0.98 rootload=0.79
ramon: poll                 wall=45.000s usage=43.454s user=24.627s sys=18.827s mem=367MiB roottime=24.620s load=0.99 rootload=0.01
ramon: end                  Fri Apr  4 21:22:58 2025
ramon: root.execname        z3
ramon: root.utime           24.620s
ramon: root.stime           19.100s
ramon: group.total          43.734s
ramon: group.utime          24.628s
ramon: group.stime          19.106s
ramon: group.mempeak        3474MiB
ramon: group.pidpeak        2
ramon: status               terminated by signal
[31mramon: signal               9 (SIGKILL Killed)[0m
ramon: core dumped          false
ramon: exitcode             137
ramon: walltime             45.300s
ramon: loadavg              0.97
