ramon: cwd                  /home/runner/a/_work/z3-poly-testing/z3-poly-testing
ramon: start                Sat Mar 15 03:04:55 2025
ramon: nproc                128
ramon: sys.mem              64150 MiB
ramon: sys.mem.free         395 MiB
ramon: sys.mem.avail        64146 MiB
ramon: sys.nprocs           3667
ramon: argv                 0 = z3
ramon: argv                 1 = /home/runner/a/_work/z3-poly-testing/z3-poly-testing/download/non-incremental/QF_LIA/20220307-SMPT/Diffusion2D-PT-D40N100/RC-06.smt2
ramon: argv                 2 = -T:600
ramon: argv                 3 = -st
ramon: argv                 4 = smt.arith.lp.dio_eqs=false
ramon: childpid             3774598
ramon: poll                 wall=01.002s usage=00.800s user=00.080s sys=00.720s mem=25780KiB roottime=0.080s load=0.80 rootload=0.08
ramon: end                  Sat Mar 15 03:04:56 2025
ramon: root.execname        z3
ramon: root.utime           0.250s
ramon: root.stime           0.750s
ramon: group.total          1.012s
ramon: group.utime          0.258s
ramon: group.stime          0.754s
ramon: group.mempeak        35128KiB
ramon: group.pidpeak        3
ramon: status               exited
ramon: exitcode             0
ramon: walltime             1.219s
ramon: loadavg              0.83
