ramon: cwd                  /home/runner/a/_work/z3-poly-testing/z3-poly-testing
ramon: start                Thu Mar 27 09:27:20 2025
ramon: nproc                128
ramon: sys.mem              64150 MiB
ramon: sys.mem.free         44822 MiB
ramon: sys.mem.avail        64019 MiB
ramon: sys.nprocs           3074
ramon: argv                 0 = z3
ramon: argv                 1 = /home/runner/a/_work/z3-poly-testing/z3-poly-testing/download/non-incremental/QF_LIA/bofill-scheduling/SMT_random_LIA/ex25100_2600_100.smt2
ramon: argv                 2 = -T:600
ramon: argv                 3 = -st
ramon: argv                 4 = smt.arith.lp.dio_eqs=true
ramon: childpid             1523150
ramon: poll                 wall=01.002s usage=00.985s user=00.906s sys=00.079s mem=29440KiB roottime=0.900s load=0.98 rootload=0.90
ramon: end                  Thu Mar 27 09:27:22 2025
ramon: root.execname        z3
ramon: root.utime           1.870s
ramon: root.stime           0.090s
ramon: group.total          1.966s
ramon: group.utime          1.874s
ramon: group.stime          0.092s
ramon: group.mempeak        30464KiB
ramon: group.pidpeak        2
ramon: status               exited
ramon: exitcode             0
ramon: walltime             1.984s
ramon: loadavg              0.99
