sat
(:added-eqs                       16037
 :arith-eq-adapter                576
 :arith-bound-propagations-lp     2850
 :arith-branch                    12
 :arith-conflicts                 2515
 :arith-cube-calls                8
 :arith-diseq                     8403
 :arith-fixed-eqs                 3653
 :arith-gcd-calls                 167
 :arith-gomory-cuts               2
 :arith-grobner-calls             764
 :arith-grobner-conflicts         219
 :arith-hnf-calls                 3
 :arith-horner-calls              189
 :arith-horner-conflicts          7
 :arith-horner-cross-nested-forms 7651
 :arith-lower                     9550
 :arith-make-feasible             7600
 :arith-max-columns               740
 :arith-max-rows                  352
 :arith-nla-add-bounds            101
 :arith-nla-lemmas                1591
 :arith-nla-propagate-bounds      328
 :arith-nla-propagate-eq          6089
 :arith-nra-calls                 227
 :arith-offset-eqs                3298
 :arith-patches                   167
 :arith-patches-success           146
 :arith-upper                     11415
 :binary-propagations             54993
 :cnf-encoding-aux-vars           4
 :conflicts                       931
 :decisions                       116268
 :del-clause                      2680
 :elim-unconstrained              154
 :final-checks                    1217
 :max-memory                      143.77
 :memory                          87.35
 :minimized-lits                  4327
 :mk-bool-var                     5614
 :mk-clause                       5314
 :mk-clause-binary                3592
 :nlsat-conflicts                 20222
 :nlsat-decisions                 1596
 :nlsat-irrational-assignments    15
 :nlsat-propagations              277551
 :nlsat-restarts                  3
 :nlsat-stages                    94951
 :num-allocs                      4887554088.00
 :num-checks                      2
 :propagations                    94307
 :restarts                        8
 :rlimit-count                    7202335
 :sat-backjumps                   501
 :sat-conflicts                   501
 :sat-decisions                   2578
 :sat-del-clause                  57175
 :sat-elim-bool-vars-res          10397
 :sat-elim-clauses                835
 :sat-elim-literals               2116
 :sat-minimized-lits              1840
 :sat-mk-clause-2ary              32923
 :sat-mk-clause-3ary              15735
 :sat-mk-clause-nary              86318
 :sat-mk-var                      21410
 :sat-probing-assigned            104
 :sat-propagations-2ary           311324
 :sat-propagations-nary           325930
 :sat-restarts                    65
 :sat-scc-elim-binary             361
 :sat-scc-elim-vars               180
 :sat-subs-resolution             1256
 :sat-subs-resolution-dyn         76
 :sat-subsumed                    10989
 :sat-units                       140
 :solve-eqs-elim-vars             57
 :solve-eqs-steps                 389
 :time                            5.75
 :total-time                      5.76)
