ramon: cwd                  /tmp/runner/actions-runner/_work/z3-poly-testing/z3-poly-testing
ramon: start                Tue Dec 17 18:32:05 2024
ramon: nproc                128
ramon: sys.mem              64150 MiB
ramon: sys.mem.free         36971 MiB
ramon: sys.mem.avail        64031 MiB
ramon: sys.nprocs           3011
ramon: argv                 0 = z3
ramon: argv                 1 = /tmp/runner/actions-runner/_work/z3-poly-testing/z3-poly-testing/download/non-incremental/QF_NIA/20170427-VeryMax/ITS/From_T2__s1.t2_fixed__p17575_safety_0.smt2
ramon: argv                 2 = -T:600
ramon: argv                 3 = -st
ramon: childpid             1958444
ramon: poll                 wall=01.000s usage=00.983s user=00.939s sys=00.044s mem=41904KiB roottime=0.930s load=0.98 rootload=0.93
ramon: poll                 wall=02.000s usage=01.983s user=01.903s sys=00.080s mem=81044KiB roottime=1.900s load=1.00 rootload=0.97
ramon: poll                 wall=03.000s usage=02.983s user=02.897s sys=00.086s mem=45004KiB roottime=2.890s load=1.00 rootload=0.99
ramon: poll                 wall=04.000s usage=03.983s user=03.895s sys=00.088s mem=48588KiB roottime=3.890s load=1.00 rootload=1.00
ramon: poll                 wall=05.000s usage=04.982s user=04.894s sys=00.088s mem=48588KiB roottime=4.890s load=1.00 rootload=1.00
ramon: poll                 wall=06.000s usage=05.982s user=05.890s sys=00.092s mem=51660KiB roottime=5.890s load=1.00 rootload=1.00
ramon: poll                 wall=07.000s usage=06.982s user=06.881s sys=00.101s mem=59084KiB roottime=6.880s load=1.00 rootload=0.99
ramon: poll                 wall=08.000s usage=07.982s user=07.881s sys=00.101s mem=59084KiB roottime=7.880s load=1.00 rootload=1.00
ramon: poll                 wall=09.000s usage=08.982s user=08.881s sys=00.101s mem=59084KiB roottime=8.880s load=1.00 rootload=1.00
ramon: poll                 wall=10.000s usage=09.982s user=09.868s sys=00.114s mem=82892KiB roottime=9.860s load=1.00 rootload=0.98
ramon: poll                 wall=11.000s usage=10.981s user=10.857s sys=00.124s mem=94412KiB roottime=10.850s load=1.00 rootload=0.99
ramon: poll                 wall=12.000s usage=11.981s user=11.855s sys=00.126s mem=98252KiB roottime=11.850s load=1.00 rootload=1.00
ramon: poll                 wall=13.000s usage=12.981s user=12.853s sys=00.128s mem=100MiB roottime=12.850s load=1.00 rootload=1.00
ramon: poll                 wall=14.000s usage=13.981s user=13.845s sys=00.136s mem=108MiB roottime=13.840s load=1.00 rootload=0.99
ramon: poll                 wall=15.000s usage=14.981s user=14.830s sys=00.151s mem=129MiB roottime=14.830s load=1.00 rootload=0.99
ramon: poll                 wall=16.000s usage=15.981s user=15.827s sys=00.154s mem=129MiB roottime=15.820s load=1.00 rootload=0.99
ramon: poll                 wall=17.000s usage=16.981s user=16.826s sys=00.155s mem=130MiB roottime=16.820s load=1.00 rootload=1.00
ramon: poll                 wall=18.000s usage=17.981s user=17.824s sys=00.157s mem=130MiB roottime=17.820s load=1.00 rootload=1.00
ramon: poll                 wall=19.000s usage=18.980s user=18.822s sys=00.158s mem=130MiB roottime=18.820s load=1.00 rootload=1.00
ramon: poll                 wall=20.000s usage=19.980s user=19.822s sys=00.158s mem=131MiB roottime=19.820s load=1.00 rootload=1.00
ramon: poll                 wall=21.000s usage=20.980s user=20.822s sys=00.158s mem=131MiB roottime=20.820s load=1.00 rootload=1.00
ramon: poll                 wall=22.000s usage=21.980s user=21.822s sys=00.158s mem=131MiB roottime=21.820s load=1.00 rootload=1.00
ramon: poll                 wall=23.000s usage=22.980s user=22.820s sys=00.160s mem=131MiB roottime=22.810s load=1.00 rootload=0.99
ramon: poll                 wall=24.000s usage=23.980s user=23.809s sys=00.171s mem=146MiB roottime=23.800s load=1.00 rootload=0.99
ramon: poll                 wall=25.000s usage=24.980s user=24.808s sys=00.172s mem=148MiB roottime=24.800s load=1.00 rootload=1.00
ramon: poll                 wall=26.000s usage=25.979s user=25.806s sys=00.173s mem=149MiB roottime=25.800s load=1.00 rootload=1.00
ramon: poll                 wall=27.000s usage=26.979s user=26.805s sys=00.174s mem=150MiB roottime=26.800s load=1.00 rootload=1.00
ramon: poll                 wall=28.000s usage=27.979s user=27.805s sys=00.174s mem=150MiB roottime=27.800s load=1.00 rootload=1.00
ramon: poll                 wall=29.000s usage=28.979s user=28.804s sys=00.175s mem=151MiB roottime=28.800s load=1.00 rootload=1.00
ramon: poll                 wall=30.000s usage=29.979s user=29.803s sys=00.176s mem=151MiB roottime=29.800s load=1.00 rootload=1.00
ramon: poll                 wall=31.000s usage=30.979s user=30.802s sys=00.177s mem=152MiB roottime=30.800s load=1.00 rootload=1.00
ramon: poll                 wall=32.000s usage=31.979s user=31.800s sys=00.179s mem=152MiB roottime=31.790s load=1.00 rootload=0.99
ramon: poll                 wall=33.000s usage=32.978s user=32.798s sys=00.180s mem=153MiB roottime=32.790s load=1.00 rootload=1.00
ramon: poll                 wall=34.000s usage=33.978s user=33.796s sys=00.182s mem=153MiB roottime=33.790s load=1.00 rootload=1.00
ramon: poll                 wall=35.000s usage=34.978s user=34.794s sys=00.184s mem=153MiB roottime=34.790s load=1.00 rootload=1.00
ramon: poll                 wall=36.000s usage=35.978s user=35.794s sys=00.184s mem=153MiB roottime=35.790s load=1.00 rootload=1.00
ramon: poll                 wall=37.000s usage=36.978s user=36.794s sys=00.184s mem=154MiB roottime=36.790s load=1.00 rootload=1.00
ramon: poll                 wall=38.000s usage=37.978s user=37.794s sys=00.184s mem=154MiB roottime=37.790s load=1.00 rootload=1.00
ramon: poll                 wall=39.000s usage=38.978s user=38.793s sys=00.185s mem=154MiB roottime=38.790s load=1.00 rootload=1.00
ramon: poll                 wall=40.000s usage=39.977s user=39.775s sys=00.202s mem=170MiB roottime=39.770s load=1.00 rootload=0.98
ramon: poll                 wall=41.000s usage=40.977s user=40.775s sys=00.202s mem=170MiB roottime=40.770s load=1.00 rootload=1.00
ramon: poll                 wall=42.000s usage=41.977s user=41.775s sys=00.202s mem=170MiB roottime=41.770s load=1.00 rootload=1.00
ramon: poll                 wall=43.000s usage=42.977s user=42.775s sys=00.202s mem=170MiB roottime=42.770s load=1.00 rootload=1.00
ramon: poll                 wall=44.000s usage=43.977s user=43.775s sys=00.202s mem=170MiB roottime=43.770s load=1.00 rootload=1.00
ramon: poll                 wall=45.000s usage=44.977s user=44.775s sys=00.202s mem=171MiB roottime=44.770s load=1.00 rootload=1.00
ramon: poll                 wall=46.000s usage=45.977s user=45.775s sys=00.202s mem=171MiB roottime=45.770s load=1.00 rootload=1.00
ramon: poll                 wall=47.000s usage=46.977s user=46.775s sys=00.202s mem=171MiB roottime=46.770s load=1.00 rootload=1.00
ramon: poll                 wall=48.000s usage=47.977s user=47.775s sys=00.202s mem=171MiB roottime=47.770s load=1.00 rootload=1.00
ramon: poll                 wall=49.000s usage=48.977s user=48.775s sys=00.202s mem=171MiB roottime=48.770s load=1.00 rootload=1.00
ramon: poll                 wall=50.000s usage=49.977s user=49.775s sys=00.202s mem=171MiB roottime=49.770s load=1.00 rootload=1.00
ramon: poll                 wall=51.000s usage=50.976s user=50.774s sys=00.202s mem=171MiB roottime=50.770s load=1.00 rootload=1.00
ramon: poll                 wall=52.000s usage=51.976s user=51.774s sys=00.202s mem=171MiB roottime=51.770s load=1.00 rootload=1.00
ramon: poll                 wall=53.000s usage=52.976s user=52.774s sys=00.202s mem=171MiB roottime=52.770s load=1.00 rootload=1.00
ramon: poll                 wall=54.000s usage=53.976s user=53.774s sys=00.202s mem=171MiB roottime=53.770s load=1.00 rootload=1.00
ramon: poll                 wall=55.000s usage=54.976s user=54.774s sys=00.202s mem=171MiB roottime=54.770s load=1.00 rootload=1.00
ramon: poll                 wall=56.000s usage=55.976s user=55.774s sys=00.202s mem=171MiB roottime=55.770s load=1.00 rootload=1.00
ramon: poll                 wall=57.000s usage=56.976s user=56.774s sys=00.202s mem=171MiB roottime=56.770s load=1.00 rootload=1.00
ramon: poll                 wall=58.000s usage=57.976s user=57.774s sys=00.202s mem=171MiB roottime=57.770s load=1.00 rootload=1.00
ramon: poll                 wall=59.000s usage=58.976s user=58.774s sys=00.202s mem=171MiB roottime=58.770s load=1.00 rootload=1.00
ramon: poll                 wall=01m00.000s usage=59.976s user=59.774s sys=00.202s mem=171MiB roottime=59.770s load=1.00 rootload=1.00
ramon: poll                 wall=01m01.000s usage=01m00.975s user=01m00.773s sys=00.202s mem=171MiB roottime=60.770s load=1.00 rootload=1.00
ramon: poll                 wall=01m02.000s usage=01m01.975s user=01m01.773s sys=00.202s mem=171MiB roottime=61.770s load=1.00 rootload=1.00
ramon: poll                 wall=01m03.000s usage=01m02.975s user=01m02.773s sys=00.202s mem=171MiB roottime=62.770s load=1.00 rootload=1.00
ramon: poll                 wall=01m04.000s usage=01m03.975s user=01m03.773s sys=00.202s mem=171MiB roottime=63.770s load=1.00 rootload=1.00
ramon: poll                 wall=01m05.000s usage=01m04.975s user=01m04.772s sys=00.203s mem=171MiB roottime=64.770s load=1.00 rootload=1.00
ramon: poll                 wall=01m06.000s usage=01m05.975s user=01m05.771s sys=00.204s mem=171MiB roottime=65.770s load=1.00 rootload=1.00
ramon: poll                 wall=01m07.000s usage=01m06.975s user=01m06.771s sys=00.204s mem=171MiB roottime=66.770s load=1.00 rootload=1.00
ramon: poll                 wall=01m08.000s usage=01m07.974s user=01m07.769s sys=00.205s mem=171MiB roottime=67.760s load=1.00 rootload=0.99
ramon: poll                 wall=01m09.000s usage=01m08.974s user=01m08.768s sys=00.206s mem=172MiB roottime=68.760s load=1.00 rootload=1.00
ramon: poll                 wall=01m10.000s usage=01m09.974s user=01m09.768s sys=00.206s mem=172MiB roottime=69.760s load=1.00 rootload=1.00
ramon: poll                 wall=01m11.000s usage=01m10.974s user=01m10.768s sys=00.206s mem=172MiB roottime=70.760s load=1.00 rootload=1.00
ramon: poll                 wall=01m12.000s usage=01m11.974s user=01m11.768s sys=00.206s mem=172MiB roottime=71.760s load=1.00 rootload=1.00
ramon: poll                 wall=01m13.000s usage=01m12.974s user=01m12.767s sys=00.207s mem=172MiB roottime=72.760s load=1.00 rootload=1.00
ramon: poll                 wall=01m14.000s usage=01m13.973s user=01m13.766s sys=00.207s mem=173MiB roottime=73.760s load=1.00 rootload=1.00
ramon: poll                 wall=01m15.000s usage=01m14.973s user=01m14.761s sys=00.212s mem=145MiB roottime=74.760s load=1.00 rootload=1.00
ramon: poll                 wall=01m16.000s usage=01m15.973s user=01m15.761s sys=00.212s mem=145MiB roottime=75.760s load=1.00 rootload=1.00
ramon: poll                 wall=01m17.000s usage=01m16.973s user=01m16.761s sys=00.212s mem=145MiB roottime=76.760s load=1.00 rootload=1.00
ramon: poll                 wall=01m18.000s usage=01m17.973s user=01m17.761s sys=00.212s mem=145MiB roottime=77.760s load=1.00 rootload=1.00
ramon: poll                 wall=01m19.000s usage=01m18.973s user=01m18.761s sys=00.212s mem=145MiB roottime=78.760s load=1.00 rootload=1.00
ramon: poll                 wall=01m20.000s usage=01m19.973s user=01m19.761s sys=00.212s mem=145MiB roottime=79.760s load=1.00 rootload=1.00
ramon: poll                 wall=01m21.000s usage=01m20.972s user=01m20.761s sys=00.212s mem=145MiB roottime=80.760s load=1.00 rootload=1.00
ramon: poll                 wall=01m22.000s usage=01m21.972s user=01m21.760s sys=00.212s mem=145MiB roottime=81.760s load=1.00 rootload=1.00
ramon: poll                 wall=01m23.000s usage=01m22.972s user=01m22.760s sys=00.212s mem=145MiB roottime=82.760s load=1.00 rootload=1.00
ramon: poll                 wall=01m24.000s usage=01m23.972s user=01m23.760s sys=00.212s mem=145MiB roottime=83.760s load=1.00 rootload=1.00
ramon: poll                 wall=01m25.000s usage=01m24.972s user=01m24.760s sys=00.212s mem=145MiB roottime=84.760s load=1.00 rootload=1.00
ramon: poll                 wall=01m26.000s usage=01m25.972s user=01m25.760s sys=00.212s mem=145MiB roottime=85.760s load=1.00 rootload=1.00
ramon: poll                 wall=01m27.000s usage=01m26.972s user=01m26.760s sys=00.212s mem=145MiB roottime=86.750s load=1.00 rootload=0.99
ramon: poll                 wall=01m28.000s usage=01m27.972s user=01m27.760s sys=00.212s mem=145MiB roottime=87.750s load=1.00 rootload=1.00
ramon: poll                 wall=01m29.000s usage=01m28.972s user=01m28.760s sys=00.212s mem=145MiB roottime=88.750s load=1.00 rootload=1.00
ramon: poll                 wall=01m30.000s usage=01m29.971s user=01m29.760s sys=00.212s mem=145MiB roottime=89.750s load=1.00 rootload=1.00
ramon: poll                 wall=01m31.000s usage=01m30.971s user=01m30.759s sys=00.212s mem=145MiB roottime=90.750s load=1.00 rootload=1.00
ramon: poll                 wall=01m32.000s usage=01m31.971s user=01m31.759s sys=00.212s mem=145MiB roottime=91.750s load=1.00 rootload=1.00
ramon: poll                 wall=01m33.000s usage=01m32.971s user=01m32.759s sys=00.212s mem=145MiB roottime=92.750s load=1.00 rootload=1.00
ramon: poll                 wall=01m34.000s usage=01m33.971s user=01m33.759s sys=00.212s mem=145MiB roottime=93.750s load=1.00 rootload=1.00
ramon: poll                 wall=01m35.000s usage=01m34.971s user=01m34.759s sys=00.212s mem=145MiB roottime=94.750s load=1.00 rootload=1.00
ramon: poll                 wall=01m36.000s usage=01m35.971s user=01m35.759s sys=00.212s mem=145MiB roottime=95.750s load=1.00 rootload=1.00
ramon: poll                 wall=01m37.000s usage=01m36.971s user=01m36.759s sys=00.212s mem=145MiB roottime=96.750s load=1.00 rootload=1.00
ramon: poll                 wall=01m38.000s usage=01m37.971s user=01m37.759s sys=00.212s mem=145MiB roottime=97.750s load=1.00 rootload=1.00
ramon: poll                 wall=01m39.000s usage=01m38.971s user=01m38.759s sys=00.212s mem=145MiB roottime=98.750s load=1.00 rootload=1.00
ramon: poll                 wall=01m40.000s usage=01m39.971s user=01m39.759s sys=00.212s mem=145MiB roottime=99.750s load=1.00 rootload=1.00
ramon: poll                 wall=01m41.000s usage=01m40.970s user=01m40.759s sys=00.212s mem=145MiB roottime=100.750s load=1.00 rootload=1.00
ramon: poll                 wall=01m42.000s usage=01m41.970s user=01m41.758s sys=00.212s mem=145MiB roottime=101.750s load=1.00 rootload=1.00
ramon: poll                 wall=01m43.000s usage=01m42.970s user=01m42.758s sys=00.212s mem=145MiB roottime=102.750s load=1.00 rootload=1.00
ramon: poll                 wall=01m44.000s usage=01m43.970s user=01m43.758s sys=00.212s mem=145MiB roottime=103.750s load=1.00 rootload=1.00
ramon: poll                 wall=01m45.000s usage=01m44.970s user=01m44.758s sys=00.212s mem=145MiB roottime=104.750s load=1.00 rootload=1.00
ramon: poll                 wall=01m46.000s usage=01m45.970s user=01m45.758s sys=00.212s mem=145MiB roottime=105.750s load=1.00 rootload=1.00
ramon: poll                 wall=01m47.000s usage=01m46.970s user=01m46.758s sys=00.212s mem=145MiB roottime=106.750s load=1.00 rootload=1.00
ramon: poll                 wall=01m48.000s usage=01m47.970s user=01m47.758s sys=00.212s mem=145MiB roottime=107.750s load=1.00 rootload=1.00
ramon: poll                 wall=01m49.000s usage=01m48.970s user=01m48.758s sys=00.212s mem=145MiB roottime=108.750s load=1.00 rootload=1.00
ramon: poll                 wall=01m50.000s usage=01m49.970s user=01m49.758s sys=00.212s mem=145MiB roottime=109.750s load=1.00 rootload=1.00
ramon: poll                 wall=01m51.000s usage=01m50.970s user=01m50.758s sys=00.212s mem=145MiB roottime=110.750s load=1.00 rootload=1.00
ramon: poll                 wall=01m52.000s usage=01m51.970s user=01m51.758s sys=00.212s mem=145MiB roottime=111.750s load=1.00 rootload=1.00
ramon: poll                 wall=01m53.000s usage=01m52.969s user=01m52.757s sys=00.212s mem=145MiB roottime=112.750s load=1.00 rootload=1.00
ramon: poll                 wall=01m54.000s usage=01m53.969s user=01m53.757s sys=00.212s mem=145MiB roottime=113.750s load=1.00 rootload=1.00
ramon: poll                 wall=01m55.000s usage=01m54.969s user=01m54.757s sys=00.212s mem=145MiB roottime=114.750s load=1.00 rootload=1.00
ramon: poll                 wall=01m56.000s usage=01m55.969s user=01m55.757s sys=00.212s mem=145MiB roottime=115.750s load=1.00 rootload=1.00
ramon: poll                 wall=01m57.000s usage=01m56.969s user=01m56.757s sys=00.212s mem=145MiB roottime=116.750s load=1.00 rootload=1.00
ramon: poll                 wall=01m58.000s usage=01m57.969s user=01m57.757s sys=00.212s mem=145MiB roottime=117.750s load=1.00 rootload=1.00
ramon: poll                 wall=01m59.000s usage=01m58.969s user=01m58.757s sys=00.212s mem=145MiB roottime=118.750s load=1.00 rootload=1.00
ramon: poll                 wall=02m00.000s usage=01m59.969s user=01m59.757s sys=00.212s mem=146MiB roottime=119.750s load=1.00 rootload=1.00
[31mramon: msg                  Wall clock time limit reached[0m
ramon: end                  Tue Dec 17 18:34:06 2024
ramon: root.execname        z3
ramon: root.utime           119.750s
ramon: root.stime           0.230s
ramon: group.total          119.993s
ramon: group.utime          119.758s
ramon: group.stime          0.235s
ramon: group.mempeak        178MiB
ramon: group.pidpeak        3
ramon: status               terminated by signal
[31mramon: signal               15 (SIGTERM Terminated)[0m
ramon: core dumped          false
ramon: exitcode             143
ramon: walltime             120.024s
ramon: loadavg              1.00
