unsat
(:added-eqs                       372458
 :arith-eq-adapter                671
 :arith-bound-propagations-lp     24865
 :arith-branch                    24
 :arith-conflicts                 17047
 :arith-cube-calls                16
 :arith-diseq                     171594
 :arith-fixed-eqs                 72974
 :arith-gcd-calls                 1489
 :arith-gomory-cuts               14
 :arith-grobner-calls             3363
 :arith-grobner-conflicts         1719
 :arith-hnf-calls                 4
 :arith-horner-calls              760
 :arith-horner-conflicts          70
 :arith-horner-cross-nested-forms 44955
 :arith-lower                     248157
 :arith-make-feasible             137768
 :arith-max-columns               469
 :arith-max-rows                  218
 :arith-nla-add-bounds            1071
 :arith-nla-lemmas                2301
 :arith-nla-propagate-bounds      5882
 :arith-nla-propagate-eq          115085
 :arith-nra-calls                 1669
 :arith-offset-eqs                23758
 :arith-patches                   1489
 :arith-patches-success           1431
 :arith-upper                     296098
 :binary-propagations             848098
 :cnf-encoding-aux-vars           4
 :conflicts                       18380
 :decisions                       306970
 :del-clause                      17083
 :elim-unconstrained              6
 :final-checks                    8215
 :max-memory                      104.74
 :memory                          54.51
 :minimized-lits                  66357
 :mk-bool-var                     6696
 :mk-clause                       26511
 :mk-clause-binary                1802
 :nlsat-conflicts                 105182
 :nlsat-decisions                 3194
 :nlsat-irrational-assignments    66
 :nlsat-propagations              1848229
 :nlsat-restarts                  10
 :nlsat-stages                    900659
 :num-allocs                      84282722479.00
 :num-checks                      2
 :propagations                    1597601
 :restarts                        119
 :rlimit-count                    40135354
 :sat-mk-clause-2ary              148493
 :sat-mk-clause-nary              193075
 :sat-mk-var                      98814
 :solve-eqs-elim-vars             13
 :solve-eqs-steps                 182
 :time                            26.62
 :total-time                      26.62)
