sat
(:added-eqs                       31819
 :arith-eq-adapter                826
 :arith-bound-propagations-lp     9495
 :arith-branch                    12
 :arith-conflicts                 4271
 :arith-cube-calls                12
 :arith-diseq                     14324
 :arith-fixed-eqs                 8135
 :arith-gcd-calls                 324
 :arith-gomory-cuts               14
 :arith-grobner-calls             1171
 :arith-grobner-conflicts         210
 :arith-horner-calls              351
 :arith-horner-conflicts          7
 :arith-horner-cross-nested-forms 15120
 :arith-lower                     16479
 :arith-make-feasible             11688
 :arith-max-columns               786
 :arith-max-rows                  445
 :arith-nla-add-bounds            155
 :arith-nla-lemmas                2622
 :arith-nla-propagate-bounds      678
 :arith-nla-propagate-eq          11056
 :arith-nra-calls                 648
 :arith-offset-eqs                6381
 :arith-patches                   324
 :arith-patches-success           282
 :arith-upper                     22313
 :binary-propagations             108332
 :cnf-encoding-aux-vars           4
 :conflicts                       1832
 :decisions                       144937
 :del-clause                      5294
 :elim-unconstrained              48
 :final-checks                    2098
 :max-memory                      143.49
 :memory                          87.43
 :minimized-lits                  6150
 :mk-bool-var                     9168
 :mk-clause                       11522
 :mk-clause-binary                3047
 :nlsat-conflicts                 52496
 :nlsat-decisions                 1606
 :nlsat-propagations              808207
 :nlsat-restarts                  5
 :nlsat-stages                    327212
 :num-allocs                      19213010237.00
 :num-checks                      2
 :propagations                    182324
 :restarts                        16
 :rlimit-count                    14291712
 :sat-backjumps                   501
 :sat-conflicts                   501
 :sat-decisions                   1767
 :sat-del-clause                  53440
 :sat-elim-bool-vars-res          9828
 :sat-elim-clauses                382
 :sat-elim-literals               1419
 :sat-minimized-lits              1299
 :sat-mk-clause-2ary              31591
 :sat-mk-clause-3ary              12982
 :sat-mk-clause-nary              84662
 :sat-mk-var                      20644
 :sat-probing-assigned            79
 :sat-propagations-2ary           291075
 :sat-propagations-nary           262650
 :sat-restarts                    31
 :sat-scc-elim-binary             128
 :sat-scc-elim-vars               55
 :sat-subs-resolution             874
 :sat-subs-resolution-dyn         103
 :sat-subsumed                    10273
 :sat-units                       91
 :solve-eqs-elim-vars             32
 :solve-eqs-steps                 262
 :time                            8.51
 :total-time                      8.52)
