unsat
(:added-eqs                       1765436
 :arith-eq-adapter                3868
 :arith-bound-propagations-lp     3308
 :arith-branch                    2
 :arith-conflicts                 20408
 :arith-cube-calls                1
 :arith-diseq                     132994
 :arith-fixed-eqs                 72553
 :arith-gcd-calls                 105
 :arith-grobner-calls             1797
 :arith-grobner-conflicts         46
 :arith-horner-calls              3749
 :arith-horner-conflicts          7
 :arith-horner-cross-nested-forms 14515
 :arith-lower                     718978
 :arith-make-feasible             201385
 :arith-max-columns               5540
 :arith-max-rows                  1946
 :arith-nla-add-bounds            806
 :arith-nla-lemmas                15919
 :arith-nla-propagate-bounds      3015
 :arith-nla-propagate-eq          428850
 :arith-nra-calls                 411
 :arith-offset-eqs                190189
 :arith-patches                   105
 :arith-patches-success           102
 :arith-upper                     847933
 :binary-propagations             4974493
 :card2bv-rewrites                1
 :cnf-encoding-aux-vars           28
 :conflicts                       4426
 :decisions                       4832346
 :del-clause                      8132
 :elim-unconstrained              861
 :final-checks                    17735
 :max-memory                      91.59
 :memory                          21.18
 :minimized-lits                  8247
 :mk-bool-var                     20801
 :mk-clause                       14053
 :mk-clause-binary                47746
 :nlsat-conflicts                 95498
 :nlsat-decisions                 66984
 :nlsat-propagations              6218396
 :nlsat-restarts                  1
 :nlsat-stages                    2815079
 :num-allocs                      256579059185.00
 :num-checks                      2
 :propagations                    6299561
 :restarts                        35
 :rlimit-count                    111232126
 :solve-eqs-elim-vars             344
 :solve-eqs-steps                 2648
 :time                            46.24
 :total-time                      46.25)
