ramon: cwd                  /tmp/runner/actions-runner/_work/z3-poly-testing/z3-poly-testing
ramon: start                Tue Dec 17 17:37:46 2024
ramon: nproc                128
ramon: sys.mem              64150 MiB
ramon: sys.mem.free         31500 MiB
ramon: sys.mem.avail        64054 MiB
ramon: sys.nprocs           2991
ramon: argv                 0 = z3
ramon: argv                 1 = /tmp/runner/actions-runner/_work/z3-poly-testing/z3-poly-testing/download/non-incremental/QF_NIA/20170427-VeryMax/ITS/From_T2__fun5.t2_fixed__terminationS_7_0.smt2
ramon: argv                 2 = -T:600
ramon: argv                 3 = -st
ramon: childpid             1825527
ramon: poll                 wall=01.000s usage=00.980s user=00.904s sys=00.076s mem=84180KiB roottime=0.900s load=0.98 rootload=0.90
ramon: end                  Tue Dec 17 17:37:48 2024
ramon: root.execname        z3
ramon: root.utime           1.640s
ramon: root.stime           0.090s
ramon: group.total          1.733s
ramon: group.utime          1.644s
ramon: group.stime          0.089s
ramon: group.mempeak        98MiB
ramon: group.pidpeak        3
ramon: status               exited
ramon: exitcode             0
ramon: walltime             1.753s
ramon: loadavg              0.99
