ramon: cwd                  /tmp/runner/actions-runner/_work/z3-poly-testing/z3-poly-testing
ramon: start                Tue Dec 17 18:18:11 2024
ramon: nproc                128
ramon: sys.mem              64150 MiB
ramon: sys.mem.free         22704 MiB
ramon: sys.mem.avail        64038 MiB
ramon: sys.nprocs           2982
ramon: argv                 0 = z3
ramon: argv                 1 = /tmp/runner/actions-runner/_work/z3-poly-testing/z3-poly-testing/download/non-incremental/QF_NIA/20170427-VeryMax/ITS/From_T2__rlft3.t2__p9121_terminationG_0.smt2
ramon: argv                 2 = -T:600
ramon: argv                 3 = -st
ramon: childpid             1913720
ramon: poll                 wall=01.000s usage=00.982s user=00.872s sys=00.110s mem=110MiB roottime=0.870s load=0.98 rootload=0.87
ramon: poll                 wall=02.000s usage=01.981s user=01.863s sys=00.118s mem=120MiB roottime=1.860s load=1.00 rootload=0.99
ramon: poll                 wall=03.000s usage=02.981s user=02.860s sys=00.121s mem=125MiB roottime=2.850s load=1.00 rootload=0.99
ramon: poll                 wall=04.000s usage=03.981s user=03.860s sys=00.121s mem=125MiB roottime=3.850s load=1.00 rootload=1.00
ramon: poll                 wall=05.000s usage=04.981s user=04.860s sys=00.121s mem=125MiB roottime=4.850s load=1.00 rootload=1.00
ramon: poll                 wall=06.000s usage=05.981s user=05.860s sys=00.121s mem=125MiB roottime=5.850s load=1.00 rootload=1.00
ramon: poll                 wall=07.000s usage=06.980s user=06.859s sys=00.121s mem=126MiB roottime=6.850s load=1.00 rootload=1.00
ramon: poll                 wall=08.000s usage=07.980s user=07.859s sys=00.121s mem=126MiB roottime=7.850s load=1.00 rootload=1.00
ramon: poll                 wall=09.000s usage=08.980s user=08.859s sys=00.121s mem=126MiB roottime=8.850s load=1.00 rootload=1.00
ramon: poll                 wall=10.000s usage=09.980s user=09.859s sys=00.121s mem=126MiB roottime=9.850s load=1.00 rootload=1.00
ramon: poll                 wall=11.000s usage=10.980s user=10.859s sys=00.121s mem=126MiB roottime=10.850s load=1.00 rootload=1.00
ramon: poll                 wall=12.000s usage=11.980s user=11.859s sys=00.121s mem=126MiB roottime=11.850s load=1.00 rootload=1.00
ramon: poll                 wall=13.000s usage=12.980s user=12.859s sys=00.121s mem=126MiB roottime=12.850s load=1.00 rootload=1.00
ramon: poll                 wall=14.000s usage=13.980s user=13.859s sys=00.121s mem=126MiB roottime=13.850s load=1.00 rootload=1.00
ramon: poll                 wall=15.000s usage=14.979s user=14.858s sys=00.121s mem=126MiB roottime=14.850s load=1.00 rootload=1.00
ramon: poll                 wall=16.000s usage=15.979s user=15.858s sys=00.121s mem=126MiB roottime=15.850s load=1.00 rootload=1.00
ramon: poll                 wall=17.000s usage=16.979s user=16.858s sys=00.121s mem=126MiB roottime=16.850s load=1.00 rootload=1.00
ramon: poll                 wall=18.000s usage=17.979s user=17.852s sys=00.127s mem=136MiB roottime=17.850s load=1.00 rootload=1.00
ramon: poll                 wall=19.000s usage=18.979s user=18.843s sys=00.136s mem=146MiB roottime=18.840s load=1.00 rootload=0.99
ramon: poll                 wall=20.000s usage=19.979s user=19.836s sys=00.143s mem=154MiB roottime=19.830s load=1.00 rootload=0.99
ramon: poll                 wall=21.000s usage=20.979s user=20.832s sys=00.147s mem=163MiB roottime=20.830s load=1.00 rootload=1.00
ramon: poll                 wall=22.000s usage=21.978s user=21.828s sys=00.150s mem=172MiB roottime=21.820s load=1.00 rootload=0.99
ramon: poll                 wall=23.000s usage=22.978s user=22.824s sys=00.154s mem=179MiB roottime=22.820s load=1.00 rootload=1.00
ramon: poll                 wall=24.000s usage=23.978s user=23.819s sys=00.159s mem=185MiB roottime=23.810s load=1.00 rootload=0.99
ramon: poll                 wall=25.000s usage=24.978s user=24.813s sys=00.165s mem=190MiB roottime=24.810s load=1.00 rootload=1.00
ramon: poll                 wall=26.000s usage=25.978s user=25.810s sys=00.168s mem=194MiB roottime=25.810s load=1.00 rootload=1.00
ramon: poll                 wall=27.000s usage=26.978s user=26.810s sys=00.168s mem=194MiB roottime=26.810s load=1.00 rootload=1.00
ramon: poll                 wall=28.000s usage=27.978s user=27.802s sys=00.176s mem=203MiB roottime=27.800s load=1.00 rootload=0.99
ramon: poll                 wall=29.000s usage=28.978s user=28.797s sys=00.181s mem=206MiB roottime=28.790s load=1.00 rootload=0.99
ramon: poll                 wall=30.000s usage=29.978s user=29.782s sys=00.196s mem=218MiB roottime=29.780s load=1.00 rootload=0.99
ramon: poll                 wall=31.000s usage=30.978s user=30.779s sys=00.199s mem=222MiB roottime=30.770s load=1.00 rootload=0.99
ramon: poll                 wall=32.000s usage=31.978s user=31.773s sys=00.205s mem=229MiB roottime=31.770s load=1.00 rootload=1.00
ramon: poll                 wall=33.000s usage=32.978s user=32.766s sys=00.212s mem=236MiB roottime=32.760s load=1.00 rootload=0.99
ramon: poll                 wall=34.000s usage=33.977s user=33.750s sys=00.227s mem=247MiB roottime=33.750s load=1.00 rootload=0.99
ramon: poll                 wall=35.000s usage=34.977s user=34.747s sys=00.230s mem=253MiB roottime=34.740s load=1.00 rootload=0.99
ramon: poll                 wall=36.000s usage=35.977s user=35.746s sys=00.231s mem=254MiB roottime=35.740s load=1.00 rootload=1.00
ramon: poll                 wall=37.000s usage=36.977s user=36.737s sys=00.240s mem=262MiB roottime=36.730s load=1.00 rootload=0.99
ramon: poll                 wall=38.000s usage=37.977s user=37.736s sys=00.241s mem=266MiB roottime=37.730s load=1.00 rootload=1.00
ramon: poll                 wall=39.000s usage=38.977s user=38.736s sys=00.241s mem=267MiB roottime=38.730s load=1.00 rootload=1.00
ramon: poll                 wall=40.000s usage=39.977s user=39.735s sys=00.242s mem=271MiB roottime=39.730s load=1.00 rootload=1.00
ramon: poll                 wall=41.000s usage=40.977s user=40.734s sys=00.243s mem=274MiB roottime=40.730s load=1.00 rootload=1.00
ramon: poll                 wall=42.000s usage=41.977s user=41.732s sys=00.245s mem=277MiB roottime=41.730s load=1.00 rootload=1.00
ramon: poll                 wall=43.000s usage=42.976s user=42.729s sys=00.247s mem=279MiB roottime=42.720s load=1.00 rootload=0.99
ramon: poll                 wall=44.000s usage=43.976s user=43.727s sys=00.249s mem=283MiB roottime=43.720s load=1.00 rootload=1.00
ramon: poll                 wall=45.000s usage=44.976s user=44.722s sys=00.254s mem=292MiB roottime=44.720s load=1.00 rootload=1.00
ramon: poll                 wall=46.000s usage=45.976s user=45.722s sys=00.254s mem=293MiB roottime=45.720s load=1.00 rootload=1.00
ramon: poll                 wall=47.000s usage=46.976s user=46.715s sys=00.261s mem=302MiB roottime=46.710s load=1.00 rootload=0.99
ramon: poll                 wall=48.000s usage=47.976s user=47.715s sys=00.261s mem=304MiB roottime=47.710s load=1.00 rootload=1.00
ramon: poll                 wall=49.000s usage=48.976s user=48.704s sys=00.272s mem=316MiB roottime=48.700s load=1.00 rootload=0.99
ramon: poll                 wall=50.000s usage=49.976s user=49.700s sys=00.276s mem=322MiB roottime=49.690s load=1.00 rootload=0.99
ramon: poll                 wall=51.000s usage=50.976s user=50.699s sys=00.277s mem=326MiB roottime=50.690s load=1.00 rootload=1.00
ramon: poll                 wall=52.000s usage=51.976s user=51.699s sys=00.277s mem=329MiB roottime=51.690s load=1.00 rootload=1.00
ramon: poll                 wall=53.000s usage=52.975s user=52.695s sys=00.280s mem=331MiB roottime=52.690s load=1.00 rootload=1.00
ramon: poll                 wall=54.000s usage=53.975s user=53.694s sys=00.281s mem=335MiB roottime=53.690s load=1.00 rootload=1.00
ramon: poll                 wall=55.000s usage=54.975s user=54.689s sys=00.286s mem=343MiB roottime=54.680s load=1.00 rootload=0.99
ramon: poll                 wall=56.000s usage=55.975s user=55.689s sys=00.286s mem=343MiB roottime=55.680s load=1.00 rootload=1.00
ramon: poll                 wall=57.000s usage=56.975s user=56.689s sys=00.286s mem=345MiB roottime=56.680s load=1.00 rootload=1.00
ramon: poll                 wall=58.000s usage=57.975s user=57.687s sys=00.288s mem=349MiB roottime=57.680s load=1.00 rootload=1.00
ramon: poll                 wall=59.000s usage=58.975s user=58.683s sys=00.292s mem=354MiB roottime=58.680s load=1.00 rootload=1.00
ramon: poll                 wall=01m00.000s usage=59.975s user=59.676s sys=00.299s mem=369MiB roottime=59.670s load=1.00 rootload=0.99
ramon: poll                 wall=01m01.000s usage=01m00.975s user=01m00.668s sys=00.307s mem=379MiB roottime=60.660s load=1.00 rootload=0.99
ramon: poll                 wall=01m02.000s usage=01m01.975s user=01m01.660s sys=00.315s mem=390MiB roottime=61.650s load=1.00 rootload=0.99
ramon: poll                 wall=01m03.000s usage=01m02.975s user=01m02.659s sys=00.316s mem=391MiB roottime=62.650s load=1.00 rootload=1.00
ramon: poll                 wall=01m04.000s usage=01m03.975s user=01m03.655s sys=00.320s mem=395MiB roottime=63.650s load=1.00 rootload=1.00
ramon: poll                 wall=01m05.000s usage=01m04.974s user=01m04.652s sys=00.322s mem=403MiB roottime=64.650s load=1.00 rootload=1.00
ramon: poll                 wall=01m06.000s usage=01m05.974s user=01m05.646s sys=00.328s mem=414MiB roottime=65.640s load=1.00 rootload=0.99
ramon: poll                 wall=01m07.000s usage=01m06.974s user=01m06.640s sys=00.334s mem=420MiB roottime=66.640s load=1.00 rootload=1.00
ramon: poll                 wall=01m08.000s usage=01m07.974s user=01m07.633s sys=00.341s mem=426MiB roottime=67.630s load=1.00 rootload=0.99
ramon: poll                 wall=01m09.000s usage=01m08.974s user=01m08.618s sys=00.356s mem=441MiB roottime=68.610s load=1.00 rootload=0.98
ramon: poll                 wall=01m10.000s usage=01m09.974s user=01m09.607s sys=00.367s mem=451MiB roottime=69.600s load=1.00 rootload=0.99
ramon: poll                 wall=01m11.000s usage=01m10.974s user=01m10.606s sys=00.368s mem=453MiB roottime=70.600s load=1.00 rootload=1.00
ramon: poll                 wall=01m12.000s usage=01m11.974s user=01m11.603s sys=00.371s mem=457MiB roottime=71.600s load=1.00 rootload=1.00
ramon: poll                 wall=01m13.000s usage=01m12.974s user=01m12.599s sys=00.375s mem=462MiB roottime=72.590s load=1.00 rootload=0.99
ramon: poll                 wall=01m14.000s usage=01m13.974s user=01m13.596s sys=00.378s mem=467MiB roottime=73.590s load=1.00 rootload=1.00
ramon: poll                 wall=01m15.000s usage=01m14.974s user=01m14.575s sys=00.399s mem=483MiB roottime=74.570s load=1.00 rootload=0.98
ramon: poll                 wall=01m16.000s usage=01m15.974s user=01m15.566s sys=00.408s mem=494MiB roottime=75.560s load=1.00 rootload=0.99
ramon: poll                 wall=01m17.000s usage=01m16.974s user=01m16.559s sys=00.415s mem=506MiB roottime=76.550s load=1.00 rootload=0.99
ramon: poll                 wall=01m18.000s usage=01m17.973s user=01m17.555s sys=00.419s mem=512MiB roottime=77.550s load=1.00 rootload=1.00
ramon: poll                 wall=01m19.000s usage=01m18.973s user=01m18.554s sys=00.419s mem=512MiB roottime=78.550s load=1.00 rootload=1.00
ramon: poll                 wall=01m20.000s usage=01m19.973s user=01m19.554s sys=00.419s mem=512MiB roottime=79.550s load=1.00 rootload=1.00
ramon: poll                 wall=01m21.000s usage=01m20.973s user=01m20.547s sys=00.426s mem=522MiB roottime=80.540s load=1.00 rootload=0.99
ramon: poll                 wall=01m22.000s usage=01m21.973s user=01m21.544s sys=00.429s mem=526MiB roottime=81.540s load=1.00 rootload=1.00
ramon: poll                 wall=01m23.000s usage=01m22.973s user=01m22.540s sys=00.433s mem=530MiB roottime=82.540s load=1.00 rootload=1.00
ramon: poll                 wall=01m24.000s usage=01m23.973s user=01m23.536s sys=00.437s mem=534MiB roottime=83.530s load=1.00 rootload=0.99
ramon: poll                 wall=01m25.000s usage=01m24.973s user=01m24.527s sys=00.446s mem=547MiB roottime=84.520s load=1.00 rootload=0.99
ramon: poll                 wall=01m26.000s usage=01m25.973s user=01m25.526s sys=00.447s mem=551MiB roottime=85.520s load=1.00 rootload=1.00
ramon: poll                 wall=01m27.000s usage=01m26.973s user=01m26.525s sys=00.448s mem=553MiB roottime=86.520s load=1.00 rootload=1.00
ramon: poll                 wall=01m28.000s usage=01m27.973s user=01m27.523s sys=00.450s mem=555MiB roottime=87.520s load=1.00 rootload=1.00
ramon: poll                 wall=01m29.000s usage=01m28.973s user=01m28.522s sys=00.451s mem=557MiB roottime=88.520s load=1.00 rootload=1.00
ramon: poll                 wall=01m30.000s usage=01m29.972s user=01m29.514s sys=00.459s mem=563MiB roottime=89.510s load=1.00 rootload=0.99
ramon: poll                 wall=01m31.000s usage=01m30.972s user=01m30.512s sys=00.460s mem=567MiB roottime=90.510s load=1.00 rootload=1.00
ramon: poll                 wall=01m32.000s usage=01m31.972s user=01m31.507s sys=00.465s mem=571MiB roottime=91.500s load=1.00 rootload=0.99
ramon: poll                 wall=01m33.000s usage=01m32.972s user=01m32.502s sys=00.470s mem=576MiB roottime=92.500s load=1.00 rootload=1.00
ramon: poll                 wall=01m34.000s usage=01m33.972s user=01m33.496s sys=00.476s mem=583MiB roottime=93.490s load=1.00 rootload=0.99
ramon: poll                 wall=01m35.000s usage=01m34.972s user=01m34.488s sys=00.484s mem=591MiB roottime=94.480s load=1.00 rootload=0.99
ramon: poll                 wall=01m36.000s usage=01m35.972s user=01m35.479s sys=00.493s mem=599MiB roottime=95.470s load=1.00 rootload=0.99
ramon: poll                 wall=01m37.000s usage=01m36.972s user=01m36.468s sys=00.504s mem=613MiB roottime=96.460s load=1.00 rootload=0.99
ramon: poll                 wall=01m38.000s usage=01m37.972s user=01m37.455s sys=00.517s mem=623MiB roottime=97.450s load=1.00 rootload=0.99
ramon: poll                 wall=01m39.000s usage=01m38.972s user=01m38.449s sys=00.523s mem=630MiB roottime=98.440s load=1.00 rootload=0.99
ramon: poll                 wall=01m40.000s usage=01m39.972s user=01m39.448s sys=00.524s mem=631MiB roottime=99.440s load=1.00 rootload=1.00
ramon: poll                 wall=01m41.000s usage=01m40.972s user=01m40.446s sys=00.526s mem=636MiB roottime=100.440s load=1.00 rootload=1.00
ramon: poll                 wall=01m42.000s usage=01m41.972s user=01m41.443s sys=00.529s mem=641MiB roottime=101.440s load=1.00 rootload=1.00
ramon: poll                 wall=01m43.000s usage=01m42.971s user=01m42.439s sys=00.532s mem=644MiB roottime=102.430s load=1.00 rootload=0.99
ramon: poll                 wall=01m44.000s usage=01m43.971s user=01m43.427s sys=00.544s mem=652MiB roottime=103.420s load=1.00 rootload=0.99
ramon: poll                 wall=01m45.000s usage=01m44.971s user=01m44.423s sys=00.548s mem=661MiB roottime=104.420s load=1.00 rootload=1.00
ramon: poll                 wall=01m46.000s usage=01m45.971s user=01m45.414s sys=00.557s mem=673MiB roottime=105.410s load=1.00 rootload=0.99
ramon: poll                 wall=01m47.000s usage=01m46.971s user=01m46.410s sys=00.561s mem=678MiB roottime=106.410s load=1.00 rootload=1.00
ramon: poll                 wall=01m48.000s usage=01m47.971s user=01m47.409s sys=00.562s mem=680MiB roottime=107.400s load=1.00 rootload=0.99
ramon: poll                 wall=01m49.000s usage=01m48.971s user=01m48.407s sys=00.564s mem=684MiB roottime=108.400s load=1.00 rootload=1.00
ramon: poll                 wall=01m50.000s usage=01m49.971s user=01m49.404s sys=00.567s mem=686MiB roottime=109.400s load=1.00 rootload=1.00
ramon: poll                 wall=01m51.000s usage=01m50.971s user=01m50.398s sys=00.573s mem=693MiB roottime=110.390s load=1.00 rootload=0.99
ramon: poll                 wall=01m52.000s usage=01m51.971s user=01m51.391s sys=00.580s mem=702MiB roottime=111.390s load=1.00 rootload=1.00
ramon: poll                 wall=01m53.000s usage=01m52.971s user=01m52.382s sys=00.589s mem=713MiB roottime=112.380s load=1.00 rootload=0.99
ramon: poll                 wall=01m54.000s usage=01m53.971s user=01m53.378s sys=00.593s mem=722MiB roottime=113.370s load=1.00 rootload=0.99
ramon: poll                 wall=01m55.000s usage=01m54.970s user=01m54.376s sys=00.595s mem=729MiB roottime=114.370s load=1.00 rootload=1.00
ramon: poll                 wall=01m56.000s usage=01m55.970s user=01m55.368s sys=00.602s mem=735MiB roottime=115.360s load=1.00 rootload=0.99
ramon: poll                 wall=01m57.000s usage=01m56.970s user=01m56.366s sys=00.604s mem=739MiB roottime=116.360s load=1.00 rootload=1.00
ramon: poll                 wall=01m58.000s usage=01m57.970s user=01m57.366s sys=00.604s mem=740MiB roottime=117.360s load=1.00 rootload=1.00
ramon: poll                 wall=01m59.000s usage=01m58.970s user=01m58.363s sys=00.607s mem=743MiB roottime=118.360s load=1.00 rootload=1.00
ramon: poll                 wall=02m00.000s usage=01m59.970s user=01m59.360s sys=00.610s mem=750MiB roottime=119.360s load=1.00 rootload=1.00
[31mramon: msg                  Wall clock time limit reached[0m
ramon: end                  Tue Dec 17 18:20:12 2024
ramon: root.execname        z3
ramon: root.utime           119.360s
ramon: root.stime           0.700s
ramon: group.total          120.067s
ramon: group.utime          119.362s
ramon: group.stime          0.705s
ramon: group.mempeak        750MiB
ramon: group.pidpeak        3
ramon: status               terminated by signal
[31mramon: signal               15 (SIGTERM Terminated)[0m
ramon: core dumped          false
ramon: exitcode             143
ramon: walltime             120.097s
ramon: loadavg              1.00
