unsat
(:added-eqs                       383810
 :arith-eq-adapter                1208
 :arith-bound-propagations-lp     13865
 :arith-branch                    138
 :arith-conflicts                 8668
 :arith-cube-calls                55
 :arith-diseq                     87988
 :arith-fixed-eqs                 31789
 :arith-gcd-calls                 1397
 :arith-gcd-conflict              8
 :arith-gomory-cuts               64
 :arith-grobner-calls             2331
 :arith-grobner-conflicts         643
 :arith-hnf-calls                 5
 :arith-horner-calls              601
 :arith-horner-conflicts          24
 :arith-horner-cross-nested-forms 104046
 :arith-lower                     193189
 :arith-make-feasible             123690
 :arith-max-columns               1363
 :arith-max-rows                  640
 :arith-nla-add-bounds            245
 :arith-nla-lemmas                4591
 :arith-nla-propagate-bounds      2697
 :arith-nla-propagate-eq          63608
 :arith-nra-calls                 1721
 :arith-offset-eqs                72922
 :arith-patches                   1389
 :arith-patches-success           1188
 :arith-upper                     265901
 :binary-propagations             836836
 :cnf-encoding-aux-vars           28
 :conflicts                       5032
 :decisions                       617770
 :del-clause                      12145
 :elim-unconstrained              4
 :final-checks                    4214
 :max-memory                      106.32
 :memory                          55.92
 :minimized-lits                  13373
 :mk-bool-var                     14712
 :mk-clause                       20516
 :mk-clause-binary                6467
 :nlsat-conflicts                 127239
 :nlsat-decisions                 19792
 :nlsat-irrational-assignments    4
 :nlsat-propagations              6013724
 :nlsat-restarts                  29
 :nlsat-stages                    2112346
 :num-allocs                      446411004429.00
 :num-checks                      2
 :propagations                    1337893
 :restarts                        39
 :rlimit-count                    60014832
 :sat-mk-clause-2ary              147598
 :sat-mk-clause-nary              195463
 :sat-mk-var                      98846
 :solve-eqs-elim-vars             32
 :solve-eqs-steps                 187
 :time                            30.31
 :total-time                      30.32)
