sat
(:added-eqs                       32294
 :arith-eq-adapter                1121
 :arith-bound-propagations-lp     1345
 :arith-branch                    3
 :arith-conflicts                 1586
 :arith-cube-calls                3
 :arith-diseq                     7364
 :arith-fixed-eqs                 3107
 :arith-gcd-calls                 141
 :arith-gomory-cuts               4
 :arith-grobner-calls             366
 :arith-grobner-conflicts         92
 :arith-hnf-calls                 2
 :arith-horner-calls              102
 :arith-horner-conflicts          1
 :arith-horner-cross-nested-forms 9924
 :arith-lower                     9137
 :arith-make-feasible             6654
 :arith-max-columns               2135
 :arith-max-rows                  972
 :arith-nla-add-bounds            164
 :arith-nla-lemmas                887
 :arith-nla-propagate-bounds      338
 :arith-nla-propagate-eq          30617
 :arith-nra-calls                 67
 :arith-offset-eqs                3005
 :arith-patches                   141
 :arith-patches-success           132
 :arith-upper                     10630
 :binary-propagations             34206
 :cnf-encoding-aux-vars           22
 :conflicts                       624
 :decisions                       61341
 :del-clause                      2155
 :elim-unconstrained              2
 :final-checks                    764
 :max-memory                      102.11
 :memory                          34.40
 :minimized-lits                  829
 :mk-bool-var                     6736
 :mk-clause                       4123
 :mk-clause-binary                4377
 :nlsat-conflicts                 11422
 :nlsat-decisions                 3925
 :nlsat-propagations              181334
 :nlsat-restarts                  2
 :nlsat-stages                    112360
 :num-allocs                      5357376535.00
 :num-checks                      2
 :propagations                    54673
 :restarts                        5
 :rlimit-count                    8764863
 :sat-backjumps                   342
 :sat-conflicts                   342
 :sat-decisions                   1921
 :sat-del-clause                  31
 :sat-elim-bool-vars-res          16565
 :sat-elim-clauses                14
 :sat-elim-literals               84
 :sat-minimized-lits              654
 :sat-mk-clause-2ary              126582
 :sat-mk-clause-3ary              33350
 :sat-mk-clause-nary              217907
 :sat-mk-var                      86651
 :sat-propagations-2ary           170911
 :sat-propagations-nary           141749
 :sat-scc-elim-binary             660
 :sat-scc-elim-vars               152
 :sat-subs-resolution             63
 :sat-subs-resolution-dyn         40
 :sat-subsumed                    18672
 :sat-units                       11
 :solve-eqs-elim-vars             97
 :solve-eqs-steps                 1742
 :time                            7.07
 :total-time                      7.08)
