ramon: cwd                  /tmp/runner/actions-runner/_work/z3-poly-testing/z3-poly-testing
ramon: start                Tue Dec 17 16:59:41 2024
ramon: nproc                128
ramon: sys.mem              64150 MiB
ramon: sys.mem.free         38177 MiB
ramon: sys.mem.avail        64075 MiB
ramon: sys.nprocs           3025
ramon: argv                 0 = z3
ramon: argv                 1 = /tmp/runner/actions-runner/_work/z3-poly-testing/z3-poly-testing/download/non-incremental/QF_NIA/20170427-VeryMax/ITS/From_AProVE_2014__juLinkedListCreateAddAllAt.jar-obl-17__p7786_safety_0.smt2
ramon: argv                 2 = -T:600
ramon: argv                 3 = -st
ramon: childpid             1684600
ramon: poll                 wall=01.000s usage=00.998s user=00.870s sys=00.128s mem=112MiB roottime=0.860s load=1.00 rootload=0.86
ramon: poll                 wall=02.000s usage=01.998s user=01.870s sys=00.128s mem=114MiB roottime=1.860s load=1.00 rootload=1.00
ramon: poll                 wall=03.000s usage=02.998s user=02.870s sys=00.128s mem=114MiB roottime=2.860s load=1.00 rootload=1.00
ramon: poll                 wall=04.000s usage=03.998s user=03.870s sys=00.128s mem=114MiB roottime=3.860s load=1.00 rootload=1.00
ramon: poll                 wall=05.000s usage=04.997s user=04.869s sys=00.128s mem=114MiB roottime=4.860s load=1.00 rootload=1.00
ramon: poll                 wall=06.000s usage=05.997s user=05.868s sys=00.129s mem=115MiB roottime=5.860s load=1.00 rootload=1.00
ramon: poll                 wall=07.000s usage=06.997s user=06.864s sys=00.133s mem=120MiB roottime=6.860s load=1.00 rootload=1.00
ramon: poll                 wall=08.000s usage=07.997s user=07.857s sys=00.140s mem=127MiB roottime=7.850s load=1.00 rootload=0.99
ramon: poll                 wall=09.000s usage=08.997s user=08.853s sys=00.144s mem=134MiB roottime=8.850s load=1.00 rootload=1.00
ramon: end                  Tue Dec 17 16:59:50 2024
ramon: root.execname        z3
ramon: root.utime           9.390s
ramon: root.stime           0.160s
ramon: group.total          9.563s
ramon: group.utime          9.396s
ramon: group.stime          0.167s
ramon: group.mempeak        135MiB
ramon: group.pidpeak        3
ramon: status               exited
ramon: exitcode             0
ramon: walltime             9.566s
ramon: loadavg              1.00
