ramon: cwd                  /tmp/runner/actions-runner/_work/z3-poly-testing/z3-poly-testing
ramon: start                Tue Dec 17 17:51:17 2024
ramon: nproc                128
ramon: sys.mem              64150 MiB
ramon: sys.mem.free         33824 MiB
ramon: sys.mem.avail        64050 MiB
ramon: sys.nprocs           2980
ramon: argv                 0 = z3
ramon: argv                 1 = /tmp/runner/actions-runner/_work/z3-poly-testing/z3-poly-testing/download/non-incremental/QF_NIA/20170427-VeryMax/ITS/From_T2__mc91.t2__p2896_terminationG_0.smt2
ramon: argv                 2 = -T:600
ramon: argv                 3 = -st
ramon: childpid             1855015
ramon: poll                 wall=01.000s usage=00.980s user=00.879s sys=00.101s mem=108MiB roottime=0.870s load=0.98 rootload=0.87
ramon: poll                 wall=02.000s usage=01.980s user=01.879s sys=00.101s mem=109MiB roottime=1.870s load=1.00 rootload=1.00
ramon: poll                 wall=03.000s usage=02.980s user=02.877s sys=00.103s mem=112MiB roottime=2.870s load=1.00 rootload=1.00
ramon: poll                 wall=04.000s usage=03.980s user=03.872s sys=00.108s mem=119MiB roottime=3.870s load=1.00 rootload=1.00
ramon: poll                 wall=05.000s usage=04.980s user=04.872s sys=00.108s mem=119MiB roottime=4.870s load=1.00 rootload=1.00
ramon: poll                 wall=06.000s usage=05.979s user=05.870s sys=00.109s mem=120MiB roottime=5.870s load=1.00 rootload=1.00
ramon: poll                 wall=07.000s usage=06.979s user=06.870s sys=00.109s mem=120MiB roottime=6.870s load=1.00 rootload=1.00
ramon: poll                 wall=08.000s usage=07.979s user=07.870s sys=00.109s mem=120MiB roottime=7.870s load=1.00 rootload=1.00
ramon: poll                 wall=09.000s usage=08.979s user=08.870s sys=00.109s mem=120MiB roottime=8.860s load=1.00 rootload=0.99
ramon: end                  Tue Dec 17 17:51:26 2024
ramon: root.execname        z3
ramon: root.utime           9.760s
ramon: root.stime           0.120s
ramon: group.total          9.894s
ramon: group.utime          9.768s
ramon: group.stime          0.126s
ramon: group.mempeak        123MiB
ramon: group.pidpeak        3
ramon: status               exited
ramon: exitcode             0
ramon: walltime             9.915s
ramon: loadavg              1.00
