unsat
(:added-eqs                       1868
 :arith-eq-adapter                95
 :arith-bound-propagations-lp     18
 :arith-conflicts                 38
 :arith-diseq                     82
 :arith-fixed-eqs                 53
 :arith-gcd-calls                 6
 :arith-grobner-calls             18
 :arith-grobner-conflicts         5
 :arith-horner-calls              4
 :arith-horner-conflicts          1
 :arith-horner-cross-nested-forms 419
 :arith-lower                     780
 :arith-make-feasible             281
 :arith-max-columns               258
 :arith-max-rows                  100
 :arith-nla-add-bounds            5
 :arith-nla-lemmas                12
 :arith-nla-propagate-bounds      10
 :arith-nla-propagate-eq          116
 :arith-nra-calls                 9
 :arith-offset-eqs                156
 :arith-patches                   6
 :arith-patches-success           6
 :arith-upper                     1342
 :binary-propagations             5051
 :conflicts                       52
 :decisions                       4680
 :del-clause                      11
 :elim-unconstrained              89
 :final-checks                    34
 :max-memory                      79.55
 :memory                          52.29
 :minimized-lits                  106
 :mk-bool-var                     586
 :mk-clause                       166
 :mk-clause-binary                1295
 :nlsat-conflicts                 542
 :nlsat-decisions                 13
 :nlsat-propagations              10411
 :nlsat-stages                    5024
 :num-allocs                      179022576
 :num-checks                      1
 :propagations                    5485
 :rlimit-count                    920601
 :sat-backjumps                   501
 :sat-conflicts                   501
 :sat-decisions                   2733
 :sat-del-clause                  38267
 :sat-elim-bool-vars-res          6572
 :sat-elim-clauses                1996
 :sat-elim-literals               2711
 :sat-minimized-lits              1827
 :sat-mk-clause-2ary              20755
 :sat-mk-clause-3ary              10742
 :sat-mk-clause-nary              53330
 :sat-mk-var                      13526
 :sat-probing-assigned            200
 :sat-propagations-2ary           181109
 :sat-propagations-nary           219345
 :sat-restarts                    21
 :sat-scc-elim-binary             367
 :sat-scc-elim-vars               95
 :sat-subs-resolution             866
 :sat-subs-resolution-dyn         117
 :sat-subsumed                    6557
 :sat-units                       479
 :time                            0.47
 :total-time                      0.49)
