ramon: cwd                  /home/runner/a/_work/z3-poly-testing/z3-poly-testing
ramon: start                Wed Mar 26 09:16:43 2025
ramon: nproc                128
ramon: sys.mem              64150 MiB
ramon: sys.mem.free         39220 MiB
ramon: sys.mem.avail        64016 MiB
ramon: sys.nprocs           3133
ramon: argv                 0 = z3
ramon: argv                 1 = inputs/QF_LIA/n6740-prp-8-48.smt2
ramon: argv                 2 = -T:600
ramon: argv                 3 = -st
ramon: argv                 4 = rewriter.elim_ite_value_tree=true
ramon: childpid             694575
ramon: poll                 wall=01.000s usage=00.991s user=00.935s sys=00.057s mem=23748KiB roottime=0.930s load=0.99 rootload=0.93
ramon: end                  Wed Mar 26 09:16:44 2025
ramon: root.execname        z3
ramon: root.utime           1.280s
ramon: root.stime           0.060s
ramon: group.total          1.353s
ramon: group.utime          1.287s
ramon: group.stime          0.066s
ramon: group.mempeak        24004KiB
ramon: group.pidpeak        2
ramon: status               exited
ramon: exitcode             0
ramon: walltime             1.365s
ramon: loadavg              0.99
