unsat
(:added-eqs                   1441
 :arith-bound-propagations-lp 10621
 :arith-branch                16470
 :arith-conflicts             3425
 :arith-cube-calls            4117
 :arith-dio-calls             16471
 :arith-dio-tighten-conflicts 1
 :arith-fixed-eqs             879
 :arith-gcd-calls             4729
 :arith-hnf-calls             2935
 :arith-lower                 12469
 :arith-make-feasible         25092
 :arith-max-columns           207
 :arith-max-rows              135
 :arith-offset-eqs            677
 :arith-patches               16471
 :arith-upper                 11672
 :binary-propagations         252996
 :conflicts                   3918
 :decisions                   114905
 :del-clause                  11560
 :final-checks                16471
 :max-memory                  41.11
 :memory                      20.05
 :minimized-lits              1304
 :mk-bool-var                 10580
 :mk-clause                   14247
 :mk-clause-binary            3843
 :num-allocs                  3520415693
 :num-checks                  3
 :propagations                297064
 :restarts                    33
 :rlimit-count                48349778
 :sat-backjumps               63767
 :sat-backtracks              2
 :sat-conflicts               63769
 :sat-decisions               123154
 :sat-del-clause              23652
 :sat-elim-bool-vars-res      4645
 :sat-elim-clauses            424
 :sat-elim-literals           532
 :sat-minimized-lits          4650813
 :sat-mk-clause-2ary          28055
 :sat-mk-clause-3ary          11008
 :sat-mk-clause-nary          133137
 :sat-mk-var                  23592
 :sat-probing-assigned        69
 :sat-propagations-2ary       10408175
 :sat-propagations-nary       34718872
 :sat-restarts                7880
 :sat-scc-elim-binary         121
 :sat-scc-elim-vars           6
 :sat-subs-resolution         165
 :sat-subs-resolution-dyn     47741
 :sat-subsumed                4208
 :sat-units                   82
 :time                        48.46
 :total-time                  48.47)
