unsat
(:added-eqs                   1
 :arith-bound-propagations-lp 3
 :arith-branch                105
 :arith-conflicts             53
 :arith-cube-calls            25
 :arith-dio-calls             106
 :arith-fixed-eqs             1
 :arith-gcd-calls             19
 :arith-hnf-calls             21
 :arith-lower                 125
 :arith-make-feasible         232
 :arith-max-columns           340
 :arith-max-rows              178
 :arith-offset-eqs            1
 :arith-patches               106
 :arith-upper                 357
 :binary-propagations         14
 :conflicts                   54
 :decisions                   323
 :del-clause                  17
 :final-checks                106
 :max-memory                  83.14
 :memory                      23.58
 :minimized-lits              5
 :mk-bool-var                 553
 :mk-clause                   51
 :mk-clause-binary            19
 :num-allocs                  60467233177.00
 :num-checks                  3
 :propagations                141
 :rlimit-count                30170899
 :sat-backjumps               57849
 :sat-backtracks              99
 :sat-conflicts               57948
 :sat-decisions               204103
 :sat-del-clause              58986
 :sat-elim-bool-vars-res      10881
 :sat-elim-clauses            2625
 :sat-elim-literals           1735
 :sat-minimized-lits          789795
 :sat-mk-clause-2ary          109095
 :sat-mk-clause-3ary          34510
 :sat-mk-clause-nary          352931
 :sat-mk-var                  106324
 :sat-probing-assigned        610
 :sat-propagations-2ary       14680452
 :sat-propagations-nary       12752605
 :sat-restarts                8928
 :sat-scc-elim-binary         86
 :sat-scc-elim-vars           3
 :sat-subs-resolution         392
 :sat-subs-resolution-dyn     11548
 :sat-subsumed                4023
 :sat-units                   623
 :time                        52.17
 :total-time                  51.91)
