ramon: cwd                  /home/runner/a/_work/z3-poly-testing/z3-poly-testing
ramon: start                Fri Mar 14 20:57:38 2025
ramon: nproc                128
ramon: sys.mem              64150 MiB
ramon: sys.mem.free         26787 MiB
ramon: sys.mem.avail        64018 MiB
ramon: sys.nprocs           3561
ramon: argv                 0 = z3
ramon: argv                 1 = inputs/QF_LIA/v10_problem_2__019.smt2.slack.smt2
ramon: argv                 2 = -T:600
ramon: argv                 3 = -st
ramon: argv                 4 = smt.arith.lp.dio_eqs=true
ramon: argv                 5 = smt.random_seed=222
ramon: childpid             2741063
ramon: end                  Fri Mar 14 20:57:38 2025
ramon: root.execname        z3
ramon: root.utime           0.000s
ramon: root.stime           0.060s
ramon: group.total          0.077s
ramon: group.utime          0.010s
ramon: group.stime          0.067s
ramon: group.mempeak        20400KiB
ramon: group.pidpeak        3
ramon: status               exited
ramon: exitcode             0
ramon: walltime             0.112s
ramon: loadavg              0.68
