ramon: cwd                  /home/runner/a/_work/z3-poly-testing/z3-poly-testing
ramon: start                Mon Feb 24 11:45:37 2025
ramon: nproc                128
ramon: sys.mem              64150 MiB
ramon: sys.mem.free         25139 MiB
ramon: sys.mem.avail        63886 MiB
ramon: sys.nprocs           3261
ramon: argv                 0 = z3
ramon: argv                 1 = inputs/QF_LIA/ex23600_2600_100.smt2
ramon: argv                 2 = -T:600
ramon: argv                 3 = -st
ramon: argv                 4 = smt.arith.lp.dio_eqs=true
ramon: childpid             755279
ramon: poll                 wall=01.010s usage=00.959s user=00.832s sys=00.127s mem=28644KiB roottime=0.830s load=0.95 rootload=0.82
ramon: poll                 wall=02.002s usage=01.929s user=01.798s sys=00.131s mem=29184KiB roottime=1.790s load=0.98 rootload=0.97
ramon: poll                 wall=03.004s usage=02.916s user=02.783s sys=00.133s mem=29424KiB roottime=2.780s load=0.99 rootload=0.99
ramon: end                  Mon Feb 24 11:45:40 2025
ramon: root.execname        z3
ramon: root.utime           3.300s
ramon: root.stime           0.150s
ramon: group.total          3.452s
ramon: group.utime          3.302s
ramon: group.stime          0.150s
ramon: group.mempeak        29836KiB
ramon: group.pidpeak        2
ramon: status               exited
ramon: exitcode             0
ramon: walltime             3.552s
ramon: loadavg              0.97
