ramon: cwd                  /home/runner/a/_work/z3-poly-testing/z3-poly-testing
ramon: start                Mon Feb 24 11:24:43 2025
ramon: nproc                128
ramon: sys.mem              64150 MiB
ramon: sys.mem.free         44141 MiB
ramon: sys.mem.avail        63890 MiB
ramon: sys.nprocs           3224
ramon: argv                 0 = z3
ramon: argv                 1 = inputs/QF_LIA/ex23700_2600_100.smt2
ramon: argv                 2 = -T:600
ramon: argv                 3 = -st
ramon: argv                 4 = smt.arith.lp.dio_eqs=true
ramon: childpid             645445
ramon: poll                 wall=01.004s usage=00.998s user=00.966s sys=00.032s mem=29096KiB roottime=0.960s load=0.99 rootload=0.96
ramon: poll                 wall=02.000s usage=01.993s user=01.961s sys=00.032s mem=29352KiB roottime=1.960s load=1.00 rootload=1.00
ramon: end                  Mon Feb 24 11:24:45 2025
ramon: root.execname        z3
ramon: root.utime           2.550s
ramon: root.stime           0.040s
ramon: group.total          2.594s
ramon: group.utime          2.554s
ramon: group.stime          0.040s
ramon: group.mempeak        29864KiB
ramon: group.pidpeak        2
ramon: status               exited
ramon: exitcode             0
ramon: walltime             2.602s
ramon: loadavg              1.00
