ramon: cwd                  /home/gh1/A/_work/z3-poly-testing/z3-poly-testing
ramon: start                Mon Jan 20 16:37:31 2025
ramon: nproc                32
ramon: sys.mem              63441 MiB
ramon: sys.mem.free         14605 MiB
ramon: sys.mem.avail        59632 MiB
ramon: sys.nprocs           1378
ramon: argv                 0 = z3
ramon: argv                 1 = inputs/QF_NIA_MCM/21.smt2
ramon: argv                 2 = -T:60
ramon: argv                 3 = -v:2
ramon: argv                 4 = -st
ramon: argv                 5 = tactic.default_tactic=(then simplify propagate-values solve-eqs simplify sls-smt)
ramon: argv                 6 = model_validate=true
ramon: argv                 7 = sls.arith_use_clausal_lookahead=true
ramon: childpid             2752419
ramon: poll                 wall=1.000s usage=0.966s mem=27224KiB load=0.97 rootload=0.96
ramon: poll                 wall=2.000s usage=1.966s mem=27224KiB load=1.00 rootload=1.00
ramon: poll                 wall=3.000s usage=2.966s mem=27224KiB load=1.00 rootload=1.00
ramon: poll                 wall=4.000s usage=3.966s mem=27224KiB load=1.00 rootload=1.00
ramon: poll                 wall=5.000s usage=4.966s mem=27224KiB load=1.00 rootload=1.00
ramon: poll                 wall=6.000s usage=5.966s mem=27224KiB load=1.00 rootload=1.00
ramon: poll                 wall=7.000s usage=6.965s mem=27224KiB load=1.00 rootload=1.00
ramon: poll                 wall=8.000s usage=7.965s mem=27224KiB load=1.00 rootload=1.00
ramon: poll                 wall=9.000s usage=8.965s mem=27148KiB load=1.00 rootload=1.00
ramon: poll                 wall=10.000s usage=9.965s mem=27404KiB load=1.00 rootload=1.00
ramon: poll                 wall=11.000s usage=10.965s mem=27404KiB load=1.00 rootload=1.00
(sat.ddfw :unsat :models :kflips/sec  :flips  :restarts  :reinits  :unsat_vars  :shifts)
(sat.ddfw       5      2   1.09203     12447         0          0          272      769)
ramon: poll                 wall=12.000s usage=11.965s mem=27404KiB load=1.00 rootload=1.00
ramon: poll                 wall=13.000s usage=12.965s mem=27404KiB load=1.00 rootload=1.00
ramon: poll                 wall=14.000s usage=13.965s mem=27404KiB load=1.00 rootload=1.00
ramon: poll                 wall=15.000s usage=14.965s mem=27404KiB load=1.00 rootload=1.00
ramon: poll                 wall=16.000s usage=15.965s mem=27404KiB load=1.00 rootload=1.00
ramon: poll                 wall=17.000s usage=16.965s mem=27404KiB load=1.00 rootload=1.00
ramon: poll                 wall=18.000s usage=17.965s mem=27404KiB load=1.00 rootload=1.00
ramon: poll                 wall=19.000s usage=18.965s mem=27404KiB load=1.00 rootload=1.00
ramon: poll                 wall=20.000s usage=19.965s mem=27404KiB load=1.00 rootload=1.00
(sat.ddfw       5      5  0.447004     21607         0          1          111     1424)
ramon: poll                 wall=21.000s usage=20.965s mem=27404KiB load=1.00 rootload=1.00
ramon: poll                 wall=22.000s usage=21.965s mem=27404KiB load=1.00 rootload=1.00
ramon: poll                 wall=23.000s usage=22.965s mem=27404KiB load=1.00 rootload=1.00
ramon: poll                 wall=24.000s usage=23.965s mem=27404KiB load=1.00 rootload=1.00
ramon: poll                 wall=25.000s usage=24.965s mem=27404KiB load=1.00 rootload=1.00
ramon: poll                 wall=26.015s usage=25.981s mem=27404KiB load=1.00 rootload=1.00
ramon: poll                 wall=27.000s usage=26.965s mem=27404KiB load=1.00 rootload=1.00
ramon: poll                 wall=28.000s usage=27.965s mem=27404KiB load=1.00 rootload=1.00
ramon: poll                 wall=29.000s usage=28.964s mem=27404KiB load=1.00 rootload=0.99
ramon: poll                 wall=30.000s usage=29.926s mem=27404KiB load=0.96 rootload=0.96
ramon: poll                 wall=31.000s usage=30.926s mem=27404KiB load=1.00 rootload=1.00
ramon: poll                 wall=32.000s usage=31.926s mem=27404KiB load=1.00 rootload=1.00
ramon: poll                 wall=33.000s usage=32.926s mem=27404KiB load=1.00 rootload=1.00
ramon: poll                 wall=34.043s usage=33.970s mem=27404KiB load=1.00 rootload=1.01
ramon: poll                 wall=35.000s usage=34.926s mem=27404KiB load=1.00 rootload=0.99
ramon: poll                 wall=36.000s usage=35.926s mem=27404KiB load=1.00 rootload=1.00
ramon: poll                 wall=37.000s usage=36.926s mem=27404KiB load=1.00 rootload=1.00
ramon: poll                 wall=38.000s usage=37.926s mem=27404KiB load=1.00 rootload=1.00
ramon: poll                 wall=39.000s usage=38.926s mem=27404KiB load=1.00 rootload=1.00
ramon: poll                 wall=40.000s usage=39.926s mem=27404KiB load=1.00 rootload=1.00
ramon: poll                 wall=41.000s usage=40.926s mem=27404KiB load=1.00 rootload=1.00
(sat.ddfw       5     10  0.488535     41656         0          2           64     2829)
ramon: poll                 wall=42.000s usage=41.926s mem=27404KiB load=1.00 rootload=1.00
ramon: poll                 wall=43.000s usage=42.926s mem=27404KiB load=1.00 rootload=1.00
ramon: poll                 wall=44.000s usage=43.926s mem=27404KiB load=1.00 rootload=1.00
ramon: poll                 wall=45.000s usage=44.926s mem=27404KiB load=1.00 rootload=1.00
ramon: poll                 wall=46.000s usage=45.926s mem=27404KiB load=1.00 rootload=1.00
ramon: poll                 wall=47.000s usage=46.926s mem=27404KiB load=1.00 rootload=1.00
ramon: poll                 wall=48.000s usage=47.926s mem=27404KiB load=1.00 rootload=1.00
ramon: poll                 wall=49.015s usage=48.942s mem=27404KiB load=1.00 rootload=1.01
ramon: poll                 wall=50.000s usage=49.926s mem=27404KiB load=1.00 rootload=0.99
ramon: poll                 wall=51.000s usage=50.926s mem=27404KiB load=1.00 rootload=1.00
ramon: poll                 wall=52.000s usage=51.926s mem=27404KiB load=1.00 rootload=1.00
ramon: poll                 wall=53.019s usage=52.946s mem=27404KiB load=1.00 rootload=1.00
ramon: poll                 wall=54.000s usage=53.925s mem=27404KiB load=1.00 rootload=1.00
ramon: poll                 wall=55.000s usage=54.925s mem=27404KiB load=1.00 rootload=1.00
ramon: poll                 wall=56.000s usage=55.925s mem=27404KiB load=1.00 rootload=1.00
ramon: poll                 wall=57.000s usage=56.925s mem=27404KiB load=1.00 rootload=1.00
ramon: poll                 wall=58.000s usage=57.925s mem=27404KiB load=1.00 rootload=1.00
ramon: poll                 wall=59.000s usage=58.925s mem=27404KiB load=1.00 rootload=1.00
ramon: poll                 wall=60.000s usage=59.925s mem=27404KiB load=1.00 rootload=1.00
ramon: end                  Mon Jan 20 16:38:31 2025
ramon: root.execname        z3
ramon: root.utime           59.950s
ramon: root.stime           0.000s
ramon: group.total          59.963s
ramon: group.utime          59.955s
ramon: group.stime          0.008s
ramon: group.mempeak        27660KiB
ramon: group.pidpeak        2
ramon: status               exited
ramon: exitcode             0
ramon: walltime             60.036s
ramon: loadavg              1.00
