ramon: cwd                  /home/runner/a/_work/z3-poly-testing/z3-poly-testing
ramon: start                Wed Apr  9 07:22:34 2025
ramon: nproc                128
ramon: sys.mem              64150 MiB
ramon: sys.mem.free         35440 MiB
ramon: sys.mem.avail        64010 MiB
ramon: sys.nprocs           3003
ramon: argv                 0 = z3
ramon: argv                 1 = /home/runner/a/_work/z3-poly-testing/z3-poly-testing/download/non-incremental/QF_LIA/nec-smt/med/config_read_line/prp-0-46.smt2
ramon: argv                 2 = -T:600
ramon: argv                 3 = -st
ramon: argv                 4 = lp.dio=true
ramon: argv                 5 = lp.dio_run_gcd=true
ramon: childpid             1213970
ramon: end                  Wed Apr  9 07:22:35 2025
ramon: root.execname        z3
ramon: root.utime           0.700s
ramon: root.stime           0.140s
ramon: group.total          0.852s
ramon: group.utime          0.709s
ramon: group.stime          0.143s
ramon: group.mempeak        21536KiB
ramon: group.pidpeak        2
ramon: status               exited
ramon: exitcode             0
ramon: walltime             0.894s
ramon: loadavg              0.95
