ramon: cwd                  /home/runner/a/_work/z3-poly-testing/z3-poly-testing
ramon: start                Wed Mar 12 18:02:06 2025
ramon: nproc                128
ramon: sys.mem              64150 MiB
ramon: sys.mem.free         16539 MiB
ramon: sys.mem.avail        63658 MiB
ramon: sys.nprocs           3426
ramon: argv                 0 = z3
ramon: argv                 1 = inputs/QF_LIA/n8056-prp-5-46.smt2
ramon: argv                 2 = -T:600
ramon: argv                 3 = -st
ramon: argv                 4 = smt.arith.lp.dio_eqs=true
ramon: childpid             147764
ramon: poll                 wall=01.001s usage=00.850s user=00.676s sys=00.174s mem=37908KiB roottime=0.670s load=0.85 rootload=0.67
ramon: poll                 wall=02.008s usage=01.838s user=01.450s sys=00.388s mem=76500KiB roottime=1.450s load=0.98 rootload=0.77
ramon: poll                 wall=03.004s usage=02.820s user=02.425s sys=00.395s mem=76660KiB roottime=2.420s load=0.99 rootload=0.97
ramon: poll                 wall=04.016s usage=03.821s user=03.421s sys=00.400s mem=77228KiB roottime=3.420s load=0.99 rootload=0.99
ramon: poll                 wall=05.001s usage=04.798s user=04.394s sys=00.405s mem=77568KiB roottime=4.390s load=0.99 rootload=0.98
ramon: poll                 wall=06.001s usage=05.796s user=05.387s sys=00.409s mem=77856KiB roottime=5.380s load=1.00 rootload=0.99
ramon: poll                 wall=07.007s usage=06.796s user=06.385s sys=00.410s mem=77856KiB roottime=6.380s load=0.99 rootload=0.99
ramon: poll                 wall=08.005s usage=07.783s user=07.371s sys=00.412s mem=78128KiB roottime=7.370s load=0.99 rootload=0.99
ramon: poll                 wall=09.004s usage=08.778s user=08.366s sys=00.412s mem=78144KiB roottime=8.360s load=1.00 rootload=0.99
ramon: poll                 wall=10.009s usage=09.779s user=09.364s sys=00.415s mem=78232KiB roottime=9.360s load=1.00 rootload=1.00
ramon: poll                 wall=11.000s usage=10.767s user=10.351s sys=00.416s mem=78308KiB roottime=10.350s load=1.00 rootload=1.00
ramon: poll                 wall=12.003s usage=11.768s user=11.352s sys=00.416s mem=78348KiB roottime=11.350s load=1.00 rootload=1.00
ramon: poll                 wall=13.000s usage=12.762s user=12.346s sys=00.416s mem=78396KiB roottime=12.340s load=1.00 rootload=0.99
ramon: poll                 wall=14.007s usage=13.760s user=13.345s sys=00.416s mem=78544KiB roottime=13.340s load=0.99 rootload=0.99
ramon: poll                 wall=15.001s usage=14.747s user=14.331s sys=00.417s mem=78584KiB roottime=14.330s load=0.99 rootload=1.00
ramon: poll                 wall=16.004s usage=15.742s user=15.325s sys=00.417s mem=78664KiB roottime=15.320s load=0.99 rootload=0.99
ramon: poll                 wall=17.014s usage=16.745s user=16.328s sys=00.418s mem=78744KiB roottime=16.320s load=0.99 rootload=0.99
ramon: poll                 wall=18.015s usage=17.744s user=17.326s sys=00.418s mem=78540KiB roottime=17.320s load=1.00 rootload=1.00
ramon: poll                 wall=19.022s usage=18.747s user=18.328s sys=00.420s mem=78808KiB roottime=18.320s load=1.00 rootload=0.99
ramon: poll                 wall=20.003s usage=19.723s user=19.301s sys=00.422s mem=78912KiB roottime=19.300s load=0.99 rootload=1.00
ramon: poll                 wall=21.000s usage=20.718s user=20.295s sys=00.423s mem=78976KiB roottime=20.290s load=1.00 rootload=0.99
ramon: poll                 wall=22.000s usage=21.717s user=21.294s sys=00.423s mem=78976KiB roottime=21.290s load=1.00 rootload=1.00
ramon: poll                 wall=23.003s usage=22.720s user=22.295s sys=00.425s mem=78976KiB roottime=22.290s load=1.00 rootload=1.00
ramon: poll                 wall=24.000s usage=23.716s user=23.291s sys=00.425s mem=78976KiB roottime=23.290s load=1.00 rootload=1.00
ramon: poll                 wall=25.000s usage=24.715s user=24.289s sys=00.426s mem=79168KiB roottime=24.290s load=1.00 rootload=1.00
ramon: poll                 wall=26.000s usage=25.714s user=25.286s sys=00.428s mem=79204KiB roottime=25.280s load=1.00 rootload=0.99
ramon: poll                 wall=27.000s usage=26.713s user=26.284s sys=00.429s mem=79280KiB roottime=26.280s load=1.00 rootload=1.00
ramon: poll                 wall=28.013s usage=27.724s user=27.295s sys=00.429s mem=79320KiB roottime=27.290s load=1.00 rootload=1.00
ramon: poll                 wall=29.000s usage=28.709s user=28.280s sys=00.429s mem=79428KiB roottime=28.280s load=1.00 rootload=1.00
ramon: poll                 wall=30.001s usage=29.707s user=29.274s sys=00.433s mem=79984KiB roottime=29.270s load=1.00 rootload=0.99
ramon: poll                 wall=31.000s usage=30.706s user=30.272s sys=00.434s mem=79984KiB roottime=30.270s load=1.00 rootload=1.00
ramon: poll                 wall=32.001s usage=31.706s user=31.272s sys=00.434s mem=79984KiB roottime=31.270s load=1.00 rootload=1.00
ramon: poll                 wall=33.000s usage=32.705s user=32.270s sys=00.434s mem=79760KiB roottime=32.270s load=1.00 rootload=1.00
ramon: poll                 wall=34.000s usage=33.704s user=33.270s sys=00.434s mem=79760KiB roottime=33.270s load=1.00 rootload=1.00
ramon: poll                 wall=35.001s usage=34.703s user=34.269s sys=00.434s mem=79760KiB roottime=34.270s load=1.00 rootload=1.00
ramon: poll                 wall=36.001s usage=35.703s user=35.268s sys=00.434s mem=79760KiB roottime=35.270s load=1.00 rootload=1.00
ramon: poll                 wall=37.000s usage=36.702s user=36.268s sys=00.434s mem=79760KiB roottime=36.270s load=1.00 rootload=1.00
ramon: poll                 wall=38.000s usage=37.702s user=37.268s sys=00.434s mem=79760KiB roottime=37.260s load=1.00 rootload=0.99
ramon: poll                 wall=39.001s usage=38.702s user=38.267s sys=00.434s mem=79760KiB roottime=38.260s load=1.00 rootload=1.00
ramon: poll                 wall=40.000s usage=39.701s user=39.267s sys=00.434s mem=79760KiB roottime=39.260s load=1.00 rootload=1.00
ramon: poll                 wall=41.000s usage=40.701s user=40.267s sys=00.434s mem=79760KiB roottime=40.260s load=1.00 rootload=1.00
ramon: poll                 wall=42.000s usage=41.700s user=41.266s sys=00.434s mem=79760KiB roottime=41.260s load=1.00 rootload=1.00
ramon: poll                 wall=43.000s usage=42.700s user=42.266s sys=00.434s mem=79760KiB roottime=42.260s load=1.00 rootload=1.00
ramon: poll                 wall=44.000s usage=43.699s user=43.265s sys=00.434s mem=80016KiB roottime=43.260s load=1.00 rootload=1.00
ramon: poll                 wall=45.000s usage=44.699s user=44.265s sys=00.434s mem=80016KiB roottime=44.260s load=1.00 rootload=1.00
ramon: poll                 wall=46.000s usage=45.698s user=45.260s sys=00.438s mem=80784KiB roottime=45.260s load=1.00 rootload=1.00
ramon: poll                 wall=47.000s usage=46.698s user=46.260s sys=00.438s mem=80784KiB roottime=46.260s load=1.00 rootload=1.00
ramon: poll                 wall=48.000s usage=47.697s user=47.258s sys=00.439s mem=80784KiB roottime=47.250s load=1.00 rootload=0.99
ramon: poll                 wall=49.000s usage=48.697s user=48.257s sys=00.440s mem=81040KiB roottime=48.250s load=1.00 rootload=1.00
ramon: poll                 wall=50.000s usage=49.696s user=49.256s sys=00.440s mem=81040KiB roottime=49.250s load=1.00 rootload=1.00
ramon: poll                 wall=51.000s usage=50.696s user=50.256s sys=00.440s mem=81040KiB roottime=50.250s load=1.00 rootload=1.00
ramon: poll                 wall=52.000s usage=51.695s user=51.255s sys=00.440s mem=81040KiB roottime=51.250s load=1.00 rootload=1.00
ramon: poll                 wall=53.000s usage=52.695s user=52.255s sys=00.440s mem=81040KiB roottime=52.250s load=1.00 rootload=1.00
ramon: poll                 wall=54.000s usage=53.694s user=53.254s sys=00.440s mem=81040KiB roottime=53.250s load=1.00 rootload=1.00
ramon: poll                 wall=55.000s usage=54.694s user=54.254s sys=00.440s mem=81040KiB roottime=54.250s load=1.00 rootload=1.00
ramon: poll                 wall=56.000s usage=55.693s user=55.252s sys=00.441s mem=81040KiB roottime=55.250s load=1.00 rootload=1.00
ramon: poll                 wall=57.001s usage=56.693s user=56.252s sys=00.441s mem=81040KiB roottime=56.250s load=1.00 rootload=1.00
ramon: poll                 wall=58.000s usage=57.692s user=57.250s sys=00.442s mem=81040KiB roottime=57.250s load=1.00 rootload=1.00
ramon: poll                 wall=59.000s usage=58.692s user=58.250s sys=00.442s mem=81296KiB roottime=58.250s load=1.00 rootload=1.00
ramon: poll                 wall=01m00.000s usage=59.691s user=59.244s sys=00.447s mem=81296KiB roottime=59.240s load=1.00 rootload=0.99
ramon: poll                 wall=01m01.000s usage=01m00.691s user=01m00.244s sys=00.447s mem=81296KiB roottime=60.240s load=1.00 rootload=1.00
ramon: poll                 wall=01m02.000s usage=01m01.690s user=01m01.240s sys=00.450s mem=81296KiB roottime=61.240s load=1.00 rootload=1.00
ramon: poll                 wall=01m03.000s usage=01m02.690s user=01m02.240s sys=00.450s mem=81296KiB roottime=62.240s load=1.00 rootload=1.00
ramon: poll                 wall=01m04.000s usage=01m03.689s user=01m03.239s sys=00.450s mem=81296KiB roottime=63.240s load=1.00 rootload=1.00
ramon: poll                 wall=01m05.000s usage=01m04.689s user=01m04.239s sys=00.450s mem=81296KiB roottime=64.240s load=1.00 rootload=1.00
ramon: poll                 wall=01m06.001s usage=01m05.688s user=01m05.238s sys=00.450s mem=81296KiB roottime=65.230s load=1.00 rootload=0.99
ramon: poll                 wall=01m07.000s usage=01m06.688s user=01m06.237s sys=00.451s mem=81552KiB roottime=66.230s load=1.00 rootload=1.00
ramon: poll                 wall=01m08.000s usage=01m07.688s user=01m07.236s sys=00.451s mem=81552KiB roottime=67.230s load=1.00 rootload=1.00
ramon: poll                 wall=01m09.000s usage=01m08.688s user=01m08.235s sys=00.452s mem=81552KiB roottime=68.230s load=1.00 rootload=1.00
ramon: poll                 wall=01m10.000s usage=01m09.691s user=01m09.236s sys=00.454s mem=81552KiB roottime=69.230s load=1.00 rootload=1.00
ramon: poll                 wall=01m11.000s usage=01m10.687s user=01m10.232s sys=00.454s mem=81552KiB roottime=70.230s load=1.00 rootload=1.00
ramon: poll                 wall=01m12.001s usage=01m11.686s user=01m11.231s sys=00.454s mem=81552KiB roottime=71.230s load=1.00 rootload=1.00
ramon: poll                 wall=01m13.000s usage=01m12.685s user=01m12.230s sys=00.455s mem=81552KiB roottime=72.230s load=1.00 rootload=1.00
ramon: poll                 wall=01m14.000s usage=01m13.684s user=01m13.226s sys=00.458s mem=81808KiB roottime=73.220s load=1.00 rootload=0.99
ramon: poll                 wall=01m15.000s usage=01m14.684s user=01m14.220s sys=00.464s mem=82320KiB roottime=74.220s load=1.00 rootload=1.00
ramon: poll                 wall=01m16.000s usage=01m15.683s user=01m15.217s sys=00.466s mem=82576KiB roottime=75.210s load=1.00 rootload=0.99
ramon: poll                 wall=01m17.000s usage=01m16.683s user=01m16.215s sys=00.467s mem=82576KiB roottime=76.210s load=1.00 rootload=1.00
ramon: poll                 wall=01m18.001s usage=01m17.683s user=01m17.213s sys=00.469s mem=82832KiB roottime=77.210s load=1.00 rootload=1.00
ramon: poll                 wall=01m19.000s usage=01m18.682s user=01m18.212s sys=00.469s mem=82832KiB roottime=78.210s load=1.00 rootload=1.00
ramon: poll                 wall=01m20.000s usage=01m19.681s user=01m19.211s sys=00.469s mem=82832KiB roottime=79.210s load=1.00 rootload=1.00
ramon: poll                 wall=01m21.000s usage=01m20.680s user=01m20.210s sys=00.470s mem=82832KiB roottime=80.210s load=1.00 rootload=1.00
ramon: poll                 wall=01m22.000s usage=01m21.679s user=01m21.206s sys=00.473s mem=82832KiB roottime=81.200s load=1.00 rootload=0.99
ramon: poll                 wall=01m23.000s usage=01m22.679s user=01m22.204s sys=00.475s mem=82832KiB roottime=82.200s load=1.00 rootload=1.00
ramon: poll                 wall=01m24.000s usage=01m23.678s user=01m23.202s sys=00.476s mem=82832KiB roottime=83.200s load=1.00 rootload=1.00
ramon: poll                 wall=01m25.000s usage=01m24.678s user=01m24.201s sys=00.477s mem=83088KiB roottime=84.200s load=1.00 rootload=1.00
ramon: poll                 wall=01m26.000s usage=01m25.677s user=01m25.200s sys=00.477s mem=83088KiB roottime=85.200s load=1.00 rootload=1.00
ramon: poll                 wall=01m27.000s usage=01m26.677s user=01m26.200s sys=00.477s mem=83088KiB roottime=86.200s load=1.00 rootload=1.00
ramon: poll                 wall=01m28.000s usage=01m27.677s user=01m27.198s sys=00.478s mem=83088KiB roottime=87.200s load=1.00 rootload=1.00
ramon: poll                 wall=01m29.000s usage=01m28.676s user=01m28.197s sys=00.479s mem=83088KiB roottime=88.190s load=1.00 rootload=0.99
ramon: poll                 wall=01m30.000s usage=01m29.675s user=01m29.196s sys=00.479s mem=83088KiB roottime=89.190s load=1.00 rootload=1.00
ramon: poll                 wall=01m31.000s usage=01m30.675s user=01m30.196s sys=00.480s mem=83088KiB roottime=90.190s load=1.00 rootload=1.00
ramon: poll                 wall=01m32.000s usage=01m31.675s user=01m31.195s sys=00.480s mem=83344KiB roottime=91.190s load=1.00 rootload=1.00
ramon: poll                 wall=01m33.000s usage=01m32.674s user=01m32.195s sys=00.480s mem=83344KiB roottime=92.190s load=1.00 rootload=1.00
ramon: poll                 wall=01m34.000s usage=01m33.674s user=01m33.194s sys=00.481s mem=83344KiB roottime=93.190s load=1.00 rootload=1.00
ramon: poll                 wall=01m35.000s usage=01m34.674s user=01m34.193s sys=00.481s mem=83344KiB roottime=94.190s load=1.00 rootload=1.00
ramon: poll                 wall=01m36.000s usage=01m35.673s user=01m35.193s sys=00.481s mem=83344KiB roottime=95.190s load=1.00 rootload=1.00
ramon: poll                 wall=01m37.000s usage=01m36.673s user=01m36.192s sys=00.482s mem=83344KiB roottime=96.190s load=1.00 rootload=1.00
ramon: poll                 wall=01m38.000s usage=01m37.673s user=01m37.190s sys=00.483s mem=83600KiB roottime=97.190s load=1.00 rootload=1.00
ramon: poll                 wall=01m39.000s usage=01m38.672s user=01m38.189s sys=00.484s mem=83600KiB roottime=98.180s load=1.00 rootload=0.99
ramon: poll                 wall=01m40.000s usage=01m39.672s user=01m39.188s sys=00.485s mem=83600KiB roottime=99.180s load=1.00 rootload=1.00
ramon: poll                 wall=01m41.000s usage=01m40.672s user=01m40.184s sys=00.488s mem=83856KiB roottime=100.180s load=1.00 rootload=1.00
ramon: poll                 wall=01m42.000s usage=01m41.671s user=01m41.182s sys=00.490s mem=84112KiB roottime=101.180s load=1.00 rootload=1.00
ramon: poll                 wall=01m43.000s usage=01m42.671s user=01m42.182s sys=00.490s mem=84112KiB roottime=102.180s load=1.00 rootload=1.00
ramon: poll                 wall=01m44.000s usage=01m43.671s user=01m43.182s sys=00.490s mem=84112KiB roottime=103.180s load=1.00 rootload=1.00
ramon: poll                 wall=01m45.000s usage=01m44.671s user=01m44.181s sys=00.491s mem=84368KiB roottime=104.180s load=1.00 rootload=1.00
ramon: poll                 wall=01m46.000s usage=01m45.671s user=01m45.181s sys=00.491s mem=84368KiB roottime=105.180s load=1.00 rootload=1.00
ramon: poll                 wall=01m47.000s usage=01m46.671s user=01m46.181s sys=00.491s mem=84368KiB roottime=106.180s load=1.00 rootload=1.00
ramon: poll                 wall=01m48.000s usage=01m47.671s user=01m47.180s sys=00.491s mem=84368KiB roottime=107.180s load=1.00 rootload=1.00
ramon: poll                 wall=01m49.000s usage=01m48.671s user=01m48.180s sys=00.491s mem=84368KiB roottime=108.180s load=1.00 rootload=1.00
ramon: poll                 wall=01m50.000s usage=01m49.671s user=01m49.180s sys=00.491s mem=84368KiB roottime=109.180s load=1.00 rootload=1.00
ramon: poll                 wall=01m51.000s usage=01m50.671s user=01m50.180s sys=00.491s mem=84368KiB roottime=110.180s load=1.00 rootload=1.00
ramon: poll                 wall=01m52.000s usage=01m51.670s user=01m51.178s sys=00.493s mem=84368KiB roottime=111.170s load=1.00 rootload=0.99
ramon: poll                 wall=01m53.000s usage=01m52.670s user=01m52.178s sys=00.493s mem=84168KiB roottime=112.170s load=1.00 rootload=1.00
ramon: poll                 wall=01m54.000s usage=01m53.670s user=01m53.178s sys=00.493s mem=84168KiB roottime=113.170s load=1.00 rootload=1.00
ramon: poll                 wall=01m55.000s usage=01m54.670s user=01m54.177s sys=00.494s mem=84168KiB roottime=114.170s load=1.00 rootload=1.00
ramon: poll                 wall=01m56.000s usage=01m55.670s user=01m55.176s sys=00.494s mem=84424KiB roottime=115.170s load=1.00 rootload=1.00
ramon: poll                 wall=01m57.000s usage=01m56.670s user=01m56.175s sys=00.495s mem=84424KiB roottime=116.170s load=1.00 rootload=1.00
ramon: poll                 wall=01m58.000s usage=01m57.670s user=01m57.173s sys=00.497s mem=84424KiB roottime=117.170s load=1.00 rootload=1.00
ramon: poll                 wall=01m59.000s usage=01m58.670s user=01m58.173s sys=00.497s mem=84424KiB roottime=118.170s load=1.00 rootload=1.00
ramon: poll                 wall=02m00.000s usage=01m59.670s user=01m59.169s sys=00.501s mem=84424KiB roottime=119.170s load=1.00 rootload=1.00
ramon: poll                 wall=02m01.000s usage=02m00.669s user=02m00.168s sys=00.502s mem=84680KiB roottime=120.160s load=1.00 rootload=0.99
ramon: poll                 wall=02m02.000s usage=02m01.669s user=02m01.167s sys=00.503s mem=84680KiB roottime=121.160s load=1.00 rootload=1.00
ramon: poll                 wall=02m03.000s usage=02m02.669s user=02m02.166s sys=00.504s mem=84936KiB roottime=122.160s load=1.00 rootload=1.00
ramon: poll                 wall=02m04.000s usage=02m03.669s user=02m03.166s sys=00.504s mem=84936KiB roottime=123.160s load=1.00 rootload=1.00
ramon: poll                 wall=02m05.000s usage=02m04.669s user=02m04.165s sys=00.504s mem=84936KiB roottime=124.160s load=1.00 rootload=1.00
ramon: poll                 wall=02m06.000s usage=02m05.669s user=02m05.165s sys=00.504s mem=84936KiB roottime=125.160s load=1.00 rootload=1.00
ramon: poll                 wall=02m07.000s usage=02m06.669s user=02m06.165s sys=00.504s mem=84936KiB roottime=126.160s load=1.00 rootload=1.00
ramon: poll                 wall=02m08.000s usage=02m07.669s user=02m07.165s sys=00.504s mem=84936KiB roottime=127.160s load=1.00 rootload=1.00
ramon: poll                 wall=02m09.000s usage=02m08.668s user=02m08.165s sys=00.504s mem=84936KiB roottime=128.160s load=1.00 rootload=1.00
ramon: poll                 wall=02m10.000s usage=02m09.668s user=02m09.163s sys=00.506s mem=84936KiB roottime=129.160s load=1.00 rootload=1.00
ramon: poll                 wall=02m11.000s usage=02m10.668s user=02m10.161s sys=00.508s mem=84936KiB roottime=130.160s load=1.00 rootload=1.00
ramon: poll                 wall=02m12.000s usage=02m11.668s user=02m11.160s sys=00.509s mem=84936KiB roottime=131.160s load=1.00 rootload=1.00
ramon: poll                 wall=02m13.000s usage=02m12.668s user=02m12.156s sys=00.512s mem=85192KiB roottime=132.150s load=1.00 rootload=0.99
ramon: poll                 wall=02m14.000s usage=02m13.668s user=02m13.156s sys=00.512s mem=85192KiB roottime=133.150s load=1.00 rootload=1.00
ramon: poll                 wall=02m15.000s usage=02m14.668s user=02m14.155s sys=00.513s mem=85448KiB roottime=134.150s load=1.00 rootload=1.00
ramon: poll                 wall=02m16.000s usage=02m15.668s user=02m15.154s sys=00.514s mem=85448KiB roottime=135.150s load=1.00 rootload=1.00
ramon: poll                 wall=02m17.000s usage=02m16.668s user=02m16.154s sys=00.514s mem=85448KiB roottime=136.150s load=1.00 rootload=1.00
ramon: poll                 wall=02m18.000s usage=02m17.667s user=02m17.153s sys=00.515s mem=85448KiB roottime=137.150s load=1.00 rootload=1.00
ramon: poll                 wall=02m19.000s usage=02m18.667s user=02m18.151s sys=00.517s mem=85448KiB roottime=138.150s load=1.00 rootload=1.00
ramon: poll                 wall=02m20.000s usage=02m19.667s user=02m19.149s sys=00.519s mem=85448KiB roottime=139.140s load=1.00 rootload=0.99
ramon: poll                 wall=02m21.000s usage=02m20.667s user=02m20.147s sys=00.520s mem=85448KiB roottime=140.140s load=1.00 rootload=1.00
ramon: poll                 wall=02m22.000s usage=02m21.667s user=02m21.146s sys=00.521s mem=85704KiB roottime=141.140s load=1.00 rootload=1.00
ramon: poll                 wall=02m23.000s usage=02m22.667s user=02m22.142s sys=00.525s mem=85704KiB roottime=142.140s load=1.00 rootload=1.00
ramon: poll                 wall=02m24.000s usage=02m23.667s user=02m23.142s sys=00.525s mem=85704KiB roottime=143.140s load=1.00 rootload=1.00
ramon: poll                 wall=02m25.000s usage=02m24.667s user=02m24.142s sys=00.525s mem=85704KiB roottime=144.140s load=1.00 rootload=1.00
ramon: poll                 wall=02m26.000s usage=02m25.667s user=02m25.142s sys=00.525s mem=85704KiB roottime=145.140s load=1.00 rootload=1.00
ramon: poll                 wall=02m27.000s usage=02m26.666s user=02m26.141s sys=00.526s mem=85704KiB roottime=146.140s load=1.00 rootload=1.00
ramon: poll                 wall=02m28.000s usage=02m27.666s user=02m27.140s sys=00.527s mem=85960KiB roottime=147.140s load=1.00 rootload=1.00
ramon: poll                 wall=02m29.000s usage=02m28.666s user=02m28.140s sys=00.527s mem=85960KiB roottime=148.140s load=1.00 rootload=1.00
ramon: poll                 wall=02m30.000s usage=02m29.666s user=02m29.140s sys=00.527s mem=85960KiB roottime=149.140s load=1.00 rootload=1.00
ramon: poll                 wall=02m31.000s usage=02m30.666s user=02m30.140s sys=00.527s mem=85960KiB roottime=150.140s load=1.00 rootload=1.00
ramon: poll                 wall=02m32.000s usage=02m31.666s user=02m31.139s sys=00.527s mem=85960KiB roottime=151.140s load=1.00 rootload=1.00
ramon: poll                 wall=02m33.000s usage=02m32.666s user=02m32.138s sys=00.528s mem=85960KiB roottime=152.130s load=1.00 rootload=0.99
ramon: poll                 wall=02m34.000s usage=02m33.666s user=02m33.137s sys=00.529s mem=85960KiB roottime=153.130s load=1.00 rootload=1.00
ramon: poll                 wall=02m35.000s usage=02m34.666s user=02m34.136s sys=00.530s mem=85960KiB roottime=154.130s load=1.00 rootload=1.00
ramon: poll                 wall=02m36.000s usage=02m35.666s user=02m35.136s sys=00.530s mem=85960KiB roottime=155.130s load=1.00 rootload=1.00
ramon: poll                 wall=02m37.000s usage=02m36.665s user=02m36.136s sys=00.530s mem=85960KiB roottime=156.130s load=1.00 rootload=1.00
ramon: poll                 wall=02m38.000s usage=02m37.665s user=02m37.136s sys=00.530s mem=86156KiB roottime=157.130s load=1.00 rootload=1.00
ramon: poll                 wall=02m39.000s usage=02m38.665s user=02m38.136s sys=00.530s mem=86156KiB roottime=158.130s load=1.00 rootload=1.00
ramon: poll                 wall=02m40.000s usage=02m39.665s user=02m39.136s sys=00.530s mem=86156KiB roottime=159.130s load=1.00 rootload=1.00
ramon: poll                 wall=02m41.000s usage=02m40.665s user=02m40.135s sys=00.530s mem=86156KiB roottime=160.130s load=1.00 rootload=1.00
ramon: poll                 wall=02m42.000s usage=02m41.665s user=02m41.135s sys=00.530s mem=86156KiB roottime=161.130s load=1.00 rootload=1.00
ramon: poll                 wall=02m43.000s usage=02m42.665s user=02m42.134s sys=00.531s mem=86156KiB roottime=162.130s load=1.00 rootload=1.00
ramon: poll                 wall=02m44.000s usage=02m43.665s user=02m43.134s sys=00.531s mem=86156KiB roottime=163.130s load=1.00 rootload=1.00
ramon: poll                 wall=02m45.000s usage=02m44.665s user=02m44.134s sys=00.531s mem=86156KiB roottime=164.130s load=1.00 rootload=1.00
ramon: poll                 wall=02m46.000s usage=02m45.665s user=02m45.134s sys=00.531s mem=86156KiB roottime=165.130s load=1.00 rootload=1.00
ramon: poll                 wall=02m47.000s usage=02m46.665s user=02m46.133s sys=00.532s mem=86156KiB roottime=166.130s load=1.00 rootload=1.00
ramon: poll                 wall=02m48.000s usage=02m47.664s user=02m47.132s sys=00.533s mem=86156KiB roottime=167.130s load=1.00 rootload=1.00
ramon: poll                 wall=02m49.000s usage=02m48.664s user=02m48.132s sys=00.533s mem=86156KiB roottime=168.130s load=1.00 rootload=1.00
ramon: poll                 wall=02m50.000s usage=02m49.664s user=02m49.131s sys=00.534s mem=86156KiB roottime=169.130s load=1.00 rootload=1.00
ramon: poll                 wall=02m51.000s usage=02m50.664s user=02m50.128s sys=00.536s mem=86156KiB roottime=170.130s load=1.00 rootload=1.00
ramon: poll                 wall=02m52.000s usage=02m51.664s user=02m51.127s sys=00.537s mem=86156KiB roottime=171.120s load=1.00 rootload=0.99
ramon: poll                 wall=02m53.000s usage=02m52.664s user=02m52.127s sys=00.537s mem=86156KiB roottime=172.120s load=1.00 rootload=1.00
ramon: poll                 wall=02m54.000s usage=02m53.664s user=02m53.127s sys=00.537s mem=86156KiB roottime=173.120s load=1.00 rootload=1.00
ramon: poll                 wall=02m55.000s usage=02m54.664s user=02m54.124s sys=00.540s mem=86412KiB roottime=174.120s load=1.00 rootload=1.00
ramon: poll                 wall=02m56.000s usage=02m55.664s user=02m55.122s sys=00.542s mem=86412KiB roottime=175.120s load=1.00 rootload=1.00
ramon: poll                 wall=02m57.000s usage=02m56.663s user=02m56.120s sys=00.544s mem=87180KiB roottime=176.120s load=1.00 rootload=1.00
ramon: poll                 wall=02m58.000s usage=02m57.663s user=02m57.120s sys=00.544s mem=87180KiB roottime=177.120s load=1.00 rootload=1.00
ramon: poll                 wall=02m59.000s usage=02m58.663s user=02m58.120s sys=00.544s mem=87180KiB roottime=178.120s load=1.00 rootload=1.00
ramon: poll                 wall=03m00.000s usage=02m59.663s user=02m59.120s sys=00.544s mem=87180KiB roottime=179.120s load=1.00 rootload=1.00
ramon: poll                 wall=03m01.000s usage=03m00.663s user=03m00.119s sys=00.544s mem=87180KiB roottime=180.120s load=1.00 rootload=1.00
ramon: poll                 wall=03m02.000s usage=03m01.663s user=03m01.119s sys=00.544s mem=87180KiB roottime=181.120s load=1.00 rootload=1.00
ramon: poll                 wall=03m03.000s usage=03m02.663s user=03m02.119s sys=00.544s mem=87180KiB roottime=182.120s load=1.00 rootload=1.00
ramon: poll                 wall=03m04.000s usage=03m03.663s user=03m03.119s sys=00.544s mem=87180KiB roottime=183.120s load=1.00 rootload=1.00
ramon: poll                 wall=03m05.000s usage=03m04.663s user=03m04.119s sys=00.544s mem=87180KiB roottime=184.110s load=1.00 rootload=0.99
ramon: poll                 wall=03m06.000s usage=03m05.663s user=03m05.119s sys=00.544s mem=87180KiB roottime=185.110s load=1.00 rootload=1.00
ramon: poll                 wall=03m07.000s usage=03m06.662s user=03m06.118s sys=00.545s mem=87088KiB roottime=186.110s load=1.00 rootload=1.00
ramon: poll                 wall=03m08.000s usage=03m07.662s user=03m07.118s sys=00.545s mem=87088KiB roottime=187.110s load=1.00 rootload=1.00
ramon: poll                 wall=03m09.000s usage=03m08.662s user=03m08.118s sys=00.545s mem=87088KiB roottime=188.110s load=1.00 rootload=1.00
ramon: poll                 wall=03m10.000s usage=03m09.662s user=03m09.116s sys=00.546s mem=87088KiB roottime=189.110s load=1.00 rootload=1.00
ramon: poll                 wall=03m11.001s usage=03m10.663s user=03m10.117s sys=00.546s mem=87088KiB roottime=190.110s load=1.00 rootload=1.00
ramon: poll                 wall=03m12.000s usage=03m11.662s user=03m11.115s sys=00.547s mem=87344KiB roottime=191.110s load=1.00 rootload=1.00
ramon: poll                 wall=03m13.000s usage=03m12.662s user=03m12.114s sys=00.548s mem=87344KiB roottime=192.110s load=1.00 rootload=1.00
ramon: poll                 wall=03m14.000s usage=03m13.662s user=03m13.114s sys=00.548s mem=87344KiB roottime=193.110s load=1.00 rootload=1.00
ramon: poll                 wall=03m15.000s usage=03m14.662s user=03m14.112s sys=00.550s mem=87344KiB roottime=194.110s load=1.00 rootload=1.00
ramon: poll                 wall=03m16.000s usage=03m15.662s user=03m15.112s sys=00.550s mem=87344KiB roottime=195.110s load=1.00 rootload=1.00
ramon: poll                 wall=03m17.000s usage=03m16.661s user=03m16.112s sys=00.550s mem=87344KiB roottime=196.110s load=1.00 rootload=1.00
ramon: poll                 wall=03m18.000s usage=03m17.661s user=03m17.112s sys=00.550s mem=87344KiB roottime=197.110s load=1.00 rootload=1.00
ramon: poll                 wall=03m19.000s usage=03m18.661s user=03m18.112s sys=00.550s mem=87344KiB roottime=198.110s load=1.00 rootload=1.00
ramon: poll                 wall=03m20.000s usage=03m19.661s user=03m19.111s sys=00.550s mem=87344KiB roottime=199.110s load=1.00 rootload=1.00
ramon: poll                 wall=03m21.000s usage=03m20.661s user=03m20.111s sys=00.550s mem=87344KiB roottime=200.110s load=1.00 rootload=1.00
ramon: poll                 wall=03m22.000s usage=03m21.661s user=03m21.111s sys=00.550s mem=87344KiB roottime=201.110s load=1.00 rootload=1.00
ramon: poll                 wall=03m23.000s usage=03m22.661s user=03m22.111s sys=00.550s mem=87344KiB roottime=202.110s load=1.00 rootload=1.00
ramon: poll                 wall=03m24.000s usage=03m23.661s user=03m23.111s sys=00.550s mem=87344KiB roottime=203.110s load=1.00 rootload=1.00
ramon: poll                 wall=03m25.000s usage=03m24.661s user=03m24.111s sys=00.550s mem=87344KiB roottime=204.110s load=1.00 rootload=1.00
ramon: poll                 wall=03m26.000s usage=03m25.661s user=03m25.111s sys=00.550s mem=87344KiB roottime=205.110s load=1.00 rootload=1.00
ramon: poll                 wall=03m27.000s usage=03m26.661s user=03m26.111s sys=00.550s mem=87344KiB roottime=206.110s load=1.00 rootload=1.00
ramon: poll                 wall=03m28.000s usage=03m27.660s user=03m27.111s sys=00.550s mem=87600KiB roottime=207.110s load=1.00 rootload=1.00
ramon: poll                 wall=03m29.000s usage=03m28.660s user=03m28.110s sys=00.551s mem=87600KiB roottime=208.110s load=1.00 rootload=1.00
ramon: poll                 wall=03m30.000s usage=03m29.660s user=03m29.110s sys=00.551s mem=87600KiB roottime=209.110s load=1.00 rootload=1.00
ramon: poll                 wall=03m31.000s usage=03m30.660s user=03m30.108s sys=00.552s mem=87600KiB roottime=210.100s load=1.00 rootload=0.99
ramon: poll                 wall=03m32.000s usage=03m31.660s user=03m31.108s sys=00.552s mem=87600KiB roottime=211.100s load=1.00 rootload=1.00
ramon: poll                 wall=03m33.000s usage=03m32.660s user=03m32.108s sys=00.552s mem=87600KiB roottime=212.100s load=1.00 rootload=1.00
ramon: poll                 wall=03m34.000s usage=03m33.660s user=03m33.108s sys=00.552s mem=87600KiB roottime=213.100s load=1.00 rootload=1.00
ramon: poll                 wall=03m35.000s usage=03m34.660s user=03m34.108s sys=00.552s mem=87600KiB roottime=214.100s load=1.00 rootload=1.00
ramon: poll                 wall=03m36.000s usage=03m35.660s user=03m35.108s sys=00.552s mem=87600KiB roottime=215.100s load=1.00 rootload=1.00
ramon: poll                 wall=03m37.000s usage=03m36.660s user=03m36.107s sys=00.553s mem=87600KiB roottime=216.100s load=1.00 rootload=1.00
ramon: poll                 wall=03m38.000s usage=03m37.660s user=03m37.107s sys=00.553s mem=87600KiB roottime=217.100s load=1.00 rootload=1.00
ramon: poll                 wall=03m39.000s usage=03m38.659s user=03m38.107s sys=00.553s mem=87600KiB roottime=218.100s load=1.00 rootload=1.00
ramon: poll                 wall=03m40.000s usage=03m39.659s user=03m39.107s sys=00.553s mem=87856KiB roottime=219.100s load=1.00 rootload=1.00
ramon: poll                 wall=03m41.000s usage=03m40.659s user=03m40.106s sys=00.553s mem=87856KiB roottime=220.100s load=1.00 rootload=1.00
ramon: poll                 wall=03m42.000s usage=03m41.659s user=03m41.106s sys=00.553s mem=87856KiB roottime=221.100s load=1.00 rootload=1.00
ramon: poll                 wall=03m43.000s usage=03m42.659s user=03m42.106s sys=00.553s mem=87856KiB roottime=222.100s load=1.00 rootload=1.00
ramon: poll                 wall=03m44.000s usage=03m43.659s user=03m43.105s sys=00.554s mem=87856KiB roottime=223.100s load=1.00 rootload=1.00
ramon: poll                 wall=03m45.000s usage=03m44.659s user=03m44.104s sys=00.555s mem=87856KiB roottime=224.100s load=1.00 rootload=1.00
ramon: poll                 wall=03m46.000s usage=03m45.659s user=03m45.104s sys=00.555s mem=87856KiB roottime=225.100s load=1.00 rootload=1.00
ramon: poll                 wall=03m47.000s usage=03m46.659s user=03m46.102s sys=00.557s mem=87856KiB roottime=226.100s load=1.00 rootload=1.00
ramon: poll                 wall=03m48.000s usage=03m47.659s user=03m47.101s sys=00.558s mem=87856KiB roottime=227.100s load=1.00 rootload=1.00
ramon: poll                 wall=03m49.000s usage=03m48.658s user=03m48.100s sys=00.559s mem=87856KiB roottime=228.100s load=1.00 rootload=1.00
ramon: poll                 wall=03m50.000s usage=03m49.658s user=03m49.100s sys=00.559s mem=88112KiB roottime=229.100s load=1.00 rootload=1.00
ramon: poll                 wall=03m51.000s usage=03m50.658s user=03m50.100s sys=00.559s mem=88112KiB roottime=230.100s load=1.00 rootload=1.00
ramon: poll                 wall=03m52.000s usage=03m51.658s user=03m51.098s sys=00.560s mem=88112KiB roottime=231.090s load=1.00 rootload=0.99
ramon: poll                 wall=03m53.000s usage=03m52.658s user=03m52.097s sys=00.561s mem=88112KiB roottime=232.090s load=1.00 rootload=1.00
ramon: poll                 wall=03m54.000s usage=03m53.658s user=03m53.097s sys=00.561s mem=88112KiB roottime=233.090s load=1.00 rootload=1.00
ramon: poll                 wall=03m55.000s usage=03m54.658s user=03m54.097s sys=00.561s mem=88112KiB roottime=234.090s load=1.00 rootload=1.00
ramon: poll                 wall=03m56.000s usage=03m55.658s user=03m55.097s sys=00.561s mem=88112KiB roottime=235.090s load=1.00 rootload=1.00
ramon: poll                 wall=03m57.000s usage=03m56.658s user=03m56.097s sys=00.561s mem=88368KiB roottime=236.090s load=1.00 rootload=1.00
ramon: poll                 wall=03m58.000s usage=03m57.658s user=03m57.097s sys=00.561s mem=88368KiB roottime=237.090s load=1.00 rootload=1.00
ramon: poll                 wall=03m59.000s usage=03m58.658s user=03m58.097s sys=00.561s mem=88368KiB roottime=238.090s load=1.00 rootload=1.00
ramon: poll                 wall=04m00.000s usage=03m59.657s user=03m59.096s sys=00.562s mem=88368KiB roottime=239.090s load=1.00 rootload=1.00
ramon: poll                 wall=04m01.000s usage=04m00.657s user=04m00.096s sys=00.562s mem=88368KiB roottime=240.090s load=1.00 rootload=1.00
ramon: poll                 wall=04m02.000s usage=04m01.657s user=04m01.096s sys=00.562s mem=88368KiB roottime=241.090s load=1.00 rootload=1.00
ramon: poll                 wall=04m03.000s usage=04m02.657s user=04m02.095s sys=00.562s mem=88368KiB roottime=242.090s load=1.00 rootload=1.00
ramon: poll                 wall=04m04.000s usage=04m03.657s user=04m03.095s sys=00.562s mem=88368KiB roottime=243.090s load=1.00 rootload=1.00
ramon: poll                 wall=04m05.000s usage=04m04.657s user=04m04.095s sys=00.562s mem=88624KiB roottime=244.090s load=1.00 rootload=1.00
ramon: poll                 wall=04m06.000s usage=04m05.657s user=04m05.095s sys=00.562s mem=88624KiB roottime=245.090s load=1.00 rootload=1.00
ramon: poll                 wall=04m07.000s usage=04m06.657s user=04m06.095s sys=00.562s mem=88624KiB roottime=246.090s load=1.00 rootload=1.00
ramon: poll                 wall=04m08.000s usage=04m07.657s user=04m07.094s sys=00.563s mem=88624KiB roottime=247.090s load=1.00 rootload=1.00
ramon: poll                 wall=04m09.000s usage=04m08.657s user=04m08.092s sys=00.565s mem=88624KiB roottime=248.090s load=1.00 rootload=1.00
ramon: poll                 wall=04m10.000s usage=04m09.657s user=04m09.092s sys=00.565s mem=88624KiB roottime=249.090s load=1.00 rootload=1.00
ramon: poll                 wall=04m11.000s usage=04m10.656s user=04m10.091s sys=00.566s mem=88880KiB roottime=250.090s load=1.00 rootload=1.00
ramon: poll                 wall=04m12.000s usage=04m11.656s user=04m11.089s sys=00.568s mem=88880KiB roottime=251.080s load=1.00 rootload=0.99
ramon: poll                 wall=04m13.000s usage=04m12.656s user=04m12.088s sys=00.568s mem=88880KiB roottime=252.080s load=1.00 rootload=1.00
ramon: poll                 wall=04m14.000s usage=04m13.656s user=04m13.088s sys=00.568s mem=88880KiB roottime=253.080s load=1.00 rootload=1.00
ramon: poll                 wall=04m15.000s usage=04m14.656s user=04m14.088s sys=00.568s mem=88880KiB roottime=254.080s load=1.00 rootload=1.00
ramon: poll                 wall=04m16.000s usage=04m15.656s user=04m15.088s sys=00.568s mem=88880KiB roottime=255.080s load=1.00 rootload=1.00
ramon: poll                 wall=04m17.000s usage=04m16.656s user=04m16.087s sys=00.569s mem=88880KiB roottime=256.080s load=1.00 rootload=1.00
ramon: poll                 wall=04m18.000s usage=04m17.656s user=04m17.087s sys=00.569s mem=89136KiB roottime=257.080s load=1.00 rootload=1.00
ramon: poll                 wall=04m19.000s usage=04m18.656s user=04m18.087s sys=00.569s mem=89136KiB roottime=258.080s load=1.00 rootload=1.00
ramon: poll                 wall=04m20.000s usage=04m19.655s user=04m19.087s sys=00.569s mem=89136KiB roottime=259.080s load=1.00 rootload=1.00
ramon: poll                 wall=04m21.000s usage=04m20.655s user=04m20.087s sys=00.569s mem=89136KiB roottime=260.080s load=1.00 rootload=1.00
ramon: poll                 wall=04m22.000s usage=04m21.655s user=04m21.085s sys=00.570s mem=89136KiB roottime=261.080s load=1.00 rootload=1.00
ramon: poll                 wall=04m23.000s usage=04m22.655s user=04m22.085s sys=00.570s mem=89136KiB roottime=262.080s load=1.00 rootload=1.00
ramon: poll                 wall=04m24.000s usage=04m23.655s user=04m23.085s sys=00.570s mem=89136KiB roottime=263.080s load=1.00 rootload=1.00
ramon: poll                 wall=04m25.000s usage=04m24.655s user=04m24.085s sys=00.570s mem=89392KiB roottime=264.080s load=1.00 rootload=1.00
ramon: poll                 wall=04m26.000s usage=04m25.655s user=04m25.085s sys=00.570s mem=89648KiB roottime=265.080s load=1.00 rootload=1.00
ramon: poll                 wall=04m27.000s usage=04m26.655s user=04m26.083s sys=00.572s mem=89536KiB roottime=266.080s load=1.00 rootload=1.00
ramon: poll                 wall=04m28.000s usage=04m27.655s user=04m27.082s sys=00.573s mem=90048KiB roottime=267.080s load=1.00 rootload=1.00
ramon: poll                 wall=04m29.000s usage=04m28.655s user=04m28.082s sys=00.573s mem=90048KiB roottime=268.080s load=1.00 rootload=1.00
ramon: poll                 wall=04m30.000s usage=04m29.655s user=04m29.081s sys=00.574s mem=90048KiB roottime=269.080s load=1.00 rootload=1.00
ramon: poll                 wall=04m31.000s usage=04m30.654s user=04m30.081s sys=00.574s mem=90048KiB roottime=270.080s load=1.00 rootload=1.00
ramon: poll                 wall=04m32.000s usage=04m31.654s user=04m31.081s sys=00.574s mem=90048KiB roottime=271.080s load=1.00 rootload=1.00
ramon: poll                 wall=04m33.000s usage=04m32.654s user=04m32.080s sys=00.574s mem=90048KiB roottime=272.080s load=1.00 rootload=1.00
ramon: poll                 wall=04m34.000s usage=04m33.654s user=04m33.080s sys=00.574s mem=90048KiB roottime=273.080s load=1.00 rootload=1.00
ramon: poll                 wall=04m35.000s usage=04m34.654s user=04m34.080s sys=00.574s mem=90048KiB roottime=274.080s load=1.00 rootload=1.00
ramon: poll                 wall=04m36.000s usage=04m35.654s user=04m35.080s sys=00.574s mem=90048KiB roottime=275.080s load=1.00 rootload=1.00
ramon: poll                 wall=04m37.000s usage=04m36.654s user=04m36.080s sys=00.574s mem=90048KiB roottime=276.080s load=1.00 rootload=1.00
ramon: poll                 wall=04m38.000s usage=04m37.654s user=04m37.080s sys=00.574s mem=90048KiB roottime=277.080s load=1.00 rootload=1.00
ramon: poll                 wall=04m39.000s usage=04m38.654s user=04m38.080s sys=00.574s mem=90048KiB roottime=278.080s load=1.00 rootload=1.00
ramon: poll                 wall=04m40.000s usage=04m39.654s user=04m39.080s sys=00.574s mem=90048KiB roottime=279.080s load=1.00 rootload=1.00
ramon: poll                 wall=04m41.000s usage=04m40.654s user=04m40.080s sys=00.574s mem=90304KiB roottime=280.080s load=1.00 rootload=1.00
ramon: poll                 wall=04m42.000s usage=04m41.654s user=04m41.079s sys=00.575s mem=90304KiB roottime=281.070s load=1.00 rootload=0.99
ramon: poll                 wall=04m43.000s usage=04m42.653s user=04m42.078s sys=00.576s mem=90304KiB roottime=282.070s load=1.00 rootload=1.00
ramon: poll                 wall=04m44.000s usage=04m43.653s user=04m43.075s sys=00.579s mem=90560KiB roottime=283.070s load=1.00 rootload=1.00
ramon: poll                 wall=04m45.000s usage=04m44.653s user=04m44.074s sys=00.580s mem=90816KiB roottime=284.070s load=1.00 rootload=1.00
ramon: poll                 wall=04m46.000s usage=04m45.653s user=04m45.074s sys=00.580s mem=91072KiB roottime=285.070s load=1.00 rootload=1.00
ramon: poll                 wall=04m47.000s usage=04m46.653s user=04m46.072s sys=00.581s mem=91328KiB roottime=286.070s load=1.00 rootload=1.00
ramon: poll                 wall=04m48.000s usage=04m47.653s user=04m47.072s sys=00.581s mem=91584KiB roottime=287.070s load=1.00 rootload=1.00
ramon: poll                 wall=04m49.000s usage=04m48.653s user=04m48.072s sys=00.581s mem=91584KiB roottime=288.070s load=1.00 rootload=1.00
ramon: poll                 wall=04m50.000s usage=04m49.653s user=04m49.071s sys=00.582s mem=91584KiB roottime=289.070s load=1.00 rootload=1.00
ramon: poll                 wall=04m51.000s usage=04m50.653s user=04m50.071s sys=00.582s mem=92096KiB roottime=290.070s load=1.00 rootload=1.00
ramon: poll                 wall=04m52.000s usage=04m51.653s user=04m51.071s sys=00.582s mem=92352KiB roottime=291.070s load=1.00 rootload=1.00
ramon: poll                 wall=04m53.000s usage=04m52.653s user=04m52.071s sys=00.582s mem=92352KiB roottime=292.070s load=1.00 rootload=1.00
ramon: poll                 wall=04m54.000s usage=04m53.653s user=04m53.071s sys=00.582s mem=92352KiB roottime=293.070s load=1.00 rootload=1.00
ramon: poll                 wall=04m55.000s usage=04m54.653s user=04m54.071s sys=00.582s mem=92352KiB roottime=294.070s load=1.00 rootload=1.00
ramon: poll                 wall=04m56.000s usage=04m55.653s user=04m55.071s sys=00.582s mem=92608KiB roottime=295.070s load=1.00 rootload=1.00
ramon: poll                 wall=04m57.000s usage=04m56.653s user=04m56.071s sys=00.582s mem=92608KiB roottime=296.070s load=1.00 rootload=1.00
ramon: poll                 wall=04m58.000s usage=04m57.652s user=04m57.071s sys=00.582s mem=92608KiB roottime=297.070s load=1.00 rootload=1.00
ramon: poll                 wall=04m59.000s usage=04m58.652s user=04m58.071s sys=00.582s mem=92864KiB roottime=298.070s load=1.00 rootload=1.00
ramon: poll                 wall=05m00.000s usage=04m59.652s user=04m59.070s sys=00.583s mem=93120KiB roottime=299.070s load=1.00 rootload=1.00
ramon: poll                 wall=05m01.000s usage=05m00.652s user=05m00.069s sys=00.583s mem=93120KiB roottime=300.070s load=1.00 rootload=1.00
ramon: poll                 wall=05m02.000s usage=05m01.652s user=05m01.069s sys=00.583s mem=93120KiB roottime=301.070s load=1.00 rootload=1.00
ramon: poll                 wall=05m03.000s usage=05m02.652s user=05m02.069s sys=00.583s mem=93120KiB roottime=302.070s load=1.00 rootload=1.00
ramon: poll                 wall=05m04.000s usage=05m03.652s user=05m03.069s sys=00.583s mem=93120KiB roottime=303.070s load=1.00 rootload=1.00
ramon: poll                 wall=05m05.000s usage=05m04.652s user=05m04.069s sys=00.583s mem=93120KiB roottime=304.070s load=1.00 rootload=1.00
ramon: poll                 wall=05m06.000s usage=05m05.652s user=05m05.069s sys=00.583s mem=93120KiB roottime=305.070s load=1.00 rootload=1.00
ramon: poll                 wall=05m07.000s usage=05m06.652s user=05m06.069s sys=00.583s mem=93120KiB roottime=306.060s load=1.00 rootload=0.99
ramon: poll                 wall=05m08.000s usage=05m07.652s user=05m07.069s sys=00.583s mem=93120KiB roottime=307.060s load=1.00 rootload=1.00
ramon: poll                 wall=05m09.000s usage=05m08.652s user=05m08.069s sys=00.583s mem=93120KiB roottime=308.060s load=1.00 rootload=1.00
ramon: poll                 wall=05m10.000s usage=05m09.652s user=05m09.069s sys=00.583s mem=93120KiB roottime=309.060s load=1.00 rootload=1.00
ramon: poll                 wall=05m11.000s usage=05m10.652s user=05m10.069s sys=00.583s mem=93120KiB roottime=310.060s load=1.00 rootload=1.00
ramon: poll                 wall=05m12.000s usage=05m11.651s user=05m11.069s sys=00.583s mem=93120KiB roottime=311.060s load=1.00 rootload=1.00
ramon: poll                 wall=05m13.000s usage=05m12.651s user=05m12.069s sys=00.583s mem=93120KiB roottime=312.060s load=1.00 rootload=1.00
ramon: poll                 wall=05m14.000s usage=05m13.651s user=05m13.069s sys=00.583s mem=93120KiB roottime=313.060s load=1.00 rootload=1.00
ramon: poll                 wall=05m15.000s usage=05m14.651s user=05m14.069s sys=00.583s mem=93120KiB roottime=314.060s load=1.00 rootload=1.00
ramon: poll                 wall=05m16.000s usage=05m15.651s user=05m15.068s sys=00.583s mem=93120KiB roottime=315.060s load=1.00 rootload=1.00
ramon: poll                 wall=05m17.000s usage=05m16.651s user=05m16.068s sys=00.583s mem=93120KiB roottime=316.060s load=1.00 rootload=1.00
ramon: poll                 wall=05m18.000s usage=05m17.651s user=05m17.068s sys=00.583s mem=93120KiB roottime=317.060s load=1.00 rootload=1.00
ramon: poll                 wall=05m19.000s usage=05m18.651s user=05m18.068s sys=00.583s mem=93120KiB roottime=318.060s load=1.00 rootload=1.00
ramon: poll                 wall=05m20.000s usage=05m19.651s user=05m19.068s sys=00.583s mem=93120KiB roottime=319.060s load=1.00 rootload=1.00
ramon: poll                 wall=05m21.000s usage=05m20.651s user=05m20.068s sys=00.583s mem=93120KiB roottime=320.060s load=1.00 rootload=1.00
ramon: poll                 wall=05m22.000s usage=05m21.651s user=05m21.068s sys=00.583s mem=93120KiB roottime=321.060s load=1.00 rootload=1.00
ramon: poll                 wall=05m23.000s usage=05m22.651s user=05m22.068s sys=00.583s mem=93120KiB roottime=322.060s load=1.00 rootload=1.00
ramon: poll                 wall=05m24.000s usage=05m23.651s user=05m23.068s sys=00.583s mem=93120KiB roottime=323.060s load=1.00 rootload=1.00
ramon: poll                 wall=05m25.000s usage=05m24.651s user=05m24.068s sys=00.583s mem=93376KiB roottime=324.060s load=1.00 rootload=1.00
ramon: poll                 wall=05m26.000s usage=05m25.651s user=05m25.067s sys=00.584s mem=93632KiB roottime=325.060s load=1.00 rootload=1.00
ramon: poll                 wall=05m27.000s usage=05m26.651s user=05m26.063s sys=00.588s mem=93632KiB roottime=326.060s load=1.00 rootload=1.00
ramon: poll                 wall=05m28.000s usage=05m27.651s user=05m27.062s sys=00.589s mem=93888KiB roottime=327.060s load=1.00 rootload=1.00
ramon: poll                 wall=05m29.000s usage=05m28.651s user=05m28.062s sys=00.589s mem=93888KiB roottime=328.060s load=1.00 rootload=1.00
ramon: poll                 wall=05m30.000s usage=05m29.650s user=05m29.061s sys=00.590s mem=92860KiB roottime=329.060s load=1.00 rootload=1.00
ramon: end                  Wed Mar 12 18:07:36 2025
ramon: root.execname        z3
ramon: root.utime           329.070s
ramon: root.stime           0.600s
ramon: group.total          329.682s
ramon: group.utime          329.079s
ramon: group.stime          0.603s
ramon: group.mempeak        94144KiB
ramon: group.pidpeak        2
ramon: status               exited
ramon: exitcode             0
ramon: walltime             330.032s
ramon: loadavg              1.00
