ramon: cwd                  /home/runner/a/_work/z3-poly-testing/z3-poly-testing
ramon: start                Wed Mar 12 18:02:29 2025
ramon: nproc                128
ramon: sys.mem              64150 MiB
ramon: sys.mem.free         17195 MiB
ramon: sys.mem.avail        63658 MiB
ramon: sys.nprocs           3425
ramon: argv                 0 = z3
ramon: argv                 1 = inputs/QF_LIA/n8411-ring_2exp6_4vars_1ite_unsat.smt2
ramon: argv                 2 = -T:600
ramon: argv                 3 = -st
ramon: argv                 4 = smt.arith.lp.dio_eqs=true
ramon: childpid             150682
ramon: end                  Wed Mar 12 18:02:30 2025
ramon: root.execname        z3
ramon: root.utime           0.050s
ramon: root.stime           0.090s
ramon: group.total          0.154s
ramon: group.utime          0.057s
ramon: group.stime          0.097s
ramon: group.mempeak        20256KiB
ramon: group.pidpeak        2
ramon: status               exited
ramon: exitcode             0
ramon: walltime             0.183s
ramon: loadavg              0.84
