ramon: cwd                  /home/runner/a/_work/z3-poly-testing/z3-poly-testing
ramon: start                Thu Mar 27 08:40:44 2025
ramon: nproc                128
ramon: sys.mem              64150 MiB
ramon: sys.mem.free         29957 MiB
ramon: sys.mem.avail        64029 MiB
ramon: sys.nprocs           3105
ramon: argv                 0 = z3
ramon: argv                 1 = /home/runner/a/_work/z3-poly-testing/z3-poly-testing/download/non-incremental/QF_LIA/nec-smt/large/handler_sigchld/prp-20-46.smt2
ramon: argv                 2 = -T:600
ramon: argv                 3 = -st
ramon: argv                 4 = smt.arith.lp.dio_eqs=true
ramon: childpid             1442918
ramon: poll                 wall=01.009s usage=00.979s user=00.851s sys=00.128s mem=22292KiB roottime=0.850s load=0.97 rootload=0.84
ramon: end                  Thu Mar 27 08:40:45 2025
ramon: root.execname        z3
ramon: root.utime           0.910s
ramon: root.stime           0.140s
ramon: group.total          1.056s
ramon: group.utime          0.915s
ramon: group.stime          0.142s
ramon: group.mempeak        22292KiB
ramon: group.pidpeak        2
ramon: status               exited
ramon: exitcode             0
ramon: walltime             1.089s
ramon: loadavg              0.97
