ramon: cwd                  /home/runner/a/_work/z3-poly-testing/z3-poly-testing
ramon: start                Fri Apr  4 21:18:57 2025
ramon: nproc                128
ramon: sys.mem              64150 MiB
ramon: sys.mem.free         37997 MiB
ramon: sys.mem.avail        64059 MiB
ramon: sys.nprocs           3108
ramon: argv                 0 = z3
ramon: argv                 1 = /home/runner/a/_work/z3-poly-testing/z3-poly-testing/download/non-incremental/QF_LIA/bofill-scheduling/SMT_real_LIA/ex7500_2400_100.smt2
ramon: argv                 2 = -T:600
ramon: argv                 3 = -st
ramon: argv                 4 = lp.dio_eqs=true
ramon: argv                 5 = lp.dio_calls_period=4
ramon: childpid             2733756
ramon: poll                 wall=01.004s usage=00.980s user=00.862s sys=00.118s mem=25856KiB roottime=0.860s load=0.98 rootload=0.86
ramon: poll                 wall=02.001s usage=01.975s user=01.851s sys=00.124s mem=26364KiB roottime=1.850s load=1.00 rootload=0.99
ramon: poll                 wall=03.002s usage=02.976s user=02.846s sys=00.130s mem=26884KiB roottime=2.840s load=1.00 rootload=0.99
ramon: end                  Fri Apr  4 21:19:00 2025
ramon: root.execname        z3
ramon: root.utime           2.940s
ramon: root.stime           0.140s
ramon: group.total          3.098s
ramon: group.utime          2.950s
ramon: group.stime          0.148s
ramon: group.mempeak        27140KiB
ramon: group.pidpeak        2
ramon: status               exited
ramon: exitcode             0
ramon: walltime             3.129s
ramon: loadavg              0.99
