ramon: cwd                  /home/runner/a/_work/z3-poly-testing/z3-poly-testing
ramon: start                Fri Mar 21 01:02:17 2025
ramon: nproc                128
ramon: sys.mem              64150 MiB
ramon: sys.mem.free         21435 MiB
ramon: sys.mem.avail        64132 MiB
ramon: sys.nprocs           3877
ramon: argv                 0 = z3
ramon: argv                 1 = /home/runner/a/_work/z3-poly-testing/z3-poly-testing/download/non-incremental/QF_LIA/20220307-SMPT/Diffusion2D-PT-D30N010/RF-10.smt2
ramon: argv                 2 = -T:600
ramon: argv                 3 = -st
ramon: argv                 4 = smt.arith.lp.dio_eqs=true
ramon: childpid             3007778
ramon: end                  Fri Mar 21 01:02:17 2025
ramon: root.execname        z3
ramon: root.utime           0.170s
ramon: root.stime           0.070s
ramon: group.total          0.247s
ramon: group.utime          0.171s
ramon: group.stime          0.076s
ramon: group.mempeak        29272KiB
ramon: group.pidpeak        2
ramon: status               exited
ramon: exitcode             0
ramon: walltime             0.262s
ramon: loadavg              0.94
