ramon: cwd                  /home/gh1/A/_work/z3-poly-testing/z3-poly-testing
ramon: start                Sun Oct 27 22:46:19 2024
ramon: nproc                32
ramon: sys.mem              63442 MiB
ramon: sys.mem.free         34822 MiB
ramon: sys.mem.avail        62198 MiB
ramon: sys.nprocs           1023
ramon: argv                 0 = z3
ramon: argv                 1 = inputs/QF_BV_SAT/102.smt2
ramon: argv                 2 = -T:20
ramon: argv                 3 = -v:2
ramon: argv                 4 = smt.sls.enable=false
ramon: argv                 5 = sat.smt=false
ramon: argv                 6 = -st
ramon: argv                 7 = tactic.default_tactic=(then simplify propagate-values solve-eqs simplify smt)
ramon: argv                 8 = model_validate=true
ramon: childpid             2432904
(smt.searching)
(smt.stats :restarts     :decisions :clauses/bin/units          :simplify   :memory)
(smt.stats        :conflicts    :propagations           :lemmas      :deletions   )
(smt.stats    0      0      0      0 371211/103438/53       0/0     0    0   65.02)
(smt.stats    0    101   5298 118905 371198/103492/1489      47/0     1  407   67.31)
(smt.stats    1    202  12374 677278 371195/103499/1489     141/0     1  407   68.70)
ramon: poll                 wall=1.000s usage=0.997s mem=71204KiB load=1.00 rootload=0.97
(smt.stats    2    313  27574 2309693 370950/103556/1489     195/0     1  407   69.16)
(smt.stats    3    414  29033 2501591 371142/103560/1489     292/0     1  407   69.35)
(smt.stats    4    525  40114 3313358 370931/103565/1489     398/0     1  407   69.83)
ramon: poll                 wall=2.000s usage=1.996s mem=72268KiB load=1.00 rootload=1.00
ramon: poll                 wall=3.000s usage=2.992s mem=72736KiB load=1.00 rootload=0.99
(smt.stats    5    647  62576 5176681 371160/103615/1489     470/0     1  407   70.23)
(smt.stats :restarts :decisions    :clauses/bin/units              :simplify   :memory)
(smt.stats      :conflicts :propagations                 :lemmas      :deletions     )
(smt.stats    6    748  74001 5904643 371065/103635/1489     551/0     1  407   70.42)
ramon: poll                 wall=4.000s usage=3.991s mem=73236KiB load=1.00 rootload=1.00
(smt.stats    7    859  86630 7069564 371186/103674/1489     623/0     1  407   70.52)
(smt.stats    8   1115  91835 7569298 371271/103705/1489     848/0     1  407   70.62)
(smt.stats    9   1216 103294 8216494 371663/103727/1489     927/0     1  407   70.62)
(smt.stats   10   1327 104860 8318548 372257/103728/1489    1037/0     1  407   70.72)
(smt.stats   11   1449 108461 8531487 371151/103741/1489    1146/0     1  407   70.72)
ramon: poll                 wall=5.002s usage=4.994s mem=73520KiB load=1.00 rootload=1.00
(smt.stats :restarts :decisions    :clauses/bin/units              :simplify   :memory)
(smt.stats     :conflicts  :propagations                :lemmas       :deletions     )
(smt.stats   12   1583 114534 9012400 371607/103785/1489    1236/0     1  407   70.72)
(smt.stats   13   1730 125962 9664656 371508/103826/1489    1342/0     1  407   70.81)
(smt.stats   14   1831 129283 9904370 371513/103867/1489    1402/0     1  407   70.91)
(smt.stats   15   1942 132547 10137288 371591/103916/1489    1464/0     1  407   70.91)
(smt.stats   16   2198 138960 10784317 371521/103971/1489    1665/0     1  407   71.11)
ramon: poll                 wall=6.002s usage=5.993s mem=73580KiB load=1.00 rootload=1.00
(smt.stats   17   2345 149022 11383151 371853/103989/1489    1794/0     1  407   71.11)
(smt.stats :restarts :decisions     :clauses/bin/units              :simplify   :memory)
(smt.stats     :conflicts  :propagations                 :lemmas       :deletions     )
(smt.stats   18   2506 155733 11764808 371539/104018/1489    1926/0     1  407   71.11)
(smt.stats   19   2607 161387 12113134 371748/104045/1489    2000/0     1  407   71.20)
(smt.stats   20   2718 163710 12272097 372355/104054/1489    2102/0     1  407   71.20)
(smt.stats   21   2840 165122 12323641 371577/104062/1489    2216/0     1  407   71.20)
(smt.stats   22   2974 165867 12364535 371758/104069/1489    2343/0     1  407   71.30)
(smt.stats   23   3121 169253 12644942 371731/104083/1489    2476/0     1  407   71.91)
ramon: poll                 wall=7.000s usage=6.988s mem=74972KiB load=1.00 rootload=1.00
(smt.stats   24   3282 177956 13211276 371960/104115/1489    2605/0     1  407   72.58)
(smt.stats   25   3459 180110 13749567 371799/104126/1489    2771/0     1  407   72.77)
(smt.stats   26   3560 182329 13950739 371654/104130/1489    2868/0     1  407   72.77)
(smt.stats   27   3671 184596 14194229 371832/104140/1489    2969/0     1  407   72.77)
(smt.stats   28   4074 192257 14803789 371848/104164/1489    3348/0     1  407   72.86)
ramon: poll                 wall=8.000s usage=7.988s mem=75664KiB load=1.00 rootload=0.99
(smt.stats   29   4235 194548 14980360 372800/104165/1489    3508/0     1  407   72.96)
(smt.stats   30   4412 195679 15014093 372141/104175/1489    3675/0     1  407   72.96)
(smt.stats   31   4606 203250 15555909 372423/104176/1489    3868/0     1  407   72.96)
(smt.stats   32   4707 206181 15779368 371971/104182/1489    3963/0     1  407   72.96)
(smt.stats   33   4818 209839 16026862 371929/104188/1489    4068/0     1  407   73.06)
(smt.stats   34   4940 212473 16182532 372403/104203/1489    4175/0     1  407   73.06)
(smt.delete-inactive-clauses  :num-deleted-clauses 211)
(smt.stats   35   5074 214108 16362222 372207/104215/1489    4086/0     1  407   73.06)
(smt.stats   36   5221 217017 16733352 372022/104221/1489    4227/0     1  407   73.06)
ramon: poll                 wall=9.000s usage=8.987s mem=75616KiB load=1.00 rootload=1.00
(smt.stats   37   5382 221755 17199413 371933/104249/1489    4360/0     1  407   73.06)
(smt.stats :restarts :decisions     :clauses/bin/units              :simplify   :memory)
(smt.stats     :conflicts  :propagations                 :lemmas       :deletions     )
(smt.stats   38   5559 222309 17311330 371951/104252/1489    4534/0     1  407   73.06)
(smt.stats   39   5753 225441 17706860 372128/104258/1489    4722/0     1  407   73.06)
(smt.stats   40   5966 227092 17964739 371922/104268/1489    4925/0     1  407   73.06)
(smt.stats   41   6067 228316 18096236 372389/104272/1489    5022/0     1  407   73.15)
(smt.stats   42   6178 239781 18594978 372887/104274/1489    5131/0     1  407   73.25)
ramon: poll                 wall=10.000s usage=9.986s mem=76168KiB load=1.00 rootload=1.00
(smt.stats   43   6300 262448 19157882 373229/104274/1489    5253/0     1  407   73.64)
(smt.stats   44   6434 266633 19297043 372237/104277/1489    5384/0     1  407   73.74)
(smt.stats   45   6742 270895 19618396 372282/104292/1489    5677/0     1  407   73.95)
(smt.stats   46   6919 273886 19871332 372494/104297/1489    5849/0     1  407   73.95)
(smt.stats   47   7113 275372 20100687 372160/104300/1489    6040/0     1  407   74.05)
ramon: poll                 wall=11.000s usage=10.985s mem=77028KiB load=1.00 rootload=0.99
(smt.stats   48   7326 288273 20890130 372146/104316/1489    6237/0     1  407   74.05)
(smt.stats   49   7560 296060 21499498 372180/104348/1489    6439/0     1  407   74.14)
(smt.stats   50   7661 297973 21697078 372255/104349/1489    6539/0     1  407   74.14)
(smt.stats   51   7772 299243 21853116 372377/104358/1489    6641/0     1  407   74.24)
(smt.stats   52   7894 300858 22066727 372267/104358/1489    6763/0     1  407   74.24)
(smt.stats   53   8028 302800 22254995 372128/104362/1489    6893/0     1  407   74.24)
ramon: poll                 wall=12.002s usage=11.988s mem=77348KiB load=1.00 rootload=1.01
(smt.stats   54   8175 320515 23596043 372744/104367/1489    7035/0     1  407   74.43)
(smt.stats   55   8336 328437 23827894 372436/104369/1489    7194/0     1  407   74.72)
(smt.stats   56   8707 335614 24179090 372217/104377/1489    7557/0     1  407   74.82)
(smt.stats   57   8920 338424 24771746 373043/104378/1489    7769/0     1  407   74.91)
(smt.stats :restarts :decisions     :clauses/bin/units              :simplify   :memory)
(smt.stats     :conflicts  :propagations                 :lemmas       :deletions     )
(smt.stats   58   9154 338869 24784784 372259/104382/1489    7999/0     1  407   75.01)
ramon: poll                 wall=13.000s usage=12.984s mem=77992KiB load=1.00 rootload=0.99
(smt.stats   59   9411 342822 25200815 372415/104382/1489    8256/0     1  407   75.01)
(smt.stats   60   9512 343326 25296268 372231/104382/1489    8357/0     1  407   75.10)
(smt.stats   61   9623 348185 25557899 372313/104385/1489    8465/0     1  407   75.10)
(smt.stats   62   9745 351360 25920158 372404/104387/1489    8585/0     1  407   75.10)
(smt.stats   63   9879 355021 26280377 372741/104391/1489    8715/0     1  407   75.10)
(smt.delete-inactive-clauses  :num-deleted-clauses 1797)
(smt.stats   64  10187 359435 27056550 372648/104393/1489    7224/0     1  407   74.91)
(smt.stats   65  10364 362918 27434981 373048/104403/1489    7391/0     1  407   74.91)
ramon: poll                 wall=14.000s usage=13.983s mem=78248KiB load=1.00 rootload=1.00
(smt.stats   66  10558 365870 27808589 372800/104409/1489    7579/0     1  407   75.01)
(smt.stats   67  10771 371431 28990170 372878/104415/1489    7786/0     1  407   75.01)
(smt.stats   68  11005 374009 29302360 372542/104417/1489    8018/0     1  407   75.01)
(smt.stats   69  11262 377218 29721453 372567/104433/1489    8259/0     1  407   75.11)
ramon: poll                 wall=15.000s usage=14.983s mem=78056KiB load=1.00 rootload=1.00
(smt.stats   70  11544 383853 30526621 372716/104445/1489    8529/0     1  407   75.11)
(smt.stats   71  11645 387822 31063873 372730/104448/1489    8627/0     1  407   75.21)
(smt.stats   72  11756 392082 31588360 372645/104452/1489    8734/0     1  407   75.21)
(smt.stats   73  11878 393053 31922000 372484/104452/1489    8856/0     1  407   75.21)
(smt.stats   74  12012 393721 32103180 372451/104459/1489    8983/0     1  407   75.21)
ramon: poll                 wall=16.000s usage=15.982s mem=78424KiB load=1.00 rootload=1.00
(smt.stats   75  12159 398490 32422101 372985/104471/1489    9118/0     1  407   75.30)
(smt.stats   76  12320 399218 32449601 372628/104473/1489    9277/0     1  407   75.30)
(smt.stats   77  12497 402959 32760078 372493/104475/1489    9452/0     1  407   75.40)
(smt.stats :restarts :decisions     :clauses/bin/units              :simplify   :memory)
(smt.stats    :conflicts   :propagations                 :lemmas       :deletions     )
(smt.stats   78  12691 403782 32804266 372662/104477/1489    9644/0     1  407   75.50)
(smt.stats   79  12904 408392 33103490 372994/104478/1489    9856/0     1  407   75.50)
(smt.stats   80  13138 409361 33285190 373093/104483/1489   10085/0     1  407   75.59)
(smt.stats   81  13395 415573 33905104 372552/104487/1489   10338/0     1  407   75.69)
(smt.stats   82  13677 416583 34125807 372703/104495/1489   10612/0     1  407   75.69)
(smt.stats   83  14088 421877 34619505 372551/104505/1489   11013/0     1  407   75.78)
(smt.stats   84  14199 422137 34699517 372531/104506/1489   11123/0     1  407   75.78)
ramon: poll                 wall=17.002s usage=16.985s mem=79076KiB load=1.00 rootload=1.00
(smt.stats   85  14321 423480 34856363 372640/104509/1489   11242/0     1  407   75.88)
(smt.stats   86  14455 424884 34973542 372507/104512/1489   11373/0     1  407   75.88)
(smt.stats   87  14602 426033 35070075 372959/104513/1489   11519/0     1  407   75.97)
(smt.stats   88  14763 428826 35342116 372978/104517/1489   11676/0     1  407   75.97)
(smt.stats   89  14940 431296 35681717 372961/104522/1489   11848/0     1  407   75.97)
(smt.delete-inactive-clauses  :num-deleted-clauses 3878)
(smt.stats   90  16120 432999 36124447 372862/104523/1489    9149/0     1  407   75.69)
(smt.stats   91  16430 438310 36889308 373298/104531/1489    9451/0     1  407   75.69)
ramon: poll                 wall=18.000s usage=17.980s mem=79116KiB load=1.00 rootload=1.00
(smt.stats   92  16770 440965 37397061 373144/104538/1489    9784/0     1  407   75.79)
(smt.stats   93  16871 442521 37607393 373257/104544/1489    9879/0     1  407   75.79)
(smt.stats   94  16982 443758 37698483 373146/104549/1489    9985/0     1  407   75.79)
(smt.stats   95  17238 444966 38089116 373212/104552/1489   10238/0     1  407   75.88)
(smt.stats   96  19553 448076 38444744 373030/104566/1489   12539/0     1  407   76.48)
(smt.delete-inactive-clauses  :num-deleted-clauses 2780)
(smt.stats   97  20879 452507 39640696 372983/104573/1502   11069/0     2  427   76.40)
ramon: poll                 wall=19.000s usage=18.980s mem=79992KiB load=1.00 rootload=1.00
(smt.stats :restarts :decisions     :clauses/bin/units              :simplify   :memory)
(smt.stats    :conflicts   :propagations                :lemmas        :deletions     )
(smt.stats   98  21073 454686 40118139 372961/104577/1502   11259/0     2  427   76.40)
(smt.stats   99  21286 457273 40495011 373036/104581/1502   11468/0     2  427   76.50)
(smt.stats  100  21777 460374 41124235 373125/104590/1502   11950/0     2  427   76.59)
(smt.stats  101  22059 461044 41600838 373705/104592/1502   12230/0     2  427   76.69)
(smt.stats  102  22369 463059 42125102 373011/104592/1502   12540/0     2  427   76.78)
(smt.stats  103  22709 463689 42202167 373261/104593/1502   12879/0     2  427   76.88)
ramon: poll                 wall=20.001s usage=19.979s mem=80188KiB load=1.00 rootload=1.00
ramon: end                  Sun Oct 27 22:46:39 2024
ramon: root.execname        z3
ramon: root.utime           19.950s
ramon: root.stime           0.030s
ramon: group.total          19.993s
ramon: group.utime          19.953s
ramon: group.stime          0.040s
ramon: group.mempeak        80444KiB
ramon: group.pidpeak        2
ramon: status               exited
ramon: exitcode             0
ramon: walltime             20.012s
ramon: loadavg              1.00
