ramon: cwd                  /home/runner/a/_work/z3-poly-testing/z3-poly-testing
ramon: start                Fri Mar 14 19:48:03 2025
ramon: nproc                128
ramon: sys.mem              64150 MiB
ramon: sys.mem.free         31445 MiB
ramon: sys.mem.avail        64030 MiB
ramon: sys.nprocs           3537
ramon: argv                 0 = z3
ramon: argv                 1 = inputs/QF_LIA/FISCHER4-3-fair.smt2
ramon: argv                 2 = -T:600
ramon: argv                 3 = -st
ramon: argv                 4 = smt.arith.lp.dio_eqs=true
ramon: childpid             2393021
ramon: end                  Fri Mar 14 19:48:03 2025
ramon: root.execname        z3
ramon: root.utime           0.030s
ramon: root.stime           0.060s
ramon: group.total          0.095s
ramon: group.utime          0.032s
ramon: group.stime          0.063s
ramon: group.mempeak        20704KiB
ramon: group.pidpeak        2
ramon: status               exited
ramon: exitcode             0
ramon: walltime             0.120s
ramon: loadavg              0.79
