ramon: cwd                  /home/runner/a/_work/z3-poly-testing/z3-poly-testing
ramon: start                Fri Mar 14 19:51:01 2025
ramon: nproc                128
ramon: sys.mem              64150 MiB
ramon: sys.mem.free         29876 MiB
ramon: sys.mem.avail        64030 MiB
ramon: sys.nprocs           3539
ramon: argv                 0 = z3
ramon: argv                 1 = inputs/QF_LIA/prp-33-33.smt2
ramon: argv                 2 = -T:600
ramon: argv                 3 = -st
ramon: argv                 4 = smt.arith.lp.dio_eqs=true
ramon: childpid             2407754
ramon: poll                 wall=01.010s usage=00.976s user=00.913s sys=00.063s mem=24320KiB roottime=0.910s load=0.97 rootload=0.90
ramon: poll                 wall=02.008s usage=01.967s user=01.872s sys=00.096s mem=34640KiB roottime=1.870s load=0.99 rootload=0.96
ramon: poll                 wall=03.005s usage=02.958s user=02.855s sys=00.103s mem=35544KiB roottime=2.850s load=0.99 rootload=0.98
ramon: poll                 wall=04.007s usage=03.958s user=03.853s sys=00.105s mem=35992KiB roottime=3.850s load=1.00 rootload=1.00
ramon: poll                 wall=05.000s usage=04.947s user=04.840s sys=00.108s mem=36380KiB roottime=4.830s load=1.00 rootload=0.99
ramon: poll                 wall=06.007s usage=05.950s user=05.838s sys=00.113s mem=36636KiB roottime=5.830s load=1.00 rootload=0.99
ramon: poll                 wall=07.006s usage=06.945s user=06.827s sys=00.119s mem=37472KiB roottime=6.820s load=1.00 rootload=0.99
ramon: end                  Fri Mar 14 19:51:08 2025
ramon: root.execname        z3
ramon: root.utime           6.910s
ramon: root.stime           0.130s
ramon: group.total          7.042s
ramon: group.utime          6.913s
ramon: group.stime          0.130s
ramon: group.mempeak        38240KiB
ramon: group.pidpeak        2
ramon: status               exited
ramon: exitcode             0
ramon: walltime             7.105s
ramon: loadavg              0.99
