ramon: cwd                  /home/runner/a/_work/z3-poly-testing/z3-poly-testing
ramon: start                Sun Feb  9 12:56:11 2025
ramon: nproc                128
ramon: sys.mem              64150 MiB
ramon: sys.mem.free         30488 MiB
ramon: sys.mem.avail        63853 MiB
ramon: sys.nprocs           2828
ramon: argv                 0 = z3
ramon: argv                 1 = inputs/QF_LIA/n1396-RC-05.smt2
ramon: argv                 2 = -T:600
ramon: argv                 3 = -st
ramon: childpid             2541496
ramon: end                  Sun Feb  9 12:56:11 2025
ramon: root.execname        z3
ramon: root.utime           0.230s
ramon: root.stime           0.040s
ramon: group.total          0.276s
ramon: group.utime          0.233s
ramon: group.stime          0.043s
ramon: group.mempeak        38388KiB
ramon: group.pidpeak        3
ramon: status               exited
ramon: exitcode             0
ramon: walltime             0.296s
ramon: loadavg              0.93
