ramon: cwd                  /home/gh1/A/_work/z3-poly-testing/z3-poly-testing
ramon: start                Sat Feb  1 16:59:18 2025
ramon: nproc                32
ramon: sys.mem              63441 MiB
ramon: sys.mem.free         11579 MiB
ramon: sys.mem.avail        63437 MiB
ramon: sys.nprocs           1554
ramon: argv                 0 = z3
ramon: argv                 1 = inputs/QF_LIA/n6917-prp-48-46.smt2
ramon: argv                 2 = -T:600
ramon: argv                 3 = -st
ramon: childpid             1054629
ramon: poll                 wall=1.000s usage=0.942s mem=91912KiB load=0.94 rootload=0.91
ramon: poll                 wall=2.000s usage=1.941s mem=212MiB load=1.00 rootload=0.94
ramon: poll                 wall=3.000s usage=2.941s mem=246MiB load=1.00 rootload=1.00
ramon: poll                 wall=4.000s usage=3.940s mem=273MiB load=1.00 rootload=1.00
ramon: poll                 wall=5.000s usage=4.940s mem=301MiB load=1.00 rootload=0.99
ramon: poll                 wall=6.000s usage=5.940s mem=596MiB load=1.00 rootload=0.86
ramon: poll                 wall=7.000s usage=6.939s mem=660MiB load=1.00 rootload=0.95
ramon: poll                 wall=8.000s usage=7.939s mem=681MiB load=1.00 rootload=1.00
ramon: poll                 wall=9.000s usage=8.906s mem=719MiB load=0.97 rootload=0.97
ramon: poll                 wall=10.005s usage=9.914s mem=743MiB load=1.00 rootload=1.00
ramon: poll                 wall=11.000s usage=10.906s mem=776MiB load=1.00 rootload=0.99
ramon: poll                 wall=12.000s usage=11.906s mem=804MiB load=1.00 rootload=1.00
ramon: poll                 wall=13.000s usage=12.906s mem=832MiB load=1.00 rootload=0.98
ramon: poll                 wall=14.000s usage=13.908s mem=858MiB load=1.00 rootload=0.98
ramon: poll                 wall=15.000s usage=14.908s mem=892MiB load=1.00 rootload=0.98
ramon: poll                 wall=16.000s usage=15.907s mem=927MiB load=1.00 rootload=0.99
ramon: poll                 wall=17.000s usage=16.906s mem=961MiB load=1.00 rootload=1.00
ramon: poll                 wall=18.005s usage=17.903s mem=992MiB load=0.99 rootload=0.91
ramon: poll                 wall=19.000s usage=18.898s mem=1020MiB load=1.00 rootload=1.01
ramon: poll                 wall=20.001s usage=19.902s mem=1055MiB load=1.00 rootload=1.00
ramon: poll                 wall=21.000s usage=20.896s mem=1732MiB load=1.00 rootload=0.68
ramon: poll                 wall=22.000s usage=21.896s mem=2123MiB load=1.00 rootload=0.89
ramon: poll                 wall=23.077s usage=22.976s mem=2159MiB load=1.00 rootload=1.00
ramon: poll                 wall=24.000s usage=23.896s mem=2187MiB load=1.00 rootload=1.00
ramon: poll                 wall=25.000s usage=24.896s mem=2208MiB load=1.00 rootload=0.99
ramon: poll                 wall=26.029s usage=25.927s mem=2231MiB load=1.00 rootload=1.00
ramon: poll                 wall=27.000s usage=26.897s mem=2253MiB load=1.00 rootload=1.00
ramon: poll                 wall=28.000s usage=27.896s mem=2276MiB load=1.00 rootload=0.99
ramon: poll                 wall=29.000s usage=28.895s mem=2298MiB load=1.00 rootload=1.00
ramon: poll                 wall=30.000s usage=29.894s mem=2343MiB load=1.00 rootload=0.99
ramon: poll                 wall=31.000s usage=30.893s mem=2365MiB load=1.00 rootload=1.00
ramon: poll                 wall=32.000s usage=31.892s mem=2388MiB load=1.00 rootload=0.99
ramon: poll                 wall=33.001s usage=32.892s mem=2410MiB load=1.00 rootload=1.00
ramon: poll                 wall=34.000s usage=33.888s mem=2433MiB load=1.00 rootload=0.99
ramon: poll                 wall=35.000s usage=34.888s mem=2455MiB load=1.00 rootload=1.00
ramon: poll                 wall=36.000s usage=35.888s mem=2477MiB load=1.00 rootload=1.00
ramon: poll                 wall=37.000s usage=36.888s mem=2500MiB load=1.00 rootload=0.99
ramon: poll                 wall=38.000s usage=37.872s mem=2522MiB load=0.98 rootload=0.98
ramon: poll                 wall=39.000s usage=38.871s mem=2545MiB load=1.00 rootload=0.99
ramon: poll                 wall=40.000s usage=39.867s mem=2567MiB load=1.00 rootload=1.00
ramon: poll                 wall=41.000s usage=40.866s mem=2590MiB load=1.00 rootload=1.00
ramon: poll                 wall=42.000s usage=41.866s mem=2612MiB load=1.00 rootload=1.00
ramon: poll                 wall=43.000s usage=42.865s mem=2634MiB load=1.00 rootload=0.99
ramon: poll                 wall=44.000s usage=43.865s mem=2657MiB load=1.00 rootload=1.00
ramon: poll                 wall=45.013s usage=44.879s mem=2679MiB load=1.00 rootload=1.00
ramon: poll                 wall=46.000s usage=45.862s mem=2724MiB load=1.00 rootload=0.99
ramon: poll                 wall=47.000s usage=46.862s mem=2747MiB load=1.00 rootload=1.00
ramon: poll                 wall=48.001s usage=47.861s mem=2769MiB load=1.00 rootload=1.00
ramon: poll                 wall=49.000s usage=48.841s mem=2791MiB load=0.98 rootload=0.98
ramon: poll                 wall=50.029s usage=49.872s mem=2814MiB load=1.00 rootload=0.99
ramon: poll                 wall=51.000s usage=50.839s mem=2814MiB load=1.00 rootload=1.00
ramon: poll                 wall=52.000s usage=51.839s mem=2836MiB load=1.00 rootload=1.00
ramon: poll                 wall=53.000s usage=52.838s mem=2858MiB load=1.00 rootload=0.99
ramon: poll                 wall=54.000s usage=53.838s mem=2881MiB load=1.00 rootload=1.00
ramon: poll                 wall=55.000s usage=54.837s mem=2903MiB load=1.00 rootload=0.99
ramon: poll                 wall=56.000s usage=55.836s mem=2926MiB load=1.00 rootload=0.99
ramon: poll                 wall=57.049s usage=56.757s mem=2948MiB load=0.88 rootload=0.88
ramon: poll                 wall=58.000s usage=57.705s mem=2971MiB load=1.00 rootload=0.99
ramon: poll                 wall=59.000s usage=58.641s mem=2993MiB load=0.94 rootload=0.93
ramon: poll                 wall=60.000s usage=59.616s mem=3015MiB load=0.98 rootload=0.98
ramon: poll                 wall=61.000s usage=60.616s mem=3038MiB load=1.00 rootload=1.00
ramon: poll                 wall=62.009s usage=61.628s mem=3060MiB load=1.00 rootload=1.00
ramon: poll                 wall=63.000s usage=62.616s mem=3083MiB load=1.00 rootload=0.99
ramon: poll                 wall=64.000s usage=63.615s mem=3105MiB load=1.00 rootload=1.00
ramon: poll                 wall=65.000s usage=64.615s mem=3105MiB load=1.00 rootload=1.00
ramon: poll                 wall=66.000s usage=65.615s mem=3127MiB load=1.00 rootload=1.00
ramon: poll                 wall=67.000s usage=66.614s mem=3150MiB load=1.00 rootload=0.99
ramon: poll                 wall=68.000s usage=67.609s mem=3172MiB load=0.99 rootload=1.00
ramon: poll                 wall=69.013s usage=68.624s mem=3195MiB load=1.00 rootload=0.99
ramon: poll                 wall=70.000s usage=69.608s mem=3217MiB load=1.00 rootload=1.00
ramon: poll                 wall=71.000s usage=70.608s mem=3240MiB load=1.00 rootload=0.99
ramon: poll                 wall=72.000s usage=71.608s mem=3262MiB load=1.00 rootload=1.00
ramon: poll                 wall=73.000s usage=72.606s mem=3284MiB load=1.00 rootload=0.98
ramon: poll                 wall=74.000s usage=73.606s mem=3307MiB load=1.00 rootload=0.99
ramon: poll                 wall=75.073s usage=74.682s mem=3329MiB load=1.00 rootload=1.01
ramon: poll                 wall=76.001s usage=75.609s mem=3329MiB load=1.00 rootload=1.00
ramon: poll                 wall=77.000s usage=76.605s mem=3352MiB load=1.00 rootload=0.99
ramon: poll                 wall=78.001s usage=77.608s mem=3783MiB load=1.00 rootload=0.82
ramon: poll                 wall=79.000s usage=78.590s mem=4449MiB load=0.98 rootload=0.74
ramon: poll                 wall=80.000s usage=79.576s mem=5127MiB load=0.99 rootload=0.64
ramon: poll                 wall=81.017s usage=80.596s mem=5864MiB load=1.00 rootload=0.72
ramon: poll                 wall=82.000s usage=81.574s mem=6582MiB load=1.00 rootload=0.72
ramon: poll                 wall=83.000s usage=82.573s mem=7345MiB load=1.00 rootload=0.79
ramon: poll                 wall=84.001s usage=83.497s mem=7497MiB load=0.92 rootload=0.67
ramon: end                  Sat Feb  1 17:00:43 2025
ramon: root.execname        z3
ramon: root.utime           80.650s
ramon: root.stime           3.360s
ramon: group.total          84.018s
ramon: group.utime          80.651s
ramon: group.stime          3.366s
ramon: group.mempeak        7963MiB
ramon: group.pidpeak        2
ramon: status               terminated by signal
[31mramon: signal               9 (SIGKILL Killed)[0m
ramon: core dumped          false
ramon: exitcode             137
ramon: walltime             84.548s
ramon: loadavg              0.99
