ramon: cwd                  /home/gh1/A/_work/z3-poly-testing/z3-poly-testing
ramon: start                Sat Feb  1 16:38:41 2025
ramon: nproc                32
ramon: sys.mem              63441 MiB
ramon: sys.mem.free         3598 MiB
ramon: sys.mem.avail        63439 MiB
ramon: sys.nprocs           1569
ramon: argv                 0 = z3
ramon: argv                 1 = inputs/QF_LIA/n8085-prp-0-50.smt2
ramon: argv                 2 = -T:600
ramon: argv                 3 = -st
ramon: childpid             1004136
ramon: poll                 wall=1.000s usage=0.921s mem=71352KiB load=0.92 rootload=0.89
ramon: poll                 wall=2.000s usage=1.885s mem=127MiB load=0.96 rootload=0.95
ramon: poll                 wall=3.000s usage=2.885s mem=248MiB load=1.00 rootload=0.98
ramon: poll                 wall=4.000s usage=3.813s mem=247MiB load=0.93 rootload=0.92
ramon: poll                 wall=5.023s usage=4.810s mem=247MiB load=0.97 rootload=0.98
ramon: poll                 wall=6.000s usage=5.786s mem=247MiB load=1.00 rootload=1.00
ramon: poll                 wall=7.000s usage=6.785s mem=247MiB load=1.00 rootload=1.00
ramon: poll                 wall=8.000s usage=7.784s mem=247MiB load=1.00 rootload=1.00
ramon: poll                 wall=9.015s usage=8.800s mem=247MiB load=1.00 rootload=1.00
ramon: poll                 wall=10.000s usage=9.783s mem=247MiB load=1.00 rootload=0.99
ramon: poll                 wall=11.000s usage=10.783s mem=247MiB load=1.00 rootload=1.00
ramon: poll                 wall=12.000s usage=11.746s mem=247MiB load=0.96 rootload=0.95
ramon: poll                 wall=13.000s usage=12.746s mem=247MiB load=1.00 rootload=1.00
ramon: poll                 wall=14.000s usage=13.745s mem=247MiB load=1.00 rootload=1.00
ramon: poll                 wall=15.000s usage=14.745s mem=247MiB load=1.00 rootload=1.00
ramon: poll                 wall=16.000s usage=15.745s mem=247MiB load=1.00 rootload=1.00
ramon: poll                 wall=17.000s usage=16.738s mem=247MiB load=0.99 rootload=0.99
ramon: poll                 wall=18.003s usage=17.697s mem=247MiB load=0.96 rootload=0.96
ramon: poll                 wall=19.000s usage=18.693s mem=247MiB load=1.00 rootload=0.99
ramon: poll                 wall=20.000s usage=19.692s mem=247MiB load=1.00 rootload=1.00
ramon: poll                 wall=21.035s usage=20.728s mem=247MiB load=1.00 rootload=1.01
ramon: poll                 wall=22.000s usage=21.692s mem=247MiB load=1.00 rootload=0.99
ramon: poll                 wall=23.000s usage=22.691s mem=247MiB load=1.00 rootload=1.00
ramon: poll                 wall=24.000s usage=23.691s mem=247MiB load=1.00 rootload=1.00
ramon: poll                 wall=25.000s usage=24.690s mem=247MiB load=1.00 rootload=1.00
ramon: poll                 wall=26.000s usage=25.655s mem=247MiB load=0.97 rootload=0.97
ramon: poll                 wall=27.019s usage=26.675s mem=247MiB load=1.00 rootload=1.00
ramon: poll                 wall=28.051s usage=27.707s mem=247MiB load=1.00 rootload=1.00
ramon: poll                 wall=29.000s usage=28.655s mem=247MiB load=1.00 rootload=1.00
ramon: poll                 wall=30.000s usage=29.652s mem=247MiB load=1.00 rootload=0.99
ramon: poll                 wall=31.000s usage=30.639s mem=248MiB load=0.99 rootload=0.96
ramon: poll                 wall=32.000s usage=31.639s mem=248MiB load=1.00 rootload=1.00
ramon: poll                 wall=33.000s usage=32.639s mem=248MiB load=1.00 rootload=1.00
ramon: poll                 wall=34.000s usage=33.639s mem=248MiB load=1.00 rootload=1.00
ramon: poll                 wall=35.000s usage=34.639s mem=248MiB load=1.00 rootload=1.00
ramon: poll                 wall=36.000s usage=35.638s mem=248MiB load=1.00 rootload=1.00
ramon: poll                 wall=37.000s usage=36.631s mem=247MiB load=0.99 rootload=0.99
ramon: poll                 wall=38.007s usage=37.639s mem=247MiB load=1.00 rootload=1.00
ramon: poll                 wall=39.000s usage=38.631s mem=247MiB load=1.00 rootload=1.00
ramon: poll                 wall=40.000s usage=39.630s mem=247MiB load=1.00 rootload=1.00
ramon: poll                 wall=41.000s usage=40.596s mem=248MiB load=0.97 rootload=0.96
ramon: poll                 wall=42.000s usage=41.595s mem=248MiB load=1.00 rootload=1.00
ramon: poll                 wall=43.007s usage=42.603s mem=248MiB load=1.00 rootload=1.00
ramon: poll                 wall=44.003s usage=43.599s mem=248MiB load=1.00 rootload=0.99
ramon: poll                 wall=45.000s usage=44.594s mem=248MiB load=1.00 rootload=1.00
ramon: poll                 wall=46.000s usage=45.594s mem=248MiB load=1.00 rootload=1.00
ramon: poll                 wall=47.000s usage=46.592s mem=247MiB load=1.00 rootload=0.99
ramon: poll                 wall=48.000s usage=47.592s mem=247MiB load=1.00 rootload=1.00
ramon: poll                 wall=49.000s usage=48.592s mem=247MiB load=1.00 rootload=1.00
ramon: poll                 wall=50.015s usage=49.608s mem=247MiB load=1.00 rootload=1.01
ramon: poll                 wall=51.000s usage=50.591s mem=247MiB load=1.00 rootload=0.99
ramon: poll                 wall=52.000s usage=51.591s mem=247MiB load=1.00 rootload=1.00
ramon: poll                 wall=53.000s usage=52.591s mem=247MiB load=1.00 rootload=1.00
ramon: poll                 wall=54.099s usage=53.691s mem=247MiB load=1.00 rootload=1.00
ramon: poll                 wall=55.000s usage=54.590s mem=247MiB load=1.00 rootload=1.00
ramon: poll                 wall=56.000s usage=55.590s mem=247MiB load=1.00 rootload=1.00
ramon: poll                 wall=57.000s usage=56.590s mem=247MiB load=1.00 rootload=1.00
ramon: poll                 wall=58.000s usage=57.589s mem=247MiB load=1.00 rootload=1.00
ramon: poll                 wall=59.000s usage=58.588s mem=247MiB load=1.00 rootload=1.00
ramon: poll                 wall=60.000s usage=59.587s mem=247MiB load=1.00 rootload=1.00
ramon: poll                 wall=61.000s usage=60.585s mem=247MiB load=1.00 rootload=1.00
ramon: poll                 wall=62.000s usage=61.534s mem=248MiB load=0.95 rootload=0.94
ramon: poll                 wall=63.000s usage=62.392s mem=248MiB load=0.86 rootload=0.86
ramon: poll                 wall=64.000s usage=63.392s mem=248MiB load=1.00 rootload=1.00
ramon: poll                 wall=65.000s usage=64.392s mem=248MiB load=1.00 rootload=0.99
ramon: poll                 wall=66.000s usage=65.391s mem=248MiB load=1.00 rootload=1.00
ramon: poll                 wall=67.000s usage=66.391s mem=248MiB load=1.00 rootload=1.00
ramon: poll                 wall=68.000s usage=67.390s mem=248MiB load=1.00 rootload=1.00
ramon: poll                 wall=69.000s usage=68.388s mem=247MiB load=1.00 rootload=1.00
ramon: poll                 wall=70.000s usage=69.387s mem=247MiB load=1.00 rootload=1.00
ramon: poll                 wall=71.000s usage=70.385s mem=247MiB load=1.00 rootload=1.00
ramon: poll                 wall=72.000s usage=71.355s mem=248MiB load=0.97 rootload=0.97
ramon: poll                 wall=73.000s usage=72.354s mem=248MiB load=1.00 rootload=1.00
ramon: poll                 wall=74.000s usage=73.354s mem=248MiB load=1.00 rootload=1.00
ramon: poll                 wall=75.000s usage=74.354s mem=248MiB load=1.00 rootload=1.00
ramon: poll                 wall=76.015s usage=75.370s mem=248MiB load=1.00 rootload=1.00
ramon: poll                 wall=77.000s usage=76.354s mem=248MiB load=1.00 rootload=1.00
ramon: poll                 wall=78.000s usage=77.354s mem=248MiB load=1.00 rootload=1.00
ramon: poll                 wall=79.000s usage=78.343s mem=248MiB load=0.99 rootload=0.98
ramon: poll                 wall=80.000s usage=79.341s mem=248MiB load=1.00 rootload=1.00
ramon: poll                 wall=81.000s usage=80.341s mem=248MiB load=1.00 rootload=1.00
ramon: poll                 wall=82.000s usage=81.341s mem=248MiB load=1.00 rootload=1.00
ramon: poll                 wall=83.000s usage=82.338s mem=248MiB load=1.00 rootload=1.00
ramon: poll                 wall=84.000s usage=83.338s mem=248MiB load=1.00 rootload=1.00
ramon: poll                 wall=85.011s usage=84.349s mem=248MiB load=1.00 rootload=1.00
ramon: poll                 wall=86.000s usage=85.337s mem=248MiB load=1.00 rootload=1.00
ramon: poll                 wall=87.000s usage=86.331s mem=249MiB load=0.99 rootload=0.98
ramon: poll                 wall=88.000s usage=87.331s mem=249MiB load=1.00 rootload=1.00
ramon: poll                 wall=89.019s usage=88.351s mem=249MiB load=1.00 rootload=1.00
ramon: poll                 wall=90.000s usage=89.330s mem=249MiB load=1.00 rootload=1.00
ramon: poll                 wall=91.000s usage=90.329s mem=249MiB load=1.00 rootload=1.00
ramon: poll                 wall=92.000s usage=91.328s mem=249MiB load=1.00 rootload=1.00
ramon: poll                 wall=93.000s usage=92.327s mem=249MiB load=1.00 rootload=1.00
ramon: poll                 wall=94.000s usage=93.326s mem=249MiB load=1.00 rootload=1.00
ramon: poll                 wall=95.031s usage=94.358s mem=249MiB load=1.00 rootload=1.00
ramon: poll                 wall=96.011s usage=95.338s mem=249MiB load=1.00 rootload=1.00
ramon: poll                 wall=97.000s usage=96.325s mem=249MiB load=1.00 rootload=1.00
ramon: poll                 wall=98.000s usage=97.238s mem=248MiB load=0.91 rootload=0.90
ramon: poll                 wall=99.000s usage=98.237s mem=248MiB load=1.00 rootload=1.00
ramon: poll                 wall=100.000s usage=99.237s mem=248MiB load=1.00 rootload=1.00
ramon: poll                 wall=101.000s usage=100.237s mem=248MiB load=1.00 rootload=1.00
ramon: poll                 wall=102.000s usage=101.235s mem=248MiB load=1.00 rootload=0.99
ramon: poll                 wall=103.003s usage=102.219s mem=248MiB load=0.98 rootload=0.99
ramon: poll                 wall=104.000s usage=103.215s mem=248MiB load=1.00 rootload=0.99
ramon: poll                 wall=105.000s usage=104.215s mem=248MiB load=1.00 rootload=1.00
ramon: poll                 wall=106.000s usage=105.215s mem=248MiB load=1.00 rootload=1.00
ramon: poll                 wall=107.000s usage=106.215s mem=248MiB load=1.00 rootload=1.00
ramon: poll                 wall=108.001s usage=107.214s mem=248MiB load=1.00 rootload=1.00
ramon: poll                 wall=109.000s usage=108.214s mem=248MiB load=1.00 rootload=1.00
ramon: poll                 wall=110.003s usage=109.217s mem=248MiB load=1.00 rootload=1.01
ramon: poll                 wall=111.000s usage=110.213s mem=248MiB load=1.00 rootload=0.99
ramon: poll                 wall=112.000s usage=111.213s mem=248MiB load=1.00 rootload=1.00
ramon: poll                 wall=113.000s usage=112.213s mem=248MiB load=1.00 rootload=1.00
ramon: poll                 wall=114.000s usage=113.212s mem=248MiB load=1.00 rootload=1.00
ramon: poll                 wall=115.000s usage=114.161s mem=248MiB load=0.95 rootload=0.95
ramon: poll                 wall=116.000s usage=115.160s mem=248MiB load=1.00 rootload=1.00
ramon: poll                 wall=117.000s usage=116.159s mem=248MiB load=1.00 rootload=1.00
ramon: poll                 wall=118.000s usage=117.157s mem=248MiB load=1.00 rootload=1.00
ramon: poll                 wall=119.000s usage=118.155s mem=248MiB load=1.00 rootload=0.99
[31mramon: msg                  Wall clock time limit reached[0m
ramon: poll                 wall=120.003s usage=119.157s mem=248MiB load=1.00 rootload=1.01
ramon: end                  Sat Feb  1 16:40:41 2025
ramon: root.execname        z3
ramon: root.utime           119.000s
ramon: root.stime           0.160s
ramon: group.total          119.171s
ramon: group.utime          119.003s
ramon: group.stime          0.168s
ramon: group.mempeak        249MiB
ramon: group.pidpeak        2
ramon: status               terminated by signal
[31mramon: signal               15 (SIGTERM Terminated)[0m
ramon: core dumped          false
ramon: exitcode             143
ramon: walltime             120.035s
ramon: loadavg              0.99
