ramon: cwd                  /home/gh1/A/_work/z3-poly-testing/z3-poly-testing
ramon: start                Sun Feb  2 14:18:08 2025
ramon: nproc                32
ramon: sys.mem              63441 MiB
ramon: sys.mem.free         32421 MiB
ramon: sys.mem.avail        59568 MiB
ramon: sys.nprocs           1281
ramon: argv                 0 = z3
ramon: argv                 1 = inputs/QF_LIA/convert-jpg2gif-query-1538.smt2
ramon: argv                 2 = -T:600
ramon: argv                 3 = -st
ramon: childpid             1734282
ramon: poll                 wall=1.000s usage=0.888s mem=27628KiB load=0.89 rootload=0.88
ramon: poll                 wall=2.000s usage=1.888s mem=27628KiB load=1.00 rootload=1.00
ramon: poll                 wall=3.000s usage=2.887s mem=40552KiB load=1.00 rootload=0.98
ramon: end                  Sun Feb  2 14:18:11 2025
ramon: root.execname        z3
ramon: root.utime           3.210s
ramon: root.stime           0.020s
ramon: group.total          3.237s
ramon: group.utime          3.213s
ramon: group.stime          0.024s
ramon: group.mempeak        47852KiB
ramon: group.pidpeak        3
ramon: status               exited
ramon: exitcode             0
ramon: walltime             3.348s
ramon: loadavg              0.97
