ramon: cwd                  /home/gh1/A/_work/z3-poly-testing/z3-poly-testing
ramon: start                Sun Feb  2 14:12:11 2025
ramon: nproc                32
ramon: sys.mem              63441 MiB
ramon: sys.mem.free         34107 MiB
ramon: sys.mem.avail        59569 MiB
ramon: sys.nprocs           1268
ramon: argv                 0 = z3
ramon: argv                 1 = inputs/QF_LIA/prp-47-42.smt2
ramon: argv                 2 = -T:600
ramon: argv                 3 = -st
ramon: childpid             1704224
ramon: poll                 wall=1.000s usage=0.911s mem=50632KiB load=0.91 rootload=0.89
ramon: poll                 wall=2.000s usage=1.911s mem=52124KiB load=1.00 rootload=1.00
ramon: poll                 wall=3.000s usage=2.910s mem=52824KiB load=1.00 rootload=1.00
ramon: poll                 wall=4.000s usage=3.909s mem=53444KiB load=1.00 rootload=0.99
ramon: poll                 wall=5.000s usage=4.909s mem=53724KiB load=1.00 rootload=1.00
ramon: poll                 wall=6.000s usage=5.908s mem=53980KiB load=1.00 rootload=1.00
ramon: poll                 wall=7.000s usage=6.908s mem=54492KiB load=1.00 rootload=1.00
ramon: poll                 wall=8.000s usage=7.908s mem=54748KiB load=1.00 rootload=1.00
ramon: poll                 wall=9.000s usage=8.908s mem=55592KiB load=1.00 rootload=1.00
ramon: poll                 wall=10.000s usage=9.908s mem=56104KiB load=1.00 rootload=1.00
ramon: poll                 wall=11.000s usage=10.908s mem=56360KiB load=1.00 rootload=1.00
ramon: poll                 wall=12.000s usage=11.907s mem=57384KiB load=1.00 rootload=1.00
ramon: poll                 wall=13.000s usage=12.907s mem=58408KiB load=1.00 rootload=1.00
ramon: poll                 wall=14.000s usage=13.907s mem=59432KiB load=1.00 rootload=1.00
ramon: poll                 wall=15.000s usage=14.906s mem=59688KiB load=1.00 rootload=1.00
ramon: poll                 wall=16.000s usage=15.906s mem=60200KiB load=1.00 rootload=1.00
ramon: poll                 wall=17.000s usage=16.906s mem=60712KiB load=1.00 rootload=0.99
ramon: poll                 wall=18.000s usage=17.906s mem=60712KiB load=1.00 rootload=1.00
ramon: poll                 wall=19.000s usage=18.906s mem=61480KiB load=1.00 rootload=1.00
ramon: poll                 wall=20.000s usage=19.906s mem=61736KiB load=1.00 rootload=1.00
ramon: poll                 wall=21.000s usage=20.906s mem=61992KiB load=1.00 rootload=1.00
ramon: poll                 wall=22.000s usage=21.901s mem=62088KiB load=1.00 rootload=1.00
ramon: poll                 wall=23.001s usage=22.904s mem=62416KiB load=1.00 rootload=1.00
ramon: poll                 wall=24.017s usage=23.920s mem=62872KiB load=1.00 rootload=0.99
ramon: poll                 wall=25.001s usage=24.903s mem=63360KiB load=1.00 rootload=1.01
ramon: poll                 wall=26.001s usage=25.903s mem=63380KiB load=1.00 rootload=1.00
ramon: poll                 wall=27.009s usage=26.910s mem=63704KiB load=1.00 rootload=0.99
ramon: poll                 wall=28.000s usage=27.898s mem=63908KiB load=1.00 rootload=1.00
ramon: poll                 wall=29.000s usage=28.898s mem=64420KiB load=1.00 rootload=1.00
ramon: poll                 wall=30.000s usage=29.901s mem=64792KiB load=1.00 rootload=1.00
ramon: poll                 wall=31.000s usage=30.899s mem=65688KiB load=1.00 rootload=1.00
ramon: poll                 wall=32.000s usage=31.897s mem=65704KiB load=1.00 rootload=1.00
ramon: poll                 wall=33.000s usage=32.896s mem=65984KiB load=1.00 rootload=1.00
ramon: poll                 wall=34.009s usage=33.904s mem=66412KiB load=1.00 rootload=1.00
ramon: poll                 wall=35.000s usage=34.894s mem=66720KiB load=1.00 rootload=1.00
ramon: end                  Sun Feb  2 14:12:46 2025
ramon: root.execname        z3
ramon: root.utime           35.170s
ramon: root.stime           0.030s
ramon: group.total          35.209s
ramon: group.utime          35.173s
ramon: group.stime          0.036s
ramon: group.mempeak        66976KiB
ramon: group.pidpeak        2
ramon: status               exited
ramon: exitcode             0
ramon: walltime             35.316s
ramon: loadavg              1.00
