ramon: cwd                  /home/runner/a/_work/z3-poly-testing/z3-poly-testing
ramon: start                Tue Mar 18 20:34:37 2025
ramon: nproc                128
ramon: sys.mem              64150 MiB
ramon: sys.mem.free         16801 MiB
ramon: sys.mem.avail        64132 MiB
ramon: sys.nprocs           3846
ramon: argv                 0 = z3
ramon: argv                 1 = /home/runner/a/_work/z3-poly-testing/z3-poly-testing/download/non-incremental/QF_LIA/20220307-SMPT/RwMutex-PT-r0500w0010/RC-15.smt2
ramon: argv                 2 = -T:600
ramon: argv                 3 = -st
ramon: argv                 4 = smt.arith.lp.dio_eqs=false
ramon: childpid             2074234
ramon: poll                 wall=01.021s usage=01.007s user=00.860s sys=00.147s mem=39908KiB roottime=0.850s load=0.99 rootload=0.83
ramon: end                  Tue Mar 18 20:34:39 2025
ramon: root.execname        z3
ramon: root.utime           1.410s
ramon: root.stime           0.210s
ramon: group.total          1.625s
ramon: group.utime          1.414s
ramon: group.stime          0.211s
ramon: group.mempeak        54372KiB
ramon: group.pidpeak        2
ramon: status               exited
ramon: exitcode             0
ramon: walltime             1.643s
ramon: loadavg              0.99
