ramon: cwd                  /home/runner/a/_work/z3-poly-testing/z3-poly-testing
ramon: start                Fri Mar 21 01:22:40 2025
ramon: nproc                128
ramon: sys.mem              64150 MiB
ramon: sys.mem.free         23766 MiB
ramon: sys.mem.avail        64117 MiB
ramon: sys.nprocs           3761
ramon: argv                 0 = z3
ramon: argv                 1 = /home/runner/a/_work/z3-poly-testing/z3-poly-testing/download/non-incremental/QF_LIA/rings/ring_2exp12_9vars_4ite_unsat.smt2
ramon: argv                 2 = -T:600
ramon: argv                 3 = -st
ramon: argv                 4 = smt.arith.lp.dio_eqs=true
ramon: childpid             3100629
ramon: poll                 wall=01.000s usage=00.857s user=00.812s sys=00.045s mem=21356KiB roottime=0.810s load=0.86 rootload=0.81
ramon: poll                 wall=02.000s usage=01.842s user=01.795s sys=00.047s mem=21452KiB roottime=1.790s load=0.99 rootload=0.98
ramon: poll                 wall=03.005s usage=02.835s user=02.787s sys=00.049s mem=21484KiB roottime=2.780s load=0.99 rootload=0.99
ramon: end                  Fri Mar 21 01:22:43 2025
ramon: root.execname        z3
ramon: root.utime           2.880s
ramon: root.stime           0.060s
ramon: group.total          2.948s
ramon: group.utime          2.890s
ramon: group.stime          0.058s
ramon: group.mempeak        21740KiB
ramon: group.pidpeak        3
ramon: status               exited
ramon: exitcode             0
ramon: walltime             3.120s
ramon: loadavg              0.95
