ramon: cwd                  /home/gh1/A/_work/z3-poly-testing/z3-poly-testing
ramon: start                Sat Nov 23 09:29:00 2024
ramon: nproc                32
ramon: sys.mem              63442 MiB
ramon: sys.mem.free         28087 MiB
ramon: sys.mem.avail        62057 MiB
ramon: sys.nprocs           2162
ramon: argv                 0 = z3
ramon: argv                 1 = inputs/QF_LIA/FISCHER9-10-fair.smt2
ramon: argv                 2 = -T:20
ramon: argv                 3 = -v:2
ramon: childpid             306199
(smt.searching)
(smt.stats :restarts     :decisions :clauses/bin/units      :simplify   :memory)
(smt.stats        :conflicts    :propagations       :lemmas      :deletions   )
(smt.stats    0      0      0      0  8101/6037/0       0/0     0    0   23.97)
(smt.stats    0    101   1202   5429  8444/6389/47     187/0     1    9   24.76)
(smt.stats    1    252   1925  11458  8443/6392/51     380/0     3   14   24.96)
(smt.stats    2    478   2999  21604  8444/6393/52     605/0     4   15   25.06)
(smt.stats    3    816   5203  34591  8446/6395/54     955/0     6   16   25.15)
(smt.stats    4   1322   8021  54493  8449/6402/66    1555/3     7   22   25.15)
(smt.stats    5   2080  11741  92589  8459/6412/74    2482/11     9   32   25.35)
(smt.stats :restarts :decisions    :clauses/bin/units        :simplify    :memory)
(smt.stats     :conflicts  :propagations          :lemmas         :deletions    )
(smt.stats    6   3216  14634 177567  8479/6432/88    3976/15    12   51   25.64)
ramon: end                  Sat Nov 23 09:29:00 2024
ramon: root.execname        z3
ramon: root.utime           0.270s
ramon: root.stime           0.000s
ramon: group.total          0.277s
ramon: group.utime          0.277s
ramon: group.stime          0.000s
ramon: group.mempeak        27252KiB
ramon: group.pidpeak        2
ramon: status               exited
ramon: exitcode             0
ramon: walltime             0.278s
ramon: loadavg              1.00
