ramon: cwd                  /home/gh1/A/_work/z3-poly-testing/z3-poly-testing
ramon: start                Sat Nov 23 09:28:05 2024
ramon: nproc                32
ramon: sys.mem              63442 MiB
ramon: sys.mem.free         29127 MiB
ramon: sys.mem.avail        62058 MiB
ramon: sys.nprocs           2169
ramon: argv                 0 = z3
ramon: argv                 1 = inputs/QF_LIA/n2600-RC-00.smt2
ramon: argv                 2 = -T:20
ramon: argv                 3 = -v:2
ramon: childpid             292763
(smt.searching)
(smt.stats :restarts     :decisions   :clauses/bin/units  :simplify   :memory)
(smt.stats        :conflicts    :propagations     :lemmas      :deletions   )
(smt.stats    0      0      0      0     2/2/43       0/0     0    0   18.51)
(smt.stats    0      0      2      0     2/2/43       0/0     0    0   18.51)
ramon: end                  Sat Nov 23 09:28:05 2024
ramon: root.execname        z3
ramon: root.utime           0.010s
ramon: root.stime           0.000s
ramon: group.total          0.013s
ramon: group.utime          0.013s
ramon: group.stime          0.000s
ramon: group.mempeak        19708KiB
ramon: group.pidpeak        2
ramon: status               exited
ramon: exitcode             0
ramon: walltime             0.013s
ramon: loadavg              0.95
