ramon: cwd                  /home/gh1/A/_work/z3-poly-testing/z3-poly-testing
ramon: start                Sat Nov 23 09:20:43 2024
ramon: nproc                32
ramon: sys.mem              63442 MiB
ramon: sys.mem.free         27627 MiB
ramon: sys.mem.avail        62061 MiB
ramon: sys.nprocs           2142
ramon: argv                 0 = z3
ramon: argv                 1 = inputs/QF_LIA/n7365-prp-73-50.smt2
ramon: argv                 2 = -T:20
ramon: argv                 3 = -v:2
ramon: childpid             176117
ramon: poll                 wall=1.000s usage=0.878s mem=24228KiB load=0.88 rootload=0.87
ramon: poll                 wall=2.000s usage=1.853s mem=26112KiB load=0.97 rootload=0.98
ramon: poll                 wall=3.000s usage=2.851s mem=27260KiB load=1.00 rootload=1.00
ramon: poll                 wall=4.000s usage=3.851s mem=28540KiB load=1.00 rootload=1.00
ramon: poll                 wall=5.000s usage=4.851s mem=29052KiB load=1.00 rootload=0.99
ramon: poll                 wall=6.000s usage=5.851s mem=31100KiB load=1.00 rootload=1.00
ramon: poll                 wall=7.000s usage=6.851s mem=32636KiB load=1.00 rootload=1.00
ramon: poll                 wall=8.000s usage=7.850s mem=33916KiB load=1.00 rootload=1.00
ramon: poll                 wall=9.005s usage=8.858s mem=34768KiB load=1.00 rootload=1.00
ramon: poll                 wall=10.001s usage=9.854s mem=43852KiB load=1.00 rootload=0.99
ramon: poll                 wall=11.000s usage=10.850s mem=54728KiB load=1.00 rootload=0.99
(smt.searching)
(smt.stats :restarts     :decisions :clauses/bin/units         :simplify  :memory)
(smt.stats        :conflicts    :propagations          :lemmas      :deletions   )
(smt.stats    0      0      0      0 967602/935381/0       0/0     0    0  147.94)
(smt.stats    0    101   2024  16428 967753/935514/198     104/25     1    4  149.69)
(smt.stats    1    202   7186  60160 967889/935634/207     201/49     1    4  149.88)
ramon: poll                 wall=12.000s usage=11.850s mem=150MiB load=1.00 rootload=0.98
(smt.stats    2    313  11175  88467 967921/935658/1686     299/63     1    4  150.08)
(smt.stats    3    414  12089 100023 967921/935658/2399     365/88     1    4  150.27)
(smt.stats    4    525  13394 115770 967925/935661/2919     441/127     1    4  150.46)
(smt.stats    5    647  15549 152699 964258/935664/3347     371/132     2 3859  150.66)
(smt.stats :restarts :decisions   :clauses/bin/units                :simplify  :memory)
(smt.stats      :conflicts :propagations                :lemmas       :deletions      )
(smt.stats    6    748  16508 168933 964263/935667/3714     464/172     2 3859  150.66)
(smt.stats    7    859  18018 210712 964275/935674/3757     624/226     2 3859  150.85)
(smt.stats    8    984  19788 239236 964337/935725/4340     742/279     2 3859  151.05)
(smt.stats    9   1118  20953 259793 964372/935752/4803     856/305     2 3859  151.24)
(smt.stats   10   1219  21906 278239 962891/935770/5322     774/325     3 5539  151.33)
(smt.stats   11   1330  22810 301974 962895/935773/5599     903/351     3 5539  151.43)
(smt.stats   12   1452  36600 337718 962942/935791/5615    1044/373     3 5539  153.70)
(smt.stats   13   1586  38317 378412 962212/935881/5931    1157/389     4 6438  153.90)
(smt.stats   14   1733  39878 402163 962299/935950/5969    1331/427     4 6438  153.99)
ramon: poll                 wall=13.000s usage=12.850s mem=154MiB load=1.00 rootload=1.00
(smt.stats   15   1834  41332 425652 961975/935963/5999    1332/474     5 6879  154.09)
(smt.stats   16   1945  42183 454798 961976/935963/6002    1515/496     5 6879  154.18)
(smt.stats   17   2067  81789 520328 961986/935969/6002    1667/520     5 6879  154.28)
(smt.stats   18   2201  83672 550743 962023/936007/6006    1799/575     6 6890  154.28)
(smt.stats   19   2348  99130 604212 962045/936021/6018    1964/592     6 6890  154.96)
(smt.stats :restarts :decisions   :clauses/bin/units                :simplify  :memory)
(smt.stats     :conflicts  :propagations               :lemmas        :deletions      )
(smt.stats   20   2509 102481 633144 962137/936097/6018    2125/650     6 6890  155.06)
(smt.stats   21   2610 103858 665247 962145/936103/6048    2225/657     6 6890  155.06)
(smt.stats   22   2721 104636 699252 962102/936106/6049    2320/692     7 6952  155.16)
(smt.stats   23   2843 105390 717808 962102/936106/6050    2485/734     7 6952  155.16)
(smt.stats   24   2977 109011 755528 962111/936108/6070    2622/759     7 6952  155.25)
ramon: poll                 wall=14.000s usage=13.850s mem=155MiB load=1.00 rootload=1.00
(smt.stats   25   3124 110167 785047 962127/936138/6076    2760/799     8 6975  155.35)
(smt.stats   26   3285 112881 826956 962147/936153/6081    2928/813     8 6975  155.44)
(smt.stats   27   3462 113392 869586 962166/936168/6085    3107/828     8 6975  155.54)
(smt.stats   28   3563 115079 897123 962182/936183/6589    3233/841     9 6985  155.54)
(smt.stats   29   3674 115669 918577 962186/936186/6589    3345/892     9 6985  155.63)
(smt.stats   30   3796 116721 954248 962187/936186/6589    3475/926     9 6985  155.63)
(smt.stats   31   3930 118225 985756 961723/936198/6596    3310/935    10 7761  155.63)
(smt.stats :restarts :decisions    :clauses/bin/units               :simplify   :memory)
(smt.stats     :conflicts  :propagations                :lemmas        :deletions      )
(smt.stats   32   4077 118796 1026846 961733/936206/6613    3470/952    10 7761  156.07)
(smt.stats   33   4238 119385 1062942 961764/936230/6613    3686/994    10 7761  156.07)
(smt.stats   34   4415 121811 1100428 961748/936231/6614    3842/1133    11 7813  156.17)
ramon: poll                 wall=15.001s usage=14.854s mem=155MiB load=1.00 rootload=1.00
(smt.stats   35   4609 199325 1205767 961760/936236/6689    4036/1180    11 7813  156.17)
(smt.stats   36   4710 220808 1260537 961693/936245/6689    3981/1187    12 8043  156.26)
(smt.stats   37   4821 225933 1295083 961693/936245/6701    4106/1199    12 8043  156.36)
(smt.stats   38   4943 226270 1326495 961631/936245/6748    4190/1209    13 8143  156.36)
(smt.delete-inactive-clauses  :num-deleted-clauses 1125)
(smt.stats   39   5077 235125 1381033 961631/936245/6821    3214/1239    13 8143  156.36)
(smt.stats   40   5224 252353 1424405 961631/936245/6821    3361/1268    13 8143  156.36)
ramon: poll                 wall=16.000s usage=15.850s mem=156MiB load=1.00 rootload=0.99
(smt.stats   41   5385 299596 1476608 961567/936245/6872    3502/1278    14 8239  156.89)
(smt.stats   42   5562 311695 1536880 961578/936254/6922    3686/1318    14 8239  156.89)
(smt.stats   43   5756 318198 1604319 961524/936263/6930    3816/1407    15 8368  156.99)
(smt.stats   44   5984 318930 1657402 961493/936269/7022    3986/1526    16 8466  156.99)
(smt.stats   45   6085 320212 1678476 961501/936275/7058    4085/1566    16 8466  156.99)
(smt.stats   46   6196 321853 1705430 961505/936278/7060    4195/1596    16 8466  156.99)
(smt.stats   47   6318 328568 1746203 961505/936278/7060    4319/1624    16 8466  156.99)
ramon: poll                 wall=17.001s usage=16.854s mem=156MiB load=1.00 rootload=1.01
(smt.stats   48   6452 342455 1805709 961399/936278/7066    4368/1643    17 8656  157.08)
(smt.stats   49   6599 396566 1889844 961404/936282/7090    4519/1656    17 8656  157.18)
(smt.stats   50   6760 458770 1968994 961433/936305/7090    4705/1660    17 8656  157.27)
(smt.stats   51   6937 461844 2022577 961434/936312/7123    4867/1681    18 8675  157.37)
ramon: poll                 wall=18.000s usage=17.850s mem=157MiB load=1.00 rootload=0.99
(smt.stats :restarts :decisions    :clauses/bin/units                :simplify   :memory)
(smt.stats     :conflicts  :propagations                :lemmas         :deletions      )
(smt.stats   52   7131 587466 2132763 961442/936318/7127    5059/1694    18 8675  157.37)
(smt.stats   53   7344 604923 2230552 961453/936337/7494    5240/1727    19 8722  157.47)
(smt.stats   54   7578 652248 2296511 960984/936349/7706    5148/1697    20 9526  157.56)
(smt.stats   55   7679 652941 2325233 960988/936352/7718    5262/1703    20 9526  157.56)
(smt.stats   56   7790 658363 2357981 960994/936357/7718    5377/1722    20 9526  157.56)
(smt.stats   57   7912 660758 2389929 960996/936362/7908    5498/1749    21 9533  157.56)
(smt.stats   58   8046 661903 2423438 960996/936362/8600    5626/1780    21 9533  157.66)
ramon: poll                 wall=19.000s usage=18.850s mem=157MiB load=1.00 rootload=1.00
(smt.stats   59   8193 662722 2460046 960996/936362/8631    5796/1794    21 9533  157.66)
(smt.stats   60   8354 666779 2541187 960322/936362/8664    5317/1788    22 10858  157.66)
(smt.stats   61   8534 669062 2616548 960359/936394/8791    5490/1814    22 10858  157.66)
(smt.stats   62   8728 685987 2681670 960248/936394/9465    5524/1869    23 11108  157.66)
ramon: poll                 wall=20.000s usage=19.849s mem=157MiB load=1.00 rootload=1.00
(smt.stats   63   8941 697267 2756539 960260/936403/9717    5731/1906    23 11108  157.66)
ramon: end                  Sat Nov 23 09:21:03 2024
ramon: root.execname        z3
ramon: root.utime           19.910s
ramon: root.stime           0.040s
ramon: group.total          19.961s
ramon: group.utime          19.913s
ramon: group.stime          0.048s
ramon: group.mempeak        157MiB
ramon: group.pidpeak        2
ramon: status               exited
ramon: exitcode             0
ramon: walltime             20.109s
ramon: loadavg              0.99
