ramon: cwd                  /home/runner/a/_work/z3-poly-testing/z3-poly-testing
ramon: start                Fri Apr 18 15:36:33 2025
ramon: nproc                128
ramon: sys.mem              64150 MiB
ramon: sys.mem.free         37150 MiB
ramon: sys.mem.avail        63048 MiB
ramon: sys.nprocs           3271
ramon: argv                 0 = z3
ramon: argv                 1 = /home/runner/a/_work/z3-poly-testing/z3-poly-testing/download/non-incremental/QF_LIA/bofill-scheduling/SMT_real_LIA/ex6940_2400_100.smt2
ramon: argv                 2 = -T:600
ramon: argv                 3 = -st
ramon: argv                 4 = lp.dio=true
ramon: argv                 5 = lp.dio_run_gcd=false
ramon: argv                 6 = smt.random_seed=2468
ramon: childpid             32416
ramon: poll                 wall=01.001s usage=00.973s user=00.856s sys=00.117s mem=25944KiB roottime=0.850s load=0.97 rootload=0.85
ramon: poll                 wall=02.002s usage=01.975s user=01.855s sys=00.120s mem=26456KiB roottime=1.850s load=1.00 rootload=1.00
ramon: poll                 wall=03.000s usage=02.970s user=02.842s sys=00.128s mem=27480KiB roottime=2.840s load=1.00 rootload=0.99
ramon: end                  Fri Apr 18 15:36:37 2025
ramon: root.execname        z3
ramon: root.utime           3.560s
ramon: root.stime           0.150s
ramon: group.total          3.719s
ramon: group.utime          3.568s
ramon: group.stime          0.151s
ramon: group.mempeak        27992KiB
ramon: group.pidpeak        2
ramon: status               exited
ramon: exitcode             0
ramon: walltime             3.750s
ramon: loadavg              0.99
