ramon: cwd                  /home/runner/a/_work/z3-poly-testing/z3-poly-testing
ramon: start                Fri Apr 18 15:36:07 2025
ramon: nproc                128
ramon: sys.mem              64150 MiB
ramon: sys.mem.free         36955 MiB
ramon: sys.mem.avail        63048 MiB
ramon: sys.nprocs           3255
ramon: argv                 0 = z3
ramon: argv                 1 = /home/runner/a/_work/z3-poly-testing/z3-poly-testing/download/non-incremental/QF_LIA/bofill-scheduling/SMT_real_LIA/ex8900_2400_100.smt2
ramon: argv                 2 = -T:600
ramon: argv                 3 = -st
ramon: argv                 4 = lp.dio=true
ramon: argv                 5 = lp.dio_run_gcd=false
ramon: argv                 6 = smt.random_seed=2468
ramon: childpid             26318
ramon: poll                 wall=01.002s usage=00.972s user=00.834s sys=00.138s mem=25152KiB roottime=0.830s load=0.97 rootload=0.83
ramon: poll                 wall=02.000s usage=01.970s user=01.829s sys=00.141s mem=25664KiB roottime=1.820s load=1.00 rootload=0.99
ramon: poll                 wall=03.000s usage=02.968s user=02.810s sys=00.158s mem=9292KiB roottime=2.800s load=1.00 rootload=0.98
ramon: end                  Fri Apr 18 15:36:10 2025
ramon: root.execname        z3
ramon: root.utime           2.800s
ramon: root.stime           0.160s
ramon: group.total          2.970s
ramon: group.utime          2.811s
ramon: group.stime          0.160s
ramon: group.mempeak        26176KiB
ramon: group.pidpeak        2
ramon: status               exited
ramon: exitcode             0
ramon: walltime             3.004s
ramon: loadavg              0.99
