ramon: cwd                  /home/runner/a/_work/z3-poly-testing/z3-poly-testing
ramon: start                Wed Apr  9 07:25:33 2025
ramon: nproc                128
ramon: sys.mem              64150 MiB
ramon: sys.mem.free         36154 MiB
ramon: sys.mem.avail        64009 MiB
ramon: sys.nprocs           3165
ramon: argv                 0 = z3
ramon: argv                 1 = /home/runner/a/_work/z3-poly-testing/z3-poly-testing/download/non-incremental/QF_LIA/convert/convert-jpg2gif-query-1597.smt2
ramon: argv                 2 = -T:600
ramon: argv                 3 = -st
ramon: argv                 4 = lp.dio=true
ramon: argv                 5 = lp.dio_run_gcd=true
ramon: childpid             1264115
ramon: poll                 wall=01.000s usage=00.995s user=00.888s sys=00.108s mem=29192KiB roottime=0.880s load=1.00 rootload=0.88
ramon: poll                 wall=02.008s usage=02.001s user=01.891s sys=00.110s mem=29396KiB roottime=1.890s load=1.00 rootload=1.00
ramon: poll                 wall=03.026s usage=03.017s user=02.907s sys=00.111s mem=29544KiB roottime=2.900s load=1.00 rootload=0.99
ramon: poll                 wall=04.009s usage=03.998s user=03.885s sys=00.114s mem=30056KiB roottime=3.880s load=1.00 rootload=1.00
ramon: poll                 wall=05.011s usage=04.999s user=04.885s sys=00.114s mem=30056KiB roottime=4.880s load=1.00 rootload=1.00
ramon: poll                 wall=06.008s usage=05.996s user=05.881s sys=00.115s mem=30056KiB roottime=5.880s load=1.00 rootload=1.00
ramon: poll                 wall=07.005s usage=06.993s user=06.878s sys=00.115s mem=30056KiB roottime=6.870s load=1.00 rootload=0.99
ramon: end                  Wed Apr  9 07:25:41 2025
ramon: root.execname        z3
ramon: root.utime           7.450s
ramon: root.stime           0.130s
ramon: group.total          7.584s
ramon: group.utime          7.453s
ramon: group.stime          0.131s
ramon: group.mempeak        30568KiB
ramon: group.pidpeak        3
ramon: status               exited
ramon: exitcode             0
ramon: walltime             7.597s
ramon: loadavg              1.00
