ramon: cwd                  /home/runner/a/_work/z3-poly-testing/z3-poly-testing
ramon: start                Thu Mar 20 23:20:37 2025
ramon: nproc                128
ramon: sys.mem              64150 MiB
ramon: sys.mem.free         25896 MiB
ramon: sys.mem.avail        64059 MiB
ramon: sys.nprocs           3598
ramon: argv                 0 = z3
ramon: argv                 1 = /home/runner/a/_work/z3-poly-testing/z3-poly-testing/download/non-incremental/QF_LIA/nec-smt/large/handler_sigchld/prp-24-49.smt2
ramon: argv                 2 = -T:600
ramon: argv                 3 = -st
ramon: argv                 4 = smt.arith.lp.dio_eqs=true
ramon: childpid             2775507
ramon: poll                 wall=01.012s usage=00.982s user=00.899s sys=00.084s mem=24396KiB roottime=0.890s load=0.97 rootload=0.88
ramon: poll                 wall=02.006s usage=01.968s user=01.882s sys=00.086s mem=24952KiB roottime=1.880s load=0.99 rootload=1.00
ramon: poll                 wall=03.025s usage=02.972s user=02.771s sys=00.201s mem=51028KiB roottime=2.770s load=0.99 rootload=0.87
ramon: poll                 wall=04.013s usage=03.955s user=03.751s sys=00.204s mem=52192KiB roottime=3.750s load=0.99 rootload=0.99
ramon: poll                 wall=05.000s usage=04.919s user=04.708s sys=00.211s mem=53124KiB roottime=4.700s load=0.98 rootload=0.96
ramon: poll                 wall=06.009s usage=05.917s user=05.704s sys=00.213s mem=53856KiB roottime=5.700s load=0.99 rootload=0.99
ramon: poll                 wall=07.002s usage=06.899s user=06.679s sys=00.219s mem=54880KiB roottime=6.670s load=0.99 rootload=0.98
ramon: poll                 wall=08.007s usage=07.878s user=07.655s sys=00.222s mem=55372KiB roottime=7.650s load=0.97 rootload=0.98
ramon: poll                 wall=09.008s usage=08.859s user=08.634s sys=00.225s mem=55908KiB roottime=8.630s load=0.98 rootload=0.98
ramon: poll                 wall=10.016s usage=09.838s user=09.610s sys=00.228s mem=56464KiB roottime=9.600s load=0.97 rootload=0.96
ramon: poll                 wall=11.007s usage=10.801s user=10.569s sys=00.232s mem=56976KiB roottime=10.570s load=0.97 rootload=0.98
ramon: poll                 wall=12.007s usage=11.766s user=11.531s sys=00.235s mem=57352KiB roottime=11.530s load=0.96 rootload=0.96
ramon: poll                 wall=13.008s usage=12.762s user=12.525s sys=00.238s mem=57476KiB roottime=12.520s load=0.99 rootload=0.99
ramon: poll                 wall=14.003s usage=13.728s user=13.489s sys=00.239s mem=57656KiB roottime=13.480s load=0.97 rootload=0.97
ramon: poll                 wall=15.003s usage=14.715s user=14.470s sys=00.245s mem=58788KiB roottime=14.460s load=0.99 rootload=0.98
ramon: end                  Thu Mar 20 23:20:52 2025
ramon: root.execname        z3
ramon: root.utime           14.700s
ramon: root.stime           0.270s
ramon: group.total          14.978s
ramon: group.utime          14.708s
ramon: group.stime          0.270s
ramon: group.mempeak        59300KiB
ramon: group.pidpeak        2
ramon: status               exited
ramon: exitcode             0
ramon: walltime             15.276s
ramon: loadavg              0.98
