sat
(:bv-ackerman                    18
 :bv-bit2eq                      705
 :bv-bit2ne                      1826
 :bv-conflicts                   5
 :bv-eq2bit                      19643
 :bv-ne2bit                      17
 :elim-unconstrained             22
 :euf-ackerman                   8
 :euf-conflicts                  5
 :euf-final-check                3
 :euf-merge                      346520
 :euf-propagations-eqs           72
 :euf-propagations-literal       30853
 :euf-propagations-theory-diseqs 4718
 :euf-propagations-theory-eqs    333342
 :max-memory                     152.74
 :memory                         32.07
 :num-allocs                     2151488465
 :rlimit-count                   3172943
 :sat-backjumps                  2515
 :sat-conflicts                  2515
 :sat-decisions                  27018
 :sat-del-clause                 80310
 :sat-elim-bool-vars-res         10317
 :sat-elim-clauses               44
 :sat-elim-literals              466
 :sat-minimized-lits             6681
 :sat-mk-clause-2ary             146365
 :sat-mk-clause-3ary             17183
 :sat-mk-clause-nary             159708
 :sat-mk-var                     36363
 :sat-probing-assigned           7
 :sat-propagations-2ary          1173327
 :sat-propagations-nary          927757
 :sat-restarts                   145
 :sat-scc-elim-binary            19
 :sat-scc-elim-vars              552
 :sat-subs-resolution            416
 :sat-subs-resolution-dyn        27
 :sat-subsumed                   14974
 :sat-units                      381
 :simplifier-steps               1324
 :solve-eqs-elim-vars            1027
 :solve-eqs-steps                3373
 :time                           2.15
 :total-time                     2.15)
