ramon: cwd                  /home/gh1/A/_work/z3-poly-testing/z3-poly-testing
ramon: start                Mon Nov  4 17:26:48 2024
ramon: nproc                32
ramon: sys.mem              63442 MiB
ramon: sys.mem.free         21478 MiB
ramon: sys.mem.avail        62406 MiB
ramon: sys.nprocs           1275
ramon: argv                 0 = z3
ramon: argv                 1 = inputs/QF_BV_SAT/Sz512_15128_1.smt2
ramon: argv                 2 = -T:20
ramon: argv                 3 = -v:2
ramon: argv                 4 = smt.sls.enable=false
ramon: argv                 5 = sat.smt=true
ramon: argv                 6 = -st
ramon: argv                 7 = tactic.default_tactic=(then simplify propagate-values solve-eqs simplify smt)
ramon: argv                 8 = model_validate=true
ramon: childpid             1233993
(sat.copy :learned 0)
(sat.solver)
(sat.copy :learned 0)
(sat.stats   :conflicts  :restarts        :learned/bin    :gc          :time)
(sat.stats          :decisions :clauses/bin     :units        :memory       )
(sat.stats      0      0    0 28045/6790     0/0  15       0    29.93   0.00)
 (sat-cleaner :elim-literals 10 :elim-clauses 5 :cost 73053 :time 0.00)
(sat.stats    146    542    0 28015/6775   130/1  31       0    31.44   0.01)
(sat.stats    146    542    0 28015/6775   130/1  31       0    31.44   0.01)
(sat.stats    146    542    0 28015/6775   130/1  31       0    31.44   0.01)
(sat.simplify :simplifications 1)
 (sat-scc :elim-vars 1908 :elim-bin 22 :time 0.01)
 (sat-cleaner :elim-literals 0 :elim-clauses 0 :cost 73955 :time 0.00)
 (sat-probing :probing-assigned 1 :cost 21075933.46 :time 0.01)
(sat.stats    146    542    0 27117/5804    98/1  32       0    33.46   0.05)
(sat.stats    173   1038    1 27117/5804   125/2  32       0    33.76   0.06)
(sat.stats :conflicts    :restarts      :learned/bin      :gc          :time)
(sat.stats       :decisions  :clauses/bin       :units        :memory       )
(sat.stats    176   1133    2 27117/5804   128/2  32       0    33.76   0.06)
(sat.stats    180   1135    3 27117/5804   132/4  32       0    33.76   0.06)
(sat.stats    183   1160    4 27117/5804   135/4  32       0    33.76   0.06)
(sat.stats    186   1168    5 27117/5804   138/5  32       0    33.76   0.06)
(sat.stats    189   1172    6 27117/5804   141/5  32       0    33.76   0.07)
(sat.stats    192   1174    7 27117/5804   144/5  32       0    33.76   0.07)
(sat.stats    196   1177    8 27117/5804   148/5  32       0    33.76   0.07)
(sat.stats    201   1182    9 27117/5804   153/5  32       0    33.76   0.07)
(sat.stats    205   1185   10 27117/5804   157/5  32       0    33.76   0.07)
(sat.stats    210   1189   11 27117/5804   162/5  32       0    33.76   0.07)
(sat.stats    214   1192   12 27117/5804   166/5  32       0    33.76   0.07)
 (sat-cleaner :elim-literals 9 :elim-clauses 7 :cost 74905 :time 0.00)
(sat.stats    217   1301   13 27106/5808   166/5  38       0    33.76   0.07)
(sat.stats :conflicts   :restarts       :learned/bin       :gc          :time)
(sat.stats       :decisions  :clauses/bin       :units         :memory       )
(sat.stats    489   5314   17 27652/6222   435/68 101       0    40.33   0.15)
(sat.stats    492   5324   18 27652/6222   438/69 101       0    40.33   0.15)
(sat.stats    710   6792   35 27881/6423   657/104 101       0    51.31   0.26)
 (sat-cleaner :elim-literals 220 :elim-clauses 245 :cost 80592 :time 0.00)
(sat.stats   1064   9546   81 29613/8131   976/98 213       0    51.63   0.50)
(sat.stats   1597  12917  143 31225/9571  1548/126 213       0    53.46   0.75)
(sat.stats   2399  14097  357 31225/9571  2350/127 213       0    53.60   0.87)
ramon: poll                 wall=1.000s usage=0.984s mem=55912KiB load=0.98 rootload=0.96
 (sat-cleaner :elim-literals 40 :elim-clauses 7 :cost 114792 :time 0.00)
(sat.stats :conflicts  :restarts       :learned/bin         :gc          :time)
(sat.stats      :decisions   :clauses/bin        :units         :memory       )
(sat.stats   3596  19778  441 31536/9891  3542/155 266       0    54.09   1.31)
 (sat-cleaner :elim-literals 536 :elim-clauses 50 :cost 128545 :time 0.00)
 (sat-cleaner :elim-literals 87 :elim-clauses 6 :cost 145443 :time 0.00)
(sat.stats   5409  25489  695 41626/18544  5488/212 663       0    57.11   1.74)
 (sat-cleaner :elim-literals 7 :elim-clauses 7 :cost 163264 :time 0.00)
ramon: poll                 wall=2.000s usage=1.984s mem=60128KiB load=1.00 rootload=0.99
(sat.stats   8090  33568  801 53279/28918  8278/281 736       0    59.37   2.59)
ramon: poll                 wall=3.000s usage=2.984s mem=62176KiB load=1.00 rootload=1.00
 (sat-cleaner :elim-literals 55 :elim-clauses 32 :cost 237265 :time 0.00)
(sat.stats  12136  41481 1451 83262/56333 12543/321 772       0    63.71   3.46)
ramon: poll                 wall=4.000s usage=3.983s mem=66528KiB load=1.00 rootload=1.00
ramon: poll                 wall=5.000s usage=4.983s mem=67040KiB load=1.00 rootload=0.99
 (sat-cleaner :elim-literals 36 :elim-clauses 7 :cost 407587 :time 0.01)
(sat.stats  18774  53884 2208 100605/68637 19723/366 1051       0    82.59   5.90)
ramon: poll                 wall=6.001s usage=5.986s mem=85212KiB load=1.00 rootload=1.00
ramon: poll                 wall=7.000s usage=6.982s mem=85724KiB load=1.00 rootload=1.00
ramon: poll                 wall=8.000s usage=7.982s mem=85980KiB load=1.00 rootload=1.00
ramon: poll                 wall=9.000s usage=8.982s mem=86332KiB load=1.00 rootload=1.00
(sat.stats  27310  65825 4004 100689/68661 18211/374 1051   10054    83.94   9.55)
ramon: poll                 wall=10.000s usage=9.982s mem=86844KiB load=1.00 rootload=1.00
ramon: poll                 wall=11.000s usage=10.981s mem=87100KiB load=1.00 rootload=1.00
ramon: poll                 wall=12.000s usage=11.981s mem=87612KiB load=1.00 rootload=1.00
ramon: poll                 wall=13.000s usage=12.981s mem=91704KiB load=1.00 rootload=1.00
ramon: poll                 wall=14.000s usage=13.981s mem=91960KiB load=1.00 rootload=1.00
ramon: poll                 wall=15.000s usage=14.981s mem=92728KiB load=1.00 rootload=1.00
(sat.stats :conflicts :restarts         :learned/bin       :gc             :time )
(sat.stats      :decisions   :clauses/bin          :units          :memory       )
(sat.stats  40967  83446 6629 115579/78527 18147/437 1051   24336    90.56  15.66)
ramon: poll                 wall=16.000s usage=15.981s mem=93504KiB load=1.00 rootload=1.00
ramon: poll                 wall=17.000s usage=16.981s mem=93760KiB load=1.00 rootload=1.00
ramon: poll                 wall=18.000s usage=17.980s mem=94016KiB load=1.00 rootload=1.00
ramon: poll                 wall=19.000s usage=18.980s mem=94784KiB load=1.00 rootload=1.00
ramon: poll                 wall=20.000s usage=19.980s mem=95296KiB load=1.00 rootload=1.00
ramon: end                  Mon Nov  4 17:27:08 2024
ramon: root.execname        z3
ramon: root.utime           19.950s
ramon: root.stime           0.040s
ramon: group.total          20.002s
ramon: group.utime          19.958s
ramon: group.stime          0.044s
ramon: group.mempeak        95552KiB
ramon: group.pidpeak        2
ramon: status               exited
ramon: exitcode             0
ramon: walltime             20.019s
ramon: loadavg              1.00
