ramon: cwd                  /home/runner/a/_work/z3-poly-testing/z3-poly-testing
ramon: start                Thu Mar 20 10:38:00 2025
ramon: nproc                128
ramon: sys.mem              64150 MiB
ramon: sys.mem.free         3279 MiB
ramon: sys.mem.avail        63874 MiB
ramon: sys.nprocs           3728
ramon: argv                 0 = z3
ramon: argv                 1 = /home/runner/a/_work/z3-poly-testing/z3-poly-testing/download/non-incremental/QF_LIA/rings_preprocessed/ring_2exp14_8vars_4ite_unsat.smt2
ramon: argv                 2 = -T:600
ramon: argv                 3 = -st
ramon: argv                 4 = smt.arith.lp.dio_eqs=true
ramon: childpid             2353704
ramon: poll                 wall=01.001s usage=00.986s user=00.925s sys=00.062s mem=21368KiB roottime=0.920s load=0.99 rootload=0.92
ramon: poll                 wall=02.003s usage=01.987s user=01.924s sys=00.063s mem=21368KiB roottime=1.920s load=1.00 rootload=1.00
ramon: end                  Thu Mar 20 10:38:02 2025
ramon: root.execname        z3
ramon: root.utime           2.220s
ramon: root.stime           0.070s
ramon: group.total          2.298s
ramon: group.utime          2.225s
ramon: group.stime          0.073s
ramon: group.mempeak        21368KiB
ramon: group.pidpeak        2
ramon: status               exited
ramon: exitcode             0
ramon: walltime             2.315s
ramon: loadavg              0.99
