ramon: cwd                  /home/gh1/A/_work/z3-poly-testing/z3-poly-testing
ramon: start                Sun Jan 12 14:51:53 2025
ramon: nproc                32
ramon: sys.mem              63441 MiB
ramon: sys.mem.free         14006 MiB
ramon: sys.mem.avail        59885 MiB
ramon: sys.nprocs           1472
ramon: argv                 0 = z3
ramon: argv                 1 = inputs/QF_NIA_MCM/27.smt2
ramon: argv                 2 = -T:60
ramon: argv                 3 = -v:2
ramon: argv                 4 = -st
ramon: argv                 5 = sls.arith_use_lookahead=true
ramon: argv                 6 = tactic.default_tactic=(then simplify propagate-values solve-eqs simplify sls-smt)
ramon: argv                 7 = model_validate=true
ramon: childpid             226065
lookahead-search moves:0 max-moves:500
lookahead-search moves:500 max-moves:1000
ramon: poll                 wall=1.000s usage=0.999s mem=22920KiB load=1.00 rootload=0.99
lookahead-search moves:1000 max-moves:1500
lookahead-search moves:1500 max-moves:2100
ramon: poll                 wall=2.020s usage=2.017s mem=22936KiB load=1.00 rootload=0.99
lookahead-search moves:2100 max-moves:2700
ramon: poll                 wall=3.000s usage=2.992s mem=22936KiB load=0.99 rootload=0.99
lookahead-search moves:2700 max-moves:3300
ramon: poll                 wall=4.000s usage=3.985s mem=22936KiB load=0.99 rootload=1.00
lookahead-search moves:3300 max-moves:3900
lookahead-search moves:3900 max-moves:4500
ramon: poll                 wall=5.008s usage=4.986s mem=22936KiB load=0.99 rootload=0.99
lookahead-search moves:4500 max-moves:5100
lookahead-search moves:5100 max-moves:5700
ramon: poll                 wall=6.000s usage=5.973s mem=22936KiB load=0.99 rootload=1.00
lookahead-search moves:5700 max-moves:6300
ramon: poll                 wall=7.000s usage=6.972s mem=22936KiB load=1.00 rootload=1.00
lookahead-search moves:6300 max-moves:6900
lookahead-search moves:6900 max-moves:7600
ramon: poll                 wall=8.000s usage=7.972s mem=22936KiB load=1.00 rootload=1.00
lookahead-search moves:7600 max-moves:8300
ramon: poll                 wall=9.000s usage=8.972s mem=22936KiB load=1.00 rootload=1.00
lookahead-search moves:8300 max-moves:9000
ramon: poll                 wall=10.000s usage=9.972s mem=22936KiB load=1.00 rootload=1.00
lookahead-search moves:9000 max-moves:9800
ramon: poll                 wall=11.000s usage=10.972s mem=22936KiB load=1.00 rootload=0.99
lookahead-search moves:9800 max-moves:10700
ramon: poll                 wall=12.000s usage=11.972s mem=22936KiB load=1.00 rootload=1.00
lookahead-search moves:10700 max-moves:11700
ramon: poll                 wall=13.000s usage=12.961s mem=22936KiB load=0.99 rootload=0.99
lookahead-search moves:11700 max-moves:12700
ramon: poll                 wall=14.000s usage=13.961s mem=22936KiB load=1.00 rootload=1.00
lookahead-search moves:12700 max-moves:13700
ramon: poll                 wall=15.000s usage=14.961s mem=22936KiB load=1.00 rootload=1.00
ramon: poll                 wall=16.000s usage=15.961s mem=22936KiB load=1.00 rootload=1.00
lookahead-search moves:13700 max-moves:14700
ramon: poll                 wall=17.000s usage=16.961s mem=22936KiB load=1.00 rootload=1.00
lookahead-search moves:14700 max-moves:15700
ramon: poll                 wall=18.000s usage=17.960s mem=22936KiB load=1.00 rootload=1.00
lookahead-search moves:15700 max-moves:16700
ramon: poll                 wall=19.000s usage=18.960s mem=22936KiB load=1.00 rootload=1.00
lookahead-search moves:16700 max-moves:17700
ramon: poll                 wall=20.000s usage=19.960s mem=22936KiB load=1.00 rootload=1.00
ramon: poll                 wall=21.000s usage=20.960s mem=22936KiB load=1.00 rootload=1.00
lookahead-search moves:17700 max-moves:18700
ramon: poll                 wall=22.000s usage=21.960s mem=22936KiB load=1.00 rootload=1.00
lookahead-search moves:18700 max-moves:19700
ramon: poll                 wall=23.000s usage=22.960s mem=22936KiB load=1.00 rootload=1.00
lookahead-search moves:19700 max-moves:20800
ramon: poll                 wall=24.000s usage=23.959s mem=22936KiB load=1.00 rootload=1.00
lookahead-search moves:20800 max-moves:22000
ramon: poll                 wall=25.000s usage=24.959s mem=22936KiB load=1.00 rootload=1.00
lookahead-search moves:22000 max-moves:23200
ramon: poll                 wall=26.000s usage=25.959s mem=22936KiB load=1.00 rootload=1.00
ramon: poll                 wall=27.000s usage=26.959s mem=22936KiB load=1.00 rootload=1.00
lookahead-search moves:23200 max-moves:24500
ramon: poll                 wall=28.000s usage=27.959s mem=22936KiB load=1.00 rootload=1.00
lookahead-search moves:24500 max-moves:25800
ramon: poll                 wall=29.016s usage=28.975s mem=22936KiB load=1.00 rootload=1.00
ramon: poll                 wall=30.000s usage=29.959s mem=22936KiB load=1.00 rootload=1.00
lookahead-search moves:25800 max-moves:27200
ramon: poll                 wall=31.000s usage=30.958s mem=22936KiB load=1.00 rootload=1.00
lookahead-search moves:27200 max-moves:28700
ramon: poll                 wall=32.000s usage=31.958s mem=22936KiB load=1.00 rootload=1.00
ramon: poll                 wall=33.000s usage=32.958s mem=22936KiB load=1.00 rootload=1.00
lookahead-search moves:28700 max-moves:30200
ramon: poll                 wall=34.000s usage=33.958s mem=22936KiB load=1.00 rootload=1.00
lookahead-search moves:30200 max-moves:31700
ramon: poll                 wall=35.000s usage=34.958s mem=22936KiB load=1.00 rootload=1.00
ramon: poll                 wall=36.000s usage=35.958s mem=22936KiB load=1.00 rootload=1.00
lookahead-search moves:31700 max-moves:33300
ramon: poll                 wall=37.000s usage=36.958s mem=22936KiB load=1.00 rootload=1.00
ramon: poll                 wall=38.000s usage=37.958s mem=22936KiB load=1.00 rootload=1.00
lookahead-search moves:33300 max-moves:34900
ramon: poll                 wall=39.000s usage=38.957s mem=22936KiB load=1.00 rootload=1.00
ramon: poll                 wall=40.000s usage=39.957s mem=22936KiB load=1.00 rootload=1.00
lookahead-search moves:34900 max-moves:36500
ramon: poll                 wall=41.000s usage=40.957s mem=22936KiB load=1.00 rootload=1.00
lookahead-search moves:36500 max-moves:38100
ramon: poll                 wall=42.000s usage=41.957s mem=22936KiB load=1.00 rootload=1.00
ramon: poll                 wall=43.000s usage=42.957s mem=22936KiB load=1.00 rootload=1.00
lookahead-search moves:38100 max-moves:39700
ramon: poll                 wall=44.000s usage=43.957s mem=22936KiB load=1.00 rootload=1.00
ramon: poll                 wall=45.000s usage=44.957s mem=22936KiB load=1.00 rootload=1.00
lookahead-search moves:39700 max-moves:41300
ramon: poll                 wall=46.000s usage=45.957s mem=22936KiB load=1.00 rootload=1.00
ramon: poll                 wall=47.000s usage=46.957s mem=22936KiB load=1.00 rootload=1.00
lookahead-search moves:41300 max-moves:42900
ramon: poll                 wall=48.000s usage=47.957s mem=22936KiB load=1.00 rootload=1.00
lookahead-search moves:42900 max-moves:44500
ramon: poll                 wall=49.000s usage=48.957s mem=22936KiB load=1.00 rootload=1.00
ramon: poll                 wall=50.000s usage=49.957s mem=22936KiB load=1.00 rootload=1.00
lookahead-search moves:44500 max-moves:46100
ramon: poll                 wall=51.000s usage=50.957s mem=22936KiB load=1.00 rootload=1.00
ramon: poll                 wall=52.056s usage=52.013s mem=22936KiB load=1.00 rootload=1.00
lookahead-search moves:46100 max-moves:47700
ramon: poll                 wall=53.000s usage=52.957s mem=22936KiB load=1.00 rootload=1.00
ramon: poll                 wall=54.000s usage=53.957s mem=22936KiB load=1.00 rootload=1.00
lookahead-search moves:47700 max-moves:49400
ramon: poll                 wall=55.000s usage=54.957s mem=22936KiB load=1.00 rootload=1.00
ramon: poll                 wall=56.000s usage=55.957s mem=22936KiB load=1.00 rootload=1.00
lookahead-search moves:49400 max-moves:51100
ramon: poll                 wall=57.000s usage=56.957s mem=22936KiB load=1.00 rootload=1.00
ramon: poll                 wall=58.000s usage=57.957s mem=22936KiB load=1.00 rootload=1.00
lookahead-search moves:51100 max-moves:52900
ramon: poll                 wall=59.000s usage=58.957s mem=23192KiB load=1.00 rootload=1.00
ramon: poll                 wall=60.000s usage=59.957s mem=23192KiB load=1.00 rootload=1.00
ramon: end                  Sun Jan 12 14:52:53 2025
ramon: root.execname        z3
ramon: root.utime           59.940s
ramon: root.stime           0.010s
ramon: group.total          59.961s
ramon: group.utime          59.941s
ramon: group.stime          0.020s
ramon: group.mempeak        23596KiB
ramon: group.pidpeak        2
ramon: status               exited
ramon: exitcode             0
ramon: walltime             60.004s
ramon: loadavg              1.00
