ramon: cwd                  /home/runner/a/_work/z3-poly-testing/z3-poly-testing
ramon: start                Fri Apr 18 11:30:27 2025
ramon: nproc                128
ramon: sys.mem              64150 MiB
ramon: sys.mem.free         34811 MiB
ramon: sys.mem.avail        63037 MiB
ramon: sys.nprocs           3401
ramon: argv                 0 = z3
ramon: argv                 1 = /home/runner/a/_work/z3-poly-testing/z3-poly-testing/download/non-incremental/QF_LIA/20210219-Dartagnan/ReachSafety-Loops/nest-if3-O0.smt2
ramon: argv                 2 = -T:600
ramon: argv                 3 = -st
ramon: argv                 4 = lp.dio=true
ramon: argv                 5 = smt.random_seed=589
ramon: childpid             3609440
ramon: poll                 wall=01.000s usage=00.976s user=00.689s sys=00.287s mem=60460KiB roottime=0.680s load=0.98 rootload=0.68
ramon: poll                 wall=02.009s usage=01.983s user=01.649s sys=00.334s mem=73004KiB roottime=1.640s load=1.00 rootload=0.95
ramon: poll                 wall=03.002s usage=02.977s user=02.585s sys=00.392s mem=82476KiB roottime=2.580s load=1.00 rootload=0.95
ramon: end                  Fri Apr 18 11:30:30 2025
ramon: root.execname        z3
ramon: root.utime           3.020s
ramon: root.stime           0.430s
ramon: group.total          3.453s
ramon: group.utime          3.025s
ramon: group.stime          0.428s
ramon: group.mempeak        83500KiB
ramon: group.pidpeak        2
ramon: status               exited
ramon: exitcode             0
ramon: walltime             3.482s
ramon: loadavg              0.99
