sat
(:added-eqs                       10569
 :arith-eq-adapter                698
 :arith-bound-propagations-lp     240
 :arith-conflicts                 3012
 :arith-diseq                     31064
 :arith-fixed-eqs                 968
 :arith-grobner-calls             45
 :arith-grobner-conflicts         45
 :arith-horner-calls              10
 :arith-horner-conflicts          6
 :arith-horner-cross-nested-forms 9404
 :arith-lower                     13525
 :arith-make-feasible             20309
 :arith-max-columns               843
 :arith-max-rows                  335
 :arith-nla-lemmas                731
 :arith-nla-propagate-bounds      2216
 :arith-nla-propagate-eq          5006
 :arith-nra-calls                 4
 :arith-offset-eqs                46
 :arith-upper                     15747
 :binary-propagations             13671
 :card2bv-rewrites                346
 :cnf-encoding-aux-vars           11
 :conflicts                       181
 :decisions                       21813
 :del-clause                      1937
 :final-checks                    279
 :max-memory                      103.14
 :memory                          54.68
 :minimized-lits                  12
 :mk-bool-var                     5565
 :mk-clause                       2968
 :mk-clause-binary                648
 :nlsat-conflicts                 802
 :nlsat-decisions                 280
 :nlsat-propagations              27703
 :nlsat-restarts                  1
 :nlsat-stages                    14350
 :num-allocs                      5729418477.00
 :num-checks                      1
 :propagations                    30053
 :restarts                        1
 :rlimit-count                    1551415
 :sat-mk-clause-2ary              106340
 :sat-mk-clause-nary              256328
 :sat-mk-var                      93274
 :time                            2.54
 :total-time                      2.56)
