ramon: cwd                  /home/gh1/A/_work/z3-poly-testing/z3-poly-testing
ramon: start                Wed Jan 22 22:22:39 2025
ramon: nproc                32
ramon: sys.mem              63441 MiB
ramon: sys.mem.free         25356 MiB
ramon: sys.mem.avail        59499 MiB
ramon: sys.nprocs           1404
ramon: argv                 0 = z3
ramon: argv                 1 = inputs/QF_NIA_CInteger/Stroeder_15__GCD2.c__p23110_terminationG_0.smt2
ramon: argv                 2 = -T:60
ramon: argv                 3 = -v:2
ramon: argv                 4 = -st
ramon: argv                 5 = tactic.default_tactic=(then simplify propagate-values solve-eqs simplify smt)
ramon: argv                 6 = smt.sls.enable=true
ramon: argv                 7 = smt.sls.parallel=false
ramon: argv                 8 = model_validate=true
ramon: argv                 9 = sls.arith_use_clausal_lookahead=true
ramon: childpid             3466801
(smt.searching)
(smt.stats :restarts     :decisions :clauses/bin/units      :simplify   :memory)
(smt.stats        :conflicts    :propagations       :lemmas      :deletions   )
(smt.stats    0      0      0      0   748/600/19       0/0     0    0   18.65)
SMT -> SLS values
(sat.ddfw :unsat :models :kflips/sec   :flips :restarts   :reinits  :unsat_vars  :shifts)
(sat.ddfw       1      5    47.0788      7768         1          0           18     5052)
SLS -> SMT phase. unsat size: 1
SLS -> SMT values
SMT -> SLS values
(sat.ddfw       1      6    13.7512     10532         1          0            2     5689)
(sat.ddfw       1      8    18.2366     15310         1          1            3     6719)
SLS -> SMT phase. unsat size: 1
SLS -> SMT values
SMT -> SLS values
(sat.ddfw       1      9     1.3703     15780         1          1            1     8368)
SLS -> SMT phase. unsat size: 1
SLS -> SMT values
SMT -> SLS values
(sat.ddfw       1     11     9.5256     19495         1          1            7     9248)
SLS -> SMT phase. unsat size: 1
SLS -> SMT values
SMT -> SLS values
(sat.ddfw       1     12     6.4497     22378         1          1            1    10144)
(sat.ddfw       1     12     0.0044     22380         1          2            1    10241)
SLS -> SMT phase. unsat size: 1
SLS -> SMT values
(nlsat :conflicts 4 :decisions 0 :propagations 71 :clauses 275 :learned 4)
SMT -> SLS values
(sat.ddfw       1     13     6.8366     25853         1          2            2    11195)
SLS -> SMT phase. unsat size: 1
SLS -> SMT values
SMT -> SLS values
(sat.ddfw       1     14     0.6480     26234         1          2            1    12645)
SLS -> SMT phase. unsat size: 1
SLS -> SMT values
SMT -> SLS values
(sat.ddfw       1     16     4.8192     29299         1          2           18    13793)
SMT -> SLS values
(sat.ddfw       1     17     5.5468     33093         1          2            7    14616)
SMT -> SLS values
on-model 
(sat.ddfw       0      1     5.1917     36857         1          2            0    14983)
ramon: end                  Wed Jan 22 22:22:40 2025
ramon: root.execname        z3
ramon: root.utime           0.730s
ramon: root.stime           0.010s
ramon: group.total          0.750s
ramon: group.utime          0.738s
ramon: group.stime          0.012s
ramon: group.mempeak        55120KiB
ramon: group.pidpeak        2
ramon: status               exited
ramon: exitcode             0
ramon: walltime             0.812s
ramon: loadavg              0.92
