ramon: cwd                  /home/gh1/A/_work/z3-poly-testing/z3-poly-testing
ramon: start                Wed Jan 22 22:18:28 2025
ramon: nproc                32
ramon: sys.mem              63441 MiB
ramon: sys.mem.free         25381 MiB
ramon: sys.mem.avail        59500 MiB
ramon: sys.nprocs           1394
ramon: argv                 0 = z3
ramon: argv                 1 = inputs/QF_NIA_CInteger/Stroeder_15__svcomp_ex2.c__p25974_terminationG_0.smt2
ramon: argv                 2 = -T:60
ramon: argv                 3 = -v:2
ramon: argv                 4 = -st
ramon: argv                 5 = tactic.default_tactic=(then simplify propagate-values solve-eqs simplify smt)
ramon: argv                 6 = smt.sls.enable=true
ramon: argv                 7 = smt.sls.parallel=false
ramon: argv                 8 = model_validate=true
ramon: argv                 9 = sls.arith_use_clausal_lookahead=true
ramon: childpid             3455636
(smt.searching)
(smt.stats :restarts     :decisions :clauses/bin/units       :simplify   :memory)
(smt.stats        :conflicts    :propagations        :lemmas      :deletions   )
(smt.stats    0      0      0      0  6788/6750/32       0/0     0    0   21.76)
(nlsat :conflicts 2 :decisions 0 :propagations 347 :clauses 590 :learned 2)
SMT -> SLS values
(sat.ddfw :unsat :models :kflips/sec   :flips :restarts   :reinits  :unsat_vars  :shifts)
(sat.ddfw       1      1     4.8789      3869         0          0            1     5367)
SLS -> SMT phase. unsat size: 1
SLS -> SMT values
SMT -> SLS values
ramon: poll                 wall=1.000s usage=0.942s mem=62444KiB load=0.94 rootload=0.92
(sat.ddfw       1      3     5.4970     10196         0          0            4     6003)
SMT -> SLS values
(sat.ddfw       1      3     0.1515     10371         0          0           34     6003)
(sat.ddfw       1      4     2.0007     13116         0          1            6     6247)
(nlsat :conflicts 1 :decisions 0 :propagations 59 :clauses 816 :learned 1)
SMT -> SLS values
(sat.ddfw       1      5     1.2529     15202         0          1           12     6377)
(nlsat :conflicts 2 :decisions 0 :propagations 57 :clauses 771 :learned 2)
(nlsat :conflicts 2 :decisions 0 :propagations 271 :clauses 791 :learned 2)
SMT -> SLS values
ramon: poll                 wall=2.000s usage=1.941s mem=64564KiB load=1.00 rootload=1.00
(sat.ddfw       1      6     1.6568     18393         0          1            6     6701)
(nlsat :conflicts 5 :decisions 0 :propagations 269 :clauses 809 :learned 5)
(nlsat :conflicts 5 :decisions 0 :propagations 264 :clauses 834 :learned 5)
(nlsat :conflicts 1 :decisions 0 :propagations 101 :clauses 844 :learned 1)
(nlsat :conflicts 1 :decisions 0 :propagations 91 :clauses 843 :learned 1)
SMT -> SLS values
(sat.ddfw       1      7     1.6374     22005         0          1           22     7034)
(nlsat :conflicts 1 :decisions 0 :propagations 79 :clauses 871 :learned 1)
(nlsat :conflicts 1 :decisions 0 :propagations 70 :clauses 858 :learned 1)
(nlsat :conflicts 5 :decisions 0 :propagations 288 :clauses 859 :learned 5)
(nlsat :conflicts 1 :decisions 0 :propagations 110 :clauses 862 :learned 1)
(nlsat :conflicts 1 :decisions 0 :propagations 127 :clauses 889 :learned 1)
(nlsat :conflicts 1 :decisions 0 :propagations 251 :clauses 889 :learned 1)
(nlsat :conflicts 1 :decisions 0 :propagations 113 :clauses 871 :learned 1)
(nlsat :conflicts 2 :decisions 0 :propagations 86 :clauses 900 :learned 2)
(smt.stats    0    101   1007    728  6906/6788/32     195/6     1    0   62.44)
SMT -> SLS units 1 2 3 4 5 6 7 8 9 10 11 12 13 14 15 16 17 18 19 20 -384 -529 -530 -531 532 533 534 535 536 537 538 539
SMT -> SLS values
(sat.ddfw       1      7     0.0697     22166         0          1           39     7034)
(sat.ddfw       1      8     1.4566     25739         0          2            3     7651)
SMT -> SLS values
(sat.ddfw       1      9     1.1619     28853         0          2           11     7878)
SMT -> SLS values
ramon: poll                 wall=3.000s usage=2.941s mem=65280KiB load=1.00 rootload=1.00
(sat.ddfw       1     10     1.1194     32115         0          2            9     8059)
SMT -> SLS values
(sat.ddfw       1     11     1.2355     35940         0          2            3     8580)
SMT -> SLS values
(sat.ddfw       1     13     1.2393     39975         0          2            4     9166)
SLS -> SMT phase. unsat size: 1
SLS -> SMT values
SMT -> SLS values
(sat.ddfw       1     13     0.0424     40113         0          2           24     9166)
(sat.ddfw       1     14     0.8989     43234         0          3            5     9420)
SMT -> SLS values
(sat.ddfw       1     15     0.9838     46824         0          3            6     9777)
SMT -> SLS values
(sat.ddfw       1     16     0.9059     50307         0          3           10    10116)
SMT -> SLS values
ramon: poll                 wall=4.000s usage=3.941s mem=65284KiB load=1.00 rootload=1.00
(sat.ddfw       1     17     0.8077     53575         0          3            5    10440)
SMT -> SLS values
(sat.ddfw       1     18     0.8768     57269         0          3            2    11017)
SLS -> SMT phase. unsat size: 1
SLS -> SMT values
SMT -> SLS values
(sat.ddfw       1     19     0.9450     61373         0          3            3    11680)
SMT -> SLS values
(sat.ddfw       1     20     0.9318     65555         0          3            3    12352)
SMT -> SLS values
(sat.ddfw       1     21     0.6537     68630         0          3            8    12603)
SMT -> SLS values
ramon: poll                 wall=5.000s usage=4.930s mem=65284KiB load=0.99 rootload=0.99
(sat.ddfw       1     22     0.6317     71741         0          3            8    12892)
SLS -> SMT activity
SMT -> SLS values
(sat.ddfw       1     22     0.0175     71827         0          3           18    12892)
(sat.ddfw       1     23     0.7287     75545         0          4            3    13329)
SMT -> SLS values
(sat.ddfw       1     24     0.6995     79249         0          4            3    13728)
(nlsat :conflicts 1 :decisions 0 :propagations 79 :clauses 935 :learned 1)
SMT -> SLS values
(sat.ddfw       1     25     0.5449     82243         0          4            8    13995)
SMT -> SLS values
(sat.ddfw       1     26     0.5706     85494         0          4            4    14291)
SMT -> SLS values
ramon: poll                 wall=6.000s usage=5.930s mem=65532KiB load=1.00 rootload=1.00
(sat.ddfw       1     27     0.2995     87268         0          4            1    15430)
SLS -> SMT phase. unsat size: 1
SLS -> SMT values
(nlsat :conflicts 1 :decisions 0 :propagations 79 :clauses 929 :learned 1)
SMT -> SLS values
(sat.ddfw       1     28     0.4509     90048         0          4            7    15681)
SMT -> SLS values
(sat.ddfw :unsat :models :kflips/sec   :flips :restarts   :reinits  :unsat_vars  :shifts)
(sat.ddfw       1     29     0.3726     92438         0          4           13    15878)
(nlsat :conflicts 1 :decisions 0 :propagations 79 :clauses 935 :learned 1)
SMT -> SLS values
(sat.ddfw       1     30     0.3714     94928         0          4           10    16087)
(nlsat :conflicts 1 :decisions 0 :propagations 79 :clauses 940 :learned 1)
SMT -> SLS values
set value failed Nl2CT1 := (- 2)
v10 := -2 Nl2CT1  muls: v21 v44 v79 v97 v108 v143 v170 v183 v218 v241 v262 v291 v312 v334 v361 v413 v526 v536 v539   bool: -1@20 -1@75 -1@127 -1@178 -1@230 1@419  := -2
ramon: poll                 wall=7.000s usage=6.928s mem=65816KiB load=1.00 rootload=1.00
(sat.ddfw       1     31     0.4797     98252         0          4           20    16404)
SMT -> SLS values
(sat.ddfw       1     32     0.4081    101177         0          4           21    16656)
SMT -> SLS values
(sat.ddfw       1     33     0.5249    105020         1          4            2    17129)
SLS -> SMT phase. unsat size: 1
SLS -> SMT values
SMT -> SLS values
(sat.ddfw       1     34     0.4148    108146         1          4            9    17403)
SMT -> SLS values
(sat.ddfw       1     35     0.3829    111121         1          4            8    17730)
(nlsat :conflicts 2 :decisions 0 :propagations 150 :clauses 936 :learned 2)
SMT -> SLS values
(sat.ddfw       1     35     0.0181    111262         1          4           21    17730)
ramon: poll                 wall=8.000s usage=7.928s mem=65836KiB load=1.00 rootload=1.00
(sat.ddfw       1     36     0.3844    114333         1          5            6    18060)
SMT -> SLS values
(sat.ddfw       1     37     0.3901    117538         1          5            7    18385)
SMT -> SLS values
set value failed Nl2CT2 := (- 26)
v22 := -26 Nl2CT2  muls: v24 v46 v80 v99 v110 v145 v172 v185 v220 v243 v264 v293 v314 v336 v363 v414 v527 v537 v540   bool: -1@60 -1@110 -1@162 -1@214 -1@266 1@420  := -26
(sat.ddfw       1     38     0.3564    120545         1          5            7    18718)
SMT -> SLS values
(sat.ddfw       1     39     0.2986    123144         1          5           10    18929)
(nlsat :conflicts 2 :decisions 0 :propagations 156 :clauses 936 :learned 2)
SMT -> SLS values
ramon: poll                 wall=9.000s usage=8.928s mem=65632KiB load=1.00 rootload=1.00
(sat.ddfw       1     40     0.3289    126081         1          5           14    19211)
SMT -> SLS values
(sat.ddfw       1     41     0.3501    129282         1          5            6    19621)
SMT -> SLS values
set value failed Nl2CT1 := (- 4)
v10 := -4 Nl2CT1  muls: v21 v44 v79 v97 v108 v143 v170 v183 v218 v241 v262 v291 v312 v334 v361 v413 v526 v536 v539   bool: -1@20 -1@75 -1@127 -1@178 -1@230 1@419  := -4
(sat.ddfw       1     42     0.3503    132549         1          5            5    19931)
SLS -> SMT activity
SMT -> SLS values
set value failed Nl2CT2 := (- 26)
v22 := -26 Nl2CT2  muls: v24 v46 v80 v99 v110 v145 v172 v185 v220 v243 v264 v293 v314 v336 v363 v414 v527 v537 v540   bool: -1@60 -1@110 -1@162 -1@214 -1@266 1@420  := -26
(sat.ddfw       1     43     0.2998    135407         1          5           12    20161)
SMT -> SLS values
(sat.ddfw       1     44     0.3120    138444         1          5           11    20426)
(nlsat :conflicts 1 :decisions 0 :propagations 142 :clauses 947 :learned 1)
SMT -> SLS values
ramon: poll                 wall=10.000s usage=9.922s mem=66120KiB load=0.99 rootload=0.99
(sat.ddfw       1     45     0.3773    142179         1          5            4    20863)
SMT -> SLS values
(sat.ddfw       1     46     0.3006    145222         1          5            5    21208)
SMT -> SLS values
(sat.ddfw       1     47     0.3341    148665         1          5            7    21607)
SMT -> SLS values
(sat.ddfw       1     48     0.3101    151917         1          5            3    21998)
SMT -> SLS values
(sat.ddfw       1     49     0.3517    155664         1          5            4    22419)
SMT -> SLS values
(sat.ddfw       1     50     0.3089    159010         1          5            5    22763)
SMT -> SLS values
ramon: poll                 wall=11.000s usage=10.920s mem=66104KiB load=1.00 rootload=1.00
(sat.ddfw       1     51     0.3210    162543         1          5            4    23130)
SMT -> SLS values
(sat.ddfw       1     51     0.0130    162686         1          5           29    23130)
(sat.ddfw       1     52     0.0065    162759         1          6            1    24989)
SLS -> SMT phase. unsat size: 1
SLS -> SMT values
SMT -> SLS values
(sat.ddfw       1     53     0.2502    165630         1          6           12    25247)
SMT -> SLS values
(sat.ddfw       1     54     0.2081    168067         1          6           11    25432)
SMT -> SLS values
ramon: poll                 wall=12.000s usage=11.920s mem=66616KiB load=1.00 rootload=1.00
(sat.ddfw       1     55     0.2730    171317         1          6            4    25805)
SMT -> SLS values
(sat.ddfw       1     56     0.2763    174662         1          6           28    26121)
SMT -> SLS values
(sat.ddfw :unsat :models :kflips/sec   :flips :restarts   :reinits  :unsat_vars  :shifts)
(sat.ddfw       1     57     0.2394    177616         1          6            5    26320)
(nlsat :conflicts 2 :decisions 0 :propagations 103 :clauses 981 :learned 2)
SMT -> SLS values
(sat.ddfw       1     58     0.2459    180705         1          6            7    26587)
SMT -> SLS values
(sat.ddfw       1     59     0.2195    183515         1          6            7    26837)
SMT -> SLS values
set value failed Nl2CT2 := (- 26)
v22 := -26 Nl2CT2  muls: v24 v46 v80 v99 v110 v145 v172 v185 v220 v243 v264 v293 v314 v336 v363 v414 v527 v537 v540   bool: -1@60 -1@110 -1@162 -1@214 -1@266 1@420  := -26
ramon: poll                 wall=13.000s usage=12.920s mem=66820KiB load=1.00 rootload=1.00
(sat.ddfw       1     60     0.2468    186726         1          6            4    27098)
SMT -> SLS values
(sat.ddfw       1     61     0.2243    189692         1          6           10    27342)
SMT -> SLS values
(sat.ddfw       1     62     0.2055    192455         1          6            9    27548)
SLS -> SMT activity
SMT -> SLS values
(sat.ddfw       1     63     0.2211    195475         1          6            4    27801)
SMT -> SLS values
ramon: poll                 wall=14.000s usage=13.919s mem=66568KiB load=1.00 rootload=1.00
(sat.ddfw       1     64     0.2204    198536         1          6           10    28006)
SMT -> SLS values
(sat.ddfw       1     65     0.2047    201425         1          6           17    28169)
SMT -> SLS values
(sat.ddfw       1     66     0.1888    204132         2          6            4    28345)
SMT -> SLS values
(sat.ddfw       1     67     0.1749    206681         2          6           23    28497)
(smt.stats    1    202   2788   2335  7177/7093/32     444/11     1    0   63.54)
SMT -> SLS values
(sat.ddfw       1     68     0.2118    209816         2          6           21    28709)
SMT -> SLS values
ramon: poll                 wall=15.000s usage=14.919s mem=66568KiB load=1.00 rootload=1.00
(sat.ddfw       1     69     0.2150    213040         2          6            7    28949)
SMT -> SLS values
(sat.ddfw       1     70     0.2122    216264         2          6           12    29217)
SMT -> SLS values
(sat.ddfw       1     71     0.1909    219205         2          6           14    29431)
SMT -> SLS values
(sat.ddfw       1     72     0.1616    221738         2          6           16    29626)
SMT -> SLS values
(sat.ddfw       1     72     0.0095    221887         2          6           32    29626)
ramon: poll                 wall=16.000s usage=15.919s mem=66568KiB load=1.00 rootload=1.00
(sat.ddfw       1     73     0.1893    224893         2          7            4    29875)
SMT -> SLS values
(sat.ddfw       1     74     0.2126    228309         2          7            5    30183)
SMT -> SLS values
(sat.ddfw       1     75     0.1862    231341         2          7           20    30458)
SMT -> SLS values
(sat.ddfw       1     76     0.1590    233966         2          7            5    30646)
(nlsat :conflicts 3 :decisions 0 :propagations 164 :clauses 966 :learned 3)
(nlsat :conflicts 3 :decisions 0 :propagations 162 :clauses 966 :learned 3)
(nlsat :conflicts 1 :decisions 0 :propagations 174 :clauses 968 :learned 1)
(nlsat :conflicts 3 :decisions 0 :propagations 174 :clauses 985 :learned 3)
(nlsat :conflicts 3 :decisions 0 :propagations 179 :clauses 979 :learned 3)
(nlsat :conflicts 2 :decisions 0 :propagations 178 :clauses 981 :learned 2)
(nlsat :conflicts 1 :decisions 0 :propagations 156 :clauses 987 :learned 1)
(nlsat :conflicts 2 :decisions 0 :propagations 179 :clauses 1003 :learned 2)
(nlsat :conflicts 3 :decisions 0 :propagations 179 :clauses 979 :learned 3)
(nlsat :conflicts 3 :decisions 0 :propagations 172 :clauses 981 :learned 3)
(nlsat :conflicts 2 :decisions 0 :propagations 173 :clauses 981 :learned 2)
(nlsat :conflicts 1 :decisions 0 :propagations 169 :clauses 987 :learned 1)
(nlsat :conflicts 1 :decisions 0 :propagations 165 :clauses 968 :learned 1)
SMT -> SLS values
ramon: poll                 wall=17.000s usage=16.919s mem=67236KiB load=1.00 rootload=0.99
(sat.ddfw       1     77     0.1549    236598         2          7           10    30798)
SMT -> SLS values
(sat.ddfw       1     78     0.1336    238901         2          7            9    30953)
SMT -> SLS values
(sat.ddfw       1     79     0.1792    242026         2          7            4    31244)
SMT -> SLS values
(sat.ddfw       1     80     0.1116    244002         2          7           16    31357)
SMT -> SLS values
ramon: poll                 wall=18.000s usage=17.918s mem=67300KiB load=1.00 rootload=1.00
(sat.ddfw       1     81     0.1107    245991         2          7           13    31471)
(nlsat :conflicts 1 :decisions 0 :propagations 153 :clauses 985 :learned 1)
(nlsat :conflicts 1 :decisions 0 :propagations 159 :clauses 1002 :learned 1)
(nlsat :conflicts 1 :decisions 0 :propagations 131 :clauses 1044 :learned 1)
SMT -> SLS values
(sat.ddfw       1     82     0.1815    249307         2          7            8    31748)
SLS -> SMT activity
SMT -> SLS values
(sat.ddfw       1     83     0.1770    252575         2          7            6    32047)
SMT -> SLS values
(sat.ddfw       1     84     0.1548    255467         2          7            6    32248)
(nlsat :conflicts 1 :decisions 0 :propagations 82 :clauses 1010 :learned 1)
(nlsat :conflicts 1 :decisions 0 :propagations 167 :clauses 1005 :learned 1)
(nlsat :conflicts 1 :decisions 0 :propagations 162 :clauses 1005 :learned 1)
(smt.stats    2    313  10567   3808  7218/7126/32     656/16     1    0   64.79)
SMT -> SLS values
ramon: poll                 wall=19.000s usage=18.918s mem=68020KiB load=1.00 rootload=1.00
(sat.ddfw       1     85     0.1656    258608         2          7            5    32507)
SMT -> SLS values
(sat.ddfw :unsat :models :kflips/sec   :flips :restarts   :reinits  :unsat_vars  :shifts)
(sat.ddfw       1     86     0.1521    261527         2          7           11    32732)
SMT -> SLS values
(sat.ddfw       1     87     0.1337    264126         2          7           10    32907)
SMT -> SLS values
set value failed Nl2CT1 := (- 10)
v10 := -10 Nl2CT1  muls: v21 v44 v79 v97 v108 v143 v170 v183 v218 v241 v262 v291 v312 v334 v361 v413 v526 v536 v539   bool: -1@20 -1@75 -1@127 -1@178 -1@230 1@419  := -10
(sat.ddfw       1     88     0.1466    267008         2          7           32    33104)
(nlsat :conflicts 1 :decisions 0 :propagations 176 :clauses 1022 :learned 1)
SMT -> SLS values
ramon: poll                 wall=20.000s usage=19.918s mem=68512KiB load=1.00 rootload=1.00
(sat.ddfw       1     89     0.1511    270017         2          7            8    33320)
SMT -> SLS values
(sat.ddfw       1     90     0.1536    273108         2          7            7    33583)
(nlsat :conflicts 1 :decisions 0 :propagations 324 :clauses 1025 :learned 1)
(nlsat :conflicts 2 :decisions 0 :propagations 172 :clauses 1060 :learned 2)
(nlsat :conflicts 1 :decisions 0 :propagations 198 :clauses 1072 :learned 1)
SMT -> SLS values
(sat.ddfw       1     91     0.1356    275886         2          7            8    33769)
SMT -> SLS values
set value failed Nl2CT1 := (- 50)
v10 := -50 Nl2CT1  muls: v21 v44 v79 v97 v108 v143 v170 v183 v218 v241 v262 v291 v312 v334 v361 v413 v526 v536 v539   bool: -1@20 -1@75 -1@127 -1@178 -1@230 1@419  := -50
set value failed Nl2CT2 := 43
v22 := 43 Nl2CT2  muls: v24 v46 v80 v99 v110 v145 v172 v185 v220 v243 v264 v293 v314 v336 v363 v414 v527 v537 v540   bool: -1@60 -1@110 -1@162 -1@214 -1@266 1@420  := 43
(sat.ddfw       1     92     0.1300    278582         2          7           34    33981)
SMT -> SLS values
set value failed Nl2CT1 := (- 30)
v10 := -30 Nl2CT1  muls: v21 v44 v79 v97 v108 v143 v170 v183 v218 v241 v262 v291 v312 v334 v361 v413 v526 v536 v539   bool: -1@20 -1@75 -1@127 -1@178 -1@230 1@419  := -30
set value failed Nl2CT2 := 28
v22 := 28 Nl2CT2  muls: v24 v46 v80 v99 v110 v145 v172 v185 v220 v243 v264 v293 v314 v336 v363 v414 v527 v537 v540   bool: -1@60 -1@110 -1@162 -1@214 -1@266 1@420  := 28
ramon: poll                 wall=21.000s usage=20.918s mem=69644KiB load=1.00 rootload=1.00
(sat.ddfw       1     93     0.1296    281300         2          7            8    34165)
SMT -> SLS values
(sat.ddfw       1     94     0.1322    284104         2          7            9    34369)
SMT -> SLS values
(sat.ddfw       1     95     0.1356    287013         2          7            8    34567)
(nlsat :conflicts 1 :decisions 0 :propagations 179 :clauses 1039 :learned 1)
SMT -> SLS values
set value failed Nl2CT1 := (- 148)
v10 := -148 Nl2CT1  muls: v21 v44 v79 v97 v108 v143 v170 v183 v218 v241 v262 v291 v312 v334 v361 v413 v526 v536 v539   bool: -1@20 -1@75 -1@127 -1@178 -1@230 1@419  := -148
(sat.ddfw       1     96     0.1363    289977         2          7            9    34798)
SMT -> SLS values
set value failed Nl2CT1 := (- 148)
v10 := -148 Nl2CT1  muls: v21 v44 v79 v97 v108 v143 v170 v183 v218 v241 v262 v291 v312 v334 v361 v413 v526 v536 v539   bool: -1@20 -1@75 -1@127 -1@178 -1@230 1@419  := -148
(sat.ddfw       1     96     0.0066    290120         2          7           33    34798)
ramon: poll                 wall=22.000s usage=21.917s mem=69764KiB load=1.00 rootload=1.00
(sat.ddfw       1     97     0.1349    293082         2          8           18    35019)
SMT -> SLS values
set value failed Nl2CT1 := (- 148)
v10 := -148 Nl2CT1  muls: v21 v44 v79 v97 v108 v143 v170 v183 v218 v241 v262 v291 v312 v334 v361 v413 v526 v536 v539   bool: -1@20 -1@75 -1@127 -1@178 -1@230 1@419  := -148
set value failed Nl2CT2 := 145
v22 := 145 Nl2CT2  muls: v24 v46 v80 v99 v110 v145 v172 v185 v220 v243 v264 v293 v314 v336 v363 v414 v527 v537 v540   bool: -1@60 -1@110 -1@162 -1@214 -1@266 1@420  := 145
(sat.ddfw       1     98     0.1261    295880         2          8            8    35226)
SMT -> SLS values
set value failed Nl2CT2 := 145
v22 := 145 Nl2CT2  muls: v24 v46 v80 v99 v110 v145 v172 v185 v220 v243 v264 v293 v314 v336 v363 v414 v527 v537 v540   bool: -1@60 -1@110 -1@162 -1@214 -1@266 1@420  := 145
(sat.ddfw       1     99     0.1464    299162         2          8           26    35476)
SMT -> SLS values
set value failed lam6n13 := 287
v169 := 287 lam6n13  muls: v170 v198 v200 v202 v204 v206   bool: -1@158  := 287
set value failed Nl2CT1 := (- 148)
v10 := -148 Nl2CT1  muls: v21 v44 v79 v97 v108 v143 v170 v183 v218 v241 v262 v291 v312 v334 v361 v413 v526 v536 v539   bool: -1@20 -1@75 -1@127 -1@178 -1@230 1@419  := -148
set value failed Nl2CT2 := 145
v22 := 145 Nl2CT2  muls: v24 v46 v80 v99 v110 v145 v172 v185 v220 v243 v264 v293 v314 v336 v363 v414 v527 v537 v540   bool: -1@60 -1@110 -1@162 -1@214 -1@266 1@420  := 145
(sat.ddfw       1    100     0.1291    302085         2          8           16    35494)
(nlsat :conflicts 2 :decisions 0 :propagations 346 :clauses 1037 :learned 2)
SMT -> SLS values
ramon: poll                 wall=23.000s usage=22.917s mem=69028KiB load=1.00 rootload=1.00
(sat.ddfw       1    101     0.0840    304013         3          8           18    35620)
SMT -> SLS values
(sat.ddfw       1    102     0.1219    306837         3          8            7    35807)
SLS -> SMT activity
(smt.stats    3    414  20973   6200  7373/7181/32     844/16     1    0   65.91)
(nlsat :conflicts 1 :decisions 0 :propagations 209 :clauses 1047 :learned 1)
(nlsat :conflicts 1 :decisions 0 :propagations 207 :clauses 1057 :learned 1)
(nlsat :conflicts 1 :decisions 0 :propagations 211 :clauses 1038 :learned 1)
(nlsat :conflicts 3 :decisions 0 :propagations 223 :clauses 1056 :learned 3)
(nlsat :conflicts 1 :decisions 0 :propagations 93 :clauses 1059 :learned 1)
(nlsat :conflicts 1 :decisions 0 :propagations 93 :clauses 1070 :learned 1)
(nlsat :conflicts 1 :decisions 0 :propagations 90 :clauses 1078 :learned 1)
(smt.stats    4    525  33615   9354  7435/7314/32    1164/16     1    0   66.47)
SMT -> SLS values
set value failed Nl2CT1 := (- 12)
v10 := -12 Nl2CT1  muls: v21 v44 v79 v97 v108 v143 v170 v183 v218 v241 v262 v291 v312 v334 v361 v413 v526 v536 v539   bool: -1@20 -1@75 -1@127 -1@178 -1@230 1@419  := -12
(sat.ddfw       1    103     0.1388    310116         3          8            4    36090)
SMT -> SLS values
ramon: poll                 wall=24.000s usage=23.917s mem=70340KiB load=1.00 rootload=0.99
(sat.ddfw       1    104     0.1180    312932         3          8           10    36304)
SMT -> SLS values
(sat.ddfw       1    105     0.0946    315213         3          8           11    36453)
(nlsat :conflicts 2 :decisions 0 :propagations 249 :clauses 1073 :learned 2)
SMT -> SLS values
(sat.ddfw       1    106     0.1090    317868         3          8           19    36611)
SMT -> SLS values
(sat.ddfw       1    107     0.1045    320437         3          8            7    36781)
SMT -> SLS values
(sat.ddfw       1    108     0.1058    323063         3          8           10    36922)
SMT -> SLS values
ramon: poll                 wall=25.000s usage=24.916s mem=71388KiB load=1.00 rootload=1.00
(sat.ddfw       1    109     0.1194    326054         3          8           26    37146)
SMT -> SLS values
(sat.ddfw       1    110     0.0983    328538         3          8           20    37309)
SMT -> SLS values
(sat.ddfw       1    111     0.0863    330741         3          8           24    37441)
SMT -> SLS values
(sat.ddfw       1    112     0.1209    333853         3          8            6    37696)
(nlsat :conflicts 1 :decisions 0 :propagations 184 :clauses 1121 :learned 1)
SMT -> SLS values
ramon: poll                 wall=26.000s usage=25.916s mem=70556KiB load=1.00 rootload=1.00
(sat.ddfw       1    113     0.1142    336820         3          8            8    37909)
SMT -> SLS values
(sat.ddfw       1    114     0.1215    340003         3          8            7    38184)
SMT -> SLS values
(sat.ddfw :unsat :models :kflips/sec   :flips :restarts   :reinits  :unsat_vars  :shifts)
(sat.ddfw       1    115     0.1046    342767         3          8           21    38387)
SMT -> SLS values
(sat.ddfw       1    116     0.1096    345687         3          8            7    38629)
SMT -> SLS values
ramon: poll                 wall=27.000s usage=26.915s mem=71136KiB load=1.00 rootload=1.00
(sat.ddfw       1    117     0.1079    348584         3          8           11    38847)
(nlsat :conflicts 2 :decisions 0 :propagations 246 :clauses 1127 :learned 2)
(nlsat :conflicts 1 :decisions 0 :propagations 239 :clauses 1142 :learned 1)
(nlsat :conflicts 1 :decisions 0 :propagations 231 :clauses 1142 :learned 1)
(nlsat :conflicts 2 :decisions 0 :propagations 144 :clauses 1149 :learned 2)
(nlsat :conflicts 1 :decisions 0 :propagations 232 :clauses 1148 :learned 1)
(nlsat :conflicts 1 :decisions 0 :propagations 242 :clauses 1150 :learned 1)
(nlsat :conflicts 1 :decisions 0 :propagations 265 :clauses 1147 :learned 1)
SMT -> SLS values
(sat.ddfw       1    118     0.1163    351752         3          8            5    39137)
(nlsat :conflicts 2 :decisions 0 :propagations 268 :clauses 1130 :learned 2)
(nlsat :conflicts 2 :decisions 0 :propagations 268 :clauses 1154 :learned 2)
SMT -> SLS values
(sat.ddfw       1    119     0.1079    354723         3          8            9    39331)
SMT -> SLS values
(sat.ddfw       1    120     0.1067    357685         3          8            4    39607)
SMT -> SLS values
ramon: poll                 wall=28.000s usage=27.915s mem=71252KiB load=1.00 rootload=1.00
(sat.ddfw       1    121     0.0930    360288         3          8           11    39803)
SMT -> SLS values
(sat.ddfw       1    122     0.1056    363270         3          8           11    40054)
SLS -> SMT activity
SMT -> SLS values
set value failed Nl2CT1 := (- 11)
v10 := -11 Nl2CT1  muls: v21 v44 v79 v97 v108 v143 v170 v183 v218 v241 v262 v291 v312 v334 v361 v413 v526 v536 v539   bool: -1@20 -1@75 -1@127 -1@178 -1@230 1@419  := -11
(sat.ddfw       1    123     0.0922    365895         3          8           20    40244)
(nlsat :conflicts 2 :decisions 0 :propagations 136 :clauses 1158 :learned 2)
(nlsat :conflicts 2 :decisions 0 :propagations 97 :clauses 1151 :learned 2)
(nlsat :conflicts 2 :decisions 0 :propagations 96 :clauses 1151 :learned 2)
SMT -> SLS values
(sat.ddfw       1    124     0.0940    368600         3          8           11    40428)
SMT -> SLS values
ramon: poll                 wall=29.000s usage=28.915s mem=71860KiB load=1.00 rootload=1.00
(sat.ddfw       1    125     0.1161    371964         3          8           15    40719)
SMT -> SLS values
(sat.ddfw       1    125     0.0069    372165         3          8           26    40719)
(sat.ddfw       1    126     0.0772    374422         3          9           15    40920)
SMT -> SLS values
(sat.ddfw       1    127     0.0954    377234         3          9           17    41166)
SMT -> SLS values
(sat.ddfw       1    128     0.1013    380245         3          9           18    41402)
(nlsat :conflicts 2 :decisions 0 :propagations 98 :clauses 1171 :learned 2)
(nlsat :conflicts 2 :decisions 0 :propagations 106 :clauses 1181 :learned 2)
(nlsat :conflicts 2 :decisions 0 :propagations 149 :clauses 1183 :learned 2)
(nlsat :conflicts 2 :decisions 0 :propagations 276 :clauses 1174 :learned 2)
SMT -> SLS values
ramon: poll                 wall=30.000s usage=29.914s mem=71864KiB load=1.00 rootload=1.00
(sat.ddfw       1    129     0.0975    383172         3          9           11    41622)
SMT -> SLS values
set value failed Nl2CT2 := 43
v22 := 43 Nl2CT2  muls: v24 v46 v80 v99 v110 v145 v172 v185 v220 v243 v264 v293 v314 v336 v363 v414 v527 v537 v540   bool: -1@60 -1@110 -1@162 -1@214 -1@266 1@420  := 43
(sat.ddfw       1    130     0.0752    385448         3          9           13    41741)
SMT -> SLS values
(sat.ddfw       1    131     0.0929    388283         3          9            9    41951)
SMT -> SLS values
set value failed Nl2CT1 := (- 47)
v10 := -47 Nl2CT1  muls: v21 v44 v79 v97 v108 v143 v170 v183 v218 v241 v262 v291 v312 v334 v361 v413 v526 v536 v539   bool: -1@20 -1@75 -1@127 -1@178 -1@230 1@419  := -47
set value failed Nl2CT2 := 43
v22 := 43 Nl2CT2  muls: v24 v46 v80 v99 v110 v145 v172 v185 v220 v243 v264 v293 v314 v336 v363 v414 v527 v537 v540   bool: -1@60 -1@110 -1@162 -1@214 -1@266 1@420  := 43
(sat.ddfw       1    132     0.0443    389649         3          9           15    41952)
SMT -> SLS values
ramon: poll                 wall=31.000s usage=30.914s mem=71864KiB load=1.00 rootload=1.00
(sat.ddfw       1    133     0.0913    392485         3          9            9    42200)
(smt.stats    5    647  52318  15246  7600/7412/32    1510/17     1    0   67.75)
ramon: poll                 wall=32.000s usage=31.914s mem=71864KiB load=1.00 rootload=1.00
ramon: poll                 wall=33.000s usage=32.912s mem=71864KiB load=1.00 rootload=1.00
(sat.ddfw       1    139     0.9069    422477         3          9           12    44713)
SLS -> SMT activity
SMT -> SLS values
set value failed Nl2CT1 := (- 73)
v10 := -73 Nl2CT1  muls: v21 v44 v79 v97 v108 v143 v170 v183 v218 v241 v262 v291 v312 v334 v361 v413 v526 v536 v539   bool: -1@20 -1@75 -1@127 -1@178 -1@230 1@419  := -73
(sat.ddfw       1    140     0.0943    425618         3          9            7    44997)
SMT -> SLS values
(sat.ddfw       1    141     0.0905    428653         3          9            5    45227)
SMT -> SLS values
(sat.ddfw       1    141     0.0868    431585         3          9           12    45485)
SMT -> SLS values
set value failed Nl2CT1 := (- 131)
v10 := -131 Nl2CT1  muls: v21 v44 v79 v97 v108 v143 v170 v183 v218 v241 v262 v291 v312 v334 v361 v413 v526 v536 v539   bool: -1@20 -1@75 -1@127 -1@178 -1@230 1@419  := -131
set value failed Nl2CT2 := 127
v22 := 127 Nl2CT2  muls: v24 v46 v80 v99 v110 v145 v172 v185 v220 v243 v264 v293 v314 v336 v363 v414 v527 v537 v540   bool: -1@60 -1@110 -1@162 -1@214 -1@266 1@420  := 127
ramon: poll                 wall=34.000s usage=33.911s mem=72504KiB load=1.00 rootload=0.99
(sat.ddfw       1    142     0.0893    434624         3          9            6    45741)
(nlsat :conflicts 2 :decisions 0 :propagations 104 :clauses 1186 :learned 2)
SMT -> SLS values
(sat.ddfw       1    143     0.0851    437542         3          9           16    45914)
SMT -> SLS values
(sat.ddfw       1    144     0.0865    440529         3          9            3    46122)
SMT -> SLS values
(sat.ddfw       1    145     0.0805    443326         3          9            6    46310)
SMT -> SLS values
ramon: poll                 wall=35.000s usage=34.911s mem=71544KiB load=1.00 rootload=1.00
(sat.ddfw       1    146     0.0818    446188         3          9            5    46485)
(nlsat :conflicts 2 :decisions 0 :propagations 104 :clauses 1189 :learned 2)
SMT -> SLS values
(sat.ddfw       1    147     0.0887    449315         3          9            4    46689)
SLS -> SMT activity
(nlsat :conflicts 2 :decisions 0 :propagations 104 :clauses 1188 :learned 2)
(nlsat :conflicts 2 :decisions 0 :propagations 104 :clauses 1188 :learned 2)
(nlsat :conflicts 2 :decisions 0 :propagations 104 :clauses 1188 :learned 2)
(nlsat :conflicts 2 :decisions 0 :propagations 104 :clauses 1188 :learned 2)
(nlsat :conflicts 2 :decisions 0 :propagations 104 :clauses 1188 :learned 2)
(nlsat :conflicts 2 :decisions 0 :propagations 104 :clauses 1187 :learned 2)
(nlsat :conflicts 2 :decisions 0 :propagations 104 :clauses 1192 :learned 2)
(nlsat :conflicts 2 :decisions 0 :propagations 108 :clauses 1215 :learned 2)
(nlsat :conflicts 2 :decisions 0 :propagations 108 :clauses 1213 :learned 2)
SMT -> SLS values
set value failed Nl2CT2 := 106
v22 := 106 Nl2CT2  muls: v24 v46 v80 v99 v110 v145 v172 v185 v220 v243 v264 v293 v314 v336 v363 v414 v527 v537 v540   bool: -1@60 -1@110 -1@162 -1@214 -1@266 1@420  := 106
(sat.ddfw :unsat :models :kflips/sec   :flips :restarts   :reinits  :unsat_vars  :shifts)
(sat.ddfw       1    148     0.0714    451862         3          9           12    46852)
(nlsat :conflicts 2 :decisions 0 :propagations 108 :clauses 1211 :learned 2)
(nlsat :conflicts 2 :decisions 0 :propagations 108 :clauses 1211 :learned 2)
(nlsat :conflicts 2 :decisions 0 :propagations 108 :clauses 1213 :learned 2)
(nlsat :conflicts 1 :decisions 0 :propagations 158 :clauses 1218 :learned 1)
(nlsat :conflicts 1 :decisions 0 :propagations 154 :clauses 1221 :learned 1)
(nlsat :conflicts 1 :decisions 0 :propagations 112 :clauses 1242 :learned 1)
ramon: poll                 wall=36.000s usage=35.911s mem=72920KiB load=1.00 rootload=1.00
(nlsat :conflicts 1 :decisions 0 :propagations 158 :clauses 1214 :learned 1)
(nlsat :conflicts 1 :decisions 0 :propagations 154 :clauses 1214 :learned 1)
(nlsat :conflicts 1 :decisions 0 :propagations 154 :clauses 1196 :learned 1)
(nlsat :conflicts 1 :decisions 0 :propagations 104 :clauses 1201 :learned 1)
(nlsat :conflicts 1 :decisions 0 :propagations 104 :clauses 1203 :learned 1)
(nlsat :conflicts 1 :decisions 0 :propagations 104 :clauses 1208 :learned 1)
(nlsat :conflicts 1 :decisions 0 :propagations 150 :clauses 1201 :learned 1)
SMT -> SLS values
(sat.ddfw       1    149     0.0889    455097         3          9            8    47124)
SMT -> SLS values
(sat.ddfw       1    150     0.0627    457396         3          9           14    47248)
SMT -> SLS values
ramon: poll                 wall=37.000s usage=36.911s mem=74504KiB load=1.00 rootload=0.99
(sat.ddfw       1    151     0.0516    459302         3          9           20    47333)
SMT -> SLS values
(sat.ddfw       1    152     0.0653    461731         3          9           11    47479)
SMT -> SLS values
set value failed Nl2CT2 := 60
v22 := 60 Nl2CT2  muls: v24 v46 v80 v99 v110 v145 v172 v185 v220 v243 v264 v293 v314 v336 v363 v414 v527 v537 v540   bool: -1@60 -1@110 -1@162 -1@214 -1@266 1@420  := 60
(sat.ddfw       1    152     0.0033    461852         3          9           24    47479)
(sat.ddfw       1    153     0.0733    464596         3         10            3    47793)
(nlsat :conflicts 2 :decisions 0 :propagations 148 :clauses 1216 :learned 2)
(nlsat :conflicts 2 :decisions 0 :propagations 148 :clauses 1219 :learned 2)
(nlsat :conflicts 2 :decisions 0 :propagations 148 :clauses 1215 :learned 2)
(nlsat :conflicts 2 :decisions 0 :propagations 148 :clauses 1217 :learned 2)
(nlsat :conflicts 1 :decisions 0 :propagations 294 :clauses 1247 :learned 1)
(nlsat :conflicts 1 :decisions 0 :propagations 120 :clauses 1266 :learned 1)
(nlsat :conflicts 1 :decisions 0 :propagations 109 :clauses 1266 :learned 1)
SMT -> SLS values
set value failed lam7n14 := 3
v184 := 3 lam7n14  muls: v185 v187 v189 v191 v193 v195   bool: -1@132  := 3
set value failed lam13n13 := 4
v311 := 4 lam13n13  muls: v312 v315 v317 v319 v321 v351   bool: -1@261  := 4
set value failed lam14n14 := 4
v362 := 4 lam14n14  muls: v363 v365 v367 v369 v371 v374   bool: -1@275  := 4
set value failed lam10n13 := 7
v240 := 7 lam10n13  muls: v241 v244 v246 v248 v277 v279   bool: -1@212  := 7
set value failed lam13n14 := 3
v313 := 3 lam13n14  muls: v314 v316 v318 v320 v322 v352   bool: -1@263  := 3
set value failed lam19n32 := 3
v399 := 3 lam19n32  muls: v400 v402 v404 v414 v416 v418   bool: -1@314  := 3
ramon: poll                 wall=38.000s usage=37.911s mem=75004KiB load=1.00 rootload=1.00
(sat.ddfw       1    154     0.0417    466179         3         10           13    47794)
(nlsat :conflicts 2 :decisions 0 :propagations 113 :clauses 1250 :learned 2)
(nlsat :conflicts 1 :decisions 0 :propagations 113 :clauses 1262 :learned 1)
(smt.stats :restarts :decisions    :clauses/bin/units         :simplify   :memory)
(smt.stats      :conflicts  :propagations         :lemmas          :deletions   )
(smt.stats    6    748  64818  19046  7734/7571/32    1740/18     1    0   69.69)
ramon: poll                 wall=39.000s usage=38.910s mem=75000KiB load=1.00 rootload=1.00
ramon: poll                 wall=40.000s usage=39.910s mem=75000KiB load=1.00 rootload=1.00
(sat.ddfw       1    159     0.9006    502419         3         10            8    51283)
SLS -> SMT activity
(nlsat :conflicts 1 :decisions 0 :propagations 156 :clauses 1272 :learned 1)
SMT -> SLS values
set value failed Nl2CT2 := 49
v22 := 49 Nl2CT2  muls: v24 v46 v80 v99 v110 v145 v172 v185 v220 v243 v264 v293 v314 v336 v363 v414 v527 v537 v540   bool: -1@60 -1@110 -1@162 -1@214 -1@266 1@420  := 49
(sat.ddfw       1    160     0.0797    505649         4         10            3    51543)
SLS -> SMT phase. unsat size: 1
SLS -> SMT values
SMT -> SLS values
set value failed Nl2CT1 := (- 55)
v10 := -55 Nl2CT1  muls: v21 v44 v79 v97 v108 v143 v170 v183 v218 v241 v262 v291 v312 v334 v361 v413 v526 v536 v539   bool: -1@20 -1@75 -1@127 -1@178 -1@230 1@419  := -55
(sat.ddfw       1    161     0.0734    508641         4         10           40    51800)
SMT -> SLS values
ramon: poll                 wall=41.000s usage=40.910s mem=75004KiB load=1.00 rootload=1.00
(sat.ddfw       1    162     0.0783    511848         4         10            6    52086)
SMT -> SLS values
(sat.ddfw       1    163     0.0694    514709         4         10            5    52320)
SMT -> SLS values
(sat.ddfw       1    164     0.0686    517552         4         10            9    52518)
(nlsat :conflicts 1 :decisions 0 :propagations 254 :clauses 1277 :learned 1)
SMT -> SLS values
set value failed Nl2CT1 := (- 52)
v10 := -52 Nl2CT1  muls: v21 v44 v79 v97 v108 v143 v170 v183 v218 v241 v262 v291 v312 v334 v361 v413 v526 v536 v539   bool: -1@20 -1@75 -1@127 -1@178 -1@230 1@419  := -52
(sat.ddfw       1    165     0.0747    520673         4         10            4    52815)
SMT -> SLS values
set value failed Nl2CT1 := (- 52)
v10 := -52 Nl2CT1  muls: v21 v44 v79 v97 v108 v143 v170 v183 v218 v241 v262 v291 v312 v334 v361 v413 v526 v536 v539   bool: -1@20 -1@75 -1@127 -1@178 -1@230 1@419  := -52
ramon: poll                 wall=42.000s usage=41.910s mem=75004KiB load=1.00 rootload=1.00
(sat.ddfw       1    166     0.0678    523520         4         10           10    53015)
SMT -> SLS values
(sat.ddfw       1    167     0.0810    526939         4         10            5    53344)
SMT -> SLS values
(sat.ddfw       1    168     0.0617    529561         4         10           16    53552)
SMT -> SLS values
set value failed Nl2CT1 := (- 20)
v10 := -20 Nl2CT1  muls: v21 v44 v79 v97 v108 v143 v170 v183 v218 v241 v262 v291 v312 v334 v361 v413 v526 v536 v539   bool: -1@20 -1@75 -1@127 -1@178 -1@230 1@419  := -20
(sat.ddfw       1    169     0.0763    532818         4         10            6    53837)
(nlsat :conflicts 2 :decisions 0 :propagations 111 :clauses 1288 :learned 2)
(nlsat :conflicts 2 :decisions 0 :propagations 111 :clauses 1279 :learned 2)
SMT -> SLS values
set value failed Nl2CT1 := (- 34)
v10 := -34 Nl2CT1  muls: v21 v44 v79 v97 v108 v143 v170 v183 v218 v241 v262 v291 v312 v334 v361 v413 v526 v536 v539   bool: -1@20 -1@75 -1@127 -1@178 -1@230 1@419  := -34
ramon: poll                 wall=43.000s usage=42.910s mem=75652KiB load=1.00 rootload=0.99
(sat.ddfw       1    170     0.0538    535135         4         10           19    53988)
SMT -> SLS values
(sat.ddfw       1    171     0.0571    537611         4         10           10    54131)
SMT -> SLS values
(sat.ddfw       1    172     0.0666    540514         4         10            9    54331)
SLS -> SMT activity
SMT -> SLS values
ramon: poll                 wall=44.000s usage=43.910s mem=75648KiB load=1.00 rootload=1.00
(sat.ddfw       1    173     0.0510    542752         4         10           11    54464)
SMT -> SLS values
(sat.ddfw       1    174     0.0591    545362         4         10           30    54657)
(nlsat :conflicts 2 :decisions 0 :propagations 112 :clauses 1276 :learned 2)
(nlsat :conflicts 2 :decisions 0 :propagations 113 :clauses 1275 :learned 2)
(nlsat :conflicts 1 :decisions 0 :propagations 163 :clauses 1280 :learned 1)
(smt.stats    7    859  75851  23317  7846/7699/32    2041/19     1    0   70.20)
SMT -> SLS values
(sat.ddfw       1    175     0.0512    547644         4         10            9    54820)
SMT -> SLS values
(sat.ddfw       1    176     0.0540    550067         4         10            8    54978)
SMT -> SLS values
set value failed Nl2CT1 := (- 45)
v10 := -45 Nl2CT1  muls: v21 v44 v79 v97 v108 v143 v170 v183 v218 v241 v262 v291 v312 v334 v361 v413 v526 v536 v539   bool: -1@20 -1@75 -1@127 -1@178 -1@230 1@419  := -45
ramon: poll                 wall=45.000s usage=44.909s mem=75136KiB load=1.00 rootload=1.00
(sat.ddfw       1    177     0.0538    552495         4         10           12    55133)
SMT -> SLS values
set value failed Nl2CT1 := (- 45)
v10 := -45 Nl2CT1  muls: v21 v44 v79 v97 v108 v143 v170 v183 v218 v241 v262 v291 v312 v334 v361 v413 v526 v536 v539   bool: -1@20 -1@75 -1@127 -1@178 -1@230 1@419  := -45
(sat.ddfw       1    178     0.0579    555121         4         10           12    55337)
SMT -> SLS values
set value failed Nl2CT1 := (- 45)
v10 := -45 Nl2CT1  muls: v21 v44 v79 v97 v108 v143 v170 v183 v218 v241 v262 v291 v312 v334 v361 v413 v526 v536 v539   bool: -1@20 -1@75 -1@127 -1@178 -1@230 1@419  := -45
(sat.ddfw       1    179     0.0576    557749         4         10            6    55580)
SMT -> SLS values
set value failed Nl2CT1 := (- 37)
v10 := -37 Nl2CT1  muls: v21 v44 v79 v97 v108 v143 v170 v183 v218 v241 v262 v291 v312 v334 v361 v413 v526 v536 v539   bool: -1@20 -1@75 -1@127 -1@178 -1@230 1@419  := -37
ramon: poll                 wall=46.000s usage=45.909s mem=75136KiB load=1.00 rootload=1.00
(sat.ddfw       1    180     0.0428    559715         4         10           17    55673)
SMT -> SLS values
(sat.ddfw :unsat :models :kflips/sec   :flips :restarts   :reinits  :unsat_vars  :shifts)
(sat.ddfw       1    181     0.0379    561467         4         10           15    55749)
SMT -> SLS values
(sat.ddfw       1    181     0.0030    561605         4         10           46    55749)
(sat.ddfw       1    182     0.0420    563555         4         11            9    55858)
SMT -> SLS values
(sat.ddfw       1    183     0.0623    566463         4         11           10    56100)
SMT -> SLS values
ramon: poll                 wall=47.000s usage=46.909s mem=75136KiB load=1.00 rootload=1.00
(sat.ddfw       1    184     0.0414    568406         4         11           10    56215)
SMT -> SLS values
(sat.ddfw       1    185     0.0479    570675         4         11           14    56354)
(nlsat :conflicts 1 :decisions 0 :propagations 105 :clauses 1352 :learned 1)
(nlsat :conflicts 1 :decisions 0 :propagations 105 :clauses 1351 :learned 1)
(nlsat :conflicts 1 :decisions 0 :propagations 105 :clauses 1353 :learned 1)
(nlsat :conflicts 1 :decisions 0 :propagations 105 :clauses 1352 :learned 1)
(nlsat :conflicts 1 :decisions 0 :propagations 105 :clauses 1345 :learned 1)
SMT -> SLS values
(sat.ddfw       1    186     0.0697    574009         4         11            3    56725)
SMT -> SLS values
ramon: poll                 wall=48.000s usage=47.908s mem=75964KiB load=1.00 rootload=0.99
(sat.ddfw       1    187     0.0602    576904         4         11           13    56981)
SMT -> SLS values
set value failed Nl2CT1 := (- 37)
v10 := -37 Nl2CT1  muls: v21 v44 v79 v97 v108 v143 v170 v183 v218 v241 v262 v291 v312 v334 v361 v413 v526 v536 v539   bool: -1@20 -1@75 -1@127 -1@178 -1@230 1@419  := -37
set value failed Nl2CT2 := 31
v22 := 31 Nl2CT2  muls: v24 v46 v80 v99 v110 v145 v172 v185 v220 v243 v264 v293 v314 v336 v363 v414 v527 v537 v540   bool: -1@60 -1@110 -1@162 -1@214 -1@266 1@420  := 31
(sat.ddfw       1    188     0.0618    579888         4         11            9    57268)
SMT -> SLS values
set value failed Nl2CT2 := 31
v22 := 31 Nl2CT2  muls: v24 v46 v80 v99 v110 v145 v172 v185 v220 v243 v264 v293 v314 v336 v363 v414 v527 v537 v540   bool: -1@60 -1@110 -1@162 -1@214 -1@266 1@420  := 31
(sat.ddfw       1    189     0.0622    582905         4         11           24    57496)
SMT -> SLS values
(sat.ddfw       1    190     0.0660    586119         4         11            9    57844)
(nlsat :conflicts 1 :decisions 0 :propagations 105 :clauses 1365 :learned 1)
(nlsat :conflicts 1 :decisions 0 :propagations 127 :clauses 1365 :learned 1)
(nlsat :conflicts 1 :decisions 0 :propagations 127 :clauses 1371 :learned 1)
ramon: poll                 wall=49.000s usage=48.908s mem=76184KiB load=1.00 rootload=0.99
SMT -> SLS values
(sat.ddfw       1    191     0.0600    589063         4         11           12    58055)
(nlsat :conflicts 1 :decisions 0 :propagations 127 :clauses 1375 :learned 1)
(smt.stats    8    981  84219  27039  7872/7759/32    2267/28     1    0   70.00)
ramon: poll                 wall=50.008s usage=49.920s mem=74620KiB load=1.00 rootload=0.99
ramon: poll                 wall=51.160s usage=51.071s mem=74620KiB load=1.00 rootload=1.01
(sat.ddfw       1    197     0.7671    628460         5         11            6    61986)
SLS -> SMT activity
(nlsat :conflicts 1 :decisions 0 :propagations 119 :clauses 1257 :learned 1)
(nlsat :conflicts 1 :decisions 0 :propagations 119 :clauses 1264 :learned 1)
(nlsat :conflicts 2 :decisions 0 :propagations 309 :clauses 1255 :learned 2)
ramon: poll                 wall=52.048s usage=51.959s mem=77608KiB load=1.00 rootload=0.98
(nlsat :conflicts 2 :decisions 0 :propagations 308 :clauses 1277 :learned 2)
(nlsat :conflicts 2 :decisions 0 :propagations 312 :clauses 1279 :learned 2)
(nlsat :conflicts 2 :decisions 0 :propagations 311 :clauses 1277 :learned 2)
(smt.stats    9   1115  90415  31690  7953/7821/32    2921/29     1    0   74.41)
(nlsat :conflicts 1 :decisions 0 :propagations 136 :clauses 1332 :learned 1)
(nlsat :conflicts 1 :decisions 0 :propagations 141 :clauses 1327 :learned 1)
(nlsat :conflicts 1 :decisions 0 :propagations 157 :clauses 1327 :learned 1)
(nlsat :conflicts 1 :decisions 0 :propagations 157 :clauses 1327 :learned 1)
(nlsat :conflicts 1 :decisions 0 :propagations 157 :clauses 1327 :learned 1)
(nlsat :conflicts 1 :decisions 0 :propagations 157 :clauses 1312 :learned 1)
(smt.stats   10   1216 102148  37028  8002/7868/32    3244/29     1    0   74.39)
SMT -> SLS values
(sat.ddfw       1    198     0.0754    632426         5         11            2    62532)
SLS -> SMT phase. unsat size: 1
SLS -> SMT values
SLS -> SMT activity
SMT -> SLS values
(sat.ddfw       1    199     0.0575    635463         5         11            3    62956)
SMT -> SLS values
ramon: poll                 wall=53.000s usage=52.907s mem=83248KiB load=1.00 rootload=0.99
(sat.ddfw       1    200     0.0724    639294         5         11            2    63531)
SLS -> SMT phase. unsat size: 1
SLS -> SMT values
(smt.stats   11   1327 104569  40378  8002/7887/32    3687/29     1    0   75.06)
SMT -> SLS values
(sat.ddfw       1    201     0.0720    643116         6         11            3    63981)
(smt.stats   12   1449 105632  42157  8002/7887/32    3887/29     1    0   75.15)
(sat.ddfw       1    203     0.5235    671276         6         11            3    68545)
ramon: poll                 wall=54.000s usage=53.906s mem=83248KiB load=1.00 rootload=1.00
(sat.ddfw       1    206     0.5370    700471         6         12            2    73409)
SLS -> SMT activity
(smt.stats   13   1583 105983  44898  8002/7887/32    4179/30     1    0   76.01)
SMT -> SLS values
(sat.ddfw       1    207     0.0080    700910         6         12            1    75315)
SLS -> SMT phase. unsat size: 1
SLS -> SMT values
SMT -> SLS values
ramon: poll                 wall=55.000s usage=54.906s mem=83248KiB load=1.00 rootload=1.00
(sat.ddfw       1    208     0.0479    703540         6         12           11    75485)
SMT -> SLS values
(sat.ddfw       1    209     0.0614    706930         6         12            4    75810)
SMT -> SLS values
(sat.ddfw       1    210     0.0541    709927         6         12            5    76075)
SMT -> SLS values
(sat.ddfw       1    211     0.0548    712975         6         12            9    76288)
(nlsat :conflicts 1 :decisions 0 :propagations 163 :clauses 1392 :learned 1)
SMT -> SLS values
ramon: poll                 wall=56.000s usage=55.905s mem=83248KiB load=1.00 rootload=1.00
(sat.ddfw       1    212     0.0404    715230         6         12           18    76413)
SMT -> SLS values
(sat.ddfw       1    213     0.0562    718382         6         12            9    76656)
SMT -> SLS values
(sat.ddfw       1    214     0.0494    721167         6         12           13    76832)
SMT -> SLS values
(sat.ddfw       1    215     0.0461    723774         6         12           10    77010)
(nlsat :conflicts 1 :decisions 0 :propagations 325 :clauses 1395 :learned 1)
SMT -> SLS values
(sat.ddfw       1    216     0.0542    726849         6         12            8    77270)
(nlsat :conflicts 1 :decisions 0 :propagations 321 :clauses 1394 :learned 1)
(nlsat :conflicts 1 :decisions 0 :propagations 324 :clauses 1392 :learned 1)
(nlsat :conflicts 2 :decisions 0 :propagations 172 :clauses 1393 :learned 2)
(nlsat :conflicts 1 :decisions 0 :propagations 167 :clauses 1385 :learned 1)
(smt.stats   14   1730 113107  49035  8008/7887/32    4627/33     1    0   76.99)
(nlsat :conflicts 2 :decisions 0 :propagations 121 :clauses 1374 :learned 2)
ramon: poll                 wall=57.048s usage=56.956s mem=85148KiB load=1.00 rootload=0.99
(nlsat :conflicts 2 :decisions 0 :propagations 112 :clauses 1370 :learned 2)
SMT -> SLS values
(sat.ddfw       1    217     0.0572    730118         6         12            6    77506)
(nlsat :conflicts 1 :decisions 0 :propagations 303 :clauses 1366 :learned 1)
(nlsat :conflicts 1 :decisions 0 :propagations 307 :clauses 1369 :learned 1)
(nlsat :conflicts 1 :decisions 0 :propagations 383 :clauses 1369 :learned 1)
(nlsat :conflicts 1 :decisions 0 :propagations 383 :clauses 1369 :learned 1)
(nlsat :conflicts 2 :decisions 0 :propagations 383 :clauses 1371 :learned 2)
(nlsat :conflicts 2 :decisions 0 :propagations 390 :clauses 1382 :learned 2)
(nlsat :conflicts 2 :decisions 0 :propagations 386 :clauses 1371 :learned 2)
SMT -> SLS values
(sat.ddfw :unsat :models :kflips/sec   :flips :restarts   :reinits  :unsat_vars  :shifts)
(sat.ddfw       1    218     0.0549    733275         6         12            8    77768)
SMT -> SLS values
set value failed Nl2CT2 := 14
v22 := 14 Nl2CT2  muls: v24 v46 v80 v99 v110 v145 v172 v185 v220 v243 v264 v293 v314 v336 v363 v414 v527 v537 v540   bool: -1@60 -1@110 -1@162 -1@214 -1@266 1@420  := 14
(sat.ddfw       1    219     0.0484    736075         6         12           11    77959)
SMT -> SLS values
ramon: poll                 wall=58.000s usage=57.904s mem=85148KiB load=1.00 rootload=1.00
(sat.ddfw       1    220     0.0542    739224         6         12           12    78190)
SMT -> SLS values
set value failed Nl2CT1 := (- 5)
v10 := -5 Nl2CT1  muls: v21 v44 v79 v97 v108 v143 v170 v183 v218 v241 v262 v291 v312 v334 v361 v413 v526 v536 v539   bool: -1@20 -1@75 -1@127 -1@178 -1@230 1@419  := -5
(sat.ddfw       1    221     0.0418    741665         6         12           16    78323)
SMT -> SLS values
(sat.ddfw       1    222     0.0381    743897         6         12           12    78456)
SMT -> SLS values
(sat.ddfw       1    223     0.0409    746305         6         12           11    78605)
SLS -> SMT activity
SMT -> SLS values
ramon: poll                 wall=59.000s usage=58.904s mem=85404KiB load=1.00 rootload=1.00
(sat.ddfw       1    224     0.0415    748757         6         12           12    78735)
(nlsat :conflicts 2 :decisions 0 :propagations 167 :clauses 1400 :learned 2)
(nlsat :conflicts 1 :decisions 0 :propagations 167 :clauses 1401 :learned 1)
(nlsat :conflicts 2 :decisions 0 :propagations 173 :clauses 1396 :learned 2)
(nlsat :conflicts 2 :decisions 0 :propagations 173 :clauses 1402 :learned 2)
(nlsat :conflicts 2 :decisions 0 :propagations 170 :clauses 1402 :learned 2)
(nlsat :conflicts 1 :decisions 0 :propagations 169 :clauses 1403 :learned 1)
(nlsat :conflicts 1 :decisions 0 :propagations 169 :clauses 1411 :learned 1)
(smt.stats   15   1831 122136  53880  8044/7895/32    4924/33     1    0   77.20)
SMT -> SLS values
(sat.ddfw       1    225     0.0447    751421         6         12           12    78931)
SMT -> SLS values
(sat.ddfw       1    226     0.0593    754967         6         12            3    79285)
SMT -> SLS values
ramon: poll                 wall=60.000s usage=59.904s mem=85612KiB load=1.00 rootload=1.00
ramon: end                  Wed Jan 22 22:19:28 2025
ramon: root.execname        z3
ramon: root.utime           59.860s
ramon: root.stime           0.110s
ramon: group.total          59.977s
ramon: group.utime          59.865s
ramon: group.stime          0.112s
ramon: group.mempeak        90496KiB
ramon: group.pidpeak        2
ramon: status               exited
ramon: exitcode             0
ramon: walltime             60.069s
ramon: loadavg              1.00
