sat
(:added-eqs                       5022
 :arith-eq-adapter                81
 :arith-bound-propagations-lp     71
 :arith-branch                    7
 :arith-conflicts                 1435
 :arith-cube-calls                2
 :arith-diseq                     102
 :arith-fixed-eqs                 301
 :arith-gcd-calls                 75
 :arith-gomory-cuts               4
 :arith-grobner-calls             28
 :arith-grobner-conflicts         25
 :arith-hnf-calls                 1
 :arith-horner-calls              7
 :arith-horner-cross-nested-forms 2727
 :arith-lower                     1949
 :arith-make-feasible             2403
 :arith-max-columns               1654
 :arith-max-rows                  642
 :arith-nla-add-bounds            30
 :arith-nla-lemmas                130
 :arith-nla-propagate-bounds      1219
 :arith-nla-propagate-eq          8294
 :arith-nra-calls                 2
 :arith-offset-eqs                716
 :arith-patches                   75
 :arith-patches-success           62
 :arith-upper                     2610
 :binary-propagations             1159
 :conflicts                       123
 :decisions                       2948
 :del-clause                      220
 :final-checks                    197
 :max-memory                      68.97
 :memory                          18.69
 :minimized-lits                  2
 :mk-bool-var                     2568
 :mk-clause                       465
 :mk-clause-binary                6384
 :nlsat-conflicts                 204
 :nlsat-decisions                 1
 :nlsat-propagations              15142
 :nlsat-stages                    13257
 :num-allocs                      357475810
 :num-checks                      1
 :propagations                    2286
 :restarts                        1
 :rlimit-count                    742811
 :sls-arith-steps                 40798
 :sls-ddfw-flips                  129729.00
 :sls-ddfw-reinits                5
 :sls-ddfw-restarts               1
 :sls-ddfw-shifts                 17977.00
 :sls-num-guided-search           33
 :sls-repair-down                 985
 :sls-repair-up                   1984
 :solve-eqs-elim-vars             103
 :solve-eqs-steps                 3118
 :time                            9.18
 :total-time                      9.18)
