ramon: cwd                  /home/runner/a/_work/z3-poly-testing/z3-poly-testing
ramon: start                Sun Sep  8 13:57:30 2024
ramon: nproc                128
ramon: sys.mem              64150 MiB
ramon: sys.mem.free         49290 MiB
ramon: sys.mem.avail        63656 MiB
ramon: sys.nprocs           2045
ramon: argv                 0 = z3
ramon: argv                 1 = inputs/QF_UF_SAT/gensys_brn837.smt2
ramon: argv                 2 = model_validate=true
ramon: argv                 3 = -T:20
ramon: argv                 4 = -v:2
ramon: argv                 5 = -st
ramon: argv                 6 = tactic.default_tactic=(then simplify propagate-values solve-eqs simplify sls-smt)
ramon: childpid             722141
UNITS -345 -346 -347 -348 -349 -350 -351 -352 -353 -354 -355 -356 -357 -358 -359 -360 -361 -362 -363 -364 -365 -366 -367 -368 -369 -370 -371 -372 -373 -374 -375 -376 -377 -378 -379 -380 -381 -382 -383 -384 -385 -386 -387 -388 -389 -390 -391 -392 -393 -394 -395 -396 -397 -398 -399 -400 -401 -402 -403 -404 -405 -406 -407 -408 -409 -410 -411 -412 -413 -414 -415 -416 -417 -418 -419 -420 -421 -422 -423 -424 -425 -426 -427 -428 -429 -430 -431 -432 -433 -434 -435 -436 -437 -438 -439 -440 -441 -442 -443 -444 -445 -446 -447 -448 -449 -450 -451 -452 -453 -454
(sat.ddfw :unsat :models :kflips/sec  :flips  :restarts  :reinits  :unsat_vars  :shifts)
(sat.ddfw      13      4   175.439     10000         0          0           40     4164)
(sat.ddfw       3     61   113.636     20000         4          1           18    10750)
(sat.ddfw       1     71   152.672     40000         5          2            9    21928)
(sat.ddfw       1     23   157.068     70000        11          3           22    41973)
(sat.ddfw       1      8   151.515    110000        20          4            3    65730)
(sat.ddfw       1     39   145.349    160000        47          5           14    96721)
(sat.ddfw       1      7    132.45    220000        52          6            5   135444)
(sat.ddfw       1    142   126.354    290000        84          7            4   189672)
(sat.ddfw       1     55   120.664    370000       103          8           21   243280)
(sat.ddfw       1     21   115.533    460000       163          9            5   296734)
(sat.ddfw       1     29    106.61    560000       190         10           14   360455)
ramon: poll                 wall=01.000s usage=00.998s user=00.985s sys=00.013s mem=20960KiB roottime=0.980s load=1.00 rootload=0.98
(sat.ddfw       1      6   101.382    670000       193         11           32   417782)
(sat.ddfw       1    129   96.8523    790000       195         12            7   479749)
on-model 
(sat.ddfw       0      1   84.5917    907667       207         13            0   541354)
ramon: end                  Sun Sep  8 13:57:31 2024
ramon: root.execname        z3
ramon: root.utime           1.390s
ramon: root.stime           0.010s
ramon: group.total          1.414s
ramon: group.utime          1.398s
ramon: group.stime          0.016s
ramon: group.mempeak        20960KiB
ramon: group.pidpeak        2
ramon: status               exited
ramon: exitcode             0
ramon: walltime             1.415s
ramon: loadavg              1.00
