ramon: cwd                  /home/runner/a/_work/z3-poly-testing/z3-poly-testing
ramon: start                Sun Sep  8 13:57:51 2024
ramon: nproc                128
ramon: sys.mem              64150 MiB
ramon: sys.mem.free         49338 MiB
ramon: sys.mem.avail        63655 MiB
ramon: sys.nprocs           2239
ramon: argv                 0 = z3
ramon: argv                 1 = inputs/QF_UF_SAT/iso_brn118.smt2
ramon: argv                 2 = model_validate=true
ramon: argv                 3 = -T:20
ramon: argv                 4 = -v:2
ramon: argv                 5 = -st
ramon: argv                 6 = tactic.default_tactic=(then simplify propagate-values solve-eqs simplify sls-smt)
ramon: childpid             752942
UNITS -442 -108 -443 -444 -16 -445 -446 -447 -448 -449 -450 -451 -452 -453 -454 -455 -456 -457 -458 -459 -460 -461 -462 -463 -464 -465 -466 -467 -468 -469 -470 -9 -471 -472 -34 -473 -474 -475 -476 -477 -478 -479 -480 -481 -482 -483 -484 -485 -486 -487 -110 -488 -489 -490 -491 -492 -493 -494 -495 -496 -497 -498 -499 -500 -501 -502 -503 -504 -505 -506 -507 -508 -114 -509 -510 -44 -511 -49 -512 -513 -514 -515 -516 -517 -518 -519 -520 -521 -522 -523 -524 -525 -526 -527 -528 -529 -530 -531 -532 -533 -534 -535 -536 -537 -117 -111 -112 -113
(sat.ddfw :unsat :models :kflips/sec  :flips  :restarts  :reinits  :unsat_vars  :shifts)
(sat.ddfw       1      5   357.143     10000         3          0            3     6504)
(sat.ddfw       1      9    256.41     20000        12          1            3    14883)
(sat.ddfw       1     16    370.37     40000        47          2            3    39911)
(sat.ddfw       1      9   379.747     70000        88          3            2    71926)
(sat.ddfw       1     15   357.143    110000       139          4            2   108125)
on-model 
(sat.ddfw       0      1   105.392    123174       141          5            0   118025)
ramon: end                  Sun Sep  8 13:57:51 2024
ramon: root.execname        z3
ramon: root.utime           0.130s
ramon: root.stime           0.010s
ramon: group.total          0.147s
ramon: group.utime          0.134s
ramon: group.stime          0.013s
ramon: group.mempeak        20524KiB
ramon: group.pidpeak        2
ramon: status               exited
ramon: exitcode             0
ramon: walltime             0.148s
ramon: loadavg              1.00
