sat
(:added-eqs                   10672
 :arith-eq-adapter            1280
 :arith-bound-propagations-lp 2039
 :arith-conflicts             31
 :arith-diseq                 4442
 :arith-lower                 5038
 :arith-make-feasible         443
 :arith-max-columns           1070
 :arith-max-rows              328
 :arith-upper                 2419
 :binary-propagations         33662
 :conflicts                   84
 :decisions                   585
 :final-checks                1
 :max-memory                  46.01
 :memory                      33.06
 :minimized-lits              1356
 :mk-bool-var                 9975
 :mk-clause                   979
 :mk-clause-binary            16688
 :num-allocs                  81377046
 :num-checks                  1
 :propagations                35382
 :rlimit-count                1526875
 :solve-eqs-elim-vars         2851
 :solve-eqs-steps             2851
 :time                        1.39
 :total-time                  1.77)
