ramon: cwd                  /home/gh1/A/_work/z3-poly-testing/z3-poly-testing
ramon: start                Wed Jan 15 19:27:37 2025
ramon: nproc                32
ramon: sys.mem              63441 MiB
ramon: sys.mem.free         14440 MiB
ramon: sys.mem.avail        62331 MiB
ramon: sys.nprocs           1713
ramon: argv                 0 = z3
ramon: argv                 1 = inputs/QF_NIA_CInteger/Stroeder_15__NonTerminationSimple5_false-termination.c__p25098_terminationG_0.smt2
ramon: argv                 2 = -T:60
ramon: argv                 3 = -v:2
ramon: argv                 4 = -st
ramon: argv                 5 = smt.sls.enable=true
ramon: argv                 6 = smt.sls.parallel=false
ramon: argv                 7 = model_validate=true
ramon: childpid             1735576
(sat.solver)
(sat.copy :learned 0)
(sat.stats   :conflicts  :restarts         :learned/bin    :gc          :time)
(sat.stats          :decisions :clauses/bin       :units       :memory       )
(sat.stats      0      0    0 43673/18033     0/0   0       0    29.99   0.00)
 (sat-cleaner :elim-literals 74 :elim-clauses 88 :cost 78785 :time 0.00)
(sat.stats    111    360    0 43531/18031   109/8  28       0    30.18   0.00)
(sat.stats    111    360    0 43531/18031   109/8  28       0    30.18   0.00)
(sat.stats    111    360    0 43531/18031   109/8  28       0    30.18   0.00)
(sat.simplify :simplifications 1)
 (sat-scc :elim-vars 39 :elim-bin 50 :units 8 :time 0.01)
 (sat-cleaner :elim-literals 17 :elim-clauses 2 :cost 79081 :time 0.00)
 (sat-probing :probing-assigned 12 :cost 36597335.36 :time 0.01)
(sat.stats    111    360    0 33139/6528    11/1  53       0    35.36   0.08)
 (sat-cleaner :elim-literals 55 :elim-clauses 10 :cost 96913 :time 0.00)
(sat.stats    115    385    1 33081/6519    15/1  53       0    35.36   0.08)
(sat.stats :conflicts    :restarts       :learned/bin     :gc          :time)
(sat.stats        :decisions :clauses/bin       :units        :memory       )
(sat.stats    119    389    2 33081/6519    19/1  53       0    35.36   0.08)
(sat.stats    124    393    3 33081/6519    24/1  53       0    35.36   0.08)
(sat.stats    127    396    4 33081/6519    27/1  53       0    35.36   0.08)
(sat.stats    130    398    5 33081/6519    30/1  53       0    35.36   0.08)
(sat.stats    133    401    6 33081/6519    33/1  53       0    35.36   0.08)
(sat.stats    136    403    7 33081/6519    36/1  53       0    35.36   0.08)
(sat.stats    139    407    8 33081/6519    39/1  53       0    35.36   0.08)
(sat.stats    143    410    9 33081/6519    43/1  53       0    35.36   0.08)
(sat.stats    189    508   10 33081/6519    89/1  53       0    35.36   0.08)
(sat.stats    192    511   11 33081/6519    92/1  53       0    35.36   0.08)
(sat.stats    196    517   12 33081/6519    96/1  53       0    35.36   0.08)
(sat.stats    209    536   15 33081/6519   109/1  53       0    35.36   0.08)
(sat.stats    318    860   27 33081/6519   218/4  53       0    35.36   0.08)
(sat.stats    500   1499   40 33081/6519   400/5  53       0    35.36   0.09)
(sat.stats    501   1500   40 33081/6519   401/5  53       0    35.36   0.09)
(smt.searching)
(smt.stats :restarts     :decisions :clauses/bin/units     :simplify   :memory)
(smt.stats        :conflicts    :propagations      :lemmas      :deletions   )
(smt.stats    0      0      0      0   247/225/8       0/0     0    0   52.15)
SMT -> SLS phase
SMT -> SLS values
bounded run 30000
(sat.ddfw :unsat :models :kflips/sec  :flips  :restarts  :reinits  :unsat_vars  :shifts)
(sat.ddfw       1    699    400.04     10001         0          0            5       87)
(sat.ddfw       1   1025    212.81     20003         0          1            3      164)
(sat.ddfw       1   1025     24.79     21317         0          2            2      173)
sls-result l_undef
SLS -> SMT phase 1
SLS -> SMT values
(nlsat :conflicts 3 :decisions 0 :propagations 40 :clauses 144 :learned 3)
SMT -> SLS phase
SMT -> SLS values
bounded run 20000
(sat.ddfw :unsat :models :kflips/sec  :flips  :restarts  :reinits  :unsat_vars  :shifts)
(sat.ddfw       1    757    117.73     10007         0          0            1       45)
(sat.ddfw       1    986     42.78     14071         0          1            3       79)
sls-result l_undef
SLS -> SMT phase 1
SLS -> SMT values
(nlsat :conflicts 4 :decisions 0 :propagations 76 :clauses 159 :learned 4)
(nlsat :conflicts 2 :decisions 0 :propagations 64 :clauses 144 :learned 2)
SMT -> SLS phase
SMT -> SLS values
bounded run 10000
(sat.ddfw :unsat :models :kflips/sec  :flips  :restarts  :reinits  :unsat_vars  :shifts)
(sat.ddfw       1    650     59.85      7062         0          0            3       14)
sls-result l_undef
SLS -> SMT phase 1
SLS -> SMT values
(nlsat :conflicts 3 :decisions 0 :propagations 55 :clauses 142 :learned 3)
SMT -> SLS phase
SMT -> SLS values
bounded run 10000
(sat.ddfw :unsat :models :kflips/sec  :flips  :restarts  :reinits  :unsat_vars  :shifts)
(sat.ddfw       1    581     52.15      7040         0          0            2       17)
sls-result l_undef
SLS -> SMT phase 1
SLS -> SMT values
SMT -> SLS phase
SMT -> SLS values
bounded run 10000
(sat.ddfw :unsat :models :kflips/sec  :flips  :restarts  :reinits  :unsat_vars  :shifts)
(sat.ddfw       1    579     45.30      7021         0          0            5       26)
sls-result l_undef
SLS -> SMT phase 1
SLS -> SMT values
SMT -> SLS phase
SMT -> SLS values
bounded run 10000
(sat.ddfw :unsat :models :kflips/sec  :flips  :restarts  :reinits  :unsat_vars  :shifts)
(sat.ddfw       1    573     40.40      7030         0          0           10       21)
sls-result l_undef
SLS -> SMT phase 1
SLS -> SMT values
SMT -> SLS phase
SMT -> SLS values
bounded run 10000
(sat.ddfw :unsat :models :kflips/sec  :flips  :restarts  :reinits  :unsat_vars  :shifts)
(sat.ddfw       1    539     37.38      6952         0          0            2       16)
sls-result l_undef
SLS -> SMT phase 1
SLS -> SMT values
SMT -> SLS phase
SMT -> SLS values
bounded run 10000
(sat.ddfw :unsat :models :kflips/sec  :flips  :restarts  :reinits  :unsat_vars  :shifts)
(sat.ddfw       1    543     34.54      7081         1          0            2        7)
sls-result l_undef
SLS -> SMT phase 1
SLS -> SMT values
SMT -> SLS phase
SMT -> SLS values
bounded run 10000
(sat.ddfw :unsat :models :kflips/sec  :flips  :restarts  :reinits  :unsat_vars  :shifts)
(sat.ddfw       1    428     30.81      7025         3          0            6        8)
sls-result l_undef
SLS -> SMT phase 1
SLS -> SMT values
SMT -> SLS phase
SMT -> SLS values
bounded run 10000
(sat.ddfw :unsat :models :kflips/sec  :flips  :restarts  :reinits  :unsat_vars  :shifts)
(sat.ddfw       1    240     28.34      7256         7          0            3        5)
sls-result l_undef
SLS -> SMT phase 1
SLS -> SMT values
SMT -> SLS phase
SMT -> SLS values
bounded run 10000
(sat.ddfw :unsat :models :kflips/sec  :flips  :restarts  :reinits  :unsat_vars  :shifts)
(sat.ddfw       1    519     25.64      7050         0          0            2       25)
sls-result l_undef
SLS -> SMT phase 1
SLS -> SMT values
SMT -> SLS phase
SMT -> SLS values
bounded run 10000
(sat.ddfw :unsat :models :kflips/sec  :flips  :restarts  :reinits  :unsat_vars  :shifts)
(sat.ddfw       1    582     24.07      7003         0          0            3        7)
sls-result l_undef
SLS -> SMT phase 1
SLS -> SMT values
SMT -> SLS phase
SMT -> SLS values
bounded run 10000
(sat.ddfw :unsat :models :kflips/sec  :flips  :restarts  :reinits  :unsat_vars  :shifts)
(sat.ddfw       1    566     23.08      6970         0          0            8       19)
sls-result l_undef
SLS -> SMT phase 1
SLS -> SMT values
SMT -> SLS phase
SMT -> SLS values
bounded run 10000
(sat.ddfw :unsat :models :kflips/sec  :flips  :restarts  :reinits  :unsat_vars  :shifts)
(sat.ddfw       1    583     21.57      6901         0          0            6       27)
sls-result l_undef
SLS -> SMT phase 1
SLS -> SMT values
SMT -> SLS phase
SMT -> SLS values
bounded run 10000
(sat.ddfw :unsat :models :kflips/sec  :flips  :restarts  :reinits  :unsat_vars  :shifts)
(sat.ddfw       1    560     20.61      6946         0          0            7       26)
sls-result l_undef
SLS -> SMT phase 1
SLS -> SMT values
SMT -> SLS phase
SMT -> SLS values
bounded run 10000
(sat.ddfw :unsat :models :kflips/sec  :flips  :restarts  :reinits  :unsat_vars  :shifts)
(sat.ddfw       1    560     19.54      6936         0          0           15       18)
sls-result l_undef
SLS -> SMT phase 1
SLS -> SMT values
SMT -> SLS phase
SMT -> SLS values
bounded run 10000
(sat.ddfw :unsat :models :kflips/sec  :flips  :restarts  :reinits  :unsat_vars  :shifts)
(sat.ddfw       1    572     18.91      7036         0          0            7       25)
sls-result l_undef
SLS -> SMT phase 1
SLS -> SMT values
(nlsat :conflicts 2 :decisions 0 :propagations 83 :clauses 154 :learned 2)
SMT -> SLS phase
SMT -> SLS values
bounded run 10000
(sat.ddfw :unsat :models :kflips/sec  :flips  :restarts  :reinits  :unsat_vars  :shifts)
(sat.ddfw       1    490     18.32      7256         0          0           10       21)
sls-result l_undef
SLS -> SMT phase 1
SLS -> SMT values
SMT -> SLS phase
SMT -> SLS values
bounded run 10000
(sat.ddfw :unsat :models :kflips/sec  :flips  :restarts  :reinits  :unsat_vars  :shifts)
(sat.ddfw       1    520     16.95      7138         0          0            2       23)
sls-result l_undef
SLS -> SMT phase 1
SLS -> SMT values
SMT -> SLS phase
SMT -> SLS values
bounded run 10000
(sat.ddfw :unsat :models :kflips/sec  :flips  :restarts  :reinits  :unsat_vars  :shifts)
(sat.ddfw       1    484     15.83      7014         0          0            4       15)
sls-result l_undef
SLS -> SMT phase 1
SLS -> SMT values
SLS -> SMT activity
(nlsat :conflicts 1 :decisions 0 :propagations 60 :clauses 144 :learned 1)
SMT -> SLS phase
SMT -> SLS values
bounded run 10000
(sat.ddfw :unsat :models :kflips/sec  :flips  :restarts  :reinits  :unsat_vars  :shifts)
(sat.ddfw       1    511     15.23      7068         0          0            3       11)
sls-result l_undef
SLS -> SMT phase 1
SLS -> SMT values
(nlsat :conflicts 3 :decisions 0 :propagations 39 :clauses 144 :learned 3)
SMT -> SLS phase
SMT -> SLS units 1 2 3 4 -59 60 64 65
SMT -> SLS values
bounded run 10000
(sat.ddfw :unsat :models :kflips/sec  :flips  :restarts  :reinits  :unsat_vars  :shifts)
(sat.ddfw       1    514     14.50      7003         0          0            2       20)
sls-result l_undef
SLS -> SMT phase 1
SLS -> SMT values
SMT -> SLS phase
SMT -> SLS values
bounded run 10000
(sat.ddfw :unsat :models :kflips/sec  :flips  :restarts  :reinits  :unsat_vars  :shifts)
(sat.ddfw       1    557     14.29      7159         0          0            3       10)
sls-result l_undef
SLS -> SMT phase 1
SLS -> SMT values
SMT -> SLS phase
SMT -> SLS values
bounded run 10000
(sat.ddfw :unsat :models :kflips/sec  :flips  :restarts  :reinits  :unsat_vars  :shifts)
(sat.ddfw       1    594     13.74      7143         0          0            6       13)
sls-result l_undef
SLS -> SMT phase 1
SLS -> SMT values
SMT -> SLS phase
SMT -> SLS values
bounded run 10000
(sat.ddfw :unsat :models :kflips/sec  :flips  :restarts  :reinits  :unsat_vars  :shifts)
(sat.ddfw       1    641     12.76      6930         0          0            3       12)
sls-result l_undef
SLS -> SMT phase 1
SLS -> SMT values
SMT -> SLS phase
SMT -> SLS values
bounded run 10000
(sat.ddfw :unsat :models :kflips/sec  :flips  :restarts  :reinits  :unsat_vars  :shifts)
(sat.ddfw       1    431     12.41      6989         2          0            2       20)
sls-result l_undef
SLS -> SMT phase 1
SLS -> SMT values
(nlsat :conflicts 1 :decisions 0 :propagations 16 :clauses 163 :learned 1)
SMT -> SLS phase
SMT -> SLS values
bounded run 10000
(sat.ddfw :unsat :models :kflips/sec  :flips  :restarts  :reinits  :unsat_vars  :shifts)
(sat.ddfw       1    595     12.25      7169         0          0            2       19)
sls-result l_undef
SLS -> SMT phase 1
SLS -> SMT values
SMT -> SLS phase
SMT -> SLS values
bounded run 10000
(sat.ddfw :unsat :models :kflips/sec  :flips  :restarts  :reinits  :unsat_vars  :shifts)
(sat.ddfw       1    485     11.91      7230         2          0            2       25)
sls-result l_undef
SLS -> SMT phase 1
SLS -> SMT values
SMT -> SLS phase
SMT -> SLS values
bounded run 10000
(sat.ddfw :unsat :models :kflips/sec  :flips  :restarts  :reinits  :unsat_vars  :shifts)
(sat.ddfw       1    491     11.40      7184         2          0            2       11)
sls-result l_undef
SLS -> SMT phase 1
SLS -> SMT values
SMT -> SLS phase
SMT -> SLS values
bounded run 10000
(sat.ddfw :unsat :models :kflips/sec  :flips  :restarts  :reinits  :unsat_vars  :shifts)
(sat.ddfw       1    614     10.92      7065         0          0            5       29)
sls-result l_undef
SLS -> SMT phase 1
SLS -> SMT values
(nlsat :conflicts 1 :decisions 0 :propagations 42 :clauses 161 :learned 1)
SMT -> SLS phase
SMT -> SLS values
bounded run 10000
(sat.ddfw :unsat :models :kflips/sec  :flips  :restarts  :reinits  :unsat_vars  :shifts)
(sat.ddfw       1    434     10.59      7098         1          0            1       14)
sls-result l_undef
SLS -> SMT phase 1
SLS -> SMT values
SMT -> SLS phase
SMT -> SLS values
bounded run 10000
(sat.ddfw :unsat :models :kflips/sec  :flips  :restarts  :reinits  :unsat_vars  :shifts)
(sat.ddfw       1    585     10.32      7088         0          0            3       30)
sls-result l_undef
SLS -> SMT phase 1
SLS -> SMT values
SMT -> SLS phase
SMT -> SLS values
bounded run 10000
(sat.ddfw :unsat :models :kflips/sec  :flips  :restarts  :reinits  :unsat_vars  :shifts)
(sat.ddfw       1    351      9.84      6986         4          0            2       25)
sls-result l_undef
SLS -> SMT phase 1
SLS -> SMT values
SMT -> SLS phase
SMT -> SLS values
bounded run 10000
(sat.ddfw :unsat :models :kflips/sec  :flips  :restarts  :reinits  :unsat_vars  :shifts)
(sat.ddfw       1    504      9.65      7032         0          0            3       35)
sls-result l_undef
SLS -> SMT phase 1
SLS -> SMT values
SMT -> SLS phase
SMT -> SLS values
bounded run 10000
(sat.ddfw :unsat :models :kflips/sec  :flips  :restarts  :reinits  :unsat_vars  :shifts)
(sat.ddfw       1    590      9.49      7029         0          0            4       19)
sls-result l_undef
SLS -> SMT phase 1
SLS -> SMT values
SMT -> SLS phase
SMT -> SLS values
bounded run 10000
(sat.ddfw :unsat :models :kflips/sec  :flips  :restarts  :reinits  :unsat_vars  :shifts)
(sat.ddfw       1    602      9.25      7013         0          0            3       38)
sls-result l_undef
SLS -> SMT phase 1
SLS -> SMT values
SMT -> SLS phase
SMT -> SLS values
bounded run 10000
(sat.ddfw :unsat :models :kflips/sec  :flips  :restarts  :reinits  :unsat_vars  :shifts)
(sat.ddfw       1    540      9.07      7030         0          0            6       23)
sls-result l_undef
SLS -> SMT phase 1
SLS -> SMT values
(nlsat :conflicts 1 :decisions 0 :propagations 45 :clauses 158 :learned 1)
SMT -> SLS phase
SMT -> SLS values
bounded run 10000
ramon: poll                 wall=1.000s usage=0.994s mem=102MiB load=0.99 rootload=0.96
(sat.ddfw :unsat :models :kflips/sec  :flips  :restarts  :reinits  :unsat_vars  :shifts)
(sat.ddfw       1    559      8.59      6911         0          0           16       14)
sls-result l_undef
SLS -> SMT phase 1
SLS -> SMT values
SMT -> SLS phase
SMT -> SLS values
bounded run 10000
(sat.ddfw :unsat :models :kflips/sec  :flips  :restarts  :reinits  :unsat_vars  :shifts)
(sat.ddfw       1    542      8.49      7010         0          0            2       23)
sls-result l_undef
SLS -> SMT phase 1
SLS -> SMT values
SMT -> SLS phase
SMT -> SLS values
bounded run 10000
(sat.ddfw :unsat :models :kflips/sec  :flips  :restarts  :reinits  :unsat_vars  :shifts)
(sat.ddfw       1    556      8.33      7041         0          0            3       34)
sls-result l_undef
SLS -> SMT phase 1
SLS -> SMT values
SLS -> SMT activity
SMT -> SLS phase
SMT -> SLS values
bounded run 10000
(sat.ddfw :unsat :models :kflips/sec  :flips  :restarts  :reinits  :unsat_vars  :shifts)
(sat.ddfw       1    452      8.14      7069         2          0            8       15)
sls-result l_undef
SLS -> SMT phase 1
SLS -> SMT values
SMT -> SLS phase
SMT -> SLS values
bounded run 10000
(sat.ddfw :unsat :models :kflips/sec  :flips  :restarts  :reinits  :unsat_vars  :shifts)
(sat.ddfw       1    598      8.01      7106         0          0            7       37)
sls-result l_undef
SLS -> SMT phase 1
SLS -> SMT values
SMT -> SLS phase
SMT -> SLS values
bounded run 10000
(sat.ddfw :unsat :models :kflips/sec  :flips  :restarts  :reinits  :unsat_vars  :shifts)
(sat.ddfw       1    581      7.93      7176         0          0            6       43)
sls-result l_undef
SLS -> SMT phase 1
SLS -> SMT values
(nlsat :conflicts 2 :decisions 0 :propagations 80 :clauses 143 :learned 2)
SMT -> SLS phase
SMT -> SLS values
bounded run 10000
(sat.ddfw :unsat :models :kflips/sec  :flips  :restarts  :reinits  :unsat_vars  :shifts)
(sat.ddfw       1    589      7.52      6933         0          0            3       29)
sls-result l_undef
SLS -> SMT phase 1
SLS -> SMT values
SMT -> SLS phase
SMT -> SLS values
bounded run 10000
(sat.ddfw :unsat :models :kflips/sec  :flips  :restarts  :reinits  :unsat_vars  :shifts)
(sat.ddfw       1    585      7.63      7169         0          0            1       18)
sls-result l_undef
SLS -> SMT phase 1
SLS -> SMT values
SMT -> SLS phase
SMT -> SLS values
bounded run 10000
(sat.ddfw :unsat :models :kflips/sec  :flips  :restarts  :reinits  :unsat_vars  :shifts)
(sat.ddfw       1    465      7.63      7322         1          0            2       12)
sls-result l_undef
SLS -> SMT phase 1
SLS -> SMT values
SMT -> SLS phase
SMT -> SLS values
bounded run 10000
(sat.ddfw :unsat :models :kflips/sec  :flips  :restarts  :reinits  :unsat_vars  :shifts)
(sat.ddfw       1    629      7.13      6958         0          0            2       18)
sls-result l_undef
SLS -> SMT phase 1
SLS -> SMT values
SMT -> SLS phase
SMT -> SLS values
bounded run 10000
(sat.ddfw :unsat :models :kflips/sec  :flips  :restarts  :reinits  :unsat_vars  :shifts)
(sat.ddfw       1    474      7.09      7000         0          0            4       17)
sls-result l_undef
SLS -> SMT phase 1
SLS -> SMT values
(nlsat :conflicts 2 :decisions 0 :propagations 55 :clauses 144 :learned 2)
SMT -> SLS phase
SMT -> SLS values
bounded run 10000
(sat.ddfw :unsat :models :kflips/sec  :flips  :restarts  :reinits  :unsat_vars  :shifts)
(sat.ddfw       1    503      7.15      7224         0          0           16       22)
sls-result l_undef
SLS -> SMT phase 1
SLS -> SMT values
(nlsat :conflicts 1 :decisions 0 :propagations 35 :clauses 140 :learned 1)
SMT -> SLS phase
SMT -> SLS values
bounded run 10000
(sat.ddfw :unsat :models :kflips/sec  :flips  :restarts  :reinits  :unsat_vars  :shifts)
(sat.ddfw       1    565      6.77      6983         0          0            8       29)
sls-result l_undef
SLS -> SMT phase 1
SLS -> SMT values
SMT -> SLS phase
SMT -> SLS values
bounded run 10000
(sat.ddfw :unsat :models :kflips/sec  :flips  :restarts  :reinits  :unsat_vars  :shifts)
(sat.ddfw       1    571      6.74      7066         0          0            1       34)
sls-result l_undef
SLS -> SMT phase 1
SLS -> SMT values
(nlsat :conflicts 3 :decisions 0 :propagations 65 :clauses 141 :learned 3)
SMT -> SLS phase
SMT -> SLS values
bounded run 10000
(sat.ddfw :unsat :models :kflips/sec  :flips  :restarts  :reinits  :unsat_vars  :shifts)
(sat.ddfw       1    626      6.61      7066         0          0            3       26)
sls-result l_undef
SLS -> SMT phase 1
SLS -> SMT values
SMT -> SLS phase
SMT -> SLS values
bounded run 10000
(sat.ddfw :unsat :models :kflips/sec  :flips  :restarts  :reinits  :unsat_vars  :shifts)
(sat.ddfw       1    537      6.47      7037         0          0            5       39)
sls-result l_undef
SLS -> SMT phase 1
SLS -> SMT values
SMT -> SLS phase
SMT -> SLS values
bounded run 10000
(sat.ddfw :unsat :models :kflips/sec  :flips  :restarts  :reinits  :unsat_vars  :shifts)
(sat.ddfw       1    574      6.41      7085         0          0            2       18)
sls-result l_undef
SLS -> SMT phase 1
SLS -> SMT values
SMT -> SLS phase
SMT -> SLS values
bounded run 10000
(sat.ddfw :unsat :models :kflips/sec  :flips  :restarts  :reinits  :unsat_vars  :shifts)
(sat.ddfw       1    552      6.24      7019         0          0            2       20)
sls-result l_undef
SLS -> SMT phase 1
SLS -> SMT values
SMT -> SLS phase
SMT -> SLS values
bounded run 10000
(sat.ddfw :unsat :models :kflips/sec  :flips  :restarts  :reinits  :unsat_vars  :shifts)
(sat.ddfw       1    597      6.09      6946         0          0            7       15)
sls-result l_undef
SLS -> SMT phase 1
SLS -> SMT values
SMT -> SLS phase
SMT -> SLS values
bounded run 10000
(sat.ddfw :unsat :models :kflips/sec  :flips  :restarts  :reinits  :unsat_vars  :shifts)
(sat.ddfw       1    549      6.11      7053         0          0            6        8)
sls-result l_undef
SLS -> SMT phase 1
SLS -> SMT values
SMT -> SLS phase
SMT -> SLS values
bounded run 10000
(sat.ddfw :unsat :models :kflips/sec  :flips  :restarts  :reinits  :unsat_vars  :shifts)
(sat.ddfw       1    516      6.00      7030         0          0            8       15)
sls-result l_undef
SLS -> SMT phase 1
SLS -> SMT values
SMT -> SLS phase
SMT -> SLS values
bounded run 10000
(sat.ddfw :unsat :models :kflips/sec  :flips  :restarts  :reinits  :unsat_vars  :shifts)
(sat.ddfw       1    665      5.75      6858         0          0            2       31)
sls-result l_undef
SLS -> SMT phase 1
SLS -> SMT values
SMT -> SLS phase
SMT -> SLS values
bounded run 10000
(sat.ddfw :unsat :models :kflips/sec  :flips  :restarts  :reinits  :unsat_vars  :shifts)
(sat.ddfw       1    568      5.79      7006         1          0            6       19)
sls-result l_undef
SLS -> SMT phase 1
SLS -> SMT values
SLS -> SMT activity
SMT -> SLS phase
SMT -> SLS values
bounded run 10000
(sat.ddfw :unsat :models :kflips/sec  :flips  :restarts  :reinits  :unsat_vars  :shifts)
(sat.ddfw       1    576      5.68      6961         1          0           14       27)
sls-result l_undef
SLS -> SMT phase 1
SLS -> SMT values
SMT -> SLS phase
SMT -> SLS values
bounded run 10000
(sat.ddfw :unsat :models :kflips/sec  :flips  :restarts  :reinits  :unsat_vars  :shifts)
(sat.ddfw       1    536      5.63      7020         0          0            2       20)
sls-result l_undef
SLS -> SMT phase 1
SLS -> SMT values
SMT -> SLS phase
SMT -> SLS values
bounded run 10000
(sat.ddfw :unsat :models :kflips/sec  :flips  :restarts  :reinits  :unsat_vars  :shifts)
(sat.ddfw       1    559      5.61      7088         0          0            3       24)
sls-result l_undef
SLS -> SMT phase 1
SLS -> SMT values
(nlsat :conflicts 3 :decisions 0 :propagations 41 :clauses 147 :learned 3)
SMT -> SLS phase
SMT -> SLS values
bounded run 10000
(sat.ddfw :unsat :models :kflips/sec  :flips  :restarts  :reinits  :unsat_vars  :shifts)
(sat.ddfw       1    570      5.41      6899         0          0            2       13)
sls-result l_undef
SLS -> SMT phase 1
SLS -> SMT values
SMT -> SLS phase
SMT -> SLS values
bounded run 10000
(sat.ddfw :unsat :models :kflips/sec  :flips  :restarts  :reinits  :unsat_vars  :shifts)
(sat.ddfw       1    640      5.42      7025         0          0            3       33)
sls-result l_undef
SLS -> SMT phase 1
SLS -> SMT values
SMT -> SLS phase
SMT -> SLS values
bounded run 10000
(sat.ddfw :unsat :models :kflips/sec  :flips  :restarts  :reinits  :unsat_vars  :shifts)
(sat.ddfw       1    543      5.50      7230         0          0            4       22)
sls-result l_undef
SLS -> SMT phase 1
SLS -> SMT values
SMT -> SLS phase
SMT -> SLS values
bounded run 10000
(sat.ddfw :unsat :models :kflips/sec  :flips  :restarts  :reinits  :unsat_vars  :shifts)
(sat.ddfw       1    622      5.18      6895         0          0            3       30)
sls-result l_undef
SLS -> SMT phase 1
SLS -> SMT values
(nlsat :conflicts 3 :decisions 0 :propagations 57 :clauses 144 :learned 3)
SMT -> SLS phase
SMT -> SLS values
bounded run 10000
(sat.ddfw :unsat :models :kflips/sec  :flips  :restarts  :reinits  :unsat_vars  :shifts)
(sat.ddfw       1    534      5.22      7058         0          0            9       26)
sls-result l_undef
SLS -> SMT phase 1
SLS -> SMT values
SMT -> SLS phase
SMT -> SLS values
bounded run 10000
(sat.ddfw :unsat :models :kflips/sec  :flips  :restarts  :reinits  :unsat_vars  :shifts)
(sat.ddfw       1    576      5.15      7044         1          0            5       25)
sls-result l_undef
SLS -> SMT phase 1
SLS -> SMT values
SMT -> SLS phase
SMT -> SLS values
bounded run 10000
(sat.ddfw :unsat :models :kflips/sec  :flips  :restarts  :reinits  :unsat_vars  :shifts)
(sat.ddfw       1    526      5.09      7065         0          0            3       14)
sls-result l_undef
SLS -> SMT phase 1
SLS -> SMT values
SMT -> SLS phase
SMT -> SLS values
bounded run 10000
(sat.ddfw :unsat :models :kflips/sec  :flips  :restarts  :reinits  :unsat_vars  :shifts)
(sat.ddfw       1    467      5.08      7169         1          0            3       19)
sls-result l_undef
SLS -> SMT phase 1
SLS -> SMT values
SMT -> SLS phase
SMT -> SLS values
bounded run 10000
(sat.ddfw :unsat :models :kflips/sec  :flips  :restarts  :reinits  :unsat_vars  :shifts)
(sat.ddfw       1    561      4.93      7038         0          0            3       32)
sls-result l_undef
SLS -> SMT phase 1
SLS -> SMT values
(nlsat :conflicts 3 :decisions 0 :propagations 55 :clauses 166 :learned 3)
SMT -> SLS phase
SMT -> SLS values
bounded run 10000
(sat.ddfw :unsat :models :kflips/sec  :flips  :restarts  :reinits  :unsat_vars  :shifts)
(sat.ddfw       1    534      4.78      6929         0          0            9       25)
sls-result l_undef
SLS -> SMT phase 1
SLS -> SMT values
SMT -> SLS phase
SMT -> SLS values
bounded run 10000
(sat.ddfw :unsat :models :kflips/sec  :flips  :restarts  :reinits  :unsat_vars  :shifts)
(sat.ddfw       1    498      4.81      7061         2          0            1       27)
sls-result l_undef
SLS -> SMT phase 1
SLS -> SMT values
SMT -> SLS phase
SMT -> SLS values
bounded run 10000
(sat.ddfw :unsat :models :kflips/sec  :flips  :restarts  :reinits  :unsat_vars  :shifts)
(sat.ddfw       1    502      4.71      7002         0          0            3       17)
sls-result l_undef
SLS -> SMT phase 1
SLS -> SMT values
SMT -> SLS phase
SMT -> SLS values
bounded run 10000
(sat.ddfw :unsat :models :kflips/sec  :flips  :restarts  :reinits  :unsat_vars  :shifts)
(sat.ddfw       1    524      4.66      7013         0          0            2       17)
sls-result l_undef
SLS -> SMT phase 1
SLS -> SMT values
SMT -> SLS phase
SMT -> SLS values
bounded run 10000
(sat.ddfw :unsat :models :kflips/sec  :flips  :restarts  :reinits  :unsat_vars  :shifts)
(sat.ddfw       1    578      4.70      7165         0          0           14       26)
sls-result l_undef
SLS -> SMT phase 1
SLS -> SMT values
SMT -> SLS phase
SMT -> SLS values
bounded run 10000
(sat.ddfw :unsat :models :kflips/sec  :flips  :restarts  :reinits  :unsat_vars  :shifts)
(sat.ddfw       1    519      4.58      7074         1          0            5       25)
sls-result l_undef
SLS -> SMT phase 1
SLS -> SMT values
SMT -> SLS phase
SMT -> SLS values
bounded run 10000
(sat.ddfw :unsat :models :kflips/sec  :flips  :restarts  :reinits  :unsat_vars  :shifts)
(sat.ddfw       1    584      4.47      6944         0          0           15       25)
sls-result l_undef
SLS -> SMT phase 1
SLS -> SMT values
SMT -> SLS phase
SMT -> SLS values
bounded run 10000
(sat.ddfw :unsat :models :kflips/sec  :flips  :restarts  :reinits  :unsat_vars  :shifts)
(sat.ddfw       1    586      4.49      7050         0          0            3       34)
sls-result l_undef
SLS -> SMT phase 1
SLS -> SMT values
SLS -> SMT activity
SMT -> SLS phase
SMT -> SLS values
bounded run 10000
(sat.ddfw :unsat :models :kflips/sec  :flips  :restarts  :reinits  :unsat_vars  :shifts)
(sat.ddfw       1    509      4.49      7150         0          0           11       33)
sls-result l_undef
SLS -> SMT phase 1
SLS -> SMT values
SMT -> SLS phase
SMT -> SLS values
bounded run 10000
(sat.ddfw :unsat :models :kflips/sec  :flips  :restarts  :reinits  :unsat_vars  :shifts)
(sat.ddfw       1    468      4.57      7373         0          0            1       22)
sls-result l_undef
SLS -> SMT phase 1
SLS -> SMT values
SMT -> SLS phase
SMT -> SLS values
bounded run 10000
(sat.ddfw :unsat :models :kflips/sec  :flips  :restarts  :reinits  :unsat_vars  :shifts)
(sat.ddfw       1    612      4.39      7149         0          0            5       25)
sls-result l_undef
SLS -> SMT phase 1
SLS -> SMT values
SMT -> SLS phase
SMT -> SLS values
bounded run 10000
(sat.ddfw :unsat :models :kflips/sec  :flips  :restarts  :reinits  :unsat_vars  :shifts)
(sat.ddfw       1    577      4.29      7063         0          0            4       20)
sls-result l_undef
SLS -> SMT phase 1
SLS -> SMT values
SMT -> SLS phase
SMT -> SLS values
bounded run 10000
(sat.ddfw :unsat :models :kflips/sec  :flips  :restarts  :reinits  :unsat_vars  :shifts)
(sat.ddfw       1    500      4.26      7098         1          0            2       23)
sls-result l_undef
SLS -> SMT phase 1
SLS -> SMT values
SMT -> SLS phase
SMT -> SLS values
bounded run 10000
(sat.ddfw :unsat :models :kflips/sec  :flips  :restarts  :reinits  :unsat_vars  :shifts)
(sat.ddfw       1    611      4.19      7033         0          0            8        6)
sls-result l_undef
SLS -> SMT phase 1
SLS -> SMT values
SMT -> SLS phase
SMT -> SLS values
bounded run 10000
(sat.ddfw :unsat :models :kflips/sec  :flips  :restarts  :reinits  :unsat_vars  :shifts)
(sat.ddfw       1    536      4.10      6917         0          0            5       17)
sls-result l_undef
SLS -> SMT phase 1
SLS -> SMT values
SMT -> SLS phase
SMT -> SLS values
bounded run 10000
(sat.ddfw :unsat :models :kflips/sec  :flips  :restarts  :reinits  :unsat_vars  :shifts)
(sat.ddfw       1    569      4.08      6957         0          0            2       32)
sls-result l_undef
SLS -> SMT phase 1
SLS -> SMT values
SMT -> SLS phase
SMT -> SLS values
bounded run 10000
(sat.ddfw :unsat :models :kflips/sec  :flips  :restarts  :reinits  :unsat_vars  :shifts)
(sat.ddfw       1    577      4.15      7162         0          0            9       33)
sls-result l_undef
SLS -> SMT phase 1
SLS -> SMT values
SMT -> SLS phase
SMT -> SLS values
bounded run 10000
(sat.ddfw :unsat :models :kflips/sec  :flips  :restarts  :reinits  :unsat_vars  :shifts)
(sat.ddfw       1    554      4.06      7058         0          0            8       27)
sls-result l_undef
SLS -> SMT phase 1
SLS -> SMT values
SMT -> SLS phase
SMT -> SLS values
bounded run 10000
(sat.ddfw :unsat :models :kflips/sec  :flips  :restarts  :reinits  :unsat_vars  :shifts)
(sat.ddfw       1    606      4.02      7060         0          0            2       40)
sls-result l_undef
SLS -> SMT phase 1
SLS -> SMT values
(nlsat :conflicts 1 :decisions 0 :propagations 53 :clauses 146 :learned 1)
SMT -> SLS phase
SMT -> SLS values
bounded run 10000
(sat.ddfw :unsat :models :kflips/sec  :flips  :restarts  :reinits  :unsat_vars  :shifts)
(sat.ddfw       1    513      4.03      7171         1          0           14       15)
sls-result l_undef
SLS -> SMT phase 1
SLS -> SMT values
SMT -> SLS phase
SMT -> SLS values
bounded run 10000
ramon: poll                 wall=2.000s usage=1.991s mem=102MiB load=1.00 rootload=0.99
(sat.ddfw :unsat :models :kflips/sec  :flips  :restarts  :reinits  :unsat_vars  :shifts)
(sat.ddfw       1    606      3.89      7034         0          0            1       20)
sls-result l_undef
SLS -> SMT phase 1
SLS -> SMT values
(nlsat :conflicts 3 :decisions 0 :propagations 42 :clauses 147 :learned 3)
SMT -> SLS phase
SMT -> SLS values
bounded run 10000
(sat.ddfw :unsat :models :kflips/sec  :flips  :restarts  :reinits  :unsat_vars  :shifts)
(sat.ddfw       1    653      3.89      7111         0          0            2       30)
sls-result l_undef
SLS -> SMT phase 1
SLS -> SMT values
(nlsat :conflicts 3 :decisions 0 :propagations 41 :clauses 144 :learned 3)
SMT -> SLS phase
SMT -> SLS values
bounded run 10000
(sat.ddfw :unsat :models :kflips/sec  :flips  :restarts  :reinits  :unsat_vars  :shifts)
(sat.ddfw       1    561      3.80      7038         0          0            3       10)
sls-result l_undef
SLS -> SMT phase 1
SLS -> SMT values
SMT -> SLS phase
SMT -> SLS values
bounded run 10000
(sat.ddfw :unsat :models :kflips/sec  :flips  :restarts  :reinits  :unsat_vars  :shifts)
(sat.ddfw       1    602      3.75      7026         0          0            3       17)
sls-result l_undef
SLS -> SMT phase 1
SLS -> SMT values
SMT -> SLS phase
SMT -> SLS values
bounded run 10000
(sat.ddfw :unsat :models :kflips/sec  :flips  :restarts  :reinits  :unsat_vars  :shifts)
(sat.ddfw       1    574      3.66      6949         0          0           10       15)
sls-result l_undef
SLS -> SMT phase 1
SLS -> SMT values
SMT -> SLS phase
SMT -> SLS values
bounded run 10000
(sat.ddfw :unsat :models :kflips/sec  :flips  :restarts  :reinits  :unsat_vars  :shifts)
(sat.ddfw       1    561      3.72      7095         0          0            4       23)
sls-result l_undef
SLS -> SMT phase 1
SLS -> SMT values
(nlsat :conflicts 2 :decisions 0 :propagations 30 :clauses 151 :learned 2)
SMT -> SLS phase
SMT -> SLS values
bounded run 10000
(sat.ddfw :unsat :models :kflips/sec  :flips  :restarts  :reinits  :unsat_vars  :shifts)
(sat.ddfw       1    389      3.67      7103         4          0            8       21)
sls-result l_undef
SLS -> SMT phase 1
SLS -> SMT values
SMT -> SLS phase
SMT -> SLS values
bounded run 10000
(sat.ddfw :unsat :models :kflips/sec  :flips  :restarts  :reinits  :unsat_vars  :shifts)
(sat.ddfw       1    620      3.58      6989         0          0            4       13)
sls-result l_undef
SLS -> SMT phase 1
SLS -> SMT values
SLS -> SMT activity
SMT -> SLS phase
SMT -> SLS values
bounded run 10000
(sat.ddfw :unsat :models :kflips/sec  :flips  :restarts  :reinits  :unsat_vars  :shifts)
(sat.ddfw       1    584      3.57      7028         0          0            2       28)
sls-result l_undef
SLS -> SMT phase 1
SLS -> SMT values
(nlsat :conflicts 3 :decisions 0 :propagations 88 :clauses 168 :learned 3)
SMT -> SLS phase
SMT -> SLS values
bounded run 10000
(sat.ddfw :unsat :models :kflips/sec  :flips  :restarts  :reinits  :unsat_vars  :shifts)
(sat.ddfw       1    518      3.54      7036         0          0            5       30)
sls-result l_undef
SLS -> SMT phase 1
SLS -> SMT values
SMT -> SLS phase
SMT -> SLS values
bounded run 10000
(sat.ddfw :unsat :models :kflips/sec  :flips  :restarts  :reinits  :unsat_vars  :shifts)
(sat.ddfw       1    151      0.82      1632         0          0            2        4)
sls-result l_undef
SLS -> SMT phase 1
SLS -> SMT values
(nlsat :conflicts 1 :decisions 11 :propagations 38 :clauses 188 :learned 1)
(nlsat-b&b :conflicts 61 :decisions 11 :propagations 732 :clauses 188 :learned 61)
(nlsat :conflicts 100 :decisions 25 :propagations 1145 :clauses 188 :learned 103)
(nlsat :conflicts 200 :decisions 29 :propagations 2205 :clauses 188 :learned 203)
(nlsat-b&b :conflicts 291 :decisions 46 :propagations 3311 :clauses 188 :learned 293)
(nlsat :conflicts 300 :decisions 60 :propagations 3372 :clauses 188 :learned 304)
(nlsat-b&b :conflicts 386 :decisions 76 :propagations 3894 :clauses 188 :learned 389)
(nlsat :conflicts 400 :decisions 91 :propagations 4151 :clauses 188 :learned 404)
(nlsat :conflicts 500 :decisions 111 :propagations 4989 :clauses 188 :learned 503)
ramon: end                  Wed Jan 15 19:27:39 2025
ramon: root.execname        z3
ramon: root.utime           2.180s
ramon: root.stime           0.030s
ramon: group.total          2.217s
ramon: group.utime          2.181s
ramon: group.stime          0.036s
ramon: group.mempeak        103MiB
ramon: group.pidpeak        3
ramon: status               exited
ramon: exitcode             0
ramon: walltime             2.227s
ramon: loadavg              1.00
