ramon: cwd                  /home/gh1/A/_work/z3-poly-testing/z3-poly-testing
ramon: start                Wed Jan 15 19:20:40 2025
ramon: nproc                32
ramon: sys.mem              63441 MiB
ramon: sys.mem.free         14419 MiB
ramon: sys.mem.avail        62332 MiB
ramon: sys.nprocs           1703
ramon: argv                 0 = z3
ramon: argv                 1 = inputs/QF_NIA_CInteger/Stroeder_15__ChenFlurMukhopadhyay-SAS2012-Ex2.12_false-termination.c__p21400_edge_closing_0.smt2
ramon: argv                 2 = -T:60
ramon: argv                 3 = -v:2
ramon: argv                 4 = -st
ramon: argv                 5 = smt.sls.enable=true
ramon: argv                 6 = smt.sls.parallel=false
ramon: argv                 7 = model_validate=true
ramon: childpid             1715846
(sat.solver)
(sat.copy :learned 0)
(sat.stats   :conflicts  :restarts           :learned/bin    :gc          :time)
(sat.stats          :decisions :clauses/bin         :units       :memory       )
(sat.stats      0      0    0 269111/108063     0/0   0       0    96.20   0.00)
 (sat-cleaner :elim-literals 2 :elim-clauses 1 :cost 494675 :time 0.01)
(sat.stats    144   1419    0 269108/108061   140/24   3       0    96.87   0.03)
(sat.stats    144   1419    0 269108/108061   140/24   3       0    96.87   0.04)
(sat.stats    144   1419    0 269108/108061   140/24   3       0    96.87   0.04)
(sat.simplify :simplifications 1)
 (sat-scc :elim-vars 40 :elim-bin 611 :time 0.12)
 (sat-cleaner :elim-literals 9 :elim-clauses 0 :cost 495338 :time 0.01)
(sat.stats    144   1419    0 268411/107366   140/26   3       0   116.83   0.19)
(smt.searching)
(smt.stats :restarts     :decisions :clauses/bin/units      :simplify   :memory)
(smt.stats        :conflicts    :propagations       :lemmas      :deletions   )
(smt.stats    0      0      0      0   596/538/19       0/0     0    0   33.94)
SMT -> SLS phase
SMT -> SLS values
bounded run 30000
(sat.ddfw :unsat :models :kflips/sec  :flips  :restarts  :reinits  :unsat_vars  :shifts)
(sat.ddfw       1    566    200.02     10001         0          0            3       45)
(sat.ddfw       1   1025    100.53     19853         0          1            3       60)
sls-result l_undef
SLS -> SMT phase 1
SLS -> SMT values
(nlsat :conflicts 2 :decisions 0 :propagations 66 :clauses 247 :learned 2)
SMT -> SLS phase
SMT -> SLS values
bounded run 20000
(sat.ddfw :unsat :models :kflips/sec  :flips  :restarts  :reinits  :unsat_vars  :shifts)
(sat.ddfw       1    293     61.36     10002         2          0            4       12)
(sat.ddfw       1    413     17.86     13289         2          1            3       12)
sls-result l_undef
SLS -> SMT phase 1
SLS -> SMT values
SMT -> SLS phase
SMT -> SLS values
bounded run 10000
(sat.ddfw :unsat :models :kflips/sec  :flips  :restarts  :reinits  :unsat_vars  :shifts)
(sat.ddfw       1    401     30.08      6678         0          0            2        8)
sls-result l_undef
SLS -> SMT phase 1
SLS -> SMT values
(nlsat :conflicts 3 :decisions 0 :propagations 61 :clauses 303 :learned 3)
SMT -> SLS phase
SMT -> SLS values
bounded run 10000
(sat.ddfw :unsat :models :kflips/sec  :flips  :restarts  :reinits  :unsat_vars  :shifts)
(sat.ddfw       1    521     25.04      6636         0          0           18       18)
sls-result l_undef
SLS -> SMT phase 1
SLS -> SMT values
(nlsat :conflicts 4 :decisions 0 :propagations 69 :clauses 322 :learned 4)
(nlsat :conflicts 1 :decisions 0 :propagations 55 :clauses 327 :learned 1)
SMT -> SLS phase
SMT -> SLS values
set value failed Nl2CT1 := 11
v4 := 11 Nl2CT1  muls: v13 v25 v44 v62 v76 v90 v102 v116 v131 v143 v157 v170 v184 v196 v209 v223 v235 v248 v259 v271   bool: -1@8 1@44 1@233  := 11
bounded run 10000
(sat.ddfw :unsat :models :kflips/sec  :flips  :restarts  :reinits  :unsat_vars  :shifts)
(sat.ddfw       1    544     20.39      6605         0          0            3       22)
sls-result l_undef
SLS -> SMT phase 1
SLS -> SMT values
(nlsat :conflicts 3 :decisions 0 :propagations 76 :clauses 329 :learned 3)
(nlsat :conflicts 2 :decisions 0 :propagations 38 :clauses 348 :learned 2)
(nlsat :conflicts 1 :decisions 0 :propagations 38 :clauses 349 :learned 1)
(nlsat :conflicts 1 :decisions 0 :propagations 38 :clauses 349 :learned 1)
(nlsat :conflicts 4 :decisions 0 :propagations 86 :clauses 312 :learned 4)
(nlsat :conflicts 1 :decisions 0 :propagations 71 :clauses 341 :learned 1)
(nlsat :conflicts 1 :decisions 0 :propagations 68 :clauses 336 :learned 1)
(nlsat :conflicts 1 :decisions 0 :propagations 73 :clauses 336 :learned 1)
(nlsat :conflicts 1 :decisions 0 :propagations 78 :clauses 360 :learned 1)
(nlsat :conflicts 1 :decisions 0 :propagations 74 :clauses 361 :learned 1)
(nlsat :conflicts 1 :decisions 0 :propagations 68 :clauses 360 :learned 1)
(nlsat :conflicts 1 :decisions 0 :propagations 43 :clauses 359 :learned 1)
(nlsat :conflicts 1 :decisions 0 :propagations 40 :clauses 383 :learned 1)
(nlsat :conflicts 1 :decisions 0 :propagations 40 :clauses 382 :learned 1)
(nlsat :conflicts 2 :decisions 0 :propagations 89 :clauses 382 :learned 2)
(nlsat :conflicts 1 :decisions 0 :propagations 40 :clauses 361 :learned 1)
(nlsat :conflicts 1 :decisions 0 :propagations 36 :clauses 341 :learned 1)
(smt.stats    0    101    625    603   704/578/19     155/0     1    0   69.11)
SMT -> SLS phase
SMT -> SLS units 1 2 3 4 5 6 7 8 63 64 354 355 356 357 358 359 360 361 362
SMT -> SLS values
bounded run 10000
(sat.ddfw :unsat :models :kflips/sec  :flips  :restarts  :reinits  :unsat_vars  :shifts)
(sat.ddfw       1    573     14.76      6613         0          0            2       26)
sls-result l_undef
SLS -> SMT phase 1
SLS -> SMT values
SMT -> SLS phase
SMT -> SLS values
bounded run 10000
(sat.ddfw :unsat :models :kflips/sec  :flips  :restarts  :reinits  :unsat_vars  :shifts)
(sat.ddfw       1    479     13.79      6631         0          0            2       10)
sls-result l_undef
SLS -> SMT phase 1
SLS -> SMT values
SMT -> SLS phase
SMT -> SLS values
bounded run 10000
ramon: poll                 wall=1.000s usage=0.938s mem=123MiB load=0.94 rootload=0.90
(sat.ddfw :unsat :models :kflips/sec  :flips  :restarts  :reinits  :unsat_vars  :shifts)
(sat.ddfw       1    232     12.90      6646         0          0            3        1)
sls-result l_undef
SLS -> SMT phase 1
SLS -> SMT values
(nlsat :conflicts 1 :decisions 0 :propagations 45 :clauses 437 :learned 1)
SMT -> SLS phase
SMT -> SLS values
bounded run 10000
(sat.ddfw :unsat :models :kflips/sec  :flips  :restarts  :reinits  :unsat_vars  :shifts)
(sat.ddfw       1    286     11.84      6620         0          0            2        4)
sls-result l_undef
SLS -> SMT phase 1
SLS -> SMT values
SMT -> SLS phase
SMT -> SLS values
bounded run 10000
(sat.ddfw :unsat :models :kflips/sec  :flips  :restarts  :reinits  :unsat_vars  :shifts)
(sat.ddfw       1    395     11.19      6615         0          0            2        9)
sls-result l_undef
SLS -> SMT phase 1
SLS -> SMT values
SMT -> SLS phase
SMT -> SLS values
bounded run 10000
(sat.ddfw :unsat :models :kflips/sec  :flips  :restarts  :reinits  :unsat_vars  :shifts)
(sat.ddfw       1    392     10.57      6628         0          0            2        6)
sls-result l_undef
SLS -> SMT phase 1
SLS -> SMT values
SMT -> SLS phase
SMT -> SLS values
bounded run 10000
on-model 
(sat.ddfw :unsat :models :kflips/sec  :flips  :restarts  :reinits  :unsat_vars  :shifts)
(sat.ddfw       0      1      0.81       511         0          0            0        5)
sls-result l_true
ramon: end                  Wed Jan 15 19:20:41 2025
ramon: root.execname        z3
ramon: root.utime           1.030s
ramon: root.stime           0.040s
ramon: group.total          1.087s
ramon: group.utime          1.039s
ramon: group.stime          0.048s
ramon: group.mempeak        123MiB
ramon: group.pidpeak        3
ramon: status               exited
ramon: exitcode             0
ramon: walltime             1.149s
ramon: loadavg              0.95
