ramon: cwd                  /home/gh1/A/_work/z3-poly-testing/z3-poly-testing
ramon: start                Wed Jan  1 12:45:21 2025
ramon: nproc                32
ramon: sys.mem              63442 MiB
ramon: sys.mem.free         7209 MiB
ramon: sys.mem.avail        60047 MiB
ramon: sys.nprocs           1183
ramon: argv                 0 = z3
ramon: argv                 1 = inputs/QF_BV_SAT/src_wget_vc17912.smt2
ramon: argv                 2 = -T:20
ramon: argv                 3 = -v:2
ramon: argv                 4 = -st
ramon: argv                 5 = tactic.default_tactic=(then simplify propagate-values solve-eqs simplify sls-smt)
ramon: argv                 6 = model_validate=true
ramon: childpid             2696538
(sat.ddfw :unsat :models :kflips/sec  :flips  :restarts  :reinits  :unsat_vars  :shifts)
(sat.ddfw     140      0     10000     10000         0          0            3     9879)
(sat.ddfw     140      0      5000     20000         0          1            3    20200)
(sat.ddfw     140      0      5000     40000         0          2            3    36580)
(sat.ddfw     140      0      3750     70000         0          3            3    62930)
(sat.ddfw     140      0   3333.33    110000         0          4            3    93312)
(sat.ddfw     140      0   2777.78    160000         0          5            3   141420)
(sat.ddfw       1    795   571.429    220000         1          6            2   177486)
(sat.ddfw       1    825   578.512    290000         2          7            2   233804)
(sat.ddfw       1   1025   176.605    370002        11          8           13   253059)
(sat.ddfw       1   1025   192.715    460000        11          9            3   320157)
(sat.ddfw       1   1025   102.775    560000        15         10            2   332262)
ramon: poll                 wall=1.000s usage=0.995s mem=18460KiB load=0.99 rootload=0.99
(sat.ddfw       1   1025   107.949    670000        15         11            3   418568)
(sat.ddfw       1   1025   73.5776    790005        17         12            5   426806)
ramon: poll                 wall=2.001s usage=1.999s mem=18460KiB load=1.00 rootload=1.00
(sat.ddfw       1   1025   55.7205    920001        18         13           12   429174)
ramon: poll                 wall=3.000s usage=2.995s mem=18460KiB load=1.00 rootload=1.00
(sat.ddfw       1   1025   45.7692   1060009        19         14           11   432290)
(sat.ddfw       1   1025   39.3987   1210000        20         15            1   434751)
ramon: poll                 wall=4.000s usage=3.995s mem=18460KiB load=1.00 rootload=1.00
(sat.ddfw       1   1025   35.7309   1370003        25         16           15   476172)
ramon: poll                 wall=5.000s usage=4.994s mem=18460KiB load=1.00 rootload=1.00
(sat.ddfw       1   1025   32.1663   1540002        27         17            4   502146)
ramon: poll                 wall=6.000s usage=5.994s mem=18460KiB load=1.00 rootload=1.00
(sat.ddfw       1   1025   29.4211   1720000        28         18            3   508240)
(sat.ddfw       0      1   24.2841   1887560        30         19            0   514503)
ramon: end                  Wed Jan  1 12:45:28 2025
ramon: root.execname        z3
ramon: root.utime           6.890s
ramon: root.stime           0.000s
ramon: group.total          6.905s
ramon: group.utime          6.897s
ramon: group.stime          0.008s
ramon: group.mempeak        18716KiB
ramon: group.pidpeak        2
ramon: status               exited
ramon: exitcode             0
ramon: walltime             6.910s
ramon: loadavg              1.00
