ramon: cwd                  /home/runner/a/_work/z3-poly-testing/z3-poly-testing
ramon: start                Wed Mar 12 21:25:23 2025
ramon: nproc                128
ramon: sys.mem              64150 MiB
ramon: sys.mem.free         21471 MiB
ramon: sys.mem.avail        63643 MiB
ramon: sys.nprocs           3376
ramon: argv                 0 = z3
ramon: argv                 1 = inputs/QF_LIA/ex9960_2400_100.smt2
ramon: argv                 2 = -T:600
ramon: argv                 3 = -st
ramon: argv                 4 = smt.arith.lp.dio_eqs=true
ramon: argv                 5 = smt.random_seed=5
ramon: childpid             588155
ramon: poll                 wall=01.000s usage=00.994s user=00.921s sys=00.074s mem=25516KiB roottime=0.920s load=0.99 rootload=0.92
ramon: end                  Wed Mar 12 21:25:24 2025
ramon: root.execname        z3
ramon: root.utime           1.240s
ramon: root.stime           0.080s
ramon: group.total          1.329s
ramon: group.utime          1.247s
ramon: group.stime          0.082s
ramon: group.mempeak        26028KiB
ramon: group.pidpeak        2
ramon: status               exited
ramon: exitcode             0
ramon: walltime             1.336s
ramon: loadavg              0.99
