unsat
(:added-eqs                   1400700
 :arith-eq-adapter            2325
 :arith-bound-propagations-lp 194292
 :arith-conflicts             215
 :arith-diseq                 27174
 :arith-fixed-eqs             71443
 :arith-lower                 99111
 :arith-make-feasible         18587
 :arith-max-columns           1762
 :arith-max-rows              861
 :arith-offset-eqs            47485
 :arith-upper                 127406
 :binary-propagations         23293308
 :conflicts                   21631
 :decisions                   1076758
 :del-clause                  41281
 :max-memory                  133.74
 :memory                      70.50
 :minimized-lits              396503
 :mk-bool-var                 41207
 :mk-clause                   43177
 :mk-clause-binary            488741
 :num-allocs                  72237617982.00
 :num-checks                  1
 :propagations                27698427
 :restarts                    130
 :rlimit-count                80438103
 :time                        86.89
 :total-time                  106.60)
