sat
(:added-eqs                   24074484
 :arith-eq-adapter            3007
 :arith-bound-propagations-lp 435805
 :arith-conflicts             745
 :arith-diseq                 211450
 :arith-fixed-eqs             382009
 :arith-lower                 553413
 :arith-make-feasible         217650
 :arith-max-columns           1466
 :arith-max-rows              600
 :arith-offset-eqs            18188
 :arith-upper                 707449
 :binary-propagations         65680689
 :conflicts                   149726
 :decisions                   9459956
 :del-clause                  112209
 :final-checks                1
 :max-memory                  90.38
 :memory                      59.09
 :minimized-lits              898328
 :mk-bool-var                 35405
 :mk-clause                   161177
 :mk-clause-binary            33355
 :num-allocs                  1702750082
 :num-checks                  1
 :propagations                92543812
 :restarts                    473
 :rlimit-count                235484627
 :time                        501.18
 :total-time                  500.72)
