ramon: cwd                  /home/runner/a/_work/z3-poly-testing/z3-poly-testing
ramon: start                Wed Mar 12 21:29:14 2025
ramon: nproc                128
ramon: sys.mem              64150 MiB
ramon: sys.mem.free         20106 MiB
ramon: sys.mem.avail        63643 MiB
ramon: sys.nprocs           3436
ramon: argv                 0 = z3
ramon: argv                 1 = inputs/QF_LIA/prp-13-41.smt2
ramon: argv                 2 = -T:600
ramon: argv                 3 = -st
ramon: argv                 4 = smt.arith.lp.dio_eqs=true
ramon: argv                 5 = smt.random_seed=5
ramon: childpid             621631
ramon: poll                 wall=01.000s usage=00.979s user=00.904s sys=00.075s mem=27492KiB roottime=0.900s load=0.98 rootload=0.90
ramon: poll                 wall=02.011s usage=01.989s user=01.887s sys=00.102s mem=39608KiB roottime=1.880s load=1.00 rootload=0.97
ramon: poll                 wall=03.010s usage=02.986s user=02.878s sys=00.108s mem=40156KiB roottime=2.870s load=1.00 rootload=0.99
ramon: poll                 wall=04.013s usage=03.988s user=03.876s sys=00.112s mem=41132KiB roottime=3.870s load=1.00 rootload=1.00
ramon: poll                 wall=05.006s usage=04.980s user=04.826s sys=00.154s mem=49856KiB roottime=4.820s load=1.00 rootload=0.96
ramon: poll                 wall=06.006s usage=05.979s user=05.819s sys=00.160s mem=50304KiB roottime=5.810s load=1.00 rootload=0.99
ramon: poll                 wall=07.012s usage=06.984s user=06.823s sys=00.161s mem=50560KiB roottime=6.820s load=1.00 rootload=1.00
ramon: end                  Wed Mar 12 21:29:22 2025
ramon: root.execname        z3
ramon: root.utime           7.160s
ramon: root.stime           0.170s
ramon: group.total          7.338s
ramon: group.utime          7.161s
ramon: group.stime          0.177s
ramon: group.mempeak        58028KiB
ramon: group.pidpeak        2
ramon: status               exited
ramon: exitcode             0
ramon: walltime             7.368s
ramon: loadavg              1.00
