unsat
(:arith-bound-propagations-lp 4
 :arith-lower                 200
 :arith-make-feasible         1
 :arith-max-columns           406
 :arith-max-rows              201
 :arith-upper                 202
 :binary-propagations         2
 :conflicts                   1
 :max-memory                  20.12
 :memory                      19.00
 :mk-bool-var                 407
 :mk-clause-binary            11
 :num-allocs                  572310
 :num-checks                  1
 :propagations                2
 :rlimit-count                49665
 :solve-eqs-elim-vars         301
 :solve-eqs-steps             502
 :time                        0.03
 :total-time                  0.08)
