ramon: cwd                  /home/runner/a/_work/z3-poly-testing/z3-poly-testing
ramon: start                Fri Apr 18 12:04:59 2025
ramon: nproc                128
ramon: sys.mem              64150 MiB
ramon: sys.mem.free         35612 MiB
ramon: sys.mem.avail        63050 MiB
ramon: sys.nprocs           3251
ramon: argv                 0 = z3
ramon: argv                 1 = /home/runner/a/_work/z3-poly-testing/z3-poly-testing/download/non-incremental/QF_LIA/nec-smt/large/getoption_group/prp-58-47.smt2
ramon: argv                 2 = -T:600
ramon: argv                 3 = -st
ramon: argv                 4 = lp.dio=true
ramon: argv                 5 = smt.random_seed=589
ramon: childpid             3685189
ramon: poll                 wall=01.013s usage=00.980s user=00.875s sys=00.106s mem=22296KiB roottime=0.870s load=0.97 rootload=0.86
ramon: poll                 wall=02.032s usage=01.994s user=01.876s sys=00.118s mem=24740KiB roottime=1.870s load=0.99 rootload=0.98
ramon: poll                 wall=03.029s usage=02.990s user=02.873s sys=00.118s mem=24740KiB roottime=2.870s load=1.00 rootload=1.00
ramon: poll                 wall=04.003s usage=03.960s user=03.842s sys=00.118s mem=24996KiB roottime=3.840s load=1.00 rootload=1.00
ramon: poll                 wall=05.002s usage=04.958s user=04.836s sys=00.122s mem=25956KiB roottime=4.830s load=1.00 rootload=0.99
ramon: poll                 wall=06.003s usage=05.960s user=05.835s sys=00.125s mem=26212KiB roottime=5.830s load=1.00 rootload=1.00
ramon: poll                 wall=07.000s usage=06.957s user=06.830s sys=00.127s mem=26724KiB roottime=6.820s load=1.00 rootload=0.99
ramon: poll                 wall=08.003s usage=07.960s user=07.830s sys=00.130s mem=27236KiB roottime=7.820s load=1.00 rootload=1.00
ramon: poll                 wall=09.000s usage=08.956s user=08.826s sys=00.130s mem=27492KiB roottime=8.820s load=1.00 rootload=1.00
ramon: poll                 wall=10.003s usage=09.959s user=09.816s sys=00.143s mem=29284KiB roottime=9.810s load=1.00 rootload=0.99
ramon: poll                 wall=11.004s usage=10.959s user=10.804s sys=00.155s mem=31332KiB roottime=10.800s load=1.00 rootload=0.99
ramon: poll                 wall=12.001s usage=11.956s user=11.801s sys=00.155s mem=31332KiB roottime=11.800s load=1.00 rootload=1.00
ramon: poll                 wall=13.004s usage=12.959s user=12.804s sys=00.155s mem=31332KiB roottime=12.800s load=1.00 rootload=1.00
ramon: poll                 wall=14.006s usage=13.960s user=13.804s sys=00.156s mem=31556KiB roottime=13.800s load=1.00 rootload=1.00
ramon: poll                 wall=15.003s usage=14.956s user=14.799s sys=00.157s mem=31812KiB roottime=14.790s load=1.00 rootload=0.99
ramon: poll                 wall=16.002s usage=15.954s user=15.791s sys=00.163s mem=32664KiB roottime=15.790s load=1.00 rootload=1.00
ramon: poll                 wall=17.000s usage=16.952s user=16.790s sys=00.163s mem=32664KiB roottime=16.780s load=1.00 rootload=0.99
ramon: poll                 wall=18.006s usage=17.957s user=17.789s sys=00.169s mem=33556KiB roottime=17.780s load=1.00 rootload=0.99
ramon: poll                 wall=19.000s usage=18.952s user=18.780s sys=00.172s mem=34324KiB roottime=18.780s load=1.00 rootload=1.01
ramon: poll                 wall=20.001s usage=19.953s user=19.781s sys=00.172s mem=34324KiB roottime=19.780s load=1.00 rootload=1.00
ramon: poll                 wall=21.001s usage=20.952s user=20.780s sys=00.172s mem=34324KiB roottime=20.780s load=1.00 rootload=1.00
ramon: poll                 wall=22.002s usage=21.953s user=21.781s sys=00.172s mem=34324KiB roottime=21.780s load=1.00 rootload=1.00
ramon: poll                 wall=23.000s usage=22.951s user=22.779s sys=00.172s mem=34324KiB roottime=22.770s load=1.00 rootload=0.99
ramon: poll                 wall=24.000s usage=23.951s user=23.779s sys=00.172s mem=34324KiB roottime=23.770s load=1.00 rootload=1.00
ramon: poll                 wall=25.003s usage=24.953s user=24.781s sys=00.172s mem=34324KiB roottime=24.780s load=1.00 rootload=1.01
ramon: poll                 wall=26.000s usage=25.950s user=25.778s sys=00.172s mem=34324KiB roottime=25.770s load=1.00 rootload=0.99
ramon: poll                 wall=27.000s usage=26.950s user=26.664s sys=00.286s mem=57308KiB roottime=26.660s load=1.00 rootload=0.89
ramon: poll                 wall=28.001s usage=27.951s user=27.490s sys=00.461s mem=91060KiB roottime=27.480s load=1.00 rootload=0.82
ramon: poll                 wall=29.009s usage=28.957s user=28.421s sys=00.536s mem=108MiB roottime=28.420s load=1.00 rootload=0.93
ramon: poll                 wall=30.005s usage=29.954s user=29.405s sys=00.549s mem=109MiB roottime=29.400s load=1.00 rootload=0.98
ramon: poll                 wall=31.018s usage=30.967s user=30.410s sys=00.557s mem=109MiB roottime=30.400s load=1.00 rootload=0.99
ramon: poll                 wall=32.012s usage=31.960s user=31.396s sys=00.565s mem=110MiB roottime=31.390s load=1.00 rootload=1.00
ramon: poll                 wall=33.011s usage=32.959s user=32.394s sys=00.565s mem=110MiB roottime=32.390s load=1.00 rootload=1.00
ramon: poll                 wall=34.012s usage=33.960s user=33.392s sys=00.568s mem=110MiB roottime=33.390s load=1.00 rootload=1.00
ramon: poll                 wall=35.000s usage=34.948s user=34.377s sys=00.571s mem=111MiB roottime=34.370s load=1.00 rootload=0.99
ramon: poll                 wall=36.001s usage=35.948s user=35.378s sys=00.571s mem=111MiB roottime=35.370s load=1.00 rootload=1.00
ramon: poll                 wall=37.001s usage=36.948s user=36.376s sys=00.572s mem=111MiB roottime=36.370s load=1.00 rootload=1.00
ramon: poll                 wall=38.000s usage=37.947s user=37.372s sys=00.575s mem=111MiB roottime=37.370s load=1.00 rootload=1.00
ramon: poll                 wall=39.003s usage=38.949s user=38.375s sys=00.575s mem=111MiB roottime=38.370s load=1.00 rootload=1.00
ramon: poll                 wall=40.000s usage=39.946s user=39.372s sys=00.575s mem=111MiB roottime=39.370s load=1.00 rootload=1.00
ramon: poll                 wall=41.000s usage=40.946s user=40.371s sys=00.575s mem=111MiB roottime=40.370s load=1.00 rootload=1.00
ramon: poll                 wall=42.000s usage=41.950s user=41.374s sys=00.576s mem=111MiB roottime=41.390s load=1.00 rootload=1.02
ramon: poll                 wall=43.007s usage=42.952s user=42.377s sys=00.576s mem=111MiB roottime=42.370s load=1.00 rootload=0.97
ramon: poll                 wall=44.005s usage=43.950s user=43.371s sys=00.580s mem=111MiB roottime=43.370s load=1.00 rootload=1.00
ramon: end                  Fri Apr 18 12:05:43 2025
ramon: root.execname        z3
ramon: root.utime           43.380s
ramon: root.stime           0.610s
ramon: group.total          43.997s
ramon: group.utime          43.381s
ramon: group.stime          0.616s
ramon: group.mempeak        112MiB
ramon: group.pidpeak        2
ramon: status               exited
ramon: exitcode             0
ramon: walltime             44.054s
ramon: loadavg              1.00
