ramon: cwd                  /home/runner/a/_work/z3-poly-testing/z3-poly-testing
ramon: start                Fri Apr 18 15:37:37 2025
ramon: nproc                128
ramon: sys.mem              64150 MiB
ramon: sys.mem.free         36502 MiB
ramon: sys.mem.avail        63048 MiB
ramon: sys.nprocs           3337
ramon: argv                 0 = z3
ramon: argv                 1 = /home/runner/a/_work/z3-poly-testing/z3-poly-testing/download/non-incremental/QF_LIA/convert/convert-jpg2gif-query-1607.smt2
ramon: argv                 2 = -T:600
ramon: argv                 3 = -st
ramon: argv                 4 = lp.dio=true
ramon: argv                 5 = lp.dio_run_gcd=false
ramon: argv                 6 = smt.random_seed=2468
ramon: childpid             58221
ramon: poll                 wall=01.005s usage=00.999s user=00.905s sys=00.094s mem=29736KiB roottime=0.900s load=0.99 rootload=0.90
ramon: poll                 wall=02.000s usage=01.991s user=01.896s sys=00.095s mem=29852KiB roottime=1.890s load=1.00 rootload=0.99
ramon: poll                 wall=03.022s usage=03.011s user=02.916s sys=00.095s mem=29936KiB roottime=2.910s load=1.00 rootload=1.00
ramon: poll                 wall=04.018s usage=04.005s user=03.910s sys=00.095s mem=30192KiB roottime=3.910s load=1.00 rootload=1.00
ramon: poll                 wall=05.003s usage=04.990s user=04.894s sys=00.096s mem=30192KiB roottime=4.890s load=1.00 rootload=0.99
ramon: end                  Fri Apr 18 15:37:43 2025
ramon: root.execname        z3
ramon: root.utime           5.650s
ramon: root.stime           0.110s
ramon: group.total          5.766s
ramon: group.utime          5.655s
ramon: group.stime          0.111s
ramon: group.mempeak        30960KiB
ramon: group.pidpeak        3
ramon: status               exited
ramon: exitcode             0
ramon: walltime             5.779s
ramon: loadavg              1.00
