ramon: cwd                  /home/runner/a/_work/z3-poly-testing/z3-poly-testing
ramon: start                Mon Mar 10 10:13:53 2025
ramon: nproc                128
ramon: sys.mem              64150 MiB
ramon: sys.mem.free         45871 MiB
ramon: sys.mem.avail        64001 MiB
ramon: sys.nprocs           3148
ramon: argv                 0 = z3
ramon: argv                 1 = inputs/QF_LIA/n6293-problem__034.smt2
ramon: argv                 2 = -T:600
ramon: argv                 3 = -st
ramon: argv                 4 = smt.arith.lp.dio_eqs=true
ramon: childpid             1872863
ramon: poll                 wall=01.002s usage=00.986s user=00.957s sys=00.029s mem=20596KiB roottime=0.950s load=0.98 rootload=0.95
ramon: end                  Mon Mar 10 10:13:55 2025
ramon: root.execname        z3
ramon: root.utime           1.730s
ramon: root.stime           0.030s
ramon: group.total          1.766s
ramon: group.utime          1.731s
ramon: group.stime          0.035s
ramon: group.mempeak        20852KiB
ramon: group.pidpeak        3
ramon: status               exited
ramon: exitcode             0
ramon: walltime             1.785s
ramon: loadavg              0.99
