ramon: cwd                  /home/runner/a/_work/z3-poly-testing/z3-poly-testing
ramon: start                Mon Mar 10 10:21:12 2025
ramon: nproc                128
ramon: sys.mem              64150 MiB
ramon: sys.mem.free         28994 MiB
ramon: sys.mem.avail        63999 MiB
ramon: sys.nprocs           3117
ramon: argv                 0 = z3
ramon: argv                 1 = inputs/QF_LIA/n6810-prp-28-50.smt2
ramon: argv                 2 = -T:600
ramon: argv                 3 = -st
ramon: argv                 4 = smt.arith.lp.dio_eqs=true
ramon: childpid             1922740
ramon: poll                 wall=01.017s usage=00.911s user=00.740s sys=00.171s mem=35228KiB roottime=0.740s load=0.90 rootload=0.73
ramon: poll                 wall=02.016s usage=01.896s user=01.714s sys=00.183s mem=38720KiB roottime=1.710s load=0.99 rootload=0.97
ramon: poll                 wall=03.014s usage=02.885s user=02.626s sys=00.259s mem=59956KiB roottime=2.620s load=0.99 rootload=0.91
ramon: poll                 wall=04.010s usage=03.872s user=03.608s sys=00.265s mem=60360KiB roottime=3.600s load=0.99 rootload=0.98
ramon: poll                 wall=05.011s usage=04.868s user=04.595s sys=00.274s mem=61356KiB roottime=4.590s load=0.99 rootload=0.99
ramon: poll                 wall=06.000s usage=05.851s user=05.574s sys=00.278s mem=61808KiB roottime=5.570s load=0.99 rootload=0.99
ramon: poll                 wall=07.004s usage=06.853s user=06.571s sys=00.282s mem=61892KiB roottime=6.570s load=1.00 rootload=1.00
ramon: poll                 wall=08.003s usage=07.850s user=07.562s sys=00.288s mem=62316KiB roottime=7.560s load=1.00 rootload=0.99
ramon: poll                 wall=09.003s usage=08.847s user=08.558s sys=00.289s mem=62572KiB roottime=8.550s load=1.00 rootload=0.99
ramon: poll                 wall=10.005s usage=09.847s user=09.555s sys=00.291s mem=62784KiB roottime=9.550s load=1.00 rootload=1.00
ramon: poll                 wall=11.003s usage=10.842s user=10.543s sys=00.299s mem=62980KiB roottime=10.540s load=1.00 rootload=0.99
ramon: poll                 wall=12.003s usage=11.840s user=11.537s sys=00.303s mem=63412KiB roottime=11.530s load=1.00 rootload=0.99
ramon: poll                 wall=13.013s usage=12.847s user=12.544s sys=00.303s mem=63468KiB roottime=12.540s load=1.00 rootload=1.00
ramon: poll                 wall=14.000s usage=13.834s user=13.528s sys=00.306s mem=63468KiB roottime=13.520s load=1.00 rootload=0.99
ramon: poll                 wall=15.001s usage=14.834s user=14.524s sys=00.309s mem=63724KiB roottime=14.520s load=1.00 rootload=1.00
ramon: poll                 wall=16.008s usage=15.840s user=15.526s sys=00.314s mem=64492KiB roottime=15.520s load=1.00 rootload=0.99
ramon: poll                 wall=17.007s usage=16.836s user=16.522s sys=00.314s mem=64684KiB roottime=16.520s load=1.00 rootload=1.00
ramon: poll                 wall=18.007s usage=17.835s user=17.521s sys=00.314s mem=64684KiB roottime=17.520s load=1.00 rootload=1.00
ramon: poll                 wall=19.014s usage=18.839s user=18.525s sys=00.314s mem=64432KiB roottime=18.520s load=1.00 rootload=0.99
ramon: poll                 wall=20.006s usage=19.831s user=19.516s sys=00.314s mem=64688KiB roottime=19.510s load=1.00 rootload=1.00
ramon: poll                 wall=21.003s usage=20.825s user=20.506s sys=00.319s mem=64816KiB roottime=20.500s load=1.00 rootload=0.99
ramon: poll                 wall=22.005s usage=21.825s user=21.504s sys=00.320s mem=64900KiB roottime=21.500s load=1.00 rootload=1.00
ramon: poll                 wall=23.007s usage=22.824s user=22.502s sys=00.322s mem=64784KiB roottime=22.500s load=1.00 rootload=1.00
ramon: poll                 wall=24.003s usage=23.818s user=23.492s sys=00.326s mem=65048KiB roottime=23.490s load=1.00 rootload=0.99
ramon: poll                 wall=25.001s usage=24.813s user=24.485s sys=00.328s mem=65116KiB roottime=24.480s load=1.00 rootload=0.99
ramon: poll                 wall=26.002s usage=25.812s user=25.483s sys=00.329s mem=65372KiB roottime=25.480s load=1.00 rootload=1.00
ramon: poll                 wall=27.004s usage=26.810s user=26.479s sys=00.331s mem=65196KiB roottime=26.470s load=1.00 rootload=0.99
ramon: poll                 wall=28.000s usage=27.805s user=27.474s sys=00.331s mem=65216KiB roottime=27.470s load=1.00 rootload=1.00
ramon: poll                 wall=29.001s usage=28.803s user=28.471s sys=00.331s mem=65252KiB roottime=28.470s load=1.00 rootload=1.00
ramon: poll                 wall=30.000s usage=29.800s user=29.463s sys=00.337s mem=65596KiB roottime=29.460s load=1.00 rootload=0.99
ramon: poll                 wall=31.000s usage=30.797s user=30.459s sys=00.337s mem=65680KiB roottime=30.460s load=1.00 rootload=1.00
ramon: poll                 wall=32.003s usage=31.798s user=31.459s sys=00.338s mem=65760KiB roottime=31.450s load=1.00 rootload=0.99
ramon: poll                 wall=33.005s usage=32.797s user=32.453s sys=00.343s mem=65688KiB roottime=32.450s load=1.00 rootload=1.00
ramon: poll                 wall=34.003s usage=33.792s user=33.447s sys=00.345s mem=66008KiB roottime=33.440s load=1.00 rootload=0.99
ramon: poll                 wall=35.000s usage=34.788s user=34.438s sys=00.350s mem=66120KiB roottime=34.430s load=1.00 rootload=0.99
ramon: poll                 wall=36.000s usage=35.785s user=35.434s sys=00.350s mem=66268KiB roottime=35.430s load=1.00 rootload=1.00
ramon: poll                 wall=37.000s usage=36.783s user=36.432s sys=00.351s mem=66268KiB roottime=36.430s load=1.00 rootload=1.00
ramon: poll                 wall=38.000s usage=37.784s user=37.431s sys=00.352s mem=66268KiB roottime=37.430s load=1.00 rootload=1.00
ramon: poll                 wall=39.000s usage=38.780s user=38.427s sys=00.353s mem=66368KiB roottime=38.420s load=1.00 rootload=0.99
ramon: poll                 wall=40.003s usage=39.782s user=39.425s sys=00.356s mem=66412KiB roottime=39.420s load=1.00 rootload=1.00
ramon: poll                 wall=41.000s usage=40.778s user=40.418s sys=00.360s mem=66596KiB roottime=40.410s load=1.00 rootload=0.99
ramon: poll                 wall=42.011s usage=41.786s user=41.425s sys=00.361s mem=66952KiB roottime=41.420s load=1.00 rootload=1.00
ramon: poll                 wall=43.006s usage=42.780s user=42.419s sys=00.361s mem=67088KiB roottime=42.410s load=1.00 rootload=1.00
ramon: poll                 wall=44.007s usage=43.779s user=43.416s sys=00.362s mem=66840KiB roottime=43.410s load=1.00 rootload=1.00
ramon: poll                 wall=45.009s usage=44.779s user=44.417s sys=00.362s mem=67096KiB roottime=44.410s load=1.00 rootload=1.00
ramon: poll                 wall=46.008s usage=45.774s user=45.409s sys=00.364s mem=66972KiB roottime=45.410s load=1.00 rootload=1.00
ramon: poll                 wall=47.010s usage=46.772s user=46.407s sys=00.364s mem=67232KiB roottime=46.400s load=1.00 rootload=0.99
ramon: poll                 wall=48.010s usage=47.769s user=47.400s sys=00.368s mem=67292KiB roottime=47.400s load=1.00 rootload=1.00
ramon: poll                 wall=49.004s usage=48.757s user=48.388s sys=00.369s mem=67552KiB roottime=48.380s load=0.99 rootload=0.99
ramon: poll                 wall=50.004s usage=49.753s user=49.384s sys=00.369s mem=67304KiB roottime=49.380s load=1.00 rootload=1.00
ramon: poll                 wall=51.001s usage=50.746s user=50.377s sys=00.369s mem=67336KiB roottime=50.370s load=1.00 rootload=0.99
ramon: poll                 wall=52.000s usage=51.741s user=51.371s sys=00.370s mem=67608KiB roottime=51.370s load=1.00 rootload=1.00
ramon: poll                 wall=53.001s usage=52.742s user=52.372s sys=00.370s mem=67608KiB roottime=52.370s load=1.00 rootload=1.00
ramon: poll                 wall=54.001s usage=53.742s user=53.369s sys=00.373s mem=67608KiB roottime=53.360s load=1.00 rootload=0.99
ramon: poll                 wall=55.004s usage=54.741s user=54.368s sys=00.373s mem=67544KiB roottime=54.360s load=1.00 rootload=1.00
ramon: poll                 wall=56.003s usage=55.736s user=55.361s sys=00.375s mem=68172KiB roottime=55.360s load=1.00 rootload=1.00
ramon: poll                 wall=57.004s usage=56.734s user=56.358s sys=00.375s mem=67932KiB roottime=56.350s load=1.00 rootload=0.99
ramon: poll                 wall=58.004s usage=57.726s user=57.351s sys=00.375s mem=67932KiB roottime=57.350s load=0.99 rootload=1.00
ramon: poll                 wall=59.000s usage=58.718s user=58.342s sys=00.376s mem=67992KiB roottime=58.340s load=1.00 rootload=0.99
ramon: poll                 wall=01m00.000s usage=59.714s user=59.338s sys=00.376s mem=68260KiB roottime=59.330s load=1.00 rootload=0.99
ramon: poll                 wall=01m01.003s usage=01m00.714s user=01m00.335s sys=00.378s mem=68068KiB roottime=60.330s load=1.00 rootload=1.00
ramon: poll                 wall=01m02.000s usage=01m01.708s user=01m01.329s sys=00.379s mem=68340KiB roottime=61.330s load=1.00 rootload=1.00
ramon: poll                 wall=01m03.001s usage=01m02.710s user=01m02.330s sys=00.380s mem=68340KiB roottime=62.330s load=1.00 rootload=1.00
ramon: poll                 wall=01m04.000s usage=01m03.707s user=01m03.326s sys=00.381s mem=68340KiB roottime=63.320s load=1.00 rootload=0.99
ramon: poll                 wall=01m05.002s usage=01m04.709s user=01m04.327s sys=00.381s mem=68340KiB roottime=64.320s load=1.00 rootload=1.00
ramon: poll                 wall=01m06.001s usage=01m05.708s user=01m05.325s sys=00.382s mem=68340KiB roottime=65.320s load=1.00 rootload=1.00
ramon: poll                 wall=01m07.003s usage=01m06.709s user=01m06.325s sys=00.384s mem=68596KiB roottime=66.320s load=1.00 rootload=1.00
ramon: poll                 wall=01m08.000s usage=01m07.707s user=01m07.323s sys=00.384s mem=68596KiB roottime=67.320s load=1.00 rootload=1.00
ramon: poll                 wall=01m09.002s usage=01m08.708s user=01m08.322s sys=00.385s mem=68596KiB roottime=68.320s load=1.00 rootload=1.00
ramon: poll                 wall=01m10.000s usage=01m09.705s user=01m09.320s sys=00.385s mem=68596KiB roottime=69.320s load=1.00 rootload=1.00
ramon: poll                 wall=01m11.004s usage=01m10.709s user=01m10.324s sys=00.385s mem=68596KiB roottime=70.320s load=1.00 rootload=1.00
ramon: poll                 wall=01m12.003s usage=01m11.708s user=01m11.322s sys=00.385s mem=68596KiB roottime=71.320s load=1.00 rootload=1.00
ramon: poll                 wall=01m13.000s usage=01m12.706s user=01m12.318s sys=00.387s mem=68596KiB roottime=72.310s load=1.00 rootload=0.99
ramon: poll                 wall=01m14.026s usage=01m13.730s user=01m13.342s sys=00.388s mem=68596KiB roottime=73.340s load=1.00 rootload=1.00
ramon: poll                 wall=01m15.013s usage=01m14.717s user=01m14.328s sys=00.388s mem=68596KiB roottime=74.330s load=1.00 rootload=1.00
ramon: poll                 wall=01m16.008s usage=01m15.712s user=01m15.318s sys=00.393s mem=68852KiB roottime=75.310s load=1.00 rootload=0.98
ramon: poll                 wall=01m17.002s usage=01m16.706s user=01m16.312s sys=00.393s mem=68852KiB roottime=76.310s load=1.00 rootload=1.01
ramon: poll                 wall=01m18.000s usage=01m17.703s user=01m17.307s sys=00.396s mem=69108KiB roottime=77.300s load=1.00 rootload=0.99
ramon: poll                 wall=01m19.003s usage=01m18.706s user=01m18.309s sys=00.397s mem=69108KiB roottime=78.300s load=1.00 rootload=1.00
ramon: poll                 wall=01m20.004s usage=01m19.707s user=01m19.309s sys=00.397s mem=69108KiB roottime=79.300s load=1.00 rootload=1.00
ramon: poll                 wall=01m21.003s usage=01m20.698s user=01m20.295s sys=00.402s mem=69876KiB roottime=80.290s load=0.99 rootload=0.99
ramon: poll                 wall=01m22.008s usage=01m21.703s user=01m21.300s sys=00.402s mem=69876KiB roottime=81.300s load=1.00 rootload=1.01
ramon: poll                 wall=01m23.006s usage=01m22.701s user=01m22.298s sys=00.402s mem=69876KiB roottime=82.290s load=1.00 rootload=0.99
ramon: poll                 wall=01m24.016s usage=01m23.710s user=01m23.308s sys=00.402s mem=69876KiB roottime=83.300s load=1.00 rootload=1.00
ramon: poll                 wall=01m25.002s usage=01m24.696s user=01m24.294s sys=00.402s mem=69876KiB roottime=84.290s load=1.00 rootload=1.00
ramon: poll                 wall=01m26.002s usage=01m25.696s user=01m25.293s sys=00.403s mem=69876KiB roottime=85.290s load=1.00 rootload=1.00
ramon: poll                 wall=01m27.003s usage=01m26.697s user=01m26.294s sys=00.403s mem=69876KiB roottime=86.290s load=1.00 rootload=1.00
ramon: poll                 wall=01m28.000s usage=01m27.694s user=01m27.289s sys=00.405s mem=70132KiB roottime=87.280s load=1.00 rootload=0.99
ramon: poll                 wall=01m29.000s usage=01m28.693s user=01m28.287s sys=00.407s mem=70132KiB roottime=88.280s load=1.00 rootload=1.00
ramon: poll                 wall=01m30.007s usage=01m29.700s user=01m29.294s sys=00.407s mem=70132KiB roottime=89.290s load=1.00 rootload=1.00
ramon: poll                 wall=01m31.000s usage=01m30.693s user=01m30.285s sys=00.409s mem=70132KiB roottime=90.280s load=1.00 rootload=1.00
ramon: poll                 wall=01m32.007s usage=01m31.700s user=01m31.290s sys=00.410s mem=70256KiB roottime=91.280s load=1.00 rootload=0.99
ramon: poll                 wall=01m33.007s usage=01m32.699s user=01m32.290s sys=00.410s mem=70512KiB roottime=92.280s load=1.00 rootload=1.00
ramon: poll                 wall=01m34.000s usage=01m33.692s user=01m33.283s sys=00.410s mem=70512KiB roottime=93.280s load=1.00 rootload=1.01
ramon: poll                 wall=01m35.000s usage=01m34.692s user=01m34.282s sys=00.410s mem=70512KiB roottime=94.280s load=1.00 rootload=1.00
ramon: poll                 wall=01m36.000s usage=01m35.692s user=01m35.282s sys=00.410s mem=70512KiB roottime=95.280s load=1.00 rootload=1.00
ramon: poll                 wall=01m37.000s usage=01m36.691s user=01m36.281s sys=00.411s mem=70512KiB roottime=96.280s load=1.00 rootload=1.00
ramon: poll                 wall=01m38.000s usage=01m37.690s user=01m37.279s sys=00.412s mem=70592KiB roottime=97.270s load=1.00 rootload=0.99
ramon: poll                 wall=01m39.000s usage=01m38.690s user=01m38.276s sys=00.414s mem=70592KiB roottime=98.270s load=1.00 rootload=1.00
ramon: poll                 wall=01m40.002s usage=01m39.688s user=01m39.273s sys=00.415s mem=70592KiB roottime=99.270s load=1.00 rootload=1.00
ramon: poll                 wall=01m41.000s usage=01m40.684s user=01m40.269s sys=00.415s mem=70848KiB roottime=100.270s load=1.00 rootload=1.00
ramon: poll                 wall=01m42.012s usage=01m41.696s user=01m41.280s sys=00.416s mem=70848KiB roottime=101.270s load=1.00 rootload=0.99
ramon: poll                 wall=01m43.006s usage=01m42.689s user=01m42.274s sys=00.416s mem=70848KiB roottime=102.270s load=1.00 rootload=1.01
ramon: poll                 wall=01m44.003s usage=01m43.675s user=01m43.258s sys=00.417s mem=70724KiB roottime=103.250s load=0.99 rootload=0.98
ramon: poll                 wall=01m45.007s usage=01m44.677s user=01m44.260s sys=00.417s mem=71028KiB roottime=104.250s load=1.00 rootload=1.00
ramon: poll                 wall=01m46.003s usage=01m45.660s user=01m45.242s sys=00.419s mem=71056KiB roottime=105.240s load=0.99 rootload=0.99
ramon: poll                 wall=01m47.003s usage=01m46.654s user=01m46.235s sys=00.420s mem=70852KiB roottime=106.230s load=0.99 rootload=0.99
ramon: poll                 wall=01m48.004s usage=01m47.648s user=01m47.228s sys=00.421s mem=71164KiB roottime=107.220s load=0.99 rootload=0.99
ramon: poll                 wall=01m49.007s usage=01m48.647s user=01m48.227s sys=00.421s mem=71304KiB roottime=108.220s load=1.00 rootload=1.00
ramon: poll                 wall=01m50.003s usage=01m49.639s user=01m49.216s sys=00.422s mem=71360KiB roottime=109.210s load=1.00 rootload=0.99
ramon: poll                 wall=01m51.006s usage=01m50.637s user=01m50.214s sys=00.422s mem=71140KiB roottime=110.210s load=1.00 rootload=1.00
ramon: poll                 wall=01m52.008s usage=01m51.636s user=01m51.213s sys=00.422s mem=71184KiB roottime=111.210s load=1.00 rootload=1.00
ramon: poll                 wall=01m53.000s usage=01m52.624s user=01m52.201s sys=00.423s mem=71468KiB roottime=112.200s load=1.00 rootload=1.00
ramon: poll                 wall=01m54.005s usage=01m53.626s user=01m53.202s sys=00.424s mem=71508KiB roottime=113.200s load=1.00 rootload=1.00
ramon: poll                 wall=01m55.008s usage=01m54.624s user=01m54.199s sys=00.424s mem=71596KiB roottime=114.190s load=0.99 rootload=0.99
ramon: poll                 wall=01m56.003s usage=01m55.616s user=01m55.187s sys=00.428s mem=71704KiB roottime=115.180s load=1.00 rootload=1.00
ramon: poll                 wall=01m57.004s usage=01m56.613s user=01m56.185s sys=00.428s mem=71744KiB roottime=116.180s load=1.00 rootload=1.00
ramon: poll                 wall=01m58.004s usage=01m57.611s user=01m57.183s sys=00.428s mem=71748KiB roottime=117.180s load=1.00 rootload=1.00
ramon: poll                 wall=01m59.004s usage=01m58.609s user=01m58.181s sys=00.428s mem=71772KiB roottime=118.180s load=1.00 rootload=1.00
ramon: poll                 wall=02m00.004s usage=01m59.606s user=01m59.177s sys=00.429s mem=71784KiB roottime=119.170s load=1.00 rootload=0.99
ramon: poll                 wall=02m01.000s usage=02m00.601s user=02m00.171s sys=00.429s mem=71800KiB roottime=120.170s load=1.00 rootload=1.00
ramon: poll                 wall=02m02.000s usage=02m01.598s user=02m01.169s sys=00.429s mem=71824KiB roottime=121.160s load=1.00 rootload=0.99
ramon: poll                 wall=02m03.007s usage=02m02.604s user=02m02.174s sys=00.429s mem=71836KiB roottime=122.170s load=1.00 rootload=1.00
ramon: poll                 wall=02m04.006s usage=02m03.601s user=02m03.170s sys=00.430s mem=71908KiB roottime=123.170s load=1.00 rootload=1.00
ramon: poll                 wall=02m05.003s usage=02m04.596s user=02m04.165s sys=00.431s mem=71932KiB roottime=124.160s load=1.00 rootload=0.99
ramon: poll                 wall=02m06.002s usage=02m05.595s user=02m05.162s sys=00.432s mem=71932KiB roottime=125.160s load=1.00 rootload=1.00
ramon: poll                 wall=02m07.004s usage=02m06.597s user=02m06.164s sys=00.432s mem=71932KiB roottime=126.160s load=1.00 rootload=1.00
ramon: poll                 wall=02m08.004s usage=02m07.596s user=02m07.163s sys=00.433s mem=71932KiB roottime=127.160s load=1.00 rootload=1.00
ramon: poll                 wall=02m09.005s usage=02m08.597s user=02m08.164s sys=00.434s mem=71932KiB roottime=128.160s load=1.00 rootload=1.00
ramon: poll                 wall=02m10.000s usage=02m09.590s user=02m09.156s sys=00.435s mem=71832KiB roottime=129.150s load=1.00 rootload=0.99
ramon: poll                 wall=02m11.000s usage=02m10.591s user=02m10.156s sys=00.435s mem=72088KiB roottime=130.150s load=1.00 rootload=1.00
ramon: poll                 wall=02m12.000s usage=02m11.590s user=02m11.156s sys=00.435s mem=72088KiB roottime=131.150s load=1.00 rootload=1.00
ramon: poll                 wall=02m13.000s usage=02m12.589s user=02m12.154s sys=00.436s mem=72088KiB roottime=132.150s load=1.00 rootload=1.00
ramon: poll                 wall=02m14.000s usage=02m13.589s user=02m13.151s sys=00.438s mem=72088KiB roottime=133.150s load=1.00 rootload=1.00
ramon: poll                 wall=02m15.000s usage=02m14.589s user=02m14.150s sys=00.439s mem=72088KiB roottime=134.150s load=1.00 rootload=1.00
ramon: poll                 wall=02m16.000s usage=02m15.588s user=02m15.149s sys=00.440s mem=72088KiB roottime=135.150s load=1.00 rootload=1.00
ramon: poll                 wall=02m17.000s usage=02m16.588s user=02m16.149s sys=00.440s mem=72088KiB roottime=136.140s load=1.00 rootload=0.99
ramon: poll                 wall=02m18.003s usage=02m17.591s user=02m17.151s sys=00.441s mem=72088KiB roottime=137.150s load=1.00 rootload=1.01
ramon: poll                 wall=02m19.003s usage=02m18.591s user=02m18.150s sys=00.441s mem=72088KiB roottime=138.150s load=1.00 rootload=1.00
ramon: poll                 wall=02m20.002s usage=02m19.589s user=02m19.149s sys=00.441s mem=72088KiB roottime=139.140s load=1.00 rootload=0.99
ramon: poll                 wall=02m21.003s usage=02m20.590s user=02m20.150s sys=00.441s mem=72088KiB roottime=140.150s load=1.00 rootload=1.01
ramon: poll                 wall=02m22.000s usage=02m21.587s user=02m21.146s sys=00.442s mem=72344KiB roottime=141.140s load=1.00 rootload=0.99
ramon: poll                 wall=02m23.000s usage=02m22.587s user=02m22.144s sys=00.443s mem=72344KiB roottime=142.140s load=1.00 rootload=1.00
ramon: poll                 wall=02m24.000s usage=02m23.587s user=02m23.144s sys=00.443s mem=72344KiB roottime=143.140s load=1.00 rootload=1.00
ramon: poll                 wall=02m25.000s usage=02m24.587s user=02m24.144s sys=00.444s mem=72344KiB roottime=144.140s load=1.00 rootload=1.00
ramon: poll                 wall=02m26.000s usage=02m25.586s user=02m25.142s sys=00.444s mem=72344KiB roottime=145.140s load=1.00 rootload=1.00
ramon: poll                 wall=02m27.000s usage=02m26.586s user=02m26.141s sys=00.445s mem=72344KiB roottime=146.140s load=1.00 rootload=1.00
ramon: poll                 wall=02m28.000s usage=02m27.588s user=02m27.144s sys=00.445s mem=72344KiB roottime=147.140s load=1.00 rootload=1.00
ramon: poll                 wall=02m29.000s usage=02m28.585s user=02m28.141s sys=00.445s mem=72344KiB roottime=148.140s load=1.00 rootload=1.00
ramon: poll                 wall=02m30.000s usage=02m29.585s user=02m29.141s sys=00.445s mem=72344KiB roottime=149.140s load=1.00 rootload=1.00
ramon: poll                 wall=02m31.000s usage=02m30.584s user=02m30.138s sys=00.447s mem=72344KiB roottime=150.130s load=1.00 rootload=0.99
ramon: poll                 wall=02m32.000s usage=02m31.585s user=02m31.139s sys=00.447s mem=72344KiB roottime=151.130s load=1.00 rootload=1.00
ramon: poll                 wall=02m33.003s usage=02m32.587s user=02m32.140s sys=00.447s mem=72600KiB roottime=152.140s load=1.00 rootload=1.01
ramon: poll                 wall=02m34.000s usage=02m33.584s user=02m33.137s sys=00.447s mem=72600KiB roottime=153.130s load=1.00 rootload=0.99
ramon: poll                 wall=02m35.001s usage=02m34.585s user=02m34.138s sys=00.447s mem=72600KiB roottime=154.130s load=1.00 rootload=1.00
ramon: poll                 wall=02m36.000s usage=02m35.584s user=02m35.137s sys=00.448s mem=72600KiB roottime=155.130s load=1.00 rootload=1.00
ramon: poll                 wall=02m37.006s usage=02m36.589s user=02m36.141s sys=00.448s mem=72600KiB roottime=156.140s load=1.00 rootload=1.00
ramon: poll                 wall=02m38.000s usage=02m37.583s user=02m37.135s sys=00.448s mem=72600KiB roottime=157.130s load=1.00 rootload=1.00
ramon: poll                 wall=02m39.000s usage=02m38.583s user=02m38.135s sys=00.448s mem=72600KiB roottime=158.130s load=1.00 rootload=1.00
ramon: poll                 wall=02m40.003s usage=02m39.586s user=02m39.137s sys=00.449s mem=72600KiB roottime=159.130s load=1.00 rootload=1.00
ramon: poll                 wall=02m41.000s usage=02m40.582s user=02m40.134s sys=00.449s mem=72600KiB roottime=160.130s load=1.00 rootload=1.00
ramon: poll                 wall=02m42.000s usage=02m41.582s user=02m41.133s sys=00.450s mem=72600KiB roottime=161.130s load=1.00 rootload=1.00
ramon: poll                 wall=02m43.003s usage=02m42.585s user=02m42.134s sys=00.451s mem=72856KiB roottime=162.130s load=1.00 rootload=1.00
ramon: poll                 wall=02m44.000s usage=02m43.582s user=02m43.130s sys=00.452s mem=72856KiB roottime=163.130s load=1.00 rootload=1.00
ramon: poll                 wall=02m45.000s usage=02m44.582s user=02m44.130s sys=00.452s mem=72856KiB roottime=164.120s load=1.00 rootload=0.99
ramon: poll                 wall=02m46.001s usage=02m45.582s user=02m45.131s sys=00.452s mem=72856KiB roottime=165.130s load=1.00 rootload=1.01
ramon: poll                 wall=02m47.037s usage=02m46.618s user=02m46.167s sys=00.452s mem=72856KiB roottime=166.160s load=1.00 rootload=0.99
ramon: poll                 wall=02m48.000s usage=02m47.581s user=02m47.129s sys=00.452s mem=72856KiB roottime=167.120s load=1.00 rootload=1.00
ramon: poll                 wall=02m49.001s usage=02m48.582s user=02m48.130s sys=00.452s mem=72856KiB roottime=168.130s load=1.00 rootload=1.01
ramon: poll                 wall=02m50.003s usage=02m49.584s user=02m49.130s sys=00.454s mem=73112KiB roottime=169.120s load=1.00 rootload=0.99
ramon: poll                 wall=02m51.000s usage=02m50.580s user=02m50.127s sys=00.454s mem=73112KiB roottime=170.120s load=1.00 rootload=1.00
ramon: poll                 wall=02m52.000s usage=02m51.580s user=02m51.118s sys=00.463s mem=72764KiB roottime=171.110s load=1.00 rootload=0.99
ramon: end                  Mon Mar 10 10:24:04 2025
ramon: root.execname        z3
ramon: root.utime           171.120s
ramon: root.stime           0.490s
ramon: group.total          171.619s
ramon: group.utime          171.128s
ramon: group.stime          0.491s
ramon: group.mempeak        74136KiB
ramon: group.pidpeak        2
ramon: status               exited
ramon: exitcode             0
ramon: walltime             172.040s
ramon: loadavg              1.00
