ramon: cwd                  /home/runner/a/_work/z3-poly-testing/z3-poly-testing
ramon: start                Mon Mar 10 10:15:01 2025
ramon: nproc                128
ramon: sys.mem              64150 MiB
ramon: sys.mem.free         34844 MiB
ramon: sys.mem.avail        64001 MiB
ramon: sys.nprocs           3273
ramon: argv                 0 = z3
ramon: argv                 1 = inputs/QF_LIA/n6996-prp-10-49.smt2
ramon: argv                 2 = -T:600
ramon: argv                 3 = -st
ramon: argv                 4 = smt.arith.lp.dio_eqs=true
ramon: childpid             1886916
ramon: poll                 wall=01.009s usage=00.972s user=00.902s sys=00.070s mem=23248KiB roottime=0.900s load=0.96 rootload=0.89
ramon: poll                 wall=02.004s usage=01.940s user=01.859s sys=00.081s mem=24364KiB roottime=1.850s load=0.97 rootload=0.95
ramon: poll                 wall=03.008s usage=02.928s user=02.842s sys=00.086s mem=24816KiB roottime=2.840s load=0.98 rootload=0.99
ramon: poll                 wall=04.011s usage=03.911s user=03.823s sys=00.088s mem=24976KiB roottime=3.820s load=0.98 rootload=0.98
ramon: poll                 wall=05.003s usage=04.893s user=04.801s sys=00.092s mem=25252KiB roottime=4.800s load=0.99 rootload=0.99
ramon: poll                 wall=06.009s usage=05.890s user=05.795s sys=00.095s mem=25432KiB roottime=5.790s load=0.99 rootload=0.98
ramon: poll                 wall=07.013s usage=06.883s user=06.787s sys=00.096s mem=25576KiB roottime=6.780s load=0.99 rootload=0.99
ramon: poll                 wall=08.004s usage=07.867s user=07.768s sys=00.099s mem=25996KiB roottime=7.760s load=0.99 rootload=0.99
ramon: poll                 wall=09.000s usage=08.857s user=08.757s sys=00.100s mem=26136KiB roottime=8.750s load=0.99 rootload=0.99
ramon: poll                 wall=10.000s usage=09.848s user=09.746s sys=00.102s mem=26220KiB roottime=9.740s load=0.99 rootload=0.99
ramon: poll                 wall=11.009s usage=10.849s user=10.744s sys=00.105s mem=26092KiB roottime=10.740s load=0.99 rootload=0.99
ramon: poll                 wall=12.009s usage=11.839s user=11.733s sys=00.106s mem=26184KiB roottime=11.730s load=0.99 rootload=0.99
ramon: poll                 wall=13.011s usage=12.832s user=12.726s sys=00.106s mem=26328KiB roottime=12.720s load=0.99 rootload=0.99
ramon: poll                 wall=14.004s usage=13.821s user=13.712s sys=00.108s mem=26616KiB roottime=13.710s load=1.00 rootload=1.00
ramon: poll                 wall=15.006s usage=14.819s user=14.708s sys=00.111s mem=26456KiB roottime=14.700s load=1.00 rootload=0.99
ramon: poll                 wall=16.006s usage=15.815s user=15.700s sys=00.114s mem=26584KiB roottime=15.690s load=1.00 rootload=0.99
ramon: poll                 wall=17.000s usage=16.805s user=16.690s sys=00.115s mem=26584KiB roottime=16.690s load=1.00 rootload=1.01
ramon: poll                 wall=18.000s usage=17.801s user=17.686s sys=00.115s mem=26584KiB roottime=17.680s load=1.00 rootload=0.99
ramon: poll                 wall=19.000s usage=18.797s user=18.681s sys=00.116s mem=26596KiB roottime=18.680s load=1.00 rootload=1.00
ramon: poll                 wall=20.004s usage=19.800s user=19.683s sys=00.118s mem=26852KiB roottime=19.680s load=1.00 rootload=1.00
ramon: poll                 wall=21.000s usage=20.795s user=20.678s sys=00.118s mem=26852KiB roottime=20.670s load=1.00 rootload=0.99
ramon: poll                 wall=22.009s usage=21.802s user=21.683s sys=00.120s mem=27076KiB roottime=21.680s load=1.00 rootload=1.00
ramon: poll                 wall=23.009s usage=22.801s user=22.681s sys=00.121s mem=27076KiB roottime=22.680s load=1.00 rootload=1.00
ramon: poll                 wall=24.013s usage=23.805s user=23.684s sys=00.121s mem=27076KiB roottime=23.680s load=1.00 rootload=1.00
ramon: poll                 wall=25.008s usage=24.799s user=24.665s sys=00.134s mem=27844KiB roottime=24.660s load=1.00 rootload=0.99
ramon: poll                 wall=26.013s usage=25.804s user=25.667s sys=00.138s mem=28356KiB roottime=25.660s load=1.00 rootload=0.99
ramon: poll                 wall=27.009s usage=26.798s user=26.658s sys=00.141s mem=28612KiB roottime=26.650s load=1.00 rootload=0.99
ramon: poll                 wall=28.012s usage=27.800s user=27.658s sys=00.143s mem=28868KiB roottime=27.650s load=1.00 rootload=1.00
ramon: poll                 wall=29.003s usage=28.790s user=28.647s sys=00.144s mem=29124KiB roottime=28.640s load=1.00 rootload=1.00
ramon: poll                 wall=30.001s usage=29.788s user=29.642s sys=00.146s mem=29380KiB roottime=29.640s load=1.00 rootload=1.00
ramon: poll                 wall=31.002s usage=30.788s user=30.640s sys=00.149s mem=29380KiB roottime=30.630s load=1.00 rootload=0.99
ramon: poll                 wall=32.004s usage=31.790s user=31.639s sys=00.151s mem=29636KiB roottime=31.630s load=1.00 rootload=1.00
ramon: poll                 wall=33.000s usage=32.785s user=32.632s sys=00.153s mem=30148KiB roottime=32.630s load=1.00 rootload=1.00
ramon: poll                 wall=34.001s usage=33.785s user=33.629s sys=00.157s mem=30660KiB roottime=33.620s load=1.00 rootload=0.99
ramon: poll                 wall=35.005s usage=34.788s user=34.575s sys=00.212s mem=39212KiB roottime=34.570s load=1.00 rootload=0.95
ramon: poll                 wall=36.003s usage=35.786s user=35.573s sys=00.213s mem=39468KiB roottime=35.570s load=1.00 rootload=1.00
ramon: poll                 wall=37.001s usage=36.783s user=36.565s sys=00.217s mem=39724KiB roottime=36.560s load=1.00 rootload=0.99
ramon: poll                 wall=38.004s usage=37.786s user=37.569s sys=00.217s mem=39724KiB roottime=37.560s load=1.00 rootload=1.00
ramon: poll                 wall=39.005s usage=38.787s user=38.567s sys=00.219s mem=39980KiB roottime=38.560s load=1.00 rootload=1.00
ramon: poll                 wall=40.001s usage=39.782s user=39.562s sys=00.221s mem=40236KiB roottime=39.560s load=1.00 rootload=1.00
ramon: poll                 wall=41.008s usage=40.788s user=40.567s sys=00.222s mem=40236KiB roottime=40.560s load=1.00 rootload=0.99
ramon: poll                 wall=42.004s usage=41.788s user=41.565s sys=00.224s mem=40492KiB roottime=41.580s load=1.00 rootload=1.02
ramon: poll                 wall=43.008s usage=42.786s user=42.562s sys=00.225s mem=40748KiB roottime=42.560s load=0.99 rootload=0.98
ramon: poll                 wall=44.008s usage=43.786s user=43.560s sys=00.226s mem=40748KiB roottime=43.560s load=1.00 rootload=1.00
ramon: poll                 wall=45.011s usage=44.788s user=44.561s sys=00.228s mem=41004KiB roottime=44.560s load=1.00 rootload=1.00
ramon: poll                 wall=46.010s usage=45.786s user=45.557s sys=00.230s mem=41260KiB roottime=45.550s load=1.00 rootload=0.99
ramon: poll                 wall=47.007s usage=46.782s user=46.552s sys=00.231s mem=41260KiB roottime=46.550s load=1.00 rootload=1.00
ramon: poll                 wall=48.006s usage=47.780s user=47.549s sys=00.232s mem=41260KiB roottime=47.540s load=1.00 rootload=0.99
ramon: poll                 wall=49.010s usage=48.783s user=48.552s sys=00.232s mem=41516KiB roottime=48.550s load=1.00 rootload=1.01
ramon: poll                 wall=50.001s usage=49.774s user=49.496s sys=00.277s mem=47784KiB roottime=49.490s load=1.00 rootload=0.95
ramon: poll                 wall=51.012s usage=50.784s user=50.504s sys=00.280s mem=48808KiB roottime=50.500s load=1.00 rootload=1.00
ramon: poll                 wall=52.010s usage=51.782s user=51.501s sys=00.280s mem=48808KiB roottime=51.500s load=1.00 rootload=1.00
ramon: poll                 wall=53.015s usage=52.786s user=52.354s sys=00.432s mem=76160KiB roottime=52.350s load=1.00 rootload=0.85
ramon: poll                 wall=54.017s usage=53.788s user=53.310s sys=00.478s mem=86912KiB roottime=53.300s load=1.00 rootload=0.95
ramon: poll                 wall=55.005s usage=54.776s user=54.211s sys=00.565s mem=111MiB roottime=54.210s load=1.00 rootload=0.92
ramon: poll                 wall=56.000s usage=55.770s user=55.155s sys=00.615s mem=126MiB roottime=55.150s load=1.00 rootload=0.94
ramon: poll                 wall=57.000s usage=56.769s user=56.144s sys=00.626s mem=127MiB roottime=56.140s load=1.00 rootload=0.99
ramon: poll                 wall=58.004s usage=57.773s user=57.133s sys=00.640s mem=130MiB roottime=57.130s load=1.00 rootload=0.99
ramon: poll                 wall=59.002s usage=58.769s user=58.127s sys=00.642s mem=130MiB roottime=58.120s load=1.00 rootload=0.99
ramon: poll                 wall=01m00.003s usage=59.769s user=59.125s sys=00.644s mem=131MiB roottime=59.120s load=1.00 rootload=1.00
ramon: poll                 wall=01m01.004s usage=01m00.770s user=01m00.124s sys=00.646s mem=131MiB roottime=60.120s load=1.00 rootload=1.00
ramon: poll                 wall=01m02.000s usage=01m01.760s user=01m01.110s sys=00.650s mem=131MiB roottime=61.100s load=0.99 rootload=0.98
ramon: poll                 wall=01m03.000s usage=01m02.759s user=01m02.105s sys=00.654s mem=133MiB roottime=62.100s load=1.00 rootload=1.00
ramon: poll                 wall=01m04.001s usage=01m03.759s user=01m03.105s sys=00.654s mem=133MiB roottime=63.100s load=1.00 rootload=1.00
ramon: poll                 wall=01m05.003s usage=01m04.761s user=01m04.106s sys=00.655s mem=133MiB roottime=64.100s load=1.00 rootload=1.00
ramon: poll                 wall=01m06.003s usage=01m05.756s user=01m05.099s sys=00.657s mem=134MiB roottime=65.090s load=1.00 rootload=0.99
ramon: poll                 wall=01m07.003s usage=01m06.757s user=01m06.100s sys=00.657s mem=134MiB roottime=66.100s load=1.00 rootload=1.01
ramon: poll                 wall=01m08.001s usage=01m07.754s user=01m07.097s sys=00.657s mem=134MiB roottime=67.090s load=1.00 rootload=0.99
ramon: poll                 wall=01m09.002s usage=01m08.755s user=01m08.098s sys=00.657s mem=134MiB roottime=68.090s load=1.00 rootload=1.00
ramon: poll                 wall=01m10.002s usage=01m09.754s user=01m09.097s sys=00.657s mem=134MiB roottime=69.090s load=1.00 rootload=1.00
ramon: poll                 wall=01m11.004s usage=01m10.756s user=01m10.099s sys=00.657s mem=134MiB roottime=70.090s load=1.00 rootload=1.00
ramon: poll                 wall=01m12.006s usage=01m11.758s user=01m11.098s sys=00.660s mem=135MiB roottime=71.090s load=1.00 rootload=1.00
ramon: poll                 wall=01m13.008s usage=01m12.760s user=01m12.100s sys=00.660s mem=135MiB roottime=72.100s load=1.00 rootload=1.01
ramon: poll                 wall=01m14.010s usage=01m13.761s user=01m13.099s sys=00.662s mem=135MiB roottime=73.100s load=1.00 rootload=1.00
ramon: poll                 wall=01m15.004s usage=01m14.755s user=01m14.093s sys=00.662s mem=135MiB roottime=74.090s load=1.00 rootload=1.00
ramon: poll                 wall=01m16.007s usage=01m15.757s user=01m15.094s sys=00.663s mem=135MiB roottime=75.090s load=1.00 rootload=1.00
ramon: poll                 wall=01m17.009s usage=01m16.759s user=01m16.095s sys=00.664s mem=135MiB roottime=76.090s load=1.00 rootload=1.00
ramon: poll                 wall=01m18.005s usage=01m17.754s user=01m17.090s sys=00.664s mem=135MiB roottime=77.080s load=1.00 rootload=0.99
ramon: poll                 wall=01m19.012s usage=01m18.761s user=01m18.096s sys=00.665s mem=135MiB roottime=78.090s load=1.00 rootload=1.00
ramon: poll                 wall=01m20.004s usage=01m19.753s user=01m19.088s sys=00.665s mem=135MiB roottime=79.080s load=1.00 rootload=1.00
ramon: poll                 wall=01m21.041s usage=01m20.790s user=01m20.123s sys=00.666s mem=136MiB roottime=80.120s load=1.00 rootload=1.00
ramon: poll                 wall=01m22.010s usage=01m21.758s user=01m21.092s sys=00.666s mem=136MiB roottime=81.090s load=1.00 rootload=1.00
ramon: poll                 wall=01m23.011s usage=01m22.759s user=01m22.093s sys=00.666s mem=136MiB roottime=82.090s load=1.00 rootload=1.00
ramon: poll                 wall=01m24.002s usage=01m23.749s user=01m23.083s sys=00.666s mem=136MiB roottime=83.080s load=1.00 rootload=1.00
ramon: poll                 wall=01m25.007s usage=01m24.754s user=01m24.087s sys=00.667s mem=136MiB roottime=84.080s load=1.00 rootload=0.99
ramon: poll                 wall=01m26.003s usage=01m25.748s user=01m25.079s sys=00.669s mem=136MiB roottime=85.070s load=1.00 rootload=0.99
ramon: poll                 wall=01m27.007s usage=01m26.753s user=01m26.083s sys=00.670s mem=136MiB roottime=86.080s load=1.00 rootload=1.01
ramon: poll                 wall=01m28.008s usage=01m27.753s user=01m27.082s sys=00.671s mem=136MiB roottime=87.080s load=1.00 rootload=1.00
ramon: poll                 wall=01m29.007s usage=01m28.752s user=01m28.080s sys=00.672s mem=136MiB roottime=88.070s load=1.00 rootload=0.99
ramon: poll                 wall=01m30.007s usage=01m29.751s user=01m29.078s sys=00.673s mem=136MiB roottime=89.070s load=1.00 rootload=1.00
ramon: poll                 wall=01m31.009s usage=01m30.753s user=01m30.079s sys=00.674s mem=137MiB roottime=90.070s load=1.00 rootload=1.00
ramon: poll                 wall=01m32.004s usage=01m31.747s user=01m31.072s sys=00.675s mem=137MiB roottime=91.070s load=1.00 rootload=1.01
ramon: poll                 wall=01m33.011s usage=01m32.754s user=01m32.078s sys=00.676s mem=137MiB roottime=92.070s load=1.00 rootload=0.99
ramon: poll                 wall=01m34.012s usage=01m33.755s user=01m33.079s sys=00.676s mem=137MiB roottime=93.070s load=1.00 rootload=1.00
ramon: poll                 wall=01m35.009s usage=01m34.751s user=01m34.074s sys=00.677s mem=137MiB roottime=94.070s load=1.00 rootload=1.00
ramon: poll                 wall=01m36.022s usage=01m35.764s user=01m35.083s sys=00.681s mem=138MiB roottime=95.080s load=1.00 rootload=1.00
ramon: poll                 wall=01m37.014s usage=01m36.755s user=01m36.074s sys=00.681s mem=138MiB roottime=96.070s load=1.00 rootload=1.00
ramon: poll                 wall=01m38.011s usage=01m37.752s user=01m37.071s sys=00.681s mem=138MiB roottime=97.070s load=1.00 rootload=1.00
ramon: poll                 wall=01m39.018s usage=01m38.758s user=01m38.077s sys=00.681s mem=138MiB roottime=98.070s load=1.00 rootload=0.99
ramon: poll                 wall=01m40.003s usage=01m39.742s user=01m39.061s sys=00.681s mem=138MiB roottime=99.060s load=1.00 rootload=1.00
ramon: poll                 wall=01m41.007s usage=01m40.744s user=01m40.062s sys=00.681s mem=138MiB roottime=100.060s load=1.00 rootload=1.00
ramon: poll                 wall=01m42.008s usage=01m41.743s user=01m41.062s sys=00.681s mem=138MiB roottime=101.060s load=1.00 rootload=1.00
ramon: poll                 wall=01m43.006s usage=01m42.740s user=01m42.058s sys=00.682s mem=138MiB roottime=102.060s load=1.00 rootload=1.00
ramon: poll                 wall=01m44.022s usage=01m43.753s user=01m43.071s sys=00.682s mem=138MiB roottime=103.070s load=1.00 rootload=0.99
ramon: poll                 wall=01m45.010s usage=01m44.739s user=01m44.057s sys=00.682s mem=138MiB roottime=104.050s load=1.00 rootload=0.99
ramon: poll                 wall=01m46.001s usage=01m45.730s user=01m45.048s sys=00.682s mem=138MiB roottime=105.040s load=1.00 rootload=1.00
ramon: poll                 wall=01m47.001s usage=01m46.729s user=01m46.045s sys=00.683s mem=139MiB roottime=106.040s load=1.00 rootload=1.00
ramon: poll                 wall=01m48.011s usage=01m47.738s user=01m47.054s sys=00.684s mem=139MiB roottime=107.050s load=1.00 rootload=1.00
ramon: poll                 wall=01m49.011s usage=01m48.738s user=01m48.047s sys=00.690s mem=140MiB roottime=108.040s load=1.00 rootload=0.99
ramon: poll                 wall=01m50.002s usage=01m49.727s user=01m49.037s sys=00.690s mem=140MiB roottime=109.030s load=1.00 rootload=1.00
ramon: poll                 wall=01m51.007s usage=01m50.733s user=01m50.042s sys=00.690s mem=140MiB roottime=110.040s load=1.00 rootload=1.00
ramon: poll                 wall=01m52.005s usage=01m51.730s user=01m51.037s sys=00.693s mem=141MiB roottime=111.030s load=1.00 rootload=0.99
ramon: poll                 wall=01m53.011s usage=01m52.736s user=01m52.043s sys=00.693s mem=141MiB roottime=112.040s load=1.00 rootload=1.00
ramon: poll                 wall=01m54.004s usage=01m53.727s user=01m53.033s sys=00.693s mem=141MiB roottime=113.030s load=1.00 rootload=1.00
ramon: poll                 wall=01m55.009s usage=01m54.728s user=01m54.035s sys=00.693s mem=141MiB roottime=114.030s load=1.00 rootload=1.00
ramon: poll                 wall=01m56.005s usage=01m55.722s user=01m55.027s sys=00.695s mem=141MiB roottime=115.020s load=1.00 rootload=0.99
ramon: poll                 wall=01m57.008s usage=01m56.722s user=01m56.026s sys=00.696s mem=141MiB roottime=116.020s load=1.00 rootload=1.00
ramon: poll                 wall=01m58.013s usage=01m57.712s user=01m57.014s sys=00.698s mem=141MiB roottime=117.010s load=0.98 rootload=0.98
ramon: poll                 wall=01m59.005s usage=01m58.699s user=01m57.997s sys=00.702s mem=142MiB roottime=117.990s load=1.00 rootload=0.99
ramon: poll                 wall=02m00.004s usage=01m59.655s user=01m58.953s sys=00.702s mem=142MiB roottime=118.950s load=0.96 rootload=0.96
ramon: poll                 wall=02m01.003s usage=02m00.648s user=01m59.945s sys=00.703s mem=142MiB roottime=119.940s load=0.99 rootload=0.99
ramon: poll                 wall=02m02.005s usage=02m01.647s user=02m00.942s sys=00.704s mem=142MiB roottime=120.940s load=1.00 rootload=1.00
ramon: poll                 wall=02m03.004s usage=02m02.643s user=02m01.937s sys=00.706s mem=142MiB roottime=121.930s load=1.00 rootload=0.99
ramon: poll                 wall=02m04.003s usage=02m03.641s user=02m02.933s sys=00.707s mem=142MiB roottime=122.930s load=1.00 rootload=1.00
ramon: poll                 wall=02m05.005s usage=02m04.642s user=02m03.935s sys=00.707s mem=142MiB roottime=123.930s load=1.00 rootload=1.00
ramon: poll                 wall=02m06.006s usage=02m05.642s user=02m04.935s sys=00.707s mem=142MiB roottime=124.930s load=1.00 rootload=1.00
ramon: poll                 wall=02m07.002s usage=02m06.638s user=02m05.931s sys=00.707s mem=142MiB roottime=125.930s load=1.00 rootload=1.00
ramon: poll                 wall=02m08.013s usage=02m07.649s user=02m06.941s sys=00.708s mem=142MiB roottime=126.940s load=1.00 rootload=1.00
ramon: poll                 wall=02m09.007s usage=02m08.642s user=02m07.933s sys=00.709s mem=142MiB roottime=127.930s load=1.00 rootload=1.00
ramon: poll                 wall=02m10.007s usage=02m09.642s user=02m08.932s sys=00.710s mem=142MiB roottime=128.930s load=1.00 rootload=1.00
ramon: poll                 wall=02m11.009s usage=02m10.644s user=02m09.934s sys=00.710s mem=142MiB roottime=129.930s load=1.00 rootload=1.00
ramon: poll                 wall=02m12.007s usage=02m11.641s user=02m10.931s sys=00.710s mem=142MiB roottime=130.930s load=1.00 rootload=1.00
ramon: poll                 wall=02m13.005s usage=02m12.639s user=02m11.928s sys=00.711s mem=142MiB roottime=131.920s load=1.00 rootload=0.99
ramon: poll                 wall=02m14.007s usage=02m13.640s user=02m12.926s sys=00.714s mem=143MiB roottime=132.920s load=1.00 rootload=1.00
ramon: poll                 wall=02m15.006s usage=02m14.639s user=02m13.924s sys=00.715s mem=143MiB roottime=133.920s load=1.00 rootload=1.00
ramon: poll                 wall=02m16.000s usage=02m15.633s user=02m14.916s sys=00.716s mem=143MiB roottime=134.910s load=1.00 rootload=1.00
ramon: poll                 wall=02m17.010s usage=02m16.642s user=02m15.926s sys=00.716s mem=143MiB roottime=135.920s load=1.00 rootload=1.00
ramon: poll                 wall=02m18.002s usage=02m17.634s user=02m16.917s sys=00.717s mem=143MiB roottime=136.910s load=1.00 rootload=1.00
ramon: poll                 wall=02m19.012s usage=02m18.644s user=02m17.927s sys=00.717s mem=143MiB roottime=137.920s load=1.00 rootload=1.00
ramon: poll                 wall=02m20.014s usage=02m19.645s user=02m18.928s sys=00.717s mem=143MiB roottime=138.920s load=1.00 rootload=1.00
ramon: poll                 wall=02m21.006s usage=02m20.636s user=02m19.918s sys=00.718s mem=143MiB roottime=139.910s load=1.00 rootload=1.00
ramon: poll                 wall=02m22.007s usage=02m21.635s user=02m20.917s sys=00.718s mem=143MiB roottime=140.910s load=1.00 rootload=1.00
ramon: poll                 wall=02m23.004s usage=02m22.630s user=02m21.912s sys=00.718s mem=143MiB roottime=141.910s load=1.00 rootload=1.00
ramon: poll                 wall=02m24.004s usage=02m23.628s user=02m22.910s sys=00.718s mem=143MiB roottime=142.900s load=1.00 rootload=0.99
ramon: poll                 wall=02m25.005s usage=02m24.626s user=02m23.908s sys=00.718s mem=143MiB roottime=143.900s load=1.00 rootload=1.00
ramon: poll                 wall=02m26.001s usage=02m25.619s user=02m24.901s sys=00.718s mem=143MiB roottime=144.900s load=1.00 rootload=1.00
ramon: poll                 wall=02m27.001s usage=02m26.619s user=02m25.899s sys=00.720s mem=143MiB roottime=145.890s load=1.00 rootload=0.99
ramon: poll                 wall=02m28.006s usage=02m27.624s user=02m26.902s sys=00.721s mem=144MiB roottime=146.900s load=1.00 rootload=1.00
ramon: poll                 wall=02m29.008s usage=02m28.625s user=02m27.904s sys=00.721s mem=144MiB roottime=147.900s load=1.00 rootload=1.00
ramon: poll                 wall=02m30.000s usage=02m29.617s user=02m28.896s sys=00.721s mem=144MiB roottime=148.890s load=1.00 rootload=1.00
ramon: poll                 wall=02m31.003s usage=02m30.620s user=02m29.899s sys=00.721s mem=144MiB roottime=149.890s load=1.00 rootload=1.00
ramon: poll                 wall=02m32.000s usage=02m31.616s user=02m30.894s sys=00.722s mem=144MiB roottime=150.890s load=1.00 rootload=1.00
ramon: poll                 wall=02m33.009s usage=02m32.625s user=02m31.902s sys=00.722s mem=144MiB roottime=151.900s load=1.00 rootload=1.00
ramon: poll                 wall=02m34.004s usage=02m33.619s user=02m32.897s sys=00.722s mem=144MiB roottime=152.890s load=1.00 rootload=0.99
ramon: poll                 wall=02m35.004s usage=02m34.619s user=02m33.896s sys=00.723s mem=144MiB roottime=153.890s load=1.00 rootload=1.00
ramon: poll                 wall=02m36.003s usage=02m35.618s user=02m34.893s sys=00.724s mem=144MiB roottime=154.890s load=1.00 rootload=1.00
ramon: poll                 wall=02m37.000s usage=02m36.614s user=02m35.890s sys=00.724s mem=144MiB roottime=155.890s load=1.00 rootload=1.00
ramon: poll                 wall=02m38.003s usage=02m37.617s user=02m36.893s sys=00.724s mem=144MiB roottime=156.890s load=1.00 rootload=1.00
ramon: poll                 wall=02m39.000s usage=02m38.613s user=02m37.889s sys=00.724s mem=144MiB roottime=157.880s load=1.00 rootload=0.99
ramon: poll                 wall=02m40.002s usage=02m39.615s user=02m38.891s sys=00.724s mem=144MiB roottime=158.890s load=1.00 rootload=1.01
ramon: poll                 wall=02m41.000s usage=02m40.613s user=02m39.889s sys=00.724s mem=144MiB roottime=159.880s load=1.00 rootload=0.99
ramon: poll                 wall=02m42.004s usage=02m41.616s user=02m40.892s sys=00.724s mem=144MiB roottime=160.890s load=1.00 rootload=1.01
ramon: poll                 wall=02m43.000s usage=02m42.612s user=02m41.888s sys=00.724s mem=144MiB roottime=161.880s load=1.00 rootload=0.99
ramon: poll                 wall=02m44.000s usage=02m43.612s user=02m42.887s sys=00.724s mem=144MiB roottime=162.880s load=1.00 rootload=1.00
ramon: poll                 wall=02m45.003s usage=02m44.614s user=02m43.890s sys=00.724s mem=144MiB roottime=163.880s load=1.00 rootload=1.00
ramon: poll                 wall=02m46.000s usage=02m45.610s user=02m44.886s sys=00.724s mem=144MiB roottime=164.880s load=1.00 rootload=1.00
ramon: poll                 wall=02m47.000s usage=02m46.610s user=02m45.886s sys=00.724s mem=144MiB roottime=165.880s load=1.00 rootload=1.00
ramon: poll                 wall=02m48.004s usage=02m47.613s user=02m46.889s sys=00.724s mem=144MiB roottime=166.880s load=1.00 rootload=1.00
ramon: poll                 wall=02m49.004s usage=02m48.613s user=02m47.886s sys=00.727s mem=145MiB roottime=167.880s load=1.00 rootload=1.00
ramon: poll                 wall=02m50.003s usage=02m49.612s user=02m48.884s sys=00.728s mem=145MiB roottime=168.880s load=1.00 rootload=1.00
ramon: poll                 wall=02m51.002s usage=02m50.610s user=02m49.881s sys=00.728s mem=145MiB roottime=169.880s load=1.00 rootload=1.00
ramon: poll                 wall=02m52.001s usage=02m51.609s user=02m50.881s sys=00.728s mem=145MiB roottime=170.880s load=1.00 rootload=1.00
ramon: poll                 wall=02m53.000s usage=02m52.608s user=02m51.880s sys=00.728s mem=145MiB roottime=171.870s load=1.00 rootload=0.99
ramon: poll                 wall=02m54.004s usage=02m53.612s user=02m52.884s sys=00.728s mem=145MiB roottime=172.880s load=1.00 rootload=1.01
ramon: poll                 wall=02m55.000s usage=02m54.608s user=02m53.879s sys=00.728s mem=145MiB roottime=173.870s load=1.00 rootload=0.99
ramon: poll                 wall=02m56.000s usage=02m55.607s user=02m54.879s sys=00.728s mem=145MiB roottime=174.870s load=1.00 rootload=1.00
ramon: poll                 wall=02m57.000s usage=02m56.607s user=02m55.879s sys=00.728s mem=145MiB roottime=175.870s load=1.00 rootload=1.00
ramon: poll                 wall=02m58.002s usage=02m57.609s user=02m56.880s sys=00.728s mem=145MiB roottime=176.880s load=1.00 rootload=1.01
ramon: poll                 wall=02m59.000s usage=02m58.604s user=02m57.874s sys=00.730s mem=145MiB roottime=177.870s load=1.00 rootload=0.99
ramon: poll                 wall=03m00.005s usage=02m59.609s user=02m58.879s sys=00.730s mem=145MiB roottime=178.870s load=1.00 rootload=1.00
ramon: poll                 wall=03m01.000s usage=03m00.604s user=02m59.873s sys=00.730s mem=145MiB roottime=179.870s load=1.00 rootload=1.00
ramon: poll                 wall=03m02.005s usage=03m01.608s user=03m00.877s sys=00.731s mem=145MiB roottime=180.870s load=1.00 rootload=1.00
ramon: poll                 wall=03m03.006s usage=03m02.609s user=03m01.872s sys=00.736s mem=146MiB roottime=181.870s load=1.00 rootload=1.00
ramon: poll                 wall=03m04.004s usage=03m03.606s user=03m02.870s sys=00.736s mem=146MiB roottime=182.860s load=1.00 rootload=0.99
ramon: poll                 wall=03m05.000s usage=03m04.602s user=03m03.866s sys=00.736s mem=146MiB roottime=183.860s load=1.00 rootload=1.00
ramon: poll                 wall=03m06.000s usage=03m05.602s user=03m04.865s sys=00.736s mem=146MiB roottime=184.860s load=1.00 rootload=1.00
ramon: poll                 wall=03m07.001s usage=03m06.602s user=03m05.866s sys=00.736s mem=146MiB roottime=185.860s load=1.00 rootload=1.00
ramon: poll                 wall=03m08.000s usage=03m07.600s user=03m06.864s sys=00.736s mem=146MiB roottime=186.860s load=1.00 rootload=1.00
ramon: poll                 wall=03m09.000s usage=03m08.600s user=03m07.862s sys=00.737s mem=146MiB roottime=187.860s load=1.00 rootload=1.00
ramon: poll                 wall=03m10.004s usage=03m09.603s user=03m08.866s sys=00.737s mem=146MiB roottime=188.860s load=1.00 rootload=1.00
ramon: poll                 wall=03m11.000s usage=03m10.598s user=03m09.861s sys=00.737s mem=146MiB roottime=189.860s load=1.00 rootload=1.00
ramon: poll                 wall=03m12.002s usage=03m11.600s user=03m10.863s sys=00.737s mem=146MiB roottime=190.860s load=1.00 rootload=1.00
ramon: poll                 wall=03m13.000s usage=03m12.598s user=03m11.860s sys=00.737s mem=146MiB roottime=191.860s load=1.00 rootload=1.00
ramon: poll                 wall=03m14.003s usage=03m13.600s user=03m12.863s sys=00.737s mem=146MiB roottime=192.860s load=1.00 rootload=1.00
ramon: poll                 wall=03m15.004s usage=03m14.601s user=03m13.864s sys=00.737s mem=146MiB roottime=193.860s load=1.00 rootload=1.00
ramon: poll                 wall=03m16.004s usage=03m15.601s user=03m14.862s sys=00.738s mem=146MiB roottime=194.860s load=1.00 rootload=1.00
ramon: poll                 wall=03m17.004s usage=03m16.600s user=03m15.862s sys=00.738s mem=146MiB roottime=195.860s load=1.00 rootload=1.00
ramon: poll                 wall=03m18.003s usage=03m17.599s user=03m16.860s sys=00.739s mem=147MiB roottime=196.850s load=1.00 rootload=0.99
ramon: poll                 wall=03m19.000s usage=03m18.596s user=03m17.855s sys=00.740s mem=147MiB roottime=197.850s load=1.00 rootload=1.00
ramon: poll                 wall=03m20.008s usage=03m19.604s user=03m18.863s sys=00.740s mem=147MiB roottime=198.860s load=1.00 rootload=1.00
ramon: poll                 wall=03m21.002s usage=03m20.597s user=03m19.856s sys=00.741s mem=147MiB roottime=199.850s load=1.00 rootload=1.00
ramon: poll                 wall=03m22.005s usage=03m21.600s user=03m20.858s sys=00.741s mem=147MiB roottime=200.850s load=1.00 rootload=1.00
ramon: poll                 wall=03m23.002s usage=03m22.596s user=03m21.855s sys=00.741s mem=147MiB roottime=201.850s load=1.00 rootload=1.00
ramon: poll                 wall=03m24.005s usage=03m23.599s user=03m22.858s sys=00.741s mem=147MiB roottime=202.850s load=1.00 rootload=1.00
ramon: poll                 wall=03m25.004s usage=03m24.598s user=03m23.856s sys=00.741s mem=147MiB roottime=203.850s load=1.00 rootload=1.00
ramon: poll                 wall=03m26.002s usage=03m25.595s user=03m24.854s sys=00.741s mem=147MiB roottime=204.850s load=1.00 rootload=1.00
ramon: poll                 wall=03m27.000s usage=03m26.593s user=03m25.852s sys=00.741s mem=147MiB roottime=205.850s load=1.00 rootload=1.00
ramon: poll                 wall=03m28.000s usage=03m27.593s user=03m26.852s sys=00.741s mem=147MiB roottime=206.850s load=1.00 rootload=1.00
ramon: poll                 wall=03m29.000s usage=03m28.592s user=03m27.851s sys=00.741s mem=147MiB roottime=207.850s load=1.00 rootload=1.00
ramon: poll                 wall=03m30.000s usage=03m29.592s user=03m28.851s sys=00.741s mem=147MiB roottime=208.850s load=1.00 rootload=1.00
ramon: poll                 wall=03m31.000s usage=03m30.591s user=03m29.850s sys=00.741s mem=147MiB roottime=209.850s load=1.00 rootload=1.00
ramon: poll                 wall=03m32.007s usage=03m31.598s user=03m30.855s sys=00.743s mem=147MiB roottime=210.850s load=1.00 rootload=0.99
ramon: poll                 wall=03m33.003s usage=03m32.592s user=03m31.849s sys=00.743s mem=147MiB roottime=211.840s load=1.00 rootload=0.99
ramon: poll                 wall=03m34.007s usage=03m33.597s user=03m32.854s sys=00.743s mem=147MiB roottime=212.850s load=1.00 rootload=1.01
ramon: poll                 wall=03m35.006s usage=03m34.595s user=03m33.851s sys=00.743s mem=147MiB roottime=213.850s load=1.00 rootload=1.00
ramon: poll                 wall=03m36.000s usage=03m35.590s user=03m34.846s sys=00.743s mem=147MiB roottime=214.840s load=1.00 rootload=1.00
ramon: poll                 wall=03m37.000s usage=03m36.589s user=03m35.845s sys=00.744s mem=147MiB roottime=215.840s load=1.00 rootload=1.00
ramon: poll                 wall=03m38.000s usage=03m37.588s user=03m36.843s sys=00.745s mem=147MiB roottime=216.840s load=1.00 rootload=1.00
ramon: poll                 wall=03m39.000s usage=03m38.588s user=03m37.842s sys=00.745s mem=147MiB roottime=217.840s load=1.00 rootload=1.00
ramon: poll                 wall=03m40.000s usage=03m39.587s user=03m38.842s sys=00.745s mem=147MiB roottime=218.840s load=1.00 rootload=1.00
ramon: poll                 wall=03m41.000s usage=03m40.587s user=03m39.840s sys=00.747s mem=147MiB roottime=219.830s load=1.00 rootload=0.99
ramon: poll                 wall=03m42.000s usage=03m41.587s user=03m40.839s sys=00.747s mem=147MiB roottime=220.830s load=1.00 rootload=1.00
ramon: poll                 wall=03m43.000s usage=03m42.586s user=03m41.839s sys=00.747s mem=147MiB roottime=221.830s load=1.00 rootload=1.00
ramon: poll                 wall=03m44.000s usage=03m43.585s user=03m42.837s sys=00.747s mem=147MiB roottime=222.830s load=1.00 rootload=1.00
ramon: poll                 wall=03m45.000s usage=03m44.584s user=03m43.837s sys=00.747s mem=147MiB roottime=223.830s load=1.00 rootload=1.00
ramon: poll                 wall=03m46.000s usage=03m45.584s user=03m44.836s sys=00.747s mem=147MiB roottime=224.830s load=1.00 rootload=1.00
ramon: poll                 wall=03m47.000s usage=03m46.583s user=03m45.835s sys=00.747s mem=147MiB roottime=225.830s load=1.00 rootload=1.00
ramon: poll                 wall=03m48.001s usage=03m47.583s user=03m46.836s sys=00.747s mem=147MiB roottime=226.830s load=1.00 rootload=1.00
ramon: poll                 wall=03m49.000s usage=03m48.582s user=03m47.835s sys=00.747s mem=147MiB roottime=227.830s load=1.00 rootload=1.00
ramon: poll                 wall=03m50.006s usage=03m49.588s user=03m48.840s sys=00.747s mem=147MiB roottime=228.840s load=1.00 rootload=1.00
ramon: poll                 wall=03m51.006s usage=03m50.587s user=03m49.840s sys=00.747s mem=147MiB roottime=229.830s load=1.00 rootload=0.99
ramon: poll                 wall=03m52.002s usage=03m51.583s user=03m50.835s sys=00.747s mem=147MiB roottime=230.830s load=1.00 rootload=1.00
ramon: poll                 wall=03m53.003s usage=03m52.583s user=03m51.836s sys=00.747s mem=147MiB roottime=231.830s load=1.00 rootload=1.00
ramon: poll                 wall=03m54.000s usage=03m53.580s user=03m52.832s sys=00.747s mem=147MiB roottime=232.830s load=1.00 rootload=1.00
ramon: poll                 wall=03m55.004s usage=03m54.584s user=03m53.836s sys=00.747s mem=147MiB roottime=233.830s load=1.00 rootload=1.00
ramon: poll                 wall=03m56.001s usage=03m55.580s user=03m54.833s sys=00.747s mem=147MiB roottime=234.830s load=1.00 rootload=1.00
ramon: poll                 wall=03m57.001s usage=03m56.580s user=03m55.832s sys=00.747s mem=147MiB roottime=235.830s load=1.00 rootload=1.00
ramon: poll                 wall=03m58.008s usage=03m57.586s user=03m56.839s sys=00.747s mem=147MiB roottime=236.830s load=1.00 rootload=0.99
ramon: poll                 wall=03m59.000s usage=03m58.578s user=03m57.829s sys=00.748s mem=147MiB roottime=237.820s load=1.00 rootload=1.00
ramon: poll                 wall=04m00.009s usage=03m59.586s user=03m58.836s sys=00.749s mem=147MiB roottime=238.830s load=1.00 rootload=1.00
ramon: poll                 wall=04m01.011s usage=04m00.588s user=03m59.837s sys=00.750s mem=147MiB roottime=239.830s load=1.00 rootload=1.00
ramon: poll                 wall=04m02.011s usage=04m01.587s user=04m00.836s sys=00.751s mem=147MiB roottime=240.830s load=1.00 rootload=1.00
ramon: poll                 wall=04m03.010s usage=04m02.586s user=04m01.835s sys=00.751s mem=148MiB roottime=241.830s load=1.00 rootload=1.00
ramon: poll                 wall=04m04.016s usage=04m03.592s user=04m02.840s sys=00.751s mem=148MiB roottime=242.840s load=1.00 rootload=1.00
ramon: poll                 wall=04m05.014s usage=04m04.589s user=04m03.837s sys=00.751s mem=148MiB roottime=243.830s load=1.00 rootload=0.99
ramon: poll                 wall=04m06.000s usage=04m05.574s user=04m04.823s sys=00.751s mem=148MiB roottime=244.820s load=1.00 rootload=1.00
ramon: poll                 wall=04m07.001s usage=04m06.575s user=04m05.823s sys=00.752s mem=148MiB roottime=245.820s load=1.00 rootload=1.00
ramon: poll                 wall=04m08.001s usage=04m07.575s user=04m06.821s sys=00.754s mem=148MiB roottime=246.820s load=1.00 rootload=1.00
ramon: poll                 wall=04m09.002s usage=04m08.575s user=04m07.820s sys=00.754s mem=148MiB roottime=247.820s load=1.00 rootload=1.00
ramon: poll                 wall=04m10.000s usage=04m09.573s user=04m08.819s sys=00.754s mem=148MiB roottime=248.810s load=1.00 rootload=0.99
ramon: poll                 wall=04m11.000s usage=04m10.573s user=04m09.819s sys=00.754s mem=148MiB roottime=249.810s load=1.00 rootload=1.00
ramon: poll                 wall=04m12.004s usage=04m11.577s user=04m10.822s sys=00.754s mem=148MiB roottime=250.820s load=1.00 rootload=1.01
ramon: poll                 wall=04m13.004s usage=04m12.577s user=04m11.821s sys=00.755s mem=148MiB roottime=251.820s load=1.00 rootload=1.00
ramon: poll                 wall=04m14.000s usage=04m13.572s user=04m12.817s sys=00.755s mem=148MiB roottime=252.810s load=1.00 rootload=0.99
ramon: poll                 wall=04m15.002s usage=04m14.573s user=04m13.818s sys=00.755s mem=148MiB roottime=253.810s load=1.00 rootload=1.00
ramon: poll                 wall=04m16.001s usage=04m15.573s user=04m14.817s sys=00.755s mem=148MiB roottime=254.810s load=1.00 rootload=1.00
ramon: poll                 wall=04m17.001s usage=04m16.573s user=04m15.817s sys=00.755s mem=148MiB roottime=255.810s load=1.00 rootload=1.00
ramon: poll                 wall=04m18.000s usage=04m17.571s user=04m16.816s sys=00.755s mem=148MiB roottime=256.810s load=1.00 rootload=1.00
ramon: poll                 wall=04m19.010s usage=04m18.580s user=04m17.823s sys=00.757s mem=148MiB roottime=257.820s load=1.00 rootload=1.00
ramon: poll                 wall=04m20.001s usage=04m19.571s user=04m18.814s sys=00.757s mem=148MiB roottime=258.810s load=1.00 rootload=1.00
ramon: poll                 wall=04m21.002s usage=04m20.573s user=04m19.814s sys=00.758s mem=148MiB roottime=259.810s load=1.00 rootload=1.00
ramon: poll                 wall=04m22.001s usage=04m21.571s user=04m20.813s sys=00.758s mem=148MiB roottime=260.810s load=1.00 rootload=1.00
ramon: poll                 wall=04m23.000s usage=04m22.570s user=04m21.812s sys=00.758s mem=148MiB roottime=261.810s load=1.00 rootload=1.00
ramon: poll                 wall=04m24.004s usage=04m23.573s user=04m22.815s sys=00.758s mem=148MiB roottime=262.810s load=1.00 rootload=1.00
ramon: poll                 wall=04m25.002s usage=04m24.571s user=04m23.813s sys=00.758s mem=148MiB roottime=263.810s load=1.00 rootload=1.00
ramon: poll                 wall=04m26.000s usage=04m25.569s user=04m24.809s sys=00.759s mem=148MiB roottime=264.800s load=1.00 rootload=0.99
ramon: poll                 wall=04m27.001s usage=04m26.569s user=04m25.810s sys=00.759s mem=148MiB roottime=265.810s load=1.00 rootload=1.01
ramon: poll                 wall=04m28.001s usage=04m27.569s user=04m26.810s sys=00.759s mem=148MiB roottime=266.800s load=1.00 rootload=0.99
ramon: poll                 wall=04m29.002s usage=04m28.570s user=04m27.810s sys=00.759s mem=148MiB roottime=267.810s load=1.00 rootload=1.01
ramon: poll                 wall=04m30.001s usage=04m29.568s user=04m28.808s sys=00.759s mem=148MiB roottime=268.800s load=1.00 rootload=0.99
ramon: poll                 wall=04m31.001s usage=04m30.568s user=04m29.805s sys=00.763s mem=148MiB roottime=269.800s load=1.00 rootload=1.00
ramon: poll                 wall=04m32.005s usage=04m31.571s user=04m30.808s sys=00.763s mem=148MiB roottime=270.800s load=1.00 rootload=1.00
ramon: poll                 wall=04m33.005s usage=04m32.572s user=04m31.808s sys=00.763s mem=148MiB roottime=271.800s load=1.00 rootload=1.00
ramon: poll                 wall=04m34.001s usage=04m33.566s user=04m32.803s sys=00.763s mem=148MiB roottime=272.800s load=1.00 rootload=1.00
ramon: poll                 wall=04m35.010s usage=04m34.574s user=04m33.810s sys=00.763s mem=148MiB roottime=273.810s load=1.00 rootload=1.00
ramon: poll                 wall=04m36.009s usage=04m35.571s user=04m34.808s sys=00.763s mem=148MiB roottime=274.800s load=1.00 rootload=0.99
ramon: poll                 wall=04m37.005s usage=04m36.566s user=04m35.802s sys=00.763s mem=148MiB roottime=275.800s load=1.00 rootload=1.00
ramon: poll                 wall=04m38.012s usage=04m37.570s user=04m36.807s sys=00.763s mem=148MiB roottime=276.800s load=1.00 rootload=0.99
ramon: poll                 wall=04m39.009s usage=04m38.567s user=04m37.803s sys=00.763s mem=148MiB roottime=277.800s load=1.00 rootload=1.00
ramon: poll                 wall=04m40.011s usage=04m39.569s user=04m38.805s sys=00.763s mem=148MiB roottime=278.800s load=1.00 rootload=1.00
ramon: poll                 wall=04m41.005s usage=04m40.562s user=04m39.799s sys=00.763s mem=148MiB roottime=279.790s load=1.00 rootload=1.00
ramon: poll                 wall=04m42.005s usage=04m41.562s user=04m40.799s sys=00.763s mem=148MiB roottime=280.790s load=1.00 rootload=1.00
ramon: poll                 wall=04m43.007s usage=04m42.564s user=04m41.801s sys=00.763s mem=149MiB roottime=281.800s load=1.00 rootload=1.01
ramon: poll                 wall=04m44.007s usage=04m43.563s user=04m42.800s sys=00.763s mem=149MiB roottime=282.790s load=1.00 rootload=0.99
ramon: poll                 wall=04m45.005s usage=04m44.559s user=04m43.795s sys=00.763s mem=148MiB roottime=283.790s load=1.00 rootload=1.00
ramon: poll                 wall=04m46.008s usage=04m45.560s user=04m44.796s sys=00.763s mem=148MiB roottime=284.790s load=1.00 rootload=1.00
ramon: poll                 wall=04m47.008s usage=04m46.557s user=04m45.792s sys=00.764s mem=148MiB roottime=285.790s load=1.00 rootload=1.00
ramon: poll                 wall=04m48.007s usage=04m47.553s user=04m46.788s sys=00.764s mem=148MiB roottime=286.780s load=1.00 rootload=0.99
ramon: poll                 wall=04m49.005s usage=04m48.545s user=04m47.781s sys=00.764s mem=148MiB roottime=287.780s load=0.99 rootload=1.00
ramon: poll                 wall=04m50.004s usage=04m49.539s user=04m48.774s sys=00.764s mem=148MiB roottime=288.770s load=0.99 rootload=0.99
ramon: poll                 wall=04m51.006s usage=04m50.539s user=04m49.774s sys=00.764s mem=148MiB roottime=289.770s load=1.00 rootload=1.00
ramon: poll                 wall=04m52.006s usage=04m51.537s user=04m50.773s sys=00.764s mem=148MiB roottime=290.770s load=1.00 rootload=1.00
ramon: poll                 wall=04m53.000s usage=04m52.529s user=04m51.764s sys=00.764s mem=148MiB roottime=291.760s load=1.00 rootload=1.00
ramon: poll                 wall=04m54.004s usage=04m53.532s user=04m52.768s sys=00.764s mem=149MiB roottime=292.760s load=1.00 rootload=1.00
ramon: poll                 wall=04m55.003s usage=04m54.531s user=04m53.766s sys=00.765s mem=149MiB roottime=293.760s load=1.00 rootload=1.00
ramon: poll                 wall=04m56.000s usage=04m55.528s user=04m54.762s sys=00.765s mem=149MiB roottime=294.760s load=1.00 rootload=1.00
ramon: poll                 wall=04m57.003s usage=04m56.530s user=04m55.765s sys=00.765s mem=149MiB roottime=295.760s load=1.00 rootload=1.00
ramon: poll                 wall=04m58.000s usage=04m57.526s user=04m56.761s sys=00.765s mem=149MiB roottime=296.760s load=1.00 rootload=1.00
ramon: poll                 wall=04m59.004s usage=04m58.529s user=04m57.763s sys=00.765s mem=149MiB roottime=297.760s load=1.00 rootload=1.00
ramon: poll                 wall=05m00.000s usage=04m59.523s user=04m58.758s sys=00.765s mem=149MiB roottime=298.750s load=1.00 rootload=0.99
ramon: poll                 wall=05m01.004s usage=05m00.524s user=04m59.759s sys=00.765s mem=149MiB roottime=299.750s load=1.00 rootload=1.00
ramon: poll                 wall=05m02.003s usage=05m01.523s user=05m00.755s sys=00.767s mem=149MiB roottime=300.750s load=1.00 rootload=1.00
ramon: poll                 wall=05m03.004s usage=05m02.523s user=05m01.756s sys=00.767s mem=149MiB roottime=301.750s load=1.00 rootload=1.00
ramon: poll                 wall=05m04.002s usage=05m03.521s user=05m02.753s sys=00.767s mem=149MiB roottime=302.750s load=1.00 rootload=1.00
ramon: poll                 wall=05m05.000s usage=05m04.517s user=05m03.750s sys=00.767s mem=149MiB roottime=303.740s load=1.00 rootload=0.99
ramon: poll                 wall=05m06.000s usage=05m05.513s user=05m04.746s sys=00.767s mem=149MiB roottime=304.740s load=1.00 rootload=1.00
ramon: poll                 wall=05m07.008s usage=05m06.517s user=05m05.750s sys=00.767s mem=149MiB roottime=305.740s load=1.00 rootload=0.99
ramon: poll                 wall=05m08.003s usage=05m07.508s user=05m06.739s sys=00.769s mem=149MiB roottime=306.730s load=1.00 rootload=0.99
ramon: poll                 wall=05m09.008s usage=05m08.512s user=05m07.742s sys=00.769s mem=149MiB roottime=307.740s load=1.00 rootload=1.00
ramon: poll                 wall=05m10.000s usage=05m09.502s user=05m08.733s sys=00.769s mem=149MiB roottime=308.730s load=1.00 rootload=1.00
ramon: poll                 wall=05m11.004s usage=05m10.504s user=05m09.734s sys=00.769s mem=149MiB roottime=309.730s load=1.00 rootload=1.00
ramon: poll                 wall=05m12.000s usage=05m11.499s user=05m10.730s sys=00.769s mem=149MiB roottime=310.720s load=1.00 rootload=0.99
ramon: poll                 wall=05m13.004s usage=05m12.503s user=05m11.732s sys=00.771s mem=149MiB roottime=311.730s load=1.00 rootload=1.01
ramon: poll                 wall=05m14.004s usage=05m13.503s user=05m12.731s sys=00.771s mem=149MiB roottime=312.730s load=1.00 rootload=1.00
ramon: poll                 wall=05m15.002s usage=05m14.499s user=05m13.726s sys=00.773s mem=149MiB roottime=313.720s load=1.00 rootload=0.99
ramon: poll                 wall=05m16.002s usage=05m15.500s user=05m14.726s sys=00.773s mem=149MiB roottime=314.720s load=1.00 rootload=1.00
ramon: poll                 wall=05m17.000s usage=05m16.498s user=05m15.724s sys=00.773s mem=149MiB roottime=315.720s load=1.00 rootload=1.00
ramon: poll                 wall=05m18.001s usage=05m17.498s user=05m16.725s sys=00.773s mem=149MiB roottime=316.720s load=1.00 rootload=1.00
ramon: poll                 wall=05m19.014s usage=05m18.511s user=05m17.738s sys=00.773s mem=149MiB roottime=317.730s load=1.00 rootload=1.00
ramon: poll                 wall=05m20.008s usage=05m19.505s user=05m18.731s sys=00.773s mem=149MiB roottime=318.730s load=1.00 rootload=1.01
ramon: poll                 wall=05m21.003s usage=05m20.498s user=05m19.725s sys=00.773s mem=149MiB roottime=319.720s load=1.00 rootload=1.00
ramon: poll                 wall=05m22.004s usage=05m21.500s user=05m20.727s sys=00.773s mem=149MiB roottime=320.720s load=1.00 rootload=1.00
ramon: poll                 wall=05m23.000s usage=05m22.496s user=05m21.722s sys=00.773s mem=149MiB roottime=321.720s load=1.00 rootload=1.00
ramon: poll                 wall=05m24.000s usage=05m23.495s user=05m22.722s sys=00.773s mem=150MiB roottime=322.720s load=1.00 rootload=1.00
ramon: poll                 wall=05m25.004s usage=05m24.499s user=05m23.726s sys=00.773s mem=150MiB roottime=323.720s load=1.00 rootload=1.00
ramon: poll                 wall=05m26.004s usage=05m25.499s user=05m24.725s sys=00.773s mem=150MiB roottime=324.720s load=1.00 rootload=1.00
ramon: poll                 wall=05m27.004s usage=05m26.499s user=05m25.725s sys=00.773s mem=150MiB roottime=325.720s load=1.00 rootload=1.00
ramon: poll                 wall=05m28.013s usage=05m27.507s user=05m26.733s sys=00.774s mem=150MiB roottime=326.730s load=1.00 rootload=1.00
ramon: poll                 wall=05m29.004s usage=05m28.498s user=05m27.723s sys=00.774s mem=150MiB roottime=327.720s load=1.00 rootload=1.00
ramon: poll                 wall=05m30.012s usage=05m29.505s user=05m28.729s sys=00.775s mem=150MiB roottime=328.730s load=1.00 rootload=1.00
ramon: poll                 wall=05m31.002s usage=05m30.477s user=05m29.702s sys=00.775s mem=150MiB roottime=329.700s load=0.98 rootload=0.98
ramon: poll                 wall=05m32.015s usage=05m31.490s user=05m30.714s sys=00.775s mem=150MiB roottime=330.710s load=1.00 rootload=1.00
ramon: poll                 wall=05m33.005s usage=05m32.479s user=05m31.702s sys=00.776s mem=150MiB roottime=331.700s load=1.00 rootload=1.00
ramon: poll                 wall=05m34.013s usage=05m33.485s user=05m32.709s sys=00.776s mem=150MiB roottime=332.700s load=1.00 rootload=0.99
ramon: poll                 wall=05m35.003s usage=05m34.475s user=05m33.699s sys=00.776s mem=150MiB roottime=333.690s load=1.00 rootload=1.00
ramon: poll                 wall=05m36.001s usage=05m35.473s user=05m34.696s sys=00.776s mem=150MiB roottime=334.690s load=1.00 rootload=1.00
ramon: poll                 wall=05m37.008s usage=05m36.477s user=05m35.700s sys=00.776s mem=150MiB roottime=335.700s load=1.00 rootload=1.00
ramon: poll                 wall=05m38.004s usage=05m37.470s user=05m36.692s sys=00.777s mem=150MiB roottime=336.690s load=1.00 rootload=0.99
ramon: poll                 wall=05m39.000s usage=05m38.464s user=05m37.685s sys=00.778s mem=150MiB roottime=337.680s load=1.00 rootload=0.99
ramon: poll                 wall=05m40.002s usage=05m39.465s user=05m38.687s sys=00.778s mem=150MiB roottime=338.680s load=1.00 rootload=1.00
ramon: poll                 wall=05m41.010s usage=05m40.473s user=05m39.694s sys=00.778s mem=150MiB roottime=339.690s load=1.00 rootload=1.00
ramon: poll                 wall=05m42.021s usage=05m41.484s user=05m40.704s sys=00.779s mem=150MiB roottime=340.700s load=1.00 rootload=1.00
ramon: poll                 wall=05m43.012s usage=05m42.474s user=05m41.694s sys=00.779s mem=150MiB roottime=341.690s load=1.00 rootload=1.00
ramon: poll                 wall=05m44.008s usage=05m43.469s user=05m42.690s sys=00.779s mem=150MiB roottime=342.680s load=1.00 rootload=0.99
ramon: poll                 wall=05m45.001s usage=05m44.462s user=05m43.682s sys=00.779s mem=150MiB roottime=343.680s load=1.00 rootload=1.01
ramon: poll                 wall=05m46.002s usage=05m45.462s user=05m44.683s sys=00.779s mem=150MiB roottime=344.680s load=1.00 rootload=1.00
ramon: poll                 wall=05m47.002s usage=05m46.462s user=05m45.682s sys=00.779s mem=150MiB roottime=345.680s load=1.00 rootload=1.00
ramon: poll                 wall=05m48.000s usage=05m47.458s user=05m46.679s sys=00.779s mem=150MiB roottime=346.670s load=1.00 rootload=0.99
ramon: poll                 wall=05m49.020s usage=05m48.478s user=05m47.698s sys=00.779s mem=150MiB roottime=347.690s load=1.00 rootload=1.00
ramon: poll                 wall=05m50.002s usage=05m49.460s user=05m48.680s sys=00.779s mem=150MiB roottime=348.680s load=1.00 rootload=1.01
ramon: poll                 wall=05m51.011s usage=05m50.468s user=05m49.689s sys=00.779s mem=151MiB roottime=349.680s load=1.00 rootload=0.99
ramon: poll                 wall=05m52.010s usage=05m51.467s user=05m50.687s sys=00.779s mem=151MiB roottime=350.680s load=1.00 rootload=1.00
ramon: poll                 wall=05m53.002s usage=05m52.458s user=05m51.679s sys=00.779s mem=151MiB roottime=351.670s load=1.00 rootload=1.00
ramon: poll                 wall=05m54.003s usage=05m53.459s user=05m52.680s sys=00.779s mem=151MiB roottime=352.670s load=1.00 rootload=1.00
ramon: poll                 wall=05m55.000s usage=05m54.456s user=05m53.675s sys=00.780s mem=151MiB roottime=353.670s load=1.00 rootload=1.00
ramon: poll                 wall=05m56.001s usage=05m55.455s user=05m54.674s sys=00.781s mem=151MiB roottime=354.670s load=1.00 rootload=1.00
ramon: poll                 wall=05m57.004s usage=05m56.459s user=05m55.678s sys=00.781s mem=151MiB roottime=355.670s load=1.00 rootload=1.00
ramon: poll                 wall=05m58.000s usage=05m57.455s user=05m56.674s sys=00.781s mem=151MiB roottime=356.670s load=1.00 rootload=1.00
ramon: poll                 wall=05m59.000s usage=05m58.454s user=05m57.673s sys=00.781s mem=151MiB roottime=357.670s load=1.00 rootload=1.00
ramon: poll                 wall=06m00.000s usage=05m59.454s user=05m58.673s sys=00.781s mem=151MiB roottime=358.670s load=1.00 rootload=1.00
ramon: poll                 wall=06m01.007s usage=06m00.461s user=05m59.679s sys=00.781s mem=151MiB roottime=359.670s load=1.00 rootload=0.99
ramon: poll                 wall=06m02.006s usage=06m01.460s user=06m00.678s sys=00.781s mem=151MiB roottime=360.670s load=1.00 rootload=1.00
ramon: poll                 wall=06m03.004s usage=06m02.457s user=06m01.676s sys=00.781s mem=151MiB roottime=361.670s load=1.00 rootload=1.00
ramon: poll                 wall=06m04.004s usage=06m03.457s user=06m02.675s sys=00.782s mem=151MiB roottime=362.670s load=1.00 rootload=1.00
ramon: poll                 wall=06m05.010s usage=06m04.462s user=06m03.680s sys=00.782s mem=151MiB roottime=363.680s load=1.00 rootload=1.00
ramon: poll                 wall=06m06.004s usage=06m05.456s user=06m04.673s sys=00.783s mem=151MiB roottime=364.670s load=1.00 rootload=1.00
ramon: poll                 wall=06m07.007s usage=06m06.459s user=06m05.675s sys=00.783s mem=151MiB roottime=365.670s load=1.00 rootload=1.00
ramon: poll                 wall=06m08.004s usage=06m07.456s user=06m06.672s sys=00.783s mem=151MiB roottime=366.670s load=1.00 rootload=1.00
ramon: poll                 wall=06m09.007s usage=06m08.458s user=06m07.675s sys=00.783s mem=151MiB roottime=367.670s load=1.00 rootload=1.00
ramon: poll                 wall=06m10.011s usage=06m09.462s user=06m08.678s sys=00.783s mem=151MiB roottime=368.670s load=1.00 rootload=1.00
ramon: poll                 wall=06m11.011s usage=06m10.461s user=06m09.678s sys=00.783s mem=151MiB roottime=369.670s load=1.00 rootload=1.00
ramon: poll                 wall=06m12.010s usage=06m11.460s user=06m10.677s sys=00.783s mem=151MiB roottime=370.670s load=1.00 rootload=1.00
ramon: poll                 wall=06m13.000s usage=06m12.449s user=06m11.666s sys=00.783s mem=151MiB roottime=371.660s load=1.00 rootload=1.00
ramon: poll                 wall=06m14.000s usage=06m13.449s user=06m12.665s sys=00.783s mem=151MiB roottime=372.660s load=1.00 rootload=1.00
ramon: poll                 wall=06m15.008s usage=06m14.457s user=06m13.673s sys=00.783s mem=151MiB roottime=373.670s load=1.00 rootload=1.00
ramon: poll                 wall=06m16.003s usage=06m15.451s user=06m14.668s sys=00.783s mem=151MiB roottime=374.660s load=1.00 rootload=1.00
ramon: poll                 wall=06m17.000s usage=06m16.448s user=06m15.665s sys=00.783s mem=151MiB roottime=375.660s load=1.00 rootload=1.00
ramon: poll                 wall=06m18.014s usage=06m17.462s user=06m16.678s sys=00.783s mem=151MiB roottime=376.670s load=1.00 rootload=1.00
ramon: poll                 wall=06m19.008s usage=06m18.455s user=06m17.672s sys=00.783s mem=151MiB roottime=377.670s load=1.00 rootload=1.01
ramon: poll                 wall=06m20.002s usage=06m19.449s user=06m18.666s sys=00.783s mem=151MiB roottime=378.660s load=1.00 rootload=1.00
ramon: poll                 wall=06m21.001s usage=06m20.448s user=06m19.664s sys=00.783s mem=151MiB roottime=379.660s load=1.00 rootload=1.00
ramon: poll                 wall=06m22.003s usage=06m21.450s user=06m20.664s sys=00.785s mem=152MiB roottime=380.660s load=1.00 rootload=1.00
ramon: poll                 wall=06m23.000s usage=06m22.446s user=06m21.661s sys=00.785s mem=152MiB roottime=381.660s load=1.00 rootload=1.00
ramon: poll                 wall=06m24.002s usage=06m23.448s user=06m22.662s sys=00.786s mem=152MiB roottime=382.660s load=1.00 rootload=1.00
ramon: poll                 wall=06m25.001s usage=06m24.447s user=06m23.660s sys=00.786s mem=152MiB roottime=383.660s load=1.00 rootload=1.00
ramon: poll                 wall=06m26.000s usage=06m25.446s user=06m24.658s sys=00.787s mem=152MiB roottime=384.650s load=1.00 rootload=0.99
ramon: poll                 wall=06m27.000s usage=06m26.445s user=06m25.658s sys=00.787s mem=152MiB roottime=385.650s load=1.00 rootload=1.00
ramon: poll                 wall=06m28.003s usage=06m27.448s user=06m26.661s sys=00.787s mem=152MiB roottime=386.660s load=1.00 rootload=1.01
ramon: poll                 wall=06m29.000s usage=06m28.445s user=06m27.658s sys=00.787s mem=152MiB roottime=387.650s load=1.00 rootload=0.99
ramon: poll                 wall=06m30.000s usage=06m29.445s user=06m28.657s sys=00.787s mem=152MiB roottime=388.650s load=1.00 rootload=1.00
ramon: poll                 wall=06m31.006s usage=06m30.451s user=06m29.663s sys=00.787s mem=152MiB roottime=389.660s load=1.00 rootload=1.00
ramon: poll                 wall=06m32.004s usage=06m31.448s user=06m30.660s sys=00.788s mem=152MiB roottime=390.650s load=1.00 rootload=0.99
ramon: poll                 wall=06m33.004s usage=06m32.448s user=06m31.660s sys=00.788s mem=152MiB roottime=391.660s load=1.00 rootload=1.01
ramon: poll                 wall=06m34.001s usage=06m33.445s user=06m32.656s sys=00.788s mem=152MiB roottime=392.650s load=1.00 rootload=0.99
ramon: poll                 wall=06m35.000s usage=06m34.444s user=06m33.655s sys=00.788s mem=152MiB roottime=393.650s load=1.00 rootload=1.00
ramon: poll                 wall=06m36.005s usage=06m35.448s user=06m34.660s sys=00.788s mem=152MiB roottime=394.660s load=1.00 rootload=1.01
ramon: poll                 wall=06m37.000s usage=06m36.443s user=06m35.653s sys=00.790s mem=152MiB roottime=395.650s load=1.00 rootload=0.99
ramon: poll                 wall=06m38.004s usage=06m37.447s user=06m36.656s sys=00.790s mem=152MiB roottime=396.650s load=1.00 rootload=1.00
ramon: poll                 wall=06m39.000s usage=06m38.442s user=06m37.652s sys=00.790s mem=152MiB roottime=397.650s load=1.00 rootload=1.00
ramon: poll                 wall=06m40.001s usage=06m39.443s user=06m38.652s sys=00.791s mem=152MiB roottime=398.650s load=1.00 rootload=1.00
ramon: poll                 wall=06m41.003s usage=06m40.445s user=06m39.654s sys=00.791s mem=153MiB roottime=399.650s load=1.00 rootload=1.00
ramon: poll                 wall=06m42.008s usage=06m41.450s user=06m40.658s sys=00.791s mem=153MiB roottime=400.650s load=1.00 rootload=1.00
ramon: poll                 wall=06m43.004s usage=06m42.446s user=06m41.654s sys=00.791s mem=153MiB roottime=401.650s load=1.00 rootload=1.00
ramon: poll                 wall=06m44.001s usage=06m43.442s user=06m42.651s sys=00.791s mem=153MiB roottime=402.650s load=1.00 rootload=1.00
ramon: poll                 wall=06m45.001s usage=06m44.441s user=06m43.649s sys=00.791s mem=153MiB roottime=403.650s load=1.00 rootload=1.00
ramon: poll                 wall=06m46.000s usage=06m45.440s user=06m44.649s sys=00.791s mem=153MiB roottime=404.640s load=1.00 rootload=0.99
ramon: poll                 wall=06m47.001s usage=06m46.441s user=06m45.649s sys=00.791s mem=153MiB roottime=405.640s load=1.00 rootload=1.00
ramon: poll                 wall=06m48.001s usage=06m47.440s user=06m46.649s sys=00.791s mem=153MiB roottime=406.640s load=1.00 rootload=1.00
ramon: poll                 wall=06m49.001s usage=06m48.440s user=06m47.649s sys=00.791s mem=153MiB roottime=407.640s load=1.00 rootload=1.00
ramon: poll                 wall=06m50.003s usage=06m49.441s user=06m48.650s sys=00.791s mem=153MiB roottime=408.640s load=1.00 rootload=1.00
ramon: poll                 wall=06m51.004s usage=06m50.442s user=06m49.651s sys=00.791s mem=153MiB roottime=409.650s load=1.00 rootload=1.01
ramon: poll                 wall=06m52.012s usage=06m51.450s user=06m50.658s sys=00.791s mem=153MiB roottime=410.650s load=1.00 rootload=0.99
ramon: poll                 wall=06m53.000s usage=06m52.438s user=06m51.646s sys=00.791s mem=153MiB roottime=411.640s load=1.00 rootload=1.00
ramon: poll                 wall=06m54.004s usage=06m53.441s user=06m52.650s sys=00.791s mem=153MiB roottime=412.640s load=1.00 rootload=1.00
ramon: poll                 wall=06m55.010s usage=06m54.447s user=06m53.654s sys=00.792s mem=153MiB roottime=413.650s load=1.00 rootload=1.00
ramon: poll                 wall=06m56.003s usage=06m55.439s user=06m54.647s sys=00.792s mem=153MiB roottime=414.640s load=1.00 rootload=1.00
ramon: poll                 wall=06m57.006s usage=06m56.442s user=06m55.650s sys=00.792s mem=153MiB roottime=415.640s load=1.00 rootload=1.00
ramon: poll                 wall=06m58.004s usage=06m57.440s user=06m56.647s sys=00.792s mem=153MiB roottime=416.640s load=1.00 rootload=1.00
ramon: poll                 wall=06m59.003s usage=06m58.438s user=06m57.646s sys=00.792s mem=153MiB roottime=417.640s load=1.00 rootload=1.00
ramon: poll                 wall=07m00.003s usage=06m59.438s user=06m58.646s sys=00.792s mem=153MiB roottime=418.640s load=1.00 rootload=1.00
ramon: poll                 wall=07m01.002s usage=07m00.437s user=06m59.644s sys=00.792s mem=153MiB roottime=419.640s load=1.00 rootload=1.00
ramon: poll                 wall=07m02.009s usage=07m01.443s user=07m00.651s sys=00.792s mem=153MiB roottime=420.650s load=1.00 rootload=1.00
ramon: poll                 wall=07m03.013s usage=07m02.447s user=07m01.655s sys=00.792s mem=153MiB roottime=421.650s load=1.00 rootload=1.00
ramon: poll                 wall=07m04.002s usage=07m03.434s user=07m02.642s sys=00.792s mem=153MiB roottime=422.640s load=1.00 rootload=1.00
ramon: poll                 wall=07m05.002s usage=07m04.435s user=07m03.642s sys=00.792s mem=153MiB roottime=423.640s load=1.00 rootload=1.00
ramon: poll                 wall=07m06.001s usage=07m05.434s user=07m04.641s sys=00.792s mem=153MiB roottime=424.640s load=1.00 rootload=1.00
ramon: poll                 wall=07m07.006s usage=07m06.438s user=07m05.646s sys=00.792s mem=153MiB roottime=425.640s load=1.00 rootload=1.00
ramon: poll                 wall=07m08.001s usage=07m07.433s user=07m06.640s sys=00.792s mem=153MiB roottime=426.640s load=1.00 rootload=1.01
ramon: poll                 wall=07m09.002s usage=07m08.434s user=07m07.638s sys=00.795s mem=153MiB roottime=427.630s load=1.00 rootload=0.99
ramon: poll                 wall=07m10.000s usage=07m09.432s user=07m08.636s sys=00.795s mem=153MiB roottime=428.630s load=1.00 rootload=1.00
ramon: poll                 wall=07m11.001s usage=07m10.432s user=07m09.637s sys=00.795s mem=153MiB roottime=429.630s load=1.00 rootload=1.00
ramon: poll                 wall=07m12.002s usage=07m11.433s user=07m10.637s sys=00.795s mem=153MiB roottime=430.630s load=1.00 rootload=1.00
ramon: poll                 wall=07m13.006s usage=07m12.435s user=07m11.640s sys=00.795s mem=153MiB roottime=431.640s load=1.00 rootload=1.01
ramon: poll                 wall=07m14.001s usage=07m13.431s user=07m12.636s sys=00.795s mem=153MiB roottime=432.630s load=1.00 rootload=0.99
ramon: poll                 wall=07m15.001s usage=07m14.431s user=07m13.635s sys=00.795s mem=153MiB roottime=433.630s load=1.00 rootload=1.00
ramon: poll                 wall=07m16.001s usage=07m15.429s user=07m14.634s sys=00.795s mem=153MiB roottime=434.630s load=1.00 rootload=1.00
ramon: poll                 wall=07m17.000s usage=07m16.429s user=07m15.634s sys=00.795s mem=153MiB roottime=435.630s load=1.00 rootload=1.00
ramon: poll                 wall=07m18.003s usage=07m17.432s user=07m16.637s sys=00.795s mem=153MiB roottime=436.630s load=1.00 rootload=1.00
ramon: poll                 wall=07m19.003s usage=07m18.432s user=07m17.636s sys=00.795s mem=153MiB roottime=437.630s load=1.00 rootload=1.00
ramon: poll                 wall=07m20.000s usage=07m19.429s user=07m18.633s sys=00.795s mem=153MiB roottime=438.630s load=1.00 rootload=1.00
ramon: poll                 wall=07m21.000s usage=07m20.428s user=07m19.633s sys=00.795s mem=153MiB roottime=439.630s load=1.00 rootload=1.00
ramon: poll                 wall=07m22.002s usage=07m21.430s user=07m20.635s sys=00.795s mem=153MiB roottime=440.630s load=1.00 rootload=1.00
ramon: poll                 wall=07m23.000s usage=07m22.428s user=07m21.633s sys=00.795s mem=153MiB roottime=441.630s load=1.00 rootload=1.00
ramon: poll                 wall=07m24.008s usage=07m23.436s user=07m22.640s sys=00.795s mem=153MiB roottime=442.640s load=1.00 rootload=1.00
ramon: poll                 wall=07m25.013s usage=07m24.440s user=07m23.644s sys=00.795s mem=153MiB roottime=443.640s load=1.00 rootload=1.00
ramon: poll                 wall=07m26.015s usage=07m25.442s user=07m24.646s sys=00.795s mem=153MiB roottime=444.640s load=1.00 rootload=1.00
ramon: poll                 wall=07m27.017s usage=07m26.443s user=07m25.647s sys=00.796s mem=153MiB roottime=445.640s load=1.00 rootload=1.00
ramon: poll                 wall=07m28.003s usage=07m27.429s user=07m26.633s sys=00.796s mem=153MiB roottime=446.630s load=1.00 rootload=1.00
ramon: poll                 wall=07m29.003s usage=07m28.428s user=07m27.632s sys=00.796s mem=153MiB roottime=447.630s load=1.00 rootload=1.00
ramon: poll                 wall=07m30.004s usage=07m29.429s user=07m28.633s sys=00.796s mem=153MiB roottime=448.630s load=1.00 rootload=1.00
ramon: poll                 wall=07m31.003s usage=07m30.428s user=07m29.631s sys=00.796s mem=153MiB roottime=449.630s load=1.00 rootload=1.00
ramon: poll                 wall=07m32.014s usage=07m31.439s user=07m30.642s sys=00.796s mem=153MiB roottime=450.640s load=1.00 rootload=1.00
ramon: poll                 wall=07m33.015s usage=07m32.439s user=07m31.643s sys=00.796s mem=153MiB roottime=451.640s load=1.00 rootload=1.00
ramon: poll                 wall=07m34.013s usage=07m33.437s user=07m32.641s sys=00.796s mem=153MiB roottime=452.640s load=1.00 rootload=1.00
ramon: poll                 wall=07m35.007s usage=07m34.431s user=07m33.634s sys=00.796s mem=153MiB roottime=453.630s load=1.00 rootload=1.00
ramon: poll                 wall=07m36.041s usage=07m35.465s user=07m34.668s sys=00.796s mem=153MiB roottime=454.660s load=1.00 rootload=1.00
ramon: poll                 wall=07m37.025s usage=07m36.448s user=07m35.651s sys=00.797s mem=153MiB roottime=455.650s load=1.00 rootload=1.01
ramon: poll                 wall=07m38.003s usage=07m37.426s user=07m36.628s sys=00.797s mem=153MiB roottime=456.620s load=1.00 rootload=0.99
ramon: poll                 wall=07m39.000s usage=07m38.423s user=07m37.625s sys=00.797s mem=153MiB roottime=457.620s load=1.00 rootload=1.00
ramon: poll                 wall=07m40.009s usage=07m39.432s user=07m38.634s sys=00.797s mem=153MiB roottime=458.630s load=1.00 rootload=1.00
ramon: poll                 wall=07m41.004s usage=07m40.426s user=07m39.629s sys=00.797s mem=153MiB roottime=459.620s load=1.00 rootload=0.99
ramon: poll                 wall=07m42.002s usage=07m41.424s user=07m40.626s sys=00.797s mem=153MiB roottime=460.620s load=1.00 rootload=1.00
ramon: poll                 wall=07m43.014s usage=07m42.435s user=07m41.638s sys=00.797s mem=153MiB roottime=461.630s load=1.00 rootload=1.00
ramon: poll                 wall=07m44.005s usage=07m43.426s user=07m42.629s sys=00.797s mem=153MiB roottime=462.620s load=1.00 rootload=1.00
ramon: poll                 wall=07m45.011s usage=07m44.432s user=07m43.635s sys=00.797s mem=153MiB roottime=463.630s load=1.00 rootload=1.00
ramon: poll                 wall=07m46.001s usage=07m45.421s user=07m44.623s sys=00.797s mem=153MiB roottime=464.620s load=1.00 rootload=1.00
ramon: poll                 wall=07m47.002s usage=07m46.422s user=07m45.625s sys=00.797s mem=153MiB roottime=465.620s load=1.00 rootload=1.00
ramon: poll                 wall=07m48.000s usage=07m47.420s user=07m46.623s sys=00.797s mem=153MiB roottime=466.620s load=1.00 rootload=1.00
ramon: poll                 wall=07m49.005s usage=07m48.425s user=07m47.627s sys=00.797s mem=153MiB roottime=467.620s load=1.00 rootload=1.00
ramon: poll                 wall=07m50.000s usage=07m49.420s user=07m48.622s sys=00.797s mem=153MiB roottime=468.620s load=1.00 rootload=1.01
ramon: poll                 wall=07m51.004s usage=07m50.423s user=07m49.626s sys=00.797s mem=153MiB roottime=469.620s load=1.00 rootload=1.00
ramon: poll                 wall=07m52.001s usage=07m51.420s user=07m50.620s sys=00.799s mem=153MiB roottime=470.620s load=1.00 rootload=1.00
ramon: poll                 wall=07m53.002s usage=07m52.420s user=07m51.621s sys=00.799s mem=154MiB roottime=471.620s load=1.00 rootload=1.00
ramon: poll                 wall=07m54.000s usage=07m53.418s user=07m52.618s sys=00.800s mem=154MiB roottime=472.610s load=1.00 rootload=0.99
ramon: poll                 wall=07m55.000s usage=07m54.418s user=07m53.616s sys=00.801s mem=154MiB roottime=473.610s load=1.00 rootload=1.00
ramon: poll                 wall=07m56.000s usage=07m55.418s user=07m54.616s sys=00.801s mem=154MiB roottime=474.610s load=1.00 rootload=1.00
ramon: poll                 wall=07m57.008s usage=07m56.425s user=07m55.624s sys=00.801s mem=154MiB roottime=475.620s load=1.00 rootload=1.00
ramon: poll                 wall=07m58.005s usage=07m57.422s user=07m56.620s sys=00.801s mem=154MiB roottime=476.620s load=1.00 rootload=1.00
ramon: poll                 wall=07m59.007s usage=07m58.423s user=07m57.622s sys=00.801s mem=154MiB roottime=477.620s load=1.00 rootload=1.00
ramon: poll                 wall=08m00.001s usage=07m59.416s user=07m58.615s sys=00.801s mem=154MiB roottime=478.610s load=1.00 rootload=1.00
ramon: poll                 wall=08m01.001s usage=08m00.417s user=07m59.615s sys=00.801s mem=154MiB roottime=479.610s load=1.00 rootload=1.00
ramon: poll                 wall=08m02.004s usage=08m01.420s user=08m00.618s sys=00.801s mem=154MiB roottime=480.610s load=1.00 rootload=1.00
ramon: poll                 wall=08m03.010s usage=08m02.423s user=08m01.622s sys=00.801s mem=154MiB roottime=481.620s load=1.00 rootload=1.00
ramon: poll                 wall=08m04.001s usage=08m03.414s user=08m02.612s sys=00.801s mem=154MiB roottime=482.610s load=1.00 rootload=1.00
ramon: poll                 wall=08m05.001s usage=08m04.413s user=08m03.612s sys=00.801s mem=154MiB roottime=483.610s load=1.00 rootload=1.00
ramon: poll                 wall=08m06.008s usage=08m05.420s user=08m04.617s sys=00.802s mem=154MiB roottime=484.610s load=1.00 rootload=0.99
ramon: poll                 wall=08m07.009s usage=08m06.418s user=08m05.615s sys=00.802s mem=154MiB roottime=485.610s load=1.00 rootload=1.00
ramon: poll                 wall=08m08.007s usage=08m07.415s user=08m06.613s sys=00.802s mem=154MiB roottime=486.610s load=1.00 rootload=1.00
ramon: poll                 wall=08m09.007s usage=08m08.414s user=08m07.611s sys=00.802s mem=154MiB roottime=487.610s load=1.00 rootload=1.00
ramon: poll                 wall=08m10.008s usage=08m09.415s user=08m08.613s sys=00.802s mem=154MiB roottime=488.610s load=1.00 rootload=1.00
ramon: poll                 wall=08m11.005s usage=08m10.411s user=08m09.609s sys=00.802s mem=154MiB roottime=489.600s load=1.00 rootload=0.99
ramon: poll                 wall=08m12.005s usage=08m11.410s user=08m10.608s sys=00.802s mem=154MiB roottime=490.600s load=1.00 rootload=1.00
ramon: poll                 wall=08m13.000s usage=08m12.406s user=08m11.604s sys=00.802s mem=154MiB roottime=491.600s load=1.00 rootload=1.00
ramon: poll                 wall=08m14.001s usage=08m13.407s user=08m12.604s sys=00.802s mem=154MiB roottime=492.600s load=1.00 rootload=1.00
ramon: poll                 wall=08m15.001s usage=08m14.406s user=08m13.602s sys=00.803s mem=154MiB roottime=493.600s load=1.00 rootload=1.00
ramon: poll                 wall=08m16.003s usage=08m15.408s user=08m14.605s sys=00.803s mem=154MiB roottime=494.600s load=1.00 rootload=1.00
ramon: poll                 wall=08m17.000s usage=08m16.405s user=08m15.601s sys=00.803s mem=154MiB roottime=495.600s load=1.00 rootload=1.00
ramon: poll                 wall=08m18.000s usage=08m17.405s user=08m16.601s sys=00.803s mem=154MiB roottime=496.600s load=1.00 rootload=1.00
ramon: poll                 wall=08m19.000s usage=08m18.405s user=08m17.601s sys=00.803s mem=154MiB roottime=497.600s load=1.00 rootload=1.00
ramon: poll                 wall=08m20.000s usage=08m19.404s user=08m18.601s sys=00.804s mem=154MiB roottime=498.600s load=1.00 rootload=1.00
ramon: poll                 wall=08m21.002s usage=08m20.406s user=08m19.602s sys=00.804s mem=154MiB roottime=499.600s load=1.00 rootload=1.00
ramon: poll                 wall=08m22.009s usage=08m21.411s user=08m20.608s sys=00.804s mem=154MiB roottime=500.610s load=1.00 rootload=1.00
ramon: poll                 wall=08m23.002s usage=08m22.405s user=08m21.602s sys=00.804s mem=154MiB roottime=501.600s load=1.00 rootload=1.00
ramon: poll                 wall=08m24.000s usage=08m23.403s user=08m22.599s sys=00.804s mem=154MiB roottime=502.590s load=1.00 rootload=0.99
ramon: poll                 wall=08m25.000s usage=08m24.401s user=08m23.597s sys=00.804s mem=154MiB roottime=503.590s load=1.00 rootload=1.00
ramon: poll                 wall=08m26.009s usage=08m25.402s user=08m24.598s sys=00.804s mem=154MiB roottime=504.590s load=0.99 rootload=0.99
ramon: poll                 wall=08m27.008s usage=08m26.402s user=08m25.598s sys=00.804s mem=154MiB roottime=505.590s load=1.00 rootload=1.00
ramon: poll                 wall=08m28.013s usage=08m27.407s user=08m26.602s sys=00.804s mem=154MiB roottime=506.600s load=1.00 rootload=1.01
ramon: poll                 wall=08m29.003s usage=08m28.397s user=08m27.592s sys=00.804s mem=154MiB roottime=507.590s load=1.00 rootload=1.00
ramon: poll                 wall=08m30.000s usage=08m29.393s user=08m28.587s sys=00.806s mem=155MiB roottime=508.580s load=1.00 rootload=0.99
ramon: poll                 wall=08m31.005s usage=08m30.398s user=08m29.591s sys=00.806s mem=155MiB roottime=509.590s load=1.00 rootload=1.01
ramon: poll                 wall=08m32.000s usage=08m31.391s user=08m30.585s sys=00.806s mem=155MiB roottime=510.580s load=1.00 rootload=0.99
ramon: poll                 wall=08m33.001s usage=08m32.391s user=08m31.585s sys=00.806s mem=155MiB roottime=511.580s load=1.00 rootload=1.00
ramon: poll                 wall=08m34.000s usage=08m33.389s user=08m32.581s sys=00.807s mem=155MiB roottime=512.580s load=1.00 rootload=1.00
ramon: poll                 wall=08m35.005s usage=08m34.393s user=08m33.585s sys=00.807s mem=155MiB roottime=513.580s load=1.00 rootload=1.00
ramon: poll                 wall=08m36.000s usage=08m35.388s user=08m34.580s sys=00.807s mem=155MiB roottime=514.580s load=1.00 rootload=1.01
ramon: poll                 wall=08m37.000s usage=08m36.387s user=08m35.580s sys=00.807s mem=155MiB roottime=515.570s load=1.00 rootload=0.99
ramon: poll                 wall=08m38.000s usage=08m37.387s user=08m36.580s sys=00.807s mem=155MiB roottime=516.570s load=1.00 rootload=1.00
ramon: poll                 wall=08m39.000s usage=08m38.387s user=08m37.579s sys=00.807s mem=155MiB roottime=517.580s load=1.00 rootload=1.01
ramon: poll                 wall=08m40.000s usage=08m39.386s user=08m38.578s sys=00.808s mem=155MiB roottime=518.570s load=1.00 rootload=0.99
ramon: poll                 wall=08m41.000s usage=08m40.386s user=08m39.578s sys=00.808s mem=155MiB roottime=519.570s load=1.00 rootload=1.00
ramon: poll                 wall=08m42.000s usage=08m41.386s user=08m40.573s sys=00.812s mem=156MiB roottime=520.570s load=1.00 rootload=1.00
ramon: poll                 wall=08m43.000s usage=08m42.386s user=08m41.573s sys=00.812s mem=156MiB roottime=521.570s load=1.00 rootload=1.00
ramon: poll                 wall=08m44.000s usage=08m43.385s user=08m42.573s sys=00.812s mem=156MiB roottime=522.570s load=1.00 rootload=1.00
ramon: poll                 wall=08m45.000s usage=08m44.385s user=08m43.572s sys=00.812s mem=156MiB roottime=523.570s load=1.00 rootload=1.00
ramon: poll                 wall=08m46.000s usage=08m45.385s user=08m44.572s sys=00.812s mem=156MiB roottime=524.570s load=1.00 rootload=1.00
ramon: poll                 wall=08m47.000s usage=08m46.384s user=08m45.572s sys=00.812s mem=156MiB roottime=525.570s load=1.00 rootload=1.00
ramon: poll                 wall=08m48.002s usage=08m47.386s user=08m46.574s sys=00.812s mem=156MiB roottime=526.570s load=1.00 rootload=1.00
ramon: poll                 wall=08m49.003s usage=08m48.387s user=08m47.574s sys=00.812s mem=156MiB roottime=527.570s load=1.00 rootload=1.00
ramon: poll                 wall=08m50.000s usage=08m49.384s user=08m48.571s sys=00.812s mem=156MiB roottime=528.570s load=1.00 rootload=1.00
ramon: poll                 wall=08m51.004s usage=08m50.387s user=08m49.575s sys=00.812s mem=156MiB roottime=529.570s load=1.00 rootload=1.00
ramon: poll                 wall=08m52.000s usage=08m51.383s user=08m50.570s sys=00.813s mem=156MiB roottime=530.570s load=1.00 rootload=1.00
ramon: poll                 wall=08m53.000s usage=08m52.382s user=08m51.570s sys=00.813s mem=156MiB roottime=531.570s load=1.00 rootload=1.00
ramon: poll                 wall=08m54.003s usage=08m53.385s user=08m52.571s sys=00.815s mem=156MiB roottime=532.570s load=1.00 rootload=1.00
ramon: poll                 wall=08m55.000s usage=08m54.382s user=08m53.567s sys=00.815s mem=156MiB roottime=533.560s load=1.00 rootload=0.99
ramon: poll                 wall=08m56.000s usage=08m55.382s user=08m54.567s sys=00.815s mem=156MiB roottime=534.560s load=1.00 rootload=1.00
ramon: poll                 wall=08m57.002s usage=08m56.383s user=08m55.569s sys=00.815s mem=156MiB roottime=535.560s load=1.00 rootload=1.00
ramon: poll                 wall=08m58.013s usage=08m57.394s user=08m56.580s sys=00.815s mem=156MiB roottime=536.580s load=1.00 rootload=1.01
ramon: poll                 wall=08m59.003s usage=08m58.384s user=08m57.569s sys=00.815s mem=156MiB roottime=537.560s load=1.00 rootload=0.99
ramon: poll                 wall=09m00.002s usage=08m59.383s user=08m58.567s sys=00.816s mem=156MiB roottime=538.560s load=1.00 rootload=1.00
ramon: poll                 wall=09m01.000s usage=09m00.380s user=08m59.565s sys=00.816s mem=156MiB roottime=539.560s load=1.00 rootload=1.00
ramon: poll                 wall=09m02.003s usage=09m01.383s user=09m00.567s sys=00.816s mem=156MiB roottime=540.560s load=1.00 rootload=1.00
ramon: poll                 wall=09m03.001s usage=09m02.381s user=09m01.565s sys=00.816s mem=156MiB roottime=541.560s load=1.00 rootload=1.00
ramon: poll                 wall=09m04.002s usage=09m03.382s user=09m02.566s sys=00.816s mem=157MiB roottime=542.560s load=1.00 rootload=1.00
ramon: poll                 wall=09m05.002s usage=09m04.379s user=09m03.561s sys=00.818s mem=157MiB roottime=543.560s load=1.00 rootload=1.00
ramon: poll                 wall=09m06.011s usage=09m05.389s user=09m04.571s sys=00.818s mem=157MiB roottime=544.570s load=1.00 rootload=1.00
ramon: poll                 wall=09m07.004s usage=09m06.381s user=09m05.564s sys=00.818s mem=157MiB roottime=545.560s load=1.00 rootload=1.00
ramon: poll                 wall=09m08.000s usage=09m07.377s user=09m06.559s sys=00.819s mem=157MiB roottime=546.550s load=1.00 rootload=0.99
ramon: poll                 wall=09m09.000s usage=09m08.377s user=09m07.558s sys=00.819s mem=157MiB roottime=547.550s load=1.00 rootload=1.00
ramon: poll                 wall=09m10.002s usage=09m09.379s user=09m08.560s sys=00.819s mem=157MiB roottime=548.560s load=1.00 rootload=1.01
ramon: poll                 wall=09m11.000s usage=09m10.376s user=09m09.556s sys=00.821s mem=157MiB roottime=549.550s load=1.00 rootload=0.99
ramon: poll                 wall=09m12.000s usage=09m11.376s user=09m10.556s sys=00.821s mem=157MiB roottime=550.550s load=1.00 rootload=1.00
ramon: poll                 wall=09m13.000s usage=09m12.376s user=09m11.555s sys=00.821s mem=158MiB roottime=551.550s load=1.00 rootload=1.00
ramon: poll                 wall=09m14.000s usage=09m13.376s user=09m12.555s sys=00.821s mem=158MiB roottime=552.550s load=1.00 rootload=1.00
ramon: poll                 wall=09m15.003s usage=09m14.378s user=09m13.558s sys=00.821s mem=158MiB roottime=553.550s load=1.00 rootload=1.00
ramon: poll                 wall=09m16.003s usage=09m15.378s user=09m14.558s sys=00.821s mem=158MiB roottime=554.550s load=1.00 rootload=1.00
ramon: poll                 wall=09m17.000s usage=09m16.375s user=09m15.554s sys=00.821s mem=158MiB roottime=555.550s load=1.00 rootload=1.00
ramon: poll                 wall=09m18.002s usage=09m17.377s user=09m16.556s sys=00.821s mem=158MiB roottime=556.550s load=1.00 rootload=1.00
ramon: poll                 wall=09m19.001s usage=09m18.376s user=09m17.555s sys=00.821s mem=158MiB roottime=557.550s load=1.00 rootload=1.00
ramon: poll                 wall=09m20.004s usage=09m19.378s user=09m18.558s sys=00.821s mem=158MiB roottime=558.550s load=1.00 rootload=1.00
ramon: poll                 wall=09m21.002s usage=09m20.375s user=09m19.555s sys=00.821s mem=158MiB roottime=559.550s load=1.00 rootload=1.00
ramon: poll                 wall=09m22.000s usage=09m21.374s user=09m20.554s sys=00.821s mem=158MiB roottime=560.550s load=1.00 rootload=1.00
ramon: poll                 wall=09m23.005s usage=09m22.379s user=09m21.557s sys=00.822s mem=158MiB roottime=561.550s load=1.00 rootload=1.00
ramon: poll                 wall=09m24.000s usage=09m23.373s user=09m22.552s sys=00.822s mem=158MiB roottime=562.550s load=1.00 rootload=1.00
ramon: poll                 wall=09m25.000s usage=09m24.373s user=09m23.551s sys=00.822s mem=158MiB roottime=563.550s load=1.00 rootload=1.00
ramon: poll                 wall=09m26.000s usage=09m25.372s user=09m24.551s sys=00.822s mem=158MiB roottime=564.550s load=1.00 rootload=1.00
ramon: poll                 wall=09m27.003s usage=09m26.375s user=09m25.554s sys=00.822s mem=158MiB roottime=565.550s load=1.00 rootload=1.00
ramon: poll                 wall=09m28.002s usage=09m27.374s user=09m26.553s sys=00.822s mem=158MiB roottime=566.550s load=1.00 rootload=1.00
ramon: poll                 wall=09m29.000s usage=09m28.372s user=09m27.549s sys=00.823s mem=158MiB roottime=567.540s load=1.00 rootload=0.99
ramon: poll                 wall=09m30.003s usage=09m29.375s user=09m28.552s sys=00.823s mem=158MiB roottime=568.550s load=1.00 rootload=1.01
ramon: poll                 wall=09m31.000s usage=09m30.371s user=09m29.549s sys=00.823s mem=158MiB roottime=569.540s load=1.00 rootload=0.99
ramon: poll                 wall=09m32.003s usage=09m31.374s user=09m30.552s sys=00.823s mem=158MiB roottime=570.550s load=1.00 rootload=1.01
ramon: poll                 wall=09m33.008s usage=09m32.379s user=09m31.555s sys=00.824s mem=158MiB roottime=571.550s load=1.00 rootload=1.00
ramon: poll                 wall=09m34.004s usage=09m33.375s user=09m32.550s sys=00.825s mem=158MiB roottime=572.540s load=1.00 rootload=0.99
ramon: poll                 wall=09m35.000s usage=09m34.370s user=09m33.546s sys=00.825s mem=158MiB roottime=573.540s load=1.00 rootload=1.00
ramon: poll                 wall=09m36.000s usage=09m35.370s user=09m34.546s sys=00.825s mem=158MiB roottime=574.540s load=1.00 rootload=1.00
ramon: poll                 wall=09m37.001s usage=09m36.370s user=09m35.545s sys=00.825s mem=158MiB roottime=575.540s load=1.00 rootload=1.00
ramon: poll                 wall=09m38.000s usage=09m37.370s user=09m36.545s sys=00.825s mem=158MiB roottime=576.540s load=1.00 rootload=1.00
ramon: poll                 wall=09m39.006s usage=09m38.375s user=09m37.551s sys=00.825s mem=158MiB roottime=577.550s load=1.00 rootload=1.00
ramon: poll                 wall=09m40.006s usage=09m39.375s user=09m38.550s sys=00.825s mem=158MiB roottime=578.550s load=1.00 rootload=1.00
ramon: poll                 wall=09m41.006s usage=09m40.375s user=09m39.550s sys=00.825s mem=158MiB roottime=579.540s load=1.00 rootload=0.99
ramon: poll                 wall=09m42.001s usage=09m41.369s user=09m40.545s sys=00.825s mem=158MiB roottime=580.540s load=1.00 rootload=1.01
ramon: poll                 wall=09m43.067s usage=09m42.435s user=09m41.610s sys=00.825s mem=158MiB roottime=581.610s load=1.00 rootload=1.00
ramon: poll                 wall=09m44.003s usage=09m43.369s user=09m42.544s sys=00.825s mem=158MiB roottime=582.540s load=1.00 rootload=0.99
ramon: poll                 wall=09m45.026s usage=09m44.390s user=09m43.564s sys=00.827s mem=159MiB roottime=583.560s load=1.00 rootload=1.00
ramon: poll                 wall=09m46.022s usage=09m45.385s user=09m44.558s sys=00.827s mem=158MiB roottime=584.550s load=1.00 rootload=0.99
ramon: poll                 wall=09m47.018s usage=09m46.381s user=09m45.554s sys=00.827s mem=158MiB roottime=585.550s load=1.00 rootload=1.00
ramon: poll                 wall=09m48.004s usage=09m47.366s user=09m46.540s sys=00.827s mem=158MiB roottime=586.530s load=1.00 rootload=0.99
ramon: poll                 wall=09m49.013s usage=09m48.375s user=09m47.549s sys=00.827s mem=159MiB roottime=587.540s load=1.00 rootload=1.00
ramon: poll                 wall=09m50.012s usage=09m49.374s user=09m48.547s sys=00.827s mem=159MiB roottime=588.540s load=1.00 rootload=1.00
ramon: poll                 wall=09m51.015s usage=09m50.376s user=09m49.550s sys=00.827s mem=159MiB roottime=589.550s load=1.00 rootload=1.01
ramon: poll                 wall=09m52.012s usage=09m51.373s user=09m50.546s sys=00.827s mem=159MiB roottime=590.540s load=1.00 rootload=0.99
ramon: poll                 wall=09m53.034s usage=09m52.395s user=09m51.568s sys=00.827s mem=159MiB roottime=591.560s load=1.00 rootload=1.00
ramon: poll                 wall=09m54.000s usage=09m53.360s user=09m52.534s sys=00.827s mem=159MiB roottime=592.530s load=1.00 rootload=1.00
ramon: poll                 wall=09m55.002s usage=09m54.362s user=09m53.536s sys=00.827s mem=159MiB roottime=593.530s load=1.00 rootload=1.00
ramon: poll                 wall=09m56.002s usage=09m55.362s user=09m54.536s sys=00.827s mem=159MiB roottime=594.530s load=1.00 rootload=1.00
ramon: poll                 wall=09m57.008s usage=09m56.368s user=09m55.541s sys=00.827s mem=159MiB roottime=595.540s load=1.00 rootload=1.00
ramon: poll                 wall=09m58.000s usage=09m57.360s user=09m56.533s sys=00.827s mem=159MiB roottime=596.530s load=1.00 rootload=1.00
ramon: poll                 wall=09m59.009s usage=09m58.369s user=09m57.542s sys=00.827s mem=159MiB roottime=597.540s load=1.00 rootload=1.00
ramon: poll                 wall=10m00.000s usage=09m59.360s user=09m58.533s sys=00.827s mem=159MiB roottime=598.530s load=1.00 rootload=1.00
ramon: end                  Mon Mar 10 10:25:01 2025
ramon: root.execname        z3
ramon: root.utime           598.550s
ramon: root.stime           0.850s
ramon: group.total          599.414s
ramon: group.utime          598.558s
ramon: group.stime          0.857s
ramon: group.mempeak        159MiB
ramon: group.pidpeak        2
ramon: status               exited
ramon: exitcode             0
ramon: walltime             600.054s
ramon: loadavg              1.00
