ramon: cwd                  /home/gh1/A/_work/z3-poly-testing/z3-poly-testing
ramon: start                Thu Oct 10 16:49:46 2024
ramon: nproc                32
ramon: sys.mem              63442 MiB
ramon: sys.mem.free         36442 MiB
ramon: sys.mem.avail        62934 MiB
ramon: sys.nprocs           1717
ramon: argv                 0 = z3
ramon: argv                 1 = inputs/QF_LIA/22.lp.smt2
ramon: argv                 2 = -T:60
ramon: argv                 3 = -v:2
ramon: argv                 4 = -st
ramon: childpid             1444712
(smt.searching)
(smt.stats :restarts     :decisions :clauses/bin/units       :simplify   :memory)
(smt.stats        :conflicts    :propagations        :lemmas      :deletions   )
(smt.stats    0      0      0      0  1983/1764/38       0/0     0    0   20.76)
(smt.stats    0     12    164    167  2029/1811/41     157/0     2    1   20.95)
ramon: end                  Thu Oct 10 16:49:46 2024
ramon: root.execname        z3
ramon: root.utime           0.030s
ramon: root.stime           0.000s
ramon: group.total          0.039s
ramon: group.utime          0.031s
ramon: group.stime          0.008s
ramon: group.mempeak        22644KiB
ramon: group.pidpeak        3
ramon: status               exited
ramon: exitcode             0
ramon: walltime             0.047s
ramon: loadavg              0.82
