sat
(:added-eqs                   8343
 :arith-bound-propagations-lp 5337
 :arith-conflicts             190
 :arith-fixed-eqs             64
 :arith-gcd-calls             1
 :arith-lower                 53805
 :arith-make-feasible         16679
 :arith-max-columns           5594
 :arith-max-rows              3272
 :arith-offset-eqs            8720
 :arith-patches               1
 :arith-patches-success       1
 :arith-upper                 87037
 :binary-propagations         182915
 :conflicts                   353
 :decisions                   15564
 :del-clause                  1840
 :final-checks                1
 :max-memory                  96.58
 :memory                      32.93
 :minimized-lits              607
 :mk-bool-var                 13747
 :mk-clause                   14055
 :mk-clause-binary            17317
 :num-allocs                  425342624
 :num-checks                  1
 :propagations                350112
 :restarts                    2
 :rlimit-count                7030977
 :solve-eqs-elim-vars         1380
 :solve-eqs-steps             2742
 :time                        3.57
 :total-time                  3.57)
