sat
(:added-eqs             91
 :arith-eq-adapter      53
 :arith-branch          26
 :arith-conflicts       10
 :arith-cube-calls      6
 :arith-diseq           104
 :arith-fixed-eqs       42
 :arith-gcd-calls       27
 :arith-lower           1094
 :arith-make-feasible   266
 :arith-max-columns     743
 :arith-max-rows        263
 :arith-patches         27
 :arith-patches-success 1
 :arith-upper           874
 :binary-propagations   246
 :conflicts             10
 :decisions             244
 :del-clause            41
 :final-checks          27
 :max-memory            23.08
 :memory                19.37
 :mk-bool-var           1924
 :mk-clause             84
 :mk-clause-binary      278
 :num-allocs            18691494
 :num-checks            1
 :propagations          314
 :rlimit-count          224644
 :solve-eqs-elim-vars   367
 :solve-eqs-steps       2687
 :time                  0.05
 :total-time            0.06)
