unsat
(:arith-conflicts     1
 :arith-lower         339
 :arith-make-feasible 1
 :arith-max-columns   506
 :arith-max-rows      259
 :arith-upper         399
 :conflicts           1
 :max-memory          23.06
 :memory              19.42
 :mk-bool-var         2318
 :mk-clause           612
 :mk-clause-binary    2580
 :num-allocs          13057897
 :num-checks          1
 :rlimit-count        416767
 :solve-eqs-elim-vars 333
 :solve-eqs-steps     1453
 :time                0.11
 :total-time          0.09)
