sat
(:added-eqs                   763995
 :arith-eq-adapter            2991
 :arith-bound-propagations-lp 1495
 :arith-conflicts             40
 :arith-diseq                 45548
 :arith-fixed-eqs             25311
 :arith-lower                 53925
 :arith-make-feasible         20691
 :arith-max-columns           1220
 :arith-max-rows              617
 :arith-offset-eqs            18868
 :arith-upper                 61612
 :binary-propagations         2636466
 :conflicts                   8945
 :decisions                   702243
 :del-clause                  12493
 :elim-unconstrained          2
 :final-checks                1
 :max-memory                  32.90
 :memory                      21.54
 :minimized-lits              21284
 :mk-bool-var                 15490
 :mk-clause                   16287
 :mk-clause-binary            12766
 :num-allocs                  56773607
 :num-checks                  1
 :propagations                3453594
 :restarts                    64
 :rlimit-count                17822853
 :time                        2.81
 :total-time                  2.80)
