unsat
(:added-eqs                   322674
 :arith-eq-adapter            1835
 :arith-bound-propagations-lp 719
 :arith-conflicts             35
 :arith-diseq                 11172
 :arith-fixed-eqs             7272
 :arith-lower                 16865
 :arith-make-feasible         7745
 :arith-max-columns           751
 :arith-max-rows              322
 :arith-offset-eqs            3165
 :arith-upper                 18592
 :binary-propagations         774557
 :conflicts                   3360
 :decisions                   201082
 :del-clause                  5200
 :elim-unconstrained          2
 :max-memory                  27.83
 :memory                      20.66
 :minimized-lits              10150
 :mk-bool-var                 10103
 :mk-clause                   8250
 :mk-clause-binary            10078
 :num-allocs                  14163446
 :num-checks                  1
 :propagations                1017752
 :restarts                    27
 :rlimit-count                9150299
 :time                        1.09
 :total-time                  1.10)
