ramon: cwd                  /home/gh1/A/_work/z3-poly-testing/z3-poly-testing
ramon: start                Tue Dec 31 11:49:11 2024
ramon: nproc                32
ramon: sys.mem              63442 MiB
ramon: sys.mem.free         19675 MiB
ramon: sys.mem.avail        61594 MiB
ramon: sys.nprocs           1220
ramon: argv                 0 = z3
ramon: argv                 1 = inputs/QF_BV_SAT/innd_innd_vc33347.smt2
ramon: argv                 2 = -T:20
ramon: argv                 3 = -v:2
ramon: argv                 4 = -st
ramon: argv                 5 = tactic.default_tactic=(then simplify propagate-values solve-eqs simplify sls-smt)
ramon: argv                 6 = model_validate=true
ramon: childpid             1979786
(sat.ddfw :unsat :models :kflips/sec  :flips  :restarts  :reinits  :unsat_vars  :shifts)
(sat.ddfw       1     35   114.943     10000        41          0            1       27)
(sat.ddfw       1     58   55.2541     20001        87          1            1       28)
(sat.ddfw       0      1   40.1126     31754       142          2            0       30)
ramon: end                  Tue Dec 31 11:49:11 2024
ramon: root.execname        z3
ramon: root.utime           0.290s
ramon: root.stime           0.000s
ramon: group.total          0.303s
ramon: group.utime          0.295s
ramon: group.stime          0.008s
ramon: group.mempeak        18784KiB
ramon: group.pidpeak        2
ramon: status               exited
ramon: exitcode             0
ramon: walltime             0.308s
ramon: loadavg              0.98
