ramon: cwd                  /home/runner/a/_work/z3-poly-testing/z3-poly-testing
ramon: start                Fri Mar 14 09:44:52 2025
ramon: nproc                128
ramon: sys.mem              64150 MiB
ramon: sys.mem.free         16216 MiB
ramon: sys.mem.avail        63504 MiB
ramon: sys.nprocs           3538
ramon: argv                 0 = z3
ramon: argv                 1 = inputs/QF_LIA/n1440-RF-01.smt2
ramon: argv                 2 = -T:600
ramon: argv                 3 = smt.arith.lp.dio_eqs=true
ramon: argv                 4 = -st
ramon: childpid             1056409
ramon: end                  Fri Mar 14 09:44:53 2025
ramon: root.execname        z3
ramon: root.utime           0.570s
ramon: root.stime           0.160s
ramon: group.total          0.742s
ramon: group.utime          0.573s
ramon: group.stime          0.168s
ramon: group.mempeak        38452KiB
ramon: group.pidpeak        3
ramon: status               exited
ramon: exitcode             0
ramon: walltime             0.767s
ramon: loadavg              0.97
