unsat
(:added-eqs                   39
 :arith-bound-propagations-lp 462
 :arith-branch                2
 :arith-conflicts             237
 :arith-cube-calls            27
 :arith-dio-calls             88
 :arith-dio-tighten-conflicts 86
 :arith-fixed-eqs             2
 :arith-gcd-calls             108
 :arith-hnf-calls             27
 :arith-hnf-cuts              20
 :arith-lower                 1805
 :arith-make-feasible         1309
 :arith-max-columns           51
 :arith-max-rows              31
 :arith-offset-eqs            37
 :arith-patches               108
 :arith-upper                 1832
 :binary-propagations         1901
 :conflicts                   256
 :decisions                   677
 :del-clause                  155
 :final-checks                108
 :max-memory                  19.33
 :memory                      18.75
 :minimized-lits              315
 :mk-bool-var                 205
 :mk-clause                   273
 :mk-clause-binary            139
 :num-allocs                  809714
 :num-checks                  1
 :propagations                2876
 :restarts                    1
 :rlimit-count                55361
 :solve-eqs-elim-vars         3
 :solve-eqs-steps             26
 :time                        0.08
 :total-time                  0.14)
