unsat
(:added-eqs                   2920100
 :arith-eq-adapter            6473
 :arith-bound-propagations-lp 171969
 :arith-conflicts             779
 :arith-diseq                 18865
 :arith-fixed-eqs             193478
 :arith-lower                 204648
 :arith-make-feasible         51461
 :arith-max-columns           3500
 :arith-max-rows              2573
 :arith-offset-eqs            206045
 :arith-upper                 205220
 :binary-propagations         4361442
 :conflicts                   33900
 :decisions                   434743
 :del-clause                  28400
 :elim-unconstrained          3
 :max-memory                  123.64
 :memory                      36.47
 :minimized-lits              151662
 :mk-bool-var                 35470
 :mk-clause                   54263
 :mk-clause-binary            32194
 :num-allocs                  3625769583
 :num-checks                  1
 :propagations                6569952
 :restarts                    182
 :rlimit-count                30068768
 :time                        20.64
 :total-time                  20.70)
