sat
(:arith-branch            13
 :arith-cube-calls        3
 :arith-dio-calls         14
 :arith-gcd-calls         15
 :arith-lower             51
 :arith-make-feasible     21
 :arith-max-columns       285
 :arith-max-rows          97
 :arith-patches           15
 :arith-patches-success   1
 :arith-upper             232
 :decisions               13
 :final-checks            15
 :max-memory              116.71
 :memory                  33.54
 :mk-bool-var             283
 :num-allocs              13766830190.00
 :num-checks              2
 :rlimit-count            1265416
 :sat-backjumps           147
 :sat-conflicts           147
 :sat-decisions           1507
 :sat-del-clause          30
 :sat-elim-clauses        15
 :sat-elim-literals       21
 :sat-minimized-lits      27
 :sat-mk-clause-2ary      92711
 :sat-mk-clause-nary      231747
 :sat-mk-var              92176
 :sat-propagations-2ary   36388
 :sat-propagations-nary   10845
 :sat-scc-elim-binary     376
 :sat-scc-elim-vars       4
 :sat-subs-resolution     5
 :sat-subs-resolution-dyn 2
 :sat-subsumed            2
 :sat-units               6
 :time                    7.42
 :total-time              7.49)
