ramon: cwd                  /home/gh1/A/_work/z3-poly-testing/z3-poly-testing
ramon: start                Wed Dec  4 16:12:35 2024
ramon: nproc                32
ramon: sys.mem              63442 MiB
ramon: sys.mem.free         24208 MiB
ramon: sys.mem.avail        58762 MiB
ramon: sys.nprocs           1691
ramon: argv                 0 = z3
ramon: argv                 1 = inputs/QF_NIA_small/From_AProVE_2014__Velroyen08-upAndDown.jar-obl-8__terminationS_1_0.smt2
ramon: argv                 2 = -T:20
ramon: argv                 3 = -v:2
ramon: childpid             1143580
(sat.solver)
(sat.stats   :conflicts  :restarts         :learned/bin    :gc          :time)
(sat.stats          :decisions :clauses/bin       :units       :memory       )
(sat.stats      0      0    0 53859/22183     0/0   2       0    26.29   0.00)
 (sat-cleaner :elim-literals 3 :elim-clauses 2 :cost 97263 :time 0.00)
(sat.stats    142    332    0 53855/22184   140/11   9       0    26.48   0.01)
(sat.stats    142    332    0 53855/22184   140/11   9       0    26.48   0.01)
(sat.stats    142    332    0 53855/22184   140/11   9       0    26.48   0.01)
(sat.simplify :simplifications 1)
 (sat-scc :elim-vars 74 :elim-bin 65 :time 0.01)
 (sat-cleaner :elim-literals 5 :elim-clauses 0 :cost 99019 :time 0.00)
 (sat-probing :probing-assigned 42 :cost 75481533.18 :time 0.02)
(sat.stats    142    332    0 41266/7834    44/5 1035       0    33.18   0.13)
 (sat-cleaner :elim-literals 1941 :elim-clauses 4512 :cost 121055 :time 0.00)
(sat.stats    147    354    1 35628/7002    48/5 1035       0    33.17   0.13)
(sat.stats :conflicts    :restarts       :learned/bin      :gc          :time)
(sat.stats        :decisions :clauses/bin      :units          :memory       )
(sat.stats    150    361    2 35628/7002    51/5 1035       0    33.17   0.13)
(sat.stats    154    398    3 35628/7002    55/5 1035       0    33.17   0.13)
(sat.stats    158    418    4 35628/7002    59/5 1035       0    33.17   0.13)
(sat.stats    162    421    5 35628/7002    63/5 1035       0    33.17   0.13)
(sat.stats    166    425    6 35628/7002    67/5 1035       0    33.17   0.13)
(sat.stats    170    428    7 35628/7002    71/5 1035       0    33.17   0.13)
(sat.stats    174    435    8 35628/7002    75/5 1035       0    33.17   0.13)
(sat.stats    178    440    9 35628/7002    79/5 1035       0    33.17   0.13)
(sat.stats    182    443   10 35628/7002    83/5 1035       0    33.17   0.14)
(sat.stats    186    447   11 35628/7002    87/5 1035       0    33.17   0.14)
(sat.stats    190    450   12 35628/7002    91/5 1035       0    33.17   0.14)
(sat.stats    211    485   18 35628/7002   112/7 1035       0    33.17   0.14)
(sat.stats :conflicts   :restarts       :learned/bin        :gc          :time)
(sat.stats        :decisions :clauses/bin       :units          :memory       )
(sat.stats    334    651   37 35628/7002   235/13 1035       0    33.17   0.14)
(sat.stats    501    863   49 35628/7002   402/25 1035       0    33.17   0.14)
(smt.searching)
(smt.stats :restarts     :decisions :clauses/bin/units      :simplify   :memory)
(smt.stats        :conflicts    :propagations       :lemmas      :deletions   )
(smt.stats    0      0      0      0   292/265/15       0/0     0    0   53.48)
(nlsat :conflicts 1 :decisions 0 :propagations 22 :clauses 111 :learned 1)
(nlsat-b&b :conflicts 33 :decisions 2 :propagations 545 :clauses 111 :learned 33)
(nlsat-b&b :conflicts 53 :decisions 8 :propagations 973 :clauses 111 :learned 63)
(nlsat-b&b :conflicts 69 :decisions 18 :propagations 1663 :clauses 111 :learned 101)
(nlsat :conflicts 1 :decisions 0 :propagations 54 :clauses 201 :learned 1)
(nlsat :conflicts 1 :decisions 0 :propagations 19 :clauses 192 :learned 1)
(nlsat :conflicts 3 :decisions 0 :propagations 73 :clauses 190 :learned 3)
(nlsat-b&b :conflicts 27 :decisions 0 :propagations 687 :clauses 190 :learned 27)
(nlsat-b&b :conflicts 38 :decisions 4 :propagations 1370 :clauses 190 :learned 64)
(nlsat-b&b :conflicts 49 :decisions 12 :propagations 1981 :clauses 190 :learned 104)
(nlsat-b&b :conflicts 63 :decisions 31 :propagations 2988 :clauses 190 :learned 149)
(nlsat-b&b :conflicts 74 :decisions 50 :propagations 3855 :clauses 190 :learned 186)
(nlsat-b&b :conflicts 85 :decisions 74 :propagations 4811 :clauses 190 :learned 223)
(nlsat-b&b :conflicts 96 :decisions 102 :propagations 5858 :clauses 190 :learned 260)
(nlsat :conflicts 1 :decisions 0 :propagations 60 :clauses 210 :learned 1)
(nlsat-b&b :conflicts 25 :decisions 0 :propagations 723 :clauses 210 :learned 25)
(nlsat-b&b :conflicts 43 :decisions 17 :propagations 1798 :clauses 210 :learned 78)
(nlsat-b&b :conflicts 56 :decisions 39 :propagations 2741 :clauses 210 :learned 117)
(nlsat-b&b :conflicts 68 :decisions 65 :propagations 3811 :clauses 210 :learned 167)
(nlsat-b&b :conflicts 78 :decisions 97 :propagations 4894 :clauses 210 :learned 203)
(nlsat-b&b :conflicts 88 :decisions 144 :propagations 6405 :clauses 210 :learned 239)
(nlsat-b&b :conflicts 95 :decisions 186 :propagations 7690 :clauses 210 :learned 282)
(nlsat :conflicts 1 :decisions 0 :propagations 34 :clauses 216 :learned 1)
(nlsat :conflicts 1 :decisions 0 :propagations 35 :clauses 198 :learned 1)
(nlsat-b&b :conflicts 27 :decisions 0 :propagations 630 :clauses 198 :learned 27)
(nlsat-b&b :conflicts 45 :decisions 8 :propagations 1711 :clauses 198 :learned 90)
(nlsat-b&b :conflicts 57 :decisions 21 :propagations 2530 :clauses 198 :learned 144)
(nlsat-b&b :conflicts 71 :decisions 51 :propagations 3780 :clauses 198 :learned 192)
(nlsat-b&b :conflicts 84 :decisions 86 :propagations 5233 :clauses 198 :learned 243)
(nlsat-b&b :conflicts 97 :decisions 126 :propagations 6892 :clauses 198 :learned 294)
(nlsat :conflicts 1 :decisions 0 :propagations 72 :clauses 199 :learned 1)
(nlsat-b&b :conflicts 27 :decisions 0 :propagations 661 :clauses 199 :learned 27)
(nlsat-b&b :conflicts 40 :decisions 10 :propagations 1355 :clauses 199 :learned 72)
(nlsat-b&b :conflicts 53 :decisions 27 :propagations 2038 :clauses 199 :learned 123)
(nlsat-b&b :conflicts 69 :decisions 63 :propagations 3289 :clauses 199 :learned 178)
(nlsat-b&b :conflicts 82 :decisions 97 :propagations 4424 :clauses 199 :learned 223)
(nlsat-b&b :conflicts 95 :decisions 139 :propagations 5696 :clauses 199 :learned 268)
(nlsat :conflicts 1 :decisions 0 :propagations 82 :clauses 201 :learned 1)
(nlsat-b&b :conflicts 17 :decisions 0 :propagations 483 :clauses 201 :learned 17)
(nlsat-b&b :conflicts 39 :decisions 15 :propagations 1349 :clauses 201 :learned 71)
(nlsat-b&b :conflicts 51 :decisions 30 :propagations 1929 :clauses 201 :learned 120)
(nlsat-b&b :conflicts 63 :decisions 58 :propagations 2743 :clauses 201 :learned 164)
(nlsat-b&b :conflicts 75 :decisions 95 :propagations 3668 :clauses 201 :learned 208)
(nlsat-b&b :conflicts 87 :decisions 141 :propagations 4704 :clauses 201 :learned 252)
(nlsat-b&b :conflicts 99 :decisions 196 :propagations 5851 :clauses 201 :learned 296)
(nlsat :conflicts 8 :decisions 0 :propagations 90 :clauses 203 :learned 8)
(nlsat-b&b :conflicts 19 :decisions 0 :propagations 517 :clauses 203 :learned 19)
(nlsat-b&b :conflicts 36 :decisions 12 :propagations 1473 :clauses 203 :learned 74)
(nlsat-b&b :conflicts 54 :decisions 40 :propagations 2817 :clauses 203 :learned 124)
(nlsat-b&b :conflicts 68 :decisions 64 :propagations 3729 :clauses 203 :learned 178)
(nlsat-b&b :conflicts 79 :decisions 94 :propagations 4716 :clauses 203 :learned 217)
(nlsat-b&b :conflicts 90 :decisions 130 :propagations 5810 :clauses 203 :learned 257)
(nlsat :conflicts 1 :decisions 0 :propagations 101 :clauses 232 :learned 1)
(nlsat-b&b :conflicts 18 :decisions 0 :propagations 560 :clauses 232 :learned 18)
(nlsat :conflicts 8 :decisions 0 :propagations 108 :clauses 233 :learned 8)
(nlsat-b&b :conflicts 21 :decisions 0 :propagations 587 :clauses 233 :learned 21)
(nlsat :conflicts 1 :decisions 0 :propagations 95 :clauses 225 :learned 1)
(nlsat-b&b :conflicts 21 :decisions 1 :propagations 592 :clauses 225 :learned 21)
(nlsat-b&b :conflicts 49 :decisions 26 :propagations 1760 :clauses 225 :learned 86)
(nlsat-b&b :conflicts 74 :decisions 61 :propagations 2995 :clauses 225 :learned 148)
(nlsat-b&b :conflicts 78 :decisions 81 :propagations 3462 :clauses 225 :learned 190)
(nlsat-b&b :conflicts 96 :decisions 134 :propagations 4874 :clauses 225 :learned 248)
(nlsat :conflicts 8 :decisions 0 :propagations 91 :clauses 209 :learned 8)
(nlsat-b&b :conflicts 19 :decisions 0 :propagations 528 :clauses 209 :learned 19)
(nlsat-b&b :conflicts 37 :decisions 17 :propagations 1646 :clauses 209 :learned 78)
(nlsat-b&b :conflicts 48 :decisions 33 :propagations 2240 :clauses 209 :learned 124)
(nlsat-b&b :conflicts 82 :decisions 106 :propagations 4485 :clauses 209 :learned 192)
(nlsat :conflicts 1 :decisions 0 :propagations 53 :clauses 227 :learned 1)
(nlsat-b&b :conflicts 18 :decisions 0 :propagations 564 :clauses 227 :learned 18)
(nlsat-b&b :conflicts 38 :decisions 11 :propagations 1968 :clauses 227 :learned 74)
(nlsat-b&b :conflicts 76 :decisions 52 :propagations 3553 :clauses 227 :learned 156)
(nlsat-b&b :conflicts 96 :decisions 86 :propagations 5202 :clauses 227 :learned 218)
(nlsat :conflicts 1 :decisions 0 :propagations 88 :clauses 256 :learned 1)
(nlsat-b&b :conflicts 19 :decisions 0 :propagations 624 :clauses 256 :learned 19)
(nlsat-b&b :conflicts 31 :decisions 9 :propagations 1460 :clauses 256 :learned 76)
(nlsat-b&b :conflicts 58 :decisions 37 :propagations 3007 :clauses 256 :learned 142)
(nlsat :conflicts 1 :decisions 0 :propagations 38 :clauses 250 :learned 1)
(nlsat-b&b :conflicts 20 :decisions 0 :propagations 598 :clauses 250 :learned 20)
(nlsat-b&b :conflicts 35 :decisions 7 :propagations 1314 :clauses 250 :learned 69)
(nlsat-b&b :conflicts 50 :decisions 18 :propagations 2307 :clauses 250 :learned 113)
(nlsat :conflicts 1 :decisions 0 :propagations 82 :clauses 247 :learned 1)
(nlsat-b&b :conflicts 20 :decisions 0 :propagations 651 :clauses 247 :learned 20)
(nlsat-b&b :conflicts 37 :decisions 7 :propagations 1388 :clauses 247 :learned 71)
(nlsat-b&b :conflicts 52 :decisions 18 :propagations 2386 :clauses 247 :learned 115)
(nlsat :conflicts 1 :decisions 0 :propagations 50 :clauses 229 :learned 1)
(nlsat-b&b :conflicts 27 :decisions 0 :propagations 715 :clauses 229 :learned 27)
(nlsat :conflicts 1 :decisions 0 :propagations 45 :clauses 220 :learned 1)
(nlsat-b&b :conflicts 17 :decisions 0 :propagations 474 :clauses 220 :learned 17)
(nlsat-b&b :conflicts 33 :decisions 5 :propagations 1194 :clauses 220 :learned 61)
(nlsat-b&b :conflicts 52 :decisions 19 :propagations 2230 :clauses 220 :learned 108)
(nlsat :conflicts 1 :decisions 0 :propagations 27 :clauses 227 :learned 1)
(nlsat-b&b :conflicts 27 :decisions 0 :propagations 682 :clauses 227 :learned 27)
(nlsat :conflicts 1 :decisions 0 :propagations 82 :clauses 209 :learned 1)
(nlsat-b&b :conflicts 21 :decisions 0 :propagations 541 :clauses 209 :learned 21)
(nlsat-b&b :conflicts 40 :decisions 11 :propagations 1515 :clauses 209 :learned 76)
(nlsat-b&b :conflicts 52 :decisions 27 :propagations 2173 :clauses 209 :learned 124)
(nlsat-b&b :conflicts 68 :decisions 59 :propagations 3125 :clauses 209 :learned 164)
(nlsat-b&b :conflicts 83 :decisions 84 :propagations 3802 :clauses 209 :learned 206)
(nlsat :conflicts 1 :decisions 0 :propagations 82 :clauses 209 :learned 1)
(nlsat-b&b :conflicts 24 :decisions 0 :propagations 568 :clauses 209 :learned 24)
(nlsat-b&b :conflicts 45 :decisions 23 :propagations 1762 :clauses 209 :learned 87)
(nlsat-b&b :conflicts 66 :decisions 64 :propagations 3247 :clauses 209 :learned 155)
(nlsat-b&b :conflicts 81 :decisions 119 :propagations 4595 :clauses 209 :learned 212)
(nlsat :conflicts 1 :decisions 0 :propagations 87 :clauses 214 :learned 1)
(nlsat-b&b :conflicts 27 :decisions 2 :propagations 655 :clauses 214 :learned 27)
(nlsat-b&b :conflicts 40 :decisions 15 :propagations 1420 :clauses 214 :learned 91)
(nlsat-b&b :conflicts 63 :decisions 48 :propagations 2601 :clauses 214 :learned 143)
(nlsat-b&b :conflicts 77 :decisions 78 :propagations 3703 :clauses 214 :learned 190)
(nlsat-b&b :conflicts 97 :decisions 133 :propagations 5197 :clauses 214 :learned 238)
(nlsat :conflicts 1 :decisions 0 :propagations 92 :clauses 223 :learned 1)
(nlsat-b&b :conflicts 30 :decisions 1 :propagations 821 :clauses 223 :learned 30)
(nlsat-b&b :conflicts 44 :decisions 13 :propagations 1538 :clauses 223 :learned 98)
(nlsat-b&b :conflicts 65 :decisions 46 :propagations 2476 :clauses 223 :learned 148)
(nlsat-b&b :conflicts 79 :decisions 75 :propagations 3381 :clauses 223 :learned 197)
(nlsat-b&b :conflicts 98 :decisions 129 :propagations 4635 :clauses 223 :learned 244)
(nlsat :conflicts 1 :decisions 0 :propagations 35 :clauses 223 :learned 1)
(nlsat-b&b :conflicts 19 :decisions 2 :propagations 546 :clauses 223 :learned 19)
(nlsat-b&b :conflicts 36 :decisions 20 :propagations 1334 :clauses 223 :learned 83)
(nlsat-b&b :conflicts 72 :decisions 65 :propagations 2562 :clauses 223 :learned 148)
(nlsat :conflicts 1 :decisions 0 :propagations 85 :clauses 217 :learned 1)
(nlsat-b&b :conflicts 24 :decisions 2 :propagations 614 :clauses 217 :learned 24)
(nlsat-b&b :conflicts 44 :decisions 23 :propagations 1728 :clauses 217 :learned 91)
(nlsat-b&b :conflicts 75 :decisions 56 :propagations 2902 :clauses 217 :learned 154)
(nlsat :conflicts 1 :decisions 0 :propagations 87 :clauses 212 :learned 1)
(nlsat-b&b :conflicts 19 :decisions 0 :propagations 506 :clauses 212 :learned 19)
(nlsat-b&b :conflicts 32 :decisions 10 :propagations 1185 :clauses 212 :learned 68)
(nlsat-b&b :conflicts 45 :decisions 28 :propagations 1824 :clauses 212 :learned 124)
(nlsat-b&b :conflicts 52 :decisions 48 :propagations 2446 :clauses 212 :learned 167)
(nlsat-b&b :conflicts 69 :decisions 84 :propagations 3799 :clauses 212 :learned 209)
(nlsat-b&b :conflicts 92 :decisions 137 :propagations 5453 :clauses 212 :learned 258)
(nlsat :conflicts 1 :decisions 0 :propagations 85 :clauses 215 :learned 1)
(nlsat-b&b :conflicts 24 :decisions 0 :propagations 585 :clauses 215 :learned 24)
(nlsat-b&b :conflicts 61 :decisions 41 :propagations 2693 :clauses 215 :learned 116)
(nlsat :conflicts 1 :decisions 0 :propagations 104 :clauses 233 :learned 1)
(nlsat-b&b :conflicts 20 :decisions 0 :propagations 604 :clauses 233 :learned 20)
(nlsat-b&b :conflicts 46 :decisions 27 :propagations 1917 :clauses 233 :learned 100)
(nlsat :conflicts 8 :decisions 0 :propagations 95 :clauses 218 :learned 8)
(nlsat-b&b :conflicts 25 :decisions 0 :propagations 634 :clauses 218 :learned 25)
(nlsat-b&b :conflicts 48 :decisions 22 :propagations 1859 :clauses 218 :learned 89)
(nlsat-b&b :conflicts 64 :decisions 48 :propagations 2727 :clauses 218 :learned 148)
(nlsat-b&b :conflicts 72 :decisions 68 :propagations 3479 :clauses 218 :learned 192)
(nlsat-b&b :conflicts 96 :decisions 126 :propagations 5250 :clauses 218 :learned 247)
(nlsat :conflicts 7 :decisions 0 :propagations 96 :clauses 219 :learned 7)
(nlsat-b&b :conflicts 21 :decisions 0 :propagations 604 :clauses 219 :learned 21)
(nlsat-b&b :conflicts 37 :decisions 13 :propagations 1589 :clauses 219 :learned 73)
(nlsat-b&b :conflicts 51 :decisions 33 :propagations 2345 :clauses 219 :learned 123)
(nlsat-b&b :conflicts 73 :decisions 84 :propagations 3840 :clauses 219 :learned 177)
(nlsat-b&b :conflicts 88 :decisions 117 :propagations 4918 :clauses 219 :learned 219)
(nlsat :conflicts 3 :decisions 0 :propagations 76 :clauses 212 :learned 3)
(nlsat-b&b :conflicts 19 :decisions 0 :propagations 540 :clauses 212 :learned 19)
(nlsat-b&b :conflicts 36 :decisions 8 :propagations 1221 :clauses 212 :learned 72)
(nlsat-b&b :conflicts 60 :decisions 28 :propagations 2920 :clauses 212 :learned 132)
(nlsat-b&b :conflicts 66 :decisions 41 :propagations 3640 :clauses 212 :learned 174)
(nlsat-b&b :conflicts 75 :decisions 64 :propagations 4722 :clauses 212 :learned 223)
(nlsat-b&b :conflicts 88 :decisions 93 :propagations 6094 :clauses 212 :learned 272)
(nlsat :conflicts 1 :decisions 0 :propagations 85 :clauses 223 :learned 1)
(nlsat :conflicts 8 :decisions 0 :propagations 94 :clauses 215 :learned 8)
(nlsat-b&b :conflicts 18 :decisions 0 :propagations 514 :clauses 215 :learned 18)
(nlsat-b&b :conflicts 37 :decisions 14 :propagations 1254 :clauses 215 :learned 78)
(nlsat-b&b :conflicts 64 :decisions 56 :propagations 3132 :clauses 215 :learned 141)
(nlsat-b&b :conflicts 71 :decisions 77 :propagations 3841 :clauses 215 :learned 184)
(nlsat-b&b :conflicts 80 :decisions 105 :propagations 4684 :clauses 215 :learned 233)
(nlsat :conflicts 1 :decisions 0 :propagations 85 :clauses 221 :learned 1)
(nlsat-b&b :conflicts 16 :decisions 0 :propagations 515 :clauses 221 :learned 16)
(nlsat-b&b :conflicts 41 :decisions 27 :propagations 1475 :clauses 221 :learned 76)
(nlsat-b&b :conflicts 61 :decisions 77 :propagations 2586 :clauses 221 :learned 143)
(nlsat-b&b :conflicts 89 :decisions 152 :propagations 4278 :clauses 221 :learned 207)
(nlsat :conflicts 1 :decisions 0 :propagations 100 :clauses 234 :learned 1)
(nlsat-b&b :conflicts 22 :decisions 0 :propagations 657 :clauses 234 :learned 22)
(nlsat :conflicts 1 :decisions 0 :propagations 95 :clauses 229 :learned 1)
(nlsat-b&b :conflicts 22 :decisions 0 :propagations 632 :clauses 229 :learned 22)
(nlsat :conflicts 1 :decisions 0 :propagations 87 :clauses 214 :learned 1)
(nlsat-b&b :conflicts 17 :decisions 0 :propagations 487 :clauses 214 :learned 17)
(nlsat-b&b :conflicts 35 :decisions 10 :propagations 1158 :clauses 214 :learned 71)
(nlsat-b&b :conflicts 56 :decisions 36 :propagations 2370 :clauses 214 :learned 128)
(nlsat-b&b :conflicts 63 :decisions 53 :propagations 3072 :clauses 214 :learned 171)
(nlsat-b&b :conflicts 81 :decisions 94 :propagations 4751 :clauses 214 :learned 215)
(nlsat :conflicts 3 :decisions 0 :propagations 31 :clauses 215 :learned 3)
(nlsat :conflicts 1 :decisions 0 :propagations 80 :clauses 215 :learned 1)
(nlsat-b&b :conflicts 19 :decisions 0 :propagations 536 :clauses 215 :learned 19)
(nlsat-b&b :conflicts 42 :decisions 21 :propagations 1477 :clauses 215 :learned 79)
(nlsat-b&b :conflicts 62 :decisions 56 :propagations 2717 :clauses 215 :learned 136)
(nlsat-b&b :conflicts 70 :decisions 79 :propagations 3503 :clauses 215 :learned 181)
(nlsat-b&b :conflicts 88 :decisions 139 :propagations 4834 :clauses 215 :learned 224)
(nlsat :conflicts 1 :decisions 0 :propagations 95 :clauses 229 :learned 1)
(nlsat-b&b :conflicts 23 :decisions 2 :propagations 664 :clauses 229 :learned 23)
(nlsat-b&b :conflicts 40 :decisions 19 :propagations 1421 :clauses 229 :learned 78)
(nlsat-b&b :conflicts 66 :decisions 63 :propagations 2939 :clauses 229 :learned 148)
(nlsat :conflicts 1 :decisions 0 :propagations 85 :clauses 218 :learned 1)
(nlsat-b&b :conflicts 27 :decisions 2 :propagations 671 :clauses 218 :learned 27)
(nlsat-b&b :conflicts 63 :decisions 36 :propagations 2315 :clauses 218 :learned 127)
(nlsat-b&b :conflicts 86 :decisions 83 :propagations 3784 :clauses 218 :learned 188)
(nlsat :conflicts 1 :decisions 0 :propagations 87 :clauses 222 :learned 1)
(nlsat-b&b :conflicts 25 :decisions 2 :propagations 658 :clauses 222 :learned 25)
(nlsat-b&b :conflicts 45 :decisions 20 :propagations 1593 :clauses 222 :learned 94)
(nlsat :conflicts 1 :decisions 0 :propagations 86 :clauses 221 :learned 1)
(nlsat-b&b :conflicts 14 :decisions 0 :propagations 442 :clauses 221 :learned 14)
(nlsat-b&b :conflicts 32 :decisions 13 :propagations 1263 :clauses 221 :learned 75)
(nlsat :conflicts 1 :decisions 0 :propagations 85 :clauses 220 :learned 1)
(nlsat-b&b :conflicts 25 :decisions 2 :propagations 648 :clauses 220 :learned 25)
(nlsat-b&b :conflicts 39 :decisions 13 :propagations 1362 :clauses 220 :learned 93)
(nlsat :conflicts 1 :decisions 0 :propagations 78 :clauses 215 :learned 1)
(nlsat-b&b :conflicts 20 :decisions 0 :propagations 595 :clauses 215 :learned 20)
(nlsat-b&b :conflicts 51 :decisions 26 :propagations 2028 :clauses 215 :learned 105)
(nlsat-b&b :conflicts 69 :decisions 55 :propagations 3035 :clauses 215 :learned 159)
(nlsat-b&b :conflicts 77 :decisions 77 :propagations 3841 :clauses 215 :learned 200)
(nlsat-b&b :conflicts 93 :decisions 119 :propagations 5280 :clauses 215 :learned 252)
(nlsat :conflicts 1 :decisions 0 :propagations 88 :clauses 230 :learned 1)
(nlsat :conflicts 1 :decisions 0 :propagations 86 :clauses 228 :learned 1)
(nlsat :conflicts 1 :decisions 0 :propagations 87 :clauses 216 :learned 1)
(nlsat-b&b :conflicts 23 :decisions 1 :propagations 636 :clauses 216 :learned 23)
(nlsat-b&b :conflicts 51 :decisions 31 :propagations 2000 :clauses 216 :learned 99)
(nlsat-b&b :conflicts 58 :decisions 52 :propagations 2478 :clauses 216 :learned 143)
(nlsat-b&b :conflicts 70 :decisions 81 :propagations 3266 :clauses 216 :learned 189)
(nlsat-b&b :conflicts 75 :decisions 107 :propagations 3807 :clauses 216 :learned 226)
(nlsat-b&b :conflicts 83 :decisions 137 :propagations 4521 :clauses 216 :learned 268)
(nlsat-b&b :conflicts 90 :decisions 173 :propagations 5189 :clauses 216 :learned 308)
(nlsat :conflicts 1 :decisions 0 :propagations 99 :clauses 242 :learned 1)
(nlsat-b&b :conflicts 21 :decisions 2 :propagations 658 :clauses 242 :learned 21)
(nlsat-b&b :conflicts 50 :decisions 14 :propagations 1850 :clauses 242 :learned 86)
(nlsat-b&b :conflicts 54 :decisions 26 :propagations 2235 :clauses 242 :learned 123)
(nlsat-b&b :conflicts 68 :decisions 53 :propagations 3259 :clauses 242 :learned 177)
(nlsat-b&b :conflicts 73 :decisions 71 :propagations 3759 :clauses 242 :learned 214)
(nlsat-b&b :conflicts 83 :decisions 103 :propagations 4877 :clauses 242 :learned 260)
(nlsat-b&b :conflicts 92 :decisions 132 :propagations 5574 :clauses 242 :learned 301)
(nlsat :conflicts 1 :decisions 0 :propagations 110 :clauses 259 :learned 1)
(nlsat-b&b :conflicts 35 :decisions 2 :propagations 906 :clauses 259 :learned 35)
(nlsat-b&b :conflicts 51 :decisions 12 :propagations 1927 :clauses 259 :learned 89)
(nlsat-b&b :conflicts 57 :decisions 23 :propagations 2372 :clauses 259 :learned 135)
(nlsat-b&b :conflicts 71 :decisions 48 :propagations 3484 :clauses 259 :learned 187)
(nlsat-b&b :conflicts 78 :decisions 68 :propagations 4315 :clauses 259 :learned 233)
(nlsat-b&b :conflicts 89 :decisions 98 :propagations 5286 :clauses 259 :learned 285)
(nlsat-b&b :conflicts 96 :decisions 121 :propagations 6002 :clauses 259 :learned 329)
(nlsat :conflicts 6 :decisions 0 :propagations 124 :clauses 275 :learned 6)
(nlsat-b&b :conflicts 19 :decisions 2 :propagations 756 :clauses 275 :learned 19)
(nlsat-b&b :conflicts 49 :decisions 18 :propagations 2071 :clauses 275 :learned 91)
(nlsat-b&b :conflicts 51 :decisions 29 :propagations 2493 :clauses 275 :learned 130)
(nlsat-b&b :conflicts 65 :decisions 54 :propagations 3453 :clauses 275 :learned 190)
(nlsat-b&b :conflicts 75 :decisions 79 :propagations 4257 :clauses 275 :learned 236)
(nlsat :conflicts 1 :decisions 0 :propagations 85 :clauses 224 :learned 1)
(nlsat-b&b :conflicts 26 :decisions 2 :propagations 642 :clauses 224 :learned 26)
(nlsat-b&b :conflicts 47 :decisions 25 :propagations 1555 :clauses 224 :learned 90)
(nlsat-b&b :conflicts 69 :decisions 65 :propagations 2531 :clauses 224 :learned 155)
(nlsat :conflicts 1 :decisions 0 :propagations 84 :clauses 223 :learned 1)
(nlsat-b&b :conflicts 20 :decisions 1 :propagations 539 :clauses 223 :learned 20)
(nlsat-b&b :conflicts 41 :decisions 19 :propagations 1548 :clauses 223 :learned 81)
(nlsat-b&b :conflicts 54 :decisions 38 :propagations 2466 :clauses 223 :learned 133)
(nlsat-b&b :conflicts 64 :decisions 60 :propagations 3311 :clauses 223 :learned 181)
(nlsat-b&b :conflicts 74 :decisions 83 :propagations 4246 :clauses 223 :learned 229)
(nlsat-b&b :conflicts 82 :decisions 109 :propagations 5051 :clauses 223 :learned 275)
(nlsat-b&b :conflicts 92 :decisions 140 :propagations 6177 :clauses 223 :learned 317)
(nlsat :conflicts 1 :decisions 0 :propagations 93 :clauses 232 :learned 1)
(nlsat-b&b :conflicts 20 :decisions 1 :propagations 583 :clauses 232 :learned 20)
(nlsat-b&b :conflicts 45 :decisions 19 :propagations 1865 :clauses 232 :learned 90)
(nlsat-b&b :conflicts 61 :decisions 40 :propagations 3079 :clauses 232 :learned 166)
(nlsat :conflicts 1 :decisions 0 :propagations 99 :clauses 240 :learned 1)
(nlsat-b&b :conflicts 21 :decisions 1 :propagations 611 :clauses 240 :learned 21)
(nlsat-b&b :conflicts 74 :decisions 43 :propagations 2532 :clauses 240 :learned 119)
(nlsat :conflicts 1 :decisions 0 :propagations 33 :clauses 225 :learned 1)
(nlsat-b&b :conflicts 21 :decisions 1 :propagations 567 :clauses 225 :learned 21)
ramon: poll                 wall=1.000s usage=0.954s mem=72936KiB load=0.95 rootload=0.93
(nlsat-b&b :conflicts 45 :decisions 23 :propagations 1614 :clauses 225 :learned 90)
(nlsat-b&b :conflicts 77 :decisions 56 :propagations 3196 :clauses 225 :learned 175)
(nlsat :conflicts 1 :decisions 0 :propagations 85 :clauses 224 :learned 1)
(nlsat-b&b :conflicts 21 :decisions 1 :propagations 552 :clauses 224 :learned 21)
(nlsat-b&b :conflicts 45 :decisions 28 :propagations 1701 :clauses 224 :learned 90)
(nlsat-b&b :conflicts 57 :decisions 51 :propagations 2722 :clauses 224 :learned 141)
(nlsat-b&b :conflicts 65 :decisions 68 :propagations 3468 :clauses 224 :learned 183)
(nlsat-b&b :conflicts 94 :decisions 120 :propagations 5086 :clauses 224 :learned 246)
(nlsat :conflicts 1 :decisions 0 :propagations 81 :clauses 222 :learned 1)
(nlsat :conflicts 1 :decisions 0 :propagations 23 :clauses 213 :learned 1)
(nlsat :conflicts 1 :decisions 0 :propagations 23 :clauses 212 :learned 1)
(nlsat :conflicts 1 :decisions 0 :propagations 35 :clauses 210 :learned 1)
(nlsat :conflicts 1 :decisions 0 :propagations 73 :clauses 210 :learned 1)
(nlsat-b&b :conflicts 28 :decisions 1 :propagations 660 :clauses 210 :learned 28)
(nlsat-b&b :conflicts 49 :decisions 21 :propagations 1864 :clauses 210 :learned 96)
(nlsat-b&b :conflicts 60 :decisions 39 :propagations 2617 :clauses 210 :learned 137)
(nlsat-b&b :conflicts 80 :decisions 74 :propagations 3733 :clauses 210 :learned 188)
(nlsat-b&b :conflicts 86 :decisions 101 :propagations 4522 :clauses 210 :learned 224)
(nlsat-b&b :conflicts 99 :decisions 139 :propagations 5397 :clauses 210 :learned 261)
(nlsat :conflicts 1 :decisions 0 :propagations 51 :clauses 215 :learned 1)
(nlsat-b&b :conflicts 30 :decisions 1 :propagations 706 :clauses 215 :learned 30)
(nlsat-b&b :conflicts 55 :decisions 30 :propagations 1826 :clauses 215 :learned 108)
(nlsat-b&b :conflicts 69 :decisions 55 :propagations 2633 :clauses 215 :learned 161)
(nlsat-b&b :conflicts 95 :decisions 107 :propagations 4048 :clauses 215 :learned 224)
(nlsat :conflicts 1 :decisions 0 :propagations 75 :clauses 214 :learned 1)
(nlsat :conflicts 1 :decisions 0 :propagations 79 :clauses 211 :learned 1)
(nlsat-b&b :conflicts 29 :decisions 1 :propagations 675 :clauses 211 :learned 29)
(nlsat-b&b :conflicts 51 :decisions 19 :propagations 1824 :clauses 211 :learned 97)
(nlsat-b&b :conflicts 67 :decisions 46 :propagations 2743 :clauses 211 :learned 147)
(nlsat-b&b :conflicts 93 :decisions 91 :propagations 4041 :clauses 211 :learned 205)
(nlsat :conflicts 1 :decisions 0 :propagations 46 :clauses 213 :learned 1)
(nlsat-b&b :conflicts 31 :decisions 1 :propagations 692 :clauses 213 :learned 31)
(nlsat-b&b :conflicts 54 :decisions 21 :propagations 2027 :clauses 213 :learned 105)
(nlsat-b&b :conflicts 69 :decisions 54 :propagations 2885 :clauses 213 :learned 157)
(nlsat-b&b :conflicts 91 :decisions 109 :propagations 4447 :clauses 213 :learned 215)
(nlsat :conflicts 6 :decisions 0 :propagations 85 :clauses 227 :learned 6)
(nlsat-b&b :conflicts 33 :decisions 0 :propagations 807 :clauses 227 :learned 33)
(nlsat :conflicts 1 :decisions 0 :propagations 37 :clauses 213 :learned 1)
(nlsat-b&b :conflicts 32 :decisions 1 :propagations 745 :clauses 213 :learned 32)
(nlsat-b&b :conflicts 56 :decisions 26 :propagations 2149 :clauses 213 :learned 108)
(nlsat-b&b :conflicts 73 :decisions 58 :propagations 3242 :clauses 213 :learned 159)
(nlsat-b&b :conflicts 96 :decisions 111 :propagations 4607 :clauses 213 :learned 217)
(nlsat :conflicts 1 :decisions 0 :propagations 38 :clauses 215 :learned 1)
(nlsat-b&b :conflicts 26 :decisions 1 :propagations 646 :clauses 215 :learned 26)
(nlsat-b&b :conflicts 48 :decisions 21 :propagations 1943 :clauses 215 :learned 99)
(nlsat-b&b :conflicts 62 :decisions 43 :propagations 2638 :clauses 215 :learned 148)
(nlsat-b&b :conflicts 83 :decisions 85 :propagations 3906 :clauses 215 :learned 205)
(nlsat-b&b :conflicts 93 :decisions 121 :propagations 4829 :clauses 215 :learned 250)
(nlsat :conflicts 1 :decisions 0 :propagations 39 :clauses 223 :learned 1)
(nlsat :conflicts 1 :decisions 0 :propagations 46 :clauses 214 :learned 1)
(nlsat-b&b :conflicts 29 :decisions 1 :propagations 706 :clauses 214 :learned 29)
(nlsat-b&b :conflicts 53 :decisions 25 :propagations 1976 :clauses 214 :learned 107)
(nlsat-b&b :conflicts 65 :decisions 47 :propagations 2744 :clauses 214 :learned 156)
(nlsat-b&b :conflicts 89 :decisions 95 :propagations 4054 :clauses 214 :learned 217)
(nlsat-b&b :conflicts 96 :decisions 126 :propagations 4857 :clauses 214 :learned 261)
(nlsat :conflicts 1 :decisions 0 :propagations 95 :clauses 249 :learned 1)
(nlsat-b&b :conflicts 25 :decisions 0 :propagations 780 :clauses 249 :learned 25)
(nlsat :conflicts 1 :decisions 0 :propagations 43 :clauses 221 :learned 1)
(nlsat-b&b :conflicts 30 :decisions 0 :propagations 858 :clauses 221 :learned 30)
(nlsat-b&b :conflicts 55 :decisions 33 :propagations 2450 :clauses 221 :learned 115)
(nlsat-b&b :conflicts 69 :decisions 66 :propagations 3236 :clauses 221 :learned 169)
(nlsat-b&b :conflicts 82 :decisions 97 :propagations 4268 :clauses 221 :learned 223)
(nlsat-b&b :conflicts 94 :decisions 151 :propagations 5452 :clauses 221 :learned 274)
(nlsat :conflicts 1 :decisions 0 :propagations 86 :clauses 218 :learned 1)
(nlsat-b&b :conflicts 23 :decisions 1 :propagations 614 :clauses 218 :learned 23)
(nlsat-b&b :conflicts 44 :decisions 15 :propagations 1890 :clauses 218 :learned 91)
(nlsat-b&b :conflicts 55 :decisions 33 :propagations 2500 :clauses 218 :learned 136)
(nlsat-b&b :conflicts 75 :decisions 67 :propagations 3802 :clauses 218 :learned 186)
(nlsat-b&b :conflicts 84 :decisions 102 :propagations 4699 :clauses 218 :learned 229)
(nlsat-b&b :conflicts 97 :decisions 152 :propagations 6156 :clauses 218 :learned 272)
(nlsat :conflicts 1 :decisions 0 :propagations 44 :clauses 240 :learned 1)
(nlsat-b&b :conflicts 32 :decisions 1 :propagations 865 :clauses 240 :learned 32)
(nlsat-b&b :conflicts 56 :decisions 31 :propagations 2516 :clauses 240 :learned 114)
(nlsat-b&b :conflicts 65 :decisions 48 :propagations 3120 :clauses 240 :learned 158)
(nlsat-b&b :conflicts 82 :decisions 80 :propagations 4354 :clauses 240 :learned 208)
(nlsat-b&b :conflicts 88 :decisions 104 :propagations 4929 :clauses 240 :learned 249)
(nlsat-b&b :conflicts 98 :decisions 141 :propagations 6051 :clauses 240 :learned 292)
(nlsat :conflicts 7 :decisions 0 :propagations 112 :clauses 254 :learned 7)
(nlsat :conflicts 1 :decisions 0 :propagations 41 :clauses 219 :learned 1)
(nlsat-b&b :conflicts 30 :decisions 1 :propagations 779 :clauses 219 :learned 30)
(nlsat-b&b :conflicts 60 :decisions 47 :propagations 2577 :clauses 219 :learned 119)
(nlsat-b&b :conflicts 80 :decisions 93 :propagations 3831 :clauses 219 :learned 183)
(nlsat :conflicts 1 :decisions 0 :propagations 44 :clauses 224 :learned 1)
(nlsat-b&b :conflicts 26 :decisions 1 :propagations 685 :clauses 224 :learned 26)
(nlsat-b&b :conflicts 52 :decisions 37 :propagations 2192 :clauses 224 :learned 102)
(nlsat-b&b :conflicts 63 :decisions 63 :propagations 2844 :clauses 224 :learned 155)
(nlsat-b&b :conflicts 85 :decisions 120 :propagations 4540 :clauses 224 :learned 222)
(nlsat-b&b :conflicts 92 :decisions 153 :propagations 5185 :clauses 224 :learned 271)
(nlsat :conflicts 1 :decisions 0 :propagations 93 :clauses 236 :learned 1)
(nlsat-b&b :conflicts 33 :decisions 0 :propagations 841 :clauses 236 :learned 33)
(nlsat :conflicts 4 :decisions 0 :propagations 95 :clauses 224 :learned 4)
(nlsat-b&b :conflicts 26 :decisions 1 :propagations 713 :clauses 224 :learned 26)
(nlsat-b&b :conflicts 50 :decisions 25 :propagations 1870 :clauses 224 :learned 84)
(nlsat-b&b :conflicts 65 :decisions 51 :propagations 2714 :clauses 224 :learned 134)
(nlsat-b&b :conflicts 90 :decisions 100 :propagations 3854 :clauses 224 :learned 191)
(nlsat :conflicts 1 :decisions 0 :propagations 53 :clauses 237 :learned 1)
(nlsat-b&b :conflicts 32 :decisions 1 :propagations 901 :clauses 237 :learned 32)
(nlsat-b&b :conflicts 55 :decisions 33 :propagations 2436 :clauses 237 :learned 104)
(nlsat-b&b :conflicts 75 :decisions 78 :propagations 3590 :clauses 237 :learned 175)
(smt.stats    0    101   1554   1475   542/288/27     264/0     1    4   57.79)
(nlsat :conflicts 1 :decisions 0 :propagations 38 :clauses 184 :learned 1)
(nlsat-b&b :conflicts 41 :decisions 0 :propagations 603 :clauses 184 :learned 41)
(nlsat :conflicts 5 :decisions 0 :propagations 49 :clauses 174 :learned 5)
(nlsat-b&b :conflicts 27 :decisions 0 :propagations 468 :clauses 174 :learned 27)
(nlsat-b&b :conflicts 49 :decisions 14 :propagations 1593 :clauses 174 :learned 88)
(nlsat-b&b :conflicts 63 :decisions 32 :propagations 2274 :clauses 174 :learned 142)
(nlsat-b&b :conflicts 86 :decisions 69 :propagations 4015 :clauses 174 :learned 221)
(nlsat :conflicts 6 :decisions 0 :propagations 41 :clauses 175 :learned 6)
(nlsat-b&b :conflicts 33 :decisions 0 :propagations 526 :clauses 175 :learned 33)
(nlsat-b&b :conflicts 55 :decisions 11 :propagations 1509 :clauses 175 :learned 97)
(nlsat-b&b :conflicts 69 :decisions 33 :propagations 2188 :clauses 175 :learned 154)
(nlsat-b&b :conflicts 93 :decisions 75 :propagations 3691 :clauses 175 :learned 237)
(nlsat :conflicts 6 :decisions 0 :propagations 53 :clauses 181 :learned 6)
(nlsat-b&b :conflicts 33 :decisions 0 :propagations 519 :clauses 181 :learned 33)
(nlsat-b&b :conflicts 56 :decisions 16 :propagations 1704 :clauses 181 :learned 99)
(nlsat-b&b :conflicts 70 :decisions 38 :propagations 2377 :clauses 181 :learned 156)
(nlsat :conflicts 1 :decisions 0 :propagations 38 :clauses 182 :learned 1)
(nlsat-b&b :conflicts 28 :decisions 0 :propagations 491 :clauses 182 :learned 28)
(nlsat-b&b :conflicts 51 :decisions 21 :propagations 1733 :clauses 182 :learned 96)
(nlsat-b&b :conflicts 65 :decisions 45 :propagations 2515 :clauses 182 :learned 155)
(nlsat-b&b :conflicts 94 :decisions 94 :propagations 4346 :clauses 182 :learned 244)
(nlsat :conflicts 6 :decisions 0 :propagations 45 :clauses 187 :learned 6)
(nlsat-b&b :conflicts 23 :decisions 0 :propagations 430 :clauses 187 :learned 23)
(nlsat-b&b :conflicts 45 :decisions 18 :propagations 1472 :clauses 187 :learned 98)
(nlsat-b&b :conflicts 59 :decisions 42 :propagations 2204 :clauses 187 :learned 166)
(nlsat-b&b :conflicts 86 :decisions 95 :propagations 4116 :clauses 187 :learned 263)
(nlsat :conflicts 1 :decisions 0 :propagations 74 :clauses 235 :learned 1)
(nlsat-b&b :conflicts 30 :decisions 1 :propagations 723 :clauses 235 :learned 30)
(nlsat-b&b :conflicts 52 :decisions 17 :propagations 2198 :clauses 235 :learned 110)
(nlsat-b&b :conflicts 57 :decisions 31 :propagations 2850 :clauses 235 :learned 153)
(nlsat-b&b :conflicts 70 :decisions 51 :propagations 3769 :clauses 235 :learned 208)
(nlsat-b&b :conflicts 76 :decisions 69 :propagations 4557 :clauses 235 :learned 248)
(nlsat-b&b :conflicts 81 :decisions 91 :propagations 5522 :clauses 235 :learned 288)
(nlsat-b&b :conflicts 91 :decisions 115 :propagations 6498 :clauses 235 :learned 329)
(nlsat-b&b :conflicts 96 :decisions 138 :propagations 7908 :clauses 235 :learned 368)
(nlsat :conflicts 1 :decisions 0 :propagations 44 :clauses 192 :learned 1)
(nlsat-b&b :conflicts 24 :decisions 0 :propagations 491 :clauses 192 :learned 24)
(nlsat-b&b :conflicts 36 :decisions 15 :propagations 1107 :clauses 192 :learned 97)
(nlsat-b&b :conflicts 56 :decisions 47 :propagations 2543 :clauses 192 :learned 178)
(nlsat-b&b :conflicts 76 :decisions 107 :propagations 4069 :clauses 192 :learned 271)
(nlsat-b&b :conflicts 82 :decisions 131 :propagations 4782 :clauses 192 :learned 349)
(nlsat :conflicts 3 :decisions 0 :propagations 33 :clauses 225 :learned 3)
(nlsat :conflicts 1 :decisions 0 :propagations 52 :clauses 207 :learned 1)
(nlsat-b&b :conflicts 26 :decisions 2 :propagations 518 :clauses 207 :learned 26)
(nlsat-b&b :conflicts 49 :decisions 25 :propagations 2240 :clauses 207 :learned 124)
(nlsat-b&b :conflicts 61 :decisions 47 :propagations 3258 :clauses 207 :learned 178)
(nlsat-b&b :conflicts 78 :decisions 83 :propagations 4540 :clauses 207 :learned 248)
(nlsat-b&b :conflicts 92 :decisions 118 :propagations 5662 :clauses 207 :learned 303)
(nlsat :conflicts 1 :decisions 0 :propagations 22 :clauses 193 :learned 1)
(nlsat-b&b :conflicts 28 :decisions 0 :propagations 501 :clauses 193 :learned 28)
(nlsat-b&b :conflicts 52 :decisions 18 :propagations 1856 :clauses 193 :learned 111)
(nlsat-b&b :conflicts 66 :decisions 47 :propagations 2674 :clauses 193 :learned 183)
(nlsat-b&b :conflicts 94 :decisions 107 :propagations 4873 :clauses 193 :learned 290)
(nlsat :conflicts 1 :decisions 0 :propagations 24 :clauses 198 :learned 1)
(nlsat-b&b :conflicts 34 :decisions 0 :propagations 587 :clauses 198 :learned 34)
(nlsat-b&b :conflicts 77 :decisions 35 :propagations 2103 :clauses 198 :learned 131)
(nlsat-b&b :conflicts 89 :decisions 56 :propagations 2698 :clauses 198 :learned 217)
(nlsat :conflicts 1 :decisions 0 :propagations 44 :clauses 205 :learned 1)
(nlsat-b&b :conflicts 25 :decisions 0 :propagations 480 :clauses 205 :learned 25)
(nlsat-b&b :conflicts 41 :decisions 11 :propagations 1048 :clauses 205 :learned 98)
(nlsat-b&b :conflicts 64 :decisions 46 :propagations 2747 :clauses 205 :learned 175)
(nlsat :conflicts 1 :decisions 0 :propagations 55 :clauses 208 :learned 1)
(nlsat-b&b :conflicts 11 :decisions 0 :propagations 357 :clauses 208 :learned 11)
(nlsat-b&b :conflicts 27 :decisions 12 :propagations 1082 :clauses 208 :learned 83)
(nlsat :conflicts 2 :decisions 0 :propagations 50 :clauses 200 :learned 2)
(nlsat-b&b :conflicts 25 :decisions 0 :propagations 474 :clauses 200 :learned 25)
(nlsat-b&b :conflicts 50 :decisions 26 :propagations 1775 :clauses 200 :learned 109)
(nlsat-b&b :conflicts 68 :decisions 56 :propagations 2799 :clauses 200 :learned 186)
(nlsat-b&b :conflicts 85 :decisions 113 :propagations 4168 :clauses 200 :learned 287)
(nlsat :conflicts 6 :decisions 0 :propagations 55 :clauses 215 :learned 6)
(nlsat-b&b :conflicts 20 :decisions 0 :propagations 453 :clauses 215 :learned 20)
(nlsat-b&b :conflicts 57 :decisions 24 :propagations 2612 :clauses 215 :learned 111)
(nlsat-b&b :conflicts 67 :decisions 48 :propagations 3210 :clauses 215 :learned 189)
(nlsat-b&b :conflicts 90 :decisions 94 :propagations 5057 :clauses 215 :learned 282)
(nlsat :conflicts 6 :decisions 0 :propagations 67 :clauses 226 :learned 6)
(nlsat-b&b :conflicts 17 :decisions 0 :propagations 407 :clauses 226 :learned 17)
(nlsat-b&b :conflicts 45 :decisions 21 :propagations 1776 :clauses 226 :learned 103)
(nlsat-b&b :conflicts 61 :decisions 42 :propagations 2758 :clauses 226 :learned 192)
(nlsat-b&b :conflicts 78 :decisions 84 :propagations 4148 :clauses 226 :learned 280)
(nlsat-b&b :conflicts 87 :decisions 117 :propagations 5282 :clauses 226 :learned 345)
(nlsat :conflicts 1 :decisions 0 :propagations 74 :clauses 242 :learned 1)
(nlsat-b&b :conflicts 16 :decisions 0 :propagations 515 :clauses 242 :learned 16)
(nlsat-b&b :conflicts 28 :decisions 9 :propagations 1266 :clauses 242 :learned 82)
(nlsat-b&b :conflicts 39 :decisions 23 :propagations 1955 :clauses 242 :learned 158)
(nlsat-b&b :conflicts 55 :decisions 60 :propagations 3771 :clauses 242 :learned 228)
(nlsat :conflicts 6 :decisions 0 :propagations 56 :clauses 205 :learned 6)
(nlsat-b&b :conflicts 21 :decisions 0 :propagations 405 :clauses 205 :learned 21)
(nlsat-b&b :conflicts 54 :decisions 30 :propagations 2556 :clauses 205 :learned 113)
(nlsat-b&b :conflicts 71 :decisions 70 :propagations 3854 :clauses 205 :learned 204)
(nlsat-b&b :conflicts 89 :decisions 117 :propagations 6259 :clauses 205 :learned 311)
(nlsat :conflicts 1 :decisions 0 :propagations 30 :clauses 231 :learned 1)
(nlsat-b&b :conflicts 20 :decisions 0 :propagations 472 :clauses 231 :learned 20)
(nlsat-b&b :conflicts 50 :decisions 30 :propagations 2600 :clauses 231 :learned 110)
(nlsat-b&b :conflicts 65 :decisions 69 :propagations 3988 :clauses 231 :learned 204)
(nlsat-b&b :conflicts 90 :decisions 129 :propagations 5642 :clauses 231 :learned 278)
(nlsat :conflicts 1 :decisions 0 :propagations 43 :clauses 269 :learned 1)
(nlsat :conflicts 1 :decisions 0 :propagations 53 :clauses 257 :learned 1)
(nlsat-b&b :conflicts 25 :decisions 0 :propagations 713 :clauses 257 :learned 25)
(nlsat :conflicts 1 :decisions 0 :propagations 35 :clauses 248 :learned 1)
(nlsat-b&b :conflicts 32 :decisions 0 :propagations 786 :clauses 248 :learned 32)
(nlsat :conflicts 1 :decisions 0 :propagations 47 :clauses 212 :learned 1)
(nlsat-b&b :conflicts 21 :decisions 0 :propagations 465 :clauses 212 :learned 21)
(nlsat-b&b :conflicts 37 :decisions 10 :propagations 1132 :clauses 212 :learned 85)
(nlsat-b&b :conflicts 59 :decisions 36 :propagations 2761 :clauses 212 :learned 137)
(nlsat :conflicts 2 :decisions 0 :propagations 53 :clauses 213 :learned 2)
(nlsat-b&b :conflicts 22 :decisions 0 :propagations 464 :clauses 213 :learned 22)
(nlsat-b&b :conflicts 50 :decisions 17 :propagations 1576 :clauses 213 :learned 99)
(nlsat-b&b :conflicts 63 :decisions 38 :propagations 2528 :clauses 213 :learned 160)
(nlsat-b&b :conflicts 80 :decisions 77 :propagations 3458 :clauses 213 :learned 220)
(nlsat-b&b :conflicts 98 :decisions 108 :propagations 4513 :clauses 213 :learned 277)
(nlsat :conflicts 6 :decisions 0 :propagations 61 :clauses 225 :learned 6)
(nlsat-b&b :conflicts 26 :decisions 0 :propagations 550 :clauses 225 :learned 26)
(nlsat :conflicts 1 :decisions 0 :propagations 51 :clauses 214 :learned 1)
(nlsat-b&b :conflicts 20 :decisions 0 :propagations 445 :clauses 214 :learned 20)
(nlsat-b&b :conflicts 36 :decisions 10 :propagations 1177 :clauses 214 :learned 84)
(nlsat-b&b :conflicts 59 :decisions 43 :propagations 2639 :clauses 214 :learned 137)
(nlsat :conflicts 5 :decisions 0 :propagations 55 :clauses 208 :learned 5)
(nlsat-b&b :conflicts 35 :decisions 1 :propagations 635 :clauses 208 :learned 35)
(nlsat-b&b :conflicts 58 :decisions 27 :propagations 2374 :clauses 208 :learned 133)
(nlsat-b&b :conflicts 69 :decisions 50 :propagations 2952 :clauses 208 :learned 182)
(nlsat-b&b :conflicts 88 :decisions 91 :propagations 4524 :clauses 208 :learned 257)
(nlsat-b&b :conflicts 95 :decisions 117 :propagations 5123 :clauses 208 :learned 303)
(nlsat :conflicts 1 :decisions 0 :propagations 65 :clauses 235 :learned 1)
(nlsat-b&b :conflicts 33 :decisions 1 :propagations 690 :clauses 235 :learned 33)
(nlsat-b&b :conflicts 54 :decisions 17 :propagations 2028 :clauses 235 :learned 101)
(nlsat :conflicts 5 :decisions 0 :propagations 57 :clauses 213 :learned 5)
(nlsat-b&b :conflicts 27 :decisions 0 :propagations 597 :clauses 213 :learned 27)
(nlsat-b&b :conflicts 69 :decisions 29 :propagations 2233 :clauses 213 :learned 113)
(nlsat-b&b :conflicts 93 :decisions 75 :propagations 3694 :clauses 213 :learned 235)
(nlsat :conflicts 1 :decisions 0 :propagations 52 :clauses 213 :learned 1)
(nlsat-b&b :conflicts 22 :decisions 1 :propagations 501 :clauses 213 :learned 22)
(nlsat-b&b :conflicts 46 :decisions 23 :propagations 2002 :clauses 213 :learned 105)
(nlsat-b&b :conflicts 56 :decisions 45 :propagations 2558 :clauses 213 :learned 154)
(nlsat-b&b :conflicts 75 :decisions 88 :propagations 4284 :clauses 213 :learned 229)
(nlsat-b&b :conflicts 82 :decisions 116 :propagations 4885 :clauses 213 :learned 277)
(nlsat-b&b :conflicts 92 :decisions 158 :propagations 5945 :clauses 213 :learned 337)
(nlsat :conflicts 4 :decisions 0 :propagations 55 :clauses 213 :learned 4)
(nlsat :conflicts 1 :decisions 0 :propagations 54 :clauses 212 :learned 1)
(nlsat-b&b :conflicts 30 :decisions 1 :propagations 615 :clauses 212 :learned 30)
(nlsat-b&b :conflicts 52 :decisions 19 :propagations 2020 :clauses 212 :learned 101)
(nlsat-b&b :conflicts 62 :decisions 37 :propagations 2582 :clauses 212 :learned 147)
(nlsat-b&b :conflicts 95 :decisions 96 :propagations 4953 :clauses 212 :learned 223)
(nlsat :conflicts 1 :decisions 0 :propagations 45 :clauses 214 :learned 1)
(nlsat-b&b :conflicts 28 :decisions 1 :propagations 505 :clauses 214 :learned 28)
(nlsat-b&b :conflicts 53 :decisions 24 :propagations 1822 :clauses 214 :learned 117)
(nlsat-b&b :conflicts 76 :decisions 60 :propagations 3506 :clauses 214 :learned 216)
(nlsat-b&b :conflicts 84 :decisions 93 :propagations 4922 :clauses 214 :learned 280)
(nlsat :conflicts 1 :decisions 0 :propagations 64 :clauses 231 :learned 1)
(nlsat-b&b :conflicts 23 :decisions 0 :propagations 582 :clauses 231 :learned 23)
(nlsat-b&b :conflicts 52 :decisions 35 :propagations 2022 :clauses 231 :learned 114)
(nlsat-b&b :conflicts 99 :decisions 117 :propagations 4475 :clauses 231 :learned 244)
(nlsat :conflicts 6 :decisions 0 :propagations 51 :clauses 219 :learned 6)
(nlsat-b&b :conflicts 23 :decisions 1 :propagations 487 :clauses 219 :learned 23)
(nlsat-b&b :conflicts 49 :decisions 16 :propagations 1711 :clauses 219 :learned 107)
(nlsat-b&b :conflicts 53 :decisions 28 :propagations 2185 :clauses 219 :learned 185)
(nlsat-b&b :conflicts 83 :decisions 55 :propagations 3844 :clauses 219 :learned 254)
(nlsat :conflicts 1 :decisions 0 :propagations 55 :clauses 220 :learned 1)
(nlsat-b&b :conflicts 15 :decisions 0 :propagations 427 :clauses 220 :learned 15)
(nlsat-b&b :conflicts 35 :decisions 14 :propagations 1209 :clauses 220 :learned 97)
(nlsat-b&b :conflicts 80 :decisions 76 :propagations 3115 :clauses 220 :learned 204)
(nlsat-b&b :conflicts 87 :decisions 101 :propagations 3773 :clauses 220 :learned 264)
(nlsat :conflicts 10 :decisions 0 :propagations 69 :clauses 238 :learned 10)
(nlsat-b&b :conflicts 21 :decisions 0 :propagations 476 :clauses 238 :learned 21)
(nlsat-b&b :conflicts 68 :decisions 54 :propagations 3327 :clauses 238 :learned 144)
(nlsat-b&b :conflicts 91 :decisions 106 :propagations 5470 :clauses 238 :learned 251)
(nlsat :conflicts 2 :decisions 0 :propagations 24 :clauses 223 :learned 2)
(nlsat-b&b :conflicts 35 :decisions 0 :propagations 694 :clauses 223 :learned 35)
(nlsat-b&b :conflicts 76 :decisions 47 :propagations 2615 :clauses 223 :learned 158)
(nlsat-b&b :conflicts 85 :decisions 67 :propagations 3353 :clauses 223 :learned 212)
(nlsat-b&b :conflicts 91 :decisions 92 :propagations 3982 :clauses 223 :learned 278)
(nlsat-b&b :conflicts 98 :decisions 121 :propagations 4882 :clauses 223 :learned 341)
(nlsat :conflicts 2 :decisions 0 :propagations 54 :clauses 227 :learned 2)
(nlsat-b&b :conflicts 29 :decisions 0 :propagations 596 :clauses 227 :learned 29)
(nlsat-b&b :conflicts 64 :decisions 30 :propagations 2500 :clauses 227 :learned 141)
(nlsat-b&b :conflicts 74 :decisions 49 :propagations 3284 :clauses 227 :learned 195)
(nlsat-b&b :conflicts 86 :decisions 76 :propagations 4489 :clauses 227 :learned 265)
(nlsat :conflicts 1 :decisions 0 :propagations 59 :clauses 255 :learned 1)
(nlsat-b&b :conflicts 14 :decisions 1 :propagations 448 :clauses 255 :learned 14)
(nlsat :conflicts 6 :decisions 0 :propagations 45 :clauses 216 :learned 6)
(nlsat-b&b :conflicts 21 :decisions 0 :propagations 455 :clauses 216 :learned 21)
(nlsat-b&b :conflicts 45 :decisions 18 :propagations 2056 :clauses 216 :learned 105)
(nlsat-b&b :conflicts 58 :decisions 36 :propagations 2776 :clauses 216 :learned 194)
(nlsat-b&b :conflicts 98 :decisions 83 :propagations 5682 :clauses 216 :learned 333)
(nlsat :conflicts 1 :decisions 0 :propagations 34 :clauses 269 :learned 1)
(nlsat-b&b :conflicts 39 :decisions 0 :propagations 904 :clauses 269 :learned 39)
(smt.stats    1    202   8516   3498   752/581/27     576/2     1    4   58.17)
(nlsat :conflicts 1 :decisions 0 :propagations 41 :clauses 228 :learned 1)
(nlsat :conflicts 1 :decisions 0 :propagations 44 :clauses 241 :learned 1)
(nlsat :conflicts 1 :decisions 0 :propagations 49 :clauses 242 :learned 1)
(nlsat :conflicts 1 :decisions 0 :propagations 67 :clauses 258 :learned 1)
(nlsat :conflicts 1 :decisions 0 :propagations 62 :clauses 255 :learned 1)
(nlsat :conflicts 6 :decisions 1 :propagations 94 :clauses 251 :learned 6)
(nlsat :conflicts 1 :decisions 0 :propagations 94 :clauses 252 :learned 1)
(nlsat :conflicts 1 :decisions 0 :propagations 56 :clauses 252 :learned 1)
(nlsat :conflicts 6 :decisions 0 :propagations 54 :clauses 248 :learned 6)
(nlsat :conflicts 6 :decisions 0 :propagations 54 :clauses 248 :learned 6)
(nlsat :conflicts 2 :decisions 0 :propagations 52 :clauses 250 :learned 2)
(nlsat :conflicts 1 :decisions 0 :propagations 95 :clauses 248 :learned 1)
(nlsat :conflicts 2 :decisions 0 :propagations 71 :clauses 258 :learned 2)
(nlsat :conflicts 1 :decisions 0 :propagations 60 :clauses 265 :learned 1)
(nlsat :conflicts 6 :decisions 1 :propagations 53 :clauses 266 :learned 6)
(nlsat :conflicts 1 :decisions 0 :propagations 66 :clauses 270 :learned 1)
(nlsat :conflicts 1 :decisions 0 :propagations 41 :clauses 259 :learned 1)
(nlsat :conflicts 1 :decisions 0 :propagations 105 :clauses 261 :learned 1)
(nlsat :conflicts 4 :decisions 0 :propagations 118 :clauses 263 :learned 4)
(smt.stats    2    313  12518   5349   835/790/27    1002/9     1    4   58.21)
(nlsat :conflicts 1 :decisions 0 :propagations 79 :clauses 261 :learned 1)
(nlsat :conflicts 1 :decisions 0 :propagations 59 :clauses 265 :learned 1)
(nlsat :conflicts 1 :decisions 0 :propagations 63 :clauses 266 :learned 1)
(nlsat :conflicts 1 :decisions 0 :propagations 58 :clauses 263 :learned 1)
(nlsat :conflicts 6 :decisions 0 :propagations 44 :clauses 262 :learned 6)
(nlsat :conflicts 1 :decisions 0 :propagations 45 :clauses 254 :learned 1)
(nlsat :conflicts 6 :decisions 0 :propagations 43 :clauses 252 :learned 6)
(nlsat-b&b :conflicts 46 :decisions 1 :propagations 883 :clauses 252 :learned 46)
(nlsat :conflicts 1 :decisions 0 :propagations 58 :clauses 262 :learned 1)
(nlsat-b&b :conflicts 35 :decisions 0 :propagations 977 :clauses 262 :learned 35)
(nlsat :conflicts 1 :decisions 0 :propagations 67 :clauses 266 :learned 1)
(nlsat :conflicts 2 :decisions 0 :propagations 70 :clauses 256 :learned 2)
(nlsat-b&b :conflicts 37 :decisions 0 :propagations 961 :clauses 256 :learned 37)
(nlsat :conflicts 1 :decisions 0 :propagations 54 :clauses 254 :learned 1)
(nlsat-b&b :conflicts 44 :decisions 3 :propagations 1195 :clauses 254 :learned 44)
(nlsat-b&b :conflicts 63 :decisions 17 :propagations 2511 :clauses 254 :learned 110)
(nlsat-b&b :conflicts 86 :decisions 50 :propagations 4195 :clauses 254 :learned 179)
(nlsat :conflicts 1 :decisions 0 :propagations 73 :clauses 253 :learned 1)
(nlsat-b&b :conflicts 30 :decisions 0 :propagations 957 :clauses 253 :learned 30)
(nlsat-b&b :conflicts 52 :decisions 11 :propagations 2670 :clauses 253 :learned 103)
(nlsat-b&b :conflicts 66 :decisions 34 :propagations 3985 :clauses 253 :learned 170)
(nlsat-b&b :conflicts 85 :decisions 77 :propagations 5948 :clauses 253 :learned 243)
(nlsat :conflicts 2 :decisions 0 :propagations 49 :clauses 257 :learned 2)
(nlsat-b&b :conflicts 50 :decisions 1 :propagations 1419 :clauses 257 :learned 50)
(nlsat-b&b :conflicts 77 :decisions 22 :propagations 3355 :clauses 257 :learned 129)
(nlsat-b&b :conflicts 96 :decisions 48 :propagations 4791 :clauses 257 :learned 202)
(nlsat :conflicts 1 :decisions 0 :propagations 28 :clauses 302 :learned 1)
(nlsat :conflicts 1 :decisions 0 :propagations 59 :clauses 298 :learned 1)
(nlsat :conflicts 1 :decisions 0 :propagations 63 :clauses 299 :learned 1)
(nlsat-b&b :conflicts 29 :decisions 0 :propagations 957 :clauses 299 :learned 29)
(nlsat-b&b :conflicts 56 :decisions 25 :propagations 2607 :clauses 299 :learned 120)
(nlsat-b&b :conflicts 75 :decisions 80 :propagations 4660 :clauses 299 :learned 221)
(nlsat-b&b :conflicts 98 :decisions 160 :propagations 7360 :clauses 299 :learned 306)
(nlsat :conflicts 1 :decisions 0 :propagations 72 :clauses 310 :learned 1)
(nlsat-b&b :conflicts 35 :decisions 0 :propagations 1244 :clauses 310 :learned 35)
(nlsat-b&b :conflicts 57 :decisions 19 :propagations 2950 :clauses 310 :learned 122)
(nlsat-b&b :conflicts 80 :decisions 84 :propagations 5198 :clauses 310 :learned 230)
(nlsat-b&b :conflicts 96 :decisions 137 :propagations 7005 :clauses 310 :learned 313)
(nlsat :conflicts 1 :decisions 0 :propagations 75 :clauses 343 :learned 1)
(nlsat-b&b :conflicts 34 :decisions 1 :propagations 1248 :clauses 343 :learned 34)
(nlsat :conflicts 1 :decisions 0 :propagations 62 :clauses 279 :learned 1)
(nlsat-b&b :conflicts 40 :decisions 1 :propagations 1017 :clauses 279 :learned 40)
(nlsat :conflicts 1 :decisions 0 :propagations 41 :clauses 259 :learned 1)
(nlsat-b&b :conflicts 29 :decisions 3 :propagations 751 :clauses 259 :learned 29)
(nlsat-b&b :conflicts 55 :decisions 23 :propagations 2593 :clauses 259 :learned 104)
(nlsat-b&b :conflicts 72 :decisions 49 :propagations 3835 :clauses 259 :learned 171)
(nlsat-b&b :conflicts 96 :decisions 92 :propagations 5656 :clauses 259 :learned 245)
(nlsat :conflicts 1 :decisions 0 :propagations 45 :clauses 261 :learned 1)
(nlsat-b&b :conflicts 24 :decisions 0 :propagations 750 :clauses 261 :learned 24)
(nlsat-b&b :conflicts 45 :decisions 21 :propagations 2231 :clauses 261 :learned 95)
(nlsat-b&b :conflicts 57 :decisions 42 :propagations 2969 :clauses 261 :learned 160)
(nlsat-b&b :conflicts 83 :decisions 103 :propagations 5143 :clauses 261 :learned 239)
(nlsat :conflicts 1 :decisions 0 :propagations 71 :clauses 259 :learned 1)
(nlsat-b&b :conflicts 22 :decisions 0 :propagations 715 :clauses 259 :learned 22)
(nlsat-b&b :conflicts 45 :decisions 19 :propagations 2235 :clauses 259 :learned 94)
(nlsat-b&b :conflicts 57 :decisions 38 :propagations 3023 :clauses 259 :learned 158)
(nlsat-b&b :conflicts 78 :decisions 86 :propagations 4730 :clauses 259 :learned 231)
(nlsat-b&b :conflicts 97 :decisions 127 :propagations 6239 :clauses 259 :learned 324)
(nlsat :conflicts 1 :decisions 0 :propagations 43 :clauses 263 :learned 1)
(nlsat-b&b :conflicts 35 :decisions 0 :propagations 925 :clauses 263 :learned 35)
(nlsat-b&b :conflicts 58 :decisions 21 :propagations 2540 :clauses 263 :learned 107)
(nlsat-b&b :conflicts 69 :decisions 41 :propagations 3269 :clauses 263 :learned 170)
(nlsat-b&b :conflicts 96 :decisions 99 :propagations 5630 :clauses 263 :learned 249)
(nlsat :conflicts 1 :decisions 0 :propagations 58 :clauses 279 :learned 1)
(nlsat-b&b :conflicts 33 :decisions 0 :propagations 1066 :clauses 279 :learned 33)
(nlsat-b&b :conflicts 53 :decisions 24 :propagations 2569 :clauses 279 :learned 111)
(nlsat-b&b :conflicts 64 :decisions 49 :propagations 3362 :clauses 279 :learned 181)
(nlsat-b&b :conflicts 90 :decisions 111 :propagations 5742 :clauses 279 :learned 266)
(nlsat :conflicts 1 :decisions 0 :propagations 42 :clauses 327 :learned 1)
(nlsat :conflicts 1 :decisions 0 :propagations 41 :clauses 326 :learned 1)
(nlsat-b&b :conflicts 48 :decisions 4 :propagations 1382 :clauses 326 :learned 48)
(nlsat-b&b :conflicts 80 :decisions 23 :propagations 3525 :clauses 326 :learned 152)
ramon: poll                 wall=2.002s usage=1.955s mem=72968KiB load=1.00 rootload=1.00
(nlsat :conflicts 1 :decisions 0 :propagations 45 :clauses 374 :learned 1)
(nlsat :conflicts 1 :decisions 0 :propagations 40 :clauses 373 :learned 1)
(nlsat-b&b :conflicts 52 :decisions 2 :propagations 1609 :clauses 373 :learned 52)
(nlsat :conflicts 1 :decisions 0 :propagations 45 :clauses 366 :learned 1)
(nlsat :conflicts 1 :decisions 0 :propagations 45 :clauses 367 :learned 1)
(nlsat :conflicts 1 :decisions 0 :propagations 69 :clauses 347 :learned 1)
(nlsat-b&b :conflicts 67 :decisions 6 :propagations 1739 :clauses 347 :learned 67)
(nlsat :conflicts 1 :decisions 0 :propagations 40 :clauses 281 :learned 1)
(nlsat-b&b :conflicts 22 :decisions 0 :propagations 610 :clauses 281 :learned 22)
(nlsat-b&b :conflicts 50 :decisions 25 :propagations 2446 :clauses 281 :learned 112)
(nlsat-b&b :conflicts 66 :decisions 64 :propagations 4216 :clauses 281 :learned 215)
(nlsat-b&b :conflicts 72 :decisions 94 :propagations 5497 :clauses 281 :learned 281)
(nlsat-b&b :conflicts 78 :decisions 125 :propagations 6311 :clauses 281 :learned 323)
(nlsat-b&b :conflicts 88 :decisions 156 :propagations 7188 :clauses 281 :learned 372)
(nlsat :conflicts 1 :decisions 0 :propagations 41 :clauses 283 :learned 1)
(nlsat-b&b :conflicts 18 :decisions 0 :propagations 549 :clauses 283 :learned 18)
(nlsat-b&b :conflicts 43 :decisions 17 :propagations 2288 :clauses 283 :learned 106)
(nlsat-b&b :conflicts 59 :decisions 47 :propagations 3931 :clauses 283 :learned 209)
(nlsat-b&b :conflicts 66 :decisions 75 :propagations 5395 :clauses 283 :learned 276)
(nlsat-b&b :conflicts 72 :decisions 105 :propagations 6255 :clauses 283 :learned 316)
(nlsat-b&b :conflicts 82 :decisions 136 :propagations 7160 :clauses 283 :learned 366)
(nlsat-b&b :conflicts 98 :decisions 196 :propagations 9060 :clauses 283 :learned 422)
(nlsat :conflicts 2 :decisions 0 :propagations 28 :clauses 285 :learned 2)
(nlsat-b&b :conflicts 21 :decisions 0 :propagations 585 :clauses 285 :learned 21)
(nlsat-b&b :conflicts 57 :decisions 43 :propagations 3289 :clauses 285 :learned 123)
(nlsat-b&b :conflicts 74 :decisions 86 :propagations 5197 :clauses 285 :learned 231)
(nlsat-b&b :conflicts 80 :decisions 118 :propagations 6401 :clauses 285 :learned 301)
(nlsat-b&b :conflicts 86 :decisions 151 :propagations 7307 :clauses 285 :learned 343)
(nlsat-b&b :conflicts 96 :decisions 184 :propagations 8246 :clauses 285 :learned 392)
(nlsat :conflicts 5 :decisions 0 :propagations 93 :clauses 328 :learned 5)
(nlsat-b&b :conflicts 41 :decisions 2 :propagations 959 :clauses 328 :learned 41)
(nlsat-b&b :conflicts 80 :decisions 25 :propagations 2808 :clauses 328 :learned 143)
(nlsat :conflicts 1 :decisions 0 :propagations 67 :clauses 331 :learned 1)
(nlsat-b&b :conflicts 44 :decisions 2 :propagations 1177 :clauses 331 :learned 44)
(nlsat :conflicts 1 :decisions 0 :propagations 38 :clauses 286 :learned 1)
(nlsat-b&b :conflicts 19 :decisions 0 :propagations 504 :clauses 286 :learned 19)
(nlsat-b&b :conflicts 49 :decisions 18 :propagations 1992 :clauses 286 :learned 113)
(nlsat-b&b :conflicts 64 :decisions 48 :propagations 3607 :clauses 286 :learned 217)
(nlsat-b&b :conflicts 70 :decisions 72 :propagations 4534 :clauses 286 :learned 285)
(nlsat-b&b :conflicts 76 :decisions 98 :propagations 5341 :clauses 286 :learned 327)
(nlsat-b&b :conflicts 86 :decisions 126 :propagations 6209 :clauses 286 :learned 378)
(nlsat :conflicts 1 :decisions 0 :propagations 32 :clauses 321 :learned 1)
(nlsat :conflicts 1 :decisions 0 :propagations 41 :clauses 288 :learned 1)
(nlsat-b&b :conflicts 19 :decisions 0 :propagations 531 :clauses 288 :learned 19)
(nlsat-b&b :conflicts 48 :decisions 21 :propagations 2048 :clauses 288 :learned 113)
(nlsat-b&b :conflicts 64 :decisions 51 :propagations 3828 :clauses 288 :learned 219)
(nlsat-b&b :conflicts 72 :decisions 75 :propagations 5010 :clauses 288 :learned 290)
(nlsat-b&b :conflicts 81 :decisions 103 :propagations 5878 :clauses 288 :learned 335)
(nlsat-b&b :conflicts 92 :decisions 130 :propagations 6808 :clauses 288 :learned 387)
(nlsat :conflicts 1 :decisions 0 :propagations 51 :clauses 319 :learned 1)
(nlsat-b&b :conflicts 32 :decisions 1 :propagations 834 :clauses 319 :learned 32)
(nlsat :conflicts 1 :decisions 0 :propagations 40 :clauses 300 :learned 1)
(nlsat-b&b :conflicts 22 :decisions 1 :propagations 617 :clauses 300 :learned 22)
(nlsat :conflicts 1 :decisions 0 :propagations 43 :clauses 290 :learned 1)
(nlsat-b&b :conflicts 19 :decisions 0 :propagations 529 :clauses 290 :learned 19)
(nlsat-b&b :conflicts 55 :decisions 32 :propagations 2759 :clauses 290 :learned 120)
(nlsat-b&b :conflicts 65 :decisions 51 :propagations 3649 :clauses 290 :learned 195)
(nlsat-b&b :conflicts 73 :decisions 74 :propagations 4395 :clauses 290 :learned 244)
(nlsat-b&b :conflicts 92 :decisions 123 :propagations 6501 :clauses 290 :learned 304)
(nlsat :conflicts 1 :decisions 0 :propagations 38 :clauses 285 :learned 1)
(nlsat :conflicts 1 :decisions 0 :propagations 36 :clauses 277 :learned 1)
(nlsat-b&b :conflicts 41 :decisions 2 :propagations 781 :clauses 277 :learned 41)
(nlsat-b&b :conflicts 69 :decisions 20 :propagations 2471 :clauses 277 :learned 136)
(nlsat-b&b :conflicts 98 :decisions 76 :propagations 4800 :clauses 277 :learned 254)
(nlsat :conflicts 1 :decisions 0 :propagations 38 :clauses 276 :learned 1)
(nlsat-b&b :conflicts 29 :decisions 3 :propagations 582 :clauses 276 :learned 29)
(nlsat-b&b :conflicts 54 :decisions 24 :propagations 2210 :clauses 276 :learned 117)
(nlsat-b&b :conflicts 83 :decisions 78 :propagations 4702 :clauses 276 :learned 232)
(nlsat :conflicts 1 :decisions 0 :propagations 35 :clauses 292 :learned 1)
(nlsat-b&b :conflicts 40 :decisions 3 :propagations 833 :clauses 292 :learned 40)
(nlsat :conflicts 1 :decisions 0 :propagations 39 :clauses 279 :learned 1)
(nlsat-b&b :conflicts 37 :decisions 3 :propagations 714 :clauses 279 :learned 37)
(nlsat-b&b :conflicts 56 :decisions 18 :propagations 1700 :clauses 279 :learned 120)
(nlsat-b&b :conflicts 70 :decisions 48 :propagations 3030 :clauses 279 :learned 177)
(nlsat :conflicts 1 :decisions 0 :propagations 42 :clauses 278 :learned 1)
(nlsat-b&b :conflicts 40 :decisions 2 :propagations 722 :clauses 278 :learned 40)
(nlsat-b&b :conflicts 74 :decisions 27 :propagations 2978 :clauses 278 :learned 138)
(nlsat-b&b :conflicts 85 :decisions 49 :propagations 4036 :clauses 278 :learned 212)
(nlsat :conflicts 1 :decisions 0 :propagations 41 :clauses 277 :learned 1)
(nlsat-b&b :conflicts 42 :decisions 3 :propagations 761 :clauses 277 :learned 42)
(nlsat-b&b :conflicts 75 :decisions 24 :propagations 2463 :clauses 277 :learned 139)
(nlsat-b&b :conflicts 94 :decisions 57 :propagations 3738 :clauses 277 :learned 248)
(nlsat :conflicts 1 :decisions 0 :propagations 36 :clauses 302 :learned 1)
(nlsat :conflicts 2 :decisions 0 :propagations 35 :clauses 301 :learned 2)
(nlsat :conflicts 1 :decisions 0 :propagations 56 :clauses 301 :learned 1)
(nlsat-b&b :conflicts 34 :decisions 3 :propagations 780 :clauses 301 :learned 34)
(nlsat :conflicts 1 :decisions 0 :propagations 46 :clauses 286 :learned 1)
(nlsat-b&b :conflicts 32 :decisions 3 :propagations 691 :clauses 286 :learned 32)
(nlsat-b&b :conflicts 66 :decisions 29 :propagations 2293 :clauses 286 :learned 132)
(nlsat-b&b :conflicts 92 :decisions 64 :propagations 3755 :clauses 286 :learned 225)
(nlsat :conflicts 1 :decisions 0 :propagations 43 :clauses 289 :learned 1)
(nlsat-b&b :conflicts 33 :decisions 3 :propagations 740 :clauses 289 :learned 33)
(nlsat-b&b :conflicts 69 :decisions 28 :propagations 2828 :clauses 289 :learned 136)
(nlsat-b&b :conflicts 98 :decisions 66 :propagations 4411 :clauses 289 :learned 232)
(nlsat :conflicts 1 :decisions 0 :propagations 45 :clauses 290 :learned 1)
(nlsat-b&b :conflicts 32 :decisions 3 :propagations 747 :clauses 290 :learned 32)
(nlsat-b&b :conflicts 66 :decisions 27 :propagations 2707 :clauses 290 :learned 133)
(nlsat-b&b :conflicts 92 :decisions 60 :propagations 4248 :clauses 290 :learned 227)
(nlsat :conflicts 1 :decisions 0 :propagations 42 :clauses 290 :learned 1)
(nlsat-b&b :conflicts 18 :decisions 0 :propagations 526 :clauses 290 :learned 18)
(nlsat-b&b :conflicts 40 :decisions 10 :propagations 1803 :clauses 290 :learned 105)
(nlsat-b&b :conflicts 62 :decisions 39 :propagations 3536 :clauses 290 :learned 196)
(nlsat-b&b :conflicts 80 :decisions 69 :propagations 4796 :clauses 290 :learned 277)
(nlsat-b&b :conflicts 98 :decisions 101 :propagations 6270 :clauses 290 :learned 353)
(nlsat :conflicts 1 :decisions 0 :propagations 59 :clauses 330 :learned 1)
(nlsat :conflicts 1 :decisions 0 :propagations 43 :clauses 288 :learned 1)
(nlsat-b&b :conflicts 20 :decisions 0 :propagations 544 :clauses 288 :learned 20)
(nlsat-b&b :conflicts 43 :decisions 13 :propagations 2227 :clauses 288 :learned 109)
(nlsat-b&b :conflicts 64 :decisions 38 :propagations 3678 :clauses 288 :learned 197)
(nlsat-b&b :conflicts 81 :decisions 64 :propagations 5037 :clauses 288 :learned 275)
(nlsat-b&b :conflicts 99 :decisions 92 :propagations 6212 :clauses 288 :learned 353)
(nlsat :conflicts 1 :decisions 0 :propagations 67 :clauses 292 :learned 1)
(nlsat-b&b :conflicts 22 :decisions 0 :propagations 589 :clauses 292 :learned 22)
(nlsat-b&b :conflicts 45 :decisions 7 :propagations 2214 :clauses 292 :learned 100)
(nlsat-b&b :conflicts 64 :decisions 28 :propagations 3495 :clauses 292 :learned 184)
(nlsat-b&b :conflicts 82 :decisions 52 :propagations 5072 :clauses 292 :learned 252)
(nlsat-b&b :conflicts 99 :decisions 72 :propagations 6519 :clauses 292 :learned 326)
(nlsat :conflicts 1 :decisions 0 :propagations 39 :clauses 285 :learned 1)
(nlsat-b&b :conflicts 32 :decisions 1 :propagations 706 :clauses 285 :learned 32)
(nlsat-b&b :conflicts 60 :decisions 26 :propagations 2716 :clauses 285 :learned 128)
(nlsat-b&b :conflicts 79 :decisions 59 :propagations 4243 :clauses 285 :learned 215)
(nlsat-b&b :conflicts 84 :decisions 79 :propagations 4929 :clauses 285 :learned 277)
(nlsat-b&b :conflicts 89 :decisions 100 :propagations 6100 :clauses 285 :learned 329)
(nlsat-b&b :conflicts 95 :decisions 124 :propagations 6957 :clauses 285 :learned 392)
(nlsat :conflicts 1 :decisions 9 :propagations 18 :clauses 194 :learned 1)
(nlsat-b&b :conflicts 39 :decisions 41 :propagations 284 :clauses 194 :learned 35)
(nlsat-b&b :conflicts 93 :decisions 57 :propagations 788 :clauses 194 :learned 90)
(nlsat :conflicts 101 :decisions 69 :propagations 871 :clauses 194 :learned 99)
(nlsat-b&b :conflicts 120 :decisions 74 :propagations 1002 :clauses 194 :learned 118)
(nlsat-b&b :conflicts 131 :decisions 88 :propagations 1127 :clauses 194 :learned 132)
(nlsat-b&b :conflicts 169 :decisions 106 :propagations 1457 :clauses 194 :learned 171)
(nlsat :conflicts 201 :decisions 127 :propagations 1745 :clauses 194 :learned 206)
(nlsat-b&b :conflicts 202 :decisions 133 :propagations 1804 :clauses 194 :learned 207)
(nlsat-b&b :conflicts 203 :decisions 144 :propagations 1883 :clauses 194 :learned 211)
(nlsat-b&b :conflicts 211 :decisions 158 :propagations 2084 :clauses 194 :learned 222)
(nlsat-b&b :conflicts 213 :decisions 171 :propagations 2184 :clauses 194 :learned 227)
(nlsat-b&b :conflicts 237 :decisions 202 :propagations 2632 :clauses 194 :learned 254)
(nlsat-b&b :conflicts 239 :decisions 215 :propagations 2754 :clauses 194 :learned 258)
(nlsat-b&b :conflicts 259 :decisions 242 :propagations 3130 :clauses 194 :learned 280)
(nlsat-b&b :conflicts 261 :decisions 255 :propagations 3264 :clauses 194 :learned 285)
(nlsat-b&b :conflicts 264 :decisions 269 :propagations 3424 :clauses 194 :learned 290)
(nlsat :conflicts 300 :decisions 306 :propagations 4013 :clauses 194 :learned 328)
(nlsat-b&b :conflicts 301 :decisions 310 :propagations 4126 :clauses 194 :learned 329)
(nlsat-b&b :conflicts 304 :decisions 324 :propagations 4283 :clauses 194 :learned 334)
(nlsat-b&b :conflicts 307 :decisions 338 :propagations 4444 :clauses 194 :learned 339)
(nlsat-b&b :conflicts 328 :decisions 366 :propagations 4933 :clauses 194 :learned 362)
(nlsat-b&b :conflicts 331 :decisions 380 :propagations 5104 :clauses 194 :learned 367)
(nlsat-b&b :conflicts 352 :decisions 408 :propagations 5628 :clauses 194 :learned 390)
(nlsat-b&b :conflicts 372 :decisions 435 :propagations 6145 :clauses 194 :learned 412)
(nlsat-b&b :conflicts 375 :decisions 449 :propagations 6337 :clauses 194 :learned 417)
(nlsat-b&b :conflicts 384 :decisions 471 :propagations 6593 :clauses 194 :learned 427)
(nlsat :conflicts 402 :decisions 495 :propagations 6880 :clauses 194 :learned 447)
(nlsat-b&b :conflicts 437 :decisions 523 :propagations 7369 :clauses 194 :learned 482)
(nlsat-b&b :conflicts 450 :decisions 552 :propagations 7864 :clauses 194 :learned 496)
(nlsat-b&b :conflicts 467 :decisions 583 :propagations 8447 :clauses 194 :learned 514)
(nlsat-b&b :conflicts 473 :decisions 599 :propagations 8676 :clauses 194 :learned 521)
(nlsat-b&b :conflicts 479 :decisions 616 :propagations 8907 :clauses 194 :learned 529)
(nlsat-b&b :conflicts 489 :decisions 635 :propagations 9215 :clauses 194 :learned 540)
(nlsat :conflicts 500 :decisions 653 :propagations 9447 :clauses 194 :learned 554)
(nlsat-b&b :conflicts 504 :decisions 659 :propagations 9644 :clauses 194 :learned 558)
(nlsat-b&b :conflicts 516 :decisions 682 :propagations 10011 :clauses 194 :learned 573)
(nlsat-b&b :conflicts 523 :decisions 701 :propagations 10250 :clauses 194 :learned 582)
(nlsat-b&b :conflicts 533 :decisions 722 :propagations 10562 :clauses 194 :learned 594)
(nlsat-b&b :conflicts 545 :decisions 746 :propagations 10938 :clauses 194 :learned 609)
(nlsat-b&b :conflicts 552 :decisions 766 :propagations 11192 :clauses 194 :learned 618)
(nlsat-b&b :conflicts 562 :decisions 788 :propagations 11519 :clauses 194 :learned 630)
(nlsat-b&b :conflicts 574 :decisions 813 :propagations 11914 :clauses 194 :learned 645)
(nlsat-b&b :conflicts 581 :decisions 834 :propagations 12174 :clauses 194 :learned 655)
(nlsat-b&b :conflicts 591 :decisions 857 :propagations 12520 :clauses 194 :learned 667)
(nlsat :conflicts 600 :decisions 873 :propagations 12761 :clauses 194 :learned 679)
(nlsat-b&b :conflicts 606 :decisions 885 :propagations 13015 :clauses 194 :learned 685)
(nlsat-b&b :conflicts 613 :decisions 908 :propagations 13289 :clauses 194 :learned 696)
(nlsat-b&b :conflicts 623 :decisions 933 :propagations 13656 :clauses 194 :learned 708)
(nlsat-b&b :conflicts 635 :decisions 962 :propagations 14084 :clauses 194 :learned 723)
(nlsat-b&b :conflicts 645 :decisions 988 :propagations 14457 :clauses 194 :learned 734)
(nlsat-b&b :conflicts 652 :decisions 1014 :propagations 14743 :clauses 194 :learned 743)
(nlsat-b&b :conflicts 664 :decisions 1044 :propagations 15184 :clauses 194 :learned 758)
(nlsat-b&b :conflicts 671 :decisions 1069 :propagations 15481 :clauses 194 :learned 768)
ramon: end                  Wed Dec  4 16:12:37 2024
ramon: root.execname        z3
ramon: root.utime           2.300s
ramon: root.stime           0.020s
ramon: group.total          2.320s
ramon: group.utime          2.300s
ramon: group.stime          0.020s
ramon: group.mempeak        84728KiB
ramon: group.pidpeak        3
ramon: status               exited
ramon: exitcode             0
ramon: walltime             2.367s
ramon: loadavg              0.98
