sat
(:added-eqs                       177
 :arith-eq-adapter                57
 :arith-bound-propagations-lp     5
 :arith-branch                    1
 :arith-conflicts                 15
 :arith-diseq                     26
 :arith-fixed-eqs                 40
 :arith-gcd-calls                 6
 :arith-grobner-calls             5
 :arith-grobner-conflicts         1
 :arith-horner-cross-nested-forms 119
 :arith-lower                     62
 :arith-make-feasible             41
 :arith-max-columns               133
 :arith-max-rows                  70
 :arith-nla-add-bounds            6
 :arith-nla-lemmas                5
 :arith-nla-propagate-bounds      5
 :arith-nla-propagate-eq          4
 :arith-nra-calls                 1
 :arith-offset-eqs                5
 :arith-patches                   6
 :arith-patches-success           5
 :arith-upper                     85
 :binary-propagations             63
 :conflicts                       6
 :decisions                       37
 :del-clause                      56
 :final-checks                    17
 :max-memory                      51.59
 :memory                          17.58
 :mk-bool-var                     231
 :mk-clause                       89
 :mk-clause-binary                90
 :nlsat-conflicts                 15
 :nlsat-propagations              149
 :nlsat-stages                    63
 :num-allocs                      678272
 :num-checks                      1
 :propagations                    83
 :rlimit-count                    57432
 :sls-arith-propagations          16
 :sls-arith-steps                 8983
 :sls-constraints                 8
 :sls-ddfw-flips                  319.00
 :sls-ddfw-restarts               11
 :sls-ddfw-shifts                 8960.00
 :sls-num-guided-search           3
 :sls-repair-down                 96
 :sls-repair-up                   250
 :time                            0.07
 :total-time                      0.09)
