ramon: cwd                  /home/gh1/A/_work/z3-poly-testing/z3-poly-testing
ramon: start                Fri Oct 11 16:53:31 2024
ramon: nproc                32
ramon: sys.mem              63442 MiB
ramon: sys.mem.free         34243 MiB
ramon: sys.mem.avail        62675 MiB
ramon: sys.nprocs           1038
ramon: argv                 0 = z3
ramon: argv                 1 = inputs/QF_UF_SAT/gensys_brn490.smt2
ramon: argv                 2 = -T:20
ramon: argv                 3 = -v:2
ramon: argv                 4 = -st
ramon: argv                 5 = sls.euf_incremental=true
ramon: argv                 6 = tactic.default_tactic=(then simplify propagate-values solve-eqs simplify sls-smt)
ramon: argv                 7 = model_validate=true
ramon: childpid             2599134
UNITS -250 -251 -252 -253 -254 -305 -306 -307 -308 -309 -310 -311 -312 -313 -314 -315 -316 -317 -318 -319 -320 -321 -322 -323 -324 -325 -326 -327 -328 -329 -330 -331 -332 -333 -334 -335 -336 -337 -338 -339 -340 -341 -342 -343 -344 -345 -346 -347 -348 -349 -350 -351 -352 -353 -354 -355 -356 -357 -358 -359 -360 -361 -362 -363 -364 -365 -366 -367 -368 -369 -370 -371 -372 -373 -374 -375 -376 -377 -378 -379 -380 -381 -382 -383 -384 -385 -386 -387 -388 -389 -390 -391 -392 -393 -394 -395 -396 -397 -398 -399 -400 -401 -402 -403 -404 -405 -406 -407 -408 -409 -410 -411 -412 -413 -414
sls.euf: incremental 1
(sat.ddfw :unsat :models :kflips/sec  :flips  :restarts  :reinits  :unsat_vars  :shifts)
(sat.ddfw       2      1   123.457     10000         1          0           11     2228)
(sat.ddfw      73     24   80.8629     20027         2          1          126     5876)
(sat.ddfw       1      1   133.153     40000         2          2           14    10049)
(sat.ddfw       1      1   166.667     70000         4          3           19    14945)
(sat.ddfw       1      3   175.439    110000        16          4           24    27928)
(sat.ddfw       4      1   171.821    160000        23          5           35    37196)
(sat.ddfw       1      1   163.488    220000        24          6           26    50163)
on-model 
(sat.ddfw       0      1   99.2364    261977        26          7            0    60027)
ramon: end                  Fri Oct 11 16:53:32 2024
ramon: root.execname        z3
ramon: root.utime           0.430s
ramon: root.stime           0.000s
ramon: group.total          0.430s
ramon: group.utime          0.430s
ramon: group.stime          0.000s
ramon: group.mempeak        20288KiB
ramon: group.pidpeak        2
ramon: status               exited
ramon: exitcode             0
ramon: walltime             0.493s
ramon: loadavg              0.87
