sat
(:added-eqs                   4833
 :arith-eq-adapter            2181
 :arith-bound-propagations-lp 430
 :arith-branch                14971
 :arith-conflicts             287
 :arith-cube-calls            3742
 :arith-dio-calls             14971
 :arith-diseq                 2022
 :arith-fixed-eqs             314
 :arith-gcd-calls             14972
 :arith-lower                 17730
 :arith-make-feasible         33698
 :arith-max-columns           2356
 :arith-max-rows              824
 :arith-offset-eqs            71
 :arith-patches               14972
 :arith-patches-success       1
 :arith-upper                 11544
 :binary-propagations         7536
 :conflicts                   390
 :decisions                   5196
 :del-clause                  1841
 :final-checks                14972
 :max-memory                  47.01
 :memory                      30.42
 :minimized-lits              15
 :mk-bool-var                 25809
 :mk-clause                   2650
 :mk-clause-binary            3093
 :num-allocs                  11961676846.00
 :num-checks                  2
 :propagations                8666
 :restarts                    3
 :rlimit-count                1179682
 :solve-eqs-elim-vars         570
 :solve-eqs-steps             4379
 :time                        5.87
 :total-time                  5.90)
