unsat
(:added-eqs                   1302836
 :arith-eq-adapter            1728
 :arith-bound-propagations-lp 63110
 :arith-conflicts             180
 :arith-diseq                 5222
 :arith-fixed-eqs             57278
 :arith-lower                 72998
 :arith-make-feasible         11947
 :arith-max-columns           1489
 :arith-max-rows              653
 :arith-offset-eqs            31332
 :arith-upper                 68970
 :binary-propagations         25570801
 :conflicts                   20649
 :decisions                   846404
 :del-clause                  37006
 :max-memory                  129.30
 :memory                      69.14
 :minimized-lits              344678
 :mk-bool-var                 37089
 :mk-clause                   40109
 :mk-clause-binary            453825
 :num-allocs                  55744940285.00
 :num-checks                  1
 :propagations                30767847
 :restarts                    125
 :rlimit-count                75505499
 :time                        33.48
 :total-time                  42.68)
