ramon: cwd                  /home/runner/a/_work/z3-poly-testing/z3-poly-testing
ramon: start                Fri Mar 21 16:53:21 2025
ramon: nproc                128
ramon: sys.mem              64150 MiB
ramon: sys.mem.free         30445 MiB
ramon: sys.mem.avail        64140 MiB
ramon: sys.nprocs           3808
ramon: argv                 0 = z3
ramon: argv                 1 = /home/runner/a/_work/z3-poly-testing/z3-poly-testing/download/non-incremental/QF_LIA/nec-smt/large/getoption_group/prp-14-50.smt2
ramon: argv                 2 = -T:600
ramon: argv                 3 = -st
ramon: argv                 4 = smt.arith.lp.dio_eqs=true
ramon: childpid             3374288
ramon: poll                 wall=01.036s usage=01.007s user=00.910s sys=00.097s mem=23100KiB roottime=0.910s load=0.97 rootload=0.88
ramon: poll                 wall=02.000s usage=01.968s user=01.864s sys=00.104s mem=24348KiB roottime=1.860s load=1.00 rootload=0.99
ramon: poll                 wall=03.000s usage=02.966s user=02.857s sys=00.109s mem=24988KiB roottime=2.850s load=1.00 rootload=0.99
ramon: poll                 wall=04.002s usage=03.959s user=03.844s sys=00.115s mem=26112KiB roottime=3.840s load=0.99 rootload=0.99
ramon: poll                 wall=05.000s usage=04.947s user=04.830s sys=00.117s mem=26880KiB roottime=4.830s load=0.99 rootload=0.99
ramon: poll                 wall=06.006s usage=05.933s user=05.816s sys=00.118s mem=27276KiB roottime=5.810s load=0.98 rootload=0.97
ramon: poll                 wall=07.000s usage=06.908s user=06.787s sys=00.121s mem=27788KiB roottime=6.780s load=0.98 rootload=0.98
ramon: poll                 wall=08.006s usage=07.907s user=07.783s sys=00.124s mem=28300KiB roottime=7.780s load=0.99 rootload=0.99
ramon: poll                 wall=09.000s usage=08.877s user=08.750s sys=00.127s mem=28756KiB roottime=8.750s load=0.98 rootload=0.98
ramon: poll                 wall=10.002s usage=09.876s user=09.747s sys=00.129s mem=28844KiB roottime=9.740s load=1.00 rootload=0.99
ramon: poll                 wall=11.002s usage=10.848s user=10.717s sys=00.131s mem=29484KiB roottime=10.710s load=0.97 rootload=0.97
ramon: poll                 wall=12.001s usage=11.836s user=11.704s sys=00.132s mem=29484KiB roottime=11.700s load=0.99 rootload=0.99
ramon: poll                 wall=13.003s usage=12.826s user=12.693s sys=00.133s mem=29740KiB roottime=12.690s load=0.99 rootload=0.99
ramon: poll                 wall=14.000s usage=13.812s user=13.676s sys=00.136s mem=31032KiB roottime=13.670s load=0.99 rootload=0.98
ramon: poll                 wall=15.001s usage=14.805s user=14.663s sys=00.142s mem=31944KiB roottime=14.660s load=0.99 rootload=0.99
ramon: poll                 wall=16.019s usage=15.805s user=15.661s sys=00.144s mem=32556KiB roottime=15.660s load=0.98 rootload=0.98
ramon: poll                 wall=17.002s usage=16.756s user=16.612s sys=00.145s mem=32920KiB roottime=16.610s load=0.97 rootload=0.97
ramon: poll                 wall=18.004s usage=17.732s user=17.585s sys=00.147s mem=33572KiB roottime=17.580s load=0.97 rootload=0.97
ramon: poll                 wall=19.005s usage=18.711s user=18.560s sys=00.151s mem=34240KiB roottime=18.560s load=0.98 rootload=0.98
ramon: poll                 wall=20.001s usage=19.690s user=19.538s sys=00.152s mem=34448KiB roottime=19.530s load=0.98 rootload=0.97
ramon: poll                 wall=21.001s usage=20.664s user=20.509s sys=00.155s mem=34984KiB roottime=20.500s load=0.97 rootload=0.97
ramon: poll                 wall=22.001s usage=21.640s user=21.485s sys=00.155s mem=35236KiB roottime=21.480s load=0.98 rootload=0.98
ramon: poll                 wall=23.002s usage=22.618s user=22.462s sys=00.156s mem=35444KiB roottime=22.460s load=0.98 rootload=0.98
ramon: poll                 wall=24.003s usage=23.569s user=23.410s sys=00.159s mem=35600KiB roottime=23.410s load=0.95 rootload=0.95
ramon: poll                 wall=25.001s usage=24.552s user=24.392s sys=00.161s mem=35856KiB roottime=24.390s load=0.98 rootload=0.98
ramon: poll                 wall=26.001s usage=25.523s user=25.312s sys=00.211s mem=44632KiB roottime=25.310s load=0.97 rootload=0.92
ramon: poll                 wall=27.002s usage=26.504s user=26.264s sys=00.240s mem=51456KiB roottime=26.260s load=0.98 rootload=0.95
ramon: poll                 wall=28.015s usage=27.511s user=27.254s sys=00.257s mem=55660KiB roottime=27.250s load=0.99 rootload=0.98
ramon: poll                 wall=29.002s usage=28.486s user=28.043s sys=00.443s mem=86536KiB roottime=28.040s load=0.99 rootload=0.80
ramon: poll                 wall=30.000s usage=29.460s user=28.921s sys=00.539s mem=108MiB roottime=28.920s load=0.98 rootload=0.88
ramon: poll                 wall=31.004s usage=30.456s user=29.643s sys=00.814s mem=180MiB roottime=29.640s load=0.99 rootload=0.72
ramon: poll                 wall=32.002s usage=31.407s user=30.389s sys=01.019s mem=192MiB roottime=30.380s load=0.95 rootload=0.74
ramon: poll                 wall=33.000s usage=32.387s user=31.327s sys=01.060s mem=199MiB roottime=31.320s load=0.98 rootload=0.94
ramon: poll                 wall=34.005s usage=33.351s user=32.291s sys=01.060s mem=199MiB roottime=32.290s load=0.96 rootload=0.97
ramon: poll                 wall=35.000s usage=34.333s user=33.272s sys=01.061s mem=199MiB roottime=33.270s load=0.99 rootload=0.98
ramon: poll                 wall=36.000s usage=35.321s user=34.257s sys=01.064s mem=199MiB roottime=34.250s load=0.99 rootload=0.98
ramon: poll                 wall=37.001s usage=36.277s user=35.208s sys=01.069s mem=200MiB roottime=35.200s load=0.96 rootload=0.95
ramon: poll                 wall=38.001s usage=37.256s user=36.180s sys=01.076s mem=202MiB roottime=36.180s load=0.98 rootload=0.98
ramon: poll                 wall=39.011s usage=38.241s user=37.158s sys=01.083s mem=202MiB roottime=37.150s load=0.98 rootload=0.96
ramon: poll                 wall=40.000s usage=39.211s user=38.123s sys=01.088s mem=202MiB roottime=38.120s load=0.98 rootload=0.98
ramon: poll                 wall=41.000s usage=40.190s user=39.097s sys=01.093s mem=203MiB roottime=39.090s load=0.98 rootload=0.97
ramon: poll                 wall=42.000s usage=41.170s user=40.072s sys=01.098s mem=203MiB roottime=40.070s load=0.98 rootload=0.98
ramon: poll                 wall=43.000s usage=42.148s user=41.050s sys=01.099s mem=203MiB roottime=41.040s load=0.98 rootload=0.97
ramon: poll                 wall=44.000s usage=43.107s user=42.005s sys=01.103s mem=204MiB roottime=42.000s load=0.96 rootload=0.96
ramon: poll                 wall=45.001s usage=44.076s user=42.964s sys=01.112s mem=204MiB roottime=42.960s load=0.97 rootload=0.96
ramon: poll                 wall=46.004s usage=45.059s user=43.941s sys=01.118s mem=204MiB roottime=43.940s load=0.98 rootload=0.98
ramon: poll                 wall=47.002s usage=46.003s user=44.880s sys=01.124s mem=204MiB roottime=44.880s load=0.95 rootload=0.94
ramon: poll                 wall=48.004s usage=46.977s user=45.852s sys=01.125s mem=204MiB roottime=45.850s load=0.97 rootload=0.97
ramon: poll                 wall=49.000s usage=47.943s user=46.814s sys=01.129s mem=204MiB roottime=46.810s load=0.97 rootload=0.96
ramon: poll                 wall=50.004s usage=48.923s user=47.792s sys=01.132s mem=205MiB roottime=47.790s load=0.98 rootload=0.98
ramon: poll                 wall=51.001s usage=49.903s user=48.767s sys=01.136s mem=205MiB roottime=48.760s load=0.98 rootload=0.97
ramon: poll                 wall=52.001s usage=50.840s user=49.697s sys=01.143s mem=205MiB roottime=49.690s load=0.94 rootload=0.93
ramon: poll                 wall=53.001s usage=51.818s user=50.674s sys=01.144s mem=205MiB roottime=50.670s load=0.98 rootload=0.98
ramon: poll                 wall=54.000s usage=52.793s user=51.648s sys=01.145s mem=205MiB roottime=51.640s load=0.97 rootload=0.97
ramon: poll                 wall=55.000s usage=53.765s user=52.621s sys=01.145s mem=205MiB roottime=52.620s load=0.97 rootload=0.98
ramon: poll                 wall=56.004s usage=54.751s user=53.602s sys=01.148s mem=206MiB roottime=53.600s load=0.98 rootload=0.98
ramon: poll                 wall=57.000s usage=55.732s user=54.583s sys=01.149s mem=206MiB roottime=54.580s load=0.98 rootload=0.98
ramon: poll                 wall=58.004s usage=56.709s user=55.560s sys=01.149s mem=206MiB roottime=55.560s load=0.97 rootload=0.98
ramon: poll                 wall=59.030s usage=57.734s user=56.584s sys=01.151s mem=206MiB roottime=56.580s load=1.00 rootload=0.99
ramon: poll                 wall=01m00.008s usage=58.712s user=57.561s sys=01.151s mem=206MiB roottime=57.560s load=1.00 rootload=1.00
ramon: poll                 wall=01m01.059s usage=59.762s user=58.612s sys=01.151s mem=206MiB roottime=58.610s load=1.00 rootload=1.00
ramon: poll                 wall=01m02.027s usage=01m00.730s user=59.579s sys=01.152s mem=206MiB roottime=59.580s load=1.00 rootload=1.00
ramon: poll                 wall=01m03.038s usage=01m01.741s user=01m00.587s sys=01.154s mem=206MiB roottime=60.580s load=1.00 rootload=0.99
ramon: poll                 wall=01m04.033s usage=01m02.735s user=01m01.582s sys=01.154s mem=206MiB roottime=61.580s load=1.00 rootload=1.01
ramon: poll                 wall=01m05.030s usage=01m03.732s user=01m02.579s sys=01.154s mem=206MiB roottime=62.580s load=1.00 rootload=1.00
ramon: poll                 wall=01m06.041s usage=01m04.743s user=01m03.587s sys=01.156s mem=206MiB roottime=63.580s load=1.00 rootload=0.99
ramon: poll                 wall=01m07.032s usage=01m05.733s user=01m04.577s sys=01.157s mem=206MiB roottime=64.570s load=1.00 rootload=1.00
ramon: poll                 wall=01m08.065s usage=01m06.766s user=01m05.609s sys=01.157s mem=206MiB roottime=65.610s load=1.00 rootload=1.01
ramon: poll                 wall=01m09.039s usage=01m07.740s user=01m06.583s sys=01.157s mem=206MiB roottime=66.580s load=1.00 rootload=1.00
ramon: poll                 wall=01m10.044s usage=01m08.744s user=01m07.588s sys=01.157s mem=206MiB roottime=67.580s load=1.00 rootload=1.00
ramon: poll                 wall=01m11.031s usage=01m09.731s user=01m08.574s sys=01.157s mem=206MiB roottime=68.570s load=1.00 rootload=1.00
ramon: poll                 wall=01m12.019s usage=01m10.719s user=01m09.560s sys=01.159s mem=207MiB roottime=69.560s load=1.00 rootload=1.00
ramon: poll                 wall=01m13.000s usage=01m11.699s user=01m10.539s sys=01.160s mem=207MiB roottime=70.530s load=1.00 rootload=0.99
ramon: poll                 wall=01m14.018s usage=01m12.717s user=01m11.557s sys=01.160s mem=207MiB roottime=71.550s load=1.00 rootload=1.00
ramon: poll                 wall=01m15.017s usage=01m13.715s user=01m12.553s sys=01.163s mem=207MiB roottime=72.550s load=1.00 rootload=1.00
ramon: poll                 wall=01m16.016s usage=01m14.714s user=01m13.552s sys=01.163s mem=207MiB roottime=73.550s load=1.00 rootload=1.00
ramon: poll                 wall=01m17.025s usage=01m15.720s user=01m14.558s sys=01.163s mem=207MiB roottime=74.550s load=1.00 rootload=0.99
ramon: poll                 wall=01m18.000s usage=01m16.696s user=01m15.534s sys=01.163s mem=207MiB roottime=75.530s load=1.00 rootload=1.00
ramon: poll                 wall=01m19.002s usage=01m17.697s user=01m16.533s sys=01.164s mem=207MiB roottime=76.530s load=1.00 rootload=1.00
ramon: poll                 wall=01m20.002s usage=01m18.695s user=01m17.532s sys=01.164s mem=207MiB roottime=77.530s load=1.00 rootload=1.00
ramon: poll                 wall=01m21.003s usage=01m19.694s user=01m18.531s sys=01.164s mem=207MiB roottime=78.530s load=1.00 rootload=1.00
ramon: poll                 wall=01m22.000s usage=01m20.691s user=01m19.528s sys=01.164s mem=207MiB roottime=79.520s load=1.00 rootload=0.99
ramon: poll                 wall=01m23.003s usage=01m21.694s user=01m20.530s sys=01.164s mem=207MiB roottime=80.530s load=1.00 rootload=1.01
ramon: poll                 wall=01m24.000s usage=01m22.690s user=01m21.526s sys=01.164s mem=207MiB roottime=81.520s load=1.00 rootload=0.99
ramon: poll                 wall=01m25.004s usage=01m23.694s user=01m22.529s sys=01.164s mem=207MiB roottime=82.520s load=1.00 rootload=1.00
ramon: poll                 wall=01m26.062s usage=01m24.752s user=01m23.587s sys=01.164s mem=207MiB roottime=83.580s load=1.00 rootload=1.00
ramon: poll                 wall=01m27.032s usage=01m25.721s user=01m24.557s sys=01.164s mem=207MiB roottime=84.550s load=1.00 rootload=1.00
ramon: poll                 wall=01m28.002s usage=01m26.691s user=01m25.526s sys=01.165s mem=207MiB roottime=85.520s load=1.00 rootload=1.00
ramon: poll                 wall=01m29.052s usage=01m27.740s user=01m26.575s sys=01.165s mem=207MiB roottime=86.570s load=1.00 rootload=1.00
ramon: poll                 wall=01m30.026s usage=01m28.714s user=01m27.547s sys=01.166s mem=207MiB roottime=87.540s load=1.00 rootload=1.00
ramon: poll                 wall=01m31.017s usage=01m29.704s user=01m28.537s sys=01.167s mem=207MiB roottime=88.530s load=1.00 rootload=1.00
ramon: poll                 wall=01m32.043s usage=01m30.730s user=01m29.563s sys=01.167s mem=207MiB roottime=89.560s load=1.00 rootload=1.00
ramon: poll                 wall=01m33.026s usage=01m31.713s user=01m30.545s sys=01.167s mem=208MiB roottime=90.540s load=1.00 rootload=1.00
ramon: poll                 wall=01m34.013s usage=01m32.699s user=01m31.531s sys=01.167s mem=208MiB roottime=91.530s load=1.00 rootload=1.00
ramon: poll                 wall=01m35.008s usage=01m33.693s user=01m32.526s sys=01.167s mem=208MiB roottime=92.520s load=1.00 rootload=0.99
ramon: poll                 wall=01m36.002s usage=01m34.687s user=01m33.518s sys=01.168s mem=208MiB roottime=93.510s load=1.00 rootload=1.00
ramon: poll                 wall=01m37.000s usage=01m35.685s user=01m34.515s sys=01.169s mem=208MiB roottime=94.510s load=1.00 rootload=1.00
ramon: poll                 wall=01m38.002s usage=01m36.686s user=01m35.517s sys=01.169s mem=208MiB roottime=95.510s load=1.00 rootload=1.00
ramon: poll                 wall=01m39.001s usage=01m37.684s user=01m36.514s sys=01.169s mem=208MiB roottime=96.510s load=1.00 rootload=1.00
ramon: poll                 wall=01m40.006s usage=01m38.688s user=01m37.517s sys=01.171s mem=208MiB roottime=97.510s load=1.00 rootload=0.99
ramon: poll                 wall=01m41.010s usage=01m39.693s user=01m38.520s sys=01.172s mem=208MiB roottime=98.520s load=1.00 rootload=1.01
ramon: poll                 wall=01m42.003s usage=01m40.685s user=01m39.513s sys=01.172s mem=208MiB roottime=99.510s load=1.00 rootload=1.00
ramon: poll                 wall=01m43.002s usage=01m41.684s user=01m40.512s sys=01.172s mem=208MiB roottime=100.510s load=1.00 rootload=1.00
ramon: poll                 wall=01m44.002s usage=01m42.683s user=01m41.509s sys=01.173s mem=208MiB roottime=101.510s load=1.00 rootload=1.00
ramon: poll                 wall=01m45.000s usage=01m43.678s user=01m42.503s sys=01.174s mem=208MiB roottime=102.500s load=1.00 rootload=0.99
ramon: poll                 wall=01m46.000s usage=01m44.676s user=01m43.502s sys=01.174s mem=208MiB roottime=103.500s load=1.00 rootload=1.00
ramon: poll                 wall=01m47.000s usage=01m45.676s user=01m44.501s sys=01.174s mem=208MiB roottime=104.500s load=1.00 rootload=1.00
ramon: poll                 wall=01m48.001s usage=01m46.674s user=01m45.500s sys=01.174s mem=208MiB roottime=105.500s load=1.00 rootload=1.00
ramon: poll                 wall=01m49.000s usage=01m47.673s user=01m46.498s sys=01.174s mem=208MiB roottime=106.490s load=1.00 rootload=0.99
ramon: poll                 wall=01m50.003s usage=01m48.674s user=01m47.496s sys=01.177s mem=208MiB roottime=107.490s load=1.00 rootload=1.00
ramon: poll                 wall=01m51.002s usage=01m49.673s user=01m48.494s sys=01.178s mem=208MiB roottime=108.490s load=1.00 rootload=1.00
ramon: poll                 wall=01m52.000s usage=01m50.670s user=01m49.488s sys=01.181s mem=208MiB roottime=109.480s load=1.00 rootload=0.99
ramon: poll                 wall=01m53.011s usage=01m51.679s user=01m50.498s sys=01.181s mem=208MiB roottime=110.490s load=1.00 rootload=1.00
ramon: poll                 wall=01m54.011s usage=01m52.679s user=01m51.494s sys=01.184s mem=209MiB roottime=111.490s load=1.00 rootload=1.00
ramon: end                  Fri Mar 21 16:55:15 2025
ramon: root.execname        z3
ramon: root.utime           111.530s
ramon: root.stime           1.250s
ramon: group.total          112.790s
ramon: group.utime          111.532s
ramon: group.stime          1.257s
ramon: group.mempeak        209MiB
ramon: group.pidpeak        2
ramon: status               exited
ramon: exitcode             0
ramon: walltime             114.124s
ramon: loadavg              0.99
