ramon: cwd                  /tmp/runner/actions-runner/_work/z3-poly-testing/z3-poly-testing
ramon: start                Wed Dec 18 08:55:32 2024
ramon: nproc                128
ramon: sys.mem              64150 MiB
ramon: sys.mem.free         47178 MiB
ramon: sys.mem.avail        64129 MiB
ramon: sys.nprocs           3095
ramon: argv                 0 = z3
ramon: argv                 1 = /tmp/runner/actions-runner/_work/z3-poly-testing/z3-poly-testing/download/non-incremental/QF_NIA/AProVE/aproveSMT503705089950467023.smt2
ramon: argv                 2 = -T:600
ramon: argv                 3 = -st
ramon: childpid             2937756
ramon: end                  Wed Dec 18 08:55:32 2024
ramon: root.execname        z3
ramon: root.utime           0.020s
ramon: root.stime           0.040s
ramon: group.total          0.072s
ramon: group.utime          0.029s
ramon: group.stime          0.043s
ramon: group.mempeak        29472KiB
ramon: group.pidpeak        2
ramon: status               exited
ramon: exitcode             0
ramon: walltime             0.093s
ramon: loadavg              0.77
