ramon: cwd                  /tmp/runner/actions-runner/_work/z3-poly-testing/z3-poly-testing
ramon: start                Wed Dec 18 08:55:39 2024
ramon: nproc                128
ramon: sys.mem              64150 MiB
ramon: sys.mem.free         46203 MiB
ramon: sys.mem.avail        64129 MiB
ramon: sys.nprocs           3108
ramon: argv                 0 = z3
ramon: argv                 1 = /tmp/runner/actions-runner/_work/z3-poly-testing/z3-poly-testing/download/non-incremental/QF_NIA/AProVE/aproveSMT8054075221577194287.smt2
ramon: argv                 2 = -T:600
ramon: argv                 3 = -st
ramon: childpid             2939292
ramon: end                  Wed Dec 18 08:55:39 2024
ramon: root.execname        z3
ramon: root.utime           0.090s
ramon: root.stime           0.050s
ramon: group.total          0.147s
ramon: group.utime          0.094s
ramon: group.stime          0.053s
ramon: group.mempeak        29980KiB
ramon: group.pidpeak        3
ramon: status               exited
ramon: exitcode             0
ramon: walltime             0.166s
ramon: loadavg              0.88
