unsat
(:added-eqs                       1419
 :arith-eq-adapter                40
 :arith-bound-propagations-lp     39
 :arith-conflicts                 170
 :arith-diseq                     178
 :arith-fixed-eqs                 227
 :arith-grobner-calls             25
 :arith-grobner-conflicts         10
 :arith-horner-calls              4
 :arith-horner-cross-nested-forms 2925
 :arith-lower                     644
 :arith-make-feasible             639
 :arith-max-columns               192
 :arith-max-rows                  69
 :arith-nla-lemmas                54
 :arith-nla-propagate-bounds      85
 :arith-nla-propagate-eq          331
 :arith-nra-calls                 15
 :arith-offset-eqs                22
 :arith-upper                     800
 :binary-propagations             1509
 :conflicts                       60
 :decisions                       2090
 :del-clause                      137
 :final-checks                    74
 :max-memory                      44.10
 :memory                          20.21
 :minimized-lits                  16
 :mk-bool-var                     410
 :mk-clause                       148
 :mk-clause-binary                139
 :num-allocs                      475021911
 :num-checks                      1
 :propagations                    1855
 :rlimit-count                    9120480
 :sat-backjumps                   5575
 :sat-backtracks                  24
 :sat-conflicts                   5600
 :sat-decisions                   20108
 :sat-del-clause                  47870
 :sat-elim-bool-vars-res          6602
 :sat-elim-clauses                13522
 :sat-elim-literals               15663
 :sat-minimized-lits              109637
 :sat-mk-clause-2ary              35497
 :sat-mk-clause-3ary              12696
 :sat-mk-clause-nary              91631
 :sat-mk-var                      24678
 :sat-probing-assigned            1106
 :sat-propagations-2ary           3628212
 :sat-propagations-nary           4970601
 :sat-restarts                    556
 :sat-scc-elim-binary             7
 :sat-scc-elim-vars               111
 :sat-subs-resolution             412
 :sat-subs-resolution-dyn         1030
 :sat-subsumed                    6045
 :sat-units                       6860
 :time                            2.16
 :total-time                      2.18)
