ramon: cwd                  /tmp/runner/actions-runner/_work/z3-poly-testing/z3-poly-testing
ramon: start                Wed Dec 18 08:55:36 2024
ramon: nproc                128
ramon: sys.mem              64150 MiB
ramon: sys.mem.free         47021 MiB
ramon: sys.mem.avail        64129 MiB
ramon: sys.nprocs           3099
ramon: argv                 0 = z3
ramon: argv                 1 = /tmp/runner/actions-runner/_work/z3-poly-testing/z3-poly-testing/download/non-incremental/QF_NIA/AProVE/aproveSMT5856937012363628211.smt2
ramon: argv                 2 = -T:600
ramon: argv                 3 = -st
ramon: childpid             2938790
ramon: end                  Wed Dec 18 08:55:36 2024
ramon: root.execname        z3
ramon: root.utime           0.400s
ramon: root.stime           0.050s
ramon: group.total          0.467s
ramon: group.utime          0.410s
ramon: group.stime          0.057s
ramon: group.mempeak        39388KiB
ramon: group.pidpeak        2
ramon: status               exited
ramon: exitcode             0
ramon: walltime             0.487s
ramon: loadavg              0.96
