ramon: cwd                  /tmp/runner/actions-runner/_work/z3-poly-testing/z3-poly-testing
ramon: start                Wed Dec 18 08:52:13 2024
ramon: nproc                128
ramon: sys.mem              64150 MiB
ramon: sys.mem.free         52434 MiB
ramon: sys.mem.avail        64136 MiB
ramon: sys.nprocs           3030
ramon: argv                 0 = z3
ramon: argv                 1 = /tmp/runner/actions-runner/_work/z3-poly-testing/z3-poly-testing/download/non-incremental/QF_NIA/AProVE/aproveSMT7502614887357977212.smt2
ramon: argv                 2 = -T:600
ramon: argv                 3 = -st
ramon: childpid             2893148
ramon: poll                 wall=01.000s usage=00.971s user=00.944s sys=00.027s mem=35420KiB roottime=0.940s load=0.97 rootload=0.94
ramon: poll                 wall=02.000s usage=01.971s user=01.944s sys=00.027s mem=35408KiB roottime=1.940s load=1.00 rootload=1.00
ramon: end                  Wed Dec 18 08:52:16 2024
ramon: root.execname        z3
ramon: root.utime           2.480s
ramon: root.stime           0.030s
ramon: group.total          2.520s
ramon: group.utime          2.484s
ramon: group.stime          0.036s
ramon: group.mempeak        37816KiB
ramon: group.pidpeak        3
ramon: status               exited
ramon: exitcode             0
ramon: walltime             2.549s
ramon: loadavg              0.99
