ramon: cwd                  /tmp/runner/actions-runner/_work/z3-poly-testing/z3-poly-testing
ramon: start                Tue Dec 17 15:47:55 2024
ramon: nproc                128
ramon: sys.mem              64150 MiB
ramon: sys.mem.free         47882 MiB
ramon: sys.mem.avail        64126 MiB
ramon: sys.nprocs           3192
ramon: argv                 0 = z3
ramon: argv                 1 = /tmp/runner/actions-runner/_work/z3-poly-testing/z3-poly-testing/download/non-incremental/QF_NIA/20170427-VeryMax/SAT14/629.smt2
ramon: argv                 2 = -T:600
ramon: argv                 3 = -st
ramon: childpid             1429090
ramon: end                  Tue Dec 17 15:47:56 2024
ramon: root.execname        z3
ramon: root.utime           0.100s
ramon: root.stime           0.020s
ramon: group.total          0.131s
ramon: group.utime          0.102s
ramon: group.stime          0.028s
ramon: group.mempeak        23724KiB
ramon: group.pidpeak        3
ramon: status               exited
ramon: exitcode             0
ramon: walltime             0.131s
ramon: loadavg              0.99
