ramon: cwd                  /home/runner/a/_work/z3-poly-testing/z3-poly-testing
ramon: start                Thu Feb 13 13:07:40 2025
ramon: nproc                128
ramon: sys.mem              64150 MiB
ramon: sys.mem.free         29737 MiB
ramon: sys.mem.avail        64032 MiB
ramon: sys.nprocs           2940
ramon: argv                 0 = z3
ramon: argv                 1 = inputs/QF_LIA/40-32.slack.smt2
ramon: argv                 2 = -T:600
ramon: argv                 3 = -st
ramon: childpid             3443788
ramon: poll                 wall=01.004s usage=00.980s user=00.926s sys=00.054s mem=20916KiB roottime=0.920s load=0.98 rootload=0.92
ramon: poll                 wall=02.009s usage=01.983s user=01.928s sys=00.055s mem=20964KiB roottime=1.920s load=1.00 rootload=1.00
ramon: poll                 wall=03.012s usage=02.984s user=02.856s sys=00.128s mem=39560KiB roottime=2.850s load=1.00 rootload=0.93
ramon: poll                 wall=04.012s usage=03.981s user=03.691s sys=00.291s mem=80176KiB roottime=3.690s load=1.00 rootload=0.84
ramon: poll                 wall=05.013s usage=04.980s user=04.589s sys=00.390s mem=88968KiB roottime=4.580s load=1.00 rootload=0.89
ramon: poll                 wall=06.009s usage=05.974s user=05.553s sys=00.420s mem=99MiB roottime=5.550s load=1.00 rootload=0.97
ramon: poll                 wall=07.013s usage=06.975s user=06.534s sys=00.440s mem=108MiB roottime=6.530s load=1.00 rootload=0.98
ramon: poll                 wall=08.010s usage=07.970s user=07.528s sys=00.441s mem=108MiB roottime=7.520s load=1.00 rootload=0.99
ramon: end                  Thu Feb 13 13:07:49 2025
ramon: root.execname        z3
ramon: root.utime           7.840s
ramon: root.stime           0.470s
ramon: group.total          8.312s
ramon: group.utime          7.844s
ramon: group.stime          0.468s
ramon: group.mempeak        119MiB
ramon: group.pidpeak        3
ramon: status               exited
ramon: exitcode             0
ramon: walltime             8.355s
ramon: loadavg              0.99
