ramon: cwd                  /home/runner/a/_work/z3-poly-testing/z3-poly-testing
ramon: start                Thu Feb 13 13:00:34 2025
ramon: nproc                128
ramon: sys.mem              64150 MiB
ramon: sys.mem.free         35243 MiB
ramon: sys.mem.avail        64034 MiB
ramon: sys.nprocs           2976
ramon: argv                 0 = z3
ramon: argv                 1 = inputs/QF_LIA/n7809-prp-24-43.smt2
ramon: argv                 2 = -T:600
ramon: argv                 3 = -st
ramon: childpid             3413907
ramon: poll                 wall=01.002s usage=00.971s user=00.899s sys=00.073s mem=31956KiB roottime=0.890s load=0.97 rootload=0.89
ramon: poll                 wall=02.000s usage=01.968s user=01.876s sys=00.093s mem=38612KiB roottime=1.870s load=1.00 rootload=0.98
ramon: poll                 wall=03.008s usage=02.975s user=02.880s sys=00.095s mem=39152KiB roottime=2.880s load=1.00 rootload=1.00
ramon: poll                 wall=04.002s usage=03.966s user=03.869s sys=00.097s mem=39668KiB roottime=3.870s load=1.00 rootload=1.00
ramon: poll                 wall=05.013s usage=04.975s user=04.878s sys=00.097s mem=39904KiB roottime=4.870s load=1.00 rootload=0.99
ramon: end                  Thu Feb 13 13:00:39 2025
ramon: root.execname        z3
ramon: root.utime           4.980s
ramon: root.stime           0.100s
ramon: group.total          5.096s
ramon: group.utime          4.988s
ramon: group.stime          0.108s
ramon: group.mempeak        39904KiB
ramon: group.pidpeak        2
ramon: status               exited
ramon: exitcode             0
ramon: walltime             5.135s
ramon: loadavg              0.99
