ramon: cwd                  /home/runner/a/_work/z3-poly-testing/z3-poly-testing
ramon: start                Thu Feb 13 12:52:56 2025
ramon: nproc                128
ramon: sys.mem              64150 MiB
ramon: sys.mem.free         34000 MiB
ramon: sys.mem.avail        64036 MiB
ramon: sys.nprocs           3143
ramon: argv                 0 = z3
ramon: argv                 1 = inputs/QF_LIA/v20_problem__018.smt2.slack.smt2
ramon: argv                 2 = -T:600
ramon: argv                 3 = -st
ramon: childpid             3374461
ramon: end                  Thu Feb 13 12:52:56 2025
ramon: root.execname        z3
ramon: root.utime           0.070s
ramon: root.stime           0.050s
ramon: group.total          0.124s
ramon: group.utime          0.072s
ramon: group.stime          0.052s
ramon: group.mempeak        20492KiB
ramon: group.pidpeak        3
ramon: status               exited
ramon: exitcode             0
ramon: walltime             0.146s
ramon: loadavg              0.85
