ramon: cwd                  /home/runner/a/_work/z3-poly-testing/z3-poly-testing
ramon: start                Thu Feb 13 13:05:00 2025
ramon: nproc                128
ramon: sys.mem              64150 MiB
ramon: sys.mem.free         31717 MiB
ramon: sys.mem.avail        64033 MiB
ramon: sys.nprocs           2955
ramon: argv                 0 = z3
ramon: argv                 1 = inputs/QF_LIA/v45_problem_2__022.smt2.slack.smt2
ramon: argv                 2 = -T:600
ramon: argv                 3 = -st
ramon: childpid             3432700
ramon: end                  Thu Feb 13 13:05:00 2025
ramon: root.execname        z3
ramon: root.utime           0.190s
ramon: root.stime           0.080s
ramon: group.total          0.281s
ramon: group.utime          0.194s
ramon: group.stime          0.087s
ramon: group.mempeak        21244KiB
ramon: group.pidpeak        3
ramon: status               exited
ramon: exitcode             0
ramon: walltime             0.302s
ramon: loadavg              0.93
