ramon: cwd                  /home/runner/a/_work/z3-poly-testing/z3-poly-testing
ramon: start                Fri Sep  6 01:10:07 2024
ramon: nproc                128
ramon: sys.mem              64150 MiB
ramon: sys.mem.free         51982 MiB
ramon: sys.mem.avail        63838 MiB
ramon: sys.nprocs           2143
ramon: argv                 0 = z3
ramon: argv                 1 = inputs/QF_BV_SAT/bin_libsmbsharemodes_vc6295.smt2
ramon: argv                 2 = -T:20
ramon: argv                 3 = -v:2
ramon: argv                 4 = -st
ramon: argv                 5 = tactic.default_tactic=(then simplify propagate-values solve-eqs simplify sls-smt)
ramon: childpid             525059
UNITS -822 -823 -833 -87 -1310 1630 -2240
(sat.ddfw :unsat :models :kflips/sec  :flips  :restarts  :reinits  :unsat_vars  :shifts)
(sat.ddfw      75      3   151.788     10018         0          0          138      566)
(sat.ddfw      35      3   68.4354     20078         0          1           69     1497)
(sat.ddfw      46      2   56.3898     40040         0          2           74     2927)
(sat.ddfw      26      1   46.0923     70000         0          3           45     5590)
ramon: poll                 wall=01.000s usage=00.999s user=00.985s sys=00.014s mem=23300KiB roottime=0.980s load=1.00 rootload=0.98
(sat.ddfw      94      5   39.7351    110053         0          4          149     9058)
(sat.ddfw      87      5   33.4659    160051         0          5          137    14266)
ramon: poll                 wall=02.000s usage=01.999s user=01.985s sys=00.014s mem=23300KiB roottime=1.980s load=1.00 rootload=1.00
(sat.ddfw      50      2    29.975    220031         1          6           88    18787)
(sat.ddfw      74      5   26.9773    290037         1          7          130    25403)
ramon: poll                 wall=03.000s usage=02.999s user=02.985s sys=00.014s mem=23300KiB roottime=2.980s load=1.00 rootload=1.00
(sat.ddfw     103      1   25.0904    370000         2          8          178    32513)
(sat.ddfw      56      6   23.5063    460076         3          9          100    41085)
ramon: poll                 wall=04.000s usage=03.999s user=03.985s sys=00.014s mem=23300KiB roottime=3.980s load=1.00 rootload=1.00
ramon: poll                 wall=05.000s usage=04.999s user=04.985s sys=00.014s mem=23212KiB roottime=4.980s load=1.00 rootload=1.00
(sat.ddfw      52      3   19.6382    560015         4         10          106    48967)
(sat.ddfw      79      5   18.5706    670083         5         11          144    59967)
ramon: poll                 wall=06.000s usage=05.998s user=05.984s sys=00.014s mem=23212KiB roottime=5.980s load=1.00 rootload=1.00
(sat.ddfw       1      3   17.6764    790000         6         12            6    71955)
ramon: poll                 wall=07.000s usage=06.998s user=06.984s sys=00.014s mem=23212KiB roottime=6.980s load=1.00 rootload=1.00
(sat.ddfw       1      2   16.7353    920000         8         13            3    89431)
ramon: poll                 wall=08.000s usage=07.998s user=07.984s sys=00.014s mem=23212KiB roottime=7.980s load=1.00 rootload=1.00
(sat.ddfw      36      1   15.7658   1060000         9         14           66   102261)
ramon: poll                 wall=09.000s usage=08.998s user=08.984s sys=00.014s mem=23212KiB roottime=8.980s load=1.00 rootload=1.00
(sat.ddfw      75      8   15.2551   1210019        10         15          121   120012)
ramon: poll                 wall=10.000s usage=09.998s user=09.984s sys=00.014s mem=23212KiB roottime=9.980s load=1.00 rootload=1.00
(sat.ddfw       1      2   14.6248   1370000        11         16           13   138158)
ramon: poll                 wall=11.000s usage=10.998s user=10.984s sys=00.014s mem=23212KiB roottime=10.980s load=1.00 rootload=1.00
ramon: poll                 wall=12.000s usage=11.998s user=11.984s sys=00.014s mem=23212KiB roottime=11.980s load=1.00 rootload=1.00
(sat.ddfw      29      2   13.9699   1540000        13         17           54   161367)
ramon: poll                 wall=13.000s usage=12.998s user=12.984s sys=00.014s mem=23212KiB roottime=12.980s load=1.00 rootload=1.00
(sat.ddfw      24      3   13.3028   1720000        14         18           51   179521)
ramon: poll                 wall=14.000s usage=13.998s user=13.984s sys=00.014s mem=23212KiB roottime=13.980s load=1.00 rootload=1.00
ramon: poll                 wall=15.000s usage=14.998s user=14.984s sys=00.014s mem=23212KiB roottime=14.980s load=1.00 rootload=1.00
(sat.ddfw     123     29   12.6781   1910134        15         19          200   203196)
ramon: poll                 wall=16.000s usage=15.998s user=15.984s sys=00.014s mem=23212KiB roottime=15.980s load=1.00 rootload=1.00
(sat.ddfw      97     10    12.096   2110130        15         20          169   222743)
ramon: poll                 wall=17.000s usage=16.997s user=16.983s sys=00.014s mem=23212KiB roottime=16.980s load=1.00 rootload=1.00
ramon: poll                 wall=18.000s usage=17.997s user=17.983s sys=00.014s mem=23212KiB roottime=17.980s load=1.00 rootload=1.00
(sat.ddfw      65      9   11.5688   2320000        15         21          122   249031)
ramon: poll                 wall=19.000s usage=18.997s user=18.983s sys=00.014s mem=23212KiB roottime=18.980s load=1.00 rootload=1.00
(sat.ddfw      83      8   11.1422   2540003        15         22          147   272023)
ramon: poll                 wall=20.000s usage=19.997s user=19.983s sys=00.014s mem=23212KiB roottime=19.980s load=1.00 rootload=1.00
ramon: end                  Fri Sep  6 01:10:27 2024
ramon: root.execname        z3
ramon: root.utime           19.980s
ramon: root.stime           0.010s
ramon: group.total          20.006s
ramon: group.utime          19.988s
ramon: group.stime          0.018s
ramon: group.mempeak        23468KiB
ramon: group.pidpeak        2
ramon: status               exited
ramon: exitcode             0
ramon: walltime             20.008s
ramon: loadavg              1.00
