ramon: cwd                  /home/runner/a/_work/z3-poly-testing/z3-poly-testing
ramon: start                Fri Apr  4 17:14:23 2025
ramon: nproc                128
ramon: sys.mem              64150 MiB
ramon: sys.mem.free         40874 MiB
ramon: sys.mem.avail        63895 MiB
ramon: sys.nprocs           3051
ramon: argv                 0 = z3
ramon: argv                 1 = /home/runner/a/_work/z3-poly-testing/z3-poly-testing/download/non-incremental/QF_LIA/nec-smt/med/int_from_list/prp-23-35.smt2
ramon: argv                 2 = -T:600
ramon: argv                 3 = -st
ramon: argv                 4 = lp.dio_eqs=true
ramon: childpid             2290536
ramon: poll                 wall=01.000s usage=00.974s user=00.862s sys=00.112s mem=22212KiB roottime=0.860s load=0.97 rootload=0.86
ramon: poll                 wall=02.022s usage=01.995s user=01.844s sys=00.151s mem=29060KiB roottime=1.840s load=1.00 rootload=0.96
ramon: poll                 wall=03.000s usage=02.973s user=02.818s sys=00.155s mem=29316KiB roottime=2.810s load=1.00 rootload=0.99
ramon: poll                 wall=04.000s usage=03.973s user=03.811s sys=00.162s mem=29220KiB roottime=3.810s load=1.00 rootload=1.00
ramon: end                  Fri Apr  4 17:14:27 2025
ramon: root.execname        z3
ramon: root.utime           3.850s
ramon: root.stime           0.180s
ramon: group.total          4.038s
ramon: group.utime          3.857s
ramon: group.stime          0.181s
ramon: group.mempeak        29572KiB
ramon: group.pidpeak        2
ramon: status               exited
ramon: exitcode             0
ramon: walltime             4.068s
ramon: loadavg              0.99
