ramon: cwd                  /home/gh1/A/_work/z3-poly-testing/z3-poly-testing
ramon: start                Sun Oct 13 13:53:39 2024
ramon: nproc                32
ramon: sys.mem              63442 MiB
ramon: sys.mem.free         34238 MiB
ramon: sys.mem.avail        62803 MiB
ramon: sys.nprocs           3329
ramon: argv                 0 = z3
ramon: argv                 1 = inputs/QF_UF_SAT/gensys_brn1137.smt2
ramon: argv                 2 = -T:20
ramon: argv                 3 = -v:2
ramon: argv                 4 = sls.euf_incremental=1
ramon: argv                 5 = -st
ramon: argv                 6 = tactic.default_tactic=(then simplify propagate-values solve-eqs simplify sls-smt)
ramon: argv                 7 = model_validate=true
ramon: childpid             588711
UNITS -160 -161 -162 -163 -164 -380 -381 -382 -383 -384 -385 -386 -387 -388 -389 -390 -391 -392 -393 -394 -395 -396 -397 -398 -399 -400 -401 -402 -403 -404 -405 -406 -407 -408 -409 -410 -411 -412 -413 -414 -415 -416 -417 -418 -419 -420 -421 -422 -423 -424 -425 -426 -427 -428 -429 -430 -431 -432 -433 -434 -435 -436 -437 -438 -439 -440 -441 -442 -443 -444 -445 -446 -447 -448 -449 -450 -451 -452 -453 -454 -455 -456 -457 -458 -459 -460 -461 -462 -463 -464 -465 -466 -467 -468 -469 -470 -471 -472 -473 -474 -475 -476 -477 -478 -479 -480 -481 -482 -483 -484 -485 -486 -487 -488 -489
sls.euf: incremental 1
(sat.ddfw :unsat :models :kflips/sec  :flips  :restarts  :reinits  :unsat_vars  :shifts)
(sat.ddfw      68      0   41.8042     10033         2          0          156      517)
(sat.ddfw      74      0   21.1699     20004        15          1          165      988)
(sat.ddfw      65      0   22.0132     40036        71          2          164     2172)
ramon: poll                 wall=1.000s usage=0.932s mem=19664KiB load=0.93 rootload=0.92
(sat.ddfw      70      0   19.2943     70000       155          3          172     4405)
ramon: poll                 wall=2.000s usage=1.931s mem=19664KiB load=1.00 rootload=1.00
(sat.ddfw       8      0   16.7856    110000       261          4           20     6688)
ramon: poll                 wall=3.000s usage=2.930s mem=19664KiB load=1.00 rootload=1.00
(sat.ddfw      58      0   14.4159    160052       415          5          150     9944)
ramon: poll                 wall=4.000s usage=3.930s mem=19664KiB load=1.00 rootload=1.00
(sat.ddfw       1      0   12.5941    220000       583          6            4    13716)
ramon: poll                 wall=5.002s usage=4.932s mem=19664KiB load=1.00 rootload=1.00
ramon: poll                 wall=6.000s usage=5.929s mem=19664KiB load=1.00 rootload=1.00
(sat.ddfw      90      0    11.177    290013       791          7          200    18743)
ramon: poll                 wall=7.000s usage=6.929s mem=19664KiB load=1.00 rootload=1.00
ramon: poll                 wall=8.000s usage=7.928s mem=19664KiB load=1.00 rootload=1.00
(sat.ddfw       9      0   9.98714    370000      1017          8           23    23800)
ramon: poll                 wall=9.000s usage=8.928s mem=19664KiB load=1.00 rootload=1.00
(sat.ddfw      38      0    9.0735    460000      1279          9          118    30672)
ramon: poll                 wall=10.000s usage=9.928s mem=19664KiB load=1.00 rootload=0.99
ramon: poll                 wall=11.000s usage=10.927s mem=19664KiB load=1.00 rootload=1.00
ramon: poll                 wall=12.000s usage=11.927s mem=19664KiB load=1.00 rootload=1.00
(sat.ddfw       4      0   8.26925    560000      1567         10           11    37010)
ramon: poll                 wall=13.000s usage=12.927s mem=19664KiB load=1.00 rootload=1.00
ramon: poll                 wall=14.000s usage=13.926s mem=19664KiB load=1.00 rootload=1.00
(sat.ddfw      60      0   7.62269    670003      1886         11          151    45855)
ramon: poll                 wall=15.000s usage=14.926s mem=19664KiB load=1.00 rootload=1.00
ramon: poll                 wall=16.000s usage=15.925s mem=19664KiB load=1.00 rootload=1.00
ramon: poll                 wall=17.000s usage=16.925s mem=19664KiB load=1.00 rootload=1.00
(sat.ddfw       2      0    7.0396    790000      2234         12            7    53453)
ramon: poll                 wall=18.000s usage=17.925s mem=19668KiB load=1.00 rootload=1.00
ramon: poll                 wall=19.002s usage=18.926s mem=19668KiB load=1.00 rootload=1.00
(sat.ddfw       4      0   6.56466    920000      2610         13           11    63599)
ramon: poll                 wall=20.000s usage=19.923s mem=19668KiB load=1.00 rootload=1.00
ramon: end                  Sun Oct 13 13:53:59 2024
ramon: root.execname        z3
ramon: root.utime           19.980s
ramon: root.stime           0.000s
ramon: group.total          19.994s
ramon: group.utime          19.986s
ramon: group.stime          0.008s
ramon: group.mempeak        19924KiB
ramon: group.pidpeak        2
ramon: status               exited
ramon: exitcode             0
ramon: walltime             20.071s
ramon: loadavg              1.00
