ramon: cwd                  /home/gh1/A/_work/z3-poly-testing/z3-poly-testing
ramon: start                Sun Oct 13 13:44:38 2024
ramon: nproc                32
ramon: sys.mem              63442 MiB
ramon: sys.mem.free         34375 MiB
ramon: sys.mem.avail        62804 MiB
ramon: sys.nprocs           3349
ramon: argv                 0 = z3
ramon: argv                 1 = inputs/QF_UF_SAT/gensys_brn922.smt2
ramon: argv                 2 = -T:20
ramon: argv                 3 = -v:2
ramon: argv                 4 = sls.euf_incremental=1
ramon: argv                 5 = -st
ramon: argv                 6 = tactic.default_tactic=(then simplify propagate-values solve-eqs simplify sls-smt)
ramon: argv                 7 = model_validate=true
ramon: childpid             558477
UNITS -405 -406 -407 -408 -409 -410 -411 -412 -413 -414 -415 -416 -417 -418 -419 -420 -421 -422 -423 -424 -425 -426 -427 -428 -429 -430 -431 -432 -433 -434 -435 -436 -437 -438 -439 -440 -441 -442 -443 -444 -445 -446 -447 -448 -449 -450 -451 -452 -453 -454 -455 -456 -457 -458 -459 -460 -461 -462 -463 -464 -465 -466 -467 -468 -469 -470 -471 -472 -473 -474 -475 -476 -477 -478 -479 -480 -481 -482 -483 -484 -485 -486 -487 -488 -489 -490 -491 -492 -493 -494 -495 -496 -497 -498 -499 -500 -501 -502 -503 -504 -505 -506 -507 -508 -509 -510 -511 -512 -513 -514
sls.euf: incremental 1
(sat.ddfw :unsat :models :kflips/sec  :flips  :restarts  :reinits  :unsat_vars  :shifts)
(sat.ddfw      67      0   42.2616     10016         2          0          164      622)
(sat.ddfw       4      0    21.471     20000        18          1           19     1153)
(sat.ddfw      58      0   22.2131     40014        80          2          147     2665)
ramon: poll                 wall=1.000s usage=0.942s mem=19556KiB load=0.94 rootload=0.92
(sat.ddfw      74      0   19.2633     70007       168          3          161     4571)
ramon: poll                 wall=2.000s usage=1.941s mem=19792KiB load=1.00 rootload=0.99
(sat.ddfw      81      0   16.4784    110000       286          4          161     7162)
ramon: poll                 wall=3.000s usage=2.941s mem=19784KiB load=1.00 rootload=0.99
(sat.ddfw       1      0   14.1965    160000       437          5            6    10034)
ramon: poll                 wall=4.002s usage=3.944s mem=19568KiB load=1.00 rootload=0.99
(sat.ddfw      28      0   12.4481    220000       616          6           83    14322)
ramon: poll                 wall=5.000s usage=4.940s mem=19760KiB load=1.00 rootload=0.99
ramon: poll                 wall=6.000s usage=5.940s mem=19740KiB load=1.00 rootload=0.99
(sat.ddfw      14      0   11.0602    290000       826          7           48    18744)
ramon: poll                 wall=7.000s usage=6.940s mem=19756KiB load=1.00 rootload=0.99
ramon: poll                 wall=8.000s usage=7.939s mem=19720KiB load=1.00 rootload=0.99
(sat.ddfw       4      0   9.96885    370000      1064          8           12    24341)
ramon: poll                 wall=9.002s usage=8.943s mem=19676KiB load=1.00 rootload=0.99
ramon: poll                 wall=10.000s usage=9.939s mem=19548KiB load=1.00 rootload=1.00
(sat.ddfw      73      0   9.02135    460006      1341          9          155    29516)
ramon: poll                 wall=11.000s usage=10.939s mem=19640KiB load=1.00 rootload=0.99
ramon: poll                 wall=12.000s usage=11.938s mem=19684KiB load=1.00 rootload=0.99
(sat.ddfw      64      0    8.2551    560000      1645         10          158    35721)
ramon: poll                 wall=13.000s usage=12.938s mem=19776KiB load=1.00 rootload=0.99
ramon: poll                 wall=14.000s usage=13.938s mem=19624KiB load=1.00 rootload=0.99
(sat.ddfw      45      0   7.62935    670000      1977         11          132    42725)
ramon: poll                 wall=15.000s usage=14.937s mem=19720KiB load=1.00 rootload=0.99
ramon: poll                 wall=16.000s usage=15.936s mem=19680KiB load=1.00 rootload=0.99
ramon: poll                 wall=17.000s usage=16.936s mem=19672KiB load=1.00 rootload=0.99
(sat.ddfw      31      0   7.05384    790000      2336         12          110    50104)
ramon: poll                 wall=18.000s usage=17.936s mem=19700KiB load=1.00 rootload=1.00
ramon: poll                 wall=19.000s usage=18.936s mem=19728KiB load=1.00 rootload=0.99
(sat.ddfw      34      0   6.56665    920000      2740         13           83    59003)
ramon: poll                 wall=20.000s usage=19.935s mem=19760KiB load=1.00 rootload=0.99
ramon: end                  Sun Oct 13 13:44:58 2024
ramon: root.execname        z3
ramon: root.utime           19.810s
ramon: root.stime           0.180s
ramon: group.total          19.996s
ramon: group.utime          19.816s
ramon: group.stime          0.180s
ramon: group.mempeak        20120KiB
ramon: group.pidpeak        2
ramon: status               exited
ramon: exitcode             0
ramon: walltime             20.059s
ramon: loadavg              1.00
