ramon: cwd                  /home/runner/a/_work/z3-poly-testing/z3-poly-testing
ramon: start                Thu Mar 27 09:27:45 2025
ramon: nproc                128
ramon: sys.mem              64150 MiB
ramon: sys.mem.free         44885 MiB
ramon: sys.mem.avail        64019 MiB
ramon: sys.nprocs           3111
ramon: argv                 0 = z3
ramon: argv                 1 = /home/runner/a/_work/z3-poly-testing/z3-poly-testing/download/non-incremental/QF_LIA/bofill-scheduling/SMT_real_LIA/ex6480_2400_100.smt2
ramon: argv                 2 = -T:600
ramon: argv                 3 = -st
ramon: argv                 4 = smt.arith.lp.dio_eqs=true
ramon: childpid             1532210
ramon: poll                 wall=01.008s usage=00.978s user=00.915s sys=00.063s mem=26164KiB roottime=0.910s load=0.97 rootload=0.90
ramon: poll                 wall=02.000s usage=01.968s user=01.904s sys=00.065s mem=27076KiB roottime=1.900s load=1.00 rootload=1.00
ramon: poll                 wall=03.003s usage=02.970s user=02.904s sys=00.066s mem=27384KiB roottime=2.900s load=1.00 rootload=1.00
ramon: end                  Thu Mar 27 09:27:49 2025
ramon: root.execname        z3
ramon: root.utime           2.950s
ramon: root.stime           0.070s
ramon: group.total          3.034s
ramon: group.utime          2.958s
ramon: group.stime          0.077s
ramon: group.mempeak        27384KiB
ramon: group.pidpeak        2
ramon: status               exited
ramon: exitcode             0
ramon: walltime             3.069s
ramon: loadavg              0.99
