ramon: cwd                  /home/gh1/A/_work/z3-poly-testing/z3-poly-testing
ramon: start                Sun Oct 27 10:10:29 2024
ramon: nproc                32
ramon: sys.mem              63442 MiB
ramon: sys.mem.free         27638 MiB
ramon: sys.mem.avail        62220 MiB
ramon: sys.nprocs           2758
ramon: argv                 0 = z3
ramon: argv                 1 = inputs/QF_NIA_SAT/From_T2__slayer-3-new.t2_fixed__p21832_safety_0.smt2
ramon: argv                 2 = -T:20
ramon: argv                 3 = -v:2
ramon: argv                 4 = smt.sls.enable=false
ramon: argv                 5 = sat.smt=false
ramon: argv                 6 = -st
ramon: argv                 7 = tactic.default_tactic=(then simplify propagate-values solve-eqs simplify smt)
ramon: argv                 8 = model_validate=true
ramon: childpid             1155627
(smt.searching)
(smt.stats :restarts     :decisions :clauses/bin/units       :simplify   :memory)
(smt.stats        :conflicts    :propagations        :lemmas      :deletions   )
(smt.stats    0      0      0      0  3265/3169/69       0/0     0    0   20.18)
(nlsat :conflicts 2 :decisions 0 :propagations 150 :clauses 673 :learned 2)
(nlsat :conflicts 2 :decisions 0 :propagations 183 :clauses 667 :learned 2)
(nlsat :conflicts 1 :decisions 0 :propagations 161 :clauses 677 :learned 1)
(nlsat :conflicts 2 :decisions 0 :propagations 155 :clauses 678 :learned 2)
(nlsat :conflicts 2 :decisions 0 :propagations 163 :clauses 694 :learned 2)
(nlsat :conflicts 2 :decisions 0 :propagations 191 :clauses 680 :learned 2)
(nlsat :conflicts 2 :decisions 0 :propagations 113 :clauses 782 :learned 2)
(nlsat :conflicts 2 :decisions 0 :propagations 109 :clauses 737 :learned 2)
(smt.stats    0    101   2733   1249  3453/3260/111     145/4     1   14   22.67)
(nlsat :conflicts 2 :decisions 0 :propagations 157 :clauses 885 :learned 2)
(nlsat :conflicts 1 :decisions 0 :propagations 44 :clauses 873 :learned 1)
(nlsat :conflicts 1 :decisions 0 :propagations 200 :clauses 870 :learned 1)
(nlsat :conflicts 1 :decisions 0 :propagations 236 :clauses 904 :learned 1)
(nlsat :conflicts 1 :decisions 0 :propagations 189 :clauses 916 :learned 1)
(nlsat :conflicts 2 :decisions 0 :propagations 177 :clauses 931 :learned 2)
(nlsat :conflicts 1 :decisions 0 :propagations 207 :clauses 934 :learned 1)
(nlsat :conflicts 1 :decisions 0 :propagations 184 :clauses 903 :learned 1)
(smt.stats    1    203   5159   2978  3732/3528/112     326/19     2   15   24.44)
(nlsat :conflicts 1 :decisions 0 :propagations 171 :clauses 945 :learned 1)
(nlsat :conflicts 1 :decisions 0 :propagations 252 :clauses 969 :learned 1)
(nlsat :conflicts 2 :decisions 0 :propagations 219 :clauses 992 :learned 2)
(nlsat :conflicts 1 :decisions 0 :propagations 173 :clauses 965 :learned 1)
(nlsat :conflicts 3 :decisions 0 :propagations 218 :clauses 948 :learned 3)
(nlsat :conflicts 2 :decisions 0 :propagations 85 :clauses 948 :learned 2)
(nlsat :conflicts 1 :decisions 0 :propagations 182 :clauses 961 :learned 1)
(nlsat :conflicts 1 :decisions 0 :propagations 172 :clauses 957 :learned 1)
(nlsat :conflicts 1 :decisions 0 :propagations 198 :clauses 960 :learned 1)
(nlsat :conflicts 1 :decisions 0 :propagations 211 :clauses 979 :learned 1)
(nlsat :conflicts 1 :decisions 0 :propagations 221 :clauses 970 :learned 1)
(nlsat :conflicts 3 :decisions 0 :propagations 218 :clauses 985 :learned 3)
(nlsat :conflicts 1 :decisions 0 :propagations 219 :clauses 983 :learned 1)
(smt.stats    2    314  12913   5607  4007/3713/113     500/34     3   16   25.44)
(nlsat :conflicts 1 :decisions 0 :propagations 181 :clauses 1011 :learned 1)
(nlsat :conflicts 1 :decisions 0 :propagations 194 :clauses 993 :learned 1)
(nlsat :conflicts 1 :decisions 0 :propagations 230 :clauses 992 :learned 1)
(nlsat :conflicts 3 :decisions 0 :propagations 247 :clauses 1011 :learned 3)
(nlsat :conflicts 2 :decisions 0 :propagations 198 :clauses 1027 :learned 2)
(nlsat :conflicts 1 :decisions 0 :propagations 194 :clauses 1025 :learned 1)
(nlsat :conflicts 2 :decisions 0 :propagations 41 :clauses 1033 :learned 2)
(nlsat :conflicts 1 :decisions 0 :propagations 34 :clauses 1011 :learned 1)
(nlsat :conflicts 2 :decisions 0 :propagations 203 :clauses 1033 :learned 2)
(nlsat :conflicts 1 :decisions 0 :propagations 56 :clauses 1073 :learned 1)
(smt.stats    3    416  22531   9408  4230/3968/113     697/36     3   16   26.32)
(nlsat :conflicts 2 :decisions 0 :propagations 200 :clauses 1057 :learned 2)
(nlsat :conflicts 1 :decisions 0 :propagations 244 :clauses 1120 :learned 1)
(nlsat :conflicts 1 :decisions 0 :propagations 191 :clauses 1118 :learned 1)
ramon: poll                 wall=1.000s usage=0.907s mem=29232KiB load=0.91 rootload=0.90
(nlsat :conflicts 1 :decisions 0 :propagations 195 :clauses 1154 :learned 1)
(nlsat :conflicts 1 :decisions 0 :propagations 221 :clauses 1143 :learned 1)
(smt.stats    4    527  37095  13428  4388/4171/113    1006/40     3   16   27.22)
(nlsat :conflicts 1 :decisions 0 :propagations 180 :clauses 1116 :learned 1)
(nlsat :conflicts 1 :decisions 0 :propagations 269 :clauses 1139 :learned 1)
(nlsat :conflicts 1 :decisions 0 :propagations 207 :clauses 1166 :learned 1)
(smt.stats    5    649  54340  19896  4568/4338/114    1364/52     4   17   27.81)
(nlsat :conflicts 1 :decisions 0 :propagations 186 :clauses 1135 :learned 1)
(nlsat :conflicts 1 :decisions 0 :propagations 173 :clauses 1121 :learned 1)
(nlsat :conflicts 1 :decisions 0 :propagations 48 :clauses 1162 :learned 1)
(nlsat :conflicts 1 :decisions 0 :propagations 211 :clauses 1179 :learned 1)
(smt.stats :restarts :decisions    :clauses/bin/units          :simplify   :memory)
(smt.stats      :conflicts  :propagations          :lemmas         :deletions    )
(smt.stats    6    750  65359  23261  4718/4425/114    1669/54     4   17   28.92)
(nlsat :conflicts 1 :decisions 0 :propagations 38 :clauses 1203 :learned 1)
(nlsat :conflicts 1 :decisions 0 :propagations 57 :clauses 1216 :learned 1)
(nlsat :conflicts 1 :decisions 0 :propagations 228 :clauses 1168 :learned 1)
(nlsat :conflicts 1 :decisions 0 :propagations 209 :clauses 1206 :learned 1)
(nlsat :conflicts 1 :decisions 0 :propagations 203 :clauses 1197 :learned 1)
(nlsat :conflicts 1 :decisions 0 :propagations 190 :clauses 1195 :learned 1)
ramon: poll                 wall=2.000s usage=1.882s mem=32900KiB load=0.97 rootload=0.98
(nlsat :conflicts 1 :decisions 0 :propagations 69 :clauses 1277 :learned 1)
(nlsat :conflicts 1 :decisions 0 :propagations 53 :clauses 1228 :learned 1)
(nlsat :conflicts 3 :decisions 0 :propagations 288 :clauses 1237 :learned 3)
(nlsat :conflicts 2 :decisions 0 :propagations 141 :clauses 1343 :learned 2)
(nlsat :conflicts 2 :decisions 0 :propagations 42 :clauses 1241 :learned 2)
(nlsat :conflicts 1 :decisions 0 :propagations 219 :clauses 1241 :learned 1)
(nlsat :conflicts 1 :decisions 0 :propagations 232 :clauses 1265 :learned 1)
(nlsat :conflicts 1 :decisions 0 :propagations 56 :clauses 1304 :learned 1)
(smt.stats    7    862  75971  26863  5049/4637/114    1864/55     4   17   30.08)
(nlsat :conflicts 1 :decisions 0 :propagations 21 :clauses 1193 :learned 1)
(nlsat :conflicts 1 :decisions 0 :propagations 23 :clauses 1191 :learned 1)
(nlsat :conflicts 1 :decisions 0 :propagations 23 :clauses 1196 :learned 1)
(nlsat :conflicts 1 :decisions 0 :propagations 56 :clauses 1243 :learned 1)
(nlsat :conflicts 2 :decisions 0 :propagations 23 :clauses 1208 :learned 2)
(nlsat :conflicts 1 :decisions 0 :propagations 38 :clauses 1219 :learned 1)
(nlsat :conflicts 1 :decisions 0 :propagations 28 :clauses 1232 :learned 1)
(nlsat :conflicts 1 :decisions 0 :propagations 30 :clauses 1233 :learned 1)
(nlsat :conflicts 1 :decisions 0 :propagations 32 :clauses 1271 :learned 1)
(nlsat :conflicts 1 :decisions 0 :propagations 21 :clauses 1226 :learned 1)
(nlsat :conflicts 1 :decisions 0 :propagations 278 :clauses 1244 :learned 1)
(nlsat :conflicts 2 :decisions 0 :propagations 44 :clauses 1252 :learned 2)
(nlsat :conflicts 1 :decisions 0 :propagations 206 :clauses 1259 :learned 1)
(nlsat :conflicts 1 :decisions 0 :propagations 80 :clauses 1356 :learned 1)
(nlsat :conflicts 1 :decisions 0 :propagations 26 :clauses 1260 :learned 1)
(nlsat :conflicts 1 :decisions 0 :propagations 23 :clauses 1261 :learned 1)
(nlsat :conflicts 1 :decisions 0 :propagations 48 :clauses 1309 :learned 1)
(nlsat :conflicts 1 :decisions 0 :propagations 32 :clauses 1269 :learned 1)
(smt.stats    8    984  91749  32630  5429/5036/114    2101/58     4   17   31.47)
(nlsat :conflicts 1 :decisions 0 :propagations 301 :clauses 1333 :learned 1)
(nlsat :conflicts 1 :decisions 0 :propagations 278 :clauses 1353 :learned 1)
(nlsat :conflicts 2 :decisions 0 :propagations 312 :clauses 1323 :learned 2)
(nlsat :conflicts 1 :decisions 0 :propagations 293 :clauses 1323 :learned 1)
(nlsat :conflicts 2 :decisions 0 :propagations 289 :clauses 1309 :learned 2)
ramon: poll                 wall=3.000s usage=2.881s mem=35496KiB load=1.00 rootload=1.00
(nlsat :conflicts 2 :decisions 0 :propagations 288 :clauses 1307 :learned 2)
(nlsat :conflicts 1 :decisions 0 :propagations 185 :clauses 1317 :learned 1)
(nlsat :conflicts 1 :decisions 0 :propagations 168 :clauses 1329 :learned 1)
(smt.stats    9   1118 114226  41737  5729/5369/114    3488/61     4   17   32.23)
(nlsat :conflicts 1 :decisions 0 :propagations 26 :clauses 1271 :learned 1)
(nlsat :conflicts 1 :decisions 0 :propagations 32 :clauses 1272 :learned 1)
(nlsat :conflicts 1 :decisions 0 :propagations 17 :clauses 1253 :learned 1)
(nlsat :conflicts 1 :decisions 0 :propagations 311 :clauses 1280 :learned 1)
(nlsat :conflicts 1 :decisions 0 :propagations 35 :clauses 1290 :learned 1)
(nlsat :conflicts 1 :decisions 0 :propagations 16 :clauses 1271 :learned 1)
(nlsat-b&b :conflicts 84 :decisions 0 :propagations 4569 :clauses 1271 :learned 84)
(nlsat-b&b :conflicts 86 :decisions 3 :propagations 6007 :clauses 1271 :learned 154)
(nlsat-b&b :conflicts 88 :decisions 8 :propagations 7531 :clauses 1271 :learned 211)
(smt.stats   10   1183 128519  49519  5900/5572/114    3758/63     4   17   33.35)
ramon: end                  Sun Oct 27 10:10:32 2024
ramon: root.execname        z3
ramon: root.utime           3.170s
ramon: root.stime           0.000s
ramon: group.total          3.183s
ramon: group.utime          3.179s
ramon: group.stime          0.004s
ramon: group.mempeak        37288KiB
ramon: group.pidpeak        2
ramon: status               exited
ramon: exitcode             0
ramon: walltime             3.302s
ramon: loadavg              0.96
