ramon: cwd                  /tmp/runner/actions-runner/_work/z3-poly-testing/z3-poly-testing
ramon: start                Tue Dec 17 21:32:33 2024
ramon: nproc                128
ramon: sys.mem              64150 MiB
ramon: sys.mem.free         49744 MiB
ramon: sys.mem.avail        64130 MiB
ramon: sys.nprocs           3153
ramon: argv                 0 = z3
ramon: argv                 1 = /tmp/runner/actions-runner/_work/z3-poly-testing/z3-poly-testing/download/non-incremental/QF_NIA/20170427-VeryMax/SAT14/456.smt2
ramon: argv                 2 = -T:600
ramon: argv                 3 = -st
ramon: childpid             2178796
ramon: end                  Tue Dec 17 21:32:33 2024
ramon: root.execname        z3
ramon: root.utime           0.030s
ramon: root.stime           0.020s
ramon: group.total          0.060s
ramon: group.utime          0.036s
ramon: group.stime          0.024s
ramon: group.mempeak        23688KiB
ramon: group.pidpeak        3
ramon: status               exited
ramon: exitcode             0
ramon: walltime             0.082s
ramon: loadavg              0.73
