sat
(:arith-lower         45
 :arith-make-feasible 12
 :arith-max-columns   31
 :arith-max-rows      9
 :arith-upper         29
 :binary-propagations 73
 :conflicts           4
 :decisions           11
 :final-checks        1
 :max-memory          18.50
 :memory              18.16
 :mk-bool-var         54
 :mk-clause-binary    69
 :num-allocs          86871
 :num-checks          1
 :propagations        73
 :rlimit-count        4552
 :solve-eqs-elim-vars 14
 :solve-eqs-steps     44
 :time                0.00
 :total-time          0.01)
