ramon: cwd                  /home/gh1/A/_work/z3-poly-testing/z3-poly-testing
ramon: start                Fri Jan 31 11:10:42 2025
ramon: nproc                32
ramon: sys.mem              63441 MiB
ramon: sys.mem.free         13286 MiB
ramon: sys.mem.avail        63434 MiB
ramon: sys.nprocs           1525
ramon: argv                 0 = z3
ramon: argv                 1 = inputs/QF_LIA/n7258-prp-49-49.smt2
ramon: argv                 2 = -T:600
ramon: argv                 3 = -st
ramon: childpid             4147052
ramon: poll                 wall=1.000s usage=0.944s mem=24008KiB load=0.94 rootload=0.93
ramon: poll                 wall=2.000s usage=1.944s mem=26244KiB load=1.00 rootload=1.00
ramon: poll                 wall=3.000s usage=2.944s mem=27268KiB load=1.00 rootload=1.00
ramon: poll                 wall=4.000s usage=3.944s mem=28292KiB load=1.00 rootload=1.00
ramon: poll                 wall=5.005s usage=4.951s mem=30084KiB load=1.00 rootload=1.00
ramon: poll                 wall=6.000s usage=5.943s mem=31876KiB load=1.00 rootload=0.99
ramon: poll                 wall=7.001s usage=6.947s mem=33156KiB load=1.00 rootload=1.01
ramon: poll                 wall=8.000s usage=7.943s mem=33924KiB load=1.00 rootload=0.99
ramon: poll                 wall=9.001s usage=8.946s mem=43644KiB load=1.00 rootload=1.00
ramon: poll                 wall=10.000s usage=9.942s mem=45692KiB load=1.00 rootload=1.00
ramon: poll                 wall=11.000s usage=10.942s mem=45692KiB load=1.00 rootload=1.00
ramon: poll                 wall=12.000s usage=11.942s mem=45692KiB load=1.00 rootload=1.00
ramon: poll                 wall=13.000s usage=12.942s mem=73596KiB load=1.00 rootload=0.99
ramon: poll                 wall=14.000s usage=13.942s mem=102MiB load=1.00 rootload=0.98
ramon: poll                 wall=15.000s usage=14.942s mem=113MiB load=1.00 rootload=1.00
ramon: poll                 wall=16.000s usage=15.940s mem=124MiB load=1.00 rootload=0.99
ramon: poll                 wall=17.000s usage=16.940s mem=179MiB load=1.00 rootload=0.98
ramon: poll                 wall=18.000s usage=17.940s mem=189MiB load=1.00 rootload=1.00
ramon: poll                 wall=19.000s usage=18.939s mem=201MiB load=1.00 rootload=1.00
ramon: poll                 wall=20.000s usage=19.939s mem=213MiB load=1.00 rootload=1.00
ramon: poll                 wall=21.000s usage=20.938s mem=224MiB load=1.00 rootload=1.00
ramon: poll                 wall=22.000s usage=21.931s mem=234MiB load=0.99 rootload=0.98
ramon: poll                 wall=23.000s usage=22.931s mem=370MiB load=1.00 rootload=0.96
ramon: poll                 wall=24.000s usage=23.931s mem=376MiB load=1.00 rootload=0.99
ramon: poll                 wall=25.000s usage=24.882s mem=383MiB load=0.95 rootload=0.95
ramon: poll                 wall=26.000s usage=25.880s mem=390MiB load=1.00 rootload=0.99
ramon: poll                 wall=27.001s usage=26.883s mem=396MiB load=1.00 rootload=1.00
ramon: poll                 wall=28.000s usage=27.879s mem=404MiB load=1.00 rootload=0.99
ramon: poll                 wall=29.000s usage=28.879s mem=411MiB load=1.00 rootload=1.00
ramon: poll                 wall=30.000s usage=29.878s mem=417MiB load=1.00 rootload=1.00
ramon: poll                 wall=31.000s usage=30.878s mem=425MiB load=1.00 rootload=1.00
ramon: poll                 wall=32.000s usage=31.878s mem=431MiB load=1.00 rootload=1.00
ramon: poll                 wall=33.000s usage=32.878s mem=438MiB load=1.00 rootload=0.99
ramon: poll                 wall=34.000s usage=33.877s mem=445MiB load=1.00 rootload=1.00
ramon: poll                 wall=35.000s usage=34.865s mem=452MiB load=0.99 rootload=0.98
ramon: poll                 wall=36.000s usage=35.860s mem=459MiB load=1.00 rootload=0.99
ramon: poll                 wall=37.000s usage=36.860s mem=466MiB load=1.00 rootload=1.00
ramon: poll                 wall=38.021s usage=37.883s mem=473MiB load=1.00 rootload=1.00
ramon: poll                 wall=39.000s usage=38.859s mem=480MiB load=1.00 rootload=0.99
ramon: poll                 wall=40.000s usage=39.859s mem=487MiB load=1.00 rootload=0.99
ramon: poll                 wall=41.001s usage=40.862s mem=494MiB load=1.00 rootload=1.00
ramon: poll                 wall=42.000s usage=41.828s mem=632MiB load=0.97 rootload=0.90
ramon: poll                 wall=43.000s usage=42.827s mem=795MiB load=1.00 rootload=0.93
ramon: poll                 wall=44.000s usage=43.826s mem=802MiB load=1.00 rootload=1.00
ramon: poll                 wall=45.000s usage=44.826s mem=809MiB load=1.00 rootload=1.00
ramon: poll                 wall=46.000s usage=45.825s mem=816MiB load=1.00 rootload=0.99
ramon: poll                 wall=47.000s usage=46.825s mem=823MiB load=1.00 rootload=1.00
ramon: poll                 wall=48.009s usage=47.809s mem=828MiB load=0.98 rootload=0.97
ramon: poll                 wall=49.000s usage=48.797s mem=835MiB load=1.00 rootload=1.00
ramon: poll                 wall=50.000s usage=49.797s mem=842MiB load=1.00 rootload=0.99
ramon: poll                 wall=51.000s usage=50.796s mem=849MiB load=1.00 rootload=1.00
ramon: poll                 wall=52.013s usage=51.811s mem=855MiB load=1.00 rootload=1.00
ramon: poll                 wall=53.000s usage=52.795s mem=862MiB load=1.00 rootload=0.99
ramon: poll                 wall=54.000s usage=53.794s mem=869MiB load=1.00 rootload=1.00
ramon: poll                 wall=55.000s usage=54.777s mem=874MiB load=0.98 rootload=0.97
ramon: poll                 wall=56.025s usage=55.805s mem=881MiB load=1.00 rootload=0.99
ramon: poll                 wall=57.000s usage=56.776s mem=888MiB load=1.00 rootload=1.00
ramon: poll                 wall=58.000s usage=57.776s mem=895MiB load=1.00 rootload=0.99
ramon: poll                 wall=59.057s usage=58.836s mem=902MiB load=1.00 rootload=1.00
ramon: poll                 wall=60.000s usage=59.775s mem=907MiB load=1.00 rootload=1.00
ramon: poll                 wall=61.000s usage=60.775s mem=916MiB load=1.00 rootload=1.00
ramon: poll                 wall=62.000s usage=61.775s mem=922MiB load=1.00 rootload=0.99
ramon: poll                 wall=63.000s usage=62.771s mem=927MiB load=1.00 rootload=0.99
ramon: poll                 wall=64.000s usage=63.771s mem=934MiB load=1.00 rootload=1.00
ramon: poll                 wall=65.081s usage=64.850s mem=941MiB load=1.00 rootload=1.00
ramon: poll                 wall=66.000s usage=65.734s mem=948MiB load=0.96 rootload=0.96
ramon: poll                 wall=67.000s usage=66.733s mem=955MiB load=1.00 rootload=0.99
ramon: poll                 wall=68.000s usage=67.733s mem=960MiB load=1.00 rootload=0.99
ramon: poll                 wall=69.000s usage=68.733s mem=967MiB load=1.00 rootload=1.00
ramon: poll                 wall=70.000s usage=69.730s mem=973MiB load=1.00 rootload=0.99
ramon: poll                 wall=71.000s usage=70.730s mem=979MiB load=1.00 rootload=1.00
ramon: poll                 wall=72.000s usage=71.726s mem=985MiB load=1.00 rootload=0.99
ramon: poll                 wall=73.000s usage=72.724s mem=991MiB load=1.00 rootload=1.00
ramon: poll                 wall=74.000s usage=73.723s mem=998MiB load=1.00 rootload=1.00
ramon: poll                 wall=75.000s usage=74.717s mem=1003MiB load=0.99 rootload=0.99
ramon: poll                 wall=76.000s usage=75.715s mem=1010MiB load=1.00 rootload=1.00
ramon: poll                 wall=77.000s usage=76.715s mem=1015MiB load=1.00 rootload=0.99
ramon: poll                 wall=78.000s usage=77.713s mem=1022MiB load=1.00 rootload=1.00
ramon: poll                 wall=79.005s usage=78.721s mem=1027MiB load=1.00 rootload=1.00
ramon: poll                 wall=80.000s usage=79.384s mem=1032MiB load=0.67 rootload=0.66
ramon: poll                 wall=81.021s usage=80.262s mem=1037MiB load=0.86 rootload=0.85
ramon: poll                 wall=82.001s usage=81.226s mem=1044MiB load=0.98 rootload=0.97
ramon: poll                 wall=83.000s usage=82.222s mem=1051MiB load=1.00 rootload=0.99
ramon: poll                 wall=84.000s usage=83.222s mem=1059MiB load=1.00 rootload=1.00
ramon: poll                 wall=85.000s usage=84.221s mem=1066MiB load=1.00 rootload=0.99
ramon: poll                 wall=86.000s usage=85.221s mem=1071MiB load=1.00 rootload=1.00
ramon: poll                 wall=87.000s usage=86.221s mem=1078MiB load=1.00 rootload=1.00
ramon: poll                 wall=88.000s usage=87.221s mem=1085MiB load=1.00 rootload=1.00
ramon: poll                 wall=89.000s usage=88.220s mem=1092MiB load=1.00 rootload=1.00
ramon: poll                 wall=90.000s usage=89.213s mem=1268MiB load=0.99 rootload=0.94
ramon: poll                 wall=91.000s usage=90.191s mem=1777MiB load=0.98 rootload=0.75
ramon: poll                 wall=92.000s usage=91.190s mem=1783MiB load=1.00 rootload=1.00
ramon: poll                 wall=93.000s usage=92.188s mem=1788MiB load=1.00 rootload=0.99
ramon: poll                 wall=94.000s usage=93.113s mem=1795MiB load=0.92 rootload=0.86
ramon: poll                 wall=95.000s usage=94.111s mem=1798MiB load=1.00 rootload=1.00
ramon: poll                 wall=96.005s usage=94.891s mem=1806MiB load=0.78 rootload=0.77
ramon: poll                 wall=97.000s usage=95.882s mem=1814MiB load=1.00 rootload=0.99
ramon: poll                 wall=98.013s usage=96.897s mem=1817MiB load=1.00 rootload=1.01
ramon: poll                 wall=99.000s usage=97.881s mem=1824MiB load=1.00 rootload=0.99
ramon: poll                 wall=100.000s usage=98.880s mem=1831MiB load=1.00 rootload=0.99
ramon: poll                 wall=101.000s usage=99.880s mem=1840MiB load=1.00 rootload=1.00
ramon: poll                 wall=102.000s usage=100.879s mem=1847MiB load=1.00 rootload=1.00
ramon: poll                 wall=103.000s usage=101.879s mem=1854MiB load=1.00 rootload=1.00
ramon: poll                 wall=104.000s usage=102.761s mem=1858MiB load=0.88 rootload=0.88
ramon: poll                 wall=105.000s usage=103.749s mem=1865MiB load=0.99 rootload=0.98
ramon: poll                 wall=106.000s usage=104.749s mem=1869MiB load=1.00 rootload=1.00
ramon: poll                 wall=107.000s usage=105.749s mem=1877MiB load=1.00 rootload=0.99
ramon: poll                 wall=108.000s usage=106.749s mem=1884MiB load=1.00 rootload=0.99
ramon: poll                 wall=109.000s usage=107.749s mem=1888MiB load=1.00 rootload=1.00
ramon: poll                 wall=110.000s usage=108.748s mem=1895MiB load=1.00 rootload=1.00
ramon: poll                 wall=111.000s usage=109.748s mem=1899MiB load=1.00 rootload=0.99
ramon: poll                 wall=112.000s usage=110.748s mem=1906MiB load=1.00 rootload=1.00
ramon: poll                 wall=113.085s usage=111.836s mem=1914MiB load=1.00 rootload=1.00
ramon: poll                 wall=114.000s usage=112.748s mem=1918MiB load=1.00 rootload=1.01
ramon: poll                 wall=115.000s usage=113.747s mem=1925MiB load=1.00 rootload=0.99
ramon: poll                 wall=116.000s usage=114.739s mem=1929MiB load=0.99 rootload=0.99
ramon: poll                 wall=117.025s usage=115.758s mem=1936MiB load=0.99 rootload=0.98
ramon: poll                 wall=118.000s usage=116.728s mem=1944MiB load=0.99 rootload=0.99
ramon: poll                 wall=119.000s usage=117.726s mem=1951MiB load=1.00 rootload=0.99
[31mramon: msg                  Wall clock time limit reached[0m
ramon: poll                 wall=120.017s usage=118.746s mem=1954MiB load=1.00 rootload=1.00
ramon: end                  Fri Jan 31 11:12:42 2025
ramon: root.execname        z3
ramon: root.utime           117.800s
ramon: root.stime           1.150s
ramon: group.total          118.956s
ramon: group.utime          117.805s
ramon: group.stime          1.151s
ramon: group.mempeak        1954MiB
ramon: group.pidpeak        2
ramon: status               terminated by signal
[31mramon: signal               15 (SIGTERM Terminated)[0m
ramon: core dumped          false
ramon: exitcode             143
ramon: walltime             120.233s
ramon: loadavg              0.99
