ramon: cwd                  /home/gh1/A/_work/z3-poly-testing/z3-poly-testing
ramon: start                Fri Jan 31 11:04:59 2025
ramon: nproc                32
ramon: sys.mem              63441 MiB
ramon: sys.mem.free         1819 MiB
ramon: sys.mem.avail        63435 MiB
ramon: sys.nprocs           1528
ramon: argv                 0 = z3
ramon: argv                 1 = inputs/QF_LIA/n8467-ring_2exp8_7vars_0ite_unsat.smt2
ramon: argv                 2 = -T:600
ramon: argv                 3 = -st
ramon: childpid             4135198
ramon: poll                 wall=1.018s usage=1.017s mem=23320KiB load=1.00 rootload=0.99
ramon: poll                 wall=2.000s usage=1.910s mem=24872KiB load=0.91 rootload=0.90
ramon: poll                 wall=3.000s usage=2.865s mem=26576KiB load=0.95 rootload=0.95
ramon: poll                 wall=4.000s usage=3.864s mem=27248KiB load=1.00 rootload=1.00
ramon: poll                 wall=5.000s usage=4.845s mem=28196KiB load=0.98 rootload=0.98
ramon: poll                 wall=6.000s usage=5.840s mem=28412KiB load=0.99 rootload=0.99
ramon: poll                 wall=7.000s usage=6.839s mem=28668KiB load=1.00 rootload=1.00
ramon: poll                 wall=8.000s usage=7.838s mem=28676KiB load=1.00 rootload=1.00
ramon: poll                 wall=9.000s usage=8.837s mem=28444KiB load=1.00 rootload=1.00
ramon: poll                 wall=10.000s usage=9.819s mem=28700KiB load=0.98 rootload=0.98
ramon: poll                 wall=11.000s usage=10.810s mem=26640KiB load=0.99 rootload=0.98
ramon: poll                 wall=12.000s usage=11.792s mem=26640KiB load=0.98 rootload=0.99
ramon: poll                 wall=13.002s usage=12.794s mem=26640KiB load=1.00 rootload=1.00
ramon: poll                 wall=14.002s usage=13.769s mem=25972KiB load=0.97 rootload=0.97
ramon: poll                 wall=15.034s usage=14.799s mem=26624KiB load=1.00 rootload=1.00
ramon: poll                 wall=16.000s usage=15.760s mem=27300KiB load=0.99 rootload=0.99
ramon: poll                 wall=17.000s usage=16.751s mem=27648KiB load=0.99 rootload=0.99
ramon: poll                 wall=18.006s usage=17.735s mem=28200KiB load=0.98 rootload=0.97
ramon: poll                 wall=19.000s usage=18.672s mem=28964KiB load=0.94 rootload=0.95
ramon: poll                 wall=20.000s usage=19.667s mem=29240KiB load=1.00 rootload=0.99
ramon: poll                 wall=21.000s usage=20.666s mem=29972KiB load=1.00 rootload=1.00
ramon: poll                 wall=22.000s usage=21.666s mem=30448KiB load=1.00 rootload=1.00
ramon: poll                 wall=23.000s usage=22.642s mem=30264KiB load=0.98 rootload=0.97
ramon: poll                 wall=24.026s usage=23.658s mem=30400KiB load=0.99 rootload=0.99
ramon: poll                 wall=25.000s usage=24.630s mem=30696KiB load=1.00 rootload=1.00
ramon: poll                 wall=26.002s usage=25.633s mem=30676KiB load=1.00 rootload=1.00
ramon: poll                 wall=27.000s usage=26.619s mem=30056KiB load=0.99 rootload=0.98
ramon: poll                 wall=28.000s usage=27.616s mem=30056KiB load=1.00 rootload=1.00
ramon: poll                 wall=29.091s usage=28.703s mem=30056KiB load=1.00 rootload=1.00
ramon: poll                 wall=30.002s usage=29.482s mem=30056KiB load=0.85 rootload=0.84
ramon: poll                 wall=31.000s usage=30.469s mem=30056KiB load=0.99 rootload=0.99
ramon: poll                 wall=32.000s usage=31.419s mem=30924KiB load=0.95 rootload=0.94
ramon: poll                 wall=33.000s usage=32.397s mem=31184KiB load=0.98 rootload=0.98
ramon: poll                 wall=34.000s usage=33.397s mem=31208KiB load=1.00 rootload=1.00
ramon: poll                 wall=35.000s usage=34.397s mem=31208KiB load=1.00 rootload=1.00
ramon: poll                 wall=36.000s usage=35.397s mem=31720KiB load=1.00 rootload=1.00
ramon: poll                 wall=37.000s usage=36.261s mem=32844KiB load=0.86 rootload=0.87
ramon: poll                 wall=38.000s usage=37.043s mem=32768KiB load=0.78 rootload=0.77
ramon: poll                 wall=39.000s usage=38.042s mem=33204KiB load=1.00 rootload=1.00
ramon: poll                 wall=40.000s usage=39.041s mem=33276KiB load=1.00 rootload=1.00
ramon: poll                 wall=41.000s usage=40.006s mem=32532KiB load=0.96 rootload=0.96
ramon: poll                 wall=42.000s usage=40.980s mem=32944KiB load=0.97 rootload=0.97
ramon: poll                 wall=43.000s usage=41.967s mem=33280KiB load=0.99 rootload=0.98
ramon: poll                 wall=44.000s usage=42.967s mem=33792KiB load=1.00 rootload=1.00
ramon: poll                 wall=45.000s usage=43.964s mem=34208KiB load=1.00 rootload=0.99
ramon: poll                 wall=46.000s usage=44.964s mem=34464KiB load=1.00 rootload=1.00
ramon: poll                 wall=47.078s usage=46.044s mem=34720KiB load=1.00 rootload=1.00
ramon: poll                 wall=48.000s usage=46.964s mem=34976KiB load=1.00 rootload=1.00
ramon: poll                 wall=49.000s usage=47.892s mem=35096KiB load=0.93 rootload=0.92
ramon: poll                 wall=50.000s usage=48.878s mem=37172KiB load=0.99 rootload=0.97
ramon: poll                 wall=51.000s usage=49.878s mem=37764KiB load=1.00 rootload=1.00
ramon: poll                 wall=52.000s usage=50.875s mem=38020KiB load=1.00 rootload=0.99
ramon: poll                 wall=53.000s usage=51.773s mem=38276KiB load=0.90 rootload=0.90
ramon: poll                 wall=54.000s usage=52.772s mem=38276KiB load=1.00 rootload=1.00
ramon: poll                 wall=55.000s usage=53.769s mem=38332KiB load=1.00 rootload=1.00
ramon: poll                 wall=56.000s usage=54.769s mem=38332KiB load=1.00 rootload=1.00
ramon: poll                 wall=57.000s usage=55.769s mem=38332KiB load=1.00 rootload=1.00
ramon: poll                 wall=58.000s usage=56.769s mem=38332KiB load=1.00 rootload=1.00
ramon: poll                 wall=59.000s usage=57.769s mem=38588KiB load=1.00 rootload=1.00
ramon: poll                 wall=60.000s usage=58.769s mem=38588KiB load=1.00 rootload=1.00
ramon: poll                 wall=61.026s usage=59.797s mem=38632KiB load=1.00 rootload=1.00
ramon: poll                 wall=62.000s usage=60.769s mem=38632KiB load=1.00 rootload=1.00
ramon: poll                 wall=63.000s usage=61.769s mem=38632KiB load=1.00 rootload=1.00
ramon: poll                 wall=64.000s usage=62.748s mem=37368KiB load=0.98 rootload=0.97
ramon: poll                 wall=65.010s usage=63.735s mem=38228KiB load=0.98 rootload=0.97
ramon: poll                 wall=66.000s usage=64.723s mem=38484KiB load=1.00 rootload=1.00
ramon: poll                 wall=67.000s usage=65.722s mem=38484KiB load=1.00 rootload=1.00
ramon: poll                 wall=68.000s usage=66.715s mem=38340KiB load=0.99 rootload=0.99
ramon: poll                 wall=69.000s usage=67.713s mem=38340KiB load=1.00 rootload=1.00
ramon: poll                 wall=70.000s usage=68.713s mem=38340KiB load=1.00 rootload=1.00
ramon: poll                 wall=71.000s usage=69.605s mem=38380KiB load=0.89 rootload=0.89
ramon: poll                 wall=72.000s usage=70.600s mem=38432KiB load=1.00 rootload=1.00
ramon: poll                 wall=73.000s usage=71.581s mem=38432KiB load=0.98 rootload=0.98
ramon: poll                 wall=74.046s usage=72.629s mem=38688KiB load=1.00 rootload=1.00
ramon: poll                 wall=75.000s usage=73.580s mem=38688KiB load=1.00 rootload=1.00
ramon: poll                 wall=76.000s usage=74.578s mem=37936KiB load=1.00 rootload=1.00
ramon: poll                 wall=77.000s usage=75.513s mem=37880KiB load=0.94 rootload=0.92
ramon: poll                 wall=78.000s usage=76.467s mem=38380KiB load=0.95 rootload=0.94
ramon: poll                 wall=79.002s usage=77.468s mem=38648KiB load=1.00 rootload=1.00
ramon: poll                 wall=80.000s usage=78.454s mem=38664KiB load=0.99 rootload=0.99
ramon: poll                 wall=81.000s usage=79.454s mem=38664KiB load=1.00 rootload=1.00
ramon: poll                 wall=82.000s usage=80.454s mem=38920KiB load=1.00 rootload=1.00
ramon: poll                 wall=83.000s usage=81.454s mem=39176KiB load=1.00 rootload=1.00
ramon: poll                 wall=84.000s usage=82.453s mem=39944KiB load=1.00 rootload=1.00
ramon: poll                 wall=85.000s usage=83.453s mem=40712KiB load=1.00 rootload=1.00
ramon: poll                 wall=86.000s usage=84.453s mem=41224KiB load=1.00 rootload=1.00
ramon: poll                 wall=87.000s usage=85.451s mem=41780KiB load=1.00 rootload=1.00
ramon: poll                 wall=88.000s usage=86.451s mem=42292KiB load=1.00 rootload=0.99
ramon: poll                 wall=89.000s usage=87.451s mem=42292KiB load=1.00 rootload=1.00
ramon: poll                 wall=90.000s usage=88.379s mem=42012KiB load=0.93 rootload=0.93
ramon: poll                 wall=91.000s usage=89.336s mem=42176KiB load=0.96 rootload=0.95
ramon: poll                 wall=92.006s usage=90.341s mem=42208KiB load=1.00 rootload=0.99
ramon: poll                 wall=93.000s usage=91.333s mem=42544KiB load=1.00 rootload=1.00
ramon: poll                 wall=94.000s usage=92.332s mem=42924KiB load=1.00 rootload=1.00
ramon: poll                 wall=95.000s usage=93.230s mem=42808KiB load=0.90 rootload=0.90
ramon: poll                 wall=96.006s usage=94.236s mem=42656KiB load=1.00 rootload=0.99
ramon: poll                 wall=97.042s usage=95.270s mem=42700KiB load=1.00 rootload=1.00
ramon: poll                 wall=98.026s usage=96.253s mem=42768KiB load=1.00 rootload=1.00
ramon: poll                 wall=99.000s usage=97.224s mem=42836KiB load=1.00 rootload=1.00
ramon: poll                 wall=100.000s usage=98.223s mem=42860KiB load=1.00 rootload=1.00
ramon: poll                 wall=101.000s usage=99.223s mem=42860KiB load=1.00 rootload=1.00
ramon: poll                 wall=102.000s usage=100.222s mem=42860KiB load=1.00 rootload=1.00
ramon: poll                 wall=103.000s usage=101.222s mem=43120KiB load=1.00 rootload=1.00
ramon: poll                 wall=104.000s usage=102.222s mem=43120KiB load=1.00 rootload=1.00
ramon: poll                 wall=105.000s usage=103.212s mem=42912KiB load=0.99 rootload=0.99
ramon: poll                 wall=106.000s usage=104.211s mem=42912KiB load=1.00 rootload=1.00
ramon: poll                 wall=107.000s usage=105.210s mem=42912KiB load=1.00 rootload=1.00
ramon: poll                 wall=108.000s usage=106.150s mem=42916KiB load=0.94 rootload=0.94
ramon: poll                 wall=109.000s usage=107.149s mem=42916KiB load=1.00 rootload=1.00
ramon: poll                 wall=110.000s usage=108.134s mem=43024KiB load=0.99 rootload=0.98
ramon: poll                 wall=111.000s usage=109.089s mem=43716KiB load=0.95 rootload=0.92
ramon: poll                 wall=112.026s usage=110.117s mem=43972KiB load=1.00 rootload=1.00
ramon: poll                 wall=113.000s usage=111.089s mem=43972KiB load=1.00 rootload=1.00
ramon: poll                 wall=114.000s usage=112.089s mem=44228KiB load=1.00 rootload=1.00
ramon: poll                 wall=115.000s usage=113.089s mem=44740KiB load=1.00 rootload=1.00
ramon: poll                 wall=116.000s usage=114.089s mem=45252KiB load=1.00 rootload=1.00
ramon: poll                 wall=117.000s usage=115.088s mem=45724KiB load=1.00 rootload=1.00
ramon: poll                 wall=118.000s usage=116.029s mem=46012KiB load=0.94 rootload=0.94
ramon: poll                 wall=119.000s usage=117.025s mem=46524KiB load=1.00 rootload=0.99
ramon: poll                 wall=120.000s usage=118.025s mem=47292KiB load=1.00 rootload=1.00
[31mramon: msg                  Wall clock time limit reached[0m
ramon: end                  Fri Jan 31 11:06:59 2025
ramon: root.execname        z3
ramon: root.utime           117.810s
ramon: root.stime           0.210s
ramon: group.total          118.032s
ramon: group.utime          117.817s
ramon: group.stime          0.216s
ramon: group.mempeak        47292KiB
ramon: group.pidpeak        3
ramon: status               terminated by signal
[31mramon: signal               15 (SIGTERM Terminated)[0m
ramon: core dumped          false
ramon: exitcode             143
ramon: walltime             120.006s
ramon: loadavg              0.98
