ramon: cwd                  /home/gh1/A/_work/z3-poly-testing/z3-poly-testing
ramon: start                Wed Dec  4 15:49:16 2024
ramon: nproc                32
ramon: sys.mem              63442 MiB
ramon: sys.mem.free         21499 MiB
ramon: sys.mem.avail        58375 MiB
ramon: sys.nprocs           1691
ramon: argv                 0 = z3
ramon: argv                 1 = inputs/QF_NIA_small/From_T2__n_firewire_instrumented-PP.t2__p6187_terminationG_0.smt2
ramon: argv                 2 = -T:20
ramon: argv                 3 = -v:2
ramon: childpid             1127134
(smt.searching)
(smt.stats :restarts     :decisions :clauses/bin/units        :simplify  :memory)
(smt.stats        :conflicts    :propagations         :lemmas      :deletions   )
(smt.stats    0      0      0      0 15136/14399/34       0/0     0    0  109.61)
(nlsat :conflicts 1 :decisions 0 :propagations 754 :clauses 2720 :learned 1)
(nlsat :conflicts 1 :decisions 0 :propagations 275 :clauses 2773 :learned 1)
(nlsat :conflicts 1 :decisions 0 :propagations 361 :clauses 2707 :learned 1)
(nlsat :conflicts 2 :decisions 0 :propagations 193 :clauses 2740 :learned 2)
(nlsat :conflicts 1 :decisions 0 :propagations 196 :clauses 2760 :learned 1)
(nlsat :conflicts 2 :decisions 0 :propagations 183 :clauses 2721 :learned 2)
(nlsat :conflicts 2 :decisions 0 :propagations 199 :clauses 2734 :learned 2)
(nlsat :conflicts 2 :decisions 0 :propagations 180 :clauses 2729 :learned 2)
(nlsat :conflicts 2 :decisions 0 :propagations 189 :clauses 2721 :learned 2)
(smt.stats    0    101  12585   2459 15930/15135/41     165/4     2    2  114.84)
ramon: poll                 wall=1.000s usage=0.999s mem=120MiB load=1.00 rootload=0.96
(nlsat :conflicts 3 :decisions 0 :propagations 266 :clauses 3315 :learned 3)
(nlsat :conflicts 2 :decisions 0 :propagations 480 :clauses 3619 :learned 2)
(smt.stats    1    202  96505  15205 16450/15608/44     487/16     3    4  121.71)
(nlsat :conflicts 2 :decisions 0 :propagations 376 :clauses 3633 :learned 2)
(nlsat :conflicts 2 :decisions 0 :propagations 423 :clauses 3691 :learned 2)
ramon: poll                 wall=2.000s usage=1.999s mem=127MiB load=1.00 rootload=1.00
(nlsat :conflicts 1 :decisions 83 :propagations 716 :clauses 1644 :learned 1)
(nlsat :conflicts 100 :decisions 85 :propagations 13337 :clauses 1644 :learned 100)
(nlsat :conflicts 200 :decisions 88 :propagations 34678 :clauses 1644 :learned 200)
(nlsat :conflicts 300 :decisions 101 :propagations 40644 :clauses 1644 :learned 300)
(nlsat :conflicts 401 :decisions 121 :propagations 45484 :clauses 1644 :learned 401)
(nlsat :conflicts 501 :decisions 152 :propagations 49761 :clauses 1644 :learned 501)
(nlsat :conflicts 601 :decisions 187 :propagations 54996 :clauses 1644 :learned 601)
(nlsat :conflicts 701 :decisions 228 :propagations 57071 :clauses 1644 :learned 700)
(nlsat :conflicts 800 :decisions 284 :propagations 58196 :clauses 1644 :learned 799)
(nlsat :conflicts 901 :decisions 335 :propagations 59153 :clauses 1644 :learned 900)
(nlsat :conflicts 1000 :decisions 389 :propagations 60052 :clauses 1644 :learned 998)
(nlsat :conflicts 1101 :decisions 444 :propagations 60751 :clauses 1644 :learned 1099)
(nlsat :conflicts 1200 :decisions 498 :propagations 61968 :clauses 1644 :learned 1198)
(nlsat :conflicts 1301 :decisions 571 :propagations 62759 :clauses 1644 :learned 1298)
(nlsat :conflicts 1400 :decisions 612 :propagations 64266 :clauses 1644 :learned 1396)
(nlsat :conflicts 1500 :decisions 657 :propagations 64869 :clauses 1644 :learned 1496)
(nlsat :conflicts 1601 :decisions 711 :propagations 65545 :clauses 1644 :learned 1597)
(nlsat :conflicts 1700 :decisions 777 :propagations 66681 :clauses 1644 :learned 1694)
(nlsat :conflicts 1800 :decisions 843 :propagations 67645 :clauses 1644 :learned 1794)
ramon: poll                 wall=3.000s usage=2.998s mem=128MiB load=1.00 rootload=0.99
ramon: poll                 wall=4.000s usage=3.998s mem=128MiB load=1.00 rootload=1.00
(nlsat :conflicts 1900 :decisions 895 :propagations 68586 :clauses 1644 :learned 1893)
ramon: poll                 wall=5.000s usage=4.997s mem=128MiB load=1.00 rootload=1.00
(smt.searching)
(smt.stats :restarts     :decisions :clauses/bin/units        :simplify  :memory)
(smt.stats        :conflicts    :propagations         :lemmas      :deletions   )
(smt.stats    0      0      0      0 15136/14399/34       0/0     0    0  109.75)
(nlsat :conflicts 3 :decisions 0 :propagations 633 :clauses 2732 :learned 3)
(nlsat :conflicts 1 :decisions 0 :propagations 304 :clauses 2815 :learned 1)
(nlsat :conflicts 2 :decisions 0 :propagations 255 :clauses 2856 :learned 2)
(nlsat :conflicts 4 :decisions 0 :propagations 349 :clauses 2834 :learned 4)
(nlsat :conflicts 4 :decisions 0 :propagations 249 :clauses 2788 :learned 4)
(nlsat :conflicts 2 :decisions 0 :propagations 202 :clauses 2760 :learned 2)
(nlsat :conflicts 2 :decisions 0 :propagations 632 :clauses 2770 :learned 2)
(nlsat :conflicts 2 :decisions 0 :propagations 610 :clauses 2765 :learned 2)
(nlsat :conflicts 2 :decisions 0 :propagations 486 :clauses 2767 :learned 2)
(nlsat :conflicts 2 :decisions 0 :propagations 388 :clauses 2772 :learned 2)
(smt.stats    0    101  13525   2364 15905/15118/43     157/7     4    2  115.28)
(nlsat :conflicts 2 :decisions 0 :propagations 225 :clauses 3200 :learned 2)
(nlsat :conflicts 3 :decisions 0 :propagations 365 :clauses 3041 :learned 3)
ramon: poll                 wall=6.000s usage=5.997s mem=128MiB load=1.00 rootload=1.00
(nlsat :conflicts 2 :decisions 0 :propagations 364 :clauses 3057 :learned 2)
(smt.stats    1    202  19891   6030 16190/15394/44     425/7     5    2  120.14)
(nlsat :conflicts 1 :decisions 0 :propagations 323 :clauses 3188 :learned 1)
(nlsat :conflicts 1 :decisions 0 :propagations 370 :clauses 3186 :learned 1)
(nlsat :conflicts 1 :decisions 0 :propagations 341 :clauses 3281 :learned 1)
(nlsat :conflicts 1 :decisions 0 :propagations 336 :clauses 3255 :learned 1)
(nlsat :conflicts 1 :decisions 0 :propagations 188 :clauses 3251 :learned 1)
(smt.stats    2    313  98304  17124 16249/15443/44     604/30     5    2  121.45)
ramon: poll                 wall=7.000s usage=6.996s mem=128MiB load=1.00 rootload=1.00
(nlsat :conflicts 1 :decisions 0 :propagations 342 :clauses 3309 :learned 1)
(nlsat :conflicts 1 :decisions 0 :propagations 382 :clauses 3380 :learned 1)
(nlsat :conflicts 2 :decisions 0 :propagations 243 :clauses 3508 :learned 2)
(nlsat :conflicts 1 :decisions 0 :propagations 368 :clauses 3456 :learned 1)
(nlsat :conflicts 1 :decisions 0 :propagations 365 :clauses 3496 :learned 1)
ramon: poll                 wall=8.000s usage=7.994s mem=128MiB load=1.00 rootload=1.00
(nlsat :conflicts 2 :decisions 0 :propagations 436 :clauses 3540 :learned 2)
(nlsat :conflicts 2 :decisions 0 :propagations 384 :clauses 3505 :learned 2)
(nlsat :conflicts 1 :decisions 0 :propagations 402 :clauses 3549 :learned 1)
(smt.stats    3    414 205217  34049 16345/15508/44     795/45     5    2  123.40)
(smt.stats    4    525 292660  41580 16456/15601/44     943/64     5    2  124.14)
ramon: poll                 wall=9.000s usage=8.994s mem=129MiB load=1.00 rootload=1.00
(nlsat :conflicts 2 :decisions 0 :propagations 370 :clauses 3470 :learned 2)
ramon: poll                 wall=10.000s usage=9.993s mem=129MiB load=1.00 rootload=1.00
(nlsat :conflicts 1 :decisions 0 :propagations 429 :clauses 3543 :learned 1)
ramon: poll                 wall=11.000s usage=10.993s mem=130MiB load=1.00 rootload=1.00
(nlsat :conflicts 1 :decisions 0 :propagations 357 :clauses 3482 :learned 1)
(nlsat :conflicts 1 :decisions 0 :propagations 342 :clauses 3457 :learned 1)
(smt.stats    5    647 388645  58224 16511/15625/44    1117/67     5    2  126.00)
(smt.stats :restarts :decisions   :clauses/bin/units           :simplify  :memory)
(smt.stats      :conflicts  :propagations          :lemmas          :deletions   )
(smt.stats    6    748 423673  66164 16590/15725/44    1256/79     5    2  126.30)
(nlsat :conflicts 1 :decisions 0 :propagations 489 :clauses 3823 :learned 1)
ramon: poll                 wall=12.000s usage=11.993s mem=132MiB load=1.00 rootload=1.00
(nlsat :conflicts 1 :decisions 0 :propagations 491 :clauses 3875 :learned 1)
(nlsat :conflicts 1 :decisions 0 :propagations 500 :clauses 3900 :learned 1)
(nlsat :conflicts 1 :decisions 0 :propagations 500 :clauses 3892 :learned 1)
ramon: poll                 wall=13.000s usage=12.993s mem=134MiB load=1.00 rootload=0.99
(nlsat :conflicts 2 :decisions 0 :propagations 487 :clauses 3821 :learned 2)
(smt.stats    7    859 487690  81751 16651/15735/44    1438/82     5    2  127.65)
(nlsat :conflicts 1 :decisions 0 :propagations 450 :clauses 3826 :learned 1)
(smt.stats    8    981 542554  98227 16732/15817/44    1588/93     5    2  129.19)
(nlsat :conflicts 1 :decisions 0 :propagations 452 :clauses 3779 :learned 1)
ramon: poll                 wall=14.000s usage=13.993s mem=135MiB load=1.00 rootload=1.00
(nlsat :conflicts 1 :decisions 0 :propagations 489 :clauses 3862 :learned 1)
ramon: poll                 wall=15.000s usage=14.993s mem=137MiB load=1.00 rootload=1.00
(nlsat :conflicts 1 :decisions 0 :propagations 516 :clauses 3893 :learned 1)
(smt.stats    9   1115 604700 116357 16797/15892/44    1811/105     5    2  131.49)
ramon: poll                 wall=16.000s usage=15.993s mem=138MiB load=1.00 rootload=1.00
(smt.stats   10   1216 680376 135942 16893/15972/44    2101/118     5    2  131.00)
(nlsat :conflicts 1 :decisions 0 :propagations 522 :clauses 3702 :learned 1)
(nlsat :conflicts 1 :decisions 0 :propagations 494 :clauses 3576 :learned 1)
(smt.stats   11   1327 783179 161942 16961/16030/44    2318/130     5    2  131.83)
ramon: poll                 wall=17.000s usage=16.993s mem=138MiB load=1.00 rootload=1.00
(smt.stats :restarts :decisions   :clauses/bin/units            :simplify  :memory)
(smt.stats     :conflicts  :propagations           :lemmas           :deletions   )
(smt.stats   12   1449 852881 182098 17227/16253/45    2663/148     6    2  134.05)
ramon: poll                 wall=18.000s usage=17.993s mem=142MiB load=1.00 rootload=0.99
ramon: poll                 wall=19.000s usage=18.993s mem=142MiB load=1.00 rootload=1.00
ramon: poll                 wall=20.000s usage=19.993s mem=142MiB load=1.00 rootload=1.00
ramon: end                  Wed Dec  4 15:49:36 2024
ramon: root.execname        z3
ramon: root.utime           19.940s
ramon: root.stime           0.060s
ramon: group.total          20.006s
ramon: group.utime          19.946s
ramon: group.stime          0.060s
ramon: group.mempeak        143MiB
ramon: group.pidpeak        3
ramon: status               exited
ramon: exitcode             0
ramon: walltime             20.012s
ramon: loadavg              1.00
