ramon: cwd                  /home/gh1/A/_work/z3-poly-testing/z3-poly-testing
ramon: start                Mon Mar  3 09:50:50 2025
ramon: nproc                32
ramon: sys.mem              63441 MiB
ramon: sys.mem.free         15065 MiB
ramon: sys.mem.avail        59274 MiB
ramon: sys.nprocs           1465
ramon: argv                 0 = z3
ramon: argv                 1 = inputs/QF_LIA/n7076-prp-15-50.smt2
ramon: argv                 2 = -T:60
ramon: argv                 3 = -v:2
ramon: childpid             1249760
ramon: poll                 wall=1.000s usage=0.968s mem=24484KiB load=0.97 rootload=0.96
ramon: poll                 wall=2.000s usage=1.967s mem=26512KiB load=1.00 rootload=0.99
ramon: poll                 wall=3.000s usage=2.966s mem=27916KiB load=1.00 rootload=1.00
ramon: poll                 wall=4.000s usage=3.966s mem=28772KiB load=1.00 rootload=1.00
ramon: poll                 wall=5.000s usage=4.965s mem=29196KiB load=1.00 rootload=1.00
ramon: poll                 wall=6.000s usage=5.964s mem=31872KiB load=1.00 rootload=0.99
ramon: poll                 wall=7.000s usage=6.963s mem=33064KiB load=1.00 rootload=1.00
ramon: poll                 wall=8.002s usage=7.962s mem=34252KiB load=1.00 rootload=1.00
ramon: poll                 wall=9.002s usage=8.965s mem=35024KiB load=1.00 rootload=1.00
ramon: poll                 wall=10.000s usage=9.961s mem=44176KiB load=1.00 rootload=0.99
ramon: poll                 wall=11.000s usage=10.960s mem=108MiB load=1.00 rootload=0.99
(smt.searching)
(smt.stats :restarts     :decisions :clauses/bin/units          :simplify  :memory)
(smt.stats        :conflicts    :propagations           :lemmas      :deletions   )
(smt.stats    0      0      0      0 1006546/974203/0       0/0     0    0  203.84)
(smt.stats    0    101   1410  15927 1006681/974341/5      98/37     1    4  205.00)
(smt.stats    1    202   3788  29735 1006748/974392/5     199/79     1    4  205.19)
(smt.stats    2    313   4926  42005 1006748/974392/5     310/108     1    4  205.38)
(smt.stats    3    414   9411  59474 1006765/974398/9     408/153     1    4  206.07)
(smt.stats    4    525  10286  79368 1006819/974445/461     514/171     1    4  207.12)
(smt.stats    5    647  11245  99544 1006861/974469/463     635/208     1    4  207.41)
ramon: poll                 wall=12.000s usage=11.960s mem=208MiB load=1.00 rootload=0.97
(smt.stats :restarts :decisions   :clauses/bin/units                :simplify  :memory)
(smt.stats      :conflicts :propagations                :lemmas          :deletions   )
(smt.stats    6    748  12464 110865 1007142/974692/463     736/241     1    4  207.60)
(smt.stats    7    859  13606 132848 1007151/974700/1217     844/255     1    4  207.90)
(smt.stats    8    981  14576 153962 1005801/974742/1241     839/277     2 1530  208.09)
(smt.stats    9   1115  15568 162978 1005813/974751/1241     973/320     2 1530  208.18)
(smt.stats   10   1216  17710 190400 1005813/974751/1241    1074/371     2 1530  208.28)
(smt.stats   11   1333  18605 211332 1005817/974754/1243    1190/396     2 1530  208.47)
(smt.stats :restarts :decisions   :clauses/bin/units                 :simplify  :memory)
(smt.stats     :conflicts  :propagations                :lemmas        :deletions      )
(smt.stats   12   1455  19006 225842 1005840/974772/1243    1312/417     2 1530  208.57)
(smt.stats   13   1589  19932 244388 1005844/974775/1247    1444/455     2 1530  208.76)
(smt.stats   14   1736  21225 263126 1005846/974775/1249    1590/513     2 1530  208.86)
(smt.stats   15   1837  22328 280916 1005833/974787/1249    1666/549     3 1582  208.95)
(smt.stats   16   1948  23582 302879 1005833/974787/1254    1775/602     3 1582  209.05)
(smt.stats   17   2070  24082 319712 1005859/974808/1258    1895/638     3 1582  209.05)
(smt.stats   18   2204  35039 365974 1005868/974808/1279    2027/665     3 1582  210.09)
ramon: poll                 wall=13.000s usage=12.960s mem=211MiB load=1.00 rootload=0.99
(smt.stats   19   2351  59316 424134 1005915/974849/1280    2173/680     3 1582  211.27)
(smt.stats   20   2512  60531 449240 1005950/974876/1280    2334/777     3 1582  211.46)
(smt.stats   21   2613  61086 466533 1005957/974912/1280    2419/798     4 1634  211.55)
(smt.stats   22   2724  62045 483181 1005965/974919/1282    2530/806     4 1634  211.65)
(smt.stats   23   2846 174090 620445 1005969/974922/1282    2652/812     4 1634  211.96)
(smt.stats   24   2980 174833 629056 1005977/974928/1282    2786/927     4 1634  212.06)
(smt.stats :restarts :decisions   :clauses/bin/units                  :simplify  :memory)
(smt.stats     :conflicts  :propagations                :lemmas         :deletions      )
(smt.stats   25   3127 177367 656425 1005977/974928/1286    2931/1003     5 1634  212.06)
ramon: poll                 wall=14.002s usage=13.963s mem=213MiB load=1.00 rootload=1.00
(smt.stats   26   3288 281284 771223 1005977/974928/1289    3091/1010     5 1634  212.25)
(smt.stats   27   3465 283310 806429 1006005/974949/1291    3266/1058     5 1634  212.79)
(smt.stats   28   3566 298847 848505 1006033/974970/1291    3367/1076     5 1634  212.88)
(smt.stats   29   3677 305878 904705 1006050/974982/1291    3465/1090     6 1647  212.98)
(smt.stats   30   3800 307782 946285 1006076/975003/1295    3586/1108     6 1647  212.98)
ramon: poll                 wall=15.002s usage=14.963s mem=213MiB load=1.00 rootload=1.00
(smt.stats   31   3934 311665 979736 1006090/975015/1298    3718/1119     6 1647  213.17)
(smt.stats :restarts :decisions    :clauses/bin/units                  :simplify  :memory)
(smt.stats     :conflicts  :propagations                 :lemmas         :deletions      )
(smt.stats   32   4081 312234 1005355 1006122/975039/1298    3865/1158     6 1647  213.17)
(smt.stats   33   4242 313337 1041019 1006135/975050/1298    4026/1170     6 1647  213.27)
(smt.stats   34   4420 315644 1079539 1006136/975053/1300    4199/1245     7 1654  213.36)
(smt.stats   35   4614 333099 1163871 1006136/975053/1301    4392/1261     7 1654  213.56)
(smt.stats   36   4715 336301 1196981 1006141/975056/1301    4493/1278     7 1654  213.56)
(smt.stats   37   4826 342217 1232862 1006144/975059/1301    4604/1294     7 1654  213.65)
ramon: poll                 wall=16.000s usage=15.959s mem=214MiB load=1.00 rootload=1.00
(smt.stats   38   4948 344714 1268335 1006148/975062/1301    4725/1305     8 1655  213.65)
(smt.delete-inactive-clauses  :num-deleted-clauses 1599)
(smt.stats   39   5082 345992 1300757 1006148/975062/1301    3260/1365     8 1655  213.46)
(smt.stats   40   5229 349620 1306217 1006148/975062/1301    3407/1499     8 1655  213.65)
(smt.stats   41   5390 352896 1348932 1006148/975062/1303    3567/1550     8 1655  213.65)
(smt.stats   42   5567 368033 1418175 1006152/975065/1346    3740/1586     8 1655  213.75)
(smt.stats   43   5761 372922 1481845 1006118/975068/1354    3918/1621     9 1705  213.84)
(smt.stats   44   5974 391748 1568777 1006142/975086/1367    4126/1647     9 1705  213.94)
ramon: poll                 wall=17.000s usage=16.958s mem=214MiB load=1.00 rootload=1.00
(smt.stats   45   6075 414033 1625723 1006142/975086/1367    4227/1661     9 1705  213.94)
(smt.stats   46   6186 414808 1654575 1006142/975086/1367    4338/1671     9 1705  214.03)
(smt.stats   47   6308 441857 1714652 1006129/975086/1367    4439/1674    10 1739  214.03)
(smt.stats   48   6442 449683 1755587 1006129/975086/1367    4573/1708    10 1739  214.13)
(smt.stats   49   6589 452987 1790155 1006132/975089/1374    4719/1722    10 1739  214.23)
(smt.stats   50   6750 465524 1846599 1006156/975108/1379    4877/1727    10 1739  214.23)
ramon: poll                 wall=18.000s usage=17.958s mem=215MiB load=1.00 rootload=0.99
(smt.stats   51   6927 480262 1892122 1006156/975108/1380    5053/1797    11 1739  214.23)
(smt.stats :restarts :decisions    :clauses/bin/units                 :simplify   :memory)
(smt.stats     :conflicts  :propagations                 :lemmas         :deletions      )
(smt.stats   52   7122 480951 1953697 1006156/975108/1380    5248/1822    11 1739  214.32)
(smt.stats   53   7335 514311 2074574 1006164/975114/1381    5460/1879    12 1739  214.42)
ramon: poll                 wall=19.000s usage=18.955s mem=215MiB load=1.00 rootload=1.00
(smt.stats   54   7579 517245 2144301 1006164/975114/1381    5704/1983    12 1739  214.51)
(smt.stats   55   7680 520145 2165270 1006168/975117/1381    5805/2028    12 1739  214.62)
(smt.stats   56   7791 524291 2224386 1006168/975117/1381    5916/2097    12 1739  214.62)
(smt.stats   57   7913 527677 2265293 1006168/975117/1394    6034/2111    13 1739  214.71)
(smt.stats   58   8047 528461 2296744 1006181/975128/1396    6167/2149    13 1739  214.71)
(smt.stats   59   8194 531904 2347790 1006181/975128/1396    6314/2177    13 1739  214.81)
(smt.stats   60   8355 539585 2442992 1006181/975128/1396    6475/2235    13 1739  214.81)
(smt.stats   61   8532 543069 2497597 1006181/975128/1397    6651/2251    13 1739  214.90)
ramon: poll                 wall=20.000s usage=19.954s mem=215MiB load=1.00 rootload=1.00
(smt.stats   62   8726 570940 2579345 1006181/975128/1427    6842/2297    13 1739  214.90)
(smt.stats   63   8939 581887 2636906 1006145/975128/1428    7039/2306    14 1790  215.00)
ramon: poll                 wall=21.000s usage=20.954s mem=215MiB load=1.00 rootload=1.00
(smt.stats   64   9173 659356 2790805 1006181/975155/1463    7269/2445    14 1790  215.09)
(smt.stats   65   9430 681592 2946898 1006181/975155/1463    7526/2575    14 1790  215.19)
(smt.stats   66   9531 684773 2987023 1006148/975155/1474    7611/2631    15 1833  215.19)
ramon: poll                 wall=22.000s usage=21.954s mem=216MiB load=1.00 rootload=0.99
(smt.stats   67   9642 687122 3019507 1006148/975155/1474    7722/2650    15 1833  215.19)
(smt.stats   68   9764 688965 3052961 1006158/975163/1474    7844/2722    15 1833  215.29)
(smt.stats   69   9898 689375 3087176 1006158/975163/1474    7978/2724    15 1833  215.29)
(smt.delete-inactive-clauses  :num-deleted-clauses 1294)
(smt.stats   70  10045 697630 3137926 1006158/975175/1483    6797/2735    16 1881  215.19)
(smt.stats   71  10206 700967 3204263 1006174/975187/1483    6958/2824    16 1881  215.19)
(smt.stats :restarts :decisions    :clauses/bin/units                 :simplify   :memory)
(smt.stats    :conflicts   :propagations                 :lemmas         :deletions      )
(smt.stats   72  10383 703997 3253243 1006174/975187/1483    7135/2838    16 1881  215.19)
(smt.stats   73  10577 707808 3296380 1006178/975190/1484    7328/2884    16 1881  215.29)
ramon: poll                 wall=23.000s usage=22.953s mem=216MiB load=1.00 rootload=1.00
(smt.stats   74  10790 709449 3348610 1006178/975190/1484    7541/2955    16 1881  215.38)
(smt.stats   75  10964 726866 3396986 1006178/975190/1484    7715/3044    17 1881  216.38)
ramon: end                  Mon Mar  3 09:51:14 2025
ramon: root.execname        z3
ramon: root.utime           23.160s
ramon: root.stime           0.090s
ramon: group.total          23.266s
ramon: group.utime          23.166s
ramon: group.stime          0.100s
ramon: group.mempeak        217MiB
ramon: group.pidpeak        2
ramon: status               exited
ramon: exitcode             0
ramon: walltime             23.311s
ramon: loadavg              1.00
