ramon: cwd                  /home/gh1/A/_work/z3-poly-testing/z3-poly-testing
ramon: start                Mon Mar  3 09:42:58 2025
ramon: nproc                32
ramon: sys.mem              63441 MiB
ramon: sys.mem.free         17095 MiB
ramon: sys.mem.avail        59275 MiB
ramon: sys.nprocs           1464
ramon: argv                 0 = z3
ramon: argv                 1 = inputs/QF_LIA/v45_problem__017.smt2.slack.smt2
ramon: argv                 2 = -T:60
ramon: argv                 3 = -v:2
ramon: childpid             1185810
(smt.searching)
(smt.stats :restarts     :decisions   :clauses/bin/units   :simplify   :memory)
(smt.stats        :conflicts    :propagations      :lemmas      :deletions   )
(smt.stats    0      0      0      0     0/0/125       0/0     0    0   19.02)
ramon: poll                 wall=1.004s usage=0.976s mem=20504KiB load=0.97 rootload=0.97
ramon: poll                 wall=2.000s usage=1.972s mem=20776KiB load=1.00 rootload=0.99
(sat.solver)
(sat.stats   :conflicts  :restarts          :learned/bin    :gc          :time)
(sat.stats          :decisions :clauses/bin        :units       :memory       )
(sat.stats      0      0    0 255966/70008     0/0   0       0    65.11   0.00)
 (sat-cleaner :elim-literals 3 :elim-clauses 2 :cost 558474 :time 0.01)
(sat.stats    135   2086    0 255962/70009   134/86   1       0    65.59   0.02)
(sat.stats    135   2086    0 255962/70009   134/86   1       0    65.59   0.03)
(sat.stats    135   2086    0 255962/70009   134/86   1       0    65.59   0.03)
(sat.simplify :simplifications 1)
 (sat-scc :elim-vars 2 :elim-bin 93 :time 0.10)
ramon: poll                 wall=3.000s usage=2.971s mem=95744KiB load=1.00 rootload=0.96
 (sat-probing :probing-assigned 344 :cost 497224187.49 :time 0.23)
(sat.stats    135   2086    0 245788/55402   127/82 345       0    87.49   0.64)
 (sat-cleaner :elim-literals 559 :elim-clauses 1303 :cost 587776 :time 0.01)
(sat.stats    138   2127    1 244141/55433   130/82 345       0    87.49   0.66)
(sat.stats :conflicts    :restarts        :learned/bin       :gc          :time)
(sat.stats       :decisions  :clauses/bin         :units         :memory       )
(sat.stats    141   2154    2 244141/55433   133/82 345       0    87.49   0.67)
(sat.stats    145   2306    3 244141/55433   137/82 345       0    87.49   0.67)
(sat.stats    148   2313    4 244141/55433   140/82 345       0    87.49   0.68)
(sat.stats    151   2532    5 244141/55433   143/84 345       0    87.49   0.68)
(sat.stats    155   2784    6 244141/55433   147/84 345       0    87.49   0.69)
(sat.stats    158   2785    7 244141/55433   150/86 345       0    87.49   0.69)
(sat.stats    161   2801    8 244141/55433   153/86 345       0    87.49   0.69)
(sat.stats    164   2834    9 244141/55433   156/87 345       0    87.49   0.70)
(sat.stats    167   2858   10 244141/55433   159/89 345       0    87.49   0.70)
(sat.stats    170   2865   11 244141/55433   162/91 345       0    87.49   0.71)
(sat.stats    173   2868   12 244141/55433   165/92 345       0    87.49   0.71)
(sat.stats :conflicts   :restarts         :learned/bin        :gc          :time)
(sat.stats       :decisions  :clauses/bin          :units         :memory       )
(sat.stats    218   3746   17 244141/55433   210/112 345       0    87.49   0.72)
(sat.stats    332   6041   27 244141/55433   324/156 345       0    87.49   0.72)
(sat.stats    670  10528   32 244141/55433   662/281 345       0    87.49   0.74)
(sat.stats    711  11051   41 244141/55433   703/293 345       0    87.49   0.75)
(sat.stats   1091  20610   46 244141/55433  1083/421 345       0    87.49   0.78)
(sat.stats   1598  34649  113 244141/55433  1589/528 347       0    87.61   0.82)
(sat.stats :conflicts  :restarts         :learned/bin         :gc          :time)
(sat.stats      :decisions   :clauses/bin          :units         :memory       )
(sat.stats   2396  39799  260 244141/55433  2387/704 347       0    87.61   0.85)
(sat.stats   3604  60823  330 244141/55433  3595/967 347       0    87.87   0.93)
(sat.stats   5394  77397  647 244141/55433  5381/1293 347       0    88.06   1.00)
(sat.stats   8092  93851 1093 244141/55433  8074/1765 347       0    88.43   1.14)
(sat.stats  12140 116777 1897 244141/55433 12120/2224 347       0    88.95   1.36)
ramon: poll                 wall=4.000s usage=3.971s mem=96316KiB load=1.00 rootload=1.00
(sat.stats  18207 146923 2800 244141/55433 18184/2701 347       0    90.28   2.02)
ramon: poll                 wall=5.000s usage=4.971s mem=96832KiB load=1.00 rootload=1.00
(sat.stats :conflicts :restarts         :learned/bin           :gc          :time)
(sat.stats     :decisions    :clauses/bin           :units         :memory       )
(sat.stats  27308 165893 5083 244141/55433 27285/3126 347       0    93.22   2.99)
ramon: poll                 wall=6.000s usage=5.970s mem=99672KiB load=1.00 rootload=0.99
(sat.stats  40965 208670 6425 244141/55433 40936/4131 347       0    96.91   4.14)
ramon: poll                 wall=7.004s usage=6.974s mem=101MiB load=1.00 rootload=0.99
(smt.searching)
(smt.stats :restarts     :decisions   :clauses/bin/units   :simplify   :memory)
(smt.stats        :conflicts    :propagations      :lemmas      :deletions   )
(smt.stats    0      0      0      0     0/0/125       0/0     0    0   32.67)
ramon: poll                 wall=8.000s usage=7.970s mem=106MiB load=1.00 rootload=1.00
ramon: poll                 wall=9.000s usage=8.969s mem=106MiB load=1.00 rootload=1.00
ramon: poll                 wall=10.000s usage=9.969s mem=106MiB load=1.00 rootload=1.00
ramon: poll                 wall=11.000s usage=10.969s mem=106MiB load=1.00 rootload=1.00
ramon: poll                 wall=12.000s usage=11.968s mem=106MiB load=1.00 rootload=1.00
(sat.solver)
(sat.stats   :conflicts  :restarts          :learned/bin    :gc          :time)
(sat.stats          :decisions :clauses/bin        :units       :memory       )
(sat.stats      0      0    0 328010/87958     0/0   0       0    77.58   0.00)
 (sat-cleaner :elim-literals 3 :elim-clauses 2 :cost 720191 :time 0.01)
(sat.stats    205  10451    0 328006/87959   203/175   5       0    78.72   0.05)
(sat.stats    205  10451    0 328006/87959   203/175   5       0    78.72   0.05)
(sat.stats    205  10451    0 328006/87959   203/175   5       0    78.72   0.06)
(sat.simplify :simplifications 1)
ramon: poll                 wall=13.000s usage=12.968s mem=113MiB load=1.00 rootload=0.99
 (sat-scc :elim-vars 1 :elim-bin 23 :time 0.15)
 (sat-cleaner :elim-literals 10 :elim-clauses 11 :cost 720281 :time 0.01)
 (sat-probing :probing-assigned 272 :cost 5000053 :stopped-at 62846100.40 :time 0.25)
(sat.stats    205  10451    0 320972/75943   198/174 277       0   100.40   0.81)
 (sat-cleaner :elim-literals 462 :elim-clauses 1015 :cost 749221 :time 0.02)
(sat.stats    208  10542    1 319667/75977   201/174 277       0   100.40   0.83)
(sat.stats :conflicts    :restarts        :learned/bin        :gc          :time)
(sat.stats      :decisions   :clauses/bin          :units        :memory        )
(sat.stats    211  10654    2 319667/75977   204/174 277       0   100.40   0.84)
(sat.stats    216  10706    3 319667/75977   209/176 277       0   100.40   0.84)
(sat.stats    219  10709    4 319667/75977   212/176 277       0   100.40   0.85)
(sat.stats    222  10725    5 319667/75977   215/176 277       0   100.40   0.85)
(sat.stats    227  10874    6 319667/75977   220/177 277       0   100.40   0.86)
(sat.stats    230  10962    7 319667/75977   223/180 277       0   100.40   0.86)
(sat.stats    233  11307    8 319667/75977   226/180 277       0   100.40   0.87)
(sat.stats    236  11797    9 319667/75977   229/180 277       0   100.40   0.88)
(sat.stats    239  11825   10 319667/75977   232/181 277       0   100.40   0.88)
(sat.stats    242  11827   11 319667/75977   235/183 277       0   100.40   0.89)
(sat.stats    245  11830   12 319667/75977   238/184 277       0   100.40   0.89)
(sat.stats    248  11835   13 319667/75977   241/184 277       0   100.40   0.90)
(sat.stats    315  12991   33 319667/75977   308/192 277       0   100.40   0.90)
(sat.stats    536  17120   58 319667/75977   529/302 277       0   100.40   0.92)
(sat.stats    709  19956   95 319667/75977   702/358 277       0   100.40   0.93)
(sat.stats :conflicts  :restarts         :learned/bin         :gc          :time)
(sat.stats      :decisions   :clauses/bin          :units        :memory        )
(sat.stats   1066  28041  134 319667/75977  1059/488 277       0   100.40   0.96)
(sat.stats   1660  41177  228 319667/75977  1653/639 277       0   100.50   0.99)
 (sat-cleaner :elim-literals 4 :elim-clauses 3 :cost 751487 :time 0.02)
(sat.stats   2437  70088  276 319662/75978  2428/875 280       0   100.69   1.08)
ramon: poll                 wall=14.000s usage=13.968s mem=116MiB load=1.00 rootload=1.00
(sat.stats   3618  92691  400 319662/75978  3609/1152 280       0   100.79   1.15)
(sat.stats   5543 111631  554 319662/75978  5528/1698 280       0   101.03   1.22)
(sat.stats   8116 126958  851 319662/75978  8097/2277 280       0   101.23   1.29)
(sat.stats :conflicts :restarts         :learned/bin           :gc          :time)
(sat.stats     :decisions    :clauses/bin           :units        :memory        )
(sat.stats  12136 153804 1222 319662/75978 12105/3240 280       0   101.74   1.42)
(sat.stats  18522 182131 2635 319662/75978 18479/3945 280       0   102.93   1.71)
ramon: poll                 wall=15.000s usage=14.968s mem=116MiB load=1.00 rootload=1.00
(sat.stats  27310 216035 4397 319662/75978 27255/4609 280       0   104.88   2.14)
(sat.stats  41153 254685 6584 319662/75978 41095/5286 280       0   109.12   3.01)
ramon: poll                 wall=16.000s usage=15.967s mem=116MiB load=1.00 rootload=1.00
ramon: poll                 wall=17.000s usage=16.967s mem=120MiB load=1.00 rootload=1.00
ramon: poll                 wall=18.004s usage=17.971s mem=124MiB load=1.00 rootload=1.00
(sat.stats  61450 307292 10505 319662/75978 61387/5968 280       0   117.24   5.28)
ramon: poll                 wall=19.000s usage=18.966s mem=127MiB load=1.00 rootload=1.00
ramon: poll                 wall=20.000s usage=19.965s mem=130MiB load=1.00 rootload=0.99
ramon: poll                 wall=21.003s usage=20.965s mem=133MiB load=1.00 rootload=1.00
ramon: poll                 wall=22.000s usage=21.965s mem=135MiB load=1.00 rootload=0.98
(smt.searching)
(smt.stats :restarts     :decisions   :clauses/bin/units   :simplify   :memory)
(smt.stats        :conflicts    :propagations      :lemmas      :deletions   )
(smt.stats    0      0      0      0     0/0/125       0/0     0    0   34.52)
ramon: poll                 wall=23.000s usage=22.964s mem=139MiB load=1.00 rootload=1.00
ramon: poll                 wall=24.000s usage=23.964s mem=139MiB load=1.00 rootload=1.00
ramon: poll                 wall=25.000s usage=24.964s mem=139MiB load=1.00 rootload=0.99
ramon: poll                 wall=26.000s usage=25.964s mem=139MiB load=1.00 rootload=1.00
ramon: poll                 wall=27.000s usage=26.963s mem=139MiB load=1.00 rootload=1.00
ramon: poll                 wall=28.000s usage=27.963s mem=139MiB load=1.00 rootload=1.00
ramon: poll                 wall=29.000s usage=28.963s mem=139MiB load=1.00 rootload=1.00
ramon: poll                 wall=30.000s usage=29.962s mem=139MiB load=1.00 rootload=1.00
ramon: poll                 wall=31.000s usage=30.960s mem=139MiB load=1.00 rootload=1.00
ramon: poll                 wall=32.000s usage=31.960s mem=139MiB load=1.00 rootload=1.00
ramon: poll                 wall=33.000s usage=32.959s mem=139MiB load=1.00 rootload=1.00
ramon: poll                 wall=34.000s usage=33.959s mem=139MiB load=1.00 rootload=1.00
ramon: poll                 wall=35.000s usage=34.959s mem=139MiB load=1.00 rootload=1.00
ramon: poll                 wall=36.000s usage=35.958s mem=139MiB load=1.00 rootload=1.00
ramon: poll                 wall=37.004s usage=36.962s mem=139MiB load=1.00 rootload=1.00
ramon: poll                 wall=38.000s usage=37.958s mem=139MiB load=1.00 rootload=1.00
ramon: poll                 wall=39.000s usage=38.958s mem=139MiB load=1.00 rootload=1.00
ramon: poll                 wall=40.000s usage=39.958s mem=139MiB load=1.00 rootload=1.00
ramon: poll                 wall=41.004s usage=40.962s mem=139MiB load=1.00 rootload=1.00
ramon: poll                 wall=42.000s usage=41.958s mem=139MiB load=1.00 rootload=1.00
ramon: poll                 wall=43.000s usage=42.958s mem=139MiB load=1.00 rootload=1.00
ramon: poll                 wall=44.000s usage=43.958s mem=139MiB load=1.00 rootload=1.00
ramon: poll                 wall=45.000s usage=44.958s mem=139MiB load=1.00 rootload=1.00
ramon: poll                 wall=46.000s usage=45.957s mem=139MiB load=1.00 rootload=1.00
ramon: poll                 wall=47.000s usage=46.957s mem=139MiB load=1.00 rootload=1.00
ramon: poll                 wall=48.000s usage=47.957s mem=139MiB load=1.00 rootload=1.00
ramon: poll                 wall=49.000s usage=48.957s mem=139MiB load=1.00 rootload=1.00
ramon: poll                 wall=50.000s usage=49.957s mem=139MiB load=1.00 rootload=1.00
ramon: poll                 wall=51.000s usage=50.957s mem=139MiB load=1.00 rootload=1.00
ramon: poll                 wall=52.000s usage=51.957s mem=139MiB load=1.00 rootload=1.00
ramon: poll                 wall=53.000s usage=52.957s mem=139MiB load=1.00 rootload=1.00
ramon: poll                 wall=54.000s usage=53.956s mem=139MiB load=1.00 rootload=1.00
ramon: poll                 wall=55.000s usage=54.956s mem=139MiB load=1.00 rootload=1.00
(smt.stats    0     63    855    116    76/76/128      60/0     1    2   36.62)
ramon: end                  Mon Mar  3 09:43:53 2025
ramon: root.execname        z3
ramon: root.utime           55.270s
ramon: root.stime           0.110s
ramon: group.total          55.384s
ramon: group.utime          55.272s
ramon: group.stime          0.112s
ramon: group.mempeak        145MiB
ramon: group.pidpeak        3
ramon: status               exited
ramon: exitcode             0
ramon: walltime             55.427s
ramon: loadavg              1.00
