unsat
(:added-eqs                       20871
 :arith-eq-adapter                281
 :arith-bound-propagations-lp     126
 :arith-branch                    3
 :arith-conflicts                 1677
 :arith-cube-calls                1
 :arith-diseq                     9156
 :arith-fixed-eqs                 1160
 :arith-gcd-calls                 332
 :arith-gomory-cuts               8
 :arith-grobner-calls             524
 :arith-grobner-conflicts         146
 :arith-hnf-calls                 1
 :arith-horner-calls              158
 :arith-horner-conflicts          3
 :arith-horner-cross-nested-forms 36869
 :arith-lower                     15206
 :arith-make-feasible             15767
 :arith-max-columns               336
 :arith-max-rows                  125
 :arith-nla-add-bounds            542
 :arith-nla-lemmas                384
 :arith-nla-propagate-bounds      1051
 :arith-nla-propagate-eq          8544
 :arith-nra-calls                 347
 :arith-offset-eqs                88
 :arith-patches                   332
 :arith-patches-success           324
 :arith-upper                     25009
 :binary-propagations             85073
 :cnf-encoding-aux-vars           11
 :conflicts                       975
 :decisions                       91362
 :del-clause                      403
 :elim-unconstrained              140
 :final-checks                    1515
 :max-memory                      124.07
 :memory                          98.65
 :minimized-lits                  839
 :mk-bool-var                     2780
 :mk-clause                       1591
 :mk-clause-binary                925
 :nlsat-conflicts                 17704
 :nlsat-decisions                 3496
 :nlsat-propagations              390905
 :nlsat-restarts                  3
 :nlsat-stages                    213864
 :num-allocs                      3557503695
 :num-checks                      1
 :propagations                    115116
 :restarts                        8
 :rlimit-count                    4816302
 :sat-mk-clause-2ary              12843
 :sat-mk-clause-nary              16343
 :sat-mk-var                      8538
 :solve-eqs-elim-vars             25
 :solve-eqs-steps                 272
 :time                            2.76
 :total-time                      2.78)
