sat
(:added-eqs               8
 :arith-branch            42
 :arith-cube-calls        10
 :arith-cube-success      1
 :arith-dio-calls         42
 :arith-fixed-eqs         9
 :arith-gcd-calls         39
 :arith-lower             108
 :arith-make-feasible     51
 :arith-max-columns       354
 :arith-max-rows          162
 :arith-patches           43
 :arith-upper             264
 :decisions               42
 :final-checks            43
 :max-memory              111.35
 :memory                  33.23
 :mk-bool-var             372
 :num-allocs              122079157904.00
 :num-checks              3
 :rlimit-count            70089874
 :sat-backjumps           130449
 :sat-backtracks          423
 :sat-conflicts           130872
 :sat-decisions           459528
 :sat-del-clause          66856
 :sat-elim-bool-vars-res  12471
 :sat-elim-clauses        2764
 :sat-elim-literals       1752
 :sat-minimized-lits      1911727
 :sat-mk-clause-2ary      140772
 :sat-mk-clause-3ary      41247
 :sat-mk-clause-nary      495014
 :sat-mk-var              134143
 :sat-probing-assigned    627
 :sat-propagations-2ary   37514512
 :sat-propagations-nary   30390451
 :sat-restarts            17914
 :sat-scc-elim-binary     101
 :sat-scc-elim-vars       3
 :sat-subs-resolution     378
 :sat-subs-resolution-dyn 42230
 :sat-subsumed            3576
 :sat-units               671
 :time                    23.98
 :total-time              23.99)
