ramon: cwd                  /home/gh1/A/_work/z3-poly-testing/z3-poly-testing
ramon: start                Thu Feb  6 13:48:27 2025
ramon: nproc                32
ramon: sys.mem              63441 MiB
ramon: sys.mem.free         14901 MiB
ramon: sys.mem.avail        59200 MiB
ramon: sys.nprocs           1649
ramon: argv                 0 = z3
ramon: argv                 1 = inputs/QF_NIA_small/124.smt2
ramon: argv                 2 = -T:60
ramon: argv                 3 = -v:2
ramon: argv                 4 = -st
ramon: argv                 5 = tactic.default_tactic=(then simplify propagate-values solve-eqs simplify smt)
ramon: argv                 6 = smt.sls.enable=true
ramon: argv                 7 = smt.sls.parallel=false
ramon: argv                 8 = model_validate=true
ramon: argv                 9 = sls.arith_use_clausal_lookahead=true
ramon: childpid             2333348
(smt.searching)
(smt.stats :restarts     :decisions :clauses/bin/units       :simplify   :memory)
(smt.stats        :conflicts    :propagations        :lemmas      :deletions   )
(smt.stats    0      0      0      0  9986/6642/12       0/0     0    0   33.52)
(smt.stats    0    101  80774    896 13927/10583/16      97/75     2    0   75.63)
(smt.stats    1    202 297876   6541 13927/10583/16     198/170     3    0   77.04)
(smt.stats    2    313 554207  18041 13927/10583/16     309/278     3    0   78.86)
ramon: poll                 wall=1.000s usage=0.856s mem=82872KiB load=0.86 rootload=0.84
(smt.stats    3    414 764247  28593 13927/10583/16     410/375     3    0   80.63)
(smt.stats    4    525 881219  35006 13927/10583/19     518/447     6    0   82.22)
(smt.stats    5    647 1367304  64203 13927/10583/19     640/556     6    0   85.29)
SMT -> SLS units -1569 -1570 -3427 -3428 -5497 -5498 -7791 -7792 -10321 -10322 -13099 -13100
SMT -> SLS values
ramon: poll                 wall=2.000s usage=1.856s mem=89108KiB load=1.00 rootload=0.99
ramon: poll                 wall=3.012s usage=2.867s mem=89108KiB load=1.00 rootload=1.00
ramon: poll                 wall=4.000s usage=3.855s mem=89108KiB load=1.00 rootload=1.00
ramon: poll                 wall=5.000s usage=4.854s mem=89092KiB load=1.00 rootload=1.00
ramon: poll                 wall=6.000s usage=5.854s mem=89092KiB load=1.00 rootload=1.00
ramon: poll                 wall=7.000s usage=6.852s mem=89092KiB load=1.00 rootload=1.00
ramon: poll                 wall=8.016s usage=7.866s mem=89092KiB load=1.00 rootload=0.99
ramon: poll                 wall=9.000s usage=8.848s mem=89092KiB load=1.00 rootload=1.00
ramon: poll                 wall=10.000s usage=9.847s mem=89092KiB load=1.00 rootload=1.00
ramon: poll                 wall=11.016s usage=10.861s mem=89092KiB load=1.00 rootload=1.00
ramon: poll                 wall=12.000s usage=11.836s mem=89092KiB load=0.99 rootload=0.99
ramon: poll                 wall=13.000s usage=12.831s mem=89092KiB load=1.00 rootload=1.00
ramon: poll                 wall=14.000s usage=13.830s mem=89092KiB load=1.00 rootload=0.99
ramon: poll                 wall=15.000s usage=14.828s mem=89092KiB load=1.00 rootload=1.00
ramon: poll                 wall=16.000s usage=15.827s mem=89092KiB load=1.00 rootload=1.00
ramon: poll                 wall=17.000s usage=16.825s mem=89092KiB load=1.00 rootload=1.00
ramon: poll                 wall=18.341s usage=18.165s mem=89092KiB load=1.00 rootload=1.00
ramon: poll                 wall=19.000s usage=18.825s mem=89092KiB load=1.00 rootload=1.00
ramon: poll                 wall=20.000s usage=19.825s mem=89092KiB load=1.00 rootload=1.00
ramon: poll                 wall=21.000s usage=20.825s mem=89092KiB load=1.00 rootload=1.00
ramon: poll                 wall=22.012s usage=21.837s mem=89092KiB load=1.00 rootload=1.00
ramon: poll                 wall=23.000s usage=22.825s mem=89092KiB load=1.00 rootload=1.00
ramon: poll                 wall=24.004s usage=23.828s mem=89092KiB load=1.00 rootload=1.00
ramon: poll                 wall=25.000s usage=24.824s mem=89092KiB load=1.00 rootload=1.00
ramon: poll                 wall=26.010s usage=25.832s mem=89092KiB load=1.00 rootload=1.00
ramon: poll                 wall=27.036s usage=26.860s mem=89092KiB load=1.00 rootload=1.00
ramon: poll                 wall=28.000s usage=27.824s mem=89092KiB load=1.00 rootload=1.00
ramon: poll                 wall=29.000s usage=28.823s mem=89092KiB load=1.00 rootload=1.00
ramon: poll                 wall=30.000s usage=29.823s mem=89092KiB load=1.00 rootload=1.00
ramon: poll                 wall=31.000s usage=30.823s mem=89092KiB load=1.00 rootload=1.00
ramon: poll                 wall=32.008s usage=31.831s mem=89092KiB load=1.00 rootload=1.00
ramon: poll                 wall=33.000s usage=32.823s mem=89092KiB load=1.00 rootload=1.00
ramon: poll                 wall=34.000s usage=33.822s mem=89092KiB load=1.00 rootload=1.00
ramon: poll                 wall=35.000s usage=34.822s mem=89092KiB load=1.00 rootload=1.00
ramon: poll                 wall=36.000s usage=35.821s mem=89092KiB load=1.00 rootload=1.00
ramon: poll                 wall=37.000s usage=36.821s mem=89092KiB load=1.00 rootload=1.00
ramon: poll                 wall=38.000s usage=37.821s mem=89092KiB load=1.00 rootload=1.00
ramon: poll                 wall=39.008s usage=38.828s mem=89092KiB load=1.00 rootload=0.99
ramon: poll                 wall=40.000s usage=39.820s mem=89092KiB load=1.00 rootload=1.01
ramon: poll                 wall=41.000s usage=40.820s mem=89092KiB load=1.00 rootload=1.00
ramon: poll                 wall=42.000s usage=41.820s mem=89092KiB load=1.00 rootload=0.99
ramon: poll                 wall=43.000s usage=42.819s mem=89092KiB load=1.00 rootload=1.00
ramon: poll                 wall=44.000s usage=43.819s mem=89092KiB load=1.00 rootload=1.00
ramon: poll                 wall=45.000s usage=44.818s mem=89092KiB load=1.00 rootload=1.00
ramon: poll                 wall=46.000s usage=45.817s mem=89092KiB load=1.00 rootload=1.00
ramon: poll                 wall=47.000s usage=46.817s mem=89092KiB load=1.00 rootload=1.00
ramon: poll                 wall=48.000s usage=47.817s mem=89092KiB load=1.00 rootload=1.00
ramon: poll                 wall=49.000s usage=48.817s mem=89092KiB load=1.00 rootload=1.00
ramon: poll                 wall=50.000s usage=49.816s mem=89092KiB load=1.00 rootload=1.00
ramon: poll                 wall=51.000s usage=50.815s mem=89092KiB load=1.00 rootload=1.00
ramon: poll                 wall=52.000s usage=51.815s mem=89092KiB load=1.00 rootload=1.00
ramon: poll                 wall=53.000s usage=52.815s mem=89092KiB load=1.00 rootload=1.00
ramon: poll                 wall=54.000s usage=53.815s mem=89092KiB load=1.00 rootload=1.00
ramon: poll                 wall=55.000s usage=54.814s mem=89092KiB load=1.00 rootload=1.00
ramon: poll                 wall=56.000s usage=55.814s mem=89092KiB load=1.00 rootload=1.00
ramon: poll                 wall=57.000s usage=56.814s mem=89092KiB load=1.00 rootload=1.00
ramon: poll                 wall=58.000s usage=57.813s mem=89092KiB load=1.00 rootload=1.00
ramon: poll                 wall=59.000s usage=58.813s mem=89092KiB load=1.00 rootload=1.00
ramon: poll                 wall=60.000s usage=59.813s mem=89092KiB load=1.00 rootload=1.00
ramon: end                  Thu Feb  6 13:49:27 2025
ramon: root.execname        z3
ramon: root.utime           59.870s
ramon: root.stime           0.020s
ramon: group.total          59.903s
ramon: group.utime          59.879s
ramon: group.stime          0.024s
ramon: group.mempeak        89392KiB
ramon: group.pidpeak        2
ramon: status               exited
ramon: exitcode             0
ramon: walltime             60.090s
ramon: loadavg              1.00
