ramon: cwd                  /home/gh1/A/_work/z3-poly-testing/z3-poly-testing
ramon: start                Thu Feb  6 14:00:15 2025
ramon: nproc                32
ramon: sys.mem              63441 MiB
ramon: sys.mem.free         13900 MiB
ramon: sys.mem.avail        59199 MiB
ramon: sys.nprocs           1592
ramon: argv                 0 = z3
ramon: argv                 1 = inputs/QF_NIA_small/625.smt2
ramon: argv                 2 = -T:60
ramon: argv                 3 = -v:2
ramon: argv                 4 = -st
ramon: argv                 5 = tactic.default_tactic=(then simplify propagate-values solve-eqs simplify smt)
ramon: argv                 6 = smt.sls.enable=true
ramon: argv                 7 = smt.sls.parallel=false
ramon: argv                 8 = model_validate=true
ramon: argv                 9 = sls.arith_use_clausal_lookahead=true
ramon: childpid             2380328
(smt.searching)
(smt.stats :restarts     :decisions :clauses/bin/units       :simplify   :memory)
(smt.stats        :conflicts    :propagations        :lemmas      :deletions   )
(smt.stats    0      0      0      0   651/632/130       0/0     0    0   21.72)
(nlsat :conflicts 5 :decisions 1 :propagations 305 :clauses 340 :learned 5)
(nlsat :conflicts 5 :decisions 1 :propagations 307 :clauses 347 :learned 5)
(nlsat :conflicts 3 :decisions 0 :propagations 113 :clauses 354 :learned 3)
(nlsat :conflicts 2 :decisions 0 :propagations 74 :clauses 352 :learned 2)
(nlsat :conflicts 7 :decisions 0 :propagations 307 :clauses 344 :learned 7)
(nlsat :conflicts 34 :decisions 0 :propagations 330 :clauses 347 :learned 34)
(nlsat :conflicts 1 :decisions 0 :propagations 297 :clauses 344 :learned 1)
(nlsat :conflicts 1 :decisions 0 :propagations 311 :clauses 346 :learned 1)
(nlsat :conflicts 1 :decisions 0 :propagations 312 :clauses 350 :learned 1)
(nlsat :conflicts 30 :decisions 0 :propagations 286 :clauses 328 :learned 30)
(nlsat-b&b :conflicts 83 :decisions 0 :propagations 731 :clauses 328 :learned 83)
(nlsat :conflicts 30 :decisions 0 :propagations 287 :clauses 327 :learned 30)
(smt.stats    0     23   2786    121   804/772/133      19/3     2    3   57.62)
ramon: end                  Thu Feb  6 14:00:16 2025
ramon: root.execname        z3
ramon: root.utime           0.560s
ramon: root.stime           0.020s
ramon: group.total          0.581s
ramon: group.utime          0.561s
ramon: group.stime          0.020s
ramon: group.mempeak        61184KiB
ramon: group.pidpeak        2
ramon: status               exited
ramon: exitcode             0
ramon: walltime             0.627s
ramon: loadavg              0.93
