ramon: cwd                  /home/runner/a/_work/z3-poly-testing/z3-poly-testing
ramon: start                Fri Apr 18 14:35:26 2025
ramon: nproc                128
ramon: sys.mem              64150 MiB
ramon: sys.mem.free         11219 MiB
ramon: sys.mem.avail        63039 MiB
ramon: sys.nprocs           3374
ramon: argv                 0 = z3
ramon: argv                 1 = /home/runner/a/_work/z3-poly-testing/z3-poly-testing/download/non-incremental/QF_LIA/2019-cmodelsdiff/wireRouting/p25.smt2
ramon: argv                 2 = -T:600
ramon: argv                 3 = -st
ramon: argv                 4 = lp.dio=true
ramon: argv                 5 = lp.dio_run_gcd=false
ramon: argv                 6 = smt.random_seed=2468
ramon: childpid             4090656
ramon: poll                 wall=01.001s usage=00.987s user=00.718s sys=00.269s mem=92404KiB roottime=0.710s load=0.99 rootload=0.71
ramon: poll                 wall=02.000s usage=01.980s user=01.390s sys=00.590s mem=261MiB roottime=1.390s load=0.99 rootload=0.68
ramon: poll                 wall=03.000s usage=02.978s user=02.076s sys=00.902s mem=468MiB roottime=2.070s load=1.00 rootload=0.68
ramon: poll                 wall=04.001s usage=03.977s user=03.023s sys=00.954s mem=361MiB roottime=3.020s load=1.00 rootload=0.95
ramon: poll                 wall=05.000s usage=04.973s user=03.848s sys=01.125s mem=455MiB roottime=3.840s load=1.00 rootload=0.82
ramon: poll                 wall=06.000s usage=05.967s user=04.063s sys=01.903s mem=907MiB roottime=4.060s load=0.99 rootload=0.22
ramon: poll                 wall=07.000s usage=06.965s user=04.992s sys=01.973s mem=668MiB roottime=4.990s load=1.00 rootload=0.93
ramon: poll                 wall=08.000s usage=07.962s user=05.968s sys=01.994s mem=677MiB roottime=5.960s load=1.00 rootload=0.97
ramon: poll                 wall=09.000s usage=08.960s user=06.877s sys=02.083s mem=717MiB roottime=6.870s load=1.00 rootload=0.91
ramon: poll                 wall=10.000s usage=09.954s user=07.857s sys=02.097s mem=719MiB roottime=7.850s load=0.99 rootload=0.98
ramon: poll                 wall=11.007s usage=10.959s user=08.843s sys=02.116s mem=736MiB roottime=8.840s load=1.00 rootload=0.98
ramon: poll                 wall=12.000s usage=11.949s user=09.822s sys=02.127s mem=746MiB roottime=9.820s load=1.00 rootload=0.99
ramon: poll                 wall=13.000s usage=12.947s user=10.793s sys=02.155s mem=755MiB roottime=10.790s load=1.00 rootload=0.97
ramon: poll                 wall=14.000s usage=13.943s user=11.785s sys=02.158s mem=737MiB roottime=11.780s load=1.00 rootload=0.99
ramon: end                  Fri Apr 18 14:35:40 2025
ramon: root.execname        z3
ramon: root.utime           12.360s
ramon: root.stime           2.260s
ramon: group.total          14.634s
ramon: group.utime          12.368s
ramon: group.stime          2.265s
ramon: group.mempeak        907MiB
ramon: group.pidpeak        2
ramon: status               exited
ramon: exitcode             0
ramon: walltime             14.699s
ramon: loadavg              1.00
