ramon: cwd                  /tmp/runner/actions-runner/_work/z3-poly-testing/z3-poly-testing
ramon: start                Wed Dec 18 14:19:24 2024
ramon: nproc                128
ramon: sys.mem              64150 MiB
ramon: sys.mem.free         46457 MiB
ramon: sys.mem.avail        64124 MiB
ramon: sys.nprocs           3171
ramon: argv                 0 = z3
ramon: argv                 1 = /tmp/runner/actions-runner/_work/z3-poly-testing/z3-poly-testing/download/non-incremental/QF_NIA/20170427-VeryMax/CInteger/Stroeder_15__ChenFlurMukhopadhyay-SAS2012-Ex2.12_false-termination.c__p21371_terminationG_0.smt2
ramon: argv                 2 = -T:600
ramon: argv                 3 = -st
ramon: childpid             3801725
ramon: poll                 wall=01.000s usage=00.977s user=00.920s sys=00.057s mem=66868KiB roottime=0.920s load=0.98 rootload=0.92
ramon: poll                 wall=02.000s usage=01.978s user=01.921s sys=00.057s mem=66780KiB roottime=1.920s load=1.00 rootload=1.00
ramon: poll                 wall=03.000s usage=02.977s user=02.920s sys=00.057s mem=66780KiB roottime=2.920s load=1.00 rootload=1.00
ramon: poll                 wall=04.000s usage=03.977s user=03.920s sys=00.057s mem=67036KiB roottime=3.920s load=1.00 rootload=1.00
ramon: poll                 wall=05.000s usage=04.978s user=04.920s sys=00.058s mem=67060KiB roottime=4.910s load=1.00 rootload=0.99
ramon: poll                 wall=06.000s usage=05.977s user=05.919s sys=00.058s mem=66860KiB roottime=5.910s load=1.00 rootload=1.00
ramon: end                  Wed Dec 18 14:19:31 2024
ramon: root.execname        z3
ramon: root.utime           6.580s
ramon: root.stime           0.060s
ramon: group.total          6.655s
ramon: group.utime          6.586s
ramon: group.stime          0.069s
ramon: group.mempeak        81888KiB
ramon: group.pidpeak        3
ramon: status               exited
ramon: exitcode             0
ramon: walltime             6.677s
ramon: loadavg              1.00
