ramon: cwd                  /tmp/runner/actions-runner/_work/z3-poly-testing/z3-poly-testing
ramon: start                Wed Dec 18 14:33:02 2024
ramon: nproc                128
ramon: sys.mem              64150 MiB
ramon: sys.mem.free         45523 MiB
ramon: sys.mem.avail        64115 MiB
ramon: sys.nprocs           3007
ramon: argv                 0 = z3
ramon: argv                 1 = /tmp/runner/actions-runner/_work/z3-poly-testing/z3-poly-testing/download/non-incremental/QF_NIA/20170427-VeryMax/CInteger/Ton_Chanh_15__Hanoi_plus_false-termination.c__p27164_terminationG_0.smt2
ramon: argv                 2 = -T:600
ramon: argv                 3 = -st
ramon: childpid             3842861
ramon: poll                 wall=01.000s usage=00.980s user=00.875s sys=00.105s mem=106MiB roottime=0.870s load=0.98 rootload=0.87
ramon: end                  Wed Dec 18 14:33:04 2024
ramon: root.execname        z3
ramon: root.utime           1.850s
ramon: root.stime           0.120s
ramon: group.total          1.974s
ramon: group.utime          1.853s
ramon: group.stime          0.121s
ramon: group.mempeak        123MiB
ramon: group.pidpeak        3
ramon: status               exited
ramon: exitcode             0
ramon: walltime             1.994s
ramon: loadavg              0.99
