sat
(:added-eqs                   8875
 :arith-bound-propagations-lp 25755
 :arith-conflicts             388
 :arith-fixed-eqs             3320
 :arith-lower                 27774
 :arith-make-feasible         13713
 :arith-max-columns           502
 :arith-max-rows              257
 :arith-offset-eqs            5663
 :arith-upper                 25357
 :binary-propagations         33271
 :conflicts                   592
 :decisions                   8539
 :del-clause                  22
 :final-checks                1
 :max-memory                  26.32
 :memory                      20.22
 :minimized-lits              1225
 :mk-bool-var                 2294
 :mk-clause                   1075
 :mk-clause-binary            2585
 :num-allocs                  25111302
 :num-checks                  1
 :propagations                43185
 :restarts                    3
 :rlimit-count                1179549
 :solve-eqs-elim-vars         333
 :solve-eqs-steps             1453
 :time                        0.49
 :total-time                  0.51)
