sat
(:arith-conflicts     2
 :arith-lower         16
 :arith-make-feasible 7
 :arith-max-columns   20
 :arith-max-rows      10
 :arith-upper         12
 :binary-propagations 4
 :conflicts           2
 :decisions           4
 :final-checks        1
 :max-memory          18.98
 :memory              18.62
 :mk-bool-var         22
 :mk-clause-binary    5
 :num-allocs          96030
 :num-checks          1
 :propagations        4
 :rlimit-count        3374
 :solve-eqs-elim-vars 16
 :solve-eqs-steps     35
 :time                0.00
 :total-time          0.01)
