sat
(:added-eqs                   6559882
 :arith-eq-adapter            4021
 :arith-assume-eqs            2
 :arith-bound-propagations-lp 80303
 :arith-conflicts             522
 :arith-diseq                 154371
 :arith-fixed-eqs             131307
 :arith-lower                 193762
 :arith-make-feasible         83161
 :arith-max-columns           2627
 :arith-max-rows              1261
 :arith-offset-eqs            33022
 :arith-upper                 235146
 :binary-propagations         19668161
 :conflicts                   50011
 :decisions                   4065680
 :del-clause                  33926
 :elim-unconstrained          2
 :final-checks                2
 :interface-eqs               1
 :max-memory                  61.82
 :memory                      36.58
 :minimized-lits              274603
 :mk-bool-var                 29187
 :mk-clause                   59092
 :mk-clause-binary            22427
 :num-allocs                  329907835
 :num-checks                  1
 :propagations                26298201
 :restarts                    238
 :rlimit-count                86686673
 :time                        27.70
 :total-time                  27.76)
