unsat
(:added-eqs                   748158
 :arith-eq-adapter            5371
 :arith-bound-propagations-lp 62086
 :arith-conflicts             158
 :arith-diseq                 31034
 :arith-fixed-eqs             68056
 :arith-lower                 83715
 :arith-make-feasible         29943
 :arith-max-columns           2079
 :arith-max-rows              1253
 :arith-offset-eqs            32061
 :arith-upper                 83704
 :binary-propagations         2821014
 :conflicts                   7491
 :decisions                   368648
 :del-clause                  17374
 :max-memory                  59.01
 :memory                      36.23
 :minimized-lits              14565
 :mk-bool-var                 27366
 :mk-clause                   20197
 :mk-clause-binary            58450
 :num-allocs                  402608690
 :num-checks                  1
 :propagations                3435412
 :restarts                    54
 :rlimit-count                16659431
 :time                        4.60
 :total-time                  4.71)
