sat
(:added-eqs               312
 :arith-eq-adapter        70
 :arith-diseq             4
 :arith-lower             86
 :arith-make-feasible     31
 :arith-max-columns       401
 :arith-max-rows          91
 :arith-upper             172
 :binary-propagations     703
 :conflicts               10
 :decisions               590
 :del-clause              2
 :max-memory              300.78
 :memory                  165.47
 :mk-bool-var             433
 :mk-clause               87
 :mk-clause-binary        1077
 :num-allocs              1782593346
 :num-checks              1
 :propagations            715
 :rlimit-count            1865185
 :sat-backjumps           501
 :sat-conflicts           501
 :sat-decisions           3069
 :sat-del-clause          119545
 :sat-elim-bool-vars-res  22162
 :sat-elim-clauses        143
 :sat-elim-literals       2706
 :sat-minimized-lits      1389
 :sat-mk-clause-2ary      68212
 :sat-mk-clause-3ary      30249
 :sat-mk-clause-nary      189729
 :sat-mk-var              46264
 :sat-probing-assigned    126
 :sat-propagations-2ary   382544
 :sat-propagations-nary   293005
 :sat-restarts            58
 :sat-scc-elim-binary     226
 :sat-scc-elim-vars       91
 :sat-subs-resolution     2187
 :sat-subs-resolution-dyn 135
 :sat-subsumed            25082
 :sat-units               152
 :sls-arith-steps         237
 :sls-ddfw-flips          779.00
 :sls-ddfw-shifts         131.00
 :sls-num-guided-search   1
 :time                    0.74
 :total-time              0.75)
