sat
(:added-eqs                       180
 :arith-eq-adapter                39
 :arith-bound-propagations-lp     7
 :arith-conflicts                 23
 :arith-diseq                     24
 :arith-fixed-eqs                 7
 :arith-gcd-calls                 1
 :arith-grobner-calls             8
 :arith-grobner-conflicts         1
 :arith-horner-calls              3
 :arith-horner-cross-nested-forms 9
 :arith-lower                     56
 :arith-make-feasible             90
 :arith-max-columns               299
 :arith-max-rows                  114
 :arith-nla-add-bounds            10
 :arith-nla-lemmas                15
 :arith-nla-propagate-bounds      5
 :arith-nla-propagate-eq          133
 :arith-nra-calls                 1
 :arith-offset-eqs                2
 :arith-patches                   1
 :arith-patches-success           1
 :arith-upper                     110
 :binary-propagations             151
 :conflicts                       6
 :decisions                       226
 :del-clause                      30
 :elim-unconstrained              5
 :final-checks                    23
 :max-memory                      156.74
 :memory                          88.65
 :mk-bool-var                     288
 :mk-clause                       101
 :mk-clause-binary                651
 :nlsat-conflicts                 106
 :nlsat-propagations              1589
 :nlsat-stages                    791
 :num-allocs                      590575909
 :num-checks                      1
 :propagations                    178
 :rlimit-count                    1190194
 :sat-backjumps                   501
 :sat-conflicts                   501
 :sat-decisions                   2622
 :sat-del-clause                  66004
 :sat-elim-bool-vars-res          12341
 :sat-elim-clauses                592
 :sat-elim-literals               1769
 :sat-minimized-lits              2572
 :sat-mk-clause-2ary              39208
 :sat-mk-clause-3ary              16418
 :sat-mk-clause-nary              104486
 :sat-mk-var                      25853
 :sat-probing-assigned            53
 :sat-propagations-2ary           267213
 :sat-propagations-nary           208314
 :sat-restarts                    38
 :sat-scc-elim-binary             147
 :sat-scc-elim-vars               30
 :sat-subs-resolution             1091
 :sat-subs-resolution-dyn         98
 :sat-subsumed                    13319
 :sat-units                       190
 :sls-arith-steps                 54221
 :sls-ddfw-flips                  448.00
 :sls-ddfw-shifts                 45.00
 :sls-num-guided-search           7
 :sls-repair-down                 148
 :sls-repair-up                   248
 :time                            0.72
 :total-time                      0.72)
