ramon: cwd                  /home/runner/a/_work/z3-poly-testing/z3-poly-testing
ramon: start                Thu Mar 13 23:07:35 2025
ramon: nproc                128
ramon: sys.mem              64150 MiB
ramon: sys.mem.free         21991 MiB
ramon: sys.mem.avail        63543 MiB
ramon: sys.nprocs           3390
ramon: argv                 0 = z3
ramon: argv                 1 = inputs/QF_LIA/n7383-prp-9-47.smt2
ramon: argv                 2 = -T:600
ramon: argv                 3 = -st
ramon: argv                 4 = smt.arith.lp.dio_eqs=true
ramon: childpid             3748231
ramon: poll                 wall=01.004s usage=00.978s user=00.879s sys=00.099s mem=23100KiB roottime=0.870s load=0.97 rootload=0.87
ramon: poll                 wall=02.005s usage=01.976s user=01.871s sys=00.106s mem=24128KiB roottime=1.870s load=1.00 rootload=1.00
ramon: poll                 wall=03.001s usage=02.972s user=02.863s sys=00.109s mem=24640KiB roottime=2.860s load=1.00 rootload=0.99
ramon: poll                 wall=04.001s usage=03.973s user=03.862s sys=00.111s mem=24896KiB roottime=3.860s load=1.00 rootload=1.00
ramon: poll                 wall=05.002s usage=04.972s user=04.857s sys=00.115s mem=25852KiB roottime=4.850s load=1.00 rootload=0.99
ramon: poll                 wall=06.001s usage=05.964s user=05.845s sys=00.119s mem=26364KiB roottime=5.840s load=0.99 rootload=0.99
ramon: poll                 wall=07.000s usage=06.961s user=06.839s sys=00.122s mem=26568KiB roottime=6.830s load=1.00 rootload=0.99
ramon: poll                 wall=08.005s usage=07.962s user=07.833s sys=00.129s mem=27268KiB roottime=7.830s load=1.00 rootload=0.99
ramon: poll                 wall=09.012s usage=08.965s user=08.830s sys=00.135s mem=27576KiB roottime=8.820s load=1.00 rootload=0.98
ramon: poll                 wall=10.014s usage=09.962s user=09.813s sys=00.149s mem=29600KiB roottime=9.810s load=1.00 rootload=0.99
ramon: poll                 wall=11.001s usage=10.944s user=10.790s sys=00.154s mem=30532KiB roottime=10.790s load=0.99 rootload=0.99
ramon: poll                 wall=12.001s usage=11.944s user=11.789s sys=00.155s mem=31044KiB roottime=11.780s load=1.00 rootload=0.99
ramon: poll                 wall=13.001s usage=12.944s user=12.784s sys=00.160s mem=31556KiB roottime=12.780s load=1.00 rootload=1.00
ramon: poll                 wall=14.002s usage=13.944s user=13.782s sys=00.162s mem=31812KiB roottime=13.780s load=1.00 rootload=1.00
ramon: poll                 wall=15.021s usage=14.963s user=14.799s sys=00.165s mem=32580KiB roottime=14.790s load=1.00 rootload=0.99
ramon: poll                 wall=16.000s usage=15.942s user=15.775s sys=00.167s mem=32580KiB roottime=15.770s load=1.00 rootload=1.00
ramon: poll                 wall=17.002s usage=16.943s user=16.774s sys=00.169s mem=32836KiB roottime=16.770s load=1.00 rootload=1.00
ramon: poll                 wall=18.003s usage=17.944s user=17.711s sys=00.234s mem=45352KiB roottime=17.710s load=1.00 rootload=0.94
ramon: poll                 wall=19.000s usage=18.940s user=18.531s sys=00.409s mem=95016KiB roottime=18.530s load=1.00 rootload=0.82
ramon: poll                 wall=20.003s usage=19.944s user=19.436s sys=00.508s mem=103MiB roottime=19.430s load=1.00 rootload=0.90
ramon: poll                 wall=21.000s usage=20.940s user=20.416s sys=00.524s mem=104MiB roottime=20.410s load=1.00 rootload=0.98
ramon: poll                 wall=22.005s usage=21.943s user=21.414s sys=00.530s mem=105MiB roottime=21.410s load=1.00 rootload=1.00
ramon: poll                 wall=23.016s usage=22.955s user=22.418s sys=00.537s mem=105MiB roottime=22.410s load=1.00 rootload=0.99
ramon: poll                 wall=24.005s usage=23.944s user=23.402s sys=00.542s mem=106MiB roottime=23.400s load=1.00 rootload=1.00
ramon: poll                 wall=25.021s usage=24.959s user=24.415s sys=00.545s mem=107MiB roottime=24.410s load=1.00 rootload=0.99
ramon: poll                 wall=26.000s usage=25.938s user=25.389s sys=00.549s mem=107MiB roottime=25.380s load=1.00 rootload=0.99
ramon: poll                 wall=27.007s usage=26.943s user=26.389s sys=00.555s mem=107MiB roottime=26.380s load=1.00 rootload=0.99
ramon: poll                 wall=28.018s usage=27.954s user=27.390s sys=00.564s mem=108MiB roottime=27.390s load=1.00 rootload=1.00
ramon: end                  Thu Mar 13 23:08:03 2025
ramon: root.execname        z3
ramon: root.utime           27.590s
ramon: root.stime           0.600s
ramon: group.total          28.199s
ramon: group.utime          27.599s
ramon: group.stime          0.601s
ramon: group.mempeak        108MiB
ramon: group.pidpeak        2
ramon: status               exited
ramon: exitcode             0
ramon: walltime             28.266s
ramon: loadavg              1.00
