ramon: cwd                  /home/gh1/A/_work/z3-poly-testing/z3-poly-testing
ramon: start                Mon Oct 14 14:59:18 2024
ramon: nproc                32
ramon: sys.mem              63442 MiB
ramon: sys.mem.free         33200 MiB
ramon: sys.mem.avail        62705 MiB
ramon: sys.nprocs           1476
ramon: argv                 0 = z3
ramon: argv                 1 = inputs/QF_UF_SAT/gensys_brn070.smt2
ramon: argv                 2 = -T:20
ramon: argv                 3 = -v:2
ramon: argv                 4 = sls.euf_incremental=2
ramon: argv                 5 = -st
ramon: argv                 6 = tactic.default_tactic=(then simplify propagate-values solve-eqs simplify sls-smt)
ramon: argv                 7 = model_validate=true
ramon: childpid             2701807
UNITS -250 -251 -252 -253 -254 -255 -256 -257 -258 -259 -260 -261 -262 -263 -264 -265 -266 -267 -268 -269 -270 -271 -272 -273 -274 -275 -276 -277 -278 -279 -280 -281 -282 -283 -284 -285 -286 -287 -288 -289 -290 -291 -292 -293 -294 -295 -296 -297 -298 -299 -300 -301 -302 -303 -304 -305 -306 -307 -308 -309 -310 -311 -312 -313 -314 -315 -316 -317 -318 -319 -320 -321 -322 -323 -324 -325 -326 -327 -328 -329 -330 -331 -332 -333 -334 -335 -336 -337 -338 -339 -340 -341 -342 -343 -344 -345 -346 -347 -348 -349 -350 -351 -352 -353 -354 -355 -356 -357 -358 -359
sls.euf: incremental 2
ramon: poll                 wall=1.000s usage=0.924s mem=21764KiB load=0.92 rootload=0.91
ramon: poll                 wall=2.000s usage=1.924s mem=24492KiB load=1.00 rootload=1.00
ramon: poll                 wall=3.000s usage=2.923s mem=27972KiB load=1.00 rootload=1.00
ramon: poll                 wall=4.000s usage=3.923s mem=30080KiB load=1.00 rootload=1.00
ramon: poll                 wall=5.000s usage=4.922s mem=34096KiB load=1.00 rootload=1.00
ramon: poll                 wall=6.000s usage=5.922s mem=35672KiB load=1.00 rootload=1.00
ramon: poll                 wall=7.000s usage=6.922s mem=39236KiB load=1.00 rootload=1.00
ramon: poll                 wall=8.000s usage=7.922s mem=41432KiB load=1.00 rootload=1.00
ramon: poll                 wall=9.000s usage=8.922s mem=45056KiB load=1.00 rootload=1.00
ramon: poll                 wall=10.000s usage=9.920s mem=49008KiB load=1.00 rootload=1.00
ramon: poll                 wall=11.004s usage=10.928s mem=49944KiB load=1.00 rootload=1.01
ramon: poll                 wall=12.000s usage=11.920s mem=52672KiB load=1.00 rootload=0.99
ramon: poll                 wall=13.000s usage=12.920s mem=56304KiB load=1.00 rootload=1.00
ramon: poll                 wall=14.000s usage=13.920s mem=57884KiB load=1.00 rootload=1.00
ramon: poll                 wall=15.000s usage=14.920s mem=64976KiB load=1.00 rootload=1.00
ramon: poll                 wall=16.000s usage=15.919s mem=65136KiB load=1.00 rootload=1.00
ramon: poll                 wall=17.000s usage=16.919s mem=68112KiB load=1.00 rootload=0.99
ramon: poll                 wall=18.000s usage=17.914s mem=69704KiB load=0.99 rootload=0.99
ramon: poll                 wall=19.000s usage=18.913s mem=73332KiB load=1.00 rootload=1.00
ramon: poll                 wall=20.004s usage=19.914s mem=75044KiB load=1.00 rootload=1.00
ramon: end                  Mon Oct 14 14:59:38 2024
ramon: root.execname        z3
ramon: root.utime           19.960s
ramon: root.stime           0.010s
ramon: group.total          19.977s
ramon: group.utime          19.965s
ramon: group.stime          0.012s
ramon: group.mempeak        83824KiB
ramon: group.pidpeak        2
ramon: status               exited
ramon: exitcode             0
ramon: walltime             20.068s
ramon: loadavg              1.00
