ramon: cwd                  /home/gh1/A/_work/z3-poly-testing/z3-poly-testing
ramon: start                Mon Oct 14 14:57:30 2024
ramon: nproc                32
ramon: sys.mem              63442 MiB
ramon: sys.mem.free         32746 MiB
ramon: sys.mem.avail        62705 MiB
ramon: sys.nprocs           1477
ramon: argv                 0 = z3
ramon: argv                 1 = inputs/QF_UF_SAT/gensys_brn1013.smt2
ramon: argv                 2 = -T:20
ramon: argv                 3 = -v:2
ramon: argv                 4 = sls.euf_incremental=2
ramon: argv                 5 = -st
ramon: argv                 6 = tactic.default_tactic=(then simplify propagate-values solve-eqs simplify sls-smt)
ramon: argv                 7 = model_validate=true
ramon: childpid             2691734
UNITS -330 -331 -332 -333 -334 -335 -336 -337 -338 -339 -340 -341 -342 -343 -344 -345 -346 -347 -348 -349 -350 -351 -352 -353 -354 -355 -356 -357 -358 -359 -360 -361 -362 -363 -364 -365 -366 -367 -368 -369 -370 -371 -372 -373 -374 -375 -376 -377 -378 -379 -380 -381 -382 -383 -384 -385 -386 -387 -388 -389 -390 -391 -392 -393 -394 -395 -396 -397 -398 -399 -400 -401 -402 -403 -404 -405 -406 -407 -408 -409 -410 -411 -412 -413 -414 -415 -416 -417 -418 -419 -420 -421 -422 -423 -424 -425 -426 -427 -428 -429 -430 -431 -432 -433 -434 -435 -436 -437 -438 -439
sls.euf: incremental 2
ramon: poll                 wall=1.000s usage=0.998s mem=20376KiB load=1.00 rootload=0.98
ramon: poll                 wall=2.000s usage=1.997s mem=21464KiB load=1.00 rootload=1.00
ramon: poll                 wall=3.000s usage=2.997s mem=22604KiB load=1.00 rootload=1.00
ramon: poll                 wall=4.000s usage=3.994s mem=24112KiB load=1.00 rootload=1.00
ramon: poll                 wall=5.000s usage=4.994s mem=25080KiB load=1.00 rootload=1.00
ramon: poll                 wall=6.000s usage=5.994s mem=26060KiB load=1.00 rootload=1.00
ramon: poll                 wall=7.003s usage=6.995s mem=27756KiB load=1.00 rootload=1.00
ramon: poll                 wall=8.000s usage=7.992s mem=29060KiB load=1.00 rootload=1.00
ramon: poll                 wall=9.000s usage=8.992s mem=29740KiB load=1.00 rootload=1.00
ramon: poll                 wall=10.000s usage=9.992s mem=30596KiB load=1.00 rootload=1.00
ramon: poll                 wall=11.000s usage=10.991s mem=32300KiB load=1.00 rootload=0.99
ramon: poll                 wall=12.000s usage=11.991s mem=34040KiB load=1.00 rootload=1.00
ramon: poll                 wall=13.000s usage=12.991s mem=34724KiB load=1.00 rootload=1.00
ramon: poll                 wall=14.000s usage=13.991s mem=35408KiB load=1.00 rootload=1.00
ramon: poll                 wall=15.000s usage=14.991s mem=36396KiB load=1.00 rootload=1.00
ramon: poll                 wall=16.000s usage=15.991s mem=38632KiB load=1.00 rootload=1.00
ramon: poll                 wall=17.007s usage=16.996s mem=40056KiB load=1.00 rootload=1.00
ramon: poll                 wall=18.000s usage=17.989s mem=40468KiB load=1.00 rootload=1.00
ramon: poll                 wall=19.000s usage=18.989s mem=41152KiB load=1.00 rootload=1.00
ramon: poll                 wall=20.000s usage=19.989s mem=43888KiB load=1.00 rootload=1.00
ramon: end                  Mon Oct 14 14:57:50 2024
ramon: root.execname        z3
ramon: root.utime           19.970s
ramon: root.stime           0.010s
ramon: group.total          19.994s
ramon: group.utime          19.978s
ramon: group.stime          0.016s
ramon: group.mempeak        47596KiB
ramon: group.pidpeak        2
ramon: status               exited
ramon: exitcode             0
ramon: walltime             20.005s
ramon: loadavg              1.00
