ramon: cwd                  /home/runner/a/_work/z3-poly-testing/z3-poly-testing
ramon: start                Tue Mar 18 21:18:19 2025
ramon: nproc                128
ramon: sys.mem              64150 MiB
ramon: sys.mem.free         28386 MiB
ramon: sys.mem.avail        64106 MiB
ramon: sys.nprocs           3740
ramon: argv                 0 = z3
ramon: argv                 1 = /home/runner/a/_work/z3-poly-testing/z3-poly-testing/download/non-incremental/QF_LIA/20180326-Bromberger/more_slacked/cut_lemmas/20-vars/cut_lemma_03_011.smt2.slack.smt2
ramon: argv                 2 = -T:600
ramon: argv                 3 = -st
ramon: argv                 4 = smt.arith.lp.dio_eqs=false
ramon: childpid             2180800
ramon: poll                 wall=01.000s usage=00.975s user=00.959s sys=00.016s mem=20672KiB roottime=0.950s load=0.98 rootload=0.95
ramon: poll                 wall=02.003s usage=01.975s user=01.958s sys=00.017s mem=20860KiB roottime=1.950s load=1.00 rootload=1.00
ramon: poll                 wall=03.000s usage=02.971s user=02.918s sys=00.053s mem=40796KiB roottime=2.910s load=1.00 rootload=0.96
ramon: poll                 wall=04.003s usage=03.973s user=03.917s sys=00.056s mem=43268KiB roottime=3.910s load=1.00 rootload=1.00
ramon: poll                 wall=05.000s usage=04.969s user=04.911s sys=00.058s mem=46252KiB roottime=4.910s load=1.00 rootload=1.00
ramon: poll                 wall=06.000s usage=05.968s user=05.907s sys=00.061s mem=49192KiB roottime=5.900s load=1.00 rootload=0.99
ramon: poll                 wall=07.000s usage=06.967s user=06.903s sys=00.064s mem=51052KiB roottime=6.900s load=1.00 rootload=1.00
ramon: poll                 wall=08.002s usage=07.968s user=07.888s sys=00.080s mem=65844KiB roottime=7.880s load=1.00 rootload=0.98
ramon: poll                 wall=09.001s usage=08.966s user=08.886s sys=00.080s mem=65844KiB roottime=8.880s load=1.00 rootload=1.00
ramon: poll                 wall=10.002s usage=09.966s user=09.886s sys=00.080s mem=65844KiB roottime=9.880s load=1.00 rootload=1.00
ramon: poll                 wall=11.000s usage=10.963s user=10.883s sys=00.080s mem=65596KiB roottime=10.880s load=1.00 rootload=1.00
ramon: poll                 wall=12.001s usage=11.963s user=11.883s sys=00.080s mem=65596KiB roottime=11.880s load=1.00 rootload=1.00
ramon: poll                 wall=13.002s usage=12.963s user=12.875s sys=00.088s mem=56584KiB roottime=12.870s load=1.00 rootload=0.99
ramon: poll                 wall=14.000s usage=13.960s user=13.872s sys=00.088s mem=56584KiB roottime=13.870s load=1.00 rootload=1.00
ramon: poll                 wall=15.000s usage=14.959s user=14.871s sys=00.088s mem=56584KiB roottime=14.870s load=1.00 rootload=1.00
ramon: poll                 wall=16.000s usage=15.958s user=15.870s sys=00.088s mem=57516KiB roottime=15.870s load=1.00 rootload=1.00
ramon: poll                 wall=17.002s usage=16.959s user=16.866s sys=00.093s mem=59984KiB roottime=16.860s load=1.00 rootload=0.99
ramon: poll                 wall=18.000s usage=17.956s user=17.862s sys=00.094s mem=62388KiB roottime=17.860s load=1.00 rootload=1.00
ramon: poll                 wall=19.000s usage=18.955s user=18.859s sys=00.096s mem=64544KiB roottime=18.850s load=1.00 rootload=0.99
ramon: poll                 wall=20.000s usage=19.954s user=19.855s sys=00.099s mem=66892KiB roottime=19.850s load=1.00 rootload=1.00
ramon: poll                 wall=21.001s usage=20.955s user=20.852s sys=00.103s mem=69208KiB roottime=20.850s load=1.00 rootload=1.00
ramon: poll                 wall=22.000s usage=21.953s user=21.818s sys=00.135s mem=99684KiB roottime=21.810s load=1.00 rootload=0.96
ramon: end                  Tue Mar 18 21:18:42 2025
ramon: root.execname        z3
ramon: root.utime           22.030s
ramon: root.stime           0.150s
ramon: group.total          22.192s
ramon: group.utime          22.039s
ramon: group.stime          0.153s
ramon: group.mempeak        99940KiB
ramon: group.pidpeak        3
ramon: status               exited
ramon: exitcode             0
ramon: walltime             22.240s
ramon: loadavg              1.00
