ramon: cwd                  /home/gh1/A/_work/z3-poly-testing/z3-poly-testing
ramon: start                Mon Dec 30 17:53:46 2024
ramon: nproc                32
ramon: sys.mem              63442 MiB
ramon: sys.mem.free         41389 MiB
ramon: sys.mem.avail        59455 MiB
ramon: sys.nprocs           1071
ramon: argv                 0 = z3
ramon: argv                 1 = inputs/QF_BV_SAT/innfeed_innfeed_vc36443.smt2
ramon: argv                 2 = -T:20
ramon: argv                 3 = -v:2
ramon: argv                 4 = -st
ramon: argv                 5 = tactic.default_tactic=(then simplify propagate-values solve-eqs simplify sls-smt)
ramon: argv                 6 = model_validate=true
ramon: childpid             1411144
(sat.ddfw :unsat :models :kflips/sec  :flips  :restarts  :reinits  :unsat_vars  :shifts)
(sat.ddfw       1     32   81.3008     10000        41          0            1      501)
(sat.ddfw       1     53   39.6825     20000        86          1            1      504)
(sat.ddfw       1     81   38.2428     40001       180          2            1      510)
(sat.ddfw       1     90   32.1878     70000       323          3            1      514)
ramon: poll                 wall=1.000s usage=0.997s mem=18736KiB load=1.00 rootload=0.99
(sat.ddfw       1    108   27.0636    110000       512          4            1      520)
ramon: poll                 wall=2.000s usage=1.996s mem=18740KiB load=1.00 rootload=1.00
(sat.ddfw       1    116   23.1486    160001       750          5            1      526)
(sat.ddfw       1    119   20.1204    220000      1039          6            1      533)
ramon: poll                 wall=3.000s usage=2.996s mem=18740KiB load=1.00 rootload=1.00
(sat.ddfw       1    128   17.7305    290000      1378          7            1      541)
ramon: poll                 wall=4.000s usage=3.995s mem=18740KiB load=1.00 rootload=1.00
ramon: poll                 wall=5.000s usage=4.995s mem=18740KiB load=1.00 rootload=1.00
(sat.ddfw       1    132    15.823    370001      1767          8            1      550)
ramon: poll                 wall=6.000s usage=5.993s mem=18740KiB load=1.00 rootload=1.00
(sat.ddfw       1    132   14.5043    460000      2206          9            1      559)
ramon: poll                 wall=7.000s usage=6.992s mem=18740KiB load=1.00 rootload=1.00
(sat.ddfw       1    137   13.1632    560001      2691         10            1      569)
ramon: poll                 wall=8.000s usage=7.992s mem=18740KiB load=1.00 rootload=1.00
ramon: poll                 wall=9.000s usage=8.991s mem=18740KiB load=1.00 rootload=1.00
(sat.ddfw       1    140    12.047    670002      3226         11            1      580)
ramon: poll                 wall=10.000s usage=9.991s mem=18740KiB load=1.00 rootload=1.00
(sat.ddfw       1    165   11.1357    790000      3796         12            1      602)
ramon: poll                 wall=11.000s usage=10.991s mem=18740KiB load=1.00 rootload=1.00
ramon: poll                 wall=12.000s usage=11.991s mem=18740KiB load=1.00 rootload=1.00
(sat.ddfw       1    182   10.3496    920001      4414         13            1      617)
ramon: poll                 wall=13.000s usage=12.990s mem=18740KiB load=1.00 rootload=1.00
ramon: poll                 wall=14.000s usage=13.990s mem=18740KiB load=1.00 rootload=1.00
(sat.ddfw       1    209    9.6565   1060001      5084         14            1      637)
ramon: poll                 wall=15.000s usage=14.990s mem=18748KiB load=1.00 rootload=1.00
ramon: poll                 wall=16.000s usage=15.990s mem=18748KiB load=1.00 rootload=0.99
(sat.ddfw       1    211   9.05742   1210001      5799         15            1      652)
ramon: poll                 wall=17.002s usage=16.992s mem=18748KiB load=1.00 rootload=1.01
ramon: poll                 wall=18.000s usage=17.989s mem=18748KiB load=1.00 rootload=0.99
(sat.ddfw       1    213   8.52833   1370001      6560         16            1      671)
ramon: poll                 wall=19.002s usage=18.990s mem=18748KiB load=1.00 rootload=1.01
ramon: poll                 wall=20.000s usage=19.988s mem=18748KiB load=1.00 rootload=0.99
ramon: end                  Mon Dec 30 17:54:06 2024
ramon: root.execname        z3
ramon: root.utime           19.990s
ramon: root.stime           0.000s
ramon: group.total          19.995s
ramon: group.utime          19.995s
ramon: group.stime          0.000s
ramon: group.mempeak        19016KiB
ramon: group.pidpeak        2
ramon: status               exited
ramon: exitcode             0
ramon: walltime             20.007s
ramon: loadavg              1.00
