sat
(:added-eqs                   5521
 :arith-eq-adapter            3189
 :arith-bound-propagations-lp 516
 :arith-branch                2682
 :arith-conflicts             200
 :arith-cube-calls            670
 :arith-dio-calls             15
 :arith-diseq                 2265
 :arith-fixed-eqs             202
 :arith-gcd-calls             2683
 :arith-lower                 10336
 :arith-make-feasible         8177
 :arith-max-columns           2703
 :arith-max-rows              947
 :arith-offset-eqs            3
 :arith-patches               2683
 :arith-patches-success       1
 :arith-upper                 7881
 :binary-propagations         6279
 :conflicts                   323
 :decisions                   4309
 :del-clause                  2914
 :final-checks                2683
 :max-memory                  28.55
 :memory                      21.50
 :mk-bool-var                 16223
 :mk-clause                   3627
 :mk-clause-binary            2387
 :num-allocs                  4983096502.00
 :num-checks                  2
 :propagations                7461
 :restarts                    2
 :rlimit-count                795016
 :solve-eqs-elim-vars         664
 :solve-eqs-steps             5037
 :time                        5.39
 :total-time                  5.43)
