ramon: cwd                  /home/runner/a/_work/z3-poly-testing/z3-poly-testing
ramon: start                Tue Apr  8 17:18:37 2025
ramon: nproc                128
ramon: sys.mem              64150 MiB
ramon: sys.mem.free         37611 MiB
ramon: sys.mem.avail        63689 MiB
ramon: sys.nprocs           3198
ramon: argv                 0 = z3
ramon: argv                 1 = inputs/QF_LIA/ex8700_2600_100.smt2
ramon: argv                 2 = -T:600
ramon: argv                 3 = -st
ramon: argv                 4 = lp.dio=true
ramon: argv                 5 = lp.dio_run_gcd=true
ramon: childpid             3766621
ramon: end                  Tue Apr  8 17:18:37 2025
ramon: root.execname        z3
ramon: root.utime           0.300s
ramon: root.stime           0.080s
ramon: group.total          0.388s
ramon: group.utime          0.306s
ramon: group.stime          0.082s
ramon: group.mempeak        28284KiB
ramon: group.pidpeak        2
ramon: status               exited
ramon: exitcode             0
ramon: walltime             0.415s
ramon: loadavg              0.94
