ramon: cwd                  /home/runner/a/_work/z3-poly-testing/z3-poly-testing
ramon: start                Tue Apr  8 17:02:41 2025
ramon: nproc                128
ramon: sys.mem              64150 MiB
ramon: sys.mem.free         46104 MiB
ramon: sys.mem.avail        63692 MiB
ramon: sys.nprocs           3238
ramon: argv                 0 = z3
ramon: argv                 1 = inputs/QF_LIA/n7956-prp-0-46.smt2
ramon: argv                 2 = -T:600
ramon: argv                 3 = -st
ramon: argv                 4 = lp.dio=true
ramon: argv                 5 = lp.dio_run_gcd=true
ramon: childpid             3656583
ramon: poll                 wall=01.009s usage=00.983s user=00.895s sys=00.088s mem=37028KiB roottime=0.890s load=0.97 rootload=0.88
ramon: poll                 wall=02.000s usage=01.975s user=01.884s sys=00.091s mem=38052KiB roottime=1.880s load=1.00 rootload=1.00
ramon: poll                 wall=03.002s usage=02.976s user=02.803s sys=00.173s mem=60284KiB roottime=2.800s load=1.00 rootload=0.92
ramon: poll                 wall=04.012s usage=03.985s user=03.769s sys=00.216s mem=77180KiB roottime=3.760s load=1.00 rootload=0.95
ramon: poll                 wall=05.003s usage=04.976s user=04.757s sys=00.220s mem=78460KiB roottime=4.750s load=1.00 rootload=1.00
ramon: poll                 wall=06.000s usage=05.973s user=05.753s sys=00.220s mem=78460KiB roottime=5.750s load=1.00 rootload=1.00
ramon: poll                 wall=07.000s usage=06.973s user=06.753s sys=00.220s mem=78972KiB roottime=6.750s load=1.00 rootload=1.00
ramon: poll                 wall=08.000s usage=07.973s user=07.752s sys=00.221s mem=78972KiB roottime=7.750s load=1.00 rootload=1.00
ramon: poll                 wall=09.000s usage=08.972s user=08.750s sys=00.223s mem=79484KiB roottime=8.740s load=1.00 rootload=0.99
ramon: poll                 wall=10.000s usage=09.972s user=09.749s sys=00.223s mem=79740KiB roottime=9.740s load=1.00 rootload=1.00
ramon: poll                 wall=11.003s usage=10.975s user=10.752s sys=00.223s mem=79740KiB roottime=10.750s load=1.00 rootload=1.01
ramon: poll                 wall=12.000s usage=11.972s user=11.748s sys=00.224s mem=79740KiB roottime=11.740s load=1.00 rootload=0.99
ramon: poll                 wall=13.000s usage=12.971s user=12.747s sys=00.224s mem=79996KiB roottime=12.740s load=1.00 rootload=1.00
ramon: poll                 wall=14.000s usage=13.971s user=13.747s sys=00.224s mem=79996KiB roottime=13.740s load=1.00 rootload=1.00
ramon: poll                 wall=15.003s usage=14.974s user=14.750s sys=00.224s mem=79996KiB roottime=14.740s load=1.00 rootload=1.00
ramon: poll                 wall=16.000s usage=15.971s user=15.746s sys=00.225s mem=79996KiB roottime=15.740s load=1.00 rootload=1.00
ramon: poll                 wall=17.000s usage=16.970s user=16.742s sys=00.228s mem=80508KiB roottime=16.740s load=1.00 rootload=1.00
ramon: poll                 wall=18.000s usage=17.970s user=17.742s sys=00.228s mem=80508KiB roottime=17.740s load=1.00 rootload=1.00
ramon: poll                 wall=19.005s usage=18.975s user=18.747s sys=00.228s mem=80508KiB roottime=18.740s load=1.00 rootload=1.00
ramon: poll                 wall=20.000s usage=19.969s user=19.741s sys=00.229s mem=80508KiB roottime=19.740s load=1.00 rootload=1.01
ramon: poll                 wall=21.000s usage=20.969s user=20.740s sys=00.229s mem=80508KiB roottime=20.740s load=1.00 rootload=1.00
ramon: poll                 wall=22.000s usage=21.969s user=21.740s sys=00.229s mem=80508KiB roottime=21.740s load=1.00 rootload=1.00
ramon: poll                 wall=23.000s usage=22.969s user=22.740s sys=00.229s mem=80508KiB roottime=22.730s load=1.00 rootload=0.99
ramon: poll                 wall=24.000s usage=23.968s user=23.739s sys=00.229s mem=80764KiB roottime=23.730s load=1.00 rootload=1.00
ramon: poll                 wall=25.000s usage=24.968s user=24.738s sys=00.230s mem=80764KiB roottime=24.730s load=1.00 rootload=1.00
ramon: poll                 wall=26.000s usage=25.968s user=25.738s sys=00.230s mem=80764KiB roottime=25.730s load=1.00 rootload=1.00
ramon: poll                 wall=27.000s usage=26.967s user=26.737s sys=00.230s mem=80764KiB roottime=26.730s load=1.00 rootload=1.00
ramon: poll                 wall=28.000s usage=27.967s user=27.736s sys=00.231s mem=80764KiB roottime=27.730s load=1.00 rootload=1.00
ramon: poll                 wall=29.001s usage=28.967s user=28.736s sys=00.231s mem=81020KiB roottime=28.730s load=1.00 rootload=1.00
ramon: poll                 wall=30.001s usage=29.966s user=29.735s sys=00.231s mem=81020KiB roottime=29.730s load=1.00 rootload=1.00
ramon: poll                 wall=31.011s usage=30.977s user=30.746s sys=00.231s mem=81020KiB roottime=30.740s load=1.00 rootload=1.00
ramon: poll                 wall=32.008s usage=31.973s user=31.739s sys=00.234s mem=81276KiB roottime=31.730s load=1.00 rootload=0.99
ramon: poll                 wall=33.001s usage=32.966s user=32.732s sys=00.234s mem=81276KiB roottime=32.730s load=1.00 rootload=1.01
ramon: poll                 wall=34.005s usage=33.970s user=33.735s sys=00.235s mem=81276KiB roottime=33.730s load=1.00 rootload=1.00
ramon: poll                 wall=35.000s usage=34.964s user=34.726s sys=00.238s mem=81276KiB roottime=34.720s load=1.00 rootload=1.00
ramon: poll                 wall=36.000s usage=35.964s user=35.723s sys=00.241s mem=81532KiB roottime=35.720s load=1.00 rootload=1.00
ramon: poll                 wall=37.002s usage=36.966s user=36.723s sys=00.243s mem=81532KiB roottime=36.720s load=1.00 rootload=1.00
ramon: poll                 wall=38.006s usage=37.970s user=37.725s sys=00.245s mem=81788KiB roottime=37.720s load=1.00 rootload=1.00
ramon: poll                 wall=39.000s usage=38.963s user=38.715s sys=00.248s mem=81788KiB roottime=38.710s load=1.00 rootload=1.00
ramon: poll                 wall=40.001s usage=39.963s user=39.713s sys=00.250s mem=82044KiB roottime=39.710s load=1.00 rootload=1.00
ramon: poll                 wall=41.001s usage=40.963s user=40.713s sys=00.250s mem=82044KiB roottime=40.710s load=1.00 rootload=1.00
ramon: poll                 wall=42.000s usage=41.961s user=41.712s sys=00.250s mem=82044KiB roottime=41.710s load=1.00 rootload=1.00
ramon: poll                 wall=43.003s usage=42.964s user=42.714s sys=00.250s mem=82044KiB roottime=42.710s load=1.00 rootload=1.00
ramon: poll                 wall=44.003s usage=43.963s user=43.713s sys=00.251s mem=82300KiB roottime=43.710s load=1.00 rootload=1.00
ramon: poll                 wall=45.002s usage=44.961s user=44.710s sys=00.251s mem=82300KiB roottime=44.710s load=1.00 rootload=1.00
ramon: poll                 wall=46.000s usage=45.960s user=45.709s sys=00.251s mem=82300KiB roottime=45.700s load=1.00 rootload=0.99
ramon: poll                 wall=47.003s usage=46.961s user=46.710s sys=00.251s mem=82300KiB roottime=46.710s load=1.00 rootload=1.01
ramon: poll                 wall=48.002s usage=47.960s user=47.708s sys=00.252s mem=82300KiB roottime=47.700s load=1.00 rootload=0.99
ramon: poll                 wall=49.000s usage=48.958s user=48.705s sys=00.253s mem=82300KiB roottime=48.700s load=1.00 rootload=1.00
ramon: poll                 wall=50.002s usage=49.959s user=49.702s sys=00.257s mem=82300KiB roottime=49.700s load=1.00 rootload=1.00
ramon: poll                 wall=51.000s usage=50.957s user=50.700s sys=00.257s mem=82556KiB roottime=50.700s load=1.00 rootload=1.00
ramon: poll                 wall=52.000s usage=51.957s user=51.699s sys=00.258s mem=82556KiB roottime=51.690s load=1.00 rootload=0.99
ramon: poll                 wall=53.008s usage=52.964s user=52.707s sys=00.258s mem=82556KiB roottime=52.700s load=1.00 rootload=1.00
ramon: poll                 wall=54.005s usage=53.960s user=53.701s sys=00.259s mem=82556KiB roottime=53.700s load=1.00 rootload=1.00
ramon: poll                 wall=55.001s usage=54.956s user=54.696s sys=00.261s mem=82812KiB roottime=54.690s load=1.00 rootload=0.99
ramon: poll                 wall=56.002s usage=55.957s user=55.696s sys=00.261s mem=82812KiB roottime=55.690s load=1.00 rootload=1.00
ramon: poll                 wall=57.009s usage=56.964s user=56.702s sys=00.262s mem=82812KiB roottime=56.700s load=1.00 rootload=1.00
ramon: poll                 wall=58.009s usage=57.963s user=57.685s sys=00.278s mem=83576KiB roottime=57.680s load=1.00 rootload=0.98
ramon: end                  Tue Apr  8 17:03:40 2025
ramon: root.execname        z3
ramon: root.utime           57.700s
ramon: root.stime           0.300s
ramon: group.total          58.013s
ramon: group.utime          57.707s
ramon: group.stime          0.306s
ramon: group.mempeak        84860KiB
ramon: group.pidpeak        2
ramon: status               exited
ramon: exitcode             0
ramon: walltime             58.061s
ramon: loadavg              1.00
