ramon: cwd                  /home/gh1/A/_work/z3-poly-testing/z3-poly-testing
ramon: start                Sun Oct 13 19:26:30 2024
ramon: nproc                32
ramon: sys.mem              63442 MiB
ramon: sys.mem.free         34079 MiB
ramon: sys.mem.avail        62752 MiB
ramon: sys.nprocs           3353
ramon: argv                 0 = z3
ramon: argv                 1 = inputs/QF_UF_SAT/iso_brn1130.smt2
ramon: argv                 2 = -T:20
ramon: argv                 3 = -v:2
ramon: argv                 4 = sls.euf_incremental=0
ramon: argv                 5 = -st
ramon: argv                 6 = tactic.default_tactic=(then simplify propagate-values solve-eqs simplify sls-smt)
ramon: argv                 7 = model_validate=true
ramon: childpid             687498
UNITS -145 -146 -147 -148 -149 -341 -342 -343 -344 -345 -346 -347 -348 -349 -350 -351 -352 -353 -354 -355 -356 -357 -358 -359 -360 -361 -362 -363 -364 -365 -366 -367 -368 -369 -370 -371 -372 -373 -374 -375 -376 -377 -378 -379 -380 -102 -103 -381 -101 -107 -382 -105 -383 -109 -76 -384 -385 -386 -1 -387 -388 -5 -389 -10 -15 -390 -391 -392 -21 -393 -394 -25 -395 -30 -35 -396 -397 -398 -41 -399 -400 -46 -401 -50 -55 -402 -403 -404 -405 -406 -407 -408 -409 -410 -411 -412 -413 -414 -82 -415 -416 -86 -417 -91 -96 -113 -114 -115 -104 -108 -112
sls.euf: incremental 0
(sat.ddfw :unsat :models :kflips/sec  :flips  :restarts  :reinits  :unsat_vars  :shifts)
(sat.ddfw       1      0   588.235     10000        12          0           11     5455)
(sat.ddfw       1      0   344.828     20000        21          1            6    10535)
on-model 
(sat.ddfw       0      1   320.089     34404        36          2            0    17307)
ramon: end                  Sun Oct 13 19:26:30 2024
ramon: root.execname        z3
ramon: root.utime           0.050s
ramon: root.stime           0.000s
ramon: group.total          0.053s
ramon: group.utime          0.053s
ramon: group.stime          0.000s
ramon: group.mempeak        19888KiB
ramon: group.pidpeak        2
ramon: status               exited
ramon: exitcode             0
ramon: walltime             0.054s
ramon: loadavg              0.98
