ramon: cwd                  /home/runner/a/_work/z3-poly-testing/z3-poly-testing
ramon: start                Wed Apr  9 16:24:40 2025
ramon: nproc                128
ramon: sys.mem              64150 MiB
ramon: sys.mem.free         34333 MiB
ramon: sys.mem.avail        64017 MiB
ramon: sys.nprocs           3086
ramon: argv                 0 = z3
ramon: argv                 1 = inputs/certora/940_590f27b1c3c800d3243e_31_QF_UFLIA.smt2
ramon: argv                 2 = -T:600
ramon: argv                 3 = -st
ramon: argv                 4 = lp.dio=true
ramon: argv                 5 = lp.dio_run_gcd=false
ramon: childpid             1576108
ramon: poll                 wall=01.003s usage=00.978s user=00.825s sys=00.152s mem=38576KiB roottime=0.820s load=0.97 rootload=0.82
ramon: poll                 wall=02.000s usage=01.969s user=01.807s sys=00.162s mem=41492KiB roottime=1.800s load=0.99 rootload=0.98
ramon: poll                 wall=03.000s usage=02.961s user=02.601s sys=00.360s mem=97MiB roottime=2.600s load=0.99 rootload=0.80
ramon: poll                 wall=04.000s usage=03.955s user=03.530s sys=00.425s mem=98MiB roottime=3.530s load=0.99 rootload=0.93
ramon: poll                 wall=05.002s usage=04.951s user=04.522s sys=00.429s mem=100MiB roottime=4.520s load=0.99 rootload=0.99
ramon: poll                 wall=06.000s usage=05.942s user=05.505s sys=00.438s mem=102MiB roottime=5.500s load=0.99 rootload=0.98
ramon: poll                 wall=07.000s usage=06.937s user=06.484s sys=00.453s mem=105MiB roottime=6.480s load=0.99 rootload=0.98
ramon: poll                 wall=08.000s usage=07.932s user=07.479s sys=00.453s mem=105MiB roottime=7.470s load=1.00 rootload=0.99
ramon: poll                 wall=09.004s usage=08.930s user=08.474s sys=00.456s mem=105MiB roottime=8.470s load=0.99 rootload=1.00
ramon: poll                 wall=10.003s usage=09.925s user=09.467s sys=00.458s mem=106MiB roottime=9.460s load=1.00 rootload=0.99
ramon: poll                 wall=11.003s usage=10.921s user=10.457s sys=00.464s mem=107MiB roottime=10.450s load=1.00 rootload=0.99
ramon: poll                 wall=12.000s usage=11.912s user=11.442s sys=00.470s mem=108MiB roottime=11.440s load=0.99 rootload=0.99
ramon: poll                 wall=13.000s usage=12.908s user=12.436s sys=00.472s mem=108MiB roottime=12.430s load=1.00 rootload=0.99
ramon: poll                 wall=14.000s usage=13.903s user=13.426s sys=00.477s mem=109MiB roottime=13.420s load=1.00 rootload=0.99
ramon: poll                 wall=15.003s usage=14.899s user=14.416s sys=00.484s mem=110MiB roottime=14.410s load=0.99 rootload=0.99
ramon: poll                 wall=16.001s usage=15.894s user=15.407s sys=00.487s mem=111MiB roottime=15.400s load=1.00 rootload=0.99
ramon: poll                 wall=17.003s usage=16.891s user=16.402s sys=00.489s mem=111MiB roottime=16.400s load=0.99 rootload=1.00
ramon: poll                 wall=18.004s usage=17.886s user=17.396s sys=00.490s mem=111MiB roottime=17.390s load=0.99 rootload=0.99
ramon: poll                 wall=19.000s usage=18.878s user=18.386s sys=00.492s mem=111MiB roottime=18.380s load=1.00 rootload=0.99
ramon: poll                 wall=20.007s usage=19.880s user=19.378s sys=00.502s mem=114MiB roottime=19.370s load=0.99 rootload=0.98
ramon: poll                 wall=21.002s usage=20.872s user=20.364s sys=00.508s mem=115MiB roottime=20.360s load=1.00 rootload=0.99
ramon: poll                 wall=22.000s usage=21.867s user=21.352s sys=00.515s mem=116MiB roottime=21.350s load=1.00 rootload=0.99
ramon: poll                 wall=23.006s usage=22.869s user=22.352s sys=00.517s mem=117MiB roottime=22.350s load=1.00 rootload=0.99
ramon: poll                 wall=24.003s usage=23.861s user=23.344s sys=00.517s mem=117MiB roottime=23.340s load=1.00 rootload=0.99
ramon: poll                 wall=25.000s usage=24.856s user=24.338s sys=00.518s mem=117MiB roottime=24.330s load=1.00 rootload=0.99
ramon: poll                 wall=26.000s usage=25.854s user=25.334s sys=00.520s mem=117MiB roottime=25.330s load=1.00 rootload=1.00
ramon: poll                 wall=27.000s usage=26.852s user=26.327s sys=00.525s mem=117MiB roottime=26.320s load=1.00 rootload=0.99
ramon: poll                 wall=28.003s usage=27.852s user=27.328s sys=00.525s mem=117MiB roottime=27.320s load=1.00 rootload=1.00
ramon: poll                 wall=29.000s usage=28.847s user=28.323s sys=00.525s mem=117MiB roottime=28.320s load=1.00 rootload=1.00
ramon: poll                 wall=30.003s usage=29.847s user=29.323s sys=00.525s mem=117MiB roottime=29.320s load=1.00 rootload=1.00
ramon: poll                 wall=31.005s usage=30.847s user=30.323s sys=00.525s mem=117MiB roottime=30.320s load=1.00 rootload=1.00
ramon: poll                 wall=32.005s usage=31.846s user=31.320s sys=00.526s mem=117MiB roottime=31.310s load=1.00 rootload=0.99
ramon: poll                 wall=33.003s usage=32.842s user=32.316s sys=00.526s mem=117MiB roottime=32.310s load=1.00 rootload=1.00
ramon: poll                 wall=34.009s usage=33.846s user=33.320s sys=00.527s mem=118MiB roottime=33.310s load=1.00 rootload=0.99
ramon: poll                 wall=35.003s usage=34.838s user=34.311s sys=00.528s mem=118MiB roottime=34.310s load=1.00 rootload=1.01
ramon: poll                 wall=36.003s usage=35.835s user=35.301s sys=00.535s mem=119MiB roottime=35.300s load=1.00 rootload=0.99
ramon: poll                 wall=37.003s usage=36.834s user=36.297s sys=00.537s mem=119MiB roottime=36.290s load=1.00 rootload=0.99
ramon: poll                 wall=38.003s usage=37.831s user=37.289s sys=00.542s mem=120MiB roottime=37.280s load=1.00 rootload=0.99
ramon: poll                 wall=39.003s usage=38.830s user=38.274s sys=00.556s mem=123MiB roottime=38.270s load=1.00 rootload=0.99
ramon: poll                 wall=40.000s usage=39.824s user=39.267s sys=00.557s mem=123MiB roottime=39.260s load=1.00 rootload=0.99
ramon: poll                 wall=41.000s usage=40.822s user=40.261s sys=00.561s mem=124MiB roottime=40.260s load=1.00 rootload=1.00
ramon: poll                 wall=42.000s usage=41.820s user=41.246s sys=00.574s mem=127MiB roottime=41.240s load=1.00 rootload=0.98
ramon: poll                 wall=43.000s usage=42.818s user=42.243s sys=00.575s mem=127MiB roottime=42.240s load=1.00 rootload=1.00
ramon: poll                 wall=44.000s usage=43.816s user=43.241s sys=00.576s mem=127MiB roottime=43.240s load=1.00 rootload=1.00
ramon: poll                 wall=45.002s usage=44.816s user=44.240s sys=00.576s mem=127MiB roottime=44.230s load=1.00 rootload=0.99
ramon: poll                 wall=46.002s usage=45.812s user=45.236s sys=00.576s mem=127MiB roottime=45.230s load=1.00 rootload=1.00
ramon: poll                 wall=47.000s usage=46.808s user=46.230s sys=00.578s mem=127MiB roottime=46.220s load=1.00 rootload=0.99
ramon: poll                 wall=48.006s usage=47.811s user=47.231s sys=00.580s mem=127MiB roottime=47.230s load=1.00 rootload=1.00
ramon: poll                 wall=49.003s usage=48.806s user=48.222s sys=00.584s mem=127MiB roottime=48.220s load=1.00 rootload=0.99
ramon: poll                 wall=50.003s usage=49.802s user=49.213s sys=00.590s mem=129MiB roottime=49.210s load=1.00 rootload=0.99
ramon: poll                 wall=51.007s usage=50.803s user=50.211s sys=00.592s mem=129MiB roottime=50.210s load=1.00 rootload=1.00
ramon: poll                 wall=52.001s usage=51.796s user=51.202s sys=00.594s mem=130MiB roottime=51.200s load=1.00 rootload=1.00
ramon: poll                 wall=53.000s usage=52.792s user=52.190s sys=00.602s mem=131MiB roottime=52.180s load=1.00 rootload=0.98
ramon: poll                 wall=54.001s usage=53.790s user=53.188s sys=00.602s mem=131MiB roottime=53.180s load=1.00 rootload=1.00
ramon: poll                 wall=55.000s usage=54.785s user=54.183s sys=00.602s mem=131MiB roottime=54.180s load=1.00 rootload=1.00
ramon: poll                 wall=56.003s usage=55.784s user=55.181s sys=00.603s mem=131MiB roottime=55.180s load=1.00 rootload=1.00
ramon: poll                 wall=57.003s usage=56.779s user=56.169s sys=00.610s mem=132MiB roottime=56.160s load=1.00 rootload=0.98
ramon: poll                 wall=58.000s usage=57.773s user=57.154s sys=00.619s mem=133MiB roottime=57.150s load=1.00 rootload=0.99
ramon: poll                 wall=59.003s usage=58.772s user=58.153s sys=00.619s mem=133MiB roottime=58.150s load=1.00 rootload=1.00
ramon: poll                 wall=01m00.001s usage=59.765s user=59.138s sys=00.628s mem=134MiB roottime=59.130s load=1.00 rootload=0.98
ramon: poll                 wall=01m01.000s usage=01m00.759s user=01m00.124s sys=00.636s mem=135MiB roottime=60.120s load=1.00 rootload=0.99
ramon: poll                 wall=01m02.000s usage=01m01.756s user=01m01.120s sys=00.636s mem=135MiB roottime=61.110s load=1.00 rootload=0.99
ramon: poll                 wall=01m03.000s usage=01m02.752s user=01m02.117s sys=00.636s mem=135MiB roottime=62.110s load=1.00 rootload=1.00
ramon: poll                 wall=01m04.002s usage=01m03.750s user=01m03.113s sys=00.637s mem=135MiB roottime=63.110s load=1.00 rootload=1.00
ramon: poll                 wall=01m05.000s usage=01m04.745s user=01m04.105s sys=00.640s mem=135MiB roottime=64.100s load=1.00 rootload=0.99
ramon: poll                 wall=01m06.002s usage=01m05.743s user=01m05.104s sys=00.640s mem=135MiB roottime=65.100s load=1.00 rootload=1.00
ramon: poll                 wall=01m07.000s usage=01m06.737s user=01m06.095s sys=00.642s mem=136MiB roottime=66.090s load=1.00 rootload=0.99
ramon: poll                 wall=01m08.000s usage=01m07.735s user=01m07.089s sys=00.646s mem=136MiB roottime=67.080s load=1.00 rootload=0.99
ramon: poll                 wall=01m09.000s usage=01m08.733s user=01m08.087s sys=00.646s mem=136MiB roottime=68.080s load=1.00 rootload=1.00
ramon: poll                 wall=01m10.000s usage=01m09.731s user=01m09.085s sys=00.646s mem=136MiB roottime=69.080s load=1.00 rootload=1.00
ramon: poll                 wall=01m11.001s usage=01m10.730s user=01m10.082s sys=00.648s mem=136MiB roottime=70.080s load=1.00 rootload=1.00
ramon: poll                 wall=01m12.000s usage=01m11.727s user=01m11.079s sys=00.648s mem=137MiB roottime=71.070s load=1.00 rootload=0.99
ramon: poll                 wall=01m13.000s usage=01m12.726s user=01m12.078s sys=00.648s mem=137MiB roottime=72.070s load=1.00 rootload=1.00
ramon: poll                 wall=01m14.000s usage=01m13.724s user=01m13.076s sys=00.648s mem=137MiB roottime=73.070s load=1.00 rootload=1.00
ramon: poll                 wall=01m15.000s usage=01m14.721s user=01m14.073s sys=00.648s mem=137MiB roottime=74.070s load=1.00 rootload=1.00
ramon: poll                 wall=01m16.001s usage=01m15.722s user=01m15.074s sys=00.648s mem=137MiB roottime=75.070s load=1.00 rootload=1.00
ramon: poll                 wall=01m17.000s usage=01m16.720s user=01m16.071s sys=00.649s mem=137MiB roottime=76.070s load=1.00 rootload=1.00
ramon: poll                 wall=01m18.000s usage=01m17.720s user=01m17.071s sys=00.649s mem=137MiB roottime=77.070s load=1.00 rootload=1.00
ramon: poll                 wall=01m19.000s usage=01m18.720s user=01m18.071s sys=00.649s mem=137MiB roottime=78.070s load=1.00 rootload=1.00
ramon: poll                 wall=01m20.000s usage=01m19.719s user=01m19.070s sys=00.649s mem=137MiB roottime=79.060s load=1.00 rootload=0.99
ramon: poll                 wall=01m21.000s usage=01m20.719s user=01m20.070s sys=00.649s mem=137MiB roottime=80.060s load=1.00 rootload=1.00
ramon: poll                 wall=01m22.000s usage=01m21.718s user=01m21.069s sys=00.649s mem=137MiB roottime=81.060s load=1.00 rootload=1.00
ramon: poll                 wall=01m23.000s usage=01m22.718s user=01m22.069s sys=00.649s mem=137MiB roottime=82.060s load=1.00 rootload=1.00
ramon: poll                 wall=01m24.000s usage=01m23.717s user=01m23.065s sys=00.652s mem=138MiB roottime=83.060s load=1.00 rootload=1.00
ramon: poll                 wall=01m25.000s usage=01m24.717s user=01m24.063s sys=00.654s mem=138MiB roottime=84.060s load=1.00 rootload=1.00
ramon: poll                 wall=01m26.000s usage=01m25.716s user=01m25.061s sys=00.655s mem=138MiB roottime=85.060s load=1.00 rootload=1.00
ramon: poll                 wall=01m27.001s usage=01m26.717s user=01m26.060s sys=00.657s mem=138MiB roottime=86.050s load=1.00 rootload=0.99
ramon: poll                 wall=01m28.000s usage=01m27.715s user=01m27.058s sys=00.657s mem=138MiB roottime=87.050s load=1.00 rootload=1.00
ramon: poll                 wall=01m29.000s usage=01m28.714s user=01m28.057s sys=00.657s mem=138MiB roottime=88.050s load=1.00 rootload=1.00
ramon: poll                 wall=01m30.007s usage=01m29.721s user=01m29.063s sys=00.658s mem=139MiB roottime=89.060s load=1.00 rootload=1.00
ramon: poll                 wall=01m31.000s usage=01m30.712s user=01m30.054s sys=00.658s mem=139MiB roottime=90.050s load=1.00 rootload=1.00
ramon: poll                 wall=01m32.002s usage=01m31.714s user=01m31.055s sys=00.659s mem=139MiB roottime=91.050s load=1.00 rootload=1.00
ramon: poll                 wall=01m33.003s usage=01m32.714s user=01m32.055s sys=00.659s mem=139MiB roottime=92.050s load=1.00 rootload=1.00
ramon: poll                 wall=01m34.000s usage=01m33.711s user=01m33.052s sys=00.659s mem=139MiB roottime=93.050s load=1.00 rootload=1.00
ramon: poll                 wall=01m35.004s usage=01m34.714s user=01m34.053s sys=00.661s mem=139MiB roottime=94.050s load=1.00 rootload=1.00
ramon: poll                 wall=01m36.004s usage=01m35.713s user=01m35.052s sys=00.661s mem=139MiB roottime=95.050s load=1.00 rootload=1.00
ramon: poll                 wall=01m37.009s usage=01m36.716s user=01m36.055s sys=00.661s mem=139MiB roottime=96.050s load=1.00 rootload=0.99
ramon: poll                 wall=01m38.009s usage=01m37.715s user=01m37.054s sys=00.661s mem=139MiB roottime=97.050s load=1.00 rootload=1.00
ramon: poll                 wall=01m39.004s usage=01m38.709s user=01m38.048s sys=00.661s mem=139MiB roottime=98.040s load=1.00 rootload=0.99
ramon: poll                 wall=01m40.006s usage=01m39.708s user=01m39.047s sys=00.661s mem=139MiB roottime=99.040s load=1.00 rootload=1.00
ramon: poll                 wall=01m41.003s usage=01m40.704s user=01m40.043s sys=00.661s mem=139MiB roottime=100.040s load=1.00 rootload=1.00
ramon: poll                 wall=01m42.007s usage=01m41.708s user=01m41.044s sys=00.664s mem=140MiB roottime=101.040s load=1.00 rootload=1.00
ramon: poll                 wall=01m43.003s usage=01m42.703s user=01m42.039s sys=00.664s mem=140MiB roottime=102.030s load=1.00 rootload=0.99
ramon: poll                 wall=01m44.001s usage=01m43.700s user=01m43.036s sys=00.664s mem=140MiB roottime=103.030s load=1.00 rootload=1.00
ramon: poll                 wall=01m45.003s usage=01m44.700s user=01m44.029s sys=00.671s mem=141MiB roottime=104.020s load=1.00 rootload=0.99
ramon: poll                 wall=01m46.006s usage=01m45.702s user=01m45.031s sys=00.671s mem=141MiB roottime=105.030s load=1.00 rootload=1.01
ramon: poll                 wall=01m47.000s usage=01m46.694s user=01m46.021s sys=00.673s mem=141MiB roottime=106.020s load=1.00 rootload=1.00
ramon: poll                 wall=01m48.006s usage=01m47.699s user=01m47.026s sys=00.673s mem=141MiB roottime=107.020s load=1.00 rootload=0.99
ramon: poll                 wall=01m49.008s usage=01m48.698s user=01m48.025s sys=00.673s mem=141MiB roottime=108.020s load=1.00 rootload=1.00
ramon: poll                 wall=01m50.001s usage=01m49.691s user=01m49.018s sys=00.673s mem=141MiB roottime=109.010s load=1.00 rootload=1.00
ramon: poll                 wall=01m51.002s usage=01m50.690s user=01m50.017s sys=00.673s mem=141MiB roottime=110.010s load=1.00 rootload=1.00
ramon: poll                 wall=01m52.003s usage=01m51.690s user=01m51.014s sys=00.676s mem=142MiB roottime=111.010s load=1.00 rootload=1.00
ramon: poll                 wall=01m53.006s usage=01m52.691s user=01m52.012s sys=00.679s mem=142MiB roottime=112.010s load=1.00 rootload=1.00
ramon: poll                 wall=01m54.006s usage=01m53.691s user=01m53.012s sys=00.679s mem=142MiB roottime=113.010s load=1.00 rootload=1.00
ramon: poll                 wall=01m55.006s usage=01m54.690s user=01m54.011s sys=00.679s mem=142MiB roottime=114.010s load=1.00 rootload=1.00
ramon: poll                 wall=01m56.006s usage=01m55.689s user=01m55.010s sys=00.679s mem=142MiB roottime=115.000s load=1.00 rootload=0.99
ramon: poll                 wall=01m57.002s usage=01m56.684s user=01m56.005s sys=00.679s mem=142MiB roottime=116.000s load=1.00 rootload=1.00
ramon: poll                 wall=01m58.000s usage=01m57.682s user=01m57.002s sys=00.680s mem=142MiB roottime=117.000s load=1.00 rootload=1.00
ramon: poll                 wall=01m59.006s usage=01m58.687s user=01m58.007s sys=00.680s mem=142MiB roottime=118.000s load=1.00 rootload=0.99
ramon: poll                 wall=02m00.006s usage=01m59.685s user=01m59.005s sys=00.680s mem=142MiB roottime=119.000s load=1.00 rootload=1.00
ramon: poll                 wall=02m01.006s usage=02m00.683s user=02m00.003s sys=00.680s mem=142MiB roottime=120.000s load=1.00 rootload=1.00
ramon: poll                 wall=02m02.002s usage=02m01.678s user=02m00.998s sys=00.680s mem=142MiB roottime=120.990s load=1.00 rootload=0.99
ramon: poll                 wall=02m03.006s usage=02m02.682s user=02m01.998s sys=00.684s mem=143MiB roottime=121.990s load=1.00 rootload=1.00
ramon: poll                 wall=02m04.005s usage=02m03.679s user=02m02.995s sys=00.684s mem=143MiB roottime=122.990s load=1.00 rootload=1.00
ramon: poll                 wall=02m05.005s usage=02m04.679s user=02m03.995s sys=00.684s mem=143MiB roottime=123.990s load=1.00 rootload=1.00
ramon: poll                 wall=02m06.003s usage=02m05.677s user=02m04.993s sys=00.684s mem=143MiB roottime=124.990s load=1.00 rootload=1.00
ramon: poll                 wall=02m07.000s usage=02m06.674s user=02m05.988s sys=00.685s mem=143MiB roottime=125.980s load=1.00 rootload=0.99
ramon: poll                 wall=02m08.003s usage=02m07.676s user=02m06.991s sys=00.685s mem=143MiB roottime=126.990s load=1.00 rootload=1.01
ramon: poll                 wall=02m09.003s usage=02m08.675s user=02m07.990s sys=00.685s mem=143MiB roottime=127.990s load=1.00 rootload=1.00
ramon: poll                 wall=02m10.000s usage=02m09.671s user=02m08.986s sys=00.685s mem=143MiB roottime=128.980s load=1.00 rootload=0.99
ramon: poll                 wall=02m11.000s usage=02m10.671s user=02m09.986s sys=00.685s mem=143MiB roottime=129.980s load=1.00 rootload=1.00
ramon: poll                 wall=02m12.005s usage=02m11.675s user=02m10.990s sys=00.685s mem=143MiB roottime=130.980s load=1.00 rootload=0.99
ramon: poll                 wall=02m13.006s usage=02m12.675s user=02m11.990s sys=00.685s mem=143MiB roottime=131.990s load=1.00 rootload=1.01
ramon: poll                 wall=02m14.003s usage=02m13.672s user=02m12.987s sys=00.685s mem=143MiB roottime=132.980s load=1.00 rootload=0.99
ramon: poll                 wall=02m15.004s usage=02m14.672s user=02m13.987s sys=00.685s mem=143MiB roottime=133.980s load=1.00 rootload=1.00
ramon: poll                 wall=02m16.003s usage=02m15.670s user=02m14.985s sys=00.685s mem=143MiB roottime=134.980s load=1.00 rootload=1.00
ramon: poll                 wall=02m17.008s usage=02m16.675s user=02m15.990s sys=00.685s mem=143MiB roottime=135.980s load=1.00 rootload=1.00
ramon: poll                 wall=02m18.002s usage=02m17.668s user=02m16.983s sys=00.685s mem=143MiB roottime=136.980s load=1.00 rootload=1.01
ramon: poll                 wall=02m19.009s usage=02m18.675s user=02m17.989s sys=00.686s mem=143MiB roottime=137.980s load=1.00 rootload=0.99
ramon: poll                 wall=02m20.003s usage=02m19.667s user=02m18.981s sys=00.686s mem=144MiB roottime=138.980s load=1.00 rootload=1.01
ramon: poll                 wall=02m21.002s usage=02m20.664s user=02m19.977s sys=00.687s mem=144MiB roottime=139.970s load=1.00 rootload=0.99
ramon: poll                 wall=02m22.000s usage=02m21.660s user=02m20.973s sys=00.687s mem=143MiB roottime=140.970s load=1.00 rootload=1.00
ramon: poll                 wall=02m23.004s usage=02m22.661s user=02m21.973s sys=00.688s mem=144MiB roottime=141.970s load=1.00 rootload=1.00
ramon: poll                 wall=02m24.002s usage=02m23.658s user=02m22.968s sys=00.690s mem=144MiB roottime=142.960s load=1.00 rootload=0.99
ramon: poll                 wall=02m25.002s usage=02m24.657s user=02m23.964s sys=00.692s mem=144MiB roottime=143.960s load=1.00 rootload=1.00
ramon: poll                 wall=02m26.002s usage=02m25.654s user=02m24.962s sys=00.692s mem=144MiB roottime=144.960s load=1.00 rootload=1.00
ramon: poll                 wall=02m27.004s usage=02m26.654s user=02m25.962s sys=00.692s mem=144MiB roottime=145.960s load=1.00 rootload=1.00
ramon: poll                 wall=02m28.006s usage=02m27.654s user=02m26.962s sys=00.692s mem=144MiB roottime=146.960s load=1.00 rootload=1.00
ramon: poll                 wall=02m29.001s usage=02m28.647s user=02m27.954s sys=00.692s mem=144MiB roottime=147.950s load=1.00 rootload=0.99
ramon: poll                 wall=02m30.004s usage=02m29.647s user=02m28.955s sys=00.692s mem=144MiB roottime=148.950s load=1.00 rootload=1.00
ramon: poll                 wall=02m31.005s usage=02m30.646s user=02m29.953s sys=00.692s mem=144MiB roottime=149.950s load=1.00 rootload=1.00
ramon: poll                 wall=02m32.001s usage=02m31.639s user=02m30.947s sys=00.692s mem=144MiB roottime=150.940s load=1.00 rootload=0.99
ramon: poll                 wall=02m33.003s usage=02m32.641s user=02m31.949s sys=00.692s mem=144MiB roottime=151.940s load=1.00 rootload=1.00
ramon: poll                 wall=02m34.001s usage=02m33.636s user=02m32.937s sys=00.699s mem=145MiB roottime=152.930s load=1.00 rootload=0.99
ramon: poll                 wall=02m35.003s usage=02m34.635s user=02m33.933s sys=00.702s mem=145MiB roottime=153.930s load=1.00 rootload=1.00
ramon: poll                 wall=02m36.003s usage=02m35.633s user=02m34.928s sys=00.705s mem=146MiB roottime=154.920s load=1.00 rootload=0.99
ramon: poll                 wall=02m37.002s usage=02m36.631s user=02m35.925s sys=00.706s mem=146MiB roottime=155.920s load=1.00 rootload=1.00
ramon: poll                 wall=02m38.004s usage=02m37.631s user=02m36.922s sys=00.709s mem=146MiB roottime=156.920s load=1.00 rootload=1.00
ramon: poll                 wall=02m39.005s usage=02m38.628s user=02m37.915s sys=00.713s mem=146MiB roottime=157.910s load=1.00 rootload=0.99
ramon: poll                 wall=02m40.000s usage=02m39.616s user=02m38.902s sys=00.714s mem=147MiB roottime=158.900s load=0.99 rootload=1.00
ramon: poll                 wall=02m41.003s usage=02m40.603s user=02m39.886s sys=00.717s mem=147MiB roottime=159.880s load=0.98 rootload=0.98
ramon: poll                 wall=02m42.001s usage=02m41.600s user=02m40.883s sys=00.717s mem=148MiB roottime=160.880s load=1.00 rootload=1.00
ramon: poll                 wall=02m43.002s usage=02m42.591s user=02m41.874s sys=00.717s mem=148MiB roottime=161.870s load=0.99 rootload=0.99
ramon: poll                 wall=02m44.001s usage=02m43.585s user=02m42.868s sys=00.717s mem=148MiB roottime=162.860s load=0.99 rootload=0.99
ramon: poll                 wall=02m45.003s usage=02m44.581s user=02m43.864s sys=00.717s mem=148MiB roottime=163.860s load=0.99 rootload=1.00
ramon: poll                 wall=02m46.005s usage=02m45.580s user=02m44.863s sys=00.717s mem=148MiB roottime=164.860s load=1.00 rootload=1.00
ramon: poll                 wall=02m47.000s usage=02m46.574s user=02m45.855s sys=00.719s mem=148MiB roottime=165.850s load=1.00 rootload=0.99
ramon: poll                 wall=02m48.003s usage=02m47.574s user=02m46.854s sys=00.720s mem=148MiB roottime=166.850s load=1.00 rootload=1.00
ramon: poll                 wall=02m49.000s usage=02m48.570s user=02m47.850s sys=00.720s mem=148MiB roottime=167.850s load=1.00 rootload=1.00
ramon: poll                 wall=02m50.001s usage=02m49.568s user=02m48.848s sys=00.720s mem=148MiB roottime=168.840s load=1.00 rootload=0.99
ramon: poll                 wall=02m51.004s usage=02m50.569s user=02m49.849s sys=00.720s mem=148MiB roottime=169.850s load=1.00 rootload=1.01
ramon: poll                 wall=02m52.004s usage=02m51.568s user=02m50.847s sys=00.720s mem=148MiB roottime=170.840s load=1.00 rootload=0.99
ramon: poll                 wall=02m53.004s usage=02m52.564s user=02m51.844s sys=00.720s mem=148MiB roottime=171.840s load=1.00 rootload=1.00
ramon: poll                 wall=02m54.001s usage=02m53.561s user=02m52.840s sys=00.721s mem=148MiB roottime=172.840s load=1.00 rootload=1.00
ramon: poll                 wall=02m55.004s usage=02m54.561s user=02m53.840s sys=00.721s mem=149MiB roottime=173.830s load=1.00 rootload=0.99
ramon: poll                 wall=02m56.003s usage=02m55.559s user=02m54.838s sys=00.721s mem=149MiB roottime=174.830s load=1.00 rootload=1.00
ramon: poll                 wall=02m57.000s usage=02m56.554s user=02m55.832s sys=00.722s mem=149MiB roottime=175.830s load=1.00 rootload=1.00
ramon: poll                 wall=02m58.005s usage=02m57.558s user=02m56.835s sys=00.723s mem=149MiB roottime=176.830s load=1.00 rootload=0.99
ramon: poll                 wall=02m59.002s usage=02m58.553s user=02m57.830s sys=00.723s mem=149MiB roottime=177.830s load=1.00 rootload=1.00
ramon: poll                 wall=03m00.001s usage=02m59.550s user=02m58.827s sys=00.723s mem=149MiB roottime=178.820s load=1.00 rootload=0.99
ramon: poll                 wall=03m01.000s usage=03m00.547s user=02m59.824s sys=00.723s mem=149MiB roottime=179.820s load=1.00 rootload=1.00
ramon: poll                 wall=03m02.003s usage=03m01.549s user=03m00.825s sys=00.723s mem=149MiB roottime=180.820s load=1.00 rootload=1.00
ramon: poll                 wall=03m03.006s usage=03m02.550s user=03m01.827s sys=00.723s mem=149MiB roottime=181.820s load=1.00 rootload=1.00
ramon: poll                 wall=03m04.001s usage=03m03.544s user=03m02.821s sys=00.723s mem=149MiB roottime=182.820s load=1.00 rootload=1.01
ramon: poll                 wall=03m05.003s usage=03m04.545s user=03m03.822s sys=00.723s mem=149MiB roottime=183.820s load=1.00 rootload=1.00
ramon: poll                 wall=03m06.001s usage=03m05.542s user=03m04.819s sys=00.723s mem=149MiB roottime=184.810s load=1.00 rootload=0.99
ramon: poll                 wall=03m07.000s usage=03m06.539s user=03m05.815s sys=00.724s mem=149MiB roottime=185.810s load=1.00 rootload=1.00
ramon: poll                 wall=03m08.002s usage=03m07.535s user=03m06.809s sys=00.726s mem=149MiB roottime=186.800s load=0.99 rootload=0.99
ramon: poll                 wall=03m09.001s usage=03m08.530s user=03m07.803s sys=00.727s mem=149MiB roottime=187.800s load=1.00 rootload=1.00
ramon: poll                 wall=03m10.000s usage=03m09.525s user=03m08.797s sys=00.727s mem=149MiB roottime=188.790s load=1.00 rootload=0.99
ramon: poll                 wall=03m11.001s usage=03m10.524s user=03m09.793s sys=00.730s mem=149MiB roottime=189.790s load=1.00 rootload=1.00
ramon: poll                 wall=03m12.001s usage=03m11.519s user=03m10.788s sys=00.731s mem=149MiB roottime=190.780s load=1.00 rootload=0.99
ramon: poll                 wall=03m13.000s usage=03m12.513s user=03m11.782s sys=00.731s mem=149MiB roottime=191.780s load=1.00 rootload=1.00
ramon: poll                 wall=03m14.005s usage=03m13.514s user=03m12.783s sys=00.731s mem=149MiB roottime=192.780s load=1.00 rootload=0.99
ramon: poll                 wall=03m15.003s usage=03m14.507s user=03m13.776s sys=00.731s mem=149MiB roottime=193.770s load=1.00 rootload=0.99
ramon: poll                 wall=03m16.003s usage=03m15.504s user=03m14.772s sys=00.732s mem=149MiB roottime=194.770s load=1.00 rootload=1.00
ramon: poll                 wall=03m17.003s usage=03m16.499s user=03m15.764s sys=00.735s mem=149MiB roottime=195.760s load=1.00 rootload=0.99
ramon: poll                 wall=03m18.000s usage=03m17.490s user=03m16.755s sys=00.735s mem=149MiB roottime=196.750s load=0.99 rootload=0.99
ramon: poll                 wall=03m19.000s usage=03m18.485s user=03m17.748s sys=00.737s mem=149MiB roottime=197.740s load=0.99 rootload=0.99
ramon: poll                 wall=03m20.003s usage=03m19.482s user=03m18.744s sys=00.738s mem=150MiB roottime=198.740s load=0.99 rootload=1.00
ramon: poll                 wall=03m21.003s usage=03m20.476s user=03m19.735s sys=00.741s mem=150MiB roottime=199.730s load=0.99 rootload=0.99
ramon: poll                 wall=03m22.002s usage=03m21.467s user=03m20.726s sys=00.741s mem=150MiB roottime=200.720s load=0.99 rootload=0.99
ramon: poll                 wall=03m23.000s usage=03m22.461s user=03m21.719s sys=00.742s mem=150MiB roottime=201.710s load=1.00 rootload=0.99
ramon: poll                 wall=03m24.000s usage=03m23.454s user=03m22.710s sys=00.744s mem=150MiB roottime=202.710s load=0.99 rootload=1.00
ramon: poll                 wall=03m25.002s usage=03m24.450s user=03m23.706s sys=00.744s mem=150MiB roottime=203.700s load=0.99 rootload=0.99
ramon: poll                 wall=03m26.004s usage=03m25.448s user=03m24.703s sys=00.744s mem=150MiB roottime=204.700s load=1.00 rootload=1.00
ramon: poll                 wall=03m27.000s usage=03m26.438s user=03m25.693s sys=00.745s mem=151MiB roottime=205.690s load=0.99 rootload=0.99
ramon: poll                 wall=03m28.003s usage=03m27.434s user=03m26.687s sys=00.747s mem=151MiB roottime=206.680s load=0.99 rootload=0.99
ramon: poll                 wall=03m29.000s usage=03m28.426s user=03m27.679s sys=00.747s mem=151MiB roottime=207.670s load=1.00 rootload=0.99
ramon: poll                 wall=03m30.000s usage=03m29.421s user=03m28.674s sys=00.747s mem=151MiB roottime=208.670s load=0.99 rootload=1.00
ramon: poll                 wall=03m31.003s usage=03m30.418s user=03m29.670s sys=00.748s mem=152MiB roottime=209.670s load=0.99 rootload=1.00
ramon: poll                 wall=03m32.003s usage=03m31.412s user=03m30.661s sys=00.751s mem=152MiB roottime=210.660s load=0.99 rootload=0.99
ramon: poll                 wall=03m33.002s usage=03m32.406s user=03m31.654s sys=00.752s mem=152MiB roottime=211.650s load=0.99 rootload=0.99
ramon: poll                 wall=03m34.002s usage=03m33.399s user=03m32.645s sys=00.754s mem=153MiB roottime=212.640s load=0.99 rootload=0.99
ramon: poll                 wall=03m35.002s usage=03m34.393s user=03m33.634s sys=00.759s mem=153MiB roottime=213.630s load=0.99 rootload=0.99
ramon: poll                 wall=03m36.002s usage=03m35.387s user=03m34.613s sys=00.774s mem=156MiB roottime=214.610s load=0.99 rootload=0.98
ramon: poll                 wall=03m37.003s usage=03m36.385s user=03m35.609s sys=00.776s mem=156MiB roottime=215.600s load=1.00 rootload=0.99
ramon: poll                 wall=03m38.000s usage=03m37.380s user=03m36.604s sys=00.776s mem=157MiB roottime=216.600s load=1.00 rootload=1.00
ramon: poll                 wall=03m39.000s usage=03m38.378s user=03m37.595s sys=00.783s mem=158MiB roottime=217.590s load=1.00 rootload=0.99
ramon: poll                 wall=03m40.002s usage=03m39.378s user=03m38.593s sys=00.785s mem=159MiB roottime=218.590s load=1.00 rootload=1.00
ramon: poll                 wall=03m41.001s usage=03m40.375s user=03m39.588s sys=00.787s mem=159MiB roottime=219.580s load=1.00 rootload=0.99
ramon: poll                 wall=03m42.000s usage=03m41.372s user=03m40.582s sys=00.790s mem=159MiB roottime=220.580s load=1.00 rootload=1.00
ramon: poll                 wall=03m43.000s usage=03m42.371s user=03m41.580s sys=00.791s mem=160MiB roottime=221.570s load=1.00 rootload=0.99
ramon: poll                 wall=03m44.001s usage=03m43.370s user=03m42.577s sys=00.793s mem=160MiB roottime=222.570s load=1.00 rootload=1.00
ramon: poll                 wall=03m45.000s usage=03m44.367s user=03m43.572s sys=00.795s mem=160MiB roottime=223.570s load=1.00 rootload=1.00
ramon: poll                 wall=03m46.000s usage=03m45.369s user=03m44.572s sys=00.797s mem=160MiB roottime=224.570s load=1.00 rootload=1.00
ramon: poll                 wall=03m47.000s usage=03m46.364s user=03m45.566s sys=00.798s mem=160MiB roottime=225.560s load=1.00 rootload=0.99
ramon: poll                 wall=03m48.001s usage=03m47.365s user=03m46.566s sys=00.799s mem=160MiB roottime=226.560s load=1.00 rootload=1.00
ramon: poll                 wall=03m49.001s usage=03m48.363s user=03m47.562s sys=00.801s mem=160MiB roottime=227.560s load=1.00 rootload=1.00
ramon: poll                 wall=03m50.001s usage=03m49.363s user=03m48.558s sys=00.805s mem=161MiB roottime=228.550s load=1.00 rootload=0.99
ramon: poll                 wall=03m51.001s usage=03m50.362s user=03m49.552s sys=00.810s mem=162MiB roottime=229.550s load=1.00 rootload=1.00
ramon: poll                 wall=03m52.000s usage=03m51.361s user=03m50.547s sys=00.814s mem=162MiB roottime=230.540s load=1.00 rootload=0.99
ramon: poll                 wall=03m53.000s usage=03m52.361s user=03m51.545s sys=00.816s mem=162MiB roottime=231.540s load=1.00 rootload=1.00
ramon: poll                 wall=03m54.000s usage=03m53.360s user=03m52.542s sys=00.818s mem=162MiB roottime=232.540s load=1.00 rootload=1.00
ramon: poll                 wall=03m55.001s usage=03m54.360s user=03m53.540s sys=00.819s mem=162MiB roottime=233.540s load=1.00 rootload=1.00
ramon: poll                 wall=03m56.000s usage=03m55.359s user=03m54.538s sys=00.821s mem=162MiB roottime=234.530s load=1.00 rootload=0.99
ramon: poll                 wall=03m57.001s usage=03m56.358s user=03m55.535s sys=00.823s mem=163MiB roottime=235.530s load=1.00 rootload=1.00
ramon: poll                 wall=03m58.000s usage=03m57.358s user=03m56.535s sys=00.823s mem=163MiB roottime=236.530s load=1.00 rootload=1.00
ramon: poll                 wall=03m59.000s usage=03m58.357s user=03m57.534s sys=00.823s mem=163MiB roottime=237.530s load=1.00 rootload=1.00
ramon: poll                 wall=04m00.001s usage=03m59.357s user=03m58.534s sys=00.823s mem=163MiB roottime=238.530s load=1.00 rootload=1.00
ramon: poll                 wall=04m01.000s usage=04m00.356s user=03m59.533s sys=00.823s mem=163MiB roottime=239.530s load=1.00 rootload=1.00
ramon: poll                 wall=04m02.000s usage=04m01.355s user=04m00.532s sys=00.823s mem=163MiB roottime=240.530s load=1.00 rootload=1.00
ramon: poll                 wall=04m03.000s usage=04m02.355s user=04m01.532s sys=00.823s mem=163MiB roottime=241.530s load=1.00 rootload=1.00
ramon: poll                 wall=04m04.000s usage=04m03.354s user=04m02.530s sys=00.824s mem=163MiB roottime=242.520s load=1.00 rootload=0.99
ramon: poll                 wall=04m05.001s usage=04m04.354s user=04m03.528s sys=00.826s mem=163MiB roottime=243.520s load=1.00 rootload=1.00
ramon: poll                 wall=04m06.000s usage=04m05.353s user=04m04.524s sys=00.829s mem=163MiB roottime=244.520s load=1.00 rootload=1.00
ramon: poll                 wall=04m07.000s usage=04m06.353s user=04m05.523s sys=00.830s mem=163MiB roottime=245.520s load=1.00 rootload=1.00
ramon: poll                 wall=04m08.000s usage=04m07.352s user=04m06.522s sys=00.830s mem=163MiB roottime=246.520s load=1.00 rootload=1.00
ramon: poll                 wall=04m09.000s usage=04m08.351s user=04m07.520s sys=00.831s mem=163MiB roottime=247.520s load=1.00 rootload=1.00
ramon: poll                 wall=04m10.000s usage=04m09.350s user=04m08.517s sys=00.833s mem=163MiB roottime=248.510s load=1.00 rootload=0.99
ramon: poll                 wall=04m11.000s usage=04m10.350s user=04m09.515s sys=00.835s mem=164MiB roottime=249.510s load=1.00 rootload=1.00
ramon: poll                 wall=04m12.000s usage=04m11.349s user=04m10.514s sys=00.835s mem=164MiB roottime=250.510s load=1.00 rootload=1.00
ramon: poll                 wall=04m13.000s usage=04m12.349s user=04m11.513s sys=00.836s mem=164MiB roottime=251.510s load=1.00 rootload=1.00
ramon: poll                 wall=04m14.001s usage=04m13.348s user=04m12.511s sys=00.837s mem=164MiB roottime=252.510s load=1.00 rootload=1.00
ramon: poll                 wall=04m15.000s usage=04m14.348s user=04m13.511s sys=00.837s mem=164MiB roottime=253.510s load=1.00 rootload=1.00
ramon: poll                 wall=04m16.000s usage=04m15.347s user=04m14.510s sys=00.837s mem=164MiB roottime=254.500s load=1.00 rootload=0.99
ramon: poll                 wall=04m17.000s usage=04m16.347s user=04m15.510s sys=00.837s mem=164MiB roottime=255.500s load=1.00 rootload=1.00
ramon: poll                 wall=04m18.000s usage=04m17.346s user=04m16.508s sys=00.838s mem=164MiB roottime=256.500s load=1.00 rootload=1.00
ramon: poll                 wall=04m19.001s usage=04m18.345s user=04m17.506s sys=00.839s mem=164MiB roottime=257.500s load=1.00 rootload=1.00
ramon: poll                 wall=04m20.000s usage=04m19.344s user=04m18.505s sys=00.839s mem=164MiB roottime=258.500s load=1.00 rootload=1.00
ramon: poll                 wall=04m21.001s usage=04m20.344s user=04m19.505s sys=00.839s mem=164MiB roottime=259.500s load=1.00 rootload=1.00
ramon: poll                 wall=04m22.000s usage=04m21.344s user=04m20.504s sys=00.840s mem=164MiB roottime=260.500s load=1.00 rootload=1.00
ramon: poll                 wall=04m23.000s usage=04m22.343s user=04m21.503s sys=00.840s mem=165MiB roottime=261.500s load=1.00 rootload=1.00
ramon: poll                 wall=04m24.000s usage=04m23.343s user=04m22.503s sys=00.840s mem=165MiB roottime=262.500s load=1.00 rootload=1.00
ramon: poll                 wall=04m25.000s usage=04m24.342s user=04m23.502s sys=00.840s mem=165MiB roottime=263.500s load=1.00 rootload=1.00
ramon: poll                 wall=04m26.000s usage=04m25.341s user=04m24.499s sys=00.842s mem=165MiB roottime=264.490s load=1.00 rootload=0.99
ramon: poll                 wall=04m27.000s usage=04m26.341s user=04m25.499s sys=00.842s mem=165MiB roottime=265.490s load=1.00 rootload=1.00
ramon: poll                 wall=04m28.000s usage=04m27.340s user=04m26.498s sys=00.842s mem=165MiB roottime=266.490s load=1.00 rootload=1.00
ramon: poll                 wall=04m29.000s usage=04m28.340s user=04m27.498s sys=00.842s mem=165MiB roottime=267.490s load=1.00 rootload=1.00
ramon: poll                 wall=04m30.000s usage=04m29.339s user=04m28.497s sys=00.842s mem=165MiB roottime=268.490s load=1.00 rootload=1.00
ramon: poll                 wall=04m31.000s usage=04m30.339s user=04m29.496s sys=00.843s mem=165MiB roottime=269.490s load=1.00 rootload=1.00
ramon: poll                 wall=04m32.000s usage=04m31.338s user=04m30.494s sys=00.844s mem=165MiB roottime=270.490s load=1.00 rootload=1.00
ramon: poll                 wall=04m33.000s usage=04m32.338s user=04m31.493s sys=00.844s mem=166MiB roottime=271.490s load=1.00 rootload=1.00
ramon: poll                 wall=04m34.000s usage=04m33.337s user=04m32.492s sys=00.845s mem=166MiB roottime=272.490s load=1.00 rootload=1.00
ramon: poll                 wall=04m35.000s usage=04m34.336s user=04m33.491s sys=00.845s mem=166MiB roottime=273.490s load=1.00 rootload=1.00
ramon: poll                 wall=04m36.000s usage=04m35.335s user=04m34.489s sys=00.846s mem=166MiB roottime=274.480s load=1.00 rootload=0.99
ramon: poll                 wall=04m37.000s usage=04m36.335s user=04m35.489s sys=00.846s mem=166MiB roottime=275.480s load=1.00 rootload=1.00
ramon: poll                 wall=04m38.000s usage=04m37.334s user=04m36.488s sys=00.846s mem=166MiB roottime=276.480s load=1.00 rootload=1.00
ramon: poll                 wall=04m39.000s usage=04m38.334s user=04m37.488s sys=00.846s mem=166MiB roottime=277.480s load=1.00 rootload=1.00
ramon: poll                 wall=04m40.000s usage=04m39.333s user=04m38.487s sys=00.846s mem=166MiB roottime=278.480s load=1.00 rootload=1.00
ramon: poll                 wall=04m41.000s usage=04m40.332s user=04m39.486s sys=00.846s mem=166MiB roottime=279.480s load=1.00 rootload=1.00
ramon: poll                 wall=04m42.000s usage=04m41.332s user=04m40.486s sys=00.846s mem=166MiB roottime=280.480s load=1.00 rootload=1.00
ramon: poll                 wall=04m43.000s usage=04m42.331s user=04m41.483s sys=00.848s mem=166MiB roottime=281.480s load=1.00 rootload=1.00
ramon: poll                 wall=04m44.000s usage=04m43.331s user=04m42.482s sys=00.849s mem=166MiB roottime=282.480s load=1.00 rootload=1.00
ramon: poll                 wall=04m45.000s usage=04m44.330s user=04m43.481s sys=00.849s mem=166MiB roottime=283.480s load=1.00 rootload=1.00
ramon: poll                 wall=04m46.000s usage=04m45.329s user=04m44.480s sys=00.849s mem=166MiB roottime=284.480s load=1.00 rootload=1.00
ramon: poll                 wall=04m47.000s usage=04m46.329s user=04m45.479s sys=00.850s mem=166MiB roottime=285.470s load=1.00 rootload=0.99
ramon: poll                 wall=04m48.000s usage=04m47.328s user=04m46.478s sys=00.850s mem=166MiB roottime=286.470s load=1.00 rootload=1.00
ramon: poll                 wall=04m49.000s usage=04m48.328s user=04m47.477s sys=00.851s mem=166MiB roottime=287.470s load=1.00 rootload=1.00
ramon: poll                 wall=04m50.000s usage=04m49.327s user=04m48.476s sys=00.851s mem=166MiB roottime=288.470s load=1.00 rootload=1.00
ramon: poll                 wall=04m51.000s usage=04m50.327s user=04m49.476s sys=00.851s mem=167MiB roottime=289.470s load=1.00 rootload=1.00
ramon: poll                 wall=04m52.000s usage=04m51.327s user=04m50.476s sys=00.851s mem=167MiB roottime=290.470s load=1.00 rootload=1.00
ramon: poll                 wall=04m53.000s usage=04m52.326s user=04m51.474s sys=00.852s mem=167MiB roottime=291.470s load=1.00 rootload=1.00
ramon: poll                 wall=04m54.000s usage=04m53.326s user=04m52.473s sys=00.853s mem=167MiB roottime=292.470s load=1.00 rootload=1.00
ramon: poll                 wall=04m55.000s usage=04m54.326s user=04m53.473s sys=00.853s mem=167MiB roottime=293.470s load=1.00 rootload=1.00
ramon: poll                 wall=04m56.000s usage=04m55.325s user=04m54.471s sys=00.854s mem=167MiB roottime=294.470s load=1.00 rootload=1.00
ramon: poll                 wall=04m57.000s usage=04m56.325s user=04m55.469s sys=00.856s mem=167MiB roottime=295.460s load=1.00 rootload=0.99
ramon: poll                 wall=04m58.000s usage=04m57.324s user=04m56.468s sys=00.856s mem=167MiB roottime=296.460s load=1.00 rootload=1.00
ramon: poll                 wall=04m59.000s usage=04m58.323s user=04m57.463s sys=00.860s mem=167MiB roottime=297.460s load=1.00 rootload=1.00
ramon: poll                 wall=05m00.000s usage=04m59.322s user=04m58.462s sys=00.860s mem=167MiB roottime=298.460s load=1.00 rootload=1.00
ramon: poll                 wall=05m01.000s usage=05m00.322s user=04m59.461s sys=00.861s mem=167MiB roottime=299.460s load=1.00 rootload=1.00
ramon: poll                 wall=05m02.000s usage=05m01.321s user=05m00.460s sys=00.861s mem=167MiB roottime=300.450s load=1.00 rootload=0.99
ramon: poll                 wall=05m03.000s usage=05m02.321s user=05m01.459s sys=00.862s mem=167MiB roottime=301.450s load=1.00 rootload=1.00
ramon: poll                 wall=05m04.000s usage=05m03.320s user=05m02.458s sys=00.862s mem=167MiB roottime=302.450s load=1.00 rootload=1.00
ramon: poll                 wall=05m05.000s usage=05m04.320s user=05m03.457s sys=00.863s mem=167MiB roottime=303.450s load=1.00 rootload=1.00
ramon: poll                 wall=05m06.000s usage=05m05.319s user=05m04.454s sys=00.865s mem=167MiB roottime=304.450s load=1.00 rootload=1.00
ramon: poll                 wall=05m07.001s usage=05m06.319s user=05m05.454s sys=00.865s mem=167MiB roottime=305.450s load=1.00 rootload=1.00
ramon: poll                 wall=05m08.000s usage=05m07.318s user=05m06.453s sys=00.865s mem=168MiB roottime=306.450s load=1.00 rootload=1.00
ramon: poll                 wall=05m09.000s usage=05m08.318s user=05m07.451s sys=00.867s mem=168MiB roottime=307.450s load=1.00 rootload=1.00
ramon: poll                 wall=05m10.000s usage=05m09.317s user=05m08.450s sys=00.867s mem=168MiB roottime=308.450s load=1.00 rootload=1.00
ramon: poll                 wall=05m11.000s usage=05m10.317s user=05m09.450s sys=00.867s mem=168MiB roottime=309.440s load=1.00 rootload=0.99
ramon: poll                 wall=05m12.000s usage=05m11.316s user=05m10.448s sys=00.868s mem=168MiB roottime=310.440s load=1.00 rootload=1.00
ramon: poll                 wall=05m13.000s usage=05m12.316s user=05m11.447s sys=00.869s mem=168MiB roottime=311.440s load=1.00 rootload=1.00
ramon: poll                 wall=05m14.000s usage=05m13.315s user=05m12.444s sys=00.871s mem=168MiB roottime=312.440s load=1.00 rootload=1.00
ramon: poll                 wall=05m15.000s usage=05m14.315s user=05m13.444s sys=00.871s mem=168MiB roottime=313.440s load=1.00 rootload=1.00
ramon: poll                 wall=05m16.000s usage=05m15.315s user=05m14.442s sys=00.872s mem=168MiB roottime=314.440s load=1.00 rootload=1.00
ramon: poll                 wall=05m17.000s usage=05m16.314s user=05m15.442s sys=00.872s mem=168MiB roottime=315.440s load=1.00 rootload=1.00
ramon: poll                 wall=05m18.000s usage=05m17.314s user=05m16.442s sys=00.872s mem=168MiB roottime=316.440s load=1.00 rootload=1.00
ramon: poll                 wall=05m19.000s usage=05m18.314s user=05m17.442s sys=00.872s mem=168MiB roottime=317.440s load=1.00 rootload=1.00
ramon: poll                 wall=05m20.000s usage=05m19.313s user=05m18.439s sys=00.874s mem=169MiB roottime=318.430s load=1.00 rootload=0.99
ramon: poll                 wall=05m21.001s usage=05m20.313s user=05m19.438s sys=00.875s mem=169MiB roottime=319.430s load=1.00 rootload=1.00
ramon: poll                 wall=05m22.001s usage=05m21.313s user=05m20.437s sys=00.876s mem=169MiB roottime=320.430s load=1.00 rootload=1.00
ramon: poll                 wall=05m23.000s usage=05m22.313s user=05m21.433s sys=00.879s mem=169MiB roottime=321.430s load=1.00 rootload=1.00
ramon: poll                 wall=05m24.000s usage=05m23.312s user=05m22.433s sys=00.879s mem=169MiB roottime=322.430s load=1.00 rootload=1.00
ramon: poll                 wall=05m25.000s usage=05m24.312s user=05m23.433s sys=00.879s mem=169MiB roottime=323.430s load=1.00 rootload=1.00
ramon: poll                 wall=05m26.000s usage=05m25.312s user=05m24.429s sys=00.882s mem=169MiB roottime=324.420s load=1.00 rootload=0.99
ramon: poll                 wall=05m27.000s usage=05m26.311s user=05m25.429s sys=00.882s mem=169MiB roottime=325.420s load=1.00 rootload=1.00
ramon: poll                 wall=05m28.000s usage=05m27.311s user=05m26.429s sys=00.882s mem=169MiB roottime=326.420s load=1.00 rootload=1.00
ramon: poll                 wall=05m29.000s usage=05m28.311s user=05m27.427s sys=00.883s mem=169MiB roottime=327.420s load=1.00 rootload=1.00
ramon: poll                 wall=05m30.000s usage=05m29.310s user=05m28.426s sys=00.884s mem=170MiB roottime=328.420s load=1.00 rootload=1.00
ramon: poll                 wall=05m31.000s usage=05m30.310s user=05m29.425s sys=00.885s mem=170MiB roottime=329.420s load=1.00 rootload=1.00
ramon: poll                 wall=05m32.000s usage=05m31.310s user=05m30.424s sys=00.885s mem=170MiB roottime=330.420s load=1.00 rootload=1.00
ramon: poll                 wall=05m33.000s usage=05m32.309s user=05m31.424s sys=00.885s mem=170MiB roottime=331.420s load=1.00 rootload=1.00
ramon: poll                 wall=05m34.000s usage=05m33.309s user=05m32.424s sys=00.885s mem=170MiB roottime=332.420s load=1.00 rootload=1.00
ramon: poll                 wall=05m35.000s usage=05m34.309s user=05m33.423s sys=00.885s mem=171MiB roottime=333.420s load=1.00 rootload=1.00
ramon: poll                 wall=05m36.000s usage=05m35.308s user=05m34.423s sys=00.885s mem=171MiB roottime=334.420s load=1.00 rootload=1.00
ramon: poll                 wall=05m37.000s usage=05m36.308s user=05m35.421s sys=00.887s mem=171MiB roottime=335.420s load=1.00 rootload=1.00
ramon: poll                 wall=05m38.000s usage=05m37.308s user=05m36.419s sys=00.888s mem=171MiB roottime=336.410s load=1.00 rootload=0.99
ramon: poll                 wall=05m39.000s usage=05m38.307s user=05m37.419s sys=00.888s mem=171MiB roottime=337.410s load=1.00 rootload=1.00
ramon: poll                 wall=05m40.000s usage=05m39.307s user=05m38.418s sys=00.889s mem=171MiB roottime=338.410s load=1.00 rootload=1.00
ramon: poll                 wall=05m41.000s usage=05m40.307s user=05m39.418s sys=00.889s mem=171MiB roottime=339.410s load=1.00 rootload=1.00
ramon: poll                 wall=05m42.000s usage=05m41.306s user=05m40.417s sys=00.889s mem=171MiB roottime=340.410s load=1.00 rootload=1.00
ramon: poll                 wall=05m43.000s usage=05m42.306s user=05m41.416s sys=00.890s mem=171MiB roottime=341.410s load=1.00 rootload=1.00
ramon: poll                 wall=05m44.000s usage=05m43.306s user=05m42.415s sys=00.890s mem=171MiB roottime=342.410s load=1.00 rootload=1.00
ramon: poll                 wall=05m45.000s usage=05m44.305s user=05m43.415s sys=00.890s mem=171MiB roottime=343.410s load=1.00 rootload=1.00
ramon: poll                 wall=05m46.000s usage=05m45.305s user=05m44.412s sys=00.893s mem=172MiB roottime=344.410s load=1.00 rootload=1.00
ramon: poll                 wall=05m47.000s usage=05m46.305s user=05m45.411s sys=00.894s mem=172MiB roottime=345.410s load=1.00 rootload=1.00
ramon: poll                 wall=05m48.000s usage=05m47.304s user=05m46.410s sys=00.894s mem=172MiB roottime=346.400s load=1.00 rootload=0.99
ramon: poll                 wall=05m49.000s usage=05m48.304s user=05m47.410s sys=00.894s mem=172MiB roottime=347.400s load=1.00 rootload=1.00
ramon: poll                 wall=05m50.000s usage=05m49.303s user=05m48.409s sys=00.894s mem=172MiB roottime=348.400s load=1.00 rootload=1.00
ramon: poll                 wall=05m51.000s usage=05m50.303s user=05m49.409s sys=00.894s mem=172MiB roottime=349.400s load=1.00 rootload=1.00
ramon: poll                 wall=05m52.000s usage=05m51.303s user=05m50.406s sys=00.896s mem=172MiB roottime=350.400s load=1.00 rootload=1.00
ramon: poll                 wall=05m53.000s usage=05m52.302s user=05m51.406s sys=00.896s mem=172MiB roottime=351.400s load=1.00 rootload=1.00
ramon: poll                 wall=05m54.000s usage=05m53.302s user=05m52.406s sys=00.896s mem=173MiB roottime=352.400s load=1.00 rootload=1.00
ramon: poll                 wall=05m55.000s usage=05m54.302s user=05m53.405s sys=00.896s mem=173MiB roottime=353.400s load=1.00 rootload=1.00
ramon: poll                 wall=05m56.000s usage=05m55.301s user=05m54.403s sys=00.898s mem=173MiB roottime=354.400s load=1.00 rootload=1.00
ramon: poll                 wall=05m57.000s usage=05m56.301s user=05m55.401s sys=00.900s mem=173MiB roottime=355.400s load=1.00 rootload=1.00
ramon: poll                 wall=05m58.000s usage=05m57.300s user=05m56.400s sys=00.900s mem=173MiB roottime=356.400s load=1.00 rootload=1.00
ramon: poll                 wall=05m59.000s usage=05m58.300s user=05m57.399s sys=00.901s mem=174MiB roottime=357.390s load=1.00 rootload=0.99
ramon: poll                 wall=06m00.000s usage=05m59.299s user=05m58.398s sys=00.901s mem=174MiB roottime=358.390s load=1.00 rootload=1.00
ramon: poll                 wall=06m01.000s usage=06m00.299s user=05m59.396s sys=00.903s mem=174MiB roottime=359.390s load=1.00 rootload=1.00
ramon: poll                 wall=06m02.000s usage=06m01.299s user=06m00.396s sys=00.903s mem=174MiB roottime=360.390s load=1.00 rootload=1.00
ramon: poll                 wall=06m03.000s usage=06m02.298s user=06m01.395s sys=00.903s mem=174MiB roottime=361.390s load=1.00 rootload=1.00
ramon: poll                 wall=06m04.000s usage=06m03.298s user=06m02.394s sys=00.903s mem=174MiB roottime=362.390s load=1.00 rootload=1.00
ramon: poll                 wall=06m05.000s usage=06m04.297s user=06m03.394s sys=00.903s mem=174MiB roottime=363.390s load=1.00 rootload=1.00
ramon: poll                 wall=06m06.000s usage=06m05.297s user=06m04.393s sys=00.904s mem=174MiB roottime=364.390s load=1.00 rootload=1.00
ramon: poll                 wall=06m07.000s usage=06m06.296s user=06m05.391s sys=00.905s mem=174MiB roottime=365.390s load=1.00 rootload=1.00
ramon: poll                 wall=06m08.000s usage=06m07.296s user=06m06.391s sys=00.905s mem=174MiB roottime=366.390s load=1.00 rootload=1.00
ramon: poll                 wall=06m09.000s usage=06m08.296s user=06m07.391s sys=00.905s mem=174MiB roottime=367.390s load=1.00 rootload=1.00
ramon: poll                 wall=06m10.000s usage=06m09.295s user=06m08.389s sys=00.906s mem=174MiB roottime=368.380s load=1.00 rootload=0.99
ramon: poll                 wall=06m11.000s usage=06m10.295s user=06m09.388s sys=00.907s mem=174MiB roottime=369.380s load=1.00 rootload=1.00
ramon: poll                 wall=06m12.000s usage=06m11.295s user=06m10.387s sys=00.908s mem=174MiB roottime=370.380s load=1.00 rootload=1.00
ramon: poll                 wall=06m13.000s usage=06m12.295s user=06m11.387s sys=00.908s mem=175MiB roottime=371.380s load=1.00 rootload=1.00
ramon: poll                 wall=06m14.001s usage=06m13.294s user=06m12.386s sys=00.908s mem=175MiB roottime=372.380s load=1.00 rootload=1.00
ramon: poll                 wall=06m15.000s usage=06m14.294s user=06m13.386s sys=00.908s mem=175MiB roottime=373.380s load=1.00 rootload=1.00
ramon: poll                 wall=06m16.000s usage=06m15.294s user=06m14.383s sys=00.910s mem=176MiB roottime=374.380s load=1.00 rootload=1.00
ramon: poll                 wall=06m17.001s usage=06m16.293s user=06m15.382s sys=00.911s mem=176MiB roottime=375.380s load=1.00 rootload=1.00
ramon: poll                 wall=06m18.000s usage=06m17.293s user=06m16.380s sys=00.913s mem=176MiB roottime=376.370s load=1.00 rootload=0.99
ramon: poll                 wall=06m19.001s usage=06m18.293s user=06m17.379s sys=00.913s mem=176MiB roottime=377.370s load=1.00 rootload=1.00
ramon: poll                 wall=06m20.000s usage=06m19.292s user=06m18.379s sys=00.913s mem=176MiB roottime=378.370s load=1.00 rootload=1.00
ramon: poll                 wall=06m21.001s usage=06m20.292s user=06m19.378s sys=00.913s mem=176MiB roottime=379.370s load=1.00 rootload=1.00
ramon: poll                 wall=06m22.000s usage=06m21.291s user=06m20.378s sys=00.913s mem=176MiB roottime=380.370s load=1.00 rootload=1.00
ramon: poll                 wall=06m23.002s usage=06m22.293s user=06m21.379s sys=00.914s mem=176MiB roottime=381.370s load=1.00 rootload=1.00
ramon: poll                 wall=06m24.000s usage=06m23.290s user=06m22.376s sys=00.914s mem=176MiB roottime=382.370s load=1.00 rootload=1.00
ramon: poll                 wall=06m25.000s usage=06m24.290s user=06m23.376s sys=00.914s mem=176MiB roottime=383.370s load=1.00 rootload=1.00
ramon: poll                 wall=06m26.000s usage=06m25.289s user=06m24.375s sys=00.914s mem=176MiB roottime=384.370s load=1.00 rootload=1.00
ramon: poll                 wall=06m27.000s usage=06m26.289s user=06m25.375s sys=00.914s mem=176MiB roottime=385.370s load=1.00 rootload=1.00
ramon: poll                 wall=06m28.000s usage=06m27.288s user=06m26.372s sys=00.916s mem=176MiB roottime=386.370s load=1.00 rootload=1.00
ramon: poll                 wall=06m29.000s usage=06m28.288s user=06m27.370s sys=00.918s mem=177MiB roottime=387.360s load=1.00 rootload=0.99
ramon: poll                 wall=06m30.000s usage=06m29.287s user=06m28.369s sys=00.918s mem=177MiB roottime=388.360s load=1.00 rootload=1.00
ramon: poll                 wall=06m31.000s usage=06m30.287s user=06m29.368s sys=00.919s mem=177MiB roottime=389.360s load=1.00 rootload=1.00
ramon: poll                 wall=06m32.001s usage=06m31.286s user=06m30.367s sys=00.919s mem=177MiB roottime=390.360s load=1.00 rootload=1.00
ramon: poll                 wall=06m33.001s usage=06m32.285s user=06m31.365s sys=00.920s mem=177MiB roottime=391.360s load=1.00 rootload=1.00
ramon: poll                 wall=06m34.001s usage=06m33.285s user=06m32.361s sys=00.924s mem=177MiB roottime=392.360s load=1.00 rootload=1.00
ramon: poll                 wall=06m35.001s usage=06m34.284s user=06m33.356s sys=00.928s mem=178MiB roottime=393.350s load=1.00 rootload=0.99
ramon: poll                 wall=06m36.000s usage=06m35.284s user=06m34.355s sys=00.929s mem=178MiB roottime=394.350s load=1.00 rootload=1.00
ramon: poll                 wall=06m37.000s usage=06m36.283s user=06m35.351s sys=00.932s mem=178MiB roottime=395.350s load=1.00 rootload=1.00
ramon: poll                 wall=06m38.000s usage=06m37.283s user=06m36.350s sys=00.932s mem=178MiB roottime=396.350s load=1.00 rootload=1.00
ramon: poll                 wall=06m39.000s usage=06m38.282s user=06m37.350s sys=00.932s mem=178MiB roottime=397.340s load=1.00 rootload=0.99
ramon: poll                 wall=06m40.000s usage=06m39.281s user=06m38.348s sys=00.933s mem=178MiB roottime=398.340s load=1.00 rootload=1.00
ramon: poll                 wall=06m41.000s usage=06m40.281s user=06m39.348s sys=00.933s mem=178MiB roottime=399.340s load=1.00 rootload=1.00
ramon: poll                 wall=06m42.000s usage=06m41.281s user=06m40.347s sys=00.933s mem=178MiB roottime=400.340s load=1.00 rootload=1.00
ramon: poll                 wall=06m43.000s usage=06m42.280s user=06m41.346s sys=00.933s mem=178MiB roottime=401.340s load=1.00 rootload=1.00
ramon: poll                 wall=06m44.001s usage=06m43.280s user=06m42.346s sys=00.934s mem=178MiB roottime=402.340s load=1.00 rootload=1.00
ramon: poll                 wall=06m45.001s usage=06m44.280s user=06m43.345s sys=00.934s mem=178MiB roottime=403.340s load=1.00 rootload=1.00
ramon: poll                 wall=06m46.002s usage=06m45.280s user=06m44.346s sys=00.934s mem=178MiB roottime=404.340s load=1.00 rootload=1.00
ramon: poll                 wall=06m47.001s usage=06m46.279s user=06m45.345s sys=00.934s mem=178MiB roottime=405.340s load=1.00 rootload=1.00
ramon: poll                 wall=06m48.000s usage=06m47.278s user=06m46.341s sys=00.936s mem=178MiB roottime=406.340s load=1.00 rootload=1.00
ramon: poll                 wall=06m49.000s usage=06m48.276s user=06m47.339s sys=00.937s mem=178MiB roottime=407.330s load=1.00 rootload=0.99
ramon: poll                 wall=06m50.001s usage=06m49.276s user=06m48.335s sys=00.941s mem=179MiB roottime=408.330s load=1.00 rootload=1.00
ramon: poll                 wall=06m51.000s usage=06m50.275s user=06m49.331s sys=00.944s mem=179MiB roottime=409.330s load=1.00 rootload=1.00
ramon: poll                 wall=06m52.000s usage=06m51.275s user=06m50.328s sys=00.947s mem=179MiB roottime=410.320s load=1.00 rootload=0.99
ramon: poll                 wall=06m53.003s usage=06m52.277s user=06m51.329s sys=00.948s mem=179MiB roottime=411.320s load=1.00 rootload=1.00
ramon: poll                 wall=06m54.000s usage=06m53.274s user=06m52.324s sys=00.949s mem=179MiB roottime=412.320s load=1.00 rootload=1.00
ramon: poll                 wall=06m55.000s usage=06m54.273s user=06m53.324s sys=00.949s mem=179MiB roottime=413.320s load=1.00 rootload=1.00
ramon: poll                 wall=06m56.001s usage=06m55.272s user=06m54.322s sys=00.950s mem=179MiB roottime=414.320s load=1.00 rootload=1.00
ramon: poll                 wall=06m57.000s usage=06m56.271s user=06m55.321s sys=00.950s mem=179MiB roottime=415.320s load=1.00 rootload=1.00
ramon: poll                 wall=06m58.000s usage=06m57.273s user=06m56.323s sys=00.950s mem=179MiB roottime=416.320s load=1.00 rootload=1.00
ramon: poll                 wall=06m59.002s usage=06m58.271s user=06m57.320s sys=00.951s mem=179MiB roottime=417.310s load=1.00 rootload=0.99
ramon: poll                 wall=07m00.000s usage=06m59.269s user=06m58.316s sys=00.953s mem=179MiB roottime=418.310s load=1.00 rootload=1.00
ramon: poll                 wall=07m01.001s usage=07m00.269s user=06m59.315s sys=00.953s mem=179MiB roottime=419.310s load=1.00 rootload=1.00
ramon: poll                 wall=07m02.000s usage=07m01.268s user=07m00.315s sys=00.953s mem=179MiB roottime=420.310s load=1.00 rootload=1.00
ramon: poll                 wall=07m03.001s usage=07m02.267s user=07m01.314s sys=00.953s mem=179MiB roottime=421.310s load=1.00 rootload=1.00
ramon: poll                 wall=07m04.000s usage=07m03.267s user=07m02.313s sys=00.954s mem=179MiB roottime=422.310s load=1.00 rootload=1.00
ramon: poll                 wall=07m05.000s usage=07m04.267s user=07m03.312s sys=00.954s mem=179MiB roottime=423.310s load=1.00 rootload=1.00
ramon: poll                 wall=07m06.000s usage=07m05.266s user=07m04.311s sys=00.955s mem=179MiB roottime=424.310s load=1.00 rootload=1.00
ramon: poll                 wall=07m07.000s usage=07m06.266s user=07m05.309s sys=00.956s mem=179MiB roottime=425.300s load=1.00 rootload=0.99
ramon: poll                 wall=07m08.000s usage=07m07.265s user=07m06.308s sys=00.957s mem=180MiB roottime=426.300s load=1.00 rootload=1.00
ramon: poll                 wall=07m09.000s usage=07m08.265s user=07m07.307s sys=00.958s mem=180MiB roottime=427.300s load=1.00 rootload=1.00
ramon: poll                 wall=07m10.000s usage=07m09.265s user=07m08.306s sys=00.959s mem=180MiB roottime=428.300s load=1.00 rootload=1.00
ramon: poll                 wall=07m11.000s usage=07m10.264s user=07m09.305s sys=00.959s mem=180MiB roottime=429.300s load=1.00 rootload=1.00
ramon: poll                 wall=07m12.000s usage=07m11.264s user=07m10.303s sys=00.961s mem=180MiB roottime=430.300s load=1.00 rootload=1.00
ramon: poll                 wall=07m13.000s usage=07m12.263s user=07m11.302s sys=00.961s mem=180MiB roottime=431.300s load=1.00 rootload=1.00
ramon: poll                 wall=07m14.000s usage=07m13.263s user=07m12.300s sys=00.963s mem=180MiB roottime=432.290s load=1.00 rootload=0.99
ramon: poll                 wall=07m15.001s usage=07m14.262s user=07m13.297s sys=00.965s mem=180MiB roottime=433.290s load=1.00 rootload=1.00
ramon: poll                 wall=07m16.000s usage=07m15.262s user=07m14.297s sys=00.965s mem=180MiB roottime=434.290s load=1.00 rootload=1.00
ramon: poll                 wall=07m17.001s usage=07m16.261s user=07m15.295s sys=00.966s mem=181MiB roottime=435.290s load=1.00 rootload=1.00
ramon: poll                 wall=07m18.000s usage=07m17.261s user=07m16.295s sys=00.966s mem=181MiB roottime=436.290s load=1.00 rootload=1.00
ramon: poll                 wall=07m19.000s usage=07m18.260s user=07m17.294s sys=00.966s mem=181MiB roottime=437.290s load=1.00 rootload=1.00
ramon: poll                 wall=07m20.000s usage=07m19.260s user=07m18.293s sys=00.967s mem=181MiB roottime=438.290s load=1.00 rootload=1.00
ramon: poll                 wall=07m21.000s usage=07m20.259s user=07m19.291s sys=00.968s mem=181MiB roottime=439.290s load=1.00 rootload=1.00
ramon: poll                 wall=07m22.000s usage=07m21.259s user=07m20.291s sys=00.968s mem=181MiB roottime=440.290s load=1.00 rootload=1.00
ramon: poll                 wall=07m23.000s usage=07m22.258s user=07m21.290s sys=00.968s mem=181MiB roottime=441.280s load=1.00 rootload=0.99
ramon: poll                 wall=07m24.000s usage=07m23.258s user=07m22.288s sys=00.970s mem=181MiB roottime=442.280s load=1.00 rootload=1.00
ramon: poll                 wall=07m25.000s usage=07m24.257s user=07m23.285s sys=00.972s mem=181MiB roottime=443.280s load=1.00 rootload=1.00
ramon: poll                 wall=07m26.000s usage=07m25.257s user=07m24.285s sys=00.972s mem=181MiB roottime=444.280s load=1.00 rootload=1.00
ramon: poll                 wall=07m27.000s usage=07m26.257s user=07m25.278s sys=00.978s mem=181MiB roottime=445.270s load=1.00 rootload=0.99
ramon: poll                 wall=07m28.001s usage=07m27.256s user=07m26.278s sys=00.978s mem=181MiB roottime=446.270s load=1.00 rootload=1.00
ramon: poll                 wall=07m29.000s usage=07m28.256s user=07m27.277s sys=00.979s mem=181MiB roottime=447.270s load=1.00 rootload=1.00
ramon: poll                 wall=07m30.001s usage=07m29.255s user=07m28.276s sys=00.979s mem=181MiB roottime=448.270s load=1.00 rootload=1.00
ramon: poll                 wall=07m31.000s usage=07m30.255s user=07m29.275s sys=00.979s mem=181MiB roottime=449.270s load=1.00 rootload=1.00
ramon: poll                 wall=07m32.000s usage=07m31.254s user=07m30.275s sys=00.979s mem=181MiB roottime=450.270s load=1.00 rootload=1.00
ramon: poll                 wall=07m33.000s usage=07m32.254s user=07m31.274s sys=00.980s mem=181MiB roottime=451.270s load=1.00 rootload=1.00
ramon: poll                 wall=07m34.001s usage=07m33.254s user=07m32.270s sys=00.983s mem=182MiB roottime=452.270s load=1.00 rootload=1.00
ramon: poll                 wall=07m35.001s usage=07m34.253s user=07m33.270s sys=00.983s mem=182MiB roottime=453.260s load=1.00 rootload=0.99
ramon: poll                 wall=07m36.000s usage=07m35.253s user=07m34.268s sys=00.984s mem=182MiB roottime=454.260s load=1.00 rootload=1.00
ramon: poll                 wall=07m37.000s usage=07m36.252s user=07m35.267s sys=00.985s mem=182MiB roottime=455.260s load=1.00 rootload=1.00
ramon: poll                 wall=07m38.000s usage=07m37.252s user=07m36.267s sys=00.985s mem=182MiB roottime=456.260s load=1.00 rootload=1.00
ramon: poll                 wall=07m39.000s usage=07m38.251s user=07m37.266s sys=00.985s mem=182MiB roottime=457.260s load=1.00 rootload=1.00
ramon: poll                 wall=07m40.000s usage=07m39.251s user=07m38.266s sys=00.985s mem=182MiB roottime=458.260s load=1.00 rootload=1.00
ramon: poll                 wall=07m41.000s usage=07m40.250s user=07m39.264s sys=00.986s mem=182MiB roottime=459.260s load=1.00 rootload=1.00
ramon: poll                 wall=07m42.000s usage=07m41.250s user=07m40.264s sys=00.986s mem=182MiB roottime=460.260s load=1.00 rootload=1.00
ramon: poll                 wall=07m43.000s usage=07m42.250s user=07m41.261s sys=00.988s mem=182MiB roottime=461.260s load=1.00 rootload=1.00
ramon: poll                 wall=07m44.000s usage=07m43.249s user=07m42.261s sys=00.988s mem=183MiB roottime=462.260s load=1.00 rootload=1.00
ramon: poll                 wall=07m45.001s usage=07m44.248s user=07m43.259s sys=00.989s mem=183MiB roottime=463.250s load=1.00 rootload=0.99
ramon: poll                 wall=07m46.000s usage=07m45.248s user=07m44.258s sys=00.990s mem=183MiB roottime=464.250s load=1.00 rootload=1.00
ramon: poll                 wall=07m47.000s usage=07m46.247s user=07m45.257s sys=00.990s mem=183MiB roottime=465.250s load=1.00 rootload=1.00
ramon: poll                 wall=07m48.000s usage=07m47.246s user=07m46.256s sys=00.990s mem=183MiB roottime=466.250s load=1.00 rootload=1.00
ramon: poll                 wall=07m49.000s usage=07m48.245s user=07m47.255s sys=00.990s mem=183MiB roottime=467.250s load=1.00 rootload=1.00
ramon: poll                 wall=07m50.001s usage=07m49.245s user=07m48.255s sys=00.990s mem=183MiB roottime=468.250s load=1.00 rootload=1.00
ramon: poll                 wall=07m51.000s usage=07m50.244s user=07m49.254s sys=00.990s mem=183MiB roottime=469.250s load=1.00 rootload=1.00
ramon: poll                 wall=07m52.001s usage=07m51.244s user=07m50.253s sys=00.991s mem=183MiB roottime=470.250s load=1.00 rootload=1.00
ramon: poll                 wall=07m53.000s usage=07m52.243s user=07m51.252s sys=00.991s mem=183MiB roottime=471.250s load=1.00 rootload=1.00
ramon: poll                 wall=07m54.001s usage=07m53.242s user=07m52.250s sys=00.992s mem=183MiB roottime=472.250s load=1.00 rootload=1.00
ramon: poll                 wall=07m55.000s usage=07m54.242s user=07m53.249s sys=00.992s mem=183MiB roottime=473.240s load=1.00 rootload=0.99
ramon: poll                 wall=07m56.000s usage=07m55.241s user=07m54.249s sys=00.992s mem=183MiB roottime=474.240s load=1.00 rootload=1.00
ramon: poll                 wall=07m57.001s usage=07m56.241s user=07m55.249s sys=00.992s mem=183MiB roottime=475.240s load=1.00 rootload=1.00
ramon: poll                 wall=07m58.001s usage=07m57.240s user=07m56.247s sys=00.993s mem=183MiB roottime=476.240s load=1.00 rootload=1.00
ramon: poll                 wall=07m59.001s usage=07m58.240s user=07m57.246s sys=00.993s mem=183MiB roottime=477.240s load=1.00 rootload=1.00
ramon: poll                 wall=08m00.001s usage=07m59.239s user=07m58.245s sys=00.994s mem=183MiB roottime=478.240s load=1.00 rootload=1.00
ramon: poll                 wall=08m01.000s usage=08m00.238s user=07m59.244s sys=00.994s mem=183MiB roottime=479.240s load=1.00 rootload=1.00
ramon: poll                 wall=08m02.001s usage=08m01.238s user=08m00.240s sys=00.998s mem=184MiB roottime=480.230s load=1.00 rootload=0.99
ramon: poll                 wall=08m03.001s usage=08m02.238s user=08m01.240s sys=00.998s mem=184MiB roottime=481.230s load=1.00 rootload=1.00
ramon: poll                 wall=08m04.001s usage=08m03.237s user=08m02.239s sys=00.998s mem=184MiB roottime=482.230s load=1.00 rootload=1.00
ramon: poll                 wall=08m05.001s usage=08m04.237s user=08m03.236s sys=01.000s mem=184MiB roottime=483.230s load=1.00 rootload=1.00
ramon: poll                 wall=08m06.000s usage=08m05.236s user=08m04.236s sys=01.000s mem=184MiB roottime=484.230s load=1.00 rootload=1.00
ramon: poll                 wall=08m07.001s usage=08m06.236s user=08m05.235s sys=01.000s mem=184MiB roottime=485.230s load=1.00 rootload=1.00
ramon: poll                 wall=08m08.001s usage=08m07.235s user=08m06.235s sys=01.000s mem=184MiB roottime=486.230s load=1.00 rootload=1.00
ramon: poll                 wall=08m09.001s usage=08m08.236s user=08m07.230s sys=01.005s mem=185MiB roottime=487.230s load=1.00 rootload=1.00
ramon: poll                 wall=08m10.000s usage=08m09.234s user=08m08.229s sys=01.005s mem=185MiB roottime=488.220s load=1.00 rootload=0.99
ramon: poll                 wall=08m11.000s usage=08m10.233s user=08m09.228s sys=01.005s mem=185MiB roottime=489.220s load=1.00 rootload=1.00
ramon: poll                 wall=08m12.000s usage=08m11.232s user=08m10.227s sys=01.005s mem=185MiB roottime=490.220s load=1.00 rootload=1.00
ramon: poll                 wall=08m13.001s usage=08m12.231s user=08m11.226s sys=01.005s mem=185MiB roottime=491.220s load=1.00 rootload=1.00
ramon: poll                 wall=08m14.001s usage=08m13.231s user=08m12.225s sys=01.005s mem=185MiB roottime=492.220s load=1.00 rootload=1.00
ramon: poll                 wall=08m15.000s usage=08m14.230s user=08m13.223s sys=01.007s mem=185MiB roottime=493.220s load=1.00 rootload=1.00
ramon: poll                 wall=08m16.000s usage=08m15.229s user=08m14.221s sys=01.008s mem=185MiB roottime=494.220s load=1.00 rootload=1.00
ramon: poll                 wall=08m17.001s usage=08m16.229s user=08m15.221s sys=01.008s mem=185MiB roottime=495.220s load=1.00 rootload=1.00
ramon: poll                 wall=08m18.000s usage=08m17.229s user=08m16.221s sys=01.008s mem=185MiB roottime=496.220s load=1.00 rootload=1.00
ramon: poll                 wall=08m19.000s usage=08m18.228s user=08m17.219s sys=01.009s mem=185MiB roottime=497.210s load=1.00 rootload=0.99
ramon: poll                 wall=08m20.000s usage=08m19.228s user=08m18.219s sys=01.009s mem=185MiB roottime=498.210s load=1.00 rootload=1.00
ramon: poll                 wall=08m21.000s usage=08m20.227s user=08m19.218s sys=01.009s mem=185MiB roottime=499.210s load=1.00 rootload=1.00
ramon: poll                 wall=08m22.000s usage=08m21.227s user=08m20.216s sys=01.011s mem=185MiB roottime=500.210s load=1.00 rootload=1.00
ramon: poll                 wall=08m23.000s usage=08m22.226s user=08m21.215s sys=01.011s mem=186MiB roottime=501.210s load=1.00 rootload=1.00
ramon: poll                 wall=08m24.000s usage=08m23.226s user=08m22.215s sys=01.011s mem=186MiB roottime=502.210s load=1.00 rootload=1.00
ramon: poll                 wall=08m25.001s usage=08m24.225s user=08m23.211s sys=01.014s mem=186MiB roottime=503.210s load=1.00 rootload=1.00
ramon: poll                 wall=08m26.000s usage=08m25.224s user=08m24.209s sys=01.015s mem=186MiB roottime=504.200s load=1.00 rootload=0.99
ramon: poll                 wall=08m27.001s usage=08m26.223s user=08m25.206s sys=01.017s mem=186MiB roottime=505.200s load=1.00 rootload=1.00
ramon: poll                 wall=08m28.000s usage=08m27.222s user=08m26.204s sys=01.018s mem=186MiB roottime=506.200s load=1.00 rootload=1.00
ramon: poll                 wall=08m29.000s usage=08m28.222s user=08m27.204s sys=01.018s mem=186MiB roottime=507.200s load=1.00 rootload=1.00
ramon: poll                 wall=08m30.000s usage=08m29.221s user=08m28.203s sys=01.018s mem=186MiB roottime=508.200s load=1.00 rootload=1.00
ramon: poll                 wall=08m31.001s usage=08m30.220s user=08m29.201s sys=01.019s mem=186MiB roottime=509.200s load=1.00 rootload=1.00
ramon: poll                 wall=08m32.000s usage=08m31.220s user=08m30.201s sys=01.019s mem=186MiB roottime=510.200s load=1.00 rootload=1.00
ramon: poll                 wall=08m33.000s usage=08m32.219s user=08m31.200s sys=01.019s mem=186MiB roottime=511.190s load=1.00 rootload=0.99
ramon: poll                 wall=08m34.000s usage=08m33.219s user=08m32.200s sys=01.019s mem=186MiB roottime=512.190s load=1.00 rootload=1.00
ramon: poll                 wall=08m35.000s usage=08m34.218s user=08m33.199s sys=01.019s mem=186MiB roottime=513.190s load=1.00 rootload=1.00
ramon: poll                 wall=08m36.000s usage=08m35.218s user=08m34.198s sys=01.019s mem=187MiB roottime=514.190s load=1.00 rootload=1.00
ramon: poll                 wall=08m37.000s usage=08m36.217s user=08m35.197s sys=01.020s mem=187MiB roottime=515.190s load=1.00 rootload=1.00
ramon: poll                 wall=08m38.000s usage=08m37.217s user=08m36.195s sys=01.021s mem=187MiB roottime=516.190s load=1.00 rootload=1.00
ramon: poll                 wall=08m39.000s usage=08m38.216s user=08m37.195s sys=01.021s mem=187MiB roottime=517.190s load=1.00 rootload=1.00
ramon: poll                 wall=08m40.000s usage=08m39.215s user=08m38.193s sys=01.022s mem=187MiB roottime=518.190s load=1.00 rootload=1.00
ramon: poll                 wall=08m41.000s usage=08m40.214s user=08m39.192s sys=01.022s mem=187MiB roottime=519.190s load=1.00 rootload=1.00
ramon: poll                 wall=08m42.000s usage=08m41.214s user=08m40.192s sys=01.022s mem=187MiB roottime=520.190s load=1.00 rootload=1.00
ramon: poll                 wall=08m43.000s usage=08m42.213s user=08m41.191s sys=01.022s mem=187MiB roottime=521.190s load=1.00 rootload=1.00
ramon: poll                 wall=08m44.000s usage=08m43.213s user=08m42.190s sys=01.023s mem=187MiB roottime=522.180s load=1.00 rootload=0.99
ramon: poll                 wall=08m45.000s usage=08m44.213s user=08m43.189s sys=01.023s mem=187MiB roottime=523.180s load=1.00 rootload=1.00
ramon: poll                 wall=08m46.000s usage=08m45.212s user=08m44.189s sys=01.023s mem=187MiB roottime=524.180s load=1.00 rootload=1.00
ramon: poll                 wall=08m47.000s usage=08m46.212s user=08m45.189s sys=01.023s mem=187MiB roottime=525.180s load=1.00 rootload=1.00
ramon: poll                 wall=08m48.000s usage=08m47.212s user=08m46.188s sys=01.023s mem=187MiB roottime=526.180s load=1.00 rootload=1.00
ramon: poll                 wall=08m49.000s usage=08m48.211s user=08m47.187s sys=01.024s mem=187MiB roottime=527.180s load=1.00 rootload=1.00
ramon: poll                 wall=08m50.000s usage=08m49.211s user=08m48.187s sys=01.024s mem=187MiB roottime=528.180s load=1.00 rootload=1.00
ramon: poll                 wall=08m51.000s usage=08m50.210s user=08m49.186s sys=01.024s mem=187MiB roottime=529.180s load=1.00 rootload=1.00
ramon: poll                 wall=08m52.000s usage=08m51.210s user=08m50.186s sys=01.024s mem=187MiB roottime=530.180s load=1.00 rootload=1.00
ramon: poll                 wall=08m53.000s usage=08m52.209s user=08m51.183s sys=01.026s mem=188MiB roottime=531.180s load=1.00 rootload=1.00
ramon: poll                 wall=08m54.000s usage=08m53.208s user=08m52.182s sys=01.026s mem=188MiB roottime=532.180s load=1.00 rootload=1.00
ramon: poll                 wall=08m55.000s usage=08m54.208s user=08m53.182s sys=01.026s mem=188MiB roottime=533.180s load=1.00 rootload=1.00
ramon: poll                 wall=08m56.000s usage=08m55.208s user=08m54.181s sys=01.026s mem=188MiB roottime=534.180s load=1.00 rootload=1.00
ramon: poll                 wall=08m57.000s usage=08m56.207s user=08m55.180s sys=01.026s mem=188MiB roottime=535.180s load=1.00 rootload=1.00
ramon: poll                 wall=08m58.000s usage=08m57.205s user=08m56.177s sys=01.028s mem=188MiB roottime=536.170s load=1.00 rootload=0.99
ramon: poll                 wall=08m59.000s usage=08m58.204s user=08m57.176s sys=01.028s mem=188MiB roottime=537.170s load=1.00 rootload=1.00
ramon: poll                 wall=09m00.000s usage=08m59.204s user=08m58.176s sys=01.028s mem=188MiB roottime=538.170s load=1.00 rootload=1.00
ramon: poll                 wall=09m01.000s usage=09m00.203s user=08m59.175s sys=01.028s mem=188MiB roottime=539.170s load=1.00 rootload=1.00
ramon: poll                 wall=09m02.000s usage=09m01.203s user=09m00.174s sys=01.028s mem=188MiB roottime=540.170s load=1.00 rootload=1.00
ramon: poll                 wall=09m03.001s usage=09m02.202s user=09m01.173s sys=01.028s mem=188MiB roottime=541.170s load=1.00 rootload=1.00
ramon: poll                 wall=09m04.000s usage=09m03.201s user=09m02.173s sys=01.028s mem=188MiB roottime=542.170s load=1.00 rootload=1.00
ramon: poll                 wall=09m05.000s usage=09m04.200s user=09m03.172s sys=01.028s mem=188MiB roottime=543.170s load=1.00 rootload=1.00
ramon: poll                 wall=09m06.000s usage=09m05.200s user=09m04.165s sys=01.035s mem=190MiB roottime=544.160s load=1.00 rootload=0.99
ramon: poll                 wall=09m07.000s usage=09m06.199s user=09m05.163s sys=01.036s mem=190MiB roottime=545.160s load=1.00 rootload=1.00
ramon: poll                 wall=09m08.000s usage=09m07.199s user=09m06.163s sys=01.036s mem=190MiB roottime=546.160s load=1.00 rootload=1.00
ramon: poll                 wall=09m09.000s usage=09m08.198s user=09m07.162s sys=01.036s mem=190MiB roottime=547.160s load=1.00 rootload=1.00
ramon: poll                 wall=09m10.000s usage=09m09.197s user=09m08.161s sys=01.036s mem=190MiB roottime=548.160s load=1.00 rootload=1.00
ramon: poll                 wall=09m11.000s usage=09m10.197s user=09m09.161s sys=01.036s mem=190MiB roottime=549.160s load=1.00 rootload=1.00
ramon: poll                 wall=09m12.000s usage=09m11.196s user=09m10.157s sys=01.039s mem=191MiB roottime=550.150s load=1.00 rootload=0.99
ramon: poll                 wall=09m13.000s usage=09m12.196s user=09m11.156s sys=01.040s mem=191MiB roottime=551.150s load=1.00 rootload=1.00
ramon: poll                 wall=09m14.000s usage=09m13.200s user=09m12.158s sys=01.041s mem=192MiB roottime=552.150s load=1.00 rootload=1.00
ramon: poll                 wall=09m15.000s usage=09m14.195s user=09m13.153s sys=01.042s mem=192MiB roottime=553.150s load=0.99 rootload=1.00
ramon: poll                 wall=09m16.001s usage=09m15.194s user=09m14.152s sys=01.042s mem=192MiB roottime=554.150s load=1.00 rootload=1.00
ramon: poll                 wall=09m17.000s usage=09m16.193s user=09m15.151s sys=01.042s mem=192MiB roottime=555.150s load=1.00 rootload=1.00
ramon: poll                 wall=09m18.000s usage=09m17.192s user=09m16.149s sys=01.043s mem=192MiB roottime=556.140s load=1.00 rootload=0.99
ramon: poll                 wall=09m19.000s usage=09m18.191s user=09m17.144s sys=01.046s mem=192MiB roottime=557.140s load=1.00 rootload=1.00
ramon: poll                 wall=09m20.001s usage=09m19.190s user=09m18.144s sys=01.046s mem=192MiB roottime=558.140s load=1.00 rootload=1.00
ramon: poll                 wall=09m21.000s usage=09m20.190s user=09m19.139s sys=01.051s mem=194MiB roottime=559.130s load=1.00 rootload=0.99
ramon: poll                 wall=09m22.001s usage=09m21.189s user=09m20.137s sys=01.052s mem=194MiB roottime=560.130s load=1.00 rootload=1.00
ramon: poll                 wall=09m23.001s usage=09m22.188s user=09m21.134s sys=01.054s mem=194MiB roottime=561.130s load=1.00 rootload=1.00
ramon: poll                 wall=09m24.002s usage=09m23.190s user=09m22.135s sys=01.055s mem=194MiB roottime=562.130s load=1.00 rootload=1.00
ramon: poll                 wall=09m25.000s usage=09m24.187s user=09m23.132s sys=01.055s mem=194MiB roottime=563.130s load=1.00 rootload=1.00
ramon: poll                 wall=09m26.003s usage=09m25.190s user=09m24.135s sys=01.055s mem=194MiB roottime=564.130s load=1.00 rootload=1.00
ramon: poll                 wall=09m27.000s usage=09m26.186s user=09m25.131s sys=01.055s mem=194MiB roottime=565.130s load=1.00 rootload=1.00
ramon: poll                 wall=09m28.000s usage=09m27.185s user=09m26.130s sys=01.055s mem=194MiB roottime=566.120s load=1.00 rootload=0.99
ramon: poll                 wall=09m29.002s usage=09m28.187s user=09m27.132s sys=01.055s mem=194MiB roottime=567.130s load=1.00 rootload=1.01
ramon: poll                 wall=09m30.001s usage=09m29.184s user=09m28.128s sys=01.056s mem=194MiB roottime=568.120s load=1.00 rootload=0.99
ramon: poll                 wall=09m31.001s usage=09m30.184s user=09m29.126s sys=01.057s mem=194MiB roottime=569.120s load=1.00 rootload=1.00
ramon: poll                 wall=09m32.000s usage=09m31.183s user=09m30.126s sys=01.057s mem=194MiB roottime=570.120s load=1.00 rootload=1.00
ramon: poll                 wall=09m33.000s usage=09m32.183s user=09m31.125s sys=01.058s mem=195MiB roottime=571.120s load=1.00 rootload=1.00
ramon: poll                 wall=09m34.000s usage=09m33.183s user=09m32.122s sys=01.060s mem=195MiB roottime=572.120s load=1.00 rootload=1.00
ramon: poll                 wall=09m35.000s usage=09m34.181s user=09m33.121s sys=01.060s mem=195MiB roottime=573.120s load=1.00 rootload=1.00
ramon: poll                 wall=09m36.000s usage=09m35.181s user=09m34.120s sys=01.061s mem=196MiB roottime=574.120s load=1.00 rootload=1.00
ramon: poll                 wall=09m37.000s usage=09m36.181s user=09m35.119s sys=01.062s mem=196MiB roottime=575.110s load=1.00 rootload=0.99
ramon: poll                 wall=09m38.000s usage=09m37.181s user=09m36.117s sys=01.064s mem=196MiB roottime=576.110s load=1.00 rootload=1.00
ramon: poll                 wall=09m39.000s usage=09m38.181s user=09m37.116s sys=01.065s mem=196MiB roottime=577.110s load=1.00 rootload=1.00
ramon: poll                 wall=09m40.000s usage=09m39.181s user=09m38.115s sys=01.065s mem=197MiB roottime=578.110s load=1.00 rootload=1.00
ramon: poll                 wall=09m41.000s usage=09m40.180s user=09m39.115s sys=01.065s mem=197MiB roottime=579.110s load=1.00 rootload=1.00
ramon: poll                 wall=09m42.000s usage=09m41.180s user=09m40.115s sys=01.065s mem=197MiB roottime=580.110s load=1.00 rootload=1.00
ramon: poll                 wall=09m43.000s usage=09m42.180s user=09m41.113s sys=01.067s mem=198MiB roottime=581.110s load=1.00 rootload=1.00
ramon: poll                 wall=09m44.000s usage=09m43.180s user=09m42.113s sys=01.067s mem=198MiB roottime=582.110s load=1.00 rootload=1.00
ramon: poll                 wall=09m45.000s usage=09m44.180s user=09m43.112s sys=01.067s mem=198MiB roottime=583.110s load=1.00 rootload=1.00
ramon: poll                 wall=09m46.000s usage=09m45.179s user=09m44.112s sys=01.067s mem=199MiB roottime=584.110s load=1.00 rootload=1.00
ramon: poll                 wall=09m47.000s usage=09m46.179s user=09m45.112s sys=01.067s mem=199MiB roottime=585.110s load=1.00 rootload=1.00
ramon: poll                 wall=09m48.000s usage=09m47.179s user=09m46.111s sys=01.068s mem=199MiB roottime=586.110s load=1.00 rootload=1.00
ramon: poll                 wall=09m49.000s usage=09m48.178s user=09m47.110s sys=01.068s mem=200MiB roottime=587.110s load=1.00 rootload=1.00
ramon: poll                 wall=09m50.000s usage=09m49.178s user=09m48.110s sys=01.068s mem=200MiB roottime=588.110s load=1.00 rootload=1.00
ramon: poll                 wall=09m51.000s usage=09m50.178s user=09m49.110s sys=01.068s mem=200MiB roottime=589.110s load=1.00 rootload=1.00
ramon: poll                 wall=09m52.000s usage=09m51.178s user=09m50.109s sys=01.069s mem=200MiB roottime=590.100s load=1.00 rootload=0.99
ramon: poll                 wall=09m53.000s usage=09m52.178s user=09m51.109s sys=01.069s mem=201MiB roottime=591.100s load=1.00 rootload=1.00
ramon: poll                 wall=09m54.000s usage=09m53.178s user=09m52.108s sys=01.070s mem=202MiB roottime=592.100s load=1.00 rootload=1.00
ramon: poll                 wall=09m55.000s usage=09m54.178s user=09m53.106s sys=01.071s mem=202MiB roottime=593.100s load=1.00 rootload=1.00
ramon: poll                 wall=09m56.000s usage=09m55.177s user=09m54.104s sys=01.073s mem=203MiB roottime=594.100s load=1.00 rootload=1.00
ramon: poll                 wall=09m57.000s usage=09m56.177s user=09m55.104s sys=01.073s mem=204MiB roottime=595.100s load=1.00 rootload=1.00
ramon: poll                 wall=09m58.000s usage=09m57.177s user=09m56.102s sys=01.075s mem=204MiB roottime=596.100s load=1.00 rootload=1.00
ramon: poll                 wall=09m59.000s usage=09m58.177s user=09m57.101s sys=01.075s mem=205MiB roottime=597.100s load=1.00 rootload=1.00
ramon: poll                 wall=10m00.000s usage=09m59.176s user=09m58.101s sys=01.075s mem=206MiB roottime=598.100s load=1.00 rootload=1.00
ramon: end                  Wed Apr  9 16:34:40 2025
ramon: root.execname        z3
ramon: root.utime           598.130s
ramon: root.stime           1.100s
ramon: group.total          599.234s
ramon: group.utime          598.136s
ramon: group.stime          1.098s
ramon: group.mempeak        206MiB
ramon: group.pidpeak        2
ramon: status               exited
ramon: exitcode             0
ramon: walltime             600.057s
ramon: loadavg              1.00
