ramon: cwd                  /home/runner/a/_work/z3-poly-testing/z3-poly-testing
ramon: start                Sat Mar 15 03:52:41 2025
ramon: nproc                128
ramon: sys.mem              64150 MiB
ramon: sys.mem.free         31670 MiB
ramon: sys.mem.avail        64096 MiB
ramon: sys.nprocs           3695
ramon: argv                 0 = z3
ramon: argv                 1 = /home/runner/a/_work/z3-poly-testing/z3-poly-testing/download/non-incremental/QF_LIA/20180326-Bromberger/more_slacked/cut_lemmas/20-vars/cut_lemma_02_007.smt2.slack.smt2
ramon: argv                 2 = -T:600
ramon: argv                 3 = -st
ramon: argv                 4 = smt.arith.lp.dio_eqs=false
ramon: childpid             4015512
ramon: poll                 wall=01.000s usage=00.969s user=00.951s sys=00.018s mem=20584KiB roottime=0.950s load=0.97 rootload=0.95
ramon: poll                 wall=02.000s usage=01.959s user=01.941s sys=00.018s mem=20708KiB roottime=1.940s load=0.99 rootload=0.99
ramon: poll                 wall=03.000s usage=02.940s user=02.900s sys=00.040s mem=38832KiB roottime=2.900s load=0.98 rootload=0.96
ramon: poll                 wall=04.000s usage=03.930s user=03.887s sys=00.043s mem=41056KiB roottime=3.880s load=0.99 rootload=0.98
ramon: poll                 wall=05.001s usage=04.924s user=04.878s sys=00.046s mem=43200KiB roottime=4.870s load=0.99 rootload=0.99
ramon: poll                 wall=06.000s usage=05.920s user=05.871s sys=00.049s mem=45980KiB roottime=5.870s load=1.00 rootload=1.00
ramon: poll                 wall=07.000s usage=06.915s user=06.866s sys=00.050s mem=48676KiB roottime=6.860s load=1.00 rootload=0.99
ramon: poll                 wall=08.003s usage=07.916s user=07.865s sys=00.051s mem=49788KiB roottime=7.860s load=1.00 rootload=1.00
ramon: poll                 wall=09.000s usage=08.911s user=08.859s sys=00.052s mem=49788KiB roottime=8.850s load=1.00 rootload=0.99
ramon: poll                 wall=10.000s usage=09.902s user=09.850s sys=00.052s mem=49788KiB roottime=9.850s load=0.99 rootload=1.00
ramon: poll                 wall=11.000s usage=10.898s user=10.846s sys=00.052s mem=49788KiB roottime=10.840s load=1.00 rootload=0.99
ramon: poll                 wall=12.000s usage=11.895s user=11.843s sys=00.052s mem=49788KiB roottime=11.840s load=1.00 rootload=1.00
ramon: poll                 wall=13.000s usage=12.892s user=12.832s sys=00.060s mem=48780KiB roottime=12.830s load=1.00 rootload=0.99
ramon: poll                 wall=14.000s usage=13.889s user=13.829s sys=00.060s mem=48780KiB roottime=13.820s load=1.00 rootload=0.99
ramon: poll                 wall=15.001s usage=14.887s user=14.826s sys=00.061s mem=50676KiB roottime=14.820s load=1.00 rootload=1.00
ramon: poll                 wall=16.002s usage=15.885s user=15.822s sys=00.063s mem=53452KiB roottime=15.820s load=1.00 rootload=1.00
ramon: poll                 wall=17.000s usage=16.879s user=16.815s sys=00.064s mem=56180KiB roottime=16.810s load=1.00 rootload=0.99
ramon: poll                 wall=18.000s usage=17.876s user=17.810s sys=00.066s mem=58920KiB roottime=17.810s load=1.00 rootload=1.00
ramon: poll                 wall=19.000s usage=18.873s user=18.801s sys=00.072s mem=61548KiB roottime=18.800s load=1.00 rootload=0.99
ramon: poll                 wall=20.000s usage=19.871s user=19.798s sys=00.073s mem=64252KiB roottime=19.790s load=1.00 rootload=0.99
ramon: poll                 wall=21.000s usage=20.870s user=20.788s sys=00.082s mem=70592KiB roottime=20.780s load=1.00 rootload=0.99
ramon: poll                 wall=22.000s usage=21.870s user=21.771s sys=00.099s mem=99MiB roottime=21.770s load=1.00 rootload=0.99
ramon: end                  Sat Mar 15 03:53:04 2025
ramon: root.execname        z3
ramon: root.utime           22.410s
ramon: root.stime           0.110s
ramon: group.total          22.530s
ramon: group.utime          22.415s
ramon: group.stime          0.116s
ramon: group.mempeak        100MiB
ramon: group.pidpeak        3
ramon: status               exited
ramon: exitcode             0
ramon: walltime             22.660s
ramon: loadavg              0.99
