ramon: cwd                  /home/gh1/A/_work/z3-poly-testing/z3-poly-testing
ramon: start                Sun Oct 13 13:58:38 2024
ramon: nproc                32
ramon: sys.mem              63442 MiB
ramon: sys.mem.free         34189 MiB
ramon: sys.mem.avail        62799 MiB
ramon: sys.nprocs           3350
ramon: argv                 0 = z3
ramon: argv                 1 = inputs/QF_UF_SAT/gensys_brn340.smt2
ramon: argv                 2 = -T:20
ramon: argv                 3 = -v:2
ramon: argv                 4 = sls.euf_incremental=2
ramon: argv                 5 = -st
ramon: argv                 6 = tactic.default_tactic=(then simplify propagate-values solve-eqs simplify sls-smt)
ramon: argv                 7 = model_validate=true
ramon: childpid             637648
UNITS -550 -551 -552 -553 -554 -555 -556 -557 -558 -559 -560 -561 -562 -563 -564 -565 -566 -567 -568 -569 -570 -571 -572 -573 -574 -575 -576 -577 -578 -579 -580 -581 -582 -583 -584 -585 -586 -587 -588 -589 -590 -591 -592 -593 -594 -595 -596 -597 -598 -599 -600 -601 -602 -603 -604 -605 -606 -607 -608 -609 -610 -611 -612 -613 -614 -615 -616 -617 -618 -619 -620 -621 -622 -623 -624 -625 -626 -627 -628 -629 -630 -631 -632 -633 -634 -635 -636 -637 -638 -639 -640 -641 -642 -643 -644 -645 -646 -647 -648 -649 -650 -651 -652 -653 -654 -655 -656 -657 -658 -659
sls.euf: incremental 0
(sat.ddfw :unsat :models :kflips/sec  :flips  :restarts  :reinits  :unsat_vars  :shifts)
(sat.ddfw      95      1   72.9203     10063        10          0          169     2338)
(sat.ddfw      80      0   54.0054     20000        29          1          231     5676)
(sat.ddfw       1      0   80.3213     40000        60          2            5    12630)
(sat.ddfw       4      0   94.0439     70000       113          3           22    22843)
(sat.ddfw      13      0   102.564    110000       179          4           56    37474)
(sat.ddfw       1      0   105.042    160000       257          5           15    54626)
(sat.ddfw       2      0   102.564    220000       325          6           11    77305)
(sat.ddfw       2      0   103.093    290000       414          7           16   100416)
(sat.ddfw       2      0   101.266    370000       503          8           22   127989)
(sat.ddfw       1      0    99.889    460000       596          9           12   158438)
ramon: poll                 wall=1.000s usage=0.994s mem=20004KiB load=0.99 rootload=0.98
(sat.ddfw       2      0   97.9432    560000       682         10           19   192601)
(sat.ddfw       1      0   94.6644    670000       779         11           14   228576)
(sat.ddfw       1      0   93.6768    790000       892         12           13   269302)
(sat.ddfw       2      0   91.6784    920000      1005         13            6   313603)
(sat.ddfw      38      0   89.4569   1060000      1099         14           94   362289)
(sat.ddfw       3      0     87.26   1210000      1236         15           13   410030)
(sat.ddfw       1      0   83.0737   1370000      1343         16           10   461799)
ramon: poll                 wall=2.000s usage=1.991s mem=20100KiB load=1.00 rootload=0.99
(sat.ddfw       2      0   80.9524   1540000      1479         17           15   514450)
(sat.ddfw       1      0   78.6026   1720000      1624         18           16   573209)
(sat.ddfw       0      1   56.7595   1858550      1724         19            0   617674)
ramon: end                  Sun Oct 13 13:58:40 2024
ramon: root.execname        z3
ramon: root.utime           2.420s
ramon: root.stime           0.010s
ramon: group.total          2.441s
ramon: group.utime          2.425s
ramon: group.stime          0.016s
ramon: group.mempeak        20360KiB
ramon: group.pidpeak        2
ramon: status               exited
[31mramon: exitcode             1[0m
ramon: walltime             2.451s
ramon: loadavg              1.00
