ramon: cwd                  /home/gh1/A/_work/z3-poly-testing/z3-poly-testing
ramon: start                Sun Oct 13 13:58:10 2024
ramon: nproc                32
ramon: sys.mem              63442 MiB
ramon: sys.mem.free         34218 MiB
ramon: sys.mem.avail        62799 MiB
ramon: sys.nprocs           3347
ramon: argv                 0 = z3
ramon: argv                 1 = inputs/QF_UF_SAT/iso_brn_repgen_sk044.smt2
ramon: argv                 2 = -T:20
ramon: argv                 3 = -v:2
ramon: argv                 4 = sls.euf_incremental=2
ramon: argv                 5 = -st
ramon: argv                 6 = tactic.default_tactic=(then simplify propagate-values solve-eqs simplify sls-smt)
ramon: argv                 7 = model_validate=true
ramon: childpid             624284
UNITS 343 344 345 346 347 348 349 350 351 352 353 354 355 356 357 358 359 360 361 362 363 364 365 366 367 368 369 370 371 372 373 374 375 376 377 378 379 380 381 382 383 384 385 386 387 388 389 390 391 392 -400 -401 -402 -403 -404 -405 -406 414 415 416 417 418 419 420 470 471 472 473 474 475 476 526 -527 528 -529 530 -531 532 -533 534 -535 536 -537 538 -539 -589 -590 -591 -592 -593 -594 -595 -596 -597 -598 -599 -600 -601 -602 -603 -604 -605 -606 -607 -608 -609 -610 -611 -612 -613 -614 -615 -616 -617 -618 -619 -620 -621 -622 -623 -624 -625 -626 -627 -628 -629 -630 -631 -632 -633 -634 -635 -636 -637 -638 -639 -640 -641 -642 -643 -644 -645 -646 -647 -648 -649 -650 -651 -652 -653 -654 -655 -656 -657 -658 -659 -660 -661 -662 -663 -664 -665 -666 -667 -668 -669 -670 -671 -672 -673 -674 -675 -676 -677 -678 -679 -680 -681 -682 -683 -684 -685 -686 -687 -688 -689 -690 -691 -692 -693 -694 -695 -696 -697 -698 -699 -700 -701 -702 -703 -704 -705 -706 -707 -708 -709 -710 -711 -712 -713 -714 -715 -716 -717 -718 -719 -720 -721 -722 -723 -724 -725 -726 -727 -728 -729 -730 -731 -732 -733 -734 -735 -736 -737 -738 -739 -740 -741 -742 -743 -744 -745 -746 -747 -748 -749 -750 -751 -752 -753 -754 -755 -756 -757 -758 -759 -760 -761 -762 -763 -764 -765 -766 -767 -768 -769 -770 -771 -772 -773 -774 -775 -776 -777 -778 -779 -780 -781 -782 -783 -784 -785 -786 -787 -788 -789 -790 -791 -792 -793 -794 -795 -796 -797 -798 -799 -800 -801 -802 -803 -804 -805 -806 -807 -808 -809 -810 -811 -812 -813 -814 -815 -816 -817 -818 -819 -820 -821 -822 -823 -824 -825 -826 -827 -828 -829 -830 -831 -832 -833 -834 -835 -836 -837 -838 -839 -840 -841 -842 -843 -844 -845 -846 -847 -848 -849 -850 -851 -852 -853 -854 -855 -856 -857 -858 -859 -860 -861 -862 -863 -864 -865 -866 -867 -868 -869 -870 -871 -872 -873 -874 -875 -876 -877 -878 -879 -880 -881 -882 -883 -884 -885 -886 -887 -888 -889 -890 -891 -892 -893 -894 -895 -896 -897 -898 -899 -900 -901 -902 -903
sls.euf: incremental 0
(sat.ddfw :unsat :models :kflips/sec  :flips  :restarts  :reinits  :unsat_vars  :shifts)
(sat.ddfw      75      0   22.4327     10005         1          0          324      222)
(sat.ddfw       4      0   13.2736     20000        17          1            8      936)
ramon: poll                 wall=1.000s usage=0.993s mem=21048KiB load=0.99 rootload=0.98
(sat.ddfw       2      0   18.4672     40000        67          2            6     4733)
(sat.ddfw       3      0   22.5394     70000       140          3           14    13655)
(sat.ddfw       2      0   24.2571    110000       211          4           12    26140)
(sat.ddfw       3      0   25.2653    160000       274          5           18    41328)
ramon: poll                 wall=2.000s usage=1.993s mem=21512KiB load=1.00 rootload=1.00
(sat.ddfw      13      0     25.37    220000       395          6           31    58985)
(sat.ddfw      80      0   25.6223    290000       491          7          265    82205)
ramon: poll                 wall=3.000s usage=2.993s mem=21176KiB load=1.00 rootload=1.00
(sat.ddfw     116      0    24.699    370000       607          8          348   106754)
(sat.ddfw      12      0   24.5031    460000       709          9           30   136107)
ramon: poll                 wall=4.000s usage=3.993s mem=21392KiB load=1.00 rootload=1.00
(sat.ddfw       1      0   23.8777    560000       861         10            5   169226)
(sat.ddfw       2      0    23.753    670000       974         11           16   205743)
ramon: poll                 wall=5.003s usage=4.996s mem=21812KiB load=1.00 rootload=0.99
(sat.ddfw       1      0   23.5849    790000      1086         12           18   248273)
(sat.ddfw       1      0   23.6751    920000      1192         13            2   295695)
(sat.ddfw       1      0   23.5532   1060000      1295         14           24   346915)
ramon: poll                 wall=6.000s usage=5.991s mem=21912KiB load=1.00 rootload=0.98
(sat.ddfw       1      0    23.559   1210000      1407         15           19   400256)
(sat.ddfw       1      0   23.6302   1370000      1519         16            9   458689)
ramon: poll                 wall=7.000s usage=6.990s mem=22336KiB load=1.00 rootload=0.99
(sat.ddfw      48      0   23.6308   1540000      1619         17          128   518061)
(sat.ddfw       1      0   23.5263   1720000      1722         18           11   582650)
ramon: poll                 wall=8.000s usage=7.990s mem=22336KiB load=1.00 rootload=1.00
(sat.ddfw       9      0   23.4945   1910000      1840         19           52   648422)
(sat.ddfw       4      0   23.3372   2110000      1947         20           24   719933)
(sat.ddfw      94      0   23.4532   2320000      2036         21          287   794934)
ramon: poll                 wall=9.000s usage=8.990s mem=22336KiB load=1.00 rootload=1.00
(sat.ddfw       5      0   23.3844   2540000      2148         22           44   867548)
(sat.ddfw      28      0   23.2982   2770000      2246         23           82   945248)
ramon: poll                 wall=10.000s usage=9.990s mem=22336KiB load=1.00 rootload=1.00
(sat.ddfw       2      0   23.1839   3010000      2327         24           19  1030257)
(sat.ddfw       3      0    23.033   3260000      2438         25            9  1113473)
ramon: poll                 wall=11.000s usage=10.990s mem=22412KiB load=1.00 rootload=1.00
(sat.ddfw       1      0    22.819   3520000      2523         26           16  1203935)
(sat.ddfw       1      0   22.6548   3790000      2620         27           19  1292446)
ramon: poll                 wall=12.000s usage=11.990s mem=22412KiB load=1.00 rootload=1.00
(sat.ddfw       1      0   22.4449   4070000      2701         28           17  1389759)
ramon: poll                 wall=13.000s usage=12.990s mem=22412KiB load=1.00 rootload=1.00
(sat.ddfw       2      0   22.1814   4360000      2795         29           27  1485821)
(sat.ddfw       1      0   21.9764   4660000      2869         30           25  1587746)
ramon: poll                 wall=14.000s usage=13.990s mem=22636KiB load=1.00 rootload=1.00
(sat.ddfw      20      0   21.7056   4970000      2991         31           70  1687841)
(sat.ddfw       1      0   21.4477   5290000      3086         32            6  1794991)
ramon: poll                 wall=15.000s usage=14.990s mem=22636KiB load=1.00 rootload=1.00
(sat.ddfw       1      0   21.2574   5620000      3174         33            4  1904175)
ramon: poll                 wall=16.000s usage=15.990s mem=22636KiB load=1.00 rootload=1.00
(sat.ddfw       1      0   20.9889   5960000      3268         34           22  2013988)
(sat.ddfw       1      0   20.8706   6310000      3329         35           15  2129007)
ramon: poll                 wall=17.003s usage=16.993s mem=22408KiB load=1.00 rootload=1.00
(sat.ddfw       1      0   20.6576   6670000      3406         36           17  2247833)
ramon: poll                 wall=18.003s usage=17.993s mem=22664KiB load=1.00 rootload=1.00
(sat.ddfw       1      0   20.4251   7040000      3499         37           16  2368158)
(sat.ddfw       1      0   20.0931   7420000      3599         38           27  2490605)
ramon: poll                 wall=19.000s usage=18.989s mem=22424KiB load=1.00 rootload=1.00
(sat.ddfw       1      0   19.7919   7810000      3709         39           24  2614698)
ramon: poll                 wall=20.001s usage=19.988s mem=22492KiB load=1.00 rootload=1.00
ramon: end                  Sun Oct 13 13:58:30 2024
ramon: root.execname        z3
ramon: root.utime           19.940s
ramon: root.stime           0.040s
ramon: group.total          19.994s
ramon: group.utime          19.950s
ramon: group.stime          0.044s
ramon: group.mempeak        22748KiB
ramon: group.pidpeak        2
ramon: status               exited
ramon: exitcode             0
ramon: walltime             20.004s
ramon: loadavg              1.00
