ramon: cwd                  /home/gh1/A/_work/z3-poly-testing/z3-poly-testing
ramon: start                Sun Oct 13 13:57:58 2024
ramon: nproc                32
ramon: sys.mem              63442 MiB
ramon: sys.mem.free         34265 MiB
ramon: sys.mem.avail        62799 MiB
ramon: sys.nprocs           3339
ramon: argv                 0 = z3
ramon: argv                 1 = inputs/QF_UF_SAT/iso_brn954.smt2
ramon: argv                 2 = -T:20
ramon: argv                 3 = -v:2
ramon: argv                 4 = sls.euf_incremental=2
ramon: argv                 5 = -st
ramon: argv                 6 = tactic.default_tactic=(then simplify propagate-values solve-eqs simplify sls-smt)
ramon: argv                 7 = model_validate=true
ramon: childpid             618321
UNITS -446 -1 -2 -447 -26 -27 -448 -111 -449 -450 -451 -452 -453 -454 -455 -456 -457 -458 -459 -460 -461 -462 -463 -464 -465 -466 -467 -468 -469 -470 -471 -472 -19 -473 -474 -44 -475 -64 -476 -477 -478 -479 -480 -20 -481 -482 -45 -483 -65 -81 -484 -485 -486 -487 -488 -489 -490 -491 -492 -493 -494 -495 -496 -497 -498 -499 -500 -501 -502 -503 -504 -505 -506 -507 -508 -509 -510 -511 -512 -513 -514 -515 -110 -516 -517 -74 -518 -79 -519 -520 -521 -522 -523 -85 -524 -525 -90 -526 -95 -101 -117 -118 -119 -120 -107 -109 -108 -527
sls.euf: incremental 0
(sat.ddfw :unsat :models :kflips/sec  :flips  :restarts  :reinits  :unsat_vars  :shifts)
(sat.ddfw       2      0   227.273     10000         7          0           12     4663)
(sat.ddfw       1      0   172.414     20000        12          1            2    10135)
(sat.ddfw       1      0   285.714     40000        21          2           13    19323)
on-model 
(sat.ddfw       0      1   219.461     59532        28          3            0    28378)
ramon: end                  Sun Oct 13 13:57:59 2024
ramon: root.execname        z3
ramon: root.utime           0.080s
ramon: root.stime           0.010s
ramon: group.total          0.099s
ramon: group.utime          0.083s
ramon: group.stime          0.016s
ramon: group.mempeak        20120KiB
ramon: group.pidpeak        2
ramon: status               exited
ramon: exitcode             0
ramon: walltime             0.099s
ramon: loadavg              0.99
