ramon: cwd                  /home/runner/a/_work/z3-poly-testing/z3-poly-testing
ramon: start                Thu Mar 27 09:27:09 2025
ramon: nproc                128
ramon: sys.mem              64150 MiB
ramon: sys.mem.free         45195 MiB
ramon: sys.mem.avail        64019 MiB
ramon: sys.nprocs           3044
ramon: argv                 0 = z3
ramon: argv                 1 = /home/runner/a/_work/z3-poly-testing/z3-poly-testing/download/non-incremental/QF_LIA/nec-smt/med/int_from_list/prp-41-38.smt2
ramon: argv                 2 = -T:600
ramon: argv                 3 = -st
ramon: argv                 4 = smt.arith.lp.dio_eqs=true
ramon: childpid             1519025
ramon: poll                 wall=01.003s usage=01.000s user=00.929s sys=00.071s mem=22432KiB roottime=0.920s load=1.00 rootload=0.92
ramon: end                  Thu Mar 27 09:27:11 2025
ramon: root.execname        z3
ramon: root.utime           1.710s
ramon: root.stime           0.110s
ramon: group.total          1.828s
ramon: group.utime          1.715s
ramon: group.stime          0.113s
ramon: group.mempeak        31928KiB
ramon: group.pidpeak        2
ramon: status               exited
ramon: exitcode             0
ramon: walltime             1.833s
ramon: loadavg              1.00
