sat
(:arith-make-feasible 3
 :arith-max-columns   8
 :binary-propagations 5330976
 :conflicts           8043
 :decisions           60997
 :del-clause          3629
 :elim-unconstrained  57
 :final-checks        1
 :max-memory          239.61
 :memory              192.73
 :minimized-lits      51099
 :mk-bool-var         24338
 :mk-clause           21360
 :mk-clause-binary    52908
 :num-allocs          3909276168
 :num-checks          2
 :pb-conflicts        4954
 :pb-predicates       1026
 :pb-propagations     189118
 :propagations        6114691
 :restarts            63
 :rlimit-count        34727618
 :solve-eqs-elim-vars 4423
 :solve-eqs-steps     4423
 :time                17.52
 :total-time          19.21)
