ramon: cwd                  /home/runner/a/_work/z3-poly-testing/z3-poly-testing
ramon: start                Sat Mar 15 11:10:21 2025
ramon: nproc                128
ramon: sys.mem              64150 MiB
ramon: sys.mem.free         49208 MiB
ramon: sys.mem.avail        64126 MiB
ramon: sys.nprocs           3519
ramon: argv                 0 = z3
ramon: argv                 1 = /home/runner/a/_work/z3-poly-testing/z3-poly-testing/download/non-incremental/QF_LIA/bofill-scheduling/SMT_real_LIA/ex6940_2400_100.smt2
ramon: argv                 2 = -T:600
ramon: argv                 3 = -st
ramon: argv                 4 = smt.arith.lp.dio_eqs=true
ramon: childpid             615993
ramon: poll                 wall=01.001s usage=00.973s user=00.860s sys=00.113s mem=26092KiB roottime=0.860s load=0.97 rootload=0.86
ramon: end                  Sat Mar 15 11:10:23 2025
ramon: root.execname        z3
ramon: root.utime           1.790s
ramon: root.stime           0.130s
ramon: group.total          1.928s
ramon: group.utime          1.797s
ramon: group.stime          0.131s
ramon: group.mempeak        26604KiB
ramon: group.pidpeak        2
ramon: status               exited
ramon: exitcode             0
ramon: walltime             1.959s
ramon: loadavg              0.98
