ramon: cwd                  /home/gh1/A/_work/z3-poly-testing/z3-poly-testing
ramon: start                Mon Jan 13 19:40:49 2025
ramon: nproc                32
ramon: sys.mem              63441 MiB
ramon: sys.mem.free         48777 MiB
ramon: sys.mem.avail        62714 MiB
ramon: sys.nprocs           1215
ramon: argv                 0 = z3
ramon: argv                 1 = inputs/QF_NIA_CInteger/Stroeder_15__svcomp_ex2.c__p25878_terminationG_0.smt2
ramon: argv                 2 = -T:60
ramon: argv                 3 = -v:2
ramon: argv                 4 = -st
ramon: argv                 5 = tactic.default_tactic=sls-smt
ramon: argv                 6 = model_validate=true
ramon: childpid             258959
(sat.ddfw :unsat :models :kflips/sec  :flips  :restarts  :reinits  :unsat_vars  :shifts)
(sat.ddfw       1     84   769.692     10006         0          0           27       12)
(sat.ddfw       1    541   434.522     20000         0          1            6       13)
(sat.ddfw       1   1025   416.771     40005         0          2            8       15)
(sat.ddfw       1   1025   348.779     70000         0          3            3       28)
(sat.ddfw       1   1025   283.688    110000         0          4            2       45)
(sat.ddfw       1   1025   213.692    160004         1          5            8      112)
(sat.ddfw       1   1025   175.427    220000         1          6            4      118)
(sat.ddfw       1   1025   149.254    290000         2          7            8      135)
(sat.ddfw       1   1025   130.295    370001         3          8            5      157)
(sat.ddfw       1   1025   117.955    460001         3          9            3      213)
ramon: poll                 wall=1.000s usage=0.952s mem=21428KiB load=0.95 rootload=0.94
(sat.ddfw       1   1025   107.642    560000         4         10           20      350)
(sat.ddfw       1   1025   101.382    670000         5         11           13      376)
(sat.ddfw       1   1025   93.3204    790010         7         12           32      465)
(sat.ddfw       1   1025   88.8517    920000         7         13            8      504)
(sat.ddfw       1   1025   84.2359   1060000         8         14           12      655)
(sat.ddfw       1   1025   79.4492   1210000        11         15            2      688)
ramon: poll                 wall=2.000s usage=1.951s mem=21428KiB load=1.00 rootload=1.00
(sat.ddfw       1   1025   75.0469   1370000        15         16            6      773)
(sat.ddfw       1   1025   71.6997   1540000        19         17            4      790)
(sat.ddfw       1   1025   68.6237   1720000        21         18            8      859)
(sat.ddfw       1   1025   65.7467   1910008        22         19           13      888)
ramon: poll                 wall=3.000s usage=2.950s mem=21428KiB load=1.00 rootload=1.00
(sat.ddfw       1   1025     62.09   2110000        32         20            5      967)
(sat.ddfw       1   1025   59.6591   2320000        34         21           10      987)
(sat.ddfw       1   1025   56.9511   2540002        42         22            4     1085)
ramon: poll                 wall=4.000s usage=3.950s mem=21428KiB load=1.00 rootload=1.00
(sat.ddfw       1   1025   54.8921   2770000        52         23            2     1115)
(sat.ddfw       1   1025   52.5049   3010000        53         24            9     1206)
(sat.ddfw       1   1025   50.8958   3260000        57         25            9     1254)
ramon: poll                 wall=5.000s usage=4.950s mem=21428KiB load=1.00 rootload=1.00
(sat.ddfw       1   1025   49.3078   3520000        61         26            8     1388)
(sat.ddfw       1   1025   47.8072   3790015        62         27           19     1415)
ramon: poll                 wall=6.000s usage=5.950s mem=21428KiB load=1.00 rootload=1.00
(sat.ddfw       1   1025   46.3408   4070006        68         28           10     1509)
(sat.ddfw       1   1025   44.9605   4360001        78         29           11     1562)
(sat.ddfw       1   1025   43.4655   4660000        91         30            2     1660)
ramon: poll                 wall=7.000s usage=6.941s mem=21684KiB load=0.99 rootload=0.99
(sat.ddfw       1   1025   42.2401   4970000       111         31           23     1795)
(sat.ddfw       1   1025   41.0998   5290003       121         32            4     1914)
ramon: poll                 wall=8.000s usage=7.941s mem=21432KiB load=1.00 rootload=1.00
(sat.ddfw       1   1025   39.9759   5620004       146         33           19     1966)
(sat.ddfw       1   1025   38.5965   5960001       178         34           14     2077)
ramon: poll                 wall=9.000s usage=8.941s mem=21432KiB load=1.00 rootload=1.00
(sat.ddfw       1   1025   37.6708   6310000       204         35           12     2120)
(sat.ddfw       1   1025    36.761   6670000       238         36            6     2236)
ramon: poll                 wall=10.000s usage=9.941s mem=21432KiB load=1.00 rootload=1.00
(sat.ddfw       1   1025   35.8458   7040000       278         37            4     2282)
(sat.ddfw       1   1025   35.0263   7420000       324         38            7     2403)
ramon: poll                 wall=11.000s usage=10.941s mem=21432KiB load=1.00 rootload=1.00
(sat.ddfw       1   1025   33.9958   7810000       366         39           16     2447)
ramon: poll                 wall=12.000s usage=11.940s mem=21432KiB load=1.00 rootload=1.00
(sat.ddfw       1   1025     33.14   8210000       389         40           17     2577)
(sat.ddfw       1   1025   32.4707   8620008       402         41           23     2721)
ramon: poll                 wall=13.000s usage=12.940s mem=21432KiB load=1.00 rootload=1.00
(sat.ddfw       1   1025   31.3641   9040004       472         42           13     2946)
ramon: poll                 wall=14.000s usage=13.940s mem=21432KiB load=1.00 rootload=1.00
(sat.ddfw       1   1025   30.6858   9470004       522         43           12     2991)
(sat.ddfw       1   1025   30.0359   9910000       560         44           13     3127)
ramon: poll                 wall=15.000s usage=14.940s mem=21432KiB load=1.00 rootload=1.00
(sat.ddfw       1   1025   29.3906  10360000       614         45            2     3251)
ramon: poll                 wall=16.000s usage=15.940s mem=21432KiB load=1.00 rootload=1.00
(sat.ddfw       1   1025   28.7518  10820000       666         46            5     3409)
(sat.ddfw       1   1025   28.1708  11290002       703         47           23     3462)
ramon: poll                 wall=17.000s usage=16.940s mem=21432KiB load=1.00 rootload=1.00
(sat.ddfw       1   1025   27.6148  11770003       746         48           14     3590)
ramon: poll                 wall=18.000s usage=17.940s mem=21432KiB load=1.00 rootload=1.00
(sat.ddfw       1   1025   27.1091  12260000       790         49            4     3655)
(sat.ddfw       1   1025   26.6028  12760000       836         50           15     3788)
ramon: poll                 wall=19.028s usage=18.967s mem=21432KiB load=1.00 rootload=1.00
(sat.ddfw       1   1025   26.0656  13270000       881         51           24     3945)
ramon: poll                 wall=20.000s usage=19.939s mem=21432KiB load=1.00 rootload=1.00
(sat.ddfw       1   1025   25.5654  13790000       936         52            5     4075)
ramon: poll                 wall=21.000s usage=20.939s mem=21432KiB load=1.00 rootload=1.00
(sat.ddfw       1   1025   25.1653  14320007       982         53           16     4138)
(sat.ddfw       1   1025    24.722  14860010      1005         54           14     4272)
ramon: poll                 wall=22.000s usage=21.939s mem=21496KiB load=1.00 rootload=1.00
(sat.ddfw       1   1025   24.2457  15410000      1018         55            5     4326)
ramon: poll                 wall=23.000s usage=22.939s mem=21496KiB load=1.00 rootload=1.00
(sat.ddfw       1   1025    23.844  15970000      1033         56            4     4472)
ramon: poll                 wall=24.004s usage=23.943s mem=21496KiB load=1.00 rootload=1.00
(sat.ddfw       1   1025   23.4481  16540000      1054         57            3     4582)
ramon: poll                 wall=25.000s usage=24.939s mem=21496KiB load=1.00 rootload=1.00
(sat.ddfw       1   1025   23.0507  17120001      1081         58            7     4821)
ramon: poll                 wall=26.000s usage=25.939s mem=21496KiB load=1.00 rootload=1.00
(sat.ddfw       1   1025   22.6131  17710000      1120         59           10     4885)
ramon: poll                 wall=27.000s usage=26.939s mem=21496KiB load=1.00 rootload=1.00
(sat.ddfw       1   1025   22.2329  18310000      1210         60            6     5020)
ramon: poll                 wall=28.000s usage=27.939s mem=21496KiB load=1.00 rootload=1.00
(sat.ddfw       1   1025   21.7804  18920005      1321         61           13     5116)
ramon: poll                 wall=29.000s usage=28.938s mem=21496KiB load=1.00 rootload=1.00
(sat.ddfw       1   1025   21.4309  19540000      1453         62           13     5254)
(sat.ddfw       1   1025   21.0618  20170001      1536         63            4     5316)
ramon: poll                 wall=30.000s usage=29.938s mem=21496KiB load=1.00 rootload=1.00
(sat.ddfw       1   1025   20.7839  20810000      1617         64            9     5451)
ramon: poll                 wall=31.000s usage=30.938s mem=21496KiB load=1.00 rootload=1.00
(sat.ddfw       1   1025   20.4192  21460003      1733         65            4     5523)
ramon: poll                 wall=32.000s usage=31.938s mem=21496KiB load=1.00 rootload=1.00
(sat.ddfw       1   1025   20.1803  22120000      1836         66            4     5660)
ramon: poll                 wall=33.000s usage=32.938s mem=21496KiB load=1.00 rootload=1.00
(sat.ddfw       1   1025   19.8928  22790009      1952         67           13     5934)
ramon: poll                 wall=34.000s usage=33.938s mem=21496KiB load=1.00 rootload=1.00
(sat.ddfw       1   1025   19.6233  23470014      2038         68           19     6094)
ramon: poll                 wall=35.000s usage=34.938s mem=21496KiB load=1.00 rootload=1.00
(sat.ddfw       1   1025   19.3931  24160000      2154         69            3     6170)
ramon: poll                 wall=36.000s usage=35.938s mem=21496KiB load=1.00 rootload=1.00
(sat.ddfw       1   1025    19.142  24860004      2237         70            7     6336)
ramon: poll                 wall=37.000s usage=36.938s mem=21496KiB load=1.00 rootload=1.00
(sat.ddfw       1   1025   18.8905  25570002      2328         71           18     6406)
ramon: poll                 wall=38.000s usage=37.938s mem=21496KiB load=1.00 rootload=1.00
(sat.ddfw       1   1025   18.5677  26290000      2447         72            4     6559)
ramon: poll                 wall=39.000s usage=38.938s mem=21496KiB load=1.00 rootload=1.00
(sat.ddfw       1   1025   18.2894  27020002      2556         73            7     6662)
ramon: poll                 wall=40.000s usage=39.938s mem=21496KiB load=1.00 rootload=1.00
ramon: poll                 wall=41.000s usage=40.938s mem=21496KiB load=1.00 rootload=1.00
(sat.ddfw       1   1025    18.011  27760004      2643         74           11     6916)
ramon: poll                 wall=42.000s usage=41.938s mem=21496KiB load=1.00 rootload=1.00
(sat.ddfw       1   1025   17.7224  28510017      2738         75           27     7216)
ramon: poll                 wall=43.000s usage=42.938s mem=21496KiB load=1.00 rootload=1.00
(sat.ddfw       1   1025   17.5027  29270000      2844         76           15     7374)
ramon: poll                 wall=44.000s usage=43.938s mem=21496KiB load=1.00 rootload=1.00
(sat.ddfw       1   1025   17.3186  30040002      2966         77            3     7476)
ramon: poll                 wall=45.000s usage=44.938s mem=21496KiB load=1.00 rootload=1.00
(sat.ddfw       1   1025    17.146  30820007      3063         78           13     7644)
ramon: poll                 wall=46.000s usage=45.938s mem=21496KiB load=1.00 rootload=1.00
(sat.ddfw       1   1025   16.9258  31610000      3152         79            2     7731)
ramon: poll                 wall=47.028s usage=46.966s mem=21496KiB load=1.00 rootload=1.00
(sat.ddfw       1   1025   16.6955  32410000      3242         80            9     7885)
ramon: poll                 wall=48.012s usage=47.950s mem=21752KiB load=1.00 rootload=1.00
ramon: poll                 wall=49.000s usage=48.938s mem=21752KiB load=1.00 rootload=1.00
(sat.ddfw       1   1025   16.4926  33220002      3343         81           26     7964)
ramon: poll                 wall=50.000s usage=49.938s mem=21752KiB load=1.00 rootload=1.00
(sat.ddfw       1   1025    16.227  34040000      3435         82            5     8125)
ramon: poll                 wall=51.000s usage=50.938s mem=21752KiB load=1.00 rootload=1.00
(sat.ddfw       1   1025   16.0244  34870000      3579         83            2     8239)
ramon: poll                 wall=52.000s usage=51.938s mem=21752KiB load=1.00 rootload=1.00
ramon: poll                 wall=53.000s usage=52.938s mem=21752KiB load=1.00 rootload=1.00
(sat.ddfw       1   1025   15.8422  35710002      3720         84            6     8394)
ramon: poll                 wall=54.000s usage=53.938s mem=21752KiB load=1.00 rootload=1.00
(sat.ddfw       1   1025   15.6403  36560003      3837         85            8     8478)
ramon: poll                 wall=55.000s usage=54.937s mem=21500KiB load=1.00 rootload=1.00
(sat.ddfw       1   1025   15.4793  37420000      3884         86            5     8653)
ramon: poll                 wall=56.000s usage=55.937s mem=21500KiB load=1.00 rootload=1.00
ramon: poll                 wall=57.000s usage=56.937s mem=21500KiB load=1.00 rootload=1.00
(sat.ddfw       1   1025     15.28  38290000      3933         87            5     8914)
ramon: poll                 wall=58.000s usage=57.937s mem=21500KiB load=1.00 rootload=1.00
(sat.ddfw       1   1025    15.107  39170000      4009         88            3     9088)
ramon: poll                 wall=59.000s usage=58.937s mem=21500KiB load=1.00 rootload=1.00
(sat.ddfw       1   1025   14.9592  40060000      4128         89            8     9184)
ramon: poll                 wall=60.000s usage=59.937s mem=21500KiB load=1.00 rootload=1.00
ramon: end                  Mon Jan 13 19:41:49 2025
ramon: root.execname        z3
ramon: root.utime           59.990s
ramon: root.stime           0.000s
ramon: group.total          59.994s
ramon: group.utime          59.990s
ramon: group.stime          0.004s
ramon: group.mempeak        21756KiB
ramon: group.pidpeak        2
ramon: status               exited
ramon: exitcode             0
ramon: walltime             60.057s
ramon: loadavg              1.00
