ramon: cwd                  /home/gh1/A/_work/z3-poly-testing/z3-poly-testing
ramon: start                Mon Jan 13 19:26:38 2025
ramon: nproc                32
ramon: sys.mem              63441 MiB
ramon: sys.mem.free         48954 MiB
ramon: sys.mem.avail        62716 MiB
ramon: sys.nprocs           1210
ramon: argv                 0 = z3
ramon: argv                 1 = inputs/QF_NIA_CInteger/Ton_Chanh_15__Singapore_v2_false-termination.c__p27424_terminationG_0.smt2
ramon: argv                 2 = -T:60
ramon: argv                 3 = -v:2
ramon: argv                 4 = -st
ramon: argv                 5 = tactic.default_tactic=sls-smt
ramon: argv                 6 = model_validate=true
ramon: childpid             241601
(sat.ddfw :unsat :models :kflips/sec  :flips  :restarts  :reinits  :unsat_vars  :shifts)
(sat.ddfw       1    377   1111.11     10000         0          0            3       15)
(sat.ddfw       1    434   555.611     20001         2          1            3       16)
(sat.ddfw       1    482   555.528     40000        19          2            4       32)
(sat.ddfw       1    506    476.19     70000        63          3            4       35)
(sat.ddfw       1    518   404.051    110001       137          4            2       45)
(sat.ddfw       1    542   344.862    160006       240          5            5       57)
(sat.ddfw       1    558   298.483    220001       387          6            2       76)
(sat.ddfw       1    588   263.158    290001       552          7            4       82)
(sat.ddfw       1    601   233.918    370001       755          8            2      105)
(sat.ddfw       1    604   209.788    460000       992          9            2      113)
(sat.ddfw       1    609   191.571    560000      1225         10            5      138)
(sat.ddfw       1    618   175.159    670000      1518         11            5      148)
(sat.ddfw       1    622   161.077    790002      1829         12            3      167)
(sat.ddfw       1    633   149.081    920001      2147         13            2      182)
ramon: poll                 wall=1.000s usage=0.998s mem=18764KiB load=1.00 rootload=0.99
(sat.ddfw       1    635   138.202   1060000      2526         14            2      217)
(sat.ddfw       1    636   128.756   1210001      2913         15            2      238)
(sat.ddfw       1    645   120.572   1370000      3323         16            2      263)
(sat.ddfw       1    687   113.032   1540000      3782         17            2      315)
(sat.ddfw       1    691   106.826   1720002      4232         18            3      342)
(sat.ddfw       1    689   100.902   1910001      4730         19            3      368)
ramon: poll                 wall=2.000s usage=1.997s mem=18764KiB load=1.00 rootload=1.00
(sat.ddfw       1    688    95.785   2110000      5249         20            3      396)
(sat.ddfw       1    698   91.1854   2320000      5784         21            3      416)
(sat.ddfw       1    696   86.9573   2540002      6344         22            2      447)
(sat.ddfw       1    697   83.1218   2770000      6951         23            2      471)
ramon: poll                 wall=3.002s usage=2.998s mem=18764KiB load=1.00 rootload=1.00
(sat.ddfw       1    697   79.5232   3010001      7577         24            2      523)
(sat.ddfw       1    694    76.244   3260005      8239         25            4      546)
(sat.ddfw       1    693   73.1364   3520005      8914         26            5      592)
(sat.ddfw       1    703   70.2932   3790001      9617         27            2      617)
ramon: poll                 wall=4.000s usage=3.994s mem=18764KiB load=1.00 rootload=0.99
(sat.ddfw       1    705   67.6653   4070000     10358         28            2      662)
(sat.ddfw       1    783    65.257   4360002     11108         29            4      740)
(sat.ddfw       1    780   62.9587   4660000     11886         30            3      785)
ramon: poll                 wall=5.000s usage=4.993s mem=18764KiB load=1.00 rootload=1.00
(sat.ddfw       1    783   60.8559   4970000     12696         31            2      826)
(sat.ddfw       1    782   58.8888   5290002     13540         32            3      872)
(sat.ddfw       1    781   57.0441   5620002     14376         33            3      910)
ramon: poll                 wall=6.000s usage=5.993s mem=18768KiB load=1.00 rootload=1.00
(sat.ddfw       1    801   55.3024   5960001     15262         34            4      974)
(sat.ddfw       1    805   53.6315   6310000     16174         35            3     1013)
(sat.ddfw       1    808   52.0839   6670004     17107         36            4     1063)
ramon: poll                 wall=7.000s usage=6.992s mem=18768KiB load=1.00 rootload=1.00
(sat.ddfw       1    803   50.6083   7040001     18076         37            4     1105)
(sat.ddfw       1    802   49.2035   7420000     19086         38            4     1161)
ramon: poll                 wall=8.000s usage=7.992s mem=18768KiB load=1.00 rootload=1.00
(sat.ddfw       1    807   47.8764   7810001     20104         39            3     1202)
(sat.ddfw       1    807   46.6145   8210000     21153         40            2     1261)
ramon: poll                 wall=9.000s usage=8.992s mem=18768KiB load=1.00 rootload=1.00
(sat.ddfw       1    800   45.4344   8620000     22209         41            3     1306)
(sat.ddfw       1    806   44.2945   9040000     23318         42            2     1367)
(sat.ddfw       1    807   43.2248   9470000     24453         43            2     1413)
ramon: poll                 wall=10.000s usage=9.992s mem=18768KiB load=1.00 rootload=1.00
(sat.ddfw       1    807   42.2144   9910001     25604         44            4     1472)
(sat.ddfw       1    812   41.2314  10360000     26767         45            2     1520)
ramon: poll                 wall=11.000s usage=10.991s mem=18768KiB load=1.00 rootload=1.00
(sat.ddfw       1    812   40.2981  10820003     27970         46            4     1585)
(sat.ddfw       1    807   39.3998  11290003     29203         47            4     1634)
ramon: poll                 wall=12.000s usage=11.991s mem=18768KiB load=1.00 rootload=1.00
(sat.ddfw       1    811   38.5417  11770001     30444         48            2     1704)
(sat.ddfw       1    819   37.7387  12260000     31725         49            2     1758)
ramon: poll                 wall=13.000s usage=12.991s mem=18768KiB load=1.00 rootload=1.00
(sat.ddfw       1    817   36.9686  12760000     33042         50            2     1820)
ramon: poll                 wall=14.000s usage=13.990s mem=18768KiB load=1.00 rootload=1.00
(sat.ddfw       1    828   36.2396  13270000     34353         51            3     1873)
(sat.ddfw       1    823   35.5337  13790000     35701         52            3     1938)
ramon: poll                 wall=15.000s usage=14.990s mem=18768KiB load=1.00 rootload=1.00
(sat.ddfw       1    825   34.8524  14320000     37078         53            6     1995)
(sat.ddfw       1    819   34.1816  14860001     38499         54            3     2059)
ramon: poll                 wall=16.000s usage=15.990s mem=18768KiB load=1.00 rootload=1.00
(sat.ddfw       1    837   33.5386  15410000     39940         55            2     2126)
ramon: poll                 wall=17.000s usage=16.989s mem=18768KiB load=1.00 rootload=1.00
(sat.ddfw       1    833   32.9277  15970001     41385         56            2     2200)
(sat.ddfw       1    835   32.3294  16540000     42873         57            2     2258)
ramon: poll                 wall=18.000s usage=17.989s mem=18768KiB load=1.00 rootload=1.00
(sat.ddfw       1    831   31.7478  17120001     44402         58            3     2338)
(sat.ddfw       1    833   31.1921  17710000     45954         59            3     2392)
ramon: poll                 wall=19.000s usage=18.989s mem=18768KiB load=1.00 rootload=1.00
(sat.ddfw       1    841   30.6513  18310000     47540         60            3     2470)
ramon: poll                 wall=20.000s usage=19.989s mem=18768KiB load=1.00 rootload=1.00
(sat.ddfw       1    896   30.1235  18920001     49096         61            3     2789)
(sat.ddfw       1    897   29.6069  19540000     50715         62            3     2876)
ramon: poll                 wall=21.000s usage=20.960s mem=19024KiB load=0.97 rootload=0.97
(sat.ddfw       1    893   29.0631  20170000     52362         63            2     2937)
ramon: poll                 wall=22.000s usage=21.956s mem=18772KiB load=1.00 rootload=1.00
(sat.ddfw       1    895   28.5894  20810003     54025         64            4     3012)
ramon: poll                 wall=23.000s usage=22.955s mem=18772KiB load=1.00 rootload=1.00
(sat.ddfw       1    888   28.1215  21460003     55729         65           10     3092)
(sat.ddfw       1    892    27.667  22120000     57443         66            2     3173)
ramon: poll                 wall=24.002s usage=23.959s mem=18772KiB load=1.00 rootload=1.00
(sat.ddfw       1    898   27.2314  22790001     59196         67            3     3284)
ramon: poll                 wall=25.000s usage=24.955s mem=18772KiB load=1.00 rootload=1.00
(sat.ddfw       1    895   26.8108  23470003     60981         68            4     3371)
ramon: poll                 wall=26.000s usage=25.955s mem=18772KiB load=1.00 rootload=1.00
(sat.ddfw       1    948   26.3781  24160001     62678         69            6     4179)
(sat.ddfw       1    936   25.9673  24860002     64491         70            4     4335)
ramon: poll                 wall=27.000s usage=26.955s mem=18772KiB load=1.00 rootload=1.00
(sat.ddfw       1    939   25.5698  25570000     66340         71            2     4447)
ramon: poll                 wall=28.000s usage=27.955s mem=18772KiB load=1.00 rootload=1.00
(sat.ddfw       1    941   25.1845  26290000     68213         72            3     4576)
ramon: poll                 wall=29.000s usage=28.955s mem=18772KiB load=1.00 rootload=1.00
(sat.ddfw       1    942   24.8046  27020000     70124         73            5     4651)
ramon: poll                 wall=30.000s usage=29.955s mem=18772KiB load=1.00 rootload=1.00
(sat.ddfw       1    942   24.4443  27760002     72047         74            4     4745)
ramon: poll                 wall=31.034s usage=30.990s mem=18772KiB load=1.00 rootload=1.00
(sat.ddfw       1    937   24.0901  28510000     74022         75            4     4840)
ramon: poll                 wall=32.000s usage=31.954s mem=18772KiB load=1.00 rootload=1.00
(sat.ddfw       1    938     23.75  29270000     76001         76            3     4939)
(sat.ddfw       1    942   23.4164  30040001     78027         77            4     5010)
ramon: poll                 wall=33.000s usage=32.954s mem=18772KiB load=1.00 rootload=1.00
(sat.ddfw       1    938   23.1002  30820001     80050         78            2     5129)
ramon: poll                 wall=34.000s usage=33.954s mem=18772KiB load=1.00 rootload=0.99
(sat.ddfw       1    938   22.7856  31610002     82123         79            3     5220)
ramon: poll                 wall=35.000s usage=34.953s mem=18772KiB load=1.00 rootload=1.00
(sat.ddfw       1    939   22.4782  32410000     84222         80            2     5321)
ramon: poll                 wall=36.006s usage=35.961s mem=18772KiB load=1.00 rootload=1.00
(sat.ddfw       1    953   22.1772  33220000     86299         81            2     6048)
ramon: poll                 wall=37.000s usage=36.953s mem=18772KiB load=1.00 rootload=1.00
(sat.ddfw       1    949   21.8802  34040003     88434         82            4     6152)
ramon: poll                 wall=38.000s usage=37.952s mem=18772KiB load=1.00 rootload=1.00
(sat.ddfw       1    951   21.5903  34870000     90615         83            2     6256)
ramon: poll                 wall=39.000s usage=38.952s mem=18772KiB load=1.00 rootload=1.00
(sat.ddfw       1    956   21.3138  35710000     92826         84            2     6355)
ramon: poll                 wall=40.000s usage=39.952s mem=18772KiB load=1.00 rootload=1.00
(sat.ddfw       1    953   21.0406  36560000     95007         85            2     6995)
ramon: poll                 wall=41.000s usage=40.952s mem=18772KiB load=1.00 rootload=1.00
(sat.ddfw       1    954   20.7745  37420000     97259         86            3     7122)
ramon: poll                 wall=42.000s usage=41.952s mem=19028KiB load=1.00 rootload=1.00
(sat.ddfw       1    957   20.5121  38290001     99520         87            2     7547)
ramon: poll                 wall=43.000s usage=42.952s mem=19032KiB load=1.00 rootload=1.00
(sat.ddfw       1    960   20.3055  39170001    101822         88            3     7708)
ramon: poll                 wall=44.000s usage=43.951s mem=18840KiB load=1.00 rootload=1.00
(sat.ddfw       1    960   20.1152  40060000    104134         89            2     8134)
ramon: poll                 wall=45.000s usage=44.951s mem=18840KiB load=1.00 rootload=1.00
(sat.ddfw       1    958   19.9058  40960002    106491         90            3     8238)
ramon: poll                 wall=46.000s usage=45.951s mem=18840KiB load=1.00 rootload=1.00
(sat.ddfw       1    956   19.6961  41870003    108862         91            3     8351)
ramon: poll                 wall=47.000s usage=46.951s mem=18840KiB load=1.00 rootload=1.00
(sat.ddfw       1    957   19.5002  42790004    111259         92            6     8471)
ramon: poll                 wall=48.000s usage=47.951s mem=18840KiB load=1.00 rootload=1.00
(sat.ddfw       1    962   19.2885  43720000    113721         93            2     8725)
ramon: poll                 wall=49.000s usage=48.951s mem=18840KiB load=1.00 rootload=1.00
(sat.ddfw       1    964   19.0828  44660000    116164         94            3     8897)
ramon: poll                 wall=50.000s usage=49.951s mem=18840KiB load=1.00 rootload=1.00
(sat.ddfw       1    963   18.8781  45610003    118642         95            4     8989)
ramon: poll                 wall=51.000s usage=50.951s mem=18840KiB load=1.00 rootload=1.00
(sat.ddfw       1    968   18.6788  46570001    121138         96            3     9113)
ramon: poll                 wall=52.000s usage=51.951s mem=18840KiB load=1.00 rootload=1.00
(sat.ddfw       1    976   18.4709  47540000    123638         97            4    10169)
ramon: poll                 wall=53.000s usage=52.951s mem=18840KiB load=1.00 rootload=1.00
(sat.ddfw       1    974   18.2853  48520000    126199         98            2    10284)
ramon: poll                 wall=54.000s usage=53.951s mem=18840KiB load=1.00 rootload=1.00
(sat.ddfw       1    973   18.0848  49510000    128814         99            2    10386)
ramon: poll                 wall=55.000s usage=54.950s mem=18840KiB load=1.00 rootload=1.00
(sat.ddfw       1    975   17.8875  50510001    131452        100            4    10507)
ramon: poll                 wall=56.000s usage=55.950s mem=18840KiB load=1.00 rootload=1.00
ramon: poll                 wall=57.000s usage=56.950s mem=18840KiB load=1.00 rootload=1.00
(sat.ddfw       1    977   17.6982  51520000    134103        101            2    10634)
ramon: poll                 wall=58.000s usage=57.949s mem=18840KiB load=1.00 rootload=1.00
(sat.ddfw       1    972   17.5116  52540000    136772        102            2    10755)
ramon: poll                 wall=59.000s usage=58.949s mem=18840KiB load=1.00 rootload=1.00
(sat.ddfw       1    975   17.3308  53570002    139471        103            4    10889)
ramon: poll                 wall=60.000s usage=59.948s mem=18840KiB load=1.00 rootload=1.00
ramon: end                  Mon Jan 13 19:27:38 2025
ramon: root.execname        z3
ramon: root.utime           59.940s
ramon: root.stime           0.000s
ramon: group.total          59.954s
ramon: group.utime          59.946s
ramon: group.stime          0.008s
ramon: group.mempeak        19096KiB
ramon: group.pidpeak        2
ramon: status               exited
ramon: exitcode             0
ramon: walltime             60.003s
ramon: loadavg              1.00
