ramon: cwd                  /home/gh1/A/_work/z3-poly-testing/z3-poly-testing
ramon: start                Sun Oct 13 19:30:38 2024
ramon: nproc                32
ramon: sys.mem              63442 MiB
ramon: sys.mem.free         34539 MiB
ramon: sys.mem.avail        62752 MiB
ramon: sys.nprocs           3344
ramon: argv                 0 = z3
ramon: argv                 1 = inputs/QF_UF_SAT/gensys_brn915.smt2
ramon: argv                 2 = -T:20
ramon: argv                 3 = -v:2
ramon: argv                 4 = sls.euf_incremental=1
ramon: argv                 5 = -st
ramon: argv                 6 = tactic.default_tactic=(then simplify propagate-values solve-eqs simplify sls-smt)
ramon: argv                 7 = model_validate=true
ramon: childpid             734606
UNITS -395 -396 -397 -398 -399 -400 -401 -402 -403 -404 -405 -406 -407 -408 -409 -410 -411 -412 -413 -414 -415 -416 -417 -418 -419 -420 -421 -422 -423 -424 -425 -426 -427 -428 -429 -430 -431 -432 -433 -434 -435 -436 -437 -438 -439 -440 -441 -442 -443 -444 -445 -446 -447 -448 -449 -450 -451 -452 -453 -454 -455 -456 -457 -458 -459 -460 -461 -462 -463 -464 -465 -466 -467 -468 -469 -470 -471 -472 -473 -474 -475 -476 -477 -478 -479 -480 -481 -482 -483 -484 -485 -486 -487 -488 -489 -490 -491 -492 -493 -494 -495 -496 -497 -498 -499 -500 -501 -502 -503 -504
sls.euf: incremental 1
ramon: poll                 wall=1.000s usage=0.997s mem=19372KiB load=1.00 rootload=0.99
ramon: poll                 wall=2.002s usage=2.001s mem=19372KiB load=1.00 rootload=1.00
ramon: poll                 wall=3.000s usage=2.997s mem=19372KiB load=1.00 rootload=1.00
ramon: poll                 wall=4.000s usage=3.996s mem=19372KiB load=1.00 rootload=1.00
ramon: poll                 wall=5.000s usage=4.996s mem=19372KiB load=1.00 rootload=1.00
ramon: poll                 wall=6.000s usage=5.996s mem=19372KiB load=1.00 rootload=1.00
ramon: poll                 wall=7.000s usage=6.995s mem=19372KiB load=1.00 rootload=1.00
ramon: poll                 wall=8.000s usage=7.995s mem=19372KiB load=1.00 rootload=1.00
ramon: poll                 wall=9.000s usage=8.995s mem=19372KiB load=1.00 rootload=1.00
ramon: poll                 wall=10.000s usage=9.995s mem=19372KiB load=1.00 rootload=1.00
ramon: poll                 wall=11.000s usage=10.995s mem=19372KiB load=1.00 rootload=1.00
ramon: poll                 wall=12.000s usage=11.994s mem=19372KiB load=1.00 rootload=1.00
ramon: poll                 wall=13.000s usage=12.994s mem=19372KiB load=1.00 rootload=1.00
ramon: poll                 wall=14.000s usage=13.994s mem=19372KiB load=1.00 rootload=0.99
ramon: poll                 wall=15.000s usage=14.994s mem=19372KiB load=1.00 rootload=1.00
ramon: poll                 wall=16.000s usage=15.993s mem=19372KiB load=1.00 rootload=1.00
ramon: poll                 wall=17.000s usage=16.993s mem=19372KiB load=1.00 rootload=1.00
ramon: poll                 wall=18.000s usage=17.993s mem=19372KiB load=1.00 rootload=1.00
ramon: poll                 wall=19.000s usage=18.993s mem=19372KiB load=1.00 rootload=1.00
ramon: poll                 wall=20.001s usage=19.993s mem=19372KiB load=1.00 rootload=1.00
ramon: end                  Sun Oct 13 19:30:58 2024
ramon: root.execname        z3
ramon: root.utime           19.980s
ramon: root.stime           0.000s
ramon: group.total          19.997s
ramon: group.utime          19.989s
ramon: group.stime          0.008s
ramon: group.mempeak        19628KiB
ramon: group.pidpeak        2
ramon: status               exited
ramon: exitcode             0
ramon: walltime             20.003s
ramon: loadavg              1.00
