ramon: cwd                  /home/gh1/A/_work/z3-poly-testing/z3-poly-testing
ramon: start                Sun Oct 13 19:34:41 2024
ramon: nproc                32
ramon: sys.mem              63442 MiB
ramon: sys.mem.free         34314 MiB
ramon: sys.mem.avail        62751 MiB
ramon: sys.nprocs           3365
ramon: argv                 0 = z3
ramon: argv                 1 = inputs/QF_UF_SAT/iso_brn020.smt2
ramon: argv                 2 = -T:20
ramon: argv                 3 = -v:2
ramon: argv                 4 = sls.euf_incremental=1
ramon: argv                 5 = -st
ramon: argv                 6 = tactic.default_tactic=(then simplify propagate-values solve-eqs simplify sls-smt)
ramon: argv                 7 = model_validate=true
ramon: childpid             748299
UNITS -368 -369 -370 -371 -372 -373 -374 -375 -376 -377 -378 -379 -380 -381 -382 -383 -384 -385 -386 -387 -388 -14 -389 -390 -39 -391 -392 -393 -394 -395 -396 -397 -398 -16 -399 -400 -41 -401 -61 -81 -402 -23 -403 -20 -48 -404 -45 -405 -106 -85 -406 -407 -408 -409 -410 -411 -412 -413 -414 -415 -416 -417 -418 -419 -420 -421 -422 -423 -424 -425 -426 -54 -427 -53 -59 -428 -58 -429 -111 -63 -430 -431 -432 -433 -434 -435 -436 -437 -438 -439 -440 -441 -91 -90 -442 -96 -95 -102 -101 -112 -116 -117 -118 -119 -113 -114 -115 -443 -444 -120
sls.euf: incremental 1
(sat.ddfw :unsat :models :kflips/sec  :flips  :restarts  :reinits  :unsat_vars  :shifts)
(sat.ddfw      49      0   41.0451     10015         1          0          124      371)
(sat.ddfw      23      0   20.8891     20000        16          1           70      900)
(sat.ddfw      58      0   21.8126     40024        76          2          136     2008)
ramon: poll                 wall=1.000s usage=0.987s mem=19524KiB load=0.99 rootload=0.98
(sat.ddfw      52      0   18.9772     70027       166          3          125     3501)
ramon: poll                 wall=2.000s usage=1.978s mem=19524KiB load=0.99 rootload=0.99
(sat.ddfw      74      0   16.2074    110043       282          4          153     5536)
ramon: poll                 wall=3.000s usage=2.968s mem=19524KiB load=0.99 rootload=0.99
(sat.ddfw      50      0   13.9824    160002       435          5          123     8208)
ramon: poll                 wall=4.000s usage=3.960s mem=19524KiB load=0.99 rootload=1.00
(sat.ddfw      27      0   12.2947    220000       609          6           79    11456)
ramon: poll                 wall=5.000s usage=4.952s mem=19508KiB load=0.99 rootload=0.99
ramon: poll                 wall=6.000s usage=5.944s mem=19508KiB load=0.99 rootload=0.99
(sat.ddfw      59      0   10.8784    290035       816          7          136    14742)
ramon: poll                 wall=7.000s usage=6.936s mem=19508KiB load=0.99 rootload=0.99
ramon: poll                 wall=8.000s usage=7.927s mem=19508KiB load=0.99 rootload=0.99
(sat.ddfw      66      0   9.72189    370017      1053          8          141    18576)
ramon: poll                 wall=9.000s usage=8.918s mem=19508KiB load=0.99 rootload=0.99
ramon: poll                 wall=10.000s usage=9.909s mem=19752KiB load=0.99 rootload=0.99
(sat.ddfw      71      0   8.79527    460019      1319          9          139    23306)
ramon: poll                 wall=11.000s usage=10.901s mem=19748KiB load=0.99 rootload=1.00
ramon: poll                 wall=12.000s usage=11.892s mem=19748KiB load=0.99 rootload=0.99
(sat.ddfw      45      0   8.04223    560000      1618         10          114    28225)
ramon: poll                 wall=13.000s usage=12.884s mem=19736KiB load=0.99 rootload=0.99
ramon: poll                 wall=14.000s usage=13.876s mem=19736KiB load=0.99 rootload=0.99
(sat.ddfw      38      0   7.40043    670000      1951         11          101    33866)
ramon: poll                 wall=15.000s usage=14.869s mem=19732KiB load=0.99 rootload=0.99
ramon: poll                 wall=16.000s usage=15.861s mem=19728KiB load=0.99 rootload=1.00
ramon: poll                 wall=17.000s usage=16.852s mem=19712KiB load=0.99 rootload=0.98
(sat.ddfw      59      0   6.84053    790024      2306         12          127    39989)
ramon: poll                 wall=18.000s usage=17.844s mem=19696KiB load=0.99 rootload=1.00
ramon: poll                 wall=19.000s usage=18.843s mem=19692KiB load=1.00 rootload=0.99
ramon: poll                 wall=20.000s usage=19.843s mem=19520KiB load=1.00 rootload=1.00
ramon: end                  Sun Oct 13 19:35:01 2024
ramon: root.execname        z3
ramon: root.utime           19.840s
ramon: root.stime           0.000s
ramon: group.total          19.850s
ramon: group.utime          19.846s
ramon: group.stime          0.004s
ramon: group.mempeak        19960KiB
ramon: group.pidpeak        2
ramon: status               exited
ramon: exitcode             0
ramon: walltime             20.006s
ramon: loadavg              0.99
