ramon: cwd                  /home/runner/a/_work/z3-poly-testing/z3-poly-testing
ramon: start                Wed Jan 29 17:58:55 2025
ramon: nproc                128
ramon: sys.mem              64150 MiB
ramon: sys.mem.free         1010 MiB
ramon: sys.mem.avail        64140 MiB
ramon: sys.nprocs           2925
ramon: argv                 0 = z3
ramon: argv                 1 = inputs/QF_LIA/v30_problem__013.smt2.slack.smt2
ramon: argv                 2 = -T:600
ramon: argv                 3 = -st
ramon: childpid             3508040
ramon: poll                 wall=01.000s usage=00.999s user=00.974s sys=00.025s mem=20764KiB roottime=0.970s load=1.00 rootload=0.97
ramon: poll                 wall=02.000s usage=02.396s user=01.099s sys=01.296s mem=20808KiB roottime=1.090s load=1.40 rootload=0.12
ramon: poll                 wall=03.000s usage=04.355s user=01.099s sys=03.255s mem=20736KiB roottime=1.090s load=1.96 rootload=0.00
ramon: poll                 wall=04.480s usage=06.863s user=01.099s sys=05.763s mem=20604KiB roottime=1.090s load=1.69 rootload=0.00
ramon: poll                 wall=05.000s usage=07.372s user=01.552s sys=05.820s mem=53292KiB roottime=1.550s load=0.98 rootload=0.89
ramon: poll                 wall=06.000s usage=08.370s user=02.548s sys=05.823s mem=56108KiB roottime=2.540s load=1.00 rootload=0.99
ramon: poll                 wall=07.000s usage=09.370s user=03.538s sys=05.832s mem=59948KiB roottime=3.530s load=1.00 rootload=0.99
ramon: poll                 wall=08.000s usage=10.368s user=04.529s sys=05.838s mem=63276KiB roottime=4.520s load=1.00 rootload=0.99
ramon: poll                 wall=09.000s usage=11.358s user=05.515s sys=05.843s mem=65836KiB roottime=5.510s load=0.99 rootload=0.99
ramon: end                  Wed Jan 29 17:59:05 2025
ramon: root.execname        z3
ramon: root.utime           6.290s
ramon: root.stime           5.850s
ramon: group.total          12.151s
ramon: group.utime          6.295s
ramon: group.stime          5.856s
ramon: group.mempeak        68908KiB
ramon: group.pidpeak        3
ramon: status               exited
ramon: exitcode             0
ramon: walltime             9.804s
ramon: loadavg              1.24
