ramon: cwd                  /home/gh1/A/_work/z3-poly-testing/z3-poly-testing
ramon: start                Sun Oct 13 19:58:00 2024
ramon: nproc                32
ramon: sys.mem              63442 MiB
ramon: sys.mem.free         34061 MiB
ramon: sys.mem.avail        62748 MiB
ramon: sys.nprocs           3338
ramon: argv                 0 = z3
ramon: argv                 1 = inputs/QF_UF_SAT/QF_UF_at.6.prop1_ab_cti_max.smt2
ramon: argv                 2 = -T:20
ramon: argv                 3 = -v:2
ramon: argv                 4 = sls.euf_incremental=2
ramon: argv                 5 = -st
ramon: argv                 6 = tactic.default_tactic=(then simplify propagate-values solve-eqs simplify sls-smt)
ramon: argv                 7 = model_validate=true
ramon: childpid             840895
(sat.ddfw :unsat :models :kflips/sec  :flips  :restarts  :reinits  :unsat_vars  :shifts)
(sat.ddfw      58      0   833.333     10000         2          0          121      797)
(sat.ddfw      79      0   526.316     20000         6          1          158     1540)
(sat.ddfw      74      0   588.235     40000        18          2          155     2614)
(sat.ddfw      48      0   508.475     70000        48          3           98     4115)
(sat.ddfw      83      0       400    110000       165          4          165     5446)
(sat.ddfw     138      0   344.828    160000       254          5          274     7499)
(sat.ddfw      84      0   294.118    220000       406          6          175     9541)
(sat.ddfw      53      0   265.152    290000       531          7          103    12847)
(sat.ddfw      88      0   235.294    370000       715          8          191    15964)
(sat.ddfw      70      0   212.766    460000       909          9          148    19514)
UNITS 0 1 2 1067 1080 1121 1162 1203 1244 1283 1342 1401 1460 1519 -1570 1068 1084 1125 1166 1207 1248 1289 1348 1407 1466 1525
sls.euf: incremental 2
(sat.ddfw      53      0   176.678    560000      1112         10          119    23772)
(sat.ddfw      47      0   163.934    670000      1351         11          104    27865)
(sat.ddfw      56      0   153.061    790000      1610         12          114    32614)
(sat.ddfw      98      0     142.7    920000      1904         13          197    37363)
ramon: poll                 wall=1.000s usage=0.948s mem=22008KiB load=0.95 rootload=0.94
(sat.ddfw      93      0     134.1   1060000      2210         14          192    42760)
(sat.ddfw     135      0   126.904   1210000      2530         15          269    48908)
(sat.ddfw      86      0    119.94   1370000      2870         16          169    56403)
(sat.ddfw     128      0   113.788   1540000      3209         17          252    62961)
(sat.ddfw     165      0   108.238   1720000      3572         18          325    70091)
(sat.ddfw     163      0   103.149   1910000      3965         19          331    77548)
ramon: poll                 wall=2.000s usage=1.948s mem=22048KiB load=1.00 rootload=1.00
(sat.ddfw       7      0   98.6193   2110000      4344         20           15    85614)
(sat.ddfw      81      0   94.2973   2320000      4774         21          167    94013)
(sat.ddfw      42      0    90.312   2540000      5223         22          100   102513)
(sat.ddfw      63      0   86.7925   2770000      5671         23          138   111921)
(sat.ddfw     100      0   83.4783   3010000      6155         24          198   121237)
ramon: poll                 wall=3.000s usage=2.948s mem=22048KiB load=1.00 rootload=1.00
(sat.ddfw     154      0   80.3342   3260000      6651         25          303   130792)
(sat.ddfw      47      0   77.4963   3520000      7168         26           92   141036)
(sat.ddfw      34      0   74.8337   3790000      7706         27           75   151776)
(sat.ddfw     169      0   72.3888   4070000      8251         28          336   162957)
ramon: poll                 wall=4.000s usage=3.948s mem=22048KiB load=1.00 rootload=1.00
(sat.ddfw      59      0   70.0314   4360000      8825         29          120   174235)
(sat.ddfw     175      0   67.8426   4660000      9421         30          351   186021)
(sat.ddfw     170      0   65.8034   4970000     10017         31          348   198524)
ramon: poll                 wall=5.000s usage=4.948s mem=22052KiB load=1.00 rootload=1.00
(sat.ddfw      53      0    63.834   5290000     10635         32          109   211009)
(sat.ddfw     146      0   62.0417   5620000     11275         33          300   224219)
(sat.ddfw      90      0   60.5413   5960000     11958         34          178   237147)
ramon: poll                 wall=6.000s usage=5.947s mem=22052KiB load=1.00 rootload=1.00
(sat.ddfw      23      0   58.9126   6310000     12646         35           48   251236)
(sat.ddfw      93      0   57.3066   6670000     13361         36          193   265515)
(sat.ddfw     135      0   55.8154   7040000     14097         37          263   280247)
ramon: poll                 wall=7.000s usage=6.947s mem=22052KiB load=1.00 rootload=1.00
(sat.ddfw     161      0   54.3789   7420000     14856         38          333   295016)
(sat.ddfw      26      0   53.0324   7810000     15618         39           65   310644)
(sat.ddfw     149      0   51.7464   8210000     16411         40          299   326676)
ramon: poll                 wall=8.000s usage=7.947s mem=22052KiB load=1.00 rootload=1.00
(sat.ddfw      96      0   50.5424   8620000     17207         41          195   343294)
(sat.ddfw     170      0   49.3653   9040000     18029         42          347   359608)
(sat.ddfw      86      0   48.2496   9470000     18897         43          169   376386)
ramon: poll                 wall=9.000s usage=8.947s mem=22052KiB load=1.00 rootload=1.00
(sat.ddfw     112      0   47.1648   9910000     19773         44          214   393582)
(sat.ddfw      32      0   46.1538  10360000     20644         45           70   411700)
ramon: poll                 wall=10.000s usage=9.947s mem=22052KiB load=1.00 rootload=1.00
(sat.ddfw      63      0   45.1556  10820000     21550         46          134   429948)
(sat.ddfw      16      0   44.1937  11290000     22515         47           36   448307)
ramon: poll                 wall=11.003s usage=10.949s mem=22052KiB load=1.00 rootload=1.00
(sat.ddfw      26      0   43.2939  11770000     23456         48           54   467189)
(sat.ddfw      43      0   42.4316  12260000     24420         49           88   487021)
ramon: poll                 wall=12.000s usage=11.947s mem=22052KiB load=1.00 rootload=1.00
(sat.ddfw     140      0   41.5973  12760000     25388         50          275   507486)
(sat.ddfw      75      0   40.7804  13270000     26435         51          154   527209)
ramon: poll                 wall=13.000s usage=12.947s mem=22052KiB load=1.00 rootload=0.99
(sat.ddfw      43      0   40.0123  13790000     27457         52           95   547872)
(sat.ddfw      84      0   39.2767  14320000     28483         53          173   569703)
ramon: poll                 wall=14.000s usage=13.946s mem=22052KiB load=1.00 rootload=1.00
(sat.ddfw      94      0   38.5659  14860000     29531         54          190   591782)
(sat.ddfw      20      0   37.8814  15410000     30597         55           54   613389)
ramon: poll                 wall=15.000s usage=14.946s mem=22052KiB load=1.00 rootload=1.00
(sat.ddfw     107      0   37.2093  15970000     31707         56          211   635446)
(sat.ddfw       9      0   36.5807  16540000     32813         57           23   658579)
ramon: poll                 wall=16.000s usage=15.946s mem=22052KiB load=1.00 rootload=1.00
(sat.ddfw      81      0   35.9467  17120000     33964         58          159   682369)
(sat.ddfw      20      0   35.3505  17710000     35132         59           58   707080)
ramon: poll                 wall=17.000s usage=16.946s mem=22384KiB load=1.00 rootload=1.00
(sat.ddfw      92      0   34.7443  18310000     36369         60          185   730576)
(sat.ddfw      67      0   34.1756  18920000     37591         61          137   756073)
ramon: poll                 wall=18.000s usage=17.946s mem=22384KiB load=1.00 rootload=1.00
(sat.ddfw     137      0   33.6134  19540000     38841         62          273   780946)
ramon: poll                 wall=19.000s usage=18.946s mem=22388KiB load=1.00 rootload=1.00
(sat.ddfw      38      0   33.0743  20170000     40100         63           87   806258)
(sat.ddfw      12      0   32.5567  20810000     41366         64           26   832519)
ramon: poll                 wall=20.000s usage=19.946s mem=22388KiB load=1.00 rootload=1.00
ramon: end                  Sun Oct 13 19:58:20 2024
ramon: root.execname        z3
ramon: root.utime           19.990s
ramon: root.stime           0.000s
ramon: group.total          20.002s
ramon: group.utime          19.994s
ramon: group.stime          0.008s
ramon: group.mempeak        22644KiB
ramon: group.pidpeak        2
ramon: status               exited
ramon: exitcode             0
ramon: walltime             20.056s
ramon: loadavg              1.00
