ramon: cwd                  /home/runner/a/_work/z3-poly-testing/z3-poly-testing
ramon: start                Wed Apr 16 14:55:58 2025
ramon: nproc                128
ramon: sys.mem              64150 MiB
ramon: sys.mem.free         21787 MiB
ramon: sys.mem.avail        63617 MiB
ramon: sys.nprocs           3229
ramon: argv                 0 = z3
ramon: argv                 1 = inputs/QF_NIA_small/1757.smt2
ramon: argv                 2 = -T:600
ramon: argv                 3 = -st
ramon: argv                 4 = lp.dio=true
ramon: argv                 5 = lp.dio_run_gcd=false
ramon: argv                 6 = smt.random_seed=12
ramon: childpid             2754981
ramon: end                  Wed Apr 16 14:55:58 2025
ramon: root.execname        z3
ramon: root.utime           0.090s
ramon: root.stime           0.090s
ramon: group.total          0.188s
ramon: group.utime          0.091s
ramon: group.stime          0.097s
ramon: group.mempeak        21648KiB
ramon: group.pidpeak        3
ramon: status               exited
ramon: exitcode             0
ramon: walltime             0.208s
ramon: loadavg              0.91
