unsat
(:added-eqs                       9746
 :arith-eq-adapter                183
 :arith-bound-propagations-lp     270
 :arith-branch                    23
 :arith-conflicts                 1019
 :arith-cube-calls                8
 :arith-dio-calls                 4
 :arith-dio-rewrite-conflicts     1
 :arith-diseq                     1390
 :arith-fixed-eqs                 210
 :arith-grobner-calls             182
 :arith-grobner-conflicts         121
 :arith-hnf-calls                 7
 :arith-horner-calls              45
 :arith-horner-conflicts          8
 :arith-horner-cross-nested-forms 21082
 :arith-lower                     5758
 :arith-make-feasible             5347
 :arith-max-columns               467
 :arith-max-rows                  200
 :arith-nla-add-bounds            181
 :arith-nla-lemmas                361
 :arith-nla-propagate-bounds      520
 :arith-nla-propagate-eq          3532
 :arith-nra-calls                 94
 :arith-offset-eqs                25
 :arith-patches                   133
 :arith-patches-success           104
 :arith-upper                     11494
 :binary-propagations             38502
 :card2bv-rewrites                1
 :conflicts                       445
 :decisions                       47010
 :del-clause                      482
 :elim-unconstrained              28
 :final-checks                    578
 :max-memory                      157.36
 :memory                          95.11
 :minimized-lits                  253
 :mk-bool-var                     2003
 :mk-clause                       777
 :mk-clause-binary                1133
 :nlsat-conflicts                 7209
 :nlsat-decisions                 165
 :nlsat-propagations              219520
 :nlsat-stages                    125326
 :num-allocs                      2295165018
 :num-checks                      1
 :propagations                    46886
 :restarts                        4
 :rlimit-count                    4500599
 :sat-backjumps                   501
 :sat-conflicts                   501
 :sat-decisions                   6187
 :sat-del-clause                  93334
 :sat-elim-bool-vars-res          17166
 :sat-elim-clauses                59
 :sat-elim-literals               1769
 :sat-minimized-lits              644
 :sat-mk-clause-2ary              53858
 :sat-mk-clause-3ary              25035
 :sat-mk-clause-nary              145037
 :sat-mk-var                      35726
 :sat-probing-assigned            40
 :sat-propagations-2ary           329015
 :sat-propagations-nary           292249
 :sat-restarts                    20
 :sat-scc-elim-binary             333
 :sat-scc-elim-vars               111
 :sat-subs-resolution             1599
 :sat-subs-resolution-dyn         48
 :sat-subsumed                    19125
 :sat-units                       49
 :time                            4.70
 :total-time                      4.68)
