ramon: cwd                  /home/runner/a/_work/z3-poly-testing/z3-poly-testing
ramon: start                Wed Apr 16 14:35:22 2025
ramon: nproc                128
ramon: sys.mem              64150 MiB
ramon: sys.mem.free         33612 MiB
ramon: sys.mem.avail        63584 MiB
ramon: sys.nprocs           3259
ramon: argv                 0 = z3
ramon: argv                 1 = inputs/QF_NIA_small/From_T2__agafp.t2__p15648_terminationG_0.smt2
ramon: argv                 2 = -T:600
ramon: argv                 3 = -st
ramon: argv                 4 = lp.dio=true
ramon: argv                 5 = lp.dio_run_gcd=false
ramon: argv                 6 = smt.random_seed=12
ramon: childpid             2724317
ramon: poll                 wall=01.003s usage=00.968s user=00.747s sys=00.220s mem=99088KiB roottime=0.740s load=0.96 rootload=0.74
ramon: poll                 wall=02.000s usage=01.963s user=01.719s sys=00.244s mem=113MiB roottime=1.710s load=1.00 rootload=0.97
ramon: poll                 wall=03.000s usage=02.961s user=02.714s sys=00.247s mem=115MiB roottime=2.710s load=1.00 rootload=1.00
ramon: poll                 wall=04.004s usage=03.963s user=03.711s sys=00.252s mem=119MiB roottime=3.710s load=1.00 rootload=1.00
ramon: poll                 wall=05.000s usage=04.957s user=04.705s sys=00.252s mem=119MiB roottime=4.700s load=1.00 rootload=0.99
ramon: poll                 wall=06.000s usage=05.955s user=05.694s sys=00.261s mem=128MiB roottime=5.690s load=1.00 rootload=0.99
ramon: poll                 wall=07.000s usage=06.952s user=06.692s sys=00.261s mem=128MiB roottime=6.690s load=1.00 rootload=1.00
ramon: poll                 wall=08.002s usage=07.952s user=07.692s sys=00.261s mem=128MiB roottime=7.690s load=1.00 rootload=1.00
ramon: poll                 wall=09.003s usage=08.952s user=08.691s sys=00.261s mem=128MiB roottime=8.690s load=1.00 rootload=1.00
ramon: poll                 wall=10.000s usage=09.947s user=09.686s sys=00.261s mem=128MiB roottime=9.680s load=1.00 rootload=0.99
ramon: poll                 wall=11.000s usage=10.945s user=10.685s sys=00.261s mem=128MiB roottime=10.680s load=1.00 rootload=1.00
ramon: poll                 wall=12.003s usage=11.947s user=11.687s sys=00.261s mem=128MiB roottime=11.680s load=1.00 rootload=1.00
ramon: poll                 wall=13.000s usage=12.943s user=12.682s sys=00.261s mem=128MiB roottime=12.680s load=1.00 rootload=1.00
ramon: poll                 wall=14.004s usage=13.945s user=13.679s sys=00.267s mem=133MiB roottime=13.670s load=1.00 rootload=0.99
ramon: poll                 wall=15.000s usage=14.940s user=14.673s sys=00.267s mem=133MiB roottime=14.670s load=1.00 rootload=1.00
ramon: poll                 wall=16.004s usage=15.942s user=15.676s sys=00.267s mem=133MiB roottime=15.670s load=1.00 rootload=1.00
ramon: poll                 wall=17.000s usage=16.936s user=16.670s sys=00.267s mem=133MiB roottime=16.660s load=1.00 rootload=0.99
ramon: poll                 wall=18.004s usage=17.939s user=17.672s sys=00.267s mem=133MiB roottime=17.670s load=1.00 rootload=1.01
ramon: poll                 wall=19.000s usage=18.933s user=18.665s sys=00.268s mem=134MiB roottime=18.660s load=1.00 rootload=0.99
ramon: poll                 wall=20.000s usage=19.931s user=19.663s sys=00.268s mem=134MiB roottime=19.660s load=1.00 rootload=1.00
ramon: poll                 wall=21.003s usage=20.932s user=20.663s sys=00.269s mem=134MiB roottime=20.660s load=1.00 rootload=1.00
ramon: poll                 wall=22.002s usage=21.931s user=21.662s sys=00.269s mem=134MiB roottime=21.660s load=1.00 rootload=1.00
ramon: poll                 wall=23.004s usage=22.932s user=22.663s sys=00.269s mem=134MiB roottime=22.660s load=1.00 rootload=1.00
ramon: poll                 wall=24.002s usage=23.929s user=23.661s sys=00.269s mem=134MiB roottime=23.660s load=1.00 rootload=1.00
ramon: poll                 wall=25.007s usage=24.934s user=24.659s sys=00.275s mem=140MiB roottime=24.650s load=1.00 rootload=0.99
ramon: poll                 wall=26.003s usage=25.929s user=25.654s sys=00.275s mem=140MiB roottime=25.650s load=1.00 rootload=1.00
ramon: poll                 wall=27.003s usage=26.928s user=26.654s sys=00.275s mem=140MiB roottime=26.650s load=1.00 rootload=1.00
ramon: poll                 wall=28.000s usage=27.925s user=27.650s sys=00.275s mem=140MiB roottime=27.650s load=1.00 rootload=1.00
ramon: poll                 wall=29.002s usage=28.926s user=28.651s sys=00.275s mem=140MiB roottime=28.650s load=1.00 rootload=1.00
ramon: poll                 wall=30.000s usage=29.924s user=29.649s sys=00.275s mem=140MiB roottime=29.650s load=1.00 rootload=1.00
ramon: poll                 wall=31.003s usage=30.926s user=30.652s sys=00.275s mem=140MiB roottime=30.650s load=1.00 rootload=1.00
ramon: poll                 wall=32.000s usage=31.923s user=31.648s sys=00.275s mem=140MiB roottime=31.640s load=1.00 rootload=0.99
ramon: poll                 wall=33.002s usage=32.925s user=32.650s sys=00.275s mem=140MiB roottime=32.650s load=1.00 rootload=1.01
ramon: poll                 wall=34.004s usage=33.927s user=33.652s sys=00.275s mem=140MiB roottime=33.650s load=1.00 rootload=1.00
ramon: poll                 wall=35.000s usage=34.922s user=34.647s sys=00.275s mem=140MiB roottime=34.640s load=1.00 rootload=0.99
ramon: poll                 wall=36.000s usage=35.922s user=35.647s sys=00.275s mem=140MiB roottime=35.640s load=1.00 rootload=1.00
ramon: poll                 wall=37.003s usage=36.925s user=36.650s sys=00.275s mem=140MiB roottime=36.650s load=1.00 rootload=1.01
ramon: poll                 wall=38.000s usage=37.921s user=37.647s sys=00.275s mem=140MiB roottime=37.640s load=1.00 rootload=0.99
ramon: poll                 wall=39.000s usage=38.921s user=38.646s sys=00.275s mem=140MiB roottime=38.640s load=1.00 rootload=1.00
ramon: poll                 wall=40.002s usage=39.923s user=39.648s sys=00.275s mem=140MiB roottime=39.640s load=1.00 rootload=1.00
ramon: poll                 wall=41.003s usage=40.923s user=40.648s sys=00.275s mem=140MiB roottime=40.640s load=1.00 rootload=1.00
ramon: poll                 wall=42.000s usage=41.920s user=41.645s sys=00.275s mem=140MiB roottime=41.640s load=1.00 rootload=1.00
ramon: poll                 wall=43.000s usage=42.920s user=42.645s sys=00.275s mem=140MiB roottime=42.640s load=1.00 rootload=1.00
ramon: poll                 wall=44.003s usage=43.923s user=43.648s sys=00.275s mem=140MiB roottime=43.640s load=1.00 rootload=1.00
ramon: poll                 wall=45.000s usage=44.919s user=44.644s sys=00.275s mem=140MiB roottime=44.640s load=1.00 rootload=1.00
ramon: poll                 wall=46.000s usage=45.918s user=45.644s sys=00.275s mem=140MiB roottime=45.640s load=1.00 rootload=1.00
ramon: poll                 wall=47.004s usage=46.922s user=46.647s sys=00.275s mem=140MiB roottime=46.640s load=1.00 rootload=1.00
ramon: poll                 wall=48.000s usage=47.918s user=47.643s sys=00.275s mem=140MiB roottime=47.640s load=1.00 rootload=1.00
ramon: poll                 wall=49.003s usage=48.921s user=48.646s sys=00.275s mem=140MiB roottime=48.640s load=1.00 rootload=1.00
ramon: poll                 wall=50.000s usage=49.917s user=49.643s sys=00.275s mem=140MiB roottime=49.640s load=1.00 rootload=1.00
ramon: poll                 wall=51.004s usage=50.921s user=50.646s sys=00.275s mem=140MiB roottime=50.640s load=1.00 rootload=1.00
ramon: poll                 wall=52.000s usage=51.917s user=51.642s sys=00.275s mem=140MiB roottime=51.640s load=1.00 rootload=1.00
ramon: poll                 wall=53.003s usage=52.919s user=52.644s sys=00.275s mem=140MiB roottime=52.640s load=1.00 rootload=1.00
ramon: poll                 wall=54.000s usage=53.916s user=53.641s sys=00.275s mem=140MiB roottime=53.640s load=1.00 rootload=1.00
ramon: poll                 wall=55.004s usage=54.920s user=54.645s sys=00.275s mem=140MiB roottime=54.640s load=1.00 rootload=1.00
ramon: poll                 wall=56.000s usage=55.916s user=55.641s sys=00.275s mem=140MiB roottime=55.640s load=1.00 rootload=1.00
ramon: poll                 wall=57.000s usage=56.915s user=56.641s sys=00.275s mem=140MiB roottime=56.640s load=1.00 rootload=1.00
ramon: poll                 wall=58.001s usage=57.916s user=57.641s sys=00.275s mem=140MiB roottime=57.640s load=1.00 rootload=1.00
ramon: poll                 wall=59.000s usage=58.915s user=58.640s sys=00.275s mem=140MiB roottime=58.640s load=1.00 rootload=1.00
ramon: poll                 wall=01m00.000s usage=59.915s user=59.640s sys=00.275s mem=140MiB roottime=59.640s load=1.00 rootload=1.00
ramon: poll                 wall=01m01.003s usage=01m00.917s user=01m00.642s sys=00.275s mem=140MiB roottime=60.640s load=1.00 rootload=1.00
ramon: poll                 wall=01m02.001s usage=01m01.915s user=01m01.640s sys=00.275s mem=140MiB roottime=61.640s load=1.00 rootload=1.00
ramon: poll                 wall=01m03.004s usage=01m02.918s user=01m02.643s sys=00.275s mem=140MiB roottime=62.640s load=1.00 rootload=1.00
ramon: poll                 wall=01m04.002s usage=01m03.916s user=01m03.641s sys=00.275s mem=140MiB roottime=63.640s load=1.00 rootload=1.00
ramon: poll                 wall=01m05.000s usage=01m04.913s user=01m04.639s sys=00.275s mem=140MiB roottime=64.630s load=1.00 rootload=0.99
ramon: poll                 wall=01m06.000s usage=01m05.913s user=01m05.639s sys=00.275s mem=140MiB roottime=65.630s load=1.00 rootload=1.00
ramon: poll                 wall=01m07.004s usage=01m06.917s user=01m06.642s sys=00.275s mem=140MiB roottime=66.640s load=1.00 rootload=1.01
ramon: poll                 wall=01m08.000s usage=01m07.913s user=01m07.638s sys=00.275s mem=140MiB roottime=67.630s load=1.00 rootload=0.99
ramon: poll                 wall=01m09.000s usage=01m08.913s user=01m08.638s sys=00.275s mem=140MiB roottime=68.630s load=1.00 rootload=1.00
ramon: poll                 wall=01m10.004s usage=01m09.917s user=01m09.642s sys=00.275s mem=140MiB roottime=69.640s load=1.00 rootload=1.01
ramon: poll                 wall=01m11.000s usage=01m10.912s user=01m10.637s sys=00.275s mem=140MiB roottime=70.630s load=1.00 rootload=0.99
ramon: poll                 wall=01m12.000s usage=01m11.912s user=01m11.637s sys=00.275s mem=140MiB roottime=71.630s load=1.00 rootload=1.00
ramon: poll                 wall=01m13.002s usage=01m12.913s user=01m12.638s sys=00.275s mem=140MiB roottime=72.630s load=1.00 rootload=1.00
ramon: poll                 wall=01m14.000s usage=01m13.911s user=01m13.636s sys=00.275s mem=140MiB roottime=73.630s load=1.00 rootload=1.00
ramon: poll                 wall=01m15.004s usage=01m14.914s user=01m14.639s sys=00.275s mem=140MiB roottime=74.630s load=1.00 rootload=1.00
ramon: poll                 wall=01m16.000s usage=01m15.909s user=01m15.634s sys=00.275s mem=140MiB roottime=75.630s load=1.00 rootload=1.00
ramon: poll                 wall=01m17.000s usage=01m16.906s user=01m16.632s sys=00.275s mem=140MiB roottime=76.630s load=1.00 rootload=1.00
ramon: poll                 wall=01m18.004s usage=01m17.909s user=01m17.634s sys=00.275s mem=140MiB roottime=77.630s load=1.00 rootload=1.00
ramon: poll                 wall=01m19.000s usage=01m18.903s user=01m18.629s sys=00.275s mem=140MiB roottime=78.620s load=1.00 rootload=0.99
ramon: poll                 wall=01m20.000s usage=01m19.899s user=01m19.624s sys=00.275s mem=140MiB roottime=79.620s load=1.00 rootload=1.00
ramon: poll                 wall=01m21.002s usage=01m20.899s user=01m20.624s sys=00.275s mem=140MiB roottime=80.620s load=1.00 rootload=1.00
ramon: poll                 wall=01m22.000s usage=01m21.896s user=01m21.621s sys=00.275s mem=140MiB roottime=81.620s load=1.00 rootload=1.00
ramon: poll                 wall=01m23.003s usage=01m22.897s user=01m22.622s sys=00.275s mem=140MiB roottime=82.620s load=1.00 rootload=1.00
ramon: poll                 wall=01m24.000s usage=01m23.892s user=01m23.617s sys=00.275s mem=140MiB roottime=83.610s load=1.00 rootload=0.99
ramon: poll                 wall=01m25.002s usage=01m24.893s user=01m24.618s sys=00.275s mem=140MiB roottime=84.610s load=1.00 rootload=1.00
ramon: poll                 wall=01m26.002s usage=01m25.891s user=01m25.617s sys=00.275s mem=140MiB roottime=85.610s load=1.00 rootload=1.00
ramon: poll                 wall=01m27.000s usage=01m26.887s user=01m26.613s sys=00.275s mem=140MiB roottime=86.610s load=1.00 rootload=1.00
ramon: poll                 wall=01m28.002s usage=01m27.888s user=01m27.609s sys=00.279s mem=145MiB roottime=87.600s load=1.00 rootload=0.99
ramon: poll                 wall=01m29.000s usage=01m28.884s user=01m28.604s sys=00.280s mem=145MiB roottime=88.600s load=1.00 rootload=1.00
ramon: poll                 wall=01m30.004s usage=01m29.886s user=01m29.606s sys=00.280s mem=145MiB roottime=89.600s load=1.00 rootload=1.00
ramon: poll                 wall=01m31.000s usage=01m30.881s user=01m30.601s sys=00.280s mem=145MiB roottime=90.600s load=1.00 rootload=1.00
ramon: poll                 wall=01m32.000s usage=01m31.879s user=01m31.599s sys=00.280s mem=145MiB roottime=91.590s load=1.00 rootload=0.99
ramon: poll                 wall=01m33.003s usage=01m32.880s user=01m32.600s sys=00.280s mem=145MiB roottime=92.600s load=1.00 rootload=1.01
ramon: poll                 wall=01m34.000s usage=01m33.876s user=01m33.596s sys=00.280s mem=145MiB roottime=93.590s load=1.00 rootload=0.99
ramon: poll                 wall=01m35.003s usage=01m34.877s user=01m34.597s sys=00.280s mem=145MiB roottime=94.590s load=1.00 rootload=1.00
ramon: poll                 wall=01m36.000s usage=01m35.872s user=01m35.592s sys=00.280s mem=145MiB roottime=95.590s load=1.00 rootload=1.00
ramon: poll                 wall=01m37.000s usage=01m36.869s user=01m36.589s sys=00.280s mem=145MiB roottime=96.580s load=1.00 rootload=0.99
ramon: poll                 wall=01m38.004s usage=01m37.872s user=01m37.592s sys=00.280s mem=145MiB roottime=97.590s load=1.00 rootload=1.01
ramon: poll                 wall=01m39.000s usage=01m38.865s user=01m38.586s sys=00.280s mem=145MiB roottime=98.580s load=1.00 rootload=0.99
ramon: poll                 wall=01m40.000s usage=01m39.864s user=01m39.584s sys=00.280s mem=145MiB roottime=99.580s load=1.00 rootload=1.00
ramon: poll                 wall=01m41.002s usage=01m40.864s user=01m40.584s sys=00.280s mem=145MiB roottime=100.580s load=1.00 rootload=1.00
ramon: poll                 wall=01m42.000s usage=01m41.860s user=01m41.580s sys=00.280s mem=145MiB roottime=101.580s load=1.00 rootload=1.00
ramon: poll                 wall=01m43.006s usage=01m42.863s user=01m42.583s sys=00.280s mem=145MiB roottime=102.580s load=1.00 rootload=0.99
ramon: poll                 wall=01m44.000s usage=01m43.855s user=01m43.575s sys=00.280s mem=145MiB roottime=103.570s load=1.00 rootload=1.00
ramon: poll                 wall=01m45.002s usage=01m44.855s user=01m44.575s sys=00.280s mem=145MiB roottime=104.570s load=1.00 rootload=1.00
ramon: poll                 wall=01m46.000s usage=01m45.852s user=01m45.572s sys=00.280s mem=145MiB roottime=105.570s load=1.00 rootload=1.00
ramon: poll                 wall=01m47.004s usage=01m46.853s user=01m46.573s sys=00.280s mem=145MiB roottime=106.570s load=1.00 rootload=1.00
ramon: poll                 wall=01m48.000s usage=01m47.848s user=01m47.568s sys=00.280s mem=145MiB roottime=107.560s load=1.00 rootload=0.99
ramon: poll                 wall=01m49.000s usage=01m48.846s user=01m48.566s sys=00.280s mem=145MiB roottime=108.560s load=1.00 rootload=1.00
ramon: poll                 wall=01m50.004s usage=01m49.848s user=01m49.568s sys=00.280s mem=145MiB roottime=109.560s load=1.00 rootload=1.00
ramon: poll                 wall=01m51.003s usage=01m50.845s user=01m50.563s sys=00.282s mem=145MiB roottime=110.560s load=1.00 rootload=1.00
ramon: poll                 wall=01m52.003s usage=01m51.844s user=01m51.561s sys=00.283s mem=145MiB roottime=111.560s load=1.00 rootload=1.00
ramon: poll                 wall=01m53.002s usage=01m52.840s user=01m52.557s sys=00.284s mem=146MiB roottime=112.550s load=1.00 rootload=0.99
ramon: poll                 wall=01m54.004s usage=01m53.840s user=01m53.556s sys=00.284s mem=146MiB roottime=113.550s load=1.00 rootload=1.00
ramon: poll                 wall=01m55.000s usage=01m54.834s user=01m54.550s sys=00.284s mem=146MiB roottime=114.550s load=1.00 rootload=1.00
ramon: poll                 wall=01m56.000s usage=01m55.832s user=01m55.547s sys=00.285s mem=146MiB roottime=115.540s load=1.00 rootload=0.99
ramon: poll                 wall=01m57.003s usage=01m56.832s user=01m56.547s sys=00.285s mem=147MiB roottime=116.540s load=1.00 rootload=1.00
ramon: poll                 wall=01m58.002s usage=01m57.829s user=01m57.542s sys=00.287s mem=148MiB roottime=117.540s load=1.00 rootload=1.00
ramon: poll                 wall=01m59.002s usage=01m58.826s user=01m58.539s sys=00.287s mem=148MiB roottime=118.530s load=1.00 rootload=0.99
ramon: poll                 wall=02m00.000s usage=01m59.822s user=01m59.535s sys=00.287s mem=148MiB roottime=119.530s load=1.00 rootload=1.00
ramon: poll                 wall=02m01.000s usage=02m00.818s user=02m00.531s sys=00.288s mem=149MiB roottime=120.530s load=1.00 rootload=1.00
ramon: poll                 wall=02m02.000s usage=02m01.816s user=02m01.528s sys=00.288s mem=149MiB roottime=121.520s load=1.00 rootload=0.99
ramon: poll                 wall=02m03.000s usage=02m02.814s user=02m02.526s sys=00.288s mem=149MiB roottime=122.520s load=1.00 rootload=1.00
ramon: poll                 wall=02m04.000s usage=02m03.811s user=02m03.523s sys=00.288s mem=149MiB roottime=123.520s load=1.00 rootload=1.00
ramon: poll                 wall=02m05.000s usage=02m04.809s user=02m04.521s sys=00.288s mem=149MiB roottime=124.520s load=1.00 rootload=1.00
ramon: poll                 wall=02m06.002s usage=02m05.808s user=02m05.520s sys=00.288s mem=149MiB roottime=125.520s load=1.00 rootload=1.00
ramon: poll                 wall=02m07.002s usage=02m06.797s user=02m06.509s sys=00.288s mem=150MiB roottime=126.500s load=0.99 rootload=0.98
ramon: poll                 wall=02m08.000s usage=02m07.793s user=02m07.505s sys=00.288s mem=150MiB roottime=127.500s load=1.00 rootload=1.00
ramon: poll                 wall=02m09.000s usage=02m08.790s user=02m08.502s sys=00.288s mem=150MiB roottime=128.500s load=1.00 rootload=1.00
ramon: poll                 wall=02m10.006s usage=02m09.793s user=02m09.503s sys=00.290s mem=151MiB roottime=129.500s load=1.00 rootload=0.99
ramon: poll                 wall=02m11.000s usage=02m10.784s user=02m10.490s sys=00.294s mem=151MiB roottime=130.490s load=1.00 rootload=1.00
ramon: poll                 wall=02m12.000s usage=02m11.780s user=02m11.485s sys=00.295s mem=152MiB roottime=131.480s load=1.00 rootload=0.99
ramon: poll                 wall=02m13.004s usage=02m12.777s user=02m12.483s sys=00.295s mem=153MiB roottime=132.480s load=0.99 rootload=1.00
ramon: poll                 wall=02m14.004s usage=02m13.774s user=02m13.474s sys=00.300s mem=154MiB roottime=133.470s load=1.00 rootload=0.99
ramon: poll                 wall=02m15.000s usage=02m14.766s user=02m14.467s sys=00.300s mem=154MiB roottime=134.460s load=1.00 rootload=0.99
ramon: poll                 wall=02m16.002s usage=02m15.765s user=02m15.465s sys=00.300s mem=154MiB roottime=135.460s load=1.00 rootload=1.00
ramon: poll                 wall=02m17.000s usage=02m16.759s user=02m16.459s sys=00.300s mem=154MiB roottime=136.450s load=1.00 rootload=0.99
ramon: poll                 wall=02m18.003s usage=02m17.759s user=02m17.459s sys=00.300s mem=154MiB roottime=137.450s load=1.00 rootload=1.00
ramon: poll                 wall=02m19.002s usage=02m18.755s user=02m18.455s sys=00.300s mem=154MiB roottime=138.450s load=1.00 rootload=1.00
ramon: poll                 wall=02m20.000s usage=02m19.749s user=02m19.449s sys=00.301s mem=155MiB roottime=139.440s load=1.00 rootload=0.99
ramon: poll                 wall=02m21.004s usage=02m20.750s user=02m20.447s sys=00.303s mem=156MiB roottime=140.440s load=1.00 rootload=1.00
ramon: poll                 wall=02m22.000s usage=02m21.742s user=02m21.433s sys=00.309s mem=158MiB roottime=141.430s load=1.00 rootload=0.99
ramon: poll                 wall=02m23.000s usage=02m22.738s user=02m22.429s sys=00.310s mem=158MiB roottime=142.420s load=1.00 rootload=0.99
ramon: poll                 wall=02m24.000s usage=02m23.735s user=02m23.425s sys=00.310s mem=158MiB roottime=143.420s load=1.00 rootload=1.00
ramon: poll                 wall=02m25.000s usage=02m24.731s user=02m24.421s sys=00.310s mem=158MiB roottime=144.420s load=1.00 rootload=1.00
ramon: poll                 wall=02m26.000s usage=02m25.728s user=02m25.417s sys=00.311s mem=158MiB roottime=145.410s load=1.00 rootload=0.99
ramon: poll                 wall=02m27.000s usage=02m26.723s user=02m26.409s sys=00.315s mem=159MiB roottime=146.400s load=1.00 rootload=0.99
ramon: poll                 wall=02m28.000s usage=02m27.719s user=02m27.401s sys=00.319s mem=160MiB roottime=147.400s load=1.00 rootload=1.00
ramon: poll                 wall=02m29.000s usage=02m28.715s user=02m28.397s sys=00.319s mem=161MiB roottime=148.390s load=1.00 rootload=0.99
ramon: poll                 wall=02m30.000s usage=02m29.712s user=02m29.392s sys=00.320s mem=161MiB roottime=149.390s load=1.00 rootload=1.00
ramon: poll                 wall=02m31.000s usage=02m30.710s user=02m30.388s sys=00.322s mem=161MiB roottime=150.380s load=1.00 rootload=0.99
ramon: poll                 wall=02m32.000s usage=02m31.707s user=02m31.382s sys=00.326s mem=162MiB roottime=151.380s load=1.00 rootload=1.00
ramon: poll                 wall=02m33.000s usage=02m32.705s user=02m32.379s sys=00.326s mem=162MiB roottime=152.370s load=1.00 rootload=0.99
ramon: poll                 wall=02m34.000s usage=02m33.702s user=02m33.374s sys=00.328s mem=162MiB roottime=153.370s load=1.00 rootload=1.00
ramon: poll                 wall=02m35.000s usage=02m34.700s user=02m34.371s sys=00.330s mem=163MiB roottime=154.370s load=1.00 rootload=1.00
ramon: poll                 wall=02m36.000s usage=02m35.698s user=02m35.368s sys=00.330s mem=163MiB roottime=155.360s load=1.00 rootload=0.99
ramon: poll                 wall=02m37.000s usage=02m36.697s user=02m36.367s sys=00.330s mem=163MiB roottime=156.360s load=1.00 rootload=1.00
ramon: poll                 wall=02m38.003s usage=02m37.699s user=02m37.369s sys=00.330s mem=164MiB roottime=157.360s load=1.00 rootload=1.00
ramon: poll                 wall=02m39.000s usage=02m38.694s user=02m38.364s sys=00.331s mem=165MiB roottime=158.360s load=1.00 rootload=1.00
ramon: poll                 wall=02m40.003s usage=02m39.697s user=02m39.365s sys=00.332s mem=165MiB roottime=159.360s load=1.00 rootload=1.00
ramon: poll                 wall=02m41.004s usage=02m40.696s user=02m40.360s sys=00.336s mem=168MiB roottime=160.360s load=1.00 rootload=1.00
ramon: poll                 wall=02m42.004s usage=02m41.695s user=02m41.359s sys=00.336s mem=168MiB roottime=161.350s load=1.00 rootload=0.99
ramon: poll                 wall=02m43.000s usage=02m42.690s user=02m42.353s sys=00.337s mem=169MiB roottime=162.350s load=1.00 rootload=1.00
ramon: poll                 wall=02m44.005s usage=02m43.694s user=02m43.354s sys=00.340s mem=170MiB roottime=163.350s load=1.00 rootload=1.00
ramon: poll                 wall=02m45.000s usage=02m44.687s user=02m44.347s sys=00.341s mem=170MiB roottime=164.340s load=1.00 rootload=0.99
ramon: poll                 wall=02m46.000s usage=02m45.687s user=02m45.346s sys=00.341s mem=170MiB roottime=165.340s load=1.00 rootload=1.00
ramon: poll                 wall=02m47.000s usage=02m46.685s user=02m46.343s sys=00.342s mem=171MiB roottime=166.340s load=1.00 rootload=1.00
ramon: poll                 wall=02m48.000s usage=02m47.684s user=02m47.340s sys=00.344s mem=172MiB roottime=167.340s load=1.00 rootload=1.00
ramon: poll                 wall=02m49.002s usage=02m48.684s user=02m48.337s sys=00.348s mem=173MiB roottime=168.330s load=1.00 rootload=0.99
ramon: poll                 wall=02m50.002s usage=02m49.683s user=02m49.328s sys=00.356s mem=174MiB roottime=169.320s load=1.00 rootload=0.99
ramon: poll                 wall=02m51.000s usage=02m50.680s user=02m50.323s sys=00.357s mem=175MiB roottime=170.320s load=1.00 rootload=1.00
ramon: poll                 wall=02m52.000s usage=02m51.679s user=02m51.316s sys=00.363s mem=177MiB roottime=171.310s load=1.00 rootload=0.99
ramon: poll                 wall=02m53.007s usage=02m52.684s user=02m52.320s sys=00.365s mem=178MiB roottime=172.320s load=1.00 rootload=1.00
ramon: poll                 wall=02m54.005s usage=02m53.682s user=02m53.316s sys=00.366s mem=178MiB roottime=173.310s load=1.00 rootload=0.99
ramon: poll                 wall=02m55.003s usage=02m54.678s user=02m54.313s sys=00.366s mem=178MiB roottime=174.310s load=1.00 rootload=1.00
ramon: poll                 wall=02m56.002s usage=02m55.677s user=02m55.311s sys=00.366s mem=178MiB roottime=175.310s load=1.00 rootload=1.00
ramon: poll                 wall=02m57.000s usage=02m56.673s user=02m56.306s sys=00.368s mem=179MiB roottime=176.300s load=1.00 rootload=0.99
ramon: poll                 wall=02m58.004s usage=02m57.677s user=02m57.306s sys=00.371s mem=180MiB roottime=177.300s load=1.00 rootload=1.00
ramon: poll                 wall=02m59.000s usage=02m58.672s user=02m58.296s sys=00.376s mem=181MiB roottime=178.290s load=1.00 rootload=0.99
ramon: poll                 wall=03m00.000s usage=02m59.670s user=02m59.293s sys=00.378s mem=183MiB roottime=179.290s load=1.00 rootload=1.00
ramon: poll                 wall=03m01.004s usage=03m00.673s user=03m00.295s sys=00.378s mem=183MiB roottime=180.290s load=1.00 rootload=1.00
ramon: poll                 wall=03m02.004s usage=03m01.672s user=03m01.289s sys=00.383s mem=185MiB roottime=181.280s load=1.00 rootload=0.99
ramon: poll                 wall=03m03.002s usage=03m02.668s user=03m02.286s sys=00.383s mem=185MiB roottime=182.280s load=1.00 rootload=1.00
ramon: poll                 wall=03m04.000s usage=03m03.666s user=03m03.283s sys=00.383s mem=185MiB roottime=183.280s load=1.00 rootload=1.00
ramon: poll                 wall=03m05.001s usage=03m04.666s user=03m04.274s sys=00.392s mem=187MiB roottime=184.270s load=1.00 rootload=0.99
ramon: poll                 wall=03m06.000s usage=03m05.664s user=03m05.268s sys=00.397s mem=189MiB roottime=185.260s load=1.00 rootload=0.99
ramon: poll                 wall=03m07.004s usage=03m06.668s user=03m06.268s sys=00.400s mem=191MiB roottime=186.260s load=1.00 rootload=1.00
ramon: poll                 wall=03m08.004s usage=03m07.668s user=03m07.268s sys=00.400s mem=191MiB roottime=187.260s load=1.00 rootload=1.00
ramon: poll                 wall=03m09.004s usage=03m08.667s user=03m08.262s sys=00.405s mem=193MiB roottime=188.260s load=1.00 rootload=1.00
ramon: poll                 wall=03m10.004s usage=03m09.667s user=03m09.262s sys=00.405s mem=193MiB roottime=189.260s load=1.00 rootload=1.00
ramon: poll                 wall=03m11.000s usage=03m10.662s user=03m10.249s sys=00.414s mem=198MiB roottime=190.240s load=1.00 rootload=0.98
ramon: poll                 wall=03m12.000s usage=03m11.662s user=03m11.249s sys=00.414s mem=198MiB roottime=191.240s load=1.00 rootload=1.00
ramon: poll                 wall=03m13.004s usage=03m12.665s user=03m12.251s sys=00.414s mem=198MiB roottime=192.250s load=1.00 rootload=1.01
ramon: poll                 wall=03m14.000s usage=03m13.659s user=03m13.246s sys=00.414s mem=198MiB roottime=193.240s load=1.00 rootload=0.99
ramon: poll                 wall=03m15.004s usage=03m14.662s user=03m14.240s sys=00.422s mem=200MiB roottime=194.240s load=1.00 rootload=1.00
ramon: poll                 wall=03m16.002s usage=03m15.658s user=03m15.229s sys=00.429s mem=203MiB roottime=195.220s load=1.00 rootload=0.98
ramon: poll                 wall=03m17.003s usage=03m16.657s user=03m16.225s sys=00.432s mem=205MiB roottime=196.220s load=1.00 rootload=1.00
ramon: poll                 wall=03m18.004s usage=03m17.656s user=03m17.225s sys=00.432s mem=205MiB roottime=197.220s load=1.00 rootload=1.00
ramon: poll                 wall=03m19.004s usage=03m18.654s user=03m18.223s sys=00.432s mem=205MiB roottime=198.220s load=1.00 rootload=1.00
ramon: poll                 wall=03m20.000s usage=03m19.650s user=03m19.216s sys=00.434s mem=205MiB roottime=199.210s load=1.00 rootload=0.99
ramon: poll                 wall=03m21.000s usage=03m20.650s user=03m20.214s sys=00.436s mem=206MiB roottime=200.210s load=1.00 rootload=1.00
ramon: poll                 wall=03m22.000s usage=03m21.649s user=03m21.213s sys=00.436s mem=206MiB roottime=201.210s load=1.00 rootload=1.00
ramon: poll                 wall=03m23.000s usage=03m22.647s user=03m22.212s sys=00.436s mem=206MiB roottime=202.210s load=1.00 rootload=1.00
ramon: poll                 wall=03m24.000s usage=03m23.647s user=03m23.207s sys=00.440s mem=207MiB roottime=203.200s load=1.00 rootload=0.99
ramon: poll                 wall=03m25.000s usage=03m24.644s user=03m24.204s sys=00.441s mem=208MiB roottime=204.200s load=1.00 rootload=1.00
ramon: poll                 wall=03m26.002s usage=03m25.646s user=03m25.200s sys=00.446s mem=209MiB roottime=205.200s load=1.00 rootload=1.00
ramon: poll                 wall=03m27.000s usage=03m26.644s user=03m26.198s sys=00.446s mem=209MiB roottime=206.190s load=1.00 rootload=0.99
ramon: poll                 wall=03m28.002s usage=03m27.645s user=03m27.200s sys=00.446s mem=209MiB roottime=207.190s load=1.00 rootload=1.00
ramon: poll                 wall=03m29.000s usage=03m28.643s user=03m28.197s sys=00.446s mem=209MiB roottime=208.190s load=1.00 rootload=1.00
ramon: poll                 wall=03m30.000s usage=03m29.642s user=03m29.196s sys=00.447s mem=210MiB roottime=209.190s load=1.00 rootload=1.00
ramon: poll                 wall=03m31.002s usage=03m30.644s user=03m30.195s sys=00.449s mem=211MiB roottime=210.190s load=1.00 rootload=1.00
ramon: poll                 wall=03m32.000s usage=03m31.641s user=03m31.192s sys=00.449s mem=211MiB roottime=211.190s load=1.00 rootload=1.00
ramon: poll                 wall=03m33.000s usage=03m32.640s user=03m32.192s sys=00.449s mem=211MiB roottime=212.190s load=1.00 rootload=1.00
ramon: poll                 wall=03m34.000s usage=03m33.640s user=03m33.191s sys=00.450s mem=212MiB roottime=213.190s load=1.00 rootload=1.00
ramon: poll                 wall=03m35.000s usage=03m34.640s user=03m34.190s sys=00.450s mem=212MiB roottime=214.190s load=1.00 rootload=1.00
ramon: poll                 wall=03m36.000s usage=03m35.639s user=03m35.188s sys=00.451s mem=213MiB roottime=215.180s load=1.00 rootload=0.99
ramon: poll                 wall=03m37.000s usage=03m36.639s user=03m36.188s sys=00.451s mem=213MiB roottime=216.180s load=1.00 rootload=1.00
ramon: poll                 wall=03m38.000s usage=03m37.638s user=03m37.187s sys=00.452s mem=213MiB roottime=217.180s load=1.00 rootload=1.00
ramon: poll                 wall=03m39.000s usage=03m38.637s user=03m38.183s sys=00.455s mem=214MiB roottime=218.180s load=1.00 rootload=1.00
ramon: poll                 wall=03m40.000s usage=03m39.635s user=03m39.178s sys=00.457s mem=215MiB roottime=219.170s load=1.00 rootload=0.99
ramon: poll                 wall=03m41.000s usage=03m40.634s user=03m40.176s sys=00.459s mem=215MiB roottime=220.170s load=1.00 rootload=1.00
ramon: poll                 wall=03m42.000s usage=03m41.634s user=03m41.171s sys=00.463s mem=216MiB roottime=221.170s load=1.00 rootload=1.00
ramon: poll                 wall=03m43.002s usage=03m42.636s user=03m42.172s sys=00.464s mem=216MiB roottime=222.170s load=1.00 rootload=1.00
ramon: poll                 wall=03m44.002s usage=03m43.635s user=03m43.171s sys=00.465s mem=216MiB roottime=223.170s load=1.00 rootload=1.00
ramon: poll                 wall=03m45.000s usage=03m44.633s user=03m44.168s sys=00.466s mem=216MiB roottime=224.160s load=1.00 rootload=0.99
ramon: poll                 wall=03m46.000s usage=03m45.633s user=03m45.166s sys=00.467s mem=217MiB roottime=225.160s load=1.00 rootload=1.00
ramon: poll                 wall=03m47.004s usage=03m46.636s user=03m46.168s sys=00.469s mem=219MiB roottime=226.160s load=1.00 rootload=1.00
ramon: poll                 wall=03m48.002s usage=03m47.634s user=03m47.163s sys=00.471s mem=220MiB roottime=227.160s load=1.00 rootload=1.00
ramon: poll                 wall=03m49.000s usage=03m48.632s user=03m48.161s sys=00.471s mem=220MiB roottime=228.160s load=1.00 rootload=1.00
ramon: poll                 wall=03m50.000s usage=03m49.631s user=03m49.161s sys=00.471s mem=220MiB roottime=229.160s load=1.00 rootload=1.00
ramon: poll                 wall=03m51.004s usage=03m50.635s user=03m50.164s sys=00.472s mem=221MiB roottime=230.160s load=1.00 rootload=1.00
ramon: poll                 wall=03m52.000s usage=03m51.631s user=03m51.155s sys=00.476s mem=222MiB roottime=231.150s load=1.00 rootload=0.99
ramon: poll                 wall=03m53.000s usage=03m52.631s user=03m52.150s sys=00.481s mem=223MiB roottime=232.150s load=1.00 rootload=1.00
ramon: poll                 wall=03m54.000s usage=03m53.630s user=03m53.145s sys=00.486s mem=224MiB roottime=233.140s load=1.00 rootload=0.99
ramon: poll                 wall=03m55.000s usage=03m54.630s user=03m54.144s sys=00.487s mem=225MiB roottime=234.140s load=1.00 rootload=1.00
ramon: poll                 wall=03m56.002s usage=03m55.632s user=03m55.144s sys=00.488s mem=225MiB roottime=235.140s load=1.00 rootload=1.00
ramon: poll                 wall=03m57.004s usage=03m56.634s user=03m56.146s sys=00.488s mem=226MiB roottime=236.140s load=1.00 rootload=1.00
ramon: poll                 wall=03m58.002s usage=03m57.631s user=03m57.137s sys=00.494s mem=229MiB roottime=237.130s load=1.00 rootload=0.99
ramon: poll                 wall=03m59.000s usage=03m58.629s user=03m58.135s sys=00.494s mem=229MiB roottime=238.130s load=1.00 rootload=1.00
ramon: poll                 wall=04m00.000s usage=03m59.629s user=03m59.129s sys=00.500s mem=232MiB roottime=239.120s load=1.00 rootload=0.99
ramon: poll                 wall=04m01.000s usage=04m00.628s user=04m00.129s sys=00.500s mem=232MiB roottime=240.120s load=1.00 rootload=1.00
ramon: poll                 wall=04m02.000s usage=04m01.627s user=04m01.120s sys=00.508s mem=235MiB roottime=241.120s load=1.00 rootload=1.00
ramon: poll                 wall=04m03.000s usage=04m02.627s user=04m02.120s sys=00.508s mem=235MiB roottime=242.120s load=1.00 rootload=1.00
ramon: poll                 wall=04m04.000s usage=04m03.627s user=04m03.119s sys=00.508s mem=235MiB roottime=243.110s load=1.00 rootload=0.99
ramon: poll                 wall=04m05.002s usage=04m04.629s user=04m04.121s sys=00.508s mem=235MiB roottime=244.120s load=1.00 rootload=1.01
ramon: poll                 wall=04m06.002s usage=04m05.629s user=04m05.121s sys=00.508s mem=235MiB roottime=245.120s load=1.00 rootload=1.00
ramon: poll                 wall=04m07.002s usage=04m06.628s user=04m06.121s sys=00.508s mem=235MiB roottime=246.120s load=1.00 rootload=1.00
ramon: poll                 wall=04m08.000s usage=04m07.626s user=04m07.118s sys=00.508s mem=235MiB roottime=247.110s load=1.00 rootload=0.99
ramon: poll                 wall=04m09.004s usage=04m08.629s user=04m08.122s sys=00.508s mem=235MiB roottime=248.120s load=1.00 rootload=1.01
ramon: poll                 wall=04m10.000s usage=04m09.625s user=04m09.117s sys=00.508s mem=235MiB roottime=249.110s load=1.00 rootload=0.99
ramon: poll                 wall=04m11.000s usage=04m10.625s user=04m10.117s sys=00.508s mem=235MiB roottime=250.110s load=1.00 rootload=1.00
ramon: poll                 wall=04m12.000s usage=04m11.624s user=04m11.114s sys=00.510s mem=236MiB roottime=251.110s load=1.00 rootload=1.00
ramon: poll                 wall=04m13.000s usage=04m12.624s user=04m12.112s sys=00.512s mem=236MiB roottime=252.110s load=1.00 rootload=1.00
ramon: poll                 wall=04m14.000s usage=04m13.623s user=04m13.109s sys=00.515s mem=237MiB roottime=253.100s load=1.00 rootload=0.99
ramon: poll                 wall=04m15.000s usage=04m14.623s user=04m14.108s sys=00.515s mem=237MiB roottime=254.100s load=1.00 rootload=1.00
ramon: poll                 wall=04m16.002s usage=04m15.624s user=04m15.110s sys=00.515s mem=237MiB roottime=255.110s load=1.00 rootload=1.01
ramon: poll                 wall=04m17.002s usage=04m16.624s user=04m16.109s sys=00.515s mem=237MiB roottime=256.100s load=1.00 rootload=0.99
ramon: poll                 wall=04m18.000s usage=04m17.621s user=04m17.106s sys=00.516s mem=237MiB roottime=257.100s load=1.00 rootload=1.00
ramon: poll                 wall=04m19.002s usage=04m18.623s user=04m18.107s sys=00.516s mem=237MiB roottime=258.100s load=1.00 rootload=1.00
ramon: poll                 wall=04m20.000s usage=04m19.620s user=04m19.103s sys=00.517s mem=238MiB roottime=259.100s load=1.00 rootload=1.00
ramon: poll                 wall=04m21.000s usage=04m20.618s user=04m20.101s sys=00.518s mem=238MiB roottime=260.100s load=1.00 rootload=1.00
ramon: poll                 wall=04m22.000s usage=04m21.618s user=04m21.098s sys=00.520s mem=239MiB roottime=261.090s load=1.00 rootload=0.99
ramon: poll                 wall=04m23.000s usage=04m22.618s user=04m22.086s sys=00.532s mem=249MiB roottime=262.080s load=1.00 rootload=0.99
ramon: poll                 wall=04m24.000s usage=04m23.618s user=04m23.073s sys=00.545s mem=257MiB roottime=263.070s load=1.00 rootload=0.99
ramon: poll                 wall=04m25.000s usage=04m24.617s user=04m24.072s sys=00.545s mem=257MiB roottime=264.070s load=1.00 rootload=1.00
ramon: poll                 wall=04m26.000s usage=04m25.617s user=04m25.060s sys=00.557s mem=265MiB roottime=265.060s load=1.00 rootload=0.99
ramon: poll                 wall=04m27.000s usage=04m26.616s user=04m26.060s sys=00.557s mem=265MiB roottime=266.050s load=1.00 rootload=0.99
ramon: poll                 wall=04m28.003s usage=04m27.619s user=04m27.062s sys=00.557s mem=265MiB roottime=267.060s load=1.00 rootload=1.01
ramon: poll                 wall=04m29.001s usage=04m28.617s user=04m28.060s sys=00.557s mem=265MiB roottime=268.060s load=1.00 rootload=1.00
ramon: poll                 wall=04m30.004s usage=04m29.620s user=04m29.063s sys=00.557s mem=265MiB roottime=269.060s load=1.00 rootload=1.00
ramon: poll                 wall=04m31.000s usage=04m30.615s user=04m30.059s sys=00.557s mem=265MiB roottime=270.050s load=1.00 rootload=0.99
ramon: poll                 wall=04m32.002s usage=04m31.617s user=04m31.060s sys=00.557s mem=265MiB roottime=271.060s load=1.00 rootload=1.01
ramon: poll                 wall=04m33.003s usage=04m32.617s user=04m32.061s sys=00.557s mem=265MiB roottime=272.060s load=1.00 rootload=1.00
ramon: poll                 wall=04m34.000s usage=04m33.614s user=04m33.058s sys=00.557s mem=265MiB roottime=273.050s load=1.00 rootload=0.99
ramon: poll                 wall=04m35.004s usage=04m34.618s user=04m34.061s sys=00.557s mem=265MiB roottime=274.060s load=1.00 rootload=1.01
ramon: poll                 wall=04m36.000s usage=04m35.613s user=04m35.057s sys=00.557s mem=265MiB roottime=275.050s load=1.00 rootload=0.99
ramon: poll                 wall=04m37.000s usage=04m36.613s user=04m36.056s sys=00.557s mem=265MiB roottime=276.050s load=1.00 rootload=1.00
ramon: poll                 wall=04m38.002s usage=04m37.615s user=04m37.058s sys=00.557s mem=265MiB roottime=277.050s load=1.00 rootload=1.00
ramon: poll                 wall=04m39.001s usage=04m38.613s user=04m38.057s sys=00.557s mem=265MiB roottime=278.050s load=1.00 rootload=1.00
ramon: poll                 wall=04m40.004s usage=04m39.616s user=04m39.059s sys=00.557s mem=265MiB roottime=279.050s load=1.00 rootload=1.00
ramon: poll                 wall=04m41.000s usage=04m40.612s user=04m40.055s sys=00.557s mem=265MiB roottime=280.050s load=1.00 rootload=1.00
ramon: poll                 wall=04m42.000s usage=04m41.611s user=04m41.055s sys=00.557s mem=265MiB roottime=281.050s load=1.00 rootload=1.00
ramon: poll                 wall=04m43.004s usage=04m42.615s user=04m42.058s sys=00.557s mem=265MiB roottime=282.050s load=1.00 rootload=1.00
ramon: poll                 wall=04m44.000s usage=04m43.611s user=04m43.054s sys=00.557s mem=265MiB roottime=283.050s load=1.00 rootload=1.00
ramon: poll                 wall=04m45.004s usage=04m44.614s user=04m44.057s sys=00.557s mem=265MiB roottime=284.050s load=1.00 rootload=1.00
ramon: poll                 wall=04m46.000s usage=04m45.610s user=04m45.053s sys=00.557s mem=265MiB roottime=285.050s load=1.00 rootload=1.00
ramon: poll                 wall=04m47.000s usage=04m46.609s user=04m46.052s sys=00.557s mem=265MiB roottime=286.050s load=1.00 rootload=1.00
ramon: poll                 wall=04m48.004s usage=04m47.613s user=04m47.056s sys=00.557s mem=265MiB roottime=287.050s load=1.00 rootload=1.00
ramon: poll                 wall=04m49.000s usage=04m48.608s user=04m48.051s sys=00.557s mem=265MiB roottime=288.050s load=1.00 rootload=1.00
ramon: poll                 wall=04m50.000s usage=04m49.608s user=04m49.051s sys=00.557s mem=265MiB roottime=289.050s load=1.00 rootload=1.00
ramon: poll                 wall=04m51.000s usage=04m50.608s user=04m50.051s sys=00.557s mem=265MiB roottime=290.050s load=1.00 rootload=1.00
ramon: poll                 wall=04m52.002s usage=04m51.609s user=04m51.053s sys=00.557s mem=265MiB roottime=291.050s load=1.00 rootload=1.00
ramon: poll                 wall=04m53.000s usage=04m52.607s user=04m52.051s sys=00.557s mem=265MiB roottime=292.050s load=1.00 rootload=1.00
ramon: poll                 wall=04m54.003s usage=04m53.610s user=04m53.053s sys=00.557s mem=265MiB roottime=293.050s load=1.00 rootload=1.00
ramon: poll                 wall=04m55.000s usage=04m54.607s user=04m54.050s sys=00.557s mem=265MiB roottime=294.050s load=1.00 rootload=1.00
ramon: poll                 wall=04m56.000s usage=04m55.607s user=04m55.050s sys=00.557s mem=265MiB roottime=295.050s load=1.00 rootload=1.00
ramon: poll                 wall=04m57.000s usage=04m56.606s user=04m56.050s sys=00.557s mem=265MiB roottime=296.050s load=1.00 rootload=1.00
ramon: poll                 wall=04m58.004s usage=04m57.610s user=04m57.054s sys=00.557s mem=265MiB roottime=297.050s load=1.00 rootload=1.00
ramon: poll                 wall=04m59.004s usage=04m58.610s user=04m58.054s sys=00.557s mem=265MiB roottime=298.050s load=1.00 rootload=1.00
ramon: poll                 wall=05m00.000s usage=04m59.605s user=04m59.049s sys=00.557s mem=265MiB roottime=299.040s load=1.00 rootload=0.99
ramon: poll                 wall=05m01.004s usage=05m00.609s user=05m00.053s sys=00.557s mem=265MiB roottime=300.050s load=1.00 rootload=1.01
ramon: poll                 wall=05m02.000s usage=05m01.605s user=05m01.048s sys=00.557s mem=265MiB roottime=301.040s load=1.00 rootload=0.99
ramon: poll                 wall=05m03.004s usage=05m02.608s user=05m02.052s sys=00.557s mem=265MiB roottime=302.050s load=1.00 rootload=1.01
ramon: poll                 wall=05m04.000s usage=05m03.604s user=05m03.048s sys=00.557s mem=265MiB roottime=303.040s load=1.00 rootload=0.99
ramon: poll                 wall=05m05.005s usage=05m04.609s user=05m04.052s sys=00.557s mem=265MiB roottime=304.050s load=1.00 rootload=1.00
ramon: poll                 wall=05m06.000s usage=05m05.604s user=05m05.047s sys=00.557s mem=265MiB roottime=305.040s load=1.00 rootload=0.99
ramon: poll                 wall=05m07.000s usage=05m06.604s user=05m06.047s sys=00.557s mem=265MiB roottime=306.040s load=1.00 rootload=1.00
ramon: poll                 wall=05m08.005s usage=05m07.608s user=05m07.052s sys=00.557s mem=265MiB roottime=307.050s load=1.00 rootload=1.01
ramon: poll                 wall=05m09.002s usage=05m08.605s user=05m08.049s sys=00.557s mem=265MiB roottime=308.040s load=1.00 rootload=0.99
ramon: poll                 wall=05m10.002s usage=05m09.605s user=05m09.048s sys=00.557s mem=265MiB roottime=309.040s load=1.00 rootload=1.00
ramon: poll                 wall=05m11.002s usage=05m10.605s user=05m10.048s sys=00.557s mem=265MiB roottime=310.040s load=1.00 rootload=1.00
ramon: poll                 wall=05m12.002s usage=05m11.604s user=05m11.048s sys=00.557s mem=265MiB roottime=311.040s load=1.00 rootload=1.00
ramon: poll                 wall=05m13.000s usage=05m12.602s user=05m12.046s sys=00.557s mem=265MiB roottime=312.040s load=1.00 rootload=1.00
ramon: poll                 wall=05m14.002s usage=05m13.604s user=05m13.047s sys=00.557s mem=265MiB roottime=313.040s load=1.00 rootload=1.00
ramon: poll                 wall=05m15.001s usage=05m14.602s user=05m14.045s sys=00.557s mem=265MiB roottime=314.040s load=1.00 rootload=1.00
ramon: poll                 wall=05m16.000s usage=05m15.601s user=05m15.044s sys=00.557s mem=265MiB roottime=315.040s load=1.00 rootload=1.00
ramon: poll                 wall=05m17.000s usage=05m16.601s user=05m16.044s sys=00.557s mem=265MiB roottime=316.040s load=1.00 rootload=1.00
ramon: poll                 wall=05m18.001s usage=05m17.602s user=05m17.045s sys=00.557s mem=265MiB roottime=317.040s load=1.00 rootload=1.00
ramon: poll                 wall=05m19.000s usage=05m18.601s user=05m18.044s sys=00.557s mem=265MiB roottime=318.040s load=1.00 rootload=1.00
ramon: poll                 wall=05m20.000s usage=05m19.600s user=05m19.044s sys=00.557s mem=265MiB roottime=319.040s load=1.00 rootload=1.00
ramon: poll                 wall=05m21.000s usage=05m20.600s user=05m20.044s sys=00.557s mem=265MiB roottime=320.040s load=1.00 rootload=1.00
ramon: poll                 wall=05m22.000s usage=05m21.600s user=05m21.043s sys=00.557s mem=265MiB roottime=321.040s load=1.00 rootload=1.00
ramon: poll                 wall=05m23.000s usage=05m22.600s user=05m22.043s sys=00.557s mem=265MiB roottime=322.040s load=1.00 rootload=1.00
ramon: poll                 wall=05m24.000s usage=05m23.600s user=05m23.043s sys=00.557s mem=265MiB roottime=323.040s load=1.00 rootload=1.00
ramon: poll                 wall=05m25.000s usage=05m24.599s user=05m24.043s sys=00.557s mem=265MiB roottime=324.040s load=1.00 rootload=1.00
ramon: poll                 wall=05m26.000s usage=05m25.599s user=05m25.043s sys=00.557s mem=265MiB roottime=325.040s load=1.00 rootload=1.00
ramon: poll                 wall=05m27.002s usage=05m26.601s user=05m26.044s sys=00.557s mem=265MiB roottime=326.040s load=1.00 rootload=1.00
ramon: poll                 wall=05m28.002s usage=05m27.601s user=05m27.044s sys=00.557s mem=265MiB roottime=327.040s load=1.00 rootload=1.00
ramon: poll                 wall=05m29.002s usage=05m28.601s user=05m28.044s sys=00.557s mem=265MiB roottime=328.040s load=1.00 rootload=1.00
ramon: poll                 wall=05m30.003s usage=05m29.601s user=05m29.045s sys=00.557s mem=265MiB roottime=329.040s load=1.00 rootload=1.00
ramon: poll                 wall=05m31.000s usage=05m30.598s user=05m30.042s sys=00.557s mem=265MiB roottime=330.040s load=1.00 rootload=1.00
ramon: poll                 wall=05m32.000s usage=05m31.598s user=05m31.041s sys=00.557s mem=265MiB roottime=331.040s load=1.00 rootload=1.00
ramon: poll                 wall=05m33.000s usage=05m32.598s user=05m32.041s sys=00.557s mem=265MiB roottime=332.040s load=1.00 rootload=1.00
ramon: poll                 wall=05m34.000s usage=05m33.598s user=05m33.041s sys=00.557s mem=265MiB roottime=333.040s load=1.00 rootload=1.00
ramon: poll                 wall=05m35.000s usage=05m34.598s user=05m34.039s sys=00.559s mem=265MiB roottime=334.030s load=1.00 rootload=0.99
ramon: poll                 wall=05m36.005s usage=05m35.602s user=05m35.043s sys=00.560s mem=265MiB roottime=335.040s load=1.00 rootload=1.00
ramon: poll                 wall=05m37.000s usage=05m36.597s user=05m36.034s sys=00.564s mem=266MiB roottime=336.030s load=1.00 rootload=0.99
ramon: poll                 wall=05m38.000s usage=05m37.597s user=05m37.033s sys=00.564s mem=266MiB roottime=337.030s load=1.00 rootload=1.00
ramon: poll                 wall=05m39.005s usage=05m38.602s user=05m38.038s sys=00.564s mem=266MiB roottime=338.030s load=1.00 rootload=0.99
ramon: poll                 wall=05m40.000s usage=05m39.596s user=05m39.032s sys=00.564s mem=266MiB roottime=339.030s load=1.00 rootload=1.01
ramon: poll                 wall=05m41.000s usage=05m40.595s user=05m40.032s sys=00.564s mem=266MiB roottime=340.030s load=1.00 rootload=1.00
ramon: poll                 wall=05m42.000s usage=05m41.595s user=05m41.031s sys=00.564s mem=266MiB roottime=341.030s load=1.00 rootload=1.00
ramon: poll                 wall=05m43.003s usage=05m42.597s user=05m42.033s sys=00.564s mem=266MiB roottime=342.030s load=1.00 rootload=1.00
ramon: poll                 wall=05m44.000s usage=05m43.594s user=05m43.030s sys=00.564s mem=266MiB roottime=343.030s load=1.00 rootload=1.00
ramon: poll                 wall=05m45.000s usage=05m44.593s user=05m44.028s sys=00.565s mem=266MiB roottime=344.020s load=1.00 rootload=0.99
ramon: poll                 wall=05m46.001s usage=05m45.593s user=05m45.024s sys=00.570s mem=267MiB roottime=345.020s load=1.00 rootload=1.00
ramon: poll                 wall=05m47.000s usage=05m46.592s user=05m46.022s sys=00.570s mem=267MiB roottime=346.020s load=1.00 rootload=1.00
ramon: poll                 wall=05m48.000s usage=05m47.591s user=05m47.019s sys=00.573s mem=268MiB roottime=347.010s load=1.00 rootload=0.99
ramon: poll                 wall=05m49.001s usage=05m48.592s user=05m48.019s sys=00.573s mem=268MiB roottime=348.010s load=1.00 rootload=1.00
ramon: poll                 wall=05m50.000s usage=05m49.591s user=05m49.014s sys=00.577s mem=269MiB roottime=349.010s load=1.00 rootload=1.00
ramon: poll                 wall=05m51.000s usage=05m50.590s user=05m50.013s sys=00.577s mem=269MiB roottime=350.010s load=1.00 rootload=1.00
ramon: poll                 wall=05m52.003s usage=05m51.593s user=05m51.014s sys=00.579s mem=270MiB roottime=351.010s load=1.00 rootload=1.00
ramon: poll                 wall=05m53.003s usage=05m52.592s user=05m52.009s sys=00.583s mem=271MiB roottime=352.000s load=1.00 rootload=0.99
ramon: poll                 wall=05m54.000s usage=05m53.588s user=05m53.004s sys=00.585s mem=271MiB roottime=353.000s load=1.00 rootload=1.00
ramon: poll                 wall=05m55.004s usage=05m54.592s user=05m54.007s sys=00.585s mem=271MiB roottime=354.000s load=1.00 rootload=1.00
ramon: poll                 wall=05m56.003s usage=05m55.590s user=05m55.005s sys=00.585s mem=272MiB roottime=355.000s load=1.00 rootload=1.00
ramon: poll                 wall=05m57.000s usage=05m56.586s user=05m56.001s sys=00.586s mem=272MiB roottime=356.000s load=1.00 rootload=1.00
ramon: poll                 wall=05m58.000s usage=05m57.586s user=05m57.000s sys=00.587s mem=272MiB roottime=356.990s load=1.00 rootload=0.99
ramon: poll                 wall=05m59.000s usage=05m58.586s user=05m57.996s sys=00.590s mem=272MiB roottime=357.990s load=1.00 rootload=1.00
ramon: poll                 wall=06m00.000s usage=05m59.585s user=05m58.994s sys=00.592s mem=273MiB roottime=358.990s load=1.00 rootload=1.00
ramon: poll                 wall=06m01.002s usage=06m00.587s user=05m59.994s sys=00.593s mem=274MiB roottime=359.990s load=1.00 rootload=1.00
ramon: poll                 wall=06m02.000s usage=06m01.585s user=06m00.992s sys=00.593s mem=274MiB roottime=360.990s load=1.00 rootload=1.00
ramon: poll                 wall=06m03.000s usage=06m02.584s user=06m01.991s sys=00.594s mem=275MiB roottime=361.990s load=1.00 rootload=1.00
ramon: poll                 wall=06m04.000s usage=06m03.584s user=06m02.984s sys=00.600s mem=276MiB roottime=362.980s load=1.00 rootload=0.99
ramon: poll                 wall=06m05.002s usage=06m04.586s user=06m03.986s sys=00.600s mem=276MiB roottime=363.980s load=1.00 rootload=1.00
ramon: poll                 wall=06m06.001s usage=06m05.584s user=06m04.983s sys=00.602s mem=277MiB roottime=364.980s load=1.00 rootload=1.00
ramon: poll                 wall=06m07.002s usage=06m06.584s user=06m05.982s sys=00.603s mem=277MiB roottime=365.980s load=1.00 rootload=1.00
ramon: poll                 wall=06m08.002s usage=06m07.584s user=06m06.980s sys=00.604s mem=277MiB roottime=366.980s load=1.00 rootload=1.00
ramon: poll                 wall=06m09.000s usage=06m08.581s user=06m07.978s sys=00.604s mem=277MiB roottime=367.970s load=1.00 rootload=0.99
ramon: poll                 wall=06m10.000s usage=06m09.580s user=06m08.975s sys=00.606s mem=278MiB roottime=368.970s load=1.00 rootload=1.00
ramon: poll                 wall=06m11.000s usage=06m10.580s user=06m09.973s sys=00.607s mem=279MiB roottime=369.970s load=1.00 rootload=1.00
ramon: poll                 wall=06m12.000s usage=06m11.579s user=06m10.972s sys=00.607s mem=279MiB roottime=370.970s load=1.00 rootload=1.00
ramon: poll                 wall=06m13.000s usage=06m12.578s user=06m11.970s sys=00.608s mem=279MiB roottime=371.970s load=1.00 rootload=1.00
ramon: poll                 wall=06m14.001s usage=06m13.579s user=06m12.970s sys=00.609s mem=280MiB roottime=372.970s load=1.00 rootload=1.00
ramon: poll                 wall=06m15.003s usage=06m14.580s user=06m13.972s sys=00.609s mem=280MiB roottime=373.970s load=1.00 rootload=1.00
ramon: poll                 wall=06m16.000s usage=06m15.577s user=06m14.964s sys=00.613s mem=281MiB roottime=374.960s load=1.00 rootload=0.99
ramon: poll                 wall=06m17.003s usage=06m16.580s user=06m15.965s sys=00.615s mem=281MiB roottime=375.960s load=1.00 rootload=1.00
ramon: poll                 wall=06m18.000s usage=06m17.576s user=06m16.959s sys=00.617s mem=282MiB roottime=376.950s load=1.00 rootload=0.99
ramon: poll                 wall=06m19.003s usage=06m18.579s user=06m17.961s sys=00.618s mem=282MiB roottime=377.960s load=1.00 rootload=1.01
ramon: poll                 wall=06m20.000s usage=06m19.575s user=06m18.958s sys=00.618s mem=282MiB roottime=378.950s load=1.00 rootload=0.99
ramon: poll                 wall=06m21.001s usage=06m20.576s user=06m19.958s sys=00.618s mem=282MiB roottime=379.950s load=1.00 rootload=1.00
ramon: poll                 wall=06m22.000s usage=06m21.575s user=06m20.956s sys=00.619s mem=282MiB roottime=380.950s load=1.00 rootload=1.00
ramon: poll                 wall=06m23.005s usage=06m22.579s user=06m21.958s sys=00.621s mem=283MiB roottime=381.950s load=1.00 rootload=0.99
ramon: poll                 wall=06m24.000s usage=06m23.574s user=06m22.950s sys=00.624s mem=283MiB roottime=382.950s load=1.00 rootload=1.00
ramon: poll                 wall=06m25.000s usage=06m24.573s user=06m23.946s sys=00.628s mem=284MiB roottime=383.940s load=1.00 rootload=0.99
ramon: poll                 wall=06m26.005s usage=06m25.578s user=06m24.948s sys=00.630s mem=285MiB roottime=384.940s load=1.00 rootload=0.99
ramon: poll                 wall=06m27.000s usage=06m26.572s user=06m25.941s sys=00.631s mem=285MiB roottime=385.940s load=1.00 rootload=1.01
ramon: poll                 wall=06m28.000s usage=06m27.572s user=06m26.941s sys=00.631s mem=285MiB roottime=386.940s load=1.00 rootload=1.00
ramon: poll                 wall=06m29.000s usage=06m28.571s user=06m27.941s sys=00.631s mem=285MiB roottime=387.940s load=1.00 rootload=1.00
ramon: poll                 wall=06m30.000s usage=06m29.571s user=06m28.937s sys=00.634s mem=286MiB roottime=388.930s load=1.00 rootload=0.99
ramon: poll                 wall=06m31.000s usage=06m30.570s user=06m29.936s sys=00.634s mem=286MiB roottime=389.930s load=1.00 rootload=1.00
ramon: poll                 wall=06m32.004s usage=06m31.573s user=06m30.939s sys=00.634s mem=286MiB roottime=390.930s load=1.00 rootload=1.00
ramon: poll                 wall=06m33.000s usage=06m32.568s user=06m31.935s sys=00.634s mem=286MiB roottime=391.930s load=1.00 rootload=1.00
ramon: poll                 wall=06m34.000s usage=06m33.568s user=06m32.934s sys=00.634s mem=286MiB roottime=392.930s load=1.00 rootload=1.00
ramon: poll                 wall=06m35.004s usage=06m34.572s user=06m33.934s sys=00.638s mem=287MiB roottime=393.930s load=1.00 rootload=1.00
ramon: poll                 wall=06m36.000s usage=06m35.567s user=06m34.930s sys=00.638s mem=287MiB roottime=394.930s load=1.00 rootload=1.00
ramon: poll                 wall=06m37.002s usage=06m36.569s user=06m35.931s sys=00.638s mem=287MiB roottime=395.930s load=1.00 rootload=1.00
ramon: poll                 wall=06m38.001s usage=06m37.567s user=06m36.929s sys=00.639s mem=287MiB roottime=396.920s load=1.00 rootload=0.99
ramon: poll                 wall=06m39.000s usage=06m38.566s user=06m37.924s sys=00.642s mem=288MiB roottime=397.920s load=1.00 rootload=1.00
ramon: poll                 wall=06m40.000s usage=06m39.565s user=06m38.917s sys=00.648s mem=289MiB roottime=398.910s load=1.00 rootload=0.99
ramon: poll                 wall=06m41.000s usage=06m40.565s user=06m39.916s sys=00.649s mem=289MiB roottime=399.910s load=1.00 rootload=1.00
ramon: poll                 wall=06m42.000s usage=06m41.564s user=06m40.915s sys=00.650s mem=290MiB roottime=400.910s load=1.00 rootload=1.00
ramon: poll                 wall=06m43.000s usage=06m42.564s user=06m41.912s sys=00.652s mem=290MiB roottime=401.910s load=1.00 rootload=1.00
ramon: poll                 wall=06m44.000s usage=06m43.563s user=06m42.905s sys=00.659s mem=290MiB roottime=402.900s load=1.00 rootload=0.99
ramon: poll                 wall=06m45.003s usage=06m44.566s user=06m43.904s sys=00.662s mem=291MiB roottime=403.900s load=1.00 rootload=1.00
ramon: poll                 wall=06m46.000s usage=06m45.562s user=06m44.901s sys=00.662s mem=291MiB roottime=404.900s load=1.00 rootload=1.00
ramon: poll                 wall=06m47.003s usage=06m46.565s user=06m45.902s sys=00.663s mem=291MiB roottime=405.900s load=1.00 rootload=1.00
ramon: poll                 wall=06m48.000s usage=06m47.561s user=06m46.894s sys=00.668s mem=292MiB roottime=406.890s load=1.00 rootload=0.99
ramon: poll                 wall=06m49.000s usage=06m48.561s user=06m47.891s sys=00.670s mem=293MiB roottime=407.890s load=1.00 rootload=1.00
ramon: poll                 wall=06m50.001s usage=06m49.561s user=06m48.886s sys=00.676s mem=294MiB roottime=408.880s load=1.00 rootload=0.99
ramon: poll                 wall=06m51.004s usage=06m50.564s user=06m49.885s sys=00.679s mem=295MiB roottime=409.880s load=1.00 rootload=1.00
ramon: poll                 wall=06m52.000s usage=06m51.559s user=06m50.879s sys=00.681s mem=295MiB roottime=410.870s load=1.00 rootload=0.99
ramon: poll                 wall=06m53.000s usage=06m52.559s user=06m51.878s sys=00.681s mem=295MiB roottime=411.870s load=1.00 rootload=1.00
ramon: poll                 wall=06m54.000s usage=06m53.558s user=06m52.875s sys=00.683s mem=295MiB roottime=412.870s load=1.00 rootload=1.00
ramon: poll                 wall=06m55.000s usage=06m54.558s user=06m53.871s sys=00.687s mem=296MiB roottime=413.870s load=1.00 rootload=1.00
ramon: poll                 wall=06m56.003s usage=06m55.560s user=06m54.872s sys=00.689s mem=296MiB roottime=414.870s load=1.00 rootload=1.00
ramon: poll                 wall=06m57.000s usage=06m56.557s user=06m55.865s sys=00.692s mem=298MiB roottime=415.860s load=1.00 rootload=0.99
ramon: poll                 wall=06m58.000s usage=06m57.556s user=06m56.865s sys=00.692s mem=298MiB roottime=416.860s load=1.00 rootload=1.00
ramon: poll                 wall=06m59.002s usage=06m58.558s user=06m57.865s sys=00.693s mem=298MiB roottime=417.860s load=1.00 rootload=1.00
ramon: poll                 wall=07m00.000s usage=06m59.555s user=06m58.862s sys=00.693s mem=298MiB roottime=418.860s load=1.00 rootload=1.00
ramon: poll                 wall=07m01.002s usage=07m00.556s user=06m59.863s sys=00.694s mem=298MiB roottime=419.860s load=1.00 rootload=1.00
ramon: poll                 wall=07m02.000s usage=07m01.554s user=07m00.860s sys=00.694s mem=298MiB roottime=420.860s load=1.00 rootload=1.00
ramon: poll                 wall=07m03.000s usage=07m02.553s user=07m01.860s sys=00.694s mem=298MiB roottime=421.850s load=1.00 rootload=0.99
ramon: poll                 wall=07m04.000s usage=07m03.553s user=07m02.857s sys=00.696s mem=299MiB roottime=422.850s load=1.00 rootload=1.00
ramon: poll                 wall=07m05.000s usage=07m04.553s user=07m03.853s sys=00.700s mem=299MiB roottime=423.850s load=1.00 rootload=1.00
ramon: poll                 wall=07m06.000s usage=07m05.552s user=07m04.852s sys=00.701s mem=300MiB roottime=424.850s load=1.00 rootload=1.00
ramon: poll                 wall=07m07.000s usage=07m06.552s user=07m05.850s sys=00.702s mem=300MiB roottime=425.850s load=1.00 rootload=1.00
ramon: poll                 wall=07m08.000s usage=07m07.551s user=07m06.849s sys=00.702s mem=300MiB roottime=426.840s load=1.00 rootload=0.99
ramon: poll                 wall=07m09.000s usage=07m08.550s user=07m07.849s sys=00.702s mem=300MiB roottime=427.840s load=1.00 rootload=1.00
ramon: poll                 wall=07m10.000s usage=07m09.550s user=07m08.848s sys=00.702s mem=300MiB roottime=428.840s load=1.00 rootload=1.00
ramon: poll                 wall=07m11.000s usage=07m10.550s user=07m09.847s sys=00.703s mem=300MiB roottime=429.840s load=1.00 rootload=1.00
ramon: poll                 wall=07m12.002s usage=07m11.551s user=07m10.848s sys=00.703s mem=300MiB roottime=430.840s load=1.00 rootload=1.00
ramon: poll                 wall=07m13.000s usage=07m12.548s user=07m11.846s sys=00.703s mem=300MiB roottime=431.840s load=1.00 rootload=1.00
ramon: poll                 wall=07m14.000s usage=07m13.548s user=07m12.844s sys=00.704s mem=301MiB roottime=432.840s load=1.00 rootload=1.00
ramon: poll                 wall=07m15.000s usage=07m14.547s user=07m13.844s sys=00.704s mem=301MiB roottime=433.840s load=1.00 rootload=1.00
ramon: poll                 wall=07m16.000s usage=07m15.547s user=07m14.843s sys=00.705s mem=301MiB roottime=434.840s load=1.00 rootload=1.00
ramon: poll                 wall=07m17.000s usage=07m16.547s user=07m15.842s sys=00.705s mem=302MiB roottime=435.840s load=1.00 rootload=1.00
ramon: poll                 wall=07m18.000s usage=07m17.547s user=07m16.842s sys=00.705s mem=302MiB roottime=436.840s load=1.00 rootload=1.00
ramon: poll                 wall=07m19.000s usage=07m18.546s user=07m17.836s sys=00.710s mem=302MiB roottime=437.830s load=1.00 rootload=0.99
ramon: poll                 wall=07m20.000s usage=07m19.546s user=07m18.835s sys=00.711s mem=302MiB roottime=438.830s load=1.00 rootload=1.00
ramon: poll                 wall=07m21.000s usage=07m20.545s user=07m19.833s sys=00.713s mem=303MiB roottime=439.830s load=1.00 rootload=1.00
ramon: poll                 wall=07m22.000s usage=07m21.545s user=07m20.832s sys=00.713s mem=303MiB roottime=440.830s load=1.00 rootload=1.00
ramon: poll                 wall=07m23.000s usage=07m22.544s user=07m21.830s sys=00.715s mem=303MiB roottime=441.830s load=1.00 rootload=1.00
ramon: poll                 wall=07m24.000s usage=07m23.544s user=07m22.829s sys=00.716s mem=304MiB roottime=442.820s load=1.00 rootload=0.99
ramon: poll                 wall=07m25.000s usage=07m24.544s user=07m23.828s sys=00.716s mem=304MiB roottime=443.820s load=1.00 rootload=1.00
ramon: poll                 wall=07m26.000s usage=07m25.543s user=07m24.826s sys=00.717s mem=304MiB roottime=444.820s load=1.00 rootload=1.00
ramon: poll                 wall=07m27.000s usage=07m26.542s user=07m25.825s sys=00.718s mem=304MiB roottime=445.820s load=1.00 rootload=1.00
ramon: poll                 wall=07m28.000s usage=07m27.542s user=07m26.825s sys=00.718s mem=304MiB roottime=446.820s load=1.00 rootload=1.00
ramon: poll                 wall=07m29.000s usage=07m28.542s user=07m27.822s sys=00.720s mem=304MiB roottime=447.820s load=1.00 rootload=1.00
ramon: poll                 wall=07m30.000s usage=07m29.541s user=07m28.822s sys=00.720s mem=304MiB roottime=448.820s load=1.00 rootload=1.00
ramon: poll                 wall=07m31.000s usage=07m30.541s user=07m29.820s sys=00.721s mem=305MiB roottime=449.820s load=1.00 rootload=1.00
ramon: poll                 wall=07m32.000s usage=07m31.540s user=07m30.819s sys=00.722s mem=305MiB roottime=450.810s load=1.00 rootload=0.99
ramon: poll                 wall=07m33.000s usage=07m32.540s user=07m31.818s sys=00.722s mem=305MiB roottime=451.810s load=1.00 rootload=1.00
ramon: poll                 wall=07m34.000s usage=07m33.540s user=07m32.816s sys=00.724s mem=305MiB roottime=452.810s load=1.00 rootload=1.00
ramon: poll                 wall=07m35.000s usage=07m34.539s user=07m33.813s sys=00.726s mem=305MiB roottime=453.810s load=1.00 rootload=1.00
ramon: poll                 wall=07m36.000s usage=07m35.539s user=07m34.813s sys=00.726s mem=306MiB roottime=454.810s load=1.00 rootload=1.00
ramon: poll                 wall=07m37.000s usage=07m36.537s user=07m35.812s sys=00.726s mem=306MiB roottime=455.810s load=1.00 rootload=1.00
ramon: poll                 wall=07m38.002s usage=07m37.539s user=07m36.813s sys=00.726s mem=306MiB roottime=456.810s load=1.00 rootload=1.00
ramon: poll                 wall=07m39.002s usage=07m38.538s user=07m37.813s sys=00.726s mem=306MiB roottime=457.810s load=1.00 rootload=1.00
ramon: poll                 wall=07m40.004s usage=07m39.540s user=07m38.814s sys=00.726s mem=306MiB roottime=458.810s load=1.00 rootload=1.00
ramon: poll                 wall=07m41.000s usage=07m40.535s user=07m39.809s sys=00.727s mem=306MiB roottime=459.800s load=1.00 rootload=0.99
ramon: poll                 wall=07m42.002s usage=07m41.537s user=07m40.811s sys=00.727s mem=306MiB roottime=460.810s load=1.00 rootload=1.01
ramon: poll                 wall=07m43.003s usage=07m42.538s user=07m41.811s sys=00.727s mem=306MiB roottime=461.810s load=1.00 rootload=1.00
ramon: poll                 wall=07m44.000s usage=07m43.535s user=07m42.808s sys=00.727s mem=307MiB roottime=462.800s load=1.00 rootload=0.99
ramon: poll                 wall=07m45.002s usage=07m44.536s user=07m43.809s sys=00.728s mem=307MiB roottime=463.800s load=1.00 rootload=1.00
ramon: poll                 wall=07m46.000s usage=07m45.534s user=07m44.803s sys=00.732s mem=307MiB roottime=464.800s load=1.00 rootload=1.00
ramon: poll                 wall=07m47.002s usage=07m46.535s user=07m45.804s sys=00.732s mem=307MiB roottime=465.800s load=1.00 rootload=1.00
ramon: poll                 wall=07m48.004s usage=07m47.537s user=07m46.803s sys=00.734s mem=308MiB roottime=466.800s load=1.00 rootload=1.00
ramon: poll                 wall=07m49.002s usage=07m48.534s user=07m47.796s sys=00.738s mem=309MiB roottime=467.790s load=1.00 rootload=0.99
ramon: poll                 wall=07m50.000s usage=07m49.531s user=07m48.791s sys=00.741s mem=309MiB roottime=468.790s load=1.00 rootload=1.00
ramon: poll                 wall=07m51.000s usage=07m50.531s user=07m49.788s sys=00.743s mem=310MiB roottime=469.780s load=1.00 rootload=0.99
ramon: poll                 wall=07m52.000s usage=07m51.531s user=07m50.782s sys=00.749s mem=310MiB roottime=470.780s load=1.00 rootload=1.00
ramon: poll                 wall=07m53.004s usage=07m52.534s user=07m51.786s sys=00.749s mem=311MiB roottime=471.780s load=1.00 rootload=1.00
ramon: poll                 wall=07m54.001s usage=07m53.531s user=07m52.778s sys=00.753s mem=312MiB roottime=472.770s load=1.00 rootload=0.99
ramon: poll                 wall=07m55.002s usage=07m54.532s user=07m53.777s sys=00.755s mem=312MiB roottime=473.770s load=1.00 rootload=1.00
ramon: poll                 wall=07m56.002s usage=07m55.531s user=07m54.775s sys=00.757s mem=312MiB roottime=474.770s load=1.00 rootload=1.00
ramon: poll                 wall=07m57.000s usage=07m56.529s user=07m55.772s sys=00.757s mem=313MiB roottime=475.770s load=1.00 rootload=1.00
ramon: poll                 wall=07m58.003s usage=07m57.532s user=07m56.775s sys=00.757s mem=313MiB roottime=476.770s load=1.00 rootload=1.00
ramon: poll                 wall=07m59.002s usage=07m58.530s user=07m57.774s sys=00.757s mem=313MiB roottime=477.770s load=1.00 rootload=1.00
ramon: poll                 wall=08m00.003s usage=07m59.531s user=07m58.774s sys=00.758s mem=313MiB roottime=478.770s load=1.00 rootload=1.00
ramon: poll                 wall=08m01.000s usage=08m00.528s user=07m59.770s sys=00.758s mem=313MiB roottime=479.770s load=1.00 rootload=1.00
ramon: poll                 wall=08m02.000s usage=08m01.527s user=08m00.766s sys=00.762s mem=314MiB roottime=480.760s load=1.00 rootload=0.99
ramon: poll                 wall=08m03.000s usage=08m02.527s user=08m01.766s sys=00.762s mem=314MiB roottime=481.760s load=1.00 rootload=1.00
ramon: poll                 wall=08m04.003s usage=08m03.530s user=08m02.768s sys=00.762s mem=314MiB roottime=482.760s load=1.00 rootload=1.00
ramon: poll                 wall=08m05.000s usage=08m04.527s user=08m03.765s sys=00.762s mem=314MiB roottime=483.760s load=1.00 rootload=1.00
ramon: poll                 wall=08m06.000s usage=08m05.526s user=08m04.764s sys=00.763s mem=315MiB roottime=484.760s load=1.00 rootload=1.00
ramon: poll                 wall=08m07.000s usage=08m06.526s user=08m05.763s sys=00.763s mem=315MiB roottime=485.760s load=1.00 rootload=1.00
ramon: poll                 wall=08m08.000s usage=08m07.526s user=08m06.763s sys=00.763s mem=315MiB roottime=486.760s load=1.00 rootload=1.00
ramon: poll                 wall=08m09.003s usage=08m08.528s user=08m07.765s sys=00.764s mem=315MiB roottime=487.760s load=1.00 rootload=1.00
ramon: poll                 wall=08m10.000s usage=08m09.525s user=08m08.761s sys=00.765s mem=315MiB roottime=488.760s load=1.00 rootload=1.00
ramon: poll                 wall=08m11.000s usage=08m10.525s user=08m09.760s sys=00.765s mem=315MiB roottime=489.760s load=1.00 rootload=1.00
ramon: poll                 wall=08m12.000s usage=08m11.525s user=08m10.760s sys=00.765s mem=315MiB roottime=490.760s load=1.00 rootload=1.00
ramon: poll                 wall=08m13.000s usage=08m12.524s user=08m11.760s sys=00.765s mem=315MiB roottime=491.760s load=1.00 rootload=1.00
ramon: poll                 wall=08m14.000s usage=08m13.524s user=08m12.759s sys=00.765s mem=315MiB roottime=492.750s load=1.00 rootload=0.99
ramon: poll                 wall=08m15.000s usage=08m14.524s user=08m13.759s sys=00.765s mem=316MiB roottime=493.750s load=1.00 rootload=1.00
ramon: poll                 wall=08m16.000s usage=08m15.524s user=08m14.758s sys=00.766s mem=316MiB roottime=494.750s load=1.00 rootload=1.00
ramon: poll                 wall=08m17.000s usage=08m16.523s user=08m15.758s sys=00.766s mem=316MiB roottime=495.750s load=1.00 rootload=1.00
ramon: poll                 wall=08m18.004s usage=08m17.526s user=08m16.759s sys=00.767s mem=316MiB roottime=496.760s load=1.00 rootload=1.01
ramon: poll                 wall=08m19.000s usage=08m18.523s user=08m17.754s sys=00.769s mem=316MiB roottime=497.750s load=1.00 rootload=0.99
ramon: poll                 wall=08m20.000s usage=08m19.522s user=08m18.753s sys=00.770s mem=317MiB roottime=498.750s load=1.00 rootload=1.00
ramon: poll                 wall=08m21.000s usage=08m20.522s user=08m19.751s sys=00.772s mem=317MiB roottime=499.750s load=1.00 rootload=1.00
ramon: poll                 wall=08m22.000s usage=08m21.522s user=08m20.750s sys=00.772s mem=317MiB roottime=500.750s load=1.00 rootload=1.00
ramon: poll                 wall=08m23.000s usage=08m22.522s user=08m21.750s sys=00.772s mem=317MiB roottime=501.750s load=1.00 rootload=1.00
ramon: poll                 wall=08m24.000s usage=08m23.521s user=08m22.749s sys=00.773s mem=317MiB roottime=502.740s load=1.00 rootload=0.99
ramon: poll                 wall=08m25.000s usage=08m24.521s user=08m23.747s sys=00.774s mem=317MiB roottime=503.740s load=1.00 rootload=1.00
ramon: poll                 wall=08m26.000s usage=08m25.521s user=08m24.746s sys=00.775s mem=318MiB roottime=504.740s load=1.00 rootload=1.00
ramon: poll                 wall=08m27.000s usage=08m26.521s user=08m25.746s sys=00.775s mem=318MiB roottime=505.740s load=1.00 rootload=1.00
ramon: poll                 wall=08m28.000s usage=08m27.520s user=08m26.738s sys=00.783s mem=323MiB roottime=506.730s load=1.00 rootload=0.99
ramon: poll                 wall=08m29.000s usage=08m28.520s user=08m27.737s sys=00.783s mem=323MiB roottime=507.730s load=1.00 rootload=1.00
ramon: poll                 wall=08m30.000s usage=08m29.520s user=08m28.737s sys=00.783s mem=323MiB roottime=508.730s load=1.00 rootload=1.00
ramon: poll                 wall=08m31.000s usage=08m30.519s user=08m29.737s sys=00.783s mem=323MiB roottime=509.730s load=1.00 rootload=1.00
ramon: poll                 wall=08m32.000s usage=08m31.519s user=08m30.737s sys=00.783s mem=323MiB roottime=510.730s load=1.00 rootload=1.00
ramon: poll                 wall=08m33.000s usage=08m32.519s user=08m31.736s sys=00.783s mem=323MiB roottime=511.730s load=1.00 rootload=1.00
ramon: poll                 wall=08m34.000s usage=08m33.519s user=08m32.736s sys=00.783s mem=323MiB roottime=512.730s load=1.00 rootload=1.00
ramon: poll                 wall=08m35.000s usage=08m34.518s user=08m33.735s sys=00.783s mem=323MiB roottime=513.730s load=1.00 rootload=1.00
ramon: poll                 wall=08m36.000s usage=08m35.518s user=08m34.735s sys=00.783s mem=323MiB roottime=514.730s load=1.00 rootload=1.00
ramon: poll                 wall=08m37.000s usage=08m36.517s user=08m35.735s sys=00.783s mem=323MiB roottime=515.730s load=1.00 rootload=1.00
ramon: poll                 wall=08m38.000s usage=08m37.517s user=08m36.730s sys=00.788s mem=324MiB roottime=516.720s load=1.00 rootload=0.99
ramon: poll                 wall=08m39.000s usage=08m38.517s user=08m37.725s sys=00.792s mem=324MiB roottime=517.720s load=1.00 rootload=1.00
ramon: poll                 wall=08m40.000s usage=08m39.516s user=08m38.718s sys=00.799s mem=324MiB roottime=518.710s load=1.00 rootload=0.99
ramon: poll                 wall=08m41.000s usage=08m40.516s user=08m39.718s sys=00.799s mem=324MiB roottime=519.710s load=1.00 rootload=1.00
ramon: poll                 wall=08m42.000s usage=08m41.516s user=08m40.711s sys=00.805s mem=324MiB roottime=520.710s load=1.00 rootload=1.00
ramon: poll                 wall=08m43.000s usage=08m42.502s user=08m41.692s sys=00.811s mem=325MiB roottime=521.690s load=0.99 rootload=0.98
ramon: poll                 wall=08m44.000s usage=08m43.502s user=08m42.689s sys=00.814s mem=325MiB roottime=522.680s load=1.00 rootload=0.99
ramon: poll                 wall=08m45.000s usage=08m44.500s user=08m43.681s sys=00.820s mem=326MiB roottime=523.680s load=1.00 rootload=1.00
ramon: poll                 wall=08m46.000s usage=08m45.499s user=08m44.679s sys=00.821s mem=326MiB roottime=524.670s load=1.00 rootload=0.99
ramon: poll                 wall=08m47.000s usage=08m46.498s user=08m45.677s sys=00.821s mem=327MiB roottime=525.670s load=1.00 rootload=1.00
ramon: poll                 wall=08m48.000s usage=08m47.496s user=08m46.674s sys=00.823s mem=327MiB roottime=526.670s load=1.00 rootload=1.00
ramon: poll                 wall=08m49.003s usage=08m48.495s user=08m47.670s sys=00.825s mem=327MiB roottime=527.670s load=1.00 rootload=1.00
ramon: poll                 wall=08m50.000s usage=08m49.491s user=08m48.665s sys=00.826s mem=327MiB roottime=528.660s load=1.00 rootload=0.99
ramon: poll                 wall=08m51.000s usage=08m50.488s user=08m49.663s sys=00.826s mem=327MiB roottime=529.660s load=1.00 rootload=1.00
ramon: poll                 wall=08m52.003s usage=08m51.490s user=08m50.654s sys=00.837s mem=328MiB roottime=530.650s load=1.00 rootload=0.99
ramon: poll                 wall=08m53.000s usage=08m52.482s user=08m51.646s sys=00.837s mem=328MiB roottime=531.640s load=1.00 rootload=0.99
ramon: poll                 wall=08m54.002s usage=08m53.484s user=08m52.645s sys=00.839s mem=329MiB roottime=532.640s load=1.00 rootload=1.00
ramon: poll                 wall=08m55.002s usage=08m54.484s user=08m53.643s sys=00.841s mem=329MiB roottime=533.640s load=1.00 rootload=1.00
ramon: poll                 wall=08m56.000s usage=08m55.482s user=08m54.641s sys=00.841s mem=329MiB roottime=534.640s load=1.00 rootload=1.00
ramon: poll                 wall=08m57.002s usage=08m56.483s user=08m55.642s sys=00.842s mem=329MiB roottime=535.640s load=1.00 rootload=1.00
ramon: poll                 wall=08m58.000s usage=08m57.481s user=08m56.639s sys=00.842s mem=329MiB roottime=536.630s load=1.00 rootload=0.99
ramon: poll                 wall=08m59.001s usage=08m58.481s user=08m57.640s sys=00.842s mem=329MiB roottime=537.640s load=1.00 rootload=1.01
ramon: poll                 wall=09m00.004s usage=08m59.484s user=08m58.642s sys=00.843s mem=330MiB roottime=538.640s load=1.00 rootload=1.00
ramon: poll                 wall=09m01.000s usage=09m00.479s user=08m59.636s sys=00.844s mem=330MiB roottime=539.630s load=1.00 rootload=0.99
ramon: poll                 wall=09m02.000s usage=09m01.478s user=09m00.633s sys=00.846s mem=330MiB roottime=540.630s load=1.00 rootload=1.00
ramon: poll                 wall=09m03.000s usage=09m02.477s user=09m01.628s sys=00.850s mem=330MiB roottime=541.620s load=1.00 rootload=0.99
ramon: poll                 wall=09m04.007s usage=09m03.483s user=09m02.631s sys=00.853s mem=330MiB roottime=542.630s load=1.00 rootload=1.00
ramon: poll                 wall=09m05.002s usage=09m04.474s user=09m03.622s sys=00.853s mem=330MiB roottime=543.620s load=1.00 rootload=1.00
ramon: poll                 wall=09m06.000s usage=09m05.471s user=09m04.619s sys=00.853s mem=330MiB roottime=544.610s load=1.00 rootload=0.99
ramon: poll                 wall=09m07.002s usage=09m06.436s user=09m05.582s sys=00.855s mem=331MiB roottime=545.580s load=0.96 rootload=0.97
ramon: poll                 wall=09m08.004s usage=09m07.425s user=09m06.571s sys=00.855s mem=331MiB roottime=546.570s load=0.99 rootload=0.99
ramon: poll                 wall=09m09.001s usage=09m08.415s user=09m07.560s sys=00.855s mem=331MiB roottime=547.560s load=0.99 rootload=0.99
ramon: poll                 wall=09m10.001s usage=09m09.377s user=09m08.522s sys=00.855s mem=331MiB roottime=548.520s load=0.96 rootload=0.96
ramon: poll                 wall=09m11.001s usage=09m10.361s user=09m09.506s sys=00.856s mem=331MiB roottime=549.500s load=0.98 rootload=0.98
ramon: poll                 wall=09m12.003s usage=09m11.362s user=09m10.502s sys=00.860s mem=332MiB roottime=550.500s load=1.00 rootload=1.00
ramon: poll                 wall=09m13.001s usage=09m12.348s user=09m11.488s sys=00.860s mem=332MiB roottime=551.480s load=0.99 rootload=0.98
ramon: poll                 wall=09m14.013s usage=09m13.343s user=09m12.482s sys=00.861s mem=332MiB roottime=552.480s load=0.98 rootload=0.99
ramon: poll                 wall=09m15.001s usage=09m14.319s user=09m13.458s sys=00.862s mem=332MiB roottime=553.450s load=0.99 rootload=0.98
ramon: poll                 wall=09m16.002s usage=09m15.316s user=09m14.454s sys=00.863s mem=332MiB roottime=554.450s load=1.00 rootload=1.00
ramon: poll                 wall=09m17.007s usage=09m16.317s user=09m15.452s sys=00.865s mem=333MiB roottime=555.450s load=1.00 rootload=1.00
ramon: poll                 wall=09m18.000s usage=09m17.292s user=09m16.426s sys=00.866s mem=332MiB roottime=556.420s load=0.98 rootload=0.98
ramon: poll                 wall=09m19.000s usage=09m18.290s user=09m17.422s sys=00.868s mem=333MiB roottime=557.420s load=1.00 rootload=1.00
ramon: poll                 wall=09m20.000s usage=09m19.281s user=09m18.414s sys=00.868s mem=333MiB roottime=558.410s load=0.99 rootload=0.99
ramon: poll                 wall=09m21.009s usage=09m20.288s user=09m19.420s sys=00.868s mem=333MiB roottime=559.420s load=1.00 rootload=1.00
ramon: poll                 wall=09m22.003s usage=09m21.281s user=09m20.414s sys=00.868s mem=333MiB roottime=560.410s load=1.00 rootload=1.00
ramon: poll                 wall=09m23.013s usage=09m22.288s user=09m21.418s sys=00.871s mem=333MiB roottime=561.410s load=1.00 rootload=0.99
ramon: poll                 wall=09m24.003s usage=09m23.243s user=09m22.371s sys=00.872s mem=333MiB roottime=562.370s load=0.96 rootload=0.97
ramon: poll                 wall=09m25.001s usage=09m24.240s user=09m23.369s sys=00.872s mem=333MiB roottime=563.360s load=1.00 rootload=0.99
ramon: poll                 wall=09m26.010s usage=09m25.245s user=09m24.370s sys=00.875s mem=333MiB roottime=564.370s load=1.00 rootload=1.00
ramon: poll                 wall=09m27.006s usage=09m26.228s user=09m25.353s sys=00.875s mem=333MiB roottime=565.350s load=0.99 rootload=0.98
ramon: poll                 wall=09m28.005s usage=09m27.220s user=09m26.346s sys=00.875s mem=333MiB roottime=566.340s load=0.99 rootload=0.99
ramon: poll                 wall=09m29.003s usage=09m28.213s user=09m27.337s sys=00.876s mem=333MiB roottime=567.330s load=0.99 rootload=0.99
ramon: poll                 wall=09m30.002s usage=09m29.203s user=09m28.327s sys=00.876s mem=333MiB roottime=568.320s load=0.99 rootload=0.99
ramon: poll                 wall=09m31.000s usage=09m30.162s user=09m29.285s sys=00.877s mem=333MiB roottime=569.280s load=0.96 rootload=0.96
ramon: poll                 wall=09m32.000s usage=09m31.121s user=09m30.243s sys=00.878s mem=333MiB roottime=570.240s load=0.96 rootload=0.96
ramon: poll                 wall=09m33.006s usage=09m32.115s user=09m31.236s sys=00.879s mem=333MiB roottime=571.230s load=0.99 rootload=0.98
ramon: poll                 wall=09m34.001s usage=09m33.091s user=09m32.213s sys=00.879s mem=333MiB roottime=572.210s load=0.98 rootload=0.99
ramon: poll                 wall=09m35.009s usage=09m34.011s user=09m33.133s sys=00.879s mem=333MiB roottime=573.130s load=0.91 rootload=0.91
ramon: poll                 wall=09m36.000s usage=09m34.982s user=09m34.102s sys=00.880s mem=333MiB roottime=574.100s load=0.98 rootload=0.98
ramon: poll                 wall=09m37.003s usage=09m35.984s user=09m35.104s sys=00.880s mem=333MiB roottime=575.100s load=1.00 rootload=1.00
ramon: poll                 wall=09m38.000s usage=09m36.967s user=09m36.087s sys=00.880s mem=333MiB roottime=576.080s load=0.99 rootload=0.98
ramon: poll                 wall=09m39.018s usage=09m37.973s user=09m37.090s sys=00.883s mem=334MiB roottime=577.090s load=0.99 rootload=0.99
ramon: poll                 wall=09m40.004s usage=09m38.955s user=09m38.072s sys=00.883s mem=334MiB roottime=578.070s load=1.00 rootload=0.99
ramon: poll                 wall=09m41.000s usage=09m39.932s user=09m39.048s sys=00.884s mem=334MiB roottime=579.040s load=0.98 rootload=0.97
ramon: poll                 wall=09m42.000s usage=09m40.929s user=09m40.045s sys=00.885s mem=334MiB roottime=580.040s load=1.00 rootload=1.00
ramon: poll                 wall=09m43.002s usage=09m41.917s user=09m41.030s sys=00.888s mem=335MiB roottime=581.030s load=0.99 rootload=0.99
ramon: poll                 wall=09m44.003s usage=09m42.912s user=09m42.024s sys=00.889s mem=335MiB roottime=582.020s load=0.99 rootload=0.99
ramon: poll                 wall=09m45.000s usage=09m43.895s user=09m43.006s sys=00.889s mem=334MiB roottime=583.000s load=0.99 rootload=0.98
ramon: poll                 wall=09m46.000s usage=09m44.889s user=09m43.999s sys=00.890s mem=335MiB roottime=583.990s load=0.99 rootload=0.99
ramon: poll                 wall=09m47.000s usage=09m45.867s user=09m44.975s sys=00.892s mem=335MiB roottime=584.970s load=0.98 rootload=0.98
ramon: poll                 wall=09m48.000s usage=09m46.860s user=09m45.968s sys=00.892s mem=335MiB roottime=585.960s load=0.99 rootload=0.99
ramon: poll                 wall=09m49.000s usage=09m47.807s user=09m46.913s sys=00.894s mem=335MiB roottime=586.910s load=0.95 rootload=0.95
ramon: poll                 wall=09m50.004s usage=09m48.805s user=09m47.910s sys=00.895s mem=335MiB roottime=587.910s load=0.99 rootload=1.00
ramon: poll                 wall=09m51.000s usage=09m49.800s user=09m48.906s sys=00.895s mem=335MiB roottime=588.900s load=1.00 rootload=0.99
ramon: poll                 wall=09m52.000s usage=09m50.800s user=09m49.906s sys=00.895s mem=335MiB roottime=589.900s load=1.00 rootload=1.00
ramon: poll                 wall=09m53.000s usage=09m51.800s user=09m50.905s sys=00.895s mem=335MiB roottime=590.900s load=1.00 rootload=1.00
ramon: poll                 wall=09m54.002s usage=09m52.802s user=09m51.907s sys=00.895s mem=335MiB roottime=591.900s load=1.00 rootload=1.00
ramon: poll                 wall=09m55.000s usage=09m53.799s user=09m52.905s sys=00.895s mem=335MiB roottime=592.900s load=1.00 rootload=1.00
ramon: poll                 wall=09m56.000s usage=09m54.799s user=09m53.904s sys=00.895s mem=335MiB roottime=593.900s load=1.00 rootload=1.00
ramon: poll                 wall=09m57.002s usage=09m55.801s user=09m54.906s sys=00.895s mem=335MiB roottime=594.900s load=1.00 rootload=1.00
ramon: poll                 wall=09m58.002s usage=09m56.800s user=09m55.905s sys=00.896s mem=335MiB roottime=595.900s load=1.00 rootload=1.00
ramon: poll                 wall=09m59.000s usage=09m57.798s user=09m56.902s sys=00.896s mem=335MiB roottime=596.900s load=1.00 rootload=1.00
ramon: poll                 wall=10m00.005s usage=09m58.802s user=09m57.907s sys=00.896s mem=335MiB roottime=597.900s load=1.00 rootload=1.00
ramon: end                  Wed Apr 16 14:45:22 2025
ramon: root.execname        z3
ramon: root.utime           597.940s
ramon: root.stime           0.940s
ramon: group.total          598.891s
ramon: group.utime          597.945s
ramon: group.stime          0.946s
ramon: group.mempeak        336MiB
ramon: group.pidpeak        3
ramon: status               exited
ramon: exitcode             0
ramon: walltime             600.093s
ramon: loadavg              1.00
