ramon: cwd                  /home/runner/a/_work/z3-poly-testing/z3-poly-testing
ramon: start                Fri Apr  4 21:00:28 2025
ramon: nproc                128
ramon: sys.mem              64150 MiB
ramon: sys.mem.free         34310 MiB
ramon: sys.mem.avail        64062 MiB
ramon: sys.nprocs           3077
ramon: argv                 0 = z3
ramon: argv                 1 = /home/runner/a/_work/z3-poly-testing/z3-poly-testing/download/non-incremental/QF_LIA/nec-smt/large/getoption_user/prp-38-47.smt2
ramon: argv                 2 = -T:600
ramon: argv                 3 = -st
ramon: argv                 4 = lp.dio_eqs=true
ramon: argv                 5 = lp.dio_calls_period=4
ramon: childpid             2705791
ramon: poll                 wall=01.034s usage=00.989s user=00.892s sys=00.097s mem=22876KiB roottime=0.890s load=0.96 rootload=0.86
ramon: poll                 wall=02.000s usage=01.943s user=01.841s sys=00.103s mem=23980KiB roottime=1.840s load=0.99 rootload=0.98
ramon: poll                 wall=03.001s usage=02.936s user=02.833s sys=00.103s mem=24492KiB roottime=2.830s load=0.99 rootload=0.99
ramon: poll                 wall=04.004s usage=03.934s user=03.829s sys=00.106s mem=24872KiB roottime=3.820s load=1.00 rootload=0.99
ramon: poll                 wall=05.001s usage=04.928s user=04.822s sys=00.107s mem=25188KiB roottime=4.820s load=1.00 rootload=1.00
ramon: poll                 wall=06.005s usage=05.930s user=05.821s sys=00.109s mem=25756KiB roottime=5.820s load=1.00 rootload=1.00
ramon: poll                 wall=07.001s usage=06.926s user=06.816s sys=00.110s mem=26012KiB roottime=6.810s load=1.00 rootload=0.99
ramon: poll                 wall=08.002s usage=07.926s user=07.814s sys=00.112s mem=26268KiB roottime=7.810s load=1.00 rootload=1.00
ramon: poll                 wall=09.003s usage=08.927s user=08.813s sys=00.114s mem=26524KiB roottime=8.810s load=1.00 rootload=1.00
ramon: poll                 wall=10.004s usage=09.928s user=09.811s sys=00.117s mem=26524KiB roottime=9.810s load=1.00 rootload=1.00
ramon: poll                 wall=11.000s usage=10.925s user=10.807s sys=00.118s mem=26780KiB roottime=10.800s load=1.00 rootload=0.99
ramon: poll                 wall=12.003s usage=11.926s user=11.807s sys=00.119s mem=26780KiB roottime=11.800s load=1.00 rootload=1.00
ramon: poll                 wall=13.000s usage=12.924s user=12.802s sys=00.122s mem=27036KiB roottime=12.800s load=1.00 rootload=1.00
ramon: poll                 wall=14.004s usage=13.925s user=13.803s sys=00.122s mem=26844KiB roottime=13.800s load=1.00 rootload=1.00
ramon: poll                 wall=15.000s usage=14.920s user=14.795s sys=00.125s mem=27032KiB roottime=14.790s load=1.00 rootload=0.99
ramon: poll                 wall=16.014s usage=15.924s user=15.796s sys=00.128s mem=27156KiB roottime=15.790s load=0.99 rootload=0.99
ramon: poll                 wall=17.000s usage=16.902s user=16.775s sys=00.128s mem=27160KiB roottime=16.770s load=0.99 rootload=0.99
ramon: poll                 wall=18.001s usage=17.895s user=17.767s sys=00.129s mem=27320KiB roottime=17.760s load=0.99 rootload=0.99
ramon: poll                 wall=19.004s usage=18.891s user=18.762s sys=00.130s mem=27468KiB roottime=18.760s load=0.99 rootload=1.00
ramon: poll                 wall=20.001s usage=19.885s user=19.755s sys=00.130s mem=27468KiB roottime=19.750s load=1.00 rootload=0.99
ramon: poll                 wall=21.002s usage=20.883s user=20.753s sys=00.131s mem=27532KiB roottime=20.750s load=1.00 rootload=1.00
ramon: poll                 wall=22.003s usage=21.880s user=21.745s sys=00.136s mem=27940KiB roottime=21.740s load=1.00 rootload=0.99
ramon: poll                 wall=23.003s usage=22.877s user=22.742s sys=00.136s mem=27792KiB roottime=22.740s load=1.00 rootload=1.00
ramon: poll                 wall=24.004s usage=23.876s user=23.741s sys=00.136s mem=27792KiB roottime=23.740s load=1.00 rootload=1.00
ramon: poll                 wall=25.000s usage=24.873s user=24.736s sys=00.137s mem=28048KiB roottime=24.730s load=1.00 rootload=0.99
ramon: poll                 wall=26.002s usage=25.871s user=25.734s sys=00.137s mem=27968KiB roottime=25.730s load=1.00 rootload=1.00
ramon: poll                 wall=27.002s usage=26.870s user=26.731s sys=00.139s mem=28128KiB roottime=26.730s load=1.00 rootload=1.00
ramon: poll                 wall=28.001s usage=27.867s user=27.729s sys=00.139s mem=28132KiB roottime=27.720s load=1.00 rootload=0.99
ramon: poll                 wall=29.003s usage=28.867s user=28.728s sys=00.139s mem=28132KiB roottime=28.720s load=1.00 rootload=1.00
ramon: poll                 wall=30.001s usage=29.866s user=29.727s sys=00.139s mem=28132KiB roottime=29.720s load=1.00 rootload=1.00
ramon: poll                 wall=31.027s usage=30.891s user=30.750s sys=00.141s mem=28388KiB roottime=30.750s load=1.00 rootload=1.00
ramon: poll                 wall=32.038s usage=31.902s user=31.761s sys=00.141s mem=28388KiB roottime=31.760s load=1.00 rootload=1.00
ramon: poll                 wall=33.026s usage=32.889s user=32.742s sys=00.148s mem=28644KiB roottime=32.740s load=1.00 rootload=0.99
ramon: poll                 wall=34.030s usage=33.893s user=33.745s sys=00.148s mem=28644KiB roottime=33.740s load=1.00 rootload=1.00
ramon: poll                 wall=35.017s usage=34.879s user=34.731s sys=00.148s mem=28644KiB roottime=34.730s load=1.00 rootload=1.00
ramon: poll                 wall=36.029s usage=35.891s user=35.743s sys=00.148s mem=28644KiB roottime=35.740s load=1.00 rootload=1.00
ramon: poll                 wall=37.024s usage=36.885s user=36.738s sys=00.148s mem=28644KiB roottime=36.730s load=1.00 rootload=0.99
ramon: poll                 wall=38.028s usage=37.888s user=37.736s sys=00.152s mem=28644KiB roottime=37.730s load=1.00 rootload=1.00
ramon: poll                 wall=39.034s usage=38.894s user=38.742s sys=00.153s mem=28900KiB roottime=38.740s load=1.00 rootload=1.00
ramon: poll                 wall=40.022s usage=39.882s user=39.727s sys=00.155s mem=29156KiB roottime=39.720s load=1.00 rootload=0.99
ramon: poll                 wall=41.024s usage=40.884s user=40.725s sys=00.159s mem=30180KiB roottime=40.720s load=1.00 rootload=1.00
ramon: poll                 wall=42.011s usage=41.871s user=41.706s sys=00.165s mem=30692KiB roottime=41.700s load=1.00 rootload=0.99
ramon: poll                 wall=43.000s usage=42.859s user=42.689s sys=00.170s mem=31204KiB roottime=42.680s load=1.00 rootload=0.99
ramon: poll                 wall=44.000s usage=43.859s user=43.684s sys=00.175s mem=31460KiB roottime=43.680s load=1.00 rootload=1.00
ramon: poll                 wall=45.002s usage=44.860s user=44.682s sys=00.178s mem=31972KiB roottime=44.680s load=1.00 rootload=1.00
ramon: poll                 wall=46.001s usage=45.858s user=45.677s sys=00.181s mem=32228KiB roottime=45.670s load=1.00 rootload=0.99
ramon: poll                 wall=47.000s usage=46.857s user=46.675s sys=00.182s mem=32228KiB roottime=46.670s load=1.00 rootload=1.00
ramon: poll                 wall=48.001s usage=47.857s user=47.674s sys=00.184s mem=32484KiB roottime=47.670s load=1.00 rootload=1.00
ramon: poll                 wall=49.003s usage=48.859s user=48.610s sys=00.249s mem=41036KiB roottime=48.610s load=1.00 rootload=0.94
ramon: poll                 wall=50.000s usage=49.856s user=49.605s sys=00.251s mem=41292KiB roottime=49.600s load=1.00 rootload=0.99
ramon: poll                 wall=51.000s usage=50.856s user=50.602s sys=00.254s mem=41292KiB roottime=50.600s load=1.00 rootload=1.00
ramon: poll                 wall=52.001s usage=51.856s user=51.597s sys=00.259s mem=42060KiB roottime=51.590s load=1.00 rootload=0.99
ramon: poll                 wall=53.003s usage=52.857s user=52.599s sys=00.259s mem=42060KiB roottime=52.590s load=1.00 rootload=1.00
ramon: poll                 wall=54.024s usage=53.877s user=53.617s sys=00.260s mem=42316KiB roottime=53.610s load=1.00 rootload=1.00
ramon: poll                 wall=55.008s usage=54.860s user=54.599s sys=00.262s mem=42316KiB roottime=54.590s load=1.00 rootload=1.00
ramon: poll                 wall=56.000s usage=55.853s user=55.590s sys=00.263s mem=42572KiB roottime=55.590s load=1.00 rootload=1.01
ramon: poll                 wall=57.003s usage=56.856s user=56.591s sys=00.265s mem=42572KiB roottime=56.590s load=1.00 rootload=1.00
ramon: poll                 wall=58.000s usage=57.852s user=57.587s sys=00.266s mem=42572KiB roottime=57.580s load=1.00 rootload=0.99
ramon: poll                 wall=59.000s usage=58.852s user=58.582s sys=00.270s mem=43084KiB roottime=58.580s load=1.00 rootload=1.00
ramon: poll                 wall=01m00.000s usage=59.852s user=59.582s sys=00.270s mem=43084KiB roottime=59.580s load=1.00 rootload=1.00
ramon: poll                 wall=01m01.001s usage=01m00.852s user=01m00.581s sys=00.271s mem=43084KiB roottime=60.580s load=1.00 rootload=1.00
ramon: poll                 wall=01m02.001s usage=01m01.851s user=01m01.577s sys=00.275s mem=43340KiB roottime=61.570s load=1.00 rootload=0.99
ramon: poll                 wall=01m03.002s usage=01m02.852s user=01m02.578s sys=00.275s mem=43340KiB roottime=62.570s load=1.00 rootload=1.00
ramon: poll                 wall=01m04.000s usage=01m03.850s user=01m03.574s sys=00.276s mem=43596KiB roottime=63.570s load=1.00 rootload=1.00
ramon: poll                 wall=01m05.003s usage=01m04.853s user=01m04.551s sys=00.302s mem=46924KiB roottime=64.550s load=1.00 rootload=0.98
ramon: poll                 wall=01m06.000s usage=01m05.849s user=01m05.544s sys=00.305s mem=48204KiB roottime=65.540s load=1.00 rootload=0.99
ramon: poll                 wall=01m07.000s usage=01m06.849s user=01m06.538s sys=00.311s mem=49228KiB roottime=66.530s load=1.00 rootload=0.99
ramon: poll                 wall=01m08.003s usage=01m07.852s user=01m07.506s sys=00.346s mem=56140KiB roottime=67.500s load=1.00 rootload=0.97
ramon: poll                 wall=01m09.000s usage=01m08.849s user=01m08.348s sys=00.501s mem=82980KiB roottime=68.340s load=1.00 rootload=0.84
ramon: poll                 wall=01m10.000s usage=01m09.848s user=01m09.328s sys=00.521s mem=88612KiB roottime=69.320s load=1.00 rootload=0.98
ramon: poll                 wall=01m11.000s usage=01m10.848s user=01m10.156s sys=00.692s mem=125MiB roottime=70.150s load=1.00 rootload=0.83
ramon: poll                 wall=01m12.002s usage=01m11.850s user=01m11.157s sys=00.692s mem=125MiB roottime=71.150s load=1.00 rootload=1.00
ramon: poll                 wall=01m13.000s usage=01m12.848s user=01m12.155s sys=00.692s mem=125MiB roottime=72.150s load=1.00 rootload=1.00
ramon: poll                 wall=01m14.003s usage=01m13.850s user=01m13.158s sys=00.692s mem=125MiB roottime=73.150s load=1.00 rootload=1.00
ramon: poll                 wall=01m15.000s usage=01m14.847s user=01m14.155s sys=00.692s mem=125MiB roottime=74.150s load=1.00 rootload=1.00
ramon: poll                 wall=01m16.000s usage=01m15.847s user=01m15.154s sys=00.692s mem=125MiB roottime=75.150s load=1.00 rootload=1.00
ramon: poll                 wall=01m17.001s usage=01m16.847s user=01m16.155s sys=00.692s mem=125MiB roottime=76.150s load=1.00 rootload=1.00
ramon: poll                 wall=01m18.001s usage=01m17.847s user=01m17.155s sys=00.692s mem=125MiB roottime=77.150s load=1.00 rootload=1.00
ramon: poll                 wall=01m19.000s usage=01m18.846s user=01m18.154s sys=00.692s mem=125MiB roottime=78.150s load=1.00 rootload=1.00
ramon: poll                 wall=01m20.002s usage=01m19.848s user=01m19.155s sys=00.692s mem=125MiB roottime=79.150s load=1.00 rootload=1.00
ramon: poll                 wall=01m21.001s usage=01m20.846s user=01m20.154s sys=00.692s mem=125MiB roottime=80.150s load=1.00 rootload=1.00
ramon: poll                 wall=01m22.004s usage=01m21.849s user=01m21.157s sys=00.692s mem=125MiB roottime=81.150s load=1.00 rootload=1.00
ramon: poll                 wall=01m23.000s usage=01m22.845s user=01m22.150s sys=00.694s mem=125MiB roottime=82.150s load=1.00 rootload=1.00
ramon: poll                 wall=01m24.000s usage=01m23.844s user=01m23.147s sys=00.697s mem=125MiB roottime=83.140s load=1.00 rootload=0.99
ramon: poll                 wall=01m25.000s usage=01m24.844s user=01m24.147s sys=00.697s mem=126MiB roottime=84.140s load=1.00 rootload=1.00
ramon: poll                 wall=01m26.003s usage=01m25.847s user=01m25.148s sys=00.698s mem=126MiB roottime=85.140s load=1.00 rootload=1.00
ramon: poll                 wall=01m27.000s usage=01m26.843s user=01m26.144s sys=00.698s mem=126MiB roottime=86.140s load=1.00 rootload=1.00
ramon: poll                 wall=01m28.002s usage=01m27.845s user=01m27.146s sys=00.699s mem=126MiB roottime=87.140s load=1.00 rootload=1.00
ramon: poll                 wall=01m29.000s usage=01m28.843s user=01m28.142s sys=00.700s mem=126MiB roottime=88.140s load=1.00 rootload=1.00
ramon: poll                 wall=01m30.000s usage=01m29.842s user=01m29.137s sys=00.705s mem=126MiB roottime=89.130s load=1.00 rootload=0.99
ramon: poll                 wall=01m31.002s usage=01m30.844s user=01m30.139s sys=00.705s mem=126MiB roottime=90.130s load=1.00 rootload=1.00
ramon: poll                 wall=01m32.000s usage=01m31.842s user=01m31.132s sys=00.709s mem=126MiB roottime=91.130s load=1.00 rootload=1.00
ramon: poll                 wall=01m33.002s usage=01m32.843s user=01m32.133s sys=00.710s mem=126MiB roottime=92.130s load=1.00 rootload=1.00
ramon: poll                 wall=01m34.000s usage=01m33.841s user=01m33.127s sys=00.713s mem=126MiB roottime=93.120s load=1.00 rootload=0.99
ramon: poll                 wall=01m35.000s usage=01m34.841s user=01m34.126s sys=00.714s mem=126MiB roottime=94.120s load=1.00 rootload=1.00
ramon: poll                 wall=01m36.003s usage=01m35.843s user=01m35.124s sys=00.718s mem=126MiB roottime=95.120s load=1.00 rootload=1.00
ramon: poll                 wall=01m37.000s usage=01m36.839s user=01m36.116s sys=00.723s mem=127MiB roottime=96.110s load=1.00 rootload=0.99
ramon: poll                 wall=01m38.000s usage=01m37.839s user=01m37.115s sys=00.723s mem=127MiB roottime=97.110s load=1.00 rootload=1.00
ramon: poll                 wall=01m39.003s usage=01m38.842s user=01m38.118s sys=00.723s mem=127MiB roottime=98.110s load=1.00 rootload=1.00
ramon: poll                 wall=01m40.000s usage=01m39.838s user=01m39.113s sys=00.724s mem=127MiB roottime=99.110s load=1.00 rootload=1.00
ramon: poll                 wall=01m41.000s usage=01m40.837s user=01m40.108s sys=00.729s mem=127MiB roottime=100.100s load=1.00 rootload=0.99
ramon: poll                 wall=01m42.000s usage=01m41.837s user=01m41.104s sys=00.732s mem=127MiB roottime=101.100s load=1.00 rootload=1.00
ramon: poll                 wall=01m43.003s usage=01m42.840s user=01m42.107s sys=00.732s mem=127MiB roottime=102.100s load=1.00 rootload=1.00
ramon: poll                 wall=01m44.000s usage=01m43.836s user=01m43.103s sys=00.734s mem=127MiB roottime=103.100s load=1.00 rootload=1.00
ramon: poll                 wall=01m45.000s usage=01m44.836s user=01m44.102s sys=00.735s mem=127MiB roottime=104.100s load=1.00 rootload=1.00
ramon: poll                 wall=01m46.003s usage=01m45.839s user=01m45.100s sys=00.739s mem=127MiB roottime=105.100s load=1.00 rootload=1.00
ramon: poll                 wall=01m47.000s usage=01m46.835s user=01m46.093s sys=00.743s mem=127MiB roottime=106.090s load=1.00 rootload=0.99
ramon: poll                 wall=01m48.002s usage=01m47.837s user=01m47.093s sys=00.745s mem=128MiB roottime=107.090s load=1.00 rootload=1.00
ramon: poll                 wall=01m49.000s usage=01m48.835s user=01m48.088s sys=00.747s mem=128MiB roottime=108.080s load=1.00 rootload=0.99
ramon: poll                 wall=01m50.000s usage=01m49.834s user=01m49.088s sys=00.747s mem=128MiB roottime=109.080s load=1.00 rootload=1.00
ramon: poll                 wall=01m51.003s usage=01m50.837s user=01m50.089s sys=00.748s mem=128MiB roottime=110.080s load=1.00 rootload=1.00
ramon: poll                 wall=01m52.000s usage=01m51.834s user=01m51.086s sys=00.748s mem=128MiB roottime=111.080s load=1.00 rootload=1.00
ramon: poll                 wall=01m53.000s usage=01m52.833s user=01m52.086s sys=00.748s mem=128MiB roottime=112.080s load=1.00 rootload=1.00
ramon: poll                 wall=01m54.002s usage=01m53.835s user=01m53.088s sys=00.748s mem=128MiB roottime=113.080s load=1.00 rootload=1.00
ramon: poll                 wall=01m55.000s usage=01m54.833s user=01m54.085s sys=00.748s mem=128MiB roottime=114.080s load=1.00 rootload=1.00
ramon: poll                 wall=01m56.002s usage=01m55.835s user=01m55.087s sys=00.748s mem=128MiB roottime=115.080s load=1.00 rootload=1.00
ramon: poll                 wall=01m57.000s usage=01m56.832s user=01m56.085s sys=00.748s mem=128MiB roottime=116.080s load=1.00 rootload=1.00
ramon: poll                 wall=01m58.001s usage=01m57.833s user=01m57.086s sys=00.748s mem=128MiB roottime=117.080s load=1.00 rootload=1.00
ramon: poll                 wall=01m59.000s usage=01m58.832s user=01m58.084s sys=00.748s mem=128MiB roottime=118.080s load=1.00 rootload=1.00
ramon: poll                 wall=02m00.003s usage=01m59.835s user=01m59.085s sys=00.750s mem=128MiB roottime=119.080s load=1.00 rootload=1.00
ramon: poll                 wall=02m01.000s usage=02m00.829s user=02m00.079s sys=00.751s mem=128MiB roottime=120.070s load=1.00 rootload=0.99
ramon: poll                 wall=02m02.000s usage=02m01.829s user=02m01.079s sys=00.751s mem=128MiB roottime=121.070s load=1.00 rootload=1.00
ramon: poll                 wall=02m03.003s usage=02m02.830s user=02m02.079s sys=00.751s mem=128MiB roottime=122.070s load=1.00 rootload=1.00
ramon: poll                 wall=02m04.000s usage=02m03.825s user=02m03.074s sys=00.751s mem=128MiB roottime=123.070s load=1.00 rootload=1.00
ramon: poll                 wall=02m05.000s usage=02m04.824s user=02m04.074s sys=00.751s mem=128MiB roottime=124.070s load=1.00 rootload=1.00
ramon: poll                 wall=02m06.000s usage=02m05.823s user=02m05.072s sys=00.752s mem=128MiB roottime=125.070s load=1.00 rootload=1.00
ramon: poll                 wall=02m07.003s usage=02m06.824s user=02m06.071s sys=00.754s mem=128MiB roottime=126.070s load=1.00 rootload=1.00
ramon: poll                 wall=02m08.022s usage=02m07.843s user=02m07.087s sys=00.756s mem=128MiB roottime=127.080s load=1.00 rootload=0.99
ramon: poll                 wall=02m09.001s usage=02m08.821s user=02m08.064s sys=00.757s mem=128MiB roottime=128.060s load=1.00 rootload=1.00
ramon: poll                 wall=02m10.015s usage=02m09.835s user=02m09.077s sys=00.758s mem=128MiB roottime=129.070s load=1.00 rootload=1.00
ramon: poll                 wall=02m11.006s usage=02m10.825s user=02m10.066s sys=00.759s mem=128MiB roottime=130.060s load=1.00 rootload=1.00
ramon: poll                 wall=02m12.004s usage=02m11.821s user=02m11.060s sys=00.762s mem=129MiB roottime=131.050s load=1.00 rootload=0.99
ramon: poll                 wall=02m13.003s usage=02m12.821s user=02m12.057s sys=00.764s mem=129MiB roottime=132.050s load=1.00 rootload=1.00
ramon: poll                 wall=02m14.000s usage=02m13.817s user=02m13.054s sys=00.764s mem=129MiB roottime=133.050s load=1.00 rootload=1.00
ramon: poll                 wall=02m15.000s usage=02m14.817s user=02m14.050s sys=00.767s mem=129MiB roottime=134.050s load=1.00 rootload=1.00
ramon: poll                 wall=02m16.000s usage=02m15.817s user=02m15.050s sys=00.767s mem=129MiB roottime=135.050s load=1.00 rootload=1.00
ramon: poll                 wall=02m17.011s usage=02m16.827s user=02m16.060s sys=00.767s mem=129MiB roottime=136.060s load=1.00 rootload=1.00
ramon: poll                 wall=02m18.008s usage=02m17.823s user=02m17.057s sys=00.767s mem=129MiB roottime=137.050s load=1.00 rootload=0.99
ramon: poll                 wall=02m19.005s usage=02m18.820s user=02m18.053s sys=00.767s mem=129MiB roottime=138.050s load=1.00 rootload=1.00
ramon: poll                 wall=02m20.010s usage=02m19.825s user=02m19.058s sys=00.767s mem=129MiB roottime=139.050s load=1.00 rootload=1.00
ramon: poll                 wall=02m21.013s usage=02m20.827s user=02m20.061s sys=00.767s mem=129MiB roottime=140.060s load=1.00 rootload=1.01
ramon: poll                 wall=02m22.010s usage=02m21.824s user=02m21.058s sys=00.767s mem=129MiB roottime=141.050s load=1.00 rootload=0.99
ramon: poll                 wall=02m23.013s usage=02m22.827s user=02m22.060s sys=00.767s mem=129MiB roottime=142.060s load=1.00 rootload=1.01
ramon: poll                 wall=02m24.013s usage=02m23.827s user=02m23.060s sys=00.767s mem=129MiB roottime=143.060s load=1.00 rootload=1.00
ramon: poll                 wall=02m25.018s usage=02m24.831s user=02m24.065s sys=00.767s mem=129MiB roottime=144.060s load=1.00 rootload=1.00
ramon: poll                 wall=02m26.014s usage=02m25.827s user=02m25.060s sys=00.767s mem=129MiB roottime=145.060s load=1.00 rootload=1.00
ramon: poll                 wall=02m27.029s usage=02m26.842s user=02m26.075s sys=00.767s mem=129MiB roottime=146.070s load=1.00 rootload=1.00
ramon: poll                 wall=02m28.019s usage=02m27.831s user=02m27.065s sys=00.767s mem=129MiB roottime=147.060s load=1.00 rootload=1.00
ramon: poll                 wall=02m29.023s usage=02m28.835s user=02m28.069s sys=00.767s mem=129MiB roottime=148.060s load=1.00 rootload=1.00
ramon: poll                 wall=02m30.014s usage=02m29.825s user=02m29.058s sys=00.767s mem=129MiB roottime=149.050s load=1.00 rootload=1.00
ramon: poll                 wall=02m31.000s usage=02m30.812s user=02m30.045s sys=00.767s mem=129MiB roottime=150.040s load=1.00 rootload=1.00
ramon: poll                 wall=02m32.015s usage=02m31.826s user=02m31.060s sys=00.767s mem=129MiB roottime=151.050s load=1.00 rootload=0.99
ramon: poll                 wall=02m33.013s usage=02m32.824s user=02m32.058s sys=00.767s mem=129MiB roottime=152.050s load=1.00 rootload=1.00
ramon: poll                 wall=02m34.015s usage=02m33.826s user=02m33.059s sys=00.767s mem=129MiB roottime=153.050s load=1.00 rootload=1.00
ramon: poll                 wall=02m35.017s usage=02m34.828s user=02m34.061s sys=00.767s mem=129MiB roottime=154.060s load=1.00 rootload=1.01
ramon: poll                 wall=02m36.002s usage=02m35.812s user=02m35.045s sys=00.768s mem=129MiB roottime=155.040s load=1.00 rootload=0.99
ramon: poll                 wall=02m37.000s usage=02m36.809s user=02m36.042s sys=00.768s mem=129MiB roottime=156.040s load=1.00 rootload=1.00
ramon: poll                 wall=02m38.000s usage=02m37.809s user=02m37.040s sys=00.769s mem=129MiB roottime=157.040s load=1.00 rootload=1.00
ramon: poll                 wall=02m39.000s usage=02m38.809s user=02m38.039s sys=00.770s mem=129MiB roottime=158.030s load=1.00 rootload=0.99
ramon: poll                 wall=02m40.000s usage=02m39.808s user=02m39.038s sys=00.771s mem=129MiB roottime=159.030s load=1.00 rootload=1.00
ramon: poll                 wall=02m41.003s usage=02m40.812s user=02m40.039s sys=00.773s mem=129MiB roottime=160.030s load=1.00 rootload=1.00
ramon: poll                 wall=02m42.000s usage=02m41.808s user=02m41.034s sys=00.774s mem=129MiB roottime=161.030s load=1.00 rootload=1.00
ramon: poll                 wall=02m43.000s usage=02m42.807s user=02m42.026s sys=00.782s mem=130MiB roottime=162.020s load=1.00 rootload=0.99
ramon: poll                 wall=02m44.000s usage=02m43.806s user=02m43.024s sys=00.783s mem=130MiB roottime=163.020s load=1.00 rootload=1.00
ramon: poll                 wall=02m45.000s usage=02m44.806s user=02m44.020s sys=00.787s mem=130MiB roottime=164.010s load=1.00 rootload=0.99
ramon: poll                 wall=02m46.001s usage=02m45.806s user=02m45.017s sys=00.790s mem=130MiB roottime=165.010s load=1.00 rootload=1.00
ramon: poll                 wall=02m47.000s usage=02m46.805s user=02m46.014s sys=00.792s mem=131MiB roottime=166.010s load=1.00 rootload=1.00
ramon: poll                 wall=02m48.000s usage=02m47.804s user=02m47.011s sys=00.794s mem=130MiB roottime=167.010s load=1.00 rootload=1.00
ramon: end                  Fri Apr  4 21:03:17 2025
ramon: root.execname        z3
ramon: root.utime           167.120s
ramon: root.stime           0.840s
ramon: group.total          167.963s
ramon: group.utime          167.121s
ramon: group.stime          0.842s
ramon: group.mempeak        131MiB
ramon: group.pidpeak        2
ramon: status               exited
ramon: exitcode             0
ramon: walltime             168.159s
ramon: loadavg              1.00
