ramon: cwd                  /home/gh1/A/_work/z3-poly-testing/z3-poly-testing
ramon: start                Sat Jan 25 23:07:02 2025
ramon: nproc                32
ramon: sys.mem              63441 MiB
ramon: sys.mem.free         20831 MiB
ramon: sys.mem.avail        59417 MiB
ramon: sys.nprocs           1385
ramon: argv                 0 = z3
ramon: argv                 1 = inputs/QF_UFNIA_UNKNOWN/39657_2866defdd1f2434b69ab_48_QF_UFNIA.smt2
ramon: argv                 2 = -T:60
ramon: argv                 3 = -v:2
ramon: argv                 4 = -st
ramon: argv                 5 = tactic.default_tactic=(then simplify propagate-values solve-eqs simplify sls-smt)
ramon: argv                 6 = model_validate=true
ramon: argv                 7 = sls.arith_use_clausal_lookahead=true
ramon: childpid             3838291
revert to bignum solver register_term(e)
ramon: poll                 wall=1.000s usage=0.940s mem=28268KiB load=0.94 rootload=0.93
(sat.ddfw :unsat :models :kflips/sec   :flips :restarts   :reinits  :unsat_vars  :shifts)
(sat.ddfw       6      1     9.4220     11542         0          0           10     2109)
(sat.ddfw       6      5     5.5548     20813         0          1           20     4005)
ramon: poll                 wall=2.000s usage=1.940s mem=28992KiB load=1.00 rootload=1.00
(sat.ddfw       6     12     8.5912     42609         0          2           16     7953)
ramon: poll                 wall=3.000s usage=2.939s mem=28936KiB load=1.00 rootload=1.00
ramon: poll                 wall=4.009s usage=3.950s mem=28936KiB load=1.00 rootload=1.00
(sat.ddfw       5      6     7.3245     71255         0          3           22    13289)
ramon: poll                 wall=5.000s usage=4.938s mem=28936KiB load=1.00 rootload=1.00
(sat.ddfw       5     13     7.9245    113992         1          4           26    17675)
ramon: poll                 wall=6.000s usage=5.938s mem=28936KiB load=1.00 rootload=1.00
ramon: poll                 wall=7.000s usage=6.938s mem=28936KiB load=1.00 rootload=1.00
(sat.ddfw       5     19     6.7613    161044         1          5           28    21313)
ramon: poll                 wall=8.000s usage=7.938s mem=28936KiB load=1.00 rootload=1.00
ramon: poll                 wall=9.000s usage=8.938s mem=28936KiB load=1.00 rootload=0.99
(sat.ddfw       5     27     7.3150    228188         2          6           12    39757)
ramon: poll                 wall=10.000s usage=9.937s mem=28936KiB load=1.00 rootload=1.00
(sat.ddfw       5     30     6.1061    290000         2          7            2    80620)
ramon: poll                 wall=11.000s usage=10.937s mem=28936KiB load=1.00 rootload=1.00
(sat.ddfw       5     34     7.0665    370000         3          8            3   177327)
(sat.ddfw       5     34     7.9400    460000         3          9            2   350509)
ramon: poll                 wall=12.005s usage=11.945s mem=28936KiB load=1.00 rootload=1.00
ramon: poll                 wall=13.000s usage=12.937s mem=28936KiB load=1.00 rootload=1.00
ramon: poll                 wall=14.029s usage=13.969s mem=28936KiB load=1.00 rootload=1.01
ramon: poll                 wall=15.000s usage=14.937s mem=28936KiB load=1.00 rootload=0.99
(sat.ddfw       5     43     6.9100    565052         4         10           18   362487)
ramon: poll                 wall=16.000s usage=15.937s mem=28936KiB load=1.00 rootload=1.00
ramon: poll                 wall=17.000s usage=16.937s mem=28936KiB load=1.00 rootload=1.00
ramon: poll                 wall=18.000s usage=17.937s mem=28936KiB load=1.00 rootload=1.00
(sat.ddfw       5     51     6.2017    680992         5         11           23   368430)
ramon: poll                 wall=19.000s usage=18.937s mem=28936KiB load=1.00 rootload=1.00
ramon: poll                 wall=20.000s usage=19.937s mem=28936KiB load=1.00 rootload=1.00
ramon: poll                 wall=21.000s usage=20.937s mem=28936KiB load=1.00 rootload=1.00
ramon: poll                 wall=22.000s usage=21.937s mem=28936KiB load=1.00 rootload=1.00
ramon: poll                 wall=23.000s usage=22.937s mem=28936KiB load=1.00 rootload=1.00
(sat.ddfw       4      6     5.0218    797146         6         12           18   384554)
ramon: poll                 wall=24.000s usage=23.937s mem=28936KiB load=1.00 rootload=1.00
ramon: poll                 wall=25.000s usage=24.937s mem=28936KiB load=1.00 rootload=1.00
ramon: poll                 wall=26.000s usage=25.937s mem=28936KiB load=1.00 rootload=1.00
ramon: poll                 wall=27.000s usage=26.937s mem=28936KiB load=1.00 rootload=1.00
ramon: poll                 wall=28.000s usage=27.937s mem=28936KiB load=1.00 rootload=1.00
(sat.ddfw       4     14     4.9412    939122         7         13           21   398418)
ramon: poll                 wall=29.000s usage=28.937s mem=28936KiB load=1.00 rootload=1.00
ramon: poll                 wall=30.009s usage=29.949s mem=28936KiB load=1.00 rootload=1.01
ramon: poll                 wall=31.000s usage=30.937s mem=28936KiB load=1.00 rootload=0.99
ramon: poll                 wall=32.000s usage=31.937s mem=28936KiB load=1.00 rootload=1.00
ramon: poll                 wall=33.000s usage=32.937s mem=28936KiB load=1.00 rootload=1.00
(sat.ddfw       4     20     3.9909   1070691         7         14           15   406260)
ramon: poll                 wall=34.000s usage=33.937s mem=28936KiB load=1.00 rootload=1.00
ramon: poll                 wall=35.000s usage=34.937s mem=28936KiB load=1.00 rootload=1.00
ramon: poll                 wall=36.000s usage=35.936s mem=28936KiB load=1.00 rootload=1.00
ramon: poll                 wall=37.000s usage=36.936s mem=28936KiB load=1.00 rootload=1.00
(sat.ddfw       4     26     3.7821   1211119         7         15           29   413362)
ramon: poll                 wall=38.000s usage=37.936s mem=28936KiB load=1.00 rootload=1.00
ramon: poll                 wall=39.001s usage=38.940s mem=28936KiB load=1.00 rootload=1.01
ramon: poll                 wall=40.000s usage=39.936s mem=28936KiB load=1.00 rootload=0.99
ramon: poll                 wall=41.000s usage=40.936s mem=28936KiB load=1.00 rootload=1.00
ramon: poll                 wall=42.000s usage=41.936s mem=28936KiB load=1.00 rootload=1.00
(sat.ddfw       4     33     4.0342   1383238         8         16           18   421717)
ramon: poll                 wall=43.000s usage=42.935s mem=28936KiB load=1.00 rootload=1.00
ramon: poll                 wall=44.000s usage=43.935s mem=28936KiB load=1.00 rootload=1.00
ramon: poll                 wall=45.000s usage=44.935s mem=28936KiB load=1.00 rootload=1.00
ramon: poll                 wall=46.045s usage=45.983s mem=28936KiB load=1.00 rootload=1.00
ramon: poll                 wall=47.029s usage=46.967s mem=28936KiB load=1.00 rootload=1.00
ramon: poll                 wall=48.000s usage=47.935s mem=28936KiB load=1.00 rootload=1.00
ramon: poll                 wall=49.000s usage=48.934s mem=28936KiB load=1.00 rootload=1.00
ramon: poll                 wall=50.000s usage=49.934s mem=28936KiB load=1.00 rootload=1.00
(sat.ddfw       4     40     3.6376   1564843        10         17           24   435206)
ramon: poll                 wall=51.000s usage=50.934s mem=28936KiB load=1.00 rootload=1.00
ramon: poll                 wall=52.000s usage=51.934s mem=28936KiB load=1.00 rootload=1.00
ramon: poll                 wall=53.000s usage=52.934s mem=28936KiB load=1.00 rootload=1.00
ramon: poll                 wall=54.000s usage=53.934s mem=28936KiB load=1.00 rootload=1.00
ramon: poll                 wall=55.000s usage=54.933s mem=28936KiB load=1.00 rootload=1.00
ramon: poll                 wall=56.000s usage=55.933s mem=28936KiB load=1.00 rootload=1.00
(sat.ddfw       4     46     3.0274   1735103        11         18           34   447736)
ramon: poll                 wall=57.000s usage=56.933s mem=28936KiB load=1.00 rootload=1.00
ramon: poll                 wall=58.000s usage=57.932s mem=28936KiB load=1.00 rootload=1.00
ramon: poll                 wall=59.000s usage=58.932s mem=28936KiB load=1.00 rootload=1.00
ramon: poll                 wall=60.000s usage=59.932s mem=28936KiB load=1.00 rootload=1.00
ramon: end                  Sat Jan 25 23:08:02 2025
ramon: root.execname        z3
ramon: root.utime           59.980s
ramon: root.stime           0.000s
ramon: group.total          59.995s
ramon: group.utime          59.987s
ramon: group.stime          0.008s
ramon: group.mempeak        29192KiB
ramon: group.pidpeak        2
ramon: status               exited
ramon: exitcode             0
ramon: walltime             60.061s
ramon: loadavg              1.00
