ramon: cwd                  /home/gh1/A/_work/z3-poly-testing/z3-poly-testing
ramon: start                Wed Jan 15 14:02:26 2025
ramon: nproc                32
ramon: sys.mem              63441 MiB
ramon: sys.mem.free         21171 MiB
ramon: sys.mem.avail        62552 MiB
ramon: sys.nprocs           1618
ramon: argv                 0 = z3
ramon: argv                 1 = inputs/QF_NIA_CInteger/Stroeder_15__GulwaniJainKoskinen-PLDI2009-Fig1_true-termination.c__p23403_edge_closing_0.smt2
ramon: argv                 2 = -T:60
ramon: argv                 3 = -v:2
ramon: argv                 4 = -st
ramon: argv                 5 = smt.sls.enable=true
ramon: argv                 6 = smt.sls.parallel=false
ramon: argv                 7 = sls.arith_use_lookahead=true
ramon: argv                 8 = model_validate=true
ramon: childpid             1511183
(sat.solver)
(sat.copy :learned 0)
(sat.stats   :conflicts  :restarts           :learned/bin    :gc          :time)
(sat.stats          :decisions :clauses/bin       :units         :memory       )
(sat.stats      0      0    0 266804/108876     0/0 126       0    95.75   0.00)
 (sat-cleaner :elim-literals 424 :elim-clauses 440 :cost 485136 :time 0.01)
(sat.stats    122   1021    0 265741/108576   108/16 3531       0    96.54   0.03)
(sat.stats    122   1021    0 265741/108576   108/16 3531       0    96.54   0.03)
(sat.stats    122   1021    0 265741/108576   108/16 3531       0    96.54   0.03)
(sat.simplify :simplifications 1)
 (sat-scc :elim-vars 313 :elim-bin 414 :units 17 :time 0.07)
 (sat-cleaner :elim-literals 1295 :elim-clauses 6781 :cost 483139 :time 0.01)
(sat.stats    122   1021    0 252844/102923   101/13 3548       0   115.71   0.13)
(smt.searching)
(smt.stats :restarts     :decisions :clauses/bin/units       :simplify   :memory)
(smt.stats        :conflicts    :propagations        :lemmas      :deletions   )
(smt.stats    0      0      0      0  2093/1981/30       0/0     0    0   34.85)
SMT -> SLS phase
SMT -> SLS values
bounded run 30000
on-model 
on-model 
(sat.ddfw :unsat :models :kflips/sec  :flips  :restarts  :reinits  :unsat_vars  :shifts)
(sat.ddfw       0      1     51.19      1894         0          0            0        8)
sls-result l_true
ramon: end                  Wed Jan 15 14:02:26 2025
ramon: root.execname        z3
ramon: root.utime           0.370s
ramon: root.stime           0.020s
ramon: group.total          0.407s
ramon: group.utime          0.379s
ramon: group.stime          0.028s
ramon: group.mempeak        129MiB
ramon: group.pidpeak        3
ramon: status               exited
ramon: exitcode             0
ramon: walltime             0.471s
ramon: loadavg              0.87
