ramon: cwd                  /home/gh1/A/_work/z3-poly-testing/z3-poly-testing
ramon: start                Wed Jan 15 14:18:23 2025
ramon: nproc                32
ramon: sys.mem              63441 MiB
ramon: sys.mem.free         19581 MiB
ramon: sys.mem.avail        62550 MiB
ramon: sys.nprocs           1624
ramon: argv                 0 = z3
ramon: argv                 1 = inputs/QF_NIA_CInteger/Ton_Chanh_15__Hanoi_3vars_false-termination.c__p27006_terminationG_0.smt2
ramon: argv                 2 = -T:60
ramon: argv                 3 = -v:2
ramon: argv                 4 = -st
ramon: argv                 5 = smt.sls.enable=true
ramon: argv                 6 = smt.sls.parallel=false
ramon: argv                 7 = sls.arith_use_lookahead=true
ramon: argv                 8 = model_validate=true
ramon: childpid             1554231
(smt.searching)
(smt.stats :restarts     :decisions :clauses/bin/units      :simplify   :memory)
(smt.stats        :conflicts    :propagations       :lemmas      :deletions   )
(smt.stats    0      0      0      0   788/764/19       0/0     0    0   54.14)
(nlsat :conflicts 2 :decisions 0 :propagations 73 :clauses 148 :learned 2)
SMT -> SLS phase
SMT -> SLS values
bounded run 30000
(sat.ddfw :unsat :models :kflips/sec  :flips  :restarts  :reinits  :unsat_vars  :shifts)
(sat.ddfw       1      4   7.16667       817         0          0            2        2)
sls-result l_undef
SLS -> SMT phase 1
SLS -> SMT values
SMT -> SLS phase
SMT -> SLS values
bounded run 20000
(sat.ddfw :unsat :models :kflips/sec  :flips  :restarts  :reinits  :unsat_vars  :shifts)
(sat.ddfw       3      2   2.40984       441         0          0            4        3)
sls-result l_undef
SMT -> SLS phase
SMT -> SLS values
bounded run 10000
(sat.ddfw :unsat :models :kflips/sec  :flips  :restarts  :reinits  :unsat_vars  :shifts)
(sat.ddfw       6      1   2.22066       473         0          0            8        1)
sls-result l_undef
(nlsat :conflicts 5 :decisions 0 :propagations 96 :clauses 259 :learned 5)
(nlsat :conflicts 1 :decisions 0 :propagations 79 :clauses 250 :learned 1)
(nlsat :conflicts 3 :decisions 0 :propagations 77 :clauses 251 :learned 3)
(nlsat :conflicts 3 :decisions 0 :propagations 76 :clauses 250 :learned 3)
(nlsat :conflicts 2 :decisions 0 :propagations 38 :clauses 224 :learned 2)
(nlsat :conflicts 1 :decisions 0 :propagations 30 :clauses 223 :learned 1)
SMT -> SLS phase
SMT -> SLS values
bounded run 10000
(sat.ddfw :unsat :models :kflips/sec  :flips  :restarts  :reinits  :unsat_vars  :shifts)
(sat.ddfw       2      1   1.64835       450         0          0            4        1)
sls-result l_undef
(nlsat :conflicts 1 :decisions 0 :propagations 29 :clauses 223 :learned 1)
(nlsat :conflicts 1 :decisions 0 :propagations 29 :clauses 223 :learned 1)
(nlsat :conflicts 1 :decisions 0 :propagations 11 :clauses 229 :learned 1)
(nlsat :conflicts 2 :decisions 0 :propagations 74 :clauses 229 :learned 2)
(nlsat :conflicts 3 :decisions 0 :propagations 77 :clauses 227 :learned 3)
(nlsat :conflicts 3 :decisions 0 :propagations 77 :clauses 227 :learned 3)
(nlsat :conflicts 2 :decisions 0 :propagations 69 :clauses 237 :learned 2)
(nlsat :conflicts 1 :decisions 0 :propagations 73 :clauses 233 :learned 1)
(nlsat :conflicts 1 :decisions 0 :propagations 64 :clauses 232 :learned 1)
(nlsat :conflicts 1 :decisions 0 :propagations 64 :clauses 238 :learned 1)
(nlsat :conflicts 1 :decisions 0 :propagations 64 :clauses 238 :learned 1)
(nlsat :conflicts 1 :decisions 0 :propagations 65 :clauses 239 :learned 1)
(nlsat :conflicts 1 :decisions 0 :propagations 66 :clauses 249 :learned 1)
(nlsat :conflicts 1 :decisions 0 :propagations 70 :clauses 241 :learned 1)
SMT -> SLS phase
SMT -> SLS values
bounded run 10000
(sat.ddfw :unsat :models :kflips/sec  :flips  :restarts  :reinits  :unsat_vars  :shifts)
(sat.ddfw       2      1   1.25967       456         0          0            4        1)
sls-result l_undef
(nlsat :conflicts 1 :decisions 0 :propagations 70 :clauses 248 :learned 1)
(nlsat :conflicts 1 :decisions 0 :propagations 70 :clauses 249 :learned 1)
(nlsat :conflicts 1 :decisions 0 :propagations 68 :clauses 249 :learned 1)
(nlsat :conflicts 1 :decisions 0 :propagations 67 :clauses 253 :learned 1)
(nlsat :conflicts 1 :decisions 0 :propagations 70 :clauses 253 :learned 1)
(nlsat :conflicts 1 :decisions 0 :propagations 67 :clauses 253 :learned 1)
(nlsat :conflicts 1 :decisions 0 :propagations 70 :clauses 253 :learned 1)
(nlsat :conflicts 1 :decisions 0 :propagations 72 :clauses 254 :learned 1)
(nlsat :conflicts 1 :decisions 0 :propagations 72 :clauses 247 :learned 1)
(nlsat :conflicts 1 :decisions 0 :propagations 72 :clauses 247 :learned 1)
(nlsat :conflicts 1 :decisions 0 :propagations 55 :clauses 247 :learned 1)
(nlsat :conflicts 1 :decisions 0 :propagations 58 :clauses 244 :learned 1)
(nlsat :conflicts 1 :decisions 0 :propagations 62 :clauses 250 :learned 1)
(nlsat :conflicts 1 :decisions 0 :propagations 10 :clauses 250 :learned 1)
(nlsat :conflicts 1 :decisions 0 :propagations 12 :clauses 250 :learned 1)
(nlsat :conflicts 1 :decisions 0 :propagations 72 :clauses 250 :learned 1)
(nlsat :conflicts 1 :decisions 0 :propagations 10 :clauses 243 :learned 1)
(nlsat :conflicts 1 :decisions 0 :propagations 62 :clauses 244 :learned 1)
(nlsat :conflicts 1 :decisions 0 :propagations 59 :clauses 242 :learned 1)
(nlsat :conflicts 1 :decisions 0 :propagations 73 :clauses 250 :learned 1)
(nlsat :conflicts 2 :decisions 0 :propagations 48 :clauses 250 :learned 2)
(nlsat :conflicts 1 :decisions 0 :propagations 19 :clauses 250 :learned 1)
(nlsat :conflicts 1 :decisions 0 :propagations 9 :clauses 250 :learned 1)
(nlsat :conflicts 1 :decisions 0 :propagations 15 :clauses 250 :learned 1)
(nlsat :conflicts 1 :decisions 0 :propagations 13 :clauses 250 :learned 1)
(smt.stats    0    101    544    481   845/788/28     169/6     1    3   88.91)
SMT -> SLS phase
SMT -> SLS units 1 2 3 4 5 6 7 8 9 10 11 12 -64 -65 66 70 74 78 79
SMT -> SLS values
bounded run 10000
(sat.ddfw :unsat :models :kflips/sec  :flips  :restarts  :reinits  :unsat_vars  :shifts)
(sat.ddfw       3      1   1.05184       487         0          0            4        3)
sls-result l_undef
(nlsat :conflicts 1 :decisions 0 :propagations 74 :clauses 247 :learned 1)
(nlsat :conflicts 1 :decisions 0 :propagations 70 :clauses 247 :learned 1)
SMT -> SLS phase
SMT -> SLS values
bounded run 10000
(sat.ddfw :unsat :models :kflips/sec  :flips  :restarts  :reinits  :unsat_vars  :shifts)
(sat.ddfw       1      1  0.894737       442         0          0            2        1)
sls-result l_undef
SLS -> SMT phase 1
SLS -> SMT values
(nlsat :conflicts 1 :decisions 0 :propagations 70 :clauses 247 :learned 1)
SMT -> SLS phase
SMT -> SLS values
bounded run 10000
(sat.ddfw :unsat :models :kflips/sec  :flips  :restarts  :reinits  :unsat_vars  :shifts)
(sat.ddfw       3      1  0.869245       472         0          0            4        1)
sls-result l_undef
(nlsat :conflicts 1 :decisions 0 :propagations 71 :clauses 248 :learned 1)
(nlsat :conflicts 1 :decisions 0 :propagations 71 :clauses 248 :learned 1)
(nlsat :conflicts 1 :decisions 0 :propagations 75 :clauses 255 :learned 1)
SMT -> SLS phase
SMT -> SLS values
bounded run 10000
(sat.ddfw :unsat :models :kflips/sec  :flips  :restarts  :reinits  :unsat_vars  :shifts)
(sat.ddfw       3      1   0.82363       481         0          0            4        1)
sls-result l_undef
SMT -> SLS phase
SMT -> SLS values
bounded run 10000
ramon: poll                 wall=1.018s usage=0.864s mem=109MiB load=0.85 rootload=0.82
(sat.ddfw :unsat :models :kflips/sec  :flips  :restarts  :reinits  :unsat_vars  :shifts)
(sat.ddfw       1      1  0.790997       492         0          0            2        1)
sls-result l_undef
SLS -> SMT phase 1
SLS -> SMT values
(nlsat :conflicts 3 :decisions 0 :propagations 88 :clauses 255 :learned 3)
(nlsat :conflicts 3 :decisions 0 :propagations 92 :clauses 255 :learned 3)
(nlsat :conflicts 3 :decisions 0 :propagations 81 :clauses 262 :learned 3)
(nlsat :conflicts 1 :decisions 0 :propagations 75 :clauses 262 :learned 1)
SMT -> SLS phase
SMT -> SLS values
bounded run 10000
(sat.ddfw :unsat :models :kflips/sec  :flips  :restarts  :reinits  :unsat_vars  :shifts)
(sat.ddfw       1      2  0.743161       489         0          0            5        3)
sls-result l_undef
SLS -> SMT phase 1
SLS -> SMT values
(nlsat :conflicts 3 :decisions 0 :propagations 81 :clauses 262 :learned 3)
SMT -> SLS phase
SMT -> SLS values
bounded run 10000
(sat.ddfw :unsat :models :kflips/sec  :flips  :restarts  :reinits  :unsat_vars  :shifts)
(sat.ddfw       2      1  0.659942       458         0          0            3        3)
sls-result l_undef
(nlsat :conflicts 3 :decisions 0 :propagations 90 :clauses 255 :learned 3)
SMT -> SLS phase
SMT -> SLS values
bounded run 10000
(sat.ddfw :unsat :models :kflips/sec  :flips  :restarts  :reinits  :unsat_vars  :shifts)
(sat.ddfw       1      1  0.665753       486         0          0            2        1)
sls-result l_undef
SLS -> SMT phase 1
SLS -> SMT values
(nlsat :conflicts 1 :decisions 0 :propagations 81 :clauses 268 :learned 1)
SMT -> SLS phase
SMT -> SLS values
bounded run 10000
(sat.ddfw :unsat :models :kflips/sec  :flips  :restarts  :reinits  :unsat_vars  :shifts)
(sat.ddfw       6      1  0.607282       467         0          0            8        1)
sls-result l_undef
SMT -> SLS phase
SMT -> SLS values
bounded run 10000
(sat.ddfw :unsat :models :kflips/sec  :flips  :restarts  :reinits  :unsat_vars  :shifts)
(sat.ddfw       2      1  0.577307       463         0          0            4        3)
sls-result l_undef
(nlsat :conflicts 2 :decisions 0 :propagations 68 :clauses 263 :learned 2)
SMT -> SLS phase
SMT -> SLS values
bounded run 10000
(sat.ddfw :unsat :models :kflips/sec  :flips  :restarts  :reinits  :unsat_vars  :shifts)
(sat.ddfw       3      1  0.558719       471         0          0            5        1)
sls-result l_undef
(nlsat :conflicts 2 :decisions 0 :propagations 66 :clauses 257 :learned 2)
SMT -> SLS phase
SMT -> SLS values
bounded run 10000
(sat.ddfw :unsat :models :kflips/sec  :flips  :restarts  :reinits  :unsat_vars  :shifts)
(sat.ddfw       3      1  0.524027       458         0          0            4        1)
sls-result l_undef
SMT -> SLS phase
SMT -> SLS values
bounded run 10000
(sat.ddfw :unsat :models :kflips/sec  :flips  :restarts  :reinits  :unsat_vars  :shifts)
(sat.ddfw       1      1  0.503885       454         0          0            2        1)
sls-result l_undef
SLS -> SMT phase 1
SLS -> SMT values
SMT -> SLS phase
SMT -> SLS values
bounded run 10000
(sat.ddfw :unsat :models :kflips/sec  :flips  :restarts  :reinits  :unsat_vars  :shifts)
(sat.ddfw       2      1  0.502674       470         0          0            3        1)
sls-result l_undef
SMT -> SLS phase
SMT -> SLS values
bounded run 10000
(sat.ddfw :unsat :models :kflips/sec  :flips  :restarts  :reinits  :unsat_vars  :shifts)
(sat.ddfw       3      1  0.530507       513         0          0            4        1)
sls-result l_undef
SLS -> SMT activity
SMT -> SLS phase
SMT -> SLS values
bounded run 10000
(sat.ddfw :unsat :models :kflips/sec  :flips  :restarts  :reinits  :unsat_vars  :shifts)
(sat.ddfw       4      1      0.43       430         0          0            5        1)
sls-result l_undef
SMT -> SLS phase
SMT -> SLS values
bounded run 10000
(sat.ddfw :unsat :models :kflips/sec  :flips  :restarts  :reinits  :unsat_vars  :shifts)
(sat.ddfw       2      1  0.449177       464         0          0            3        5)
sls-result l_undef
(nlsat :conflicts 3 :decisions 0 :propagations 89 :clauses 242 :learned 3)
(nlsat :conflicts 4 :decisions 0 :propagations 83 :clauses 244 :learned 4)
SMT -> SLS phase
SMT -> SLS values
bounded run 10000
(sat.ddfw :unsat :models :kflips/sec  :flips  :restarts  :reinits  :unsat_vars  :shifts)
(sat.ddfw       6      1  0.469388       506         0          0            5        1)
sls-result l_undef
(nlsat :conflicts 3 :decisions 0 :propagations 83 :clauses 247 :learned 3)
(nlsat :conflicts 3 :decisions 0 :propagations 86 :clauses 259 :learned 3)
SMT -> SLS phase
SMT -> SLS values
bounded run 10000
(sat.ddfw :unsat :models :kflips/sec  :flips  :restarts  :reinits  :unsat_vars  :shifts)
(sat.ddfw       1      1  0.429848       481         0          0            2        1)
sls-result l_undef
SLS -> SMT phase 1
SLS -> SMT values
(nlsat :conflicts 3 :decisions 0 :propagations 90 :clauses 250 :learned 3)
SMT -> SLS phase
SMT -> SLS values
bounded run 10000
(sat.ddfw :unsat :models :kflips/sec  :flips  :restarts  :reinits  :unsat_vars  :shifts)
(sat.ddfw       2      1  0.405195       468         0          0            3        1)
sls-result l_undef
(nlsat :conflicts 1 :decisions 0 :propagations 66 :clauses 244 :learned 1)
SMT -> SLS phase
SMT -> SLS values
bounded run 10000
(sat.ddfw :unsat :models :kflips/sec  :flips  :restarts  :reinits  :unsat_vars  :shifts)
(sat.ddfw       1      1  0.414167       497         0          0            2        3)
sls-result l_undef
SLS -> SMT phase 1
SLS -> SMT values
(nlsat :conflicts 3 :decisions 0 :propagations 94 :clauses 262 :learned 3)
SMT -> SLS phase
SMT -> SLS values
bounded run 10000
(sat.ddfw :unsat :models :kflips/sec  :flips  :restarts  :reinits  :unsat_vars  :shifts)
(sat.ddfw       2      2   0.38907       477         0          0            3        1)
sls-result l_undef
(nlsat :conflicts 3 :decisions 0 :propagations 90 :clauses 262 :learned 3)
SMT -> SLS phase
SMT -> SLS values
bounded run 10000
(sat.ddfw :unsat :models :kflips/sec  :flips  :restarts  :reinits  :unsat_vars  :shifts)
(sat.ddfw       1      2  0.379857       479         0          0            2        6)
sls-result l_undef
SLS -> SMT phase 1
SLS -> SMT values
(nlsat :conflicts 3 :decisions 0 :propagations 94 :clauses 262 :learned 3)
SMT -> SLS phase
SMT -> SLS values
bounded run 10000
(sat.ddfw :unsat :models :kflips/sec  :flips  :restarts  :reinits  :unsat_vars  :shifts)
(sat.ddfw       2      1  0.350579       454         0          0            3        1)
sls-result l_undef
(nlsat :conflicts 3 :decisions 0 :propagations 95 :clauses 264 :learned 3)
SMT -> SLS phase
SMT -> SLS values
bounded run 10000
(sat.ddfw :unsat :models :kflips/sec  :flips  :restarts  :reinits  :unsat_vars  :shifts)
(sat.ddfw       2      1  0.383447       505         0          0            2        1)
sls-result l_undef
SMT -> SLS phase
SMT -> SLS values
bounded run 10000
(sat.ddfw :unsat :models :kflips/sec  :flips  :restarts  :reinits  :unsat_vars  :shifts)
(sat.ddfw       1      1  0.350258       476         0          0            2        1)
sls-result l_undef
SLS -> SMT phase 1
SLS -> SMT values
(nlsat :conflicts 3 :decisions 0 :propagations 85 :clauses 261 :learned 3)
SMT -> SLS phase
SMT -> SLS values
bounded run 10000
(sat.ddfw :unsat :models :kflips/sec  :flips  :restarts  :reinits  :unsat_vars  :shifts)
(sat.ddfw       3      1     0.335       469         0          0            4        1)
sls-result l_undef
(nlsat :conflicts 2 :decisions 0 :propagations 84 :clauses 253 :learned 2)
SMT -> SLS phase
SMT -> SLS values
bounded run 10000
(sat.ddfw :unsat :models :kflips/sec  :flips  :restarts  :reinits  :unsat_vars  :shifts)
(sat.ddfw       2      1  0.330369       483         0          0            3        3)
sls-result l_undef
(nlsat :conflicts 2 :decisions 0 :propagations 86 :clauses 253 :learned 2)
SMT -> SLS phase
SMT -> SLS values
bounded run 10000
(sat.ddfw :unsat :models :kflips/sec  :flips  :restarts  :reinits  :unsat_vars  :shifts)
(sat.ddfw       6      1  0.312875       469         0          0            5        1)
sls-result l_undef
(nlsat :conflicts 2 :decisions 0 :propagations 101 :clauses 263 :learned 2)
(nlsat :conflicts 2 :decisions 0 :propagations 101 :clauses 268 :learned 2)
SMT -> SLS phase
SMT -> SLS values
bounded run 10000
(sat.ddfw :unsat :models :kflips/sec  :flips  :restarts  :reinits  :unsat_vars  :shifts)
(sat.ddfw       3      1   0.30228       464         0          0            4        3)
sls-result l_undef
(nlsat :conflicts 2 :decisions 0 :propagations 91 :clauses 261 :learned 2)
SMT -> SLS phase
SMT -> SLS values
bounded run 10000
ramon: poll                 wall=2.000s usage=1.783s mem=109MiB load=0.94 rootload=0.94
(sat.ddfw :unsat :models :kflips/sec  :flips  :restarts  :reinits  :unsat_vars  :shifts)
(sat.ddfw       3      1  0.302799       476         0          0            4        1)
sls-result l_undef
(nlsat :conflicts 2 :decisions 0 :propagations 91 :clauses 261 :learned 2)
(nlsat :conflicts 2 :decisions 0 :propagations 91 :clauses 261 :learned 2)
SMT -> SLS phase
SMT -> SLS values
bounded run 10000
(sat.ddfw :unsat :models :kflips/sec  :flips  :restarts  :reinits  :unsat_vars  :shifts)
(sat.ddfw       1      1  0.274473       443         0          0            2        2)
sls-result l_undef
SLS -> SMT phase 1
SLS -> SMT values
(nlsat :conflicts 2 :decisions 0 :propagations 92 :clauses 260 :learned 2)
SMT -> SLS phase
SMT -> SLS values
bounded run 10000
(sat.ddfw :unsat :models :kflips/sec  :flips  :restarts  :reinits  :unsat_vars  :shifts)
(sat.ddfw       3      1  0.298607       493         0          0            4        3)
sls-result l_undef
(nlsat :conflicts 1 :decisions 0 :propagations 64 :clauses 265 :learned 1)
SMT -> SLS phase
SMT -> SLS values
bounded run 10000
(sat.ddfw :unsat :models :kflips/sec  :flips  :restarts  :reinits  :unsat_vars  :shifts)
(sat.ddfw       2      1  0.282402       475         0          0            3        1)
sls-result l_undef
(nlsat :conflicts 1 :decisions 0 :propagations 107 :clauses 266 :learned 1)
SMT -> SLS phase
SMT -> SLS values
bounded run 10000
(sat.ddfw :unsat :models :kflips/sec  :flips  :restarts  :reinits  :unsat_vars  :shifts)
(sat.ddfw       1      1  0.277066       476         0          0            2        4)
sls-result l_undef
SLS -> SMT phase 1
SLS -> SMT values
SLS -> SMT activity
(nlsat :conflicts 2 :decisions 0 :propagations 102 :clauses 261 :learned 2)
SMT -> SLS phase
SMT -> SLS values
bounded run 10000
(sat.ddfw :unsat :models :kflips/sec  :flips  :restarts  :reinits  :unsat_vars  :shifts)
(sat.ddfw       1      1  0.256703       450         0          0            2        3)
sls-result l_undef
SLS -> SMT phase 1
SLS -> SMT values
(nlsat :conflicts 2 :decisions 0 :propagations 102 :clauses 261 :learned 2)
SMT -> SLS phase
SMT -> SLS values
bounded run 10000
(sat.ddfw :unsat :models :kflips/sec  :flips  :restarts  :reinits  :unsat_vars  :shifts)
(sat.ddfw       2      1  0.265511       475         0          0            3        1)
sls-result l_undef
(nlsat :conflicts 2 :decisions 0 :propagations 102 :clauses 261 :learned 2)
SMT -> SLS phase
SMT -> SLS values
bounded run 10000
(sat.ddfw :unsat :models :kflips/sec  :flips  :restarts  :reinits  :unsat_vars  :shifts)
(sat.ddfw       1      1  0.263591       480         0          0            2        3)
sls-result l_undef
SLS -> SMT phase 1
SLS -> SMT values
(nlsat :conflicts 1 :decisions 0 :propagations 107 :clauses 266 :learned 1)
SMT -> SLS phase
SMT -> SLS values
bounded run 10000
(sat.ddfw :unsat :models :kflips/sec  :flips  :restarts  :reinits  :unsat_vars  :shifts)
(sat.ddfw       1      1  0.239957       448         0          0            2        1)
sls-result l_undef
SLS -> SMT phase 1
SLS -> SMT values
SMT -> SLS phase
SMT -> SLS values
bounded run 10000
(sat.ddfw :unsat :models :kflips/sec  :flips  :restarts  :reinits  :unsat_vars  :shifts)
(sat.ddfw       1      1  0.256437       488         0          0            2        1)
sls-result l_undef
SLS -> SMT phase 1
SLS -> SMT values
(nlsat :conflicts 2 :decisions 0 :propagations 102 :clauses 261 :learned 2)
SMT -> SLS phase
SMT -> SLS values
bounded run 10000
(sat.ddfw :unsat :models :kflips/sec  :flips  :restarts  :reinits  :unsat_vars  :shifts)
(sat.ddfw       4      1  0.235688       457         0          0            5        4)
sls-result l_undef
(nlsat :conflicts 2 :decisions 0 :propagations 102 :clauses 261 :learned 2)
SMT -> SLS phase
SMT -> SLS values
bounded run 10000
(sat.ddfw :unsat :models :kflips/sec  :flips  :restarts  :reinits  :unsat_vars  :shifts)
(sat.ddfw       2      1  0.229682       455         0          0            3        3)
sls-result l_undef
SMT -> SLS phase
SMT -> SLS values
bounded run 10000
(sat.ddfw :unsat :models :kflips/sec  :flips  :restarts  :reinits  :unsat_vars  :shifts)
(sat.ddfw       3      1   0.25249       507         0          0            5        1)
sls-result l_undef
(nlsat :conflicts 3 :decisions 4 :propagations 55 :clauses 92 :learned 3)
(nlsat-b&b :conflicts 92 :decisions 36 :propagations 673 :clauses 92 :learned 89)
(nlsat :conflicts 101 :decisions 46 :propagations 765 :clauses 92 :learned 100)
(nlsat :conflicts 201 :decisions 78 :propagations 1398 :clauses 92 :learned 199)
ramon: poll                 wall=3.000s usage=2.752s mem=109MiB load=0.97 rootload=0.97
(nlsat :conflicts 300 :decisions 125 :propagations 2237 :clauses 92 :learned 298)
(nlsat :conflicts 401 :decisions 164 :propagations 2796 :clauses 92 :learned 399)
ramon: poll                 wall=4.000s usage=3.748s mem=109MiB load=1.00 rootload=0.99
ramon: poll                 wall=5.000s usage=4.703s mem=109MiB load=0.95 rootload=0.96
(nlsat :conflicts 500 :decisions 210 :propagations 3537 :clauses 92 :learned 498)
(smt.searching)
(smt.stats :restarts     :decisions :clauses/bin/units      :simplify   :memory)
(smt.stats        :conflicts    :propagations       :lemmas      :deletions   )
(smt.stats    0      0      0      0   788/764/19       0/0     0    0   54.27)
SMT -> SLS phase
SMT -> SLS values
bounded run 30000
(sat.ddfw :unsat :models :kflips/sec  :flips  :restarts  :reinits  :unsat_vars  :shifts)
(sat.ddfw       1      3   6.10769       794         0          0            2        4)
sls-result l_undef
SLS -> SMT phase 1
SLS -> SMT values
(nlsat :conflicts 2 :decisions 0 :propagations 79 :clauses 154 :learned 2)
SMT -> SLS phase
SMT -> SLS values
bounded run 20000
(sat.ddfw :unsat :models :kflips/sec  :flips  :restarts  :reinits  :unsat_vars  :shifts)
(sat.ddfw       1      2   2.22959       437         0          0            1        1)
sls-result l_undef
SLS -> SMT phase 1
SLS -> SMT values
SMT -> SLS phase
SMT -> SLS values
bounded run 10000
(sat.ddfw :unsat :models :kflips/sec  :flips  :restarts  :reinits  :unsat_vars  :shifts)
(sat.ddfw       1      2   2.15766       479         0          0            2        5)
sls-result l_undef
SLS -> SMT phase 1
SLS -> SMT values
(nlsat :conflicts 1 :decisions 0 :propagations 28 :clauses 274 :learned 1)
(nlsat :conflicts 1 :decisions 0 :propagations 31 :clauses 273 :learned 1)
(nlsat :conflicts 1 :decisions 0 :propagations 31 :clauses 273 :learned 1)
(nlsat :conflicts 1 :decisions 0 :propagations 31 :clauses 271 :learned 1)
(nlsat :conflicts 1 :decisions 0 :propagations 32 :clauses 272 :learned 1)
(nlsat :conflicts 1 :decisions 0 :propagations 31 :clauses 275 :learned 1)
SMT -> SLS phase
SMT -> SLS values
bounded run 10000
(sat.ddfw :unsat :models :kflips/sec  :flips  :restarts  :reinits  :unsat_vars  :shifts)
(sat.ddfw       6      1   1.61017       475         0          0            5        2)
sls-result l_undef
(nlsat :conflicts 1 :decisions 0 :propagations 33 :clauses 277 :learned 1)
(nlsat :conflicts 1 :decisions 0 :propagations 15 :clauses 274 :learned 1)
(nlsat :conflicts 2 :decisions 1 :propagations 32 :clauses 276 :learned 2)
(nlsat :conflicts 1 :decisions 0 :propagations 16 :clauses 281 :learned 1)
(nlsat :conflicts 2 :decisions 0 :propagations 34 :clauses 281 :learned 2)
(nlsat :conflicts 9 :decisions 0 :propagations 109 :clauses 281 :learned 9)
(nlsat :conflicts 9 :decisions 0 :propagations 109 :clauses 281 :learned 9)
(nlsat :conflicts 2 :decisions 0 :propagations 35 :clauses 282 :learned 2)
(nlsat :conflicts 1 :decisions 0 :propagations 30 :clauses 273 :learned 1)
(nlsat :conflicts 1 :decisions 0 :propagations 30 :clauses 273 :learned 1)
(nlsat :conflicts 1 :decisions 0 :propagations 30 :clauses 273 :learned 1)
(nlsat :conflicts 1 :decisions 0 :propagations 30 :clauses 278 :learned 1)
(nlsat :conflicts 1 :decisions 0 :propagations 30 :clauses 278 :learned 1)
(nlsat :conflicts 1 :decisions 0 :propagations 30 :clauses 278 :learned 1)
(nlsat :conflicts 1 :decisions 0 :propagations 30 :clauses 278 :learned 1)
SMT -> SLS phase
SMT -> SLS values
bounded run 10000
(sat.ddfw :unsat :models :kflips/sec  :flips  :restarts  :reinits  :unsat_vars  :shifts)
(sat.ddfw       4      1   1.32527       493         0          0            5        5)
sls-result l_undef
(nlsat :conflicts 1 :decisions 0 :propagations 30 :clauses 272 :learned 1)
(nlsat :conflicts 1 :decisions 0 :propagations 30 :clauses 278 :learned 1)
(nlsat :conflicts 1 :decisions 0 :propagations 30 :clauses 278 :learned 1)
(nlsat :conflicts 1 :decisions 0 :propagations 58 :clauses 280 :learned 1)
(nlsat :conflicts 1 :decisions 0 :propagations 58 :clauses 280 :learned 1)
(nlsat :conflicts 1 :decisions 0 :propagations 58 :clauses 280 :learned 1)
(nlsat :conflicts 1 :decisions 0 :propagations 58 :clauses 280 :learned 1)
(smt.stats    0    101    398    590   884/788/28     275/2     1    3   89.19)
SMT -> SLS phase
SMT -> SLS units 1 2 3 4 5 6 7 8 9 10 11 12 -64 -65 66 70 74 78 79
SMT -> SLS values
bounded run 10000
(sat.ddfw :unsat :models :kflips/sec  :flips  :restarts  :reinits  :unsat_vars  :shifts)
(sat.ddfw       3      1   1.05674       447         0          0            4        1)
sls-result l_undef
SMT -> SLS phase
SMT -> SLS values
bounded run 10000
(sat.ddfw :unsat :models :kflips/sec  :flips  :restarts  :reinits  :unsat_vars  :shifts)
(sat.ddfw       1      1   1.02637       467         0          0            2        1)
sls-result l_undef
SLS -> SMT phase 1
SLS -> SMT values
SMT -> SLS phase
SMT -> SLS values
bounded run 10000
(sat.ddfw :unsat :models :kflips/sec  :flips  :restarts  :reinits  :unsat_vars  :shifts)
(sat.ddfw       2      1  0.920892       454         0          0            4        2)
sls-result l_undef
SMT -> SLS phase
SMT -> SLS values
bounded run 10000
(sat.ddfw :unsat :models :kflips/sec  :flips  :restarts  :reinits  :unsat_vars  :shifts)
(sat.ddfw       1      1  0.903042       475         0          0            2        4)
sls-result l_undef
SLS -> SMT phase 1
SLS -> SMT values
SMT -> SLS phase
SMT -> SLS values
bounded run 10000
ramon: poll                 wall=6.000s usage=5.698s mem=110MiB load=1.00 rootload=0.98
(sat.ddfw :unsat :models :kflips/sec  :flips  :restarts  :reinits  :unsat_vars  :shifts)
(sat.ddfw      16      1  0.891652       502         0          0           12        1)
sls-result l_undef
SMT -> SLS phase
SMT -> SLS values
bounded run 10000
(sat.ddfw :unsat :models :kflips/sec  :flips  :restarts  :reinits  :unsat_vars  :shifts)
(sat.ddfw       2      1  0.759599       455         0          0            3        3)
sls-result l_undef
SMT -> SLS phase
SMT -> SLS values
bounded run 10000
(sat.ddfw :unsat :models :kflips/sec  :flips  :restarts  :reinits  :unsat_vars  :shifts)
(sat.ddfw       4      1  0.795597       506         0          0            6        5)
sls-result l_undef
SMT -> SLS phase
SMT -> SLS values
bounded run 10000
(sat.ddfw :unsat :models :kflips/sec  :flips  :restarts  :reinits  :unsat_vars  :shifts)
(sat.ddfw       2      1  0.733432       498         0          0            3        5)
sls-result l_undef
SMT -> SLS phase
SMT -> SLS values
bounded run 10000
(sat.ddfw :unsat :models :kflips/sec  :flips  :restarts  :reinits  :unsat_vars  :shifts)
(sat.ddfw       4      1  0.671329       480         0          0            5        3)
sls-result l_undef
SMT -> SLS phase
SMT -> SLS values
bounded run 10000
(sat.ddfw :unsat :models :kflips/sec  :flips  :restarts  :reinits  :unsat_vars  :shifts)
(sat.ddfw       1      1  0.604222       458         0          0            2        2)
sls-result l_undef
SLS -> SMT phase 1
SLS -> SMT values
SMT -> SLS phase
SMT -> SLS values
bounded run 10000
(sat.ddfw :unsat :models :kflips/sec  :flips  :restarts  :reinits  :unsat_vars  :shifts)
(sat.ddfw       1      1   0.64196       511         0          0            2        5)
sls-result l_undef
SLS -> SMT phase 1
SLS -> SMT values
(nlsat :conflicts 1 :decisions 0 :propagations 36 :clauses 279 :learned 1)
(nlsat :conflicts 1 :decisions 0 :propagations 36 :clauses 272 :learned 1)
SMT -> SLS phase
SMT -> SLS values
bounded run 10000
(sat.ddfw :unsat :models :kflips/sec  :flips  :restarts  :reinits  :unsat_vars  :shifts)
(sat.ddfw       2      1  0.555687       469         0          0            3        2)
sls-result l_undef
(nlsat :conflicts 1 :decisions 0 :propagations 36 :clauses 272 :learned 1)
SMT -> SLS phase
SMT -> SLS values
bounded run 10000
(sat.ddfw :unsat :models :kflips/sec  :flips  :restarts  :reinits  :unsat_vars  :shifts)
(sat.ddfw       3      1  0.526018       465         0          0            5        1)
sls-result l_undef
(nlsat :conflicts 1 :decisions 0 :propagations 36 :clauses 272 :learned 1)
SMT -> SLS phase
SMT -> SLS values
bounded run 10000
(sat.ddfw :unsat :models :kflips/sec  :flips  :restarts  :reinits  :unsat_vars  :shifts)
(sat.ddfw       2      1  0.487097       453         0          0            3        1)
sls-result l_undef
(nlsat :conflicts 1 :decisions 0 :propagations 36 :clauses 283 :learned 1)
SMT -> SLS phase
SMT -> SLS values
bounded run 10000
(sat.ddfw :unsat :models :kflips/sec  :flips  :restarts  :reinits  :unsat_vars  :shifts)
(sat.ddfw       2      1  0.475258       461         0          0            3        3)
sls-result l_undef
SLS -> SMT activity
(nlsat :conflicts 1 :decisions 0 :propagations 36 :clauses 292 :learned 1)
(nlsat :conflicts 1 :decisions 0 :propagations 36 :clauses 275 :learned 1)
SMT -> SLS phase
SMT -> SLS values
bounded run 10000
(sat.ddfw :unsat :models :kflips/sec  :flips  :restarts  :reinits  :unsat_vars  :shifts)
(sat.ddfw       2      1  0.459903       476         0          0            3        1)
sls-result l_undef
SMT -> SLS phase
SMT -> SLS values
bounded run 10000
(sat.ddfw :unsat :models :kflips/sec  :flips  :restarts  :reinits  :unsat_vars  :shifts)
(sat.ddfw       2      1  0.457169       491         0          0            3        1)
sls-result l_undef
SMT -> SLS phase
SMT -> SLS values
bounded run 10000
(sat.ddfw :unsat :models :kflips/sec  :flips  :restarts  :reinits  :unsat_vars  :shifts)
(sat.ddfw       3      1  0.438121       485         0          0            4        3)
sls-result l_undef
SMT -> SLS phase
SMT -> SLS values
bounded run 10000
(sat.ddfw :unsat :models :kflips/sec  :flips  :restarts  :reinits  :unsat_vars  :shifts)
(sat.ddfw       1      1  0.417103       478         0          0            2        1)
sls-result l_undef
SLS -> SMT phase 1
SLS -> SMT values
SMT -> SLS phase
SMT -> SLS values
bounded run 10000
(sat.ddfw :unsat :models :kflips/sec  :flips  :restarts  :reinits  :unsat_vars  :shifts)
(sat.ddfw       1      1  0.399156       473         0          0            2        2)
sls-result l_undef
SLS -> SMT phase 1
SLS -> SMT values
SMT -> SLS phase
SMT -> SLS values
bounded run 10000
(sat.ddfw :unsat :models :kflips/sec  :flips  :restarts  :reinits  :unsat_vars  :shifts)
(sat.ddfw       1      1  0.365353       445         0          0            1        3)
sls-result l_undef
SLS -> SMT phase 1
SLS -> SMT values
(nlsat :conflicts 1 :decisions 0 :propagations 36 :clauses 287 :learned 1)
(nlsat :conflicts 1 :decisions 0 :propagations 36 :clauses 286 :learned 1)
SMT -> SLS phase
SMT -> SLS values
bounded run 10000
(sat.ddfw :unsat :models :kflips/sec  :flips  :restarts  :reinits  :unsat_vars  :shifts)
(sat.ddfw       2      1  0.368171       465         0          0            3        2)
sls-result l_undef
(nlsat :conflicts 1 :decisions 0 :propagations 36 :clauses 286 :learned 1)
SMT -> SLS phase
SMT -> SLS values
bounded run 10000
(sat.ddfw :unsat :models :kflips/sec  :flips  :restarts  :reinits  :unsat_vars  :shifts)
(sat.ddfw       1      1   0.37759       492         0          0            2        3)
sls-result l_undef
SLS -> SMT phase 1
SLS -> SMT values
(nlsat :conflicts 1 :decisions 0 :propagations 36 :clauses 286 :learned 1)
(nlsat :conflicts 1 :decisions 0 :propagations 36 :clauses 286 :learned 1)
SMT -> SLS phase
SMT -> SLS values
bounded run 10000
(sat.ddfw :unsat :models :kflips/sec  :flips  :restarts  :reinits  :unsat_vars  :shifts)
(sat.ddfw       1      1   0.35656       481         0          0            2        6)
sls-result l_undef
SLS -> SMT phase 1
SLS -> SMT values
(nlsat :conflicts 1 :decisions 0 :propagations 36 :clauses 288 :learned 1)
SMT -> SLS phase
SMT -> SLS values
bounded run 10000
(sat.ddfw :unsat :models :kflips/sec  :flips  :restarts  :reinits  :unsat_vars  :shifts)
(sat.ddfw       2      1  0.330175       453         0          0            2        1)
sls-result l_undef
SMT -> SLS phase
SMT -> SLS values
bounded run 10000
(sat.ddfw :unsat :models :kflips/sec  :flips  :restarts  :reinits  :unsat_vars  :shifts)
(sat.ddfw       2      1  0.346401       486         0          0            3        3)
sls-result l_undef
SMT -> SLS phase
SMT -> SLS values
bounded run 10000
(sat.ddfw :unsat :models :kflips/sec  :flips  :restarts  :reinits  :unsat_vars  :shifts)
(sat.ddfw       2      1  0.324042       465         0          0            3        1)
sls-result l_undef
SMT -> SLS phase
SMT -> SLS values
bounded run 10000
(sat.ddfw :unsat :models :kflips/sec  :flips  :restarts  :reinits  :unsat_vars  :shifts)
(sat.ddfw       3      1  0.329468       483         0          0            4        1)
sls-result l_undef
SMT -> SLS phase
SMT -> SLS values
bounded run 10000
(sat.ddfw :unsat :models :kflips/sec  :flips  :restarts  :reinits  :unsat_vars  :shifts)
(sat.ddfw       2      1  0.309793       465         0          0            4        3)
sls-result l_undef
SMT -> SLS phase
SMT -> SLS values
bounded run 10000
(sat.ddfw :unsat :models :kflips/sec  :flips  :restarts  :reinits  :unsat_vars  :shifts)
(sat.ddfw       2      1  0.298895       460         0          0            3        5)
sls-result l_undef
SMT -> SLS phase
SMT -> SLS values
bounded run 10000
ramon: poll                 wall=7.000s usage=6.673s mem=109MiB load=0.97 rootload=0.97
(sat.ddfw :unsat :models :kflips/sec  :flips  :restarts  :reinits  :unsat_vars  :shifts)
(sat.ddfw       4      1  0.301457       476         0          0            5        1)
sls-result l_undef
SMT -> SLS phase
SMT -> SLS values
bounded run 10000
(sat.ddfw :unsat :models :kflips/sec  :flips  :restarts  :reinits  :unsat_vars  :shifts)
(sat.ddfw       2      1   0.30755       497         0          0            3        3)
sls-result l_undef
(nlsat :conflicts 2 :decisions 0 :propagations 116 :clauses 282 :learned 2)
SMT -> SLS phase
SMT -> SLS values
bounded run 10000
(sat.ddfw :unsat :models :kflips/sec  :flips  :restarts  :reinits  :unsat_vars  :shifts)
(sat.ddfw       1      1  0.296274       493         0          0            2        1)
sls-result l_undef
SLS -> SMT phase 1
SLS -> SMT values
SMT -> SLS phase
SMT -> SLS values
bounded run 10000
(sat.ddfw :unsat :models :kflips/sec  :flips  :restarts  :reinits  :unsat_vars  :shifts)
(sat.ddfw       6      1  0.273684       468         0          0            5        1)
sls-result l_undef
(nlsat :conflicts 1 :decisions 0 :propagations 63 :clauses 288 :learned 1)
SMT -> SLS phase
SMT -> SLS values
bounded run 10000
(sat.ddfw :unsat :models :kflips/sec  :flips  :restarts  :reinits  :unsat_vars  :shifts)
(sat.ddfw       1      1  0.273714       479         0          0            2        1)
sls-result l_undef
SLS -> SMT phase 1
SLS -> SMT values
SLS -> SMT activity
(nlsat :conflicts 1 :decisions 0 :propagations 36 :clauses 285 :learned 1)
SMT -> SLS phase
SMT -> SLS values
bounded run 10000
(sat.ddfw :unsat :models :kflips/sec  :flips  :restarts  :reinits  :unsat_vars  :shifts)
(sat.ddfw       2      1  0.265999       478         0          0            3        1)
sls-result l_undef
(nlsat :conflicts 1 :decisions 0 :propagations 36 :clauses 285 :learned 1)
SMT -> SLS phase
SMT -> SLS values
bounded run 10000
(sat.ddfw :unsat :models :kflips/sec  :flips  :restarts  :reinits  :unsat_vars  :shifts)
(sat.ddfw       1      1  0.258134       476         0          0            2        1)
sls-result l_undef
SLS -> SMT phase 1
SLS -> SMT values
(nlsat :conflicts 1 :decisions 0 :propagations 36 :clauses 290 :learned 1)
SMT -> SLS phase
SMT -> SLS values
bounded run 10000
(sat.ddfw :unsat :models :kflips/sec  :flips  :restarts  :reinits  :unsat_vars  :shifts)
(sat.ddfw       1      1   0.24044       459         0          0            2        5)
sls-result l_undef
SLS -> SMT phase 1
SLS -> SMT values
SMT -> SLS phase
SMT -> SLS values
bounded run 10000
(sat.ddfw :unsat :models :kflips/sec  :flips  :restarts  :reinits  :unsat_vars  :shifts)
(sat.ddfw       3      1   0.25116       487         0          0            4        2)
sls-result l_undef
SMT -> SLS phase
SMT -> SLS values
bounded run 10000
(sat.ddfw :unsat :models :kflips/sec  :flips  :restarts  :reinits  :unsat_vars  :shifts)
(sat.ddfw       2      1  0.232523       459         0          0            3        1)
sls-result l_undef
(nlsat :conflicts 1 :decisions 0 :propagations 36 :clauses 286 :learned 1)
SMT -> SLS phase
SMT -> SLS values
bounded run 10000
(sat.ddfw :unsat :models :kflips/sec  :flips  :restarts  :reinits  :unsat_vars  :shifts)
(sat.ddfw       2      1  0.230846       464         0          0            3        1)
sls-result l_undef
SMT -> SLS phase
SMT -> SLS values
bounded run 10000
(sat.ddfw :unsat :models :kflips/sec  :flips  :restarts  :reinits  :unsat_vars  :shifts)
(sat.ddfw       2      1  0.226738       463         0          0            4        1)
sls-result l_undef
SMT -> SLS phase
SMT -> SLS values
bounded run 10000
(sat.ddfw :unsat :models :kflips/sec  :flips  :restarts  :reinits  :unsat_vars  :shifts)
(sat.ddfw       7      1  0.218524       453         0          0            7        1)
sls-result l_undef
SMT -> SLS phase
SMT -> SLS values
bounded run 10000
(sat.ddfw :unsat :models :kflips/sec  :flips  :restarts  :reinits  :unsat_vars  :shifts)
(sat.ddfw       3      1  0.246198       518         0          0            4        2)
sls-result l_undef
(nlsat :conflicts 1 :decisions 0 :propagations 36 :clauses 287 :learned 1)
(smt.stats    1    202    921   1116   930/895/28     487/3     1    3   89.57)
SMT -> SLS phase
SMT -> SLS values
bounded run 10000
(sat.ddfw :unsat :models :kflips/sec  :flips  :restarts  :reinits  :unsat_vars  :shifts)
(sat.ddfw       7      1  0.217025       464         0          0            8        1)
sls-result l_undef
SMT -> SLS phase
SMT -> SLS values
bounded run 10000
(sat.ddfw :unsat :models :kflips/sec  :flips  :restarts  :reinits  :unsat_vars  :shifts)
(sat.ddfw       2      1   0.21649       470         0          0            3        1)
sls-result l_undef
(nlsat :conflicts 1 :decisions 0 :propagations 85 :clauses 318 :learned 1)
SMT -> SLS phase
SMT -> SLS values
bounded run 10000
(sat.ddfw :unsat :models :kflips/sec  :flips  :restarts  :reinits  :unsat_vars  :shifts)
(sat.ddfw       3      1  0.215775       476         0          0            4        3)
sls-result l_undef
(nlsat :conflicts 1 :decisions 0 :propagations 85 :clauses 318 :learned 1)
SMT -> SLS phase
SMT -> SLS values
bounded run 10000
(sat.ddfw :unsat :models :kflips/sec  :flips  :restarts  :reinits  :unsat_vars  :shifts)
(sat.ddfw       5      1  0.204464       458         0          0            6        1)
sls-result l_undef
SMT -> SLS phase
SMT -> SLS values
bounded run 10000
(sat.ddfw :unsat :models :kflips/sec  :flips  :restarts  :reinits  :unsat_vars  :shifts)
(sat.ddfw       1      1  0.208187       473         0          0            2        2)
sls-result l_undef
SLS -> SMT phase 1
SLS -> SMT values
(nlsat :conflicts 1 :decisions 0 :propagations 85 :clauses 311 :learned 1)
SMT -> SLS phase
SMT -> SLS values
bounded run 10000
(sat.ddfw :unsat :models :kflips/sec  :flips  :restarts  :reinits  :unsat_vars  :shifts)
(sat.ddfw       6      1  0.205195       474         0          0            5        4)
sls-result l_undef
(nlsat :conflicts 1 :decisions 0 :propagations 85 :clauses 311 :learned 1)
SMT -> SLS phase
SMT -> SLS values
bounded run 10000
(sat.ddfw :unsat :models :kflips/sec  :flips  :restarts  :reinits  :unsat_vars  :shifts)
(sat.ddfw       1      1  0.202128       475         0          0            2        1)
sls-result l_undef
SLS -> SMT phase 1
SLS -> SMT values
SMT -> SLS phase
SMT -> SLS values
bounded run 10000
(sat.ddfw :unsat :models :kflips/sec  :flips  :restarts  :reinits  :unsat_vars  :shifts)
(sat.ddfw       3      1  0.193548       462         0          0            4        1)
sls-result l_undef
SMT -> SLS phase
SMT -> SLS values
bounded run 10000
(sat.ddfw :unsat :models :kflips/sec  :flips  :restarts  :reinits  :unsat_vars  :shifts)
(sat.ddfw       2      1  0.190988       462         0          0            3        3)
sls-result l_undef
SMT -> SLS phase
SMT -> SLS values
bounded run 10000
(sat.ddfw :unsat :models :kflips/sec  :flips  :restarts  :reinits  :unsat_vars  :shifts)
(sat.ddfw       3      1  0.204564       502         0          0            4        1)
sls-result l_undef
SMT -> SLS phase
SMT -> SLS values
bounded run 10000
(sat.ddfw :unsat :models :kflips/sec  :flips  :restarts  :reinits  :unsat_vars  :shifts)
(sat.ddfw       2      1  0.186187       461         0          0            2        2)
sls-result l_undef
SLS -> SMT activity
SMT -> SLS phase
SMT -> SLS values
bounded run 10000
(sat.ddfw :unsat :models :kflips/sec  :flips  :restarts  :reinits  :unsat_vars  :shifts)
(sat.ddfw       3      1  0.188747       473         0          0            3        1)
sls-result l_undef
SMT -> SLS phase
SMT -> SLS values
bounded run 10000
(sat.ddfw :unsat :models :kflips/sec  :flips  :restarts  :reinits  :unsat_vars  :shifts)
(sat.ddfw       1      1  0.182499       463         0          0            1        3)
sls-result l_undef
SLS -> SMT phase 1
SLS -> SMT values
(nlsat :conflicts 1 :decisions 0 :propagations 85 :clauses 312 :learned 1)
SMT -> SLS phase
SMT -> SLS values
bounded run 10000
ramon: poll                 wall=8.000s usage=7.642s mem=109MiB load=0.97 rootload=0.97
(sat.ddfw :unsat :models :kflips/sec  :flips  :restarts  :reinits  :unsat_vars  :shifts)
(sat.ddfw       1      1  0.174319       448         0          0            2        1)
sls-result l_undef
SLS -> SMT phase 1
SLS -> SMT values
(nlsat :conflicts 2 :decisions 0 :propagations 137 :clauses 312 :learned 2)
SMT -> SLS phase
SMT -> SLS values
bounded run 10000
(sat.ddfw :unsat :models :kflips/sec  :flips  :restarts  :reinits  :unsat_vars  :shifts)
(sat.ddfw       4      1  0.190623       496         0          0            5        4)
sls-result l_undef
(nlsat :conflicts 1 :decisions 0 :propagations 134 :clauses 312 :learned 1)
SMT -> SLS phase
SMT -> SLS values
bounded run 10000
(sat.ddfw :unsat :models :kflips/sec  :flips  :restarts  :reinits  :unsat_vars  :shifts)
(sat.ddfw       5      1  0.168945       445         0          0            5        1)
sls-result l_undef
SMT -> SLS phase
SMT -> SLS values
bounded run 10000
(sat.ddfw :unsat :models :kflips/sec  :flips  :restarts  :reinits  :unsat_vars  :shifts)
(sat.ddfw       4      1  0.182432       486         0          0            5        2)
sls-result l_undef
SMT -> SLS phase
SMT -> SLS values
bounded run 10000
(sat.ddfw :unsat :models :kflips/sec  :flips  :restarts  :reinits  :unsat_vars  :shifts)
(sat.ddfw       2      1  0.173624       470         0          0            3        1)
sls-result l_undef
SMT -> SLS phase
SMT -> SLS values
bounded run 10000
(sat.ddfw :unsat :models :kflips/sec  :flips  :restarts  :reinits  :unsat_vars  :shifts)
(sat.ddfw       1      1  0.178363       488         0          0            2        1)
sls-result l_undef
SLS -> SMT phase 1
SLS -> SMT values
SMT -> SLS phase
SMT -> SLS values
bounded run 10000
(sat.ddfw :unsat :models :kflips/sec  :flips  :restarts  :reinits  :unsat_vars  :shifts)
(sat.ddfw       4      1  0.156453       434         0          0            6        1)
sls-result l_undef
SMT -> SLS phase
SMT -> SLS values
bounded run 10000
on-model 
(sat.ddfw :unsat :models :kflips/sec  :flips  :restarts  :reinits  :unsat_vars  :shifts)
(sat.ddfw       0      1  0.165108       459         0          0            0        2)
sls-result l_true
(nlsat :conflicts 1 :decisions 0 :propagations 65 :clauses 299 :learned 1)
ramon: end                  Wed Jan 15 14:18:32 2025
ramon: root.execname        z3
ramon: root.utime           7.830s
ramon: root.stime           0.050s
ramon: group.total          7.884s
ramon: group.utime          7.833s
ramon: group.stime          0.052s
ramon: group.mempeak        110MiB
ramon: group.pidpeak        3
ramon: status               exited
[31mramon: exitcode             1[0m
ramon: walltime             8.246s
ramon: loadavg              0.96
