ramon: cwd                  /tmp/runner/actions-runner/_work/z3-poly-testing/z3-poly-testing
ramon: start                Tue Dec 17 15:35:45 2024
ramon: nproc                128
ramon: sys.mem              64150 MiB
ramon: sys.mem.free         29790 MiB
ramon: sys.mem.avail        63989 MiB
ramon: sys.nprocs           2881
ramon: argv                 0 = z3
ramon: argv                 1 = /tmp/runner/actions-runner/_work/z3-poly-testing/z3-poly-testing/download/non-incremental/QF_NIA/leipzig/term-CrNtep.smt2
ramon: argv                 2 = -T:600
ramon: argv                 3 = -st
ramon: childpid             1279313
ramon: end                  Tue Dec 17 15:35:45 2024
ramon: root.execname        z3
ramon: root.utime           0.020s
ramon: root.stime           0.040s
ramon: group.total          0.072s
ramon: group.utime          0.024s
ramon: group.stime          0.048s
ramon: group.mempeak        29476KiB
ramon: group.pidpeak        2
ramon: status               exited
ramon: exitcode             0
ramon: walltime             0.081s
ramon: loadavg              0.90
