ramon: cwd                  /home/runner/a/_work/z3-poly-testing/z3-poly-testing
ramon: start                Fri Mar 21 17:41:28 2025
ramon: nproc                128
ramon: sys.mem              64150 MiB
ramon: sys.mem.free         724 MiB
ramon: sys.mem.avail        64145 MiB
ramon: sys.nprocs           3988
ramon: argv                 0 = z3
ramon: argv                 1 = /home/runner/a/_work/z3-poly-testing/z3-poly-testing/download/non-incremental/QF_LIA/20220307-SMPT/ERK-PT-000010/RC-15.smt2
ramon: argv                 2 = -T:600
ramon: argv                 3 = -st
ramon: argv                 4 = smt.arith.lp.dio_eqs=true
ramon: childpid             3501512
ramon: end                  Fri Mar 21 17:41:28 2025
ramon: root.execname        z3
ramon: root.utime           0.010s
ramon: root.stime           0.070s
ramon: group.total          0.088s
ramon: group.utime          0.019s
ramon: group.stime          0.069s
ramon: group.mempeak        20152KiB
ramon: group.pidpeak        3
ramon: status               exited
ramon: exitcode             0
ramon: walltime             0.093s
ramon: loadavg              0.95
