ramon: cwd                  /home/runner/a/_work/z3-poly-testing/z3-poly-testing
ramon: start                Wed Apr  9 17:40:35 2025
ramon: nproc                128
ramon: sys.mem              64150 MiB
ramon: sys.mem.free         53873 MiB
ramon: sys.mem.avail        63997 MiB
ramon: sys.nprocs           2583
ramon: argv                 0 = z3
ramon: argv                 1 = inputs/QF_NIA_small/aproveSMT2316535250821506157.smt2
ramon: argv                 2 = -T:600
ramon: argv                 3 = -st
ramon: argv                 4 = lp.dio=true
ramon: argv                 5 = lp.dio_run_gcd=true
ramon: childpid             1878625
ramon: poll                 wall=01.000s usage=00.998s user=00.786s sys=00.212s mem=73676KiB roottime=0.780s load=1.00 rootload=0.78
ramon: poll                 wall=02.001s usage=01.999s user=01.670s sys=00.329s mem=83108KiB roottime=1.660s load=1.00 rootload=0.88
ramon: poll                 wall=03.003s usage=03.000s user=02.656s sys=00.344s mem=86692KiB roottime=2.650s load=1.00 rootload=0.99
ramon: poll                 wall=04.000s usage=03.996s user=03.614s sys=00.382s mem=98MiB roottime=3.610s load=1.00 rootload=0.96
ramon: end                  Wed Apr  9 17:40:39 2025
ramon: root.execname        z3
ramon: root.utime           4.090s
ramon: root.stime           0.430s
ramon: group.total          4.529s
ramon: group.utime          4.100s
ramon: group.stime          0.429s
ramon: group.mempeak        105MiB
ramon: group.pidpeak        3
ramon: status               exited
ramon: exitcode             0
ramon: walltime             4.535s
ramon: loadavg              1.00
