ramon: cwd                  /home/runner/a/_work/z3-poly-testing/z3-poly-testing
ramon: start                Wed Apr  9 17:43:52 2025
ramon: nproc                128
ramon: sys.mem              64150 MiB
ramon: sys.mem.free         28896 MiB
ramon: sys.mem.avail        63996 MiB
ramon: sys.nprocs           3280
ramon: argv                 0 = z3
ramon: argv                 1 = inputs/QF_NIA_small/aproveSMT6744625072979146355.smt2
ramon: argv                 2 = -T:600
ramon: argv                 3 = -st
ramon: argv                 4 = lp.dio=true
ramon: argv                 5 = lp.dio_run_gcd=true
ramon: childpid             1889517
ramon: poll                 wall=01.002s usage=00.976s user=00.801s sys=00.175s mem=42536KiB roottime=0.800s load=0.97 rootload=0.80
ramon: poll                 wall=02.000s usage=01.970s user=01.736s sys=00.235s mem=63372KiB roottime=1.730s load=1.00 rootload=0.93
ramon: poll                 wall=03.000s usage=02.965s user=02.404s sys=00.560s mem=108MiB roottime=2.400s load=0.99 rootload=0.67
ramon: poll                 wall=04.000s usage=03.960s user=03.399s sys=00.561s mem=108MiB roottime=3.390s load=1.00 rootload=0.99
ramon: poll                 wall=05.000s usage=04.953s user=04.389s sys=00.564s mem=108MiB roottime=4.380s load=0.99 rootload=0.99
ramon: end                  Wed Apr  9 17:43:57 2025
ramon: root.execname        z3
ramon: root.utime           4.440s
ramon: root.stime           0.590s
ramon: group.total          5.040s
ramon: group.utime          4.448s
ramon: group.stime          0.593s
ramon: group.mempeak        144MiB
ramon: group.pidpeak        3
ramon: status               exited
ramon: exitcode             0
ramon: walltime             5.088s
ramon: loadavg              0.99
