ramon: cwd                  /home/gh1/A/_work/z3-poly-testing/z3-poly-testing
ramon: start                Mon Dec  2 13:11:54 2024
ramon: nproc                32
ramon: sys.mem              63442 MiB
ramon: sys.mem.free         26095 MiB
ramon: sys.mem.avail        61077 MiB
ramon: sys.nprocs           1608
ramon: argv                 0 = z3
ramon: argv                 1 = inputs/QF_LIA/v20_problem__030.smt2.slack.smt2
ramon: argv                 2 = -T:20
ramon: argv                 3 = -v:2
ramon: childpid             307087
(smt.searching)
(smt.stats :restarts     :decisions   :clauses/bin/units  :simplify   :memory)
(smt.stats        :conflicts    :propagations     :lemmas      :deletions   )
(smt.stats    0      0      0      0     0/0/85       0/0     0    0   18.79)
ramon: poll                 wall=1.002s usage=1.000s mem=20016KiB load=1.00 rootload=0.99
(smt.stats    0     31    172     68    13/13/86      30/0     1    0   19.07)
ramon: end                  Mon Dec  2 13:11:55 2024
ramon: root.execname        z3
ramon: root.utime           1.630s
ramon: root.stime           0.000s
ramon: group.total          1.645s
ramon: group.utime          1.637s
ramon: group.stime          0.008s
ramon: group.mempeak        20384KiB
ramon: group.pidpeak        3
ramon: status               exited
ramon: exitcode             0
ramon: walltime             1.647s
ramon: loadavg              1.00
