ramon: cwd                  /home/gh1/A/_work/z3-poly-testing/z3-poly-testing
ramon: start                Sun Jan  5 14:29:41 2025
ramon: nproc                32
ramon: sys.mem              63442 MiB
ramon: sys.mem.free         9529 MiB
ramon: sys.mem.avail        59612 MiB
ramon: sys.nprocs           2391
ramon: argv                 0 = z3
ramon: argv                 1 = inputs/QF_BV_SAT/innfeed_innfeed_vc36634.smt2
ramon: argv                 2 = -T:20
ramon: argv                 3 = -v:2
ramon: argv                 4 = sls.bv_use_top_level_assertions=true
ramon: argv                 5 = -st
ramon: argv                 6 = tactic.default_tactic=(then simplify propagate-values solve-eqs simplify sls-smt)
ramon: argv                 7 = model_validate=true
ramon: childpid             2783793
(sat.ddfw :unsat :models :kflips/sec  :flips  :restarts  :reinits  :unsat_vars  :shifts)
(sat.ddfw     644      0     10000     10000         0          0            5     6036)
(sat.ddfw     644      0      5000     20000         0          1            5    14027)
(sat.ddfw     644      0      5000     40000         0          2            3    28506)
(sat.ddfw     644      0   4285.71     70000         0          3            3    60187)
(sat.ddfw     644      0   3076.92    110000         0          4            3    89318)
(sat.ddfw     644      0   2777.78    160000         0          5            3   125485)
(sat.ddfw     644      0      2500    220000         1          6            3   173476)
(sat.ddfw     644      0    2187.5    290000         1          7            3   224370)
(sat.ddfw     644      0   2051.28    370000         2          8            3   282482)
lookahead-search moves:0 max-moves:800
lookahead-search moves:800 max-moves:1700
lookahead-search moves:1700 max-moves:2700
lookahead-search moves:2700 max-moves:3800
ramon: poll                 wall=1.000s usage=0.897s mem=19316KiB load=0.90 rootload=0.88
lookahead-search moves:3800 max-moves:5000
lookahead-search moves:5000 max-moves:6300
lookahead-search moves:6300 max-moves:7700
ramon: poll                 wall=2.000s usage=1.894s mem=19340KiB load=1.00 rootload=1.00
lookahead-search moves:7700 max-moves:9200
ramon: poll                 wall=3.000s usage=2.893s mem=19340KiB load=1.00 rootload=1.00
(sat.ddfw       1    706   30.6227    460000        48          9            3   333202)
lookahead-search moves:9200 max-moves:10800
lookahead-search moves:10800 max-moves:12500
ramon: poll                 wall=4.000s usage=3.892s mem=19372KiB load=1.00 rootload=1.00
lookahead-search moves:12500 max-moves:14300
(sat.ddfw       1    994   20.9293    560000        73         10            1   397772)
lookahead-search moves:14300 max-moves:16200
ramon: poll                 wall=5.000s usage=4.885s mem=19372KiB load=0.99 rootload=0.98
ramon: poll                 wall=6.000s usage=5.885s mem=19372KiB load=1.00 rootload=1.00
lookahead-search moves:16200 max-moves:18200
ramon: poll                 wall=7.000s usage=6.884s mem=19372KiB load=1.00 rootload=1.00
lookahead-search moves:18200 max-moves:20300
ramon: poll                 wall=8.000s usage=7.884s mem=19372KiB load=1.00 rootload=1.00
lookahead-search moves:20300 max-moves:22500
ramon: poll                 wall=9.000s usage=8.880s mem=19372KiB load=1.00 rootload=1.00
lookahead-search moves:22500 max-moves:24800
lookahead-search moves:24800 max-moves:27200
ramon: poll                 wall=10.000s usage=9.865s mem=19372KiB load=0.98 rootload=0.98
ramon: poll                 wall=11.000s usage=10.863s mem=19372KiB load=1.00 rootload=1.00
lookahead-search moves:27200 max-moves:29700
ramon: poll                 wall=12.000s usage=11.860s mem=19372KiB load=1.00 rootload=1.00
(sat.ddfw       1   1025    8.9264    670000       112         11            3   457188)
(sat.ddfw       1   1025    9.7292    790000       112         12            3   547781)
lookahead-search moves:29700 max-moves:32300
ramon: poll                 wall=13.004s usage=12.863s mem=19372KiB load=1.00 rootload=1.00
lookahead-search moves:32300 max-moves:35000
lookahead-search moves:35000 max-moves:37800
ramon: poll                 wall=14.000s usage=13.858s mem=19376KiB load=1.00 rootload=1.00
ramon: poll                 wall=15.000s usage=14.858s mem=19376KiB load=1.00 rootload=1.00
(sat.ddfw       1   1025   8.22993    920000       119         13            3   633733)
lookahead-search moves:37800 max-moves:40700
ramon: poll                 wall=16.000s usage=15.852s mem=19376KiB load=0.99 rootload=0.99
ramon: poll                 wall=17.000s usage=16.847s mem=19376KiB load=1.00 rootload=1.00
lookahead-search moves:40700 max-moves:43700
ramon: poll                 wall=18.000s usage=17.847s mem=19376KiB load=1.00 rootload=1.00
(sat.ddfw       1   1025   7.73224   1060000       120         14            3   729782)
lookahead-search moves:43700 max-moves:46800
ramon: poll                 wall=19.000s usage=18.843s mem=19376KiB load=1.00 rootload=0.99
lookahead-search moves:46800 max-moves:50000
ramon: poll                 wall=20.000s usage=19.838s mem=19376KiB load=0.99 rootload=1.00
ramon: end                  Sun Jan  5 14:30:01 2025
ramon: root.execname        z3
ramon: root.utime           19.890s
ramon: root.stime           0.010s
ramon: group.total          19.913s
ramon: group.utime          19.897s
ramon: group.stime          0.016s
ramon: group.mempeak        19636KiB
ramon: group.pidpeak        2
ramon: status               exited
ramon: exitcode             0
ramon: walltime             20.075s
ramon: loadavg              0.99
