ramon: cwd                  /home/gh1/A/_work/z3-poly-testing/z3-poly-testing
ramon: start                Sun Oct 27 23:00:47 2024
ramon: nproc                32
ramon: sys.mem              63442 MiB
ramon: sys.mem.free         29384 MiB
ramon: sys.mem.avail        62193 MiB
ramon: sys.nprocs           1035
ramon: argv                 0 = z3
ramon: argv                 1 = inputs/QF_BV_SAT/bin_libsmbsharemodes_vc5751.smt2
ramon: argv                 2 = -T:20
ramon: argv                 3 = -v:2
ramon: argv                 4 = smt.sls.enable=true
ramon: argv                 5 = sat.smt=true
ramon: argv                 6 = -st
ramon: argv                 7 = tactic.default_tactic=(then simplify propagate-values solve-eqs simplify smt)
ramon: argv                 8 = model_validate=true
ramon: childpid             2534576
(sat.copy :learned 0)
(sat.solver)
(sat.copy :learned 0)
(sat.stats   :conflicts  :restarts          :learned/bin    :gc          :time)
(sat.stats          :decisions :clauses/bin      :units        :memory        )
(sat.stats      0      0    0 183615/87159     0/0 109       0   187.34   0.11)
(sat.ddfw :unsat :models :kflips/sec  :flips  :restarts  :reinits  :unsat_vars  :shifts)
(sat.ddfw      47     17   71.5674     10091         0          0          166      280)
(sat.stats    101   2438    0 186727/90015   112/9 109       0   192.75   0.29)
 (sat-cleaner :elim-literals 201 :elim-clauses 35 :cost 300870 :time 0.04)
(sat.stats    101   2438    0 186984/90496   112/9 213       0   192.86   0.35)
(sat.stats    101   2438    0 186984/90496   112/9 213       0   192.86   0.36)
(sat.simplify :simplifications 1)
(sat.ddfw      35     15     35.12     20099         0          1          111      288)
 (sat-scc :elim-vars 1880 :elim-bin 169 :time 0.19)
ramon: poll                 wall=1.000s usage=0.895s mem=216MiB load=0.90 rootload=0.83
 (sat-cleaner :elim-literals 0 :elim-clauses 0 :cost 385798 :time 0.02)
(sat.ddfw      12    117     20.50     40000         0          2            2      354)
 (sat-probing :probing-assigned 3710 :cost 1275811218.38 :time 0.15)
(sat.stats    101   2438    0 120406/28620    51/8 3925       0   218.38   1.36)
 (sat-cleaner :elim-literals 13510 :elim-clauses 17941 :cost 329467 :time 0.03)
(sat.stats    104   2679    1 96807/26700    28/3 3925       0   217.52   1.40)
(sat.stats :conflicts    :restarts        :learned/bin      :gc          :time)
(sat.stats       :decisions  :clauses/bin       :units         :memory        )
(sat.stats    107   2877    2 96807/26700    31/3 3925       0   217.42   1.41)
(sat.stats    113   3440    3 96807/26700    37/3 3925       0   217.42   1.44)
(sat.stats    116   3776    4 97191/27084    43/6 3925       0   217.64   1.46)
(sat.stats    120   4046    5 97191/27084    47/6 3925       0   217.64   1.48)
(sat.stats    123   4344    6 97191/27084    50/6 3925       0   217.64   1.49)
(sat.stats    126   4729    7 97191/27084    53/6 3925       0   217.64   1.51)
(sat.stats    129   4952    8 98343/27724    59/6 3925       0   218.95   1.52)
(sat.stats    132   5365    9 99133/28130    65/6 3925       0   219.25   1.54)
(sat.stats    135   5788   10 99133/28130    68/7 3925       0   219.25   1.56)
(sat.stats    138   5857   11 99769/28766    71/7 3925       0   219.53   1.57)
(sat.stats :conflicts   :restarts          :learned/bin      :gc          :time)
(sat.stats       :decisions  :clauses/bin        :units         :memory        )
(sat.stats    141   6727   12 100853/29594    75/7 3925       0   219.77   1.60)
ramon: poll                 wall=2.000s usage=2.000s mem=229MiB load=1.10 rootload=1.10
(sat.stats    210  12698   32 103695/32180   160/8 3925       0   222.19   1.79)
(sat.ddfw      11    341     17.72     70000         0          3           50      427)
(sat.stats    474  16074   42 103695/32180   424/12 3925       0   222.83   2.04)
(sat.stats    480  16084   43 103695/32180   430/12 3925       0   222.83   2.04)
(sat.stats    835  20350   59 105671/34156   789/12 3925       0   223.10   2.26)
(sat.stats   1067  21712  119 105671/34156  1021/12 3925       0   223.19   2.34)
ramon: poll                 wall=3.000s usage=3.125s mem=232MiB load=1.13 rootload=1.13
(sat.stats :conflicts  :restarts         :learned/bin         :gc          :time)
(sat.stats      :decisions   :clauses/bin         :units         :memory        )
(sat.stats   1601  40460  194 107039/35396  1564/21 3925       0   223.65   3.08)
ramon: poll                 wall=4.000s usage=4.042s mem=232MiB load=0.92 rootload=0.91
(sat.ddfw      11    926     11.34    110000         0          4           32      520)
ramon: poll                 wall=5.000s usage=5.013s mem=232MiB load=0.97 rootload=0.97
(sat.ddfw      11   1025      3.95    128708         0          5           46      590)
sls-result l_undef
"checking model (on original set of clauses)"
(sat.stats   2165  69823  232 110225/38454  2138/28 3925       0   149.09   4.94)
Verifying solution
solution verified
ramon: end                  Sun Oct 27 23:00:53 2024
ramon: root.execname        z3
ramon: root.utime           5.400s
ramon: root.stime           0.080s
ramon: group.total          5.498s
ramon: group.utime          5.414s
ramon: group.stime          0.084s
ramon: group.mempeak        232MiB
ramon: group.pidpeak        3
ramon: status               exited
ramon: exitcode             0
ramon: walltime             5.543s
ramon: loadavg              0.99
