sat
(:bv-bit2eq                      18
 :euf-final-check                2
 :euf-merge                      96
 :euf-propagations-theory-diseqs 34
 :euf-propagations-theory-eqs    81
 :max-memory                     50.82
 :memory                         17.46
 :num-allocs                     302987
 :rlimit-count                   6616
 :sat-backjumps                  1
 :sat-conflicts                  1
 :sat-decisions                  90
 :sat-mk-clause-2ary             152
 :sat-mk-clause-nary             197
 :sat-mk-var                     163
 :sat-propagations-2ary          119
 :sat-propagations-nary          69
 :sat-units                      18
 :simplifier-steps               79
 :solve-eqs-elim-vars            6
 :solve-eqs-steps                6
 :time                           0.03
 :total-time                     0.02)
