ramon: cwd                  /home/gh1/A/_work/z3-poly-testing/z3-poly-testing
ramon: start                Fri Oct 11 19:38:46 2024
ramon: nproc                32
ramon: sys.mem              63442 MiB
ramon: sys.mem.free         29788 MiB
ramon: sys.mem.avail        62579 MiB
ramon: sys.nprocs           2285
ramon: argv                 0 = z3
ramon: argv                 1 = inputs/QF_UF_SAT/gensys_brn680.smt2
ramon: argv                 2 = -T:20
ramon: argv                 3 = -v:2
ramon: argv                 4 = -st
ramon: argv                 5 = sls.euf_incremental=true
ramon: argv                 6 = model_validate=true
ramon: argv                 7 = tactic.default_tactic=(then simplify propagate-values solve-eqs simplify sls-smt)
ramon: childpid             3341801
UNITS -470 -471 -472 -473 -474 -475 -476 -477 -478 -479 -480 -481 -482 -483 -484 -485 -486 -487 -488 -489 -490 -491 -492 -493 -494 -495 -496 -497 -498 -499 -500 -501 -502 -503 -504 -505 -506 -507 -508 -509 -510 -511 -512 -513 -514 -515 -516 -517 -518 -519 -520 -521 -522 -523 -524 -525 -526 -527 -528 -529 -530 -531 -532 -533 -534 -535 -536 -537 -538 -539 -540 -541 -542 -543 -544 -545 -546 -547 -548 -549 -550 -551 -552 -553 -554 -555 -556 -557 -558 -559 -560 -561 -562 -563 -564 -565 -566 -567 -568 -569 -570 -571 -572 -573 -574 -575 -576 -577 -578 -579
sls.euf: incremental 1
(sat.ddfw :unsat :models :kflips/sec  :flips  :restarts  :reinits  :unsat_vars  :shifts)
(sat.ddfw       1     21   49.7512     10000         0          0            2     1931)
(sat.ddfw       2      1   38.9105     20000         2          1           23     3562)
(sat.ddfw       2      5   65.7895     40000         4          2           17     6752)
(sat.ddfw       3      7   79.3651     70000         6          3           14    10371)
(sat.ddfw       1      4   85.1064    110000         6          4           37    15608)
(sat.ddfw       2      9   88.4956    160000         9          5           20    23799)
(sat.ddfw       1      2    97.561    220000        10          6           32    33172)
(sat.ddfw       2      8   104.167    290000        11          7           12    39881)
(sat.ddfw       3     12   105.402    370000        13          8           37    51391)
(sat.ddfw       1      8    109.89    460000        17          9           24    63478)
(sat.ddfw       2     19   110.132    560000        18         10           26    74354)
(sat.ddfw       2     35   112.474    670000        19         11           32    88243)
ramon: poll                 wall=1.000s usage=0.995s mem=20660KiB load=1.00 rootload=0.98
(sat.ddfw       4     15   111.732    790000        22         12           21   100480)
(sat.ddfw       1     33   111.301    920000        23         13           13   113421)
(sat.ddfw       1      7   110.497   1060000        27         14           47   131361)
(sat.ddfw       1      1   108.696   1210000        30         15           26   148274)
(sat.ddfw       1      5   103.761   1370000        33         16           23   165293)
(sat.ddfw       2     25    100.83   1540000        34         17           51   181473)
(sat.ddfw       1     26   97.8261   1720000        37         18           17   201912)
(sat.ddfw       1      1   95.4774   1910000        38         19           24   219870)
ramon: poll                 wall=2.002s usage=1.999s mem=20660KiB load=1.00 rootload=1.00
(sat.ddfw       3      1   92.7214   2110000        38         20           30   242376)
(sat.ddfw       1     13   89.2857   2320000        41         21           35   263824)
(sat.ddfw       2      7    86.546   2540000        42         22           19   284468)
(sat.ddfw       3      7    83.606   2770000        44         23           46   306417)
(sat.ddfw       1      3   80.5639   3010000        46         24           14   329102)
ramon: poll                 wall=3.000s usage=2.995s mem=20660KiB load=1.00 rootload=1.00
(sat.ddfw       1     11    77.688   3260000        49         25           19   352628)
(sat.ddfw       2     83   75.1662   3520000        53         26           37   374495)
(sat.ddfw       1      9   72.9927   3790000        53         27           14   398026)
(sat.ddfw       1     29   70.8144   4070000        56         28            9   425209)
ramon: poll                 wall=4.000s usage=3.995s mem=20660KiB load=1.00 rootload=1.00
(sat.ddfw       4      4    68.477   4360000        62         29           18   452288)
(sat.ddfw       1     54   66.5336   4660000        62         30           24   478369)
(sat.ddfw       1     54   64.6237   4970000        64         31           29   504815)
ramon: poll                 wall=5.000s usage=4.995s mem=20660KiB load=1.00 rootload=1.00
(sat.ddfw       1     19   62.7574   5290000        67         32           37   533401)
(sat.ddfw       1      3   60.8632   5620000        70         33           56   563210)
(sat.ddfw       3    121   59.0483   5960000        75         34           44   594565)
ramon: poll                 wall=6.000s usage=5.994s mem=20900KiB load=1.00 rootload=1.00
(sat.ddfw       1      2   57.4335   6310000        77         35           48   624466)
(sat.ddfw       1     12   55.8919   6670000        78         36           36   656046)
(sat.ddfw       1     12   54.4518   7040000        78         37           38   686239)
ramon: poll                 wall=7.000s usage=6.986s mem=20976KiB load=0.99 rootload=0.99
(sat.ddfw       9      2   52.9543   7420000        80         38           99   719223)
(sat.ddfw       1     15   51.6283   7810000        82         39           57   756354)
(sat.ddfw       3     33   50.2702   8210000        85         40           31   792968)
ramon: poll                 wall=8.000s usage=7.986s mem=20976KiB load=1.00 rootload=1.00
(sat.ddfw      13      3   49.0431   8620000        89         41           43   826712)
(sat.ddfw       5      2   47.8197   9040000        92         42           37   862204)
ramon: poll                 wall=9.002s usage=8.990s mem=20976KiB load=1.00 rootload=1.00
(sat.ddfw       3      1   46.6327   9470000        93         43           68   896860)
(sat.ddfw       1     17   45.5345   9910000        95         44           29   935770)
ramon: poll                 wall=10.010s usage=9.998s mem=20936KiB load=1.00 rootload=1.00
(sat.ddfw       1      7   44.5148  10360000        99         45           15   974643)
(sat.ddfw       3     18   43.4372  10820000       104         46           34  1017312)
ramon: poll                 wall=11.002s usage=10.986s mem=21192KiB load=1.00 rootload=1.00
(sat.ddfw       3      4   42.4111  11290000       107         47           22  1057059)
(sat.ddfw       2    198   41.5297  11770000       108         48           75  1099720)
ramon: poll                 wall=12.000s usage=11.985s mem=21168KiB load=1.00 rootload=1.00
(sat.ddfw       1      4     40.61  12260000       113         49           44  1138271)
(sat.ddfw       3     13   39.5946  12760000       119         50           51  1182122)
ramon: poll                 wall=13.000s usage=12.985s mem=21168KiB load=1.00 rootload=1.00
(sat.ddfw       1      3   38.6921  13270000       122         51           15  1225096)
on-model 
(sat.ddfw       0      1    19.024  13526481       126         52            0  1248647)
ramon: end                  Fri Oct 11 19:38:59 2024
ramon: root.execname        z3
ramon: root.utime           13.460s
ramon: root.stime           0.010s
ramon: group.total          13.480s
ramon: group.utime          13.468s
ramon: group.stime          0.012s
ramon: group.mempeak        21456KiB
ramon: group.pidpeak        2
ramon: status               exited
ramon: exitcode             0
ramon: walltime             13.494s
ramon: loadavg              1.00
