ramon: cwd                  /home/gh1/A/_work/z3-poly-testing/z3-poly-testing
ramon: start                Fri Oct 11 19:39:31 2024
ramon: nproc                32
ramon: sys.mem              63442 MiB
ramon: sys.mem.free         29745 MiB
ramon: sys.mem.avail        62579 MiB
ramon: sys.nprocs           2280
ramon: argv                 0 = z3
ramon: argv                 1 = inputs/QF_UF_SAT/iso_brn638.smt2
ramon: argv                 2 = -T:20
ramon: argv                 3 = -v:2
ramon: argv                 4 = -st
ramon: argv                 5 = sls.euf_incremental=true
ramon: argv                 6 = model_validate=true
ramon: argv                 7 = tactic.default_tactic=(then simplify propagate-values solve-eqs simplify sls-smt)
ramon: childpid             3350032
UNITS -541 -3 -542 -543 -28 -544 -545 -546 -547 -548 -549 -550 -551 -552 -553 -554 -555 -556 -557 -558 -10 -14 -559 -560 -112 -561 -562 -563 -564 -565 -566 -567 -568 -569 -570 -571 -572 -573 -574 -575 -576 -21 -577 -578 -41 -579 -580 -581 -582 -583 -584 -585 -586 -587 -588 -589 -590 -591 -592 -593 -594 -25 -595 -596 -30 -597 -598 -599 -600 -601 -602 -108 -603 -106 -49 -604 -46 -605 -115 -51 -606 -607 -608 -609 -610 -611 -612 -613 -614 -615 -616 -617 -618 -619 -620 -621 -622 -623 -624 -625 -109 -110 -111 -117 -119 -120 -626 -627
sls.euf: incremental 1
(sat.ddfw :unsat :models :kflips/sec  :flips  :restarts  :reinits  :unsat_vars  :shifts)
(sat.ddfw       5      2   78.7402     10000         1          0           20     1937)
(sat.ddfw       7     11   74.0741     20000         2          1           32     3865)
(sat.ddfw       1      8    109.89     40000        10          2            5     9957)
(sat.ddfw       1     23   140.187     70000        21          3            4    17400)
(sat.ddfw       1     21   159.363    110000        31          4            2    24911)
(sat.ddfw       1      1   174.825    160000        35          5           17    33325)
(sat.ddfw       1     25   185.759    220000        39          6            5    50232)
(sat.ddfw       2    191       200    290000        40          7           21    66466)
(sat.ddfw       1     38   201.511    370000        45          8           22    96101)
(sat.ddfw       1     26   193.133    460000        64          9           25   114090)
(sat.ddfw       2     39   185.185    560000        70         10           23   133907)
(sat.ddfw       1      2   183.946    670000        77         11            7   154958)
(sat.ddfw       3     21   178.042    790000        84         12           24   180953)
(sat.ddfw       1    292   174.497    920000        95         13           11   201707)
on-model 
(sat.ddfw       0      1    120.81   1019668       153         14            0   215839)
ramon: end                  Fri Oct 11 19:39:32 2024
ramon: root.execname        z3
ramon: root.utime           0.820s
ramon: root.stime           0.000s
ramon: group.total          0.832s
ramon: group.utime          0.828s
ramon: group.stime          0.004s
ramon: group.mempeak        20588KiB
ramon: group.pidpeak        2
ramon: status               exited
ramon: exitcode             0
ramon: walltime             0.836s
ramon: loadavg              1.00
