ramon: cwd                  /home/runner/a/_work/z3-poly-testing/z3-poly-testing
ramon: start                Thu Feb 20 15:39:35 2025
ramon: nproc                128
ramon: sys.mem              64150 MiB
ramon: sys.mem.free         24256 MiB
ramon: sys.mem.avail        63939 MiB
ramon: sys.nprocs           2941
ramon: argv                 0 = z3
ramon: argv                 1 = inputs/QF_LIA/n289-RF-15.smt2
ramon: argv                 2 = -T:600
ramon: argv                 3 = -st
ramon: argv                 4 = smt.arith.lp.dio_eqs=true
ramon: childpid             288284
ramon: poll                 wall=01.011s usage=01.005s user=00.888s sys=00.117s mem=45052KiB roottime=0.880s load=0.99 rootload=0.87
ramon: end                  Thu Feb 20 15:39:36 2025
ramon: root.execname        z3
ramon: root.utime           0.890s
ramon: root.stime           0.120s
ramon: group.total          1.019s
ramon: group.utime          0.893s
ramon: group.stime          0.127s
ramon: group.mempeak        49624KiB
ramon: group.pidpeak        2
ramon: status               exited
ramon: exitcode             0
ramon: walltime             1.028s
ramon: loadavg              0.99
