ramon: cwd                  /home/runner/a/_work/z3-poly-testing/z3-poly-testing
ramon: start                Thu Feb 20 15:25:01 2025
ramon: nproc                128
ramon: sys.mem              64150 MiB
ramon: sys.mem.free         25553 MiB
ramon: sys.mem.avail        63942 MiB
ramon: sys.nprocs           2965
ramon: argv                 0 = z3
ramon: argv                 1 = inputs/QF_LIA/n8082-prp-0-47.smt2
ramon: argv                 2 = -T:600
ramon: argv                 3 = -st
ramon: argv                 4 = smt.arith.lp.dio_eqs=true
ramon: childpid             219294
ramon: poll                 wall=01.011s usage=00.983s user=00.866s sys=00.116s mem=23344KiB roottime=0.860s load=0.97 rootload=0.85
ramon: end                  Thu Feb 20 15:25:02 2025
ramon: root.execname        z3
ramon: root.utime           1.190s
ramon: root.stime           0.150s
ramon: group.total          1.350s
ramon: group.utime          1.200s
ramon: group.stime          0.150s
ramon: group.mempeak        28316KiB
ramon: group.pidpeak        2
ramon: status               exited
ramon: exitcode             0
ramon: walltime             1.384s
ramon: loadavg              0.98
