ramon: cwd                  /home/runner/a/_work/z3-poly-testing/z3-poly-testing
ramon: start                Thu Feb 20 15:35:35 2025
ramon: nproc                128
ramon: sys.mem              64150 MiB
ramon: sys.mem.free         24771 MiB
ramon: sys.mem.avail        63940 MiB
ramon: sys.nprocs           2968
ramon: argv                 0 = z3
ramon: argv                 1 = inputs/QF_LIA/n8089-prp-2-48.smt2
ramon: argv                 2 = -T:600
ramon: argv                 3 = -st
ramon: argv                 4 = smt.arith.lp.dio_eqs=true
ramon: childpid             272523
ramon: end                  Thu Feb 20 15:35:36 2025
ramon: root.execname        z3
ramon: root.utime           0.670s
ramon: root.stime           0.090s
ramon: group.total          0.768s
ramon: group.utime          0.675s
ramon: group.stime          0.094s
ramon: group.mempeak        28380KiB
ramon: group.pidpeak        2
ramon: status               exited
ramon: exitcode             0
ramon: walltime             0.796s
ramon: loadavg              0.97
