ramon: cwd                  /home/runner/a/_work/z3-poly-testing/z3-poly-testing
ramon: start                Thu Feb 20 15:30:09 2025
ramon: nproc                128
ramon: sys.mem              64150 MiB
ramon: sys.mem.free         28046 MiB
ramon: sys.mem.avail        63941 MiB
ramon: sys.nprocs           2989
ramon: argv                 0 = z3
ramon: argv                 1 = inputs/QF_LIA/prp-23-41.smt2
ramon: argv                 2 = -T:600
ramon: argv                 3 = -st
ramon: argv                 4 = smt.arith.lp.dio_eqs=true
ramon: childpid             245238
ramon: poll                 wall=01.004s usage=00.973s user=00.893s sys=00.079s mem=35952KiB roottime=0.890s load=0.97 rootload=0.89
ramon: poll                 wall=02.010s usage=01.969s user=01.870s sys=00.099s mem=49408KiB roottime=1.870s load=0.99 rootload=0.97
ramon: poll                 wall=03.011s usage=02.960s user=02.858s sys=00.102s mem=49684KiB roottime=2.850s load=0.99 rootload=0.98
ramon: poll                 wall=04.015s usage=03.955s user=03.852s sys=00.102s mem=50096KiB roottime=3.850s load=0.99 rootload=1.00
ramon: poll                 wall=05.023s usage=04.954s user=04.847s sys=00.107s mem=50452KiB roottime=4.840s load=0.99 rootload=0.98
ramon: poll                 wall=06.000s usage=05.924s user=05.815s sys=00.109s mem=51276KiB roottime=5.810s load=0.99 rootload=0.99
ramon: poll                 wall=07.011s usage=06.927s user=06.814s sys=00.113s mem=51408KiB roottime=6.810s load=0.99 rootload=0.99
ramon: poll                 wall=08.021s usage=07.931s user=07.817s sys=00.114s mem=51664KiB roottime=7.810s load=0.99 rootload=0.99
ramon: poll                 wall=09.013s usage=08.917s user=08.803s sys=00.114s mem=52228KiB roottime=8.800s load=0.99 rootload=1.00
ramon: poll                 wall=10.001s usage=09.900s user=09.786s sys=00.114s mem=52128KiB roottime=9.780s load=1.00 rootload=0.99
ramon: poll                 wall=11.002s usage=10.898s user=10.781s sys=00.117s mem=52532KiB roottime=10.780s load=1.00 rootload=1.00
ramon: poll                 wall=12.000s usage=11.894s user=11.775s sys=00.118s mem=52916KiB roottime=11.770s load=1.00 rootload=0.99
ramon: poll                 wall=13.003s usage=12.894s user=12.775s sys=00.119s mem=53088KiB roottime=12.770s load=1.00 rootload=1.00
ramon: poll                 wall=14.019s usage=13.909s user=13.790s sys=00.119s mem=53364KiB roottime=13.780s load=1.00 rootload=0.99
ramon: poll                 wall=15.003s usage=14.893s user=14.773s sys=00.120s mem=53620KiB roottime=14.770s load=1.00 rootload=1.01
ramon: poll                 wall=16.016s usage=15.906s user=15.784s sys=00.121s mem=53876KiB roottime=15.780s load=1.00 rootload=1.00
ramon: poll                 wall=17.003s usage=16.893s user=16.769s sys=00.123s mem=53876KiB roottime=16.760s load=1.00 rootload=0.99
ramon: poll                 wall=18.003s usage=17.893s user=17.768s sys=00.124s mem=54132KiB roottime=17.760s load=1.00 rootload=1.00
ramon: poll                 wall=19.004s usage=18.893s user=18.769s sys=00.124s mem=54132KiB roottime=18.760s load=1.00 rootload=1.00
ramon: poll                 wall=20.003s usage=19.892s user=19.768s sys=00.125s mem=54644KiB roottime=19.760s load=1.00 rootload=1.00
ramon: poll                 wall=21.009s usage=20.898s user=20.771s sys=00.127s mem=55412KiB roottime=20.770s load=1.00 rootload=1.00
ramon: poll                 wall=22.013s usage=21.902s user=21.775s sys=00.127s mem=55412KiB roottime=21.770s load=1.00 rootload=1.00
ramon: poll                 wall=23.017s usage=22.906s user=22.778s sys=00.128s mem=55412KiB roottime=22.770s load=1.00 rootload=1.00
ramon: poll                 wall=24.006s usage=23.894s user=23.767s sys=00.128s mem=55668KiB roottime=23.760s load=1.00 rootload=1.00
ramon: poll                 wall=25.000s usage=24.888s user=24.759s sys=00.130s mem=55924KiB roottime=24.750s load=1.00 rootload=1.00
ramon: poll                 wall=26.004s usage=25.892s user=25.762s sys=00.131s mem=56180KiB roottime=25.760s load=1.00 rootload=1.01
ramon: poll                 wall=27.003s usage=26.891s user=26.760s sys=00.131s mem=56180KiB roottime=26.760s load=1.00 rootload=1.00
ramon: poll                 wall=28.000s usage=27.889s user=27.758s sys=00.131s mem=56180KiB roottime=27.750s load=1.00 rootload=0.99
ramon: poll                 wall=29.002s usage=28.890s user=28.757s sys=00.133s mem=56436KiB roottime=28.750s load=1.00 rootload=1.00
ramon: poll                 wall=30.003s usage=29.889s user=29.756s sys=00.134s mem=56692KiB roottime=29.750s load=1.00 rootload=1.00
ramon: poll                 wall=31.000s usage=30.887s user=30.750s sys=00.137s mem=56692KiB roottime=30.740s load=1.00 rootload=0.99
ramon: poll                 wall=32.011s usage=31.898s user=31.760s sys=00.138s mem=56948KiB roottime=31.750s load=1.00 rootload=1.00
ramon: poll                 wall=33.006s usage=32.893s user=32.755s sys=00.138s mem=56948KiB roottime=32.750s load=1.00 rootload=1.01
ramon: poll                 wall=34.006s usage=33.892s user=33.755s sys=00.138s mem=56948KiB roottime=33.750s load=1.00 rootload=1.00
ramon: poll                 wall=35.007s usage=34.893s user=34.752s sys=00.141s mem=57204KiB roottime=34.750s load=1.00 rootload=1.00
ramon: poll                 wall=36.007s usage=35.893s user=35.749s sys=00.144s mem=57204KiB roottime=35.740s load=1.00 rootload=0.99
ramon: poll                 wall=37.009s usage=36.895s user=36.751s sys=00.144s mem=57204KiB roottime=36.750s load=1.00 rootload=1.01
ramon: poll                 wall=38.006s usage=37.891s user=37.748s sys=00.144s mem=57460KiB roottime=37.740s load=1.00 rootload=0.99
ramon: poll                 wall=39.008s usage=38.893s user=38.748s sys=00.145s mem=57460KiB roottime=38.740s load=1.00 rootload=1.00
ramon: poll                 wall=40.008s usage=39.893s user=39.745s sys=00.148s mem=57716KiB roottime=39.740s load=1.00 rootload=1.00
ramon: poll                 wall=41.013s usage=40.897s user=40.749s sys=00.149s mem=57972KiB roottime=40.740s load=1.00 rootload=1.00
ramon: poll                 wall=42.001s usage=41.885s user=41.737s sys=00.149s mem=58228KiB roottime=41.730s load=1.00 rootload=1.00
ramon: poll                 wall=43.007s usage=42.891s user=42.740s sys=00.151s mem=58228KiB roottime=42.730s load=1.00 rootload=0.99
ramon: poll                 wall=44.002s usage=43.886s user=43.735s sys=00.151s mem=58228KiB roottime=43.730s load=1.00 rootload=1.01
ramon: poll                 wall=45.000s usage=44.884s user=44.731s sys=00.153s mem=58228KiB roottime=44.730s load=1.00 rootload=1.00
ramon: poll                 wall=46.000s usage=45.883s user=45.730s sys=00.154s mem=58484KiB roottime=45.730s load=1.00 rootload=1.00
ramon: poll                 wall=47.000s usage=46.883s user=46.729s sys=00.154s mem=58740KiB roottime=46.720s load=1.00 rootload=0.99
ramon: poll                 wall=48.000s usage=47.883s user=47.728s sys=00.155s mem=58740KiB roottime=47.720s load=1.00 rootload=1.00
ramon: poll                 wall=49.000s usage=48.882s user=48.728s sys=00.155s mem=58740KiB roottime=48.720s load=1.00 rootload=1.00
ramon: poll                 wall=50.014s usage=49.896s user=49.740s sys=00.156s mem=58996KiB roottime=49.730s load=1.00 rootload=1.00
ramon: poll                 wall=51.000s usage=50.882s user=50.722s sys=00.160s mem=58996KiB roottime=50.720s load=1.00 rootload=1.00
ramon: poll                 wall=52.004s usage=51.885s user=51.726s sys=00.160s mem=59252KiB roottime=51.720s load=1.00 rootload=1.00
ramon: poll                 wall=53.007s usage=52.888s user=52.726s sys=00.162s mem=59252KiB roottime=52.720s load=1.00 rootload=1.00
ramon: poll                 wall=54.003s usage=53.884s user=53.721s sys=00.163s mem=59252KiB roottime=53.720s load=1.00 rootload=1.00
ramon: poll                 wall=55.000s usage=54.880s user=54.718s sys=00.163s mem=59252KiB roottime=54.710s load=1.00 rootload=0.99
ramon: poll                 wall=56.002s usage=55.882s user=55.718s sys=00.164s mem=59508KiB roottime=55.710s load=1.00 rootload=1.00
ramon: poll                 wall=57.000s usage=56.880s user=56.714s sys=00.166s mem=59508KiB roottime=56.710s load=1.00 rootload=1.00
ramon: poll                 wall=58.003s usage=57.883s user=57.717s sys=00.166s mem=59764KiB roottime=57.710s load=1.00 rootload=1.00
ramon: poll                 wall=59.004s usage=58.883s user=58.718s sys=00.166s mem=59764KiB roottime=58.710s load=1.00 rootload=1.00
ramon: poll                 wall=01m00.005s usage=59.884s user=59.716s sys=00.168s mem=60020KiB roottime=59.710s load=1.00 rootload=1.00
ramon: poll                 wall=01m01.004s usage=01m00.883s user=01m00.713s sys=00.170s mem=60020KiB roottime=60.710s load=1.00 rootload=1.00
ramon: poll                 wall=01m02.000s usage=01m01.878s user=01m01.708s sys=00.171s mem=60276KiB roottime=61.700s load=1.00 rootload=0.99
ramon: poll                 wall=01m03.003s usage=01m02.881s user=01m02.709s sys=00.172s mem=60276KiB roottime=62.700s load=1.00 rootload=1.00
ramon: poll                 wall=01m04.002s usage=01m03.880s user=01m03.707s sys=00.173s mem=60276KiB roottime=63.700s load=1.00 rootload=1.00
ramon: poll                 wall=01m05.000s usage=01m04.877s user=01m04.705s sys=00.173s mem=60532KiB roottime=64.700s load=1.00 rootload=1.00
ramon: poll                 wall=01m06.001s usage=01m05.878s user=01m05.704s sys=00.174s mem=60788KiB roottime=65.700s load=1.00 rootload=1.00
ramon: poll                 wall=01m07.000s usage=01m06.877s user=01m06.703s sys=00.174s mem=60788KiB roottime=66.700s load=1.00 rootload=1.00
ramon: poll                 wall=01m08.000s usage=01m07.876s user=01m07.701s sys=00.175s mem=61044KiB roottime=67.700s load=1.00 rootload=1.00
ramon: poll                 wall=01m09.003s usage=01m08.879s user=01m08.704s sys=00.175s mem=61044KiB roottime=68.700s load=1.00 rootload=1.00
ramon: poll                 wall=01m10.003s usage=01m09.878s user=01m09.704s sys=00.175s mem=61044KiB roottime=69.700s load=1.00 rootload=1.00
ramon: poll                 wall=01m11.001s usage=01m10.876s user=01m10.701s sys=00.175s mem=61044KiB roottime=70.700s load=1.00 rootload=1.00
ramon: poll                 wall=01m12.000s usage=01m11.875s user=01m11.698s sys=00.177s mem=61044KiB roottime=71.690s load=1.00 rootload=0.99
ramon: poll                 wall=01m13.005s usage=01m12.879s user=01m12.701s sys=00.179s mem=61300KiB roottime=72.700s load=1.00 rootload=1.01
ramon: poll                 wall=01m14.004s usage=01m13.878s user=01m13.696s sys=00.182s mem=61812KiB roottime=73.690s load=1.00 rootload=0.99
ramon: poll                 wall=01m15.006s usage=01m14.879s user=01m14.697s sys=00.182s mem=61812KiB roottime=74.690s load=1.00 rootload=1.00
ramon: poll                 wall=01m16.004s usage=01m15.876s user=01m15.694s sys=00.183s mem=62324KiB roottime=75.690s load=1.00 rootload=1.00
ramon: poll                 wall=01m17.014s usage=01m16.886s user=01m16.703s sys=00.183s mem=62324KiB roottime=76.700s load=1.00 rootload=1.00
ramon: poll                 wall=01m18.006s usage=01m17.878s user=01m17.695s sys=00.183s mem=62324KiB roottime=77.690s load=1.00 rootload=1.00
ramon: poll                 wall=01m19.009s usage=01m18.880s user=01m18.698s sys=00.183s mem=62324KiB roottime=78.690s load=1.00 rootload=1.00
ramon: poll                 wall=01m20.002s usage=01m19.873s user=01m19.690s sys=00.183s mem=62324KiB roottime=79.680s load=1.00 rootload=1.00
ramon: poll                 wall=01m21.008s usage=01m20.879s user=01m20.696s sys=00.183s mem=62324KiB roottime=80.690s load=1.00 rootload=1.00
ramon: poll                 wall=01m22.007s usage=01m21.877s user=01m21.693s sys=00.184s mem=62324KiB roottime=81.690s load=1.00 rootload=1.00
ramon: poll                 wall=01m23.006s usage=01m22.876s user=01m22.692s sys=00.184s mem=62324KiB roottime=82.690s load=1.00 rootload=1.00
ramon: poll                 wall=01m24.007s usage=01m23.876s user=01m23.692s sys=00.184s mem=62324KiB roottime=83.690s load=1.00 rootload=1.00
ramon: poll                 wall=01m25.005s usage=01m24.874s user=01m24.690s sys=00.184s mem=62324KiB roottime=84.680s load=1.00 rootload=0.99
ramon: poll                 wall=01m26.008s usage=01m25.877s user=01m25.692s sys=00.185s mem=62580KiB roottime=85.690s load=1.00 rootload=1.01
ramon: poll                 wall=01m27.000s usage=01m26.868s user=01m26.682s sys=00.186s mem=62836KiB roottime=86.680s load=1.00 rootload=1.00
ramon: poll                 wall=01m28.005s usage=01m27.873s user=01m27.687s sys=00.186s mem=62836KiB roottime=87.680s load=1.00 rootload=1.00
ramon: poll                 wall=01m29.000s usage=01m28.867s user=01m28.682s sys=00.186s mem=62836KiB roottime=88.680s load=1.00 rootload=1.00
ramon: poll                 wall=01m30.004s usage=01m29.871s user=01m29.684s sys=00.187s mem=62836KiB roottime=89.680s load=1.00 rootload=1.00
ramon: end                  Thu Feb 20 15:31:40 2025
ramon: root.execname        z3
ramon: root.utime           90.100s
ramon: root.stime           0.200s
ramon: group.total          90.314s
ramon: group.utime          90.111s
ramon: group.stime          0.204s
ramon: group.mempeak        62836KiB
ramon: group.pidpeak        2
ramon: status               exited
ramon: exitcode             0
ramon: walltime             90.449s
ramon: loadavg              1.00
