ramon: cwd                  /home/runner/a/_work/z3-poly-testing/z3-poly-testing
ramon: start                Thu Feb 20 15:37:11 2025
ramon: nproc                128
ramon: sys.mem              64150 MiB
ramon: sys.mem.free         23428 MiB
ramon: sys.mem.avail        63939 MiB
ramon: sys.nprocs           2967
ramon: argv                 0 = z3
ramon: argv                 1 = inputs/QF_LIA/v35_problem_2__031.smt2.slack.smt2
ramon: argv                 2 = -T:600
ramon: argv                 3 = -st
ramon: argv                 4 = smt.arith.lp.dio_eqs=true
ramon: childpid             280337
ramon: poll                 wall=01.016s usage=00.956s user=00.856s sys=00.101s mem=20784KiB roottime=0.850s load=0.94 rootload=0.84
ramon: poll                 wall=02.014s usage=01.939s user=01.836s sys=00.102s mem=20784KiB roottime=1.830s load=0.98 rootload=0.98
ramon: poll                 wall=03.006s usage=02.916s user=02.805s sys=00.111s mem=21404KiB roottime=2.800s load=0.99 rootload=0.98
ramon: poll                 wall=04.006s usage=03.901s user=03.672s sys=00.230s mem=36100KiB roottime=3.670s load=0.98 rootload=0.87
ramon: poll                 wall=05.001s usage=04.879s user=04.441s sys=00.438s mem=73556KiB roottime=4.440s load=0.98 rootload=0.77
ramon: poll                 wall=06.006s usage=05.869s user=05.287s sys=00.582s mem=91488KiB roottime=5.280s load=0.98 rootload=0.84
ramon: poll                 wall=07.002s usage=06.847s user=06.154s sys=00.693s mem=82500KiB roottime=6.150s load=0.98 rootload=0.87
ramon: poll                 wall=08.000s usage=07.831s user=07.138s sys=00.693s mem=82500KiB roottime=7.130s load=0.99 rootload=0.98
ramon: poll                 wall=09.005s usage=08.820s user=08.073s sys=00.747s mem=94628KiB roottime=8.070s load=0.98 rootload=0.94
ramon: poll                 wall=10.002s usage=09.809s user=09.061s sys=00.747s mem=94628KiB roottime=9.060s load=0.99 rootload=0.99
ramon: poll                 wall=11.008s usage=10.804s user=10.057s sys=00.747s mem=94628KiB roottime=10.050s load=0.99 rootload=0.98
ramon: poll                 wall=12.004s usage=11.788s user=11.039s sys=00.748s mem=94628KiB roottime=11.040s load=0.99 rootload=0.99
ramon: end                  Thu Feb 20 15:37:24 2025
ramon: root.execname        z3
ramon: root.utime           11.650s
ramon: root.stime           0.790s
ramon: group.total          12.446s
ramon: group.utime          11.656s
ramon: group.stime          0.790s
ramon: group.mempeak        113MiB
ramon: group.pidpeak        3
ramon: status               exited
ramon: exitcode             0
ramon: walltime             12.669s
ramon: loadavg              0.98
