ramon: cwd                  /home/runner/a/_work/z3-poly-testing/z3-poly-testing
ramon: start                Fri Feb  7 15:02:21 2025
ramon: nproc                128
ramon: sys.mem              64150 MiB
ramon: sys.mem.free         51128 MiB
ramon: sys.mem.avail        63907 MiB
ramon: sys.nprocs           2305
ramon: argv                 0 = z3
ramon: argv                 1 = inputs/QF_LIA/25-23.slack.smt2
ramon: argv                 2 = -T:600
ramon: argv                 3 = -st
ramon: childpid             477085
ramon: poll                 wall=01.000s usage=00.978s user=00.967s sys=00.011s mem=21032KiB roottime=0.960s load=0.98 rootload=0.96
ramon: poll                 wall=02.000s usage=01.978s user=01.967s sys=00.011s mem=21032KiB roottime=1.960s load=1.00 rootload=1.00
ramon: poll                 wall=03.000s usage=02.977s user=02.930s sys=00.047s mem=52096KiB roottime=2.930s load=1.00 rootload=0.97
ramon: poll                 wall=04.000s usage=03.977s user=03.928s sys=00.049s mem=55936KiB roottime=3.920s load=1.00 rootload=0.99
ramon: poll                 wall=05.000s usage=04.977s user=04.927s sys=00.050s mem=60032KiB roottime=4.920s load=1.00 rootload=1.00
ramon: poll                 wall=06.000s usage=05.977s user=05.926s sys=00.051s mem=63360KiB roottime=5.920s load=1.00 rootload=1.00
ramon: poll                 wall=07.000s usage=06.977s user=06.924s sys=00.053s mem=66688KiB roottime=6.920s load=1.00 rootload=1.00
ramon: end                  Fri Feb  7 15:02:28 2025
ramon: root.execname        z3
ramon: root.utime           7.010s
ramon: root.stime           0.060s
ramon: group.total          7.075s
ramon: group.utime          7.010s
ramon: group.stime          0.065s
ramon: group.mempeak        68736KiB
ramon: group.pidpeak        3
ramon: status               exited
ramon: exitcode             0
ramon: walltime             7.099s
ramon: loadavg              1.00
