sat
(:added-eqs                   6690
 :arith-bound-propagations-lp 19759
 :arith-conflicts             427
 :arith-fixed-eqs             2569
 :arith-lower                 29194
 :arith-make-feasible         12217
 :arith-max-columns           870
 :arith-max-rows              441
 :arith-offset-eqs            4183
 :arith-upper                 25166
 :binary-propagations         37742
 :conflicts                   594
 :decisions                   8091
 :del-clause                  55
 :final-checks                1
 :max-memory                  28.71
 :memory                      20.98
 :minimized-lits              7194
 :mk-bool-var                 3799
 :mk-clause                   1435
 :mk-clause-binary            5289
 :num-allocs                  39163371
 :num-checks                  1
 :propagations                46825
 :restarts                    3
 :rlimit-count                1019664
 :solve-eqs-elim-vars         355
 :solve-eqs-steps             2203
 :time                        0.46
 :total-time                  0.49)
