sat
(:added-eqs                   18184
 :arith-eq-adapter            3359
 :arith-bound-propagations-lp 2127
 :arith-branch                4320
 :arith-conflicts             676
 :arith-cube-calls            1079
 :arith-diseq                 7699
 :arith-fixed-eqs             668
 :arith-gcd-calls             4321
 :arith-lower                 31424
 :arith-make-feasible         23537
 :arith-max-columns           2675
 :arith-max-rows              935
 :arith-offset-eqs            21
 :arith-patches               4321
 :arith-patches-success       1
 :arith-upper                 22447
 :binary-propagations         42009
 :conflicts                   886
 :decisions                   17102
 :del-clause                  4285
 :final-checks                4321
 :max-memory                  27.93
 :memory                      21.45
 :minimized-lits              85
 :mk-bool-var                 19421
 :mk-clause                   5586
 :mk-clause-binary            4388
 :num-allocs                  5613484447.00
 :num-checks                  2
 :propagations                47000
 :restarts                    7
 :rlimit-count                1197970
 :solve-eqs-elim-vars         648
 :solve-eqs-steps             4981
 :time                        6.83
 :total-time                  6.89)
