ramon: cwd                  /home/gh1/A/_work/z3-poly-testing/z3-poly-testing
ramon: start                Wed Jan 15 23:00:48 2025
ramon: nproc                32
ramon: sys.mem              63441 MiB
ramon: sys.mem.free         12975 MiB
ramon: sys.mem.avail        62245 MiB
ramon: sys.nprocs           1726
ramon: argv                 0 = z3
ramon: argv                 1 = inputs/QF_NIA_CInteger/Stroeder_15__svcomp_ex3a.c__p26009_terminationG_0.smt2
ramon: argv                 2 = -T:60
ramon: argv                 3 = -v:2
ramon: argv                 4 = -st
ramon: argv                 5 = smt.sls.enable=true
ramon: argv                 6 = smt.sls.parallel=false
ramon: argv                 7 = model_validate=true
ramon: childpid             1961140
(sat.solver)
(sat.copy :learned 0)
(sat.stats   :conflicts  :restarts           :learned/bin    :gc          :time)
(sat.stats          :decisions :clauses/bin         :units      :memory        )
(sat.stats      0      0    0 302775/128160     0/0   1       0   100.44   0.00)
(smt.searching)
(smt.stats :restarts     :decisions :clauses/bin/units       :simplify   :memory)
(smt.stats        :conflicts    :propagations        :lemmas      :deletions   )
(smt.stats    0      0      0      0  1230/1194/18       0/0     0    0   34.78)
SMT -> SLS phase
SMT -> SLS values
bounded run 30000
(sat.ddfw :unsat :models :kflips/sec  :flips  :restarts  :reinits  :unsat_vars  :shifts)
(sat.ddfw       3      3   9.04348      1248         0          0            4        2)
sls-result l_undef
SLS -> SMT phase 3
SLS -> SMT values
(nlsat :conflicts 1 :decisions 0 :propagations 87 :clauses 308 :learned 1)
(nlsat-b&b :conflicts 75 :decisions 0 :propagations 1591 :clauses 308 :learned 75)
(smt.stats    0      2    144      9  1277/1230/21       2/0     1    1   69.84)
ramon: end                  Wed Jan 15 23:00:48 2025
ramon: root.execname        z3
ramon: root.utime           0.370s
ramon: root.stime           0.050s
ramon: group.total          0.431s
ramon: group.utime          0.379s
ramon: group.stime          0.052s
ramon: group.mempeak        112MiB
ramon: group.pidpeak        3
ramon: status               exited
ramon: exitcode             0
ramon: walltime             0.484s
ramon: loadavg              0.89
