unsat
(:added-eqs                       607
 :arith-eq-adapter                64
 :arith-bound-propagations-lp     79
 :arith-conflicts                 176
 :arith-cube-calls                1
 :arith-diseq                     187
 :arith-fixed-eqs                 198
 :arith-gcd-calls                 9
 :arith-gomory-cuts               1
 :arith-grobner-calls             78
 :arith-grobner-conflicts         29
 :arith-hnf-calls                 1
 :arith-horner-calls              21
 :arith-horner-conflicts          4
 :arith-horner-cross-nested-forms 5486
 :arith-lower                     746
 :arith-make-feasible             742
 :arith-max-columns               91
 :arith-max-rows                  37
 :arith-nla-add-bounds            21
 :arith-nla-lemmas                68
 :arith-nla-propagate-bounds      59
 :arith-nla-propagate-eq          380
 :arith-nra-calls                 55
 :arith-offset-eqs                42
 :arith-patches                   9
 :arith-patches-success           8
 :arith-upper                     847
 :binary-propagations             643
 :cnf-encoding-aux-vars           5
 :conflicts                       143
 :decisions                       2841
 :del-clause                      169
 :elim-unconstrained              4
 :final-checks                    146
 :max-memory                      293.89
 :memory                          162.65
 :minimized-lits                  34
 :mk-bool-var                     472
 :mk-clause                       412
 :mk-clause-binary                274
 :nlsat-conflicts                 1311
 :nlsat-decisions                 239
 :nlsat-propagations              14544
 :nlsat-restarts                  2
 :nlsat-stages                    4560
 :num-allocs                      1729827130
 :num-checks                      1
 :propagations                    1951
 :restarts                        1
 :rlimit-count                    3617562
 :sat-backjumps                   501
 :sat-conflicts                   501
 :sat-decisions                   1919
 :sat-del-clause                  105424
 :sat-elim-bool-vars-res          20651
 :sat-elim-clauses                1100
 :sat-elim-literals               1044
 :sat-minimized-lits              3703
 :sat-mk-clause-2ary              73838
 :sat-mk-clause-3ary              25707
 :sat-mk-clause-nary              174993
 :sat-mk-var                      45136
 :sat-probing-assigned            215
 :sat-propagations-2ary           716415
 :sat-propagations-nary           621560
 :sat-restarts                    51
 :sat-scc-elim-binary             96
 :sat-scc-elim-vars               89
 :sat-subs-resolution             606
 :sat-subs-resolution-dyn         619
 :sat-subsumed                    22367
 :sat-units                       340
 :sls-arith-moves                 91368
 :sls-ddfw-flips                  152.00
 :sls-ddfw-shifts                 2.00
 :sls-num-guided-search           112
 :solve-eqs-elim-vars             14
 :solve-eqs-steps                 138
 :time                            2.70
 :total-time                      2.70)
