unsat
(:added-eqs                       25452
 :arith-eq-adapter                384
 :arith-bound-propagations-lp     786
 :arith-branch                    17
 :arith-conflicts                 1569
 :arith-cube-calls                7
 :arith-diseq                     8119
 :arith-fixed-eqs                 1220
 :arith-gcd-calls                 189
 :arith-gcd-conflict              1
 :arith-gomory-cuts               16
 :arith-grobner-calls             174
 :arith-grobner-conflicts         132
 :arith-hnf-calls                 3
 :arith-horner-calls              46
 :arith-horner-conflicts          4
 :arith-horner-cross-nested-forms 16174
 :arith-lower                     17442
 :arith-make-feasible             13570
 :arith-max-columns               427
 :arith-max-rows                  179
 :arith-nla-add-bounds            71
 :arith-nla-lemmas                434
 :arith-nla-propagate-bounds      726
 :arith-nla-propagate-eq          8446
 :arith-nra-calls                 87
 :arith-offset-eqs                468
 :arith-patches                   188
 :arith-patches-success           159
 :arith-upper                     39256
 :binary-propagations             84549
 :conflicts                       1565
 :decisions                       49557
 :del-clause                      1636
 :elim-unconstrained              3
 :final-checks                    505
 :max-memory                      123.38
 :memory                          94.37
 :minimized-lits                  2491
 :mk-bool-var                     3027
 :mk-clause                       3484
 :mk-clause-binary                2243
 :nlsat-conflicts                 4854
 :nlsat-decisions                 39
 :nlsat-propagations              180933
 :nlsat-stages                    95646
 :num-allocs                      1513986866
 :num-checks                      1
 :propagations                    115912
 :restarts                        13
 :rlimit-count                    3792255
 :sat-mk-clause-2ary              23772
 :sat-mk-clause-nary              31736
 :sat-mk-var                      16222
 :time                            2.22
 :total-time                      2.23)
