sat
(:added-eqs                       15203
 :arith-eq-adapter                805
 :arith-bound-propagations-lp     1506
 :arith-branch                    23
 :arith-conflicts                 3034
 :arith-cube-calls                6
 :arith-diseq                     7532
 :arith-fixed-eqs                 3109
 :arith-gcd-calls                 437
 :arith-gomory-cuts               13
 :arith-grobner-calls             598
 :arith-grobner-conflicts         320
 :arith-hnf-calls                 2
 :arith-horner-calls              167
 :arith-horner-conflicts          7
 :arith-horner-cross-nested-forms 42269
 :arith-lower                     9589
 :arith-make-feasible             9810
 :arith-max-columns               748
 :arith-max-rows                  406
 :arith-nla-add-bounds            250
 :arith-nla-lemmas                2054
 :arith-nla-propagate-bounds      631
 :arith-nla-propagate-eq          8243
 :arith-nra-calls                 64
 :arith-offset-eqs                1393
 :arith-patches                   437
 :arith-patches-success           401
 :arith-upper                     17577
 :binary-propagations             50860
 :cnf-encoding-aux-vars           15
 :conflicts                       633
 :decisions                       60293
 :del-clause                      3405
 :elim-unconstrained              15
 :final-checks                    1195
 :max-memory                      282.49
 :memory                          166.42
 :minimized-lits                  964
 :mk-bool-var                     8343
 :mk-clause                       5478
 :mk-clause-binary                2820
 :nlsat-conflicts                 11564
 :nlsat-decisions                 2270
 :nlsat-propagations              203566
 :nlsat-restarts                  6
 :nlsat-stages                    117468
 :num-allocs                      4604300976.00
 :num-checks                      1
 :propagations                    77223
 :restarts                        5
 :rlimit-count                    7159296
 :sat-backjumps                   501
 :sat-conflicts                   501
 :sat-decisions                   4788
 :sat-del-clause                  121354
 :sat-elim-bool-vars-res          22516
 :sat-elim-clauses                1281
 :sat-elim-literals               3354
 :sat-minimized-lits              817
 :sat-mk-clause-2ary              70644
 :sat-mk-clause-3ary              32190
 :sat-mk-clause-nary              189716
 :sat-mk-var                      46999
 :sat-probing-assigned            104
 :sat-propagations-2ary           697166
 :sat-propagations-nary           770167
 :sat-restarts                    40
 :sat-scc-elim-binary             346
 :sat-scc-elim-vars               60
 :sat-subs-resolution             2077
 :sat-subs-resolution-dyn         47
 :sat-subsumed                    26144
 :sat-units                       125
 :solve-eqs-elim-vars             32
 :solve-eqs-steps                 668
 :time                            4.09
 :total-time                      4.10)
