sat
(:added-eqs                       44570
 :arith-eq-adapter                471
 :arith-bound-propagations-lp     3973
 :arith-branch                    7
 :arith-conflicts                 3935
 :arith-cube-calls                6
 :arith-diseq                     15037
 :arith-fixed-eqs                 6311
 :arith-gcd-calls                 271
 :arith-gomory-cuts               6
 :arith-grobner-calls             867
 :arith-grobner-conflicts         340
 :arith-hnf-calls                 1
 :arith-horner-calls              226
 :arith-horner-conflicts          20
 :arith-horner-cross-nested-forms 38384
 :arith-lower                     25759
 :arith-make-feasible             15827
 :arith-max-columns               510
 :arith-max-rows                  275
 :arith-nla-add-bounds            65
 :arith-nla-lemmas                2093
 :arith-nla-propagate-bounds      903
 :arith-nla-propagate-eq          15780
 :arith-nra-calls                 438
 :arith-offset-eqs                5243
 :arith-patches                   271
 :arith-patches-success           238
 :arith-upper                     36032
 :binary-propagations             117560
 :cnf-encoding-aux-vars           3
 :conflicts                       2645
 :decisions                       51681
 :del-clause                      4524
 :elim-unconstrained              4
 :final-checks                    1634
 :max-memory                      109.39
 :memory                          35.21
 :minimized-lits                  4594
 :mk-bool-var                     6113
 :mk-clause                       9027
 :mk-clause-binary                1626
 :nlsat-conflicts                 29973
 :nlsat-decisions                 1259
 :nlsat-irrational-assignments    15
 :nlsat-propagations              574779
 :nlsat-restarts                  5
 :nlsat-stages                    261077
 :num-allocs                      14135275552.00
 :num-checks                      2
 :propagations                    210620
 :restarts                        21
 :rlimit-count                    11973552
 :sat-backjumps                   133
 :sat-conflicts                   133
 :sat-decisions                   1469
 :sat-del-clause                  439
 :sat-elim-clauses                322
 :sat-elim-literals               112
 :sat-minimized-lits              61
 :sat-mk-clause-2ary              152684
 :sat-mk-clause-nary              204493
 :sat-mk-var                      102913
 :sat-propagations-2ary           244563
 :sat-propagations-nary           205389
 :sat-scc-elim-binary             147
 :sat-scc-elim-vars               183
 :sat-subs-resolution-dyn         19
 :sat-units                       126
 :solve-eqs-elim-vars             19
 :solve-eqs-steps                 314
 :time                            12.74
 :total-time                      12.75)
