ramon: cwd                  /tmp/runner/actions-runner/_work/z3-poly-testing/z3-poly-testing
ramon: start                Tue Dec 17 21:35:35 2024
ramon: nproc                128
ramon: sys.mem              64150 MiB
ramon: sys.mem.free         46094 MiB
ramon: sys.mem.avail        64125 MiB
ramon: sys.nprocs           3176
ramon: argv                 0 = z3
ramon: argv                 1 = /tmp/runner/actions-runner/_work/z3-poly-testing/z3-poly-testing/download/non-incremental/QF_NIA/20170427-VeryMax/CInteger/Ton_Chanh_15__Singapore_plus_false-termination.c__p27305_terminationG_0.smt2
ramon: argv                 2 = -T:600
ramon: argv                 3 = -st
ramon: childpid             2237847
ramon: poll                 wall=01.000s usage=00.981s user=00.925s sys=00.056s mem=65628KiB roottime=0.920s load=0.98 rootload=0.92
ramon: poll                 wall=02.000s usage=01.981s user=01.925s sys=00.056s mem=65628KiB roottime=1.920s load=1.00 rootload=1.00
ramon: poll                 wall=03.000s usage=02.981s user=02.925s sys=00.056s mem=65628KiB roottime=2.920s load=1.00 rootload=1.00
ramon: poll                 wall=04.000s usage=03.980s user=03.924s sys=00.056s mem=65628KiB roottime=3.920s load=1.00 rootload=1.00
ramon: poll                 wall=05.000s usage=04.980s user=04.917s sys=00.063s mem=72284KiB roottime=4.910s load=1.00 rootload=0.99
ramon: poll                 wall=06.000s usage=05.980s user=05.917s sys=00.063s mem=73820KiB roottime=5.910s load=1.00 rootload=1.00
ramon: poll                 wall=07.000s usage=06.980s user=06.917s sys=00.063s mem=73820KiB roottime=6.910s load=1.00 rootload=1.00
ramon: poll                 wall=08.000s usage=07.980s user=07.917s sys=00.063s mem=73820KiB roottime=7.910s load=1.00 rootload=1.00
ramon: poll                 wall=09.000s usage=08.980s user=08.917s sys=00.063s mem=73820KiB roottime=8.910s load=1.00 rootload=1.00
ramon: poll                 wall=10.000s usage=09.980s user=09.917s sys=00.063s mem=73820KiB roottime=9.910s load=1.00 rootload=1.00
ramon: poll                 wall=11.000s usage=10.980s user=10.917s sys=00.063s mem=73820KiB roottime=10.910s load=1.00 rootload=1.00
ramon: poll                 wall=12.000s usage=11.979s user=11.916s sys=00.063s mem=73820KiB roottime=11.910s load=1.00 rootload=1.00
ramon: poll                 wall=13.000s usage=12.979s user=12.916s sys=00.063s mem=73796KiB roottime=12.910s load=1.00 rootload=1.00
ramon: poll                 wall=14.000s usage=13.979s user=13.916s sys=00.063s mem=73796KiB roottime=13.910s load=1.00 rootload=1.00
ramon: poll                 wall=15.000s usage=14.979s user=14.916s sys=00.063s mem=73796KiB roottime=14.910s load=1.00 rootload=1.00
ramon: poll                 wall=16.000s usage=15.979s user=15.916s sys=00.063s mem=73796KiB roottime=15.910s load=1.00 rootload=1.00
ramon: poll                 wall=17.000s usage=16.978s user=16.914s sys=00.064s mem=73796KiB roottime=16.910s load=1.00 rootload=1.00
ramon: poll                 wall=18.000s usage=17.978s user=17.914s sys=00.064s mem=73796KiB roottime=17.910s load=1.00 rootload=1.00
ramon: end                  Tue Dec 17 21:35:53 2024
ramon: root.execname        z3
ramon: root.utime           18.480s
ramon: root.stime           0.070s
ramon: group.total          18.564s
ramon: group.utime          18.487s
ramon: group.stime          0.077s
ramon: group.mempeak        81652KiB
ramon: group.pidpeak        3
ramon: status               exited
ramon: exitcode             0
ramon: walltime             18.586s
ramon: loadavg              1.00
