ramon: cwd                  /home/runner/a/_work/z3-poly-testing/z3-poly-testing
ramon: start                Tue Apr  8 19:51:40 2025
ramon: nproc                128
ramon: sys.mem              64150 MiB
ramon: sys.mem.free         38221 MiB
ramon: sys.mem.avail        64081 MiB
ramon: sys.nprocs           3072
ramon: argv                 0 = z3
ramon: argv                 1 = /home/runner/a/_work/z3-poly-testing/z3-poly-testing/download/non-incremental/QF_LIA/nec-smt/large/bftpd_login/prp-32-48.smt2
ramon: argv                 2 = -T:600
ramon: argv                 3 = -st
ramon: argv                 4 = lp.dio=true
ramon: argv                 5 = lp.dio_run_gcd=false
ramon: childpid             405398
ramon: poll                 wall=01.002s usage=00.967s user=00.884s sys=00.083s mem=24132KiB roottime=0.880s load=0.97 rootload=0.88
ramon: poll                 wall=02.004s usage=01.967s user=01.875s sys=00.092s mem=25784KiB roottime=1.870s load=1.00 rootload=0.99
ramon: poll                 wall=03.005s usage=02.967s user=02.810s sys=00.157s mem=38176KiB roottime=2.800s load=1.00 rootload=0.93
ramon: poll                 wall=04.002s usage=03.962s user=03.794s sys=00.168s mem=2528KiB roottime=3.790s load=1.00 rootload=0.99
ramon: end                  Tue Apr  8 19:51:44 2025
ramon: root.execname        z3
ramon: root.utime           3.790s
ramon: root.stime           0.170s
ramon: group.total          3.963s
ramon: group.utime          3.794s
ramon: group.stime          0.170s
ramon: group.mempeak        42936KiB
ramon: group.pidpeak        2
ramon: status               exited
ramon: exitcode             0
ramon: walltime             4.004s
ramon: loadavg              0.99
