ramon: cwd                  /home/runner/a/_work/z3-poly-testing/z3-poly-testing
ramon: start                Tue Mar 25 15:38:42 2025
ramon: nproc                128
ramon: sys.mem              64150 MiB
ramon: sys.mem.free         23598 MiB
ramon: sys.mem.avail        64090 MiB
ramon: sys.nprocs           2872
ramon: argv                 0 = z3
ramon: argv                 1 = inputs/QF_LIA/n7643-prp-9-48.smt2
ramon: argv                 2 = -T:600
ramon: argv                 3 = -st
ramon: argv                 4 = rewriter.elim_ite_value_tree=true
ramon: childpid             262142
ramon: poll                 wall=01.000s usage=00.964s user=00.738s sys=00.226s mem=68620KiB roottime=0.730s load=0.96 rootload=0.73
ramon: poll                 wall=02.000s usage=01.955s user=01.523s sys=00.432s mem=89704KiB roottime=1.520s load=0.99 rootload=0.79
ramon: poll                 wall=03.010s usage=02.957s user=02.492s sys=00.464s mem=98968KiB roottime=2.490s load=0.99 rootload=0.96
ramon: poll                 wall=04.000s usage=03.942s user=03.468s sys=00.474s mem=98MiB roottime=3.460s load=1.00 rootload=0.98
ramon: poll                 wall=05.008s usage=04.946s user=04.068s sys=00.877s mem=164MiB roottime=4.060s load=1.00 rootload=0.60
ramon: poll                 wall=06.001s usage=05.936s user=05.051s sys=00.886s mem=166MiB roottime=5.050s load=1.00 rootload=1.00
ramon: poll                 wall=07.007s usage=06.941s user=06.051s sys=00.890s mem=167MiB roottime=6.050s load=1.00 rootload=0.99
ramon: poll                 wall=08.006s usage=07.938s user=07.039s sys=00.899s mem=170MiB roottime=7.030s load=1.00 rootload=0.98
ramon: poll                 wall=09.004s usage=08.935s user=08.029s sys=00.906s mem=171MiB roottime=8.020s load=1.00 rootload=0.99
ramon: poll                 wall=10.005s usage=09.936s user=09.025s sys=00.911s mem=172MiB roottime=9.020s load=1.00 rootload=1.00
ramon: poll                 wall=11.000s usage=10.929s user=10.013s sys=00.916s mem=173MiB roottime=10.010s load=1.00 rootload=0.99
ramon: poll                 wall=12.003s usage=11.932s user=10.999s sys=00.933s mem=177MiB roottime=10.990s load=1.00 rootload=0.98
ramon: poll                 wall=13.000s usage=12.928s user=11.920s sys=01.008s mem=197MiB roottime=11.920s load=1.00 rootload=0.93
ramon: poll                 wall=14.000s usage=13.928s user=12.917s sys=01.011s mem=198MiB roottime=12.910s load=1.00 rootload=0.99
ramon: poll                 wall=15.004s usage=14.932s user=13.916s sys=01.015s mem=199MiB roottime=13.910s load=1.00 rootload=1.00
ramon: poll                 wall=16.000s usage=15.927s user=14.906s sys=01.022s mem=200MiB roottime=14.900s load=1.00 rootload=0.99
ramon: poll                 wall=17.000s usage=16.927s user=15.898s sys=01.029s mem=201MiB roottime=15.890s load=1.00 rootload=0.99
ramon: poll                 wall=18.006s usage=17.933s user=16.119s sys=01.814s mem=462MiB roottime=16.110s load=1.00 rootload=0.22
ramon: poll                 wall=19.004s usage=18.929s user=17.083s sys=01.846s mem=332MiB roottime=17.080s load=1.00 rootload=0.97
ramon: poll                 wall=20.000s usage=19.925s user=18.075s sys=01.850s mem=333MiB roottime=18.070s load=1.00 rootload=0.99
ramon: poll                 wall=21.000s usage=20.923s user=19.068s sys=01.856s mem=334MiB roottime=19.060s load=1.00 rootload=0.99
ramon: poll                 wall=22.006s usage=21.928s user=20.067s sys=01.861s mem=335MiB roottime=20.060s load=1.00 rootload=0.99
ramon: poll                 wall=23.002s usage=22.923s user=21.052s sys=01.871s mem=337MiB roottime=21.050s load=1.00 rootload=0.99
ramon: poll                 wall=24.000s usage=23.921s user=22.045s sys=01.876s mem=338MiB roottime=22.040s load=1.00 rootload=0.99
ramon: poll                 wall=25.005s usage=24.925s user=23.044s sys=01.881s mem=339MiB roottime=23.040s load=1.00 rootload=1.00
ramon: poll                 wall=26.003s usage=25.922s user=24.031s sys=01.891s mem=340MiB roottime=24.030s load=1.00 rootload=0.99
ramon: poll                 wall=27.002s usage=26.920s user=25.029s sys=01.892s mem=340MiB roottime=25.020s load=1.00 rootload=0.99
ramon: poll                 wall=28.006s usage=27.924s user=26.028s sys=01.896s mem=341MiB roottime=26.020s load=1.00 rootload=1.00
ramon: poll                 wall=29.004s usage=28.921s user=27.023s sys=01.898s mem=342MiB roottime=27.020s load=1.00 rootload=1.00
ramon: poll                 wall=30.004s usage=29.920s user=28.019s sys=01.901s mem=343MiB roottime=28.010s load=1.00 rootload=0.99
ramon: poll                 wall=31.000s usage=30.915s user=29.012s sys=01.903s mem=344MiB roottime=29.010s load=1.00 rootload=1.00
ramon: poll                 wall=32.006s usage=31.921s user=30.012s sys=01.909s mem=345MiB roottime=30.010s load=1.00 rootload=0.99
ramon: poll                 wall=33.006s usage=32.920s user=31.003s sys=01.917s mem=346MiB roottime=31.000s load=1.00 rootload=0.99
ramon: poll                 wall=34.000s usage=33.914s user=31.988s sys=01.926s mem=347MiB roottime=31.980s load=1.00 rootload=0.99
ramon: poll                 wall=35.008s usage=34.921s user=32.991s sys=01.930s mem=349MiB roottime=32.990s load=1.00 rootload=1.00
ramon: poll                 wall=36.000s usage=35.912s user=33.979s sys=01.933s mem=349MiB roottime=33.970s load=1.00 rootload=0.99
ramon: poll                 wall=37.005s usage=36.916s user=34.980s sys=01.936s mem=350MiB roottime=34.970s load=1.00 rootload=1.00
ramon: poll                 wall=38.000s usage=37.884s user=35.920s sys=01.964s mem=351MiB roottime=35.920s load=0.97 rootload=0.95
ramon: poll                 wall=39.000s usage=38.783s user=36.814s sys=01.969s mem=352MiB roottime=36.810s load=0.90 rootload=0.89
ramon: poll                 wall=40.005s usage=39.788s user=37.814s sys=01.974s mem=352MiB roottime=37.810s load=1.00 rootload=1.00
ramon: poll                 wall=41.004s usage=40.786s user=38.811s sys=01.975s mem=353MiB roottime=38.810s load=1.00 rootload=1.00
ramon: poll                 wall=42.000s usage=41.782s user=39.794s sys=01.987s mem=354MiB roottime=39.790s load=1.00 rootload=0.98
ramon: poll                 wall=43.004s usage=42.785s user=40.789s sys=01.996s mem=355MiB roottime=40.780s load=1.00 rootload=0.99
ramon: poll                 wall=44.000s usage=43.781s user=41.774s sys=02.006s mem=356MiB roottime=41.770s load=1.00 rootload=0.99
ramon: poll                 wall=45.002s usage=44.754s user=42.744s sys=02.010s mem=357MiB roottime=42.740s load=0.97 rootload=0.97
ramon: poll                 wall=46.004s usage=45.753s user=43.740s sys=02.013s mem=358MiB roottime=43.740s load=1.00 rootload=1.00
ramon: poll                 wall=47.001s usage=46.747s user=44.731s sys=02.016s mem=359MiB roottime=44.730s load=1.00 rootload=0.99
ramon: poll                 wall=48.000s usage=47.743s user=45.724s sys=02.019s mem=360MiB roottime=45.720s load=1.00 rootload=0.99
ramon: poll                 wall=49.007s usage=48.748s user=46.666s sys=02.082s mem=361MiB roottime=46.660s load=1.00 rootload=0.93
ramon: poll                 wall=50.000s usage=49.738s user=47.651s sys=02.087s mem=362MiB roottime=47.650s load=1.00 rootload=1.00
ramon: poll                 wall=51.005s usage=50.741s user=48.643s sys=02.098s mem=363MiB roottime=48.640s load=1.00 rootload=0.99
ramon: poll                 wall=52.004s usage=51.737s user=49.635s sys=02.102s mem=364MiB roottime=49.630s load=1.00 rootload=0.99
ramon: poll                 wall=53.008s usage=52.738s user=50.630s sys=02.108s mem=366MiB roottime=50.620s load=1.00 rootload=0.99
ramon: poll                 wall=54.003s usage=53.730s user=51.618s sys=02.112s mem=367MiB roottime=51.610s load=1.00 rootload=1.00
ramon: poll                 wall=55.006s usage=54.625s user=52.508s sys=02.117s mem=367MiB roottime=52.500s load=0.89 rootload=0.89
ramon: poll                 wall=56.000s usage=55.483s user=53.357s sys=02.126s mem=368MiB roottime=53.350s load=0.86 rootload=0.85
ramon: poll                 wall=57.000s usage=56.337s user=54.139s sys=02.198s mem=369MiB roottime=54.130s load=0.85 rootload=0.78
ramon: poll                 wall=58.000s usage=57.273s user=54.766s sys=02.507s mem=370MiB roottime=54.760s load=0.94 rootload=0.63
ramon: poll                 wall=59.017s usage=58.103s user=54.780s sys=03.323s mem=370MiB roottime=54.780s load=0.82 rootload=0.02
ramon: poll                 wall=01m00.652s usage=01m04.488s user=54.786s sys=09.702s mem=370MiB roottime=54.780s load=3.91 rootload=0.00
ramon: poll                 wall=01m06.578s usage=01m04.518s user=54.816s sys=09.702s mem=370MiB roottime=54.810s load=0.01 rootload=0.01
ramon: poll                 wall=01m07.004s usage=01m04.698s user=54.994s sys=09.704s mem=370MiB roottime=54.990s load=0.42 rootload=0.42
ramon: poll                 wall=01m08.004s usage=01m05.698s user=55.992s sys=09.706s mem=371MiB roottime=55.990s load=1.00 rootload=1.00
ramon: poll                 wall=01m09.000s usage=01m06.694s user=56.822s sys=09.871s mem=371MiB roottime=56.820s load=1.00 rootload=0.83
ramon: poll                 wall=01m10.000s usage=01m07.693s user=57.442s sys=10.251s mem=371MiB roottime=57.440s load=1.00 rootload=0.62
ramon: poll                 wall=01m11.000s usage=01m08.690s user=58.189s sys=10.502s mem=372MiB roottime=58.180s load=1.00 rootload=0.74
ramon: poll                 wall=01m12.000s usage=01m09.690s user=58.961s sys=10.729s mem=373MiB roottime=58.960s load=1.00 rootload=0.78
ramon: poll                 wall=01m13.017s usage=01m10.704s user=59.885s sys=10.820s mem=374MiB roottime=59.880s load=1.00 rootload=0.91
ramon: poll                 wall=01m14.052s usage=01m11.930s user=01m00.013s sys=11.917s mem=374MiB roottime=60.010s load=1.18 rootload=0.13
ramon: poll                 wall=01m15.008s usage=01m12.614s user=01m00.389s sys=12.224s mem=374MiB roottime=60.380s load=0.71 rootload=0.39
ramon: poll                 wall=01m16.000s usage=01m13.574s user=01m00.950s sys=12.624s mem=375MiB roottime=60.950s load=0.97 rootload=0.57
ramon: poll                 wall=01m17.001s usage=01m14.567s user=01m01.939s sys=12.628s mem=377MiB roottime=61.930s load=0.99 rootload=0.98
ramon: poll                 wall=01m18.305s usage=01m15.830s user=01m02.129s sys=13.700s mem=524MiB roottime=62.120s load=0.97 rootload=0.15
ramon: poll                 wall=01m19.148s usage=01m27.285s user=01m02.195s sys=25.090s mem=897MiB roottime=62.190s load=13.58 rootload=0.08
ramon: poll                 wall=01m31.124s usage=01m27.295s user=01m02.205s sys=25.090s mem=897MiB roottime=62.200s load=0.00 rootload=0.00
ramon: poll                 wall=01m32.000s usage=01m28.168s user=01m03.032s sys=25.136s mem=637MiB roottime=63.030s load=1.00 rootload=0.95
ramon: poll                 wall=01m33.054s usage=01m29.213s user=01m03.817s sys=25.396s mem=638MiB roottime=63.810s load=0.99 rootload=0.74
ramon: poll                 wall=01m34.008s usage=01m30.199s user=01m04.086s sys=26.113s mem=638MiB roottime=64.100s load=1.03 rootload=0.30
ramon: poll                 wall=01m35.006s usage=01m31.158s user=01m05.042s sys=26.116s mem=638MiB roottime=65.040s load=0.96 rootload=0.94
ramon: poll                 wall=01m36.039s usage=01m32.176s user=01m05.554s sys=26.622s mem=639MiB roottime=65.550s load=0.99 rootload=0.49
ramon: poll                 wall=01m37.001s usage=01m33.136s user=01m06.312s sys=26.823s mem=639MiB roottime=66.310s load=1.00 rootload=0.79
ramon: poll                 wall=01m38.005s usage=01m34.110s user=01m07.279s sys=26.831s mem=640MiB roottime=67.270s load=0.97 rootload=0.96
ramon: poll                 wall=01m39.135s usage=01m35.224s user=01m07.397s sys=27.826s mem=640MiB roottime=67.390s load=0.99 rootload=0.11
ramon: poll                 wall=01m42.399s usage=01m42.256s user=01m07.402s sys=34.854s mem=640MiB roottime=67.400s load=2.15 rootload=0.00
ramon: poll                 wall=01m47.701s usage=01m42.256s user=01m07.402s sys=34.854s mem=640MiB roottime=67.400s load=0.00 rootload=0.00
ramon: poll                 wall=01m48.020s usage=01m42.575s user=01m07.592s sys=34.983s mem=641MiB roottime=67.590s load=1.00 rootload=0.60
ramon: poll                 wall=01m49.043s usage=01m43.597s user=01m08.460s sys=35.137s mem=641MiB roottime=68.460s load=1.00 rootload=0.85
ramon: poll                 wall=01m50.004s usage=01m44.554s user=01m09.159s sys=35.395s mem=642MiB roottime=69.160s load=1.00 rootload=0.73
ramon: poll                 wall=01m51.163s usage=01m45.712s user=01m09.426s sys=36.286s mem=642MiB roottime=69.420s load=1.00 rootload=0.22
ramon: poll                 wall=01m52.606s usage=01m47.231s user=01m09.452s sys=37.779s mem=642MiB roottime=69.460s load=1.05 rootload=0.03
ramon: poll                 wall=02m00.335s usage=01m53.435s user=01m09.468s sys=43.968s mem=642MiB roottime=69.460s load=0.80 rootload=0.00
ramon: poll                 wall=02m01.004s usage=01m54.104s user=01m10.131s sys=43.973s mem=642MiB roottime=70.130s load=1.00 rootload=1.00
ramon: poll                 wall=02m03.904s usage=01m59.436s user=01m11.901s sys=47.535s mem=646MiB roottime=71.900s load=1.84 rootload=0.61
ramon: poll                 wall=02m06.666s usage=01m59.464s user=01m11.928s sys=47.535s mem=646MiB roottime=71.920s load=0.01 rootload=0.01
ramon: poll                 wall=02m07.004s usage=01m59.801s user=01m12.263s sys=47.538s mem=648MiB roottime=72.260s load=1.00 rootload=1.01
ramon: poll                 wall=02m08.008s usage=02m00.639s user=01m12.855s sys=47.784s mem=648MiB roottime=72.850s load=0.83 rootload=0.59
ramon: poll                 wall=02m09.010s usage=02m01.637s user=01m13.576s sys=48.061s mem=650MiB roottime=73.570s load=1.00 rootload=0.72
ramon: poll                 wall=02m10.004s usage=02m02.599s user=01m14.461s sys=48.138s mem=652MiB roottime=74.460s load=0.97 rootload=0.90
ramon: poll                 wall=02m11.008s usage=02m03.626s user=01m15.483s sys=48.144s mem=654MiB roottime=75.480s load=1.02 rootload=1.02
ramon: poll                 wall=02m12.001s usage=02m04.592s user=01m16.399s sys=48.194s mem=659MiB roottime=76.390s load=0.97 rootload=0.92
ramon: poll                 wall=02m13.027s usage=02m05.529s user=01m16.647s sys=48.882s mem=660MiB roottime=76.640s load=0.91 rootload=0.24
ramon: poll                 wall=02m20.445s usage=02m10.945s user=01m17.105s sys=53.840s mem=661MiB roottime=77.100s load=0.73 rootload=0.06
ramon: poll                 wall=02m21.002s usage=02m11.377s user=01m17.530s sys=53.847s mem=664MiB roottime=77.520s load=0.78 rootload=0.75
ramon: poll                 wall=02m22.030s usage=02m12.399s user=01m18.217s sys=54.181s mem=664MiB roottime=78.220s load=0.99 rootload=0.68
ramon: poll                 wall=02m23.001s usage=02m13.370s user=01m19.186s sys=54.184s mem=664MiB roottime=79.180s load=1.00 rootload=0.99
ramon: poll                 wall=02m24.011s usage=02m14.379s user=01m20.133s sys=54.246s mem=664MiB roottime=80.140s load=1.00 rootload=0.95
ramon: poll                 wall=02m25.094s usage=02m15.902s user=01m20.160s sys=55.742s mem=664MiB roottime=80.160s load=1.41 rootload=0.02
ramon: poll                 wall=02m30.433s usage=02m19.854s user=01m20.161s sys=59.693s mem=664MiB roottime=80.160s load=0.74 rootload=0.00
ramon: poll                 wall=02m31.003s usage=02m20.350s user=01m20.642s sys=59.709s mem=665MiB roottime=80.640s load=0.87 rootload=0.84
ramon: poll                 wall=02m32.001s usage=02m21.345s user=01m21.167s sys=01m00.178s mem=666MiB roottime=81.160s load=1.00 rootload=0.52
ramon: poll                 wall=02m33.225s usage=02m29.763s user=01m21.183s sys=01m08.581s mem=666MiB roottime=81.180s load=6.87 rootload=0.02
ramon: poll                 wall=02m41.337s usage=02m29.763s user=01m21.183s sys=01m08.581s mem=666MiB roottime=81.180s load=0.00 rootload=0.00
ramon: poll                 wall=02m42.002s usage=02m30.387s user=01m21.803s sys=01m08.584s mem=666MiB roottime=81.800s load=0.94 rootload=0.93
ramon: poll                 wall=02m43.007s usage=02m31.390s user=01m22.764s sys=01m08.626s mem=668MiB roottime=82.760s load=1.00 rootload=0.96
ramon: poll                 wall=02m44.000s usage=02m32.381s user=01m23.652s sys=01m08.728s mem=668MiB roottime=83.650s load=1.00 rootload=0.90
ramon: poll                 wall=02m45.014s usage=02m33.391s user=01m23.869s sys=01m09.521s mem=668MiB roottime=83.860s load=1.00 rootload=0.21
ramon: poll                 wall=02m46.454s usage=02m34.240s user=01m23.952s sys=01m10.287s mem=668MiB roottime=83.950s load=0.59 rootload=0.06
ramon: poll                 wall=02m47.006s usage=02m34.791s user=01m24.500s sys=01m10.292s mem=669MiB roottime=84.500s load=1.00 rootload=1.00
ramon: poll                 wall=02m48.003s usage=02m35.764s user=01m25.450s sys=01m10.314s mem=669MiB roottime=85.450s load=0.98 rootload=0.95
ramon: poll                 wall=02m49.046s usage=02m36.658s user=01m25.597s sys=01m11.061s mem=669MiB roottime=85.590s load=0.86 rootload=0.13
ramon: poll                 wall=02m53.982s usage=02m41.358s user=01m25.675s sys=01m15.683s mem=669MiB roottime=85.670s load=0.95 rootload=0.02
ramon: poll                 wall=02m54.004s usage=02m41.380s user=01m25.697s sys=01m15.683s mem=669MiB roottime=85.690s load=1.03 rootload=0.94
ramon: poll                 wall=02m55.000s usage=02m42.375s user=01m26.630s sys=01m15.745s mem=670MiB roottime=86.630s load=1.00 rootload=0.94
ramon: poll                 wall=02m56.053s usage=02m43.427s user=01m26.881s sys=01m16.545s mem=670MiB roottime=86.880s load=1.00 rootload=0.24
ramon: poll                 wall=02m57.003s usage=02m44.374s user=01m27.373s sys=01m17.000s mem=671MiB roottime=87.370s load=1.00 rootload=0.52
ramon: poll                 wall=02m58.000s usage=02m45.372s user=01m28.361s sys=01m17.011s mem=673MiB roottime=88.360s load=1.00 rootload=0.99
ramon: poll                 wall=02m59.000s usage=02m46.370s user=01m29.350s sys=01m17.020s mem=673MiB roottime=89.350s load=1.00 rootload=0.99
ramon: poll                 wall=03m00.004s usage=02m47.372s user=01m30.350s sys=01m17.022s mem=674MiB roottime=90.350s load=1.00 rootload=1.00
ramon: poll                 wall=03m01.005s usage=02m48.367s user=01m31.226s sys=01m17.141s mem=674MiB roottime=91.220s load=0.99 rootload=0.87
ramon: poll                 wall=03m12.724s usage=02m58.991s user=01m31.358s sys=01m27.633s mem=674MiB roottime=91.350s load=0.91 rootload=0.01
ramon: poll                 wall=03m13.000s usage=02m59.242s user=01m31.515s sys=01m27.728s mem=674MiB roottime=91.510s load=0.91 rootload=0.58
ramon: poll                 wall=03m17.659s usage=03m03.601s user=01m31.910s sys=01m31.691s mem=674MiB roottime=91.910s load=0.94 rootload=0.09
ramon: poll                 wall=03m18.004s usage=03m03.841s user=01m32.138s sys=01m31.703s mem=674MiB roottime=92.130s load=0.69 rootload=0.64
ramon: poll                 wall=03m19.004s usage=03m04.840s user=01m33.078s sys=01m31.763s mem=675MiB roottime=93.070s load=1.00 rootload=0.94
ramon: poll                 wall=03m21.450s usage=03m12.941s user=01m33.673s sys=01m39.268s mem=675MiB roottime=93.670s load=3.31 rootload=0.25
ramon: poll                 wall=03m36.750s usage=03m20.390s user=01m33.682s sys=01m46.709s mem=676MiB roottime=93.680s load=0.49 rootload=0.00
ramon: poll                 wall=03m37.001s usage=03m20.639s user=01m33.928s sys=01m46.711s mem=676MiB roottime=93.920s load=0.99 rootload=0.95
ramon: poll                 wall=03m38.000s usage=03m21.632s user=01m34.729s sys=01m46.903s mem=677MiB roottime=94.720s load=0.99 rootload=0.80
ramon: poll                 wall=03m39.012s usage=03m22.642s user=01m35.712s sys=01m46.930s mem=678MiB roottime=95.710s load=1.00 rootload=0.98
ramon: poll                 wall=03m40.207s usage=03m23.692s user=01m35.862s sys=01m47.830s mem=678MiB roottime=95.860s load=0.88 rootload=0.13
ramon: poll                 wall=03m41.907s usage=03m25.744s user=01m35.879s sys=01m49.865s mem=678MiB roottime=95.870s load=1.21 rootload=0.01
ramon: poll                 wall=03m43.167s usage=03m26.304s user=01m35.914s sys=01m50.390s mem=678MiB roottime=95.910s load=0.44 rootload=0.03
ramon: poll                 wall=03m44.000s usage=03m27.120s user=01m36.729s sys=01m50.391s mem=679MiB roottime=96.730s load=0.98 rootload=0.98
ramon: poll                 wall=03m45.000s usage=03m28.114s user=01m37.721s sys=01m50.392s mem=679MiB roottime=97.720s load=0.99 rootload=0.99
ramon: poll                 wall=03m46.180s usage=03m29.276s user=01m38.187s sys=01m51.089s mem=680MiB roottime=98.180s load=0.99 rootload=0.39
ramon: poll                 wall=03m47.000s usage=03m30.015s user=01m38.775s sys=01m51.240s mem=680MiB roottime=98.770s load=0.90 rootload=0.72
ramon: poll                 wall=03m48.021s usage=03m31.030s user=01m39.504s sys=01m51.526s mem=681MiB roottime=99.500s load=1.00 rootload=0.72
ramon: poll                 wall=03m49.395s usage=03m32.065s user=01m39.527s sys=01m52.538s mem=681MiB roottime=99.520s load=0.75 rootload=0.01
ramon: poll                 wall=03m52.535s usage=03m39.827s user=01m39.547s sys=02m00.280s mem=681MiB roottime=99.540s load=2.47 rootload=0.01
ramon: poll                 wall=04m00.814s usage=03m39.840s user=01m39.560s sys=02m00.280s mem=681MiB roottime=99.560s load=0.00 rootload=0.00
ramon: poll                 wall=04m01.004s usage=03m40.028s user=01m39.746s sys=02m00.282s mem=681MiB roottime=99.740s load=0.99 rootload=0.95
ramon: poll                 wall=04m02.000s usage=03m41.016s user=01m40.726s sys=02m00.290s mem=682MiB roottime=100.720s load=0.99 rootload=0.98
ramon: poll                 wall=04m03.012s usage=03m42.010s user=01m41.710s sys=02m00.299s mem=682MiB roottime=101.710s load=0.98 rootload=0.98
ramon: poll                 wall=04m04.016s usage=03m43.059s user=01m42.322s sys=02m00.738s mem=683MiB roottime=102.320s load=1.05 rootload=0.61
ramon: poll                 wall=04m05.731s usage=03m44.471s user=01m42.322s sys=02m02.149s mem=683MiB roottime=102.320s load=0.82 rootload=0.00
ramon: poll                 wall=04m06.260s usage=03m44.783s user=01m42.323s sys=02m02.460s mem=683MiB roottime=102.320s load=0.59 rootload=0.00
ramon: poll                 wall=04m07.002s usage=03m45.471s user=01m42.755s sys=02m02.715s mem=683MiB roottime=102.750s load=0.93 rootload=0.58
ramon: poll                 wall=04m08.000s usage=03m46.469s user=01m43.746s sys=02m02.723s mem=683MiB roottime=103.740s load=1.00 rootload=0.99
ramon: poll                 wall=04m09.038s usage=03m47.666s user=01m44.435s sys=02m03.231s mem=684MiB roottime=104.430s load=1.15 rootload=0.67
ramon: poll                 wall=04m10.000s usage=03m48.463s user=01m45.210s sys=02m03.254s mem=685MiB roottime=105.210s load=0.83 rootload=0.81
ramon: poll                 wall=04m11.000s usage=03m49.460s user=01m46.193s sys=02m03.268s mem=685MiB roottime=106.190s load=1.00 rootload=0.98
ramon: poll                 wall=04m12.000s usage=03m50.459s user=01m46.784s sys=02m03.675s mem=686MiB roottime=106.780s load=1.00 rootload=0.59
ramon: poll                 wall=04m13.001s usage=03m51.353s user=01m47.622s sys=02m03.730s mem=686MiB roottime=107.620s load=0.89 rootload=0.84
ramon: poll                 wall=04m14.003s usage=03m52.352s user=01m48.618s sys=02m03.734s mem=687MiB roottime=108.610s load=1.00 rootload=0.99
ramon: poll                 wall=04m15.000s usage=03m53.347s user=01m49.585s sys=02m03.762s mem=687MiB roottime=109.580s load=1.00 rootload=0.97
ramon: poll                 wall=04m16.000s usage=03m54.347s user=01m50.412s sys=02m03.935s mem=687MiB roottime=110.410s load=1.00 rootload=0.83
ramon: poll                 wall=04m17.436s usage=04m01.596s user=01m50.486s sys=02m11.110s mem=687MiB roottime=110.500s load=5.05 rootload=0.06
ramon: poll                 wall=04m25.491s usage=04m01.614s user=01m50.504s sys=02m11.110s mem=687MiB roottime=110.500s load=0.00 rootload=0.00
ramon: poll                 wall=04m26.002s usage=04m02.029s user=01m50.857s sys=02m11.172s mem=688MiB roottime=110.850s load=0.81 rootload=0.69
ramon: poll                 wall=04m27.004s usage=04m02.997s user=01m51.289s sys=02m11.707s mem=688MiB roottime=111.280s load=0.97 rootload=0.43
ramon: poll                 wall=04m28.003s usage=04m03.992s user=01m52.283s sys=02m11.709s mem=688MiB roottime=112.280s load=1.00 rootload=1.00
ramon: poll                 wall=04m29.000s usage=04m04.964s user=01m53.247s sys=02m11.717s mem=689MiB roottime=113.240s load=0.97 rootload=0.96
ramon: poll                 wall=04m30.174s usage=04m06.098s user=01m53.664s sys=02m12.434s mem=690MiB roottime=113.660s load=0.97 rootload=0.36
ramon: poll                 wall=04m39.027s usage=04m12.358s user=01m53.679s sys=02m18.679s mem=690MiB roottime=113.670s load=0.71 rootload=0.00
ramon: poll                 wall=04m40.000s usage=04m13.329s user=01m54.647s sys=02m18.682s mem=690MiB roottime=114.640s load=1.00 rootload=1.00
ramon: poll                 wall=04m41.007s usage=04m14.527s user=01m55.419s sys=02m19.108s mem=690MiB roottime=115.420s load=1.19 rootload=0.77
ramon: poll                 wall=04m42.005s usage=04m15.259s user=01m55.508s sys=02m19.751s mem=690MiB roottime=115.500s load=0.73 rootload=0.08
ramon: poll                 wall=04m43.000s usage=04m16.064s user=01m55.512s sys=02m20.552s mem=691MiB roottime=115.510s load=0.81 rootload=0.01
ramon: poll                 wall=04m44.000s usage=04m17.060s user=01m56.501s sys=02m20.559s mem=691MiB roottime=116.500s load=1.00 rootload=0.99
ramon: poll                 wall=04m45.010s usage=04m27.464s user=01m56.860s sys=02m30.604s mem=691MiB roottime=116.860s load=10.30 rootload=0.36
ramon: poll                 wall=04m56.412s usage=04m27.464s user=01m56.860s sys=02m30.604s mem=691MiB roottime=116.860s load=0.00 rootload=0.00
ramon: poll                 wall=04m57.002s usage=04m27.744s user=01m57.136s sys=02m30.608s mem=691MiB roottime=117.130s load=0.47 rootload=0.46
ramon: poll                 wall=04m58.013s usage=04m28.716s user=01m58.100s sys=02m30.617s mem=692MiB roottime=118.090s load=0.96 rootload=0.95
ramon: poll                 wall=04m59.002s usage=04m29.700s user=01m59.023s sys=02m30.677s mem=692MiB roottime=119.020s load=0.99 rootload=0.94
ramon: poll                 wall=05m00.000s usage=04m30.696s user=01m59.962s sys=02m30.734s mem=693MiB roottime=119.960s load=1.00 rootload=0.94
ramon: poll                 wall=05m01.001s usage=04m31.681s user=02m00.690s sys=02m30.991s mem=694MiB roottime=120.690s load=0.98 rootload=0.73
ramon: poll                 wall=05m02.002s usage=04m32.669s user=02m01.669s sys=02m31.000s mem=694MiB roottime=121.660s load=0.99 rootload=0.97
ramon: poll                 wall=05m03.000s usage=04m33.635s user=02m02.612s sys=02m31.022s mem=695MiB roottime=122.610s load=0.97 rootload=0.95
ramon: poll                 wall=05m04.000s usage=04m34.504s user=02m02.987s sys=02m31.517s mem=695MiB roottime=122.980s load=0.87 rootload=0.37
ramon: poll                 wall=05m05.000s usage=04m35.503s user=02m03.739s sys=02m31.765s mem=695MiB roottime=123.730s load=1.00 rootload=0.75
ramon: poll                 wall=05m06.050s usage=04m36.550s user=02m04.303s sys=02m32.247s mem=696MiB roottime=124.300s load=1.00 rootload=0.54
ramon: poll                 wall=05m07.024s usage=04m37.454s user=02m04.304s sys=02m33.150s mem=696MiB roottime=124.300s load=0.93 rootload=0.00
ramon: poll                 wall=05m32.848s usage=04m59.163s user=02m04.304s sys=02m54.858s mem=696MiB roottime=124.300s load=0.84 rootload=0.00
ramon: poll                 wall=05m33.000s usage=04m59.164s user=02m04.304s sys=02m54.860s mem=696MiB roottime=124.300s load=0.01 rootload=0.00
ramon: poll                 wall=05m34.001s usage=04m59.896s user=02m04.912s sys=02m54.983s mem=696MiB roottime=124.910s load=0.73 rootload=0.61
ramon: poll                 wall=05m35.030s usage=05m00.903s user=02m05.012s sys=02m55.891s mem=697MiB roottime=125.010s load=0.98 rootload=0.10
ramon: poll                 wall=05m36.004s usage=05m01.731s user=02m05.661s sys=02m56.070s mem=697MiB roottime=125.660s load=0.85 rootload=0.67
ramon: poll                 wall=05m37.005s usage=05m02.726s user=02m06.322s sys=02m56.404s mem=698MiB roottime=126.320s load=0.99 rootload=0.66
ramon: poll                 wall=05m38.303s usage=05m03.905s user=02m06.366s sys=02m57.538s mem=698MiB roottime=126.360s load=0.91 rootload=0.03
ramon: poll                 wall=06m21.065s usage=05m41.159s user=02m06.504s sys=03m34.655s mem=698MiB roottime=126.500s load=0.87 rootload=0.00
ramon: poll                 wall=06m22.000s usage=05m42.092s user=02m07.433s sys=03m34.659s mem=698MiB roottime=127.430s load=1.00 rootload=0.99
ramon: poll                 wall=06m23.004s usage=05m43.094s user=02m08.416s sys=03m34.679s mem=699MiB roottime=128.410s load=1.00 rootload=0.98
ramon: poll                 wall=06m24.178s usage=05m44.851s user=02m08.902s sys=03m35.949s mem=700MiB roottime=128.900s load=1.50 rootload=0.42
ramon: poll                 wall=06m25.003s usage=05m44.851s user=02m08.902s sys=03m35.949s mem=700MiB roottime=128.900s load=0.00 rootload=0.00
ramon: poll                 wall=06m26.003s usage=05m45.841s user=02m09.888s sys=03m35.953s mem=701MiB roottime=129.880s load=0.99 rootload=0.98
ramon: poll                 wall=06m27.010s usage=05m46.791s user=02m10.818s sys=03m35.973s mem=707MiB roottime=130.810s load=0.94 rootload=0.92
ramon: poll                 wall=06m28.005s usage=05m47.675s user=02m11.440s sys=03m36.236s mem=708MiB roottime=131.430s load=0.89 rootload=0.62
ramon: poll                 wall=06m29.087s usage=05m48.756s user=02m12.100s sys=03m36.656s mem=708MiB roottime=132.100s load=1.00 rootload=0.62
ramon: poll                 wall=06m41.556s usage=06m00.109s user=02m12.136s sys=03m47.973s mem=708MiB roottime=132.130s load=0.91 rootload=0.00
ramon: poll                 wall=06m42.001s usage=06m00.345s user=02m12.368s sys=03m47.977s mem=708MiB roottime=132.360s load=0.53 rootload=0.52
ramon: poll                 wall=06m43.020s usage=06m01.361s user=02m13.280s sys=03m48.081s mem=709MiB roottime=133.280s load=1.00 rootload=0.90
ramon: poll                 wall=06m44.004s usage=06m02.343s user=02m13.421s sys=03m48.923s mem=709MiB roottime=133.420s load=1.00 rootload=0.14
ramon: poll                 wall=06m45.463s usage=06m03.791s user=02m13.522s sys=03m50.269s mem=709MiB roottime=133.530s load=0.99 rootload=0.08
ramon: poll                 wall=06m57.641s usage=06m14.747s user=02m13.533s sys=04m01.214s mem=709MiB roottime=133.530s load=0.90 rootload=0.00
ramon: poll                 wall=06m58.000s usage=06m15.082s user=02m13.865s sys=04m01.216s mem=710MiB roottime=133.860s load=0.93 rootload=0.92
ramon: poll                 wall=06m59.004s usage=06m16.085s user=02m14.867s sys=04m01.219s mem=710MiB roottime=134.860s load=1.00 rootload=1.00
ramon: poll                 wall=07m00.000s usage=06m17.081s user=02m15.856s sys=04m01.225s mem=712MiB roottime=135.850s load=1.00 rootload=0.99
ramon: poll                 wall=07m01.019s usage=06m18.100s user=02m16.845s sys=04m01.255s mem=714MiB roottime=136.840s load=1.00 rootload=0.97
ramon: poll                 wall=07m02.023s usage=06m19.081s user=02m17.477s sys=04m01.604s mem=714MiB roottime=137.470s load=0.98 rootload=0.63
ramon: poll                 wall=07m03.095s usage=06m20.153s user=02m17.493s sys=04m02.660s mem=714MiB roottime=137.500s load=1.00 rootload=0.03
ramon: poll                 wall=07m11.976s usage=06m28.305s user=02m17.651s sys=04m10.654s mem=714MiB roottime=137.650s load=0.92 rootload=0.02
ramon: poll                 wall=07m12.000s usage=06m28.323s user=02m17.669s sys=04m10.654s mem=714MiB roottime=137.660s load=0.76 rootload=0.42
ramon: poll                 wall=07m13.046s usage=06m29.364s user=02m18.695s sys=04m10.669s mem=715MiB roottime=138.690s load=1.00 rootload=0.98
ramon: poll                 wall=07m14.000s usage=06m30.318s user=02m19.414s sys=04m10.904s mem=715MiB roottime=139.410s load=1.00 rootload=0.75
ramon: poll                 wall=07m15.092s usage=06m31.418s user=02m19.573s sys=04m11.845s mem=716MiB roottime=139.570s load=1.01 rootload=0.15
ramon: poll                 wall=07m17.973s usage=06m33.927s user=02m19.592s sys=04m14.335s mem=715MiB roottime=139.590s load=0.87 rootload=0.01
ramon: poll                 wall=07m18.166s usage=06m34.120s user=02m19.592s sys=04m14.528s mem=715MiB roottime=139.590s load=1.00 rootload=0.00
ramon: poll                 wall=07m19.629s usage=06m38.178s user=02m19.641s sys=04m18.537s mem=716MiB roottime=139.640s load=2.77 rootload=0.03
ramon: poll                 wall=07m23.355s usage=06m38.331s user=02m19.792s sys=04m18.538s mem=716MiB roottime=139.790s load=0.04 rootload=0.04
ramon: poll                 wall=07m24.019s usage=06m38.995s user=02m20.454s sys=04m18.541s mem=716MiB roottime=140.450s load=1.00 rootload=0.99
ramon: poll                 wall=07m25.002s usage=06m39.977s user=02m21.322s sys=04m18.655s mem=717MiB roottime=141.320s load=1.00 rootload=0.89
ramon: poll                 wall=07m26.100s usage=06m44.304s user=02m21.377s sys=04m22.927s mem=718MiB roottime=141.610s load=3.94 rootload=0.26
ramon: poll                 wall=07m30.475s usage=06m44.600s user=02m21.611s sys=04m22.989s mem=718MiB roottime=141.610s load=0.07 rootload=0.00
ramon: poll                 wall=07m31.000s usage=06m45.125s user=02m22.132s sys=04m22.992s mem=719MiB roottime=142.130s load=1.00 rootload=0.99
ramon: poll                 wall=07m32.233s usage=06m51.202s user=02m22.578s sys=04m28.624s mem=720MiB roottime=142.650s load=4.93 rootload=0.42
ramon: poll                 wall=07m37.491s usage=06m51.283s user=02m22.659s sys=04m28.624s mem=720MiB roottime=142.650s load=0.02 rootload=0.00
ramon: poll                 wall=07m38.000s usage=06m51.791s user=02m23.162s sys=04m28.629s mem=720MiB roottime=143.160s load=1.00 rootload=1.00
ramon: poll                 wall=07m43.915s usage=06m57.175s user=02m23.563s sys=04m33.613s mem=720MiB roottime=143.560s load=0.91 rootload=0.07
ramon: poll                 wall=07m44.001s usage=06m57.239s user=02m23.623s sys=04m33.617s mem=720MiB roottime=143.620s load=0.75 rootload=0.70
ramon: poll                 wall=07m45.008s usage=06m58.243s user=02m24.624s sys=04m33.620s mem=720MiB roottime=144.620s load=1.00 rootload=0.99
ramon: poll                 wall=07m46.016s usage=06m59.251s user=02m25.488s sys=04m33.763s mem=721MiB roottime=145.480s load=1.00 rootload=0.85
ramon: poll                 wall=07m47.039s usage=07m00.255s user=02m25.550s sys=04m34.705s mem=721MiB roottime=145.550s load=0.98 rootload=0.07
ramon: poll                 wall=07m51.108s usage=07m12.451s user=02m25.565s sys=04m46.886s mem=721MiB roottime=145.560s load=3.00 rootload=0.00
ramon: poll                 wall=08m01.678s usage=07m12.457s user=02m25.565s sys=04m46.892s mem=721MiB roottime=145.560s load=0.00 rootload=0.00
ramon: poll                 wall=08m02.000s usage=07m12.760s user=02m25.862s sys=04m46.898s mem=721MiB roottime=145.860s load=0.94 rootload=0.93
ramon: poll                 wall=08m03.005s usage=07m13.763s user=02m26.858s sys=04m46.905s mem=721MiB roottime=146.850s load=1.00 rootload=0.99
ramon: poll                 wall=08m04.003s usage=07m14.759s user=02m27.799s sys=04m46.959s mem=722MiB roottime=147.790s load=1.00 rootload=0.94
ramon: poll                 wall=08m05.010s usage=07m15.758s user=02m28.463s sys=04m47.295s mem=722MiB roottime=148.460s load=0.99 rootload=0.67
ramon: poll                 wall=08m06.001s usage=07m16.749s user=02m29.444s sys=04m47.305s mem=723MiB roottime=149.440s load=1.00 rootload=0.99
ramon: poll                 wall=08m07.000s usage=07m17.747s user=02m30.434s sys=04m47.313s mem=725MiB roottime=150.430s load=1.00 rootload=0.99
ramon: poll                 wall=08m08.889s usage=07m20.465s user=02m30.978s sys=04m49.487s mem=725MiB roottime=150.970s load=1.44 rootload=0.29
ramon: poll                 wall=08m09.993s usage=07m20.465s user=02m30.978s sys=04m49.487s mem=725MiB roottime=150.970s load=0.00 rootload=0.00
ramon: poll                 wall=08m10.001s usage=07m20.465s user=02m30.978s sys=04m49.487s mem=725MiB roottime=150.970s load=0.00 rootload=0.00
ramon: poll                 wall=08m14.144s usage=07m24.513s user=02m31.140s sys=04m53.373s mem=726MiB roottime=151.130s load=0.98 rootload=0.04
ramon: poll                 wall=08m15.004s usage=07m25.373s user=02m31.996s sys=04m53.377s mem=726MiB roottime=151.990s load=1.00 rootload=1.00
ramon: poll                 wall=08m16.012s usage=07m26.378s user=02m32.583s sys=04m53.794s mem=727MiB roottime=152.580s load=1.00 rootload=0.59
ramon: poll                 wall=08m17.616s usage=07m30.125s user=02m32.603s sys=04m57.523s mem=726MiB roottime=152.600s load=2.34 rootload=0.01
ramon: poll                 wall=08m19.947s usage=07m30.125s user=02m32.603s sys=04m57.523s mem=726MiB roottime=152.600s load=0.00 rootload=0.00
ramon: poll                 wall=08m20.016s usage=07m30.188s user=02m32.665s sys=04m57.523s mem=726MiB roottime=152.660s load=0.91 rootload=0.87
ramon: poll                 wall=08m21.002s usage=07m31.173s user=02m33.621s sys=04m57.552s mem=727MiB roottime=153.620s load=1.00 rootload=0.97
ramon: poll                 wall=08m22.001s usage=07m32.167s user=02m34.203s sys=04m57.964s mem=727MiB roottime=154.200s load=1.00 rootload=0.58
ramon: poll                 wall=08m23.000s usage=07m33.165s user=02m35.165s sys=04m58.000s mem=727MiB roottime=155.160s load=1.00 rootload=0.96
ramon: poll                 wall=08m24.000s usage=07m34.163s user=02m36.136s sys=04m58.027s mem=728MiB roottime=156.130s load=1.00 rootload=0.97
ramon: poll                 wall=08m25.012s usage=07m35.170s user=02m36.818s sys=04m58.352s mem=728MiB roottime=156.810s load=1.00 rootload=0.67
ramon: poll                 wall=08m26.000s usage=07m36.157s user=02m37.798s sys=04m58.359s mem=728MiB roottime=157.790s load=1.00 rootload=0.99
ramon: poll                 wall=08m27.002s usage=07m37.157s user=02m38.777s sys=04m58.381s mem=729MiB roottime=158.770s load=1.00 rootload=0.98
ramon: poll                 wall=08m28.028s usage=07m38.567s user=02m39.099s sys=04m59.467s mem=730MiB roottime=159.100s load=1.37 rootload=0.32
ramon: poll                 wall=08m32.901s usage=07m42.549s user=02m39.124s sys=05m03.425s mem=730MiB roottime=159.120s load=0.82 rootload=0.00
ramon: poll                 wall=08m33.193s usage=07m42.841s user=02m39.415s sys=05m03.426s mem=730MiB roottime=159.410s load=1.00 rootload=0.99
ramon: poll                 wall=08m34.004s usage=07m43.645s user=02m40.217s sys=05m03.428s mem=730MiB roottime=160.210s load=0.99 rootload=0.99
ramon: poll                 wall=08m35.176s usage=07m53.233s user=02m40.824s sys=05m12.410s mem=731MiB roottime=160.820s load=8.18 rootload=0.52
ramon: poll                 wall=08m44.824s usage=07m53.233s user=02m40.824s sys=05m12.410s mem=730MiB roottime=160.820s load=0.00 rootload=0.00
ramon: poll                 wall=08m45.000s usage=07m53.235s user=02m40.824s sys=05m12.411s mem=730MiB roottime=160.820s load=0.01 rootload=0.00
ramon: poll                 wall=08m46.003s usage=07m53.947s user=02m41.377s sys=05m12.571s mem=731MiB roottime=161.370s load=0.71 rootload=0.55
ramon: poll                 wall=08m47.001s usage=07m54.929s user=02m42.353s sys=05m12.576s mem=731MiB roottime=162.350s load=0.98 rootload=0.98
ramon: poll                 wall=08m48.003s usage=07m55.931s user=02m43.349s sys=05m12.581s mem=732MiB roottime=163.340s load=1.00 rootload=0.99
ramon: poll                 wall=08m49.096s usage=07m57.023s user=02m43.811s sys=05m13.212s mem=733MiB roottime=163.810s load=1.00 rootload=0.43
ramon: poll                 wall=08m50.596s usage=07m59.257s user=02m43.820s sys=05m15.437s mem=733MiB roottime=163.810s load=1.49 rootload=0.00
ramon: poll                 wall=08m55.619s usage=08m02.424s user=02m43.820s sys=05m18.604s mem=733MiB roottime=163.810s load=0.63 rootload=0.00
ramon: poll                 wall=08m56.004s usage=08m02.791s user=02m44.186s sys=05m18.605s mem=733MiB roottime=164.180s load=0.95 rootload=0.96
ramon: poll                 wall=08m57.010s usage=08m03.796s user=02m45.174s sys=05m18.621s mem=734MiB roottime=165.170s load=1.00 rootload=0.98
ramon: poll                 wall=08m58.045s usage=08m04.829s user=02m45.758s sys=05m19.071s mem=735MiB roottime=165.770s load=1.00 rootload=0.58
ramon: poll                 wall=08m59.002s usage=08m05.810s user=02m46.288s sys=05m19.521s mem=735MiB roottime=166.320s load=1.03 rootload=0.57
ramon: poll                 wall=09m00.005s usage=08m06.775s user=02m47.191s sys=05m19.584s mem=736MiB roottime=167.190s load=0.96 rootload=0.87
ramon: poll                 wall=09m01.000s usage=08m07.770s user=02m48.184s sys=05m19.586s mem=737MiB roottime=168.180s load=1.00 rootload=0.99
ramon: poll                 wall=09m02.002s usage=08m08.771s user=02m49.184s sys=05m19.587s mem=738MiB roottime=169.180s load=1.00 rootload=1.00
ramon: poll                 wall=09m03.008s usage=08m09.775s user=02m50.147s sys=05m19.628s mem=755MiB roottime=170.140s load=1.00 rootload=0.95
ramon: poll                 wall=09m04.105s usage=08m10.807s user=02m50.170s sys=05m20.637s mem=964MiB roottime=170.160s load=0.94 rootload=0.02
ramon: poll                 wall=09m06.028s usage=08m12.559s user=02m50.171s sys=05m22.388s mem=1038MiB roottime=170.170s load=0.91 rootload=0.01
ramon: poll                 wall=09m24.136s usage=08m30.408s user=02m50.179s sys=05m40.229s mem=1100MiB roottime=170.170s load=0.99 rootload=0.00
ramon: poll                 wall=09m25.003s usage=08m31.274s user=02m50.223s sys=05m41.051s mem=1574MiB roottime=170.220s load=1.00 rootload=0.06
ramon: poll                 wall=09m26.609s usage=08m32.877s user=02m50.236s sys=05m42.641s mem=1744MiB roottime=170.230s load=1.00 rootload=0.01
ramon: poll                 wall=09m36.098s usage=08m40.750s user=02m50.236s sys=05m50.513s mem=272KiB roottime=170.230s load=0.83 rootload=0.00
ramon: end                  Tue Mar 25 15:48:18 2025
ramon: root.execname        z3
ramon: root.utime           170.230s
ramon: root.stime           350.510s
ramon: group.total          520.750s
ramon: group.utime          170.236s
ramon: group.stime          350.513s
ramon: group.mempeak        1750MiB
ramon: group.pidpeak        2
ramon: status               terminated by signal
[31mramon: signal               9 (SIGKILL Killed)[0m
ramon: core dumped          false
ramon: exitcode             137
ramon: walltime             576.099s
ramon: loadavg              0.90
