sat
(:added-eqs                   12271
 :arith-bound-propagations-lp 8104
 :arith-conflicts             21
 :arith-fixed-eqs             4165
 :arith-lower                 12056
 :arith-make-feasible         1714
 :arith-max-columns           982
 :arith-max-rows              606
 :arith-offset-eqs            8847
 :arith-upper                 12975
 :binary-propagations         359354
 :conflicts                   320
 :decisions                   1520
 :del-clause                  1480
 :elim-unconstrained          2
 :final-checks                1
 :max-memory                  225.94
 :memory                      176.75
 :minimized-lits              878
 :mk-bool-var                 13318
 :mk-clause                   21767
 :mk-clause-binary            275313
 :num-allocs                  2143171554
 :num-checks                  1
 :propagations                523352
 :restarts                    2
 :rlimit-count                8063180
 :time                        4.11
 :total-time                  6.36)
