unsat
(:added-eqs                   2123
 :arith-bound-propagations-lp 5108
 :arith-branch                10097
 :arith-conflicts             1528
 :arith-cube-calls            2530
 :arith-dio-calls             25
 :arith-fixed-eqs             2431
 :arith-gcd-calls             10123
 :arith-hnf-calls             45
 :arith-hnf-cuts              25
 :arith-lower                 4393
 :arith-make-feasible         13914
 :arith-max-columns           202
 :arith-max-rows              100
 :arith-offset-eqs            253
 :arith-patches               10123
 :arith-upper                 9774
 :binary-propagations         81000
 :conflicts                   1698
 :decisions                   66750
 :del-clause                  4400
 :final-checks                10123
 :max-memory                  83.70
 :memory                      20.38
 :minimized-lits              458
 :mk-bool-var                 7693
 :mk-clause                   6120
 :mk-clause-binary            1630
 :num-allocs                  13545781460.00
 :num-checks                  3
 :propagations                94494
 :restarts                    14
 :rlimit-count                58650068
 :sat-backjumps               172363
 :sat-backtracks              54
 :sat-conflicts               172417
 :sat-decisions               395944
 :sat-del-clause              42585
 :sat-elim-bool-vars-res      6717
 :sat-elim-clauses            605
 :sat-elim-literals           136800
 :sat-minimized-lits          3058949
 :sat-mk-clause-2ary          45780
 :sat-mk-clause-3ary          16856
 :sat-mk-clause-nary          262158
 :sat-mk-var                  31656
 :sat-probing-assigned        122
 :sat-propagations-2ary       25551056
 :sat-propagations-nary       31059255
 :sat-restarts                22990
 :sat-scc-elim-binary         160
 :sat-scc-elim-vars           27
 :sat-subs-resolution         16060
 :sat-subs-resolution-dyn     86917
 :sat-subsumed                7810
 :sat-tr                      334
 :sat-units                   152
 :time                        22.28
 :total-time                  22.28)
