ramon: cwd                  /home/runner/a/_work/z3-poly-testing/z3-poly-testing
ramon: start                Tue Mar 18 15:53:43 2025
ramon: nproc                128
ramon: sys.mem              64150 MiB
ramon: sys.mem.free         48418 MiB
ramon: sys.mem.avail        64114 MiB
ramon: sys.nprocs           3724
ramon: argv                 0 = z3
ramon: argv                 1 = /home/runner/a/_work/z3-poly-testing/z3-poly-testing/download/non-incremental/QF_LIA/convert/convert-jpg2gif-query-1534.smt2
ramon: argv                 2 = -T:600
ramon: argv                 3 = -st
ramon: argv                 4 = smt.arith.lp.dio_eqs=true
ramon: childpid             1549976
ramon: poll                 wall=01.000s usage=00.972s user=00.919s sys=00.053s mem=28844KiB roottime=0.910s load=0.97 rootload=0.91
ramon: poll                 wall=02.015s usage=01.985s user=01.931s sys=00.054s mem=29000KiB roottime=1.930s load=1.00 rootload=1.01
ramon: poll                 wall=03.010s usage=02.979s user=02.925s sys=00.055s mem=29000KiB roottime=2.920s load=1.00 rootload=0.99
ramon: poll                 wall=04.004s usage=03.973s user=03.917s sys=00.056s mem=29000KiB roottime=3.910s load=1.00 rootload=1.00
ramon: poll                 wall=05.000s usage=04.968s user=04.908s sys=00.060s mem=29256KiB roottime=4.900s load=1.00 rootload=0.99
ramon: end                  Tue Mar 18 15:53:48 2025
ramon: root.execname        z3
ramon: root.utime           5.670s
ramon: root.stime           0.070s
ramon: group.total          5.752s
ramon: group.utime          5.679s
ramon: group.stime          0.073s
ramon: group.mempeak        30024KiB
ramon: group.pidpeak        3
ramon: status               exited
ramon: exitcode             0
ramon: walltime             5.784s
ramon: loadavg              0.99
