ramon: cwd                  /home/gh1/A/_work/z3-poly-testing/z3-poly-testing
ramon: start                Mon Jan 20 16:29:47 2025
ramon: nproc                32
ramon: sys.mem              63441 MiB
ramon: sys.mem.free         29958 MiB
ramon: sys.mem.avail        59645 MiB
ramon: sys.nprocs           1409
ramon: argv                 0 = z3
ramon: argv                 1 = inputs/QF_NIA_CInteger/Stroeder_15__ChenFlurMukhopadhyay-SAS2012-Ex3.06_false-termination.c__p22020_terminationG_0.smt2
ramon: argv                 2 = -T:20
ramon: argv                 3 = -v:2
ramon: argv                 4 = -st
ramon: argv                 5 = tactic.default_tactic=(then simplify propagate-values solve-eqs simplify sls-smt)
ramon: argv                 6 = model_validate=true
ramon: argv                 7 = sls.arith_use_clausal_lookahead=true
ramon: childpid             2728422
(sat.ddfw :unsat :models :kflips/sec  :flips  :restarts  :reinits  :unsat_vars  :shifts)
(sat.ddfw       1      6   20.8068     10445         0          0            3     3242)
(sat.ddfw       1      8   12.0922     20155         0          1            3     4764)
ramon: poll                 wall=1.000s usage=0.936s mem=24616KiB load=0.94 rootload=0.93
(sat.ddfw       1     13   14.6814     45084         0          2            3     8149)
ramon: poll                 wall=2.000s usage=1.934s mem=24624KiB load=1.00 rootload=1.00
(sat.ddfw       1     14   9.84051     71368         0          3            3    11880)
ramon: poll                 wall=3.000s usage=2.932s mem=24652KiB load=1.00 rootload=0.99
ramon: poll                 wall=4.000s usage=3.928s mem=24652KiB load=1.00 rootload=1.00
(sat.ddfw       1     19   9.06476    111543         0          4            3    18448)
ramon: poll                 wall=5.000s usage=4.927s mem=24652KiB load=1.00 rootload=1.00
ramon: poll                 wall=6.000s usage=5.927s mem=24652KiB load=1.00 rootload=1.00
(sat.ddfw       1     24   7.80411    163175         0          5            3    26583)
ramon: poll                 wall=7.000s usage=6.926s mem=24660KiB load=1.00 rootload=1.00
ramon: poll                 wall=8.000s usage=7.926s mem=24672KiB load=1.00 rootload=1.00
ramon: poll                 wall=9.019s usage=8.945s mem=24684KiB load=1.00 rootload=1.00
(sat.ddfw       1     30   7.30787    231964         1          6            5    34366)
ramon: poll                 wall=10.000s usage=9.926s mem=24684KiB load=1.00 rootload=1.00
ramon: poll                 wall=11.000s usage=10.925s mem=24684KiB load=1.00 rootload=1.00
ramon: poll                 wall=12.000s usage=11.925s mem=24684KiB load=1.00 rootload=1.00
(sat.ddfw       1     35   5.01353    292006         1          7            8    41110)
ramon: poll                 wall=13.000s usage=12.925s mem=24700KiB load=1.00 rootload=1.00
ramon: poll                 wall=14.000s usage=13.925s mem=24708KiB load=1.00 rootload=1.00
ramon: poll                 wall=15.000s usage=14.924s mem=24708KiB load=1.00 rootload=0.99
(sat.ddfw       1     41   5.21239    372209         2          8            5    50088)
ramon: poll                 wall=16.000s usage=15.924s mem=24708KiB load=1.00 rootload=1.00
ramon: poll                 wall=17.000s usage=16.924s mem=24708KiB load=1.00 rootload=1.00
ramon: poll                 wall=18.000s usage=17.924s mem=24708KiB load=1.00 rootload=1.00
ramon: poll                 wall=19.000s usage=18.923s mem=24708KiB load=1.00 rootload=1.00
ramon: poll                 wall=20.000s usage=19.923s mem=24708KiB load=1.00 rootload=1.00
ramon: end                  Mon Jan 20 16:30:07 2025
ramon: root.execname        z3
ramon: root.utime           19.980s
ramon: root.stime           0.000s
ramon: group.total          19.992s
ramon: group.utime          19.988s
ramon: group.stime          0.004s
ramon: group.mempeak        24968KiB
ramon: group.pidpeak        2
ramon: status               exited
ramon: exitcode             0
ramon: walltime             20.069s
ramon: loadavg              1.00
