ramon: cwd                  /home/gh1/A/_work/z3-poly-testing/z3-poly-testing
ramon: start                Mon Jan 20 16:25:48 2025
ramon: nproc                32
ramon: sys.mem              63441 MiB
ramon: sys.mem.free         29945 MiB
ramon: sys.mem.avail        59645 MiB
ramon: sys.nprocs           1404
ramon: argv                 0 = z3
ramon: argv                 1 = inputs/QF_NIA_CInteger/Stroeder_15__DoubleNeg.c__p22542_terminationG_0.smt2
ramon: argv                 2 = -T:20
ramon: argv                 3 = -v:2
ramon: argv                 4 = -st
ramon: argv                 5 = tactic.default_tactic=(then simplify propagate-values solve-eqs simplify sls-smt)
ramon: argv                 6 = model_validate=true
ramon: argv                 7 = sls.arith_use_clausal_lookahead=true
ramon: childpid             2708058
(sat.ddfw :unsat :models :kflips/sec  :flips  :restarts  :reinits  :unsat_vars  :shifts)
(sat.ddfw       1      8   79.4615     11363         0          0            2    10805)
(sat.ddfw       1     15   26.9333     21059         0          1            2    22217)
(sat.ddfw       1     24   21.8078     40119         0          2            1    48359)
ramon: poll                 wall=1.000s usage=0.997s mem=19048KiB load=1.00 rootload=0.98
(sat.ddfw       1     31   17.2959     71511         2          3            2    87517)
ramon: poll                 wall=2.222s usage=2.159s mem=19048KiB load=0.95 rootload=0.96
ramon: poll                 wall=3.000s usage=2.935s mem=19048KiB load=1.00 rootload=0.99
(sat.ddfw       1     41   12.8531    112885         4          4            2   137628)
ramon: poll                 wall=4.000s usage=3.935s mem=19048KiB load=1.00 rootload=1.00
ramon: poll                 wall=5.000s usage=4.935s mem=19048KiB load=1.00 rootload=1.00
ramon: poll                 wall=6.000s usage=5.935s mem=19048KiB load=1.00 rootload=1.00
ramon: poll                 wall=7.000s usage=6.934s mem=19048KiB load=1.00 rootload=1.00
ramon: poll                 wall=8.000s usage=7.934s mem=19048KiB load=1.00 rootload=1.00
(sat.ddfw       1     49   5.73909    160353        20          5            2   292292)
ramon: poll                 wall=9.000s usage=8.930s mem=19048KiB load=1.00 rootload=1.00
ramon: poll                 wall=10.000s usage=9.929s mem=19048KiB load=1.00 rootload=1.00
ramon: poll                 wall=11.000s usage=10.929s mem=19048KiB load=1.00 rootload=1.00
ramon: poll                 wall=12.000s usage=11.929s mem=19048KiB load=1.00 rootload=1.00
(sat.ddfw       1     54   5.12194    224705        27          6            3   425480)
ramon: poll                 wall=13.000s usage=12.929s mem=19048KiB load=1.00 rootload=1.00
ramon: poll                 wall=14.000s usage=13.928s mem=19048KiB load=1.00 rootload=1.00
ramon: poll                 wall=15.000s usage=14.926s mem=19048KiB load=1.00 rootload=0.97
(sat.ddfw       1     59   4.32365    293317        32          7            2   529121)
ramon: poll                 wall=16.000s usage=15.925s mem=19048KiB load=1.00 rootload=1.00
ramon: poll                 wall=17.000s usage=16.906s mem=19048KiB load=0.98 rootload=0.98
ramon: poll                 wall=18.000s usage=17.898s mem=19048KiB load=0.99 rootload=0.99
ramon: poll                 wall=19.000s usage=18.897s mem=19048KiB load=1.00 rootload=1.00
ramon: poll                 wall=20.000s usage=19.897s mem=19048KiB load=1.00 rootload=1.00
ramon: end                  Mon Jan 20 16:26:08 2025
ramon: root.execname        z3
ramon: root.utime           19.870s
ramon: root.stime           0.020s
ramon: group.total          19.902s
ramon: group.utime          19.874s
ramon: group.stime          0.028s
ramon: group.mempeak        19304KiB
ramon: group.pidpeak        2
ramon: status               exited
ramon: exitcode             0
ramon: walltime             20.003s
ramon: loadavg              0.99
