ramon: cwd                  /home/gh1/A/_work/z3-poly-testing/z3-poly-testing
ramon: start                Fri Jan  3 10:58:52 2025
ramon: nproc                32
ramon: sys.mem              63442 MiB
ramon: sys.mem.free         8057 MiB
ramon: sys.mem.avail        61047 MiB
ramon: sys.nprocs           1167
ramon: argv                 0 = z3
ramon: argv                 1 = inputs/QF_BV_SAT/bin_libmsrpc_vc1228491.smt2
ramon: argv                 2 = -T:20
ramon: argv                 3 = -v:2
ramon: argv                 4 = -st
ramon: argv                 5 = tactic.default_tactic=(then simplify propagate-values solve-eqs simplify sls-smt)
ramon: argv                 6 = model_validate=true
ramon: childpid             87788
lookahead-search moves:0 max-moves:800
ramon: poll                 wall=1.004s usage=0.936s mem=22192KiB load=0.93 rootload=0.92
ramon: poll                 wall=2.000s usage=1.927s mem=22460KiB load=1.00 rootload=0.99
ramon: poll                 wall=3.000s usage=2.927s mem=22220KiB load=1.00 rootload=1.00
ramon: poll                 wall=4.000s usage=3.927s mem=22220KiB load=1.00 rootload=1.00
ramon: poll                 wall=5.000s usage=4.926s mem=22220KiB load=1.00 rootload=1.00
ramon: poll                 wall=6.000s usage=5.911s mem=22220KiB load=0.98 rootload=0.98
ramon: poll                 wall=7.000s usage=6.911s mem=22220KiB load=1.00 rootload=1.00
(sat.ddfw :unsat :models :kflips/sec  :flips  :restarts  :reinits  :unsat_vars  :shifts)
(sat.ddfw       0      1  0.255778      1959         0          0            0      152)
ramon: end                  Fri Jan  3 10:59:00 2025
ramon: root.execname        z3
ramon: root.utime           7.670s
ramon: root.stime           0.010s
ramon: group.total          7.682s
ramon: group.utime          7.674s
ramon: group.stime          0.008s
ramon: group.mempeak        22688KiB
ramon: group.pidpeak        2
ramon: status               exited
ramon: exitcode             0
ramon: walltime             7.768s
ramon: loadavg              0.99
