sat
(:added-eqs                   260693
 :arith-bound-propagations-lp 4024
 :arith-fixed-eqs             260693
 :arith-lower                 680993
 :arith-make-feasible         271908
 :arith-max-columns           4001
 :arith-max-rows              1998
 :arith-upper                 129591
 :binary-propagations         800898
 :conflicts                   690
 :decisions                   268003
 :final-checks                1
 :max-memory                  120.77
 :memory                      103.14
 :mk-bool-var                 12008
 :mk-clause                   3
 :mk-clause-binary            21990
 :num-allocs                  922712709
 :num-checks                  1
 :propagations                800928
 :rlimit-count                10229242
 :solve-eqs-elim-vars         28022
 :solve-eqs-steps             52032
 :time                        24.26
 :total-time                  24.27)
