ramon: cwd                  /home/runner/a/_work/z3-poly-testing/z3-poly-testing
ramon: start                Wed Apr  9 16:41:47 2025
ramon: nproc                128
ramon: sys.mem              64150 MiB
ramon: sys.mem.free         44184 MiB
ramon: sys.mem.avail        64013 MiB
ramon: sys.nprocs           3327
ramon: argv                 0 = z3
ramon: argv                 1 = inputs/QF_LIA/ex15300_2600_100.smt2
ramon: argv                 2 = -T:600
ramon: argv                 3 = -st
ramon: argv                 4 = lp.dio=true
ramon: argv                 5 = lp.dio_run_gcd=true
ramon: childpid             1625302
ramon: poll                 wall=01.006s usage=00.991s user=00.938s sys=00.053s mem=30048KiB roottime=0.930s load=0.98 rootload=0.92
ramon: poll                 wall=02.007s usage=01.990s user=01.930s sys=00.060s mem=31872KiB roottime=1.930s load=1.00 rootload=1.00
ramon: end                  Wed Apr  9 16:41:49 2025
ramon: root.execname        z3
ramon: root.utime           2.370s
ramon: root.stime           0.060s
ramon: group.total          2.442s
ramon: group.utime          2.374s
ramon: group.stime          0.068s
ramon: group.mempeak        32384KiB
ramon: group.pidpeak        2
ramon: status               exited
ramon: exitcode             0
ramon: walltime             2.460s
ramon: loadavg              0.99
