ramon: cwd                  /home/runner/a/_work/z3-poly-testing/z3-poly-testing
ramon: start                Wed Apr  9 16:46:14 2025
ramon: nproc                128
ramon: sys.mem              64150 MiB
ramon: sys.mem.free         42956 MiB
ramon: sys.mem.avail        64011 MiB
ramon: sys.nprocs           3144
ramon: argv                 0 = z3
ramon: argv                 1 = inputs/QF_LIA/n7430-prp-16-49.smt2
ramon: argv                 2 = -T:600
ramon: argv                 3 = -st
ramon: argv                 4 = lp.dio=true
ramon: argv                 5 = lp.dio_run_gcd=true
ramon: childpid             1651959
ramon: poll                 wall=01.012s usage=00.985s user=00.904s sys=00.082s mem=23120KiB roottime=0.900s load=0.97 rootload=0.89
ramon: poll                 wall=02.034s usage=01.993s user=01.907s sys=00.086s mem=23960KiB roottime=1.900s load=0.99 rootload=0.98
ramon: poll                 wall=03.015s usage=02.965s user=02.877s sys=00.088s mem=24464KiB roottime=2.870s load=0.99 rootload=0.99
ramon: poll                 wall=04.012s usage=03.957s user=03.864s sys=00.093s mem=25084KiB roottime=3.860s load=1.00 rootload=0.99
ramon: poll                 wall=05.005s usage=04.947s user=04.850s sys=00.097s mem=25404KiB roottime=4.850s load=1.00 rootload=1.00
ramon: poll                 wall=06.004s usage=05.946s user=05.849s sys=00.097s mem=25660KiB roottime=5.840s load=1.00 rootload=0.99
ramon: poll                 wall=07.004s usage=06.945s user=06.845s sys=00.101s mem=25980KiB roottime=6.840s load=1.00 rootload=1.00
ramon: poll                 wall=08.009s usage=07.948s user=07.844s sys=00.104s mem=26252KiB roottime=7.840s load=1.00 rootload=1.00
ramon: poll                 wall=09.006s usage=08.943s user=08.839s sys=00.104s mem=26420KiB roottime=8.830s load=1.00 rootload=0.99
ramon: poll                 wall=10.017s usage=09.951s user=09.843s sys=00.108s mem=26516KiB roottime=9.840s load=1.00 rootload=1.00
ramon: poll                 wall=11.016s usage=10.946s user=10.839s sys=00.108s mem=26552KiB roottime=10.830s load=1.00 rootload=0.99
ramon: poll                 wall=12.004s usage=11.933s user=11.823s sys=00.110s mem=26788KiB roottime=11.820s load=1.00 rootload=1.00
ramon: poll                 wall=13.004s usage=12.931s user=12.821s sys=00.110s mem=26792KiB roottime=12.820s load=1.00 rootload=1.00
ramon: poll                 wall=14.003s usage=13.929s user=13.817s sys=00.112s mem=26956KiB roottime=13.810s load=1.00 rootload=0.99
ramon: poll                 wall=15.010s usage=14.934s user=14.818s sys=00.116s mem=27216KiB roottime=14.810s load=1.00 rootload=0.99
ramon: poll                 wall=16.005s usage=15.928s user=15.813s sys=00.116s mem=27216KiB roottime=15.810s load=1.00 rootload=1.00
ramon: poll                 wall=17.002s usage=16.925s user=16.809s sys=00.116s mem=27472KiB roottime=16.800s load=1.00 rootload=0.99
ramon: poll                 wall=18.004s usage=17.927s user=17.810s sys=00.117s mem=27472KiB roottime=17.800s load=1.00 rootload=1.00
ramon: poll                 wall=19.001s usage=18.923s user=18.806s sys=00.118s mem=27472KiB roottime=18.800s load=1.00 rootload=1.00
ramon: poll                 wall=20.006s usage=19.928s user=19.810s sys=00.118s mem=27472KiB roottime=19.810s load=1.00 rootload=1.01
ramon: poll                 wall=21.007s usage=20.929s user=20.809s sys=00.120s mem=27728KiB roottime=20.800s load=1.00 rootload=0.99
ramon: poll                 wall=22.000s usage=21.922s user=21.801s sys=00.121s mem=27728KiB roottime=21.800s load=1.00 rootload=1.01
ramon: poll                 wall=23.000s usage=22.921s user=22.798s sys=00.123s mem=27728KiB roottime=22.790s load=1.00 rootload=0.99
ramon: poll                 wall=24.000s usage=23.921s user=23.798s sys=00.123s mem=27728KiB roottime=23.790s load=1.00 rootload=1.00
ramon: poll                 wall=25.000s usage=24.920s user=24.798s sys=00.123s mem=27984KiB roottime=24.790s load=1.00 rootload=1.00
ramon: poll                 wall=26.000s usage=25.920s user=25.795s sys=00.125s mem=27984KiB roottime=25.790s load=1.00 rootload=1.00
ramon: poll                 wall=27.000s usage=26.920s user=26.795s sys=00.125s mem=28240KiB roottime=26.790s load=1.00 rootload=1.00
ramon: poll                 wall=28.004s usage=27.923s user=27.799s sys=00.125s mem=28240KiB roottime=27.790s load=1.00 rootload=1.00
ramon: poll                 wall=29.001s usage=28.920s user=28.795s sys=00.125s mem=28240KiB roottime=28.790s load=1.00 rootload=1.00
ramon: poll                 wall=30.003s usage=29.922s user=29.796s sys=00.126s mem=28240KiB roottime=29.790s load=1.00 rootload=1.00
ramon: poll                 wall=31.004s usage=30.922s user=30.795s sys=00.127s mem=28240KiB roottime=30.790s load=1.00 rootload=1.00
ramon: poll                 wall=32.005s usage=31.923s user=31.791s sys=00.132s mem=28496KiB roottime=31.790s load=1.00 rootload=1.00
ramon: poll                 wall=33.008s usage=32.926s user=32.794s sys=00.132s mem=28496KiB roottime=32.790s load=1.00 rootload=1.00
ramon: poll                 wall=34.002s usage=33.919s user=33.788s sys=00.132s mem=28496KiB roottime=33.780s load=1.00 rootload=1.00
ramon: poll                 wall=35.003s usage=34.920s user=34.788s sys=00.132s mem=28496KiB roottime=34.780s load=1.00 rootload=1.00
ramon: poll                 wall=36.007s usage=35.924s user=35.790s sys=00.134s mem=28752KiB roottime=35.780s load=1.00 rootload=1.00
ramon: poll                 wall=37.000s usage=36.916s user=36.783s sys=00.134s mem=28752KiB roottime=36.780s load=1.00 rootload=1.01
ramon: poll                 wall=38.000s usage=37.916s user=37.781s sys=00.135s mem=28752KiB roottime=37.780s load=1.00 rootload=1.00
ramon: poll                 wall=39.000s usage=38.916s user=38.781s sys=00.135s mem=28752KiB roottime=38.780s load=1.00 rootload=1.00
ramon: poll                 wall=40.000s usage=39.916s user=39.780s sys=00.136s mem=28752KiB roottime=39.770s load=1.00 rootload=0.99
ramon: poll                 wall=41.000s usage=40.915s user=40.779s sys=00.136s mem=28752KiB roottime=40.770s load=1.00 rootload=1.00
ramon: poll                 wall=42.000s usage=41.915s user=41.779s sys=00.136s mem=28752KiB roottime=41.770s load=1.00 rootload=1.00
ramon: poll                 wall=43.000s usage=42.915s user=42.779s sys=00.136s mem=28752KiB roottime=42.770s load=1.00 rootload=1.00
ramon: poll                 wall=44.007s usage=43.922s user=43.785s sys=00.137s mem=29008KiB roottime=43.780s load=1.00 rootload=1.00
ramon: poll                 wall=45.008s usage=44.922s user=44.784s sys=00.138s mem=29008KiB roottime=44.780s load=1.00 rootload=1.00
ramon: poll                 wall=46.005s usage=45.919s user=45.777s sys=00.142s mem=29264KiB roottime=45.770s load=1.00 rootload=0.99
ramon: poll                 wall=47.000s usage=46.914s user=46.772s sys=00.142s mem=29264KiB roottime=46.770s load=1.00 rootload=1.00
ramon: poll                 wall=48.000s usage=47.913s user=47.771s sys=00.142s mem=29264KiB roottime=47.770s load=1.00 rootload=1.00
ramon: poll                 wall=49.000s usage=48.913s user=48.771s sys=00.142s mem=29264KiB roottime=48.770s load=1.00 rootload=1.00
ramon: poll                 wall=50.000s usage=49.913s user=49.771s sys=00.142s mem=29264KiB roottime=49.770s load=1.00 rootload=1.00
ramon: poll                 wall=51.000s usage=50.913s user=50.771s sys=00.142s mem=29264KiB roottime=50.770s load=1.00 rootload=1.00
ramon: poll                 wall=52.000s usage=51.912s user=51.770s sys=00.142s mem=29264KiB roottime=51.770s load=1.00 rootload=1.00
ramon: poll                 wall=53.000s usage=52.912s user=52.770s sys=00.142s mem=29264KiB roottime=52.760s load=1.00 rootload=0.99
ramon: poll                 wall=54.002s usage=53.914s user=53.771s sys=00.143s mem=29520KiB roottime=53.770s load=1.00 rootload=1.01
ramon: poll                 wall=55.005s usage=54.917s user=54.773s sys=00.144s mem=29520KiB roottime=54.770s load=1.00 rootload=1.00
ramon: poll                 wall=56.005s usage=55.916s user=55.772s sys=00.144s mem=29520KiB roottime=55.770s load=1.00 rootload=1.00
ramon: poll                 wall=57.009s usage=56.919s user=56.776s sys=00.144s mem=29520KiB roottime=56.770s load=1.00 rootload=1.00
ramon: poll                 wall=58.006s usage=57.917s user=57.773s sys=00.144s mem=29520KiB roottime=57.770s load=1.00 rootload=1.00
ramon: poll                 wall=59.008s usage=58.917s user=58.774s sys=00.144s mem=29520KiB roottime=58.770s load=1.00 rootload=1.00
ramon: poll                 wall=01m00.006s usage=59.915s user=59.771s sys=00.144s mem=29520KiB roottime=59.770s load=1.00 rootload=1.00
ramon: poll                 wall=01m01.010s usage=01m00.919s user=01m00.775s sys=00.144s mem=29520KiB roottime=60.770s load=1.00 rootload=1.00
ramon: poll                 wall=01m02.009s usage=01m01.917s user=01m01.774s sys=00.144s mem=29520KiB roottime=61.770s load=1.00 rootload=1.00
ramon: poll                 wall=01m03.010s usage=01m02.918s user=01m02.773s sys=00.145s mem=29520KiB roottime=62.770s load=1.00 rootload=1.00
ramon: poll                 wall=01m04.013s usage=01m03.921s user=01m03.776s sys=00.145s mem=29776KiB roottime=63.770s load=1.00 rootload=1.00
ramon: poll                 wall=01m05.004s usage=01m04.911s user=01m04.765s sys=00.146s mem=29776KiB roottime=64.760s load=1.00 rootload=1.00
ramon: poll                 wall=01m06.007s usage=01m05.914s user=01m05.767s sys=00.147s mem=29776KiB roottime=65.760s load=1.00 rootload=1.00
ramon: poll                 wall=01m07.009s usage=01m06.916s user=01m06.757s sys=00.159s mem=31436KiB roottime=66.750s load=1.00 rootload=0.99
ramon: poll                 wall=01m08.007s usage=01m07.913s user=01m07.753s sys=00.160s mem=31692KiB roottime=67.750s load=1.00 rootload=1.00
ramon: poll                 wall=01m09.006s usage=01m08.912s user=01m08.749s sys=00.163s mem=32204KiB roottime=68.740s load=1.00 rootload=0.99
ramon: poll                 wall=01m10.008s usage=01m09.914s user=01m09.749s sys=00.165s mem=32716KiB roottime=69.740s load=1.00 rootload=1.00
ramon: poll                 wall=01m11.012s usage=01m10.917s user=01m10.750s sys=00.167s mem=32972KiB roottime=70.750s load=1.00 rootload=1.01
ramon: poll                 wall=01m12.010s usage=01m11.915s user=01m11.688s sys=00.227s mem=41524KiB roottime=71.680s load=1.00 rootload=0.93
ramon: poll                 wall=01m13.004s usage=01m12.909s user=01m12.679s sys=00.230s mem=41780KiB roottime=72.670s load=1.00 rootload=1.00
ramon: poll                 wall=01m14.011s usage=01m13.915s user=01m13.682s sys=00.233s mem=42036KiB roottime=73.680s load=1.00 rootload=1.00
ramon: poll                 wall=01m15.005s usage=01m14.909s user=01m14.676s sys=00.233s mem=42036KiB roottime=74.670s load=1.00 rootload=1.00
ramon: poll                 wall=01m16.007s usage=01m15.910s user=01m15.676s sys=00.234s mem=42292KiB roottime=75.670s load=1.00 rootload=1.00
ramon: poll                 wall=01m17.007s usage=01m16.910s user=01m16.673s sys=00.237s mem=42548KiB roottime=76.670s load=1.00 rootload=1.00
ramon: poll                 wall=01m18.008s usage=01m17.910s user=01m17.671s sys=00.239s mem=42548KiB roottime=77.670s load=1.00 rootload=1.00
ramon: poll                 wall=01m19.010s usage=01m18.912s user=01m18.671s sys=00.241s mem=42804KiB roottime=78.670s load=1.00 rootload=1.00
ramon: poll                 wall=01m20.010s usage=01m19.911s user=01m19.670s sys=00.242s mem=42804KiB roottime=79.660s load=1.00 rootload=0.99
ramon: poll                 wall=01m21.000s usage=01m20.902s user=01m20.655s sys=00.247s mem=43572KiB roottime=80.650s load=1.00 rootload=1.00
ramon: poll                 wall=01m22.006s usage=01m21.907s user=01m21.659s sys=00.248s mem=43572KiB roottime=81.650s load=1.00 rootload=0.99
ramon: poll                 wall=01m23.006s usage=01m22.906s user=01m22.658s sys=00.248s mem=43572KiB roottime=82.650s load=1.00 rootload=1.00
ramon: poll                 wall=01m24.004s usage=01m23.904s user=01m23.655s sys=00.249s mem=43828KiB roottime=83.650s load=1.00 rootload=1.00
ramon: poll                 wall=01m25.014s usage=01m24.913s user=01m24.664s sys=00.250s mem=43828KiB roottime=84.660s load=1.00 rootload=1.00
ramon: poll                 wall=01m26.006s usage=01m25.905s user=01m25.654s sys=00.251s mem=43828KiB roottime=85.650s load=1.00 rootload=1.00
ramon: poll                 wall=01m27.007s usage=01m26.906s user=01m26.653s sys=00.253s mem=44084KiB roottime=86.650s load=1.00 rootload=1.00
ramon: poll                 wall=01m28.007s usage=01m27.905s user=01m27.650s sys=00.255s mem=44340KiB roottime=87.650s load=1.00 rootload=1.00
ramon: poll                 wall=01m29.008s usage=01m28.906s user=01m28.651s sys=00.255s mem=44340KiB roottime=88.650s load=1.00 rootload=1.00
ramon: poll                 wall=01m30.009s usage=01m29.906s user=01m29.651s sys=00.256s mem=44340KiB roottime=89.650s load=1.00 rootload=1.00
ramon: poll                 wall=01m31.008s usage=01m30.905s user=01m30.647s sys=00.258s mem=44596KiB roottime=90.640s load=1.00 rootload=0.99
ramon: poll                 wall=01m32.006s usage=01m31.903s user=01m31.643s sys=00.260s mem=44596KiB roottime=91.640s load=1.00 rootload=1.00
ramon: poll                 wall=01m33.005s usage=01m32.901s user=01m32.641s sys=00.260s mem=44596KiB roottime=92.640s load=1.00 rootload=1.00
ramon: poll                 wall=01m34.007s usage=01m33.903s user=01m33.638s sys=00.265s mem=44852KiB roottime=93.630s load=1.00 rootload=0.99
ramon: poll                 wall=01m35.006s usage=01m34.901s user=01m34.636s sys=00.266s mem=44852KiB roottime=94.630s load=1.00 rootload=1.00
ramon: poll                 wall=01m36.006s usage=01m35.901s user=01m35.635s sys=00.266s mem=44852KiB roottime=95.630s load=1.00 rootload=1.00
ramon: poll                 wall=01m37.010s usage=01m36.905s user=01m36.639s sys=00.266s mem=44852KiB roottime=96.630s load=1.00 rootload=1.00
ramon: poll                 wall=01m38.004s usage=01m37.899s user=01m37.633s sys=00.266s mem=45108KiB roottime=97.630s load=1.00 rootload=1.01
ramon: poll                 wall=01m39.006s usage=01m38.900s user=01m38.630s sys=00.270s mem=45108KiB roottime=98.620s load=1.00 rootload=0.99
ramon: poll                 wall=01m40.003s usage=01m39.897s user=01m39.627s sys=00.270s mem=45364KiB roottime=99.620s load=1.00 rootload=1.00
ramon: poll                 wall=01m41.006s usage=01m40.899s user=01m40.630s sys=00.270s mem=45364KiB roottime=100.620s load=1.00 rootload=1.00
ramon: poll                 wall=01m42.010s usage=01m41.903s user=01m41.633s sys=00.270s mem=45208KiB roottime=101.630s load=1.00 rootload=1.01
ramon: poll                 wall=01m43.003s usage=01m42.894s user=01m42.624s sys=00.270s mem=45336KiB roottime=102.620s load=1.00 rootload=1.00
ramon: poll                 wall=01m44.012s usage=01m43.901s user=01m43.631s sys=00.270s mem=45440KiB roottime=103.630s load=1.00 rootload=1.00
ramon: poll                 wall=01m45.007s usage=01m44.894s user=01m44.623s sys=00.271s mem=45508KiB roottime=104.620s load=1.00 rootload=0.99
ramon: poll                 wall=01m46.001s usage=01m45.886s user=01m45.615s sys=00.271s mem=45764KiB roottime=105.610s load=1.00 rootload=1.00
ramon: poll                 wall=01m47.013s usage=01m46.897s user=01m46.626s sys=00.271s mem=45764KiB roottime=106.620s load=1.00 rootload=1.00
ramon: poll                 wall=01m48.003s usage=01m47.886s user=01m47.614s sys=00.272s mem=45764KiB roottime=107.610s load=1.00 rootload=1.00
ramon: poll                 wall=01m49.003s usage=01m48.886s user=01m48.613s sys=00.273s mem=45764KiB roottime=108.610s load=1.00 rootload=1.00
ramon: poll                 wall=01m50.004s usage=01m49.886s user=01m49.613s sys=00.274s mem=46020KiB roottime=109.610s load=1.00 rootload=1.00
ramon: poll                 wall=01m51.002s usage=01m50.884s user=01m50.579s sys=00.305s mem=50884KiB roottime=110.570s load=1.00 rootload=0.96
ramon: poll                 wall=01m52.009s usage=01m51.891s user=01m51.575s sys=00.316s mem=53444KiB roottime=111.570s load=1.00 rootload=0.99
ramon: poll                 wall=01m53.005s usage=01m52.887s user=01m52.571s sys=00.316s mem=53444KiB roottime=112.570s load=1.00 rootload=1.00
ramon: poll                 wall=01m54.006s usage=01m53.887s user=01m53.567s sys=00.321s mem=54724KiB roottime=113.560s load=1.00 rootload=0.99
ramon: poll                 wall=01m55.000s usage=01m54.881s user=01m54.557s sys=00.324s mem=55492KiB roottime=114.550s load=1.00 rootload=1.00
ramon: poll                 wall=01m56.007s usage=01m55.888s user=01m55.411s sys=00.477s mem=81032KiB roottime=115.410s load=1.00 rootload=0.85
ramon: poll                 wall=01m57.005s usage=01m56.886s user=01m56.370s sys=00.516s mem=89992KiB roottime=116.360s load=1.00 rootload=0.95
ramon: poll                 wall=01m58.007s usage=01m57.887s user=01m57.369s sys=00.519s mem=90504KiB roottime=117.360s load=1.00 rootload=1.00
ramon: poll                 wall=01m59.000s usage=01m58.880s user=01m58.352s sys=00.528s mem=93832KiB roottime=118.350s load=1.00 rootload=1.00
ramon: poll                 wall=02m00.007s usage=01m59.887s user=01m59.204s sys=00.683s mem=130MiB roottime=119.200s load=1.00 rootload=0.84
ramon: poll                 wall=02m01.005s usage=02m00.884s user=02m00.202s sys=00.683s mem=130MiB roottime=120.200s load=1.00 rootload=1.00
ramon: poll                 wall=02m02.006s usage=02m01.891s user=02m01.209s sys=00.683s mem=130MiB roottime=121.220s load=1.01 rootload=1.02
ramon: poll                 wall=02m03.004s usage=02m02.883s user=02m02.196s sys=00.687s mem=131MiB roottime=122.190s load=0.99 rootload=0.97
ramon: poll                 wall=02m04.004s usage=02m03.883s user=02m03.192s sys=00.691s mem=131MiB roottime=123.190s load=1.00 rootload=1.00
ramon: poll                 wall=02m05.005s usage=02m04.883s user=02m04.190s sys=00.693s mem=131MiB roottime=124.180s load=1.00 rootload=0.99
ramon: poll                 wall=02m06.004s usage=02m05.882s user=02m05.184s sys=00.698s mem=132MiB roottime=125.180s load=1.00 rootload=1.00
ramon: poll                 wall=02m07.000s usage=02m06.877s user=02m06.174s sys=00.703s mem=132MiB roottime=126.170s load=1.00 rootload=0.99
ramon: poll                 wall=02m08.006s usage=02m07.883s user=02m07.173s sys=00.710s mem=132MiB roottime=127.170s load=1.00 rootload=0.99
ramon: poll                 wall=02m09.000s usage=02m08.876s user=02m08.166s sys=00.711s mem=132MiB roottime=128.160s load=1.00 rootload=1.00
ramon: poll                 wall=02m10.007s usage=02m09.883s user=02m09.168s sys=00.715s mem=133MiB roottime=129.160s load=1.00 rootload=0.99
ramon: poll                 wall=02m11.004s usage=02m10.880s user=02m10.164s sys=00.716s mem=133MiB roottime=130.160s load=1.00 rootload=1.00
ramon: poll                 wall=02m12.010s usage=02m11.885s user=02m11.168s sys=00.718s mem=133MiB roottime=131.160s load=1.00 rootload=0.99
ramon: poll                 wall=02m13.000s usage=02m12.876s user=02m12.156s sys=00.720s mem=133MiB roottime=132.150s load=1.00 rootload=1.00
ramon: poll                 wall=02m14.001s usage=02m13.875s user=02m13.153s sys=00.723s mem=133MiB roottime=133.150s load=1.00 rootload=1.00
ramon: poll                 wall=02m15.004s usage=02m14.878s user=02m14.153s sys=00.726s mem=133MiB roottime=134.150s load=1.00 rootload=1.00
ramon: poll                 wall=02m16.011s usage=02m15.885s user=02m15.155s sys=00.730s mem=133MiB roottime=135.150s load=1.00 rootload=0.99
ramon: poll                 wall=02m17.004s usage=02m16.877s user=02m16.145s sys=00.733s mem=134MiB roottime=136.140s load=1.00 rootload=1.00
ramon: poll                 wall=02m18.006s usage=02m17.878s user=02m17.140s sys=00.739s mem=134MiB roottime=137.130s load=1.00 rootload=0.99
ramon: poll                 wall=02m19.004s usage=02m18.876s user=02m18.132s sys=00.744s mem=134MiB roottime=138.130s load=1.00 rootload=1.00
ramon: poll                 wall=02m20.012s usage=02m19.883s user=02m19.139s sys=00.745s mem=134MiB roottime=139.130s load=1.00 rootload=0.99
ramon: poll                 wall=02m21.003s usage=02m20.874s user=02m20.128s sys=00.746s mem=134MiB roottime=140.120s load=1.00 rootload=1.00
ramon: poll                 wall=02m22.003s usage=02m21.874s user=02m21.126s sys=00.748s mem=134MiB roottime=141.120s load=1.00 rootload=1.00
ramon: poll                 wall=02m23.000s usage=02m22.871s user=02m22.123s sys=00.749s mem=134MiB roottime=142.120s load=1.00 rootload=1.00
ramon: poll                 wall=02m24.004s usage=02m23.874s user=02m23.125s sys=00.749s mem=134MiB roottime=143.120s load=1.00 rootload=1.00
ramon: poll                 wall=02m25.000s usage=02m24.870s user=02m24.119s sys=00.752s mem=134MiB roottime=144.110s load=1.00 rootload=0.99
ramon: poll                 wall=02m26.000s usage=02m25.870s user=02m25.117s sys=00.753s mem=134MiB roottime=145.110s load=1.00 rootload=1.00
ramon: poll                 wall=02m27.004s usage=02m26.872s user=02m26.120s sys=00.753s mem=135MiB roottime=146.110s load=1.00 rootload=1.00
ramon: poll                 wall=02m28.000s usage=02m27.868s user=02m27.112s sys=00.756s mem=135MiB roottime=147.110s load=1.00 rootload=1.00
ramon: poll                 wall=02m29.005s usage=02m28.873s user=02m28.116s sys=00.757s mem=135MiB roottime=148.110s load=1.00 rootload=1.00
ramon: poll                 wall=02m30.003s usage=02m29.870s user=02m29.109s sys=00.761s mem=135MiB roottime=149.100s load=1.00 rootload=0.99
ramon: poll                 wall=02m31.008s usage=02m30.875s user=02m30.113s sys=00.762s mem=135MiB roottime=150.110s load=1.00 rootload=1.01
ramon: poll                 wall=02m32.007s usage=02m31.873s user=02m31.110s sys=00.763s mem=135MiB roottime=151.100s load=1.00 rootload=0.99
ramon: poll                 wall=02m33.010s usage=02m32.875s user=02m32.113s sys=00.763s mem=135MiB roottime=152.110s load=1.00 rootload=1.01
ramon: poll                 wall=02m34.010s usage=02m33.874s user=02m33.110s sys=00.765s mem=135MiB roottime=153.110s load=1.00 rootload=1.00
ramon: poll                 wall=02m35.007s usage=02m34.871s user=02m34.105s sys=00.766s mem=135MiB roottime=154.100s load=1.00 rootload=0.99
ramon: poll                 wall=02m36.008s usage=02m35.872s user=02m35.105s sys=00.767s mem=135MiB roottime=155.100s load=1.00 rootload=1.00
ramon: poll                 wall=02m37.000s usage=02m36.864s user=02m36.096s sys=00.768s mem=135MiB roottime=156.090s load=1.00 rootload=1.00
ramon: poll                 wall=02m38.000s usage=02m37.863s user=02m37.092s sys=00.771s mem=135MiB roottime=157.090s load=1.00 rootload=1.00
ramon: poll                 wall=02m39.000s usage=02m38.863s user=02m38.090s sys=00.773s mem=135MiB roottime=158.080s load=1.00 rootload=0.99
ramon: poll                 wall=02m40.000s usage=02m39.862s user=02m39.088s sys=00.774s mem=135MiB roottime=159.080s load=1.00 rootload=1.00
ramon: poll                 wall=02m41.004s usage=02m40.865s user=02m40.092s sys=00.774s mem=136MiB roottime=160.090s load=1.00 rootload=1.01
ramon: poll                 wall=02m42.005s usage=02m41.866s user=02m41.091s sys=00.775s mem=136MiB roottime=161.090s load=1.00 rootload=1.00
ramon: poll                 wall=02m43.000s usage=02m42.861s user=02m42.086s sys=00.776s mem=136MiB roottime=162.080s load=1.00 rootload=0.99
ramon: poll                 wall=02m44.002s usage=02m43.861s user=02m43.084s sys=00.778s mem=136MiB roottime=163.080s load=1.00 rootload=1.00
ramon: poll                 wall=02m45.007s usage=02m44.866s user=02m44.086s sys=00.780s mem=136MiB roottime=164.080s load=1.00 rootload=0.99
ramon: poll                 wall=02m46.011s usage=02m45.870s user=02m45.089s sys=00.781s mem=136MiB roottime=165.080s load=1.00 rootload=1.00
ramon: poll                 wall=02m47.000s usage=02m46.858s user=02m46.076s sys=00.783s mem=136MiB roottime=166.070s load=1.00 rootload=1.00
ramon: poll                 wall=02m48.004s usage=02m47.862s user=02m47.079s sys=00.783s mem=136MiB roottime=167.070s load=1.00 rootload=1.00
ramon: poll                 wall=02m49.003s usage=02m48.860s user=02m48.078s sys=00.783s mem=136MiB roottime=168.070s load=1.00 rootload=1.00
ramon: poll                 wall=02m50.000s usage=02m49.857s user=02m49.074s sys=00.783s mem=136MiB roottime=169.070s load=1.00 rootload=1.00
ramon: poll                 wall=02m51.000s usage=02m50.856s user=02m50.074s sys=00.783s mem=136MiB roottime=170.070s load=1.00 rootload=1.00
ramon: poll                 wall=02m52.004s usage=02m51.860s user=02m51.077s sys=00.783s mem=136MiB roottime=171.070s load=1.00 rootload=1.00
ramon: poll                 wall=02m53.000s usage=02m52.856s user=02m52.071s sys=00.785s mem=137MiB roottime=172.070s load=1.00 rootload=1.00
ramon: poll                 wall=02m54.007s usage=02m53.862s user=02m53.078s sys=00.785s mem=137MiB roottime=173.070s load=1.00 rootload=0.99
ramon: poll                 wall=02m55.000s usage=02m54.855s user=02m54.070s sys=00.785s mem=137MiB roottime=174.070s load=1.00 rootload=1.01
ramon: poll                 wall=02m56.002s usage=02m55.853s user=02m55.069s sys=00.785s mem=137MiB roottime=175.060s load=1.00 rootload=0.99
ramon: poll                 wall=02m57.004s usage=02m56.855s user=02m56.070s sys=00.785s mem=137MiB roottime=176.060s load=1.00 rootload=1.00
ramon: poll                 wall=02m58.002s usage=02m57.853s user=02m57.068s sys=00.785s mem=137MiB roottime=177.060s load=1.00 rootload=1.00
ramon: poll                 wall=02m59.004s usage=02m58.854s user=02m58.069s sys=00.785s mem=137MiB roottime=178.060s load=1.00 rootload=1.00
ramon: poll                 wall=03m00.003s usage=02m59.853s user=02m59.068s sys=00.785s mem=137MiB roottime=179.060s load=1.00 rootload=1.00
ramon: poll                 wall=03m01.001s usage=03m00.850s user=03m00.065s sys=00.785s mem=137MiB roottime=180.060s load=1.00 rootload=1.00
ramon: poll                 wall=03m02.000s usage=03m01.849s user=03m01.064s sys=00.785s mem=137MiB roottime=181.060s load=1.00 rootload=1.00
ramon: poll                 wall=03m03.003s usage=03m02.851s user=03m02.067s sys=00.785s mem=137MiB roottime=182.060s load=1.00 rootload=1.00
ramon: poll                 wall=03m04.000s usage=03m03.848s user=03m03.063s sys=00.785s mem=137MiB roottime=183.060s load=1.00 rootload=1.00
ramon: poll                 wall=03m05.000s usage=03m04.847s user=03m04.063s sys=00.785s mem=137MiB roottime=184.060s load=1.00 rootload=1.00
ramon: poll                 wall=03m06.000s usage=03m05.847s user=03m05.062s sys=00.785s mem=137MiB roottime=185.060s load=1.00 rootload=1.00
ramon: poll                 wall=03m07.035s usage=03m06.881s user=03m06.094s sys=00.788s mem=137MiB roottime=186.090s load=1.00 rootload=1.00
ramon: poll                 wall=03m08.002s usage=03m07.848s user=03m07.061s sys=00.788s mem=137MiB roottime=187.060s load=1.00 rootload=1.00
ramon: poll                 wall=03m09.002s usage=03m08.847s user=03m08.060s sys=00.788s mem=137MiB roottime=188.050s load=1.00 rootload=0.99
ramon: poll                 wall=03m10.000s usage=03m09.845s user=03m09.056s sys=00.790s mem=137MiB roottime=189.050s load=1.00 rootload=1.00
ramon: poll                 wall=03m11.000s usage=03m10.845s user=03m10.054s sys=00.791s mem=137MiB roottime=190.050s load=1.00 rootload=1.00
ramon: poll                 wall=03m12.002s usage=03m11.846s user=03m11.055s sys=00.792s mem=137MiB roottime=191.050s load=1.00 rootload=1.00
ramon: poll                 wall=03m13.010s usage=03m12.854s user=03m12.059s sys=00.795s mem=137MiB roottime=192.050s load=1.00 rootload=0.99
ramon: poll                 wall=03m14.001s usage=03m13.845s user=03m13.049s sys=00.796s mem=137MiB roottime=193.040s load=1.00 rootload=1.00
ramon: poll                 wall=03m15.003s usage=03m14.846s user=03m14.051s sys=00.796s mem=137MiB roottime=194.050s load=1.00 rootload=1.01
ramon: poll                 wall=03m16.004s usage=03m15.847s user=03m15.052s sys=00.796s mem=137MiB roottime=195.050s load=1.00 rootload=1.00
ramon: poll                 wall=03m17.001s usage=03m16.844s user=03m16.047s sys=00.797s mem=138MiB roottime=196.040s load=1.00 rootload=0.99
ramon: poll                 wall=03m18.003s usage=03m17.845s user=03m17.049s sys=00.797s mem=138MiB roottime=197.040s load=1.00 rootload=1.00
ramon: poll                 wall=03m19.011s usage=03m18.853s user=03m18.056s sys=00.797s mem=138MiB roottime=198.050s load=1.00 rootload=1.00
ramon: poll                 wall=03m20.004s usage=03m19.846s user=03m19.049s sys=00.797s mem=138MiB roottime=199.040s load=1.00 rootload=1.00
ramon: poll                 wall=03m21.001s usage=03m20.842s user=03m20.045s sys=00.797s mem=138MiB roottime=200.040s load=1.00 rootload=1.00
ramon: poll                 wall=03m22.003s usage=03m21.844s user=03m21.045s sys=00.799s mem=138MiB roottime=201.040s load=1.00 rootload=1.00
ramon: poll                 wall=03m23.000s usage=03m22.840s user=03m22.042s sys=00.799s mem=138MiB roottime=202.040s load=1.00 rootload=1.00
ramon: poll                 wall=03m24.000s usage=03m23.840s user=03m23.040s sys=00.801s mem=138MiB roottime=203.030s load=1.00 rootload=0.99
ramon: poll                 wall=03m25.000s usage=03m24.840s user=03m24.039s sys=00.801s mem=138MiB roottime=204.030s load=1.00 rootload=1.00
ramon: poll                 wall=03m26.000s usage=03m25.839s user=03m25.038s sys=00.802s mem=138MiB roottime=205.030s load=1.00 rootload=1.00
ramon: poll                 wall=03m27.000s usage=03m26.839s user=03m26.036s sys=00.803s mem=138MiB roottime=206.030s load=1.00 rootload=1.00
ramon: poll                 wall=03m28.000s usage=03m27.839s user=03m27.036s sys=00.803s mem=138MiB roottime=207.030s load=1.00 rootload=1.00
ramon: poll                 wall=03m29.011s usage=03m28.849s user=03m28.046s sys=00.803s mem=138MiB roottime=208.040s load=1.00 rootload=1.00
ramon: poll                 wall=03m30.008s usage=03m29.846s user=03m29.043s sys=00.803s mem=138MiB roottime=209.040s load=1.00 rootload=1.00
ramon: poll                 wall=03m31.017s usage=03m30.854s user=03m30.051s sys=00.804s mem=138MiB roottime=210.050s load=1.00 rootload=1.00
ramon: poll                 wall=03m32.006s usage=03m31.843s user=03m31.040s sys=00.804s mem=138MiB roottime=211.030s load=1.00 rootload=0.99
ramon: poll                 wall=03m33.002s usage=03m32.839s user=03m32.035s sys=00.804s mem=138MiB roottime=212.030s load=1.00 rootload=1.00
ramon: poll                 wall=03m34.000s usage=03m33.837s user=03m33.032s sys=00.805s mem=138MiB roottime=213.030s load=1.00 rootload=1.00
ramon: poll                 wall=03m35.000s usage=03m34.836s user=03m34.032s sys=00.805s mem=138MiB roottime=214.030s load=1.00 rootload=1.00
ramon: poll                 wall=03m36.012s usage=03m35.848s user=03m35.042s sys=00.806s mem=138MiB roottime=215.040s load=1.00 rootload=1.00
ramon: poll                 wall=03m37.003s usage=03m36.839s user=03m36.033s sys=00.806s mem=138MiB roottime=216.030s load=1.00 rootload=1.00
ramon: poll                 wall=03m38.000s usage=03m37.835s user=03m37.029s sys=00.807s mem=138MiB roottime=217.020s load=1.00 rootload=0.99
ramon: poll                 wall=03m39.000s usage=03m38.835s user=03m38.028s sys=00.807s mem=138MiB roottime=218.020s load=1.00 rootload=1.00
ramon: poll                 wall=03m40.002s usage=03m39.836s user=03m39.030s sys=00.807s mem=138MiB roottime=219.020s load=1.00 rootload=1.00
ramon: poll                 wall=03m41.002s usage=03m40.836s user=03m40.029s sys=00.808s mem=138MiB roottime=220.020s load=1.00 rootload=1.00
ramon: poll                 wall=03m42.002s usage=03m41.836s user=03m41.028s sys=00.808s mem=138MiB roottime=221.020s load=1.00 rootload=1.00
ramon: poll                 wall=03m43.000s usage=03m42.833s user=03m42.026s sys=00.808s mem=138MiB roottime=222.020s load=1.00 rootload=1.00
ramon: poll                 wall=03m44.000s usage=03m43.832s user=03m43.025s sys=00.808s mem=138MiB roottime=223.020s load=1.00 rootload=1.00
ramon: poll                 wall=03m45.005s usage=03m44.837s user=03m44.030s sys=00.808s mem=138MiB roottime=224.020s load=1.00 rootload=1.00
ramon: poll                 wall=03m46.000s usage=03m45.832s user=03m45.024s sys=00.808s mem=138MiB roottime=225.020s load=1.00 rootload=1.00
ramon: poll                 wall=03m47.000s usage=03m46.831s user=03m46.024s sys=00.808s mem=138MiB roottime=226.020s load=1.00 rootload=1.00
ramon: poll                 wall=03m48.000s usage=03m47.831s user=03m47.023s sys=00.808s mem=138MiB roottime=227.020s load=1.00 rootload=1.00
ramon: poll                 wall=03m49.000s usage=03m48.831s user=03m48.023s sys=00.808s mem=138MiB roottime=228.020s load=1.00 rootload=1.00
ramon: poll                 wall=03m50.002s usage=03m49.832s user=03m49.025s sys=00.808s mem=138MiB roottime=229.020s load=1.00 rootload=1.00
ramon: poll                 wall=03m51.005s usage=03m50.835s user=03m50.027s sys=00.808s mem=138MiB roottime=230.020s load=1.00 rootload=1.00
ramon: poll                 wall=03m52.004s usage=03m51.834s user=03m51.026s sys=00.808s mem=138MiB roottime=231.020s load=1.00 rootload=1.00
ramon: poll                 wall=03m53.000s usage=03m52.829s user=03m52.022s sys=00.808s mem=139MiB roottime=232.020s load=1.00 rootload=1.00
ramon: poll                 wall=03m54.005s usage=03m53.834s user=03m53.026s sys=00.808s mem=139MiB roottime=233.020s load=1.00 rootload=1.00
ramon: poll                 wall=03m55.000s usage=03m54.829s user=03m54.021s sys=00.808s mem=139MiB roottime=234.020s load=1.00 rootload=1.00
ramon: poll                 wall=03m56.009s usage=03m55.837s user=03m55.030s sys=00.808s mem=139MiB roottime=235.020s load=1.00 rootload=0.99
ramon: poll                 wall=03m57.007s usage=03m56.835s user=03m56.028s sys=00.808s mem=139MiB roottime=236.020s load=1.00 rootload=1.00
ramon: poll                 wall=03m58.014s usage=03m57.842s user=03m57.034s sys=00.808s mem=139MiB roottime=237.030s load=1.00 rootload=1.00
ramon: poll                 wall=03m59.003s usage=03m58.831s user=03m58.023s sys=00.808s mem=139MiB roottime=238.020s load=1.00 rootload=1.00
ramon: poll                 wall=04m00.003s usage=03m59.830s user=03m59.019s sys=00.811s mem=139MiB roottime=239.010s load=1.00 rootload=0.99
ramon: poll                 wall=04m01.000s usage=04m00.828s user=04m00.017s sys=00.811s mem=139MiB roottime=240.010s load=1.00 rootload=1.00
ramon: poll                 wall=04m02.003s usage=04m01.829s user=04m01.019s sys=00.811s mem=139MiB roottime=241.010s load=1.00 rootload=1.00
ramon: poll                 wall=04m03.000s usage=04m02.826s user=04m02.016s sys=00.811s mem=139MiB roottime=242.010s load=1.00 rootload=1.00
ramon: poll                 wall=04m04.001s usage=04m03.827s user=04m03.016s sys=00.811s mem=139MiB roottime=243.010s load=1.00 rootload=1.00
ramon: poll                 wall=04m05.005s usage=04m04.831s user=04m04.020s sys=00.811s mem=139MiB roottime=244.010s load=1.00 rootload=1.00
ramon: poll                 wall=04m06.006s usage=04m05.831s user=04m05.019s sys=00.812s mem=139MiB roottime=245.010s load=1.00 rootload=1.00
ramon: poll                 wall=04m07.000s usage=04m06.825s user=04m06.013s sys=00.812s mem=139MiB roottime=246.010s load=1.00 rootload=1.01
ramon: poll                 wall=04m08.003s usage=04m07.827s user=04m07.016s sys=00.812s mem=139MiB roottime=247.010s load=1.00 rootload=1.00
ramon: poll                 wall=04m09.004s usage=04m08.828s user=04m08.016s sys=00.813s mem=139MiB roottime=248.010s load=1.00 rootload=1.00
ramon: poll                 wall=04m10.007s usage=04m09.831s user=04m09.018s sys=00.813s mem=139MiB roottime=249.010s load=1.00 rootload=1.00
ramon: poll                 wall=04m11.000s usage=04m10.824s user=04m10.011s sys=00.813s mem=139MiB roottime=250.010s load=1.00 rootload=1.01
ramon: poll                 wall=04m12.007s usage=04m11.830s user=04m11.018s sys=00.813s mem=139MiB roottime=251.010s load=1.00 rootload=0.99
ramon: poll                 wall=04m13.004s usage=04m12.827s user=04m12.014s sys=00.813s mem=139MiB roottime=252.010s load=1.00 rootload=1.00
ramon: poll                 wall=04m14.006s usage=04m13.828s user=04m13.015s sys=00.814s mem=139MiB roottime=253.010s load=1.00 rootload=1.00
ramon: poll                 wall=04m15.003s usage=04m14.825s user=04m14.010s sys=00.815s mem=139MiB roottime=254.010s load=1.00 rootload=1.00
ramon: poll                 wall=04m16.002s usage=04m15.823s user=04m15.008s sys=00.816s mem=139MiB roottime=255.000s load=1.00 rootload=0.99
ramon: poll                 wall=04m17.004s usage=04m16.825s user=04m16.009s sys=00.816s mem=139MiB roottime=256.000s load=1.00 rootload=1.00
ramon: poll                 wall=04m18.004s usage=04m17.825s user=04m17.008s sys=00.817s mem=139MiB roottime=257.000s load=1.00 rootload=1.00
ramon: poll                 wall=04m19.002s usage=04m18.822s user=04m18.005s sys=00.817s mem=139MiB roottime=258.000s load=1.00 rootload=1.00
ramon: poll                 wall=04m20.007s usage=04m19.827s user=04m19.009s sys=00.818s mem=139MiB roottime=259.000s load=1.00 rootload=1.00
ramon: poll                 wall=04m21.000s usage=04m20.819s user=04m20.001s sys=00.818s mem=139MiB roottime=260.000s load=1.00 rootload=1.01
ramon: poll                 wall=04m22.001s usage=04m21.820s user=04m21.002s sys=00.818s mem=139MiB roottime=261.000s load=1.00 rootload=1.00
ramon: poll                 wall=04m23.000s usage=04m22.818s user=04m22.001s sys=00.818s mem=139MiB roottime=262.000s load=1.00 rootload=1.00
ramon: poll                 wall=04m24.000s usage=04m23.818s user=04m23.000s sys=00.818s mem=139MiB roottime=263.000s load=1.00 rootload=1.00
ramon: poll                 wall=04m25.000s usage=04m24.818s user=04m24.001s sys=00.818s mem=139MiB roottime=264.000s load=1.00 rootload=1.00
ramon: poll                 wall=04m26.000s usage=04m25.817s user=04m25.000s sys=00.818s mem=139MiB roottime=265.000s load=1.00 rootload=1.00
ramon: poll                 wall=04m27.000s usage=04m26.816s user=04m25.999s sys=00.818s mem=139MiB roottime=265.990s load=1.00 rootload=0.99
ramon: poll                 wall=04m28.010s usage=04m27.826s user=04m27.008s sys=00.818s mem=139MiB roottime=267.000s load=1.00 rootload=1.00
ramon: poll                 wall=04m29.000s usage=04m28.815s user=04m27.998s sys=00.818s mem=139MiB roottime=267.990s load=1.00 rootload=1.00
ramon: poll                 wall=04m30.000s usage=04m29.815s user=04m28.998s sys=00.818s mem=139MiB roottime=268.990s load=1.00 rootload=1.00
ramon: poll                 wall=04m31.000s usage=04m30.815s user=04m29.997s sys=00.818s mem=139MiB roottime=269.990s load=1.00 rootload=1.00
ramon: poll                 wall=04m32.007s usage=04m31.821s user=04m31.004s sys=00.818s mem=139MiB roottime=271.000s load=1.00 rootload=1.00
ramon: poll                 wall=04m33.003s usage=04m32.817s user=04m31.999s sys=00.818s mem=139MiB roottime=271.990s load=1.00 rootload=0.99
ramon: poll                 wall=04m34.010s usage=04m33.824s user=04m33.006s sys=00.818s mem=139MiB roottime=273.000s load=1.00 rootload=1.00
ramon: poll                 wall=04m35.001s usage=04m34.814s user=04m33.996s sys=00.818s mem=139MiB roottime=273.990s load=1.00 rootload=1.00
ramon: poll                 wall=04m36.005s usage=04m35.818s user=04m35.000s sys=00.818s mem=139MiB roottime=275.000s load=1.00 rootload=1.01
ramon: poll                 wall=04m37.011s usage=04m36.824s user=04m36.006s sys=00.818s mem=139MiB roottime=276.000s load=1.00 rootload=0.99
ramon: poll                 wall=04m38.009s usage=04m37.821s user=04m37.004s sys=00.818s mem=139MiB roottime=277.000s load=1.00 rootload=1.00
ramon: poll                 wall=04m39.011s usage=04m38.823s user=04m38.005s sys=00.818s mem=139MiB roottime=278.000s load=1.00 rootload=1.00
ramon: poll                 wall=04m40.009s usage=04m39.821s user=04m39.003s sys=00.818s mem=139MiB roottime=279.000s load=1.00 rootload=1.00
ramon: poll                 wall=04m41.001s usage=04m40.812s user=04m39.995s sys=00.818s mem=139MiB roottime=279.990s load=1.00 rootload=1.00
ramon: poll                 wall=04m42.000s usage=04m41.811s user=04m40.994s sys=00.818s mem=139MiB roottime=280.990s load=1.00 rootload=1.00
ramon: poll                 wall=04m43.014s usage=04m42.825s user=04m42.007s sys=00.818s mem=139MiB roottime=282.000s load=1.00 rootload=1.00
ramon: poll                 wall=04m44.016s usage=04m43.827s user=04m43.009s sys=00.818s mem=139MiB roottime=283.000s load=1.00 rootload=1.00
ramon: poll                 wall=04m45.011s usage=04m44.821s user=04m44.004s sys=00.818s mem=139MiB roottime=284.000s load=1.00 rootload=1.01
ramon: poll                 wall=04m46.009s usage=04m45.819s user=04m45.001s sys=00.818s mem=139MiB roottime=285.000s load=1.00 rootload=1.00
ramon: poll                 wall=04m47.009s usage=04m46.818s user=04m46.001s sys=00.818s mem=139MiB roottime=286.000s load=1.00 rootload=1.00
ramon: poll                 wall=04m48.002s usage=04m47.811s user=04m46.992s sys=00.820s mem=139MiB roottime=286.990s load=1.00 rootload=1.00
ramon: poll                 wall=04m49.006s usage=04m48.815s user=04m47.995s sys=00.820s mem=139MiB roottime=287.990s load=1.00 rootload=1.00
ramon: poll                 wall=04m50.003s usage=04m49.812s user=04m48.992s sys=00.820s mem=139MiB roottime=288.990s load=1.00 rootload=1.00
ramon: poll                 wall=04m51.002s usage=04m50.810s user=04m49.990s sys=00.820s mem=139MiB roottime=289.990s load=1.00 rootload=1.00
ramon: poll                 wall=04m52.010s usage=04m51.818s user=04m50.998s sys=00.820s mem=139MiB roottime=290.990s load=1.00 rootload=0.99
ramon: poll                 wall=04m53.008s usage=04m52.815s user=04m51.996s sys=00.820s mem=139MiB roottime=291.990s load=1.00 rootload=1.00
ramon: poll                 wall=04m54.007s usage=04m53.814s user=04m52.993s sys=00.821s mem=139MiB roottime=292.990s load=1.00 rootload=1.00
ramon: poll                 wall=04m55.004s usage=04m54.810s user=04m53.990s sys=00.821s mem=139MiB roottime=293.980s load=1.00 rootload=0.99
ramon: poll                 wall=04m56.008s usage=04m55.814s user=04m54.993s sys=00.821s mem=139MiB roottime=294.990s load=1.00 rootload=1.01
ramon: poll                 wall=04m57.003s usage=04m56.809s user=04m55.987s sys=00.822s mem=139MiB roottime=295.980s load=1.00 rootload=0.99
ramon: poll                 wall=04m58.010s usage=04m57.815s user=04m56.991s sys=00.825s mem=140MiB roottime=296.990s load=1.00 rootload=1.00
ramon: poll                 wall=04m59.004s usage=04m58.809s user=04m57.983s sys=00.826s mem=140MiB roottime=297.980s load=1.00 rootload=1.00
ramon: poll                 wall=05m00.007s usage=04m59.812s user=04m58.986s sys=00.826s mem=140MiB roottime=298.980s load=1.00 rootload=1.00
ramon: poll                 wall=05m01.007s usage=05m00.811s user=04m59.986s sys=00.826s mem=140MiB roottime=299.980s load=1.00 rootload=1.00
ramon: poll                 wall=05m02.006s usage=05m01.810s user=05m00.982s sys=00.828s mem=140MiB roottime=300.980s load=1.00 rootload=1.00
ramon: poll                 wall=05m03.011s usage=05m02.814s user=05m01.987s sys=00.828s mem=140MiB roottime=301.980s load=1.00 rootload=1.00
ramon: poll                 wall=05m04.006s usage=05m03.809s user=05m02.981s sys=00.828s mem=140MiB roottime=302.980s load=1.00 rootload=1.01
ramon: poll                 wall=05m05.005s usage=05m04.807s user=05m03.978s sys=00.830s mem=140MiB roottime=303.970s load=1.00 rootload=0.99
ramon: poll                 wall=05m06.004s usage=05m05.806s user=05m04.976s sys=00.830s mem=140MiB roottime=304.970s load=1.00 rootload=1.00
ramon: poll                 wall=05m07.010s usage=05m06.811s user=05m05.979s sys=00.833s mem=140MiB roottime=305.970s load=1.00 rootload=0.99
ramon: poll                 wall=05m08.004s usage=05m07.805s user=05m06.972s sys=00.833s mem=140MiB roottime=306.970s load=1.00 rootload=1.01
ramon: poll                 wall=05m09.018s usage=05m08.819s user=05m07.985s sys=00.834s mem=140MiB roottime=307.980s load=1.00 rootload=1.00
ramon: poll                 wall=05m10.006s usage=05m09.806s user=05m08.972s sys=00.834s mem=140MiB roottime=308.970s load=1.00 rootload=1.00
ramon: poll                 wall=05m11.013s usage=05m10.813s user=05m09.979s sys=00.834s mem=140MiB roottime=309.970s load=1.00 rootload=0.99
ramon: poll                 wall=05m12.018s usage=05m11.817s user=05m10.984s sys=00.834s mem=140MiB roottime=310.980s load=1.00 rootload=1.01
ramon: poll                 wall=05m13.011s usage=05m12.810s user=05m11.976s sys=00.834s mem=140MiB roottime=311.970s load=1.00 rootload=1.00
ramon: poll                 wall=05m14.013s usage=05m13.811s user=05m12.978s sys=00.834s mem=140MiB roottime=312.970s load=1.00 rootload=1.00
ramon: poll                 wall=05m15.017s usage=05m14.816s user=05m13.983s sys=00.834s mem=140MiB roottime=313.980s load=1.00 rootload=1.01
ramon: poll                 wall=05m16.014s usage=05m15.812s user=05m14.978s sys=00.834s mem=140MiB roottime=314.970s load=1.00 rootload=0.99
ramon: poll                 wall=05m17.011s usage=05m16.809s user=05m15.975s sys=00.834s mem=140MiB roottime=315.970s load=1.00 rootload=1.00
ramon: poll                 wall=05m18.000s usage=05m17.798s user=05m16.964s sys=00.834s mem=140MiB roottime=316.960s load=1.00 rootload=1.00
ramon: poll                 wall=05m19.008s usage=05m18.805s user=05m17.971s sys=00.834s mem=140MiB roottime=317.970s load=1.00 rootload=1.00
ramon: poll                 wall=05m20.007s usage=05m19.804s user=05m18.970s sys=00.834s mem=140MiB roottime=318.960s load=1.00 rootload=0.99
ramon: poll                 wall=05m21.004s usage=05m20.800s user=05m19.967s sys=00.834s mem=140MiB roottime=319.960s load=1.00 rootload=1.00
ramon: poll                 wall=05m22.004s usage=05m21.800s user=05m20.966s sys=00.834s mem=140MiB roottime=320.960s load=1.00 rootload=1.00
ramon: poll                 wall=05m23.005s usage=05m22.800s user=05m21.967s sys=00.834s mem=140MiB roottime=321.960s load=1.00 rootload=1.00
ramon: poll                 wall=05m24.006s usage=05m23.801s user=05m22.966s sys=00.835s mem=140MiB roottime=322.960s load=1.00 rootload=1.00
ramon: poll                 wall=05m25.005s usage=05m24.800s user=05m23.965s sys=00.835s mem=140MiB roottime=323.960s load=1.00 rootload=1.00
ramon: poll                 wall=05m26.007s usage=05m25.801s user=05m24.966s sys=00.835s mem=140MiB roottime=324.960s load=1.00 rootload=1.00
ramon: poll                 wall=05m27.008s usage=05m26.802s user=05m25.967s sys=00.835s mem=140MiB roottime=325.960s load=1.00 rootload=1.00
ramon: poll                 wall=05m28.006s usage=05m27.799s user=05m26.965s sys=00.835s mem=140MiB roottime=326.960s load=1.00 rootload=1.00
ramon: poll                 wall=05m29.005s usage=05m28.798s user=05m27.964s sys=00.835s mem=140MiB roottime=327.960s load=1.00 rootload=1.00
ramon: poll                 wall=05m30.006s usage=05m29.799s user=05m28.961s sys=00.838s mem=141MiB roottime=328.960s load=1.00 rootload=1.00
ramon: poll                 wall=05m31.011s usage=05m30.803s user=05m29.964s sys=00.840s mem=141MiB roottime=329.960s load=1.00 rootload=1.00
ramon: poll                 wall=05m32.010s usage=05m31.801s user=05m30.961s sys=00.840s mem=142MiB roottime=330.960s load=1.00 rootload=1.00
ramon: poll                 wall=05m33.004s usage=05m32.790s user=05m31.950s sys=00.840s mem=142MiB roottime=331.940s load=0.99 rootload=0.99
ramon: poll                 wall=05m34.006s usage=05m33.787s user=05m32.946s sys=00.842s mem=143MiB roottime=332.940s load=1.00 rootload=1.00
ramon: poll                 wall=05m35.026s usage=05m34.803s user=05m33.962s sys=00.842s mem=143MiB roottime=333.960s load=1.00 rootload=1.00
ramon: poll                 wall=05m36.014s usage=05m35.787s user=05m34.945s sys=00.842s mem=143MiB roottime=334.940s load=1.00 rootload=0.99
ramon: poll                 wall=05m37.010s usage=05m36.783s user=05m35.941s sys=00.842s mem=143MiB roottime=335.940s load=1.00 rootload=1.00
ramon: poll                 wall=05m38.006s usage=05m37.776s user=05m36.934s sys=00.842s mem=143MiB roottime=336.930s load=1.00 rootload=0.99
ramon: poll                 wall=05m39.007s usage=05m38.774s user=05m37.932s sys=00.842s mem=143MiB roottime=337.930s load=1.00 rootload=1.00
ramon: poll                 wall=05m40.010s usage=05m39.776s user=05m38.934s sys=00.842s mem=143MiB roottime=338.930s load=1.00 rootload=1.00
ramon: poll                 wall=05m41.004s usage=05m40.770s user=05m39.927s sys=00.843s mem=143MiB roottime=339.920s load=1.00 rootload=1.00
ramon: poll                 wall=05m42.003s usage=05m41.768s user=05m40.925s sys=00.843s mem=143MiB roottime=340.920s load=1.00 rootload=1.00
ramon: poll                 wall=05m43.014s usage=05m42.778s user=05m41.935s sys=00.844s mem=143MiB roottime=341.930s load=1.00 rootload=1.00
ramon: poll                 wall=05m44.000s usage=05m43.764s user=05m42.919s sys=00.845s mem=143MiB roottime=342.910s load=1.00 rootload=0.99
ramon: poll                 wall=05m45.010s usage=05m44.773s user=05m43.927s sys=00.846s mem=143MiB roottime=343.920s load=1.00 rootload=1.00
ramon: poll                 wall=05m46.006s usage=05m45.769s user=05m44.921s sys=00.848s mem=143MiB roottime=344.920s load=1.00 rootload=1.00
ramon: poll                 wall=05m47.004s usage=05m46.766s user=05m45.917s sys=00.850s mem=143MiB roottime=345.910s load=1.00 rootload=0.99
ramon: poll                 wall=05m48.000s usage=05m47.763s user=05m46.913s sys=00.850s mem=143MiB roottime=346.910s load=1.00 rootload=1.00
ramon: poll                 wall=05m49.004s usage=05m48.766s user=05m47.916s sys=00.850s mem=143MiB roottime=347.910s load=1.00 rootload=1.00
ramon: poll                 wall=05m50.008s usage=05m49.768s user=05m48.918s sys=00.850s mem=143MiB roottime=348.910s load=1.00 rootload=1.00
ramon: poll                 wall=05m51.002s usage=05m50.757s user=05m49.908s sys=00.850s mem=143MiB roottime=349.900s load=1.00 rootload=1.00
ramon: poll                 wall=05m52.019s usage=05m51.771s user=05m50.922s sys=00.850s mem=143MiB roottime=350.920s load=1.00 rootload=1.00
ramon: poll                 wall=05m53.000s usage=05m52.746s user=05m51.896s sys=00.851s mem=143MiB roottime=351.890s load=0.99 rootload=0.99
ramon: poll                 wall=05m54.006s usage=05m53.748s user=05m52.897s sys=00.851s mem=143MiB roottime=352.890s load=1.00 rootload=0.99
ramon: poll                 wall=05m55.007s usage=05m54.743s user=05m53.892s sys=00.851s mem=143MiB roottime=353.890s load=0.99 rootload=1.00
ramon: poll                 wall=05m56.000s usage=05m55.730s user=05m54.879s sys=00.851s mem=143MiB roottime=354.870s load=0.99 rootload=0.99
ramon: poll                 wall=05m57.004s usage=05m56.727s user=05m55.876s sys=00.851s mem=143MiB roottime=355.870s load=0.99 rootload=1.00
ramon: poll                 wall=05m58.000s usage=05m57.717s user=05m56.867s sys=00.851s mem=143MiB roottime=356.860s load=0.99 rootload=0.99
ramon: poll                 wall=05m59.000s usage=05m58.712s user=05m57.861s sys=00.851s mem=143MiB roottime=357.860s load=0.99 rootload=1.00
ramon: poll                 wall=06m00.000s usage=05m59.706s user=05m58.855s sys=00.852s mem=143MiB roottime=358.850s load=0.99 rootload=0.99
ramon: poll                 wall=06m01.002s usage=06m00.703s user=05m59.852s sys=00.852s mem=144MiB roottime=359.850s load=1.00 rootload=1.00
ramon: poll                 wall=06m02.000s usage=06m01.701s user=06m00.849s sys=00.852s mem=144MiB roottime=360.840s load=1.00 rootload=0.99
ramon: poll                 wall=06m03.000s usage=06m02.701s user=06m01.848s sys=00.853s mem=144MiB roottime=361.840s load=1.00 rootload=1.00
ramon: poll                 wall=06m04.000s usage=06m03.700s user=06m02.848s sys=00.853s mem=144MiB roottime=362.840s load=1.00 rootload=1.00
ramon: poll                 wall=06m05.004s usage=06m04.704s user=06m03.851s sys=00.853s mem=144MiB roottime=363.850s load=1.00 rootload=1.01
ramon: poll                 wall=06m06.005s usage=06m05.705s user=06m04.849s sys=00.856s mem=144MiB roottime=364.840s load=1.00 rootload=0.99
ramon: poll                 wall=06m07.000s usage=06m06.699s user=06m05.844s sys=00.856s mem=144MiB roottime=365.840s load=1.00 rootload=1.00
ramon: poll                 wall=06m08.004s usage=06m07.703s user=06m06.847s sys=00.857s mem=144MiB roottime=366.840s load=1.00 rootload=1.00
ramon: poll                 wall=06m09.008s usage=06m08.707s user=06m07.850s sys=00.857s mem=144MiB roottime=367.840s load=1.00 rootload=1.00
ramon: poll                 wall=06m10.004s usage=06m09.703s user=06m08.846s sys=00.857s mem=144MiB roottime=368.840s load=1.00 rootload=1.00
ramon: poll                 wall=06m11.009s usage=06m10.707s user=06m09.851s sys=00.857s mem=144MiB roottime=369.850s load=1.00 rootload=1.00
ramon: poll                 wall=06m12.009s usage=06m11.707s user=06m10.851s sys=00.857s mem=144MiB roottime=370.850s load=1.00 rootload=1.00
ramon: poll                 wall=06m13.000s usage=06m12.698s user=06m11.841s sys=00.857s mem=144MiB roottime=371.840s load=1.00 rootload=1.00
ramon: poll                 wall=06m14.009s usage=06m13.706s user=06m12.846s sys=00.861s mem=144MiB roottime=372.840s load=1.00 rootload=0.99
ramon: poll                 wall=06m15.006s usage=06m14.703s user=06m13.841s sys=00.862s mem=144MiB roottime=373.840s load=1.00 rootload=1.00
ramon: poll                 wall=06m16.011s usage=06m15.708s user=06m14.845s sys=00.863s mem=144MiB roottime=374.840s load=1.00 rootload=1.00
ramon: poll                 wall=06m17.005s usage=06m16.701s user=06m15.837s sys=00.864s mem=144MiB roottime=375.830s load=1.00 rootload=1.00
ramon: poll                 wall=06m18.003s usage=06m17.698s user=06m16.835s sys=00.864s mem=144MiB roottime=376.830s load=1.00 rootload=1.00
ramon: poll                 wall=06m19.004s usage=06m18.699s user=06m17.835s sys=00.864s mem=144MiB roottime=377.830s load=1.00 rootload=1.00
ramon: end                  Wed Apr  9 16:52:34 2025
ramon: root.execname        z3
ramon: root.utime           378.060s
ramon: root.stime           0.900s
ramon: group.total          378.966s
ramon: group.utime          378.062s
ramon: group.stime          0.905s
ramon: group.mempeak        144MiB
ramon: group.pidpeak        2
ramon: status               exited
ramon: exitcode             0
ramon: walltime             379.273s
ramon: loadavg              1.00
