ramon: cwd                  /home/runner/a/_work/z3-poly-testing/z3-poly-testing
ramon: start                Wed Apr  9 16:49:40 2025
ramon: nproc                128
ramon: sys.mem              64150 MiB
ramon: sys.mem.free         42441 MiB
ramon: sys.mem.avail        64009 MiB
ramon: sys.nprocs           3152
ramon: argv                 0 = z3
ramon: argv                 1 = inputs/QF_LIA/n8064-prp-6-49.smt2
ramon: argv                 2 = -T:600
ramon: argv                 3 = -st
ramon: argv                 4 = lp.dio=true
ramon: argv                 5 = lp.dio_run_gcd=true
ramon: childpid             1671669
ramon: poll                 wall=01.004s usage=00.975s user=00.838s sys=00.138s mem=36144KiB roottime=0.830s load=0.97 rootload=0.83
ramon: poll                 wall=02.000s usage=01.971s user=01.798s sys=00.173s mem=38296KiB roottime=1.790s load=1.00 rootload=0.96
ramon: poll                 wall=03.004s usage=02.974s user=02.795s sys=00.180s mem=40856KiB roottime=2.790s load=1.00 rootload=1.00
ramon: poll                 wall=04.000s usage=03.970s user=03.677s sys=00.293s mem=63088KiB roottime=3.670s load=1.00 rootload=0.88
ramon: poll                 wall=05.000s usage=04.968s user=04.612s sys=00.356s mem=80088KiB roottime=4.610s load=1.00 rootload=0.94
ramon: poll                 wall=06.003s usage=05.971s user=05.596s sys=00.375s mem=83672KiB roottime=5.590s load=1.00 rootload=0.98
ramon: poll                 wall=07.006s usage=06.973s user=06.596s sys=00.378s mem=83928KiB roottime=6.590s load=1.00 rootload=1.00
ramon: poll                 wall=08.006s usage=07.972s user=07.594s sys=00.378s mem=83928KiB roottime=7.590s load=1.00 rootload=1.00
ramon: poll                 wall=09.005s usage=08.972s user=08.591s sys=00.381s mem=84184KiB roottime=8.590s load=1.00 rootload=1.00
ramon: poll                 wall=10.009s usage=09.975s user=09.594s sys=00.381s mem=84184KiB roottime=9.590s load=1.00 rootload=1.00
ramon: poll                 wall=11.009s usage=10.975s user=10.591s sys=00.384s mem=84696KiB roottime=10.590s load=1.00 rootload=1.00
ramon: poll                 wall=12.009s usage=11.975s user=11.591s sys=00.384s mem=84696KiB roottime=11.590s load=1.00 rootload=1.00
ramon: poll                 wall=13.011s usage=12.976s user=12.592s sys=00.384s mem=84696KiB roottime=12.590s load=1.00 rootload=1.00
ramon: poll                 wall=14.008s usage=13.973s user=13.589s sys=00.384s mem=84952KiB roottime=13.580s load=1.00 rootload=0.99
ramon: poll                 wall=15.006s usage=14.971s user=14.586s sys=00.385s mem=84952KiB roottime=14.580s load=1.00 rootload=1.00
ramon: poll                 wall=16.005s usage=15.969s user=15.581s sys=00.388s mem=85208KiB roottime=15.580s load=1.00 rootload=1.00
ramon: poll                 wall=17.011s usage=16.975s user=16.584s sys=00.391s mem=85208KiB roottime=16.580s load=1.00 rootload=0.99
ramon: poll                 wall=18.000s usage=17.962s user=17.571s sys=00.391s mem=85208KiB roottime=17.570s load=1.00 rootload=1.00
ramon: poll                 wall=19.006s usage=18.966s user=18.575s sys=00.392s mem=85396KiB roottime=18.570s load=1.00 rootload=0.99
ramon: poll                 wall=20.003s usage=19.960s user=19.566s sys=00.394s mem=85964KiB roottime=19.560s load=1.00 rootload=0.99
ramon: poll                 wall=21.008s usage=20.964s user=20.570s sys=00.394s mem=85964KiB roottime=20.570s load=1.00 rootload=1.00
ramon: poll                 wall=22.005s usage=21.961s user=21.566s sys=00.395s mem=85964KiB roottime=21.560s load=1.00 rootload=0.99
ramon: poll                 wall=23.003s usage=22.957s user=22.562s sys=00.395s mem=85964KiB roottime=22.560s load=1.00 rootload=1.00
ramon: poll                 wall=24.009s usage=23.963s user=23.568s sys=00.395s mem=85964KiB roottime=23.560s load=1.00 rootload=0.99
ramon: poll                 wall=25.001s usage=24.954s user=24.556s sys=00.398s mem=86220KiB roottime=24.550s load=1.00 rootload=1.00
ramon: poll                 wall=26.003s usage=25.957s user=25.558s sys=00.399s mem=86220KiB roottime=25.550s load=1.00 rootload=1.00
ramon: poll                 wall=27.008s usage=26.961s user=26.561s sys=00.400s mem=86220KiB roottime=26.560s load=1.00 rootload=1.00
ramon: poll                 wall=28.000s usage=27.952s user=27.551s sys=00.402s mem=86220KiB roottime=27.550s load=1.00 rootload=1.00
ramon: poll                 wall=29.010s usage=28.962s user=28.559s sys=00.403s mem=86220KiB roottime=28.550s load=1.00 rootload=0.99
ramon: poll                 wall=30.004s usage=29.955s user=29.550s sys=00.406s mem=86476KiB roottime=29.550s load=1.00 rootload=1.01
ramon: poll                 wall=31.004s usage=30.955s user=30.547s sys=00.408s mem=86476KiB roottime=30.540s load=1.00 rootload=0.99
ramon: poll                 wall=32.004s usage=31.954s user=31.545s sys=00.409s mem=86476KiB roottime=31.540s load=1.00 rootload=1.00
ramon: poll                 wall=33.011s usage=32.961s user=32.551s sys=00.410s mem=86476KiB roottime=32.550s load=1.00 rootload=1.00
ramon: poll                 wall=34.006s usage=33.955s user=33.543s sys=00.412s mem=86732KiB roottime=33.540s load=1.00 rootload=0.99
ramon: poll                 wall=35.006s usage=34.954s user=34.542s sys=00.412s mem=86732KiB roottime=34.540s load=1.00 rootload=1.00
ramon: poll                 wall=36.004s usage=35.952s user=35.539s sys=00.413s mem=86732KiB roottime=35.530s load=1.00 rootload=0.99
ramon: poll                 wall=37.002s usage=36.949s user=36.536s sys=00.413s mem=86732KiB roottime=36.530s load=1.00 rootload=1.00
ramon: poll                 wall=38.006s usage=37.953s user=37.539s sys=00.414s mem=86732KiB roottime=37.530s load=1.00 rootload=1.00
ramon: poll                 wall=39.004s usage=38.951s user=38.537s sys=00.414s mem=86988KiB roottime=38.530s load=1.00 rootload=1.00
ramon: poll                 wall=40.004s usage=39.950s user=39.536s sys=00.414s mem=86988KiB roottime=39.530s load=1.00 rootload=1.00
ramon: poll                 wall=41.006s usage=40.951s user=40.538s sys=00.414s mem=86988KiB roottime=40.530s load=1.00 rootload=1.00
ramon: poll                 wall=42.008s usage=41.953s user=41.539s sys=00.414s mem=86988KiB roottime=41.540s load=1.00 rootload=1.01
ramon: poll                 wall=43.008s usage=42.953s user=42.539s sys=00.414s mem=86988KiB roottime=42.530s load=1.00 rootload=0.99
ramon: poll                 wall=44.005s usage=43.949s user=43.533s sys=00.416s mem=86988KiB roottime=43.530s load=1.00 rootload=1.00
ramon: poll                 wall=45.004s usage=44.948s user=44.532s sys=00.416s mem=86988KiB roottime=44.530s load=1.00 rootload=1.00
ramon: poll                 wall=46.001s usage=45.941s user=45.524s sys=00.417s mem=87248KiB roottime=45.520s load=1.00 rootload=0.99
ramon: poll                 wall=47.004s usage=46.944s user=46.527s sys=00.418s mem=87248KiB roottime=46.520s load=1.00 rootload=1.00
ramon: poll                 wall=48.004s usage=47.944s user=47.525s sys=00.419s mem=87248KiB roottime=47.520s load=1.00 rootload=1.00
ramon: poll                 wall=49.000s usage=48.937s user=48.519s sys=00.419s mem=87356KiB roottime=48.510s load=1.00 rootload=0.99
ramon: poll                 wall=50.005s usage=49.942s user=49.522s sys=00.420s mem=87356KiB roottime=49.520s load=1.00 rootload=1.01
ramon: poll                 wall=51.002s usage=50.938s user=50.517s sys=00.421s mem=87356KiB roottime=50.510s load=1.00 rootload=0.99
ramon: poll                 wall=52.000s usage=51.935s user=51.515s sys=00.421s mem=87356KiB roottime=51.510s load=1.00 rootload=1.00
ramon: poll                 wall=53.000s usage=52.935s user=52.514s sys=00.421s mem=87356KiB roottime=52.510s load=1.00 rootload=1.00
ramon: poll                 wall=54.000s usage=53.934s user=53.513s sys=00.422s mem=87612KiB roottime=53.510s load=1.00 rootload=1.00
ramon: poll                 wall=55.002s usage=54.936s user=54.514s sys=00.422s mem=87612KiB roottime=54.510s load=1.00 rootload=1.00
ramon: poll                 wall=56.001s usage=55.935s user=55.512s sys=00.423s mem=87612KiB roottime=55.510s load=1.00 rootload=1.00
ramon: poll                 wall=57.004s usage=56.937s user=56.514s sys=00.423s mem=87612KiB roottime=56.510s load=1.00 rootload=1.00
ramon: poll                 wall=58.007s usage=57.939s user=57.513s sys=00.426s mem=87612KiB roottime=57.510s load=1.00 rootload=1.00
ramon: poll                 wall=59.010s usage=58.942s user=58.513s sys=00.429s mem=87868KiB roottime=58.510s load=1.00 rootload=1.00
ramon: poll                 wall=01m00.009s usage=59.940s user=59.511s sys=00.429s mem=87868KiB roottime=59.510s load=1.00 rootload=1.00
ramon: poll                 wall=01m01.005s usage=01m00.935s user=01m00.506s sys=00.430s mem=87868KiB roottime=60.500s load=1.00 rootload=0.99
ramon: poll                 wall=01m02.004s usage=01m01.932s user=01m01.501s sys=00.431s mem=87980KiB roottime=61.500s load=1.00 rootload=1.00
ramon: poll                 wall=01m03.007s usage=01m02.934s user=01m02.504s sys=00.431s mem=87980KiB roottime=62.500s load=1.00 rootload=1.00
ramon: poll                 wall=01m04.006s usage=01m03.933s user=01m03.501s sys=00.432s mem=87980KiB roottime=63.500s load=1.00 rootload=1.00
ramon: poll                 wall=01m05.006s usage=01m04.932s user=01m04.501s sys=00.432s mem=87980KiB roottime=64.500s load=1.00 rootload=1.00
ramon: poll                 wall=01m06.006s usage=01m05.932s user=01m05.500s sys=00.432s mem=87980KiB roottime=65.500s load=1.00 rootload=1.00
ramon: poll                 wall=01m07.001s usage=01m06.925s user=01m06.493s sys=00.432s mem=87980KiB roottime=66.490s load=1.00 rootload=1.00
ramon: poll                 wall=01m08.000s usage=01m07.925s user=01m07.493s sys=00.432s mem=87980KiB roottime=67.490s load=1.00 rootload=1.00
ramon: poll                 wall=01m09.013s usage=01m08.937s user=01m08.504s sys=00.433s mem=87980KiB roottime=68.500s load=1.00 rootload=1.00
ramon: poll                 wall=01m10.020s usage=01m09.944s user=01m09.511s sys=00.433s mem=88236KiB roottime=69.510s load=1.00 rootload=1.00
ramon: poll                 wall=01m11.019s usage=01m10.941s user=01m10.506s sys=00.435s mem=88236KiB roottime=70.500s load=1.00 rootload=0.99
ramon: poll                 wall=01m12.006s usage=01m11.929s user=01m11.493s sys=00.436s mem=88236KiB roottime=71.490s load=1.00 rootload=1.00
ramon: poll                 wall=01m13.006s usage=01m12.928s user=01m12.491s sys=00.438s mem=88236KiB roottime=72.490s load=1.00 rootload=1.00
ramon: poll                 wall=01m14.001s usage=01m13.923s user=01m13.485s sys=00.438s mem=88236KiB roottime=73.480s load=1.00 rootload=0.99
ramon: poll                 wall=01m15.009s usage=01m14.930s user=01m14.492s sys=00.438s mem=88492KiB roottime=74.490s load=1.00 rootload=1.00
ramon: poll                 wall=01m16.003s usage=01m15.924s user=01m15.486s sys=00.438s mem=88492KiB roottime=75.480s load=1.00 rootload=1.00
ramon: poll                 wall=01m17.000s usage=01m16.920s user=01m16.483s sys=00.438s mem=88492KiB roottime=76.480s load=1.00 rootload=1.00
ramon: poll                 wall=01m18.000s usage=01m17.918s user=01m17.479s sys=00.439s mem=88492KiB roottime=77.480s load=1.00 rootload=1.00
ramon: poll                 wall=01m19.000s usage=01m18.917s user=01m18.479s sys=00.439s mem=88492KiB roottime=78.480s load=1.00 rootload=1.00
ramon: poll                 wall=01m20.000s usage=01m19.917s user=01m19.478s sys=00.439s mem=88492KiB roottime=79.470s load=1.00 rootload=0.99
ramon: poll                 wall=01m21.000s usage=01m20.915s user=01m20.477s sys=00.439s mem=88780KiB roottime=80.470s load=1.00 rootload=1.00
ramon: poll                 wall=01m22.001s usage=01m21.915s user=01m21.474s sys=00.441s mem=88804KiB roottime=81.470s load=1.00 rootload=1.00
ramon: poll                 wall=01m23.003s usage=01m22.912s user=01m22.469s sys=00.443s mem=88884KiB roottime=82.470s load=1.00 rootload=1.00
ramon: poll                 wall=01m24.000s usage=01m23.907s user=01m23.461s sys=00.446s mem=88992KiB roottime=83.460s load=1.00 rootload=0.99
ramon: poll                 wall=01m25.000s usage=01m24.906s user=01m24.460s sys=00.446s mem=89036KiB roottime=84.460s load=1.00 rootload=1.00
ramon: poll                 wall=01m26.001s usage=01m25.904s user=01m25.459s sys=00.446s mem=89060KiB roottime=85.450s load=1.00 rootload=0.99
ramon: poll                 wall=01m27.002s usage=01m26.904s user=01m26.458s sys=00.446s mem=88844KiB roottime=86.450s load=1.00 rootload=1.00
ramon: poll                 wall=01m28.022s usage=01m27.922s user=01m27.476s sys=00.446s mem=88868KiB roottime=87.470s load=1.00 rootload=1.00
ramon: poll                 wall=01m29.007s usage=01m28.906s user=01m28.460s sys=00.446s mem=89124KiB roottime=88.460s load=1.00 rootload=1.01
ramon: poll                 wall=01m30.003s usage=01m29.901s user=01m29.455s sys=00.447s mem=89124KiB roottime=89.450s load=1.00 rootload=0.99
ramon: poll                 wall=01m31.000s usage=01m30.898s user=01m30.450s sys=00.448s mem=89124KiB roottime=90.450s load=1.00 rootload=1.00
ramon: poll                 wall=01m32.008s usage=01m31.905s user=01m31.457s sys=00.448s mem=89124KiB roottime=91.450s load=1.00 rootload=0.99
ramon: poll                 wall=01m33.004s usage=01m32.899s user=01m32.449s sys=00.450s mem=89204KiB roottime=92.450s load=1.00 rootload=1.00
ramon: poll                 wall=01m34.013s usage=01m33.905s user=01m33.455s sys=00.450s mem=89216KiB roottime=93.450s load=1.00 rootload=0.99
ramon: poll                 wall=01m35.002s usage=01m34.892s user=01m34.441s sys=00.451s mem=89236KiB roottime=94.440s load=1.00 rootload=1.00
ramon: poll                 wall=01m36.017s usage=01m35.905s user=01m35.454s sys=00.451s mem=89336KiB roottime=95.450s load=1.00 rootload=0.99
ramon: poll                 wall=01m37.021s usage=01m36.907s user=01m36.455s sys=00.452s mem=89352KiB roottime=96.450s load=1.00 rootload=1.00
ramon: poll                 wall=01m38.009s usage=01m37.894s user=01m37.441s sys=00.453s mem=89352KiB roottime=97.440s load=1.00 rootload=1.00
ramon: poll                 wall=01m39.016s usage=01m38.901s user=01m38.447s sys=00.454s mem=89352KiB roottime=98.440s load=1.00 rootload=0.99
ramon: poll                 wall=01m40.000s usage=01m39.884s user=01m39.430s sys=00.455s mem=89352KiB roottime=99.430s load=1.00 rootload=1.01
ramon: poll                 wall=01m41.002s usage=01m40.886s user=01m40.431s sys=00.455s mem=89352KiB roottime=100.430s load=1.00 rootload=1.00
ramon: poll                 wall=01m42.000s usage=01m41.884s user=01m41.429s sys=00.455s mem=89352KiB roottime=101.420s load=1.00 rootload=0.99
ramon: poll                 wall=01m43.024s usage=01m42.907s user=01m42.452s sys=00.455s mem=89608KiB roottime=102.450s load=1.00 rootload=1.01
ramon: poll                 wall=01m44.012s usage=01m43.895s user=01m43.440s sys=00.455s mem=89608KiB roottime=103.440s load=1.00 rootload=1.00
ramon: poll                 wall=01m45.007s usage=01m44.888s user=01m44.433s sys=00.455s mem=89608KiB roottime=104.430s load=1.00 rootload=1.00
ramon: poll                 wall=01m46.001s usage=01m45.883s user=01m45.427s sys=00.456s mem=89608KiB roottime=105.420s load=1.00 rootload=1.00
ramon: poll                 wall=01m47.002s usage=01m46.883s user=01m46.427s sys=00.456s mem=89608KiB roottime=106.420s load=1.00 rootload=1.00
ramon: poll                 wall=01m48.000s usage=01m47.880s user=01m47.425s sys=00.456s mem=89608KiB roottime=107.420s load=1.00 rootload=1.00
ramon: poll                 wall=01m49.005s usage=01m48.885s user=01m48.429s sys=00.456s mem=89608KiB roottime=108.420s load=1.00 rootload=1.00
ramon: poll                 wall=01m50.000s usage=01m49.879s user=01m49.423s sys=00.457s mem=89608KiB roottime=109.420s load=1.00 rootload=1.00
ramon: poll                 wall=01m51.000s usage=01m50.879s user=01m50.422s sys=00.457s mem=89608KiB roottime=110.420s load=1.00 rootload=1.00
ramon: poll                 wall=01m52.006s usage=01m51.885s user=01m51.428s sys=00.457s mem=89608KiB roottime=111.420s load=1.00 rootload=0.99
ramon: poll                 wall=01m53.007s usage=01m52.885s user=01m52.428s sys=00.457s mem=89608KiB roottime=112.420s load=1.00 rootload=1.00
ramon: poll                 wall=01m54.007s usage=01m53.884s user=01m53.428s sys=00.457s mem=89608KiB roottime=113.420s load=1.00 rootload=1.00
ramon: poll                 wall=01m55.008s usage=01m54.885s user=01m54.428s sys=00.457s mem=89608KiB roottime=114.420s load=1.00 rootload=1.00
ramon: poll                 wall=01m56.000s usage=01m55.876s user=01m55.420s sys=00.457s mem=89864KiB roottime=115.420s load=1.00 rootload=1.01
ramon: poll                 wall=01m57.002s usage=01m56.877s user=01m56.421s sys=00.457s mem=89864KiB roottime=116.420s load=1.00 rootload=1.00
ramon: poll                 wall=01m58.000s usage=01m57.875s user=01m57.418s sys=00.457s mem=89864KiB roottime=117.410s load=1.00 rootload=0.99
ramon: poll                 wall=01m59.003s usage=01m58.877s user=01m58.421s sys=00.457s mem=89864KiB roottime=118.420s load=1.00 rootload=1.01
ramon: poll                 wall=02m00.003s usage=01m59.876s user=01m59.419s sys=00.458s mem=89864KiB roottime=119.410s load=1.00 rootload=0.99
ramon: poll                 wall=02m01.006s usage=02m00.879s user=02m00.421s sys=00.458s mem=89864KiB roottime=120.420s load=1.00 rootload=1.01
ramon: poll                 wall=02m02.005s usage=02m01.876s user=02m01.418s sys=00.458s mem=89864KiB roottime=121.420s load=1.00 rootload=1.00
ramon: poll                 wall=02m03.009s usage=02m02.879s user=02m02.422s sys=00.458s mem=89864KiB roottime=122.420s load=1.00 rootload=1.00
ramon: poll                 wall=02m04.010s usage=02m03.881s user=02m03.424s sys=00.458s mem=89864KiB roottime=123.420s load=1.00 rootload=1.00
ramon: poll                 wall=02m05.015s usage=02m04.886s user=02m04.427s sys=00.459s mem=89864KiB roottime=124.420s load=1.00 rootload=0.99
ramon: poll                 wall=02m06.010s usage=02m05.880s user=02m05.420s sys=00.460s mem=89864KiB roottime=125.420s load=1.00 rootload=1.01
ramon: poll                 wall=02m07.010s usage=02m06.880s user=02m06.420s sys=00.460s mem=89864KiB roottime=126.420s load=1.00 rootload=1.00
ramon: poll                 wall=02m08.008s usage=02m07.877s user=02m07.417s sys=00.460s mem=89864KiB roottime=127.410s load=1.00 rootload=0.99
ramon: poll                 wall=02m09.014s usage=02m08.883s user=02m08.423s sys=00.460s mem=89864KiB roottime=128.420s load=1.00 rootload=1.00
ramon: poll                 wall=02m10.015s usage=02m09.883s user=02m09.423s sys=00.460s mem=89864KiB roottime=129.420s load=1.00 rootload=1.00
ramon: poll                 wall=02m11.006s usage=02m10.874s user=02m10.413s sys=00.461s mem=89864KiB roottime=130.410s load=1.00 rootload=1.00
ramon: poll                 wall=02m12.000s usage=02m11.865s user=02m11.403s sys=00.462s mem=89848KiB roottime=131.400s load=1.00 rootload=1.00
ramon: poll                 wall=02m13.003s usage=02m12.866s user=02m12.404s sys=00.462s mem=90104KiB roottime=132.400s load=1.00 rootload=1.00
ramon: poll                 wall=02m14.000s usage=02m13.864s user=02m13.402s sys=00.462s mem=90104KiB roottime=133.400s load=1.00 rootload=1.00
ramon: poll                 wall=02m15.000s usage=02m14.863s user=02m14.401s sys=00.463s mem=90104KiB roottime=134.400s load=1.00 rootload=1.00
ramon: poll                 wall=02m16.007s usage=02m15.870s user=02m15.408s sys=00.463s mem=90104KiB roottime=135.400s load=1.00 rootload=0.99
ramon: poll                 wall=02m17.011s usage=02m16.873s user=02m16.410s sys=00.464s mem=90104KiB roottime=136.410s load=1.00 rootload=1.01
ramon: poll                 wall=02m18.014s usage=02m17.875s user=02m17.412s sys=00.464s mem=90104KiB roottime=137.410s load=1.00 rootload=1.00
ramon: poll                 wall=02m19.015s usage=02m18.876s user=02m18.412s sys=00.464s mem=90104KiB roottime=138.410s load=1.00 rootload=1.00
ramon: poll                 wall=02m20.010s usage=02m19.870s user=02m19.407s sys=00.464s mem=90104KiB roottime=139.400s load=1.00 rootload=0.99
ramon: poll                 wall=02m21.003s usage=02m20.862s user=02m20.397s sys=00.465s mem=90104KiB roottime=140.390s load=1.00 rootload=1.00
ramon: poll                 wall=02m22.009s usage=02m21.868s user=02m21.404s sys=00.465s mem=90104KiB roottime=141.400s load=1.00 rootload=1.00
ramon: poll                 wall=02m23.016s usage=02m22.874s user=02m22.408s sys=00.466s mem=90104KiB roottime=142.400s load=1.00 rootload=0.99
ramon: poll                 wall=02m24.007s usage=02m23.864s user=02m23.397s sys=00.468s mem=90104KiB roottime=143.390s load=1.00 rootload=1.00
ramon: poll                 wall=02m25.005s usage=02m24.862s user=02m24.394s sys=00.468s mem=90104KiB roottime=144.390s load=1.00 rootload=1.00
ramon: poll                 wall=02m26.018s usage=02m25.874s user=02m25.407s sys=00.468s mem=90104KiB roottime=145.400s load=1.00 rootload=1.00
ramon: poll                 wall=02m27.009s usage=02m26.865s user=02m26.396s sys=00.469s mem=90104KiB roottime=146.390s load=1.00 rootload=1.00
ramon: poll                 wall=02m28.014s usage=02m27.869s user=02m27.399s sys=00.470s mem=90104KiB roottime=147.390s load=1.00 rootload=1.00
ramon: poll                 wall=02m29.004s usage=02m28.858s user=02m28.387s sys=00.471s mem=90104KiB roottime=148.380s load=1.00 rootload=1.00
ramon: poll                 wall=02m30.000s usage=02m29.853s user=02m29.382s sys=00.471s mem=90104KiB roottime=149.380s load=1.00 rootload=1.00
ramon: poll                 wall=02m31.007s usage=02m30.860s user=02m30.389s sys=00.471s mem=90104KiB roottime=150.380s load=1.00 rootload=0.99
ramon: poll                 wall=02m32.009s usage=02m31.861s user=02m31.390s sys=00.471s mem=90104KiB roottime=151.390s load=1.00 rootload=1.01
ramon: poll                 wall=02m33.025s usage=02m32.876s user=02m32.405s sys=00.471s mem=90360KiB roottime=152.400s load=1.00 rootload=0.99
ramon: poll                 wall=02m34.018s usage=02m33.868s user=02m33.398s sys=00.471s mem=90360KiB roottime=153.390s load=1.00 rootload=1.00
ramon: poll                 wall=02m35.011s usage=02m34.861s user=02m34.389s sys=00.472s mem=90360KiB roottime=154.380s load=1.00 rootload=1.00
ramon: poll                 wall=02m36.000s usage=02m35.849s user=02m35.377s sys=00.472s mem=90360KiB roottime=155.370s load=1.00 rootload=1.00
ramon: poll                 wall=02m37.006s usage=02m36.854s user=02m36.382s sys=00.472s mem=90360KiB roottime=156.380s load=1.00 rootload=1.00
ramon: poll                 wall=02m38.015s usage=02m37.862s user=02m37.389s sys=00.473s mem=90360KiB roottime=157.390s load=1.00 rootload=1.00
ramon: poll                 wall=02m39.009s usage=02m38.856s user=02m38.383s sys=00.473s mem=90360KiB roottime=158.380s load=1.00 rootload=1.00
ramon: poll                 wall=02m40.008s usage=02m39.854s user=02m39.382s sys=00.473s mem=90360KiB roottime=159.380s load=1.00 rootload=1.00
ramon: poll                 wall=02m41.004s usage=02m40.850s user=02m40.376s sys=00.474s mem=90360KiB roottime=160.370s load=1.00 rootload=0.99
ramon: poll                 wall=02m42.011s usage=02m41.856s user=02m41.381s sys=00.475s mem=90360KiB roottime=161.380s load=1.00 rootload=1.00
ramon: poll                 wall=02m43.011s usage=02m42.855s user=02m42.381s sys=00.475s mem=90360KiB roottime=162.380s load=1.00 rootload=1.00
ramon: poll                 wall=02m44.004s usage=02m43.848s user=02m43.373s sys=00.475s mem=90360KiB roottime=163.370s load=1.00 rootload=1.00
ramon: poll                 wall=02m45.007s usage=02m44.850s user=02m44.375s sys=00.475s mem=90360KiB roottime=164.370s load=1.00 rootload=1.00
ramon: poll                 wall=02m46.011s usage=02m45.854s user=02m45.379s sys=00.475s mem=90360KiB roottime=165.370s load=1.00 rootload=1.00
ramon: poll                 wall=02m47.008s usage=02m46.850s user=02m46.375s sys=00.475s mem=90360KiB roottime=166.370s load=1.00 rootload=1.00
ramon: poll                 wall=02m48.003s usage=02m47.844s user=02m47.370s sys=00.475s mem=90360KiB roottime=167.370s load=1.00 rootload=1.01
ramon: poll                 wall=02m49.009s usage=02m48.849s user=02m48.373s sys=00.476s mem=90628KiB roottime=168.370s load=1.00 rootload=0.99
ramon: poll                 wall=02m50.013s usage=02m49.851s user=02m49.375s sys=00.476s mem=90380KiB roottime=169.370s load=1.00 rootload=1.00
ramon: poll                 wall=02m51.011s usage=02m50.846s user=02m50.371s sys=00.476s mem=90656KiB roottime=170.370s load=1.00 rootload=1.00
ramon: poll                 wall=02m52.008s usage=02m51.841s user=02m51.365s sys=00.477s mem=90676KiB roottime=171.360s load=1.00 rootload=0.99
ramon: poll                 wall=02m53.008s usage=02m52.840s user=02m52.364s sys=00.477s mem=90676KiB roottime=172.360s load=1.00 rootload=1.00
ramon: poll                 wall=02m54.009s usage=02m53.841s user=02m53.364s sys=00.477s mem=90676KiB roottime=173.360s load=1.00 rootload=1.00
ramon: poll                 wall=02m55.004s usage=02m54.835s user=02m54.358s sys=00.477s mem=90676KiB roottime=174.360s load=1.00 rootload=1.00
ramon: poll                 wall=02m56.014s usage=02m55.843s user=02m55.366s sys=00.477s mem=90708KiB roottime=175.360s load=1.00 rootload=0.99
ramon: poll                 wall=02m57.010s usage=02m56.838s user=02m56.362s sys=00.477s mem=90708KiB roottime=176.360s load=1.00 rootload=1.00
ramon: poll                 wall=02m58.011s usage=02m57.838s user=02m57.361s sys=00.477s mem=90708KiB roottime=177.360s load=1.00 rootload=1.00
ramon: poll                 wall=02m59.016s usage=02m58.843s user=02m58.366s sys=00.477s mem=90708KiB roottime=178.360s load=1.00 rootload=0.99
ramon: poll                 wall=03m00.001s usage=02m59.827s user=02m59.351s sys=00.477s mem=90708KiB roottime=179.350s load=1.00 rootload=1.01
ramon: poll                 wall=03m01.000s usage=03m00.826s user=03m00.349s sys=00.477s mem=90708KiB roottime=180.350s load=1.00 rootload=1.00
ramon: poll                 wall=03m02.000s usage=03m01.825s user=03m01.348s sys=00.477s mem=90708KiB roottime=181.340s load=1.00 rootload=0.99
ramon: poll                 wall=03m03.000s usage=03m02.824s user=03m02.347s sys=00.478s mem=90708KiB roottime=182.340s load=1.00 rootload=1.00
ramon: poll                 wall=03m04.000s usage=03m03.824s user=03m03.346s sys=00.479s mem=90708KiB roottime=183.340s load=1.00 rootload=1.00
ramon: poll                 wall=03m05.012s usage=03m04.836s user=03m04.357s sys=00.479s mem=90708KiB roottime=184.350s load=1.00 rootload=1.00
ramon: poll                 wall=03m06.000s usage=03m05.823s user=03m05.344s sys=00.479s mem=90708KiB roottime=185.340s load=1.00 rootload=1.00
ramon: poll                 wall=03m07.009s usage=03m06.832s user=03m06.353s sys=00.479s mem=90708KiB roottime=186.350s load=1.00 rootload=1.00
ramon: poll                 wall=03m08.004s usage=03m07.826s user=03m07.345s sys=00.482s mem=90708KiB roottime=187.340s load=1.00 rootload=1.00
ramon: poll                 wall=03m09.011s usage=03m08.833s user=03m08.350s sys=00.483s mem=90708KiB roottime=188.350s load=1.00 rootload=1.00
ramon: poll                 wall=03m10.014s usage=03m09.835s user=03m09.351s sys=00.485s mem=90708KiB roottime=189.350s load=1.00 rootload=1.00
ramon: poll                 wall=03m11.002s usage=03m10.822s user=03m10.337s sys=00.485s mem=90708KiB roottime=190.330s load=1.00 rootload=0.99
ramon: poll                 wall=03m12.001s usage=03m11.820s user=03m11.334s sys=00.486s mem=90964KiB roottime=191.330s load=1.00 rootload=1.00
ramon: poll                 wall=03m13.001s usage=03m12.820s user=03m12.335s sys=00.486s mem=90964KiB roottime=192.330s load=1.00 rootload=1.00
ramon: poll                 wall=03m14.005s usage=03m13.823s user=03m13.334s sys=00.489s mem=90964KiB roottime=193.330s load=1.00 rootload=1.00
ramon: poll                 wall=03m15.000s usage=03m14.818s user=03m14.329s sys=00.489s mem=90964KiB roottime=194.330s load=1.00 rootload=1.00
ramon: poll                 wall=03m16.000s usage=03m15.817s user=03m15.329s sys=00.489s mem=90964KiB roottime=195.320s load=1.00 rootload=0.99
ramon: poll                 wall=03m17.001s usage=03m16.817s user=03m16.325s sys=00.492s mem=91220KiB roottime=196.320s load=1.00 rootload=1.00
ramon: poll                 wall=03m18.008s usage=03m17.822s user=03m17.330s sys=00.492s mem=91016KiB roottime=197.330s load=1.00 rootload=1.00
ramon: poll                 wall=03m19.002s usage=03m18.813s user=03m18.321s sys=00.492s mem=91020KiB roottime=198.320s load=1.00 rootload=1.00
ramon: poll                 wall=03m20.000s usage=03m19.811s user=03m19.319s sys=00.492s mem=91276KiB roottime=199.310s load=1.00 rootload=0.99
ramon: poll                 wall=03m21.001s usage=03m20.809s user=03m20.317s sys=00.492s mem=91024KiB roottime=200.310s load=1.00 rootload=1.00
ramon: poll                 wall=03m22.004s usage=03m21.811s user=03m21.319s sys=00.492s mem=91024KiB roottime=201.320s load=1.00 rootload=1.01
ramon: poll                 wall=03m23.000s usage=03m22.806s user=03m22.315s sys=00.492s mem=91024KiB roottime=202.310s load=1.00 rootload=0.99
ramon: poll                 wall=03m24.000s usage=03m23.805s user=03m23.314s sys=00.492s mem=91024KiB roottime=203.310s load=1.00 rootload=1.00
ramon: poll                 wall=03m25.000s usage=03m24.805s user=03m24.313s sys=00.492s mem=91024KiB roottime=204.310s load=1.00 rootload=1.00
ramon: poll                 wall=03m26.001s usage=03m25.805s user=03m25.313s sys=00.492s mem=91024KiB roottime=205.310s load=1.00 rootload=1.00
ramon: poll                 wall=03m27.001s usage=03m26.804s user=03m26.312s sys=00.492s mem=91024KiB roottime=206.310s load=1.00 rootload=1.00
ramon: poll                 wall=03m28.001s usage=03m27.803s user=03m27.311s sys=00.492s mem=91024KiB roottime=207.310s load=1.00 rootload=1.00
ramon: poll                 wall=03m29.001s usage=03m28.801s user=03m28.309s sys=00.492s mem=91024KiB roottime=208.310s load=1.00 rootload=1.00
ramon: poll                 wall=03m30.000s usage=03m29.800s user=03m29.309s sys=00.492s mem=91024KiB roottime=209.300s load=1.00 rootload=0.99
ramon: poll                 wall=03m31.018s usage=03m30.818s user=03m30.326s sys=00.492s mem=91280KiB roottime=210.320s load=1.00 rootload=1.00
ramon: poll                 wall=03m32.007s usage=03m31.806s user=03m31.314s sys=00.493s mem=91280KiB roottime=211.310s load=1.00 rootload=1.00
ramon: poll                 wall=03m33.014s usage=03m32.813s user=03m32.320s sys=00.493s mem=91280KiB roottime=212.320s load=1.00 rootload=1.00
ramon: poll                 wall=03m34.006s usage=03m33.804s user=03m33.311s sys=00.493s mem=91280KiB roottime=213.310s load=1.00 rootload=1.00
ramon: poll                 wall=03m35.011s usage=03m34.808s user=03m34.316s sys=00.493s mem=91280KiB roottime=214.310s load=1.00 rootload=0.99
ramon: poll                 wall=03m36.001s usage=03m35.797s user=03m35.301s sys=00.496s mem=91280KiB roottime=215.300s load=1.00 rootload=1.00
ramon: poll                 wall=03m37.010s usage=03m36.806s user=03m36.311s sys=00.496s mem=91280KiB roottime=216.310s load=1.00 rootload=1.00
ramon: poll                 wall=03m38.001s usage=03m37.797s user=03m37.301s sys=00.496s mem=91280KiB roottime=217.300s load=1.00 rootload=1.00
ramon: poll                 wall=03m39.007s usage=03m38.801s user=03m38.303s sys=00.498s mem=91536KiB roottime=218.300s load=1.00 rootload=0.99
ramon: poll                 wall=03m40.006s usage=03m39.800s user=03m39.302s sys=00.499s mem=91536KiB roottime=219.300s load=1.00 rootload=1.00
ramon: poll                 wall=03m41.000s usage=03m40.794s user=03m40.294s sys=00.500s mem=91536KiB roottime=220.290s load=1.00 rootload=1.00
ramon: poll                 wall=03m42.002s usage=03m41.794s user=03m41.293s sys=00.502s mem=91536KiB roottime=221.290s load=1.00 rootload=1.00
ramon: poll                 wall=03m43.001s usage=03m42.791s user=03m42.290s sys=00.502s mem=91648KiB roottime=222.290s load=1.00 rootload=1.00
ramon: poll                 wall=03m44.001s usage=03m43.789s user=03m43.288s sys=00.502s mem=91664KiB roottime=223.280s load=1.00 rootload=0.99
ramon: poll                 wall=03m45.009s usage=03m44.797s user=03m44.294s sys=00.503s mem=91664KiB roottime=224.290s load=1.00 rootload=1.00
ramon: poll                 wall=03m46.000s usage=03m45.787s user=03m45.281s sys=00.506s mem=91664KiB roottime=225.280s load=1.00 rootload=1.00
ramon: poll                 wall=03m47.000s usage=03m46.787s user=03m46.280s sys=00.507s mem=91664KiB roottime=226.280s load=1.00 rootload=1.00
ramon: poll                 wall=03m48.000s usage=03m47.786s user=03m47.276s sys=00.510s mem=91664KiB roottime=227.270s load=1.00 rootload=0.99
ramon: poll                 wall=03m49.004s usage=03m48.789s user=03m48.279s sys=00.510s mem=91664KiB roottime=228.280s load=1.00 rootload=1.01
ramon: poll                 wall=03m50.015s usage=03m49.800s user=03m49.288s sys=00.512s mem=91664KiB roottime=229.280s load=1.00 rootload=0.99
ramon: poll                 wall=03m51.003s usage=03m50.787s user=03m50.276s sys=00.512s mem=91664KiB roottime=230.270s load=1.00 rootload=1.00
ramon: poll                 wall=03m52.000s usage=03m51.784s user=03m51.271s sys=00.513s mem=91920KiB roottime=231.270s load=1.00 rootload=1.00
ramon: poll                 wall=03m53.000s usage=03m52.784s user=03m52.270s sys=00.514s mem=92176KiB roottime=232.270s load=1.00 rootload=1.00
ramon: poll                 wall=03m54.004s usage=03m53.786s user=03m53.272s sys=00.514s mem=92176KiB roottime=233.270s load=1.00 rootload=1.00
ramon: poll                 wall=03m55.000s usage=03m54.781s user=03m54.267s sys=00.514s mem=92176KiB roottime=234.260s load=1.00 rootload=0.99
ramon: poll                 wall=03m56.000s usage=03m55.780s user=03m55.266s sys=00.515s mem=92176KiB roottime=235.260s load=1.00 rootload=1.00
ramon: poll                 wall=03m57.014s usage=03m56.794s user=03m56.278s sys=00.516s mem=92176KiB roottime=236.270s load=1.00 rootload=1.00
ramon: poll                 wall=03m58.004s usage=03m57.783s user=03m57.266s sys=00.517s mem=92176KiB roottime=237.260s load=1.00 rootload=1.00
ramon: poll                 wall=03m59.008s usage=03m58.786s user=03m58.268s sys=00.518s mem=92432KiB roottime=238.260s load=1.00 rootload=1.00
ramon: poll                 wall=04m00.005s usage=03m59.782s user=03m59.262s sys=00.520s mem=92432KiB roottime=239.260s load=1.00 rootload=1.00
ramon: poll                 wall=04m01.004s usage=04m00.780s user=04m00.260s sys=00.521s mem=92432KiB roottime=240.260s load=1.00 rootload=1.00
ramon: poll                 wall=04m02.009s usage=04m01.784s user=04m01.261s sys=00.524s mem=92432KiB roottime=241.260s load=1.00 rootload=1.00
ramon: poll                 wall=04m03.000s usage=04m02.774s user=04m02.251s sys=00.524s mem=92432KiB roottime=242.250s load=1.00 rootload=1.00
ramon: poll                 wall=04m04.017s usage=04m03.791s user=04m03.266s sys=00.525s mem=92432KiB roottime=243.260s load=1.00 rootload=0.99
ramon: poll                 wall=04m05.008s usage=04m04.781s user=04m04.256s sys=00.525s mem=92432KiB roottime=244.250s load=1.00 rootload=1.00
ramon: poll                 wall=04m06.013s usage=04m05.785s user=04m05.259s sys=00.526s mem=92688KiB roottime=245.250s load=1.00 rootload=1.00
ramon: poll                 wall=04m07.012s usage=04m06.783s user=04m06.256s sys=00.527s mem=92688KiB roottime=246.250s load=1.00 rootload=1.00
ramon: poll                 wall=04m08.017s usage=04m07.789s user=04m07.262s sys=00.527s mem=92688KiB roottime=247.260s load=1.00 rootload=1.00
ramon: poll                 wall=04m09.005s usage=04m08.775s user=04m08.247s sys=00.528s mem=92688KiB roottime=248.240s load=1.00 rootload=0.99
ramon: poll                 wall=04m10.003s usage=04m09.772s user=04m09.244s sys=00.528s mem=92944KiB roottime=249.240s load=1.00 rootload=1.00
ramon: poll                 wall=04m11.005s usage=04m10.773s user=04m10.246s sys=00.528s mem=92944KiB roottime=250.240s load=1.00 rootload=1.00
ramon: poll                 wall=04m12.000s usage=04m11.768s user=04m11.240s sys=00.528s mem=92944KiB roottime=251.240s load=1.00 rootload=1.00
ramon: poll                 wall=04m13.002s usage=04m12.769s user=04m12.241s sys=00.528s mem=92944KiB roottime=252.240s load=1.00 rootload=1.00
ramon: poll                 wall=04m14.002s usage=04m13.768s user=04m13.241s sys=00.528s mem=92944KiB roottime=253.240s load=1.00 rootload=1.00
ramon: poll                 wall=04m15.006s usage=04m14.770s user=04m14.242s sys=00.528s mem=92732KiB roottime=254.240s load=1.00 rootload=1.00
ramon: poll                 wall=04m16.015s usage=04m15.776s user=04m15.249s sys=00.528s mem=92732KiB roottime=255.250s load=1.00 rootload=1.00
ramon: poll                 wall=04m17.004s usage=04m16.764s user=04m16.237s sys=00.528s mem=92988KiB roottime=256.230s load=1.00 rootload=0.99
ramon: poll                 wall=04m18.000s usage=04m17.761s user=04m17.233s sys=00.528s mem=92988KiB roottime=257.230s load=1.00 rootload=1.00
ramon: poll                 wall=04m19.010s usage=04m18.770s user=04m18.243s sys=00.528s mem=92988KiB roottime=258.240s load=1.00 rootload=1.00
ramon: poll                 wall=04m20.000s usage=04m19.760s user=04m19.231s sys=00.529s mem=92988KiB roottime=259.230s load=1.00 rootload=1.00
ramon: poll                 wall=04m21.000s usage=04m20.759s user=04m20.231s sys=00.529s mem=92988KiB roottime=260.230s load=1.00 rootload=1.00
ramon: poll                 wall=04m22.000s usage=04m21.759s user=04m21.229s sys=00.530s mem=92988KiB roottime=261.230s load=1.00 rootload=1.00
ramon: poll                 wall=04m23.007s usage=04m22.765s user=04m22.234s sys=00.531s mem=92988KiB roottime=262.230s load=1.00 rootload=0.99
ramon: poll                 wall=04m24.007s usage=04m23.764s user=04m23.233s sys=00.532s mem=92988KiB roottime=263.230s load=1.00 rootload=1.00
ramon: poll                 wall=04m25.000s usage=04m24.755s user=04m24.223s sys=00.532s mem=93124KiB roottime=264.220s load=1.00 rootload=1.00
ramon: poll                 wall=04m26.006s usage=04m25.758s user=04m25.225s sys=00.533s mem=92888KiB roottime=265.220s load=1.00 rootload=0.99
ramon: poll                 wall=04m27.000s usage=04m26.749s user=04m26.216s sys=00.534s mem=93168KiB roottime=266.210s load=1.00 rootload=1.00
ramon: poll                 wall=04m28.003s usage=04m27.750s user=04m27.216s sys=00.534s mem=93184KiB roottime=267.210s load=1.00 rootload=1.00
ramon: poll                 wall=04m29.005s usage=04m28.750s user=04m28.217s sys=00.534s mem=93204KiB roottime=268.210s load=1.00 rootload=1.00
ramon: poll                 wall=04m30.000s usage=04m29.744s user=04m29.210s sys=00.534s mem=93204KiB roottime=269.210s load=1.00 rootload=1.01
ramon: poll                 wall=04m31.003s usage=04m30.746s user=04m30.210s sys=00.536s mem=93204KiB roottime=270.210s load=1.00 rootload=1.00
ramon: poll                 wall=04m32.003s usage=04m31.745s user=04m31.208s sys=00.537s mem=93204KiB roottime=271.200s load=1.00 rootload=0.99
ramon: poll                 wall=04m33.000s usage=04m32.741s user=04m32.204s sys=00.537s mem=93204KiB roottime=272.200s load=1.00 rootload=1.00
ramon: poll                 wall=04m34.000s usage=04m33.740s user=04m33.203s sys=00.538s mem=93204KiB roottime=273.200s load=1.00 rootload=1.00
ramon: poll                 wall=04m35.000s usage=04m34.740s user=04m34.202s sys=00.538s mem=93204KiB roottime=274.200s load=1.00 rootload=1.00
ramon: poll                 wall=04m36.000s usage=04m35.739s user=04m35.201s sys=00.538s mem=93204KiB roottime=275.200s load=1.00 rootload=1.00
ramon: poll                 wall=04m37.000s usage=04m36.738s user=04m36.201s sys=00.538s mem=93204KiB roottime=276.200s load=1.00 rootload=1.00
ramon: poll                 wall=04m38.001s usage=04m37.739s user=04m37.201s sys=00.538s mem=93204KiB roottime=277.200s load=1.00 rootload=1.00
ramon: poll                 wall=04m39.000s usage=04m38.737s user=04m38.199s sys=00.538s mem=93204KiB roottime=278.200s load=1.00 rootload=1.00
ramon: poll                 wall=04m40.003s usage=04m39.739s user=04m39.201s sys=00.538s mem=93204KiB roottime=279.200s load=1.00 rootload=1.00
ramon: poll                 wall=04m41.004s usage=04m40.739s user=04m40.202s sys=00.538s mem=93204KiB roottime=280.200s load=1.00 rootload=1.00
ramon: poll                 wall=04m42.004s usage=04m41.738s user=04m41.201s sys=00.538s mem=93204KiB roottime=281.200s load=1.00 rootload=1.00
ramon: poll                 wall=04m43.007s usage=04m42.741s user=04m42.203s sys=00.538s mem=93204KiB roottime=282.200s load=1.00 rootload=1.00
ramon: poll                 wall=04m44.000s usage=04m43.733s user=04m43.195s sys=00.538s mem=93204KiB roottime=283.190s load=1.00 rootload=1.00
ramon: poll                 wall=04m45.000s usage=04m44.730s user=04m44.193s sys=00.538s mem=93176KiB roottime=284.190s load=1.00 rootload=1.00
ramon: poll                 wall=04m46.008s usage=04m45.737s user=04m45.199s sys=00.538s mem=93432KiB roottime=285.200s load=1.00 rootload=1.00
ramon: poll                 wall=04m47.003s usage=04m46.729s user=04m46.192s sys=00.538s mem=93180KiB roottime=286.190s load=1.00 rootload=0.99
ramon: poll                 wall=04m48.004s usage=04m47.728s user=04m47.190s sys=00.538s mem=93180KiB roottime=287.190s load=1.00 rootload=1.00
ramon: poll                 wall=04m49.003s usage=04m48.725s user=04m48.186s sys=00.539s mem=93444KiB roottime=288.180s load=1.00 rootload=0.99
ramon: poll                 wall=04m50.004s usage=04m49.723s user=04m49.184s sys=00.539s mem=93192KiB roottime=289.180s load=1.00 rootload=1.00
ramon: poll                 wall=04m51.000s usage=04m50.717s user=04m50.178s sys=00.539s mem=93448KiB roottime=290.170s load=1.00 rootload=0.99
ramon: poll                 wall=04m52.000s usage=04m51.715s user=04m51.176s sys=00.539s mem=93196KiB roottime=291.170s load=1.00 rootload=1.00
ramon: poll                 wall=04m53.002s usage=04m52.714s user=04m52.176s sys=00.539s mem=93200KiB roottime=292.170s load=1.00 rootload=1.00
ramon: poll                 wall=04m54.004s usage=04m53.714s user=04m53.175s sys=00.539s mem=93200KiB roottime=293.170s load=1.00 rootload=1.00
ramon: poll                 wall=04m55.003s usage=04m54.710s user=04m54.172s sys=00.539s mem=93200KiB roottime=294.170s load=1.00 rootload=1.00
ramon: poll                 wall=04m56.008s usage=04m55.714s user=04m55.175s sys=00.539s mem=93456KiB roottime=295.170s load=1.00 rootload=1.00
ramon: poll                 wall=04m57.002s usage=04m56.705s user=04m56.167s sys=00.539s mem=93468KiB roottime=296.160s load=1.00 rootload=1.00
ramon: poll                 wall=04m58.004s usage=04m57.706s user=04m57.167s sys=00.539s mem=93220KiB roottime=297.160s load=1.00 rootload=1.00
ramon: poll                 wall=04m59.006s usage=04m58.706s user=04m58.168s sys=00.539s mem=93476KiB roottime=298.160s load=1.00 rootload=1.00
ramon: poll                 wall=05m00.000s usage=04m59.701s user=04m59.162s sys=00.539s mem=93476KiB roottime=299.160s load=1.00 rootload=1.01
ramon: poll                 wall=05m01.000s usage=05m00.706s user=05m00.167s sys=00.539s mem=93476KiB roottime=300.160s load=1.01 rootload=1.00
ramon: poll                 wall=05m02.006s usage=05m01.705s user=05m01.165s sys=00.540s mem=93476KiB roottime=301.160s load=0.99 rootload=0.99
ramon: poll                 wall=05m03.001s usage=05m02.698s user=05m02.159s sys=00.540s mem=93476KiB roottime=302.150s load=1.00 rootload=1.00
ramon: poll                 wall=05m04.001s usage=05m03.699s user=05m03.157s sys=00.542s mem=93476KiB roottime=303.150s load=1.00 rootload=1.00
ramon: poll                 wall=05m05.004s usage=05m04.701s user=05m04.159s sys=00.542s mem=93476KiB roottime=304.150s load=1.00 rootload=1.00
ramon: poll                 wall=05m06.000s usage=05m05.696s user=05m05.153s sys=00.543s mem=93476KiB roottime=305.150s load=1.00 rootload=1.00
ramon: poll                 wall=05m07.002s usage=05m06.697s user=05m06.153s sys=00.544s mem=93476KiB roottime=306.150s load=1.00 rootload=1.00
ramon: poll                 wall=05m08.000s usage=05m07.695s user=05m07.151s sys=00.544s mem=93476KiB roottime=307.150s load=1.00 rootload=1.00
ramon: poll                 wall=05m09.002s usage=05m08.695s user=05m08.150s sys=00.545s mem=93476KiB roottime=308.150s load=1.00 rootload=1.00
ramon: poll                 wall=05m10.000s usage=05m09.693s user=05m09.148s sys=00.545s mem=93476KiB roottime=309.140s load=1.00 rootload=0.99
ramon: poll                 wall=05m11.001s usage=05m10.691s user=05m10.147s sys=00.545s mem=93476KiB roottime=310.140s load=1.00 rootload=1.00
ramon: poll                 wall=05m12.001s usage=05m11.692s user=05m11.148s sys=00.545s mem=93476KiB roottime=311.140s load=1.00 rootload=1.00
ramon: poll                 wall=05m13.000s usage=05m12.691s user=05m12.145s sys=00.546s mem=93476KiB roottime=312.150s load=1.00 rootload=1.01
ramon: poll                 wall=05m14.008s usage=05m13.698s user=05m13.151s sys=00.547s mem=93476KiB roottime=313.150s load=1.00 rootload=0.99
ramon: poll                 wall=05m15.007s usage=05m14.696s user=05m14.148s sys=00.549s mem=93476KiB roottime=314.140s load=1.00 rootload=0.99
ramon: poll                 wall=05m16.001s usage=05m15.690s user=05m15.141s sys=00.549s mem=93476KiB roottime=315.140s load=1.00 rootload=1.01
ramon: poll                 wall=05m17.003s usage=05m16.691s user=05m16.143s sys=00.549s mem=93476KiB roottime=316.140s load=1.00 rootload=1.00
ramon: poll                 wall=05m18.003s usage=05m17.691s user=05m17.142s sys=00.549s mem=93476KiB roottime=317.140s load=1.00 rootload=1.00
ramon: poll                 wall=05m19.008s usage=05m18.695s user=05m18.147s sys=00.549s mem=93476KiB roottime=318.140s load=1.00 rootload=1.00
ramon: poll                 wall=05m20.003s usage=05m19.690s user=05m19.141s sys=00.549s mem=93476KiB roottime=319.140s load=1.00 rootload=1.00
ramon: poll                 wall=05m21.004s usage=05m20.690s user=05m20.141s sys=00.549s mem=93476KiB roottime=320.140s load=1.00 rootload=1.00
ramon: poll                 wall=05m22.007s usage=05m21.691s user=05m21.143s sys=00.549s mem=93476KiB roottime=321.140s load=1.00 rootload=1.00
ramon: poll                 wall=05m23.001s usage=05m22.685s user=05m22.136s sys=00.549s mem=93476KiB roottime=322.130s load=1.00 rootload=1.00
ramon: poll                 wall=05m24.001s usage=05m23.685s user=05m23.137s sys=00.549s mem=93476KiB roottime=323.130s load=1.00 rootload=1.00
ramon: poll                 wall=05m25.000s usage=05m24.684s user=05m24.135s sys=00.549s mem=93476KiB roottime=324.130s load=1.00 rootload=1.00
ramon: poll                 wall=05m26.000s usage=05m25.683s user=05m25.134s sys=00.550s mem=93476KiB roottime=325.130s load=1.00 rootload=1.00
ramon: poll                 wall=05m27.003s usage=05m26.686s user=05m26.136s sys=00.550s mem=93476KiB roottime=326.130s load=1.00 rootload=1.00
ramon: poll                 wall=05m28.000s usage=05m27.682s user=05m27.132s sys=00.550s mem=93476KiB roottime=327.130s load=1.00 rootload=1.00
ramon: poll                 wall=05m29.000s usage=05m28.682s user=05m28.132s sys=00.550s mem=93476KiB roottime=328.130s load=1.00 rootload=1.00
ramon: poll                 wall=05m30.001s usage=05m29.682s user=05m29.132s sys=00.550s mem=93476KiB roottime=329.130s load=1.00 rootload=1.00
ramon: poll                 wall=05m31.003s usage=05m30.683s user=05m30.133s sys=00.550s mem=93476KiB roottime=330.130s load=1.00 rootload=1.00
ramon: poll                 wall=05m32.000s usage=05m31.680s user=05m31.130s sys=00.550s mem=93476KiB roottime=331.130s load=1.00 rootload=1.00
ramon: poll                 wall=05m33.000s usage=05m32.679s user=05m32.129s sys=00.551s mem=93476KiB roottime=332.120s load=1.00 rootload=0.99
ramon: poll                 wall=05m34.001s usage=05m33.680s user=05m33.129s sys=00.551s mem=93476KiB roottime=333.120s load=1.00 rootload=1.00
ramon: poll                 wall=05m35.004s usage=05m34.681s user=05m34.131s sys=00.551s mem=93476KiB roottime=334.130s load=1.00 rootload=1.01
ramon: poll                 wall=05m36.004s usage=05m35.681s user=05m35.130s sys=00.551s mem=93476KiB roottime=335.130s load=1.00 rootload=1.00
ramon: poll                 wall=05m37.000s usage=05m36.677s user=05m36.127s sys=00.551s mem=93476KiB roottime=336.120s load=1.00 rootload=0.99
ramon: poll                 wall=05m38.010s usage=05m37.687s user=05m37.135s sys=00.552s mem=93476KiB roottime=337.130s load=1.00 rootload=1.00
ramon: poll                 wall=05m39.007s usage=05m38.684s user=05m38.131s sys=00.553s mem=93476KiB roottime=338.130s load=1.00 rootload=1.00
ramon: poll                 wall=05m40.007s usage=05m39.683s user=05m39.130s sys=00.553s mem=93476KiB roottime=339.130s load=1.00 rootload=1.00
ramon: poll                 wall=05m41.007s usage=05m40.683s user=05m40.130s sys=00.553s mem=93476KiB roottime=340.130s load=1.00 rootload=1.00
ramon: poll                 wall=05m42.008s usage=05m41.682s user=05m41.130s sys=00.553s mem=93476KiB roottime=341.130s load=1.00 rootload=1.00
ramon: poll                 wall=05m43.008s usage=05m42.683s user=05m42.130s sys=00.553s mem=93476KiB roottime=342.130s load=1.00 rootload=1.00
ramon: poll                 wall=05m44.006s usage=05m43.681s user=05m43.128s sys=00.553s mem=93476KiB roottime=343.120s load=1.00 rootload=0.99
ramon: poll                 wall=05m45.006s usage=05m44.677s user=05m44.125s sys=00.553s mem=93720KiB roottime=344.120s load=1.00 rootload=1.00
ramon: poll                 wall=05m46.004s usage=05m45.675s user=05m45.121s sys=00.554s mem=93720KiB roottime=345.120s load=1.00 rootload=1.00
ramon: poll                 wall=05m47.005s usage=05m46.675s user=05m46.121s sys=00.555s mem=93720KiB roottime=346.120s load=1.00 rootload=1.00
ramon: poll                 wall=05m48.006s usage=05m47.676s user=05m47.120s sys=00.556s mem=93720KiB roottime=347.120s load=1.00 rootload=1.00
ramon: poll                 wall=05m49.005s usage=05m48.674s user=05m48.117s sys=00.557s mem=93720KiB roottime=348.110s load=1.00 rootload=0.99
ramon: poll                 wall=05m50.000s usage=05m49.668s user=05m49.111s sys=00.558s mem=93720KiB roottime=349.110s load=1.00 rootload=1.00
ramon: poll                 wall=05m51.004s usage=05m50.672s user=05m50.114s sys=00.558s mem=93720KiB roottime=350.110s load=1.00 rootload=1.00
ramon: poll                 wall=05m52.001s usage=05m51.667s user=05m51.110s sys=00.558s mem=93720KiB roottime=351.110s load=1.00 rootload=1.00
ramon: poll                 wall=05m53.002s usage=05m52.667s user=05m52.109s sys=00.558s mem=93720KiB roottime=352.110s load=1.00 rootload=1.00
ramon: poll                 wall=05m54.000s usage=05m53.665s user=05m53.108s sys=00.558s mem=93720KiB roottime=353.100s load=1.00 rootload=0.99
ramon: poll                 wall=05m55.000s usage=05m54.664s user=05m54.107s sys=00.558s mem=93720KiB roottime=354.100s load=1.00 rootload=1.00
ramon: poll                 wall=05m56.002s usage=05m55.665s user=05m55.107s sys=00.558s mem=93720KiB roottime=355.100s load=1.00 rootload=1.00
ramon: poll                 wall=05m57.005s usage=05m56.666s user=05m56.108s sys=00.558s mem=93720KiB roottime=356.100s load=1.00 rootload=1.00
ramon: poll                 wall=05m58.003s usage=05m57.663s user=05m57.105s sys=00.558s mem=93720KiB roottime=357.100s load=1.00 rootload=1.00
ramon: poll                 wall=05m59.012s usage=05m58.669s user=05m58.111s sys=00.558s mem=93568KiB roottime=358.110s load=1.00 rootload=1.00
ramon: poll                 wall=06m00.007s usage=05m59.661s user=05m59.104s sys=00.558s mem=93828KiB roottime=359.100s load=1.00 rootload=1.00
ramon: poll                 wall=06m01.006s usage=06m00.658s user=06m00.100s sys=00.558s mem=93576KiB roottime=360.100s load=1.00 rootload=1.00
ramon: poll                 wall=06m02.011s usage=06m01.662s user=06m01.104s sys=00.558s mem=93832KiB roottime=361.100s load=1.00 rootload=0.99
ramon: poll                 wall=06m03.005s usage=06m02.654s user=06m02.096s sys=00.558s mem=93588KiB roottime=362.090s load=1.00 rootload=1.00
ramon: poll                 wall=06m04.009s usage=06m03.657s user=06m03.099s sys=00.558s mem=93588KiB roottime=363.100s load=1.00 rootload=1.01
ramon: poll                 wall=06m05.000s usage=06m04.647s user=06m04.090s sys=00.558s mem=93588KiB roottime=364.090s load=1.00 rootload=1.00
ramon: poll                 wall=06m06.000s usage=06m05.647s user=06m05.089s sys=00.558s mem=93588KiB roottime=365.090s load=1.00 rootload=1.00
ramon: poll                 wall=06m07.001s usage=06m06.647s user=06m06.088s sys=00.559s mem=93844KiB roottime=366.080s load=1.00 rootload=0.99
ramon: poll                 wall=06m08.002s usage=06m07.648s user=06m07.089s sys=00.559s mem=93844KiB roottime=367.080s load=1.00 rootload=1.00
ramon: poll                 wall=06m09.002s usage=06m08.646s user=06m08.088s sys=00.559s mem=93844KiB roottime=368.080s load=1.00 rootload=1.00
ramon: poll                 wall=06m10.025s usage=06m09.670s user=06m09.110s sys=00.560s mem=93844KiB roottime=369.110s load=1.00 rootload=1.01
ramon: poll                 wall=06m11.007s usage=06m10.651s user=06m10.091s sys=00.560s mem=93844KiB roottime=370.090s load=1.00 rootload=1.00
ramon: poll                 wall=06m12.015s usage=06m11.658s user=06m11.099s sys=00.560s mem=93844KiB roottime=371.090s load=1.00 rootload=0.99
ramon: poll                 wall=06m13.025s usage=06m12.668s user=06m12.108s sys=00.560s mem=93844KiB roottime=372.100s load=1.00 rootload=1.00
ramon: poll                 wall=06m14.011s usage=06m13.653s user=06m13.094s sys=00.560s mem=93844KiB roottime=373.090s load=1.00 rootload=1.00
ramon: poll                 wall=06m15.007s usage=06m14.649s user=06m14.089s sys=00.560s mem=93844KiB roottime=374.080s load=1.00 rootload=0.99
ramon: poll                 wall=06m16.020s usage=06m15.661s user=06m15.101s sys=00.560s mem=93844KiB roottime=375.100s load=1.00 rootload=1.01
ramon: poll                 wall=06m17.018s usage=06m16.658s user=06m16.098s sys=00.561s mem=93844KiB roottime=376.090s load=1.00 rootload=0.99
ramon: poll                 wall=06m18.003s usage=06m17.643s user=06m17.082s sys=00.561s mem=93844KiB roottime=377.080s load=1.00 rootload=1.01
ramon: poll                 wall=06m19.002s usage=06m18.641s user=06m18.079s sys=00.562s mem=93844KiB roottime=378.080s load=1.00 rootload=1.00
ramon: poll                 wall=06m20.000s usage=06m19.638s user=06m19.077s sys=00.562s mem=93844KiB roottime=379.070s load=1.00 rootload=0.99
ramon: poll                 wall=06m21.002s usage=06m20.640s user=06m20.078s sys=00.562s mem=93844KiB roottime=380.070s load=1.00 rootload=1.00
ramon: poll                 wall=06m22.003s usage=06m21.639s user=06m21.078s sys=00.562s mem=93844KiB roottime=381.070s load=1.00 rootload=1.00
ramon: poll                 wall=06m23.000s usage=06m22.637s user=06m22.075s sys=00.562s mem=93844KiB roottime=382.070s load=1.00 rootload=1.00
ramon: poll                 wall=06m24.002s usage=06m23.638s user=06m23.077s sys=00.562s mem=93844KiB roottime=383.070s load=1.00 rootload=1.00
ramon: poll                 wall=06m25.028s usage=06m24.664s user=06m24.102s sys=00.562s mem=93844KiB roottime=384.100s load=1.00 rootload=1.00
ramon: poll                 wall=06m26.007s usage=06m25.641s user=06m25.080s sys=00.562s mem=93844KiB roottime=385.080s load=1.00 rootload=1.00
ramon: poll                 wall=06m27.005s usage=06m26.639s user=06m26.077s sys=00.562s mem=93844KiB roottime=386.070s load=1.00 rootload=0.99
ramon: poll                 wall=06m28.001s usage=06m27.634s user=06m27.070s sys=00.564s mem=94100KiB roottime=387.070s load=1.00 rootload=1.00
ramon: poll                 wall=06m29.006s usage=06m28.640s user=06m28.075s sys=00.565s mem=94100KiB roottime=388.070s load=1.00 rootload=0.99
ramon: poll                 wall=06m30.002s usage=06m29.634s user=06m29.069s sys=00.565s mem=94100KiB roottime=389.070s load=1.00 rootload=1.00
ramon: poll                 wall=06m31.000s usage=06m30.632s user=06m30.067s sys=00.566s mem=94100KiB roottime=390.060s load=1.00 rootload=0.99
ramon: poll                 wall=06m32.001s usage=06m31.632s user=06m31.067s sys=00.566s mem=94100KiB roottime=391.060s load=1.00 rootload=1.00
ramon: poll                 wall=06m33.003s usage=06m32.634s user=06m32.068s sys=00.566s mem=94100KiB roottime=392.060s load=1.00 rootload=1.00
ramon: poll                 wall=06m34.003s usage=06m33.633s user=06m33.067s sys=00.566s mem=94100KiB roottime=393.060s load=1.00 rootload=1.00
ramon: poll                 wall=06m35.003s usage=06m34.632s user=06m34.067s sys=00.566s mem=94100KiB roottime=394.060s load=1.00 rootload=1.00
ramon: poll                 wall=06m36.000s usage=06m35.629s user=06m35.063s sys=00.566s mem=94100KiB roottime=395.060s load=1.00 rootload=1.00
ramon: poll                 wall=06m37.003s usage=06m36.630s user=06m36.065s sys=00.566s mem=94100KiB roottime=396.060s load=1.00 rootload=1.00
ramon: poll                 wall=06m38.000s usage=06m37.628s user=06m37.061s sys=00.567s mem=94100KiB roottime=397.060s load=1.00 rootload=1.00
ramon: poll                 wall=06m39.000s usage=06m38.627s user=06m38.061s sys=00.567s mem=94100KiB roottime=398.060s load=1.00 rootload=1.00
ramon: poll                 wall=06m40.011s usage=06m39.638s user=06m39.066s sys=00.572s mem=94612KiB roottime=399.060s load=1.00 rootload=0.99
ramon: poll                 wall=06m41.001s usage=06m40.627s user=06m40.055s sys=00.572s mem=94612KiB roottime=400.050s load=1.00 rootload=1.00
ramon: poll                 wall=06m42.033s usage=06m41.658s user=06m41.086s sys=00.572s mem=94612KiB roottime=401.080s load=1.00 rootload=1.00
ramon: poll                 wall=06m43.007s usage=06m42.631s user=06m42.060s sys=00.572s mem=94612KiB roottime=402.060s load=1.00 rootload=1.01
ramon: poll                 wall=06m44.007s usage=06m43.630s user=06m43.059s sys=00.572s mem=94612KiB roottime=403.050s load=1.00 rootload=0.99
ramon: poll                 wall=06m45.013s usage=06m44.635s user=06m44.063s sys=00.572s mem=94612KiB roottime=404.060s load=1.00 rootload=1.00
ramon: poll                 wall=06m46.000s usage=06m45.622s user=06m45.050s sys=00.572s mem=94612KiB roottime=405.050s load=1.00 rootload=1.00
ramon: poll                 wall=06m47.005s usage=06m46.626s user=06m46.055s sys=00.572s mem=94612KiB roottime=406.050s load=1.00 rootload=1.00
ramon: poll                 wall=06m48.002s usage=06m47.623s user=06m47.051s sys=00.572s mem=94612KiB roottime=407.050s load=1.00 rootload=1.00
ramon: poll                 wall=06m49.002s usage=06m48.623s user=06m48.051s sys=00.572s mem=94612KiB roottime=408.050s load=1.00 rootload=1.00
ramon: poll                 wall=06m50.001s usage=06m49.621s user=06m49.050s sys=00.572s mem=94612KiB roottime=409.050s load=1.00 rootload=1.00
ramon: poll                 wall=06m51.000s usage=06m50.620s user=06m50.048s sys=00.572s mem=94612KiB roottime=410.040s load=1.00 rootload=0.99
ramon: poll                 wall=06m52.000s usage=06m51.619s user=06m51.048s sys=00.572s mem=94612KiB roottime=411.040s load=1.00 rootload=1.00
ramon: poll                 wall=06m53.001s usage=06m52.620s user=06m52.048s sys=00.572s mem=94612KiB roottime=412.040s load=1.00 rootload=1.00
ramon: poll                 wall=06m54.001s usage=06m53.619s user=06m53.047s sys=00.572s mem=94612KiB roottime=413.040s load=1.00 rootload=1.00
ramon: poll                 wall=06m55.002s usage=06m54.618s user=06m54.047s sys=00.572s mem=94612KiB roottime=414.040s load=1.00 rootload=1.00
ramon: poll                 wall=06m56.005s usage=06m55.621s user=06m55.050s sys=00.572s mem=94612KiB roottime=415.050s load=1.00 rootload=1.01
ramon: poll                 wall=06m57.003s usage=06m56.620s user=06m56.048s sys=00.572s mem=94612KiB roottime=416.040s load=1.00 rootload=0.99
ramon: poll                 wall=06m58.007s usage=06m57.623s user=06m57.051s sys=00.572s mem=94612KiB roottime=417.050s load=1.00 rootload=1.01
ramon: poll                 wall=06m59.004s usage=06m58.619s user=06m58.048s sys=00.572s mem=94612KiB roottime=418.040s load=1.00 rootload=0.99
ramon: poll                 wall=07m00.000s usage=06m59.615s user=06m59.043s sys=00.572s mem=94612KiB roottime=419.040s load=1.00 rootload=1.00
ramon: poll                 wall=07m01.008s usage=07m00.621s user=07m00.050s sys=00.572s mem=94612KiB roottime=420.050s load=1.00 rootload=1.00
ramon: poll                 wall=07m02.002s usage=07m01.616s user=07m01.044s sys=00.572s mem=94612KiB roottime=421.040s load=1.00 rootload=1.00
ramon: poll                 wall=07m03.000s usage=07m02.613s user=07m02.041s sys=00.572s mem=94612KiB roottime=422.040s load=1.00 rootload=1.00
ramon: poll                 wall=07m04.002s usage=07m03.614s user=07m03.042s sys=00.572s mem=94612KiB roottime=423.040s load=1.00 rootload=1.00
ramon: poll                 wall=07m05.004s usage=07m04.616s user=07m04.044s sys=00.572s mem=94612KiB roottime=424.040s load=1.00 rootload=1.00
ramon: poll                 wall=07m06.007s usage=07m05.618s user=07m05.046s sys=00.572s mem=94612KiB roottime=425.040s load=1.00 rootload=1.00
ramon: poll                 wall=07m07.042s usage=07m06.653s user=07m06.081s sys=00.572s mem=94612KiB roottime=426.080s load=1.00 rootload=1.00
ramon: poll                 wall=07m08.005s usage=07m07.614s user=07m07.043s sys=00.572s mem=94612KiB roottime=427.040s load=1.00 rootload=1.00
ramon: poll                 wall=07m09.000s usage=07m08.610s user=07m08.037s sys=00.573s mem=94612KiB roottime=428.030s load=1.00 rootload=0.99
ramon: poll                 wall=07m10.013s usage=07m09.622s user=07m09.049s sys=00.573s mem=94612KiB roottime=429.050s load=1.00 rootload=1.01
ramon: poll                 wall=07m11.001s usage=07m10.608s user=07m10.035s sys=00.574s mem=94612KiB roottime=430.030s load=1.00 rootload=0.99
ramon: poll                 wall=07m12.007s usage=07m11.615s user=07m11.041s sys=00.574s mem=94612KiB roottime=431.040s load=1.00 rootload=1.00
ramon: poll                 wall=07m13.010s usage=07m12.617s user=07m12.043s sys=00.574s mem=94612KiB roottime=432.040s load=1.00 rootload=1.00
ramon: poll                 wall=07m14.013s usage=07m13.620s user=07m13.046s sys=00.574s mem=94612KiB roottime=433.040s load=1.00 rootload=1.00
ramon: poll                 wall=07m15.006s usage=07m14.612s user=07m14.039s sys=00.574s mem=94612KiB roottime=434.030s load=1.00 rootload=1.00
ramon: poll                 wall=07m16.010s usage=07m15.616s user=07m15.042s sys=00.574s mem=94612KiB roottime=435.040s load=1.00 rootload=1.01
ramon: poll                 wall=07m17.006s usage=07m16.611s user=07m16.038s sys=00.574s mem=94612KiB roottime=436.030s load=1.00 rootload=0.99
ramon: poll                 wall=07m18.005s usage=07m17.610s user=07m17.036s sys=00.574s mem=94612KiB roottime=437.030s load=1.00 rootload=1.00
ramon: poll                 wall=07m19.000s usage=07m18.604s user=07m18.031s sys=00.574s mem=94612KiB roottime=438.030s load=1.00 rootload=1.00
ramon: poll                 wall=07m20.000s usage=07m19.604s user=07m19.031s sys=00.574s mem=94612KiB roottime=439.030s load=1.00 rootload=1.00
ramon: poll                 wall=07m21.000s usage=07m20.604s user=07m20.030s sys=00.574s mem=94612KiB roottime=440.030s load=1.00 rootload=1.00
ramon: poll                 wall=07m22.002s usage=07m21.606s user=07m21.031s sys=00.575s mem=94612KiB roottime=441.030s load=1.00 rootload=1.00
ramon: poll                 wall=07m23.000s usage=07m22.603s user=07m22.027s sys=00.576s mem=94612KiB roottime=442.020s load=1.00 rootload=0.99
ramon: poll                 wall=07m24.000s usage=07m23.602s user=07m23.027s sys=00.576s mem=94612KiB roottime=443.020s load=1.00 rootload=1.00
ramon: poll                 wall=07m25.004s usage=07m24.606s user=07m24.031s sys=00.576s mem=94612KiB roottime=444.030s load=1.00 rootload=1.01
ramon: poll                 wall=07m26.000s usage=07m25.602s user=07m25.026s sys=00.576s mem=94612KiB roottime=445.020s load=1.00 rootload=0.99
ramon: poll                 wall=07m27.000s usage=07m26.601s user=07m26.026s sys=00.576s mem=94612KiB roottime=446.020s load=1.00 rootload=1.00
ramon: poll                 wall=07m28.000s usage=07m27.601s user=07m27.024s sys=00.577s mem=94612KiB roottime=447.020s load=1.00 rootload=1.00
ramon: poll                 wall=07m29.000s usage=07m28.600s user=07m28.024s sys=00.577s mem=94612KiB roottime=448.020s load=1.00 rootload=1.00
ramon: poll                 wall=07m30.004s usage=07m29.604s user=07m29.027s sys=00.577s mem=94612KiB roottime=449.020s load=1.00 rootload=1.00
ramon: poll                 wall=07m31.010s usage=07m30.609s user=07m30.033s sys=00.577s mem=94612KiB roottime=450.030s load=1.00 rootload=1.00
ramon: poll                 wall=07m32.004s usage=07m31.603s user=07m31.026s sys=00.577s mem=94612KiB roottime=451.020s load=1.00 rootload=1.00
ramon: poll                 wall=07m33.001s usage=07m32.598s user=07m32.022s sys=00.577s mem=94612KiB roottime=452.020s load=1.00 rootload=1.00
ramon: poll                 wall=07m34.018s usage=07m33.614s user=07m33.038s sys=00.577s mem=94612KiB roottime=453.030s load=1.00 rootload=0.99
ramon: poll                 wall=07m35.002s usage=07m34.599s user=07m34.021s sys=00.578s mem=94612KiB roottime=454.020s load=1.00 rootload=1.01
ramon: poll                 wall=07m36.001s usage=07m35.597s user=07m35.020s sys=00.578s mem=94612KiB roottime=455.020s load=1.00 rootload=1.00
ramon: poll                 wall=07m37.008s usage=07m36.604s user=07m36.026s sys=00.578s mem=94612KiB roottime=456.020s load=1.00 rootload=0.99
ramon: poll                 wall=07m38.009s usage=07m37.605s user=07m37.027s sys=00.578s mem=94612KiB roottime=457.020s load=1.00 rootload=1.00
ramon: poll                 wall=07m39.002s usage=07m38.597s user=07m38.020s sys=00.578s mem=94612KiB roottime=458.020s load=1.00 rootload=1.01
ramon: poll                 wall=07m40.005s usage=07m39.600s user=07m39.022s sys=00.578s mem=94612KiB roottime=459.020s load=1.00 rootload=1.00
ramon: poll                 wall=07m41.001s usage=07m40.595s user=07m40.017s sys=00.579s mem=94612KiB roottime=460.010s load=1.00 rootload=0.99
ramon: poll                 wall=07m42.004s usage=07m41.598s user=07m41.019s sys=00.579s mem=94612KiB roottime=461.010s load=1.00 rootload=1.00
ramon: poll                 wall=07m43.000s usage=07m42.593s user=07m42.015s sys=00.579s mem=94612KiB roottime=462.010s load=1.00 rootload=1.00
ramon: poll                 wall=07m44.000s usage=07m43.593s user=07m43.014s sys=00.579s mem=94612KiB roottime=463.010s load=1.00 rootload=1.00
ramon: poll                 wall=07m45.000s usage=07m44.592s user=07m44.014s sys=00.579s mem=94612KiB roottime=464.010s load=1.00 rootload=1.00
ramon: poll                 wall=07m46.005s usage=07m45.597s user=07m45.019s sys=00.579s mem=94868KiB roottime=465.010s load=1.00 rootload=0.99
ramon: poll                 wall=07m47.001s usage=07m46.593s user=07m46.014s sys=00.579s mem=94868KiB roottime=466.010s load=1.00 rootload=1.00
ramon: poll                 wall=07m48.006s usage=07m47.597s user=07m47.019s sys=00.579s mem=94868KiB roottime=467.010s load=1.00 rootload=0.99
ramon: poll                 wall=07m49.005s usage=07m48.594s user=07m48.014s sys=00.581s mem=94908KiB roottime=468.010s load=1.00 rootload=1.00
ramon: poll                 wall=07m50.004s usage=07m49.592s user=07m49.011s sys=00.581s mem=94932KiB roottime=469.010s load=1.00 rootload=1.00
ramon: poll                 wall=07m51.004s usage=07m50.590s user=07m50.009s sys=00.581s mem=94680KiB roottime=470.000s load=1.00 rootload=0.99
ramon: poll                 wall=07m52.004s usage=07m51.587s user=07m51.007s sys=00.581s mem=94940KiB roottime=471.000s load=1.00 rootload=1.00
ramon: poll                 wall=07m53.004s usage=07m52.585s user=07m52.005s sys=00.581s mem=94692KiB roottime=472.000s load=1.00 rootload=1.00
ramon: poll                 wall=07m54.005s usage=07m53.584s user=07m53.003s sys=00.581s mem=94948KiB roottime=473.000s load=1.00 rootload=1.00
ramon: poll                 wall=07m55.004s usage=07m54.582s user=07m54.002s sys=00.581s mem=94948KiB roottime=474.000s load=1.00 rootload=1.00
ramon: poll                 wall=07m56.008s usage=07m55.586s user=07m55.005s sys=00.581s mem=94948KiB roottime=475.000s load=1.00 rootload=1.00
ramon: poll                 wall=07m57.011s usage=07m56.588s user=07m56.008s sys=00.581s mem=94948KiB roottime=476.000s load=1.00 rootload=1.00
ramon: poll                 wall=07m58.008s usage=07m57.585s user=07m57.003s sys=00.582s mem=94948KiB roottime=477.000s load=1.00 rootload=1.00
ramon: poll                 wall=07m59.000s usage=07m58.576s user=07m57.994s sys=00.583s mem=94948KiB roottime=477.990s load=1.00 rootload=1.00
ramon: poll                 wall=08m00.008s usage=07m59.584s user=07m59.001s sys=00.583s mem=94948KiB roottime=479.000s load=1.00 rootload=1.00
ramon: poll                 wall=08m01.004s usage=08m00.578s user=07m59.995s sys=00.583s mem=95084KiB roottime=479.990s load=1.00 rootload=0.99
ramon: poll                 wall=08m02.002s usage=08m01.575s user=08m00.991s sys=00.584s mem=95084KiB roottime=480.990s load=1.00 rootload=1.00
ramon: poll                 wall=08m03.000s usage=08m02.573s user=08m01.988s sys=00.585s mem=95084KiB roottime=481.990s load=1.00 rootload=1.00
ramon: poll                 wall=08m04.000s usage=08m03.572s user=08m02.988s sys=00.585s mem=95084KiB roottime=482.980s load=1.00 rootload=0.99
ramon: poll                 wall=08m05.000s usage=08m04.572s user=08m03.987s sys=00.585s mem=95084KiB roottime=483.980s load=1.00 rootload=1.00
ramon: poll                 wall=08m06.000s usage=08m05.572s user=08m04.987s sys=00.585s mem=95084KiB roottime=484.980s load=1.00 rootload=1.00
ramon: poll                 wall=08m07.000s usage=08m06.572s user=08m05.987s sys=00.585s mem=95084KiB roottime=485.980s load=1.00 rootload=1.00
ramon: poll                 wall=08m08.000s usage=08m07.571s user=08m06.987s sys=00.585s mem=95084KiB roottime=486.980s load=1.00 rootload=1.00
ramon: poll                 wall=08m09.000s usage=08m08.571s user=08m07.986s sys=00.585s mem=95084KiB roottime=487.980s load=1.00 rootload=1.00
ramon: poll                 wall=08m10.000s usage=08m09.571s user=08m08.986s sys=00.585s mem=95084KiB roottime=488.980s load=1.00 rootload=1.00
ramon: poll                 wall=08m11.000s usage=08m10.571s user=08m09.986s sys=00.585s mem=95084KiB roottime=489.980s load=1.00 rootload=1.00
ramon: poll                 wall=08m12.000s usage=08m11.571s user=08m10.986s sys=00.585s mem=95084KiB roottime=490.980s load=1.00 rootload=1.00
ramon: poll                 wall=08m13.000s usage=08m12.571s user=08m11.987s sys=00.585s mem=95084KiB roottime=491.980s load=1.00 rootload=1.00
ramon: poll                 wall=08m14.000s usage=08m13.570s user=08m12.985s sys=00.585s mem=95084KiB roottime=492.980s load=1.00 rootload=1.00
ramon: poll                 wall=08m15.000s usage=08m14.570s user=08m13.985s sys=00.585s mem=95084KiB roottime=493.980s load=1.00 rootload=1.00
ramon: poll                 wall=08m16.000s usage=08m15.570s user=08m14.985s sys=00.585s mem=95084KiB roottime=494.980s load=1.00 rootload=1.00
ramon: poll                 wall=08m17.000s usage=08m16.569s user=08m15.985s sys=00.585s mem=95084KiB roottime=495.980s load=1.00 rootload=1.00
ramon: poll                 wall=08m18.000s usage=08m17.569s user=08m16.985s sys=00.585s mem=95084KiB roottime=496.980s load=1.00 rootload=1.00
ramon: poll                 wall=08m19.000s usage=08m18.569s user=08m17.984s sys=00.585s mem=95084KiB roottime=497.980s load=1.00 rootload=1.00
ramon: poll                 wall=08m20.000s usage=08m19.569s user=08m18.984s sys=00.585s mem=95084KiB roottime=498.980s load=1.00 rootload=1.00
ramon: poll                 wall=08m21.000s usage=08m20.568s user=08m19.983s sys=00.586s mem=95084KiB roottime=499.980s load=1.00 rootload=1.00
ramon: poll                 wall=08m22.000s usage=08m21.568s user=08m20.983s sys=00.586s mem=95084KiB roottime=500.980s load=1.00 rootload=1.00
ramon: poll                 wall=08m23.000s usage=08m22.568s user=08m21.982s sys=00.586s mem=95084KiB roottime=501.980s load=1.00 rootload=1.00
ramon: poll                 wall=08m24.000s usage=08m23.567s user=08m22.980s sys=00.588s mem=95084KiB roottime=502.980s load=1.00 rootload=1.00
ramon: poll                 wall=08m25.000s usage=08m24.567s user=08m23.979s sys=00.588s mem=95084KiB roottime=503.980s load=1.00 rootload=1.00
ramon: poll                 wall=08m26.000s usage=08m25.567s user=08m24.979s sys=00.588s mem=95084KiB roottime=504.980s load=1.00 rootload=1.00
ramon: poll                 wall=08m27.000s usage=08m26.566s user=08m25.978s sys=00.589s mem=95084KiB roottime=505.970s load=1.00 rootload=0.99
ramon: poll                 wall=08m28.000s usage=08m27.566s user=08m26.976s sys=00.591s mem=95084KiB roottime=506.970s load=1.00 rootload=1.00
ramon: poll                 wall=08m29.000s usage=08m28.566s user=08m27.975s sys=00.591s mem=95084KiB roottime=507.970s load=1.00 rootload=1.00
ramon: poll                 wall=08m30.000s usage=08m29.566s user=08m28.974s sys=00.592s mem=95340KiB roottime=508.970s load=1.00 rootload=1.00
ramon: poll                 wall=08m31.000s usage=08m30.565s user=08m29.974s sys=00.592s mem=95340KiB roottime=509.970s load=1.00 rootload=1.00
ramon: poll                 wall=08m32.000s usage=08m31.565s user=08m30.971s sys=00.594s mem=95340KiB roottime=510.970s load=1.00 rootload=1.00
ramon: poll                 wall=08m33.000s usage=08m32.565s user=08m31.971s sys=00.594s mem=95340KiB roottime=511.970s load=1.00 rootload=1.00
ramon: poll                 wall=08m34.000s usage=08m33.564s user=08m32.971s sys=00.594s mem=95340KiB roottime=512.970s load=1.00 rootload=1.00
ramon: poll                 wall=08m35.000s usage=08m34.564s user=08m33.969s sys=00.595s mem=95340KiB roottime=513.970s load=1.00 rootload=1.00
ramon: poll                 wall=08m36.000s usage=08m35.564s user=08m34.969s sys=00.595s mem=95340KiB roottime=514.970s load=1.00 rootload=1.00
ramon: poll                 wall=08m37.000s usage=08m36.564s user=08m35.968s sys=00.596s mem=95340KiB roottime=515.960s load=1.00 rootload=0.99
ramon: poll                 wall=08m38.000s usage=08m37.563s user=08m36.967s sys=00.597s mem=95340KiB roottime=516.960s load=1.00 rootload=1.00
ramon: poll                 wall=08m39.000s usage=08m38.563s user=08m37.966s sys=00.597s mem=95340KiB roottime=517.960s load=1.00 rootload=1.00
ramon: poll                 wall=08m40.000s usage=08m39.563s user=08m38.966s sys=00.597s mem=95340KiB roottime=518.960s load=1.00 rootload=1.00
ramon: poll                 wall=08m41.000s usage=08m40.563s user=08m39.965s sys=00.598s mem=95340KiB roottime=519.960s load=1.00 rootload=1.00
ramon: poll                 wall=08m42.000s usage=08m41.563s user=08m40.964s sys=00.599s mem=95340KiB roottime=520.960s load=1.00 rootload=1.00
ramon: poll                 wall=08m43.000s usage=08m42.563s user=08m41.964s sys=00.599s mem=95596KiB roottime=521.960s load=1.00 rootload=1.00
ramon: poll                 wall=08m44.000s usage=08m43.562s user=08m42.964s sys=00.599s mem=95596KiB roottime=522.960s load=1.00 rootload=1.00
ramon: poll                 wall=08m45.000s usage=08m44.562s user=08m43.963s sys=00.599s mem=95780KiB roottime=523.960s load=1.00 rootload=1.00
ramon: poll                 wall=08m46.000s usage=08m45.561s user=08m44.961s sys=00.601s mem=95780KiB roottime=524.960s load=1.00 rootload=1.00
ramon: poll                 wall=08m47.000s usage=08m46.561s user=08m45.961s sys=00.601s mem=95588KiB roottime=525.960s load=1.00 rootload=1.00
ramon: poll                 wall=08m48.000s usage=08m47.561s user=08m46.959s sys=00.603s mem=95844KiB roottime=526.960s load=1.00 rootload=1.00
ramon: poll                 wall=08m49.000s usage=08m48.561s user=08m47.957s sys=00.604s mem=95844KiB roottime=527.950s load=1.00 rootload=0.99
ramon: poll                 wall=08m50.000s usage=08m49.561s user=08m48.957s sys=00.604s mem=95844KiB roottime=528.950s load=1.00 rootload=1.00
ramon: poll                 wall=08m51.000s usage=08m50.561s user=08m49.957s sys=00.604s mem=95844KiB roottime=529.950s load=1.00 rootload=1.00
ramon: poll                 wall=08m52.000s usage=08m51.561s user=08m50.957s sys=00.604s mem=95844KiB roottime=530.950s load=1.00 rootload=1.00
ramon: poll                 wall=08m53.000s usage=08m52.560s user=08m51.957s sys=00.604s mem=95844KiB roottime=531.950s load=1.00 rootload=1.00
ramon: poll                 wall=08m54.000s usage=08m53.560s user=08m52.957s sys=00.604s mem=95844KiB roottime=532.950s load=1.00 rootload=1.00
ramon: poll                 wall=08m55.000s usage=08m54.560s user=08m53.956s sys=00.604s mem=95844KiB roottime=533.950s load=1.00 rootload=1.00
ramon: poll                 wall=08m56.000s usage=08m55.560s user=08m54.956s sys=00.604s mem=95844KiB roottime=534.950s load=1.00 rootload=1.00
ramon: poll                 wall=08m57.000s usage=08m56.560s user=08m55.955s sys=00.605s mem=95844KiB roottime=535.950s load=1.00 rootload=1.00
ramon: poll                 wall=08m58.000s usage=08m57.560s user=08m56.954s sys=00.606s mem=96100KiB roottime=536.950s load=1.00 rootload=1.00
ramon: poll                 wall=08m59.000s usage=08m58.559s user=08m57.953s sys=00.607s mem=96100KiB roottime=537.950s load=1.00 rootload=1.00
ramon: poll                 wall=09m00.000s usage=08m59.559s user=08m58.953s sys=00.607s mem=96100KiB roottime=538.950s load=1.00 rootload=1.00
ramon: poll                 wall=09m01.000s usage=09m00.559s user=08m59.953s sys=00.607s mem=96100KiB roottime=539.950s load=1.00 rootload=1.00
ramon: poll                 wall=09m02.000s usage=09m01.559s user=09m00.950s sys=00.610s mem=96356KiB roottime=540.950s load=1.00 rootload=1.00
ramon: poll                 wall=09m03.000s usage=09m02.558s user=09m01.948s sys=00.610s mem=96540KiB roottime=541.940s load=1.00 rootload=0.99
ramon: poll                 wall=09m04.000s usage=09m03.558s user=09m02.948s sys=00.610s mem=96540KiB roottime=542.940s load=1.00 rootload=1.00
ramon: poll                 wall=09m05.000s usage=09m04.558s user=09m03.948s sys=00.610s mem=96540KiB roottime=543.940s load=1.00 rootload=1.00
ramon: poll                 wall=09m06.000s usage=09m05.557s user=09m04.948s sys=00.610s mem=96540KiB roottime=544.940s load=1.00 rootload=1.00
ramon: poll                 wall=09m07.000s usage=09m06.557s user=09m05.948s sys=00.610s mem=96540KiB roottime=545.940s load=1.00 rootload=1.00
ramon: poll                 wall=09m08.000s usage=09m07.557s user=09m06.947s sys=00.610s mem=96540KiB roottime=546.940s load=1.00 rootload=1.00
ramon: poll                 wall=09m09.000s usage=09m08.556s user=09m07.947s sys=00.610s mem=96540KiB roottime=547.940s load=1.00 rootload=1.00
ramon: poll                 wall=09m10.000s usage=09m09.556s user=09m08.947s sys=00.610s mem=96540KiB roottime=548.940s load=1.00 rootload=1.00
ramon: poll                 wall=09m11.000s usage=09m10.556s user=09m09.946s sys=00.611s mem=96540KiB roottime=549.940s load=1.00 rootload=1.00
ramon: poll                 wall=09m12.000s usage=09m11.556s user=09m10.946s sys=00.611s mem=96540KiB roottime=550.940s load=1.00 rootload=1.00
ramon: poll                 wall=09m13.000s usage=09m12.556s user=09m11.944s sys=00.612s mem=96540KiB roottime=551.940s load=1.00 rootload=1.00
ramon: poll                 wall=09m14.000s usage=09m13.556s user=09m12.944s sys=00.612s mem=96540KiB roottime=552.940s load=1.00 rootload=1.00
ramon: poll                 wall=09m15.000s usage=09m14.556s user=09m13.944s sys=00.612s mem=96540KiB roottime=553.940s load=1.00 rootload=1.00
ramon: poll                 wall=09m16.000s usage=09m15.556s user=09m14.944s sys=00.612s mem=96540KiB roottime=554.940s load=1.00 rootload=1.00
ramon: poll                 wall=09m17.000s usage=09m16.555s user=09m15.944s sys=00.612s mem=96540KiB roottime=555.940s load=1.00 rootload=1.00
ramon: poll                 wall=09m18.000s usage=09m17.555s user=09m16.944s sys=00.612s mem=96540KiB roottime=556.940s load=1.00 rootload=1.00
ramon: poll                 wall=09m19.000s usage=09m18.555s user=09m17.943s sys=00.612s mem=96540KiB roottime=557.940s load=1.00 rootload=1.00
ramon: poll                 wall=09m20.000s usage=09m19.555s user=09m18.943s sys=00.612s mem=96540KiB roottime=558.940s load=1.00 rootload=1.00
ramon: poll                 wall=09m21.000s usage=09m20.555s user=09m19.942s sys=00.613s mem=96796KiB roottime=559.940s load=1.00 rootload=1.00
ramon: poll                 wall=09m22.000s usage=09m21.555s user=09m20.942s sys=00.613s mem=96796KiB roottime=560.940s load=1.00 rootload=1.00
ramon: poll                 wall=09m23.000s usage=09m22.555s user=09m21.942s sys=00.613s mem=96796KiB roottime=561.940s load=1.00 rootload=1.00
ramon: poll                 wall=09m24.000s usage=09m23.554s user=09m22.942s sys=00.613s mem=96796KiB roottime=562.940s load=1.00 rootload=1.00
ramon: poll                 wall=09m25.000s usage=09m24.554s user=09m23.942s sys=00.613s mem=96796KiB roottime=563.940s load=1.00 rootload=1.00
ramon: poll                 wall=09m26.000s usage=09m25.554s user=09m24.941s sys=00.613s mem=96796KiB roottime=564.940s load=1.00 rootload=1.00
ramon: poll                 wall=09m27.000s usage=09m26.554s user=09m25.941s sys=00.613s mem=96796KiB roottime=565.940s load=1.00 rootload=1.00
ramon: poll                 wall=09m28.000s usage=09m27.553s user=09m26.941s sys=00.613s mem=96796KiB roottime=566.940s load=1.00 rootload=1.00
ramon: poll                 wall=09m29.000s usage=09m28.553s user=09m27.940s sys=00.613s mem=96796KiB roottime=567.940s load=1.00 rootload=1.00
ramon: poll                 wall=09m30.000s usage=09m29.553s user=09m28.940s sys=00.613s mem=96796KiB roottime=568.940s load=1.00 rootload=1.00
ramon: poll                 wall=09m31.000s usage=09m30.553s user=09m29.940s sys=00.613s mem=96796KiB roottime=569.940s load=1.00 rootload=1.00
ramon: poll                 wall=09m32.000s usage=09m31.552s user=09m30.940s sys=00.613s mem=96796KiB roottime=570.940s load=1.00 rootload=1.00
ramon: poll                 wall=09m33.000s usage=09m32.552s user=09m31.939s sys=00.613s mem=96796KiB roottime=571.940s load=1.00 rootload=1.00
ramon: poll                 wall=09m34.000s usage=09m33.552s user=09m32.939s sys=00.613s mem=96796KiB roottime=572.930s load=1.00 rootload=0.99
ramon: poll                 wall=09m35.000s usage=09m34.552s user=09m33.939s sys=00.613s mem=96796KiB roottime=573.930s load=1.00 rootload=1.00
ramon: poll                 wall=09m36.000s usage=09m35.551s user=09m34.939s sys=00.613s mem=96796KiB roottime=574.930s load=1.00 rootload=1.00
ramon: poll                 wall=09m37.000s usage=09m36.551s user=09m35.939s sys=00.613s mem=96796KiB roottime=575.930s load=1.00 rootload=1.00
ramon: poll                 wall=09m38.000s usage=09m37.551s user=09m36.938s sys=00.614s mem=96796KiB roottime=576.930s load=1.00 rootload=1.00
ramon: poll                 wall=09m39.000s usage=09m38.551s user=09m37.938s sys=00.614s mem=97052KiB roottime=577.930s load=1.00 rootload=1.00
ramon: poll                 wall=09m40.000s usage=09m39.551s user=09m38.936s sys=00.615s mem=97052KiB roottime=578.930s load=1.00 rootload=1.00
ramon: poll                 wall=09m41.000s usage=09m40.551s user=09m39.935s sys=00.616s mem=97052KiB roottime=579.930s load=1.00 rootload=1.00
ramon: poll                 wall=09m42.000s usage=09m41.551s user=09m40.934s sys=00.617s mem=97052KiB roottime=580.930s load=1.00 rootload=1.00
ramon: poll                 wall=09m43.000s usage=09m42.551s user=09m41.933s sys=00.618s mem=97052KiB roottime=581.930s load=1.00 rootload=1.00
ramon: poll                 wall=09m44.000s usage=09m43.550s user=09m42.932s sys=00.618s mem=97308KiB roottime=582.930s load=1.00 rootload=1.00
ramon: poll                 wall=09m45.000s usage=09m44.550s user=09m43.932s sys=00.618s mem=97308KiB roottime=583.930s load=1.00 rootload=1.00
ramon: poll                 wall=09m46.000s usage=09m45.549s user=09m44.931s sys=00.619s mem=97308KiB roottime=584.930s load=1.00 rootload=1.00
ramon: poll                 wall=09m47.000s usage=09m46.549s user=09m45.930s sys=00.619s mem=97308KiB roottime=585.930s load=1.00 rootload=1.00
ramon: poll                 wall=09m48.000s usage=09m47.549s user=09m46.930s sys=00.619s mem=97308KiB roottime=586.930s load=1.00 rootload=1.00
ramon: poll                 wall=09m49.000s usage=09m48.549s user=09m47.929s sys=00.620s mem=97564KiB roottime=587.920s load=1.00 rootload=0.99
ramon: poll                 wall=09m50.000s usage=09m49.548s user=09m48.929s sys=00.620s mem=97564KiB roottime=588.920s load=1.00 rootload=1.00
ramon: poll                 wall=09m51.000s usage=09m50.548s user=09m49.929s sys=00.620s mem=97564KiB roottime=589.920s load=1.00 rootload=1.00
ramon: poll                 wall=09m52.000s usage=09m51.547s user=09m50.926s sys=00.621s mem=97652KiB roottime=590.920s load=1.00 rootload=1.00
ramon: poll                 wall=09m53.000s usage=09m52.547s user=09m51.926s sys=00.621s mem=97652KiB roottime=591.920s load=1.00 rootload=1.00
ramon: poll                 wall=09m54.000s usage=09m53.547s user=09m52.926s sys=00.621s mem=97652KiB roottime=592.920s load=1.00 rootload=1.00
ramon: poll                 wall=09m55.000s usage=09m54.547s user=09m53.926s sys=00.621s mem=97652KiB roottime=593.920s load=1.00 rootload=1.00
ramon: poll                 wall=09m56.000s usage=09m55.546s user=09m54.926s sys=00.621s mem=97908KiB roottime=594.920s load=1.00 rootload=1.00
ramon: poll                 wall=09m57.000s usage=09m56.546s user=09m55.925s sys=00.621s mem=97908KiB roottime=595.920s load=1.00 rootload=1.00
ramon: poll                 wall=09m58.000s usage=09m57.546s user=09m56.925s sys=00.621s mem=97908KiB roottime=596.920s load=1.00 rootload=1.00
ramon: poll                 wall=09m59.000s usage=09m58.546s user=09m57.924s sys=00.622s mem=97908KiB roottime=597.920s load=1.00 rootload=1.00
ramon: poll                 wall=10m00.000s usage=09m59.546s user=09m58.924s sys=00.622s mem=97908KiB roottime=598.920s load=1.00 rootload=1.00
ramon: end                  Wed Apr  9 16:59:40 2025
ramon: root.execname        z3
ramon: root.utime           598.960s
ramon: root.stime           0.640s
ramon: group.total          599.606s
ramon: group.utime          598.964s
ramon: group.stime          0.642s
ramon: group.mempeak        98164KiB
ramon: group.pidpeak        2
ramon: status               exited
ramon: exitcode             0
ramon: walltime             600.060s
ramon: loadavg              1.00
