ramon: cwd                  /home/runner/a/_work/z3-poly-testing/z3-poly-testing
ramon: start                Fri Apr 18 15:27:41 2025
ramon: nproc                128
ramon: sys.mem              64150 MiB
ramon: sys.mem.free         33600 MiB
ramon: sys.mem.avail        63049 MiB
ramon: sys.nprocs           3156
ramon: argv                 0 = z3
ramon: argv                 1 = /home/runner/a/_work/z3-poly-testing/z3-poly-testing/download/non-incremental/QF_LIA/nec-smt/large/user_is_in_group/prp-18-48.smt2
ramon: argv                 2 = -T:600
ramon: argv                 3 = -st
ramon: argv                 4 = lp.dio=true
ramon: argv                 5 = lp.dio_run_gcd=false
ramon: argv                 6 = smt.random_seed=2468
ramon: childpid             4191067
ramon: poll                 wall=01.000s usage=00.976s user=00.846s sys=00.130s mem=34964KiB roottime=0.840s load=0.98 rootload=0.84
ramon: poll                 wall=02.037s usage=02.009s user=01.866s sys=00.144s mem=38588KiB roottime=1.860s load=1.00 rootload=0.98
ramon: poll                 wall=03.000s usage=02.973s user=02.715s sys=00.258s mem=61844KiB roottime=2.710s load=1.00 rootload=0.88
ramon: poll                 wall=04.000s usage=03.972s user=03.666s sys=00.306s mem=77736KiB roottime=3.660s load=1.00 rootload=0.95
ramon: poll                 wall=05.028s usage=04.999s user=04.678s sys=00.321s mem=82344KiB roottime=4.670s load=1.00 rootload=0.98
ramon: poll                 wall=06.051s usage=06.021s user=05.694s sys=00.328s mem=82600KiB roottime=5.690s load=1.00 rootload=1.00
ramon: poll                 wall=07.038s usage=07.008s user=06.674s sys=00.334s mem=82856KiB roottime=6.670s load=1.00 rootload=0.99
ramon: poll                 wall=08.040s usage=08.010s user=07.674s sys=00.336s mem=83112KiB roottime=7.670s load=1.00 rootload=1.00
ramon: poll                 wall=09.027s usage=08.997s user=08.659s sys=00.339s mem=83112KiB roottime=8.650s load=1.00 rootload=0.99
ramon: poll                 wall=10.001s usage=09.975s user=09.635s sys=00.340s mem=83112KiB roottime=9.630s load=1.00 rootload=1.01
ramon: poll                 wall=11.001s usage=10.970s user=10.628s sys=00.342s mem=83368KiB roottime=10.620s load=0.99 rootload=0.99
ramon: poll                 wall=12.003s usage=11.972s user=11.627s sys=00.345s mem=83368KiB roottime=11.620s load=1.00 rootload=1.00
ramon: poll                 wall=13.003s usage=12.971s user=12.626s sys=00.345s mem=83368KiB roottime=12.620s load=1.00 rootload=1.00
ramon: poll                 wall=14.012s usage=13.980s user=13.632s sys=00.348s mem=83624KiB roottime=13.630s load=1.00 rootload=1.00
ramon: poll                 wall=15.000s usage=14.969s user=14.620s sys=00.350s mem=83624KiB roottime=14.620s load=1.00 rootload=1.00
ramon: poll                 wall=16.003s usage=15.970s user=15.619s sys=00.352s mem=84136KiB roottime=15.610s load=1.00 rootload=0.99
ramon: poll                 wall=17.005s usage=16.972s user=16.619s sys=00.353s mem=84136KiB roottime=16.620s load=1.00 rootload=1.01
ramon: poll                 wall=18.001s usage=17.968s user=17.613s sys=00.355s mem=84392KiB roottime=17.610s load=1.00 rootload=0.99
ramon: poll                 wall=19.003s usage=18.970s user=18.614s sys=00.356s mem=84392KiB roottime=18.610s load=1.00 rootload=1.00
ramon: poll                 wall=20.002s usage=19.968s user=19.609s sys=00.359s mem=84648KiB roottime=19.600s load=1.00 rootload=0.99
ramon: poll                 wall=21.001s usage=20.966s user=20.606s sys=00.360s mem=84648KiB roottime=20.600s load=1.00 rootload=1.00
ramon: poll                 wall=22.004s usage=21.969s user=21.607s sys=00.362s mem=84648KiB roottime=21.600s load=1.00 rootload=1.00
ramon: poll                 wall=23.005s usage=22.969s user=22.606s sys=00.363s mem=84648KiB roottime=22.600s load=1.00 rootload=1.00
ramon: poll                 wall=24.000s usage=23.964s user=23.601s sys=00.363s mem=84904KiB roottime=23.600s load=1.00 rootload=1.00
ramon: poll                 wall=25.007s usage=24.970s user=24.607s sys=00.363s mem=84904KiB roottime=24.600s load=1.00 rootload=0.99
ramon: poll                 wall=26.000s usage=25.963s user=25.594s sys=00.369s mem=84904KiB roottime=25.590s load=1.00 rootload=1.00
ramon: poll                 wall=27.000s usage=26.962s user=26.594s sys=00.369s mem=85160KiB roottime=26.590s load=1.00 rootload=1.00
ramon: poll                 wall=28.000s usage=27.962s user=27.590s sys=00.372s mem=85160KiB roottime=27.590s load=1.00 rootload=1.00
ramon: poll                 wall=29.000s usage=28.963s user=28.588s sys=00.375s mem=85160KiB roottime=28.580s load=1.00 rootload=0.99
ramon: poll                 wall=30.003s usage=29.964s user=29.589s sys=00.376s mem=85416KiB roottime=29.580s load=1.00 rootload=1.00
ramon: poll                 wall=31.000s usage=30.962s user=30.586s sys=00.376s mem=85416KiB roottime=30.580s load=1.00 rootload=1.00
ramon: poll                 wall=32.000s usage=31.960s user=31.584s sys=00.377s mem=85416KiB roottime=31.580s load=1.00 rootload=1.00
ramon: poll                 wall=33.003s usage=32.963s user=32.585s sys=00.378s mem=85416KiB roottime=32.580s load=1.00 rootload=1.00
ramon: poll                 wall=34.000s usage=33.960s user=33.580s sys=00.380s mem=85672KiB roottime=33.580s load=1.00 rootload=1.00
ramon: poll                 wall=35.000s usage=34.960s user=34.578s sys=00.382s mem=85672KiB roottime=34.570s load=1.00 rootload=0.99
ramon: poll                 wall=36.003s usage=35.962s user=35.580s sys=00.382s mem=85672KiB roottime=35.580s load=1.00 rootload=1.01
ramon: poll                 wall=37.000s usage=36.958s user=36.576s sys=00.383s mem=85672KiB roottime=36.570s load=1.00 rootload=0.99
ramon: poll                 wall=38.000s usage=37.958s user=37.574s sys=00.384s mem=85928KiB roottime=37.570s load=1.00 rootload=1.00
ramon: poll                 wall=39.002s usage=38.960s user=38.576s sys=00.384s mem=85928KiB roottime=38.570s load=1.00 rootload=1.00
ramon: poll                 wall=40.000s usage=39.957s user=39.574s sys=00.384s mem=85928KiB roottime=39.570s load=1.00 rootload=1.00
ramon: poll                 wall=41.003s usage=40.960s user=40.576s sys=00.384s mem=85928KiB roottime=40.570s load=1.00 rootload=1.00
ramon: poll                 wall=42.000s usage=41.957s user=41.572s sys=00.385s mem=85928KiB roottime=41.570s load=1.00 rootload=1.00
ramon: poll                 wall=43.000s usage=42.957s user=42.573s sys=00.385s mem=85928KiB roottime=42.570s load=1.00 rootload=1.00
ramon: poll                 wall=44.000s usage=43.956s user=43.571s sys=00.385s mem=86184KiB roottime=43.570s load=1.00 rootload=1.00
ramon: poll                 wall=45.002s usage=44.958s user=44.572s sys=00.386s mem=86184KiB roottime=44.570s load=1.00 rootload=1.00
ramon: poll                 wall=46.000s usage=45.956s user=45.571s sys=00.386s mem=86184KiB roottime=45.570s load=1.00 rootload=1.00
ramon: poll                 wall=47.003s usage=46.958s user=46.571s sys=00.387s mem=86184KiB roottime=46.570s load=1.00 rootload=1.00
ramon: poll                 wall=48.000s usage=47.955s user=47.567s sys=00.388s mem=86184KiB roottime=47.560s load=1.00 rootload=0.99
ramon: poll                 wall=49.000s usage=48.954s user=48.566s sys=00.389s mem=86184KiB roottime=48.560s load=1.00 rootload=1.00
ramon: poll                 wall=50.000s usage=49.954s user=49.564s sys=00.390s mem=86184KiB roottime=49.560s load=1.00 rootload=1.00
ramon: poll                 wall=51.005s usage=50.959s user=50.569s sys=00.390s mem=86184KiB roottime=50.560s load=1.00 rootload=1.00
ramon: poll                 wall=52.000s usage=51.954s user=51.564s sys=00.390s mem=86184KiB roottime=51.560s load=1.00 rootload=1.00
ramon: poll                 wall=53.000s usage=52.953s user=52.562s sys=00.391s mem=86440KiB roottime=52.560s load=1.00 rootload=1.00
ramon: poll                 wall=54.000s usage=53.953s user=53.561s sys=00.392s mem=86440KiB roottime=53.560s load=1.00 rootload=1.00
ramon: poll                 wall=55.000s usage=54.953s user=54.561s sys=00.392s mem=86440KiB roottime=54.560s load=1.00 rootload=1.00
ramon: poll                 wall=56.000s usage=55.953s user=55.561s sys=00.392s mem=86440KiB roottime=55.560s load=1.00 rootload=1.00
ramon: poll                 wall=57.003s usage=56.955s user=56.562s sys=00.393s mem=86440KiB roottime=56.560s load=1.00 rootload=1.00
ramon: poll                 wall=58.000s usage=57.952s user=57.557s sys=00.395s mem=86440KiB roottime=57.550s load=1.00 rootload=0.99
ramon: poll                 wall=59.000s usage=58.952s user=58.554s sys=00.398s mem=86440KiB roottime=58.550s load=1.00 rootload=1.00
ramon: poll                 wall=01m00.003s usage=59.954s user=59.556s sys=00.398s mem=86440KiB roottime=59.550s load=1.00 rootload=1.00
ramon: poll                 wall=01m01.000s usage=01m00.951s user=01m00.551s sys=00.400s mem=86440KiB roottime=60.550s load=1.00 rootload=1.00
ramon: poll                 wall=01m02.000s usage=01m01.951s user=01m01.550s sys=00.401s mem=86440KiB roottime=61.550s load=1.00 rootload=1.00
ramon: poll                 wall=01m03.002s usage=01m02.952s user=01m02.551s sys=00.401s mem=86696KiB roottime=62.550s load=1.00 rootload=1.00
ramon: poll                 wall=01m04.000s usage=01m03.950s user=01m03.549s sys=00.402s mem=86696KiB roottime=63.540s load=1.00 rootload=0.99
ramon: poll                 wall=01m05.004s usage=01m04.953s user=01m04.550s sys=00.403s mem=86696KiB roottime=64.550s load=1.00 rootload=1.01
ramon: poll                 wall=01m06.000s usage=01m05.949s user=01m05.546s sys=00.403s mem=86696KiB roottime=65.540s load=1.00 rootload=0.99
ramon: poll                 wall=01m07.000s usage=01m06.948s user=01m06.546s sys=00.403s mem=86696KiB roottime=66.540s load=1.00 rootload=1.00
ramon: poll                 wall=01m08.000s usage=01m07.948s user=01m07.545s sys=00.403s mem=86696KiB roottime=67.540s load=1.00 rootload=1.00
ramon: poll                 wall=01m09.004s usage=01m08.951s user=01m08.548s sys=00.403s mem=86696KiB roottime=68.540s load=1.00 rootload=1.00
ramon: poll                 wall=01m10.000s usage=01m09.948s user=01m09.544s sys=00.404s mem=86696KiB roottime=69.540s load=1.00 rootload=1.00
ramon: poll                 wall=01m11.000s usage=01m10.947s user=01m10.543s sys=00.404s mem=86696KiB roottime=70.540s load=1.00 rootload=1.00
ramon: poll                 wall=01m12.000s usage=01m11.946s user=01m11.542s sys=00.404s mem=86696KiB roottime=71.540s load=1.00 rootload=1.00
ramon: poll                 wall=01m13.000s usage=01m12.946s user=01m12.540s sys=00.406s mem=86952KiB roottime=72.540s load=1.00 rootload=1.00
ramon: poll                 wall=01m14.001s usage=01m13.947s user=01m13.540s sys=00.408s mem=86952KiB roottime=73.540s load=1.00 rootload=1.00
ramon: poll                 wall=01m15.001s usage=01m14.946s user=01m14.538s sys=00.408s mem=86952KiB roottime=74.530s load=1.00 rootload=0.99
ramon: poll                 wall=01m16.002s usage=01m15.947s user=01m15.539s sys=00.408s mem=86952KiB roottime=75.530s load=1.00 rootload=1.00
ramon: poll                 wall=01m17.001s usage=01m16.945s user=01m16.537s sys=00.409s mem=87208KiB roottime=76.530s load=1.00 rootload=1.00
ramon: poll                 wall=01m18.004s usage=01m17.948s user=01m17.539s sys=00.409s mem=87208KiB roottime=77.530s load=1.00 rootload=1.00
ramon: poll                 wall=01m19.000s usage=01m18.944s user=01m18.534s sys=00.410s mem=87208KiB roottime=78.530s load=1.00 rootload=1.00
ramon: poll                 wall=01m20.000s usage=01m19.943s user=01m19.533s sys=00.410s mem=87208KiB roottime=79.530s load=1.00 rootload=1.00
ramon: poll                 wall=01m21.000s usage=01m20.944s user=01m20.534s sys=00.410s mem=87208KiB roottime=80.530s load=1.00 rootload=1.00
ramon: poll                 wall=01m22.002s usage=01m21.944s user=01m21.533s sys=00.411s mem=87464KiB roottime=81.530s load=1.00 rootload=1.00
ramon: poll                 wall=01m23.000s usage=01m22.942s user=01m22.530s sys=00.412s mem=87464KiB roottime=82.530s load=1.00 rootload=1.00
ramon: poll                 wall=01m24.002s usage=01m23.943s user=01m23.529s sys=00.415s mem=87720KiB roottime=83.520s load=1.00 rootload=0.99
ramon: poll                 wall=01m25.000s usage=01m24.941s user=01m24.525s sys=00.416s mem=87720KiB roottime=84.520s load=1.00 rootload=1.00
ramon: poll                 wall=01m26.002s usage=01m25.943s user=01m25.525s sys=00.418s mem=87976KiB roottime=85.520s load=1.00 rootload=1.00
ramon: poll                 wall=01m27.000s usage=01m26.941s user=01m26.521s sys=00.420s mem=87976KiB roottime=86.520s load=1.00 rootload=1.00
ramon: poll                 wall=01m28.003s usage=01m27.943s user=01m27.521s sys=00.422s mem=88232KiB roottime=87.520s load=1.00 rootload=1.00
ramon: poll                 wall=01m29.000s usage=01m28.939s user=01m28.518s sys=00.422s mem=88232KiB roottime=88.510s load=1.00 rootload=0.99
ramon: poll                 wall=01m30.000s usage=01m29.940s user=01m29.518s sys=00.422s mem=88232KiB roottime=89.510s load=1.00 rootload=1.00
ramon: poll                 wall=01m31.002s usage=01m30.941s user=01m30.519s sys=00.422s mem=88232KiB roottime=90.510s load=1.00 rootload=1.00
ramon: poll                 wall=01m32.004s usage=01m31.942s user=01m31.519s sys=00.423s mem=88232KiB roottime=91.510s load=1.00 rootload=1.00
ramon: poll                 wall=01m33.000s usage=01m32.939s user=01m32.516s sys=00.423s mem=88232KiB roottime=92.510s load=1.00 rootload=1.00
ramon: poll                 wall=01m34.000s usage=01m33.938s user=01m33.514s sys=00.424s mem=88232KiB roottime=93.510s load=1.00 rootload=1.00
ramon: poll                 wall=01m35.000s usage=01m34.937s user=01m34.512s sys=00.425s mem=88232KiB roottime=94.510s load=1.00 rootload=1.00
ramon: poll                 wall=01m36.000s usage=01m35.937s user=01m35.510s sys=00.427s mem=88488KiB roottime=95.510s load=1.00 rootload=1.00
ramon: poll                 wall=01m37.001s usage=01m36.938s user=01m36.510s sys=00.428s mem=88488KiB roottime=96.510s load=1.00 rootload=1.00
ramon: poll                 wall=01m38.003s usage=01m37.939s user=01m37.510s sys=00.429s mem=88488KiB roottime=97.510s load=1.00 rootload=1.00
ramon: poll                 wall=01m39.000s usage=01m38.935s user=01m38.506s sys=00.430s mem=88488KiB roottime=98.500s load=1.00 rootload=0.99
ramon: poll                 wall=01m40.000s usage=01m39.935s user=01m39.504s sys=00.431s mem=88744KiB roottime=99.500s load=1.00 rootload=1.00
ramon: poll                 wall=01m41.000s usage=01m40.935s user=01m40.502s sys=00.433s mem=88744KiB roottime=100.500s load=1.00 rootload=1.00
ramon: poll                 wall=01m42.004s usage=01m41.938s user=01m41.506s sys=00.433s mem=88744KiB roottime=101.500s load=1.00 rootload=1.00
ramon: poll                 wall=01m43.000s usage=01m42.935s user=01m42.502s sys=00.433s mem=88744KiB roottime=102.500s load=1.00 rootload=1.00
ramon: poll                 wall=01m44.000s usage=01m43.934s user=01m43.500s sys=00.434s mem=88744KiB roottime=103.500s load=1.00 rootload=1.00
ramon: poll                 wall=01m45.000s usage=01m44.934s user=01m44.500s sys=00.434s mem=89000KiB roottime=104.500s load=1.00 rootload=1.00
ramon: poll                 wall=01m46.004s usage=01m45.937s user=01m45.503s sys=00.434s mem=89000KiB roottime=105.500s load=1.00 rootload=1.00
ramon: poll                 wall=01m47.000s usage=01m46.932s user=01m46.496s sys=00.437s mem=89000KiB roottime=106.490s load=1.00 rootload=0.99
ramon: poll                 wall=01m48.000s usage=01m47.933s user=01m47.495s sys=00.438s mem=89000KiB roottime=107.490s load=1.00 rootload=1.00
ramon: poll                 wall=01m49.004s usage=01m48.936s user=01m48.497s sys=00.439s mem=89000KiB roottime=108.490s load=1.00 rootload=1.00
ramon: poll                 wall=01m50.000s usage=01m49.933s user=01m49.491s sys=00.442s mem=89256KiB roottime=109.490s load=1.00 rootload=1.00
ramon: poll                 wall=01m51.000s usage=01m50.931s user=01m50.487s sys=00.444s mem=89256KiB roottime=110.480s load=1.00 rootload=0.99
ramon: poll                 wall=01m52.000s usage=01m51.931s user=01m51.487s sys=00.444s mem=89256KiB roottime=111.480s load=1.00 rootload=1.00
ramon: poll                 wall=01m53.002s usage=01m52.932s user=01m52.487s sys=00.445s mem=89256KiB roottime=112.480s load=1.00 rootload=1.00
ramon: poll                 wall=01m54.000s usage=01m53.930s user=01m53.485s sys=00.445s mem=89256KiB roottime=113.480s load=1.00 rootload=1.00
ramon: poll                 wall=01m55.003s usage=01m54.933s user=01m54.487s sys=00.446s mem=89256KiB roottime=114.480s load=1.00 rootload=1.00
ramon: poll                 wall=01m56.000s usage=01m55.930s user=01m55.485s sys=00.446s mem=89512KiB roottime=115.480s load=1.00 rootload=1.00
ramon: poll                 wall=01m57.000s usage=01m56.929s user=01m56.482s sys=00.447s mem=89512KiB roottime=116.480s load=1.00 rootload=1.00
ramon: poll                 wall=01m58.002s usage=01m57.931s user=01m57.484s sys=00.447s mem=89512KiB roottime=117.480s load=1.00 rootload=1.00
ramon: poll                 wall=01m59.003s usage=01m58.931s user=01m58.484s sys=00.447s mem=89512KiB roottime=118.480s load=1.00 rootload=1.00
ramon: poll                 wall=02m00.000s usage=01m59.928s user=01m59.480s sys=00.448s mem=89512KiB roottime=119.480s load=1.00 rootload=1.00
ramon: poll                 wall=02m01.000s usage=02m00.927s user=02m00.479s sys=00.448s mem=89512KiB roottime=120.470s load=1.00 rootload=0.99
ramon: poll                 wall=02m02.000s usage=02m01.927s user=02m01.479s sys=00.448s mem=89512KiB roottime=121.480s load=1.00 rootload=1.01
ramon: poll                 wall=02m03.004s usage=02m02.930s user=02m02.483s sys=00.448s mem=89512KiB roottime=122.480s load=1.00 rootload=1.00
ramon: poll                 wall=02m04.000s usage=02m03.927s user=02m03.479s sys=00.448s mem=89512KiB roottime=123.470s load=1.00 rootload=0.99
ramon: poll                 wall=02m05.000s usage=02m04.925s user=02m04.477s sys=00.448s mem=89512KiB roottime=124.470s load=1.00 rootload=1.00
ramon: poll                 wall=02m06.003s usage=02m05.928s user=02m05.480s sys=00.448s mem=89512KiB roottime=125.480s load=1.00 rootload=1.01
ramon: poll                 wall=02m07.000s usage=02m06.924s user=02m06.477s sys=00.448s mem=89512KiB roottime=126.470s load=1.00 rootload=0.99
ramon: poll                 wall=02m08.000s usage=02m07.925s user=02m07.477s sys=00.448s mem=89512KiB roottime=127.470s load=1.00 rootload=1.00
ramon: poll                 wall=02m09.003s usage=02m08.927s user=02m08.479s sys=00.448s mem=89512KiB roottime=128.470s load=1.00 rootload=1.00
ramon: poll                 wall=02m10.000s usage=02m09.924s user=02m09.474s sys=00.450s mem=89512KiB roottime=129.470s load=1.00 rootload=1.00
ramon: poll                 wall=02m11.000s usage=02m10.923s user=02m10.472s sys=00.451s mem=89512KiB roottime=130.470s load=1.00 rootload=1.00
ramon: poll                 wall=02m12.000s usage=02m11.922s user=02m11.472s sys=00.451s mem=89512KiB roottime=131.470s load=1.00 rootload=1.00
ramon: poll                 wall=02m13.000s usage=02m12.922s user=02m12.471s sys=00.451s mem=89512KiB roottime=132.470s load=1.00 rootload=1.00
ramon: poll                 wall=02m14.001s usage=02m13.923s user=02m13.472s sys=00.451s mem=89512KiB roottime=133.470s load=1.00 rootload=1.00
ramon: poll                 wall=02m15.002s usage=02m14.923s user=02m14.472s sys=00.451s mem=89512KiB roottime=134.470s load=1.00 rootload=1.00
ramon: poll                 wall=02m16.000s usage=02m15.922s user=02m15.471s sys=00.451s mem=89512KiB roottime=135.470s load=1.00 rootload=1.00
ramon: poll                 wall=02m17.003s usage=02m16.924s user=02m16.473s sys=00.451s mem=89512KiB roottime=136.470s load=1.00 rootload=1.00
ramon: poll                 wall=02m18.000s usage=02m17.920s user=02m17.469s sys=00.451s mem=89768KiB roottime=137.470s load=1.00 rootload=1.00
ramon: poll                 wall=02m19.000s usage=02m18.920s user=02m18.469s sys=00.451s mem=89768KiB roottime=138.460s load=1.00 rootload=0.99
ramon: poll                 wall=02m20.004s usage=02m19.923s user=02m19.472s sys=00.451s mem=89768KiB roottime=139.470s load=1.00 rootload=1.01
ramon: poll                 wall=02m21.000s usage=02m20.919s user=02m20.468s sys=00.451s mem=89768KiB roottime=140.460s load=1.00 rootload=0.99
ramon: poll                 wall=02m22.000s usage=02m21.919s user=02m21.468s sys=00.451s mem=89768KiB roottime=141.460s load=1.00 rootload=1.00
ramon: poll                 wall=02m23.000s usage=02m22.918s user=02m22.467s sys=00.452s mem=89768KiB roottime=142.460s load=1.00 rootload=1.00
ramon: poll                 wall=02m24.000s usage=02m23.919s user=02m23.467s sys=00.452s mem=89768KiB roottime=143.460s load=1.00 rootload=1.00
ramon: poll                 wall=02m25.003s usage=02m24.921s user=02m24.468s sys=00.453s mem=89768KiB roottime=144.460s load=1.00 rootload=1.00
ramon: poll                 wall=02m26.000s usage=02m25.918s user=02m25.464s sys=00.454s mem=89768KiB roottime=145.460s load=1.00 rootload=1.00
ramon: poll                 wall=02m27.000s usage=02m26.918s user=02m26.465s sys=00.454s mem=89768KiB roottime=146.460s load=1.00 rootload=1.00
ramon: poll                 wall=02m28.002s usage=02m27.919s user=02m27.465s sys=00.454s mem=89768KiB roottime=147.460s load=1.00 rootload=1.00
ramon: poll                 wall=02m29.000s usage=02m28.917s user=02m28.463s sys=00.454s mem=89768KiB roottime=148.460s load=1.00 rootload=1.00
ramon: poll                 wall=02m30.003s usage=02m29.920s user=02m29.466s sys=00.454s mem=89768KiB roottime=149.460s load=1.00 rootload=1.00
ramon: poll                 wall=02m31.000s usage=02m30.916s user=02m30.463s sys=00.454s mem=89768KiB roottime=150.460s load=1.00 rootload=1.00
ramon: poll                 wall=02m32.000s usage=02m31.916s user=02m31.461s sys=00.455s mem=89768KiB roottime=151.460s load=1.00 rootload=1.00
ramon: poll                 wall=02m33.002s usage=02m32.918s user=02m32.463s sys=00.455s mem=89768KiB roottime=152.460s load=1.00 rootload=1.00
ramon: poll                 wall=02m34.000s usage=02m33.917s user=02m33.461s sys=00.456s mem=89768KiB roottime=153.460s load=1.00 rootload=1.00
ramon: poll                 wall=02m35.004s usage=02m34.919s user=02m34.464s sys=00.456s mem=89768KiB roottime=154.460s load=1.00 rootload=1.00
ramon: poll                 wall=02m36.000s usage=02m35.915s user=02m35.459s sys=00.456s mem=89768KiB roottime=155.450s load=1.00 rootload=0.99
ramon: poll                 wall=02m37.000s usage=02m36.915s user=02m36.459s sys=00.456s mem=89768KiB roottime=156.450s load=1.00 rootload=1.00
ramon: poll                 wall=02m38.000s usage=02m37.916s user=02m37.460s sys=00.456s mem=89768KiB roottime=157.460s load=1.00 rootload=1.01
ramon: poll                 wall=02m39.002s usage=02m38.917s user=02m38.461s sys=00.457s mem=89768KiB roottime=158.460s load=1.00 rootload=1.00
ramon: poll                 wall=02m40.000s usage=02m39.914s user=02m39.457s sys=00.457s mem=89768KiB roottime=159.450s load=1.00 rootload=0.99
ramon: poll                 wall=02m41.000s usage=02m40.914s user=02m40.457s sys=00.457s mem=89768KiB roottime=160.450s load=1.00 rootload=1.00
ramon: poll                 wall=02m42.003s usage=02m41.917s user=02m41.460s sys=00.457s mem=90024KiB roottime=161.460s load=1.00 rootload=1.01
ramon: poll                 wall=02m43.000s usage=02m42.913s user=02m42.457s sys=00.457s mem=90024KiB roottime=162.450s load=1.00 rootload=0.99
ramon: poll                 wall=02m44.000s usage=02m43.913s user=02m43.456s sys=00.457s mem=90024KiB roottime=163.450s load=1.00 rootload=1.00
ramon: poll                 wall=02m45.003s usage=02m44.916s user=02m44.458s sys=00.458s mem=90024KiB roottime=164.450s load=1.00 rootload=1.00
ramon: poll                 wall=02m46.000s usage=02m45.913s user=02m45.455s sys=00.458s mem=90024KiB roottime=165.450s load=1.00 rootload=1.00
ramon: poll                 wall=02m47.007s usage=02m46.919s user=02m46.462s sys=00.458s mem=90024KiB roottime=166.460s load=1.00 rootload=1.00
ramon: poll                 wall=02m48.006s usage=02m47.918s user=02m47.460s sys=00.458s mem=90024KiB roottime=167.460s load=1.00 rootload=1.00
ramon: poll                 wall=02m49.002s usage=02m48.914s user=02m48.455s sys=00.459s mem=90024KiB roottime=168.450s load=1.00 rootload=0.99
ramon: poll                 wall=02m50.000s usage=02m49.912s user=02m49.451s sys=00.461s mem=90024KiB roottime=169.450s load=1.00 rootload=1.00
ramon: poll                 wall=02m51.000s usage=02m50.912s user=02m50.452s sys=00.461s mem=90024KiB roottime=170.450s load=1.00 rootload=1.00
ramon: poll                 wall=02m52.000s usage=02m51.911s user=02m51.449s sys=00.462s mem=90024KiB roottime=171.440s load=1.00 rootload=0.99
ramon: poll                 wall=02m53.000s usage=02m52.911s user=02m52.447s sys=00.464s mem=90024KiB roottime=172.440s load=1.00 rootload=1.00
ramon: poll                 wall=02m54.000s usage=02m53.911s user=02m53.447s sys=00.464s mem=90024KiB roottime=173.440s load=1.00 rootload=1.00
ramon: poll                 wall=02m55.000s usage=02m54.911s user=02m54.447s sys=00.464s mem=90024KiB roottime=174.440s load=1.00 rootload=1.00
ramon: poll                 wall=02m56.000s usage=02m55.910s user=02m55.446s sys=00.465s mem=90024KiB roottime=175.440s load=1.00 rootload=1.00
ramon: poll                 wall=02m57.000s usage=02m56.910s user=02m56.444s sys=00.466s mem=90024KiB roottime=176.440s load=1.00 rootload=1.00
ramon: poll                 wall=02m58.002s usage=02m57.912s user=02m57.445s sys=00.467s mem=90024KiB roottime=177.440s load=1.00 rootload=1.00
ramon: poll                 wall=02m59.000s usage=02m58.910s user=02m58.443s sys=00.467s mem=90024KiB roottime=178.440s load=1.00 rootload=1.00
ramon: poll                 wall=03m00.000s usage=02m59.910s user=02m59.443s sys=00.467s mem=90024KiB roottime=179.440s load=1.00 rootload=1.00
ramon: poll                 wall=03m01.000s usage=03m00.909s user=03m00.441s sys=00.468s mem=90024KiB roottime=180.440s load=1.00 rootload=1.00
ramon: poll                 wall=03m02.000s usage=03m01.909s user=03m01.441s sys=00.468s mem=90024KiB roottime=181.440s load=1.00 rootload=1.00
ramon: poll                 wall=03m03.002s usage=03m02.911s user=03m02.443s sys=00.468s mem=90024KiB roottime=182.440s load=1.00 rootload=1.00
ramon: poll                 wall=03m04.000s usage=03m03.910s user=03m03.441s sys=00.469s mem=90280KiB roottime=183.440s load=1.00 rootload=1.00
ramon: poll                 wall=03m05.003s usage=03m04.911s user=03m04.442s sys=00.469s mem=90280KiB roottime=184.440s load=1.00 rootload=1.00
ramon: poll                 wall=03m06.000s usage=03m05.908s user=03m05.439s sys=00.469s mem=90280KiB roottime=185.430s load=1.00 rootload=0.99
ramon: poll                 wall=03m07.000s usage=03m06.908s user=03m06.439s sys=00.469s mem=90280KiB roottime=186.430s load=1.00 rootload=1.00
ramon: poll                 wall=03m08.004s usage=03m07.912s user=03m07.442s sys=00.470s mem=90280KiB roottime=187.440s load=1.00 rootload=1.01
ramon: poll                 wall=03m09.000s usage=03m08.907s user=03m08.436s sys=00.471s mem=90280KiB roottime=188.430s load=1.00 rootload=0.99
ramon: poll                 wall=03m10.000s usage=03m09.907s user=03m09.436s sys=00.471s mem=90280KiB roottime=189.430s load=1.00 rootload=1.00
ramon: poll                 wall=03m11.000s usage=03m10.907s user=03m10.436s sys=00.471s mem=90280KiB roottime=190.430s load=1.00 rootload=1.00
ramon: poll                 wall=03m12.000s usage=03m11.907s user=03m11.436s sys=00.471s mem=90280KiB roottime=191.430s load=1.00 rootload=1.00
ramon: poll                 wall=03m13.000s usage=03m12.906s user=03m12.436s sys=00.471s mem=90280KiB roottime=192.430s load=1.00 rootload=1.00
ramon: poll                 wall=03m14.000s usage=03m13.907s user=03m13.436s sys=00.471s mem=90280KiB roottime=193.430s load=1.00 rootload=1.00
ramon: poll                 wall=03m15.004s usage=03m14.910s user=03m14.439s sys=00.471s mem=90280KiB roottime=194.430s load=1.00 rootload=1.00
ramon: poll                 wall=03m16.000s usage=03m15.907s user=03m15.436s sys=00.471s mem=90280KiB roottime=195.430s load=1.00 rootload=1.00
ramon: poll                 wall=03m17.000s usage=03m16.905s user=03m16.434s sys=00.472s mem=90280KiB roottime=196.430s load=1.00 rootload=1.00
ramon: poll                 wall=03m18.002s usage=03m17.907s user=03m17.433s sys=00.474s mem=90280KiB roottime=197.430s load=1.00 rootload=1.00
ramon: poll                 wall=03m19.000s usage=03m18.905s user=03m18.431s sys=00.474s mem=90280KiB roottime=198.430s load=1.00 rootload=1.00
ramon: poll                 wall=03m20.004s usage=03m19.909s user=03m19.434s sys=00.475s mem=90280KiB roottime=199.430s load=1.00 rootload=1.00
ramon: poll                 wall=03m21.000s usage=03m20.906s user=03m20.430s sys=00.476s mem=90280KiB roottime=200.430s load=1.00 rootload=1.00
ramon: poll                 wall=03m22.000s usage=03m21.904s user=03m21.429s sys=00.476s mem=90280KiB roottime=201.420s load=1.00 rootload=0.99
ramon: poll                 wall=03m23.000s usage=03m22.904s user=03m22.428s sys=00.476s mem=90536KiB roottime=202.420s load=1.00 rootload=1.00
ramon: poll                 wall=03m24.000s usage=03m23.904s user=03m23.428s sys=00.476s mem=90536KiB roottime=203.420s load=1.00 rootload=1.00
ramon: poll                 wall=03m25.003s usage=03m24.907s user=03m24.430s sys=00.477s mem=90536KiB roottime=204.430s load=1.00 rootload=1.01
ramon: poll                 wall=03m26.000s usage=03m25.904s user=03m25.427s sys=00.477s mem=90536KiB roottime=205.420s load=1.00 rootload=0.99
ramon: poll                 wall=03m27.000s usage=03m26.902s user=03m26.425s sys=00.477s mem=90536KiB roottime=206.420s load=1.00 rootload=1.00
ramon: poll                 wall=03m28.000s usage=03m27.902s user=03m27.425s sys=00.477s mem=90536KiB roottime=207.420s load=1.00 rootload=1.00
ramon: poll                 wall=03m29.002s usage=03m28.903s user=03m28.426s sys=00.478s mem=90536KiB roottime=208.420s load=1.00 rootload=1.00
ramon: poll                 wall=03m30.000s usage=03m29.901s user=03m29.423s sys=00.478s mem=90536KiB roottime=209.420s load=1.00 rootload=1.00
ramon: poll                 wall=03m31.001s usage=03m30.902s user=03m30.424s sys=00.478s mem=90536KiB roottime=210.420s load=1.00 rootload=1.00
ramon: poll                 wall=03m32.003s usage=03m31.904s user=03m31.426s sys=00.478s mem=90536KiB roottime=211.420s load=1.00 rootload=1.00
ramon: poll                 wall=03m33.000s usage=03m32.900s user=03m32.422s sys=00.478s mem=90536KiB roottime=212.420s load=1.00 rootload=1.00
ramon: poll                 wall=03m34.000s usage=03m33.901s user=03m33.423s sys=00.478s mem=90536KiB roottime=213.420s load=1.00 rootload=1.00
ramon: poll                 wall=03m35.004s usage=03m34.903s user=03m34.426s sys=00.478s mem=90536KiB roottime=214.420s load=1.00 rootload=1.00
ramon: poll                 wall=03m36.000s usage=03m35.900s user=03m35.422s sys=00.478s mem=90536KiB roottime=215.420s load=1.00 rootload=1.00
ramon: poll                 wall=03m37.000s usage=03m36.899s user=03m36.421s sys=00.478s mem=90536KiB roottime=216.420s load=1.00 rootload=1.00
ramon: poll                 wall=03m38.000s usage=03m37.899s user=03m37.421s sys=00.478s mem=90536KiB roottime=217.420s load=1.00 rootload=1.00
ramon: poll                 wall=03m39.002s usage=03m38.900s user=03m38.421s sys=00.479s mem=90536KiB roottime=218.420s load=1.00 rootload=1.00
ramon: poll                 wall=03m40.000s usage=03m39.897s user=03m39.419s sys=00.479s mem=90536KiB roottime=219.410s load=1.00 rootload=0.99
ramon: poll                 wall=03m41.002s usage=03m40.899s user=03m40.421s sys=00.479s mem=90536KiB roottime=220.420s load=1.00 rootload=1.01
ramon: poll                 wall=03m42.000s usage=03m41.896s user=03m41.418s sys=00.479s mem=90536KiB roottime=221.410s load=1.00 rootload=0.99
ramon: poll                 wall=03m43.002s usage=03m42.897s user=03m42.418s sys=00.479s mem=90536KiB roottime=222.410s load=1.00 rootload=1.00
ramon: poll                 wall=03m44.004s usage=03m43.896s user=03m43.418s sys=00.479s mem=90536KiB roottime=223.410s load=1.00 rootload=1.00
ramon: poll                 wall=03m45.000s usage=03m44.891s user=03m44.411s sys=00.480s mem=90536KiB roottime=224.410s load=1.00 rootload=1.00
ramon: poll                 wall=03m46.000s usage=03m45.889s user=03m45.409s sys=00.481s mem=90536KiB roottime=225.400s load=1.00 rootload=0.99
ramon: poll                 wall=03m47.000s usage=03m46.887s user=03m46.406s sys=00.481s mem=90712KiB roottime=226.400s load=1.00 rootload=1.00
ramon: poll                 wall=03m48.000s usage=03m47.883s user=03m47.403s sys=00.481s mem=90724KiB roottime=227.400s load=1.00 rootload=1.00
ramon: poll                 wall=03m49.003s usage=03m48.885s user=03m48.402s sys=00.483s mem=90748KiB roottime=228.400s load=1.00 rootload=1.00
ramon: poll                 wall=03m50.002s usage=03m49.879s user=03m49.396s sys=00.483s mem=90768KiB roottime=229.390s load=1.00 rootload=0.99
ramon: poll                 wall=03m51.000s usage=03m50.873s user=03m50.390s sys=00.483s mem=90772KiB roottime=230.390s load=1.00 rootload=1.00
ramon: poll                 wall=03m52.000s usage=03m51.871s user=03m51.388s sys=00.483s mem=90780KiB roottime=231.380s load=1.00 rootload=0.99
ramon: poll                 wall=03m53.000s usage=03m52.862s user=03m52.379s sys=00.483s mem=90784KiB roottime=232.380s load=0.99 rootload=1.00
ramon: poll                 wall=03m54.002s usage=03m53.859s user=03m53.376s sys=00.483s mem=90536KiB roottime=233.370s load=1.00 rootload=0.99
ramon: poll                 wall=03m55.003s usage=03m54.858s user=03m54.375s sys=00.483s mem=90792KiB roottime=234.370s load=1.00 rootload=1.00
ramon: poll                 wall=03m56.005s usage=03m55.856s user=03m55.372s sys=00.484s mem=90836KiB roottime=235.370s load=1.00 rootload=1.00
ramon: poll                 wall=03m57.000s usage=03m56.851s user=03m56.366s sys=00.485s mem=90860KiB roottime=236.360s load=1.00 rootload=0.99
ramon: poll                 wall=03m58.003s usage=03m57.852s user=03m57.365s sys=00.487s mem=90860KiB roottime=237.360s load=1.00 rootload=1.00
ramon: poll                 wall=03m59.004s usage=03m58.854s user=03m58.367s sys=00.487s mem=90860KiB roottime=238.360s load=1.00 rootload=1.00
ramon: poll                 wall=04m00.000s usage=03m59.850s user=03m59.363s sys=00.487s mem=90860KiB roottime=239.360s load=1.00 rootload=1.00
ramon: poll                 wall=04m01.002s usage=04m00.851s user=04m00.364s sys=00.487s mem=90860KiB roottime=240.360s load=1.00 rootload=1.00
ramon: poll                 wall=04m02.002s usage=04m01.850s user=04m01.363s sys=00.487s mem=90860KiB roottime=241.360s load=1.00 rootload=1.00
ramon: poll                 wall=04m03.005s usage=04m02.853s user=04m02.366s sys=00.487s mem=90860KiB roottime=242.360s load=1.00 rootload=1.00
ramon: poll                 wall=04m04.004s usage=04m03.853s user=04m03.366s sys=00.487s mem=90860KiB roottime=243.360s load=1.00 rootload=1.00
ramon: poll                 wall=04m05.000s usage=04m04.848s user=04m04.361s sys=00.487s mem=91116KiB roottime=244.360s load=1.00 rootload=1.00
ramon: poll                 wall=04m06.006s usage=04m05.852s user=04m05.364s sys=00.488s mem=91116KiB roottime=245.360s load=1.00 rootload=0.99
ramon: poll                 wall=04m07.000s usage=04m06.850s user=04m06.362s sys=00.488s mem=91116KiB roottime=246.370s load=1.00 rootload=1.02
ramon: poll                 wall=04m08.000s usage=04m07.842s user=04m07.355s sys=00.488s mem=90868KiB roottime=247.350s load=0.99 rootload=0.98
ramon: poll                 wall=04m09.004s usage=04m08.844s user=04m08.356s sys=00.488s mem=90868KiB roottime=248.350s load=1.00 rootload=1.00
ramon: poll                 wall=04m10.004s usage=04m09.844s user=04m09.356s sys=00.488s mem=90868KiB roottime=249.350s load=1.00 rootload=1.00
ramon: poll                 wall=04m11.001s usage=04m10.839s user=04m10.352s sys=00.488s mem=90868KiB roottime=250.350s load=1.00 rootload=1.00
ramon: poll                 wall=04m12.004s usage=04m11.841s user=04m11.353s sys=00.488s mem=90868KiB roottime=251.350s load=1.00 rootload=1.00
ramon: poll                 wall=04m13.000s usage=04m12.836s user=04m12.348s sys=00.488s mem=90868KiB roottime=252.340s load=1.00 rootload=0.99
ramon: poll                 wall=04m14.005s usage=04m13.839s user=04m13.351s sys=00.488s mem=90868KiB roottime=253.350s load=1.00 rootload=1.01
ramon: poll                 wall=04m15.000s usage=04m14.833s user=04m14.346s sys=00.488s mem=90868KiB roottime=254.340s load=1.00 rootload=0.99
ramon: poll                 wall=04m16.001s usage=04m15.834s user=04m15.347s sys=00.488s mem=90868KiB roottime=255.340s load=1.00 rootload=1.00
ramon: poll                 wall=04m17.016s usage=04m16.848s user=04m16.360s sys=00.488s mem=91124KiB roottime=256.360s load=1.00 rootload=1.01
ramon: poll                 wall=04m18.018s usage=04m17.851s user=04m17.363s sys=00.488s mem=91124KiB roottime=257.380s load=1.00 rootload=1.02
ramon: poll                 wall=04m19.001s usage=04m18.832s user=04m18.345s sys=00.488s mem=91124KiB roottime=258.340s load=1.00 rootload=0.98
ramon: poll                 wall=04m20.008s usage=04m19.839s user=04m19.351s sys=00.488s mem=91124KiB roottime=259.350s load=1.00 rootload=1.00
ramon: poll                 wall=04m21.000s usage=04m20.831s user=04m20.343s sys=00.488s mem=91124KiB roottime=260.340s load=1.00 rootload=1.00
ramon: poll                 wall=04m22.000s usage=04m21.831s user=04m21.343s sys=00.488s mem=91124KiB roottime=261.340s load=1.00 rootload=1.00
ramon: poll                 wall=04m23.000s usage=04m22.836s user=04m22.348s sys=00.488s mem=91124KiB roottime=262.340s load=1.00 rootload=1.00
ramon: poll                 wall=04m24.008s usage=04m23.838s user=04m23.351s sys=00.488s mem=91124KiB roottime=263.350s load=1.00 rootload=1.00
ramon: poll                 wall=04m25.007s usage=04m24.837s user=04m24.349s sys=00.488s mem=91124KiB roottime=264.340s load=1.00 rootload=0.99
ramon: poll                 wall=04m26.000s usage=04m25.831s user=04m25.343s sys=00.488s mem=91124KiB roottime=265.340s load=1.00 rootload=1.01
ramon: poll                 wall=04m27.000s usage=04m26.830s user=04m26.342s sys=00.489s mem=91124KiB roottime=266.340s load=1.00 rootload=1.00
ramon: poll                 wall=04m28.000s usage=04m27.829s user=04m27.341s sys=00.489s mem=91124KiB roottime=267.340s load=1.00 rootload=1.00
ramon: poll                 wall=04m29.008s usage=04m28.837s user=04m28.348s sys=00.489s mem=91124KiB roottime=268.340s load=1.00 rootload=0.99
ramon: poll                 wall=04m30.000s usage=04m29.828s user=04m29.338s sys=00.491s mem=91124KiB roottime=269.330s load=1.00 rootload=1.00
ramon: poll                 wall=04m31.002s usage=04m30.828s user=04m30.337s sys=00.491s mem=91124KiB roottime=270.330s load=1.00 rootload=1.00
ramon: poll                 wall=04m32.000s usage=04m31.823s user=04m31.333s sys=00.491s mem=91124KiB roottime=271.330s load=1.00 rootload=1.00
ramon: poll                 wall=04m33.002s usage=04m32.822s user=04m32.331s sys=00.491s mem=91124KiB roottime=272.330s load=1.00 rootload=1.00
ramon: poll                 wall=04m34.000s usage=04m33.820s user=04m33.330s sys=00.491s mem=91124KiB roottime=273.330s load=1.00 rootload=1.00
ramon: poll                 wall=04m35.000s usage=04m34.820s user=04m34.329s sys=00.491s mem=91124KiB roottime=274.330s load=1.00 rootload=1.00
ramon: poll                 wall=04m36.000s usage=04m35.820s user=04m35.327s sys=00.493s mem=91124KiB roottime=275.320s load=1.00 rootload=0.99
ramon: poll                 wall=04m37.013s usage=04m36.831s user=04m36.336s sys=00.495s mem=91380KiB roottime=276.330s load=1.00 rootload=1.00
ramon: poll                 wall=04m38.000s usage=04m37.819s user=04m37.323s sys=00.496s mem=91380KiB roottime=277.320s load=1.00 rootload=1.00
ramon: poll                 wall=04m39.006s usage=04m38.823s user=04m38.327s sys=00.497s mem=91380KiB roottime=278.320s load=1.00 rootload=0.99
ramon: poll                 wall=04m40.000s usage=04m39.818s user=04m39.321s sys=00.497s mem=91380KiB roottime=279.320s load=1.00 rootload=1.01
ramon: poll                 wall=04m41.005s usage=04m40.821s user=04m40.325s sys=00.497s mem=91380KiB roottime=280.320s load=1.00 rootload=1.00
ramon: poll                 wall=04m42.004s usage=04m41.821s user=04m41.325s sys=00.497s mem=91380KiB roottime=281.320s load=1.00 rootload=1.00
ramon: poll                 wall=04m43.000s usage=04m42.817s user=04m42.319s sys=00.498s mem=91380KiB roottime=282.310s load=1.00 rootload=0.99
ramon: poll                 wall=04m44.008s usage=04m43.824s user=04m43.326s sys=00.498s mem=91380KiB roottime=283.320s load=1.00 rootload=1.00
ramon: poll                 wall=04m45.000s usage=04m44.816s user=04m44.318s sys=00.498s mem=91380KiB roottime=284.310s load=1.00 rootload=1.00
ramon: poll                 wall=04m46.007s usage=04m45.822s user=04m45.323s sys=00.499s mem=91380KiB roottime=285.320s load=1.00 rootload=1.00
ramon: poll                 wall=04m47.000s usage=04m46.815s user=04m46.316s sys=00.499s mem=91380KiB roottime=286.310s load=1.00 rootload=1.00
ramon: poll                 wall=04m48.006s usage=04m47.820s user=04m47.321s sys=00.499s mem=91380KiB roottime=287.320s load=1.00 rootload=1.00
ramon: poll                 wall=04m49.000s usage=04m48.815s user=04m48.315s sys=00.500s mem=91380KiB roottime=288.310s load=1.00 rootload=1.00
ramon: poll                 wall=04m50.003s usage=04m49.814s user=04m49.312s sys=00.502s mem=91380KiB roottime=289.310s load=1.00 rootload=1.00
ramon: poll                 wall=04m51.004s usage=04m50.813s user=04m50.311s sys=00.502s mem=91380KiB roottime=290.310s load=1.00 rootload=1.00
ramon: poll                 wall=04m52.003s usage=04m51.809s user=04m51.307s sys=00.503s mem=91380KiB roottime=291.300s load=1.00 rootload=0.99
ramon: poll                 wall=04m53.005s usage=04m52.809s user=04m52.306s sys=00.503s mem=91380KiB roottime=292.300s load=1.00 rootload=1.00
ramon: poll                 wall=04m54.003s usage=04m53.804s user=04m53.301s sys=00.503s mem=91380KiB roottime=293.300s load=1.00 rootload=1.00
ramon: poll                 wall=04m55.005s usage=04m54.805s user=04m54.303s sys=00.503s mem=91380KiB roottime=294.300s load=1.00 rootload=1.00
ramon: poll                 wall=04m56.000s usage=04m55.801s user=04m55.298s sys=00.503s mem=91380KiB roottime=295.290s load=1.00 rootload=0.99
ramon: poll                 wall=04m57.006s usage=04m56.806s user=04m56.303s sys=00.503s mem=91380KiB roottime=296.300s load=1.00 rootload=1.00
ramon: poll                 wall=04m58.000s usage=04m57.800s user=04m57.298s sys=00.503s mem=91380KiB roottime=297.290s load=1.00 rootload=1.00
ramon: poll                 wall=04m59.008s usage=04m58.807s user=04m58.304s sys=00.504s mem=91380KiB roottime=298.300s load=1.00 rootload=1.00
ramon: poll                 wall=05m00.000s usage=04m59.800s user=04m59.296s sys=00.504s mem=91380KiB roottime=299.290s load=1.00 rootload=1.00
ramon: poll                 wall=05m01.004s usage=05m00.803s user=05m00.297s sys=00.506s mem=91892KiB roottime=300.290s load=1.00 rootload=1.00
ramon: poll                 wall=05m02.004s usage=05m01.803s user=05m01.297s sys=00.506s mem=91892KiB roottime=301.290s load=1.00 rootload=1.00
ramon: poll                 wall=05m03.002s usage=05m02.801s user=05m02.295s sys=00.506s mem=91892KiB roottime=302.290s load=1.00 rootload=1.00
ramon: poll                 wall=05m04.006s usage=05m03.804s user=05m03.298s sys=00.506s mem=91892KiB roottime=303.290s load=1.00 rootload=1.00
ramon: poll                 wall=05m05.004s usage=05m04.802s user=05m04.296s sys=00.506s mem=91892KiB roottime=304.290s load=1.00 rootload=1.00
ramon: poll                 wall=05m06.002s usage=05m05.800s user=05m05.294s sys=00.506s mem=91892KiB roottime=305.290s load=1.00 rootload=1.00
ramon: poll                 wall=05m07.004s usage=05m06.803s user=05m06.297s sys=00.506s mem=91892KiB roottime=306.290s load=1.00 rootload=1.00
ramon: poll                 wall=05m08.006s usage=05m07.803s user=05m07.298s sys=00.506s mem=91892KiB roottime=307.290s load=1.00 rootload=1.00
ramon: poll                 wall=05m09.001s usage=05m08.799s user=05m08.294s sys=00.506s mem=91892KiB roottime=308.290s load=1.00 rootload=1.00
ramon: poll                 wall=05m10.004s usage=05m09.802s user=05m09.296s sys=00.506s mem=91892KiB roottime=309.290s load=1.00 rootload=1.00
ramon: poll                 wall=05m11.004s usage=05m10.801s user=05m10.295s sys=00.506s mem=91892KiB roottime=310.290s load=1.00 rootload=1.00
ramon: poll                 wall=05m12.000s usage=05m11.798s user=05m11.292s sys=00.506s mem=91892KiB roottime=311.290s load=1.00 rootload=1.00
ramon: poll                 wall=05m13.007s usage=05m12.804s user=05m12.298s sys=00.506s mem=91892KiB roottime=312.290s load=1.00 rootload=0.99
ramon: poll                 wall=05m14.000s usage=05m13.797s user=05m13.291s sys=00.506s mem=91892KiB roottime=313.290s load=1.00 rootload=1.01
ramon: poll                 wall=05m15.003s usage=05m14.799s user=05m14.293s sys=00.506s mem=91892KiB roottime=314.290s load=1.00 rootload=1.00
ramon: poll                 wall=05m16.003s usage=05m15.800s user=05m15.294s sys=00.506s mem=91892KiB roottime=315.290s load=1.00 rootload=1.00
ramon: poll                 wall=05m17.004s usage=05m16.800s user=05m16.294s sys=00.506s mem=91892KiB roottime=316.290s load=1.00 rootload=1.00
ramon: poll                 wall=05m18.002s usage=05m17.797s user=05m17.292s sys=00.506s mem=91892KiB roottime=317.290s load=1.00 rootload=1.00
ramon: poll                 wall=05m19.003s usage=05m18.798s user=05m18.293s sys=00.506s mem=91892KiB roottime=318.290s load=1.00 rootload=1.00
ramon: poll                 wall=05m20.004s usage=05m19.799s user=05m19.292s sys=00.507s mem=91892KiB roottime=319.290s load=1.00 rootload=1.00
ramon: poll                 wall=05m21.004s usage=05m20.801s user=05m20.294s sys=00.507s mem=91892KiB roottime=320.290s load=1.00 rootload=1.00
ramon: poll                 wall=05m22.000s usage=05m21.795s user=05m21.289s sys=00.507s mem=91892KiB roottime=321.290s load=1.00 rootload=1.00
ramon: poll                 wall=05m23.005s usage=05m22.799s user=05m22.292s sys=00.508s mem=91892KiB roottime=322.290s load=1.00 rootload=1.00
ramon: poll                 wall=05m24.001s usage=05m23.796s user=05m23.287s sys=00.509s mem=92148KiB roottime=323.280s load=1.00 rootload=0.99
ramon: poll                 wall=05m25.003s usage=05m24.797s user=05m24.283s sys=00.514s mem=93172KiB roottime=324.280s load=1.00 rootload=1.00
ramon: poll                 wall=05m26.000s usage=05m25.794s user=05m25.280s sys=00.514s mem=93172KiB roottime=325.280s load=1.00 rootload=1.00
ramon: poll                 wall=05m27.000s usage=05m26.794s user=05m26.280s sys=00.514s mem=93172KiB roottime=326.280s load=1.00 rootload=1.00
ramon: poll                 wall=05m28.000s usage=05m27.793s user=05m27.279s sys=00.514s mem=93172KiB roottime=327.280s load=1.00 rootload=1.00
ramon: poll                 wall=05m29.003s usage=05m28.794s user=05m28.281s sys=00.514s mem=93172KiB roottime=328.280s load=1.00 rootload=1.00
ramon: poll                 wall=05m30.006s usage=05m29.797s user=05m29.283s sys=00.514s mem=93172KiB roottime=329.280s load=1.00 rootload=1.00
ramon: poll                 wall=05m31.001s usage=05m30.791s user=05m30.278s sys=00.514s mem=93172KiB roottime=330.270s load=1.00 rootload=0.99
ramon: poll                 wall=05m32.003s usage=05m31.793s user=05m31.279s sys=00.514s mem=93172KiB roottime=331.280s load=1.00 rootload=1.01
ramon: poll                 wall=05m33.003s usage=05m32.792s user=05m32.279s sys=00.514s mem=93172KiB roottime=332.270s load=1.00 rootload=0.99
ramon: poll                 wall=05m34.005s usage=05m33.794s user=05m33.280s sys=00.514s mem=93172KiB roottime=333.280s load=1.00 rootload=1.01
ramon: poll                 wall=05m35.001s usage=05m34.789s user=05m34.276s sys=00.514s mem=93172KiB roottime=334.270s load=1.00 rootload=0.99
ramon: poll                 wall=05m36.004s usage=05m35.792s user=05m35.279s sys=00.514s mem=93172KiB roottime=335.270s load=1.00 rootload=1.00
ramon: poll                 wall=05m37.003s usage=05m36.790s user=05m36.276s sys=00.514s mem=93172KiB roottime=336.270s load=1.00 rootload=1.00
ramon: poll                 wall=05m38.003s usage=05m37.764s user=05m37.250s sys=00.514s mem=93024KiB roottime=337.250s load=0.97 rootload=0.98
ramon: poll                 wall=05m39.004s usage=05m38.764s user=05m38.251s sys=00.514s mem=93024KiB roottime=338.250s load=1.00 rootload=1.00
ramon: poll                 wall=05m40.000s usage=05m39.759s user=05m39.246s sys=00.514s mem=93024KiB roottime=339.240s load=1.00 rootload=0.99
ramon: poll                 wall=05m41.007s usage=05m40.765s user=05m40.251s sys=00.514s mem=93024KiB roottime=340.250s load=1.00 rootload=1.00
ramon: poll                 wall=05m42.000s usage=05m41.759s user=05m41.245s sys=00.514s mem=93280KiB roottime=341.240s load=1.00 rootload=1.00
ramon: poll                 wall=05m43.006s usage=05m42.759s user=05m42.245s sys=00.514s mem=93280KiB roottime=342.240s load=0.99 rootload=0.99
ramon: poll                 wall=05m44.000s usage=05m43.752s user=05m43.237s sys=00.515s mem=93280KiB roottime=343.230s load=1.00 rootload=1.00
ramon: poll                 wall=05m45.005s usage=05m44.753s user=05m44.238s sys=00.515s mem=93324KiB roottime=344.230s load=1.00 rootload=1.00
ramon: poll                 wall=05m46.000s usage=05m45.749s user=05m45.232s sys=00.517s mem=93324KiB roottime=345.230s load=1.00 rootload=1.00
ramon: poll                 wall=05m47.003s usage=05m46.745s user=05m46.228s sys=00.517s mem=93116KiB roottime=346.220s load=0.99 rootload=0.99
ramon: poll                 wall=05m48.004s usage=05m47.739s user=05m47.222s sys=00.517s mem=93372KiB roottime=347.220s load=0.99 rootload=1.00
ramon: poll                 wall=05m49.004s usage=05m48.731s user=05m48.214s sys=00.517s mem=93128KiB roottime=348.210s load=0.99 rootload=0.99
ramon: poll                 wall=05m50.000s usage=05m49.723s user=05m49.206s sys=00.517s mem=93128KiB roottime=349.200s load=1.00 rootload=0.99
ramon: poll                 wall=05m51.003s usage=05m50.721s user=05m50.204s sys=00.517s mem=93128KiB roottime=350.200s load=1.00 rootload=1.00
ramon: poll                 wall=05m52.002s usage=05m51.718s user=05m51.201s sys=00.517s mem=93384KiB roottime=351.200s load=1.00 rootload=1.00
ramon: poll                 wall=05m53.003s usage=05m52.719s user=05m52.202s sys=00.517s mem=93384KiB roottime=352.200s load=1.00 rootload=1.00
ramon: poll                 wall=05m54.002s usage=05m53.716s user=05m53.199s sys=00.518s mem=93384KiB roottime=353.200s load=1.00 rootload=1.00
ramon: poll                 wall=05m55.005s usage=05m54.718s user=05m54.200s sys=00.519s mem=93384KiB roottime=354.200s load=1.00 rootload=1.00
ramon: poll                 wall=05m56.004s usage=05m55.717s user=05m55.197s sys=00.520s mem=93384KiB roottime=355.190s load=1.00 rootload=0.99
ramon: poll                 wall=05m57.001s usage=05m56.713s user=05m56.192s sys=00.521s mem=93384KiB roottime=356.190s load=1.00 rootload=1.00
ramon: poll                 wall=05m58.004s usage=05m57.715s user=05m57.194s sys=00.522s mem=93384KiB roottime=357.190s load=1.00 rootload=1.00
ramon: poll                 wall=05m59.003s usage=05m58.713s user=05m58.190s sys=00.524s mem=93384KiB roottime=358.190s load=1.00 rootload=1.00
ramon: poll                 wall=06m00.004s usage=05m59.714s user=05m59.191s sys=00.524s mem=93384KiB roottime=359.190s load=1.00 rootload=1.00
ramon: poll                 wall=06m01.005s usage=06m00.714s user=06m00.190s sys=00.524s mem=93384KiB roottime=360.190s load=1.00 rootload=1.00
ramon: poll                 wall=06m02.002s usage=06m01.712s user=06m01.188s sys=00.524s mem=93384KiB roottime=361.180s load=1.00 rootload=0.99
ramon: poll                 wall=06m03.007s usage=06m02.715s user=06m02.191s sys=00.524s mem=93384KiB roottime=362.190s load=1.00 rootload=1.01
ramon: poll                 wall=06m04.002s usage=06m03.710s user=06m03.186s sys=00.524s mem=93384KiB roottime=363.180s load=1.00 rootload=0.99
ramon: poll                 wall=06m05.006s usage=06m04.711s user=06m04.184s sys=00.527s mem=93384KiB roottime=364.180s load=1.00 rootload=1.00
ramon: poll                 wall=06m06.004s usage=06m05.708s user=06m05.181s sys=00.528s mem=93384KiB roottime=365.180s load=1.00 rootload=1.00
ramon: poll                 wall=06m07.000s usage=06m06.704s user=06m06.175s sys=00.530s mem=93640KiB roottime=366.170s load=1.00 rootload=0.99
ramon: poll                 wall=06m08.007s usage=06m07.710s user=06m07.181s sys=00.530s mem=93640KiB roottime=367.180s load=1.00 rootload=1.00
ramon: poll                 wall=06m09.004s usage=06m08.706s user=06m08.176s sys=00.531s mem=93640KiB roottime=368.170s load=1.00 rootload=0.99
ramon: poll                 wall=06m10.005s usage=06m09.707s user=06m09.174s sys=00.533s mem=93640KiB roottime=369.170s load=1.00 rootload=1.00
ramon: poll                 wall=06m11.004s usage=06m10.705s user=06m10.172s sys=00.534s mem=93640KiB roottime=370.170s load=1.00 rootload=1.00
ramon: poll                 wall=06m12.004s usage=06m11.705s user=06m11.172s sys=00.534s mem=93640KiB roottime=371.170s load=1.00 rootload=1.00
ramon: poll                 wall=06m13.004s usage=06m12.704s user=06m12.171s sys=00.534s mem=93640KiB roottime=372.170s load=1.00 rootload=1.00
ramon: poll                 wall=06m14.002s usage=06m13.702s user=06m13.169s sys=00.534s mem=93640KiB roottime=373.160s load=1.00 rootload=0.99
ramon: poll                 wall=06m15.000s usage=06m14.700s user=06m14.167s sys=00.534s mem=93640KiB roottime=374.160s load=1.00 rootload=1.00
ramon: poll                 wall=06m16.004s usage=06m15.704s user=06m15.171s sys=00.534s mem=93640KiB roottime=375.170s load=1.00 rootload=1.01
ramon: poll                 wall=06m17.001s usage=06m16.700s user=06m16.166s sys=00.534s mem=93640KiB roottime=376.160s load=1.00 rootload=0.99
ramon: poll                 wall=06m18.007s usage=06m17.705s user=06m17.171s sys=00.534s mem=93640KiB roottime=377.170s load=1.00 rootload=1.00
ramon: poll                 wall=06m19.002s usage=06m18.700s user=06m18.166s sys=00.534s mem=93640KiB roottime=378.160s load=1.00 rootload=1.00
ramon: poll                 wall=06m20.002s usage=06m19.700s user=06m19.166s sys=00.534s mem=93640KiB roottime=379.160s load=1.00 rootload=1.00
ramon: poll                 wall=06m21.002s usage=06m20.699s user=06m20.166s sys=00.534s mem=93640KiB roottime=380.160s load=1.00 rootload=1.00
ramon: poll                 wall=06m22.000s usage=06m21.697s user=06m21.163s sys=00.534s mem=93640KiB roottime=381.160s load=1.00 rootload=1.00
ramon: poll                 wall=06m23.002s usage=06m22.697s user=06m22.164s sys=00.534s mem=93640KiB roottime=382.160s load=1.00 rootload=1.00
ramon: poll                 wall=06m24.003s usage=06m23.698s user=06m23.164s sys=00.534s mem=93640KiB roottime=383.160s load=1.00 rootload=1.00
ramon: poll                 wall=06m25.005s usage=06m24.701s user=06m24.167s sys=00.534s mem=93640KiB roottime=384.160s load=1.00 rootload=1.00
ramon: poll                 wall=06m26.000s usage=06m25.695s user=06m25.161s sys=00.534s mem=93640KiB roottime=385.160s load=1.00 rootload=1.01
ramon: poll                 wall=06m27.000s usage=06m26.695s user=06m26.161s sys=00.534s mem=93640KiB roottime=386.160s load=1.00 rootload=1.00
ramon: poll                 wall=06m28.000s usage=06m27.694s user=06m27.160s sys=00.534s mem=93640KiB roottime=387.160s load=1.00 rootload=1.00
ramon: poll                 wall=06m29.000s usage=06m28.694s user=06m28.160s sys=00.534s mem=93640KiB roottime=388.160s load=1.00 rootload=1.00
ramon: poll                 wall=06m30.003s usage=06m29.695s user=06m29.161s sys=00.534s mem=93640KiB roottime=389.160s load=1.00 rootload=1.00
ramon: poll                 wall=06m31.006s usage=06m30.698s user=06m30.164s sys=00.534s mem=93640KiB roottime=390.160s load=1.00 rootload=1.00
ramon: poll                 wall=06m32.004s usage=06m31.695s user=06m31.161s sys=00.534s mem=93640KiB roottime=391.160s load=1.00 rootload=1.00
ramon: poll                 wall=06m33.000s usage=06m32.691s user=06m32.158s sys=00.534s mem=93640KiB roottime=392.150s load=1.00 rootload=0.99
ramon: poll                 wall=06m34.002s usage=06m33.692s user=06m33.158s sys=00.534s mem=93640KiB roottime=393.150s load=1.00 rootload=1.00
ramon: poll                 wall=06m35.059s usage=06m34.749s user=06m34.215s sys=00.534s mem=93640KiB roottime=394.210s load=1.00 rootload=1.00
ramon: poll                 wall=06m36.023s usage=06m35.712s user=06m35.178s sys=00.534s mem=93640KiB roottime=395.170s load=1.00 rootload=1.00
ramon: poll                 wall=06m37.024s usage=06m36.712s user=06m36.178s sys=00.534s mem=93640KiB roottime=396.170s load=1.00 rootload=1.00
ramon: poll                 wall=06m38.007s usage=06m37.694s user=06m37.161s sys=00.534s mem=93640KiB roottime=397.160s load=1.00 rootload=1.01
ramon: poll                 wall=06m39.004s usage=06m38.691s user=06m38.157s sys=00.534s mem=93640KiB roottime=398.150s load=1.00 rootload=0.99
ramon: poll                 wall=06m40.000s usage=06m39.687s user=06m39.154s sys=00.534s mem=93640KiB roottime=399.150s load=1.00 rootload=1.00
ramon: poll                 wall=06m41.003s usage=06m40.689s user=06m40.155s sys=00.534s mem=93640KiB roottime=400.150s load=1.00 rootload=1.00
ramon: poll                 wall=06m42.000s usage=06m41.686s user=06m41.153s sys=00.534s mem=93640KiB roottime=401.150s load=1.00 rootload=1.00
ramon: poll                 wall=06m43.003s usage=06m42.688s user=06m42.154s sys=00.534s mem=93640KiB roottime=402.150s load=1.00 rootload=1.00
ramon: poll                 wall=06m44.003s usage=06m43.687s user=06m43.152s sys=00.535s mem=93640KiB roottime=403.150s load=1.00 rootload=1.00
ramon: poll                 wall=06m45.004s usage=06m44.688s user=06m44.153s sys=00.535s mem=93640KiB roottime=404.150s load=1.00 rootload=1.00
ramon: poll                 wall=06m46.000s usage=06m45.684s user=06m45.149s sys=00.535s mem=93640KiB roottime=405.150s load=1.00 rootload=1.00
ramon: poll                 wall=06m47.003s usage=06m46.685s user=06m46.150s sys=00.536s mem=93640KiB roottime=406.150s load=1.00 rootload=1.00
ramon: poll                 wall=06m48.004s usage=06m47.687s user=06m47.151s sys=00.536s mem=93640KiB roottime=407.150s load=1.00 rootload=1.00
ramon: poll                 wall=06m49.001s usage=06m48.682s user=06m48.147s sys=00.536s mem=93640KiB roottime=408.140s load=1.00 rootload=0.99
ramon: poll                 wall=06m50.016s usage=06m49.697s user=06m49.161s sys=00.536s mem=93640KiB roottime=409.160s load=1.00 rootload=1.01
ramon: poll                 wall=06m51.003s usage=06m50.673s user=06m50.137s sys=00.536s mem=93640KiB roottime=410.130s load=0.99 rootload=0.98
ramon: poll                 wall=06m52.004s usage=06m51.673s user=06m51.138s sys=00.536s mem=93640KiB roottime=411.130s load=1.00 rootload=1.00
ramon: poll                 wall=06m53.000s usage=06m52.661s user=06m52.126s sys=00.536s mem=93640KiB roottime=412.120s load=0.99 rootload=0.99
ramon: poll                 wall=06m54.000s usage=06m53.659s user=06m53.123s sys=00.536s mem=93640KiB roottime=413.120s load=1.00 rootload=1.00
ramon: poll                 wall=06m55.004s usage=06m54.652s user=06m54.115s sys=00.537s mem=93640KiB roottime=414.110s load=0.99 rootload=0.99
ramon: poll                 wall=06m56.000s usage=06m55.648s user=06m55.111s sys=00.537s mem=93640KiB roottime=415.110s load=1.00 rootload=1.00
ramon: poll                 wall=06m57.000s usage=06m56.638s user=06m56.102s sys=00.537s mem=93640KiB roottime=416.100s load=0.99 rootload=0.99
ramon: poll                 wall=06m58.002s usage=06m57.639s user=06m57.102s sys=00.537s mem=93640KiB roottime=417.100s load=1.00 rootload=1.00
ramon: poll                 wall=06m59.004s usage=06m58.640s user=06m58.071s sys=00.569s mem=52196KiB roottime=418.070s load=1.00 rootload=0.97
ramon: end                  Fri Apr 18 15:34:40 2025
ramon: root.execname        z3
ramon: root.utime           418.070s
ramon: root.stime           0.590s
ramon: group.total          418.666s
ramon: group.utime          418.072s
ramon: group.stime          0.594s
ramon: group.mempeak        95176KiB
ramon: group.pidpeak        2
ramon: status               exited
ramon: exitcode             0
ramon: walltime             419.032s
ramon: loadavg              1.00
