ramon: cwd                  /home/runner/a/_work/z3-poly-testing/z3-poly-testing
ramon: start                Wed Apr  9 22:39:16 2025
ramon: nproc                128
ramon: sys.mem              64150 MiB
ramon: sys.mem.free         20167 MiB
ramon: sys.mem.avail        63950 MiB
ramon: sys.nprocs           3237
ramon: argv                 0 = z3
ramon: argv                 1 = inputs/QF_NIA_small/From_T2__rlft3.t2__p9095_terminationG_0.smt2
ramon: argv                 2 = -T:600
ramon: argv                 3 = -st
ramon: argv                 4 = lp.dio=false
ramon: childpid             2493659
ramon: poll                 wall=01.002s usage=00.978s user=00.630s sys=00.347s mem=78336KiB roottime=0.630s load=0.98 rootload=0.63
ramon: poll                 wall=02.002s usage=01.975s user=01.396s sys=00.579s mem=110MiB roottime=1.390s load=1.00 rootload=0.76
ramon: poll                 wall=03.005s usage=02.976s user=02.374s sys=00.602s mem=115MiB roottime=2.370s load=1.00 rootload=0.98
ramon: poll                 wall=04.004s usage=03.973s user=03.355s sys=00.618s mem=118MiB roottime=3.350s load=1.00 rootload=0.98
ramon: poll                 wall=05.004s usage=04.970s user=04.352s sys=00.618s mem=118MiB roottime=4.350s load=1.00 rootload=1.00
ramon: poll                 wall=06.000s usage=05.964s user=05.346s sys=00.618s mem=118MiB roottime=5.340s load=1.00 rootload=0.99
ramon: poll                 wall=07.002s usage=06.964s user=06.344s sys=00.620s mem=119MiB roottime=6.340s load=1.00 rootload=1.00
ramon: poll                 wall=08.002s usage=07.961s user=07.341s sys=00.620s mem=119MiB roottime=7.340s load=1.00 rootload=1.00
ramon: poll                 wall=09.004s usage=08.961s user=08.340s sys=00.621s mem=119MiB roottime=8.340s load=1.00 rootload=1.00
ramon: poll                 wall=10.002s usage=09.957s user=09.336s sys=00.621s mem=119MiB roottime=9.330s load=1.00 rootload=0.99
ramon: poll                 wall=11.001s usage=10.954s user=10.330s sys=00.623s mem=120MiB roottime=10.330s load=1.00 rootload=1.00
ramon: poll                 wall=12.004s usage=11.956s user=11.329s sys=00.627s mem=121MiB roottime=11.330s load=1.00 rootload=1.00
ramon: poll                 wall=13.000s usage=12.952s user=12.325s sys=00.627s mem=121MiB roottime=12.320s load=1.00 rootload=0.99
ramon: poll                 wall=14.000s usage=13.951s user=13.324s sys=00.627s mem=121MiB roottime=13.320s load=1.00 rootload=1.00
ramon: poll                 wall=15.003s usage=14.954s user=14.326s sys=00.627s mem=121MiB roottime=14.320s load=1.00 rootload=1.00
ramon: end                  Wed Apr  9 22:39:32 2025
ramon: root.execname        z3
ramon: root.utime           15.180s
ramon: root.stime           0.650s
ramon: group.total          15.839s
ramon: group.utime          15.182s
ramon: group.stime          0.657s
ramon: group.mempeak        123MiB
ramon: group.pidpeak        3
ramon: status               exited
ramon: exitcode             0
ramon: walltime             15.891s
ramon: loadavg              1.00
