unsat
(:added-eqs                       273809
 :arith-eq-adapter                1361
 :arith-bound-propagations-lp     55835
 :arith-conflicts                 5201
 :arith-diseq                     46880
 :arith-fixed-eqs                 47145
 :arith-grobner-calls             38
 :arith-grobner-conflicts         32
 :arith-horner-calls              6
 :arith-horner-conflicts          3
 :arith-horner-cross-nested-forms 300
 :arith-lower                     101764
 :arith-make-feasible             82078
 :arith-max-columns               1893
 :arith-max-rows                  645
 :arith-nla-add-bounds            23
 :arith-nla-propagate-bounds      4703
 :arith-nla-propagate-eq          62338
 :arith-offset-eqs                11263
 :arith-upper                     154101
 :binary-propagations             467327
 :cnf-encoding-aux-vars           544
 :conflicts                       1227
 :decisions                       278956
 :del-clause                      820
 :elim-unconstrained              1282
 :final-checks                    494
 :max-memory                      105.18
 :memory                          55.22
 :minimized-lits                  257
 :mk-bool-var                     12329
 :mk-clause                       3618
 :mk-clause-binary                45981
 :nlsat-conflicts                 36734
 :nlsat-decisions                 1105081
 :nlsat-propagations              3507582
 :nlsat-restarts                  3
 :nlsat-stages                    132770
 :num-allocs                      919911327
 :num-checks                      2
 :propagations                    557174
 :restarts                        11
 :rlimit-count                    13759578
 :sat-mk-clause-2ary              145220
 :sat-mk-clause-nary              200710
 :sat-mk-var                      100120
 :solve-eqs-elim-vars             141
 :solve-eqs-steps                 571
 :time                            10.31
 :total-time                      10.30)
