ramon: cwd                  /home/gh1/A/_work/z3-poly-testing/z3-poly-testing
ramon: start                Sat Oct 26 14:59:43 2024
ramon: nproc                32
ramon: sys.mem              63442 MiB
ramon: sys.mem.free         29748 MiB
ramon: sys.mem.avail        62609 MiB
ramon: sys.nprocs           2890
ramon: argv                 0 = z3
ramon: argv                 1 = inputs/QF_UF_SAT/gensys_brn709.smt2
ramon: argv                 2 = -T:20
ramon: argv                 3 = -v:2
ramon: argv                 4 = -st
ramon: argv                 5 = tactic.default_tactic=(then simplify propagate-values solve-eqs simplify smt)
ramon: argv                 6 = model_validate=true
ramon: argv                 7 = smt.sls.enable=true
ramon: childpid             418224
(smt.searching)
(smt.stats :restarts     :decisions :clauses/bin/units       :simplify   :memory)
(smt.stats        :conflicts    :propagations        :lemmas      :deletions   )
(smt.stats    0      0      0      0   795/470/115       0/0     0    0   51.07)
(smt.stats    0     37    108    490   800/475/115      32/0     1    0   51.46)
sls.euf: incremental 0
(sat.ddfw :unsat :models :kflips/sec  :flips  :restarts  :reinits  :unsat_vars  :shifts)
(sat.ddfw      18      1       168       168         0          0           45       11)
sls-result l_undef
ramon: end                  Sat Oct 26 14:59:43 2024
ramon: root.execname        z3
ramon: root.utime           0.010s
ramon: root.stime           0.010s
ramon: group.total          0.023s
ramon: group.utime          0.012s
ramon: group.stime          0.012s
ramon: group.mempeak        54288KiB
ramon: group.pidpeak        3
ramon: status               exited
ramon: exitcode             0
ramon: walltime             0.043s
ramon: loadavg              0.54
