sat
(:added-eqs           3966
 :binary-propagations 1138
 :conflicts           35
 :decisions           41
 :del-clause          66
 :final-checks        1
 :max-memory          51.29
 :memory              17.69
 :minimized-lits      47
 :mk-bool-var         389
 :mk-clause           227
 :mk-clause-binary    284
 :num-allocs          260636
 :num-checks          1
 :propagations        1803
 :rlimit-count        43562
 :solve-eqs-elim-vars 4
 :solve-eqs-steps     8
 :time                0.01
 :total-time          0.02)
