sat
(:added-eqs           8698
 :binary-propagations 861
 :conflicts           72
 :decisions           100
 :del-clause          10
 :final-checks        1
 :max-memory          51.45
 :memory              17.58
 :minimized-lits      136
 :mk-bool-var         350
 :mk-clause           198
 :mk-clause-binary    154
 :num-allocs          263771
 :num-checks          1
 :propagations        1812
 :rlimit-count        48665
 :solve-eqs-elim-vars 4
 :solve-eqs-steps     8
 :time                0.01
 :total-time          0.02)
