ramon: cwd                  /home/gh1/A/_work/z3-poly-testing/z3-poly-testing
ramon: start                Sun Oct 27 22:27:59 2024
ramon: nproc                32
ramon: sys.mem              63442 MiB
ramon: sys.mem.free         38154 MiB
ramon: sys.mem.avail        62201 MiB
ramon: sys.nprocs           1023
ramon: argv                 0 = z3
ramon: argv                 1 = inputs/QF_BV_SAT/rand_150_600_1159731678_14.lp.smt2
ramon: argv                 2 = -T:20
ramon: argv                 3 = -v:2
ramon: argv                 4 = smt.bv.solver=2
ramon: argv                 5 = -st
ramon: argv                 6 = tactic.default_tactic=(then simplify propagate-values solve-eqs simplify smt)
ramon: argv                 7 = model_validate=true
ramon: childpid             2315291
(smt.searching)
(smt.stats :restarts     :decisions :clauses/bin/units        :simplify   :memory)
(smt.stats        :conflicts    :propagations         :lemmas      :deletions   )
(smt.stats    0      0      0      0  3879/2554/296       0/0     0    0   23.28)
ramon: poll                 wall=1.000s usage=0.909s mem=80772KiB load=0.91 rootload=0.86
ramon: poll                 wall=2.000s usage=1.899s mem=80956KiB load=0.99 rootload=0.99
ramon: poll                 wall=3.000s usage=2.888s mem=80956KiB load=0.99 rootload=0.99
ramon: poll                 wall=4.000s usage=3.876s mem=81048KiB load=0.99 rootload=0.99
ramon: poll                 wall=5.000s usage=4.865s mem=81048KiB load=0.99 rootload=0.99
ramon: poll                 wall=6.000s usage=5.854s mem=81184KiB load=0.99 rootload=0.99
ramon: poll                 wall=7.000s usage=6.846s mem=81184KiB load=0.99 rootload=0.99
ramon: poll                 wall=8.000s usage=7.837s mem=81184KiB load=0.99 rootload=0.99
ramon: poll                 wall=9.000s usage=8.831s mem=81184KiB load=0.99 rootload=1.00
(smt.stats    0    101 103405   4144 25487/24750/18169      97/97     5 3651   78.12)
ramon: poll                 wall=10.000s usage=9.819s mem=81188KiB load=0.99 rootload=0.98
ramon: poll                 wall=11.000s usage=10.806s mem=81192KiB load=0.99 rootload=0.99
ramon: poll                 wall=12.000s usage=11.806s mem=81484KiB load=1.00 rootload=1.00
ramon: poll                 wall=13.000s usage=12.804s mem=81484KiB load=1.00 rootload=1.00
ramon: poll                 wall=14.000s usage=13.801s mem=81484KiB load=1.00 rootload=0.99
ramon: poll                 wall=15.000s usage=14.797s mem=81488KiB load=1.00 rootload=1.00
ramon: poll                 wall=16.000s usage=15.793s mem=81488KiB load=1.00 rootload=0.99
ramon: poll                 wall=17.000s usage=16.789s mem=81744KiB load=1.00 rootload=1.00
(smt.stats    1    202 221157  11302 25487/24750/18171     196/196     7 3651   78.51)
ramon: poll                 wall=18.000s usage=17.786s mem=81544KiB load=1.00 rootload=1.00
ramon: poll                 wall=19.000s usage=18.783s mem=81824KiB load=1.00 rootload=0.99
ramon: poll                 wall=20.000s usage=19.778s mem=81872KiB load=0.99 rootload=1.00
ramon: end                  Sun Oct 27 22:28:20 2024
ramon: root.execname        z3
ramon: root.utime           19.820s
ramon: root.stime           0.040s
ramon: group.total          19.868s
ramon: group.utime          19.820s
ramon: group.stime          0.048s
ramon: group.mempeak        81872KiB
ramon: group.pidpeak        2
ramon: status               exited
ramon: exitcode             0
ramon: walltime             20.090s
ramon: loadavg              0.99
