ramon: cwd                  /tmp/runner/actions-runner/_work/z3-poly-testing/z3-poly-testing
ramon: start                Wed Dec 18 13:20:35 2024
ramon: nproc                128
ramon: sys.mem              64150 MiB
ramon: sys.mem.free         39880 MiB
ramon: sys.mem.avail        64010 MiB
ramon: sys.nprocs           2929
ramon: argv                 0 = z3
ramon: argv                 1 = /tmp/runner/actions-runner/_work/z3-poly-testing/z3-poly-testing/download/non-incremental/QF_NIA/20220315-MathProblems/STC_0489.smt2
ramon: argv                 2 = -T:600
ramon: argv                 3 = -st
ramon: childpid             3606534
ramon: poll                 wall=01.000s usage=00.976s user=00.940s sys=00.036s mem=37820KiB roottime=0.940s load=0.98 rootload=0.94
ramon: poll                 wall=02.000s usage=01.976s user=01.936s sys=00.040s mem=38332KiB roottime=1.930s load=1.00 rootload=0.99
ramon: poll                 wall=03.000s usage=02.975s user=02.928s sys=00.047s mem=39356KiB roottime=2.920s load=1.00 rootload=0.99
ramon: poll                 wall=04.000s usage=03.975s user=03.928s sys=00.047s mem=40808KiB roottime=3.920s load=1.00 rootload=1.00
ramon: poll                 wall=05.000s usage=04.975s user=04.922s sys=00.053s mem=42088KiB roottime=4.920s load=1.00 rootload=1.00
ramon: poll                 wall=06.000s usage=05.975s user=05.921s sys=00.054s mem=42344KiB roottime=5.920s load=1.00 rootload=1.00
ramon: poll                 wall=07.000s usage=06.974s user=06.920s sys=00.054s mem=42344KiB roottime=6.920s load=1.00 rootload=1.00
ramon: poll                 wall=08.000s usage=07.974s user=07.915s sys=00.059s mem=42600KiB roottime=7.910s load=1.00 rootload=0.99
ramon: poll                 wall=09.000s usage=08.974s user=08.912s sys=00.062s mem=42856KiB roottime=8.910s load=1.00 rootload=1.00
ramon: poll                 wall=10.000s usage=09.974s user=09.911s sys=00.063s mem=43112KiB roottime=9.910s load=1.00 rootload=1.00
ramon: poll                 wall=11.000s usage=10.973s user=10.908s sys=00.065s mem=43616KiB roottime=10.900s load=1.00 rootload=0.99
ramon: poll                 wall=12.000s usage=11.973s user=11.906s sys=00.067s mem=44128KiB roottime=11.900s load=1.00 rootload=1.00
ramon: poll                 wall=13.000s usage=12.973s user=12.906s sys=00.067s mem=44640KiB roottime=12.900s load=1.00 rootload=1.00
ramon: poll                 wall=14.000s usage=13.973s user=13.906s sys=00.067s mem=45152KiB roottime=13.900s load=1.00 rootload=1.00
ramon: poll                 wall=15.000s usage=14.972s user=14.901s sys=00.071s mem=45408KiB roottime=14.900s load=1.00 rootload=1.00
ramon: poll                 wall=16.000s usage=15.972s user=15.895s sys=00.077s mem=46356KiB roottime=15.890s load=1.00 rootload=0.99
ramon: poll                 wall=17.000s usage=16.972s user=16.887s sys=00.085s mem=47124KiB roottime=16.880s load=1.00 rootload=0.99
ramon: poll                 wall=18.000s usage=17.972s user=17.886s sys=00.086s mem=48148KiB roottime=17.880s load=1.00 rootload=1.00
ramon: poll                 wall=19.000s usage=18.972s user=18.881s sys=00.091s mem=49428KiB roottime=18.880s load=1.00 rootload=1.00
ramon: poll                 wall=20.000s usage=19.971s user=19.876s sys=00.095s mem=50708KiB roottime=19.870s load=1.00 rootload=0.99
ramon: poll                 wall=21.000s usage=20.971s user=20.873s sys=00.098s mem=51732KiB roottime=20.870s load=1.00 rootload=1.00
ramon: poll                 wall=22.000s usage=21.971s user=21.868s sys=00.103s mem=56852KiB roottime=21.860s load=1.00 rootload=0.99
ramon: poll                 wall=23.000s usage=22.970s user=22.867s sys=00.103s mem=56852KiB roottime=22.860s load=1.00 rootload=1.00
ramon: poll                 wall=24.000s usage=23.970s user=23.867s sys=00.103s mem=56852KiB roottime=23.860s load=1.00 rootload=1.00
ramon: poll                 wall=25.000s usage=24.970s user=24.867s sys=00.103s mem=56852KiB roottime=24.860s load=1.00 rootload=1.00
ramon: poll                 wall=26.000s usage=25.969s user=25.866s sys=00.103s mem=56852KiB roottime=25.860s load=1.00 rootload=1.00
ramon: poll                 wall=27.000s usage=26.969s user=26.866s sys=00.103s mem=56852KiB roottime=26.860s load=1.00 rootload=1.00
ramon: poll                 wall=28.000s usage=27.968s user=27.865s sys=00.103s mem=56644KiB roottime=27.860s load=1.00 rootload=1.00
ramon: poll                 wall=29.000s usage=28.967s user=28.864s sys=00.103s mem=56644KiB roottime=28.860s load=1.00 rootload=1.00
ramon: end                  Wed Dec 18 13:21:05 2024
ramon: root.execname        z3
ramon: root.utime           29.690s
ramon: root.stime           0.110s
ramon: group.total          29.810s
ramon: group.utime          29.692s
ramon: group.stime          0.118s
ramon: group.mempeak        56900KiB
ramon: group.pidpeak        2
ramon: status               exited
ramon: exitcode             0
ramon: walltime             29.843s
ramon: loadavg              1.00
