sat
(:max-memory              46.59
 :memory                  19.74
 :num-allocs              215491504
 :rlimit-count            43317346
 :sat-backjumps           37654
 :sat-conflicts           37654
 :sat-decisions           48959
 :sat-del-clause          54999
 :sat-elim-bool-vars-res  9007
 :sat-elim-clauses        9
 :sat-elim-literals       572
 :sat-gc-clause           9930
 :sat-minimized-lits      2463133
 :sat-mk-clause-2ary      27991
 :sat-mk-clause-3ary      10130
 :sat-mk-clause-nary      112527
 :sat-mk-var              18637
 :sat-probing-assigned    3
 :sat-propagations-2ary   12266933
 :sat-propagations-nary   31655132
 :sat-restarts            3784
 :sat-scc-elim-binary     6
 :sat-scc-elim-vars       50
 :sat-subs-resolution     308
 :sat-subs-resolution-dyn 127287
 :sat-subsumed            9183
 :sat-units               6
 :time                    9.63
 :total-time              9.66)
