ramon: cwd                  /home/gh1/A/_work/z3-poly-testing/z3-poly-testing
ramon: start                Tue Dec 24 13:58:28 2024
ramon: nproc                32
ramon: sys.mem              63442 MiB
ramon: sys.mem.free         41837 MiB
ramon: sys.mem.avail        61779 MiB
ramon: sys.nprocs           1434
ramon: argv                 0 = z3
ramon: argv                 1 = inputs/QF_BV_SAT/80.smt2
ramon: argv                 2 = -T:20
ramon: argv                 3 = -v:2
ramon: argv                 4 = -st
ramon: argv                 5 = tactic.default_tactic=(then simplify propagate-values solve-eqs simplify smt)
ramon: argv                 6 = model_validate=true
ramon: childpid             2190778
(smt.searching)
(smt.stats :restarts     :decisions :clauses/bin/units          :simplify   :memory)
(smt.stats        :conflicts    :propagations           :lemmas      :deletions   )
(smt.stats    0      0      0      0 371211/103438/53       0/0     0    0   64.98)
(smt.stats    0    101   2664  32751 370872/103490/1489      49/0     1  407   66.92)
(smt.stats    1    202   8547 445501 370996/103509/1489     131/0     1  407   68.23)
(smt.stats    2    313  20591 1780828 370957/103587/1489     164/0     1  407   68.96)
ramon: poll                 wall=1.000s usage=0.998s mem=71180KiB load=1.00 rootload=0.97
(smt.stats    3    414  24685 2254455 371715/103595/1489     257/0     1  407   69.16)
(smt.stats    4    525  30088 2797424 371057/103643/1489     320/0     1  407   69.84)
ramon: poll                 wall=2.002s usage=2.000s mem=73268KiB load=1.00 rootload=1.00
(smt.stats    5    647  48607 4389563 371101/103679/1489     406/0     1  407   70.90)
(smt.stats :restarts :decisions    :clauses/bin/units              :simplify   :memory)
(smt.stats      :conflicts :propagations                 :lemmas      :deletions     )
(smt.stats    6    748  70603 5743412 371202/103715/1489     471/0     1  407   71.00)
ramon: poll                 wall=3.000s usage=2.998s mem=73580KiB load=1.00 rootload=1.00
(smt.stats    7    859  81025 6677167 371156/103736/1489     561/0     1  407   71.19)
(smt.stats    8    981  85556 7143841 371165/103759/1489     660/0     1  407   71.29)
(smt.stats    9   1115  95485 7916509 371359/103782/1489     771/0     1  407   71.39)
ramon: poll                 wall=4.000s usage=3.997s mem=73832KiB load=1.00 rootload=1.00
(smt.stats   10   1216 105052 8343292 371264/103813/1489     841/0     1  407   71.39)
(smt.stats   11   1327 112525 8847986 371420/103845/1489     920/0     1  407   71.48)
(smt.stats :restarts :decisions    :clauses/bin/units              :simplify   :memory)
(smt.stats     :conflicts  :propagations                :lemmas       :deletions     )
(smt.stats   12   1449 118725 9217796 371442/103861/1489    1026/3     1  407   71.48)
(smt.stats   13   1583 125079 9605655 371315/103885/1489    1136/3     1  407   71.58)
(smt.stats   14   1730 140555 10305571 371923/103912/1489    1256/3     1  407   71.68)
ramon: poll                 wall=5.000s usage=4.997s mem=74160KiB load=1.00 rootload=1.00
(smt.stats   15   1831 144884 10525167 371387/103920/1489    1349/3     1  407   71.68)
(smt.stats   16   1942 149227 10638968 371598/103940/1489    1440/3     1  407   71.68)
(smt.stats   17   2064 155891 11189847 372486/103957/1489    1545/3     1  407   71.87)
(smt.stats :restarts :decisions     :clauses/bin/units              :simplify   :memory)
(smt.stats     :conflicts  :propagations                 :lemmas       :deletions     )
(smt.stats   18   2198 166237 11957609 371822/103972/1489    1664/3     1  407   71.97)
ramon: poll                 wall=6.000s usage=5.997s mem=74612KiB load=1.00 rootload=1.00
(smt.stats   19   2345 173085 12460473 372114/103998/1489    1785/3     1  407   72.07)
(smt.stats   20   2506 176602 12853920 371859/104030/1489    1914/3     1  407   72.07)
(smt.stats   21   2607 182702 13210383 372204/104033/1489    2012/3     1  407   72.07)
(smt.stats   22   2718 185100 13364112 372211/104039/1489    2117/3     1  407   72.16)
(smt.stats   23   2840 189378 13781430 371883/104050/1489    2228/3     1  407   72.16)
(smt.stats   24   2974 192273 13872696 371973/104076/1489    2336/3     1  407   72.26)
ramon: poll                 wall=7.000s usage=6.997s mem=74920KiB load=1.00 rootload=1.00
(smt.stats   25   3121 197098 14193348 371958/104079/1489    2480/3     1  407   72.26)
(smt.stats   26   3282 201397 14440977 372648/104089/1489    2631/3     1  407   72.75)
(smt.stats   27   3459 203713 14721041 372068/104097/1489    2800/3     1  407   72.75)
(smt.stats   28   3560 205088 14774932 371998/104097/1489    2901/3     1  407   72.85)
(smt.stats   29   3671 205363 14788714 371791/104098/1489    3011/3     1  407   72.85)
(smt.stats   30   3793 209982 15172026 371876/104101/1489    3130/3     1  407   72.85)
(smt.stats   31   3927 212948 15578498 372781/104108/1489    3257/3     1  407   72.94)
(smt.stats   32   4074 214059 15709400 372091/104118/1489    3394/3     1  407   72.94)
(smt.stats   33   4235 215093 15775782 372121/104121/1489    3552/3     1  407   73.04)
(smt.stats   34   4412 217205 16009392 372216/104127/1489    3723/3     1  407   73.14)
ramon: poll                 wall=8.000s usage=7.996s mem=75836KiB load=1.00 rootload=1.00
(smt.stats   35   4606 219783 16354065 372714/104144/1489    3900/3     1  407   73.14)
(smt.stats   36   4707 222840 16583572 373094/104147/1489    3998/3     1  407   73.23)
(smt.stats   37   4818 224891 16786175 372254/104162/1489    4094/3     1  407   73.23)
(smt.stats :restarts :decisions     :clauses/bin/units              :simplify   :memory)
(smt.stats     :conflicts  :propagations                 :lemmas       :deletions     )
(smt.stats   38   4940 226831 17099229 372488/104162/1489    4216/3     1  407   73.23)
(smt.delete-inactive-clauses  :num-deleted-clauses 1279)
(smt.stats   39   5074 228217 17176872 372164/104163/1489    3070/3     1  407   73.14)
(smt.stats   40   5221 229345 17310196 372320/104166/1489    3214/3     1  407   73.14)
(smt.stats   41   5382 233265 17614375 372579/104176/1489    3365/3     1  407   73.14)
(smt.stats   42   6300 235053 18242595 372442/104199/1489    4260/3     1  407   73.23)
(smt.stats   43   6434 235695 18307210 372322/104199/1489    4394/3     1  407   73.23)
(smt.stats   44   6581 237462 18539815 372534/104201/1489    4539/3     1  407   73.33)
ramon: poll                 wall=9.000s usage=8.996s mem=76072KiB load=1.00 rootload=1.00
(smt.stats   45   6742 238578 18669279 372584/104205/1489    4696/3     1  407   73.33)
(smt.stats   46   7113 241546 18945963 372635/104208/1489    5064/3     1  407   73.33)
(smt.stats   47   7326 244571 19245012 372365/104211/1489    5274/3     1  407   73.52)
(smt.stats   48   7560 249434 19457905 372353/104228/1489    5491/3     1  407   73.52)
(smt.stats   49   7661 249961 19489888 372363/104230/1489    5590/3     1  407   73.52)
(smt.stats   50   7772 250836 19555964 372430/104234/1489    5697/3     1  407   73.62)
(smt.stats   51   7894 251163 19565743 372457/104234/1489    5819/3     1  407   73.62)
(smt.stats   52   8028 251649 19600541 372417/104234/1489    5953/3     1  407   73.62)
(smt.stats   53   8175 252142 19663710 372438/104234/1489    6100/3     1  407   73.72)
(smt.stats   54   8336 253171 19751525 372519/104236/1489    6259/3     1  407   73.72)
(smt.stats   55   8513 256425 19925909 372466/104245/1489    6427/3     1  407   73.72)
(smt.stats   56   8707 258760 20207851 373055/104252/1489    6614/3     1  407   73.81)
(smt.stats   57   8920 259508 20450274 372527/104259/1489    6820/3     1  407   73.81)
(smt.stats :restarts :decisions     :clauses/bin/units              :simplify   :memory)
(smt.stats     :conflicts  :propagations                 :lemmas       :deletions     )
(smt.stats   58   9154 261480 20743873 372963/104260/1489    7053/3     1  407   73.81)
(smt.stats   59   9411 261863 20808039 372663/104260/1489    7310/3     1  407   73.91)
(smt.stats   60   9512 262410 20839080 372959/104261/1489    7410/3     1  407   73.91)
(smt.delete-inactive-clauses  :num-deleted-clauses 2658)
ramon: poll                 wall=10.002s usage=9.998s mem=76952KiB load=1.00 rootload=1.00
(smt.stats   61  11544 265624 21108685 372847/104269/1489    6776/3     1  407   74.00)
(smt.stats   62  11645 266696 21217126 373184/104270/1489    6876/3     1  407   74.00)
(smt.stats   63  11756 267269 21279341 372829/104273/1489    6984/3     1  407   74.00)
(smt.stats   64  11878 268145 21413066 372733/104273/1489    7106/3     1  407   74.10)
(smt.stats   65  12012 269106 21530592 374317/104273/1489    7240/3     1  407   74.10)
(smt.stats   66  12159 269485 21596917 372882/104274/1489    7386/3     1  407   74.20)
(smt.stats   67  12320 270243 21773223 372967/104274/1489    7547/3     1  407   74.20)
(smt.stats   68  12497 270868 21833357 373030/104280/1489    7718/3     1  407   74.31)
(smt.stats   69  12691 272327 22224269 373376/104282/1489    7910/3     1  407   74.31)
(smt.stats   70  12904 273298 22392288 373036/104287/1489    8118/3     1  407   74.42)
(smt.stats   71  13138 277000 22713527 373096/104296/1489    8343/3     1  407   74.42)
(smt.stats   72  13395 279182 22998387 373047/104300/1489    8596/3     1  407   74.52)
(smt.stats   73  13677 281579 23202139 373078/104309/1489    8869/3     1  407   74.52)
(smt.stats   74  13987 282141 23288274 372952/104310/1489    9178/3     1  407   74.52)
(smt.stats   75  14088 282886 23409369 373138/104317/1489    9272/3     1  407   74.61)
ramon: poll                 wall=11.000s usage=10.995s mem=77344KiB load=1.00 rootload=1.00
(smt.stats   76  14199 287745 24155435 373110/104322/1489    9378/3     1  407   74.61)
(smt.stats   77  14321 291811 24403958 372999/104323/1489    9499/6     1  407   74.80)
(smt.stats :restarts :decisions     :clauses/bin/units              :simplify   :memory)
(smt.stats    :conflicts   :propagations                 :lemmas       :deletions     )
(smt.stats   78  14455 293166 24536278 372921/104325/1489    9631/6     1  407   74.80)
(smt.stats   79  14602 293375 24538438 372966/104325/1489    9778/6     1  407   74.90)
(smt.stats   80  14763 294622 24680945 373184/104328/1489    9936/6     1  407   74.90)
(smt.stats   81  14940 297175 24850092 373029/104329/1489   10112/6     1  407   75.00)
(smt.delete-inactive-clauses  :num-deleted-clauses 1929)
(smt.stats   82  15134 301910 25218306 373264/104333/1489    8373/6     1  407   74.90)
(smt.stats   83  15347 303509 25363140 373147/104334/1489    8585/6     1  407   74.90)
(smt.stats   84  15581 304835 25511251 372921/104335/1489    8818/6     1  407   74.90)
(smt.stats   85  15838 305748 25612327 373047/104335/1489    9075/6     1  407   75.00)
ramon: poll                 wall=12.000s usage=11.994s mem=77924KiB load=1.00 rootload=1.00
(smt.stats   86  16120 306821 25796086 373095/104336/1489    9356/6     1  407   75.00)
(smt.stats   87  16770 307896 26042896 373459/104342/1489   10000/6     1  407   75.19)
(smt.stats   88  16871 308904 26110522 373167/104342/1489   10101/6     1  407   75.19)
(smt.stats   89  17104 311931 26363128 373249/104360/1489   10316/6     1  407   75.19)
(smt.stats   90  17238 312776 26432931 373146/104365/1489   10445/6     1  407   75.29)
(smt.stats   91  17385 313911 26521027 373234/104372/1489   10585/6     1  407   75.29)
(smt.stats   92  17546 315009 26648385 373451/104377/1489   10741/6     1  407   75.29)
(smt.stats   93  17723 315645 26830059 374192/104383/1489   10912/6     1  407   75.39)
(smt.stats   94  17917 316536 26953773 373323/104386/1489   11103/6     1  407   75.39)
(smt.stats   95  18621 317675 27179976 373889/104387/1489   11806/6     1  407   75.59)
(smt.stats   96  18903 319044 27539835 373372/104388/1489   12087/6     1  407   75.59)
(smt.stats   97  19213 321102 27807704 373162/104394/1489   12391/6     1  407   75.79)
ramon: poll                 wall=13.002s usage=12.996s mem=78680KiB load=1.00 rootload=0.99
(smt.stats :restarts :decisions     :clauses/bin/units              :simplify   :memory)
(smt.stats    :conflicts   :propagations                :lemmas        :deletions     )
(smt.stats   98  19553 328219 28817166 373198/104405/1489   12720/6     1  407   75.89)
(smt.delete-inactive-clauses  :num-deleted-clauses 6620)
(smt.stats   99  20027 330061 29163341 373331/104411/1489    6568/6     1  407   75.60)
(smt.stats  100  20138 330838 29293935 373380/104418/1489    6672/6     1  407   75.60)
(smt.stats  101  20394 333844 29618783 373646/104422/1489    6924/6     1  407   75.60)
(smt.stats  102  20541 334633 29700032 373734/104428/1489    7065/6     1  407   75.60)
(smt.stats  103  20879 338745 30062130 373412/104432/1489    7399/6     1  407   75.60)
(smt.stats  104  21073 339146 30205159 373280/104432/1489    7593/6     1  407   75.60)
(smt.stats  105  21777 340283 30454285 373247/104432/1489    8297/6     1  407   75.70)
ramon: poll                 wall=14.000s usage=13.993s mem=78792KiB load=1.00 rootload=1.00
(smt.stats  106  22059 341515 30907094 373342/104435/1489    8576/6     1  407   75.70)
(smt.stats  107  22369 342197 31130500 373655/104442/1489    8879/6     1  407   75.70)
(smt.stats  108  22709 345421 31476061 373325/104449/1491    9211/6     2  440   75.70)
(smt.stats  109  23082 346864 31822086 373417/104451/1491    9582/6     2  440   75.79)
(smt.stats  110  23492 348272 32270805 373482/104454/1491    9989/6     2  440   75.79)
(smt.stats  111  23593 349569 32387038 373466/104454/1491   10090/6     2  440   75.89)
(smt.stats  112  23704 351102 32525855 373945/104457/1491   10198/6     2  440   75.89)
(smt.stats  113  23826 352211 32672108 373907/104457/1491   10320/6     2  440   75.89)
(smt.stats  114  24639 353566 32826154 373420/104460/1491   11130/6     2  440   75.99)
(smt.stats  115  24852 355041 33001754 373732/104464/1491   11339/6     2  440   75.99)
(smt.delete-inactive-clauses  :num-deleted-clauses 2369)
(smt.stats  116  25086 355984 33311090 373466/104469/1491    9199/6     2  440   75.80)
ramon: poll                 wall=15.007s usage=14.997s mem=79148KiB load=1.00 rootload=0.99
(smt.stats  117  25343 357578 33602790 373624/104470/1491    9455/6     2  440   75.80)
(smt.stats :restarts :decisions     :clauses/bin/units              :simplify   :memory)
(smt.stats    :conflicts   :propagations                 :lemmas       :deletions     )
(smt.stats  118  25625 358913 33976362 373475/104478/1491    9729/6     2  440   75.80)
(smt.stats  119  26275 361628 34839305 373613/104489/1491   10368/6     2  440   75.99)
(smt.stats  120  26648 363285 34986159 373522/104494/1491   10736/6     2  440   75.99)
(smt.stats  121  27058 364058 35120586 373756/104495/1491   11145/6     2  440   75.99)
(smt.stats  122  27508 365614 35470500 373715/104503/1491   11587/8     2  440   76.09)
(smt.stats  123  27720 366506 35654619 373533/104507/1491   11795/8     2  440   76.09)
(smt.stats  124  27842 367053 35762032 373521/104510/1491   11914/8     2  440   76.09)
(smt.stats  125  27976 368044 35893525 373659/104525/1491   12033/8     2  440   76.09)
ramon: poll                 wall=16.000s usage=15.949s mem=78956KiB load=0.96 rootload=0.97
(smt.stats  126  28123 370132 36047944 373752/104531/1491   12174/8     2  440   76.09)
(smt.stats  127  28284 371417 36160477 373634/104537/1491   12329/8     2  440   76.09)
(smt.stats  128  28461 372219 36204362 373752/104547/1491   12496/8     2  440   76.09)
(smt.stats  129  28868 374671 36786685 373600/104552/1491   12898/8     2  440   76.18)
(smt.stats  130  29102 376493 36976395 374046/104562/1491   13122/8     2  440   76.28)
(smt.stats  131  29359 377473 37234067 373778/104563/1491   13378/8     2  440   76.28)
(smt.stats  132  29641 378327 37436516 373649/104566/1491   13657/8     2  440   76.28)
(smt.stats  133  29951 380240 37640659 373794/104568/1491   13965/9     2  440   76.28)
(smt.delete-inactive-clauses  :num-deleted-clauses 1095)
(smt.stats  134  30291 381831 37967203 373917/104577/1491   13201/9     2  440   75.99)
(smt.stats  135  30664 384311 38552277 373919/104585/1491   13566/9     2  440   76.09)
ramon: poll                 wall=17.000s usage=16.948s mem=79180KiB load=1.00 rootload=1.00
(smt.stats  136  31074 386302 39252774 374341/104593/1491   13968/9     2  440   76.18)
(smt.stats  137  31524 387033 39479191 373810/104593/1491   14418/9     2  440   76.18)
(smt.stats :restarts :decisions     :clauses/bin/units              :simplify   :memory)
(smt.stats    :conflicts   :propagations                :lemmas        :deletions     )
(smt.stats  138  32119 389741 40004050 373906/104593/1491   15013/9     2  440   76.28)
(smt.stats  139  32230 390583 40126817 373838/104593/1491   15124/9     2  440   76.28)
(smt.stats  140  32352 390923 40166163 373716/104595/1491   15244/9     2  440   76.28)
(smt.stats  141  32486 391260 40196533 373806/104597/1491   15376/9     2  440   76.38)
(smt.stats  142  32633 391723 40276174 374196/104600/1491   15520/9     2  440   76.38)
(smt.stats  143  32971 393050 40839899 373951/104604/1491   15854/9     2  440   76.48)
(smt.stats  144  33165 393818 41020353 373994/104616/1491   16036/9     2  440   76.48)
ramon: poll                 wall=18.000s usage=17.948s mem=79496KiB load=1.00 rootload=0.99
(smt.stats  145  33378 394444 41435246 373869/104621/1491   16244/9     2  440   76.57)
(smt.stats  146  33612 395625 41714158 373936/104624/1491   16475/9     2  440   76.67)
(smt.stats  147  33869 407915 43125515 374484/104628/1491   16728/9     2  440   76.77)
(smt.stats  148  34151 408355 43151770 373782/104630/1491   17008/9     2  440   76.87)
ramon: poll                 wall=19.000s usage=18.948s mem=79920KiB load=1.00 rootload=1.00
(smt.stats  149  34461 411552 43432085 373922/104634/1491   17314/9     2  440   76.87)
(smt.stats  150  34801 416985 44124113 374622/104639/1491   17649/9     2  440   77.06)
(smt.delete-inactive-clauses  :num-deleted-clauses 6135)
(smt.stats  151  35174 417960 44207725 374203/104640/1491   11886/9     2  440   76.49)
(smt.stats  152  35584 420184 44511090 374160/104643/1491   12293/9     2  440   76.49)
(smt.stats  153  36034 422873 44940319 374019/104650/1491   12736/9     2  440   76.58)
(smt.stats  154  36528 425167 45299199 373911/104653/1491   13227/9     2  440   76.58)
ramon: poll                 wall=20.000s usage=19.947s mem=80092KiB load=1.00 rootload=1.00
ramon: end                  Tue Dec 24 13:58:48 2024
ramon: root.execname        z3
ramon: root.utime           19.920s
ramon: root.stime           0.030s
ramon: group.total          19.959s
ramon: group.utime          19.927s
ramon: group.stime          0.032s
ramon: group.mempeak        80348KiB
ramon: group.pidpeak        2
ramon: status               exited
ramon: exitcode             0
ramon: walltime             20.012s
ramon: loadavg              1.00
