unsat
(:added-eqs                   4001913
 :arith-eq-adapter            5652
 :arith-bound-propagations-lp 290106
 :arith-conflicts             566
 :arith-diseq                 100081
 :arith-fixed-eqs             287564
 :arith-lower                 307884
 :arith-make-feasible         66915
 :arith-max-columns           2271
 :arith-max-rows              1498
 :arith-offset-eqs            144013
 :arith-upper                 332962
 :binary-propagations         8857813
 :conflicts                   26960
 :decisions                   583448
 :del-clause                  36024
 :max-memory                  59.65
 :memory                      35.92
 :minimized-lits              215680
 :mk-bool-var                 27930
 :mk-clause                   40562
 :mk-clause-binary            57737
 :num-allocs                  1687817978
 :num-checks                  1
 :propagations                11649082
 :restarts                    151
 :rlimit-count                40845253
 :time                        73.67
 :total-time                  72.55)
