ramon: cwd                  /home/gh1/A/_work/z3-poly-testing/z3-poly-testing
ramon: start                Tue Sep  3 16:06:15 2024
ramon: nproc                32
ramon: sys.mem              63442 MiB
ramon: sys.mem.free         21855 MiB
ramon: sys.mem.avail        62634 MiB
ramon: sys.nprocs           3227
ramon: argv                 0 = z3
ramon: argv                 1 = inputs/QF_BV_SAT/bin_libmsrpc_vc1228577.smt2
ramon: argv                 2 = -T:3
ramon: argv                 3 = -v:2
ramon: argv                 4 = -st
ramon: argv                 5 = tactic.default_tactic=(then simplify propagate-values solve-eqs simplify qfbv-sls)
ramon: childpid             1848967
(restarts: 0 flips: 16 fps: 410.256)
ramon: end                  Tue Sep  3 16:06:15 2024
ramon: root.execname        z3
ramon: root.utime           0.050s
ramon: root.stime           0.000s
ramon: group.total          0.064s
ramon: group.utime          0.060s
ramon: group.stime          0.004s
ramon: group.mempeak        24016KiB
ramon: group.pidpeak        2
ramon: status               exited
ramon: exitcode             0
ramon: walltime             0.065s
ramon: loadavg              0.98
