ramon: cwd                  /home/gh1/A/_work/z3-poly-testing/z3-poly-testing
ramon: start                Tue Sep  3 16:05:29 2024
ramon: nproc                32
ramon: sys.mem              63442 MiB
ramon: sys.mem.free         22322 MiB
ramon: sys.mem.avail        62635 MiB
ramon: sys.nprocs           3147
ramon: argv                 0 = z3
ramon: argv                 1 = inputs/QF_BV_SAT/bv-term-small-rw_337.smt2
ramon: argv                 2 = -T:3
ramon: argv                 3 = -v:2
ramon: argv                 4 = -st
ramon: argv                 5 = tactic.default_tactic=(then simplify propagate-values solve-eqs simplify qfbv-sls)
ramon: childpid             1806198
ramon: poll                 wall=1.000s usage=0.993s user=0.989s sys=0.004s mem=17976KiB roottime=0.980s load=0.99 rootload=0.98
ramon: poll                 wall=2.003s usage=1.997s user=1.993s sys=0.004s mem=17976KiB roottime=1.990s load=1.00 rootload=1.01
ramon: poll                 wall=3.000s usage=2.993s user=2.989s sys=0.004s mem=17976KiB roottime=2.980s load=1.00 rootload=0.99
ramon: end                  Tue Sep  3 16:05:32 2024
ramon: root.execname        z3
ramon: root.utime           2.990s
ramon: root.stime           0.000s
ramon: group.total          3.001s
ramon: group.utime          2.993s
ramon: group.stime          0.008s
ramon: group.mempeak        18232KiB
ramon: group.pidpeak        2
ramon: status               exited
ramon: exitcode             0
ramon: walltime             3.007s
ramon: loadavg              1.00
