ramon: cwd                  /home/gh1/A/_work/z3-poly-testing/z3-poly-testing
ramon: start                Sat Jan  4 13:46:39 2025
ramon: nproc                32
ramon: sys.mem              63442 MiB
ramon: sys.mem.free         29337 MiB
ramon: sys.mem.avail        63082 MiB
ramon: sys.nprocs           1098
ramon: argv                 0 = z3
ramon: argv                 1 = inputs/QF_BV_SAT/nnrpd_nnrpd_vc21229.smt2
ramon: argv                 2 = -T:20
ramon: argv                 3 = -v:2
ramon: argv                 4 = -st
ramon: argv                 5 = tactic.default_tactic=(then simplify propagate-values solve-eqs simplify qfbv-sls)
ramon: argv                 6 = model_validate=true
ramon: childpid             845915
ramon: poll                 wall=1.000s usage=0.954s mem=18576KiB load=0.95 rootload=0.94
ramon: poll                 wall=2.000s usage=1.806s mem=18576KiB load=0.85 rootload=0.85
ramon: poll                 wall=3.006s usage=2.652s mem=18576KiB load=0.84 rootload=0.85
ramon: poll                 wall=4.000s usage=3.472s mem=18576KiB load=0.82 rootload=0.81
ramon: poll                 wall=5.000s usage=4.312s mem=18576KiB load=0.84 rootload=0.84
ramon: poll                 wall=6.000s usage=5.128s mem=18576KiB load=0.82 rootload=0.82
ramon: poll                 wall=7.000s usage=5.805s mem=18576KiB load=0.68 rootload=0.67
ramon: poll                 wall=8.001s usage=6.504s mem=18576KiB load=0.70 rootload=0.70
ramon: poll                 wall=9.000s usage=7.226s mem=18576KiB load=0.72 rootload=0.72
ramon: poll                 wall=10.002s usage=7.948s mem=18576KiB load=0.72 rootload=0.72
ramon: poll                 wall=11.000s usage=8.748s mem=18576KiB load=0.80 rootload=0.80
(restarts: 13 flips: 15631 fps: 1308.69)
ramon: end                  Sat Jan  4 13:46:51 2025
ramon: root.execname        z3
ramon: root.utime           9.480s
ramon: root.stime           0.020s
ramon: group.total          9.506s
ramon: group.utime          9.483s
ramon: group.stime          0.024s
ramon: group.mempeak        18832KiB
ramon: group.pidpeak        2
ramon: status               exited
ramon: exitcode             0
ramon: walltime             11.956s
ramon: loadavg              0.80
