ramon: cwd                  /home/runner/a/_work/z3-poly-testing/z3-poly-testing
ramon: start                Sat Mar 15 00:16:42 2025
ramon: nproc                128
ramon: sys.mem              64150 MiB
ramon: sys.mem.free         7540 MiB
ramon: sys.mem.avail        64110 MiB
ramon: sys.nprocs           3605
ramon: argv                 0 = z3
ramon: argv                 1 = /home/runner/a/_work/z3-poly-testing/z3-poly-testing/download/non-incremental/QF_LIA/20220307-SMPT/BART-PT-010/RF-10.smt2
ramon: argv                 2 = -T:600
ramon: argv                 3 = -st
ramon: argv                 4 = smt.arith.lp.dio_eqs=true
ramon: childpid             3185072
ramon: end                  Sat Mar 15 00:16:43 2025
ramon: root.execname        z3
ramon: root.utime           0.560s
ramon: root.stime           0.160s
ramon: group.total          0.725s
ramon: group.utime          0.567s
ramon: group.stime          0.158s
ramon: group.mempeak        35388KiB
ramon: group.pidpeak        2
ramon: status               exited
ramon: exitcode             0
ramon: walltime             0.773s
ramon: loadavg              0.94
