ramon: cwd                  /home/runner/a/_work/z3-poly-testing/z3-poly-testing
ramon: start                Fri Apr 18 12:02:39 2025
ramon: nproc                128
ramon: sys.mem              64150 MiB
ramon: sys.mem.free         36709 MiB
ramon: sys.mem.avail        63050 MiB
ramon: sys.nprocs           3261
ramon: argv                 0 = z3
ramon: argv                 1 = /home/runner/a/_work/z3-poly-testing/z3-poly-testing/download/non-incremental/QF_LIA/nec-smt/large/bftpd_login/prp-48-50.smt2
ramon: argv                 2 = -T:600
ramon: argv                 3 = -st
ramon: argv                 4 = lp.dio=true
ramon: argv                 5 = smt.random_seed=589
ramon: childpid             3675853
ramon: poll                 wall=01.000s usage=00.953s user=00.854s sys=00.098s mem=24388KiB roottime=0.850s load=0.95 rootload=0.85
ramon: poll                 wall=02.000s usage=01.949s user=01.846s sys=00.103s mem=24964KiB roottime=1.840s load=1.00 rootload=0.99
ramon: poll                 wall=03.000s usage=02.948s user=02.774s sys=00.174s mem=35308KiB roottime=2.770s load=1.00 rootload=0.93
ramon: poll                 wall=04.009s usage=03.954s user=03.777s sys=00.178s mem=36844KiB roottime=3.770s load=1.00 rootload=0.99
ramon: end                  Fri Apr 18 12:02:44 2025
ramon: root.execname        z3
ramon: root.utime           3.860s
ramon: root.stime           0.190s
ramon: group.total          4.060s
ramon: group.utime          3.866s
ramon: group.stime          0.195s
ramon: group.mempeak        42884KiB
ramon: group.pidpeak        2
ramon: status               exited
ramon: exitcode             0
ramon: walltime             4.117s
ramon: loadavg              0.99
