ramon: cwd                  /home/runner/a/_work/z3-poly-testing/z3-poly-testing
ramon: start                Fri Apr 18 12:02:34 2025
ramon: nproc                128
ramon: sys.mem              64150 MiB
ramon: sys.mem.free         36502 MiB
ramon: sys.mem.avail        63050 MiB
ramon: sys.nprocs           3256
ramon: argv                 0 = z3
ramon: argv                 1 = /home/runner/a/_work/z3-poly-testing/z3-poly-testing/download/non-incremental/QF_LIA/nec-smt/large/bftpd_login/prp-22-48.smt2
ramon: argv                 2 = -T:600
ramon: argv                 3 = -st
ramon: argv                 4 = lp.dio=true
ramon: argv                 5 = smt.random_seed=589
ramon: childpid             3674655
ramon: poll                 wall=01.000s usage=00.956s user=00.891s sys=00.064s mem=23988KiB roottime=0.890s load=0.96 rootload=0.89
ramon: poll                 wall=02.002s usage=01.948s user=01.879s sys=00.069s mem=25764KiB roottime=1.870s load=0.99 rootload=0.98
ramon: end                  Fri Apr 18 12:02:37 2025
ramon: root.execname        z3
ramon: root.utime           2.490s
ramon: root.stime           0.120s
ramon: group.total          2.620s
ramon: group.utime          2.500s
ramon: group.stime          0.120s
ramon: group.mempeak        42660KiB
ramon: group.pidpeak        2
ramon: status               exited
ramon: exitcode             0
ramon: walltime             2.679s
ramon: loadavg              0.98
