ramon: cwd                  /home/runner/a/_work/z3-poly-testing/z3-poly-testing
ramon: start                Fri Apr 18 12:02:38 2025
ramon: nproc                128
ramon: sys.mem              64150 MiB
ramon: sys.mem.free         36667 MiB
ramon: sys.mem.avail        63050 MiB
ramon: sys.nprocs           3245
ramon: argv                 0 = z3
ramon: argv                 1 = /home/runner/a/_work/z3-poly-testing/z3-poly-testing/download/non-incremental/QF_LIA/nec-smt/large/bftpd_login/prp-4-46.smt2
ramon: argv                 2 = -T:600
ramon: argv                 3 = -st
ramon: argv                 4 = lp.dio=true
ramon: argv                 5 = smt.random_seed=589
ramon: childpid             3675688
ramon: poll                 wall=01.002s usage=00.964s user=00.874s sys=00.090s mem=23644KiB roottime=0.870s load=0.96 rootload=0.87
ramon: end                  Fri Apr 18 12:02:40 2025
ramon: root.execname        z3
ramon: root.utime           1.710s
ramon: root.stime           0.100s
ramon: group.total          1.820s
ramon: group.utime          1.715s
ramon: group.stime          0.105s
ramon: group.mempeak        25264KiB
ramon: group.pidpeak        2
ramon: status               exited
ramon: exitcode             0
ramon: walltime             1.861s
ramon: loadavg              0.98
