unsat
(:added-eqs                       55629
 :arith-eq-adapter                1168
 :arith-bound-propagations-lp     18639
 :arith-branch                    57
 :arith-conflicts                 656
 :arith-cube-calls                30
 :arith-diseq                     46737
 :arith-fixed-eqs                 8450
 :arith-gcd-calls                 281
 :arith-gcd-conflict              1
 :arith-gomory-cuts               67
 :arith-grobner-calls             185
 :arith-grobner-conflicts         7
 :arith-hnf-calls                 25
 :arith-horner-calls              48
 :arith-horner-conflicts          1
 :arith-horner-cross-nested-forms 3381
 :arith-lower                     45325
 :arith-make-feasible             10571
 :arith-max-columns               438
 :arith-max-rows                  240
 :arith-nla-add-bounds            27
 :arith-nla-lemmas                357
 :arith-nla-propagate-bounds      104
 :arith-nla-propagate-eq          388
 :arith-nra-calls                 124
 :arith-offset-eqs                3176
 :arith-patches                   280
 :arith-patches-success           167
 :arith-upper                     25116
 :binary-propagations             72563
 :conflicts                       400
 :datatype-accessor-ax            911
 :datatype-constructor-ax         870
 :datatype-occurs-check           16458
 :datatype-splits                 866
 :decisions                       19583
 :del-clause                      1814
 :elim-unconstrained              2
 :final-checks                    692
 :max-memory                      24.50
 :memory                          18.65
 :minimized-lits                  656
 :mk-bool-var                     6008
 :mk-clause                       2304
 :mk-clause-binary                2679
 :nlsat-conflicts                 9852
 :nlsat-decisions                 448
 :nlsat-propagations              519336
 :nlsat-restarts                  60
 :nlsat-stages                    116177
 :num-allocs                      28142606961.00
 :num-checks                      1
 :propagations                    82442
 :restarts                        3
 :rlimit-count                    10975037
 :solve-eqs-elim-vars             106
 :solve-eqs-steps                 1069
 :time                            9.41
 :total-time                      9.43)
