ramon: cwd                  /home/gh1/A/_work/z3-poly-testing/z3-poly-testing
ramon: start                Wed Jan 22 11:55:41 2025
ramon: nproc                32
ramon: sys.mem              63441 MiB
ramon: sys.mem.free         24585 MiB
ramon: sys.mem.avail        59530 MiB
ramon: sys.nprocs           1406
ramon: argv                 0 = z3
ramon: argv                 1 = inputs/QF_NIA_CInteger/Stroeder_15__Gauss.c__p23059_terminationG_0.smt2
ramon: argv                 2 = -T:60
ramon: argv                 3 = -v:2
ramon: argv                 4 = -st
ramon: argv                 5 = tactic.default_tactic=(then simplify propagate-values solve-eqs simplify smt)
ramon: argv                 6 = smt.sls.enable=true
ramon: argv                 7 = smt.sls.parallel=false
ramon: argv                 8 = model_validate=true
ramon: argv                 9 = sls.arith_use_clausal_lookahead=true
ramon: childpid             3297238
(smt.searching)
(smt.stats :restarts     :decisions :clauses/bin/units    :simplify   :memory)
(smt.stats        :conflicts    :propagations     :lemmas      :deletions   )
(smt.stats    0      0      0      0   141/99/6       0/0     0    0   17.96)
SMT -> SLS phase
SMT -> SLS values
bounded run 30000
(sat.ddfw :unsat :models :kflips/sec  :flips  :restarts  :reinits  :unsat_vars  :shifts)
(sat.ddfw       1      4   165.667      3479         2          0            6     2043)
sls-result l_undef
SLS -> SMT phase 1
SLS -> SMT values
SMT -> SLS phase
SMT -> SLS values
bounded run 20000
(sat.ddfw :unsat :models :kflips/sec  :flips  :restarts  :reinits  :unsat_vars  :shifts)
(sat.ddfw       1      2   68.8529      2341         1          0            1      923)
sls-result l_undef
SLS -> SMT phase 1
SLS -> SMT values
SMT -> SLS phase
SMT -> SLS values
bounded run 10000
(sat.ddfw :unsat :models :kflips/sec  :flips  :restarts  :reinits  :unsat_vars  :shifts)
(sat.ddfw       1      1    27.381      1150         0          0            1      391)
sls-result l_undef
SLS -> SMT phase 1
SLS -> SMT values
SMT -> SLS phase
SMT -> SLS values
bounded run 10000
(sat.ddfw :unsat :models :kflips/sec  :flips  :restarts  :reinits  :unsat_vars  :shifts)
(sat.ddfw       1      1         9       441         0          0            2      592)
sls-result l_undef
SLS -> SMT phase 1
SLS -> SMT values
SMT -> SLS phase
SMT -> SLS values
bounded run 10000
(sat.ddfw :unsat :models :kflips/sec  :flips  :restarts  :reinits  :unsat_vars  :shifts)
(sat.ddfw       1      1   20.9818      1154         0          0            1      410)
sls-result l_undef
SLS -> SMT phase 1
SLS -> SMT values
SMT -> SLS phase
SMT -> SLS values
bounded run 10000
(sat.ddfw :unsat :models :kflips/sec  :flips  :restarts  :reinits  :unsat_vars  :shifts)
(sat.ddfw       1      1    16.129      1000         0          0            1      487)
sls-result l_undef
SLS -> SMT phase 1
SLS -> SMT values
SMT -> SLS phase
SMT -> SLS values
bounded run 10000
(sat.ddfw :unsat :models :kflips/sec  :flips  :restarts  :reinits  :unsat_vars  :shifts)
(sat.ddfw       1      1      24.3      1701         0          0            2      346)
sls-result l_undef
SLS -> SMT phase 1
SLS -> SMT values
SMT -> SLS phase
SMT -> SLS values
bounded run 10000
(sat.ddfw :unsat :models :kflips/sec  :flips  :restarts  :reinits  :unsat_vars  :shifts)
(sat.ddfw       6      1   26.2208      2019         0          0           13      313)
sls-result l_undef
SMT -> SLS phase
SMT -> SLS values
bounded run 10000
(sat.ddfw :unsat :models :kflips/sec  :flips  :restarts  :reinits  :unsat_vars  :shifts)
(sat.ddfw       3      1    25.131      2111         0          0            6      349)
sls-result l_undef
SMT -> SLS phase
SMT -> SLS values
bounded run 10000
(sat.ddfw :unsat :models :kflips/sec  :flips  :restarts  :reinits  :unsat_vars  :shifts)
(sat.ddfw       1      1   14.5604      1325         0          0            1      430)
sls-result l_undef
SLS -> SMT phase 1
SLS -> SMT values
SMT -> SLS phase
SMT -> SLS units 1 2 3 4 -29 30 39
SMT -> SLS values
bounded run 10000
(sat.ddfw :unsat :models :kflips/sec  :flips  :restarts  :reinits  :unsat_vars  :shifts)
(sat.ddfw       1      1   1.79592       176         0          0            2      681)
sls-result l_undef
SLS -> SMT phase 1
SLS -> SMT values
SMT -> SLS phase
SMT -> SLS values
bounded run 10000
(sat.ddfw :unsat :models :kflips/sec  :flips  :restarts  :reinits  :unsat_vars  :shifts)
(sat.ddfw       1      1   7.09524       745         0          0            1      451)
sls-result l_undef
SLS -> SMT phase 1
SLS -> SMT values
SMT -> SLS phase
SMT -> SLS values
bounded run 10000
(sat.ddfw :unsat :models :kflips/sec  :flips  :restarts  :reinits  :unsat_vars  :shifts)
(sat.ddfw       2      1   18.0893      2026         0          0            4      299)
sls-result l_undef
SMT -> SLS phase
SMT -> SLS units 7 33
SMT -> SLS values
bounded run 10000
(sat.ddfw :unsat :models :kflips/sec  :flips  :restarts  :reinits  :unsat_vars  :shifts)
(sat.ddfw       1      1   15.3697      1829         0          0            1      331)
sls-result l_undef
SLS -> SMT phase 1
SLS -> SMT values
SMT -> SLS phase
SMT -> SLS values
bounded run 10000
(sat.ddfw :unsat :models :kflips/sec  :flips  :restarts  :reinits  :unsat_vars  :shifts)
(sat.ddfw       1      1   3.68504       468         0          0            2      571)
sls-result l_undef
SLS -> SMT phase 1
SLS -> SMT values
ramon: end                  Wed Jan 22 11:55:41 2025
ramon: root.execname        z3
ramon: root.utime           0.130s
ramon: root.stime           0.000s
ramon: group.total          0.142s
ramon: group.utime          0.137s
ramon: group.stime          0.004s
ramon: group.mempeak        53068KiB
ramon: group.pidpeak        2
ramon: status               exited
ramon: exitcode             0
ramon: walltime             0.173s
ramon: loadavg              0.82
