ramon: cwd                  /home/gh1/A/_work/z3-poly-testing/z3-poly-testing
ramon: start                Sat Oct 12 16:13:08 2024
ramon: nproc                32
ramon: sys.mem              63442 MiB
ramon: sys.mem.free         29089 MiB
ramon: sys.mem.avail        62635 MiB
ramon: sys.nprocs           2958
ramon: argv                 0 = z3
ramon: argv                 1 = inputs/QF_UF_SAT/iso_brn022.smt2
ramon: argv                 2 = -T:20
ramon: argv                 3 = -v:2
ramon: argv                 4 = sls.euf_incremental=true
ramon: argv                 5 = -st
ramon: argv                 6 = tactic.default_tactic=(then simplify propagate-values solve-eqs simplify sls-smt)
ramon: argv                 7 = model_validate=true
ramon: childpid             252209
UNITS 211 212 213 214 215 216 217 218 219 220 221 222 -487 -488 -489 -490 -491 -492 -493 -494 -495 -496 -497 -498 -499 -500 -501 -502 -503 -504 -11 -505 -506 -507 -44 -508 -509 -83 -510 -119 -511 -512 -513 -514 -515 -516 -517 -518 -519 -520 -521 -522 -523 -524 -525 -526 -527 -528 -529 -530 -19 -531 -532 -533 -55 -534 -535 -91 -536 -128 -537 -538 -539 -540 -541 -27 -542 -543 -544 -60 -545 -546 -99 -547 -133 -548 -549 -550 -551 -552 -32 -30 -553 -554 -68 -66 -555 -104 -102 -140 -138 -197 -556 -557 -558 -559 -560 -561 -562 -563 -564 -565 -566 -567 -568 -569 -570 -571 -572 -573 -574 -575 -576 -577 -578 -579 -580 -581 -582 -583 -584 -585 -586 -587 -588 -589 -590 -591 -592 -593 -594 -595 -596 -597 -598 -599 -600 -601 -602 -603 -604 -605 -606 -607 -608 -609 -610 -611 -612 -613 -614 -615 -149 -616 -145 -147 -146 -617 -187 -189 -188 -151 -153 -152 -193 -192 -199 -618 -619 -620 -621 -156 -622 -623 -624 -162 -625 -626 -168 -627 -174 -181 -203 -205 -206 -208 -209 -194 -195 -207 -201 -210 -200 -202 -628
sls.euf: incremental 1
(sat.ddfw :unsat :models :kflips/sec  :flips  :restarts  :reinits  :unsat_vars  :shifts)
(sat.ddfw       1      4   153.846     10000         4          0            3     6061)
(sat.ddfw       7      1       125     20000        13          1           21    14314)
(sat.ddfw       1     71   210.526     40000        15          2            3    26649)
(sat.ddfw       1     96    256.41     70000        17          3           21    43167)
(sat.ddfw       1     68   275.862    110000        19          4           12    65127)
on-model 
(sat.ddfw       0      1   86.5742    123419        19          5            0    72168)
ramon: end                  Sat Oct 12 16:13:08 2024
ramon: root.execname        z3
ramon: root.utime           0.150s
ramon: root.stime           0.000s
ramon: group.total          0.164s
ramon: group.utime          0.160s
ramon: group.stime          0.004s
ramon: group.mempeak        20060KiB
ramon: group.pidpeak        2
ramon: status               exited
ramon: exitcode             0
ramon: walltime             0.165s
ramon: loadavg              1.00
