ramon: cwd                  /home/gh1/A/_work/z3-poly-testing/z3-poly-testing
ramon: start                Sat Oct 12 16:13:00 2024
ramon: nproc                32
ramon: sys.mem              63442 MiB
ramon: sys.mem.free         29275 MiB
ramon: sys.mem.avail        62635 MiB
ramon: sys.nprocs           2884
ramon: argv                 0 = z3
ramon: argv                 1 = inputs/QF_UF_SAT/QF_UF_cambridge.5.prop1_ab_cti_max.smt2
ramon: argv                 2 = -T:20
ramon: argv                 3 = -v:2
ramon: argv                 4 = sls.euf_incremental=true
ramon: argv                 5 = -st
ramon: argv                 6 = tactic.default_tactic=(then simplify propagate-values solve-eqs simplify sls-smt)
ramon: argv                 7 = model_validate=true
ramon: childpid             231348
UNITS 0 -1 2 3 14 25 28 95 93 102 97 798 817 822 825 869 906 914 925 99 104 110 115 823 829 873 912 915 931
sls.euf: incremental 1
on-model 
(sat.ddfw :unsat :models :kflips/sec  :flips  :restarts  :reinits  :unsat_vars  :shifts)
(sat.ddfw       0      1   882.333      7941         0          0            0     2703)
ramon: end                  Sat Oct 12 16:13:00 2024
ramon: root.execname        z3
ramon: root.utime           0.040s
ramon: root.stime           0.000s
ramon: group.total          0.049s
ramon: group.utime          0.041s
ramon: group.stime          0.007s
ramon: group.mempeak        21668KiB
ramon: group.pidpeak        2
ramon: status               exited
ramon: exitcode             0
ramon: walltime             0.049s
ramon: loadavg              0.98
