ramon: cwd                  /home/gh1/A/_work/z3-poly-testing/z3-poly-testing
ramon: start                Wed Jan 15 21:14:55 2025
ramon: nproc                32
ramon: sys.mem              63441 MiB
ramon: sys.mem.free         13794 MiB
ramon: sys.mem.avail        62262 MiB
ramon: sys.nprocs           1709
ramon: argv                 0 = z3
ramon: argv                 1 = inputs/QF_NIA_CInteger/Stroeder_15__svcomp_ex2.c__p25861_terminationG_0.smt2
ramon: argv                 2 = -T:60
ramon: argv                 3 = -v:2
ramon: argv                 4 = -st
ramon: argv                 5 = smt.sls.enable=true
ramon: argv                 6 = smt.sls.parallel=true
ramon: argv                 7 = model_validate=true
ramon: argv                 8 = sls.arith_use_lookahead=true
ramon: childpid             1885543
(smt.searching)
(smt.stats :restarts     :decisions :clauses/bin/units       :simplify  :memory)
(smt.stats        :conflicts    :propagations        :lemmas      :deletions   )
(smt.stats    0      0      0      0  2657/2566/21       0/0     0    0  100.28)
(nlsat :conflicts 1 :decisions 0 :propagations 97 :clauses 406 :learned 1)
(nlsat :conflicts 1 :decisions 0 :propagations 115 :clauses 530 :learned 1)
(nlsat :conflicts 1 :decisions 0 :propagations 78 :clauses 528 :learned 1)
(nlsat :conflicts 1 :decisions 0 :propagations 69 :clauses 526 :learned 1)
(nlsat :conflicts 1 :decisions 0 :propagations 71 :clauses 546 :learned 1)
(nlsat :conflicts 1 :decisions 0 :propagations 65 :clauses 544 :learned 1)
(nlsat :conflicts 1 :decisions 0 :propagations 114 :clauses 546 :learned 1)
(nlsat :conflicts 1 :decisions 0 :propagations 114 :clauses 545 :learned 1)
(nlsat :conflicts 1 :decisions 0 :propagations 114 :clauses 545 :learned 1)
(smt.stats    0    101  10350   2014  2764/2659/31     171/10     2    3  137.64)
(nlsat :conflicts 1 :decisions 0 :propagations 144 :clauses 532 :learned 1)
(nlsat :conflicts 1 :decisions 0 :propagations 124 :clauses 533 :learned 1)
(nlsat :conflicts 1 :decisions 0 :propagations 118 :clauses 552 :learned 1)
(nlsat :conflicts 4 :decisions 0 :propagations 168 :clauses 589 :learned 4)
(nlsat :conflicts 1 :decisions 0 :propagations 123 :clauses 572 :learned 1)
(nlsat :conflicts 1 :decisions 0 :propagations 119 :clauses 567 :learned 1)
(nlsat :conflicts 1 :decisions 0 :propagations 153 :clauses 536 :learned 1)
(nlsat :conflicts 1 :decisions 0 :propagations 151 :clauses 568 :learned 1)
(nlsat :conflicts 1 :decisions 0 :propagations 152 :clauses 570 :learned 1)
(nlsat :conflicts 1 :decisions 0 :propagations 156 :clauses 595 :learned 1)
(nlsat :conflicts 1 :decisions 0 :propagations 147 :clauses 592 :learned 1)
(nlsat :conflicts 1 :decisions 0 :propagations 144 :clauses 600 :learned 1)
(nlsat :conflicts 1 :decisions 0 :propagations 148 :clauses 602 :learned 1)
ramon: poll                 wall=1.004s usage=0.894s mem=139MiB load=0.89 rootload=0.84
(nlsat :conflicts 1 :decisions 0 :propagations 144 :clauses 590 :learned 1)
(nlsat :conflicts 1 :decisions 0 :propagations 151 :clauses 592 :learned 1)
(nlsat :conflicts 1 :decisions 0 :propagations 58 :clauses 582 :learned 1)
(nlsat :conflicts 1 :decisions 0 :propagations 130 :clauses 579 :learned 1)
(nlsat :conflicts 1 :decisions 0 :propagations 129 :clauses 580 :learned 1)
(smt.stats    1    202  18612   4319  2804/2709/33     345/15     3    3  137.90)
(nlsat :conflicts 1 :decisions 0 :propagations 160 :clauses 596 :learned 1)
(nlsat :conflicts 1 :decisions 0 :propagations 140 :clauses 580 :learned 1)
(nlsat :conflicts 4 :decisions 0 :propagations 155 :clauses 600 :learned 4)
(nlsat :conflicts 4 :decisions 0 :propagations 136 :clauses 593 :learned 4)
(nlsat :conflicts 2 :decisions 0 :propagations 139 :clauses 609 :learned 2)
(nlsat :conflicts 1 :decisions 0 :propagations 81 :clauses 604 :learned 1)
(nlsat :conflicts 1 :decisions 0 :propagations 132 :clauses 597 :learned 1)
(nlsat :conflicts 2 :decisions 0 :propagations 142 :clauses 588 :learned 2)
(nlsat :conflicts 1 :decisions 0 :propagations 133 :clauses 588 :learned 1)
(nlsat :conflicts 1 :decisions 0 :propagations 145 :clauses 604 :learned 1)
(smt.stats    2    313  22254   6074  2819/2720/33     491/21     3    3  138.35)
(smt.stats    3    417  24035   7270  2823/2726/33     627/23     3    3  138.64)
(nlsat :conflicts 1 :decisions 0 :propagations 115 :clauses 642 :learned 1)
(nlsat :conflicts 1 :decisions 0 :propagations 112 :clauses 639 :learned 1)
(nlsat :conflicts 1 :decisions 0 :propagations 112 :clauses 609 :learned 1)
(nlsat :conflicts 1 :decisions 0 :propagations 130 :clauses 597 :learned 1)
(nlsat :conflicts 1 :decisions 0 :propagations 132 :clauses 601 :learned 1)
(nlsat :conflicts 1 :decisions 0 :propagations 151 :clauses 624 :learned 1)
(nlsat :conflicts 1 :decisions 0 :propagations 139 :clauses 617 :learned 1)
(nlsat :conflicts 1 :decisions 0 :propagations 137 :clauses 604 :learned 1)
(nlsat :conflicts 1 :decisions 0 :propagations 139 :clauses 610 :learned 1)
(nlsat :conflicts 1 :decisions 0 :propagations 141 :clauses 640 :learned 1)
ramon: poll                 wall=2.152s usage=2.460s mem=141MiB load=1.36 rootload=1.37
(nlsat :conflicts 2 :decisions 0 :propagations 147 :clauses 648 :learned 2)
(nlsat :conflicts 1 :decisions 0 :propagations 134 :clauses 611 :learned 1)
(nlsat :conflicts 1 :decisions 0 :propagations 140 :clauses 616 :learned 1)
(nlsat :conflicts 1 :decisions 0 :propagations 139 :clauses 618 :learned 1)
(sat.ddfw :unsat :models :kflips/sec  :flips  :restarts  :reinits  :unsat_vars  :shifts)
(sat.ddfw       1      8   1.57265      3128         0          0            2       15)
sls-result l_undef
(nlsat :conflicts 2 :decisions 12 :propagations 26 :clauses 234 :learned 2)
(nlsat-b&b :conflicts 97 :decisions 59 :propagations 1513 :clauses 234 :learned 92)
(nlsat :conflicts 100 :decisions 71 :propagations 1555 :clauses 234 :learned 97)
(nlsat :conflicts 200 :decisions 129 :propagations 3022 :clauses 234 :learned 197)
(nlsat :conflicts 300 :decisions 195 :propagations 4003 :clauses 234 :learned 291)
(nlsat :conflicts 401 :decisions 266 :propagations 4994 :clauses 234 :learned 392)
(nlsat :conflicts 501 :decisions 363 :propagations 6209 :clauses 234 :learned 491)
(nlsat-b&b :conflicts 556 :decisions 404 :propagations 6953 :clauses 234 :learned 546)
(nlsat :conflicts 601 :decisions 465 :propagations 8112 :clauses 234 :learned 600)
(nlsat :conflicts 700 :decisions 598 :propagations 10272 :clauses 234 :learned 699)
(nlsat-b&b :conflicts 713 :decisions 619 :propagations 10666 :clauses 234 :learned 712)
(nlsat :conflicts 800 :decisions 737 :propagations 11747 :clauses 234 :learned 804)
(nlsat :conflicts 900 :decisions 884 :propagations 13897 :clauses 234 :learned 903)
(nlsat-b&b :conflicts 911 :decisions 903 :propagations 14202 :clauses 234 :learned 914)
(nlsat :conflicts 1001 :decisions 998 :propagations 15146 :clauses 234 :learned 1012)
(nlsat :conflicts 1102 :decisions 1124 :propagations 16694 :clauses 234 :learned 1112)
(nlsat :conflicts 1200 :decisions 1218 :propagations 17347 :clauses 234 :learned 1206)
(nlsat :conflicts 1300 :decisions 1314 :propagations 18064 :clauses 234 :learned 1303)
(nlsat :conflicts 1401 :decisions 1429 :propagations 18837 :clauses 234 :learned 1396)
(nlsat :conflicts 1500 :decisions 1489 :propagations 19923 :clauses 234 :learned 1495)
(nlsat :conflicts 1600 :decisions 1576 :propagations 21331 :clauses 234 :learned 1593)
(nlsat :conflicts 1700 :decisions 1656 :propagations 22311 :clauses 234 :learned 1691)
(nlsat :conflicts 1802 :decisions 1732 :propagations 23200 :clauses 234 :learned 1793)
(nlsat :conflicts 1901 :decisions 1809 :propagations 23980 :clauses 234 :learned 1891)
(nlsat :conflicts 2000 :decisions 1875 :propagations 24887 :clauses 234 :learned 1990)
(nlsat :conflicts 2102 :decisions 1953 :propagations 25851 :clauses 234 :learned 2091)
(nlsat :conflicts 2200 :decisions 2054 :propagations 26456 :clauses 234 :learned 2180)
(nlsat :conflicts 2302 :decisions 2185 :propagations 27108 :clauses 234 :learned 2275)
(nlsat :conflicts 2401 :decisions 2292 :propagations 27913 :clauses 234 :learned 2370)
(nlsat :conflicts 2503 :decisions 2371 :propagations 28694 :clauses 234 :learned 2470)
(nlsat :conflicts 2600 :decisions 2501 :propagations 29270 :clauses 234 :learned 2553)
(nlsat :conflicts 2700 :decisions 2610 :propagations 30095 :clauses 234 :learned 2645)
(nlsat :conflicts 2802 :decisions 2696 :propagations 31077 :clauses 234 :learned 2742)
(nlsat :conflicts 2901 :decisions 2786 :propagations 31842 :clauses 234 :learned 2838)
(nlsat :conflicts 3001 :decisions 2884 :propagations 32406 :clauses 234 :learned 2932)
(nlsat :conflicts 3101 :decisions 2983 :propagations 33018 :clauses 234 :learned 3027)
(nlsat :conflicts 3202 :decisions 3133 :propagations 33588 :clauses 234 :learned 3108)
(nlsat :conflicts 3300 :decisions 3231 :propagations 34621 :clauses 234 :learned 3202)
(nlsat :conflicts 3400 :decisions 3305 :propagations 35296 :clauses 234 :learned 3300)
(nlsat :conflicts 3501 :decisions 3409 :propagations 36211 :clauses 234 :learned 3396)
(nlsat-b&b :conflicts 3537 :decisions 3459 :propagations 37083 :clauses 234 :learned 3198)
(nlsat-b&b :conflicts 3589 :decisions 3529 :propagations 38143 :clauses 234 :learned 3021)
(nlsat :conflicts 3601 :decisions 3547 :propagations 38252 :clauses 234 :learned 3040)
(nlsat-b&b :conflicts 3676 :decisions 3610 :propagations 39700 :clauses 234 :learned 2881)
(nlsat :conflicts 3700 :decisions 3642 :propagations 39987 :clauses 234 :learned 2916)
(nlsat-b&b :conflicts 3719 :decisions 3675 :propagations 40558 :clauses 234 :learned 2701)
(nlsat-b&b :conflicts 3735 :decisions 3714 :propagations 41108 :clauses 234 :learned 2489)
(nlsat-b&b :conflicts 3788 :decisions 3762 :propagations 42154 :clauses 234 :learned 2321)
(nlsat :conflicts 3800 :decisions 3780 :propagations 42280 :clauses 234 :learned 2345)
(nlsat-b&b :conflicts 3887 :decisions 3895 :propagations 43648 :clauses 234 :learned 2196)
(nlsat :conflicts 3901 :decisions 3933 :propagations 44047 :clauses 234 :learned 2224)
(nlsat :conflicts 4003 :decisions 4036 :propagations 45406 :clauses 234 :learned 2326)
(nlsat-b&b :conflicts 4009 :decisions 4049 :propagations 45751 :clauses 234 :learned 2098)
(nlsat-b&b :conflicts 4053 :decisions 4126 :propagations 47313 :clauses 234 :learned 1914)
(nlsat :conflicts 4101 :decisions 4192 :propagations 48047 :clauses 234 :learned 1965)
(nlsat :conflicts 4200 :decisions 4358 :propagations 50243 :clauses 234 :learned 2063)
(nlsat :conflicts 4300 :decisions 4447 :propagations 51492 :clauses 234 :learned 2163)
(nlsat :conflicts 4400 :decisions 4541 :propagations 53231 :clauses 234 :learned 2260)
(nlsat :conflicts 4501 :decisions 4642 :propagations 54229 :clauses 234 :learned 2359)
(nlsat :conflicts 4603 :decisions 4736 :propagations 55763 :clauses 234 :learned 2458)
(nlsat :conflicts 4701 :decisions 4869 :propagations 57763 :clauses 234 :learned 2554)
(nlsat :conflicts 4801 :decisions 4962 :propagations 58784 :clauses 234 :learned 2652)
(nlsat :conflicts 4902 :decisions 5065 :propagations 59888 :clauses 234 :learned 2750)
(nlsat :conflicts 5000 :decisions 5169 :propagations 60875 :clauses 234 :learned 2843)
ramon: end                  Wed Jan 15 21:14:58 2025
ramon: root.execname        z3
ramon: root.utime           3.090s
ramon: root.stime           0.050s
ramon: group.total          3.151s
ramon: group.utime          3.100s
ramon: group.stime          0.051s
ramon: group.mempeak        142MiB
ramon: group.pidpeak        4
ramon: status               exited
ramon: exitcode             0
ramon: walltime             2.861s
ramon: loadavg              1.10
