ramon: cwd                  /home/gh1/A/_work/z3-poly-testing/z3-poly-testing
ramon: start                Wed Jan 15 21:02:38 2025
ramon: nproc                32
ramon: sys.mem              63441 MiB
ramon: sys.mem.free         12938 MiB
ramon: sys.mem.avail        62264 MiB
ramon: sys.nprocs           1683
ramon: argv                 0 = z3
ramon: argv                 1 = inputs/QF_NIA_CInteger/Stroeder_15__svcomp_ex2.c__p25873_terminationG_0.smt2
ramon: argv                 2 = -T:60
ramon: argv                 3 = -v:2
ramon: argv                 4 = -st
ramon: argv                 5 = smt.sls.enable=true
ramon: argv                 6 = smt.sls.parallel=true
ramon: argv                 7 = model_validate=true
ramon: argv                 8 = sls.arith_use_lookahead=true
ramon: childpid             1858451
(smt.searching)
(smt.stats :restarts     :decisions :clauses/bin/units       :simplify  :memory)
(smt.stats        :conflicts    :propagations        :lemmas      :deletions   )
(smt.stats    0      0      0      0  6344/6221/43       0/0     0    0  103.68)
(nlsat :conflicts 3 :decisions 0 :propagations 319 :clauses 832 :learned 3)
(nlsat :conflicts 1 :decisions 0 :propagations 154 :clauses 1222 :learned 1)
(nlsat :conflicts 1 :decisions 0 :propagations 77 :clauses 1248 :learned 1)
(nlsat :conflicts 7 :decisions 0 :propagations 242 :clauses 1270 :learned 7)
(nlsat :conflicts 6 :decisions 0 :propagations 248 :clauses 1284 :learned 6)
(nlsat :conflicts 7 :decisions 0 :propagations 266 :clauses 1311 :learned 7)
(nlsat :conflicts 1 :decisions 0 :propagations 70 :clauses 1092 :learned 1)
(nlsat :conflicts 1 :decisions 0 :propagations 96 :clauses 1173 :learned 1)
(nlsat :conflicts 1 :decisions 0 :propagations 93 :clauses 1203 :learned 1)
(nlsat :conflicts 1 :decisions 0 :propagations 163 :clauses 1237 :learned 1)
ramon: poll                 wall=1.004s usage=0.854s mem=149MiB load=0.85 rootload=0.81
(nlsat :conflicts 1 :decisions 0 :propagations 249 :clauses 1243 :learned 1)
(nlsat :conflicts 1 :decisions 0 :propagations 148 :clauses 1274 :learned 1)
(nlsat :conflicts 1 :decisions 0 :propagations 132 :clauses 1316 :learned 1)
(nlsat :conflicts 1 :decisions 0 :propagations 160 :clauses 1273 :learned 1)
(smt.stats    0    101   1593   1156  6574/6344/52     195/7     1    3  148.81)
(nlsat :conflicts 1 :decisions 0 :propagations 89 :clauses 1291 :learned 1)
(nlsat :conflicts 2 :decisions 0 :propagations 135 :clauses 1320 :learned 2)
(nlsat :conflicts 1 :decisions 0 :propagations 90 :clauses 1320 :learned 1)
(nlsat :conflicts 2 :decisions 0 :propagations 167 :clauses 1395 :learned 2)
(nlsat :conflicts 2 :decisions 0 :propagations 162 :clauses 1356 :learned 2)
(nlsat :conflicts 1 :decisions 0 :propagations 115 :clauses 1368 :learned 1)
(nlsat :conflicts 1 :decisions 0 :propagations 93 :clauses 1355 :learned 1)
(nlsat :conflicts 1 :decisions 0 :propagations 93 :clauses 1360 :learned 1)
(nlsat :conflicts 1 :decisions 0 :propagations 93 :clauses 1357 :learned 1)
(nlsat :conflicts 1 :decisions 0 :propagations 103 :clauses 1363 :learned 1)
(nlsat :conflicts 2 :decisions 0 :propagations 117 :clauses 1363 :learned 2)
(nlsat :conflicts 2 :decisions 0 :propagations 165 :clauses 1363 :learned 2)
(nlsat :conflicts 2 :decisions 0 :propagations 165 :clauses 1363 :learned 2)
ramon: poll                 wall=2.000s usage=1.849s mem=152MiB load=1.00 rootload=0.99
(nlsat :conflicts 3 :decisions 0 :propagations 163 :clauses 1368 :learned 3)
(nlsat :conflicts 3 :decisions 0 :propagations 156 :clauses 1368 :learned 3)
(nlsat :conflicts 3 :decisions 0 :propagations 156 :clauses 1366 :learned 3)
(nlsat :conflicts 3 :decisions 0 :propagations 156 :clauses 1366 :learned 3)
(nlsat :conflicts 3 :decisions 0 :propagations 165 :clauses 1390 :learned 3)
(smt.stats    1    202   5113   2920  6847/6670/52     421/9     1    3  150.12)
(nlsat :conflicts 3 :decisions 0 :propagations 140 :clauses 1385 :learned 3)
(nlsat :conflicts 3 :decisions 0 :propagations 168 :clauses 1394 :learned 3)
(nlsat :conflicts 3 :decisions 0 :propagations 178 :clauses 1405 :learned 3)
(nlsat :conflicts 1 :decisions 0 :propagations 133 :clauses 1399 :learned 1)
(sat.ddfw :unsat :models :kflips/sec  :flips  :restarts  :reinits  :unsat_vars  :shifts)
(sat.ddfw       1      4   3.26159      6471         0          0           19        7)
sls-result l_undef
(nlsat :conflicts 6 :decisions 16 :propagations 179 :clauses 578 :learned 6)
(nlsat :conflicts 101 :decisions 42 :propagations 2942 :clauses 578 :learned 101)
(nlsat-b&b :conflicts 181 :decisions 77 :propagations 7512 :clauses 578 :learned 181)
(nlsat :conflicts 200 :decisions 96 :propagations 7686 :clauses 578 :learned 209)
(nlsat :conflicts 301 :decisions 179 :propagations 10579 :clauses 578 :learned 310)
(nlsat :conflicts 405 :decisions 288 :propagations 13606 :clauses 578 :learned 414)
(nlsat :conflicts 501 :decisions 395 :propagations 15560 :clauses 578 :learned 510)
(nlsat :conflicts 600 :decisions 430 :propagations 16309 :clauses 578 :learned 609)
(nlsat :conflicts 700 :decisions 498 :propagations 17626 :clauses 578 :learned 709)
(nlsat-b&b :conflicts 774 :decisions 556 :propagations 20989 :clauses 578 :learned 783)
(nlsat :conflicts 801 :decisions 582 :propagations 21142 :clauses 578 :learned 821)
(nlsat :conflicts 901 :decisions 625 :propagations 21595 :clauses 578 :learned 921)
(nlsat :conflicts 1005 :decisions 673 :propagations 22183 :clauses 578 :learned 1025)
(nlsat :conflicts 1100 :decisions 709 :propagations 22600 :clauses 578 :learned 1120)
(nlsat-b&b :conflicts 1177 :decisions 760 :propagations 23480 :clauses 578 :learned 1197)
(nlsat :conflicts 1201 :decisions 813 :propagations 24673 :clauses 578 :learned 1225)
(nlsat :conflicts 1300 :decisions 874 :propagations 28043 :clauses 578 :learned 1324)
(nlsat :conflicts 1401 :decisions 986 :propagations 31310 :clauses 578 :learned 1425)
(nlsat :conflicts 1504 :decisions 1094 :propagations 33791 :clauses 578 :learned 1528)
(nlsat :conflicts 1600 :decisions 1145 :propagations 34326 :clauses 578 :learned 1624)
(nlsat :conflicts 1703 :decisions 1204 :propagations 34882 :clauses 578 :learned 1727)
(nlsat :conflicts 1801 :decisions 1292 :propagations 36718 :clauses 578 :learned 1825)
(nlsat :conflicts 1901 :decisions 1345 :propagations 37289 :clauses 578 :learned 1925)
(nlsat :conflicts 2000 :decisions 1390 :propagations 37762 :clauses 578 :learned 2024)
(nlsat :conflicts 2104 :decisions 1435 :propagations 38257 :clauses 578 :learned 2128)
(nlsat :conflicts 2200 :decisions 1483 :propagations 38761 :clauses 578 :learned 2224)
(nlsat :conflicts 2300 :decisions 1536 :propagations 39223 :clauses 578 :learned 2324)
(nlsat :conflicts 2400 :decisions 1569 :propagations 39691 :clauses 578 :learned 2424)
(nlsat :conflicts 2502 :decisions 1605 :propagations 40149 :clauses 578 :learned 2526)
(nlsat :conflicts 2601 :decisions 1659 :propagations 40647 :clauses 578 :learned 2625)
(nlsat :conflicts 2702 :decisions 1708 :propagations 41115 :clauses 578 :learned 2726)
(nlsat :conflicts 2800 :decisions 1758 :propagations 41568 :clauses 578 :learned 2824)
(nlsat :conflicts 2900 :decisions 1817 :propagations 42052 :clauses 578 :learned 2924)
(nlsat :conflicts 3006 :decisions 1919 :propagations 44570 :clauses 578 :learned 3030)
(nlsat :conflicts 3100 :decisions 2042 :propagations 47030 :clauses 578 :learned 3124)
(nlsat :conflicts 3201 :decisions 2136 :propagations 48805 :clauses 578 :learned 3225)
(nlsat :conflicts 3300 :decisions 2224 :propagations 50248 :clauses 578 :learned 3324)
(nlsat :conflicts 3405 :decisions 2301 :propagations 50944 :clauses 578 :learned 3429)
(nlsat :conflicts 3500 :decisions 2380 :propagations 52202 :clauses 578 :learned 3524)
(nlsat :conflicts 3600 :decisions 2436 :propagations 52806 :clauses 578 :learned 3624)
(nlsat :conflicts 3703 :decisions 2508 :propagations 53365 :clauses 578 :learned 3722)
(nlsat :conflicts 3800 :decisions 2574 :propagations 53974 :clauses 578 :learned 3817)
(nlsat :conflicts 3900 :decisions 2639 :propagations 54630 :clauses 578 :learned 3917)
(nlsat :conflicts 4002 :decisions 2697 :propagations 55263 :clauses 578 :learned 4019)
(nlsat :conflicts 4100 :decisions 2774 :propagations 57180 :clauses 578 :learned 4117)
ramon: poll                 wall=3.177s usage=2.773s mem=152MiB load=0.79 rootload=0.78
(nlsat :conflicts 4200 :decisions 2911 :propagations 60951 :clauses 578 :learned 4217)
(nlsat :conflicts 4301 :decisions 3043 :propagations 64729 :clauses 578 :learned 4318)
(nlsat :conflicts 4403 :decisions 3098 :propagations 65255 :clauses 578 :learned 4420)
(nlsat :conflicts 4500 :decisions 3202 :propagations 68651 :clauses 578 :learned 4517)
(nlsat :conflicts 4600 :decisions 3321 :propagations 70149 :clauses 578 :learned 4617)
(nlsat :conflicts 4705 :decisions 3416 :propagations 71701 :clauses 578 :learned 4722)
(nlsat :conflicts 4802 :decisions 3459 :propagations 72222 :clauses 578 :learned 4819)
(nlsat :conflicts 4900 :decisions 3515 :propagations 72695 :clauses 578 :learned 4917)
(nlsat :conflicts 5004 :decisions 3602 :propagations 73956 :clauses 578 :learned 5021)
(nlsat :conflicts 5100 :decisions 3664 :propagations 74508 :clauses 578 :learned 5117)
(nlsat :conflicts 5200 :decisions 3740 :propagations 75352 :clauses 578 :learned 5217)
(nlsat :conflicts 5300 :decisions 3816 :propagations 76089 :clauses 578 :learned 5317)
(nlsat :conflicts 5400 :decisions 3880 :propagations 76952 :clauses 578 :learned 5417)
(nlsat :conflicts 5502 :decisions 3960 :propagations 78336 :clauses 578 :learned 5519)
(nlsat :conflicts 5600 :decisions 4019 :propagations 79011 :clauses 578 :learned 5617)
(nlsat :conflicts 5700 :decisions 4087 :propagations 79996 :clauses 578 :learned 5717)
(nlsat :conflicts 5800 :decisions 4153 :propagations 80484 :clauses 578 :learned 5817)
(nlsat :conflicts 5901 :decisions 4227 :propagations 81290 :clauses 578 :learned 5918)
(nlsat :conflicts 6000 :decisions 4306 :propagations 82391 :clauses 578 :learned 6017)
(nlsat :conflicts 6103 :decisions 4366 :propagations 83567 :clauses 578 :learned 6120)
(nlsat :conflicts 6203 :decisions 4405 :propagations 84096 :clauses 578 :learned 6220)
(nlsat :conflicts 6300 :decisions 4482 :propagations 85648 :clauses 578 :learned 6317)
(nlsat :conflicts 6403 :decisions 4539 :propagations 86186 :clauses 578 :learned 6419)
(nlsat :conflicts 6505 :decisions 4654 :propagations 87988 :clauses 578 :learned 6521)
(nlsat :conflicts 6600 :decisions 4715 :propagations 88802 :clauses 578 :learned 6616)
(nlsat :conflicts 6700 :decisions 4843 :propagations 92197 :clauses 578 :learned 6716)
(nlsat :conflicts 6804 :decisions 4991 :propagations 97008 :clauses 578 :learned 6820)
(nlsat :conflicts 6900 :decisions 5051 :propagations 97933 :clauses 578 :learned 6916)
(nlsat :conflicts 7000 :decisions 5143 :propagations 99295 :clauses 578 :learned 7016)
(nlsat :conflicts 7100 :decisions 5204 :propagations 100087 :clauses 578 :learned 7116)
(nlsat :conflicts 7200 :decisions 5286 :propagations 101229 :clauses 578 :learned 7216)
(nlsat :conflicts 7303 :decisions 5374 :propagations 103758 :clauses 578 :learned 7319)
(nlsat :conflicts 7405 :decisions 5437 :propagations 105216 :clauses 578 :learned 7421)
(nlsat :conflicts 7501 :decisions 5526 :propagations 106781 :clauses 578 :learned 7517)
(nlsat :conflicts 7603 :decisions 5625 :propagations 108234 :clauses 578 :learned 7619)
(nlsat :conflicts 7704 :decisions 5689 :propagations 108826 :clauses 578 :learned 7720)
(nlsat :conflicts 7804 :decisions 5753 :propagations 109446 :clauses 578 :learned 7820)
(nlsat :conflicts 7900 :decisions 5827 :propagations 110070 :clauses 578 :learned 7916)
ramon: poll                 wall=4.004s usage=3.601s mem=152MiB load=1.00 rootload=1.00
(nlsat :conflicts 8000 :decisions 5920 :propagations 111389 :clauses 578 :learned 8016)
(nlsat :conflicts 8100 :decisions 5977 :propagations 111918 :clauses 578 :learned 8116)
(nlsat :conflicts 8200 :decisions 6032 :propagations 112469 :clauses 578 :learned 8216)
(nlsat :conflicts 8300 :decisions 6092 :propagations 113023 :clauses 578 :learned 8316)
(nlsat :conflicts 8404 :decisions 6161 :propagations 113527 :clauses 578 :learned 8420)
(nlsat :conflicts 8500 :decisions 6232 :propagations 114166 :clauses 578 :learned 8516)
(nlsat :conflicts 8600 :decisions 6305 :propagations 114821 :clauses 578 :learned 8616)
(nlsat :conflicts 8700 :decisions 6367 :propagations 115339 :clauses 578 :learned 8714)
(nlsat :conflicts 8801 :decisions 6463 :propagations 116698 :clauses 578 :learned 8813)
(nlsat :conflicts 8900 :decisions 6559 :propagations 118624 :clauses 578 :learned 8912)
(nlsat :conflicts 9002 :decisions 6625 :propagations 119180 :clauses 578 :learned 9014)
(nlsat :conflicts 9102 :decisions 6687 :propagations 119715 :clauses 578 :learned 9114)
(nlsat :conflicts 9201 :decisions 6752 :propagations 120232 :clauses 578 :learned 9212)
(nlsat :conflicts 9300 :decisions 6824 :propagations 120800 :clauses 578 :learned 9311)
(nlsat :conflicts 9405 :decisions 6886 :propagations 121285 :clauses 578 :learned 9416)
(nlsat :conflicts 9500 :decisions 6981 :propagations 123275 :clauses 578 :learned 9511)
(smt.searching)
(smt.stats :restarts     :decisions :clauses/bin/units       :simplify  :memory)
(smt.stats        :conflicts    :propagations        :lemmas      :deletions   )
(smt.stats    0      0      0      0  6344/6221/43       0/0     0    0  104.10)
(nlsat :conflicts 3 :decisions 0 :propagations 320 :clauses 836 :learned 3)
(nlsat :conflicts 4 :decisions 0 :propagations 178 :clauses 1091 :learned 4)
(nlsat :conflicts 3 :decisions 0 :propagations 223 :clauses 1210 :learned 3)
(nlsat :conflicts 3 :decisions 0 :propagations 192 :clauses 1365 :learned 3)
(nlsat :conflicts 6 :decisions 0 :propagations 303 :clauses 1368 :learned 6)
(nlsat :conflicts 2 :decisions 0 :propagations 164 :clauses 1360 :learned 2)
(nlsat :conflicts 4 :decisions 0 :propagations 322 :clauses 1357 :learned 4)
(nlsat :conflicts 6 :decisions 0 :propagations 309 :clauses 1384 :learned 6)
(nlsat :conflicts 2 :decisions 0 :propagations 334 :clauses 1395 :learned 2)
(smt.stats    0    101   1029    687  6615/6344/52     199/3     1    3  147.44)
(nlsat :conflicts 1 :decisions 0 :propagations 157 :clauses 1210 :learned 1)
(nlsat :conflicts 2 :decisions 0 :propagations 210 :clauses 1208 :learned 2)
(nlsat :conflicts 4 :decisions 0 :propagations 291 :clauses 1195 :learned 4)
(nlsat :conflicts 1 :decisions 0 :propagations 147 :clauses 1192 :learned 1)
(nlsat :conflicts 1 :decisions 0 :propagations 147 :clauses 1197 :learned 1)
ramon: poll                 wall=5.948s usage=5.690s mem=153MiB load=1.07 rootload=1.08
(nlsat :conflicts 2 :decisions 0 :propagations 196 :clauses 1199 :learned 2)
(nlsat :conflicts 2 :decisions 0 :propagations 206 :clauses 1197 :learned 2)
(nlsat :conflicts 2 :decisions 0 :propagations 208 :clauses 1196 :learned 2)
(nlsat :conflicts 2 :decisions 0 :propagations 119 :clauses 1186 :learned 2)
(nlsat :conflicts 2 :decisions 0 :propagations 119 :clauses 1185 :learned 2)
(nlsat :conflicts 2 :decisions 0 :propagations 216 :clauses 1158 :learned 2)
(nlsat :conflicts 4 :decisions 0 :propagations 329 :clauses 1161 :learned 4)
(nlsat :conflicts 2 :decisions 0 :propagations 204 :clauses 1185 :learned 2)
(nlsat :conflicts 2 :decisions 0 :propagations 202 :clauses 1184 :learned 2)
(smt.stats    1    202  22495   3251  6713/6571/53     429/8     2    3  150.40)
(nlsat :conflicts 2 :decisions 0 :propagations 97 :clauses 1165 :learned 2)
(nlsat :conflicts 2 :decisions 0 :propagations 106 :clauses 1163 :learned 2)
(nlsat :conflicts 2 :decisions 0 :propagations 89 :clauses 1164 :learned 2)
(nlsat :conflicts 2 :decisions 0 :propagations 94 :clauses 1292 :learned 2)
(nlsat :conflicts 2 :decisions 0 :propagations 119 :clauses 1345 :learned 2)
(nlsat :conflicts 2 :decisions 0 :propagations 110 :clauses 1362 :learned 2)
(nlsat :conflicts 2 :decisions 0 :propagations 110 :clauses 1359 :learned 2)
(nlsat :conflicts 2 :decisions 0 :propagations 102 :clauses 1359 :learned 2)
(nlsat :conflicts 2 :decisions 0 :propagations 120 :clauses 1348 :learned 2)
(nlsat :conflicts 2 :decisions 0 :propagations 120 :clauses 1350 :learned 2)
(nlsat :conflicts 2 :decisions 0 :propagations 118 :clauses 1295 :learned 2)
(nlsat :conflicts 2 :decisions 0 :propagations 119 :clauses 1318 :learned 2)
(nlsat :conflicts 2 :decisions 0 :propagations 95 :clauses 1269 :learned 2)
(nlsat :conflicts 2 :decisions 0 :propagations 98 :clauses 1304 :learned 2)
(nlsat :conflicts 2 :decisions 0 :propagations 97 :clauses 1276 :learned 2)
(nlsat :conflicts 2 :decisions 0 :propagations 97 :clauses 1255 :learned 2)
(nlsat :conflicts 2 :decisions 0 :propagations 264 :clauses 1321 :learned 2)
(nlsat :conflicts 2 :decisions 0 :propagations 90 :clauses 1324 :learned 2)
(nlsat :conflicts 2 :decisions 0 :propagations 143 :clauses 1411 :learned 2)
(nlsat :conflicts 2 :decisions 0 :propagations 235 :clauses 1449 :learned 2)
(nlsat :conflicts 2 :decisions 0 :propagations 235 :clauses 1425 :learned 2)
(smt.stats    2    313  48424   8280  6777/6584/53     728/8     2    3  153.89)
(nlsat :conflicts 2 :decisions 0 :propagations 246 :clauses 1413 :learned 2)
(nlsat :conflicts 2 :decisions 0 :propagations 106 :clauses 1465 :learned 2)
(nlsat :conflicts 1 :decisions 0 :propagations 264 :clauses 1453 :learned 1)
(nlsat :conflicts 1 :decisions 0 :propagations 162 :clauses 1468 :learned 1)
(nlsat :conflicts 2 :decisions 0 :propagations 100 :clauses 1473 :learned 2)
(nlsat :conflicts 2 :decisions 0 :propagations 106 :clauses 1467 :learned 2)
(nlsat :conflicts 2 :decisions 0 :propagations 106 :clauses 1478 :learned 2)
(nlsat :conflicts 2 :decisions 0 :propagations 106 :clauses 1464 :learned 2)
(nlsat :conflicts 2 :decisions 0 :propagations 102 :clauses 1462 :learned 2)
(smt.stats    3    414  64554  11306  6898/6722/55     955/9     3    4  155.79)
(nlsat :conflicts 1 :decisions 0 :propagations 383 :clauses 1594 :learned 1)
(nlsat :conflicts 1 :decisions 0 :propagations 398 :clauses 1596 :learned 1)
(nlsat :conflicts 1 :decisions 0 :propagations 367 :clauses 1597 :learned 1)
(nlsat :conflicts 1 :decisions 0 :propagations 373 :clauses 1597 :learned 1)
(nlsat :conflicts 1 :decisions 0 :propagations 410 :clauses 1604 :learned 1)
(nlsat :conflicts 2 :decisions 0 :propagations 443 :clauses 1546 :learned 2)
(nlsat :conflicts 1 :decisions 0 :propagations 146 :clauses 1551 :learned 1)
(nlsat :conflicts 2 :decisions 0 :propagations 297 :clauses 1567 :learned 2)
(nlsat :conflicts 1 :decisions 0 :propagations 287 :clauses 1576 :learned 1)
(nlsat :conflicts 2 :decisions 0 :propagations 317 :clauses 1563 :learned 2)
(nlsat :conflicts 3 :decisions 0 :propagations 435 :clauses 1565 :learned 3)
(smt.stats    4    525  73492  13668  7018/6826/55    1167/11     4    4  157.60)
(nlsat :conflicts 2 :decisions 0 :propagations 204 :clauses 1580 :learned 2)
(nlsat :conflicts 2 :decisions 0 :propagations 214 :clauses 1593 :learned 2)
(nlsat :conflicts 2 :decisions 0 :propagations 224 :clauses 1601 :learned 2)
(nlsat :conflicts 2 :decisions 0 :propagations 225 :clauses 1603 :learned 2)
(nlsat :conflicts 1 :decisions 0 :propagations 166 :clauses 1610 :learned 1)
(smt.stats    5    647  87066  17586  7130/6907/55    1459/12     4    4  160.00)
(nlsat :conflicts 1 :decisions 0 :propagations 171 :clauses 1578 :learned 1)
(nlsat :conflicts 1 :decisions 0 :propagations 163 :clauses 1658 :learned 1)
(nlsat :conflicts 1 :decisions 0 :propagations 187 :clauses 1706 :learned 1)
(nlsat :conflicts 2 :decisions 0 :propagations 170 :clauses 1669 :learned 2)
(nlsat :conflicts 1 :decisions 0 :propagations 195 :clauses 1682 :learned 1)
(nlsat :conflicts 1 :decisions 0 :propagations 184 :clauses 1678 :learned 1)
(nlsat :conflicts 1 :decisions 0 :propagations 204 :clauses 1657 :learned 1)
(nlsat :conflicts 1 :decisions 0 :propagations 204 :clauses 1658 :learned 1)
(nlsat :conflicts 2 :decisions 0 :propagations 158 :clauses 1664 :learned 2)
(nlsat :conflicts 2 :decisions 0 :propagations 152 :clauses 1734 :learned 2)
(nlsat :conflicts 2 :decisions 0 :propagations 172 :clauses 1728 :learned 2)
(nlsat :conflicts 2 :decisions 0 :propagations 172 :clauses 1727 :learned 2)
(nlsat :conflicts 2 :decisions 0 :propagations 172 :clauses 1731 :learned 2)
(nlsat :conflicts 2 :decisions 0 :propagations 164 :clauses 1734 :learned 2)
(nlsat :conflicts 1 :decisions 0 :propagations 204 :clauses 1729 :learned 1)
(smt.stats :restarts :decisions    :clauses/bin/units         :simplify  :memory)
(smt.stats      :conflicts  :propagations         :lemmas          :deletions   )
(smt.stats    6    748 101161  22953  7311/7006/55    1682/14     4    4  161.33)
(nlsat :conflicts 3 :decisions 0 :propagations 491 :clauses 1742 :learned 3)
(nlsat :conflicts 1 :decisions 0 :propagations 369 :clauses 1767 :learned 1)
(nlsat :conflicts 1 :decisions 0 :propagations 370 :clauses 1761 :learned 1)
(nlsat :conflicts 1 :decisions 0 :propagations 362 :clauses 1760 :learned 1)
(nlsat :conflicts 1 :decisions 0 :propagations 362 :clauses 1762 :learned 1)
(nlsat :conflicts 1 :decisions 0 :propagations 346 :clauses 1703 :learned 1)
(nlsat :conflicts 1 :decisions 0 :propagations 348 :clauses 1701 :learned 1)
(nlsat :conflicts 1 :decisions 0 :propagations 142 :clauses 1759 :learned 1)
(nlsat :conflicts 1 :decisions 0 :propagations 142 :clauses 1753 :learned 1)
(nlsat :conflicts 2 :decisions 0 :propagations 157 :clauses 1753 :learned 2)
(nlsat :conflicts 1 :decisions 0 :propagations 156 :clauses 1753 :learned 1)
(nlsat :conflicts 1 :decisions 0 :propagations 165 :clauses 1763 :learned 1)
(nlsat :conflicts 1 :decisions 0 :propagations 141 :clauses 1758 :learned 1)
(nlsat :conflicts 1 :decisions 0 :propagations 156 :clauses 1757 :learned 1)
(nlsat :conflicts 2 :decisions 0 :propagations 143 :clauses 1760 :learned 2)
(nlsat :conflicts 2 :decisions 0 :propagations 162 :clauses 1771 :learned 2)
(nlsat :conflicts 1 :decisions 0 :propagations 141 :clauses 1756 :learned 1)
(nlsat :conflicts 1 :decisions 0 :propagations 141 :clauses 1755 :learned 1)
(nlsat :conflicts 2 :decisions 0 :propagations 143 :clauses 1756 :learned 2)
(smt.stats    7    859 120168  30478  7443/7214/55    2016/16     4    4  161.37)
(nlsat :conflicts 1 :decisions 0 :propagations 120 :clauses 1894 :learned 1)
(nlsat :conflicts 1 :decisions 0 :propagations 135 :clauses 1899 :learned 1)
(nlsat :conflicts 1 :decisions 0 :propagations 115 :clauses 1884 :learned 1)
(nlsat :conflicts 1 :decisions 0 :propagations 115 :clauses 1886 :learned 1)
(nlsat :conflicts 1 :decisions 0 :propagations 146 :clauses 1908 :learned 1)
(nlsat :conflicts 1 :decisions 0 :propagations 142 :clauses 1908 :learned 1)
(nlsat :conflicts 1 :decisions 0 :propagations 260 :clauses 1894 :learned 1)
(smt.stats    8    981 129713  35601  7499/7269/55    2467/16     4    4  162.07)
(nlsat :conflicts 2 :decisions 0 :propagations 204 :clauses 1779 :learned 2)
(nlsat :conflicts 1 :decisions 0 :propagations 198 :clauses 1840 :learned 1)
(nlsat :conflicts 1 :decisions 0 :propagations 198 :clauses 1840 :learned 1)
(nlsat :conflicts 1 :decisions 0 :propagations 198 :clauses 1842 :learned 1)
(smt.stats    9   1115 136798  39635  7543/7321/55    2835/17     4    4  162.74)
(nlsat :conflicts 1 :decisions 0 :propagations 374 :clauses 1853 :learned 1)
(nlsat :conflicts 1 :decisions 0 :propagations 388 :clauses 1849 :learned 1)
(nlsat :conflicts 1 :decisions 0 :propagations 366 :clauses 1819 :learned 1)
(nlsat :conflicts 1 :decisions 0 :propagations 402 :clauses 1818 :learned 1)
(nlsat :conflicts 1 :decisions 0 :propagations 366 :clauses 1818 :learned 1)
(nlsat :conflicts 1 :decisions 0 :propagations 364 :clauses 1818 :learned 1)
(nlsat :conflicts 2 :decisions 0 :propagations 118 :clauses 1842 :learned 2)
(nlsat :conflicts 1 :decisions 0 :propagations 110 :clauses 1842 :learned 1)
(nlsat :conflicts 1 :decisions 0 :propagations 134 :clauses 1836 :learned 1)
(nlsat :conflicts 1 :decisions 0 :propagations 134 :clauses 1836 :learned 1)
(nlsat :conflicts 1 :decisions 0 :propagations 127 :clauses 1837 :learned 1)
(nlsat :conflicts 1 :decisions 0 :propagations 134 :clauses 1838 :learned 1)
(nlsat :conflicts 1 :decisions 0 :propagations 127 :clauses 1840 :learned 1)
(nlsat :conflicts 1 :decisions 0 :propagations 134 :clauses 1903 :learned 1)
(nlsat :conflicts 1 :decisions 0 :propagations 127 :clauses 1901 :learned 1)
(nlsat :conflicts 1 :decisions 0 :propagations 127 :clauses 1901 :learned 1)
(nlsat :conflicts 1 :decisions 0 :propagations 127 :clauses 1907 :learned 1)
(nlsat :conflicts 1 :decisions 0 :propagations 127 :clauses 1905 :learned 1)
(nlsat :conflicts 1 :decisions 0 :propagations 127 :clauses 1908 :learned 1)
(nlsat :conflicts 1 :decisions 0 :propagations 134 :clauses 1906 :learned 1)
(nlsat :conflicts 1 :decisions 0 :propagations 135 :clauses 1906 :learned 1)
(nlsat :conflicts 1 :decisions 0 :propagations 131 :clauses 1923 :learned 1)
(nlsat :conflicts 1 :decisions 0 :propagations 205 :clauses 1941 :learned 1)
(smt.stats   10   1216 150007  45478  7569/7331/55    3078/19     4    4  164.24)
(nlsat :conflicts 2 :decisions 0 :propagations 137 :clauses 1935 :learned 2)
(nlsat :conflicts 2 :decisions 0 :propagations 137 :clauses 1936 :learned 2)
(nlsat :conflicts 1 :decisions 0 :propagations 83 :clauses 1972 :learned 1)
(nlsat :conflicts 2 :decisions 0 :propagations 137 :clauses 1943 :learned 2)
(nlsat :conflicts 2 :decisions 0 :propagations 137 :clauses 1940 :learned 2)
(nlsat :conflicts 2 :decisions 0 :propagations 137 :clauses 1939 :learned 2)
(nlsat :conflicts 2 :decisions 0 :propagations 137 :clauses 1939 :learned 2)
(nlsat :conflicts 2 :decisions 0 :propagations 140 :clauses 1966 :learned 2)
(nlsat :conflicts 1 :decisions 0 :propagations 116 :clauses 1954 :learned 1)
(nlsat :conflicts 2 :decisions 0 :propagations 114 :clauses 1913 :learned 2)
(nlsat :conflicts 2 :decisions 0 :propagations 114 :clauses 1912 :learned 2)
(nlsat :conflicts 2 :decisions 0 :propagations 114 :clauses 1912 :learned 2)
(nlsat :conflicts 2 :decisions 0 :propagations 115 :clauses 1923 :learned 2)
(nlsat :conflicts 2 :decisions 0 :propagations 130 :clauses 1930 :learned 2)
(nlsat :conflicts 2 :decisions 0 :propagations 113 :clauses 1929 :learned 2)
(nlsat :conflicts 2 :decisions 0 :propagations 124 :clauses 1928 :learned 2)
(nlsat :conflicts 2 :decisions 0 :propagations 121 :clauses 1928 :learned 2)
(nlsat :conflicts 2 :decisions 0 :propagations 121 :clauses 1928 :learned 2)
(nlsat :conflicts 2 :decisions 0 :propagations 111 :clauses 1928 :learned 2)
(nlsat :conflicts 2 :decisions 0 :propagations 112 :clauses 1937 :learned 2)
(nlsat :conflicts 2 :decisions 0 :propagations 124 :clauses 1935 :learned 2)
(nlsat :conflicts 2 :decisions 0 :propagations 120 :clauses 1937 :learned 2)
(nlsat :conflicts 1 :decisions 0 :propagations 71 :clauses 1936 :learned 1)
(nlsat :conflicts 2 :decisions 0 :propagations 107 :clauses 1941 :learned 2)
(nlsat :conflicts 1 :decisions 0 :propagations 67 :clauses 1903 :learned 1)
(nlsat :conflicts 1 :decisions 0 :propagations 67 :clauses 1903 :learned 1)
(nlsat :conflicts 2 :decisions 0 :propagations 101 :clauses 1909 :learned 2)
(smt.stats   11   1327 168558  55871  7720/7386/55    3304/19     4    4  165.11)
(nlsat :conflicts 1 :decisions 0 :propagations 63 :clauses 1912 :learned 1)
(nlsat :conflicts 1 :decisions 0 :propagations 63 :clauses 1914 :learned 1)
(nlsat :conflicts 1 :decisions 0 :propagations 63 :clauses 1920 :learned 1)
(nlsat :conflicts 2 :decisions 0 :propagations 99 :clauses 1921 :learned 2)
(nlsat :conflicts 2 :decisions 0 :propagations 108 :clauses 1927 :learned 2)
(nlsat :conflicts 2 :decisions 0 :propagations 93 :clauses 1928 :learned 2)
(nlsat :conflicts 2 :decisions 0 :propagations 95 :clauses 1908 :learned 2)
(nlsat :conflicts 1 :decisions 0 :propagations 147 :clauses 1904 :learned 1)
(nlsat :conflicts 1 :decisions 0 :propagations 150 :clauses 1937 :learned 1)
(nlsat :conflicts 1 :decisions 0 :propagations 152 :clauses 1981 :learned 1)
(nlsat :conflicts 1 :decisions 0 :propagations 152 :clauses 1979 :learned 1)
(nlsat :conflicts 1 :decisions 0 :propagations 162 :clauses 1979 :learned 1)
(nlsat :conflicts 1 :decisions 0 :propagations 152 :clauses 1979 :learned 1)
(nlsat :conflicts 1 :decisions 0 :propagations 162 :clauses 1979 :learned 1)
(nlsat :conflicts 1 :decisions 0 :propagations 151 :clauses 1996 :learned 1)
(nlsat :conflicts 1 :decisions 0 :propagations 91 :clauses 1944 :learned 1)
(smt.stats   12   1449 192395  66373  7804/7534/55    3727/19     4    4  165.36)
(nlsat :conflicts 1 :decisions 0 :propagations 103 :clauses 2006 :learned 1)
(nlsat :conflicts 1 :decisions 0 :propagations 104 :clauses 2030 :learned 1)
(smt.stats   13   1583 198373  71967  7847/7608/55    4094/19     4    4  168.07)
(nlsat :conflicts 1 :decisions 0 :propagations 105 :clauses 2027 :learned 1)
(nlsat :conflicts 1 :decisions 0 :propagations 105 :clauses 2027 :learned 1)
(nlsat :conflicts 1 :decisions 0 :propagations 105 :clauses 2034 :learned 1)
(nlsat :conflicts 1 :decisions 0 :propagations 208 :clauses 2029 :learned 1)
(nlsat :conflicts 1 :decisions 0 :propagations 208 :clauses 2029 :learned 1)
(nlsat :conflicts 1 :decisions 0 :propagations 208 :clauses 2029 :learned 1)
(nlsat :conflicts 1 :decisions 0 :propagations 208 :clauses 2029 :learned 1)
(nlsat :conflicts 1 :decisions 0 :propagations 225 :clauses 2034 :learned 1)
(nlsat :conflicts 1 :decisions 0 :propagations 208 :clauses 2034 :learned 1)
(nlsat :conflicts 1 :decisions 0 :propagations 208 :clauses 2030 :learned 1)
(nlsat :conflicts 1 :decisions 0 :propagations 157 :clauses 2036 :learned 1)
(nlsat :conflicts 1 :decisions 0 :propagations 210 :clauses 2038 :learned 1)
(nlsat :conflicts 1 :decisions 0 :propagations 217 :clauses 2057 :learned 1)
(nlsat :conflicts 1 :decisions 0 :propagations 222 :clauses 2053 :learned 1)
(nlsat :conflicts 1 :decisions 0 :propagations 226 :clauses 2056 :learned 1)
(nlsat :conflicts 1 :decisions 0 :propagations 226 :clauses 2056 :learned 1)
(nlsat :conflicts 1 :decisions 0 :propagations 235 :clauses 2033 :learned 1)
ramon: poll                 wall=13.828s usage=16.631s mem=178MiB load=1.39 rootload=1.39
(nlsat :conflicts 1 :decisions 0 :propagations 143 :clauses 2055 :learned 1)
(nlsat :conflicts 1 :decisions 0 :propagations 139 :clauses 2067 :learned 1)
(nlsat :conflicts 1 :decisions 0 :propagations 217 :clauses 2047 :learned 1)
(nlsat :conflicts 1 :decisions 0 :propagations 140 :clauses 2045 :learned 1)
(nlsat :conflicts 1 :decisions 0 :propagations 217 :clauses 2045 :learned 1)
(nlsat :conflicts 1 :decisions 0 :propagations 214 :clauses 2049 :learned 1)
(smt.stats   14   1730 214879  82992  7894/7620/55    4481/22     4    4  169.21)
(nlsat :conflicts 1 :decisions 0 :propagations 135 :clauses 2123 :learned 1)
(nlsat :conflicts 1 :decisions 0 :propagations 135 :clauses 2094 :learned 1)
(nlsat :conflicts 2 :decisions 0 :propagations 101 :clauses 2078 :learned 2)
(nlsat :conflicts 1 :decisions 0 :propagations 145 :clauses 2080 :learned 1)
(smt.stats   15   1831 223336  91098  7958/7690/55    4742/22     4    4  175.49)
(nlsat :conflicts 1 :decisions 0 :propagations 178 :clauses 2113 :learned 1)
(nlsat :conflicts 1 :decisions 0 :propagations 163 :clauses 2114 :learned 1)
(nlsat :conflicts 1 :decisions 0 :propagations 163 :clauses 2113 :learned 1)
(nlsat :conflicts 1 :decisions 0 :propagations 158 :clauses 2051 :learned 1)
(nlsat :conflicts 1 :decisions 0 :propagations 168 :clauses 2053 :learned 1)
(nlsat :conflicts 1 :decisions 0 :propagations 331 :clauses 2053 :learned 1)
(nlsat :conflicts 1 :decisions 0 :propagations 326 :clauses 2050 :learned 1)
(nlsat :conflicts 1 :decisions 0 :propagations 369 :clauses 2055 :learned 1)
(nlsat :conflicts 1 :decisions 0 :propagations 141 :clauses 2054 :learned 1)
(nlsat :conflicts 1 :decisions 0 :propagations 141 :clauses 2054 :learned 1)
(nlsat :conflicts 1 :decisions 0 :propagations 368 :clauses 2060 :learned 1)
(smt.stats   16   1942 239029 102014  8040/7752/55    5054/24     4    4  176.07)
(nlsat :conflicts 1 :decisions 0 :propagations 111 :clauses 2039 :learned 1)
(nlsat :conflicts 1 :decisions 0 :propagations 111 :clauses 2074 :learned 1)
(nlsat :conflicts 2 :decisions 0 :propagations 112 :clauses 2039 :learned 2)
(nlsat :conflicts 2 :decisions 0 :propagations 113 :clauses 2039 :learned 2)
(nlsat :conflicts 1 :decisions 0 :propagations 111 :clauses 2040 :learned 1)
(nlsat :conflicts 1 :decisions 0 :propagations 111 :clauses 2080 :learned 1)
(nlsat :conflicts 1 :decisions 0 :propagations 111 :clauses 2079 :learned 1)
(nlsat :conflicts 1 :decisions 0 :propagations 111 :clauses 2078 :learned 1)
(nlsat :conflicts 1 :decisions 0 :propagations 111 :clauses 2078 :learned 1)
(nlsat :conflicts 1 :decisions 0 :propagations 111 :clauses 2085 :learned 1)
(nlsat :conflicts 1 :decisions 0 :propagations 112 :clauses 2081 :learned 1)
(nlsat :conflicts 2 :decisions 0 :propagations 116 :clauses 2085 :learned 2)
(nlsat :conflicts 2 :decisions 0 :propagations 115 :clauses 2084 :learned 2)
(nlsat :conflicts 1 :decisions 0 :propagations 118 :clauses 2062 :learned 1)
(nlsat :conflicts 1 :decisions 0 :propagations 117 :clauses 2059 :learned 1)
(smt.stats   17   2064 262654 113896  8125/7833/55    5291/24     4    4  176.85)
(nlsat :conflicts 1 :decisions 0 :propagations 118 :clauses 2059 :learned 1)
(nlsat :conflicts 1 :decisions 0 :propagations 118 :clauses 2060 :learned 1)
(nlsat :conflicts 1 :decisions 0 :propagations 118 :clauses 2061 :learned 1)
(nlsat :conflicts 1 :decisions 0 :propagations 118 :clauses 2063 :learned 1)
(nlsat :conflicts 1 :decisions 0 :propagations 118 :clauses 2067 :learned 1)
(nlsat :conflicts 1 :decisions 0 :propagations 120 :clauses 2086 :learned 1)
(nlsat :conflicts 1 :decisions 0 :propagations 120 :clauses 2085 :learned 1)
(nlsat :conflicts 1 :decisions 0 :propagations 121 :clauses 2116 :learned 1)
(nlsat :conflicts 1 :decisions 0 :propagations 120 :clauses 2080 :learned 1)
(nlsat :conflicts 1 :decisions 0 :propagations 121 :clauses 2099 :learned 1)
(nlsat :conflicts 1 :decisions 0 :propagations 122 :clauses 2091 :learned 1)
(nlsat :conflicts 1 :decisions 0 :propagations 116 :clauses 2083 :learned 1)
(nlsat :conflicts 1 :decisions 0 :propagations 115 :clauses 2179 :learned 1)
(nlsat :conflicts 1 :decisions 0 :propagations 111 :clauses 2143 :learned 1)
(nlsat :conflicts 1 :decisions 0 :propagations 111 :clauses 2143 :learned 1)
(nlsat :conflicts 1 :decisions 0 :propagations 111 :clauses 2143 :learned 1)
(nlsat :conflicts 1 :decisions 0 :propagations 111 :clauses 2143 :learned 1)
(nlsat :conflicts 1 :decisions 0 :propagations 113 :clauses 2155 :learned 1)
(nlsat :conflicts 1 :decisions 0 :propagations 113 :clauses 2158 :learned 1)
(nlsat :conflicts 1 :decisions 0 :propagations 113 :clauses 2158 :learned 1)
(nlsat :conflicts 1 :decisions 0 :propagations 118 :clauses 2195 :learned 1)
(nlsat :conflicts 1 :decisions 0 :propagations 116 :clauses 2163 :learned 1)
(nlsat :conflicts 1 :decisions 0 :propagations 118 :clauses 2172 :learned 1)
(nlsat :conflicts 1 :decisions 0 :propagations 118 :clauses 2168 :learned 1)
(nlsat :conflicts 1 :decisions 0 :propagations 119 :clauses 2176 :learned 1)
(nlsat :conflicts 1 :decisions 0 :propagations 121 :clauses 2176 :learned 1)
(smt.stats   18   2198 281921 125061  8215/7913/55    5555/25     4    4  178.61)
ramon: poll                 wall=17.224s usage=21.519s mem=189MiB load=1.44 rootload=1.44
(nlsat :conflicts 1 :decisions 0 :propagations 114 :clauses 2175 :learned 1)
(nlsat :conflicts 1 :decisions 0 :propagations 113 :clauses 2170 :learned 1)
(nlsat :conflicts 1 :decisions 0 :propagations 100 :clauses 2171 :learned 1)
(smt.stats   19   2345 288900 132635  8323/8029/55    6005/25     4    4  178.87)
(nlsat :conflicts 1 :decisions 0 :propagations 339 :clauses 2235 :learned 1)
(nlsat :conflicts 1 :decisions 0 :propagations 339 :clauses 2230 :learned 1)
(nlsat :conflicts 1 :decisions 0 :propagations 339 :clauses 2229 :learned 1)
(nlsat :conflicts 1 :decisions 0 :propagations 346 :clauses 2273 :learned 1)
(nlsat :conflicts 1 :decisions 0 :propagations 190 :clauses 2272 :learned 1)
(nlsat :conflicts 1 :decisions 0 :propagations 140 :clauses 2272 :learned 1)
(nlsat :conflicts 1 :decisions 0 :propagations 142 :clauses 2278 :learned 1)
(nlsat :conflicts 1 :decisions 0 :propagations 129 :clauses 2280 :learned 1)
(smt.stats   20   2506 305330 144675  8350/8088/55    6690/25     4    4  180.19)
(nlsat :conflicts 2 :decisions 0 :propagations 141 :clauses 2227 :learned 2)
(nlsat :conflicts 2 :decisions 0 :propagations 140 :clauses 2226 :learned 2)
(nlsat :conflicts 2 :decisions 0 :propagations 140 :clauses 2226 :learned 2)
(nlsat :conflicts 2 :decisions 0 :propagations 140 :clauses 2227 :learned 2)
(nlsat :conflicts 2 :decisions 0 :propagations 140 :clauses 2226 :learned 2)
(nlsat :conflicts 2 :decisions 0 :propagations 140 :clauses 2226 :learned 2)
(nlsat :conflicts 2 :decisions 0 :propagations 140 :clauses 2233 :learned 2)
(nlsat :conflicts 1 :decisions 0 :propagations 130 :clauses 2230 :learned 1)
(smt.stats   21   2607 325373 157476  8379/8112/55    6976/25     4    4  180.97)
ramon: poll                 wall=18.477s usage=23.700s mem=191MiB load=1.74 rootload=1.74
(nlsat :conflicts 1 :decisions 0 :propagations 124 :clauses 2207 :learned 1)
(nlsat :conflicts 1 :decisions 0 :propagations 124 :clauses 2171 :learned 1)
(nlsat :conflicts 1 :decisions 0 :propagations 130 :clauses 2211 :learned 1)
(nlsat :conflicts 1 :decisions 0 :propagations 124 :clauses 2211 :learned 1)
(nlsat :conflicts 1 :decisions 0 :propagations 124 :clauses 2211 :learned 1)
(nlsat :conflicts 1 :decisions 0 :propagations 124 :clauses 2211 :learned 1)
(nlsat :conflicts 1 :decisions 0 :propagations 124 :clauses 2211 :learned 1)
(nlsat :conflicts 1 :decisions 0 :propagations 131 :clauses 2209 :learned 1)
(nlsat :conflicts 1 :decisions 0 :propagations 125 :clauses 2210 :learned 1)
(nlsat :conflicts 1 :decisions 0 :propagations 125 :clauses 2213 :learned 1)
(nlsat :conflicts 1 :decisions 0 :propagations 125 :clauses 2213 :learned 1)
(nlsat :conflicts 1 :decisions 0 :propagations 124 :clauses 2245 :learned 1)
(nlsat :conflicts 1 :decisions 0 :propagations 124 :clauses 2243 :learned 1)
ramon: poll                 wall=19.000s usage=24.740s mem=192MiB load=1.99 rootload=1.99
(nlsat :conflicts 1 :decisions 0 :propagations 199 :clauses 2260 :learned 1)
(smt.stats   22   2718 351059 169241  8429/8153/55    7279/27     4    4  182.48)
(nlsat :conflicts 1 :decisions 0 :propagations 142 :clauses 2252 :learned 1)
(nlsat :conflicts 1 :decisions 0 :propagations 142 :clauses 2252 :learned 1)
(nlsat :conflicts 1 :decisions 0 :propagations 142 :clauses 2256 :learned 1)
(nlsat :conflicts 1 :decisions 0 :propagations 149 :clauses 2309 :learned 1)
(nlsat :conflicts 1 :decisions 0 :propagations 144 :clauses 2276 :learned 1)
(nlsat :conflicts 1 :decisions 0 :propagations 150 :clauses 2275 :learned 1)
(nlsat :conflicts 1 :decisions 0 :propagations 150 :clauses 2277 :learned 1)
(nlsat :conflicts 1 :decisions 0 :propagations 151 :clauses 2283 :learned 1)
(nlsat :conflicts 1 :decisions 0 :propagations 148 :clauses 2289 :learned 1)
(nlsat :conflicts 1 :decisions 0 :propagations 127 :clauses 2296 :learned 1)
(nlsat :conflicts 1 :decisions 0 :propagations 128 :clauses 2287 :learned 1)
(nlsat :conflicts 1 :decisions 0 :propagations 128 :clauses 2284 :learned 1)
(nlsat :conflicts 2 :decisions 0 :propagations 219 :clauses 2279 :learned 2)
(nlsat :conflicts 1 :decisions 0 :propagations 221 :clauses 2343 :learned 1)
(nlsat :conflicts 1 :decisions 0 :propagations 157 :clauses 2319 :learned 1)
(nlsat :conflicts 1 :decisions 0 :propagations 157 :clauses 2319 :learned 1)
(nlsat :conflicts 2 :decisions 0 :propagations 162 :clauses 2309 :learned 2)
(smt.stats   23   2840 385442 192969  8573/8208/55    7677/27     4    4  183.08)
(nlsat :conflicts 1 :decisions 0 :propagations 228 :clauses 2315 :learned 1)
(nlsat :conflicts 2 :decisions 0 :propagations 161 :clauses 2309 :learned 2)
(nlsat :conflicts 2 :decisions 0 :propagations 162 :clauses 2316 :learned 2)
(smt.stats   24   2974 395321 201141  8629/8371/55    8222/27     4    4  184.10)
(nlsat :conflicts 1 :decisions 0 :propagations 173 :clauses 2351 :learned 1)
(nlsat :conflicts 1 :decisions 0 :propagations 173 :clauses 2350 :learned 1)
(nlsat :conflicts 1 :decisions 0 :propagations 173 :clauses 2353 :learned 1)
(nlsat :conflicts 1 :decisions 0 :propagations 171 :clauses 2349 :learned 1)
(nlsat :conflicts 1 :decisions 0 :propagations 174 :clauses 2358 :learned 1)
(nlsat :conflicts 2 :decisions 0 :propagations 249 :clauses 2366 :learned 2)
(nlsat :conflicts 2 :decisions 0 :propagations 249 :clauses 2363 :learned 2)
(nlsat :conflicts 2 :decisions 0 :propagations 250 :clauses 2396 :learned 2)
(nlsat :conflicts 2 :decisions 0 :propagations 250 :clauses 2397 :learned 2)
(nlsat :conflicts 2 :decisions 0 :propagations 250 :clauses 2376 :learned 2)
(smt.stats   25   3121 408223 209094  8671/8393/55    8646/27     4    4  184.28)
(smt.stats :restarts :decisions    :clauses/bin/units         :simplify  :memory)
(smt.stats     :conflicts  :propagations          :lemmas          :deletions   )
(smt.stats   26   3282 409067 214416  8682/8437/55    9064/33     4    4  184.75)
(smt.stats   27   3459 419454 224348  8712/8437/55    9677/34     4    4  185.41)
(smt.stats   28   3560 420248 229494  8730/8485/55   10119/37     4    4  185.88)
(nlsat :conflicts 1 :decisions 0 :propagations 182 :clauses 2384 :learned 1)
(nlsat :conflicts 1 :decisions 0 :propagations 182 :clauses 2367 :learned 1)
(nlsat :conflicts 1 :decisions 0 :propagations 182 :clauses 2369 :learned 1)
(smt.stats   29   3671 424014 235067  8734/8485/55   10318/38     4    4  188.50)
(nlsat :conflicts 1 :decisions 0 :propagations 182 :clauses 2372 :learned 1)
(nlsat :conflicts 1 :decisions 0 :propagations 183 :clauses 2406 :learned 1)
(nlsat :conflicts 1 :decisions 0 :propagations 183 :clauses 2416 :learned 1)
(smt.stats   30   3793 427415 241500  8740/8489/55   10594/38     4    4  188.99)
(nlsat :conflicts 1 :decisions 0 :propagations 183 :clauses 2398 :learned 1)
(nlsat :conflicts 1 :decisions 0 :propagations 183 :clauses 2399 :learned 1)
(nlsat :conflicts 1 :decisions 0 :propagations 183 :clauses 2397 :learned 1)
(nlsat :conflicts 1 :decisions 0 :propagations 183 :clauses 2397 :learned 1)
(nlsat :conflicts 1 :decisions 0 :propagations 183 :clauses 2397 :learned 1)
(nlsat :conflicts 1 :decisions 0 :propagations 183 :clauses 2403 :learned 1)
(nlsat :conflicts 1 :decisions 0 :propagations 183 :clauses 2402 :learned 1)
(nlsat :conflicts 1 :decisions 0 :propagations 183 :clauses 2400 :learned 1)
(nlsat :conflicts 1 :decisions 0 :propagations 183 :clauses 2400 :learned 1)
(nlsat :conflicts 1 :decisions 0 :propagations 183 :clauses 2400 :learned 1)
(nlsat :conflicts 1 :decisions 0 :propagations 183 :clauses 2396 :learned 1)
(nlsat :conflicts 1 :decisions 0 :propagations 183 :clauses 2398 :learned 1)
(nlsat :conflicts 1 :decisions 0 :propagations 183 :clauses 2379 :learned 1)
(nlsat :conflicts 1 :decisions 0 :propagations 185 :clauses 2413 :learned 1)
(smt.stats   31   3927 445769 254206  8797/8516/55   11112/38     4    4  190.44)
(nlsat :conflicts 1 :decisions 0 :propagations 184 :clauses 2403 :learned 1)
(nlsat :conflicts 1 :decisions 0 :propagations 196 :clauses 2396 :learned 1)
(nlsat :conflicts 1 :decisions 0 :propagations 196 :clauses 2399 :learned 1)
(nlsat :conflicts 1 :decisions 0 :propagations 196 :clauses 2399 :learned 1)
(nlsat :conflicts 1 :decisions 0 :propagations 264 :clauses 2447 :learned 1)
(nlsat :conflicts 1 :decisions 0 :propagations 264 :clauses 2454 :learned 1)
(nlsat :conflicts 1 :decisions 0 :propagations 186 :clauses 2478 :learned 1)
(smt.stats   32   4074 465964 274172  8865/8593/55   11668/38     4    4  191.57)
(nlsat :conflicts 1 :decisions 0 :propagations 185 :clauses 2493 :learned 1)
(nlsat :conflicts 1 :decisions 0 :propagations 185 :clauses 2517 :learned 1)
(nlsat :conflicts 1 :decisions 0 :propagations 185 :clauses 2512 :learned 1)
(nlsat :conflicts 1 :decisions 0 :propagations 185 :clauses 2517 :learned 1)
(nlsat :conflicts 1 :decisions 0 :propagations 185 :clauses 2520 :learned 1)
(nlsat :conflicts 1 :decisions 0 :propagations 554 :clauses 2522 :learned 1)
(smt.stats   33   4235 479590 287466  8924/8641/55   12076/42     4    4  193.51)
(nlsat :conflicts 1 :decisions 0 :propagations 551 :clauses 2550 :learned 1)
(smt.stats   34   4412 487527 300781  9048/8747/55   12368/47     4    4  193.62)
(smt.stats   35   4606 490221 310014  9065/8792/55   12857/48     4    4  194.57)
(smt.stats   36   4707 495981 319346  9073/8792/55   13276/49     4    4  194.95)
(nlsat :conflicts 1 :decisions 0 :propagations 202 :clauses 2519 :learned 1)
(nlsat :conflicts 1 :decisions 0 :propagations 202 :clauses 2525 :learned 1)
(nlsat :conflicts 1 :decisions 0 :propagations 202 :clauses 2524 :learned 1)
(nlsat :conflicts 1 :decisions 0 :propagations 202 :clauses 2526 :learned 1)
(nlsat :conflicts 1 :decisions 0 :propagations 202 :clauses 2535 :learned 1)
(smt.stats   37   4818 510801 329631  9102/8800/55   13638/49     4    4  196.24)
(nlsat :conflicts 1 :decisions 0 :propagations 202 :clauses 2497 :learned 1)
(nlsat :conflicts 1 :decisions 0 :propagations 204 :clauses 2501 :learned 1)
(nlsat :conflicts 1 :decisions 0 :propagations 204 :clauses 2500 :learned 1)
(nlsat :conflicts 1 :decisions 0 :propagations 204 :clauses 2499 :learned 1)
(nlsat :conflicts 1 :decisions 0 :propagations 204 :clauses 2499 :learned 1)
(nlsat :conflicts 1 :decisions 0 :propagations 204 :clauses 2507 :learned 1)
(nlsat :conflicts 1 :decisions 0 :propagations 538 :clauses 2532 :learned 1)
(nlsat :conflicts 1 :decisions 0 :propagations 212 :clauses 2551 :learned 1)
(nlsat :conflicts 1 :decisions 0 :propagations 212 :clauses 2607 :learned 1)
(nlsat :conflicts 1 :decisions 0 :propagations 213 :clauses 2610 :learned 1)
(smt.stats   38   4940 527417 344896  9187/8866/55   14466/49     4    4  197.25)
(smt.delete-inactive-clauses  :num-deleted-clauses 0)
(nlsat :conflicts 2 :decisions 0 :propagations 244 :clauses 2623 :learned 2)
(smt.stats   39   5074 548659 360288  9261/8944/55   15190/51     4    4  197.89)
(nlsat :conflicts 1 :decisions 0 :propagations 236 :clauses 2593 :learned 1)
(nlsat :conflicts 1 :decisions 0 :propagations 240 :clauses 2617 :learned 1)
(nlsat :conflicts 2 :decisions 0 :propagations 242 :clauses 2616 :learned 2)
(nlsat :conflicts 2 :decisions 0 :propagations 243 :clauses 2617 :learned 2)
(nlsat :conflicts 1 :decisions 0 :propagations 241 :clauses 2617 :learned 1)
(nlsat :conflicts 1 :decisions 0 :propagations 241 :clauses 2617 :learned 1)
(nlsat :conflicts 1 :decisions 0 :propagations 241 :clauses 2616 :learned 1)
(nlsat :conflicts 1 :decisions 0 :propagations 224 :clauses 2615 :learned 1)
(nlsat :conflicts 1 :decisions 0 :propagations 229 :clauses 2672 :learned 1)
(nlsat :conflicts 1 :decisions 0 :propagations 229 :clauses 2670 :learned 1)
(smt.stats   40   5221 581571 389585  9319/8991/55   15688/52     4    4  197.93)
(nlsat :conflicts 1 :decisions 0 :propagations 203 :clauses 2674 :learned 1)
(nlsat :conflicts 2 :decisions 0 :propagations 223 :clauses 2674 :learned 2)
(smt.stats   41   5382 595324 408125  9335/9035/55   16323/53     4    4  200.88)
(nlsat :conflicts 1 :decisions 0 :propagations 201 :clauses 2795 :learned 1)
(nlsat :conflicts 1 :decisions 0 :propagations 201 :clauses 2792 :learned 1)
(nlsat :conflicts 1 :decisions 0 :propagations 208 :clauses 2793 :learned 1)
(nlsat :conflicts 1 :decisions 0 :propagations 208 :clauses 2793 :learned 1)
(nlsat :conflicts 1 :decisions 0 :propagations 201 :clauses 2787 :learned 1)
(nlsat :conflicts 1 :decisions 0 :propagations 200 :clauses 2784 :learned 1)
ramon: poll                 wall=26.052s usage=38.851s mem=213MiB load=2.00 rootload=2.00
(nlsat :conflicts 2 :decisions 0 :propagations 204 :clauses 2784 :learned 2)
(nlsat :conflicts 2 :decisions 0 :propagations 210 :clauses 2752 :learned 2)
(nlsat :conflicts 2 :decisions 0 :propagations 210 :clauses 2799 :learned 2)
(nlsat :conflicts 2 :decisions 0 :propagations 210 :clauses 2793 :learned 2)
(nlsat :conflicts 2 :decisions 0 :propagations 210 :clauses 2792 :learned 2)
(nlsat :conflicts 1 :decisions 0 :propagations 225 :clauses 2818 :learned 1)
(nlsat :conflicts 1 :decisions 0 :propagations 225 :clauses 2819 :learned 1)
(nlsat :conflicts 1 :decisions 0 :propagations 225 :clauses 2818 :learned 1)
(nlsat :conflicts 1 :decisions 0 :propagations 225 :clauses 2820 :learned 1)
(nlsat :conflicts 1 :decisions 0 :propagations 226 :clauses 2826 :learned 1)
(nlsat :conflicts 1 :decisions 0 :propagations 225 :clauses 2824 :learned 1)
(nlsat :conflicts 1 :decisions 0 :propagations 225 :clauses 2824 :learned 1)
(nlsat :conflicts 1 :decisions 0 :propagations 225 :clauses 2824 :learned 1)
(nlsat :conflicts 1 :decisions 0 :propagations 225 :clauses 2832 :learned 1)
(nlsat :conflicts 1 :decisions 0 :propagations 225 :clauses 2825 :learned 1)
(nlsat :conflicts 1 :decisions 0 :propagations 225 :clauses 2825 :learned 1)
(nlsat :conflicts 1 :decisions 0 :propagations 225 :clauses 2837 :learned 1)
(nlsat :conflicts 1 :decisions 0 :propagations 226 :clauses 2806 :learned 1)
(nlsat :conflicts 1 :decisions 0 :propagations 226 :clauses 2810 :learned 1)
(nlsat :conflicts 1 :decisions 0 :propagations 226 :clauses 2806 :learned 1)
(smt.stats   42   5559 616954 438498  9411/9051/55   17170/54     4    4  201.52)
(nlsat :conflicts 1 :decisions 0 :propagations 227 :clauses 2799 :learned 1)
(nlsat :conflicts 1 :decisions 0 :propagations 229 :clauses 2853 :learned 1)
(nlsat :conflicts 1 :decisions 0 :propagations 227 :clauses 2813 :learned 1)
(nlsat :conflicts 1 :decisions 0 :propagations 227 :clauses 2819 :learned 1)
(nlsat :conflicts 1 :decisions 0 :propagations 228 :clauses 2784 :learned 1)
(nlsat :conflicts 1 :decisions 0 :propagations 229 :clauses 2793 :learned 1)
ramon: poll                 wall=27.380s usage=41.507s mem=215MiB load=2.00 rootload=2.00
(nlsat :conflicts 1 :decisions 0 :propagations 230 :clauses 2832 :learned 1)
(nlsat :conflicts 1 :decisions 0 :propagations 229 :clauses 2811 :learned 1)
(nlsat :conflicts 1 :decisions 0 :propagations 229 :clauses 2810 :learned 1)
(nlsat :conflicts 1 :decisions 0 :propagations 229 :clauses 2815 :learned 1)
(nlsat :conflicts 1 :decisions 0 :propagations 232 :clauses 2914 :learned 1)
(nlsat :conflicts 1 :decisions 0 :propagations 230 :clauses 2839 :learned 1)
(nlsat :conflicts 1 :decisions 0 :propagations 230 :clauses 2846 :learned 1)
(nlsat :conflicts 1 :decisions 0 :propagations 230 :clauses 2892 :learned 1)
(nlsat :conflicts 1 :decisions 0 :propagations 230 :clauses 2892 :learned 1)
(nlsat :conflicts 1 :decisions 0 :propagations 230 :clauses 2908 :learned 1)
(nlsat :conflicts 1 :decisions 0 :propagations 231 :clauses 2910 :learned 1)
(nlsat :conflicts 1 :decisions 0 :propagations 231 :clauses 2908 :learned 1)
(nlsat :conflicts 1 :decisions 0 :propagations 231 :clauses 2908 :learned 1)
(nlsat :conflicts 1 :decisions 0 :propagations 231 :clauses 2908 :learned 1)
(nlsat :conflicts 1 :decisions 0 :propagations 231 :clauses 2916 :learned 1)
(nlsat :conflicts 1 :decisions 0 :propagations 232 :clauses 2938 :learned 1)
(nlsat :conflicts 1 :decisions 0 :propagations 254 :clauses 2944 :learned 1)
(nlsat :conflicts 1 :decisions 0 :propagations 254 :clauses 2942 :learned 1)
(nlsat :conflicts 1 :decisions 0 :propagations 255 :clauses 2944 :learned 1)
(nlsat :conflicts 1 :decisions 0 :propagations 255 :clauses 2945 :learned 1)
(nlsat :conflicts 1 :decisions 0 :propagations 255 :clauses 2964 :learned 1)
(nlsat :conflicts 1 :decisions 0 :propagations 255 :clauses 2963 :learned 1)
(nlsat :conflicts 1 :decisions 0 :propagations 255 :clauses 2962 :learned 1)
(nlsat :conflicts 1 :decisions 0 :propagations 255 :clauses 2962 :learned 1)
(nlsat :conflicts 1 :decisions 0 :propagations 255 :clauses 2962 :learned 1)
(nlsat :conflicts 1 :decisions 0 :propagations 255 :clauses 2962 :learned 1)
(nlsat :conflicts 1 :decisions 0 :propagations 255 :clauses 2964 :learned 1)
(nlsat :conflicts 1 :decisions 0 :propagations 255 :clauses 2966 :learned 1)
(nlsat :conflicts 1 :decisions 0 :propagations 255 :clauses 2966 :learned 1)
(nlsat :conflicts 1 :decisions 0 :propagations 256 :clauses 2996 :learned 1)
(nlsat :conflicts 1 :decisions 0 :propagations 258 :clauses 3012 :learned 1)
(nlsat :conflicts 1 :decisions 0 :propagations 259 :clauses 3038 :learned 1)
(nlsat :conflicts 1 :decisions 0 :propagations 255 :clauses 2972 :learned 1)
(smt.stats   43   5753 637374 460955  9633/9152/55   17787/54     4    4  202.61)
(nlsat :conflicts 1 :decisions 0 :propagations 255 :clauses 2982 :learned 1)
(nlsat :conflicts 1 :decisions 0 :propagations 255 :clauses 2990 :learned 1)
(nlsat :conflicts 1 :decisions 0 :propagations 256 :clauses 2996 :learned 1)
(nlsat :conflicts 1 :decisions 0 :propagations 256 :clauses 2995 :learned 1)
(nlsat :conflicts 1 :decisions 0 :propagations 256 :clauses 2998 :learned 1)
(nlsat :conflicts 1 :decisions 0 :propagations 256 :clauses 2992 :learned 1)
(nlsat :conflicts 1 :decisions 0 :propagations 256 :clauses 2992 :learned 1)
(nlsat :conflicts 1 :decisions 0 :propagations 256 :clauses 2994 :learned 1)
(nlsat :conflicts 1 :decisions 0 :propagations 256 :clauses 2992 :learned 1)
(nlsat :conflicts 1 :decisions 0 :propagations 256 :clauses 2993 :learned 1)
(nlsat :conflicts 1 :decisions 0 :propagations 256 :clauses 2997 :learned 1)
(nlsat :conflicts 1 :decisions 0 :propagations 259 :clauses 3059 :learned 1)
(nlsat :conflicts 1 :decisions 0 :propagations 257 :clauses 3040 :learned 1)
(nlsat :conflicts 1 :decisions 0 :propagations 257 :clauses 3042 :learned 1)
(nlsat :conflicts 1 :decisions 0 :propagations 257 :clauses 3045 :learned 1)
(nlsat :conflicts 1 :decisions 0 :propagations 257 :clauses 3047 :learned 1)
ramon: poll                 wall=29.840s usage=46.427s mem=217MiB load=2.00 rootload=2.00
(nlsat :conflicts 1 :decisions 0 :propagations 257 :clauses 3047 :learned 1)
(nlsat :conflicts 1 :decisions 0 :propagations 257 :clauses 3052 :learned 1)
(nlsat :conflicts 1 :decisions 0 :propagations 257 :clauses 3047 :learned 1)
(nlsat :conflicts 1 :decisions 0 :propagations 258 :clauses 3047 :learned 1)
ramon: poll                 wall=30.004s usage=46.755s mem=217MiB load=2.00 rootload=2.01
(nlsat :conflicts 1 :decisions 0 :propagations 258 :clauses 3047 :learned 1)
(nlsat :conflicts 1 :decisions 0 :propagations 299 :clauses 3048 :learned 1)
(nlsat :conflicts 1 :decisions 0 :propagations 299 :clauses 3054 :learned 1)
(nlsat :conflicts 1 :decisions 0 :propagations 299 :clauses 3054 :learned 1)
(nlsat :conflicts 1 :decisions 0 :propagations 299 :clauses 3056 :learned 1)
(nlsat :conflicts 1 :decisions 0 :propagations 299 :clauses 3056 :learned 1)
(nlsat :conflicts 1 :decisions 0 :propagations 299 :clauses 3058 :learned 1)
(nlsat :conflicts 1 :decisions 0 :propagations 299 :clauses 3058 :learned 1)
(nlsat :conflicts 1 :decisions 0 :propagations 299 :clauses 3058 :learned 1)
(nlsat :conflicts 1 :decisions 0 :propagations 299 :clauses 3058 :learned 1)
(nlsat :conflicts 1 :decisions 0 :propagations 299 :clauses 3059 :learned 1)
(nlsat :conflicts 1 :decisions 0 :propagations 301 :clauses 3075 :learned 1)
(nlsat :conflicts 1 :decisions 0 :propagations 299 :clauses 3029 :learned 1)
(smt.stats   44   5966 653637 489969  9782/9398/55   18622/58     4    4  203.21)
(smt.stats   45   6067 653893 495204  9813/9512/55   18756/58     4    4  203.00)
(nlsat :conflicts 1 :decisions 0 :propagations 233 :clauses 3118 :learned 1)
(nlsat :conflicts 1 :decisions 0 :propagations 233 :clauses 3112 :learned 1)
(nlsat :conflicts 1 :decisions 0 :propagations 233 :clauses 3115 :learned 1)
(nlsat :conflicts 1 :decisions 0 :propagations 234 :clauses 3118 :learned 1)
(nlsat :conflicts 1 :decisions 0 :propagations 234 :clauses 3118 :learned 1)
(nlsat :conflicts 1 :decisions 0 :propagations 234 :clauses 3094 :learned 1)
(nlsat :conflicts 1 :decisions 0 :propagations 234 :clauses 3101 :learned 1)
(nlsat :conflicts 1 :decisions 0 :propagations 240 :clauses 3109 :learned 1)
(nlsat :conflicts 1 :decisions 0 :propagations 246 :clauses 3110 :learned 1)
(nlsat :conflicts 1 :decisions 0 :propagations 238 :clauses 3102 :learned 1)
(smt.stats :restarts :decisions    :clauses/bin/units         :simplify  :memory)
(smt.stats     :conflicts  :propagations         :lemmas           :deletions   )
(smt.stats   46   6178 663478 514482  9835/9512/55   19161/58     4    4  203.58)
(smt.stats   47   6301 664725 523833  9852/9548/55   19359/58     4    4  204.50)
(nlsat :conflicts 1 :decisions 0 :propagations 419 :clauses 3146 :learned 1)
(nlsat :conflicts 1 :decisions 0 :propagations 332 :clauses 3147 :learned 1)
(nlsat :conflicts 1 :decisions 0 :propagations 419 :clauses 3124 :learned 1)
(nlsat :conflicts 1 :decisions 0 :propagations 332 :clauses 3134 :learned 1)
(smt.stats   48   6435 671238 540261  9894/9555/55   19698/58     4    4  204.84)
(smt.stats   49   6582 671998 548509  9894/9589/55   20033/63     4    4  205.12)
(smt.stats   50   6743 673555 557187  9894/9589/55   20433/63     4    4  205.79)
(nlsat :conflicts 1 :decisions 0 :propagations 263 :clauses 3175 :learned 1)
(nlsat :conflicts 1 :decisions 0 :propagations 263 :clauses 3171 :learned 1)
(nlsat :conflicts 1 :decisions 0 :propagations 263 :clauses 3173 :learned 1)
(nlsat :conflicts 1 :decisions 0 :propagations 263 :clauses 3171 :learned 1)
(nlsat :conflicts 1 :decisions 0 :propagations 263 :clauses 3171 :learned 1)
(nlsat :conflicts 1 :decisions 0 :propagations 254 :clauses 3179 :learned 1)
ramon: poll                 wall=32.109s usage=50.963s mem=223MiB load=2.00 rootload=2.00
(nlsat :conflicts 1 :decisions 0 :propagations 254 :clauses 3175 :learned 1)
(nlsat :conflicts 1 :decisions 0 :propagations 254 :clauses 3177 :learned 1)
(nlsat :conflicts 1 :decisions 0 :propagations 254 :clauses 3182 :learned 1)
(nlsat :conflicts 1 :decisions 0 :propagations 254 :clauses 3184 :learned 1)
(smt.stats   51   6920 683188 581006  9903/9589/55   21208/63     4    4  207.30)
(nlsat :conflicts 1 :decisions 0 :propagations 515 :clauses 3176 :learned 1)
(nlsat :conflicts 1 :decisions 0 :propagations 499 :clauses 3164 :learned 1)
(nlsat :conflicts 1 :decisions 0 :propagations 607 :clauses 3165 :learned 1)
(nlsat :conflicts 1 :decisions 0 :propagations 607 :clauses 3168 :learned 1)
(nlsat :conflicts 1 :decisions 0 :propagations 602 :clauses 3167 :learned 1)
(nlsat :conflicts 1 :decisions 0 :propagations 582 :clauses 3169 :learned 1)
(nlsat :conflicts 1 :decisions 0 :propagations 593 :clauses 3168 :learned 1)
(nlsat :conflicts 1 :decisions 0 :propagations 243 :clauses 3182 :learned 1)
(smt.stats   52   7114 697949 607490  9983/9616/55   21718/63     4    4  208.47)
(nlsat :conflicts 1 :decisions 0 :propagations 499 :clauses 3181 :learned 1)
(nlsat :conflicts 1 :decisions 0 :propagations 649 :clauses 3181 :learned 1)
(nlsat :conflicts 1 :decisions 0 :propagations 486 :clauses 3173 :learned 1)
ramon: poll                 wall=33.063s usage=52.867s mem=227MiB load=2.00 rootload=2.00
(nlsat :conflicts 1 :decisions 0 :propagations 683 :clauses 3206 :learned 1)
(smt.stats   53   7327 705609 631111 10019/9685/55   22288/63     4    4  211.25)
(smt.stats   54   7561 706866 644468 10032/9722/55   22680/63     4    4  211.44)
(smt.stats   55   7662 707090 648976 10032/9722/55   22803/63     4    4  211.82)
(smt.stats   56   7773 707523 654743 10032/9722/55   22986/64     4    4  212.29)
(smt.stats   57   7895 708086 661855 10032/9722/55   23171/64     4    4  212.67)
(smt.stats   58   8029 708766 669483 10032/9722/55   23349/64     4    4  213.34)
(smt.stats   59   8176 717057 683292 10045/9722/55   23835/64     4    4  214.01)
(nlsat :conflicts 1 :decisions 0 :propagations 267 :clauses 3175 :learned 1)
(nlsat :conflicts 1 :decisions 0 :propagations 267 :clauses 3176 :learned 1)
(nlsat :conflicts 1 :decisions 0 :propagations 267 :clauses 3178 :learned 1)
(nlsat :conflicts 1 :decisions 0 :propagations 267 :clauses 3184 :learned 1)
(nlsat :conflicts 1 :decisions 0 :propagations 271 :clauses 3250 :learned 1)
(nlsat :conflicts 1 :decisions 0 :propagations 271 :clauses 3243 :learned 1)
(nlsat :conflicts 1 :decisions 0 :propagations 271 :clauses 3243 :learned 1)
(nlsat :conflicts 1 :decisions 0 :propagations 272 :clauses 3263 :learned 1)
ramon: poll                 wall=34.192s usage=55.131s mem=231MiB load=2.00 rootload=2.00
(nlsat :conflicts 1 :decisions 0 :propagations 272 :clauses 3265 :learned 1)
(nlsat :conflicts 1 :decisions 0 :propagations 272 :clauses 3267 :learned 1)
(nlsat :conflicts 1 :decisions 0 :propagations 272 :clauses 3266 :learned 1)
(nlsat :conflicts 1 :decisions 0 :propagations 273 :clauses 3229 :learned 1)
(nlsat :conflicts 1 :decisions 0 :propagations 273 :clauses 3227 :learned 1)
(nlsat :conflicts 1 :decisions 0 :propagations 273 :clauses 3227 :learned 1)
(nlsat :conflicts 1 :decisions 0 :propagations 273 :clauses 3227 :learned 1)
(nlsat :conflicts 1 :decisions 0 :propagations 273 :clauses 3227 :learned 1)
(nlsat :conflicts 1 :decisions 0 :propagations 273 :clauses 3227 :learned 1)
(nlsat :conflicts 1 :decisions 0 :propagations 273 :clauses 3228 :learned 1)
(nlsat :conflicts 1 :decisions 0 :propagations 273 :clauses 3231 :learned 1)
(nlsat :conflicts 1 :decisions 0 :propagations 273 :clauses 3233 :learned 1)
(smt.stats   60   8337 741012 720673 10083/9742/55   24650/65     4    4  216.70)
(nlsat :conflicts 1 :decisions 0 :propagations 275 :clauses 3196 :learned 1)
(nlsat :conflicts 1 :decisions 0 :propagations 274 :clauses 3191 :learned 1)
(nlsat :conflicts 2 :decisions 0 :propagations 235 :clauses 3194 :learned 2)
(nlsat :conflicts 1 :decisions 0 :propagations 233 :clauses 3195 :learned 1)
(nlsat :conflicts 1 :decisions 0 :propagations 233 :clauses 3195 :learned 1)
ramon: poll                 wall=35.000s usage=56.739s mem=233MiB load=1.99 rootload=1.99
(nlsat :conflicts 1 :decisions 0 :propagations 233 :clauses 3198 :learned 1)
(nlsat :conflicts 1 :decisions 0 :propagations 233 :clauses 3198 :learned 1)
(smt.stats   61   8514 751107 743604 10140/9812/55   25150/68     4    4  216.67)
(nlsat :conflicts 1 :decisions 0 :propagations 239 :clauses 3282 :learned 1)
(nlsat :conflicts 1 :decisions 0 :propagations 239 :clauses 3285 :learned 1)
(nlsat :conflicts 1 :decisions 0 :propagations 239 :clauses 3298 :learned 1)
(nlsat :conflicts 1 :decisions 0 :propagations 240 :clauses 3286 :learned 1)
(nlsat :conflicts 1 :decisions 0 :propagations 239 :clauses 3284 :learned 1)
(nlsat :conflicts 1 :decisions 0 :propagations 239 :clauses 3279 :learned 1)
(nlsat :conflicts 1 :decisions 0 :propagations 239 :clauses 3280 :learned 1)
(nlsat :conflicts 1 :decisions 0 :propagations 239 :clauses 3282 :learned 1)
(nlsat :conflicts 1 :decisions 0 :propagations 239 :clauses 3282 :learned 1)
(nlsat :conflicts 1 :decisions 0 :propagations 241 :clauses 3293 :learned 1)
ramon: poll                 wall=36.012s usage=58.770s mem=234MiB load=2.01 rootload=2.01
(nlsat :conflicts 1 :decisions 0 :propagations 243 :clauses 3323 :learned 1)
(nlsat :conflicts 1 :decisions 0 :propagations 243 :clauses 3322 :learned 1)
(nlsat :conflicts 1 :decisions 0 :propagations 244 :clauses 3320 :learned 1)
(nlsat :conflicts 1 :decisions 0 :propagations 244 :clauses 3311 :learned 1)
(nlsat :conflicts 1 :decisions 0 :propagations 244 :clauses 3312 :learned 1)
(nlsat :conflicts 1 :decisions 0 :propagations 244 :clauses 3311 :learned 1)
(nlsat :conflicts 1 :decisions 0 :propagations 244 :clauses 3314 :learned 1)
(nlsat :conflicts 1 :decisions 0 :propagations 244 :clauses 3316 :learned 1)
(nlsat :conflicts 1 :decisions 0 :propagations 246 :clauses 3370 :learned 1)
(nlsat :conflicts 1 :decisions 0 :propagations 245 :clauses 3330 :learned 1)
(nlsat :conflicts 1 :decisions 0 :propagations 245 :clauses 3330 :learned 1)
(nlsat :conflicts 1 :decisions 0 :propagations 245 :clauses 3318 :learned 1)
(nlsat :conflicts 1 :decisions 0 :propagations 245 :clauses 3329 :learned 1)
(nlsat :conflicts 1 :decisions 0 :propagations 246 :clauses 3330 :learned 1)
(nlsat :conflicts 1 :decisions 0 :propagations 353 :clauses 3329 :learned 1)
ramon: poll                 wall=37.020s usage=60.786s mem=234MiB load=2.00 rootload=1.99
(nlsat :conflicts 1 :decisions 0 :propagations 288 :clauses 3376 :learned 1)
(nlsat :conflicts 1 :decisions 0 :propagations 356 :clauses 3349 :learned 1)
(nlsat :conflicts 1 :decisions 0 :propagations 356 :clauses 3342 :learned 1)
(nlsat :conflicts 1 :decisions 0 :propagations 356 :clauses 3340 :learned 1)
(nlsat :conflicts 1 :decisions 0 :propagations 356 :clauses 3340 :learned 1)
(nlsat :conflicts 1 :decisions 0 :propagations 356 :clauses 3342 :learned 1)
(nlsat :conflicts 1 :decisions 0 :propagations 356 :clauses 3344 :learned 1)
(nlsat :conflicts 1 :decisions 0 :propagations 356 :clauses 3350 :learned 1)
(nlsat :conflicts 1 :decisions 0 :propagations 356 :clauses 3355 :learned 1)
(smt.stats   62   8709 758398 758126 10287/9829/55   25527/68     4    4  217.83)
(nlsat :conflicts 1 :decisions 0 :propagations 358 :clauses 3368 :learned 1)
(nlsat :conflicts 1 :decisions 0 :propagations 359 :clauses 3410 :learned 1)
ramon: poll                 wall=38.000s usage=62.738s mem=234MiB load=1.99 rootload=2.00
(nlsat :conflicts 1 :decisions 0 :propagations 251 :clauses 3325 :learned 1)
ramon: poll                 wall=39.000s usage=64.738s mem=234MiB load=2.00 rootload=2.00
(nlsat :conflicts 1 :decisions 0 :propagations 211 :clauses 3319 :learned 1)
(nlsat :conflicts 1 :decisions 0 :propagations 244 :clauses 3324 :learned 1)
(nlsat :conflicts 1 :decisions 0 :propagations 328 :clauses 3319 :learned 1)
ramon: poll                 wall=40.000s usage=66.738s mem=234MiB load=2.00 rootload=2.00
(smt.stats :restarts :decisions   :clauses/bin/units           :simplify  :memory)
(smt.stats     :conflicts  :propagations          :lemmas           :deletions   )
(smt.stats   63   8922 772236 785853 10434/10043/55   26094/70     4    4  219.00)
(smt.stats   64   9156 788284 815783 10466/10116/55   27484/71     4    4  220.78)
ramon: poll                 wall=41.032s usage=68.810s mem=239MiB load=2.01 rootload=2.01
(nlsat :conflicts 1 :decisions 0 :propagations 303 :clauses 3359 :learned 1)
(nlsat :conflicts 1 :decisions 0 :propagations 303 :clauses 3357 :learned 1)
(nlsat :conflicts 1 :decisions 0 :propagations 303 :clauses 3357 :learned 1)
(nlsat :conflicts 1 :decisions 0 :propagations 303 :clauses 3357 :learned 1)
(nlsat :conflicts 1 :decisions 0 :propagations 303 :clauses 3357 :learned 1)
(nlsat :conflicts 1 :decisions 0 :propagations 303 :clauses 3357 :learned 1)
(nlsat :conflicts 1 :decisions 0 :propagations 303 :clauses 3360 :learned 1)
(nlsat :conflicts 1 :decisions 0 :propagations 303 :clauses 3362 :learned 1)
(nlsat :conflicts 1 :decisions 0 :propagations 303 :clauses 3358 :learned 1)
(nlsat :conflicts 1 :decisions 0 :propagations 303 :clauses 3358 :learned 1)
(nlsat :conflicts 1 :decisions 0 :propagations 303 :clauses 3338 :learned 1)
(nlsat :conflicts 1 :decisions 0 :propagations 303 :clauses 3336 :learned 1)
(nlsat :conflicts 1 :decisions 0 :propagations 303 :clauses 3335 :learned 1)
(smt.stats   65   9413 854660 903265 10519/10141/55   28663/73     4    4  224.05)
(smt.stats   66   9514 862499 912808 10538/10204/55   29181/74     4    4  224.82)
ramon: poll                 wall=42.000s usage=70.738s mem=242MiB load=1.99 rootload=1.99
(nlsat :conflicts 1 :decisions 0 :propagations 308 :clauses 3381 :learned 1)
(nlsat :conflicts 1 :decisions 0 :propagations 309 :clauses 3377 :learned 1)
(nlsat :conflicts 1 :decisions 0 :propagations 309 :clauses 3377 :learned 1)
(nlsat :conflicts 1 :decisions 0 :propagations 309 :clauses 3377 :learned 1)
(nlsat :conflicts 1 :decisions 0 :propagations 309 :clauses 3377 :learned 1)
(nlsat :conflicts 1 :decisions 0 :propagations 309 :clauses 3377 :learned 1)
(nlsat :conflicts 1 :decisions 0 :propagations 309 :clauses 3378 :learned 1)
(smt.stats   67   9625 880815 932315 10563/10220/55   29624/74     4    4  225.12)
(nlsat :conflicts 1 :decisions 0 :propagations 308 :clauses 3367 :learned 1)
(nlsat :conflicts 1 :decisions 0 :propagations 308 :clauses 3371 :learned 1)
(nlsat :conflicts 1 :decisions 0 :propagations 308 :clauses 3374 :learned 1)
(nlsat :conflicts 1 :decisions 0 :propagations 308 :clauses 3381 :learned 1)
ramon: poll                 wall=43.017s usage=72.778s mem=244MiB load=2.01 rootload=2.00
(nlsat :conflicts 1 :decisions 0 :propagations 308 :clauses 3383 :learned 1)
(nlsat :conflicts 1 :decisions 0 :propagations 316 :clauses 3411 :learned 1)
(nlsat :conflicts 1 :decisions 0 :propagations 318 :clauses 3452 :learned 1)
(nlsat :conflicts 1 :decisions 0 :propagations 323 :clauses 3467 :learned 1)
(nlsat :conflicts 1 :decisions 0 :propagations 321 :clauses 3451 :learned 1)
(nlsat :conflicts 1 :decisions 0 :propagations 319 :clauses 3451 :learned 1)
ramon: poll                 wall=44.000s usage=74.738s mem=244MiB load=1.99 rootload=1.99
(nlsat :conflicts 1 :decisions 0 :propagations 319 :clauses 3451 :learned 1)
(nlsat :conflicts 1 :decisions 0 :propagations 320 :clauses 3460 :learned 1)
(nlsat :conflicts 1 :decisions 0 :propagations 323 :clauses 3480 :learned 1)
(nlsat :conflicts 1 :decisions 0 :propagations 323 :clauses 3499 :learned 1)
(smt.stats   68   9747 895736 948884 10767/10247/55   29951/74     4    4  226.56)
(nlsat :conflicts 1 :decisions 0 :propagations 318 :clauses 3484 :learned 1)
(nlsat :conflicts 1 :decisions 0 :propagations 319 :clauses 3485 :learned 1)
(nlsat :conflicts 1 :decisions 0 :propagations 319 :clauses 3485 :learned 1)
(nlsat :conflicts 1 :decisions 0 :propagations 319 :clauses 3485 :learned 1)
ramon: poll                 wall=45.136s usage=77.018s mem=245MiB load=2.01 rootload=2.01
(nlsat :conflicts 1 :decisions 0 :propagations 318 :clauses 3464 :learned 1)
(nlsat :conflicts 1 :decisions 0 :propagations 318 :clauses 3463 :learned 1)
(nlsat :conflicts 1 :decisions 0 :propagations 318 :clauses 3470 :learned 1)
(nlsat :conflicts 1 :decisions 0 :propagations 318 :clauses 3470 :learned 1)
(nlsat :conflicts 1 :decisions 0 :propagations 318 :clauses 3470 :learned 1)
(nlsat :conflicts 1 :decisions 0 :propagations 318 :clauses 3472 :learned 1)
(nlsat :conflicts 1 :decisions 0 :propagations 318 :clauses 3470 :learned 1)
(nlsat :conflicts 1 :decisions 0 :propagations 326 :clauses 3498 :learned 1)
(nlsat :conflicts 1 :decisions 0 :propagations 325 :clauses 3487 :learned 1)
(nlsat :conflicts 1 :decisions 0 :propagations 327 :clauses 3495 :learned 1)
(nlsat :conflicts 1 :decisions 0 :propagations 327 :clauses 3494 :learned 1)
(nlsat :conflicts 1 :decisions 0 :propagations 322 :clauses 3500 :learned 1)
(nlsat :conflicts 1 :decisions 0 :propagations 322 :clauses 3495 :learned 1)
(nlsat :conflicts 1 :decisions 0 :propagations 322 :clauses 3497 :learned 1)
(nlsat :conflicts 1 :decisions 0 :propagations 323 :clauses 3508 :learned 1)
(nlsat :conflicts 1 :decisions 0 :propagations 323 :clauses 3504 :learned 1)
(nlsat :conflicts 1 :decisions 0 :propagations 323 :clauses 3506 :learned 1)
(nlsat :conflicts 1 :decisions 0 :propagations 323 :clauses 3519 :learned 1)
(nlsat :conflicts 1 :decisions 0 :propagations 304 :clauses 3530 :learned 1)
(nlsat :conflicts 1 :decisions 0 :propagations 304 :clauses 3523 :learned 1)
(nlsat :conflicts 1 :decisions 0 :propagations 304 :clauses 3523 :learned 1)
(nlsat :conflicts 1 :decisions 0 :propagations 304 :clauses 3524 :learned 1)
ramon: poll                 wall=46.192s usage=79.130s mem=246MiB load=2.00 rootload=2.00
(nlsat :conflicts 1 :decisions 0 :propagations 304 :clauses 3523 :learned 1)
(nlsat :conflicts 1 :decisions 0 :propagations 304 :clauses 3523 :learned 1)
(nlsat :conflicts 1 :decisions 0 :propagations 304 :clauses 3523 :learned 1)
(nlsat :conflicts 1 :decisions 0 :propagations 305 :clauses 3541 :learned 1)
(nlsat :conflicts 1 :decisions 0 :propagations 305 :clauses 3525 :learned 1)
(smt.stats   69   9881 923178 974416 10981/10514/55   30727/74     4    4  227.21)
(nlsat :conflicts 1 :decisions 0 :propagations 239 :clauses 3546 :learned 1)
(smt.delete-inactive-clauses  :num-deleted-clauses 4176)
(smt.stats   70  10028 942546 997385 11021/10677/56   27366/84     5    4  227.26)
(smt.stats :restarts :decisions    :clauses/bin/units           :simplify  :memory)
(smt.stats    :conflicts   :propagations           :lemmas           :deletions   )
(smt.stats   71  10189 951988 1020962 11035/10690/56   28131/84     5    4  228.21)
(nlsat :conflicts 1 :decisions 0 :propagations 546 :clauses 3615 :learned 1)
(nlsat :conflicts 1 :decisions 0 :propagations 520 :clauses 3615 :learned 1)
(nlsat :conflicts 1 :decisions 0 :propagations 522 :clauses 3620 :learned 1)
ramon: poll                 wall=47.460s usage=81.666s mem=247MiB load=2.00 rootload=2.00
(nlsat :conflicts 1 :decisions 0 :propagations 396 :clauses 3623 :learned 1)
(smt.stats   72  10366 965783 1043036 11074/10705/56   28598/87     5    4  227.99)
(nlsat :conflicts 1 :decisions 0 :propagations 394 :clauses 3657 :learned 1)
(nlsat :conflicts 1 :decisions 0 :propagations 394 :clauses 3657 :learned 1)
(nlsat :conflicts 1 :decisions 0 :propagations 394 :clauses 3657 :learned 1)
(nlsat :conflicts 1 :decisions 0 :propagations 394 :clauses 3663 :learned 1)
(smt.stats   73  10560 979773 1078710 11100/10741/56   29428/87     5    4  230.04)
ramon: poll                 wall=48.000s usage=82.721s mem=248MiB load=1.95 rootload=1.96
(nlsat :conflicts 1 :decisions 0 :propagations 398 :clauses 3632 :learned 1)
(nlsat :conflicts 1 :decisions 0 :propagations 398 :clauses 3636 :learned 1)
(nlsat :conflicts 1 :decisions 0 :propagations 398 :clauses 3634 :learned 1)
(nlsat :conflicts 1 :decisions 0 :propagations 398 :clauses 3636 :learned 1)
(nlsat :conflicts 1 :decisions 0 :propagations 398 :clauses 3633 :learned 1)
(nlsat :conflicts 1 :decisions 0 :propagations 398 :clauses 3642 :learned 1)
(nlsat :conflicts 1 :decisions 0 :propagations 398 :clauses 3637 :learned 1)
(nlsat :conflicts 1 :decisions 0 :propagations 398 :clauses 3637 :learned 1)
(nlsat :conflicts 1 :decisions 0 :propagations 398 :clauses 3636 :learned 1)
(nlsat :conflicts 1 :decisions 0 :propagations 398 :clauses 3639 :learned 1)
(nlsat :conflicts 1 :decisions 0 :propagations 525 :clauses 3649 :learned 1)
(nlsat :conflicts 1 :decisions 0 :propagations 526 :clauses 3652 :learned 1)
(nlsat :conflicts 1 :decisions 0 :propagations 524 :clauses 3658 :learned 1)
(nlsat :conflicts 3 :decisions 0 :propagations 556 :clauses 3663 :learned 3)
ramon: poll                 wall=49.000s usage=84.642s mem=250MiB load=1.92 rootload=1.92
(nlsat :conflicts 1 :decisions 0 :propagations 523 :clauses 3651 :learned 1)
(smt.stats   74  10773 1010538 1152848 11150/10768/56   29916/88     5    4  229.56)
(smt.stats   75  11007 1017508 1179415 11188/10822/56   30527/90     5    4  230.23)
(nlsat :conflicts 1 :decisions 0 :propagations 525 :clauses 3671 :learned 1)
(nlsat :conflicts 1 :decisions 0 :propagations 525 :clauses 3671 :learned 1)
(nlsat :conflicts 1 :decisions 0 :propagations 525 :clauses 3671 :learned 1)
(nlsat :conflicts 1 :decisions 0 :propagations 499 :clauses 3687 :learned 1)
(nlsat :conflicts 1 :decisions 0 :propagations 502 :clauses 3687 :learned 1)
(nlsat :conflicts 1 :decisions 0 :propagations 512 :clauses 3596 :learned 1)
(nlsat :conflicts 1 :decisions 0 :propagations 512 :clauses 3594 :learned 1)
(nlsat :conflicts 1 :decisions 0 :propagations 334 :clauses 3601 :learned 1)
(nlsat :conflicts 1 :decisions 0 :propagations 334 :clauses 3600 :learned 1)
(nlsat :conflicts 1 :decisions 0 :propagations 334 :clauses 3564 :learned 1)
(nlsat :conflicts 1 :decisions 0 :propagations 334 :clauses 3562 :learned 1)
(nlsat :conflicts 1 :decisions 0 :propagations 334 :clauses 3563 :learned 1)
ramon: poll                 wall=50.000s usage=86.432s mem=250MiB load=1.79 rootload=1.79
(nlsat :conflicts 1 :decisions 0 :propagations 334 :clauses 3564 :learned 1)
(nlsat :conflicts 1 :decisions 0 :propagations 334 :clauses 3562 :learned 1)
(nlsat :conflicts 1 :decisions 0 :propagations 334 :clauses 3566 :learned 1)
(nlsat :conflicts 1 :decisions 0 :propagations 334 :clauses 3581 :learned 1)
(nlsat :conflicts 1 :decisions 0 :propagations 334 :clauses 3581 :learned 1)
(nlsat :conflicts 1 :decisions 0 :propagations 334 :clauses 3588 :learned 1)
(nlsat :conflicts 1 :decisions 0 :propagations 334 :clauses 3559 :learned 1)
(nlsat :conflicts 1 :decisions 0 :propagations 335 :clauses 3570 :learned 1)
(nlsat :conflicts 1 :decisions 0 :propagations 515 :clauses 3567 :learned 1)
(nlsat :conflicts 1 :decisions 0 :propagations 402 :clauses 3607 :learned 1)
(nlsat :conflicts 1 :decisions 0 :propagations 518 :clauses 3588 :learned 1)
(nlsat :conflicts 1 :decisions 0 :propagations 404 :clauses 3588 :learned 1)
(nlsat :conflicts 1 :decisions 0 :propagations 518 :clauses 3587 :learned 1)
(nlsat :conflicts 1 :decisions 0 :propagations 404 :clauses 3591 :learned 1)
(nlsat :conflicts 1 :decisions 0 :propagations 520 :clauses 3597 :learned 1)
(smt.stats   76  11264 1066945 1245054 11297/10855/56   31545/91     5    4  233.05)
(nlsat :conflicts 1 :decisions 0 :propagations 405 :clauses 3598 :learned 1)
(nlsat :conflicts 1 :decisions 0 :propagations 649 :clauses 3613 :learned 1)
(nlsat :conflicts 1 :decisions 0 :propagations 406 :clauses 3608 :learned 1)
(nlsat :conflicts 1 :decisions 0 :propagations 649 :clauses 3610 :learned 1)
(nlsat :conflicts 1 :decisions 0 :propagations 407 :clauses 3628 :learned 1)
ramon: poll                 wall=51.000s usage=88.108s mem=255MiB load=1.68 rootload=1.68
(nlsat :conflicts 1 :decisions 0 :propagations 407 :clauses 3626 :learned 1)
(nlsat :conflicts 1 :decisions 0 :propagations 651 :clauses 3631 :learned 1)
(nlsat :conflicts 1 :decisions 0 :propagations 615 :clauses 3629 :learned 1)
(smt.stats :restarts :decisions     :clauses/bin/units           :simplify  :memory)
(smt.stats    :conflicts    :propagations           :lemmas           :deletions   )
(smt.stats   77  11546 1096045 1287463 11455/11014/56   32418/92     5    4  235.45)
(nlsat :conflicts 1 :decisions 0 :propagations 316 :clauses 3832 :learned 1)
(nlsat :conflicts 1 :decisions 0 :propagations 316 :clauses 3830 :learned 1)
(nlsat :conflicts 1 :decisions 0 :propagations 316 :clauses 3831 :learned 1)
ramon: poll                 wall=52.000s usage=90.108s mem=259MiB load=2.00 rootload=2.00
(smt.stats   78  11647 1106460 1309278 11507/11139/56   32669/92     5    4  238.29)
(smt.stats   79  11758 1113680 1327803 11516/11165/56   32892/92     5    4  239.82)
(nlsat :conflicts 1 :decisions 0 :propagations 316 :clauses 3819 :learned 1)
(nlsat :conflicts 1 :decisions 0 :propagations 316 :clauses 3817 :learned 1)
(nlsat :conflicts 1 :decisions 0 :propagations 316 :clauses 3818 :learned 1)
(nlsat :conflicts 1 :decisions 0 :propagations 316 :clauses 3818 :learned 1)
(nlsat :conflicts 1 :decisions 0 :propagations 316 :clauses 3816 :learned 1)
(nlsat :conflicts 1 :decisions 0 :propagations 316 :clauses 3816 :learned 1)
(nlsat :conflicts 1 :decisions 0 :propagations 316 :clauses 3816 :learned 1)
(nlsat :conflicts 1 :decisions 0 :propagations 345 :clauses 3818 :learned 1)
(nlsat :conflicts 1 :decisions 0 :propagations 345 :clauses 3820 :learned 1)
(smt.stats   80  11880 1118371 1338319 11525/11177/56   33162/92     5    4  239.88)
ramon: poll                 wall=53.000s usage=92.108s mem=261MiB load=2.00 rootload=2.00
(smt.stats   81  12014 1118650 1342685 11527/11184/56   33552/92     5    4  241.02)
(smt.stats   82  12161 1119660 1348747 11527/11184/56   34114/92     5    4  242.35)
(smt.stats   83  12322 1120034 1354714 11527/11184/56   34531/92     5    4  243.88)
(smt.stats   84  12499 1122162 1365288 11527/11184/56   35420/92     5    4  244.83)
ramon: poll                 wall=54.016s usage=94.148s mem=266MiB load=2.01 rootload=2.00
(nlsat :conflicts 1 :decisions 0 :propagations 347 :clauses 3815 :learned 1)
(nlsat :conflicts 1 :decisions 0 :propagations 346 :clauses 3800 :learned 1)
(smt.stats   85  12693 1128696 1378699 11531/11184/56   36667/92     5    4  245.83)
(nlsat :conflicts 1 :decisions 0 :propagations 346 :clauses 3831 :learned 1)
(nlsat :conflicts 1 :decisions 0 :propagations 346 :clauses 3830 :learned 1)
(nlsat :conflicts 1 :decisions 0 :propagations 346 :clauses 3832 :learned 1)
(nlsat :conflicts 1 :decisions 0 :propagations 348 :clauses 3816 :learned 1)
(nlsat :conflicts 1 :decisions 0 :propagations 348 :clauses 3815 :learned 1)
(nlsat :conflicts 1 :decisions 0 :propagations 348 :clauses 3827 :learned 1)
ramon: poll                 wall=55.014s usage=96.137s mem=270MiB load=1.99 rootload=1.99
(smt.stats   86  12906 1153214 1418448 11556/11191/56   38515/94     5    4  248.46)
(sat.ddfw :unsat :models :kflips/sec  :flips  :restarts  :reinits  :unsat_vars  :shifts)
(sat.ddfw       1     56  0.202409     10034         0          0           39       55)
(smt.stats   87  13140 1188770 1469851 11590/11219/56   39881/95     5    4  248.83)
(nlsat :conflicts 1 :decisions 0 :propagations 247 :clauses 3840 :learned 1)
(nlsat :conflicts 1 :decisions 0 :propagations 247 :clauses 3828 :learned 1)
(nlsat :conflicts 1 :decisions 0 :propagations 247 :clauses 3827 :learned 1)
(nlsat :conflicts 1 :decisions 0 :propagations 272 :clauses 3827 :learned 1)
(nlsat :conflicts 1 :decisions 0 :propagations 272 :clauses 3827 :learned 1)
(nlsat :conflicts 1 :decisions 0 :propagations 247 :clauses 3827 :learned 1)
(nlsat :conflicts 1 :decisions 0 :propagations 247 :clauses 3827 :learned 1)
ramon: poll                 wall=56.393s usage=98.352s mem=274MiB load=1.61 rootload=1.60
(nlsat :conflicts 1 :decisions 0 :propagations 272 :clauses 3827 :learned 1)
(nlsat :conflicts 1 :decisions 0 :propagations 247 :clauses 3828 :learned 1)
(nlsat :conflicts 1 :decisions 0 :propagations 247 :clauses 3827 :learned 1)
(nlsat :conflicts 1 :decisions 0 :propagations 247 :clauses 3828 :learned 1)
(nlsat :conflicts 1 :decisions 0 :propagations 247 :clauses 3828 :learned 1)
(nlsat :conflicts 1 :decisions 0 :propagations 247 :clauses 3828 :learned 1)
(nlsat :conflicts 1 :decisions 0 :propagations 247 :clauses 3827 :learned 1)
(nlsat :conflicts 1 :decisions 0 :propagations 247 :clauses 3827 :learned 1)
(nlsat :conflicts 1 :decisions 0 :propagations 247 :clauses 3827 :learned 1)
(nlsat :conflicts 1 :decisions 0 :propagations 353 :clauses 3830 :learned 1)
(nlsat :conflicts 1 :decisions 0 :propagations 354 :clauses 3842 :learned 1)
(nlsat :conflicts 1 :decisions 0 :propagations 247 :clauses 3847 :learned 1)
ramon: poll                 wall=57.000s usage=99.512s mem=274MiB load=1.91 rootload=1.91
(nlsat :conflicts 1 :decisions 0 :propagations 355 :clauses 3857 :learned 1)
(nlsat :conflicts 2 :decisions 0 :propagations 357 :clauses 3863 :learned 2)
(nlsat :conflicts 2 :decisions 0 :propagations 358 :clauses 3803 :learned 2)
(nlsat :conflicts 2 :decisions 0 :propagations 358 :clauses 3802 :learned 2)
(nlsat :conflicts 2 :decisions 0 :propagations 358 :clauses 3804 :learned 2)
(nlsat :conflicts 1 :decisions 0 :propagations 356 :clauses 3805 :learned 1)
(nlsat :conflicts 1 :decisions 0 :propagations 357 :clauses 3813 :learned 1)
(nlsat :conflicts 1 :decisions 0 :propagations 356 :clauses 3819 :learned 1)
(nlsat :conflicts 1 :decisions 0 :propagations 356 :clauses 3818 :learned 1)
(nlsat :conflicts 1 :decisions 0 :propagations 358 :clauses 3853 :learned 1)
(nlsat :conflicts 1 :decisions 0 :propagations 358 :clauses 3850 :learned 1)
(nlsat :conflicts 1 :decisions 0 :propagations 356 :clauses 3821 :learned 1)
(nlsat :conflicts 1 :decisions 0 :propagations 357 :clauses 3843 :learned 1)
(nlsat :conflicts 1 :decisions 0 :propagations 356 :clauses 3841 :learned 1)
(nlsat :conflicts 1 :decisions 0 :propagations 356 :clauses 3840 :learned 1)
ramon: poll                 wall=58.025s usage=101.568s mem=275MiB load=2.01 rootload=2.01
(nlsat :conflicts 1 :decisions 0 :propagations 357 :clauses 3842 :learned 1)
(smt.stats   88  13397 1238816 1540995 11752/11265/56   40729/96     5    4  249.30)
(nlsat :conflicts 2 :decisions 0 :propagations 330 :clauses 3847 :learned 2)
(nlsat :conflicts 2 :decisions 0 :propagations 332 :clauses 3854 :learned 2)
(nlsat :conflicts 1 :decisions 0 :propagations 474 :clauses 3849 :learned 1)
(nlsat :conflicts 1 :decisions 0 :propagations 474 :clauses 3849 :learned 1)
(nlsat :conflicts 1 :decisions 0 :propagations 474 :clauses 3851 :learned 1)
(nlsat :conflicts 1 :decisions 0 :propagations 474 :clauses 3851 :learned 1)
(nlsat :conflicts 1 :decisions 0 :propagations 474 :clauses 3851 :learned 1)
(nlsat :conflicts 1 :decisions 0 :propagations 474 :clauses 3852 :learned 1)
(nlsat :conflicts 1 :decisions 0 :propagations 475 :clauses 3853 :learned 1)
(nlsat :conflicts 1 :decisions 0 :propagations 474 :clauses 3849 :learned 1)
ramon: poll                 wall=59.000s usage=103.512s mem=275MiB load=1.99 rootload=1.99
(nlsat :conflicts 1 :decisions 0 :propagations 474 :clauses 3850 :learned 1)
(nlsat :conflicts 1 :decisions 0 :propagations 474 :clauses 3851 :learned 1)
(nlsat :conflicts 1 :decisions 0 :propagations 349 :clauses 3864 :learned 1)
(nlsat :conflicts 1 :decisions 0 :propagations 349 :clauses 3860 :learned 1)
(nlsat :conflicts 1 :decisions 0 :propagations 349 :clauses 3892 :learned 1)
(nlsat :conflicts 1 :decisions 0 :propagations 350 :clauses 3862 :learned 1)
(nlsat :conflicts 1 :decisions 0 :propagations 349 :clauses 3859 :learned 1)
(nlsat :conflicts 1 :decisions 0 :propagations 350 :clauses 3864 :learned 1)
(nlsat :conflicts 1 :decisions 0 :propagations 353 :clauses 3910 :learned 1)
(nlsat :conflicts 1 :decisions 0 :propagations 335 :clauses 3938 :learned 1)
(nlsat :conflicts 1 :decisions 0 :propagations 335 :clauses 3935 :learned 1)
(nlsat :conflicts 1 :decisions 0 :propagations 335 :clauses 3939 :learned 1)
(smt.stats   89  13679 1294935 1620133 11919/11446/56   41992/96     5    4  250.72)
(nlsat :conflicts 1 :decisions 0 :propagations 366 :clauses 3927 :learned 1)
(nlsat :conflicts 1 :decisions 0 :propagations 366 :clauses 3931 :learned 1)
(nlsat :conflicts 1 :decisions 0 :propagations 369 :clauses 3979 :learned 1)
(nlsat :conflicts 1 :decisions 0 :propagations 367 :clauses 3937 :learned 1)
ramon: poll                 wall=60.000s usage=105.409s mem=275MiB load=1.90 rootload=1.90
(nlsat :conflicts 1 :decisions 0 :propagations 367 :clauses 3937 :learned 1)
ramon: end                  Wed Jan 15 21:03:38 2025
ramon: root.execname        z3
ramon: root.utime           105.620s
ramon: root.stime           0.110s
ramon: group.total          105.749s
ramon: group.utime          105.630s
ramon: group.stime          0.120s
ramon: group.mempeak        276MiB
ramon: group.pidpeak        4
ramon: status               exited
ramon: exitcode             0
ramon: walltime             60.268s
ramon: loadavg              1.75
