sat
(:arith-dio-branch-depths     24
 :arith-dio-branch-iterations 24
 :arith-dio-branching-depth   24
 :arith-dio-calls             2
 :arith-gcd-calls             2
 :arith-lower                 93
 :arith-make-feasible         27
 :arith-max-columns           267
 :arith-max-rows              150
 :arith-patches               3
 :arith-patches-success       1
 :arith-upper                 57
 :final-checks                3
 :max-memory                  120.73
 :memory                      22.11
 :mk-bool-var                 150
 :num-allocs                  138185218362.00
 :num-checks                  3
 :rlimit-count                102644117
 :sat-backjumps               138318
 :sat-backtracks              70
 :sat-conflicts               138388
 :sat-decisions               314062
 :sat-del-clause              47881
 :sat-elim-bool-vars-res      7691
 :sat-elim-clauses            1650
 :sat-elim-literals           71306
 :sat-minimized-lits          2707781
 :sat-mk-clause-2ary          89959
 :sat-mk-clause-3ary          25888
 :sat-mk-clause-nary          364895
 :sat-mk-var                  83793
 :sat-probing-assigned        324
 :sat-propagations-2ary       56687283
 :sat-propagations-nary       45643188
 :sat-restarts                18238
 :sat-scc-elim-binary         5
 :sat-scc-elim-vars           66
 :sat-subs-resolution         16492
 :sat-subs-resolution-dyn     53579
 :sat-subsumed                1316
 :sat-tr                      5
 :sat-units                   338
 :time                        22.92
 :total-time                  22.93)
