ramon: cwd                  /home/runner/a/_work/z3-poly-testing/z3-poly-testing
ramon: start                Sat Feb  8 23:20:06 2025
ramon: nproc                128
ramon: sys.mem              64150 MiB
ramon: sys.mem.free         42771 MiB
ramon: sys.mem.avail        63942 MiB
ramon: sys.nprocs           2882
ramon: argv                 0 = z3
ramon: argv                 1 = inputs/QF_LIA/n6734-prp-7-47.smt2
ramon: argv                 2 = -T:600
ramon: argv                 3 = -st
ramon: argv                 4 = smt.arith.lp.dio_cuts_enable_gomory=false
ramon: childpid             1697507
ramon: poll                 wall=01.000s usage=00.978s user=00.923s sys=00.055s mem=72596KiB roottime=0.920s load=0.98 rootload=0.92
ramon: poll                 wall=02.000s usage=01.978s user=01.861s sys=00.117s mem=143MiB roottime=1.860s load=1.00 rootload=0.94
ramon: poll                 wall=03.000s usage=02.978s user=02.861s sys=00.117s mem=144MiB roottime=2.860s load=1.00 rootload=1.00
ramon: poll                 wall=04.000s usage=03.978s user=03.860s sys=00.118s mem=145MiB roottime=3.860s load=1.00 rootload=1.00
ramon: poll                 wall=05.000s usage=04.977s user=04.858s sys=00.119s mem=146MiB roottime=4.850s load=1.00 rootload=0.99
ramon: poll                 wall=06.000s usage=05.977s user=05.857s sys=00.120s mem=146MiB roottime=5.850s load=1.00 rootload=1.00
ramon: poll                 wall=07.000s usage=06.977s user=06.855s sys=00.122s mem=146MiB roottime=6.850s load=1.00 rootload=1.00
ramon: poll                 wall=08.000s usage=07.977s user=07.854s sys=00.123s mem=147MiB roottime=7.850s load=1.00 rootload=1.00
ramon: poll                 wall=09.000s usage=08.977s user=08.854s sys=00.123s mem=147MiB roottime=8.850s load=1.00 rootload=1.00
ramon: poll                 wall=10.000s usage=09.977s user=09.852s sys=00.125s mem=147MiB roottime=9.850s load=1.00 rootload=1.00
ramon: poll                 wall=11.000s usage=10.976s user=10.852s sys=00.125s mem=147MiB roottime=10.850s load=1.00 rootload=1.00
ramon: poll                 wall=12.000s usage=11.976s user=11.851s sys=00.125s mem=148MiB roottime=11.850s load=1.00 rootload=1.00
ramon: poll                 wall=13.000s usage=12.976s user=12.850s sys=00.126s mem=149MiB roottime=12.850s load=1.00 rootload=1.00
ramon: poll                 wall=14.000s usage=13.976s user=13.850s sys=00.126s mem=149MiB roottime=13.850s load=1.00 rootload=1.00
ramon: poll                 wall=15.000s usage=14.976s user=14.850s sys=00.126s mem=149MiB roottime=14.850s load=1.00 rootload=1.00
ramon: poll                 wall=16.000s usage=15.976s user=15.849s sys=00.127s mem=149MiB roottime=15.840s load=1.00 rootload=0.99
ramon: poll                 wall=17.000s usage=16.976s user=16.849s sys=00.127s mem=149MiB roottime=16.840s load=1.00 rootload=1.00
ramon: poll                 wall=18.000s usage=17.976s user=17.848s sys=00.128s mem=150MiB roottime=17.840s load=1.00 rootload=1.00
ramon: poll                 wall=19.000s usage=18.976s user=18.848s sys=00.128s mem=150MiB roottime=18.840s load=1.00 rootload=1.00
ramon: poll                 wall=20.000s usage=19.975s user=19.847s sys=00.128s mem=150MiB roottime=19.840s load=1.00 rootload=1.00
ramon: poll                 wall=21.000s usage=20.975s user=20.846s sys=00.129s mem=150MiB roottime=20.840s load=1.00 rootload=1.00
ramon: poll                 wall=22.000s usage=21.975s user=21.846s sys=00.129s mem=151MiB roottime=21.840s load=1.00 rootload=1.00
ramon: poll                 wall=23.000s usage=22.975s user=22.844s sys=00.131s mem=151MiB roottime=22.840s load=1.00 rootload=1.00
ramon: poll                 wall=24.000s usage=23.975s user=23.843s sys=00.132s mem=152MiB roottime=23.840s load=1.00 rootload=1.00
ramon: poll                 wall=25.000s usage=24.974s user=24.841s sys=00.133s mem=152MiB roottime=24.840s load=1.00 rootload=1.00
ramon: poll                 wall=26.000s usage=25.974s user=25.841s sys=00.133s mem=152MiB roottime=25.840s load=1.00 rootload=1.00
ramon: poll                 wall=27.000s usage=26.974s user=26.840s sys=00.134s mem=153MiB roottime=26.840s load=1.00 rootload=1.00
ramon: poll                 wall=28.000s usage=27.974s user=27.839s sys=00.135s mem=153MiB roottime=27.830s load=1.00 rootload=0.99
ramon: poll                 wall=29.000s usage=28.974s user=28.839s sys=00.135s mem=153MiB roottime=28.830s load=1.00 rootload=1.00
ramon: poll                 wall=30.000s usage=29.974s user=29.839s sys=00.135s mem=153MiB roottime=29.830s load=1.00 rootload=1.00
ramon: poll                 wall=31.000s usage=30.973s user=30.838s sys=00.135s mem=153MiB roottime=30.830s load=1.00 rootload=1.00
ramon: poll                 wall=32.000s usage=31.973s user=31.838s sys=00.135s mem=153MiB roottime=31.830s load=1.00 rootload=1.00
ramon: poll                 wall=33.000s usage=32.973s user=32.838s sys=00.135s mem=154MiB roottime=32.830s load=1.00 rootload=1.00
ramon: poll                 wall=34.000s usage=33.973s user=33.837s sys=00.136s mem=154MiB roottime=33.830s load=1.00 rootload=1.00
ramon: poll                 wall=35.000s usage=34.972s user=34.836s sys=00.136s mem=154MiB roottime=34.830s load=1.00 rootload=1.00
ramon: poll                 wall=36.000s usage=35.972s user=35.835s sys=00.137s mem=154MiB roottime=35.830s load=1.00 rootload=1.00
ramon: poll                 wall=37.000s usage=36.972s user=36.835s sys=00.137s mem=154MiB roottime=36.830s load=1.00 rootload=1.00
ramon: poll                 wall=38.000s usage=37.972s user=37.833s sys=00.139s mem=154MiB roottime=37.830s load=1.00 rootload=1.00
ramon: poll                 wall=39.000s usage=38.972s user=38.832s sys=00.140s mem=155MiB roottime=38.830s load=1.00 rootload=1.00
ramon: poll                 wall=40.000s usage=39.971s user=39.832s sys=00.140s mem=155MiB roottime=39.830s load=1.00 rootload=1.00
ramon: poll                 wall=41.000s usage=40.971s user=40.830s sys=00.141s mem=155MiB roottime=40.830s load=1.00 rootload=1.00
ramon: poll                 wall=42.000s usage=41.971s user=41.829s sys=00.142s mem=155MiB roottime=41.820s load=1.00 rootload=0.99
ramon: poll                 wall=43.000s usage=42.971s user=42.828s sys=00.143s mem=155MiB roottime=42.820s load=1.00 rootload=1.00
ramon: poll                 wall=44.000s usage=43.971s user=43.828s sys=00.143s mem=155MiB roottime=43.820s load=1.00 rootload=1.00
ramon: poll                 wall=45.000s usage=44.970s user=44.826s sys=00.144s mem=155MiB roottime=44.820s load=1.00 rootload=1.00
ramon: poll                 wall=46.000s usage=45.970s user=45.825s sys=00.145s mem=155MiB roottime=45.820s load=1.00 rootload=1.00
ramon: poll                 wall=47.000s usage=46.970s user=46.825s sys=00.145s mem=155MiB roottime=46.820s load=1.00 rootload=1.00
ramon: poll                 wall=48.000s usage=47.970s user=47.823s sys=00.147s mem=156MiB roottime=47.820s load=1.00 rootload=1.00
ramon: poll                 wall=49.000s usage=48.970s user=48.823s sys=00.147s mem=156MiB roottime=48.820s load=1.00 rootload=1.00
ramon: poll                 wall=50.000s usage=49.970s user=49.823s sys=00.147s mem=156MiB roottime=49.820s load=1.00 rootload=1.00
ramon: poll                 wall=51.000s usage=50.970s user=50.823s sys=00.147s mem=156MiB roottime=50.820s load=1.00 rootload=1.00
ramon: poll                 wall=52.000s usage=51.970s user=51.823s sys=00.147s mem=156MiB roottime=51.820s load=1.00 rootload=1.00
ramon: poll                 wall=53.000s usage=52.970s user=52.823s sys=00.147s mem=156MiB roottime=52.820s load=1.00 rootload=1.00
ramon: poll                 wall=54.000s usage=53.969s user=53.822s sys=00.147s mem=156MiB roottime=53.820s load=1.00 rootload=1.00
ramon: poll                 wall=55.000s usage=54.969s user=54.821s sys=00.148s mem=156MiB roottime=54.820s load=1.00 rootload=1.00
ramon: poll                 wall=56.000s usage=55.969s user=55.820s sys=00.149s mem=156MiB roottime=55.820s load=1.00 rootload=1.00
ramon: poll                 wall=57.000s usage=56.969s user=56.818s sys=00.151s mem=156MiB roottime=56.810s load=1.00 rootload=0.99
ramon: poll                 wall=58.000s usage=57.969s user=57.818s sys=00.151s mem=157MiB roottime=57.810s load=1.00 rootload=1.00
ramon: poll                 wall=59.000s usage=58.969s user=58.818s sys=00.151s mem=157MiB roottime=58.810s load=1.00 rootload=1.00
ramon: poll                 wall=01m00.000s usage=59.969s user=59.818s sys=00.151s mem=157MiB roottime=59.810s load=1.00 rootload=1.00
ramon: poll                 wall=01m01.000s usage=01m00.969s user=01m00.817s sys=00.152s mem=157MiB roottime=60.810s load=1.00 rootload=1.00
ramon: poll                 wall=01m02.000s usage=01m01.968s user=01m01.815s sys=00.153s mem=157MiB roottime=61.810s load=1.00 rootload=1.00
ramon: poll                 wall=01m03.000s usage=01m02.968s user=01m02.815s sys=00.153s mem=157MiB roottime=62.810s load=1.00 rootload=1.00
ramon: poll                 wall=01m04.000s usage=01m03.968s user=01m03.815s sys=00.153s mem=157MiB roottime=63.810s load=1.00 rootload=1.00
ramon: poll                 wall=01m05.000s usage=01m04.968s user=01m04.815s sys=00.153s mem=157MiB roottime=64.810s load=1.00 rootload=1.00
ramon: poll                 wall=01m06.000s usage=01m05.968s user=01m05.815s sys=00.153s mem=157MiB roottime=65.810s load=1.00 rootload=1.00
ramon: poll                 wall=01m07.000s usage=01m06.968s user=01m06.814s sys=00.154s mem=157MiB roottime=66.810s load=1.00 rootload=1.00
ramon: poll                 wall=01m08.000s usage=01m07.968s user=01m07.814s sys=00.154s mem=157MiB roottime=67.810s load=1.00 rootload=1.00
ramon: poll                 wall=01m09.000s usage=01m08.968s user=01m08.813s sys=00.155s mem=157MiB roottime=68.810s load=1.00 rootload=1.00
ramon: poll                 wall=01m10.000s usage=01m09.968s user=01m09.812s sys=00.156s mem=158MiB roottime=69.810s load=1.00 rootload=1.00
ramon: poll                 wall=01m11.000s usage=01m10.968s user=01m10.812s sys=00.156s mem=158MiB roottime=70.810s load=1.00 rootload=1.00
ramon: poll                 wall=01m12.000s usage=01m11.967s user=01m11.810s sys=00.157s mem=158MiB roottime=71.810s load=1.00 rootload=1.00
ramon: poll                 wall=01m13.000s usage=01m12.967s user=01m12.809s sys=00.158s mem=158MiB roottime=72.800s load=1.00 rootload=0.99
ramon: poll                 wall=01m14.000s usage=01m13.967s user=01m13.809s sys=00.158s mem=158MiB roottime=73.800s load=1.00 rootload=1.00
ramon: poll                 wall=01m15.000s usage=01m14.967s user=01m14.809s sys=00.158s mem=158MiB roottime=74.800s load=1.00 rootload=1.00
ramon: poll                 wall=01m16.000s usage=01m15.967s user=01m15.809s sys=00.158s mem=158MiB roottime=75.800s load=1.00 rootload=1.00
ramon: poll                 wall=01m17.000s usage=01m16.967s user=01m16.808s sys=00.159s mem=158MiB roottime=76.800s load=1.00 rootload=1.00
ramon: poll                 wall=01m18.000s usage=01m17.967s user=01m17.808s sys=00.159s mem=158MiB roottime=77.800s load=1.00 rootload=1.00
ramon: poll                 wall=01m19.000s usage=01m18.967s user=01m18.808s sys=00.159s mem=159MiB roottime=78.800s load=1.00 rootload=1.00
ramon: poll                 wall=01m20.000s usage=01m19.967s user=01m19.808s sys=00.159s mem=159MiB roottime=79.800s load=1.00 rootload=1.00
ramon: poll                 wall=01m21.000s usage=01m20.966s user=01m20.807s sys=00.159s mem=159MiB roottime=80.800s load=1.00 rootload=1.00
ramon: poll                 wall=01m22.000s usage=01m21.966s user=01m21.807s sys=00.159s mem=159MiB roottime=81.800s load=1.00 rootload=1.00
ramon: poll                 wall=01m23.000s usage=01m22.966s user=01m22.807s sys=00.159s mem=159MiB roottime=82.800s load=1.00 rootload=1.00
ramon: poll                 wall=01m24.000s usage=01m23.966s user=01m23.807s sys=00.159s mem=159MiB roottime=83.800s load=1.00 rootload=1.00
ramon: poll                 wall=01m25.000s usage=01m24.966s user=01m24.806s sys=00.160s mem=159MiB roottime=84.800s load=1.00 rootload=1.00
ramon: poll                 wall=01m26.000s usage=01m25.966s user=01m25.806s sys=00.160s mem=159MiB roottime=85.800s load=1.00 rootload=1.00
ramon: poll                 wall=01m27.000s usage=01m26.966s user=01m26.805s sys=00.161s mem=159MiB roottime=86.800s load=1.00 rootload=1.00
ramon: poll                 wall=01m28.000s usage=01m27.966s user=01m27.805s sys=00.161s mem=159MiB roottime=87.800s load=1.00 rootload=1.00
ramon: poll                 wall=01m29.000s usage=01m28.965s user=01m28.805s sys=00.161s mem=159MiB roottime=88.800s load=1.00 rootload=1.00
ramon: poll                 wall=01m30.000s usage=01m29.965s user=01m29.804s sys=00.161s mem=159MiB roottime=89.800s load=1.00 rootload=1.00
ramon: poll                 wall=01m31.000s usage=01m30.965s user=01m30.804s sys=00.161s mem=159MiB roottime=90.800s load=1.00 rootload=1.00
ramon: poll                 wall=01m32.000s usage=01m31.965s user=01m31.803s sys=00.162s mem=159MiB roottime=91.800s load=1.00 rootload=1.00
ramon: poll                 wall=01m33.000s usage=01m32.965s user=01m32.802s sys=00.163s mem=159MiB roottime=92.800s load=1.00 rootload=1.00
ramon: poll                 wall=01m34.000s usage=01m33.965s user=01m33.802s sys=00.163s mem=159MiB roottime=93.800s load=1.00 rootload=1.00
ramon: poll                 wall=01m35.000s usage=01m34.965s user=01m34.802s sys=00.163s mem=159MiB roottime=94.800s load=1.00 rootload=1.00
ramon: poll                 wall=01m36.000s usage=01m35.965s user=01m35.802s sys=00.163s mem=159MiB roottime=95.800s load=1.00 rootload=1.00
ramon: poll                 wall=01m37.000s usage=01m36.965s user=01m36.801s sys=00.164s mem=160MiB roottime=96.800s load=1.00 rootload=1.00
ramon: poll                 wall=01m38.000s usage=01m37.964s user=01m37.801s sys=00.164s mem=160MiB roottime=97.800s load=1.00 rootload=1.00
ramon: poll                 wall=01m39.000s usage=01m38.964s user=01m38.800s sys=00.164s mem=160MiB roottime=98.800s load=1.00 rootload=1.00
ramon: poll                 wall=01m40.000s usage=01m39.964s user=01m39.800s sys=00.164s mem=160MiB roottime=99.800s load=1.00 rootload=1.00
ramon: poll                 wall=01m41.000s usage=01m40.964s user=01m40.800s sys=00.164s mem=160MiB roottime=100.800s load=1.00 rootload=1.00
ramon: poll                 wall=01m42.000s usage=01m41.964s user=01m41.800s sys=00.164s mem=160MiB roottime=101.800s load=1.00 rootload=1.00
ramon: poll                 wall=01m43.000s usage=01m42.964s user=01m42.800s sys=00.164s mem=160MiB roottime=102.800s load=1.00 rootload=1.00
ramon: poll                 wall=01m44.000s usage=01m43.964s user=01m43.800s sys=00.164s mem=160MiB roottime=103.800s load=1.00 rootload=1.00
ramon: poll                 wall=01m45.000s usage=01m44.964s user=01m44.800s sys=00.164s mem=160MiB roottime=104.800s load=1.00 rootload=1.00
ramon: poll                 wall=01m46.000s usage=01m45.964s user=01m45.800s sys=00.164s mem=160MiB roottime=105.800s load=1.00 rootload=1.00
ramon: poll                 wall=01m47.000s usage=01m46.964s user=01m46.800s sys=00.164s mem=160MiB roottime=106.800s load=1.00 rootload=1.00
ramon: poll                 wall=01m48.000s usage=01m47.963s user=01m47.799s sys=00.164s mem=160MiB roottime=107.800s load=1.00 rootload=1.00
ramon: poll                 wall=01m49.000s usage=01m48.963s user=01m48.799s sys=00.164s mem=160MiB roottime=108.790s load=1.00 rootload=0.99
ramon: poll                 wall=01m50.000s usage=01m49.963s user=01m49.799s sys=00.164s mem=161MiB roottime=109.790s load=1.00 rootload=1.00
ramon: poll                 wall=01m51.000s usage=01m50.963s user=01m50.799s sys=00.164s mem=161MiB roottime=110.790s load=1.00 rootload=1.00
ramon: poll                 wall=01m52.000s usage=01m51.963s user=01m51.799s sys=00.164s mem=161MiB roottime=111.790s load=1.00 rootload=1.00
ramon: poll                 wall=01m53.000s usage=01m52.963s user=01m52.796s sys=00.167s mem=161MiB roottime=112.790s load=1.00 rootload=1.00
ramon: poll                 wall=01m54.000s usage=01m53.963s user=01m53.795s sys=00.168s mem=161MiB roottime=113.790s load=1.00 rootload=1.00
ramon: poll                 wall=01m55.000s usage=01m54.962s user=01m54.793s sys=00.169s mem=161MiB roottime=114.790s load=1.00 rootload=1.00
ramon: poll                 wall=01m56.000s usage=01m55.962s user=01m55.792s sys=00.170s mem=161MiB roottime=115.790s load=1.00 rootload=1.00
ramon: poll                 wall=01m57.000s usage=01m56.962s user=01m56.791s sys=00.171s mem=161MiB roottime=116.790s load=1.00 rootload=1.00
ramon: poll                 wall=01m58.000s usage=01m57.962s user=01m57.791s sys=00.171s mem=161MiB roottime=117.790s load=1.00 rootload=1.00
ramon: poll                 wall=01m59.000s usage=01m58.962s user=01m58.791s sys=00.171s mem=161MiB roottime=118.790s load=1.00 rootload=1.00
ramon: poll                 wall=02m00.000s usage=01m59.962s user=01m59.791s sys=00.171s mem=161MiB roottime=119.790s load=1.00 rootload=1.00
ramon: poll                 wall=02m01.000s usage=02m00.962s user=02m00.790s sys=00.172s mem=161MiB roottime=120.790s load=1.00 rootload=1.00
ramon: poll                 wall=02m02.000s usage=02m01.961s user=02m01.789s sys=00.172s mem=161MiB roottime=121.790s load=1.00 rootload=1.00
ramon: poll                 wall=02m03.000s usage=02m02.961s user=02m02.789s sys=00.172s mem=161MiB roottime=122.780s load=1.00 rootload=0.99
ramon: poll                 wall=02m04.000s usage=02m03.961s user=02m03.789s sys=00.172s mem=161MiB roottime=123.780s load=1.00 rootload=1.00
ramon: poll                 wall=02m05.000s usage=02m04.961s user=02m04.789s sys=00.172s mem=161MiB roottime=124.780s load=1.00 rootload=1.00
ramon: poll                 wall=02m06.000s usage=02m05.961s user=02m05.789s sys=00.172s mem=161MiB roottime=125.780s load=1.00 rootload=1.00
ramon: poll                 wall=02m07.000s usage=02m06.961s user=02m06.789s sys=00.172s mem=161MiB roottime=126.780s load=1.00 rootload=1.00
ramon: poll                 wall=02m08.000s usage=02m07.961s user=02m07.789s sys=00.172s mem=161MiB roottime=127.780s load=1.00 rootload=1.00
ramon: poll                 wall=02m09.000s usage=02m08.961s user=02m08.789s sys=00.172s mem=161MiB roottime=128.780s load=1.00 rootload=1.00
ramon: poll                 wall=02m10.000s usage=02m09.961s user=02m09.789s sys=00.172s mem=161MiB roottime=129.780s load=1.00 rootload=1.00
ramon: poll                 wall=02m11.000s usage=02m10.960s user=02m10.788s sys=00.172s mem=161MiB roottime=130.780s load=1.00 rootload=1.00
ramon: poll                 wall=02m12.000s usage=02m11.960s user=02m11.788s sys=00.172s mem=161MiB roottime=131.780s load=1.00 rootload=1.00
ramon: poll                 wall=02m13.000s usage=02m12.960s user=02m12.787s sys=00.173s mem=161MiB roottime=132.780s load=1.00 rootload=1.00
ramon: poll                 wall=02m14.000s usage=02m13.960s user=02m13.787s sys=00.173s mem=161MiB roottime=133.780s load=1.00 rootload=1.00
ramon: poll                 wall=02m15.000s usage=02m14.960s user=02m14.787s sys=00.173s mem=161MiB roottime=134.780s load=1.00 rootload=1.00
ramon: poll                 wall=02m16.000s usage=02m15.960s user=02m15.787s sys=00.173s mem=161MiB roottime=135.780s load=1.00 rootload=1.00
ramon: poll                 wall=02m17.000s usage=02m16.960s user=02m16.787s sys=00.173s mem=161MiB roottime=136.780s load=1.00 rootload=1.00
ramon: poll                 wall=02m18.000s usage=02m17.960s user=02m17.787s sys=00.173s mem=161MiB roottime=137.780s load=1.00 rootload=1.00
ramon: poll                 wall=02m19.000s usage=02m18.960s user=02m18.787s sys=00.173s mem=161MiB roottime=138.780s load=1.00 rootload=1.00
ramon: poll                 wall=02m20.000s usage=02m19.960s user=02m19.787s sys=00.173s mem=161MiB roottime=139.780s load=1.00 rootload=1.00
ramon: poll                 wall=02m21.000s usage=02m20.959s user=02m20.787s sys=00.173s mem=161MiB roottime=140.780s load=1.00 rootload=1.00
ramon: poll                 wall=02m22.000s usage=02m21.959s user=02m21.786s sys=00.173s mem=161MiB roottime=141.780s load=1.00 rootload=1.00
ramon: poll                 wall=02m23.000s usage=02m22.959s user=02m22.786s sys=00.173s mem=161MiB roottime=142.780s load=1.00 rootload=1.00
ramon: poll                 wall=02m24.000s usage=02m23.959s user=02m23.786s sys=00.173s mem=161MiB roottime=143.780s load=1.00 rootload=1.00
ramon: poll                 wall=02m25.000s usage=02m24.959s user=02m24.786s sys=00.173s mem=161MiB roottime=144.780s load=1.00 rootload=1.00
ramon: poll                 wall=02m26.000s usage=02m25.959s user=02m25.786s sys=00.173s mem=161MiB roottime=145.780s load=1.00 rootload=1.00
ramon: poll                 wall=02m27.000s usage=02m26.959s user=02m26.785s sys=00.174s mem=162MiB roottime=146.780s load=1.00 rootload=1.00
ramon: poll                 wall=02m28.000s usage=02m27.959s user=02m27.785s sys=00.174s mem=162MiB roottime=147.780s load=1.00 rootload=1.00
ramon: poll                 wall=02m29.000s usage=02m28.958s user=02m28.784s sys=00.174s mem=162MiB roottime=148.780s load=1.00 rootload=1.00
ramon: poll                 wall=02m30.000s usage=02m29.958s user=02m29.784s sys=00.174s mem=162MiB roottime=149.780s load=1.00 rootload=1.00
ramon: poll                 wall=02m31.000s usage=02m30.958s user=02m30.784s sys=00.174s mem=162MiB roottime=150.780s load=1.00 rootload=1.00
ramon: poll                 wall=02m32.000s usage=02m31.958s user=02m31.784s sys=00.174s mem=162MiB roottime=151.780s load=1.00 rootload=1.00
ramon: poll                 wall=02m33.000s usage=02m32.958s user=02m32.784s sys=00.174s mem=162MiB roottime=152.780s load=1.00 rootload=1.00
ramon: poll                 wall=02m34.000s usage=02m33.958s user=02m33.784s sys=00.174s mem=162MiB roottime=153.780s load=1.00 rootload=1.00
ramon: poll                 wall=02m35.000s usage=02m34.958s user=02m34.783s sys=00.175s mem=162MiB roottime=154.780s load=1.00 rootload=1.00
ramon: poll                 wall=02m36.000s usage=02m35.957s user=02m35.782s sys=00.175s mem=162MiB roottime=155.780s load=1.00 rootload=1.00
ramon: poll                 wall=02m37.000s usage=02m36.957s user=02m36.782s sys=00.175s mem=162MiB roottime=156.780s load=1.00 rootload=1.00
ramon: poll                 wall=02m38.000s usage=02m37.957s user=02m37.782s sys=00.175s mem=162MiB roottime=157.780s load=1.00 rootload=1.00
ramon: poll                 wall=02m39.000s usage=02m38.957s user=02m38.782s sys=00.175s mem=162MiB roottime=158.780s load=1.00 rootload=1.00
ramon: poll                 wall=02m40.000s usage=02m39.957s user=02m39.782s sys=00.175s mem=162MiB roottime=159.780s load=1.00 rootload=1.00
ramon: poll                 wall=02m41.000s usage=02m40.957s user=02m40.782s sys=00.175s mem=162MiB roottime=160.780s load=1.00 rootload=1.00
ramon: poll                 wall=02m42.000s usage=02m41.957s user=02m41.782s sys=00.175s mem=162MiB roottime=161.780s load=1.00 rootload=1.00
ramon: poll                 wall=02m43.000s usage=02m42.956s user=02m42.780s sys=00.176s mem=162MiB roottime=162.780s load=1.00 rootload=1.00
ramon: poll                 wall=02m44.000s usage=02m43.956s user=02m43.780s sys=00.176s mem=162MiB roottime=163.780s load=1.00 rootload=1.00
ramon: poll                 wall=02m45.000s usage=02m44.956s user=02m44.780s sys=00.176s mem=162MiB roottime=164.780s load=1.00 rootload=1.00
ramon: poll                 wall=02m46.000s usage=02m45.956s user=02m45.780s sys=00.176s mem=162MiB roottime=165.780s load=1.00 rootload=1.00
ramon: poll                 wall=02m47.000s usage=02m46.956s user=02m46.780s sys=00.176s mem=162MiB roottime=166.780s load=1.00 rootload=1.00
ramon: poll                 wall=02m48.000s usage=02m47.956s user=02m47.780s sys=00.176s mem=162MiB roottime=167.780s load=1.00 rootload=1.00
ramon: poll                 wall=02m49.000s usage=02m48.956s user=02m48.780s sys=00.176s mem=163MiB roottime=168.780s load=1.00 rootload=1.00
ramon: poll                 wall=02m50.000s usage=02m49.956s user=02m49.780s sys=00.176s mem=163MiB roottime=169.780s load=1.00 rootload=1.00
ramon: poll                 wall=02m51.000s usage=02m50.955s user=02m50.779s sys=00.176s mem=163MiB roottime=170.780s load=1.00 rootload=1.00
ramon: poll                 wall=02m52.000s usage=02m51.955s user=02m51.777s sys=00.178s mem=163MiB roottime=171.770s load=1.00 rootload=0.99
ramon: poll                 wall=02m53.000s usage=02m52.955s user=02m52.775s sys=00.180s mem=163MiB roottime=172.770s load=1.00 rootload=1.00
ramon: poll                 wall=02m54.000s usage=02m53.955s user=02m53.775s sys=00.180s mem=163MiB roottime=173.770s load=1.00 rootload=1.00
ramon: poll                 wall=02m55.000s usage=02m54.955s user=02m54.775s sys=00.180s mem=163MiB roottime=174.770s load=1.00 rootload=1.00
ramon: poll                 wall=02m56.000s usage=02m55.955s user=02m55.775s sys=00.180s mem=163MiB roottime=175.770s load=1.00 rootload=1.00
ramon: poll                 wall=02m57.000s usage=02m56.955s user=02m56.775s sys=00.180s mem=163MiB roottime=176.770s load=1.00 rootload=1.00
ramon: poll                 wall=02m58.000s usage=02m57.955s user=02m57.775s sys=00.180s mem=163MiB roottime=177.770s load=1.00 rootload=1.00
ramon: poll                 wall=02m59.000s usage=02m58.954s user=02m58.775s sys=00.180s mem=163MiB roottime=178.770s load=1.00 rootload=1.00
ramon: poll                 wall=03m00.000s usage=02m59.954s user=02m59.774s sys=00.180s mem=163MiB roottime=179.770s load=1.00 rootload=1.00
ramon: poll                 wall=03m01.000s usage=03m00.954s user=03m00.774s sys=00.180s mem=163MiB roottime=180.770s load=1.00 rootload=1.00
ramon: poll                 wall=03m02.000s usage=03m01.954s user=03m01.774s sys=00.180s mem=163MiB roottime=181.770s load=1.00 rootload=1.00
ramon: poll                 wall=03m03.000s usage=03m02.954s user=03m02.774s sys=00.180s mem=163MiB roottime=182.770s load=1.00 rootload=1.00
ramon: poll                 wall=03m04.000s usage=03m03.954s user=03m03.774s sys=00.180s mem=163MiB roottime=183.770s load=1.00 rootload=1.00
ramon: poll                 wall=03m05.000s usage=03m04.954s user=03m04.774s sys=00.180s mem=163MiB roottime=184.770s load=1.00 rootload=1.00
ramon: poll                 wall=03m06.000s usage=03m05.954s user=03m05.774s sys=00.180s mem=163MiB roottime=185.770s load=1.00 rootload=1.00
ramon: poll                 wall=03m07.000s usage=03m06.954s user=03m06.774s sys=00.180s mem=163MiB roottime=186.770s load=1.00 rootload=1.00
ramon: poll                 wall=03m08.000s usage=03m07.954s user=03m07.774s sys=00.180s mem=163MiB roottime=187.770s load=1.00 rootload=1.00
ramon: poll                 wall=03m09.000s usage=03m08.953s user=03m08.773s sys=00.180s mem=163MiB roottime=188.770s load=1.00 rootload=1.00
ramon: poll                 wall=03m10.000s usage=03m09.953s user=03m09.772s sys=00.181s mem=163MiB roottime=189.770s load=1.00 rootload=1.00
ramon: poll                 wall=03m11.000s usage=03m10.953s user=03m10.771s sys=00.182s mem=164MiB roottime=190.770s load=1.00 rootload=1.00
ramon: poll                 wall=03m12.000s usage=03m11.953s user=03m11.771s sys=00.182s mem=164MiB roottime=191.770s load=1.00 rootload=1.00
ramon: poll                 wall=03m13.000s usage=03m12.953s user=03m12.771s sys=00.182s mem=164MiB roottime=192.770s load=1.00 rootload=1.00
ramon: poll                 wall=03m14.000s usage=03m13.953s user=03m13.771s sys=00.182s mem=164MiB roottime=193.770s load=1.00 rootload=1.00
ramon: poll                 wall=03m15.000s usage=03m14.953s user=03m14.771s sys=00.182s mem=164MiB roottime=194.770s load=1.00 rootload=1.00
ramon: poll                 wall=03m16.000s usage=03m15.953s user=03m15.771s sys=00.182s mem=164MiB roottime=195.770s load=1.00 rootload=1.00
ramon: poll                 wall=03m17.000s usage=03m16.952s user=03m16.770s sys=00.182s mem=164MiB roottime=196.770s load=1.00 rootload=1.00
ramon: poll                 wall=03m18.000s usage=03m17.952s user=03m17.770s sys=00.182s mem=164MiB roottime=197.770s load=1.00 rootload=1.00
ramon: poll                 wall=03m19.000s usage=03m18.952s user=03m18.770s sys=00.182s mem=164MiB roottime=198.770s load=1.00 rootload=1.00
ramon: poll                 wall=03m20.000s usage=03m19.952s user=03m19.770s sys=00.182s mem=164MiB roottime=199.770s load=1.00 rootload=1.00
ramon: poll                 wall=03m21.000s usage=03m20.952s user=03m20.770s sys=00.182s mem=164MiB roottime=200.770s load=1.00 rootload=1.00
ramon: poll                 wall=03m22.000s usage=03m21.952s user=03m21.770s sys=00.182s mem=164MiB roottime=201.770s load=1.00 rootload=1.00
ramon: poll                 wall=03m23.000s usage=03m22.952s user=03m22.770s sys=00.182s mem=164MiB roottime=202.770s load=1.00 rootload=1.00
ramon: poll                 wall=03m24.000s usage=03m23.951s user=03m23.767s sys=00.184s mem=164MiB roottime=203.760s load=1.00 rootload=0.99
ramon: poll                 wall=03m25.000s usage=03m24.951s user=03m24.767s sys=00.184s mem=164MiB roottime=204.760s load=1.00 rootload=1.00
ramon: poll                 wall=03m26.000s usage=03m25.951s user=03m25.767s sys=00.184s mem=164MiB roottime=205.760s load=1.00 rootload=1.00
ramon: poll                 wall=03m27.000s usage=03m26.951s user=03m26.767s sys=00.184s mem=164MiB roottime=206.760s load=1.00 rootload=1.00
ramon: poll                 wall=03m28.000s usage=03m27.951s user=03m27.766s sys=00.185s mem=165MiB roottime=207.760s load=1.00 rootload=1.00
ramon: poll                 wall=03m29.000s usage=03m28.951s user=03m28.766s sys=00.185s mem=165MiB roottime=208.760s load=1.00 rootload=1.00
ramon: poll                 wall=03m30.000s usage=03m29.951s user=03m29.766s sys=00.185s mem=165MiB roottime=209.760s load=1.00 rootload=1.00
ramon: poll                 wall=03m31.000s usage=03m30.951s user=03m30.766s sys=00.185s mem=165MiB roottime=210.760s load=1.00 rootload=1.00
ramon: poll                 wall=03m32.000s usage=03m31.950s user=03m31.766s sys=00.185s mem=165MiB roottime=211.760s load=1.00 rootload=1.00
ramon: poll                 wall=03m33.000s usage=03m32.950s user=03m32.765s sys=00.185s mem=165MiB roottime=212.760s load=1.00 rootload=1.00
ramon: poll                 wall=03m34.000s usage=03m33.950s user=03m33.765s sys=00.185s mem=165MiB roottime=213.760s load=1.00 rootload=1.00
ramon: poll                 wall=03m35.000s usage=03m34.950s user=03m34.765s sys=00.185s mem=165MiB roottime=214.760s load=1.00 rootload=1.00
ramon: poll                 wall=03m36.000s usage=03m35.950s user=03m35.765s sys=00.185s mem=166MiB roottime=215.760s load=1.00 rootload=1.00
ramon: poll                 wall=03m37.000s usage=03m36.950s user=03m36.765s sys=00.185s mem=166MiB roottime=216.760s load=1.00 rootload=1.00
ramon: poll                 wall=03m38.000s usage=03m37.950s user=03m37.765s sys=00.185s mem=166MiB roottime=217.760s load=1.00 rootload=1.00
ramon: poll                 wall=03m39.000s usage=03m38.950s user=03m38.765s sys=00.185s mem=166MiB roottime=218.760s load=1.00 rootload=1.00
ramon: poll                 wall=03m40.000s usage=03m39.949s user=03m39.764s sys=00.185s mem=166MiB roottime=219.760s load=1.00 rootload=1.00
ramon: poll                 wall=03m41.000s usage=03m40.949s user=03m40.764s sys=00.185s mem=166MiB roottime=220.760s load=1.00 rootload=1.00
ramon: poll                 wall=03m42.000s usage=03m41.949s user=03m41.764s sys=00.185s mem=166MiB roottime=221.760s load=1.00 rootload=1.00
ramon: poll                 wall=03m43.000s usage=03m42.949s user=03m42.764s sys=00.185s mem=166MiB roottime=222.760s load=1.00 rootload=1.00
ramon: poll                 wall=03m44.000s usage=03m43.949s user=03m43.764s sys=00.185s mem=166MiB roottime=223.760s load=1.00 rootload=1.00
ramon: poll                 wall=03m45.000s usage=03m44.949s user=03m44.764s sys=00.185s mem=166MiB roottime=224.760s load=1.00 rootload=1.00
ramon: poll                 wall=03m46.000s usage=03m45.949s user=03m45.764s sys=00.185s mem=166MiB roottime=225.760s load=1.00 rootload=1.00
ramon: poll                 wall=03m47.000s usage=03m46.948s user=03m46.763s sys=00.185s mem=166MiB roottime=226.760s load=1.00 rootload=1.00
ramon: poll                 wall=03m48.000s usage=03m47.948s user=03m47.763s sys=00.185s mem=166MiB roottime=227.760s load=1.00 rootload=1.00
ramon: poll                 wall=03m49.000s usage=03m48.948s user=03m48.763s sys=00.185s mem=166MiB roottime=228.760s load=1.00 rootload=1.00
ramon: poll                 wall=03m50.000s usage=03m49.948s user=03m49.763s sys=00.185s mem=166MiB roottime=229.760s load=1.00 rootload=1.00
ramon: poll                 wall=03m51.000s usage=03m50.948s user=03m50.763s sys=00.185s mem=166MiB roottime=230.760s load=1.00 rootload=1.00
ramon: poll                 wall=03m52.000s usage=03m51.948s user=03m51.763s sys=00.185s mem=166MiB roottime=231.760s load=1.00 rootload=1.00
ramon: poll                 wall=03m53.000s usage=03m52.948s user=03m52.763s sys=00.185s mem=165MiB roottime=232.760s load=1.00 rootload=1.00
ramon: poll                 wall=03m54.000s usage=03m53.947s user=03m53.763s sys=00.185s mem=165MiB roottime=233.760s load=1.00 rootload=1.00
ramon: poll                 wall=03m55.000s usage=03m54.947s user=03m54.762s sys=00.185s mem=165MiB roottime=234.760s load=1.00 rootload=1.00
ramon: poll                 wall=03m56.000s usage=03m55.947s user=03m55.762s sys=00.185s mem=165MiB roottime=235.760s load=1.00 rootload=1.00
ramon: poll                 wall=03m57.000s usage=03m56.947s user=03m56.762s sys=00.185s mem=165MiB roottime=236.760s load=1.00 rootload=1.00
ramon: poll                 wall=03m58.000s usage=03m57.947s user=03m57.762s sys=00.185s mem=166MiB roottime=237.760s load=1.00 rootload=1.00
ramon: poll                 wall=03m59.000s usage=03m58.947s user=03m58.761s sys=00.186s mem=166MiB roottime=238.760s load=1.00 rootload=1.00
ramon: poll                 wall=04m00.000s usage=03m59.947s user=03m59.761s sys=00.186s mem=166MiB roottime=239.760s load=1.00 rootload=1.00
ramon: poll                 wall=04m01.000s usage=04m00.947s user=04m00.760s sys=00.187s mem=166MiB roottime=240.760s load=1.00 rootload=1.00
ramon: poll                 wall=04m02.000s usage=04m01.947s user=04m01.760s sys=00.187s mem=166MiB roottime=241.760s load=1.00 rootload=1.00
ramon: poll                 wall=04m03.000s usage=04m02.946s user=04m02.759s sys=00.187s mem=166MiB roottime=242.760s load=1.00 rootload=1.00
ramon: poll                 wall=04m04.000s usage=04m03.946s user=04m03.759s sys=00.187s mem=166MiB roottime=243.750s load=1.00 rootload=0.99
ramon: poll                 wall=04m05.000s usage=04m04.946s user=04m04.759s sys=00.187s mem=166MiB roottime=244.750s load=1.00 rootload=1.00
ramon: poll                 wall=04m06.000s usage=04m05.946s user=04m05.759s sys=00.187s mem=166MiB roottime=245.750s load=1.00 rootload=1.00
ramon: poll                 wall=04m07.000s usage=04m06.946s user=04m06.758s sys=00.188s mem=166MiB roottime=246.750s load=1.00 rootload=1.00
ramon: poll                 wall=04m08.000s usage=04m07.946s user=04m07.758s sys=00.188s mem=166MiB roottime=247.750s load=1.00 rootload=1.00
ramon: poll                 wall=04m09.000s usage=04m08.946s user=04m08.758s sys=00.188s mem=166MiB roottime=248.750s load=1.00 rootload=1.00
ramon: poll                 wall=04m10.000s usage=04m09.946s user=04m09.758s sys=00.188s mem=166MiB roottime=249.750s load=1.00 rootload=1.00
ramon: poll                 wall=04m11.000s usage=04m10.945s user=04m10.757s sys=00.188s mem=166MiB roottime=250.750s load=1.00 rootload=1.00
ramon: poll                 wall=04m12.000s usage=04m11.945s user=04m11.757s sys=00.188s mem=166MiB roottime=251.750s load=1.00 rootload=1.00
ramon: poll                 wall=04m13.000s usage=04m12.945s user=04m12.756s sys=00.189s mem=166MiB roottime=252.750s load=1.00 rootload=1.00
ramon: poll                 wall=04m14.000s usage=04m13.945s user=04m13.756s sys=00.189s mem=166MiB roottime=253.750s load=1.00 rootload=1.00
ramon: poll                 wall=04m15.000s usage=04m14.945s user=04m14.756s sys=00.189s mem=166MiB roottime=254.750s load=1.00 rootload=1.00
ramon: poll                 wall=04m16.000s usage=04m15.944s user=04m15.755s sys=00.189s mem=166MiB roottime=255.750s load=1.00 rootload=1.00
ramon: poll                 wall=04m17.000s usage=04m16.944s user=04m16.754s sys=00.190s mem=166MiB roottime=256.750s load=1.00 rootload=1.00
ramon: poll                 wall=04m18.000s usage=04m17.944s user=04m17.754s sys=00.190s mem=166MiB roottime=257.750s load=1.00 rootload=1.00
ramon: poll                 wall=04m19.000s usage=04m18.944s user=04m18.754s sys=00.190s mem=166MiB roottime=258.750s load=1.00 rootload=1.00
ramon: poll                 wall=04m20.000s usage=04m19.944s user=04m19.754s sys=00.190s mem=166MiB roottime=259.750s load=1.00 rootload=1.00
ramon: poll                 wall=04m21.000s usage=04m20.944s user=04m20.754s sys=00.190s mem=166MiB roottime=260.750s load=1.00 rootload=1.00
ramon: poll                 wall=04m22.000s usage=04m21.943s user=04m21.753s sys=00.190s mem=166MiB roottime=261.750s load=1.00 rootload=1.00
ramon: poll                 wall=04m23.000s usage=04m22.943s user=04m22.753s sys=00.190s mem=166MiB roottime=262.750s load=1.00 rootload=1.00
ramon: poll                 wall=04m24.000s usage=04m23.943s user=04m23.753s sys=00.190s mem=166MiB roottime=263.750s load=1.00 rootload=1.00
ramon: poll                 wall=04m25.000s usage=04m24.943s user=04m24.753s sys=00.190s mem=166MiB roottime=264.750s load=1.00 rootload=1.00
ramon: poll                 wall=04m26.000s usage=04m25.943s user=04m25.753s sys=00.190s mem=166MiB roottime=265.750s load=1.00 rootload=1.00
ramon: poll                 wall=04m27.000s usage=04m26.943s user=04m26.753s sys=00.190s mem=166MiB roottime=266.750s load=1.00 rootload=1.00
ramon: poll                 wall=04m28.000s usage=04m27.942s user=04m27.752s sys=00.190s mem=166MiB roottime=267.750s load=1.00 rootload=1.00
ramon: poll                 wall=04m29.000s usage=04m28.942s user=04m28.752s sys=00.190s mem=166MiB roottime=268.750s load=1.00 rootload=1.00
ramon: poll                 wall=04m30.000s usage=04m29.942s user=04m29.752s sys=00.190s mem=166MiB roottime=269.750s load=1.00 rootload=1.00
ramon: poll                 wall=04m31.000s usage=04m30.942s user=04m30.752s sys=00.190s mem=166MiB roottime=270.750s load=1.00 rootload=1.00
ramon: poll                 wall=04m32.000s usage=04m31.942s user=04m31.752s sys=00.190s mem=166MiB roottime=271.750s load=1.00 rootload=1.00
ramon: poll                 wall=04m33.000s usage=04m32.942s user=04m32.752s sys=00.190s mem=166MiB roottime=272.750s load=1.00 rootload=1.00
ramon: poll                 wall=04m34.000s usage=04m33.942s user=04m33.752s sys=00.190s mem=166MiB roottime=273.750s load=1.00 rootload=1.00
ramon: poll                 wall=04m35.000s usage=04m34.941s user=04m34.751s sys=00.190s mem=166MiB roottime=274.750s load=1.00 rootload=1.00
ramon: poll                 wall=04m36.000s usage=04m35.941s user=04m35.751s sys=00.190s mem=166MiB roottime=275.750s load=1.00 rootload=1.00
ramon: poll                 wall=04m37.000s usage=04m36.941s user=04m36.751s sys=00.190s mem=166MiB roottime=276.750s load=1.00 rootload=1.00
ramon: poll                 wall=04m38.000s usage=04m37.941s user=04m37.751s sys=00.190s mem=166MiB roottime=277.750s load=1.00 rootload=1.00
ramon: poll                 wall=04m39.000s usage=04m38.941s user=04m38.751s sys=00.190s mem=166MiB roottime=278.750s load=1.00 rootload=1.00
ramon: poll                 wall=04m40.000s usage=04m39.941s user=04m39.751s sys=00.190s mem=166MiB roottime=279.750s load=1.00 rootload=1.00
ramon: poll                 wall=04m41.000s usage=04m40.941s user=04m40.751s sys=00.190s mem=166MiB roottime=280.750s load=1.00 rootload=1.00
ramon: poll                 wall=04m42.000s usage=04m41.941s user=04m41.751s sys=00.190s mem=166MiB roottime=281.750s load=1.00 rootload=1.00
ramon: poll                 wall=04m43.000s usage=04m42.940s user=04m42.750s sys=00.190s mem=166MiB roottime=282.750s load=1.00 rootload=1.00
ramon: poll                 wall=04m44.000s usage=04m43.940s user=04m43.750s sys=00.190s mem=166MiB roottime=283.750s load=1.00 rootload=1.00
ramon: poll                 wall=04m45.000s usage=04m44.940s user=04m44.750s sys=00.190s mem=166MiB roottime=284.750s load=1.00 rootload=1.00
ramon: poll                 wall=04m46.000s usage=04m45.940s user=04m45.750s sys=00.190s mem=166MiB roottime=285.750s load=1.00 rootload=1.00
ramon: poll                 wall=04m47.000s usage=04m46.940s user=04m46.750s sys=00.190s mem=166MiB roottime=286.750s load=1.00 rootload=1.00
ramon: poll                 wall=04m48.000s usage=04m47.940s user=04m47.750s sys=00.190s mem=166MiB roottime=287.750s load=1.00 rootload=1.00
ramon: poll                 wall=04m49.000s usage=04m48.940s user=04m48.750s sys=00.190s mem=166MiB roottime=288.750s load=1.00 rootload=1.00
ramon: poll                 wall=04m50.000s usage=04m49.940s user=04m49.750s sys=00.190s mem=166MiB roottime=289.750s load=1.00 rootload=1.00
ramon: poll                 wall=04m51.000s usage=04m50.940s user=04m50.750s sys=00.190s mem=166MiB roottime=290.750s load=1.00 rootload=1.00
ramon: poll                 wall=04m52.000s usage=04m51.940s user=04m51.750s sys=00.190s mem=166MiB roottime=291.750s load=1.00 rootload=1.00
ramon: poll                 wall=04m53.000s usage=04m52.940s user=04m52.750s sys=00.190s mem=166MiB roottime=292.750s load=1.00 rootload=1.00
ramon: poll                 wall=04m54.000s usage=04m53.939s user=04m53.749s sys=00.190s mem=166MiB roottime=293.750s load=1.00 rootload=1.00
ramon: poll                 wall=04m55.000s usage=04m54.939s user=04m54.748s sys=00.191s mem=166MiB roottime=294.740s load=1.00 rootload=0.99
ramon: poll                 wall=04m56.000s usage=04m55.939s user=04m55.748s sys=00.191s mem=166MiB roottime=295.740s load=1.00 rootload=1.00
ramon: poll                 wall=04m57.000s usage=04m56.939s user=04m56.748s sys=00.191s mem=166MiB roottime=296.740s load=1.00 rootload=1.00
ramon: poll                 wall=04m58.000s usage=04m57.939s user=04m57.748s sys=00.191s mem=166MiB roottime=297.740s load=1.00 rootload=1.00
ramon: poll                 wall=04m59.000s usage=04m58.939s user=04m58.748s sys=00.191s mem=166MiB roottime=298.740s load=1.00 rootload=1.00
ramon: poll                 wall=05m00.000s usage=04m59.939s user=04m59.746s sys=00.193s mem=166MiB roottime=299.740s load=1.00 rootload=1.00
ramon: poll                 wall=05m01.000s usage=05m00.939s user=05m00.746s sys=00.193s mem=166MiB roottime=300.740s load=1.00 rootload=1.00
ramon: poll                 wall=05m02.000s usage=05m01.940s user=05m01.745s sys=00.195s mem=166MiB roottime=301.740s load=1.00 rootload=1.00
ramon: poll                 wall=05m03.000s usage=05m02.939s user=05m02.744s sys=00.195s mem=166MiB roottime=302.740s load=1.00 rootload=1.00
ramon: poll                 wall=05m04.000s usage=05m03.938s user=05m03.743s sys=00.195s mem=166MiB roottime=303.740s load=1.00 rootload=1.00
ramon: poll                 wall=05m05.000s usage=05m04.938s user=05m04.743s sys=00.195s mem=166MiB roottime=304.740s load=1.00 rootload=1.00
ramon: poll                 wall=05m06.000s usage=05m05.938s user=05m05.743s sys=00.195s mem=166MiB roottime=305.740s load=1.00 rootload=1.00
ramon: poll                 wall=05m07.000s usage=05m06.938s user=05m06.743s sys=00.195s mem=166MiB roottime=306.740s load=1.00 rootload=1.00
ramon: poll                 wall=05m08.000s usage=05m07.938s user=05m07.743s sys=00.195s mem=166MiB roottime=307.740s load=1.00 rootload=1.00
ramon: poll                 wall=05m09.000s usage=05m08.938s user=05m08.743s sys=00.195s mem=166MiB roottime=308.740s load=1.00 rootload=1.00
ramon: poll                 wall=05m10.000s usage=05m09.938s user=05m09.743s sys=00.195s mem=166MiB roottime=309.740s load=1.00 rootload=1.00
ramon: poll                 wall=05m11.000s usage=05m10.938s user=05m10.743s sys=00.195s mem=166MiB roottime=310.740s load=1.00 rootload=1.00
ramon: poll                 wall=05m12.000s usage=05m11.938s user=05m11.743s sys=00.195s mem=166MiB roottime=311.740s load=1.00 rootload=1.00
ramon: poll                 wall=05m13.000s usage=05m12.938s user=05m12.743s sys=00.195s mem=166MiB roottime=312.740s load=1.00 rootload=1.00
ramon: poll                 wall=05m14.000s usage=05m13.937s user=05m13.742s sys=00.195s mem=166MiB roottime=313.740s load=1.00 rootload=1.00
ramon: poll                 wall=05m15.000s usage=05m14.937s user=05m14.742s sys=00.195s mem=166MiB roottime=314.740s load=1.00 rootload=1.00
ramon: poll                 wall=05m16.000s usage=05m15.937s user=05m15.742s sys=00.195s mem=166MiB roottime=315.740s load=1.00 rootload=1.00
ramon: poll                 wall=05m17.000s usage=05m16.937s user=05m16.742s sys=00.195s mem=166MiB roottime=316.740s load=1.00 rootload=1.00
ramon: poll                 wall=05m18.000s usage=05m17.937s user=05m17.742s sys=00.195s mem=166MiB roottime=317.740s load=1.00 rootload=1.00
ramon: poll                 wall=05m19.000s usage=05m18.937s user=05m18.742s sys=00.195s mem=166MiB roottime=318.740s load=1.00 rootload=1.00
ramon: poll                 wall=05m20.000s usage=05m19.937s user=05m19.742s sys=00.195s mem=166MiB roottime=319.740s load=1.00 rootload=1.00
ramon: poll                 wall=05m21.000s usage=05m20.937s user=05m20.741s sys=00.196s mem=166MiB roottime=320.740s load=1.00 rootload=1.00
ramon: poll                 wall=05m22.000s usage=05m21.937s user=05m21.741s sys=00.196s mem=166MiB roottime=321.740s load=1.00 rootload=1.00
ramon: poll                 wall=05m23.000s usage=05m22.937s user=05m22.741s sys=00.196s mem=166MiB roottime=322.740s load=1.00 rootload=1.00
ramon: poll                 wall=05m24.000s usage=05m23.936s user=05m23.740s sys=00.196s mem=167MiB roottime=323.740s load=1.00 rootload=1.00
ramon: poll                 wall=05m25.000s usage=05m24.936s user=05m24.740s sys=00.196s mem=167MiB roottime=324.740s load=1.00 rootload=1.00
ramon: poll                 wall=05m26.000s usage=05m25.936s user=05m25.740s sys=00.196s mem=167MiB roottime=325.740s load=1.00 rootload=1.00
ramon: poll                 wall=05m27.000s usage=05m26.936s user=05m26.740s sys=00.196s mem=167MiB roottime=326.740s load=1.00 rootload=1.00
ramon: poll                 wall=05m28.000s usage=05m27.936s user=05m27.740s sys=00.196s mem=167MiB roottime=327.740s load=1.00 rootload=1.00
ramon: poll                 wall=05m29.000s usage=05m28.936s user=05m28.740s sys=00.196s mem=167MiB roottime=328.740s load=1.00 rootload=1.00
ramon: poll                 wall=05m30.000s usage=05m29.936s user=05m29.740s sys=00.196s mem=167MiB roottime=329.740s load=1.00 rootload=1.00
ramon: poll                 wall=05m31.000s usage=05m30.936s user=05m30.740s sys=00.196s mem=167MiB roottime=330.740s load=1.00 rootload=1.00
ramon: poll                 wall=05m32.000s usage=05m31.936s user=05m31.740s sys=00.196s mem=167MiB roottime=331.740s load=1.00 rootload=1.00
ramon: poll                 wall=05m33.000s usage=05m32.936s user=05m32.740s sys=00.196s mem=167MiB roottime=332.740s load=1.00 rootload=1.00
ramon: poll                 wall=05m34.000s usage=05m33.936s user=05m33.740s sys=00.196s mem=167MiB roottime=333.740s load=1.00 rootload=1.00
ramon: poll                 wall=05m35.000s usage=05m34.936s user=05m34.740s sys=00.196s mem=167MiB roottime=334.740s load=1.00 rootload=1.00
ramon: poll                 wall=05m36.000s usage=05m35.935s user=05m35.740s sys=00.196s mem=167MiB roottime=335.740s load=1.00 rootload=1.00
ramon: poll                 wall=05m37.000s usage=05m36.935s user=05m36.739s sys=00.196s mem=167MiB roottime=336.730s load=1.00 rootload=0.99
ramon: poll                 wall=05m38.000s usage=05m37.935s user=05m37.739s sys=00.196s mem=167MiB roottime=337.730s load=1.00 rootload=1.00
ramon: poll                 wall=05m39.000s usage=05m38.935s user=05m38.739s sys=00.196s mem=167MiB roottime=338.730s load=1.00 rootload=1.00
ramon: poll                 wall=05m40.000s usage=05m39.935s user=05m39.739s sys=00.196s mem=167MiB roottime=339.730s load=1.00 rootload=1.00
ramon: poll                 wall=05m41.000s usage=05m40.935s user=05m40.739s sys=00.196s mem=167MiB roottime=340.730s load=1.00 rootload=1.00
ramon: poll                 wall=05m42.000s usage=05m41.935s user=05m41.739s sys=00.196s mem=167MiB roottime=341.730s load=1.00 rootload=1.00
ramon: poll                 wall=05m43.000s usage=05m42.935s user=05m42.739s sys=00.196s mem=167MiB roottime=342.730s load=1.00 rootload=1.00
ramon: poll                 wall=05m44.000s usage=05m43.935s user=05m43.739s sys=00.196s mem=167MiB roottime=343.730s load=1.00 rootload=1.00
ramon: poll                 wall=05m45.000s usage=05m44.935s user=05m44.739s sys=00.196s mem=167MiB roottime=344.730s load=1.00 rootload=1.00
ramon: poll                 wall=05m46.000s usage=05m45.935s user=05m45.739s sys=00.196s mem=167MiB roottime=345.730s load=1.00 rootload=1.00
ramon: poll                 wall=05m47.000s usage=05m46.935s user=05m46.739s sys=00.196s mem=167MiB roottime=346.730s load=1.00 rootload=1.00
ramon: poll                 wall=05m48.000s usage=05m47.934s user=05m47.739s sys=00.196s mem=167MiB roottime=347.730s load=1.00 rootload=1.00
ramon: poll                 wall=05m49.000s usage=05m48.934s user=05m48.738s sys=00.196s mem=167MiB roottime=348.730s load=1.00 rootload=1.00
ramon: poll                 wall=05m50.000s usage=05m49.934s user=05m49.737s sys=00.197s mem=167MiB roottime=349.730s load=1.00 rootload=1.00
ramon: poll                 wall=05m51.000s usage=05m50.934s user=05m50.737s sys=00.197s mem=167MiB roottime=350.730s load=1.00 rootload=1.00
ramon: poll                 wall=05m52.000s usage=05m51.934s user=05m51.737s sys=00.197s mem=167MiB roottime=351.730s load=1.00 rootload=1.00
ramon: poll                 wall=05m53.000s usage=05m52.934s user=05m52.737s sys=00.197s mem=167MiB roottime=352.730s load=1.00 rootload=1.00
ramon: poll                 wall=05m54.000s usage=05m53.934s user=05m53.737s sys=00.197s mem=167MiB roottime=353.730s load=1.00 rootload=1.00
ramon: poll                 wall=05m55.000s usage=05m54.934s user=05m54.737s sys=00.197s mem=167MiB roottime=354.730s load=1.00 rootload=1.00
ramon: poll                 wall=05m56.000s usage=05m55.934s user=05m55.735s sys=00.199s mem=167MiB roottime=355.730s load=1.00 rootload=1.00
ramon: poll                 wall=05m57.000s usage=05m56.934s user=05m56.735s sys=00.199s mem=167MiB roottime=356.730s load=1.00 rootload=1.00
ramon: poll                 wall=05m58.000s usage=05m57.933s user=05m57.734s sys=00.199s mem=167MiB roottime=357.730s load=1.00 rootload=1.00
ramon: poll                 wall=05m59.000s usage=05m58.933s user=05m58.734s sys=00.199s mem=167MiB roottime=358.730s load=1.00 rootload=1.00
ramon: poll                 wall=06m00.000s usage=05m59.933s user=05m59.733s sys=00.200s mem=168MiB roottime=359.730s load=1.00 rootload=1.00
ramon: poll                 wall=06m01.000s usage=06m00.933s user=06m00.733s sys=00.200s mem=168MiB roottime=360.730s load=1.00 rootload=1.00
ramon: poll                 wall=06m02.000s usage=06m01.933s user=06m01.733s sys=00.200s mem=168MiB roottime=361.730s load=1.00 rootload=1.00
ramon: poll                 wall=06m03.000s usage=06m02.933s user=06m02.733s sys=00.200s mem=168MiB roottime=362.730s load=1.00 rootload=1.00
ramon: poll                 wall=06m04.000s usage=06m03.933s user=06m03.733s sys=00.200s mem=168MiB roottime=363.730s load=1.00 rootload=1.00
ramon: poll                 wall=06m05.000s usage=06m04.933s user=06m04.733s sys=00.200s mem=168MiB roottime=364.730s load=1.00 rootload=1.00
ramon: poll                 wall=06m06.000s usage=06m05.933s user=06m05.733s sys=00.200s mem=168MiB roottime=365.730s load=1.00 rootload=1.00
ramon: poll                 wall=06m07.000s usage=06m06.932s user=06m06.732s sys=00.200s mem=168MiB roottime=366.730s load=1.00 rootload=1.00
ramon: poll                 wall=06m08.000s usage=06m07.932s user=06m07.732s sys=00.200s mem=168MiB roottime=367.730s load=1.00 rootload=1.00
ramon: poll                 wall=06m09.000s usage=06m08.932s user=06m08.732s sys=00.200s mem=169MiB roottime=368.730s load=1.00 rootload=1.00
ramon: poll                 wall=06m10.000s usage=06m09.932s user=06m09.732s sys=00.200s mem=169MiB roottime=369.730s load=1.00 rootload=1.00
ramon: poll                 wall=06m11.000s usage=06m10.932s user=06m10.732s sys=00.200s mem=169MiB roottime=370.730s load=1.00 rootload=1.00
ramon: poll                 wall=06m12.000s usage=06m11.932s user=06m11.732s sys=00.200s mem=169MiB roottime=371.730s load=1.00 rootload=1.00
ramon: poll                 wall=06m13.000s usage=06m12.932s user=06m12.732s sys=00.200s mem=169MiB roottime=372.730s load=1.00 rootload=1.00
ramon: poll                 wall=06m14.000s usage=06m13.932s user=06m13.732s sys=00.200s mem=169MiB roottime=373.730s load=1.00 rootload=1.00
ramon: poll                 wall=06m15.000s usage=06m14.931s user=06m14.731s sys=00.200s mem=169MiB roottime=374.730s load=1.00 rootload=1.00
ramon: poll                 wall=06m16.000s usage=06m15.931s user=06m15.731s sys=00.200s mem=169MiB roottime=375.730s load=1.00 rootload=1.00
ramon: poll                 wall=06m17.000s usage=06m16.931s user=06m16.731s sys=00.200s mem=169MiB roottime=376.730s load=1.00 rootload=1.00
ramon: poll                 wall=06m18.000s usage=06m17.931s user=06m17.731s sys=00.200s mem=169MiB roottime=377.730s load=1.00 rootload=1.00
ramon: poll                 wall=06m19.000s usage=06m18.931s user=06m18.731s sys=00.200s mem=169MiB roottime=378.730s load=1.00 rootload=1.00
ramon: end                  Sat Feb  8 23:26:25 2025
ramon: root.execname        z3
ramon: root.utime           379.090s
ramon: root.stime           0.220s
ramon: group.total          379.313s
ramon: group.utime          379.090s
ramon: group.stime          0.223s
ramon: group.mempeak        169MiB
ramon: group.pidpeak        2
ramon: status               exited
ramon: exitcode             0
ramon: walltime             379.382s
ramon: loadavg              1.00
