ramon: cwd                  /home/gh1/A/_work/z3-poly-testing/z3-poly-testing
ramon: start                Wed Aug 28 13:56:48 2024
ramon: nproc                32
ramon: sys.mem              63442 MiB
ramon: sys.mem.free         51973 MiB
ramon: sys.mem.avail        62948 MiB
ramon: sys.nprocs           684
ramon: argv                 0 = z3
ramon: argv                 1 = inputs/QF_BV_SAT/29.smt2
ramon: argv                 2 = -T:1
ramon: argv                 3 = -v:2
ramon: argv                 4 = -st
ramon: argv                 5 = tactic.default_tactic=(then simplify propagate-values solve-eqs simplify sls-smt)
ramon: childpid             3621850
UNITS -4028 -4029 -4030 -4031 -4032 -4033 -4034 -4035 -4036 -4037 -4038 -4039 -4040 -4041 -4042 -4043 -4044 -4045 -4046 -4047
ramon: poll                 wall=1.000s usage=0.999s user=0.999s sys=0.000s mem=23584KiB roottime=0.990s load=1.00 rootload=0.99
ramon: end                  Wed Aug 28 13:56:49 2024
ramon: root.execname        z3
ramon: root.utime           1.000s
ramon: root.stime           0.000s
ramon: group.total          1.002s
ramon: group.utime          1.002s
ramon: group.stime          0.000s
ramon: group.mempeak        23904KiB
ramon: group.pidpeak        2
ramon: status               exited
ramon: exitcode             0
ramon: walltime             1.002s
ramon: loadavg              1.00
