sat
(:added-eqs                       210
 :arith-eq-adapter                44
 :arith-bound-propagations-lp     7
 :arith-conflicts                 53
 :arith-diseq                     45
 :arith-fixed-eqs                 23
 :arith-gcd-calls                 3
 :arith-grobner-calls             18
 :arith-grobner-conflicts         1
 :arith-horner-calls              5
 :arith-horner-cross-nested-forms 106
 :arith-lower                     118
 :arith-make-feasible             127
 :arith-max-columns               170
 :arith-max-rows                  56
 :arith-nla-add-bounds            19
 :arith-nla-lemmas                17
 :arith-nla-propagate-bounds      21
 :arith-nla-propagate-eq          172
 :arith-nra-calls                 3
 :arith-offset-eqs                2
 :arith-patches                   3
 :arith-patches-success           3
 :arith-upper                     90
 :binary-propagations             278
 :conflicts                       22
 :decisions                       707
 :del-clause                      73
 :final-checks                    59
 :max-memory                      52.19
 :memory                          17.64
 :minimized-lits                  1
 :mk-bool-var                     302
 :mk-clause                       131
 :mk-clause-binary                382
 :nlsat-conflicts                 181
 :nlsat-propagations              1346
 :nlsat-stages                    608
 :num-allocs                      1769750
 :num-checks                      1
 :propagations                    403
 :rlimit-count                    418896
 :sls-arith-propagations          38
 :sls-arith-steps                 11632
 :sls-ddfw-flips                  1692.00
 :sls-ddfw-shifts                 11014.00
 :sls-num-guided-search           35
 :sls-repair-down                 110
 :sls-repair-up                   209
 :solve-eqs-elim-vars             44
 :solve-eqs-steps                 300
 :time                            0.65
 :total-time                      0.66)
