ramon: cwd                  /home/gh1/A/_work/z3-poly-testing/z3-poly-testing
ramon: start                Thu Feb  6 13:28:48 2025
ramon: nproc                32
ramon: sys.mem              63441 MiB
ramon: sys.mem.free         14944 MiB
ramon: sys.mem.avail        59500 MiB
ramon: sys.nprocs           1604
ramon: argv                 0 = z3
ramon: argv                 1 = inputs/QF_NIA_small/From_T2__ex36.t2__p25402_safety_0.smt2
ramon: argv                 2 = -T:60
ramon: argv                 3 = -v:2
ramon: argv                 4 = -st
ramon: argv                 5 = tactic.default_tactic=(then simplify propagate-values solve-eqs simplify smt)
ramon: argv                 6 = smt.sls.enable=true
ramon: argv                 7 = smt.sls.parallel=false
ramon: argv                 8 = model_validate=true
ramon: argv                 9 = sls.arith_use_clausal_lookahead=true
ramon: childpid             2276090
(smt.searching)
(smt.stats :restarts     :decisions :clauses/bin/units      :simplify   :memory)
(smt.stats        :conflicts    :propagations       :lemmas      :deletions   )
(smt.stats    0      0      0      0   449/416/33       0/0     0    0   18.33)
(nlsat :conflicts 2 :decisions 0 :propagations 44 :clauses 230 :learned 2)
SMT -> SLS values
(sat.ddfw :unsat :models :kflips/sec   :flips :restarts   :reinits  :unsat_vars  :shifts)
(sat.ddfw       1      2    60.2558      2591         0          0            2      811)
SLS -> SMT values
(sat.ddfw       1      4    23.0139      4248         0          0            2     1345)
SLS -> SMT values
(sat.ddfw       1      4     5.2414      4704         0          0            5     1651)
(sat.ddfw       1      5     8.7451      5596         0          0            3     1921)
(sat.ddfw       1      5     7.1966      6438         0          0            5     2189)
(sat.ddfw       1      5     6.6489      7309         0          0            2     2460)
SLS -> SMT values
(sat.ddfw       1      5     5.8231      8165         0          0            2     2733)
SLS -> SMT values
SMT -> SLS values
(sat.ddfw       1      7     5.0988      8991         0          0            4     2992)
SMT -> SLS units 1 2 3 4 5 6 7 8 9 10 11 12 13 14 15 16 17 18 19 20 21 22 23 24 25 26 27 28 110 -111 112 113 114
(sat.ddfw       1      7     4.8192      9844         0          0            5     3263)
(sat.ddfw       1      7     4.4503     10694         0          0            3     3531)
(sat.ddfw       1      7     0.0000     10694         0          0            3     3531)
(sat.ddfw       1      7     4.2439     11564         0          1            5     3800)
(sat.ddfw       1      7     4.1091     12468         0          1            5     4072)
(nlsat :conflicts 8 :decisions 0 :propagations 135 :clauses 230 :learned 8)
(sat.ddfw       1      7     3.6653     13344         0          1            5     4344)
(sat.ddfw       1      7     3.3740     14201         0          1            4     4616)
(sat.ddfw       1      7     3.2491     15075         0          1            4     4887)
(sat.ddfw       1      7     3.1378     15963         0          1            4     5157)
SMT -> SLS values
(sat.ddfw       1      9     1.3356     16361         0          1            4     5358)
(nlsat :conflicts 9 :decisions 0 :propagations 94 :clauses 241 :learned 9)
(sat.ddfw       1     10     0.1076     16395         0          1            2     5577)
SLS -> SMT values
(sat.ddfw       1     10     0.0422     16409         0          1            2     5793)
SLS -> SMT values
(nlsat :conflicts 5 :decisions 0 :propagations 135 :clauses 238 :learned 5)
(sat.ddfw       1     11     0.4971     16583         0          1            2     6015)
SLS -> SMT values
SLS -> SMT activity
(sat.ddfw       1     11     0.0437     16599         0          1            2     6239)
SLS -> SMT values
(sat.ddfw       1     11     0.0420     16615         0          1            2     6467)
SLS -> SMT values
(nlsat :conflicts 3 :decisions 0 :propagations 124 :clauses 229 :learned 3)
(sat.ddfw       1     11     0.0746     16645         0          1            2     6692)
SLS -> SMT values
(nlsat :conflicts 2 :decisions 0 :propagations 97 :clauses 249 :learned 2)
(sat.ddfw       1     12     0.0331     16659         0          1            2     6917)
SLS -> SMT values
(sat.ddfw       1     13     0.0182     16667         0          1            2     7141)
SLS -> SMT values
SMT -> SLS values
(sat.ddfw       1     14     0.8414     17049         0          1            2     7372)
SLS -> SMT values
(sat.ddfw       1     15     0.0511     17073         0          1            2     7621)
SLS -> SMT values
(sat.ddfw       1     16     0.3251     17231         0          1            2     7859)
SLS -> SMT values
(sat.ddfw       1     17     0.0717     17267         0          1            2     8099)
SLS -> SMT values
(nlsat :conflicts 2 :decisions 0 :propagations 68 :clauses 233 :learned 2)
(sat.ddfw :unsat :models :kflips/sec   :flips :restarts   :reinits  :unsat_vars  :shifts)
(sat.ddfw       1     18     0.0458     17291         0          1            2     8329)
SLS -> SMT values
(nlsat :conflicts 2 :decisions 0 :propagations 82 :clauses 286 :learned 2)
(sat.ddfw       1     18     0.0773     17333         0          1            2     8574)
SLS -> SMT values
(nlsat :conflicts 4 :decisions 0 :propagations 83 :clauses 284 :learned 4)
(sat.ddfw       1     18     0.0462     17359         0          1            2     8821)
SLS -> SMT values
(sat.ddfw       1     19     0.0345     17379         0          1            2     9057)
SLS -> SMT values
(sat.ddfw       1     19     0.0570     17413         0          1            2     9295)
SLS -> SMT values
SMT -> SLS values
(sat.ddfw       1     20     0.9052     17967         0          1            2     9475)
SLS -> SMT values
(sat.ddfw       1     21     0.1563     18065         0          1            2     9694)
SLS -> SMT values
(sat.ddfw       1     22     0.5086     18392         0          1            3     9883)
(nlsat :conflicts 2 :decisions 0 :propagations 125 :clauses 231 :learned 2)
(sat.ddfw       1     23     0.3183     18603         0          1            2    10107)
SLS -> SMT values
(sat.ddfw       1     23     0.0088     18609         0          1            2    10351)
SLS -> SMT values
(sat.ddfw       1     24     0.0346     18633         0          1            2    10582)
SLS -> SMT values
SLS -> SMT activity
(sat.ddfw       1     25     0.0367     18659         0          1            2    10805)
SLS -> SMT values
(nlsat :conflicts 3 :decisions 0 :propagations 99 :clauses 293 :learned 3)
(sat.ddfw       1     26     0.0219     18675         0          1            2    11034)
SLS -> SMT values
(sat.ddfw       1     27     0.0107     18683         0          1            2    11258)
SLS -> SMT values
SMT -> SLS values
(sat.ddfw       1     29     0.2801     18897         0          1            2    11451)
SLS -> SMT values
(sat.ddfw       1     30     0.2131     19063         0          1            2    11670)
SLS -> SMT values
(sat.ddfw       1     31     0.0479     19101         0          1            2    11911)
SLS -> SMT values
(nlsat :conflicts 9 :decisions 1 :propagations 156 :clauses 259 :learned 9)
(sat.ddfw       1     31     0.2230     19283         0          1            2    12154)
SLS -> SMT values
(sat.ddfw       1     32     0.0096     19291         0          1            2    12384)
SLS -> SMT values
(sat.ddfw       1     33     0.0708     19351         0          1            2    12608)
SLS -> SMT values
(sat.ddfw       1     33     0.0556     19399         0          1            2    12844)
SLS -> SMT values
(sat.ddfw       1     34     0.0228     19419         0          1            2    13067)
SLS -> SMT values
(sat.ddfw       1     35     0.0950     19504         0          1            2    13288)
SLS -> SMT values
SMT -> SLS values
(sat.ddfw       1     37     0.5956     20046         0          1            2    13480)
SLS -> SMT values
(sat.ddfw       1     37     0.0000     20046         0          1            2    13480)
ramon: poll                 wall=1.000s usage=0.943s mem=54556KiB load=0.94 rootload=0.93
(sat.ddfw       1     38     0.2873     20312         0          2            2    13701)
SLS -> SMT values
(nlsat :conflicts 8 :decisions 0 :propagations 143 :clauses 237 :learned 8)
(sat.ddfw       1     39     0.0981     20405         0          2            2    13937)
SLS -> SMT values
(sat.ddfw       1     40     0.1535     20553         0          2            2    14183)
SLS -> SMT values
(sat.ddfw       1     41     0.0163     20569         0          2            2    14425)
SLS -> SMT values
(sat.ddfw       1     41     0.0864     20655         0          2            2    14666)
SLS -> SMT values
(sat.ddfw :unsat :models :kflips/sec   :flips :restarts   :reinits  :unsat_vars  :shifts)
(sat.ddfw       1     42     0.0119     20667         0          2            2    14907)
SLS -> SMT values
(sat.ddfw       1     42     0.0574     20726         0          2            2    15144)
SLS -> SMT values
SLS -> SMT activity
(sat.ddfw       1     43     0.0096     20736         0          2            2    15391)
SLS -> SMT values
SMT -> SLS values
(sat.ddfw       1     45     0.3813     21139         0          2            2    15600)
SLS -> SMT values
(nlsat :conflicts 9 :decisions 0 :propagations 140 :clauses 236 :learned 9)
(sat.ddfw       1     46     0.0093     21149         0          2            2    15828)
SLS -> SMT values
(sat.ddfw       1     46     0.0311     21183         0          2            2    16060)
SLS -> SMT values
(sat.ddfw       1     46     0.0108     21195         0          2            2    16291)
SLS -> SMT values
(sat.ddfw       1     47     0.0372     21237         0          2            2    16520)
SLS -> SMT values
(sat.ddfw       1     47     0.0087     21247         0          2            2    16749)
SLS -> SMT values
(sat.ddfw       1     47     0.0052     21253         0          2            2    16981)
SLS -> SMT values
(sat.ddfw       1     48     0.0390     21299         0          2            2    17208)
SLS -> SMT values
(nlsat :conflicts 5 :decisions 0 :propagations 107 :clauses 286 :learned 5)
(sat.ddfw       1     48     0.0233     21327         0          2            2    17439)
SLS -> SMT values
SMT -> SLS values
(sat.ddfw       1     49     0.2617     21645         0          2            2    17646)
SLS -> SMT values
(sat.ddfw       1     49     0.0162     21665         0          2            2    17860)
SLS -> SMT values
(sat.ddfw       1     50     0.0240     21695         0          2            2    18075)
SLS -> SMT values
(sat.ddfw       1     51     0.0878     21806         0          2            2    18291)
SLS -> SMT values
(sat.ddfw       1     51     0.3886     22303         0          2            2    18512)
SLS -> SMT values
(sat.ddfw       1     52     0.0139     22321         0          2            2    18731)
SLS -> SMT values
(sat.ddfw       1     52     0.1342     22497         0          2            2    18955)
SLS -> SMT values
(sat.ddfw       1     52     0.3092     22907         0          2            2    19168)
SLS -> SMT values
(sat.ddfw       1     53     0.0045     22913         0          2            2    19405)
SLS -> SMT values
SMT -> SLS values
(sat.ddfw       1     55     0.1252     23083         0          2            2    19604)
SLS -> SMT values
SLS -> SMT activity
(sat.ddfw       1     56     0.0415     23140         0          2            2    19821)
SLS -> SMT values
(sat.ddfw       1     56     0.0540     23215         0          2            2    20028)
SLS -> SMT values
(sat.ddfw       1     57     0.0157     23237         0          2            2    20228)
SLS -> SMT values
(sat.ddfw       1     58     0.2477     23589         0          2            2    20431)
SLS -> SMT values
(sat.ddfw       1     59     0.0104     23604         0          2            2    20664)
SLS -> SMT values
(nlsat :conflicts 3 :decisions 0 :propagations 104 :clauses 246 :learned 3)
(sat.ddfw       1     60     0.2402     23954         0          2            2    20868)
SLS -> SMT values
(sat.ddfw       1     61     0.0115     23971         0          2            2    21071)
SLS -> SMT values
(sat.ddfw       1     61     0.0054     23979         0          2            2    21291)
SLS -> SMT values
SMT -> SLS values
(sat.ddfw :unsat :models :kflips/sec   :flips :restarts   :reinits  :unsat_vars  :shifts)
(sat.ddfw       1     63     0.4844     24710         0          2            2    21482)
SLS -> SMT values
(sat.ddfw       1     64     0.1305     24909         0          2            3    21696)
(sat.ddfw       1     65     0.2955     25364         0          2            2    21889)
SLS -> SMT values
(sat.ddfw       1     66     0.0392     25425         0          2            2    22103)
SLS -> SMT values
(sat.ddfw       1     66     0.0038     25431         0          2            2    22330)
SLS -> SMT values
(sat.ddfw       1     66     0.0265     25473         0          2            2    22556)
SLS -> SMT values
(sat.ddfw       1     66     0.0037     25479         0          2            2    22782)
SLS -> SMT values
(sat.ddfw       1     66     0.0842     25615         0          2            2    22998)
SLS -> SMT values
(sat.ddfw       1     67     0.0043     25622         0          2            2    23225)
SLS -> SMT values
(nlsat :conflicts 2 :decisions 0 :propagations 122 :clauses 261 :learned 2)
SMT -> SLS values
(sat.ddfw       1     69     0.0757     25747         0          2            2    23448)
SLS -> SMT values
(sat.ddfw       1     69     0.1249     25955         0          2            2    23652)
SLS -> SMT values
(sat.ddfw       1     69     0.0119     25975         0          2            2    23866)
SLS -> SMT values
SLS -> SMT activity
(sat.ddfw       1     69     0.0377     26039         0          2            2    24083)
SLS -> SMT values
(sat.ddfw       1     69     0.0958     26203         0          2            2    24298)
SLS -> SMT values
(sat.ddfw       1     70     0.0151     26229         0          2            2    24524)
SLS -> SMT values
(sat.ddfw       1     70     0.0149     26255         0          2            2    24755)
SLS -> SMT values
(sat.ddfw       1     71     0.0046     26263         0          2            2    24985)
SLS -> SMT values
(sat.ddfw       1     72     0.1134     26464         0          2            2    25208)
SLS -> SMT values
SMT -> SLS values
on-model 
(sat.ddfw       0      1     0.0569     26565         0          2            0    25220)
ramon: end                  Thu Feb  6 13:28:50 2025
ramon: root.execname        z3
ramon: root.utime           1.770s
ramon: root.stime           0.000s
ramon: group.total          1.787s
ramon: group.utime          1.779s
ramon: group.stime          0.008s
ramon: group.mempeak        55008KiB
ramon: group.pidpeak        2
ramon: status               exited
ramon: exitcode             0
ramon: walltime             1.852s
ramon: loadavg              0.96
