ramon: cwd                  /home/gh1/A/_work/z3-poly-testing/z3-poly-testing
ramon: start                Thu Feb  6 13:22:58 2025
ramon: nproc                32
ramon: sys.mem              63441 MiB
ramon: sys.mem.free         15546 MiB
ramon: sys.mem.avail        59502 MiB
ramon: sys.nprocs           1623
ramon: argv                 0 = z3
ramon: argv                 1 = inputs/QF_NIA_small/From_T2__slayer-3-filtered.t2__p21647_terminationG_0.smt2
ramon: argv                 2 = -T:60
ramon: argv                 3 = -v:2
ramon: argv                 4 = -st
ramon: argv                 5 = tactic.default_tactic=(then simplify propagate-values solve-eqs simplify smt)
ramon: argv                 6 = smt.sls.enable=true
ramon: argv                 7 = smt.sls.parallel=false
ramon: argv                 8 = model_validate=true
ramon: argv                 9 = sls.arith_use_clausal_lookahead=true
ramon: childpid             2256088
(smt.searching)
(smt.stats :restarts     :decisions :clauses/bin/units       :simplify   :memory)
(smt.stats        :conflicts    :propagations        :lemmas      :deletions   )
(smt.stats    0      0      0      0  2334/1974/22       0/0     0    0   21.04)
SMT -> SLS units 1 2 3 4 5 6 7 8 9 10 11 12 13 14 15 16 17 18 19 20 21 22
SMT -> SLS values
(sat.ddfw :unsat :models :kflips/sec   :flips :restarts   :reinits  :unsat_vars  :shifts)
(sat.ddfw       3      1    46.7451      2384         0          0            5      260)
SLS -> SMT values
(sat.ddfw       1      1     6.5217      2984         0          0            2      497)
SLS -> SMT values
(nlsat :conflicts 1 :decisions 0 :propagations 43 :clauses 479 :learned 1)
(sat.ddfw       1      2     2.1897      3238         0          0            2      594)
SLS -> SMT values
(sat.ddfw       1      3     0.6715      3330         0          0            2      834)
SLS -> SMT values
(sat.ddfw       1      4     1.3585      3546         0          0            2      930)
SLS -> SMT values
(sat.ddfw       1      5     0.4469      3626         0          0            2     1168)
SLS -> SMT values
(sat.ddfw       1      6     1.7437      3973         0          0            2     1717)
SLS -> SMT values
(sat.ddfw       1      7     0.2364      4025         0          0            2     1872)
SLS -> SMT values
SMT -> SLS units 33 841 825 792 773 645 549 378 332 198 176 156 137 117 96 84 36 245 249
(sat.ddfw       1      8     0.1885      4071         0          0            2     2000)
SLS -> SMT values
(nlsat :conflicts 1 :decisions 0 :propagations 37 :clauses 463 :learned 1)
(nlsat :conflicts 1 :decisions 0 :propagations 42 :clauses 472 :learned 1)
SMT -> SLS values
(sat.ddfw       1     10     1.7564      4554         0          0            2     2147)
SLS -> SMT values
(nlsat :conflicts 1 :decisions 0 :propagations 41 :clauses 475 :learned 1)
(sat.ddfw       1     11     0.9632      4842         0          0            2     2296)
SLS -> SMT values
(nlsat :conflicts 1 :decisions 0 :propagations 40 :clauses 477 :learned 1)
(sat.ddfw       1     12     0.4167      4977         0          0            2     2399)
SLS -> SMT values
(nlsat :conflicts 1 :decisions 0 :propagations 51 :clauses 507 :learned 1)
(sat.ddfw       1     13     0.8252      5265         0          0            2     2544)
SLS -> SMT values
(nlsat :conflicts 1 :decisions 0 :propagations 48 :clauses 491 :learned 1)
(sat.ddfw       1     14     0.5963      5488         0          0            2     2772)
SLS -> SMT values
(nlsat :conflicts 1 :decisions 0 :propagations 44 :clauses 482 :learned 1)
(sat.ddfw       1     15     0.2506      5588         0          0            2     3069)
SLS -> SMT values
(nlsat :conflicts 1 :decisions 0 :propagations 44 :clauses 483 :learned 1)
(smt.stats    0    101   5072   1520  2439/2093/70      74/12     3   41   56.92)
SMT -> SLS units 24 849 827 813 791 772 723 718 690 637 582 547 521 480 454 377 338 197 178 161 140 120 100 82 28
(sat.ddfw       1     16     0.3255      5726         0          0            2     3405)
SLS -> SMT values
(nlsat :conflicts 1 :decisions 0 :propagations 36 :clauses 484 :learned 1)
(sat.ddfw       1     17     0.2494      5838         0          0            2     3690)
SLS -> SMT values
(sat.ddfw       1     17     0.1282      5898         0          0            2     3875)
SLS -> SMT values
SMT -> SLS values
(sat.ddfw       1     19     0.9264      6351         0          0            2     4171)
SLS -> SMT values
(nlsat :conflicts 1 :decisions 0 :propagations 36 :clauses 475 :learned 1)
(sat.ddfw       1     20     0.0391      6371         0          0            2     4261)
SLS -> SMT values
SLS -> SMT activity
(sat.ddfw       1     21     0.5895      6684         0          0            2     4376)
SLS -> SMT values
(sat.ddfw       1     22     0.3243      6863         0          0            2     4476)
SLS -> SMT values
(nlsat :conflicts 1 :decisions 0 :propagations 82 :clauses 645 :learned 1)
(sat.ddfw       1     23     0.5646      7195         0          0            2     4588)
SLS -> SMT values
(sat.ddfw       1     24     0.0788      7243         0          0            2     4718)
SLS -> SMT values
(sat.ddfw       1     25     0.1492      7337         0          0            2     4918)
SLS -> SMT values
(sat.ddfw       1     25     0.0554      7373         0          0            2     5027)
SLS -> SMT values
(sat.ddfw       1     26     0.0506      7407         0          0            2     5146)
SLS -> SMT values
SMT -> SLS values
(sat.ddfw       1     28     2.3454      9030         0          0           12     5297)
(nlsat :conflicts 2 :decisions 0 :propagations 64 :clauses 628 :learned 2)
(sat.ddfw       1     29     0.9280      9700         0          0            2     5400)
SLS -> SMT values
(nlsat :conflicts 1 :decisions 0 :propagations 58 :clauses 625 :learned 1)
(sat.ddfw       1     30     0.5198     10094         0          0            2     5485)
SLS -> SMT values
(sat.ddfw :unsat :models :kflips/sec   :flips :restarts   :reinits  :unsat_vars  :shifts)
(sat.ddfw       1     30     0.0000     10094         0          0            2     5485)
(sat.ddfw       1     31     0.2877     10319         0          1            2     5577)
SLS -> SMT values
(sat.ddfw       1     32     0.3180     10574         0          1            2     5734)
SLS -> SMT values
(nlsat :conflicts 1 :decisions 0 :propagations 81 :clauses 634 :learned 1)
SMT -> SLS units 218 222
(sat.ddfw       1     33     0.0265     10596         0          1            2     5827)
SLS -> SMT values
(nlsat :conflicts 1 :decisions 0 :propagations 84 :clauses 635 :learned 1)
(nlsat :conflicts 1 :decisions 0 :propagations 36 :clauses 472 :learned 1)
(smt.stats    1    203  14809   3979  2430/2110/88     159/24     7   80   57.36)
(nlsat :conflicts 1 :decisions 0 :propagations 40 :clauses 475 :learned 1)
ramon: poll                 wall=1.000s usage=0.932s mem=59920KiB load=0.93 rootload=0.91
SMT -> SLS units 216 239 230
(sat.ddfw       1     34     0.0707     10658         0          1            2     5979)
SLS -> SMT values
(nlsat :conflicts 1 :decisions 0 :propagations 42 :clauses 475 :learned 1)
(nlsat :conflicts 1 :decisions 0 :propagations 40 :clauses 474 :learned 1)
(nlsat :conflicts 1 :decisions 0 :propagations 36 :clauses 476 :learned 1)
(nlsat :conflicts 1 :decisions 0 :propagations 36 :clauses 475 :learned 1)
(nlsat :conflicts 1 :decisions 0 :propagations 40 :clauses 475 :learned 1)
(nlsat :conflicts 1 :decisions 0 :propagations 40 :clauses 475 :learned 1)
(nlsat :conflicts 1 :decisions 0 :propagations 36 :clauses 476 :learned 1)
(sat.ddfw       1     35     0.0235     10680         0          1            2     6076)
SLS -> SMT values
(nlsat :conflicts 1 :decisions 0 :propagations 36 :clauses 477 :learned 1)
(sat.ddfw       1     36     0.1219     10797         0          1            2     6179)
SLS -> SMT values
(nlsat :conflicts 1 :decisions 0 :propagations 40 :clauses 476 :learned 1)
(nlsat :conflicts 1 :decisions 0 :propagations 43 :clauses 476 :learned 1)
(nlsat :conflicts 1 :decisions 0 :propagations 41 :clauses 476 :learned 1)
(nlsat :conflicts 1 :decisions 0 :propagations 37 :clauses 474 :learned 1)
(nlsat :conflicts 1 :decisions 0 :propagations 43 :clauses 471 :learned 1)
(nlsat :conflicts 1 :decisions 0 :propagations 44 :clauses 474 :learned 1)
SMT -> SLS units 246 248
SMT -> SLS values
(sat.ddfw       1     38     0.7025     11510         0          1            2     6287)
SLS -> SMT values
(nlsat :conflicts 1 :decisions 0 :propagations 44 :clauses 474 :learned 1)
(nlsat :conflicts 1 :decisions 0 :propagations 40 :clauses 475 :learned 1)
(nlsat :conflicts 1 :decisions 0 :propagations 38 :clauses 476 :learned 1)
(nlsat :conflicts 1 :decisions 0 :propagations 40 :clauses 475 :learned 1)
(nlsat :conflicts 1 :decisions 0 :propagations 44 :clauses 476 :learned 1)
(nlsat :conflicts 1 :decisions 0 :propagations 44 :clauses 477 :learned 1)
(nlsat :conflicts 1 :decisions 0 :propagations 42 :clauses 478 :learned 1)
(sat.ddfw       1     38     0.0206     11532         0          1            2     6385)
SLS -> SMT values
(nlsat :conflicts 1 :decisions 0 :propagations 40 :clauses 477 :learned 1)
(nlsat :conflicts 1 :decisions 0 :propagations 44 :clauses 476 :learned 1)
(nlsat :conflicts 1 :decisions 0 :propagations 44 :clauses 477 :learned 1)
(sat.ddfw       1     39     0.1081     11651         0          1            2     6485)
SLS -> SMT values
(nlsat :conflicts 1 :decisions 0 :propagations 84 :clauses 632 :learned 1)
(sat.ddfw       1     40     0.0441     11701         0          1            2     6613)
SLS -> SMT values
SLS -> SMT activity
(nlsat :conflicts 2 :decisions 0 :propagations 66 :clauses 628 :learned 2)
(sat.ddfw       1     41     0.0999     11818         0          1            2     6710)
SLS -> SMT values
(nlsat :conflicts 1 :decisions 0 :propagations 76 :clauses 628 :learned 1)
(sat.ddfw       1     42     0.0416     11868         0          1            2     6848)
SLS -> SMT values
SMT -> SLS units 226
(sat.ddfw       1     43     0.1117     12005         0          1            2     7031)
SLS -> SMT values
(sat.ddfw       1     44     0.0241     12035         0          1            2     7132)
SLS -> SMT values
(sat.ddfw       1     45     0.1648     12244         0          1            2     7327)
SLS -> SMT values
(nlsat :conflicts 2 :decisions 0 :propagations 209 :clauses 612 :learned 2)
(nlsat :conflicts 2 :decisions 0 :propagations 234 :clauses 609 :learned 2)
(nlsat :conflicts 2 :decisions 0 :propagations 234 :clauses 609 :learned 2)
(nlsat :conflicts 2 :decisions 0 :propagations 215 :clauses 611 :learned 2)
(nlsat :conflicts 2 :decisions 0 :propagations 210 :clauses 612 :learned 2)
(nlsat :conflicts 2 :decisions 0 :propagations 207 :clauses 613 :learned 2)
SMT -> SLS values
(sat.ddfw       1     47     1.0435     13659         0          1           26     7448)
(sat.ddfw       1     47     2.4304     16957         0          1            2    10852)
(nlsat :conflicts 2 :decisions 0 :propagations 212 :clauses 613 :learned 2)
(sat.ddfw       1     47     2.2228     20000         0          1            5    14468)
(sat.ddfw       1     48     0.0380     20052         0          2            6    14473)
(nlsat :conflicts 2 :decisions 0 :propagations 232 :clauses 609 :learned 2)
(sat.ddfw       1     49     0.5832     20869         0          2           10    14547)
(sat.ddfw       1     50     0.6277     21761         0          2            5    14628)
(nlsat :conflicts 3 :decisions 0 :propagations 385 :clauses 549 :learned 3)
(sat.ddfw       1     51     1.0837     23327         0          2           17    14690)
(nlsat :conflicts 1 :decisions 0 :propagations 314 :clauses 550 :learned 1)
(nlsat :conflicts 2 :decisions 0 :propagations 306 :clauses 552 :learned 2)
(sat.ddfw       1     52     0.5071     24076         0          2            4    14776)
(nlsat :conflicts 1 :decisions 0 :propagations 251 :clauses 554 :learned 1)
(sat.ddfw       1     53     0.5533     24907         0          2            2    14938)
SLS -> SMT values
(nlsat :conflicts 1 :decisions 0 :propagations 290 :clauses 552 :learned 1)
(sat.ddfw       1     54     0.0733     25019         0          2            2    15185)
SLS -> SMT values
(nlsat :conflicts 2 :decisions 0 :propagations 265 :clauses 554 :learned 2)
(sat.ddfw       1     55     0.0592     25111         0          2            2    15409)
SLS -> SMT values
(nlsat :conflicts 1 :decisions 0 :propagations 312 :clauses 556 :learned 1)
SMT -> SLS values
(sat.ddfw       1     57     1.0380     26751         0          2           55    15664)
(nlsat :conflicts 1 :decisions 0 :propagations 282 :clauses 556 :learned 1)
(sat.ddfw       1     58     0.6360     27773         0          2            2    15751)
SLS -> SMT values
(nlsat :conflicts 1 :decisions 0 :propagations 293 :clauses 553 :learned 1)
(sat.ddfw       1     59     0.1736     28057         0          2            2    15840)
SLS -> SMT values
(nlsat :conflicts 1 :decisions 0 :propagations 280 :clauses 554 :learned 1)
(sat.ddfw :unsat :models :kflips/sec   :flips :restarts   :reinits  :unsat_vars  :shifts)
(sat.ddfw       1     60     0.1791     28355         0          2            2    15931)
SLS -> SMT values
(nlsat :conflicts 1 :decisions 0 :propagations 291 :clauses 555 :learned 1)
(sat.ddfw       1     61     0.0810     28492         0          2            2    16019)
SLS -> SMT values
SLS -> SMT activity
(nlsat :conflicts 1 :decisions 0 :propagations 311 :clauses 557 :learned 1)
(sat.ddfw       1     62     0.0535     28584         0          2            2    16107)
SLS -> SMT values
(nlsat :conflicts 2 :decisions 0 :propagations 274 :clauses 553 :learned 2)
(smt.stats    2    314  28700   6487  2430/2112/97     259/22    10   90   57.74)
SMT -> SLS units 247
(sat.ddfw       1     63     0.2593     29037         0          2           64    16192)
(nlsat :conflicts 3 :decisions 0 :propagations 378 :clauses 473 :learned 3)
(sat.ddfw       1     64     0.3384     29636         0          2            2    16275)
(nlsat :conflicts 3 :decisions 0 :propagations 431 :clauses 553 :learned 3)
(sat.ddfw       1     65     0.3419     30250         0          2            2    16366)
SLS -> SMT values
(nlsat :conflicts 1 :decisions 0 :propagations 299 :clauses 556 :learned 1)
(nlsat :conflicts 1 :decisions 0 :propagations 178 :clauses 467 :learned 1)
(nlsat :conflicts 3 :decisions 0 :propagations 369 :clauses 459 :learned 3)
SMT -> SLS values
(sat.ddfw       1     67     0.7147     31560         0          2            4    16439)
(nlsat :conflicts 1 :decisions 0 :propagations 160 :clauses 462 :learned 1)
(nlsat :conflicts 1 :decisions 0 :propagations 170 :clauses 460 :learned 1)
(nlsat :conflicts 3 :decisions 0 :propagations 395 :clauses 462 :learned 3)
(nlsat :conflicts 1 :decisions 0 :propagations 194 :clauses 462 :learned 1)
(nlsat :conflicts 1 :decisions 0 :propagations 191 :clauses 461 :learned 1)
ramon: poll                 wall=2.000s usage=1.932s mem=60452KiB load=1.00 rootload=1.00
(nlsat :conflicts 1 :decisions 0 :propagations 193 :clauses 462 :learned 1)
(nlsat :conflicts 1 :decisions 0 :propagations 177 :clauses 463 :learned 1)
(nlsat :conflicts 1 :decisions 0 :propagations 183 :clauses 466 :learned 1)
(sat.ddfw       1     68     0.3388     32201         0          2            6    16545)
(nlsat :conflicts 1 :decisions 0 :propagations 172 :clauses 463 :learned 1)
(nlsat :conflicts 1 :decisions 0 :propagations 176 :clauses 464 :learned 1)
(nlsat :conflicts 1 :decisions 0 :propagations 176 :clauses 465 :learned 1)
(nlsat :conflicts 1 :decisions 0 :propagations 172 :clauses 463 :learned 1)
(nlsat :conflicts 3 :decisions 0 :propagations 438 :clauses 464 :learned 3)
(nlsat :conflicts 1 :decisions 0 :propagations 189 :clauses 464 :learned 1)
(nlsat :conflicts 3 :decisions 0 :propagations 290 :clauses 465 :learned 3)
(nlsat :conflicts 3 :decisions 0 :propagations 440 :clauses 466 :learned 3)
(sat.ddfw       1     69     0.2422     32673         0          2            2    16691)
(nlsat :conflicts 1 :decisions 0 :propagations 202 :clauses 468 :learned 1)
(nlsat :conflicts 1 :decisions 0 :propagations 146 :clauses 466 :learned 1)
(nlsat :conflicts 3 :decisions 0 :propagations 363 :clauses 468 :learned 3)
(nlsat :conflicts 1 :decisions 0 :propagations 306 :clauses 557 :learned 1)
(sat.ddfw       1     70     0.1343     32940         0          2            2    16783)
(nlsat :conflicts 3 :decisions 0 :propagations 408 :clauses 553 :learned 3)
(nlsat :conflicts 3 :decisions 0 :propagations 422 :clauses 561 :learned 3)
(nlsat :conflicts 1 :decisions 0 :propagations 291 :clauses 563 :learned 1)
(nlsat :conflicts 1 :decisions 0 :propagations 287 :clauses 564 :learned 1)
(nlsat :conflicts 1 :decisions 0 :propagations 285 :clauses 562 :learned 1)
(nlsat :conflicts 2 :decisions 0 :propagations 283 :clauses 566 :learned 2)
(nlsat :conflicts 2 :decisions 0 :propagations 167 :clauses 474 :learned 2)
(sat.ddfw       1     71     0.1067     33158         0          2            2    16870)
(sat.ddfw       1     72     0.1779     33525         0          2            2    16954)
(nlsat :conflicts 1 :decisions 0 :propagations 199 :clauses 463 :learned 1)
(nlsat :conflicts 1 :decisions 0 :propagations 179 :clauses 464 :learned 1)
(nlsat :conflicts 1 :decisions 0 :propagations 158 :clauses 465 :learned 1)
(nlsat :conflicts 1 :decisions 0 :propagations 305 :clauses 566 :learned 1)
(nlsat :conflicts 1 :decisions 0 :propagations 282 :clauses 566 :learned 1)
(nlsat :conflicts 1 :decisions 0 :propagations 180 :clauses 467 :learned 1)
(nlsat :conflicts 1 :decisions 0 :propagations 305 :clauses 568 :learned 1)
(smt.stats    3    415  46578   9336  2454/2130/97     360/23    10   90   57.70)
(sat.ddfw       1     73     0.4063     34381         0          2           10    17041)
(sat.ddfw       1     74     0.3402     35104         0          2            9    17126)
(sat.ddfw       1     75     0.1297     35382         0          2            2    17222)
SLS -> SMT values
(nlsat :conflicts 1 :decisions 0 :propagations 45 :clauses 477 :learned 1)
(nlsat :conflicts 1 :decisions 0 :propagations 46 :clauses 480 :learned 1)
(nlsat :conflicts 1 :decisions 0 :propagations 42 :clauses 476 :learned 1)
(nlsat :conflicts 1 :decisions 0 :propagations 190 :clauses 460 :learned 1)
(nlsat :conflicts 3 :decisions 0 :propagations 403 :clauses 460 :learned 3)
(nlsat :conflicts 1 :decisions 0 :propagations 192 :clauses 461 :learned 1)
SMT -> SLS units 49 67
SMT -> SLS values
(sat.ddfw       1     77     0.5639     36617         0          2            6    17283)
(sat.ddfw       1     78     0.6878     38135         0          2           77    17360)
(sat.ddfw       1     78     0.8447     40000         0          2            4    18574)
(sat.ddfw       1     78     0.7686     41697         0          3            2    20235)
(nlsat :conflicts 1 :decisions 0 :propagations 305 :clauses 551 :learned 1)
(sat.ddfw       1     78     1.5115     45042         0          3            4    23545)
(sat.ddfw       1     78     1.3353     47997         0          3            2    27635)
(nlsat :conflicts 1 :decisions 0 :propagations 307 :clauses 551 :learned 1)
(nlsat :conflicts 1 :decisions 0 :propagations 316 :clauses 559 :learned 1)
(nlsat :conflicts 1 :decisions 0 :propagations 316 :clauses 559 :learned 1)
(nlsat :conflicts 1 :decisions 0 :propagations 182 :clauses 458 :learned 1)
(nlsat :conflicts 1 :decisions 0 :propagations 169 :clauses 460 :learned 1)
(nlsat :conflicts 1 :decisions 0 :propagations 188 :clauses 492 :learned 1)
(nlsat :conflicts 1 :decisions 0 :propagations 277 :clauses 560 :learned 1)
(sat.ddfw       1     78     1.2804     50874         0          3            5    31881)
(sat.ddfw       1     79     0.4570     51909         0          3           11    32280)
SLS -> SMT activity
(sat.ddfw       1     80     0.6553     53405         0          3           75    32376)
(nlsat :conflicts 1 :decisions 0 :propagations 183 :clauses 466 :learned 1)
(nlsat :conflicts 1 :decisions 0 :propagations 178 :clauses 462 :learned 1)
(nlsat :conflicts 1 :decisions 0 :propagations 181 :clauses 464 :learned 1)
(nlsat :conflicts 3 :decisions 0 :propagations 413 :clauses 464 :learned 3)
(nlsat :conflicts 3 :decisions 0 :propagations 305 :clauses 466 :learned 3)
(nlsat :conflicts 3 :decisions 0 :propagations 437 :clauses 463 :learned 3)
(nlsat :conflicts 1 :decisions 0 :propagations 305 :clauses 562 :learned 1)
(nlsat :conflicts 3 :decisions 0 :propagations 417 :clauses 564 :learned 3)
(sat.ddfw       1     81     0.7007     55039         0          3            5    32607)
(sat.ddfw       1     82     0.6383     56539         0          3            4    32671)
(nlsat :conflicts 3 :decisions 0 :propagations 464 :clauses 564 :learned 3)
(sat.ddfw       1     83     0.5583     57865         0          3           13    32736)
(nlsat :conflicts 3 :decisions 0 :propagations 566 :clauses 568 :learned 3)
(sat.ddfw       1     84     0.5740     59242         0          3            6    32808)
(nlsat :conflicts 3 :decisions 0 :propagations 412 :clauses 464 :learned 3)
(sat.ddfw       1     85     0.5467     60566         0          3            9    33045)
(nlsat :conflicts 3 :decisions 0 :propagations 305 :clauses 466 :learned 3)
(nlsat :conflicts 1 :decisions 0 :propagations 192 :clauses 464 :learned 1)
SMT -> SLS values
(sat.ddfw       1     87     0.5788     61983         0          3           12    33110)
(nlsat :conflicts 1 :decisions 0 :propagations 195 :clauses 466 :learned 1)
(nlsat :conflicts 3 :decisions 0 :propagations 406 :clauses 561 :learned 3)
(nlsat :conflicts 3 :decisions 0 :propagations 564 :clauses 566 :learned 3)
(nlsat :conflicts 3 :decisions 0 :propagations 463 :clauses 564 :learned 3)
(smt.stats    4    526  57202  11290  2420/2130/126     304/27    11  288   57.88)
(nlsat :conflicts 1 :decisions 0 :propagations 190 :clauses 460 :learned 1)
SMT -> SLS units 61 846 823 812 763 745 712 671 650 577 546 516 479 449 391 376 337 199 177 160 139 119 98 81 64
(sat.ddfw :unsat :models :kflips/sec   :flips :restarts   :reinits  :unsat_vars  :shifts)
(sat.ddfw       1     88     0.2708     62657         0          3           11    33212)
(nlsat :conflicts 3 :decisions 0 :propagations 396 :clauses 611 :learned 3)
(sat.ddfw       1     89     0.3496     63536         0          3           54    33343)
(nlsat :conflicts 3 :decisions 0 :propagations 243 :clauses 487 :learned 3)
SMT -> SLS units 29 847 824 783 751 707 676 642 583 548 522 481 455 407 390 386 339 201 179 162 141 121 101 83 32 206 428 52 852 830 800 797 789 696 538 468 381 190 173 153 135 111 94 73 54
(sat.ddfw       1     90     0.4364     64647         0          3           14    33396)
(sat.ddfw       1     90     1.2768     67899         0          3            2    36892)
(sat.ddfw       1     90     0.8246     70000         0          3            3    39814)
(sat.ddfw       1     90     0.4635     71181         0          4            2    40327)
(sat.ddfw       1     90     1.5958     75247         0          4            2    42195)
(sat.ddfw       1     90     1.4688     78991         0          4            2    44707)
(nlsat :conflicts 3 :decisions 0 :propagations 414 :clauses 450 :learned 3)
(nlsat :conflicts 1 :decisions 0 :propagations 170 :clauses 445 :learned 1)
(nlsat :conflicts 1 :decisions 0 :propagations 143 :clauses 449 :learned 1)
(smt.stats    5    648  60051  13216  2350/2130/179     359/37    14  421   58.18)
(sat.ddfw       1     93     6.7057     97016         0          4           76    53174)
SLS -> SMT activity
(nlsat :conflicts 1 :decisions 0 :propagations 176 :clauses 453 :learned 1)
(sat.ddfw       1     94     0.3121     97863         0          4           31    53251)
(nlsat :conflicts 1 :decisions 0 :propagations 200 :clauses 469 :learned 1)
(sat.ddfw       1     95     0.2762     98621         0          4           75    53323)
(nlsat :conflicts 3 :decisions 0 :propagations 452 :clauses 494 :learned 3)
SMT -> SLS values
(sat.ddfw       1     97     0.6581    100442         0          4            7    53468)
(nlsat :conflicts 1 :decisions 0 :propagations 236 :clauses 553 :learned 1)
SMT -> SLS values
(sat.ddfw       1     98     0.5066    101857         1          4           59    53545)
(nlsat :conflicts 3 :decisions 0 :propagations 324 :clauses 461 :learned 3)
(smt.stats :restarts :decisions    :clauses/bin/units         :simplify    :memory)
(smt.stats      :conflicts  :propagations           :lemmas       :deletions     )
(smt.stats    6    749  66389  15239  2350/2130/180     459/47    15  421   58.42)
ramon: poll                 wall=3.000s usage=2.932s mem=61260KiB load=1.00 rootload=1.00
(sat.ddfw       1    102     2.7640    110102         1          4           14    54650)
SLS -> SMT activity
(sat.ddfw       1    102     0.0000    110102         1          4           14    54650)
(sat.ddfw       1    103     0.3160    111051         1          5            9    54737)
SLS -> SMT values
(nlsat :conflicts 1 :decisions 0 :propagations 161 :clauses 448 :learned 1)
(nlsat :conflicts 1 :decisions 0 :propagations 160 :clauses 448 :learned 1)
(sat.ddfw       1    104     0.3972    112255         1          5           20    54835)
SLS -> SMT activity
(nlsat :conflicts 3 :decisions 0 :propagations 310 :clauses 450 :learned 3)
(sat.ddfw       1    105     0.3621    113361         1          5            8    54930)
(nlsat :conflicts 3 :decisions 0 :propagations 424 :clauses 450 :learned 3)
(nlsat :conflicts 3 :decisions 0 :propagations 421 :clauses 453 :learned 3)
(nlsat :conflicts 1 :decisions 0 :propagations 294 :clauses 541 :learned 1)
(nlsat :conflicts 1 :decisions 0 :propagations 275 :clauses 551 :learned 1)
(nlsat :conflicts 1 :decisions 0 :propagations 303 :clauses 551 :learned 1)
(nlsat :conflicts 3 :decisions 0 :propagations 316 :clauses 484 :learned 3)
(nlsat :conflicts 1 :decisions 0 :propagations 304 :clauses 552 :learned 1)
(nlsat :conflicts 1 :decisions 0 :propagations 268 :clauses 549 :learned 1)
(nlsat :conflicts 1 :decisions 0 :propagations 259 :clauses 550 :learned 1)
(sat.ddfw       1    106     0.5088    114950         1          5           10    55479)
(sat.ddfw       1    107     0.1470    115412         1          5            2    55583)
SLS -> SMT values
(sat.ddfw       1    108     0.0051    115428         1          5            2    55686)
SLS -> SMT values
(smt.stats    7    862  71907  17954  2329/2130/419     513/69    16  497   58.57)
ramon: end                  Thu Feb  6 13:23:02 2025
ramon: root.execname        z3
ramon: root.utime           3.220s
ramon: root.stime           0.020s
ramon: group.total          3.249s
ramon: group.utime          3.225s
ramon: group.stime          0.024s
ramon: group.mempeak        61516KiB
ramon: group.pidpeak        2
ramon: status               exited
ramon: exitcode             0
ramon: walltime             3.318s
ramon: loadavg              0.98
