sat
(:arith-bound-propagations-cheap  3201
 :arith-bound-propagations-lp     2551
 :arith-conflicts                 217
 :arith-cube-calls                1
 :arith-diseq                     45
 :arith-eq                        5891
 :arith-fixed-eqs                 3034
 :arith-gcd-calls                 7
 :arith-grobner-calls             57
 :arith-grobner-conflicts         22
 :arith-horner-calls              12
 :arith-horner-cross-nested-forms 589
 :arith-lower                     6549
 :arith-make-feasible             7800
 :arith-max-columns               422
 :arith-max-rows                  268
 :arith-nla-add-bounds            13
 :arith-nla-lemmas                55
 :arith-nla-propagate-bounds      68
 :arith-nla-propagate-eq          4518
 :arith-nra-calls                 27
 :arith-offset-eqs                688
 :arith-patches                   7
 :arith-patches-success           6
 :arith-propagations              3201
 :arith-upper                     8908
 :euf-ackerman                    6
 :euf-conflicts                   52
 :euf-final-check                 154
 :euf-merge                       14696
 :euf-propagations-eqs            1153
 :euf-propagations-literal        921
 :euf-propagations-theory-diseqs  6275
 :euf-propagations-theory-eqs     10538
 :max-memory                      24.07
 :memory                          17.67
 :nlsat-conflicts                 1012
 :nlsat-decisions                 1
 :nlsat-propagations              55159
 :nlsat-restarts                  2
 :nlsat-stages                    15327
 :num-allocs                      122837409
 :rlimit-count                    788238
 :sat-backjumps                   386
 :sat-conflicts                   386
 :sat-decisions                   5530
 :sat-del-clause                  26
 :sat-elim-bool-vars-res          4
 :sat-elim-literals               28
 :sat-minimized-lits              395
 :sat-mk-clause-2ary              682
 :sat-mk-clause-nary              824
 :sat-mk-var                      401
 :sat-propagations-2ary           9836
 :sat-propagations-nary           7184
 :sat-restarts                    19
 :sat-subs-resolution             26
 :sat-subs-resolution-dyn         20
 :sat-subsumed                    173
 :sat-units                       41
 :simplifier-steps                1312
 :solve-eqs-elim-vars             36
 :solve-eqs-steps                 362
 :time                            0.31
 :total-time                      0.31)
