ramon: cwd                  /home/runner/a/_work/z3-poly-testing/z3-poly-testing
ramon: start                Mon Mar 10 18:13:26 2025
ramon: nproc                128
ramon: sys.mem              64150 MiB
ramon: sys.mem.free         32081 MiB
ramon: sys.mem.avail        63946 MiB
ramon: sys.nprocs           3128
ramon: argv                 0 = z3
ramon: argv                 1 = inputs/QF_LIA/n3230-RF-14.smt2
ramon: argv                 2 = -T:600
ramon: argv                 3 = -st
ramon: argv                 4 = smt.arith.lp.dio_eqs=true
ramon: childpid             3078654
ramon: end                  Mon Mar 10 18:13:26 2025
ramon: root.execname        z3
ramon: root.utime           0.000s
ramon: root.stime           0.040s
ramon: group.total          0.054s
ramon: group.utime          0.008s
ramon: group.stime          0.046s
ramon: group.mempeak        19336KiB
ramon: group.pidpeak        2
ramon: status               exited
ramon: exitcode             0
ramon: walltime             0.072s
ramon: loadavg              0.76
