ramon: cwd                  /home/runner/a/_work/z3-poly-testing/z3-poly-testing
ramon: start                Thu Sep  5 18:03:29 2024
ramon: nproc                128
ramon: sys.mem              64150 MiB
ramon: sys.mem.free         51887 MiB
ramon: sys.mem.avail        63869 MiB
ramon: sys.nprocs           2179
ramon: argv                 0 = z3
ramon: argv                 1 = inputs/QF_BV_SAT/bin_libsmbsharemodes_vc6280.smt2
ramon: argv                 2 = -T:20
ramon: argv                 3 = -v:2
ramon: argv                 4 = -st
ramon: argv                 5 = tactic.default_tactic=(then simplify propagate-values solve-eqs simplify sls-smt)
ramon: childpid             467069
UNITS -58 -1030 -1040 -87 -1325 1352 1592 -1849
(sat.ddfw :unsat :models :kflips/sec  :flips  :restarts  :reinits  :unsat_vars  :shifts)
(sat.ddfw      94      4   197.941     10095         0          0          151     1057)
(sat.ddfw      63      3   89.0357     20067         0          1          112     1936)
(sat.ddfw      26      2   78.8617     40019         0          2           49     3740)
(sat.ddfw       3      1   55.7268     70000         0          3            7     5977)
ramon: poll                 wall=01.000s usage=00.977s user=00.966s sys=00.011s mem=22424KiB roottime=0.960s load=0.98 rootload=0.96
(sat.ddfw      14      4   34.8476    110005         0          4           27     7878)
(sat.ddfw       1      1   30.3184    160000         0          5            2    11844)
ramon: poll                 wall=02.000s usage=01.977s user=01.966s sys=00.011s mem=22424KiB roottime=1.960s load=1.00 rootload=1.00
(sat.ddfw      88      5   28.8009    220021         1          6          149    16588)
(sat.ddfw      53      2   24.3871    290012         4          7           93    22982)
ramon: poll                 wall=03.000s usage=02.977s user=02.966s sys=00.011s mem=22424KiB roottime=2.960s load=1.00 rootload=1.00
(sat.ddfw       2      1   23.0912    370000         4          8            5    29973)
ramon: poll                 wall=04.000s usage=03.977s user=03.966s sys=00.011s mem=22424KiB roottime=3.960s load=1.00 rootload=1.00
(sat.ddfw      14      3   21.8927    460001         5          9           25    39168)
ramon: poll                 wall=05.000s usage=04.977s user=04.966s sys=00.011s mem=22424KiB roottime=4.960s load=1.00 rootload=1.00
(sat.ddfw      42      1   17.9274    560000         6         10           77    46104)
ramon: poll                 wall=06.000s usage=05.976s user=05.965s sys=00.011s mem=22424KiB roottime=5.960s load=1.00 rootload=1.00
(sat.ddfw      62      3   17.0639    670028         7         11          102    58703)
ramon: poll                 wall=07.000s usage=06.976s user=06.965s sys=00.011s mem=22424KiB roottime=6.960s load=1.00 rootload=1.00
(sat.ddfw       6      1   16.4933    790000         7         12           12    70742)
ramon: poll                 wall=08.000s usage=07.976s user=07.965s sys=00.011s mem=22424KiB roottime=7.960s load=1.00 rootload=1.00
(sat.ddfw      43      4   15.8336    920010         8         13           71    86988)
ramon: poll                 wall=09.000s usage=08.976s user=08.965s sys=00.011s mem=22424KiB roottime=8.960s load=1.00 rootload=1.00
(sat.ddfw       9      2    15.218   1060000        10         14           17   100658)
ramon: poll                 wall=10.000s usage=09.976s user=09.965s sys=00.011s mem=22424KiB roottime=9.960s load=1.00 rootload=1.00
(sat.ddfw      20      2    14.758   1210000        10         15           38   120038)
ramon: poll                 wall=11.000s usage=10.976s user=10.965s sys=00.011s mem=22424KiB roottime=10.960s load=1.00 rootload=1.00
(sat.ddfw      40      1   14.0412   1370000        12         16           72   136837)
ramon: poll                 wall=12.000s usage=11.976s user=11.965s sys=00.011s mem=22424KiB roottime=11.960s load=1.00 rootload=1.00
(sat.ddfw       2     14   13.6327   1540000        14         17            5   159536)
ramon: poll                 wall=13.000s usage=12.976s user=12.965s sys=00.011s mem=22424KiB roottime=12.960s load=1.00 rootload=1.00
ramon: poll                 wall=14.000s usage=13.976s user=13.965s sys=00.011s mem=22424KiB roottime=13.960s load=1.00 rootload=1.00
(sat.ddfw      82      3   12.8675   1720081        15         18          133   178163)
ramon: poll                 wall=15.000s usage=14.976s user=14.965s sys=00.011s mem=22424KiB roottime=14.960s load=1.00 rootload=1.00
(sat.ddfw       1      2   12.3212   1910000        15         19            3   202231)
ramon: poll                 wall=16.000s usage=15.976s user=15.965s sys=00.011s mem=22424KiB roottime=15.960s load=1.00 rootload=1.00
ramon: poll                 wall=17.000s usage=16.976s user=16.965s sys=00.011s mem=22424KiB roottime=16.960s load=1.00 rootload=1.00
(sat.ddfw      31      1   11.8106   2110000        15         20           59   223114)
ramon: poll                 wall=18.000s usage=17.976s user=17.965s sys=00.011s mem=22424KiB roottime=17.960s load=1.00 rootload=1.00
(sat.ddfw       3      1   11.4298   2320000        15         21            7   257698)
ramon: poll                 wall=19.000s usage=18.976s user=18.965s sys=00.011s mem=22424KiB roottime=18.960s load=1.00 rootload=1.00
(sat.ddfw       3      2    11.119   2540000        17         22            6   284103)
ramon: poll                 wall=20.000s usage=19.976s user=19.965s sys=00.011s mem=22424KiB roottime=19.960s load=1.00 rootload=1.00
ramon: end                  Thu Sep  5 18:03:49 2024
ramon: root.execname        z3
ramon: root.utime           19.990s
ramon: root.stime           0.010s
ramon: group.total          20.005s
ramon: group.utime          19.990s
ramon: group.stime          0.015s
ramon: group.mempeak        22680KiB
ramon: group.pidpeak        2
ramon: status               exited
ramon: exitcode             0
ramon: walltime             20.029s
ramon: loadavg              1.00
