ramon: cwd                  /home/runner/a/_work/z3-poly-testing/z3-poly-testing
ramon: start                Thu Sep  5 18:04:20 2024
ramon: nproc                128
ramon: sys.mem              64150 MiB
ramon: sys.mem.free         51208 MiB
ramon: sys.mem.avail        63869 MiB
ramon: sys.nprocs           2216
ramon: argv                 0 = z3
ramon: argv                 1 = inputs/QF_BV_SAT/bin_libsmbsharemodes_vc5748.smt2
ramon: argv                 2 = -T:20
ramon: argv                 3 = -v:2
ramon: argv                 4 = -st
ramon: argv                 5 = tactic.default_tactic=(then simplify propagate-values solve-eqs simplify sls-smt)
ramon: childpid             481860
UNITS -675 -0 -86 -973 -2464 -2509 2512 -3060
(sat.ddfw :unsat :models :kflips/sec  :flips  :restarts  :reinits  :unsat_vars  :shifts)
(sat.ddfw       2      2   135.135     10000         0          0            5      734)
(sat.ddfw       4      2   65.7895     20000         0          1           11     1567)
(sat.ddfw      27      1   54.9451     40000         0          2           53     3096)
(sat.ddfw      72      2   44.5237     70009         0          3          111     5427)
ramon: poll                 wall=01.000s usage=00.982s user=00.965s sys=00.017s mem=24576KiB roottime=0.960s load=0.98 rootload=0.96
(sat.ddfw      31      3   35.1599    110021         0          4           58     8604)
(sat.ddfw      94      1   30.0716    160000         0          5          150    13058)
ramon: poll                 wall=02.000s usage=01.981s user=01.964s sys=00.017s mem=24576KiB roottime=1.960s load=1.00 rootload=1.00
(sat.ddfw      54      2   26.8831    220030         1          6          101    18912)
ramon: poll                 wall=03.000s usage=02.981s user=02.964s sys=00.017s mem=24576KiB roottime=2.960s load=1.00 rootload=1.00
(sat.ddfw     123      3   23.6622    290070         1          7          208    26731)
(sat.ddfw       1      4   20.7556    370000         2          8            2    33275)
ramon: poll                 wall=04.000s usage=03.981s user=03.964s sys=00.017s mem=24328KiB roottime=3.960s load=1.00 rootload=1.00
(sat.ddfw       5      2   18.8482    460000         3          9           12    42158)
ramon: poll                 wall=05.000s usage=04.981s user=04.964s sys=00.017s mem=24328KiB roottime=4.960s load=1.00 rootload=1.00
(sat.ddfw       1      6   17.1086    560000         3         10            2    50707)
ramon: poll                 wall=06.000s usage=05.981s user=05.964s sys=00.017s mem=24328KiB roottime=5.960s load=1.00 rootload=1.00
ramon: poll                 wall=07.000s usage=06.981s user=06.964s sys=00.017s mem=24328KiB roottime=6.960s load=1.00 rootload=1.00
(sat.ddfw      54      3   15.7878    670057         4         11          103    62013)
ramon: poll                 wall=08.000s usage=07.981s user=07.964s sys=00.017s mem=24328KiB roottime=7.960s load=1.00 rootload=1.00
(sat.ddfw       2      3   14.7695    790000         5         12            5    73626)
ramon: poll                 wall=09.000s usage=08.981s user=08.964s sys=00.017s mem=24328KiB roottime=8.960s load=1.00 rootload=1.00
(sat.ddfw       3      6   13.8004    920000         6         13            6    88842)
ramon: poll                 wall=10.000s usage=09.981s user=09.964s sys=00.017s mem=24328KiB roottime=9.960s load=1.00 rootload=1.00
ramon: poll                 wall=11.000s usage=10.981s user=10.964s sys=00.017s mem=24328KiB roottime=10.960s load=1.00 rootload=1.00
(sat.ddfw      26      4   12.6187   1060017         7         14           54   100448)
ramon: poll                 wall=12.000s usage=11.980s user=11.963s sys=00.017s mem=24328KiB roottime=11.960s load=1.00 rootload=1.00
ramon: poll                 wall=13.000s usage=12.980s user=12.963s sys=00.017s mem=24328KiB roottime=12.960s load=1.00 rootload=1.00
(sat.ddfw      89      8   11.4463   1210135         7         15          166   114689)
ramon: poll                 wall=14.000s usage=13.980s user=13.962s sys=00.018s mem=24328KiB roottime=13.960s load=1.00 rootload=1.00
ramon: poll                 wall=15.000s usage=14.980s user=14.962s sys=00.018s mem=24328KiB roottime=14.960s load=1.00 rootload=1.00
(sat.ddfw     101      1   10.7069   1370000         7         16          154   129987)
ramon: poll                 wall=16.000s usage=15.980s user=15.962s sys=00.018s mem=24328KiB roottime=15.960s load=1.00 rootload=1.00
(sat.ddfw       1      2   10.2194   1540000         9         17            2   148700)
ramon: poll                 wall=17.000s usage=16.980s user=16.962s sys=00.018s mem=24328KiB roottime=16.960s load=1.00 rootload=1.00
ramon: poll                 wall=18.000s usage=17.980s user=17.962s sys=00.018s mem=24328KiB roottime=17.960s load=1.00 rootload=1.00
(sat.ddfw     113      3   9.69721   1720116        10         18          166   164740)
ramon: poll                 wall=19.000s usage=18.979s user=18.961s sys=00.018s mem=24328KiB roottime=18.960s load=1.00 rootload=1.00
ramon: poll                 wall=20.000s usage=19.979s user=19.961s sys=00.018s mem=24328KiB roottime=19.960s load=1.00 rootload=1.00
ramon: end                  Thu Sep  5 18:04:40 2024
ramon: root.execname        z3
ramon: root.utime           19.980s
ramon: root.stime           0.020s
ramon: group.total          20.004s
ramon: group.utime          19.982s
ramon: group.stime          0.022s
ramon: group.mempeak        24656KiB
ramon: group.pidpeak        2
ramon: status               exited
ramon: exitcode             0
ramon: walltime             20.024s
ramon: loadavg              1.00
