unsat
(:added-eqs                   218509
 :arith-eq-adapter            1816
 :arith-bound-propagations-lp 287402
 :arith-branch                3855
 :arith-conflicts             34538
 :arith-cube-calls            8372
 :arith-dio-calls             33492
 :arith-dio-tighten-conflicts 29636
 :arith-diseq                 91880
 :arith-fixed-eqs             11618
 :arith-gcd-calls             33492
 :arith-lower                 187085
 :arith-make-feasible         224117
 :arith-max-columns           208
 :arith-max-rows              112
 :arith-offset-eqs            7750
 :arith-patches               33492
 :arith-upper                 247786
 :binary-propagations         1597796
 :conflicts                   35404
 :decisions                   674131
 :del-clause                  20448
 :final-checks                33492
 :max-memory                  21.36
 :memory                      19.54
 :minimized-lits              141178
 :mk-bool-var                 6952
 :mk-clause                   42231
 :mk-clause-binary            1999
 :num-allocs                  1040641147
 :num-checks                  3
 :propagations                1850205
 :restarts                    205
 :rlimit-count                14438373
 :time                        18.25
 :total-time                  18.19)
