sat
(:added-eqs                   70064
 :arith-bound-propagations-lp 147175
 :arith-conflicts             9270
 :arith-fixed-eqs             5287
 :arith-gcd-calls             1
 :arith-lower                 1377337
 :arith-make-feasible         104171
 :arith-max-columns           4216
 :arith-max-rows              2544
 :arith-offset-eqs            68669
 :arith-patches               1
 :arith-patches-success       1
 :arith-upper                 878822
 :binary-propagations         3723886
 :conflicts                   16198
 :decisions                   73552
 :del-clause                  14061
 :final-checks                1
 :max-memory                  189.95
 :memory                      32.59
 :minimized-lits              179959
 :mk-bool-var                 9931
 :mk-clause                   24886
 :mk-clause-binary            13383
 :num-allocs                  1889166346
 :num-checks                  1
 :propagations                6848147
 :restarts                    10
 :rlimit-count                122975490
 :solve-eqs-elim-vars         1152
 :solve-eqs-steps             2286
 :time                        288.36
 :total-time                  288.36)
