ramon: cwd                  /home/runner/a/_work/z3-poly-testing/z3-poly-testing
ramon: start                Fri Feb  7 14:25:44 2025
ramon: nproc                128
ramon: sys.mem              64150 MiB
ramon: sys.mem.free         38558 MiB
ramon: sys.mem.avail        63911 MiB
ramon: sys.nprocs           2311
ramon: argv                 0 = z3
ramon: argv                 1 = inputs/QF_LIA/n6603-prp-20-47.smt2
ramon: argv                 2 = -T:600
ramon: argv                 3 = -st
ramon: argv                 4 = smt.random_seed=8
ramon: childpid             412950
ramon: poll                 wall=01.000s usage=00.983s user=00.924s sys=00.059s mem=67648KiB roottime=0.920s load=0.98 rootload=0.92
ramon: poll                 wall=02.000s usage=01.982s user=01.882s sys=00.100s mem=106MiB roottime=1.880s load=1.00 rootload=0.96
ramon: poll                 wall=03.000s usage=02.983s user=02.879s sys=00.104s mem=115MiB roottime=2.870s load=1.00 rootload=0.99
ramon: poll                 wall=04.000s usage=03.981s user=03.773s sys=00.208s mem=206MiB roottime=3.770s load=1.00 rootload=0.90
ramon: poll                 wall=05.000s usage=04.981s user=04.695s sys=00.286s mem=347MiB roottime=4.690s load=1.00 rootload=0.92
ramon: poll                 wall=06.000s usage=05.981s user=05.548s sys=00.433s mem=449MiB roottime=5.540s load=1.00 rootload=0.85
ramon: poll                 wall=07.000s usage=06.981s user=06.533s sys=00.448s mem=472MiB roottime=6.530s load=1.00 rootload=0.99
ramon: poll                 wall=08.000s usage=07.981s user=07.533s sys=00.448s mem=473MiB roottime=7.530s load=1.00 rootload=1.00
ramon: poll                 wall=09.000s usage=08.981s user=08.532s sys=00.449s mem=474MiB roottime=8.530s load=1.00 rootload=1.00
ramon: poll                 wall=10.000s usage=09.981s user=09.532s sys=00.449s mem=475MiB roottime=9.530s load=1.00 rootload=1.00
ramon: poll                 wall=11.000s usage=10.981s user=10.532s sys=00.449s mem=475MiB roottime=10.530s load=1.00 rootload=1.00
ramon: poll                 wall=12.000s usage=11.981s user=11.530s sys=00.451s mem=475MiB roottime=11.530s load=1.00 rootload=1.00
ramon: poll                 wall=13.000s usage=12.980s user=12.528s sys=00.452s mem=475MiB roottime=12.520s load=1.00 rootload=0.99
ramon: poll                 wall=14.000s usage=13.980s user=13.527s sys=00.453s mem=475MiB roottime=13.520s load=1.00 rootload=1.00
ramon: poll                 wall=15.000s usage=14.980s user=14.527s sys=00.453s mem=475MiB roottime=14.520s load=1.00 rootload=1.00
ramon: poll                 wall=16.000s usage=15.980s user=15.526s sys=00.454s mem=476MiB roottime=15.520s load=1.00 rootload=1.00
ramon: poll                 wall=17.000s usage=16.980s user=16.525s sys=00.455s mem=477MiB roottime=16.520s load=1.00 rootload=1.00
ramon: poll                 wall=18.000s usage=17.980s user=17.525s sys=00.455s mem=477MiB roottime=17.520s load=1.00 rootload=1.00
ramon: poll                 wall=19.000s usage=18.980s user=18.525s sys=00.455s mem=477MiB roottime=18.520s load=1.00 rootload=1.00
ramon: poll                 wall=20.000s usage=19.981s user=19.524s sys=00.457s mem=477MiB roottime=19.520s load=1.00 rootload=1.00
ramon: poll                 wall=21.000s usage=20.980s user=20.522s sys=00.458s mem=477MiB roottime=20.520s load=1.00 rootload=1.00
ramon: poll                 wall=22.000s usage=21.980s user=21.521s sys=00.459s mem=478MiB roottime=21.520s load=1.00 rootload=1.00
ramon: poll                 wall=23.000s usage=22.979s user=22.520s sys=00.459s mem=478MiB roottime=22.520s load=1.00 rootload=1.00
ramon: poll                 wall=24.000s usage=23.979s user=23.519s sys=00.460s mem=478MiB roottime=23.510s load=1.00 rootload=0.99
ramon: poll                 wall=25.000s usage=24.980s user=24.520s sys=00.460s mem=478MiB roottime=24.510s load=1.00 rootload=1.00
ramon: poll                 wall=26.000s usage=25.979s user=25.519s sys=00.460s mem=478MiB roottime=25.510s load=1.00 rootload=1.00
ramon: poll                 wall=27.000s usage=26.979s user=26.518s sys=00.461s mem=478MiB roottime=26.510s load=1.00 rootload=1.00
ramon: poll                 wall=28.000s usage=27.980s user=27.519s sys=00.461s mem=478MiB roottime=27.510s load=1.00 rootload=1.00
ramon: poll                 wall=29.000s usage=28.979s user=28.518s sys=00.462s mem=479MiB roottime=28.510s load=1.00 rootload=1.00
ramon: poll                 wall=30.000s usage=29.978s user=29.516s sys=00.462s mem=479MiB roottime=29.510s load=1.00 rootload=1.00
ramon: poll                 wall=31.000s usage=30.979s user=30.517s sys=00.462s mem=479MiB roottime=30.510s load=1.00 rootload=1.00
ramon: poll                 wall=32.000s usage=31.978s user=31.516s sys=00.462s mem=479MiB roottime=31.510s load=1.00 rootload=1.00
ramon: poll                 wall=33.000s usage=32.978s user=32.515s sys=00.463s mem=479MiB roottime=32.510s load=1.00 rootload=1.00
ramon: poll                 wall=34.000s usage=33.978s user=33.514s sys=00.464s mem=480MiB roottime=33.510s load=1.00 rootload=1.00
ramon: poll                 wall=35.000s usage=34.977s user=34.513s sys=00.464s mem=480MiB roottime=34.510s load=1.00 rootload=1.00
ramon: poll                 wall=36.000s usage=35.977s user=35.513s sys=00.464s mem=480MiB roottime=35.510s load=1.00 rootload=1.00
ramon: poll                 wall=37.000s usage=36.978s user=36.513s sys=00.465s mem=480MiB roottime=36.510s load=1.00 rootload=1.00
ramon: poll                 wall=38.000s usage=37.977s user=37.512s sys=00.465s mem=480MiB roottime=37.510s load=1.00 rootload=1.00
ramon: poll                 wall=39.000s usage=38.978s user=38.513s sys=00.465s mem=480MiB roottime=38.510s load=1.00 rootload=1.00
ramon: poll                 wall=40.000s usage=39.978s user=39.513s sys=00.465s mem=480MiB roottime=39.510s load=1.00 rootload=1.00
ramon: poll                 wall=41.000s usage=40.976s user=40.511s sys=00.465s mem=480MiB roottime=40.510s load=1.00 rootload=1.00
ramon: poll                 wall=42.000s usage=41.977s user=41.512s sys=00.465s mem=480MiB roottime=41.510s load=1.00 rootload=1.00
ramon: poll                 wall=43.000s usage=42.976s user=42.511s sys=00.465s mem=480MiB roottime=42.510s load=1.00 rootload=1.00
ramon: poll                 wall=44.000s usage=43.977s user=43.512s sys=00.465s mem=480MiB roottime=43.510s load=1.00 rootload=1.00
ramon: poll                 wall=45.000s usage=44.976s user=44.511s sys=00.465s mem=480MiB roottime=44.510s load=1.00 rootload=1.00
ramon: poll                 wall=46.000s usage=45.976s user=45.511s sys=00.465s mem=480MiB roottime=45.510s load=1.00 rootload=1.00
ramon: poll                 wall=47.000s usage=46.975s user=46.510s sys=00.465s mem=480MiB roottime=46.510s load=1.00 rootload=1.00
ramon: poll                 wall=48.000s usage=47.975s user=47.510s sys=00.465s mem=480MiB roottime=47.510s load=1.00 rootload=1.00
ramon: poll                 wall=49.000s usage=48.975s user=48.510s sys=00.465s mem=480MiB roottime=48.510s load=1.00 rootload=1.00
ramon: poll                 wall=50.000s usage=49.975s user=49.510s sys=00.465s mem=481MiB roottime=49.510s load=1.00 rootload=1.00
ramon: poll                 wall=51.000s usage=50.974s user=50.509s sys=00.465s mem=481MiB roottime=50.500s load=1.00 rootload=0.99
ramon: poll                 wall=52.000s usage=51.974s user=51.509s sys=00.465s mem=481MiB roottime=51.500s load=1.00 rootload=1.00
ramon: poll                 wall=53.000s usage=52.974s user=52.509s sys=00.465s mem=481MiB roottime=52.500s load=1.00 rootload=1.00
ramon: poll                 wall=54.000s usage=53.974s user=53.508s sys=00.466s mem=481MiB roottime=53.500s load=1.00 rootload=1.00
ramon: poll                 wall=55.000s usage=54.974s user=54.507s sys=00.467s mem=481MiB roottime=54.500s load=1.00 rootload=1.00
ramon: poll                 wall=56.000s usage=55.973s user=55.505s sys=00.469s mem=481MiB roottime=55.500s load=1.00 rootload=1.00
ramon: poll                 wall=57.000s usage=56.973s user=56.503s sys=00.470s mem=481MiB roottime=56.500s load=1.00 rootload=1.00
ramon: poll                 wall=58.000s usage=57.973s user=57.503s sys=00.470s mem=481MiB roottime=57.500s load=1.00 rootload=1.00
ramon: poll                 wall=59.000s usage=58.973s user=58.503s sys=00.470s mem=482MiB roottime=58.500s load=1.00 rootload=1.00
ramon: poll                 wall=01m00.000s usage=59.973s user=59.503s sys=00.470s mem=482MiB roottime=59.500s load=1.00 rootload=1.00
ramon: poll                 wall=01m01.000s usage=01m00.973s user=01m00.503s sys=00.470s mem=482MiB roottime=60.500s load=1.00 rootload=1.00
ramon: poll                 wall=01m02.000s usage=01m01.973s user=01m01.501s sys=00.472s mem=482MiB roottime=61.500s load=1.00 rootload=1.00
ramon: poll                 wall=01m03.000s usage=01m02.973s user=01m02.501s sys=00.472s mem=482MiB roottime=62.500s load=1.00 rootload=1.00
ramon: poll                 wall=01m04.000s usage=01m03.973s user=01m03.501s sys=00.472s mem=482MiB roottime=63.500s load=1.00 rootload=1.00
ramon: poll                 wall=01m05.000s usage=01m04.972s user=01m04.501s sys=00.472s mem=482MiB roottime=64.500s load=1.00 rootload=1.00
ramon: poll                 wall=01m06.000s usage=01m05.972s user=01m05.498s sys=00.474s mem=482MiB roottime=65.490s load=1.00 rootload=0.99
ramon: poll                 wall=01m07.000s usage=01m06.972s user=01m06.497s sys=00.475s mem=482MiB roottime=66.490s load=1.00 rootload=1.00
ramon: poll                 wall=01m08.000s usage=01m07.972s user=01m07.497s sys=00.475s mem=482MiB roottime=67.490s load=1.00 rootload=1.00
ramon: poll                 wall=01m09.000s usage=01m08.972s user=01m08.496s sys=00.476s mem=482MiB roottime=68.490s load=1.00 rootload=1.00
ramon: poll                 wall=01m10.000s usage=01m09.972s user=01m09.496s sys=00.476s mem=483MiB roottime=69.490s load=1.00 rootload=1.00
ramon: poll                 wall=01m11.000s usage=01m10.972s user=01m10.496s sys=00.476s mem=483MiB roottime=70.490s load=1.00 rootload=1.00
ramon: poll                 wall=01m12.000s usage=01m11.972s user=01m11.496s sys=00.476s mem=483MiB roottime=71.490s load=1.00 rootload=1.00
ramon: poll                 wall=01m13.000s usage=01m12.972s user=01m12.496s sys=00.476s mem=483MiB roottime=72.490s load=1.00 rootload=1.00
ramon: poll                 wall=01m14.000s usage=01m13.971s user=01m13.496s sys=00.476s mem=483MiB roottime=73.490s load=1.00 rootload=1.00
ramon: poll                 wall=01m15.000s usage=01m14.971s user=01m14.495s sys=00.476s mem=483MiB roottime=74.490s load=1.00 rootload=1.00
ramon: poll                 wall=01m16.000s usage=01m15.971s user=01m15.495s sys=00.476s mem=483MiB roottime=75.490s load=1.00 rootload=1.00
ramon: poll                 wall=01m17.000s usage=01m16.971s user=01m16.495s sys=00.476s mem=483MiB roottime=76.490s load=1.00 rootload=1.00
ramon: poll                 wall=01m18.000s usage=01m17.971s user=01m17.495s sys=00.476s mem=483MiB roottime=77.490s load=1.00 rootload=1.00
ramon: poll                 wall=01m19.000s usage=01m18.971s user=01m18.494s sys=00.477s mem=483MiB roottime=78.490s load=1.00 rootload=1.00
ramon: poll                 wall=01m20.000s usage=01m19.970s user=01m19.494s sys=00.477s mem=483MiB roottime=79.490s load=1.00 rootload=1.00
ramon: poll                 wall=01m21.000s usage=01m20.970s user=01m20.493s sys=00.477s mem=484MiB roottime=80.490s load=1.00 rootload=1.00
ramon: poll                 wall=01m22.000s usage=01m21.970s user=01m21.493s sys=00.477s mem=484MiB roottime=81.490s load=1.00 rootload=1.00
ramon: poll                 wall=01m23.000s usage=01m22.970s user=01m22.493s sys=00.477s mem=484MiB roottime=82.490s load=1.00 rootload=1.00
ramon: poll                 wall=01m24.000s usage=01m23.970s user=01m23.493s sys=00.477s mem=484MiB roottime=83.490s load=1.00 rootload=1.00
ramon: poll                 wall=01m25.000s usage=01m24.970s user=01m24.493s sys=00.477s mem=484MiB roottime=84.490s load=1.00 rootload=1.00
ramon: poll                 wall=01m26.000s usage=01m25.970s user=01m25.493s sys=00.477s mem=484MiB roottime=85.490s load=1.00 rootload=1.00
ramon: poll                 wall=01m27.000s usage=01m26.970s user=01m26.492s sys=00.478s mem=484MiB roottime=86.490s load=1.00 rootload=1.00
ramon: poll                 wall=01m28.000s usage=01m27.970s user=01m27.491s sys=00.479s mem=484MiB roottime=87.490s load=1.00 rootload=1.00
ramon: poll                 wall=01m29.000s usage=01m28.969s user=01m28.491s sys=00.479s mem=484MiB roottime=88.490s load=1.00 rootload=1.00
ramon: poll                 wall=01m30.000s usage=01m29.969s user=01m29.490s sys=00.479s mem=484MiB roottime=89.490s load=1.00 rootload=1.00
ramon: poll                 wall=01m31.000s usage=01m30.969s user=01m30.490s sys=00.479s mem=484MiB roottime=90.490s load=1.00 rootload=1.00
ramon: poll                 wall=01m32.000s usage=01m31.969s user=01m31.490s sys=00.479s mem=484MiB roottime=91.490s load=1.00 rootload=1.00
ramon: poll                 wall=01m33.000s usage=01m32.969s user=01m32.490s sys=00.479s mem=484MiB roottime=92.490s load=1.00 rootload=1.00
ramon: poll                 wall=01m34.000s usage=01m33.969s user=01m33.490s sys=00.479s mem=485MiB roottime=93.490s load=1.00 rootload=1.00
ramon: poll                 wall=01m35.000s usage=01m34.969s user=01m34.490s sys=00.479s mem=485MiB roottime=94.490s load=1.00 rootload=1.00
ramon: poll                 wall=01m36.000s usage=01m35.969s user=01m35.490s sys=00.479s mem=485MiB roottime=95.490s load=1.00 rootload=1.00
ramon: poll                 wall=01m37.000s usage=01m36.969s user=01m36.490s sys=00.479s mem=485MiB roottime=96.490s load=1.00 rootload=1.00
ramon: poll                 wall=01m38.000s usage=01m37.969s user=01m37.489s sys=00.480s mem=485MiB roottime=97.480s load=1.00 rootload=0.99
ramon: poll                 wall=01m39.000s usage=01m38.968s user=01m38.487s sys=00.481s mem=485MiB roottime=98.480s load=1.00 rootload=1.00
ramon: poll                 wall=01m40.000s usage=01m39.968s user=01m39.487s sys=00.481s mem=485MiB roottime=99.480s load=1.00 rootload=1.00
ramon: poll                 wall=01m41.000s usage=01m40.968s user=01m40.485s sys=00.483s mem=485MiB roottime=100.480s load=1.00 rootload=1.00
ramon: poll                 wall=01m42.000s usage=01m41.968s user=01m41.484s sys=00.484s mem=485MiB roottime=101.480s load=1.00 rootload=1.00
ramon: poll                 wall=01m43.000s usage=01m42.968s user=01m42.484s sys=00.484s mem=485MiB roottime=102.480s load=1.00 rootload=1.00
ramon: poll                 wall=01m44.000s usage=01m43.968s user=01m43.484s sys=00.484s mem=485MiB roottime=103.480s load=1.00 rootload=1.00
ramon: poll                 wall=01m45.000s usage=01m44.968s user=01m44.484s sys=00.484s mem=485MiB roottime=104.480s load=1.00 rootload=1.00
ramon: poll                 wall=01m46.000s usage=01m45.968s user=01m45.484s sys=00.484s mem=485MiB roottime=105.480s load=1.00 rootload=1.00
ramon: poll                 wall=01m47.000s usage=01m46.968s user=01m46.483s sys=00.485s mem=485MiB roottime=106.480s load=1.00 rootload=1.00
ramon: poll                 wall=01m48.000s usage=01m47.968s user=01m47.483s sys=00.485s mem=485MiB roottime=107.480s load=1.00 rootload=1.00
ramon: poll                 wall=01m49.000s usage=01m48.967s user=01m48.482s sys=00.486s mem=486MiB roottime=108.480s load=1.00 rootload=1.00
ramon: poll                 wall=01m50.000s usage=01m49.968s user=01m49.481s sys=00.487s mem=486MiB roottime=109.480s load=1.00 rootload=1.00
ramon: poll                 wall=01m51.000s usage=01m50.968s user=01m50.480s sys=00.488s mem=486MiB roottime=110.470s load=1.00 rootload=0.99
ramon: poll                 wall=01m52.000s usage=01m51.967s user=01m51.479s sys=00.488s mem=486MiB roottime=111.470s load=1.00 rootload=1.00
ramon: poll                 wall=01m53.000s usage=01m52.967s user=01m52.479s sys=00.488s mem=486MiB roottime=112.470s load=1.00 rootload=1.00
ramon: poll                 wall=01m54.000s usage=01m53.967s user=01m53.479s sys=00.488s mem=486MiB roottime=113.470s load=1.00 rootload=1.00
ramon: poll                 wall=01m55.000s usage=01m54.967s user=01m54.478s sys=00.489s mem=486MiB roottime=114.470s load=1.00 rootload=1.00
ramon: poll                 wall=01m56.000s usage=01m55.967s user=01m55.477s sys=00.490s mem=486MiB roottime=115.470s load=1.00 rootload=1.00
ramon: poll                 wall=01m57.000s usage=01m56.966s user=01m56.477s sys=00.490s mem=487MiB roottime=116.470s load=1.00 rootload=1.00
ramon: poll                 wall=01m58.000s usage=01m57.966s user=01m57.476s sys=00.490s mem=487MiB roottime=117.470s load=1.00 rootload=1.00
ramon: poll                 wall=01m59.000s usage=01m58.966s user=01m58.475s sys=00.491s mem=487MiB roottime=118.470s load=1.00 rootload=1.00
ramon: poll                 wall=02m00.000s usage=01m59.966s user=01m59.475s sys=00.491s mem=487MiB roottime=119.470s load=1.00 rootload=1.00
ramon: poll                 wall=02m01.000s usage=02m00.966s user=02m00.475s sys=00.491s mem=487MiB roottime=120.470s load=1.00 rootload=1.00
ramon: poll                 wall=02m02.000s usage=02m01.966s user=02m01.475s sys=00.491s mem=487MiB roottime=121.470s load=1.00 rootload=1.00
ramon: poll                 wall=02m03.000s usage=02m02.966s user=02m02.475s sys=00.491s mem=487MiB roottime=122.470s load=1.00 rootload=1.00
ramon: poll                 wall=02m04.000s usage=02m03.966s user=02m03.475s sys=00.491s mem=487MiB roottime=123.470s load=1.00 rootload=1.00
ramon: poll                 wall=02m05.000s usage=02m04.966s user=02m04.475s sys=00.491s mem=487MiB roottime=124.470s load=1.00 rootload=1.00
ramon: poll                 wall=02m06.000s usage=02m05.965s user=02m05.475s sys=00.491s mem=487MiB roottime=125.470s load=1.00 rootload=1.00
ramon: poll                 wall=02m07.000s usage=02m06.965s user=02m06.474s sys=00.491s mem=488MiB roottime=126.470s load=1.00 rootload=1.00
ramon: poll                 wall=02m08.000s usage=02m07.965s user=02m07.474s sys=00.491s mem=488MiB roottime=127.470s load=1.00 rootload=1.00
ramon: poll                 wall=02m09.000s usage=02m08.965s user=02m08.474s sys=00.491s mem=488MiB roottime=128.470s load=1.00 rootload=1.00
ramon: poll                 wall=02m10.000s usage=02m09.965s user=02m09.474s sys=00.491s mem=488MiB roottime=129.470s load=1.00 rootload=1.00
ramon: poll                 wall=02m11.000s usage=02m10.965s user=02m10.473s sys=00.492s mem=488MiB roottime=130.470s load=1.00 rootload=1.00
ramon: poll                 wall=02m12.000s usage=02m11.965s user=02m11.472s sys=00.493s mem=488MiB roottime=131.470s load=1.00 rootload=1.00
ramon: poll                 wall=02m13.000s usage=02m12.965s user=02m12.472s sys=00.493s mem=488MiB roottime=132.470s load=1.00 rootload=1.00
ramon: poll                 wall=02m14.000s usage=02m13.965s user=02m13.472s sys=00.493s mem=488MiB roottime=133.470s load=1.00 rootload=1.00
ramon: poll                 wall=02m15.000s usage=02m14.964s user=02m14.471s sys=00.493s mem=488MiB roottime=134.470s load=1.00 rootload=1.00
ramon: poll                 wall=02m16.000s usage=02m15.964s user=02m15.471s sys=00.493s mem=488MiB roottime=135.470s load=1.00 rootload=1.00
ramon: poll                 wall=02m17.000s usage=02m16.964s user=02m16.470s sys=00.494s mem=488MiB roottime=136.470s load=1.00 rootload=1.00
ramon: poll                 wall=02m18.000s usage=02m17.964s user=02m17.470s sys=00.494s mem=488MiB roottime=137.470s load=1.00 rootload=1.00
ramon: poll                 wall=02m19.000s usage=02m18.964s user=02m18.470s sys=00.494s mem=488MiB roottime=138.470s load=1.00 rootload=1.00
ramon: poll                 wall=02m20.000s usage=02m19.964s user=02m19.470s sys=00.494s mem=488MiB roottime=139.470s load=1.00 rootload=1.00
ramon: poll                 wall=02m21.000s usage=02m20.964s user=02m20.470s sys=00.494s mem=489MiB roottime=140.470s load=1.00 rootload=1.00
ramon: poll                 wall=02m22.000s usage=02m21.964s user=02m21.470s sys=00.494s mem=489MiB roottime=141.470s load=1.00 rootload=1.00
ramon: poll                 wall=02m23.000s usage=02m22.963s user=02m22.470s sys=00.494s mem=489MiB roottime=142.460s load=1.00 rootload=0.99
ramon: poll                 wall=02m24.000s usage=02m23.964s user=02m23.470s sys=00.494s mem=489MiB roottime=143.460s load=1.00 rootload=1.00
ramon: poll                 wall=02m25.000s usage=02m24.963s user=02m24.469s sys=00.494s mem=489MiB roottime=144.460s load=1.00 rootload=1.00
ramon: poll                 wall=02m26.000s usage=02m25.963s user=02m25.469s sys=00.494s mem=489MiB roottime=145.460s load=1.00 rootload=1.00
ramon: poll                 wall=02m27.000s usage=02m26.963s user=02m26.469s sys=00.494s mem=489MiB roottime=146.460s load=1.00 rootload=1.00
ramon: poll                 wall=02m28.000s usage=02m27.963s user=02m27.469s sys=00.494s mem=489MiB roottime=147.460s load=1.00 rootload=1.00
ramon: poll                 wall=02m29.000s usage=02m28.963s user=02m28.469s sys=00.494s mem=489MiB roottime=148.460s load=1.00 rootload=1.00
ramon: poll                 wall=02m30.000s usage=02m29.963s user=02m29.469s sys=00.494s mem=489MiB roottime=149.460s load=1.00 rootload=1.00
ramon: poll                 wall=02m31.000s usage=02m30.963s user=02m30.469s sys=00.494s mem=489MiB roottime=150.460s load=1.00 rootload=1.00
ramon: poll                 wall=02m32.000s usage=02m31.962s user=02m31.469s sys=00.494s mem=489MiB roottime=151.460s load=1.00 rootload=1.00
ramon: poll                 wall=02m33.000s usage=02m32.962s user=02m32.468s sys=00.494s mem=489MiB roottime=152.460s load=1.00 rootload=1.00
ramon: poll                 wall=02m34.000s usage=02m33.962s user=02m33.468s sys=00.494s mem=489MiB roottime=153.460s load=1.00 rootload=1.00
ramon: poll                 wall=02m35.000s usage=02m34.962s user=02m34.468s sys=00.494s mem=489MiB roottime=154.460s load=1.00 rootload=1.00
ramon: poll                 wall=02m36.000s usage=02m35.963s user=02m35.469s sys=00.494s mem=489MiB roottime=155.460s load=1.00 rootload=1.00
ramon: poll                 wall=02m37.000s usage=02m36.962s user=02m36.468s sys=00.494s mem=489MiB roottime=156.460s load=1.00 rootload=1.00
ramon: poll                 wall=02m38.000s usage=02m37.962s user=02m37.468s sys=00.494s mem=489MiB roottime=157.460s load=1.00 rootload=1.00
ramon: poll                 wall=02m39.000s usage=02m38.962s user=02m38.468s sys=00.494s mem=489MiB roottime=158.460s load=1.00 rootload=1.00
ramon: poll                 wall=02m40.000s usage=02m39.962s user=02m39.468s sys=00.494s mem=489MiB roottime=159.460s load=1.00 rootload=1.00
ramon: poll                 wall=02m41.000s usage=02m40.962s user=02m40.468s sys=00.494s mem=489MiB roottime=160.460s load=1.00 rootload=1.00
ramon: poll                 wall=02m42.000s usage=02m41.961s user=02m41.468s sys=00.494s mem=489MiB roottime=161.460s load=1.00 rootload=1.00
ramon: poll                 wall=02m43.000s usage=02m42.961s user=02m42.467s sys=00.494s mem=489MiB roottime=162.460s load=1.00 rootload=1.00
ramon: poll                 wall=02m44.000s usage=02m43.961s user=02m43.467s sys=00.494s mem=489MiB roottime=163.460s load=1.00 rootload=1.00
ramon: poll                 wall=02m45.000s usage=02m44.961s user=02m44.467s sys=00.494s mem=489MiB roottime=164.460s load=1.00 rootload=1.00
ramon: poll                 wall=02m46.000s usage=02m45.962s user=02m45.468s sys=00.494s mem=489MiB roottime=165.460s load=1.00 rootload=1.00
ramon: poll                 wall=02m47.000s usage=02m46.961s user=02m46.467s sys=00.494s mem=489MiB roottime=166.460s load=1.00 rootload=1.00
ramon: poll                 wall=02m48.000s usage=02m47.962s user=02m47.468s sys=00.494s mem=489MiB roottime=167.460s load=1.00 rootload=1.00
ramon: poll                 wall=02m49.000s usage=02m48.961s user=02m48.467s sys=00.494s mem=490MiB roottime=168.460s load=1.00 rootload=1.00
ramon: poll                 wall=02m50.000s usage=02m49.961s user=02m49.467s sys=00.494s mem=490MiB roottime=169.460s load=1.00 rootload=1.00
ramon: poll                 wall=02m51.000s usage=02m50.961s user=02m50.467s sys=00.494s mem=490MiB roottime=170.460s load=1.00 rootload=1.00
ramon: poll                 wall=02m52.000s usage=02m51.962s user=02m51.468s sys=00.494s mem=490MiB roottime=171.460s load=1.00 rootload=1.00
ramon: poll                 wall=02m53.000s usage=02m52.961s user=02m52.467s sys=00.494s mem=490MiB roottime=172.460s load=1.00 rootload=1.00
ramon: poll                 wall=02m54.000s usage=02m53.960s user=02m53.467s sys=00.494s mem=490MiB roottime=173.460s load=1.00 rootload=1.00
ramon: poll                 wall=02m55.000s usage=02m54.960s user=02m54.466s sys=00.494s mem=490MiB roottime=174.460s load=1.00 rootload=1.00
ramon: poll                 wall=02m56.000s usage=02m55.960s user=02m55.466s sys=00.494s mem=490MiB roottime=175.460s load=1.00 rootload=1.00
ramon: poll                 wall=02m57.000s usage=02m56.960s user=02m56.466s sys=00.494s mem=490MiB roottime=176.460s load=1.00 rootload=1.00
ramon: poll                 wall=02m58.000s usage=02m57.960s user=02m57.466s sys=00.494s mem=490MiB roottime=177.460s load=1.00 rootload=1.00
ramon: poll                 wall=02m59.000s usage=02m58.960s user=02m58.466s sys=00.494s mem=490MiB roottime=178.460s load=1.00 rootload=1.00
ramon: poll                 wall=03m00.000s usage=02m59.960s user=02m59.466s sys=00.494s mem=490MiB roottime=179.460s load=1.00 rootload=1.00
ramon: poll                 wall=03m01.000s usage=03m00.960s user=03m00.466s sys=00.494s mem=490MiB roottime=180.460s load=1.00 rootload=1.00
ramon: poll                 wall=03m02.000s usage=03m01.960s user=03m01.466s sys=00.494s mem=490MiB roottime=181.460s load=1.00 rootload=1.00
ramon: poll                 wall=03m03.000s usage=03m02.960s user=03m02.466s sys=00.494s mem=490MiB roottime=182.460s load=1.00 rootload=1.00
ramon: poll                 wall=03m04.000s usage=03m03.959s user=03m03.466s sys=00.494s mem=490MiB roottime=183.460s load=1.00 rootload=1.00
ramon: poll                 wall=03m05.000s usage=03m04.959s user=03m04.464s sys=00.495s mem=490MiB roottime=184.460s load=1.00 rootload=1.00
ramon: poll                 wall=03m06.000s usage=03m05.959s user=03m05.463s sys=00.496s mem=490MiB roottime=185.460s load=1.00 rootload=1.00
ramon: poll                 wall=03m07.000s usage=03m06.959s user=03m06.463s sys=00.496s mem=491MiB roottime=186.460s load=1.00 rootload=1.00
ramon: poll                 wall=03m08.000s usage=03m07.959s user=03m07.463s sys=00.496s mem=491MiB roottime=187.460s load=1.00 rootload=1.00
ramon: poll                 wall=03m09.000s usage=03m08.959s user=03m08.463s sys=00.496s mem=491MiB roottime=188.460s load=1.00 rootload=1.00
ramon: poll                 wall=03m10.000s usage=03m09.959s user=03m09.463s sys=00.496s mem=491MiB roottime=189.460s load=1.00 rootload=1.00
ramon: poll                 wall=03m11.000s usage=03m10.959s user=03m10.463s sys=00.496s mem=491MiB roottime=190.460s load=1.00 rootload=1.00
ramon: poll                 wall=03m12.000s usage=03m11.959s user=03m11.463s sys=00.496s mem=491MiB roottime=191.460s load=1.00 rootload=1.00
ramon: poll                 wall=03m13.000s usage=03m12.958s user=03m12.463s sys=00.496s mem=491MiB roottime=192.460s load=1.00 rootload=1.00
ramon: poll                 wall=03m14.000s usage=03m13.958s user=03m13.462s sys=00.496s mem=491MiB roottime=193.460s load=1.00 rootload=1.00
ramon: poll                 wall=03m15.000s usage=03m14.958s user=03m14.462s sys=00.496s mem=491MiB roottime=194.460s load=1.00 rootload=1.00
ramon: poll                 wall=03m16.000s usage=03m15.958s user=03m15.462s sys=00.496s mem=491MiB roottime=195.460s load=1.00 rootload=1.00
ramon: poll                 wall=03m17.000s usage=03m16.958s user=03m16.462s sys=00.496s mem=491MiB roottime=196.460s load=1.00 rootload=1.00
ramon: poll                 wall=03m18.000s usage=03m17.958s user=03m17.462s sys=00.496s mem=491MiB roottime=197.460s load=1.00 rootload=1.00
ramon: poll                 wall=03m19.000s usage=03m18.958s user=03m18.462s sys=00.496s mem=491MiB roottime=198.460s load=1.00 rootload=1.00
ramon: poll                 wall=03m20.000s usage=03m19.958s user=03m19.462s sys=00.496s mem=491MiB roottime=199.460s load=1.00 rootload=1.00
ramon: poll                 wall=03m21.000s usage=03m20.957s user=03m20.462s sys=00.496s mem=491MiB roottime=200.460s load=1.00 rootload=1.00
ramon: poll                 wall=03m22.000s usage=03m21.957s user=03m21.461s sys=00.496s mem=491MiB roottime=201.460s load=1.00 rootload=1.00
ramon: poll                 wall=03m23.000s usage=03m22.957s user=03m22.461s sys=00.496s mem=491MiB roottime=202.460s load=1.00 rootload=1.00
ramon: poll                 wall=03m24.000s usage=03m23.957s user=03m23.461s sys=00.496s mem=491MiB roottime=203.460s load=1.00 rootload=1.00
ramon: poll                 wall=03m25.000s usage=03m24.957s user=03m24.461s sys=00.496s mem=491MiB roottime=204.460s load=1.00 rootload=1.00
ramon: poll                 wall=03m26.000s usage=03m25.957s user=03m25.461s sys=00.496s mem=491MiB roottime=205.460s load=1.00 rootload=1.00
ramon: poll                 wall=03m27.000s usage=03m26.956s user=03m26.460s sys=00.496s mem=491MiB roottime=206.460s load=1.00 rootload=1.00
ramon: poll                 wall=03m28.000s usage=03m27.956s user=03m27.460s sys=00.496s mem=491MiB roottime=207.460s load=1.00 rootload=1.00
ramon: poll                 wall=03m29.000s usage=03m28.956s user=03m28.460s sys=00.496s mem=491MiB roottime=208.460s load=1.00 rootload=1.00
ramon: poll                 wall=03m30.000s usage=03m29.956s user=03m29.460s sys=00.496s mem=491MiB roottime=209.460s load=1.00 rootload=1.00
ramon: poll                 wall=03m31.000s usage=03m30.956s user=03m30.460s sys=00.496s mem=491MiB roottime=210.460s load=1.00 rootload=1.00
ramon: poll                 wall=03m32.000s usage=03m31.956s user=03m31.460s sys=00.496s mem=491MiB roottime=211.460s load=1.00 rootload=1.00
ramon: poll                 wall=03m33.000s usage=03m32.956s user=03m32.460s sys=00.496s mem=491MiB roottime=212.460s load=1.00 rootload=1.00
ramon: poll                 wall=03m34.000s usage=03m33.956s user=03m33.459s sys=00.497s mem=491MiB roottime=213.450s load=1.00 rootload=0.99
ramon: poll                 wall=03m35.000s usage=03m34.956s user=03m34.459s sys=00.497s mem=491MiB roottime=214.450s load=1.00 rootload=1.00
ramon: poll                 wall=03m36.000s usage=03m35.956s user=03m35.459s sys=00.497s mem=491MiB roottime=215.450s load=1.00 rootload=1.00
ramon: poll                 wall=03m37.000s usage=03m36.955s user=03m36.458s sys=00.497s mem=491MiB roottime=216.450s load=1.00 rootload=1.00
ramon: poll                 wall=03m38.000s usage=03m37.955s user=03m37.458s sys=00.497s mem=491MiB roottime=217.450s load=1.00 rootload=1.00
ramon: poll                 wall=03m39.000s usage=03m38.955s user=03m38.458s sys=00.497s mem=492MiB roottime=218.450s load=1.00 rootload=1.00
ramon: poll                 wall=03m40.000s usage=03m39.955s user=03m39.458s sys=00.497s mem=492MiB roottime=219.450s load=1.00 rootload=1.00
ramon: poll                 wall=03m41.000s usage=03m40.955s user=03m40.458s sys=00.497s mem=491MiB roottime=220.450s load=1.00 rootload=1.00
ramon: poll                 wall=03m42.000s usage=03m41.955s user=03m41.458s sys=00.497s mem=491MiB roottime=221.450s load=1.00 rootload=1.00
ramon: poll                 wall=03m43.000s usage=03m42.955s user=03m42.458s sys=00.497s mem=491MiB roottime=222.450s load=1.00 rootload=1.00
ramon: poll                 wall=03m44.000s usage=03m43.954s user=03m43.457s sys=00.497s mem=491MiB roottime=223.450s load=1.00 rootload=1.00
ramon: poll                 wall=03m45.000s usage=03m44.954s user=03m44.457s sys=00.497s mem=491MiB roottime=224.450s load=1.00 rootload=1.00
ramon: poll                 wall=03m46.000s usage=03m45.954s user=03m45.457s sys=00.497s mem=491MiB roottime=225.450s load=1.00 rootload=1.00
ramon: poll                 wall=03m47.000s usage=03m46.954s user=03m46.457s sys=00.497s mem=491MiB roottime=226.450s load=1.00 rootload=1.00
ramon: poll                 wall=03m48.000s usage=03m47.954s user=03m47.457s sys=00.497s mem=491MiB roottime=227.450s load=1.00 rootload=1.00
ramon: poll                 wall=03m49.000s usage=03m48.954s user=03m48.457s sys=00.497s mem=491MiB roottime=228.450s load=1.00 rootload=1.00
ramon: poll                 wall=03m50.000s usage=03m49.953s user=03m49.456s sys=00.497s mem=491MiB roottime=229.450s load=1.00 rootload=1.00
ramon: poll                 wall=03m51.000s usage=03m50.953s user=03m50.456s sys=00.497s mem=491MiB roottime=230.450s load=1.00 rootload=1.00
ramon: poll                 wall=03m52.000s usage=03m51.953s user=03m51.456s sys=00.497s mem=492MiB roottime=231.450s load=1.00 rootload=1.00
ramon: poll                 wall=03m53.000s usage=03m52.953s user=03m52.456s sys=00.497s mem=492MiB roottime=232.450s load=1.00 rootload=1.00
ramon: poll                 wall=03m54.000s usage=03m53.953s user=03m53.456s sys=00.497s mem=492MiB roottime=233.450s load=1.00 rootload=1.00
ramon: poll                 wall=03m55.000s usage=03m54.953s user=03m54.456s sys=00.497s mem=492MiB roottime=234.450s load=1.00 rootload=1.00
ramon: poll                 wall=03m56.000s usage=03m55.953s user=03m55.456s sys=00.497s mem=492MiB roottime=235.450s load=1.00 rootload=1.00
ramon: poll                 wall=03m57.000s usage=03m56.953s user=03m56.456s sys=00.497s mem=492MiB roottime=236.450s load=1.00 rootload=1.00
ramon: poll                 wall=03m58.000s usage=03m57.952s user=03m57.456s sys=00.497s mem=492MiB roottime=237.450s load=1.00 rootload=1.00
ramon: poll                 wall=03m59.000s usage=03m58.952s user=03m58.455s sys=00.497s mem=492MiB roottime=238.450s load=1.00 rootload=1.00
ramon: poll                 wall=04m00.000s usage=03m59.952s user=03m59.455s sys=00.497s mem=492MiB roottime=239.450s load=1.00 rootload=1.00
ramon: poll                 wall=04m01.000s usage=04m00.952s user=04m00.455s sys=00.497s mem=492MiB roottime=240.450s load=1.00 rootload=1.00
ramon: poll                 wall=04m02.000s usage=04m01.952s user=04m01.454s sys=00.498s mem=492MiB roottime=241.450s load=1.00 rootload=1.00
ramon: poll                 wall=04m03.000s usage=04m02.952s user=04m02.454s sys=00.498s mem=492MiB roottime=242.450s load=1.00 rootload=1.00
ramon: poll                 wall=04m04.000s usage=04m03.952s user=04m03.453s sys=00.499s mem=492MiB roottime=243.450s load=1.00 rootload=1.00
ramon: poll                 wall=04m05.000s usage=04m04.952s user=04m04.453s sys=00.499s mem=492MiB roottime=244.450s load=1.00 rootload=1.00
ramon: poll                 wall=04m06.000s usage=04m05.952s user=04m05.452s sys=00.500s mem=492MiB roottime=245.450s load=1.00 rootload=1.00
ramon: poll                 wall=04m07.000s usage=04m06.952s user=04m06.452s sys=00.500s mem=492MiB roottime=246.450s load=1.00 rootload=1.00
ramon: poll                 wall=04m08.000s usage=04m07.951s user=04m07.451s sys=00.501s mem=493MiB roottime=247.450s load=1.00 rootload=1.00
ramon: poll                 wall=04m09.000s usage=04m08.951s user=04m08.450s sys=00.501s mem=493MiB roottime=248.450s load=1.00 rootload=1.00
ramon: poll                 wall=04m10.000s usage=04m09.951s user=04m09.450s sys=00.501s mem=493MiB roottime=249.450s load=1.00 rootload=1.00
ramon: poll                 wall=04m11.000s usage=04m10.951s user=04m10.450s sys=00.501s mem=493MiB roottime=250.450s load=1.00 rootload=1.00
ramon: poll                 wall=04m12.000s usage=04m11.951s user=04m11.450s sys=00.501s mem=493MiB roottime=251.450s load=1.00 rootload=1.00
ramon: poll                 wall=04m13.000s usage=04m12.951s user=04m12.450s sys=00.501s mem=493MiB roottime=252.450s load=1.00 rootload=1.00
ramon: poll                 wall=04m14.000s usage=04m13.951s user=04m13.450s sys=00.501s mem=493MiB roottime=253.450s load=1.00 rootload=1.00
ramon: poll                 wall=04m15.000s usage=04m14.951s user=04m14.450s sys=00.501s mem=493MiB roottime=254.450s load=1.00 rootload=1.00
ramon: poll                 wall=04m16.000s usage=04m15.951s user=04m15.450s sys=00.501s mem=493MiB roottime=255.450s load=1.00 rootload=1.00
ramon: poll                 wall=04m17.000s usage=04m16.950s user=04m16.450s sys=00.501s mem=493MiB roottime=256.440s load=1.00 rootload=0.99
ramon: poll                 wall=04m18.000s usage=04m17.950s user=04m17.449s sys=00.501s mem=493MiB roottime=257.440s load=1.00 rootload=1.00
ramon: poll                 wall=04m19.000s usage=04m18.950s user=04m18.449s sys=00.501s mem=493MiB roottime=258.440s load=1.00 rootload=1.00
ramon: poll                 wall=04m20.000s usage=04m19.950s user=04m19.449s sys=00.501s mem=493MiB roottime=259.440s load=1.00 rootload=1.00
ramon: poll                 wall=04m21.000s usage=04m20.950s user=04m20.449s sys=00.501s mem=493MiB roottime=260.440s load=1.00 rootload=1.00
ramon: poll                 wall=04m22.000s usage=04m21.950s user=04m21.449s sys=00.501s mem=493MiB roottime=261.440s load=1.00 rootload=1.00
ramon: poll                 wall=04m23.000s usage=04m22.950s user=04m22.449s sys=00.501s mem=493MiB roottime=262.440s load=1.00 rootload=1.00
ramon: poll                 wall=04m24.000s usage=04m23.949s user=04m23.448s sys=00.501s mem=493MiB roottime=263.440s load=1.00 rootload=1.00
ramon: poll                 wall=04m25.000s usage=04m24.950s user=04m24.449s sys=00.501s mem=493MiB roottime=264.440s load=1.00 rootload=1.00
ramon: poll                 wall=04m26.000s usage=04m25.949s user=04m25.448s sys=00.501s mem=493MiB roottime=265.440s load=1.00 rootload=1.00
ramon: poll                 wall=04m27.000s usage=04m26.949s user=04m26.448s sys=00.501s mem=493MiB roottime=266.440s load=1.00 rootload=1.00
ramon: poll                 wall=04m28.000s usage=04m27.949s user=04m27.448s sys=00.501s mem=493MiB roottime=267.440s load=1.00 rootload=1.00
ramon: poll                 wall=04m29.000s usage=04m28.949s user=04m28.448s sys=00.501s mem=493MiB roottime=268.440s load=1.00 rootload=1.00
ramon: poll                 wall=04m30.000s usage=04m29.949s user=04m29.448s sys=00.501s mem=493MiB roottime=269.440s load=1.00 rootload=1.00
ramon: poll                 wall=04m31.000s usage=04m30.949s user=04m30.448s sys=00.501s mem=493MiB roottime=270.440s load=1.00 rootload=1.00
ramon: poll                 wall=04m32.000s usage=04m31.949s user=04m31.448s sys=00.501s mem=493MiB roottime=271.440s load=1.00 rootload=1.00
ramon: poll                 wall=04m33.000s usage=04m32.949s user=04m32.448s sys=00.501s mem=493MiB roottime=272.440s load=1.00 rootload=1.00
ramon: poll                 wall=04m34.000s usage=04m33.948s user=04m33.447s sys=00.501s mem=493MiB roottime=273.440s load=1.00 rootload=1.00
ramon: poll                 wall=04m35.000s usage=04m34.948s user=04m34.447s sys=00.501s mem=493MiB roottime=274.440s load=1.00 rootload=1.00
ramon: poll                 wall=04m36.000s usage=04m35.948s user=04m35.447s sys=00.501s mem=493MiB roottime=275.440s load=1.00 rootload=1.00
ramon: poll                 wall=04m37.000s usage=04m36.949s user=04m36.448s sys=00.501s mem=493MiB roottime=276.440s load=1.00 rootload=1.00
ramon: poll                 wall=04m38.000s usage=04m37.948s user=04m37.448s sys=00.501s mem=493MiB roottime=277.440s load=1.00 rootload=1.00
ramon: poll                 wall=04m39.000s usage=04m38.947s user=04m38.446s sys=00.501s mem=493MiB roottime=278.440s load=1.00 rootload=1.00
ramon: poll                 wall=04m40.000s usage=04m39.948s user=04m39.447s sys=00.501s mem=493MiB roottime=279.440s load=1.00 rootload=1.00
ramon: poll                 wall=04m41.000s usage=04m40.948s user=04m40.447s sys=00.501s mem=493MiB roottime=280.440s load=1.00 rootload=1.00
ramon: poll                 wall=04m42.000s usage=04m41.947s user=04m41.446s sys=00.501s mem=493MiB roottime=281.440s load=1.00 rootload=1.00
ramon: poll                 wall=04m43.000s usage=04m42.948s user=04m42.447s sys=00.501s mem=493MiB roottime=282.440s load=1.00 rootload=1.00
ramon: poll                 wall=04m44.000s usage=04m43.948s user=04m43.447s sys=00.501s mem=493MiB roottime=283.440s load=1.00 rootload=1.00
ramon: poll                 wall=04m45.000s usage=04m44.947s user=04m44.447s sys=00.501s mem=493MiB roottime=284.440s load=1.00 rootload=1.00
ramon: poll                 wall=04m46.000s usage=04m45.947s user=04m45.446s sys=00.501s mem=493MiB roottime=285.440s load=1.00 rootload=1.00
ramon: poll                 wall=04m47.000s usage=04m46.947s user=04m46.446s sys=00.501s mem=493MiB roottime=286.440s load=1.00 rootload=1.00
ramon: poll                 wall=04m48.000s usage=04m47.946s user=04m47.445s sys=00.501s mem=493MiB roottime=287.440s load=1.00 rootload=1.00
ramon: poll                 wall=04m49.000s usage=04m48.947s user=04m48.446s sys=00.501s mem=493MiB roottime=288.440s load=1.00 rootload=1.00
ramon: poll                 wall=04m50.000s usage=04m49.946s user=04m49.445s sys=00.501s mem=493MiB roottime=289.440s load=1.00 rootload=1.00
ramon: poll                 wall=04m51.000s usage=04m50.947s user=04m50.445s sys=00.502s mem=493MiB roottime=290.440s load=1.00 rootload=1.00
ramon: poll                 wall=04m52.000s usage=04m51.946s user=04m51.444s sys=00.502s mem=493MiB roottime=291.440s load=1.00 rootload=1.00
ramon: poll                 wall=04m53.000s usage=04m52.946s user=04m52.444s sys=00.502s mem=493MiB roottime=292.440s load=1.00 rootload=1.00
ramon: poll                 wall=04m54.000s usage=04m53.946s user=04m53.444s sys=00.502s mem=493MiB roottime=293.440s load=1.00 rootload=1.00
ramon: poll                 wall=04m55.000s usage=04m54.946s user=04m54.444s sys=00.502s mem=493MiB roottime=294.440s load=1.00 rootload=1.00
ramon: poll                 wall=04m56.000s usage=04m55.945s user=04m55.443s sys=00.502s mem=493MiB roottime=295.440s load=1.00 rootload=1.00
ramon: poll                 wall=04m57.000s usage=04m56.945s user=04m56.442s sys=00.503s mem=493MiB roottime=296.440s load=1.00 rootload=1.00
ramon: poll                 wall=04m58.000s usage=04m57.945s user=04m57.442s sys=00.503s mem=493MiB roottime=297.440s load=1.00 rootload=1.00
ramon: poll                 wall=04m59.000s usage=04m58.945s user=04m58.439s sys=00.506s mem=494MiB roottime=298.430s load=1.00 rootload=0.99
ramon: poll                 wall=05m00.000s usage=04m59.944s user=04m59.438s sys=00.506s mem=494MiB roottime=299.430s load=1.00 rootload=1.00
ramon: poll                 wall=05m01.000s usage=05m00.944s user=05m00.438s sys=00.506s mem=494MiB roottime=300.430s load=1.00 rootload=1.00
ramon: poll                 wall=05m02.000s usage=05m01.944s user=05m01.438s sys=00.506s mem=494MiB roottime=301.430s load=1.00 rootload=1.00
ramon: poll                 wall=05m03.000s usage=05m02.945s user=05m02.439s sys=00.506s mem=494MiB roottime=302.430s load=1.00 rootload=1.00
ramon: poll                 wall=05m04.000s usage=05m03.945s user=05m03.439s sys=00.506s mem=494MiB roottime=303.430s load=1.00 rootload=1.00
ramon: poll                 wall=05m05.000s usage=05m04.943s user=05m04.438s sys=00.506s mem=494MiB roottime=304.430s load=1.00 rootload=1.00
ramon: poll                 wall=05m06.000s usage=05m05.944s user=05m05.438s sys=00.506s mem=494MiB roottime=305.430s load=1.00 rootload=1.00
ramon: poll                 wall=05m07.000s usage=05m06.943s user=05m06.437s sys=00.506s mem=494MiB roottime=306.430s load=1.00 rootload=1.00
ramon: poll                 wall=05m08.000s usage=05m07.944s user=05m07.438s sys=00.506s mem=494MiB roottime=307.430s load=1.00 rootload=1.00
ramon: poll                 wall=05m09.000s usage=05m08.944s user=05m08.438s sys=00.506s mem=494MiB roottime=308.430s load=1.00 rootload=1.00
ramon: poll                 wall=05m10.000s usage=05m09.943s user=05m09.437s sys=00.507s mem=494MiB roottime=309.430s load=1.00 rootload=1.00
ramon: poll                 wall=05m11.000s usage=05m10.943s user=05m10.436s sys=00.507s mem=494MiB roottime=310.430s load=1.00 rootload=1.00
ramon: poll                 wall=05m12.000s usage=05m11.943s user=05m11.436s sys=00.507s mem=494MiB roottime=311.430s load=1.00 rootload=1.00
ramon: poll                 wall=05m13.000s usage=05m12.942s user=05m12.433s sys=00.509s mem=494MiB roottime=312.430s load=1.00 rootload=1.00
ramon: poll                 wall=05m14.000s usage=05m13.943s user=05m13.434s sys=00.509s mem=494MiB roottime=313.430s load=1.00 rootload=1.00
ramon: poll                 wall=05m15.000s usage=05m14.942s user=05m14.432s sys=00.510s mem=494MiB roottime=314.430s load=1.00 rootload=1.00
ramon: poll                 wall=05m16.000s usage=05m15.942s user=05m15.432s sys=00.510s mem=494MiB roottime=315.430s load=1.00 rootload=1.00
ramon: poll                 wall=05m17.000s usage=05m16.941s user=05m16.432s sys=00.510s mem=494MiB roottime=316.430s load=1.00 rootload=1.00
ramon: poll                 wall=05m18.000s usage=05m17.941s user=05m17.431s sys=00.510s mem=494MiB roottime=317.430s load=1.00 rootload=1.00
ramon: poll                 wall=05m19.000s usage=05m18.941s user=05m18.431s sys=00.510s mem=494MiB roottime=318.430s load=1.00 rootload=1.00
ramon: poll                 wall=05m20.000s usage=05m19.941s user=05m19.431s sys=00.510s mem=494MiB roottime=319.430s load=1.00 rootload=1.00
ramon: poll                 wall=05m21.000s usage=05m20.942s user=05m20.432s sys=00.510s mem=494MiB roottime=320.430s load=1.00 rootload=1.00
ramon: poll                 wall=05m22.000s usage=05m21.942s user=05m21.432s sys=00.510s mem=494MiB roottime=321.430s load=1.00 rootload=1.00
ramon: poll                 wall=05m23.000s usage=05m22.942s user=05m22.432s sys=00.510s mem=494MiB roottime=322.430s load=1.00 rootload=1.00
ramon: poll                 wall=05m24.000s usage=05m23.941s user=05m23.431s sys=00.510s mem=494MiB roottime=323.430s load=1.00 rootload=1.00
ramon: poll                 wall=05m25.000s usage=05m24.941s user=05m24.431s sys=00.510s mem=494MiB roottime=324.430s load=1.00 rootload=1.00
ramon: poll                 wall=05m26.000s usage=05m25.941s user=05m25.431s sys=00.510s mem=494MiB roottime=325.430s load=1.00 rootload=1.00
ramon: poll                 wall=05m27.000s usage=05m26.941s user=05m26.431s sys=00.510s mem=494MiB roottime=326.430s load=1.00 rootload=1.00
ramon: poll                 wall=05m28.000s usage=05m27.940s user=05m27.430s sys=00.510s mem=494MiB roottime=327.430s load=1.00 rootload=1.00
ramon: poll                 wall=05m29.000s usage=05m28.941s user=05m28.431s sys=00.510s mem=495MiB roottime=328.430s load=1.00 rootload=1.00
ramon: poll                 wall=05m30.000s usage=05m29.940s user=05m29.430s sys=00.510s mem=495MiB roottime=329.420s load=1.00 rootload=0.99
ramon: poll                 wall=05m31.000s usage=05m30.940s user=05m30.430s sys=00.510s mem=495MiB roottime=330.420s load=1.00 rootload=1.00
ramon: poll                 wall=05m32.000s usage=05m31.940s user=05m31.429s sys=00.511s mem=495MiB roottime=331.420s load=1.00 rootload=1.00
ramon: poll                 wall=05m33.000s usage=05m32.940s user=05m32.428s sys=00.512s mem=495MiB roottime=332.420s load=1.00 rootload=1.00
ramon: poll                 wall=05m34.000s usage=05m33.940s user=05m33.428s sys=00.512s mem=495MiB roottime=333.420s load=1.00 rootload=1.00
ramon: poll                 wall=05m35.000s usage=05m34.940s user=05m34.428s sys=00.512s mem=495MiB roottime=334.420s load=1.00 rootload=1.00
ramon: poll                 wall=05m36.000s usage=05m35.939s user=05m35.426s sys=00.513s mem=495MiB roottime=335.420s load=1.00 rootload=1.00
ramon: poll                 wall=05m37.000s usage=05m36.939s user=05m36.424s sys=00.515s mem=495MiB roottime=336.420s load=1.00 rootload=1.00
ramon: poll                 wall=05m38.000s usage=05m37.939s user=05m37.424s sys=00.515s mem=495MiB roottime=337.420s load=1.00 rootload=1.00
ramon: poll                 wall=05m39.000s usage=05m38.939s user=05m38.423s sys=00.516s mem=495MiB roottime=338.420s load=1.00 rootload=1.00
ramon: poll                 wall=05m40.000s usage=05m39.939s user=05m39.423s sys=00.516s mem=495MiB roottime=339.420s load=1.00 rootload=1.00
ramon: poll                 wall=05m41.000s usage=05m40.938s user=05m40.422s sys=00.517s mem=495MiB roottime=340.420s load=1.00 rootload=1.00
ramon: poll                 wall=05m42.000s usage=05m41.938s user=05m41.421s sys=00.517s mem=495MiB roottime=341.420s load=1.00 rootload=1.00
ramon: poll                 wall=05m43.000s usage=05m42.937s user=05m42.420s sys=00.517s mem=495MiB roottime=342.420s load=1.00 rootload=1.00
ramon: poll                 wall=05m44.000s usage=05m43.937s user=05m43.420s sys=00.517s mem=495MiB roottime=343.420s load=1.00 rootload=1.00
ramon: poll                 wall=05m45.000s usage=05m44.937s user=05m44.420s sys=00.517s mem=495MiB roottime=344.420s load=1.00 rootload=1.00
ramon: poll                 wall=05m46.000s usage=05m45.937s user=05m45.420s sys=00.517s mem=495MiB roottime=345.420s load=1.00 rootload=1.00
ramon: poll                 wall=05m47.000s usage=05m46.937s user=05m46.420s sys=00.517s mem=495MiB roottime=346.420s load=1.00 rootload=1.00
ramon: poll                 wall=05m48.000s usage=05m47.937s user=05m47.420s sys=00.517s mem=495MiB roottime=347.420s load=1.00 rootload=1.00
ramon: poll                 wall=05m49.000s usage=05m48.937s user=05m48.420s sys=00.517s mem=495MiB roottime=348.410s load=1.00 rootload=0.99
ramon: poll                 wall=05m50.000s usage=05m49.936s user=05m49.419s sys=00.517s mem=495MiB roottime=349.410s load=1.00 rootload=1.00
ramon: poll                 wall=05m51.000s usage=05m50.937s user=05m50.420s sys=00.517s mem=495MiB roottime=350.410s load=1.00 rootload=1.00
ramon: poll                 wall=05m52.000s usage=05m51.936s user=05m51.419s sys=00.517s mem=495MiB roottime=351.410s load=1.00 rootload=1.00
ramon: poll                 wall=05m53.000s usage=05m52.936s user=05m52.419s sys=00.517s mem=495MiB roottime=352.410s load=1.00 rootload=1.00
ramon: poll                 wall=05m54.000s usage=05m53.936s user=05m53.419s sys=00.517s mem=495MiB roottime=353.410s load=1.00 rootload=1.00
ramon: poll                 wall=05m55.000s usage=05m54.936s user=05m54.419s sys=00.517s mem=495MiB roottime=354.410s load=1.00 rootload=1.00
ramon: poll                 wall=05m56.000s usage=05m55.936s user=05m55.419s sys=00.517s mem=495MiB roottime=355.410s load=1.00 rootload=1.00
ramon: poll                 wall=05m57.000s usage=05m56.937s user=05m56.420s sys=00.517s mem=495MiB roottime=356.410s load=1.00 rootload=1.00
ramon: poll                 wall=05m58.000s usage=05m57.936s user=05m57.419s sys=00.517s mem=495MiB roottime=357.410s load=1.00 rootload=1.00
ramon: poll                 wall=05m59.000s usage=05m58.936s user=05m58.419s sys=00.517s mem=495MiB roottime=358.410s load=1.00 rootload=1.00
ramon: poll                 wall=06m00.000s usage=05m59.936s user=05m59.419s sys=00.517s mem=495MiB roottime=359.410s load=1.00 rootload=1.00
ramon: poll                 wall=06m01.000s usage=06m00.937s user=06m00.420s sys=00.517s mem=495MiB roottime=360.410s load=1.00 rootload=1.00
ramon: poll                 wall=06m02.000s usage=06m01.935s user=06m01.419s sys=00.517s mem=495MiB roottime=361.410s load=1.00 rootload=1.00
ramon: poll                 wall=06m03.000s usage=06m02.935s user=06m02.418s sys=00.517s mem=495MiB roottime=362.410s load=1.00 rootload=1.00
ramon: poll                 wall=06m04.000s usage=06m03.935s user=06m03.418s sys=00.517s mem=495MiB roottime=363.410s load=1.00 rootload=1.00
ramon: poll                 wall=06m05.000s usage=06m04.935s user=06m04.418s sys=00.517s mem=495MiB roottime=364.410s load=1.00 rootload=1.00
ramon: poll                 wall=06m06.000s usage=06m05.935s user=06m05.418s sys=00.517s mem=495MiB roottime=365.410s load=1.00 rootload=1.00
ramon: poll                 wall=06m07.000s usage=06m06.935s user=06m06.418s sys=00.517s mem=495MiB roottime=366.410s load=1.00 rootload=1.00
ramon: poll                 wall=06m08.000s usage=06m07.935s user=06m07.418s sys=00.517s mem=495MiB roottime=367.410s load=1.00 rootload=1.00
ramon: poll                 wall=06m09.000s usage=06m08.935s user=06m08.418s sys=00.517s mem=495MiB roottime=368.410s load=1.00 rootload=1.00
ramon: poll                 wall=06m10.000s usage=06m09.935s user=06m09.418s sys=00.517s mem=495MiB roottime=369.410s load=1.00 rootload=1.00
ramon: poll                 wall=06m11.000s usage=06m10.935s user=06m10.418s sys=00.517s mem=495MiB roottime=370.410s load=1.00 rootload=1.00
ramon: poll                 wall=06m12.000s usage=06m11.936s user=06m11.419s sys=00.517s mem=495MiB roottime=371.410s load=1.00 rootload=1.00
ramon: poll                 wall=06m13.000s usage=06m12.936s user=06m12.419s sys=00.517s mem=495MiB roottime=372.410s load=1.00 rootload=1.00
ramon: poll                 wall=06m14.000s usage=06m13.935s user=06m13.418s sys=00.517s mem=495MiB roottime=373.410s load=1.00 rootload=1.00
ramon: poll                 wall=06m15.000s usage=06m14.935s user=06m14.418s sys=00.517s mem=495MiB roottime=374.410s load=1.00 rootload=1.00
ramon: poll                 wall=06m16.000s usage=06m15.934s user=06m15.418s sys=00.517s mem=495MiB roottime=375.410s load=1.00 rootload=1.00
ramon: poll                 wall=06m17.000s usage=06m16.934s user=06m16.417s sys=00.517s mem=495MiB roottime=376.410s load=1.00 rootload=1.00
ramon: poll                 wall=06m18.000s usage=06m17.935s user=06m17.418s sys=00.517s mem=495MiB roottime=377.410s load=1.00 rootload=1.00
ramon: poll                 wall=06m19.000s usage=06m18.934s user=06m18.417s sys=00.517s mem=495MiB roottime=378.410s load=1.00 rootload=1.00
ramon: poll                 wall=06m20.000s usage=06m19.935s user=06m19.415s sys=00.520s mem=495MiB roottime=379.410s load=1.00 rootload=1.00
ramon: poll                 wall=06m21.000s usage=06m20.934s user=06m20.413s sys=00.521s mem=496MiB roottime=380.410s load=1.00 rootload=1.00
ramon: poll                 wall=06m22.000s usage=06m21.934s user=06m21.412s sys=00.522s mem=496MiB roottime=381.410s load=1.00 rootload=1.00
ramon: poll                 wall=06m23.000s usage=06m22.934s user=06m22.412s sys=00.522s mem=496MiB roottime=382.410s load=1.00 rootload=1.00
ramon: poll                 wall=06m24.000s usage=06m23.933s user=06m23.410s sys=00.523s mem=496MiB roottime=383.410s load=1.00 rootload=1.00
ramon: poll                 wall=06m25.000s usage=06m24.933s user=06m24.409s sys=00.524s mem=496MiB roottime=384.400s load=1.00 rootload=0.99
ramon: poll                 wall=06m26.000s usage=06m25.933s user=06m25.409s sys=00.524s mem=496MiB roottime=385.400s load=1.00 rootload=1.00
ramon: poll                 wall=06m27.000s usage=06m26.933s user=06m26.409s sys=00.524s mem=496MiB roottime=386.400s load=1.00 rootload=1.00
ramon: poll                 wall=06m28.000s usage=06m27.933s user=06m27.409s sys=00.524s mem=496MiB roottime=387.400s load=1.00 rootload=1.00
ramon: poll                 wall=06m29.000s usage=06m28.934s user=06m28.409s sys=00.525s mem=496MiB roottime=388.400s load=1.00 rootload=1.00
ramon: poll                 wall=06m30.000s usage=06m29.933s user=06m29.408s sys=00.525s mem=496MiB roottime=389.400s load=1.00 rootload=1.00
ramon: poll                 wall=06m31.000s usage=06m30.933s user=06m30.408s sys=00.525s mem=497MiB roottime=390.400s load=1.00 rootload=1.00
ramon: poll                 wall=06m32.000s usage=06m31.932s user=06m31.407s sys=00.525s mem=497MiB roottime=391.400s load=1.00 rootload=1.00
ramon: poll                 wall=06m33.000s usage=06m32.932s user=06m32.407s sys=00.525s mem=497MiB roottime=392.400s load=1.00 rootload=1.00
ramon: poll                 wall=06m34.000s usage=06m33.932s user=06m33.407s sys=00.525s mem=497MiB roottime=393.400s load=1.00 rootload=1.00
ramon: poll                 wall=06m35.000s usage=06m34.933s user=06m34.408s sys=00.525s mem=497MiB roottime=394.400s load=1.00 rootload=1.00
ramon: poll                 wall=06m36.000s usage=06m35.933s user=06m35.408s sys=00.525s mem=497MiB roottime=395.400s load=1.00 rootload=1.00
ramon: poll                 wall=06m37.000s usage=06m36.933s user=06m36.408s sys=00.525s mem=497MiB roottime=396.400s load=1.00 rootload=1.00
ramon: poll                 wall=06m38.000s usage=06m37.932s user=06m37.407s sys=00.525s mem=497MiB roottime=397.400s load=1.00 rootload=1.00
ramon: poll                 wall=06m39.000s usage=06m38.932s user=06m38.407s sys=00.525s mem=497MiB roottime=398.400s load=1.00 rootload=1.00
ramon: poll                 wall=06m40.000s usage=06m39.932s user=06m39.407s sys=00.525s mem=497MiB roottime=399.400s load=1.00 rootload=1.00
ramon: poll                 wall=06m41.000s usage=06m40.931s user=06m40.407s sys=00.525s mem=497MiB roottime=400.400s load=1.00 rootload=1.00
ramon: poll                 wall=06m42.000s usage=06m41.931s user=06m41.406s sys=00.525s mem=497MiB roottime=401.400s load=1.00 rootload=1.00
ramon: poll                 wall=06m43.000s usage=06m42.932s user=06m42.407s sys=00.525s mem=497MiB roottime=402.400s load=1.00 rootload=1.00
ramon: poll                 wall=06m44.000s usage=06m43.932s user=06m43.407s sys=00.525s mem=497MiB roottime=403.400s load=1.00 rootload=1.00
ramon: poll                 wall=06m45.000s usage=06m44.932s user=06m44.407s sys=00.525s mem=497MiB roottime=404.400s load=1.00 rootload=1.00
ramon: poll                 wall=06m46.000s usage=06m45.931s user=06m45.406s sys=00.525s mem=497MiB roottime=405.400s load=1.00 rootload=1.00
ramon: poll                 wall=06m47.000s usage=06m46.930s user=06m46.405s sys=00.525s mem=497MiB roottime=406.400s load=1.00 rootload=1.00
ramon: poll                 wall=06m48.000s usage=06m47.930s user=06m47.405s sys=00.525s mem=497MiB roottime=407.400s load=1.00 rootload=1.00
ramon: poll                 wall=06m49.000s usage=06m48.930s user=06m48.405s sys=00.525s mem=497MiB roottime=408.400s load=1.00 rootload=1.00
ramon: poll                 wall=06m50.000s usage=06m49.931s user=06m49.406s sys=00.525s mem=497MiB roottime=409.400s load=1.00 rootload=1.00
ramon: poll                 wall=06m51.000s usage=06m50.930s user=06m50.404s sys=00.526s mem=497MiB roottime=410.400s load=1.00 rootload=1.00
ramon: poll                 wall=06m52.000s usage=06m51.931s user=06m51.405s sys=00.526s mem=497MiB roottime=411.400s load=1.00 rootload=1.00
ramon: poll                 wall=06m53.000s usage=06m52.929s user=06m52.404s sys=00.526s mem=497MiB roottime=412.400s load=1.00 rootload=1.00
ramon: poll                 wall=06m54.000s usage=06m53.930s user=06m53.404s sys=00.526s mem=497MiB roottime=413.400s load=1.00 rootload=1.00
ramon: poll                 wall=06m55.000s usage=06m54.930s user=06m54.404s sys=00.526s mem=497MiB roottime=414.400s load=1.00 rootload=1.00
ramon: poll                 wall=06m56.000s usage=06m55.930s user=06m55.404s sys=00.526s mem=497MiB roottime=415.400s load=1.00 rootload=1.00
ramon: poll                 wall=06m57.000s usage=06m56.930s user=06m56.404s sys=00.526s mem=497MiB roottime=416.400s load=1.00 rootload=1.00
ramon: poll                 wall=06m58.000s usage=06m57.929s user=06m57.403s sys=00.526s mem=497MiB roottime=417.400s load=1.00 rootload=1.00
ramon: poll                 wall=06m59.000s usage=06m58.929s user=06m58.403s sys=00.526s mem=497MiB roottime=418.400s load=1.00 rootload=1.00
ramon: poll                 wall=07m00.000s usage=06m59.928s user=06m59.402s sys=00.526s mem=497MiB roottime=419.400s load=1.00 rootload=1.00
ramon: poll                 wall=07m01.000s usage=07m00.929s user=07m00.403s sys=00.526s mem=497MiB roottime=420.400s load=1.00 rootload=1.00
ramon: poll                 wall=07m02.000s usage=07m01.928s user=07m01.402s sys=00.526s mem=497MiB roottime=421.400s load=1.00 rootload=1.00
ramon: poll                 wall=07m03.000s usage=07m02.928s user=07m02.402s sys=00.526s mem=497MiB roottime=422.400s load=1.00 rootload=1.00
ramon: poll                 wall=07m04.000s usage=07m03.928s user=07m03.402s sys=00.526s mem=497MiB roottime=423.400s load=1.00 rootload=1.00
ramon: poll                 wall=07m05.000s usage=07m04.929s user=07m04.403s sys=00.526s mem=497MiB roottime=424.400s load=1.00 rootload=1.00
ramon: poll                 wall=07m06.000s usage=07m05.929s user=07m05.403s sys=00.526s mem=497MiB roottime=425.400s load=1.00 rootload=1.00
ramon: poll                 wall=07m07.000s usage=07m06.927s user=07m06.401s sys=00.526s mem=497MiB roottime=426.400s load=1.00 rootload=1.00
ramon: poll                 wall=07m08.000s usage=07m07.927s user=07m07.401s sys=00.526s mem=497MiB roottime=427.400s load=1.00 rootload=1.00
ramon: poll                 wall=07m09.000s usage=07m08.927s user=07m08.401s sys=00.526s mem=497MiB roottime=428.400s load=1.00 rootload=1.00
ramon: poll                 wall=07m10.000s usage=07m09.928s user=07m09.402s sys=00.526s mem=497MiB roottime=429.400s load=1.00 rootload=1.00
ramon: poll                 wall=07m11.000s usage=07m10.927s user=07m10.401s sys=00.526s mem=497MiB roottime=430.400s load=1.00 rootload=1.00
ramon: poll                 wall=07m12.000s usage=07m11.927s user=07m11.401s sys=00.526s mem=497MiB roottime=431.400s load=1.00 rootload=1.00
ramon: poll                 wall=07m13.000s usage=07m12.928s user=07m12.402s sys=00.526s mem=497MiB roottime=432.400s load=1.00 rootload=1.00
ramon: poll                 wall=07m14.000s usage=07m13.926s user=07m13.401s sys=00.526s mem=497MiB roottime=433.400s load=1.00 rootload=1.00
ramon: poll                 wall=07m15.000s usage=07m14.926s user=07m14.400s sys=00.526s mem=497MiB roottime=434.400s load=1.00 rootload=1.00
ramon: poll                 wall=07m16.000s usage=07m15.926s user=07m15.400s sys=00.526s mem=497MiB roottime=435.400s load=1.00 rootload=1.00
ramon: poll                 wall=07m17.000s usage=07m16.926s user=07m16.400s sys=00.526s mem=497MiB roottime=436.400s load=1.00 rootload=1.00
ramon: poll                 wall=07m18.000s usage=07m17.926s user=07m17.400s sys=00.526s mem=497MiB roottime=437.400s load=1.00 rootload=1.00
ramon: poll                 wall=07m19.000s usage=07m18.926s user=07m18.400s sys=00.526s mem=497MiB roottime=438.400s load=1.00 rootload=1.00
ramon: poll                 wall=07m20.000s usage=07m19.925s user=07m19.399s sys=00.526s mem=497MiB roottime=439.390s load=1.00 rootload=0.99
ramon: poll                 wall=07m21.000s usage=07m20.926s user=07m20.400s sys=00.526s mem=497MiB roottime=440.390s load=1.00 rootload=1.00
ramon: poll                 wall=07m22.000s usage=07m21.925s user=07m21.399s sys=00.526s mem=497MiB roottime=441.390s load=1.00 rootload=1.00
ramon: poll                 wall=07m23.000s usage=07m22.925s user=07m22.399s sys=00.526s mem=497MiB roottime=442.390s load=1.00 rootload=1.00
ramon: poll                 wall=07m24.000s usage=07m23.926s user=07m23.400s sys=00.526s mem=497MiB roottime=443.390s load=1.00 rootload=1.00
ramon: poll                 wall=07m25.000s usage=07m24.925s user=07m24.399s sys=00.526s mem=497MiB roottime=444.390s load=1.00 rootload=1.00
ramon: poll                 wall=07m26.000s usage=07m25.926s user=07m25.400s sys=00.526s mem=497MiB roottime=445.390s load=1.00 rootload=1.00
ramon: poll                 wall=07m27.000s usage=07m26.925s user=07m26.399s sys=00.526s mem=497MiB roottime=446.390s load=1.00 rootload=1.00
ramon: poll                 wall=07m28.000s usage=07m27.924s user=07m27.398s sys=00.526s mem=497MiB roottime=447.390s load=1.00 rootload=1.00
ramon: poll                 wall=07m29.000s usage=07m28.924s user=07m28.398s sys=00.526s mem=497MiB roottime=448.390s load=1.00 rootload=1.00
ramon: poll                 wall=07m30.000s usage=07m29.924s user=07m29.398s sys=00.526s mem=497MiB roottime=449.390s load=1.00 rootload=1.00
ramon: poll                 wall=07m31.000s usage=07m30.924s user=07m30.398s sys=00.526s mem=497MiB roottime=450.390s load=1.00 rootload=1.00
ramon: poll                 wall=07m32.000s usage=07m31.924s user=07m31.398s sys=00.526s mem=497MiB roottime=451.390s load=1.00 rootload=1.00
ramon: poll                 wall=07m33.000s usage=07m32.924s user=07m32.398s sys=00.526s mem=497MiB roottime=452.390s load=1.00 rootload=1.00
ramon: poll                 wall=07m34.000s usage=07m33.925s user=07m33.399s sys=00.526s mem=497MiB roottime=453.390s load=1.00 rootload=1.00
ramon: poll                 wall=07m35.000s usage=07m34.923s user=07m34.397s sys=00.526s mem=497MiB roottime=454.390s load=1.00 rootload=1.00
ramon: poll                 wall=07m36.000s usage=07m35.923s user=07m35.397s sys=00.526s mem=497MiB roottime=455.390s load=1.00 rootload=1.00
ramon: poll                 wall=07m37.000s usage=07m36.923s user=07m36.397s sys=00.526s mem=497MiB roottime=456.390s load=1.00 rootload=1.00
ramon: poll                 wall=07m38.000s usage=07m37.923s user=07m37.397s sys=00.526s mem=497MiB roottime=457.390s load=1.00 rootload=1.00
ramon: poll                 wall=07m39.000s usage=07m38.923s user=07m38.397s sys=00.526s mem=497MiB roottime=458.390s load=1.00 rootload=1.00
ramon: poll                 wall=07m40.000s usage=07m39.924s user=07m39.398s sys=00.526s mem=497MiB roottime=459.390s load=1.00 rootload=1.00
ramon: poll                 wall=07m41.000s usage=07m40.923s user=07m40.397s sys=00.526s mem=497MiB roottime=460.390s load=1.00 rootload=1.00
ramon: poll                 wall=07m42.000s usage=07m41.923s user=07m41.397s sys=00.526s mem=497MiB roottime=461.390s load=1.00 rootload=1.00
ramon: poll                 wall=07m43.000s usage=07m42.923s user=07m42.397s sys=00.526s mem=497MiB roottime=462.390s load=1.00 rootload=1.00
ramon: poll                 wall=07m44.000s usage=07m43.922s user=07m43.396s sys=00.526s mem=497MiB roottime=463.390s load=1.00 rootload=1.00
ramon: poll                 wall=07m45.000s usage=07m44.922s user=07m44.396s sys=00.526s mem=497MiB roottime=464.390s load=1.00 rootload=1.00
ramon: poll                 wall=07m46.000s usage=07m45.922s user=07m45.396s sys=00.526s mem=497MiB roottime=465.390s load=1.00 rootload=1.00
ramon: poll                 wall=07m47.000s usage=07m46.922s user=07m46.396s sys=00.526s mem=497MiB roottime=466.390s load=1.00 rootload=1.00
ramon: poll                 wall=07m48.000s usage=07m47.922s user=07m47.396s sys=00.526s mem=497MiB roottime=467.390s load=1.00 rootload=1.00
ramon: poll                 wall=07m49.000s usage=07m48.922s user=07m48.396s sys=00.526s mem=497MiB roottime=468.390s load=1.00 rootload=1.00
ramon: poll                 wall=07m50.000s usage=07m49.922s user=07m49.396s sys=00.526s mem=497MiB roottime=469.390s load=1.00 rootload=1.00
ramon: poll                 wall=07m51.000s usage=07m50.922s user=07m50.396s sys=00.526s mem=497MiB roottime=470.390s load=1.00 rootload=1.00
ramon: poll                 wall=07m52.000s usage=07m51.922s user=07m51.396s sys=00.526s mem=497MiB roottime=471.390s load=1.00 rootload=1.00
ramon: poll                 wall=07m53.000s usage=07m52.922s user=07m52.396s sys=00.526s mem=497MiB roottime=472.390s load=1.00 rootload=1.00
ramon: poll                 wall=07m54.000s usage=07m53.922s user=07m53.396s sys=00.526s mem=497MiB roottime=473.390s load=1.00 rootload=1.00
ramon: poll                 wall=07m55.000s usage=07m54.922s user=07m54.396s sys=00.526s mem=498MiB roottime=474.390s load=1.00 rootload=1.00
ramon: poll                 wall=07m56.000s usage=07m55.922s user=07m55.396s sys=00.526s mem=498MiB roottime=475.390s load=1.00 rootload=1.00
ramon: poll                 wall=07m57.000s usage=07m56.921s user=07m56.396s sys=00.526s mem=498MiB roottime=476.390s load=1.00 rootload=1.00
ramon: poll                 wall=07m58.000s usage=07m57.921s user=07m57.395s sys=00.526s mem=498MiB roottime=477.390s load=1.00 rootload=1.00
ramon: poll                 wall=07m59.000s usage=07m58.921s user=07m58.395s sys=00.526s mem=498MiB roottime=478.390s load=1.00 rootload=1.00
ramon: poll                 wall=08m00.000s usage=07m59.921s user=07m59.395s sys=00.526s mem=498MiB roottime=479.390s load=1.00 rootload=1.00
ramon: poll                 wall=08m01.000s usage=08m00.921s user=08m00.395s sys=00.526s mem=498MiB roottime=480.390s load=1.00 rootload=1.00
ramon: poll                 wall=08m02.000s usage=08m01.921s user=08m01.395s sys=00.526s mem=498MiB roottime=481.390s load=1.00 rootload=1.00
ramon: poll                 wall=08m03.000s usage=08m02.921s user=08m02.395s sys=00.526s mem=498MiB roottime=482.390s load=1.00 rootload=1.00
ramon: poll                 wall=08m04.000s usage=08m03.921s user=08m03.395s sys=00.526s mem=498MiB roottime=483.390s load=1.00 rootload=1.00
ramon: poll                 wall=08m05.000s usage=08m04.921s user=08m04.395s sys=00.526s mem=498MiB roottime=484.390s load=1.00 rootload=1.00
ramon: poll                 wall=08m06.000s usage=08m05.921s user=08m05.395s sys=00.526s mem=498MiB roottime=485.390s load=1.00 rootload=1.00
ramon: poll                 wall=08m07.000s usage=08m06.921s user=08m06.395s sys=00.526s mem=498MiB roottime=486.390s load=1.00 rootload=1.00
ramon: poll                 wall=08m08.000s usage=08m07.922s user=08m07.396s sys=00.526s mem=498MiB roottime=487.390s load=1.00 rootload=1.00
ramon: poll                 wall=08m09.000s usage=08m08.920s user=08m08.395s sys=00.526s mem=498MiB roottime=488.390s load=1.00 rootload=1.00
ramon: poll                 wall=08m10.000s usage=08m09.920s user=08m09.394s sys=00.526s mem=498MiB roottime=489.390s load=1.00 rootload=1.00
ramon: poll                 wall=08m11.000s usage=08m10.920s user=08m10.394s sys=00.526s mem=498MiB roottime=490.390s load=1.00 rootload=1.00
ramon: poll                 wall=08m12.000s usage=08m11.920s user=08m11.394s sys=00.526s mem=498MiB roottime=491.390s load=1.00 rootload=1.00
ramon: poll                 wall=08m13.000s usage=08m12.920s user=08m12.394s sys=00.526s mem=498MiB roottime=492.390s load=1.00 rootload=1.00
ramon: poll                 wall=08m14.000s usage=08m13.920s user=08m13.394s sys=00.526s mem=498MiB roottime=493.390s load=1.00 rootload=1.00
ramon: poll                 wall=08m15.000s usage=08m14.920s user=08m14.394s sys=00.526s mem=498MiB roottime=494.390s load=1.00 rootload=1.00
ramon: poll                 wall=08m16.000s usage=08m15.920s user=08m15.394s sys=00.526s mem=498MiB roottime=495.390s load=1.00 rootload=1.00
ramon: poll                 wall=08m17.000s usage=08m16.920s user=08m16.394s sys=00.526s mem=498MiB roottime=496.390s load=1.00 rootload=1.00
ramon: poll                 wall=08m18.000s usage=08m17.920s user=08m17.394s sys=00.526s mem=498MiB roottime=497.390s load=1.00 rootload=1.00
ramon: poll                 wall=08m19.000s usage=08m18.920s user=08m18.394s sys=00.526s mem=498MiB roottime=498.390s load=1.00 rootload=1.00
ramon: poll                 wall=08m20.000s usage=08m19.920s user=08m19.394s sys=00.526s mem=498MiB roottime=499.390s load=1.00 rootload=1.00
ramon: poll                 wall=08m21.000s usage=08m20.920s user=08m20.394s sys=00.526s mem=498MiB roottime=500.390s load=1.00 rootload=1.00
ramon: poll                 wall=08m22.000s usage=08m21.920s user=08m21.394s sys=00.526s mem=498MiB roottime=501.390s load=1.00 rootload=1.00
ramon: poll                 wall=08m23.000s usage=08m22.919s user=08m22.394s sys=00.526s mem=498MiB roottime=502.390s load=1.00 rootload=1.00
ramon: poll                 wall=08m24.000s usage=08m23.919s user=08m23.394s sys=00.526s mem=498MiB roottime=503.390s load=1.00 rootload=1.00
ramon: poll                 wall=08m25.000s usage=08m24.919s user=08m24.393s sys=00.526s mem=498MiB roottime=504.390s load=1.00 rootload=1.00
ramon: poll                 wall=08m26.000s usage=08m25.919s user=08m25.393s sys=00.526s mem=498MiB roottime=505.390s load=1.00 rootload=1.00
ramon: poll                 wall=08m27.000s usage=08m26.919s user=08m26.393s sys=00.526s mem=498MiB roottime=506.390s load=1.00 rootload=1.00
ramon: poll                 wall=08m28.000s usage=08m27.919s user=08m27.393s sys=00.526s mem=498MiB roottime=507.390s load=1.00 rootload=1.00
ramon: poll                 wall=08m29.000s usage=08m28.919s user=08m28.391s sys=00.528s mem=498MiB roottime=508.390s load=1.00 rootload=1.00
ramon: poll                 wall=08m30.000s usage=08m29.919s user=08m29.391s sys=00.528s mem=498MiB roottime=509.390s load=1.00 rootload=1.00
ramon: poll                 wall=08m31.000s usage=08m30.919s user=08m30.391s sys=00.528s mem=498MiB roottime=510.390s load=1.00 rootload=1.00
ramon: poll                 wall=08m32.000s usage=08m31.919s user=08m31.391s sys=00.528s mem=498MiB roottime=511.390s load=1.00 rootload=1.00
ramon: poll                 wall=08m33.000s usage=08m32.919s user=08m32.391s sys=00.528s mem=498MiB roottime=512.390s load=1.00 rootload=1.00
ramon: poll                 wall=08m34.000s usage=08m33.918s user=08m33.391s sys=00.528s mem=498MiB roottime=513.390s load=1.00 rootload=1.00
ramon: poll                 wall=08m35.000s usage=08m34.918s user=08m34.390s sys=00.528s mem=498MiB roottime=514.390s load=1.00 rootload=1.00
ramon: poll                 wall=08m36.000s usage=08m35.918s user=08m35.390s sys=00.528s mem=498MiB roottime=515.390s load=1.00 rootload=1.00
ramon: poll                 wall=08m37.000s usage=08m36.918s user=08m36.390s sys=00.528s mem=498MiB roottime=516.390s load=1.00 rootload=1.00
ramon: poll                 wall=08m38.000s usage=08m37.918s user=08m37.390s sys=00.528s mem=498MiB roottime=517.390s load=1.00 rootload=1.00
ramon: poll                 wall=08m39.000s usage=08m38.918s user=08m38.390s sys=00.528s mem=498MiB roottime=518.390s load=1.00 rootload=1.00
ramon: poll                 wall=08m40.000s usage=08m39.918s user=08m39.389s sys=00.529s mem=498MiB roottime=519.380s load=1.00 rootload=0.99
ramon: poll                 wall=08m41.000s usage=08m40.919s user=08m40.390s sys=00.529s mem=498MiB roottime=520.380s load=1.00 rootload=1.00
ramon: poll                 wall=08m42.000s usage=08m41.919s user=08m41.390s sys=00.529s mem=498MiB roottime=521.380s load=1.00 rootload=1.00
ramon: poll                 wall=08m43.000s usage=08m42.918s user=08m42.389s sys=00.529s mem=498MiB roottime=522.380s load=1.00 rootload=1.00
ramon: poll                 wall=08m44.000s usage=08m43.918s user=08m43.389s sys=00.529s mem=498MiB roottime=523.380s load=1.00 rootload=1.00
ramon: poll                 wall=08m45.000s usage=08m44.918s user=08m44.389s sys=00.529s mem=498MiB roottime=524.380s load=1.00 rootload=1.00
ramon: poll                 wall=08m46.000s usage=08m45.917s user=08m45.388s sys=00.529s mem=498MiB roottime=525.380s load=1.00 rootload=1.00
ramon: poll                 wall=08m47.000s usage=08m46.917s user=08m46.386s sys=00.531s mem=498MiB roottime=526.380s load=1.00 rootload=1.00
ramon: poll                 wall=08m48.000s usage=08m47.917s user=08m47.386s sys=00.531s mem=498MiB roottime=527.380s load=1.00 rootload=1.00
ramon: poll                 wall=08m49.000s usage=08m48.917s user=08m48.386s sys=00.531s mem=499MiB roottime=528.380s load=1.00 rootload=1.00
ramon: poll                 wall=08m50.000s usage=08m49.917s user=08m49.386s sys=00.531s mem=499MiB roottime=529.380s load=1.00 rootload=1.00
ramon: poll                 wall=08m51.000s usage=08m50.917s user=08m50.385s sys=00.532s mem=499MiB roottime=530.380s load=1.00 rootload=1.00
ramon: poll                 wall=08m52.000s usage=08m51.917s user=08m51.385s sys=00.532s mem=499MiB roottime=531.380s load=1.00 rootload=1.00
ramon: poll                 wall=08m53.000s usage=08m52.917s user=08m52.385s sys=00.532s mem=499MiB roottime=532.380s load=1.00 rootload=1.00
ramon: poll                 wall=08m54.000s usage=08m53.917s user=08m53.385s sys=00.532s mem=499MiB roottime=533.380s load=1.00 rootload=1.00
ramon: poll                 wall=08m55.000s usage=08m54.916s user=08m54.384s sys=00.532s mem=499MiB roottime=534.380s load=1.00 rootload=1.00
ramon: poll                 wall=08m56.000s usage=08m55.916s user=08m55.384s sys=00.532s mem=499MiB roottime=535.380s load=1.00 rootload=1.00
ramon: poll                 wall=08m57.000s usage=08m56.917s user=08m56.385s sys=00.532s mem=499MiB roottime=536.380s load=1.00 rootload=1.00
ramon: poll                 wall=08m58.000s usage=08m57.916s user=08m57.384s sys=00.532s mem=499MiB roottime=537.380s load=1.00 rootload=1.00
ramon: poll                 wall=08m59.000s usage=08m58.916s user=08m58.384s sys=00.532s mem=499MiB roottime=538.380s load=1.00 rootload=1.00
ramon: poll                 wall=09m00.000s usage=08m59.916s user=08m59.384s sys=00.532s mem=499MiB roottime=539.380s load=1.00 rootload=1.00
ramon: poll                 wall=09m01.000s usage=09m00.917s user=09m00.385s sys=00.532s mem=499MiB roottime=540.380s load=1.00 rootload=1.00
ramon: poll                 wall=09m02.000s usage=09m01.916s user=09m01.384s sys=00.532s mem=499MiB roottime=541.380s load=1.00 rootload=1.00
ramon: poll                 wall=09m03.000s usage=09m02.916s user=09m02.384s sys=00.532s mem=499MiB roottime=542.380s load=1.00 rootload=1.00
ramon: poll                 wall=09m04.000s usage=09m03.916s user=09m03.384s sys=00.532s mem=499MiB roottime=543.380s load=1.00 rootload=1.00
ramon: poll                 wall=09m05.000s usage=09m04.917s user=09m04.385s sys=00.532s mem=499MiB roottime=544.380s load=1.00 rootload=1.00
ramon: poll                 wall=09m06.000s usage=09m05.917s user=09m05.385s sys=00.532s mem=499MiB roottime=545.380s load=1.00 rootload=1.00
ramon: poll                 wall=09m07.000s usage=09m06.916s user=09m06.385s sys=00.532s mem=499MiB roottime=546.380s load=1.00 rootload=1.00
ramon: poll                 wall=09m08.000s usage=09m07.916s user=09m07.384s sys=00.532s mem=499MiB roottime=547.380s load=1.00 rootload=1.00
ramon: poll                 wall=09m09.000s usage=09m08.916s user=09m08.384s sys=00.532s mem=499MiB roottime=548.380s load=1.00 rootload=1.00
ramon: poll                 wall=09m10.000s usage=09m09.915s user=09m09.383s sys=00.532s mem=499MiB roottime=549.380s load=1.00 rootload=1.00
ramon: poll                 wall=09m11.000s usage=09m10.916s user=09m10.384s sys=00.532s mem=499MiB roottime=550.380s load=1.00 rootload=1.00
ramon: poll                 wall=09m12.000s usage=09m11.916s user=09m11.384s sys=00.532s mem=499MiB roottime=551.380s load=1.00 rootload=1.00
ramon: poll                 wall=09m13.000s usage=09m12.916s user=09m12.384s sys=00.532s mem=499MiB roottime=552.380s load=1.00 rootload=1.00
ramon: poll                 wall=09m14.000s usage=09m13.915s user=09m13.383s sys=00.532s mem=499MiB roottime=553.380s load=1.00 rootload=1.00
ramon: poll                 wall=09m15.000s usage=09m14.916s user=09m14.384s sys=00.532s mem=499MiB roottime=554.380s load=1.00 rootload=1.00
ramon: poll                 wall=09m16.000s usage=09m15.916s user=09m15.384s sys=00.532s mem=499MiB roottime=555.380s load=1.00 rootload=1.00
ramon: poll                 wall=09m17.000s usage=09m16.916s user=09m16.384s sys=00.532s mem=499MiB roottime=556.380s load=1.00 rootload=1.00
ramon: poll                 wall=09m18.000s usage=09m17.916s user=09m17.384s sys=00.532s mem=499MiB roottime=557.380s load=1.00 rootload=1.00
ramon: poll                 wall=09m19.000s usage=09m18.916s user=09m18.384s sys=00.532s mem=499MiB roottime=558.380s load=1.00 rootload=1.00
ramon: poll                 wall=09m20.000s usage=09m19.915s user=09m19.383s sys=00.532s mem=499MiB roottime=559.380s load=1.00 rootload=1.00
ramon: poll                 wall=09m21.000s usage=09m20.916s user=09m20.384s sys=00.532s mem=499MiB roottime=560.380s load=1.00 rootload=1.00
ramon: poll                 wall=09m22.000s usage=09m21.915s user=09m21.383s sys=00.532s mem=499MiB roottime=561.380s load=1.00 rootload=1.00
ramon: poll                 wall=09m23.000s usage=09m22.915s user=09m22.383s sys=00.532s mem=499MiB roottime=562.380s load=1.00 rootload=1.00
ramon: poll                 wall=09m24.000s usage=09m23.915s user=09m23.383s sys=00.532s mem=499MiB roottime=563.380s load=1.00 rootload=1.00
ramon: poll                 wall=09m25.000s usage=09m24.915s user=09m24.383s sys=00.532s mem=499MiB roottime=564.380s load=1.00 rootload=1.00
ramon: poll                 wall=09m26.000s usage=09m25.915s user=09m25.383s sys=00.532s mem=499MiB roottime=565.380s load=1.00 rootload=1.00
ramon: poll                 wall=09m27.000s usage=09m26.915s user=09m26.383s sys=00.532s mem=499MiB roottime=566.380s load=1.00 rootload=1.00
ramon: poll                 wall=09m28.000s usage=09m27.914s user=09m27.382s sys=00.532s mem=499MiB roottime=567.380s load=1.00 rootload=1.00
ramon: poll                 wall=09m29.000s usage=09m28.914s user=09m28.382s sys=00.532s mem=499MiB roottime=568.380s load=1.00 rootload=1.00
ramon: poll                 wall=09m30.000s usage=09m29.915s user=09m29.383s sys=00.532s mem=499MiB roottime=569.380s load=1.00 rootload=1.00
ramon: poll                 wall=09m31.000s usage=09m30.915s user=09m30.383s sys=00.532s mem=499MiB roottime=570.380s load=1.00 rootload=1.00
ramon: poll                 wall=09m32.000s usage=09m31.914s user=09m31.382s sys=00.532s mem=499MiB roottime=571.380s load=1.00 rootload=1.00
ramon: poll                 wall=09m33.000s usage=09m32.915s user=09m32.383s sys=00.532s mem=499MiB roottime=572.380s load=1.00 rootload=1.00
ramon: poll                 wall=09m34.000s usage=09m33.914s user=09m33.383s sys=00.532s mem=499MiB roottime=573.380s load=1.00 rootload=1.00
ramon: poll                 wall=09m35.000s usage=09m34.914s user=09m34.382s sys=00.532s mem=499MiB roottime=574.380s load=1.00 rootload=1.00
ramon: poll                 wall=09m36.000s usage=09m35.914s user=09m35.382s sys=00.532s mem=499MiB roottime=575.380s load=1.00 rootload=1.00
ramon: poll                 wall=09m37.000s usage=09m36.914s user=09m36.382s sys=00.532s mem=499MiB roottime=576.380s load=1.00 rootload=1.00
ramon: poll                 wall=09m38.000s usage=09m37.913s user=09m37.381s sys=00.532s mem=499MiB roottime=577.380s load=1.00 rootload=1.00
ramon: poll                 wall=09m39.000s usage=09m38.914s user=09m38.382s sys=00.532s mem=499MiB roottime=578.380s load=1.00 rootload=1.00
ramon: poll                 wall=09m40.000s usage=09m39.913s user=09m39.381s sys=00.532s mem=499MiB roottime=579.380s load=1.00 rootload=1.00
ramon: poll                 wall=09m41.000s usage=09m40.914s user=09m40.382s sys=00.532s mem=499MiB roottime=580.380s load=1.00 rootload=1.00
ramon: poll                 wall=09m42.000s usage=09m41.914s user=09m41.382s sys=00.532s mem=499MiB roottime=581.380s load=1.00 rootload=1.00
ramon: poll                 wall=09m43.000s usage=09m42.914s user=09m42.382s sys=00.532s mem=499MiB roottime=582.380s load=1.00 rootload=1.00
ramon: poll                 wall=09m44.000s usage=09m43.914s user=09m43.382s sys=00.532s mem=499MiB roottime=583.380s load=1.00 rootload=1.00
ramon: poll                 wall=09m45.000s usage=09m44.914s user=09m44.382s sys=00.532s mem=499MiB roottime=584.380s load=1.00 rootload=1.00
ramon: poll                 wall=09m46.000s usage=09m45.914s user=09m45.382s sys=00.532s mem=499MiB roottime=585.380s load=1.00 rootload=1.00
ramon: poll                 wall=09m47.000s usage=09m46.913s user=09m46.381s sys=00.532s mem=499MiB roottime=586.380s load=1.00 rootload=1.00
ramon: poll                 wall=09m48.000s usage=09m47.913s user=09m47.381s sys=00.532s mem=499MiB roottime=587.380s load=1.00 rootload=1.00
ramon: poll                 wall=09m49.000s usage=09m48.913s user=09m48.381s sys=00.532s mem=499MiB roottime=588.380s load=1.00 rootload=1.00
ramon: poll                 wall=09m50.000s usage=09m49.913s user=09m49.381s sys=00.532s mem=499MiB roottime=589.380s load=1.00 rootload=1.00
ramon: poll                 wall=09m51.000s usage=09m50.912s user=09m50.380s sys=00.532s mem=499MiB roottime=590.380s load=1.00 rootload=1.00
ramon: poll                 wall=09m52.000s usage=09m51.913s user=09m51.381s sys=00.532s mem=499MiB roottime=591.380s load=1.00 rootload=1.00
ramon: poll                 wall=09m53.000s usage=09m52.913s user=09m52.381s sys=00.532s mem=499MiB roottime=592.380s load=1.00 rootload=1.00
ramon: poll                 wall=09m54.000s usage=09m53.913s user=09m53.381s sys=00.532s mem=499MiB roottime=593.380s load=1.00 rootload=1.00
ramon: poll                 wall=09m55.000s usage=09m54.913s user=09m54.381s sys=00.532s mem=499MiB roottime=594.380s load=1.00 rootload=1.00
ramon: poll                 wall=09m56.000s usage=09m55.913s user=09m55.381s sys=00.532s mem=499MiB roottime=595.380s load=1.00 rootload=1.00
ramon: poll                 wall=09m57.000s usage=09m56.913s user=09m56.381s sys=00.532s mem=499MiB roottime=596.380s load=1.00 rootload=1.00
ramon: poll                 wall=09m58.000s usage=09m57.913s user=09m57.381s sys=00.532s mem=499MiB roottime=597.380s load=1.00 rootload=1.00
ramon: poll                 wall=09m59.000s usage=09m58.913s user=09m58.381s sys=00.532s mem=499MiB roottime=598.380s load=1.00 rootload=1.00
ramon: poll                 wall=10m00.000s usage=09m59.913s user=09m59.381s sys=00.532s mem=499MiB roottime=599.380s load=1.00 rootload=1.00
ramon: end                  Fri Feb  7 14:35:44 2025
ramon: root.execname        z3
ramon: root.utime           599.400s
ramon: root.stime           0.590s
ramon: group.total          599.997s
ramon: group.utime          599.403s
ramon: group.stime          0.594s
ramon: group.mempeak        499MiB
ramon: group.pidpeak        2
ramon: status               exited
ramon: exitcode             0
ramon: walltime             600.085s
ramon: loadavg              1.00
