ramon: cwd                  /home/runner/a/_work/z3-poly-testing/z3-poly-testing
ramon: start                Fri Feb  7 14:18:20 2025
ramon: nproc                128
ramon: sys.mem              64150 MiB
ramon: sys.mem.free         42010 MiB
ramon: sys.mem.avail        63913 MiB
ramon: sys.nprocs           2356
ramon: argv                 0 = z3
ramon: argv                 1 = inputs/QF_LIA/n7236-prp-45-47.smt2
ramon: argv                 2 = -T:600
ramon: argv                 3 = -st
ramon: argv                 4 = smt.random_seed=8
ramon: childpid             386093
ramon: poll                 wall=01.000s usage=00.982s user=00.962s sys=00.020s mem=24108KiB roottime=0.960s load=0.98 rootload=0.96
ramon: poll                 wall=02.000s usage=01.982s user=01.960s sys=00.022s mem=25832KiB roottime=1.960s load=1.00 rootload=1.00
ramon: poll                 wall=03.000s usage=02.982s user=02.957s sys=00.025s mem=27368KiB roottime=2.950s load=1.00 rootload=0.99
ramon: poll                 wall=04.000s usage=03.981s user=03.955s sys=00.026s mem=29672KiB roottime=3.950s load=1.00 rootload=1.00
ramon: poll                 wall=05.000s usage=04.981s user=04.953s sys=00.028s mem=31208KiB roottime=4.950s load=1.00 rootload=1.00
ramon: poll                 wall=06.000s usage=05.981s user=05.953s sys=00.028s mem=32488KiB roottime=5.950s load=1.00 rootload=1.00
ramon: poll                 wall=07.000s usage=06.982s user=06.954s sys=00.028s mem=33000KiB roottime=6.950s load=1.00 rootload=1.00
ramon: poll                 wall=08.000s usage=07.982s user=07.933s sys=00.049s mem=59196KiB roottime=7.930s load=1.00 rootload=0.98
ramon: poll                 wall=09.000s usage=08.980s user=08.891s sys=00.089s mem=106MiB roottime=8.890s load=1.00 rootload=0.96
ramon: poll                 wall=10.000s usage=09.980s user=09.885s sys=00.095s mem=108MiB roottime=9.880s load=1.00 rootload=0.99
ramon: poll                 wall=11.000s usage=10.980s user=10.883s sys=00.097s mem=108MiB roottime=10.880s load=1.00 rootload=1.00
ramon: end                  Fri Feb  7 14:18:32 2025
ramon: root.execname        z3
ramon: root.utime           11.730s
ramon: root.stime           0.110s
ramon: group.total          11.850s
ramon: group.utime          11.739s
ramon: group.stime          0.111s
ramon: group.mempeak        108MiB
ramon: group.pidpeak        2
ramon: status               exited
ramon: exitcode             0
ramon: walltime             11.870s
ramon: loadavg              1.00
