ramon: cwd                  /home/gh1/A/_work/z3-poly-testing/z3-poly-testing
ramon: start                Tue Jan 21 21:31:59 2025
ramon: nproc                32
ramon: sys.mem              63441 MiB
ramon: sys.mem.free         25358 MiB
ramon: sys.mem.avail        59566 MiB
ramon: sys.nprocs           1411
ramon: argv                 0 = z3
ramon: argv                 1 = inputs/QF_BV_SAT/bin_eventlogadm_vc331146.smt2
ramon: argv                 2 = -T:60
ramon: argv                 3 = -v:2
ramon: argv                 4 = -st
ramon: argv                 5 = tactic.default_tactic=(then simplify propagate-values solve-eqs simplify smt)
ramon: argv                 6 = smt.sls.enable=true
ramon: argv                 7 = smt.sls.parallel=false
ramon: argv                 8 = model_validate=true
ramon: argv                 9 = sls.arith_use_lookahead=false
ramon: childpid             3081431
(smt.searching)
(smt.stats :restarts     :decisions :clauses/bin/units        :simplify   :memory)
(smt.stats        :conflicts    :propagations         :lemmas      :deletions   )
(smt.stats    0      0      0      0 320369/71967/5       0/0     0    0   77.68)
(smt.stats    0    101  14566 124729 323043/71982/47      86/0     1    1  125.48)
(smt.stats    1    202  17958 247737 320850/71982/48     186/0     1    1  125.58)
(smt.stats    2    313  39912 413154 321661/71988/48     291/0     1    1  126.49)
SMT -> SLS phase
SMT -> SLS units -33 -3233 -6606 -6607 13478 -6469 6499 70604 58264 41991 13548 6602 79837 6841
value restriction -6469 (bit2bool[2] v270144884)
SMT -> SLS values
bounded run 30000
lookahead-search moves:0 max-moves:800
on-model 
on-model 
(sat.ddfw :unsat :models :kflips/sec  :flips  :restarts  :reinits  :unsat_vars  :shifts)
(sat.ddfw       0      1   27.9038      1451         0          0            0       67)
sls-result l_true
ramon: end                  Tue Jan 21 21:31:59 2025
ramon: root.execname        z3
ramon: root.utime           0.490s
ramon: root.stime           0.030s
ramon: group.total          0.525s
ramon: group.utime          0.493s
ramon: group.stime          0.032s
ramon: group.mempeak        131MiB
ramon: group.pidpeak        2
ramon: status               exited
ramon: exitcode             0
ramon: walltime             0.526s
ramon: loadavg              1.00
