ramon: cwd                  /home/gh1/A/_work/z3-poly-testing/z3-poly-testing
ramon: start                Tue Jan 21 21:33:16 2025
ramon: nproc                32
ramon: sys.mem              63441 MiB
ramon: sys.mem.free         16801 MiB
ramon: sys.mem.avail        59566 MiB
ramon: sys.nprocs           1413
ramon: argv                 0 = z3
ramon: argv                 1 = inputs/QF_BV_SAT/Example_9.txt.smt2
ramon: argv                 2 = -T:60
ramon: argv                 3 = -v:2
ramon: argv                 4 = -st
ramon: argv                 5 = tactic.default_tactic=(then simplify propagate-values solve-eqs simplify smt)
ramon: argv                 6 = smt.sls.enable=true
ramon: argv                 7 = smt.sls.parallel=false
ramon: argv                 8 = model_validate=true
ramon: argv                 9 = sls.arith_use_lookahead=false
ramon: childpid             3090305
(smt.searching)
(smt.stats :restarts     :decisions :clauses/bin/units           :simplify   :memory)
(smt.stats        :conflicts    :propagations            :lemmas      :deletions   )
(smt.stats    0      0      0      0 312018/156704/184       0/0     0    0   81.79)
(smt.stats    0    103   6277  27962 299834/156727/18980      72/0     1 12207  128.88)
(smt.stats    1    204   7981  46301 299871/156756/18980     144/0     1 12207  129.09)
(smt.stats    2    315  12319  97736 299903/156794/18987     214/0     1 12207  129.19)
(smt.stats    3    416  14126 139730 299912/156805/18991     303/0     1 12207  129.29)
(smt.stats    4    527  14980 174221 298493/156823/18991     396/1     2 13644  129.29)
(smt.stats    5    649  16428 274244 298517/156847/19006     489/1     2 13644  129.29)
SMT -> SLS units 988 1647 2306 2636 2966 3296 4284 4285 4286 7388 8659 9933 9948 14413 18895 20172 24651 29133 32252 36728 41210 44329 48805 53287 56406 60882 65364 68483 71444 75673 78622 79938 82888 85192 88142 90446 93396 95371 95700 96030 96360 96361 96362 96363 96364 96365 96366 96367 96368 96369 96370 96371 96372 96373 96374 96375 96376 96377 96378 96379 96380 96381 96382 96383 96384 96385 96386 96387 96388 96389 96390 96391 96392 96393 96394 96395 96396 96397 96398 96399 96400 96401 96402 96403 96404 96405 96406 96407 96408 96409 96410 96411 96412 96413 96414 96415 96416 96417 96418 96419 96420 96421 96422 96423 96424 96425 96426 96427 96428 96429 96430 96431 96432 96433 96434 96435 96436 96437 96438 96439 96440 96441 96442 96443 96444 96445 96446 96447 96448 96449 96450 96451 96452 96471 96472 96473 96474 96475 96476 96477 96478 96479 96480 96481 96482 96483 96484 96485 96486 96487 96488 96489 96490 96491 96492 96493 96494 96495 96496 96497 96498 96499 96500 96501 96502 96503 96504 96505 96506 96507 96508 96509 96510 96511 96512 96513 96514 96515 96516 96855 97512 98169 98826 99483 -652 -1311 -1971 -645 -638 -631 -624 -617 -610 -603 -596 -589 -582 -575 -568 -561 -554 -547 -540 -533 -526 -519 -512 -505 -498 -491 -484 -477 -470 -463 -456 -449 -442 -435 -428 -421 -414 -407 -400 -393 -386 -379 -372 -365 -358 -351 -344 -337 -330 -1304 -1297 -1290 -1283 -1276 -1269 -1262 -1255 -1248 -1241 -1234 -1227 -1220 -1213 -1206 -1199 -1192 -1185 -1178 -1171 -1164 -1157 -1150 -1143 -1136 -1129 -1122 -1115 -1108 -1101 -1094 -1087 -1080 -1073 -1066 -1059 -1052 -1045 -1038 -1031 -1024 -1017 -1010 -1003 -996 -989 -1964 -1957 -1950 -1943 -1936 -1929 -1922 -1915 -1908 -1901 -1894 -1887 -1880 -1873 -1866 -1859 -1852 -1845 -1838 -1831 -1824 -1817 -1810 -1803 -1796 -1789 -1782 -1775 -1768 -1761 -1754 -1747 -1740 -1733 -1726 -1719 -1712 -1705 -1698 -1691 -1684 -1677 -1670 -1663 -1656 -1649
value restriction -652 (bit2bool[322] shift1)
value restriction -1311 (bit2bool[322] shift2)
value restriction -1971 (bit2bool[323] shift3)
value restriction -645 (bit2bool[315] shift1)
value restriction -638 (bit2bool[308] shift1)
value restriction -631 (bit2bool[301] shift1)
value restriction -624 (bit2bool[294] shift1)
value restriction -617 (bit2bool[287] shift1)
value restriction -610 (bit2bool[280] shift1)
value restriction -603 (bit2bool[273] shift1)
value restriction -596 (bit2bool[266] shift1)
value restriction -589 (bit2bool[259] shift1)
value restriction -582 (bit2bool[252] shift1)
value restriction -575 (bit2bool[245] shift1)
value restriction -568 (bit2bool[238] shift1)
value restriction -561 (bit2bool[231] shift1)
value restriction -554 (bit2bool[224] shift1)
value restriction -547 (bit2bool[217] shift1)
value restriction -540 (bit2bool[210] shift1)
value restriction -533 (bit2bool[203] shift1)
value restriction -526 (bit2bool[196] shift1)
value restriction -519 (bit2bool[189] shift1)
value restriction -512 (bit2bool[182] shift1)
value restriction -505 (bit2bool[175] shift1)
value restriction -498 (bit2bool[168] shift1)
value restriction -491 (bit2bool[161] shift1)
value restriction -484 (bit2bool[154] shift1)
value restriction -477 (bit2bool[147] shift1)
value restriction -470 (bit2bool[140] shift1)
value restriction -463 (bit2bool[133] shift1)
value restriction -456 (bit2bool[126] shift1)
value restriction -449 (bit2bool[119] shift1)
value restriction -442 (bit2bool[112] shift1)
value restriction -435 (bit2bool[105] shift1)
value restriction -428 (bit2bool[98] shift1)
value restriction -421 (bit2bool[91] shift1)
value restriction -414 (bit2bool[84] shift1)
value restriction -407 (bit2bool[77] shift1)
value restriction -400 (bit2bool[70] shift1)
value restriction -393 (bit2bool[63] shift1)
value restriction -386 (bit2bool[56] shift1)
value restriction -379 (bit2bool[49] shift1)
value restriction -372 (bit2bool[42] shift1)
value restriction -365 (bit2bool[35] shift1)
value restriction -358 (bit2bool[28] shift1)
value restriction -351 (bit2bool[21] shift1)
value restriction -344 (bit2bool[14] shift1)
value restriction -337 (bit2bool[7] shift1)
value restriction -330 (bit2bool[0] shift1)
value restriction -1304 (bit2bool[315] shift2)
value restriction -1297 (bit2bool[308] shift2)
value restriction -1290 (bit2bool[301] shift2)
value restriction -1283 (bit2bool[294] shift2)
value restriction -1276 (bit2bool[287] shift2)
value restriction -1269 (bit2bool[280] shift2)
value restriction -1262 (bit2bool[273] shift2)
value restriction -1255 (bit2bool[266] shift2)
value restriction -1248 (bit2bool[259] shift2)
value restriction -1241 (bit2bool[252] shift2)
value restriction -1234 (bit2bool[245] shift2)
value restriction -1227 (bit2bool[238] shift2)
value restriction -1220 (bit2bool[231] shift2)
value restriction -1213 (bit2bool[224] shift2)
value restriction -1206 (bit2bool[217] shift2)
value restriction -1199 (bit2bool[210] shift2)
value restriction -1192 (bit2bool[203] shift2)
value restriction -1185 (bit2bool[196] shift2)
value restriction -1178 (bit2bool[189] shift2)
value restriction -1171 (bit2bool[182] shift2)
value restriction -1164 (bit2bool[175] shift2)
value restriction -1157 (bit2bool[168] shift2)
value restriction -1150 (bit2bool[161] shift2)
value restriction -1143 (bit2bool[154] shift2)
value restriction -1136 (bit2bool[147] shift2)
value restriction -1129 (bit2bool[140] shift2)
value restriction -1122 (bit2bool[133] shift2)
value restriction -1115 (bit2bool[126] shift2)
value restriction -1108 (bit2bool[119] shift2)
value restriction -1101 (bit2bool[112] shift2)
value restriction -1094 (bit2bool[105] shift2)
value restriction -1087 (bit2bool[98] shift2)
value restriction -1080 (bit2bool[91] shift2)
value restriction -1073 (bit2bool[84] shift2)
value restriction -1066 (bit2bool[77] shift2)
value restriction -1059 (bit2bool[70] shift2)
value restriction -1052 (bit2bool[63] shift2)
value restriction -1045 (bit2bool[56] shift2)
value restriction -1038 (bit2bool[49] shift2)
value restriction -1031 (bit2bool[42] shift2)
value restriction -1024 (bit2bool[35] shift2)
value restriction -1017 (bit2bool[28] shift2)
value restriction -1010 (bit2bool[21] shift2)
value restriction -1003 (bit2bool[14] shift2)
value restriction -996 (bit2bool[7] shift2)
value restriction -989 (bit2bool[0] shift2)
value restriction -1964 (bit2bool[316] shift3)
value restriction -1957 (bit2bool[309] shift3)
value restriction -1950 (bit2bool[302] shift3)
value restriction -1943 (bit2bool[295] shift3)
value restriction -1936 (bit2bool[288] shift3)
value restriction -1929 (bit2bool[281] shift3)
value restriction -1922 (bit2bool[274] shift3)
value restriction -1915 (bit2bool[267] shift3)
value restriction -1908 (bit2bool[260] shift3)
value restriction -1901 (bit2bool[253] shift3)
value restriction -1894 (bit2bool[246] shift3)
value restriction -1887 (bit2bool[239] shift3)
value restriction -1880 (bit2bool[232] shift3)
value restriction -1873 (bit2bool[225] shift3)
value restriction -1866 (bit2bool[218] shift3)
value restriction -1859 (bit2bool[211] shift3)
value restriction -1852 (bit2bool[204] shift3)
value restriction -1845 (bit2bool[197] shift3)
value restriction -1838 (bit2bool[190] shift3)
value restriction -1831 (bit2bool[183] shift3)
value restriction -1824 (bit2bool[176] shift3)
value restriction -1817 (bit2bool[169] shift3)
value restriction -1810 (bit2bool[162] shift3)
value restriction -1803 (bit2bool[155] shift3)
value restriction -1796 (bit2bool[148] shift3)
value restriction -1789 (bit2bool[141] shift3)
value restriction -1782 (bit2bool[134] shift3)
value restriction -1775 (bit2bool[127] shift3)
value restriction -1768 (bit2bool[120] shift3)
value restriction -1761 (bit2bool[113] shift3)
value restriction -1754 (bit2bool[106] shift3)
value restriction -1747 (bit2bool[99] shift3)
value restriction -1740 (bit2bool[92] shift3)
value restriction -1733 (bit2bool[85] shift3)
value restriction -1726 (bit2bool[78] shift3)
value restriction -1719 (bit2bool[71] shift3)
value restriction -1712 (bit2bool[64] shift3)
value restriction -1705 (bit2bool[57] shift3)
value restriction -1698 (bit2bool[50] shift3)
value restriction -1691 (bit2bool[43] shift3)
value restriction -1684 (bit2bool[36] shift3)
value restriction -1677 (bit2bool[29] shift3)
value restriction -1670 (bit2bool[22] shift3)
value restriction -1663 (bit2bool[15] shift3)
value restriction -1656 (bit2bool[8] shift3)
value restriction -1649 (bit2bool[1] shift3)
bounded run 100000
lookahead-search moves:0 max-moves:800
ramon: poll                 wall=1.001s usage=0.951s mem=128MiB load=0.95 rootload=0.93
ramon: poll                 wall=2.001s usage=1.948s mem=128MiB load=1.00 rootload=0.99
ramon: poll                 wall=3.000s usage=2.943s mem=128MiB load=1.00 rootload=1.00
ramon: poll                 wall=4.000s usage=3.942s mem=128MiB load=1.00 rootload=1.00
(sat.ddfw :unsat :models :kflips/sec  :flips  :restarts  :reinits  :unsat_vars  :shifts)
(sat.ddfw      82     12   2.50448     10073         0          0          313        1)
(sat.ddfw      62     11   2.47272     20226         0          1          288        1)
(sat.ddfw      62     69   4.66285     40155         0          2          300        2)
ramon: poll                 wall=5.000s usage=4.941s mem=128MiB load=1.00 rootload=1.00
(sat.ddfw      62    156   6.60243     70064         0          3          264        4)
(sat.ddfw      62    200    3.2326     85115         0          4          352        4)
sls-result l_undef
SLS -> SMT activity
(smt.stats :restarts :decisions   :clauses/bin/units               :simplify   :memory)
(smt.stats      :conflicts :propagations                 :lemmas     :deletions       )
(smt.stats    6    750  18539 400232 298605/156866/19007     570/3     3 13672  130.44)
bounded run 100000
(sat.ddfw :unsat :models :kflips/sec  :flips  :restarts  :reinits  :unsat_vars  :shifts)
(sat.ddfw      87     27   2.11178     10202         0          0          333        1)
(sat.ddfw      87     56   2.01648     20115         0          1          315        5)
(sat.ddfw      72     27   3.91478     40006         0          2          332        6)
(sat.ddfw      72    115   5.64891     70126         0          3          226        7)
(sat.ddfw      72    161   2.83947     85638         0          4           48        8)
sls-result l_undef
SLS -> SMT activity
ramon: poll                 wall=6.000s usage=5.939s mem=129MiB load=1.00 rootload=0.99
(smt.stats    7    861  23177 579396 298566/156920/19011     626/3     4 13683  130.54)
(smt.stats    8    983  23488 597364 298603/156933/19029     731/3     4 13683  130.54)
SMT -> SLS units 36745
bounded run 100000
(sat.ddfw :unsat :models :kflips/sec  :flips  :restarts  :reinits  :unsat_vars  :shifts)
(sat.ddfw      82      3   1.80821     10258         0          0          298        3)
(sat.ddfw      77      1   1.72606     20188         0          1          184        5)
(sat.ddfw      71     29   3.37891     40181         0          2          420        7)
(sat.ddfw      71    115   4.85075     70081         0          3          191        8)
(sat.ddfw      71    160   2.49984     85815         0          4          394        8)
sls-result l_undef
SLS -> SMT activity
(smt.stats    9   1117  26161 748029 298571/156996/19045     787/9     5 13751  130.63)
ramon: poll                 wall=7.000s usage=6.938s mem=129MiB load=1.00 rootload=1.00
(smt.stats   10   1218  33249 980379 298698/157002/19045     882/9     5 13751  130.73)
(smt.stats   11   1329  34511 1030369 298624/157051/19050     942/9     6 13753  130.73)
(smt.stats :restarts :decisions    :clauses/bin/units               :simplify   :memory)
(smt.stats     :conflicts  :propagations                 :lemmas      :deletions       )
(smt.stats   12   1451  35714 1078601 298661/157088/19050    1027/9     6 13753  130.83)
SMT -> SLS units 96470 96461
bounded run 100000
(sat.ddfw :unsat :models :kflips/sec  :flips  :restarts  :reinits  :unsat_vars  :shifts)
(sat.ddfw      87     27   1.49428     10185         0          0          243        3)
(sat.ddfw      82      3   1.46521     20292         0          1          328        3)
(sat.ddfw      64     20   2.80241     40091         0          2          322        4)
(sat.ddfw      64    105   4.10498     70123         0          3          258        5)
(sat.ddfw      64    148   2.07189     85542         0          4          265        6)
sls-result l_undef
SLS -> SMT activity
ramon: poll                 wall=8.041s usage=7.981s mem=129MiB load=1.00 rootload=1.01
(smt.stats   13   1585  38035 1242784 298718/157146/19054    1102/11     7 13771  130.83)
(smt.stats   14   1732  38661 1294820 298735/157152/19054    1243/11     7 13771  130.83)
(smt.stats   15   1833  40309 1381904 298734/157159/19054    1337/11     7 13771  130.92)
(smt.stats   16   1944  40780 1434866 298749/157190/19054    1417/11     7 13771  130.92)
(smt.stats   17   2066  40966 1455594 298749/157194/19054    1535/11     7 13771  131.03)
(smt.stats   18   2200  43245 1551608 298792/157239/19055    1623/11     8 13773  131.14)
(smt.stats   19   2347  43847 1580460 298816/157263/19055    1746/11     8 13773  131.14)
(smt.stats   20   2508  44742 1623460 298844/157291/19055    1879/11     8 13773  131.14)
bounded run 100000
lookahead-search moves:800 max-moves:1700
ramon: poll                 wall=9.000s usage=8.936s mem=129MiB load=1.00 rootload=0.99
ramon: poll                 wall=10.000s usage=9.935s mem=129MiB load=1.00 rootload=1.00
ramon: poll                 wall=11.000s usage=10.933s mem=129MiB load=1.00 rootload=1.00
ramon: poll                 wall=12.000s usage=11.933s mem=129MiB load=1.00 rootload=1.00
(sat.ddfw :unsat :models :kflips/sec  :flips  :restarts  :reinits  :unsat_vars  :shifts)
(sat.ddfw      71     17  0.816008     10032         0          0          313       10)
(sat.ddfw      71     45  0.806691     20014         0          1          272       11)
ramon: poll                 wall=13.000s usage=12.933s mem=129MiB load=1.00 rootload=1.00
(sat.ddfw      71    102   1.59429     40000         0          2          241       13)
(sat.ddfw      71    189   2.36127     70236         0          3          293       15)
(sat.ddfw      71    231   1.12454     84774         0          4          289       15)
sls-result l_undef
SLS -> SMT activity
(smt.stats   21   2609  45495 1665383 298981/157301/19055    1970/11     8 13773  131.14)
(smt.stats   22   2720  45914 1689840 298866/157310/19055    2072/11     8 13773  131.14)
(smt.stats   23   2842  46197 1716223 298850/157332/19067    2098/41     9 13881  131.14)
(smt.stats   24   2976  46584 1739659 298863/157345/19084    2216/41     9 13881  131.14)
(smt.stats   25   3123  47592 1782239 298933/157366/19084    2342/41     9 13881  131.14)
(smt.stats   26   3284  48480 1812368 298952/157399/19096    2467/41     9 13881  131.37)
(smt.stats   27   3461  49307 1886867 298942/157416/19096    2627/41     9 13881  131.37)
(smt.stats   28   3562  49573 1924200 298913/157438/19096    2705/41    10 13939  131.37)
(smt.stats   29   3673  50150 1965815 298909/157448/19096    2806/41    10 13939  131.37)
(smt.stats   30   3795  53239 2106503 298938/157467/19096    2909/41    10 13939  131.81)
(smt.stats   31   3929  54140 2145763 298913/157475/19131    3032/41    11 13962  131.81)
(smt.stats :restarts :decisions    :clauses/bin/units               :simplify    :memory)
(smt.stats     :conflicts  :propagations                 :lemmas       :deletions       )
(smt.stats   32   4076  54981 2226344 298935/157487/19131    3167/41    11 13962  131.81)
(smt.stats   33   4237  55540 2278873 298897/157506/19135    3306/41    12 14013  131.81)
(smt.stats   34   4414  55997 2354241 298914/157523/19135    3466/41    12 14013  132.40)
(smt.stats   35   4608  56548 2404493 298928/157539/19143    3643/41    12 14013  132.40)
(smt.stats   36   4709  56796 2435167 298944/157549/19143    3734/41    13 14029  132.40)
bounded run 100000
ramon: poll                 wall=14.000s usage=13.933s mem=131MiB load=1.00 rootload=1.00
(sat.ddfw :unsat :models :kflips/sec  :flips  :restarts  :reinits  :unsat_vars  :shifts)
(sat.ddfw      93     14  0.736997     10004         0          0          345        1)
(sat.ddfw      93     43  0.745407     20187         0          1          412        1)
(sat.ddfw      84     34   1.43271     40000         0          2           11        2)
(sat.ddfw      74     45   2.14866     70266         0          3          268        3)
(sat.ddfw      74     89    1.0899     85760         0          4          209        3)
sls-result l_undef
SLS -> SMT activity
(smt.stats   37   4820  61075 2563403 299014/157597/19143    3797/41    13 14029  132.40)
(smt.stats   38   4942  62477 2631101 299015/157630/19143    3886/41    13 14029  132.58)
(smt.delete-inactive-clauses  :num-deleted-clauses 1414)
(smt.stats   39   5076  62701 2658878 299013/157640/19143    2596/41    13 14029  132.58)
(smt.stats   40   5223  64408 2708461 299054/157652/19143    2731/41    13 14029  132.58)
ramon: poll                 wall=15.000s usage=14.933s mem=131MiB load=1.00 rootload=1.00
(smt.stats   41   5384  66719 2775357 299080/157702/19157    2838/41    14 14031  132.58)
(smt.stats   42   5561  67530 2848228 299094/157723/19187    2990/41    14 14031  132.58)
(smt.stats   43   5755  68519 2922174 299128/157736/19188    3170/41    14 14031  132.58)
(smt.stats   44   5968  70133 3003669 299019/157749/19196    3357/49    15 14144  132.68)
(smt.stats   45   6069  70722 3042076 299035/157762/19196    3445/49    15 14144  132.68)
(smt.stats   46   6180  73045 3140551 299066/157796/19196    3522/49    15 14144  132.68)
(smt.stats   47   6302  73751 3191709 299081/157827/19196    3613/49    16 14160  132.68)
(smt.stats   48   6436  75042 3261231 299102/157841/19520    3732/49    16 14160  132.68)
(smt.stats   49   6583  77012 3380663 297246/157871/19891    3820/59    17 16052  132.68)
(smt.stats   50   6744  78551 3470978 297277/157890/19891    3962/59    17 16052  132.77)
(smt.stats   51   6921  79975 3532383 297146/157903/19891    4126/60    18 16190  132.77)
(smt.stats :restarts :decisions    :clauses/bin/units               :simplify    :memory)
(smt.stats     :conflicts  :propagations                 :lemmas       :deletions       )
(smt.stats   52   7115  80457 3583470 297181/157932/19895    4289/60    18 16190  132.77)
ramon: poll                 wall=16.000s usage=15.933s mem=131MiB load=1.00 rootload=1.00
(smt.stats   53   7328  81860 3673278 297220/157963/19895    4471/60    18 16190  132.77)
(smt.stats   54   7562  82485 3729521 297227/157997/19895    4671/62    19 16202  132.77)
(smt.stats   55   7663  83009 3768027 297268/158011/19895    4758/62    19 16202  132.87)
(smt.stats   56   7774  83420 3834633 297255/158039/19895    4841/62    19 16202  132.87)
(smt.stats   57   7896  83846 3869983 297311/158068/19895    4934/62    19 16202  132.87)
(smt.stats   58   8030  84206 3928113 297287/158080/19905    5054/62    20 16211  132.87)
(smt.stats   59   8177  86253 4043806 297337/158120/19905    5161/62    20 16211  132.87)
(smt.stats   60   8338  91089 4315304 297295/158175/19953    5259/62    22 16319  132.96)
(smt.stats   61   8515  92711 4429168 297311/158204/19962    5405/62    22 16319  134.08)
(smt.stats   62   8709  95314 4574125 297342/158255/19998    5545/62    23 16337  134.18)
ramon: poll                 wall=17.000s usage=16.933s mem=133MiB load=1.00 rootload=0.99
(smt.stats   63   8922  96517 4669167 297302/158269/19998    5742/62    24 16409  134.18)
(smt.stats   64   9156  97199 4745420 297275/158302/20022    5940/62    25 16453  134.18)
(smt.stats   65   9413  97764 4821723 297285/158310/20022    6189/62    25 16453  134.27)
(smt.stats   66   9514  97942 4870677 297304/158326/20022    6274/62    25 16453  134.27)
(smt.stats   67   9625  98259 4902946 297312/158334/20022    6377/62    25 16453  134.27)
(smt.stats   68   9747  98749 4969466 297316/158352/20032    6479/62    26 16459  134.37)
bounded run 100000
(sat.ddfw :unsat :models :kflips/sec  :flips  :restarts  :reinits  :unsat_vars  :shifts)
(sat.ddfw      89     17  0.609729     10241         0          0          271        2)
(sat.ddfw      80      9  0.582341     20068         0          1          352        2)
(sat.ddfw      63     53   1.17549     40103         0          2          352        3)
(sat.ddfw      63    141   1.74243     70247         0          3          226        4)
(sat.ddfw      63    186  0.868365     85380         0          4          272        5)
sls-result l_undef
SLS -> SMT activity
(smt.stats   69   9881 100828 5051232 297359/158393/20067    6568/62    26 16459  134.46)
ramon: poll                 wall=18.005s usage=17.941s mem=133MiB load=1.00 rootload=1.01
(smt.delete-inactive-clauses  :num-deleted-clauses 2084)
(smt.stats   70  10028 101681 5091514 297426/158442/20085    4578/62    26 16459  134.46)
(smt.stats   71  10189 103074 5158770 297426/158462/20085    4719/62    26 16459  134.46)
(smt.stats :restarts :decisions    :clauses/bin/units               :simplify    :memory)
(smt.stats    :conflicts   :propagations                 :lemmas       :deletions       )
(smt.stats   72  10366 105457 5272240 297338/158484/20098    4866/65    27 16575  134.46)
(smt.stats   73  10560 107159 5330646 295642/158564/20877    4945/73    28 18371  134.46)
(smt.stats   74  10773 109777 5459877 295575/158586/21034    5129/73    29 18460  134.46)
(smt.stats   75  11007 110723 5583906 295594/158605/21034    5344/73    29 18460  134.46)
(smt.stats   76  11264 112389 5669476 295252/158629/21035    5566/73    30 18836  134.46)
(smt.stats   77  11546 113466 5792430 295266/158643/21035    5834/73    30 18836  134.56)
(smt.stats   78  11647 113854 5838852 295274/158653/21035    5925/73    31 18838  134.56)
(smt.stats   79  11758 114132 5869028 295285/158664/21035    6025/73    31 18838  134.56)
(smt.stats   80  11880 114436 5912518 295293/158672/21035    6139/73    31 18838  134.56)
(smt.stats   81  12014 114710 5953699 295297/158681/21038    6261/75    32 18845  134.56)
(smt.stats   82  12161 115088 5990312 295302/158684/21038    6405/75    32 18845  134.66)
(smt.stats   83  12322 118591 6168674 295306/158723/21064    6522/75    33 18880  134.66)
(smt.stats   84  12499 123031 6426832 295297/158757/21077    6663/75    34 18921  134.66)
ramon: poll                 wall=19.001s usage=18.934s mem=133MiB load=1.00 rootload=0.99
(smt.stats   85  12693 123720 6463710 295341/158801/21146    6810/75    34 18921  134.66)
(smt.stats   86  12906 129533 6771212 295285/158842/21152    6978/78    35 19046  134.75)
(smt.stats   87  13140 132241 7015995 295188/158876/21201    7168/78    37 19153  136.56)
(smt.stats   88  13397 133024 7059002 295204/158892/21214    7407/78    37 19153  136.56)
(smt.stats   89  13679 137070 7353455 295217/158953/21228    7608/80    38 19221  136.66)
(smt.stats   90  13989 139222 7493668 295276/159025/21231    7843/80    39 19232  136.95)
(smt.stats   91  14090 142099 7624430 295274/159043/21237    7921/80    40 19253  136.95)
(smt.stats :restarts :decisions    :clauses/bin/units               :simplify    :memory)
(smt.stats    :conflicts   :propagations                 :lemmas       :deletions       )
(smt.stats   92  14201 144181 7736171 295301/159066/21258    8003/80    40 19253  136.95)
ramon: poll                 wall=20.000s usage=19.930s mem=137MiB load=1.00 rootload=0.99
(smt.stats   93  14323 146114 7856136 295261/159076/21264    8113/80    41 19299  137.07)
(smt.stats   94  14457 146447 7900013 295261/159091/21265    8231/80    42 19314  137.07)
(smt.stats   95  14604 148117 8049929 295284/159114/21323    8352/80    42 19314  137.07)
(smt.stats   96  14765 149477 8180020 295215/159138/21331    8482/74    43 19415  137.07)
(smt.stats   97  14942 151298 8317961 295215/159165/21336    8631/74    44 19440  137.07)
(smt.delete-inactive-clauses  :num-deleted-clauses 1927)
(smt.stats   98  15136 152485 8442995 295249/159199/21374    6862/74    44 19440  137.07)
(smt.stats   99  15349 153504 8546314 295225/159234/21381    7020/111    45 19537  137.07)
(smt.stats :restarts :decisions    :clauses/bin/units                :simplify    :memory)
(smt.stats    :conflicts   :propagations                 :lemmas        :deletions       )
(smt.stats  100  15583 155330 8912653 295241/159268/21391    7217/111    46 19546  137.17)
(smt.stats  101  15840 157723 9095268 295305/159320/21391    7422/111    46 19546  137.26)
ramon: poll                 wall=21.000s usage=20.930s mem=137MiB load=1.00 rootload=1.00
(smt.stats  102  16122 160396 9304423 295307/159354/21395    7669/111    47 19556  137.26)
(smt.stats  103  16432 162658 9454886 295353/159408/21403    7923/112    48 19565  137.26)
(smt.stats  104  16772 164059 9585863 295384/159435/21408    8235/112    49 19579  137.37)
(smt.stats  105  16873 165486 9676265 295418/159467/21408    8304/112    49 19579  137.37)
(smt.stats  106  16984 166087 9719303 295422/159501/21408    8381/112    50 19588  137.37)
(smt.stats  107  17106 167502 9787024 295440/159519/21421    8480/112    50 19588  137.37)
(smt.stats  108  17240 169780 9922101 295464/159524/21421    8609/112    50 19588  137.46)
(smt.stats  109  17387 170941 9976810 295446/159550/21421    8730/112    51 19613  137.46)
(smt.stats :restarts :decisions     :clauses/bin/units                :simplify    :memory)
(smt.stats    :conflicts   :propagations                  :lemmas        :deletions       )
(smt.stats  110  17548 171915 10086574 295426/159562/21437    8877/112    52 19645  137.46)
(smt.stats  111  17725 172831 10163693 295443/159579/21437    9037/112    52 19645  137.56)
(smt.stats  112  17919 173360 10215511 295447/159588/21440    9221/115    53 19650  137.56)
(smt.stats  113  18133 175632 10433569 295427/159629/21481    9387/115    54 19732  137.65)
(smt.stats  114  18367 177544 10617666 295442/159642/21489    9607/115    54 19732  137.75)
(smt.stats  115  18624 178398 10797860 295465/159679/21489    9827/115    55 19748  137.75)
ramon: poll                 wall=22.000s usage=21.930s mem=137MiB load=1.00 rootload=1.00
(smt.stats  116  18906 180491 10967719 295451/159721/21588   10061/115    56 19784  137.84)
(smt.stats  117  19216 182675 11135280 295525/159775/21588   10317/115    56 19784  137.84)
(smt.stats  118  19556 184396 11291637 295368/159784/21588   10636/115    57 19937  137.84)
(smt.stats  119  19929 187500 11564282 295406/159828/21601   10963/115    58 19953  137.94)
(smt.delete-inactive-clauses  :num-deleted-clauses 1232)
(smt.stats  120  20030 187798 11603672 295423/159847/21601    9813/115    59 19962  137.94)
(smt.stats  121  20141 188151 11634098 295420/159860/21601    9911/115    59 19962  137.94)
(smt.stats  122  20263 188402 11657034 295470/159905/21601    9988/115    59 19962  137.94)
(smt.stats  123  20397 189516 11716841 295486/159919/21601   10108/115    59 19962  138.03)
(smt.stats  124  20544 190641 11849751 295493/159940/21663   10229/115    60 19978  138.03)
(smt.stats  125  20705 191859 11972205 295412/159963/21669   10365/115    61 20072  138.03)
(smt.stats  126  20882 192707 12001711 295425/159976/21669   10529/115    61 20072  138.03)
ramon: poll                 wall=23.000s usage=22.925s mem=137MiB load=0.99 rootload=1.00
(smt.stats  127  21076 194333 12161625 295446/159985/21669   10714/115    61 20072  138.13)
(smt.stats  128  21289 195009 12246325 295474/160032/21675   10878/115    62 20081  138.13)
(smt.stats  129  21523 196081 12370497 295510/160058/21675   11086/115    62 20081  138.13)
SMT -> SLS phase
SMT -> SLS units 56417
SMT -> SLS values
bounded run 30000
(sat.ddfw :unsat :models :kflips/sec  :flips  :restarts  :reinits  :unsat_vars  :shifts)
(sat.ddfw      84     26  0.429701     10000         0          0           62        1)
(sat.ddfw      84     54  0.428192     20000         0          1          292        1)
(sat.ddfw      84     70  0.243803     25705         0          2          276        1)
sls-result l_undef
SLS -> SMT phase 62
SLS -> SMT values
(smt.stats :restarts :decisions     :clauses/bin/units                :simplify    :memory)
(smt.stats    :conflicts   :propagations                 :lemmas         :deletions       )
(smt.stats  130  21780 201271 12800894 295462/160088/21708   11303/111    65 20162  138.33)
ramon: poll                 wall=24.000s usage=23.925s mem=137MiB load=1.00 rootload=1.00
(smt.stats  131  22062 203470 13026717 295408/160113/21757   11548/113    66 20243  138.33)
SMT -> SLS phase
SMT -> SLS values
bounded run 20000
(sat.ddfw :unsat :models :kflips/sec  :flips  :restarts  :reinits  :unsat_vars  :shifts)
(sat.ddfw      87      8  0.419252     10000         0          0            4        1)
(sat.ddfw      87     28  0.295554     17067         0          1          339        1)
sls-result l_undef
(smt.stats  132  22372 207107 13323479 295432/160164/21817   11799/114    67 20268  138.60)
bounded run 100000
(sat.ddfw :unsat :models :kflips/sec  :flips  :restarts  :reinits  :unsat_vars  :shifts)
(sat.ddfw      84     16   0.41511     10000         0          0          124        1)
(sat.ddfw      84     46  0.414044     20012         0          1          244        1)
(sat.ddfw      81      6  0.828154     40185         0          2          192        2)
lookahead-search moves:1700 max-moves:2700
ramon: poll                 wall=25.000s usage=24.925s mem=137MiB load=1.00 rootload=0.99
ramon: poll                 wall=26.000s usage=25.925s mem=137MiB load=1.00 rootload=1.00
ramon: poll                 wall=27.000s usage=26.925s mem=137MiB load=1.00 rootload=1.00
ramon: poll                 wall=28.000s usage=27.925s mem=137MiB load=1.00 rootload=1.00
ramon: poll                 wall=29.000s usage=28.925s mem=137MiB load=1.00 rootload=1.00
ramon: poll                 wall=30.000s usage=29.924s mem=137MiB load=1.00 rootload=1.00
(sat.ddfw      80      2   1.00887     70197         0          3          336        3)
(sat.ddfw      80     43  0.477818     84468         0          4          102        3)
sls-result l_undef
SLS -> SMT activity
(smt.stats  133  22712 209522 13527127 295413/160209/21817   12090/114    68 20368  139.03)
(smt.stats  134  23085 212448 13741802 295445/160286/21878   12376/114    69 20385  139.12)
(smt.stats  135  23495 213847 13964431 295095/160306/22031   12733/118    71 20773  142.69)
(smt.stats  136  23596 214284 14003858 295130/160325/22031   12815/118    71 20773  142.69)
(smt.stats  137  23707 214543 14032629 295130/160341/22031   12910/118    71 20773  142.69)
(smt.stats  138  23829 214957 14085199 295191/160355/22031   13018/118    71 20773  142.69)
(smt.stats  139  23963 215591 14137106 295172/160371/22031   13136/118    71 20773  142.69)
(smt.stats  140  24110 216815 14207231 295173/160389/22061   13262/118    72 20783  142.69)
(smt.stats  141  24271 217867 14324072 295186/160407/22082   13403/118    72 20783  142.79)
ramon: poll                 wall=31.000s usage=30.924s mem=145MiB load=1.00 rootload=1.00
SMT -> SLS phase
SMT -> SLS values
bounded run 10000
(sat.ddfw :unsat :models :kflips/sec  :flips  :restarts  :reinits  :unsat_vars  :shifts)
(sat.ddfw      93     16  0.280395      8584         0          0          311        1)
sls-result l_undef
SMT -> SLS phase
SMT -> SLS values
bounded run 10000
(sat.ddfw :unsat :models :kflips/sec  :flips  :restarts  :reinits  :unsat_vars  :shifts)
(sat.ddfw      93      6  0.282104      8662         0          0          374        1)
sls-result l_undef
(smt.stats  142  24448 222216 14661628 295126/160435/22093   13549/118    73 20871  142.89)
(smt.stats  143  24642 223025 14754969 295134/160461/22098   13716/118    74 20889  142.89)
(smt.stats  144  24855 224898 14961511 295142/160485/22107   13899/118    75 20918  142.89)
(smt.delete-inactive-clauses  :num-deleted-clauses 1209)
(smt.stats  145  25089 226425 15162023 295167/160508/22113   12898/118    75 20918  142.98)
(smt.stats  146  25346 228987 15416130 295164/160533/22144   13126/119    76 20934  142.98)
(smt.stats  147  25628 229985 15546728 295172/160566/22167   13373/119    77 20981  143.08)
ramon: poll                 wall=32.000s usage=31.924s mem=145MiB load=1.00 rootload=1.00
(smt.stats  148  25938 232787 15836306 295109/160587/22180   13651/127    78 21062  143.08)
(smt.stats  149  26278 234146 15972627 295154/160658/22208   13918/128    79 21114  143.08)
(smt.stats :restarts :decisions     :clauses/bin/units                :simplify    :memory)
(smt.stats    :conflicts   :propagations                 :lemmas         :deletions       )
(smt.stats  150  26651 235335 16082846 295166/160705/22214   14242/128    79 21114  143.17)
(smt.stats  151  27061 238038 16348338 295201/160751/22221   14601/128    80 21133  143.17)
(smt.stats  152  27511 239122 16480277 295288/160855/22224   14939/129    81 21152  143.27)
(smt.stats  153  27612 239285 16525525 295290/160857/22224   15038/129    81 21152  143.27)
(smt.stats  154  27723 239514 16593183 295297/160864/22224   15142/129    81 21152  143.27)
(smt.stats  155  27845 239774 16642625 295309/160876/22224   15252/129    81 21152  143.27)
(smt.stats  156  27979 240113 16715222 295313/160878/22224   15384/129    81 21152  143.36)
(smt.stats  157  28126 240848 16805518 295325/160893/22229   15508/129    82 21163  143.36)
(smt.stats  158  28287 245105 17115364 295346/160920/22238   15637/131    83 21189  143.36)
(smt.stats  159  28464 245537 17173733 295351/160946/22238   15788/131    83 21189  143.46)
ramon: poll                 wall=33.000s usage=32.924s mem=145MiB load=1.00 rootload=1.00
(smt.stats  160  28658 246422 17288890 295363/160958/22238   15970/131    83 21189  143.46)
(smt.stats  161  28871 247890 17405103 295390/160985/22238   16156/131    83 21189  143.46)
(smt.stats  162  29105 249209 17566884 295461/161056/22246   16318/131    84 21205  143.56)
(smt.stats  163  29363 252946 17949184 295372/161077/22304   16549/131    85 21305  143.65)
(smt.stats  164  29645 254356 18112670 295418/161131/22310   16774/131    86 21312  143.65)
(smt.stats  165  29955 258229 18442522 295454/161174/22347   17038/132    87 21328  143.75)
(smt.delete-inactive-clauses  :num-deleted-clauses 4639)
ramon: poll                 wall=34.000s usage=33.924s mem=145MiB load=1.00 rootload=1.00
(smt.stats  166  30295 260748 18622284 295451/161221/22406   12677/133    88 21392  143.75)
(smt.stats  167  30668 262154 18875234 295353/161240/22406   13021/133    89 21506  143.75)
(smt.stats  168  31078 263318 19032906 295331/161271/22439   13393/133    90 21568  143.75)
(smt.stats  169  31528 265971 19329355 295397/161339/22453   13772/133    91 21586  143.75)
(smt.stats :restarts :decisions     :clauses/bin/units                :simplify    :memory)
(smt.stats    :conflicts   :propagations                 :lemmas         :deletions       )
(smt.stats  170  32022 269157 19655620 295392/161365/22454   14235/135    92 21601  143.85)
(smt.stats  171  32123 269864 19719935 295404/161368/22454   14333/135    93 21603  143.85)
(smt.stats  172  32234 270105 19749991 295419/161394/22460   14417/135    93 21603  143.85)
(smt.stats  173  32356 270795 19817874 295435/161407/22461   14525/135    93 21603  143.85)
(smt.stats  174  32490 271472 19894168 295444/161430/22461   14612/136    94 21646  143.85)
(smt.stats  175  32637 271820 19964368 295464/161458/22479   14729/136    94 21646  143.85)
ramon: poll                 wall=35.000s usage=34.924s mem=145MiB load=1.00 rootload=1.00
(smt.stats  176  32798 272234 20045580 295503/161485/22479   14863/136    94 21646  143.94)
(smt.stats  177  32975 273218 20161595 295470/161509/22479   14928/184    95 21787  143.94)
(smt.stats  178  33169 274061 20245829 295508/161539/22479   15092/184    95 21787  143.94)
(smt.stats  179  33382 275722 20413026 295522/161578/22508   15264/184    96 21796  144.04)
(smt.stats  180  33616 276287 20561151 295482/161594/22515   15473/185    97 21860  144.04)
(smt.stats  181  33873 278126 20752852 295522/161613/22522   15709/185    97 21860  144.04)
(smt.stats  182  34155 279789 20905854 295525/161644/22533   15955/185    98 21874  144.13)
(smt.stats  183  34465 284176 21297950 295472/161706/23000   16192/187   100 21983  144.13)
ramon: poll                 wall=36.001s usage=35.928s mem=145MiB load=1.00 rootload=1.01
(smt.stats  184  34805 286587 21535163 295512/161746/23028   16490/187   100 21983  144.32)
(smt.delete-inactive-clauses  :num-deleted-clauses 1428)
(smt.stats  185  35178 290126 21814914 294834/161813/23063   15347/202   102 22773  144.32)
(smt.stats  186  35588 292159 22056914 294855/161860/23092   15709/202   102 22773  144.42)
(smt.stats  187  36038 296599 22311632 294899/161938/23127   16078/202   103 22822  144.51)
(smt.stats  188  36532 300860 22628349 294872/161996/23136   16512/202   105 22891  144.61)
ramon: poll                 wall=37.001s usage=36.927s mem=145MiB load=1.00 rootload=1.00
(smt.stats  189  37075 302769 22866652 294932/162056/23136   16995/202   105 22891  144.70)
(smt.stats :restarts :decisions     :clauses/bin/units               :simplify     :memory)
(smt.stats    :conflicts   :propagations                 :lemmas         :deletions       )
(smt.stats  190  37176 303264 22891515 294957/162092/23146   17058/202   106 22902  144.70)
(smt.stats  191  37287 304199 22972509 294971/162106/23146   17155/202   106 22902  144.80)
(smt.stats  192  37409 304559 23002646 294990/162125/23146   17258/202   106 22902  144.80)
(smt.stats  193  37543 304889 23034864 295006/162141/23154   17375/202   106 22902  144.80)
(smt.stats  194  37690 305890 23129580 295021/162156/23154   17507/202   106 22902  144.80)
(smt.stats  195  37851 306677 23250930 295029/162172/23162   17651/202   107 22926  144.99)
(smt.stats  196  38028 307920 23329681 295025/162181/23162   17819/202   107 22926  144.99)
(smt.stats  197  38222 308329 23364295 295033/162202/23162   17992/202   108 22942  144.99)
(smt.stats  198  38435 308999 23437236 295049/162219/23162   18188/202   108 22942  144.99)
(smt.stats  199  38669 310933 23607228 295038/162252/23188   18380/202   109 22997  145.14)
ramon: poll                 wall=38.000s usage=37.923s mem=147MiB load=1.00 rootload=0.99
(smt.stats  200  38926 317813 24178040 295054/162286/23201   18598/202   110 23012  145.89)
(smt.stats  201  39208 319122 24369027 295110/162338/23208   18827/202   111 23023  145.89)
(smt.stats  202  39518 321739 24613779 294976/162386/23283   19018/205   113 23252  145.89)
(smt.stats  203  39858 323094 24781043 295024/162426/23284   19317/205   113 23252  153.05)
(smt.delete-inactive-clauses  :num-deleted-clauses 3579)
ramon: poll                 wall=39.000s usage=38.923s mem=161MiB load=1.00 rootload=1.00
(smt.stats  204  40231 327564 25192049 294693/162480/23529   16040/220   115 23639  153.05)
(smt.stats  205  40641 330720 25528364 294690/162519/23539   16408/219   116 23682  153.05)
(smt.stats  206  41091 332862 25744943 294762/162619/23551   16752/224   118 23714  153.05)
(smt.stats  207  41585 334468 26033967 294812/162655/23556   17209/224   118 23714  153.14)
(smt.stats  208  42128 336689 26331049 294856/162697/23557   17709/224   119 23723  153.24)
ramon: poll                 wall=40.001s usage=39.927s mem=161MiB load=1.00 rootload=1.01
(smt.stats  209  42725 341072 26917161 294878/162759/23564   18241/223   121 23739  153.33)
(smt.stats :restarts :decisions     :clauses/bin/units               :simplify     :memory)
(smt.stats    :conflicts   :propagations                 :lemmas         :deletions       )
(smt.stats  210  42826 341314 26948712 294901/162782/23564   18319/223   121 23739  153.33)
(smt.stats  211  42937 341795 27018250 294937/162794/23564   18418/223   121 23739  153.33)
(smt.stats  212  43059 342024 27059459 294950/162807/23564   18527/223   121 23739  153.33)
(smt.stats  213  43193 342267 27136404 294932/162813/23564   18655/223   121 23739  153.43)
(smt.stats  214  43340 342726 27217811 294944/162827/23568   18778/223   122 23756  153.43)
(smt.stats  215  43501 343154 27345465 294946/162835/23568   18931/223   122 23756  153.43)
(smt.stats  216  43678 344377 27506724 294972/162849/23568   19094/223   122 23756  153.52)
ramon: poll                 wall=41.000s usage=40.923s mem=161MiB load=1.00 rootload=0.99
(smt.stats  217  43872 345330 27638906 294969/162858/23568   19279/223   122 23756  153.62)
(smt.stats  218  44085 345853 27732757 294997/162875/23568   19475/223   122 23756  153.62)
(smt.stats  219  44319 347741 27917403 294989/162905/23645   19673/223   123 23783  153.62)
(smt.stats  220  44576 349800 28162428 295034/162925/23645   19910/223   123 23783  153.71)
(smt.stats  221  44858 352372 28407910 294977/162957/23654   20148/226   124 23885  153.81)
(smt.delete-inactive-clauses  :num-deleted-clauses 2252)
(smt.stats  222  45168 352900 28496914 294997/162994/23654   18169/226   125 23902  153.81)
ramon: poll                 wall=42.000s usage=41.923s mem=161MiB load=1.00 rootload=1.00
(smt.stats  223  45508 354328 28694610 294996/163025/23671   18474/227   126 23920  153.81)
(smt.stats  224  45881 359277 28976641 295008/163067/23686   18802/227   127 23936  153.81)
(smt.stats  225  46291 361147 29208381 295032/163091/23690   19187/227   127 23936  153.81)
(smt.stats  226  46741 362163 29339977 295059/163155/23690   19573/227   128 23973  153.81)
(smt.stats  227  47235 363624 29538645 295138/163213/23710   20006/227   129 23978  153.91)
(smt.stats  228  47778 364885 29746981 295173/163244/23710   20518/227   129 23978  153.91)
ramon: poll                 wall=43.000s usage=42.923s mem=161MiB load=1.00 rootload=1.00
(smt.stats  229  48375 368765 30305494 295187/163295/23719   21061/227   131 24014  154.00)
(smt.stats :restarts :decisions     :clauses/bin/units               :simplify     :memory)
(smt.stats    :conflicts   :propagations                 :lemmas         :deletions       )
(smt.stats  230  49031 370808 30692498 295245/163344/23719   21662/227   132 24030  154.10)
(smt.stats  231  49132 371781 30755434 295231/163356/23723   21749/227   133 24035  154.10)
(smt.stats  232  49243 372787 30844758 295220/163371/23743   21844/227   133 24035  154.10)
(smt.stats  233  49365 373335 30902107 295269/163376/23754   21960/227   133 24035  154.10)
(smt.stats  234  49499 373802 30967802 295232/163396/23754   22073/227   134 24093  154.10)
(smt.stats  235  49646 374078 31032268 295196/163404/23757   22211/227   134 24093  154.19)
(smt.stats  236  49807 374672 31089922 295209/163415/23760   22360/227   134 24093  154.19)
(smt.stats  237  49984 375178 31193550 295230/163426/23760   22524/229   135 24105  154.19)
(smt.delete-inactive-clauses  :num-deleted-clauses 3813)
(smt.stats  238  50178 375918 31276402 295287/163459/23765   18871/229   135 24105  154.19)
(smt.stats  239  50391 377213 31449188 295231/163477/23772   19058/233   136 24140  154.19)
ramon: poll                 wall=44.001s usage=43.927s mem=161MiB load=1.00 rootload=1.01
(smt.stats  240  50625 377985 31618390 295246/163492/23772   19277/233   136 24140  154.19)
(smt.stats  241  50882 378809 31750884 295279/163525/23772   19501/233   136 24140  154.29)
(smt.stats  242  51164 379404 31857122 295342/163594/23817   19711/233   137 24146  154.29)
(smt.stats  243  51474 380064 32046005 295263/163604/23828   19995/233   138 24255  154.29)
(smt.stats  244  51814 382006 32293462 295304/163646/23839   20291/233   139 24275  154.38)
(smt.stats  245  52187 384414 32542883 295314/163698/23862   20608/236   140 24293  154.48)
(smt.stats  246  52597 385039 32749575 295323/163707/23862   21009/236   140 24293  154.48)
(smt.stats  247  53047 386543 32990891 295311/163738/23863   21403/257   142 24360  154.57)
ramon: poll                 wall=45.005s usage=44.931s mem=161MiB load=1.00 rootload=1.00
(smt.stats  248  53541 389464 33345480 295195/163804/23966   21788/337   143 24582  154.67)
(smt.stats  249  54084 390390 33643245 295204/163829/23966   22306/338   144 24598  154.76)
(smt.stats :restarts :decisions     :clauses/bin/units               :simplify     :memory)
(smt.stats    :conflicts   :propagations                 :lemmas         :deletions       )
(smt.stats  250  54681 391306 33903553 295223/163846/23966   22886/338   144 24598  154.76)
(smt.delete-inactive-clauses  :num-deleted-clauses 1944)
(smt.stats  251  55337 392188 34310224 295231/163856/23966   21588/338   144 24598  154.86)
(smt.stats  252  56058 393857 34649126 295280/163894/24020   22264/338   145 24603  154.86)
(smt.stats  253  56159 395352 34798641 295290/163904/24020   22355/338   145 24603  154.96)
(smt.stats  254  56270 395621 34860169 295150/163905/24020   22434/392   146 24759  154.96)
ramon: poll                 wall=46.000s usage=45.922s mem=161MiB load=1.00 rootload=0.99
(smt.stats  255  56392 396330 34927191 295197/163924/24020   22537/392   146 24759  154.96)
(smt.stats  256  56527 396749 34991256 295156/163931/24031   22662/392   147 24780  154.96)
(smt.stats  257  56674 397411 35083188 295174/163949/24031   22791/392   147 24780  155.05)
(smt.stats  258  56835 399067 35252699 295212/163964/24034   22936/392   147 24780  155.05)
(smt.stats  259  57012 400175 35400063 295193/163973/24034   23101/393   148 24788  155.05)
(smt.stats  260  57206 401424 35545820 295266/164008/24034   23260/393   148 24788  155.15)
bounded run 100000
(sat.ddfw :unsat :models :kflips/sec  :flips  :restarts  :reinits  :unsat_vars  :shifts)
(sat.ddfw      88      1  0.221805     10217         0          0          271        9)
(sat.ddfw      88     29  0.215228     20150         0          1          372       11)
(sat.ddfw      88     84  0.430428     40087         0          2          325       12)
ramon: poll                 wall=47.000s usage=46.921s mem=161MiB load=1.00 rootload=1.00
(sat.ddfw      83     59  0.644966     70125         0          3          208       15)
(sat.ddfw      81      6  0.328001     85442         0          4          333       15)
sls-result l_undef
SLS -> SMT activity
SMT -> SLS phase
SMT -> SLS values
bounded run 10000
(sat.ddfw :unsat :models :kflips/sec  :flips  :restarts  :reinits  :unsat_vars  :shifts)
(sat.ddfw      87     25  0.179701      8410         0          0           97        1)
sls-result l_undef
(smt.stats  261  57419 402296 35621669 295245/164028/24039   23436/401   149 24818  155.15)
(smt.stats  262  57653 403160 35752548 295254/164048/24047   23649/401   149 24818  155.15)
(smt.stats  263  57910 403588 35886726 295246/164056/24047   23898/401   150 24834  155.24)
(smt.stats  264  58192 404535 36069380 295320/164102/24052   24133/401   150 24834  155.24)
(smt.stats  265  58502 405161 36420903 295323/164113/24052   24424/401   151 24850  155.34)
(smt.stats  266  58842 406504 36639393 295287/164135/24076   24739/401   152 24881  155.34)
ramon: poll                 wall=48.001s usage=47.925s mem=161MiB load=1.00 rootload=1.00
(smt.stats  267  59215 409086 36887468 295365/164173/24076   25074/401   152 24881  155.34)
(smt.stats  268  59625 410561 37111569 295374/164221/24078   25434/401   153 24896  155.43)
(smt.delete-inactive-clauses  :num-deleted-clauses 2753)
(smt.stats  269  60075 412095 37310127 295397/164232/24078   23120/403   154 24901  155.34)
(smt.stats :restarts :decisions     :clauses/bin/units               :simplify     :memory)
(smt.stats    :conflicts   :propagations                 :lemmas         :deletions       )
(smt.stats  270  60569 414339 37551346 295400/164276/24087   23567/405   155 24909  155.34)
(smt.stats  271  61112 415165 37827717 295406/164282/24087   24104/405   155 24909  155.34)
(smt.stats  272  61709 416832 38111629 295447/164337/24090   24638/409   157 24930  155.43)
ramon: poll                 wall=49.000s usage=48.921s mem=161MiB load=1.00 rootload=1.00
(smt.stats  273  62365 419585 38514360 295458/164375/24146   25241/410   158 24989  155.53)
(smt.stats  274  63086 422047 38907581 295431/164455/24162   25875/438   160 25081  155.62)
(smt.stats  275  63879 424927 39267054 295492/164521/24171   26600/438   161 25099  155.72)
(smt.stats  276  63980 425437 39316508 295497/164539/24188   26680/438   161 25099  155.72)
(smt.stats  277  64091 426995 39464364 295520/164557/24241   26770/438   161 25099  155.81)
(smt.stats  278  64213 427952 39572357 295423/164575/24241   26873/439   162 25210  155.81)
(smt.stats  279  64347 428682 39609082 295474/164626/24246   26955/439   162 25210  155.81)
(smt.stats  280  64494 429194 39666964 295493/164645/24246   27083/439   162 25210  155.81)
(smt.stats  281  64655 429689 39735231 295503/164664/24246   27225/439   163 25219  155.81)
(smt.stats  282  64832 430782 39848052 295527/164684/24246   27382/439   163 25219  156.00)
ramon: poll                 wall=50.000s usage=49.920s mem=161MiB load=1.00 rootload=1.00
(smt.delete-inactive-clauses  :num-deleted-clauses 3138)
(smt.stats  283  65026 431443 39915815 295561/164702/24246   24420/439   163 25219  156.00)
(smt.stats  284  65239 431840 40017227 295573/164731/24246   24604/439   163 25219  156.00)
(smt.stats  285  65473 432231 40179475 295600/164758/24246   24811/439   163 25219  156.09)
(smt.stats  286  65730 433010 40280577 295624/164785/24246   25041/439   163 25219  156.09)
(smt.stats  287  66012 433568 40400775 295615/164809/24266   25298/439   164 25252  156.19)
(smt.stats  288  66322 434330 40535160 295670/164842/24280   25572/439   164 25252  156.19)
(smt.stats  289  66662 436133 40806621 295664/164885/24320   25845/468   165 25320  156.28)
(smt.stats :restarts :decisions     :clauses/bin/units               :simplify     :memory)
(smt.stats    :conflicts   :propagations                 :lemmas         :deletions       )
(smt.stats  290  67035 437035 41019020 295584/164936/24349   26161/469   166 25436  156.28)
ramon: poll                 wall=51.000s usage=50.920s mem=161MiB load=1.00 rootload=0.99
(smt.stats  291  67445 439437 41459259 295635/164974/24355   26531/469   167 25447  156.38)
(smt.stats  292  67895 440226 41738493 295636/164999/24383   26950/469   167 25447  156.47)
(smt.stats  293  68389 440980 41991843 295595/165022/24383   27377/474   168 25555  156.47)
(smt.stats  294  68932 443583 42438249 295448/165085/24529   27824/484   170 25798  156.47)
ramon: poll                 wall=52.000s usage=51.919s mem=161MiB load=1.00 rootload=1.00
(smt.stats  295  69529 446202 42822970 295419/165145/24551   28350/483   172 25884  156.66)
(smt.delete-inactive-clauses  :num-deleted-clauses 913)
(smt.stats  296  70185 447889 43247606 295435/165170/24556   28062/481   173 25899  156.86)
(smt.stats  297  70906 450110 43719229 295507/165256/24572   28694/482   174 25911  156.86)
ramon: poll                 wall=53.000s usage=52.917s mem=161MiB load=1.00 rootload=1.00
(smt.stats  298  71699 454073 44399738 295592/165333/24595   29406/483   175 25932  157.14)
ramon: poll                 wall=54.000s usage=53.916s mem=161MiB load=1.00 rootload=1.00
(smt.stats  299  72571 457680 45012875 295543/165394/24642   30151/550   178 26096  157.34)
(smt.stats  300  72672 458112 45068131 295595/165421/24642   30225/550   178 26096  157.34)
(smt.stats  301  72783 459666 45235677 295573/165444/24642   30313/550   178 26096  157.34)
(smt.stats  302  72905 460585 45336714 295546/165456/24645   30422/550   179 26135  157.34)
(smt.stats  303  73039 461063 45405820 295569/165481/24653   30530/550   179 26135  157.44)
(smt.stats  304  73186 461663 45515045 295606/165503/24653   30655/550   179 26135  157.44)
(smt.stats  305  73347 462776 45612789 295587/165518/24663   30792/548   180 26162  157.44)
(smt.stats  306  73524 463198 45666221 295610/165538/24663   30949/548   180 26162  157.44)
(smt.stats  307  73718 463733 45757467 295637/165570/24663   31111/548   180 26162  157.44)
ramon: poll                 wall=55.000s usage=54.914s mem=161MiB load=1.00 rootload=1.00
(smt.stats  308  73931 465259 45966267 295646/165594/24663   31281/548   181 26198  157.54)
(smt.stats  309  74165 466691 46180953 295685/165611/24687   31497/548   181 26198  158.60)
(smt.stats :restarts :decisions     :clauses/bin/units               :simplify     :memory)
(smt.stats    :conflicts   :propagations                 :lemmas         :deletions       )
(smt.stats  310  74422 467694 46309107 295672/165629/24687   31736/548   182 26229  158.60)
(smt.stats  311  74704 468451 46532399 295683/165642/24688   32004/548   182 26229  158.70)
(smt.stats  312  75014 469347 46774347 295705/165653/24696   32301/550   183 26233  172.78)
(smt.delete-inactive-clauses  :num-deleted-clauses 2999)
SMT -> SLS phase
SMT -> SLS values
bounded run 10000
(sat.ddfw :unsat :models :kflips/sec  :flips  :restarts  :reinits  :unsat_vars  :shifts)
(sat.ddfw      76     21  0.153999      8532         0          0          260        1)
sls-result l_undef
(smt.stats  313  75354 470703 46997615 295706/165670/24696   29625/550   184 26249  172.78)
ramon: poll                 wall=56.000s usage=55.912s mem=175MiB load=1.00 rootload=0.99
(smt.stats  314  75727 472891 47198242 295702/165704/24699   29961/551   185 26252  172.78)
(smt.stats  315  76137 475701 47549716 295690/165742/24718   30331/578   186 26305  172.88)
(smt.stats  316  76587 478809 47980342 295693/165785/24787   30732/578   187 26360  172.97)
ramon: poll                 wall=57.033s usage=56.904s mem=175MiB load=0.96 rootload=0.97
(smt.stats  317  77081 480602 48231658 295673/165822/24787   31189/578   188 26401  172.97)
(smt.stats  318  77624 483932 48680250 295718/165894/24852   31654/578   189 26430  173.07)
(smt.stats  319  78221 486789 49155449 295699/165940/24856   32204/578   190 26494  173.26)
ramon: poll                 wall=58.000s usage=57.868s mem=175MiB load=1.00 rootload=0.99
(smt.stats  320  78877 488485 49560123 295761/166010/24889   32788/578   191 26502  173.35)
(smt.stats  321  79598 491848 50031573 295748/166069/24897   33437/588   193 26585  173.45)
(smt.delete-inactive-clauses  :num-deleted-clauses 3634)
(smt.stats  322  80391 493052 50546495 295756/166077/24897   30588/588   193 26585  173.83)
ramon: poll                 wall=59.000s usage=58.868s mem=175MiB load=1.00 rootload=1.00
(smt.stats  323  81263 495521 51102922 295748/166136/24944   31398/590   195 26658  173.93)
(smt.stats  324  82222 499832 51608569 295830/166219/24948   32272/592   196 26660  174.02)
(smt.stats  325  82323 500718 51713988 295834/166234/24973   32354/592   197 26666  174.02)
(smt.stats  326  82434 501617 51819960 295848/166248/24991   32450/592   197 26666  174.02)
(smt.stats  327  82556 502079 51869500 295793/166261/24991   32559/594   198 26736  174.12)
(smt.stats  328  82690 502896 51974168 295843/166270/24991   32684/594   198 26736  174.12)
ramon: poll                 wall=60.001s usage=59.872s mem=175MiB load=1.00 rootload=1.00
ramon: end                  Tue Jan 21 21:34:16 2025
ramon: root.execname        z3
ramon: root.utime           59.880s
ramon: root.stime           0.050s
ramon: group.total          59.934s
ramon: group.utime          59.882s
ramon: group.stime          0.052s
ramon: group.mempeak        189MiB
ramon: group.pidpeak        2
ramon: status               exited
ramon: exitcode             0
ramon: walltime             60.063s
ramon: loadavg              1.00
