ramon: cwd                  /home/runner/a/_work/z3-poly-testing/z3-poly-testing
ramon: start                Mon Feb 10 12:45:49 2025
ramon: nproc                128
ramon: sys.mem              64150 MiB
ramon: sys.mem.free         48885 MiB
ramon: sys.mem.avail        63880 MiB
ramon: sys.nprocs           2341
ramon: argv                 0 = z3
ramon: argv                 1 = inputs/QF_LIA/n2836-RC-15.smt2
ramon: argv                 2 = -T:600
ramon: argv                 3 = -st
ramon: childpid             2688953
ramon: end                  Mon Feb 10 12:45:49 2025
ramon: root.execname        z3
ramon: root.utime           0.010s
ramon: root.stime           0.010s
ramon: group.total          0.029s
ramon: group.utime          0.014s
ramon: group.stime          0.014s
ramon: group.mempeak        20868KiB
ramon: group.pidpeak        2
ramon: status               exited
ramon: exitcode             0
ramon: walltime             0.030s
ramon: loadavg              0.97
