ramon: cwd                  /home/runner/a/_work/z3-poly-testing/z3-poly-testing
ramon: start                Mon Feb 10 13:16:32 2025
ramon: nproc                128
ramon: sys.mem              64150 MiB
ramon: sys.mem.free         33783 MiB
ramon: sys.mem.avail        63875 MiB
ramon: sys.nprocs           2400
ramon: argv                 0 = z3
ramon: argv                 1 = inputs/QF_LIA/prp-35-39.smt2
ramon: argv                 2 = -T:600
ramon: argv                 3 = -st
ramon: childpid             2810058
ramon: poll                 wall=01.000s usage=00.986s user=00.932s sys=00.054s mem=57192KiB roottime=0.930s load=0.99 rootload=0.93
ramon: end                  Mon Feb 10 13:16:33 2025
ramon: root.execname        z3
ramon: root.utime           1.300s
ramon: root.stime           0.060s
ramon: group.total          1.367s
ramon: group.utime          1.304s
ramon: group.stime          0.063s
ramon: group.mempeak        72840KiB
ramon: group.pidpeak        2
ramon: status               exited
ramon: exitcode             0
ramon: walltime             1.382s
ramon: loadavg              0.99
