ramon: cwd                  /home/runner/a/_work/z3-poly-testing/z3-poly-testing
ramon: start                Tue Mar 18 15:50:57 2025
ramon: nproc                128
ramon: sys.mem              64150 MiB
ramon: sys.mem.free         47907 MiB
ramon: sys.mem.avail        64119 MiB
ramon: sys.nprocs           3571
ramon: argv                 0 = z3
ramon: argv                 1 = /home/runner/a/_work/z3-poly-testing/z3-poly-testing/download/non-incremental/QF_LIA/nec-smt/med/checkpass_pwd/prp-15-28.smt2
ramon: argv                 2 = -T:600
ramon: argv                 3 = -st
ramon: argv                 4 = smt.arith.lp.dio_eqs=true
ramon: childpid             1498868
ramon: poll                 wall=01.000s usage=00.952s user=00.844s sys=00.108s mem=21344KiB roottime=0.840s load=0.95 rootload=0.84
ramon: poll                 wall=02.000s usage=01.950s user=01.795s sys=00.155s mem=28112KiB roottime=1.790s load=1.00 rootload=0.95
ramon: poll                 wall=03.003s usage=02.953s user=02.788s sys=00.165s mem=28624KiB roottime=2.780s load=1.00 rootload=0.99
ramon: end                  Tue Mar 18 15:51:00 2025
ramon: root.execname        z3
ramon: root.utime           3.070s
ramon: root.stime           0.190s
ramon: group.total          3.266s
ramon: group.utime          3.075s
ramon: group.stime          0.191s
ramon: group.mempeak        28880KiB
ramon: group.pidpeak        2
ramon: status               exited
ramon: exitcode             0
ramon: walltime             3.412s
ramon: loadavg              0.96
