sat
(:added-eqs                   316636
 :arith-eq-adapter            1047
 :arith-bound-propagations-lp 18742
 :arith-conflicts             23
 :arith-diseq                 14294
 :arith-fixed-eqs             9168
 :arith-lower                 15509
 :arith-make-feasible         8273
 :arith-max-columns           627
 :arith-max-rows              281
 :arith-offset-eqs            7445
 :arith-upper                 16875
 :binary-propagations         598734
 :conflicts                   4118
 :decisions                   233765
 :del-clause                  3621
 :elim-unconstrained          3
 :final-checks                1
 :max-memory                  30.06
 :memory                      23.04
 :minimized-lits              13024
 :mk-bool-var                 6996
 :mk-clause                   6242
 :mk-clause-binary            4498
 :num-allocs                  36642309
 :num-checks                  1
 :propagations                747185
 :restarts                    33
 :rlimit-count                9259934
 :time                        2.70
 :total-time                  3.03)
