ramon: cwd                  /home/runner/a/_work/z3-poly-testing/z3-poly-testing
ramon: start                Fri Apr  4 16:51:30 2025
ramon: nproc                128
ramon: sys.mem              64150 MiB
ramon: sys.mem.free         42654 MiB
ramon: sys.mem.avail        63902 MiB
ramon: sys.nprocs           3102
ramon: argv                 0 = z3
ramon: argv                 1 = /home/runner/a/_work/z3-poly-testing/z3-poly-testing/download/non-incremental/QF_LIA/nec-smt/large/checkpass/prp-3-50.smt2
ramon: argv                 2 = -T:600
ramon: argv                 3 = -st
ramon: argv                 4 = lp.dio_eqs=true
ramon: childpid             2261898
ramon: end                  Fri Apr  4 16:51:31 2025
ramon: root.execname        z3
ramon: root.utime           0.500s
ramon: root.stime           0.090s
ramon: group.total          0.595s
ramon: group.utime          0.505s
ramon: group.stime          0.090s
ramon: group.mempeak        24700KiB
ramon: group.pidpeak        2
ramon: status               exited
ramon: exitcode             0
ramon: walltime             0.602s
ramon: loadavg              0.99
