ramon: cwd                  /home/gh1/A/_work/z3-poly-testing/z3-poly-testing
ramon: start                Tue Dec 31 12:19:34 2024
ramon: nproc                32
ramon: sys.mem              63442 MiB
ramon: sys.mem.free         20527 MiB
ramon: sys.mem.avail        61593 MiB
ramon: sys.nprocs           1213
ramon: argv                 0 = z3
ramon: argv                 1 = inputs/QF_BV_SAT/bin_libsmbclient_vc1228452.smt2
ramon: argv                 2 = -T:20
ramon: argv                 3 = -v:2
ramon: argv                 4 = -st
ramon: argv                 5 = tactic.default_tactic=(then simplify propagate-values solve-eqs simplify sls-smt)
ramon: argv                 6 = model_validate=true
ramon: childpid             2060655
(sat.ddfw :unsat :models :kflips/sec  :flips  :restarts  :reinits  :unsat_vars  :shifts)
(sat.ddfw     146      1   72.1357     10099         0          0          284      227)
(sat.ddfw     124      3   60.2424     20039         0          1          278      377)
(sat.ddfw      68     45   90.1892     40061         0          2          277      538)
(sat.ddfw      68    150   97.6039     70123         0          3          275     1217)
(sat.ddfw      51     52   91.6713    110000         0          4          120     1415)
(sat.ddfw      32    196   84.0336    160000         0          5          115     1690)
(sat.ddfw      32    459   76.3728    220029         1          6          231     1998)
ramon: poll                 wall=1.000s usage=0.946s mem=24992KiB load=0.95 rootload=0.93
ramon: poll                 wall=2.000s usage=1.945s mem=24992KiB load=1.00 rootload=1.00
(sat.ddfw      31     31   33.6723    290000         1          7          186     2320)
(sat.ddfw      31    374   34.2564    370023         2          8          113     2992)
(sat.ddfw      25    372   34.0511    460020         3          9          146     3291)
ramon: poll                 wall=3.000s usage=2.945s mem=24976KiB load=1.00 rootload=1.00
ramon: poll                 wall=4.000s usage=3.945s mem=24976KiB load=1.00 rootload=1.00
(sat.ddfw      25    795   23.8901    560000         3         10          171     3655)
(sat.ddfw      25   1025    24.236    670104         4         11          191     4183)
ramon: poll                 wall=5.000s usage=4.944s mem=24772KiB load=1.00 rootload=1.00
ramon: poll                 wall=6.000s usage=5.944s mem=24772KiB load=1.00 rootload=1.00
(sat.ddfw      25   1025   19.6261    790000         5         12           16     4641)
ramon: poll                 wall=7.000s usage=6.944s mem=24772KiB load=1.00 rootload=1.00
ramon: poll                 wall=8.000s usage=7.944s mem=24772KiB load=1.00 rootload=1.00
(sat.ddfw      25   1025   16.1692    920000         6         13          140     5329)
(sat.ddfw      25   1025   16.5167   1060078         7         14          201     6142)
ramon: poll                 wall=9.000s usage=8.943s mem=24900KiB load=1.00 rootload=1.00
(sat.ddfw      11    188   16.4592   1210005         7         15           43     6495)
(sat.ddfw      10    998   16.3582   1370070         7         16           73     6682)
ramon: poll                 wall=10.000s usage=9.943s mem=24900KiB load=1.00 rootload=1.00
ramon: poll                 wall=11.000s usage=10.943s mem=24900KiB load=1.00 rootload=1.00
ramon: poll                 wall=12.000s usage=11.943s mem=24900KiB load=1.00 rootload=1.00
(sat.ddfw      10   1025    13.693   1540000         9         17           34     7384)
ramon: poll                 wall=13.000s usage=12.943s mem=24900KiB load=1.00 rootload=1.00
ramon: poll                 wall=14.000s usage=13.942s mem=24900KiB load=1.00 rootload=1.00
(sat.ddfw       9    178   12.2222   1720155        10         18           99     7796)
ramon: poll                 wall=15.000s usage=14.942s mem=24900KiB load=1.00 rootload=1.00
ramon: poll                 wall=16.000s usage=15.942s mem=24900KiB load=1.00 rootload=1.00
ramon: poll                 wall=17.000s usage=16.942s mem=24900KiB load=1.00 rootload=1.00
(sat.ddfw       9   1025   10.6629   1910094        12         19          167     8408)
ramon: poll                 wall=18.000s usage=17.941s mem=24904KiB load=1.00 rootload=1.00
ramon: poll                 wall=19.000s usage=18.941s mem=24904KiB load=1.00 rootload=0.99
ramon: poll                 wall=20.000s usage=19.941s mem=24904KiB load=1.00 rootload=1.00
ramon: end                  Tue Dec 31 12:19:54 2024
ramon: root.execname        z3
ramon: root.utime           19.980s
ramon: root.stime           0.010s
ramon: group.total          20.000s
ramon: group.utime          19.988s
ramon: group.stime          0.012s
ramon: group.mempeak        25244KiB
ramon: group.pidpeak        2
ramon: status               exited
ramon: exitcode             0
ramon: walltime             20.059s
ramon: loadavg              1.00
