ramon: cwd                  /home/runner/a/_work/z3-poly-testing/z3-poly-testing
ramon: start                Fri Apr 18 15:10:45 2025
ramon: nproc                128
ramon: sys.mem              64150 MiB
ramon: sys.mem.free         38802 MiB
ramon: sys.mem.avail        63049 MiB
ramon: sys.nprocs           3260
ramon: argv                 0 = z3
ramon: argv                 1 = /home/runner/a/_work/z3-poly-testing/z3-poly-testing/download/non-incremental/QF_LIA/nec-smt/large/getoption_group/prp-81-50.smt2
ramon: argv                 2 = -T:600
ramon: argv                 3 = -st
ramon: argv                 4 = lp.dio=true
ramon: argv                 5 = lp.dio_run_gcd=false
ramon: argv                 6 = smt.random_seed=2468
ramon: childpid             4161328
ramon: poll                 wall=01.002s usage=00.971s user=00.862s sys=00.110s mem=23000KiB roottime=0.860s load=0.97 rootload=0.86
ramon: poll                 wall=02.000s usage=01.967s user=01.841s sys=00.126s mem=25328KiB roottime=1.840s load=1.00 rootload=0.98
ramon: poll                 wall=03.001s usage=02.968s user=02.842s sys=00.126s mem=25328KiB roottime=2.840s load=1.00 rootload=1.00
ramon: poll                 wall=04.004s usage=03.971s user=03.844s sys=00.127s mem=25584KiB roottime=3.840s load=1.00 rootload=1.00
ramon: poll                 wall=05.000s usage=04.966s user=04.835s sys=00.131s mem=26284KiB roottime=4.830s load=1.00 rootload=0.99
ramon: poll                 wall=06.000s usage=05.966s user=05.832s sys=00.134s mem=26796KiB roottime=5.830s load=1.00 rootload=1.00
ramon: poll                 wall=07.005s usage=06.969s user=06.833s sys=00.137s mem=27308KiB roottime=6.830s load=1.00 rootload=1.00
ramon: poll                 wall=08.000s usage=07.965s user=07.826s sys=00.139s mem=27820KiB roottime=7.820s load=1.00 rootload=0.99
ramon: poll                 wall=09.000s usage=08.965s user=08.826s sys=00.139s mem=27820KiB roottime=8.820s load=1.00 rootload=1.00
ramon: poll                 wall=10.004s usage=09.969s user=09.824s sys=00.145s mem=28588KiB roottime=9.820s load=1.00 rootload=1.00
ramon: poll                 wall=11.000s usage=10.964s user=10.819s sys=00.145s mem=28588KiB roottime=10.810s load=1.00 rootload=0.99
ramon: poll                 wall=12.000s usage=11.964s user=11.819s sys=00.145s mem=29100KiB roottime=11.810s load=1.00 rootload=1.00
ramon: poll                 wall=13.001s usage=12.964s user=12.820s sys=00.145s mem=29100KiB roottime=12.810s load=1.00 rootload=1.00
ramon: poll                 wall=14.002s usage=13.965s user=13.817s sys=00.148s mem=29356KiB roottime=13.810s load=1.00 rootload=1.00
ramon: poll                 wall=15.003s usage=14.966s user=14.816s sys=00.150s mem=29612KiB roottime=14.810s load=1.00 rootload=1.00
ramon: poll                 wall=16.000s usage=15.963s user=15.813s sys=00.150s mem=29612KiB roottime=15.810s load=1.00 rootload=1.00
ramon: poll                 wall=17.000s usage=16.962s user=16.811s sys=00.151s mem=29612KiB roottime=16.810s load=1.00 rootload=1.00
ramon: poll                 wall=18.002s usage=17.964s user=17.806s sys=00.158s mem=30380KiB roottime=17.800s load=1.00 rootload=0.99
ramon: poll                 wall=19.000s usage=18.961s user=18.796s sys=00.165s mem=31404KiB roottime=18.790s load=1.00 rootload=0.99
ramon: poll                 wall=20.002s usage=19.963s user=19.791s sys=00.172s mem=33452KiB roottime=19.790s load=1.00 rootload=1.00
ramon: poll                 wall=21.004s usage=20.965s user=20.793s sys=00.172s mem=33452KiB roottime=20.800s load=1.00 rootload=1.01
ramon: poll                 wall=22.000s usage=21.961s user=21.789s sys=00.172s mem=33452KiB roottime=21.780s load=1.00 rootload=0.98
ramon: poll                 wall=23.000s usage=22.960s user=22.788s sys=00.172s mem=33452KiB roottime=22.780s load=1.00 rootload=1.00
ramon: poll                 wall=24.000s usage=23.960s user=23.785s sys=00.175s mem=34220KiB roottime=23.780s load=1.00 rootload=1.00
ramon: poll                 wall=25.002s usage=24.961s user=24.787s sys=00.175s mem=34476KiB roottime=24.780s load=1.00 rootload=1.00
ramon: poll                 wall=26.004s usage=25.963s user=25.788s sys=00.175s mem=34732KiB roottime=25.780s load=1.00 rootload=1.00
ramon: poll                 wall=27.000s usage=26.959s user=26.782s sys=00.177s mem=34988KiB roottime=26.780s load=1.00 rootload=1.00
ramon: poll                 wall=28.000s usage=27.958s user=27.780s sys=00.179s mem=34988KiB roottime=27.770s load=1.00 rootload=0.99
ramon: poll                 wall=29.000s usage=28.958s user=28.778s sys=00.180s mem=35500KiB roottime=28.770s load=1.00 rootload=1.00
ramon: poll                 wall=30.003s usage=29.961s user=29.777s sys=00.184s mem=35500KiB roottime=29.770s load=1.00 rootload=1.00
ramon: poll                 wall=31.000s usage=30.957s user=30.771s sys=00.186s mem=36012KiB roottime=30.770s load=1.00 rootload=1.00
ramon: poll                 wall=32.000s usage=31.957s user=31.711s sys=00.246s mem=44308KiB roottime=31.710s load=1.00 rootload=0.94
ramon: poll                 wall=33.000s usage=32.956s user=32.707s sys=00.250s mem=44688KiB roottime=32.700s load=1.00 rootload=0.99
ramon: poll                 wall=34.000s usage=33.956s user=33.694s sys=00.262s mem=46736KiB roottime=33.690s load=1.00 rootload=0.99
ramon: poll                 wall=35.002s usage=34.957s user=34.686s sys=00.271s mem=48784KiB roottime=34.680s load=1.00 rootload=0.99
ramon: poll                 wall=36.002s usage=35.957s user=35.516s sys=00.442s mem=99216KiB roottime=35.510s load=1.00 rootload=0.83
ramon: poll                 wall=37.001s usage=36.956s user=36.490s sys=00.466s mem=88680KiB roottime=36.490s load=1.00 rootload=0.98
ramon: poll                 wall=38.000s usage=37.955s user=37.416s sys=00.539s mem=98MiB roottime=37.410s load=1.00 rootload=0.92
ramon: poll                 wall=39.001s usage=38.955s user=38.257s sys=00.698s mem=128MiB roottime=38.250s load=1.00 rootload=0.84
ramon: poll                 wall=40.003s usage=39.957s user=39.259s sys=00.698s mem=128MiB roottime=39.250s load=1.00 rootload=1.00
ramon: poll                 wall=41.000s usage=40.953s user=40.253s sys=00.700s mem=128MiB roottime=40.250s load=1.00 rootload=1.00
ramon: poll                 wall=42.000s usage=41.953s user=41.247s sys=00.706s mem=129MiB roottime=41.240s load=1.00 rootload=0.99
ramon: poll                 wall=43.000s usage=42.952s user=42.240s sys=00.712s mem=130MiB roottime=42.240s load=1.00 rootload=1.00
ramon: poll                 wall=44.002s usage=43.954s user=43.232s sys=00.722s mem=130MiB roottime=43.230s load=1.00 rootload=0.99
ramon: poll                 wall=45.000s usage=44.951s user=44.220s sys=00.732s mem=130MiB roottime=44.210s load=1.00 rootload=0.98
ramon: poll                 wall=46.000s usage=45.951s user=45.217s sys=00.734s mem=130MiB roottime=45.210s load=1.00 rootload=1.00
ramon: poll                 wall=47.002s usage=46.952s user=46.217s sys=00.736s mem=130MiB roottime=46.210s load=1.00 rootload=1.00
ramon: poll                 wall=48.000s usage=47.950s user=47.209s sys=00.741s mem=131MiB roottime=47.200s load=1.00 rootload=0.99
ramon: poll                 wall=49.000s usage=48.950s user=48.208s sys=00.742s mem=131MiB roottime=48.200s load=1.00 rootload=1.00
ramon: poll                 wall=50.001s usage=49.950s user=49.204s sys=00.746s mem=131MiB roottime=49.200s load=1.00 rootload=1.00
ramon: poll                 wall=51.003s usage=50.952s user=50.204s sys=00.748s mem=131MiB roottime=50.200s load=1.00 rootload=1.00
ramon: poll                 wall=52.000s usage=51.948s user=51.198s sys=00.750s mem=131MiB roottime=51.190s load=1.00 rootload=0.99
ramon: poll                 wall=53.000s usage=52.948s user=52.197s sys=00.751s mem=131MiB roottime=52.190s load=1.00 rootload=1.00
ramon: poll                 wall=54.000s usage=53.947s user=53.195s sys=00.753s mem=131MiB roottime=53.190s load=1.00 rootload=1.00
ramon: poll                 wall=55.002s usage=54.949s user=54.193s sys=00.756s mem=131MiB roottime=54.190s load=1.00 rootload=1.00
ramon: poll                 wall=56.000s usage=55.946s user=55.188s sys=00.758s mem=131MiB roottime=55.180s load=1.00 rootload=0.99
ramon: poll                 wall=57.000s usage=56.945s user=56.188s sys=00.758s mem=131MiB roottime=56.180s load=1.00 rootload=1.00
ramon: poll                 wall=58.003s usage=57.948s user=57.189s sys=00.759s mem=131MiB roottime=57.180s load=1.00 rootload=1.00
ramon: poll                 wall=59.000s usage=58.944s user=58.183s sys=00.761s mem=131MiB roottime=58.180s load=1.00 rootload=1.00
ramon: poll                 wall=01m00.000s usage=59.944s user=59.183s sys=00.761s mem=131MiB roottime=59.180s load=1.00 rootload=1.00
ramon: poll                 wall=01m01.000s usage=01m00.943s user=01m00.182s sys=00.761s mem=131MiB roottime=60.180s load=1.00 rootload=1.00
ramon: poll                 wall=01m02.000s usage=01m01.943s user=01m01.178s sys=00.765s mem=131MiB roottime=61.170s load=1.00 rootload=0.99
ramon: poll                 wall=01m03.000s usage=01m02.942s user=01m02.175s sys=00.767s mem=131MiB roottime=62.170s load=1.00 rootload=1.00
ramon: poll                 wall=01m04.008s usage=01m03.949s user=01m03.183s sys=00.767s mem=132MiB roottime=63.180s load=1.00 rootload=1.00
ramon: end                  Fri Apr 18 15:11:50 2025
ramon: root.execname        z3
ramon: root.utime           64.020s
ramon: root.stime           0.810s
ramon: group.total          64.842s
ramon: group.utime          64.028s
ramon: group.stime          0.814s
ramon: group.mempeak        132MiB
ramon: group.pidpeak        2
ramon: status               exited
ramon: exitcode             0
ramon: walltime             64.904s
ramon: loadavg              1.00
