ramon: cwd                  /home/runner/a/_work/z3-poly-testing/z3-poly-testing
ramon: start                Fri Apr 18 15:09:15 2025
ramon: nproc                128
ramon: sys.mem              64150 MiB
ramon: sys.mem.free         40326 MiB
ramon: sys.mem.avail        63049 MiB
ramon: sys.nprocs           3265
ramon: argv                 0 = z3
ramon: argv                 1 = /home/runner/a/_work/z3-poly-testing/z3-poly-testing/download/non-incremental/QF_LIA/nec-smt/large/getoption_group/prp-20-47.smt2
ramon: argv                 2 = -T:600
ramon: argv                 3 = -st
ramon: argv                 4 = lp.dio=true
ramon: argv                 5 = lp.dio_run_gcd=false
ramon: argv                 6 = smt.random_seed=2468
ramon: childpid             4156838
ramon: poll                 wall=01.004s usage=00.952s user=00.851s sys=00.102s mem=22564KiB roottime=0.850s load=0.95 rootload=0.85
ramon: poll                 wall=02.000s usage=01.939s user=01.827s sys=00.112s mem=24960KiB roottime=1.820s load=0.99 rootload=0.97
ramon: poll                 wall=03.003s usage=02.927s user=02.815s sys=00.112s mem=24740KiB roottime=2.810s load=0.99 rootload=0.99
ramon: poll                 wall=04.001s usage=03.913s user=03.799s sys=00.114s mem=25232KiB roottime=3.800s load=0.99 rootload=0.99
ramon: poll                 wall=05.003s usage=04.885s user=04.764s sys=00.121s mem=25852KiB roottime=4.760s load=0.97 rootload=0.96
ramon: poll                 wall=06.002s usage=05.871s user=05.747s sys=00.124s mem=26336KiB roottime=5.740s load=0.99 rootload=0.98
ramon: poll                 wall=07.000s usage=06.848s user=06.723s sys=00.126s mem=26956KiB roottime=6.720s load=0.98 rootload=0.98
ramon: poll                 wall=08.002s usage=07.835s user=07.706s sys=00.129s mem=27460KiB roottime=7.700s load=0.99 rootload=0.98
ramon: poll                 wall=09.000s usage=08.806s user=08.668s sys=00.138s mem=28432KiB roottime=8.660s load=0.97 rootload=0.96
ramon: poll                 wall=10.000s usage=09.777s user=09.631s sys=00.146s mem=29720KiB roottime=9.630s load=0.97 rootload=0.97
ramon: poll                 wall=11.000s usage=10.764s user=10.615s sys=00.149s mem=31256KiB roottime=10.610s load=0.99 rootload=0.98
ramon: poll                 wall=12.000s usage=11.728s user=11.578s sys=00.150s mem=31128KiB roottime=11.570s load=0.96 rootload=0.96
ramon: poll                 wall=13.010s usage=12.722s user=12.572s sys=00.150s mem=31384KiB roottime=12.570s load=0.98 rootload=0.99
ramon: poll                 wall=14.001s usage=13.694s user=13.543s sys=00.151s mem=31640KiB roottime=13.540s load=0.98 rootload=0.98
ramon: poll                 wall=15.000s usage=14.681s user=14.529s sys=00.152s mem=31784KiB roottime=14.530s load=0.99 rootload=0.99
ramon: poll                 wall=16.005s usage=15.665s user=15.509s sys=00.156s mem=32472KiB roottime=15.510s load=0.98 rootload=0.98
ramon: poll                 wall=17.000s usage=16.645s user=16.488s sys=00.157s mem=32756KiB roottime=16.480s load=0.98 rootload=0.97
ramon: poll                 wall=18.000s usage=17.627s user=17.469s sys=00.158s mem=32552KiB roottime=17.470s load=0.98 rootload=0.99
ramon: poll                 wall=19.000s usage=18.618s user=18.440s sys=00.178s mem=36260KiB roottime=18.440s load=0.99 rootload=0.97
ramon: poll                 wall=20.004s usage=19.618s user=19.355s sys=00.264s mem=50728KiB roottime=19.350s load=1.00 rootload=0.91
ramon: poll                 wall=21.004s usage=20.618s user=20.253s sys=00.365s mem=79400KiB roottime=20.250s load=1.00 rootload=0.90
ramon: poll                 wall=22.000s usage=21.615s user=21.088s sys=00.527s mem=104MiB roottime=21.080s load=1.00 rootload=0.83
ramon: poll                 wall=23.003s usage=22.616s user=22.085s sys=00.532s mem=105MiB roottime=22.080s load=1.00 rootload=1.00
ramon: poll                 wall=24.000s usage=23.614s user=23.072s sys=00.542s mem=107MiB roottime=23.070s load=1.00 rootload=0.99
ramon: poll                 wall=25.003s usage=24.615s user=24.073s sys=00.543s mem=107MiB roottime=24.070s load=1.00 rootload=1.00
ramon: poll                 wall=26.003s usage=25.615s user=25.070s sys=00.546s mem=107MiB roottime=25.070s load=1.00 rootload=1.00
ramon: poll                 wall=27.000s usage=26.613s user=26.063s sys=00.550s mem=107MiB roottime=26.060s load=1.00 rootload=0.99
ramon: poll                 wall=28.000s usage=27.612s user=27.062s sys=00.551s mem=108MiB roottime=27.060s load=1.00 rootload=1.00
ramon: poll                 wall=29.000s usage=28.612s user=28.059s sys=00.553s mem=108MiB roottime=28.060s load=1.00 rootload=1.00
ramon: poll                 wall=30.000s usage=29.612s user=29.053s sys=00.559s mem=108MiB roottime=29.050s load=1.00 rootload=0.99
ramon: poll                 wall=31.071s usage=30.681s user=30.121s sys=00.561s mem=108MiB roottime=30.120s load=1.00 rootload=1.00
ramon: poll                 wall=32.082s usage=31.692s user=31.126s sys=00.566s mem=108MiB roottime=31.120s load=1.00 rootload=0.99
ramon: poll                 wall=33.105s usage=32.714s user=32.145s sys=00.570s mem=108MiB roottime=32.140s load=1.00 rootload=1.00
ramon: poll                 wall=34.026s usage=33.635s user=33.062s sys=00.573s mem=109MiB roottime=33.060s load=1.00 rootload=1.00
ramon: poll                 wall=35.000s usage=34.609s user=34.036s sys=00.574s mem=109MiB roottime=34.030s load=1.00 rootload=1.00
ramon: poll                 wall=36.012s usage=35.620s user=35.046s sys=00.574s mem=109MiB roottime=35.040s load=1.00 rootload=1.00
ramon: poll                 wall=37.063s usage=36.670s user=36.095s sys=00.576s mem=109MiB roottime=36.090s load=1.00 rootload=1.00
ramon: poll                 wall=38.054s usage=37.661s user=37.085s sys=00.576s mem=109MiB roottime=37.080s load=1.00 rootload=1.00
ramon: poll                 wall=39.045s usage=38.651s user=38.068s sys=00.583s mem=109MiB roottime=38.070s load=1.00 rootload=1.00
ramon: poll                 wall=40.003s usage=39.609s user=39.025s sys=00.584s mem=109MiB roottime=39.020s load=1.00 rootload=0.99
ramon: poll                 wall=41.002s usage=40.607s user=40.019s sys=00.588s mem=109MiB roottime=40.020s load=1.00 rootload=1.00
ramon: end                  Fri Apr 18 15:09:56 2025
ramon: root.execname        z3
ramon: root.utime           40.620s
ramon: root.stime           0.620s
ramon: group.total          41.246s
ramon: group.utime          40.621s
ramon: group.stime          0.625s
ramon: group.mempeak        110MiB
ramon: group.pidpeak        2
ramon: status               exited
ramon: exitcode             0
ramon: walltime             41.645s
ramon: loadavg              0.99
