sat
(:added-eqs                   52907
 :arith-eq-adapter            502
 :arith-bound-propagations-lp 819
 :arith-conflicts             25
 :arith-diseq                 325
 :arith-fixed-eqs             2206
 :arith-lower                 3008
 :arith-make-feasible         1234
 :arith-max-columns           894
 :arith-max-rows              297
 :arith-offset-eqs            67
 :arith-upper                 3397
 :binary-propagations         1958783
 :conflicts                   2518
 :decisions                   82013
 :del-clause                  2032
 :elim-unconstrained          1
 :final-checks                1
 :max-memory                  86.40
 :memory                      48.29
 :minimized-lits              24894
 :mk-bool-var                 19611
 :mk-clause                   16139
 :mk-clause-binary            352324
 :num-allocs                  14844930487.00
 :num-checks                  1
 :propagations                2381523
 :restarts                    21
 :rlimit-count                17145606
 :time                        12.36
 :total-time                  19.09)
