sat
(:added-eqs                   32529
 :arith-eq-adapter            350
 :arith-bound-propagations-lp 648
 :arith-conflicts             17
 :arith-diseq                 20
 :arith-fixed-eqs             834
 :arith-lower                 1191
 :arith-make-feasible         535
 :arith-max-columns           945
 :arith-max-rows              287
 :arith-offset-eqs            53
 :arith-upper                 1402
 :binary-propagations         1033526
 :conflicts                   1560
 :decisions                   86937
 :del-clause                  3914
 :elim-unconstrained          1
 :final-checks                1
 :max-memory                  106.41
 :memory                      66.76
 :minimized-lits              4447
 :mk-bool-var                 21125
 :mk-clause                   16148
 :mk-clause-binary            377435
 :num-allocs                  18725763909.00
 :num-checks                  1
 :propagations                1261914
 :restarts                    13
 :rlimit-count                17752827
 :time                        16.52
 :total-time                  25.40)
