ramon: cwd                  /home/runner/a/_work/z3-poly-testing/z3-poly-testing
ramon: start                Wed Apr 16 12:17:05 2025
ramon: nproc                128
ramon: sys.mem              64150 MiB
ramon: sys.mem.free         26982 MiB
ramon: sys.mem.avail        63592 MiB
ramon: sys.nprocs           3275
ramon: argv                 0 = z3
ramon: argv                 1 = inputs/QF_NIA_small/aproveSMT2123657877861531207.smt2
ramon: argv                 2 = -T:600
ramon: argv                 3 = -st
ramon: argv                 4 = lp.dio=true
ramon: argv                 5 = lp.dio_run_gcd=true
ramon: childpid             2663808
ramon: end                  Wed Apr 16 12:17:06 2025
ramon: root.execname        z3
ramon: root.utime           0.030s
ramon: root.stime           0.070s
ramon: group.total          0.110s
ramon: group.utime          0.032s
ramon: group.stime          0.078s
ramon: group.mempeak        28440KiB
ramon: group.pidpeak        2
ramon: status               exited
ramon: exitcode             0
ramon: walltime             0.123s
ramon: loadavg              0.89
