ramon: cwd                  /home/runner/a/_work/z3-poly-testing/z3-poly-testing
ramon: start                Wed Apr 16 12:43:15 2025
ramon: nproc                128
ramon: sys.mem              64150 MiB
ramon: sys.mem.free         11229 MiB
ramon: sys.mem.avail        63590 MiB
ramon: sys.nprocs           3232
ramon: argv                 0 = z3
ramon: argv                 1 = inputs/QF_NIA_small/From_T2__s1.t2__p19772_safety_0.smt2
ramon: argv                 2 = -T:600
ramon: argv                 3 = -st
ramon: argv                 4 = lp.dio=true
ramon: argv                 5 = lp.dio_run_gcd=true
ramon: childpid             2702643
ramon: poll                 wall=01.003s usage=00.978s user=00.813s sys=00.165s mem=81844KiB roottime=0.810s load=0.98 rootload=0.81
ramon: poll                 wall=02.004s usage=01.977s user=01.807s sys=00.170s mem=85280KiB roottime=1.800s load=1.00 rootload=0.99
ramon: poll                 wall=03.000s usage=02.971s user=02.758s sys=00.214s mem=105MiB roottime=2.750s load=1.00 rootload=0.95
ramon: end                  Wed Apr 16 12:43:19 2025
ramon: root.execname        z3
ramon: root.utime           3.050s
ramon: root.stime           0.230s
ramon: group.total          3.291s
ramon: group.utime          3.054s
ramon: group.stime          0.237s
ramon: group.mempeak        105MiB
ramon: group.pidpeak        3
ramon: status               exited
ramon: exitcode             0
ramon: walltime             3.321s
ramon: loadavg              0.99
