ramon: cwd                  /home/runner/a/_work/z3-poly-testing/z3-poly-testing
ramon: start                Wed Apr 16 12:31:00 2025
ramon: nproc                128
ramon: sys.mem              64150 MiB
ramon: sys.mem.free         17819 MiB
ramon: sys.mem.avail        63591 MiB
ramon: sys.nprocs           3245
ramon: argv                 0 = z3
ramon: argv                 1 = inputs/QF_NIA_small/From_AProVE_2014__ex08_rec.jar-obl-8__p29227_terminationG_0.smt2
ramon: argv                 2 = -T:600
ramon: argv                 3 = -st
ramon: argv                 4 = lp.dio=true
ramon: argv                 5 = lp.dio_run_gcd=true
ramon: childpid             2685188
ramon: poll                 wall=01.003s usage=00.985s user=00.769s sys=00.216s mem=108MiB roottime=0.760s load=0.98 rootload=0.76
ramon: poll                 wall=02.000s usage=01.973s user=01.756s sys=00.217s mem=108MiB roottime=1.750s load=0.99 rootload=0.99
ramon: poll                 wall=03.000s usage=02.970s user=02.753s sys=00.218s mem=108MiB roottime=2.750s load=1.00 rootload=1.00
ramon: poll                 wall=04.000s usage=03.968s user=03.751s sys=00.218s mem=108MiB roottime=3.750s load=1.00 rootload=1.00
ramon: poll                 wall=05.000s usage=04.966s user=04.748s sys=00.218s mem=108MiB roottime=4.740s load=1.00 rootload=0.99
ramon: poll                 wall=06.001s usage=05.965s user=05.747s sys=00.218s mem=108MiB roottime=5.740s load=1.00 rootload=1.00
ramon: poll                 wall=07.000s usage=06.961s user=06.743s sys=00.218s mem=108MiB roottime=6.740s load=1.00 rootload=1.00
ramon: poll                 wall=08.001s usage=07.958s user=07.741s sys=00.218s mem=108MiB roottime=7.740s load=1.00 rootload=1.00
ramon: end                  Wed Apr 16 12:31:08 2025
ramon: root.execname        z3
ramon: root.utime           7.790s
ramon: root.stime           0.240s
ramon: group.total          8.033s
ramon: group.utime          7.794s
ramon: group.stime          0.239s
ramon: group.mempeak        108MiB
ramon: group.pidpeak        3
ramon: status               exited
ramon: exitcode             0
ramon: walltime             8.078s
ramon: loadavg              0.99
