sat
(:added-eqs                   12701318
 :arith-eq-adapter            3644
 :arith-bound-propagations-lp 640348
 :arith-conflicts             1185
 :arith-diseq                 894520
 :arith-fixed-eqs             1199772
 :arith-lower                 543284
 :arith-make-feasible         299487
 :arith-max-columns           1547
 :arith-max-rows              922
 :arith-offset-eqs            453779
 :arith-upper                 1145824
 :binary-propagations         50193690
 :conflicts                   101705
 :decisions                   5190073
 :del-clause                  98008
 :elim-unconstrained          4
 :final-checks                1
 :max-memory                  64.42
 :memory                      38.74
 :minimized-lits              1439898
 :mk-bool-var                 29096
 :mk-clause                   112867
 :mk-clause-binary            67004
 :num-allocs                  5393169575.00
 :num-checks                  1
 :propagations                72679801
 :restarts                    375
 :rlimit-count                181289036
 :time                        320.40
 :total-time                  319.41)
