ramon: cwd                  /home/runner/a/_work/z3-poly-testing/z3-poly-testing
ramon: start                Wed Apr  9 20:05:22 2025
ramon: nproc                128
ramon: sys.mem              64150 MiB
ramon: sys.mem.free         41602 MiB
ramon: sys.mem.avail        63970 MiB
ramon: sys.nprocs           3166
ramon: argv                 0 = z3
ramon: argv                 1 = inputs/QF_LIA/ex5700_2400_100.smt2
ramon: argv                 2 = -T:600
ramon: argv                 3 = -st
ramon: argv                 4 = lp.dio=true
ramon: argv                 5 = lp.dio_run_gcd=false
ramon: childpid             2159597
ramon: poll                 wall=01.016s usage=00.982s user=00.885s sys=00.097s mem=25896KiB roottime=0.880s load=0.97 rootload=0.87
ramon: poll                 wall=02.006s usage=01.967s user=01.863s sys=00.104s mem=26688KiB roottime=1.860s load=0.99 rootload=0.99
ramon: poll                 wall=03.009s usage=02.967s user=02.861s sys=00.106s mem=26892KiB roottime=2.860s load=1.00 rootload=1.00
ramon: poll                 wall=04.000s usage=03.956s user=03.850s sys=00.106s mem=27160KiB roottime=3.850s load=1.00 rootload=1.00
ramon: end                  Wed Apr  9 20:05:27 2025
ramon: root.execname        z3
ramon: root.utime           4.730s
ramon: root.stime           0.120s
ramon: group.total          4.862s
ramon: group.utime          4.736s
ramon: group.stime          0.126s
ramon: group.mempeak        27480KiB
ramon: group.pidpeak        2
ramon: status               exited
ramon: exitcode             0
ramon: walltime             4.911s
ramon: loadavg              0.99
