ramon: cwd                  /home/runner/a/_work/z3-poly-testing/z3-poly-testing
ramon: start                Wed Apr  9 19:54:00 2025
ramon: nproc                128
ramon: sys.mem              64150 MiB
ramon: sys.mem.free         48346 MiB
ramon: sys.mem.avail        63972 MiB
ramon: sys.nprocs           3199
ramon: argv                 0 = z3
ramon: argv                 1 = inputs/QF_LIA/n6256-problem_2__032.smt2
ramon: argv                 2 = -T:600
ramon: argv                 3 = -st
ramon: argv                 4 = lp.dio=true
ramon: argv                 5 = lp.dio_run_gcd=false
ramon: childpid             2081736
ramon: poll                 wall=01.000s usage=00.993s user=00.969s sys=00.024s mem=20412KiB roottime=0.960s load=0.99 rootload=0.96
ramon: poll                 wall=02.029s usage=02.019s user=01.995s sys=00.024s mem=20412KiB roottime=1.990s load=1.00 rootload=1.00
ramon: poll                 wall=03.002s usage=02.992s user=02.968s sys=00.024s mem=20412KiB roottime=2.960s load=1.00 rootload=1.00
ramon: poll                 wall=04.001s usage=03.989s user=03.965s sys=00.024s mem=20412KiB roottime=3.960s load=1.00 rootload=1.00
ramon: poll                 wall=05.015s usage=05.002s user=04.977s sys=00.025s mem=21480KiB roottime=4.970s load=1.00 rootload=1.00
ramon: poll                 wall=06.000s usage=05.986s user=05.860s sys=00.127s mem=50212KiB roottime=5.850s load=1.00 rootload=0.89
ramon: poll                 wall=07.002s usage=06.987s user=06.860s sys=00.128s mem=51268KiB roottime=6.850s load=1.00 rootload=1.00
ramon: poll                 wall=08.000s usage=07.983s user=07.850s sys=00.133s mem=51668KiB roottime=7.850s load=1.00 rootload=1.00
ramon: poll                 wall=09.000s usage=08.982s user=08.843s sys=00.140s mem=52692KiB roottime=8.840s load=1.00 rootload=0.99
ramon: poll                 wall=10.004s usage=09.985s user=09.833s sys=00.152s mem=55252KiB roottime=9.830s load=1.00 rootload=0.99
ramon: poll                 wall=11.000s usage=10.981s user=10.829s sys=00.152s mem=55252KiB roottime=10.820s load=1.00 rootload=0.99
ramon: poll                 wall=12.000s usage=11.980s user=11.828s sys=00.152s mem=55252KiB roottime=11.820s load=1.00 rootload=1.00
ramon: poll                 wall=13.000s usage=12.980s user=12.828s sys=00.152s mem=55252KiB roottime=12.820s load=1.00 rootload=1.00
ramon: end                  Wed Apr  9 19:54:13 2025
ramon: root.execname        z3
ramon: root.utime           13.020s
ramon: root.stime           0.160s
ramon: group.total          13.189s
ramon: group.utime          13.022s
ramon: group.stime          0.167s
ramon: group.mempeak        56864KiB
ramon: group.pidpeak        3
ramon: status               exited
ramon: exitcode             0
ramon: walltime             13.210s
ramon: loadavg              1.00
