sat
(:added-eqs                   966557
 :arith-eq-adapter            2584
 :arith-bound-propagations-lp 53515
 :arith-conflicts             346
 :arith-diseq                 52187
 :arith-fixed-eqs             76209
 :arith-lower                 56183
 :arith-make-feasible         31363
 :arith-max-columns           1213
 :arith-max-rows              664
 :arith-offset-eqs            28555
 :arith-upper                 98937
 :binary-propagations         5344944
 :conflicts                   13751
 :decisions                   792927
 :del-clause                  9828
 :elim-unconstrained          4
 :final-checks                1
 :max-memory                  53.30
 :memory                      35.94
 :minimized-lits              72922
 :mk-bool-var                 18676
 :mk-clause                   22413
 :mk-clause-binary            53460
 :num-allocs                  401631025
 :num-checks                  1
 :propagations                7228994
 :restarts                    90
 :rlimit-count                24885409
 :time                        18.64
 :total-time                  19.16)
