ramon: cwd                  /home/gh1/A/_work/z3-poly-testing/z3-poly-testing
ramon: start                Thu Jan 30 14:06:41 2025
ramon: nproc                32
ramon: sys.mem              63441 MiB
ramon: sys.mem.free         29761 MiB
ramon: sys.mem.avail        59437 MiB
ramon: sys.nprocs           1406
ramon: argv                 0 = z3
ramon: argv                 1 = inputs/alive-arm-tv-smt-benchmarks/6KzEjCFbfUUl.smt2
ramon: argv                 2 = -T:10
ramon: argv                 3 = -v:2
ramon: argv                 4 = -st
ramon: argv                 5 = tactic.default_tactic=(then simplify propagate-values solve-eqs simplify smt)
ramon: argv                 6 = smt.sls.enable=true
ramon: argv                 7 = smt.sls.parallel=false
ramon: argv                 8 = model_validate=true
ramon: argv                 9 = sls.bv_use_lookahead=true
ramon: childpid             2221553
(smt.searching)
(smt.stats :restarts     :decisions :clauses/bin/units      :simplify   :memory)
(smt.stats        :conflicts    :propagations       :lemmas      :deletions   )
(smt.stats    0      0      0      0  8929/1714/1       0/0     0    0   18.59)
(smt.stats    0    101    605   7581  9026/1718/14      94/0     1    0   51.69)
(smt.stats    1    202   1333  21490  9027/1719/14     194/0     1    0   51.79)
(smt.stats    2    313   1508  57045  9002/1720/14     304/0     2   26   51.88)
(smt.stats    3    414   1638 101185  9002/1720/14     405/0     2   26   51.88)
(smt.stats    4    525   2504 114153  9002/1720/14     516/0     2   26   51.88)
(smt.stats    5    647   2890 130435  9015/1733/14     625/0     2   26   51.88)
SMT -> SLS units -2254
lookahead-search moves:0 max-moves:800
lookahead-search moves:800 max-moves:1700
lookahead-search moves:1700 max-moves:2700
lookahead-search moves:2700 max-moves:3800
lookahead-search moves:3800 max-moves:5000
lookahead-search moves:5000 max-moves:6300
(sat.ddfw :unsat :models :kflips/sec   :flips :restarts   :reinits  :unsat_vars  :shifts)
(sat.ddfw       2      1    37.3134     10000        49          0            1        2)
lookahead-search moves:6300 max-moves:7700
lookahead-search moves:7700 max-moves:9200
lookahead-search moves:9200 max-moves:10800
lookahead-search moves:10800 max-moves:12500
lookahead-search moves:12500 max-moves:14300
(sat.ddfw       2      1    16.6683     20001        98          1            1        3)
lookahead-search moves:14300 max-moves:16200
lookahead-search moves:16200 max-moves:18200
lookahead-search moves:18200 max-moves:20300
lookahead-search moves:20300 max-moves:22500
lookahead-search moves:22500 max-moves:24800
ramon: poll                 wall=1.000s usage=0.995s mem=53800KiB load=0.99 rootload=0.97
lookahead-search moves:24800 max-moves:27200
lookahead-search moves:27200 max-moves:29700
lookahead-search moves:29700 max-moves:32300
lookahead-search moves:32300 max-moves:35000
lookahead-search moves:35000 max-moves:37800
(sat.ddfw       2      1    12.9366     40001       196          2            1        5)
(sat.ddfw       2      1     0.8472     41315       202          3            1        5)
SLS -> SMT activity
(smt.stats :restarts  :decisions   :clauses/bin/units        :simplify   :memory)
(smt.stats      :conflicts :propagations           :lemmas       :deletions    )
(smt.stats    6    748   3080 146373  9017/1735/14     724/0     2   26   51.88)
lookahead-search moves:37800 max-moves:40700
lookahead-search moves:40700 max-moves:43700
lookahead-search moves:43700 max-moves:46800
lookahead-search moves:46800 max-moves:50000
ramon: poll                 wall=2.000s usage=1.995s mem=54056KiB load=1.00 rootload=1.00
lookahead-search moves:50000 max-moves:53300
lookahead-search moves:53300 max-moves:56700
lookahead-search moves:56700 max-moves:60200
lookahead-search moves:60200 max-moves:63800
lookahead-search moves:63800 max-moves:67500
lookahead-search moves:67500 max-moves:71300
lookahead-search moves:71300 max-moves:75200
ramon: poll                 wall=3.000s usage=2.994s mem=53808KiB load=1.00 rootload=1.00
lookahead-search moves:75200 max-moves:79200
lookahead-search moves:79200 max-moves:83300
lookahead-search moves:83300 max-moves:87500
lookahead-search moves:87500 max-moves:91800
(sat.ddfw       2      1     7.8206     70001       343          3            1        8)
lookahead-search moves:91800 max-moves:96200
lookahead-search moves:96200 max-moves:100700
(sat.ddfw       2      1     1.0158     73999       362          4            1        9)
SLS -> SMT activity
(smt.stats    7    859   3264 160521  9017/1735/14     835/0     2   26   51.88)
(smt.stats    8    981   4110 179610  9018/1736/14     956/0     2   26   51.88)
lookahead-search moves:98594 max-moves:103194
ramon: poll                 wall=4.000s usage=3.993s mem=54068KiB load=1.00 rootload=1.00
lookahead-search moves:103194 max-moves:107894
lookahead-search moves:107894 max-moves:112694
lookahead-search moves:112694 max-moves:117594
lookahead-search moves:117594 max-moves:122594
lookahead-search moves:122594 max-moves:127694
ramon: poll                 wall=5.000s usage=4.992s mem=53836KiB load=1.00 rootload=1.00
lookahead-search moves:127694 max-moves:132894
lookahead-search moves:132894 max-moves:138194
lookahead-search moves:138194 max-moves:143594
lookahead-search moves:143594 max-moves:149094
lookahead-search moves:149094 max-moves:154694
ramon: poll                 wall=6.000s usage=5.992s mem=53836KiB load=1.00 rootload=1.00
lookahead-search moves:154694 max-moves:160394
lookahead-search moves:160394 max-moves:166194
lookahead-search moves:166194 max-moves:172094
lookahead-search moves:172094 max-moves:178094
(sat.ddfw       2      1     4.4307    103999       509          4            1       13)
SLS -> SMT activity
(smt.stats    9   1115   4276 204928  9019/1737/14    1089/0     2   26   51.98)
(smt.stats   10   1216   4936 223566  9022/1740/14    1187/0     2   26   51.98)
(smt.stats   11   1327   5410 246016  9022/1740/14    1298/0     2   26   51.98)
(smt.stats   12   1449   6145 272423  9040/1763/15    1396/1     3   31   51.98)
lookahead-search moves:173430 max-moves:179530
ramon: poll                 wall=7.000s usage=6.992s mem=54092KiB load=1.00 rootload=1.00
lookahead-search moves:179530 max-moves:185730
lookahead-search moves:185730 max-moves:192030
(sat.ddfw       2      1     0.7977    110001       539          4            1       14)
lookahead-search moves:192030 max-moves:198430
lookahead-search moves:198430 max-moves:204930
ramon: poll                 wall=8.000s usage=7.992s mem=53928KiB load=1.00 rootload=1.00
lookahead-search moves:204930 max-moves:211530
lookahead-search moves:211530 max-moves:218230
lookahead-search moves:218230 max-moves:225030
lookahead-search moves:225030 max-moves:231930
ramon: poll                 wall=9.000s usage=8.992s mem=53928KiB load=1.00 rootload=1.00
lookahead-search moves:231930 max-moves:238930
lookahead-search moves:238930 max-moves:246030
lookahead-search moves:246030 max-moves:253230
lookahead-search moves:253230 max-moves:260530
ramon: poll                 wall=10.000s usage=9.990s mem=53928KiB load=1.00 rootload=1.00
ramon: end                  Thu Jan 30 14:06:51 2025
ramon: root.execname        z3
ramon: root.utime           9.980s
ramon: root.stime           0.010s
ramon: group.total          9.998s
ramon: group.utime          9.986s
ramon: group.stime          0.012s
ramon: group.mempeak        54184KiB
ramon: group.pidpeak        2
ramon: status               exited
ramon: exitcode             0
ramon: walltime             10.005s
ramon: loadavg              1.00
