ramon: cwd                  /home/gh1/A/_work/z3-poly-testing/z3-poly-testing
ramon: start                Thu Jan 30 14:23:29 2025
ramon: nproc                32
ramon: sys.mem              63441 MiB
ramon: sys.mem.free         26826 MiB
ramon: sys.mem.avail        59435 MiB
ramon: sys.nprocs           1454
ramon: argv                 0 = z3
ramon: argv                 1 = inputs/alive-arm-tv-smt-benchmarks/I4w1LiCXxa0p.smt2
ramon: argv                 2 = -T:10
ramon: argv                 3 = -v:2
ramon: argv                 4 = -st
ramon: argv                 5 = tactic.default_tactic=(then simplify propagate-values solve-eqs simplify smt)
ramon: argv                 6 = smt.sls.enable=true
ramon: argv                 7 = smt.sls.parallel=false
ramon: argv                 8 = model_validate=true
ramon: argv                 9 = sls.bv_use_lookahead=true
ramon: childpid             2330605
(smt.searching)
(smt.stats :restarts     :decisions :clauses/bin/units      :simplify   :memory)
(smt.stats        :conflicts    :propagations       :lemmas      :deletions   )
(smt.stats    0      0      0      0 65183/5362/1       0/0     0    0   23.16)
(smt.stats    0    101   1620  91565 65252/5364/12      99/0     1    0   57.71)
(smt.stats    1    202   1800 149358 65185/5364/12     200/0     1    0   57.80)
(smt.stats    2    313   2132 191570 65186/5365/12     310/0     1    0   57.80)
(smt.stats    3    414   3862 233860 65312/5367/12     409/1     1    0   58.15)
(smt.stats    4    525   6522 249340 65407/5368/12     519/1     1    0   58.15)
SMT -> SLS units -11035
SMT -> SLS values
lookahead-search moves:0 max-moves:800
lookahead-search moves:800 max-moves:1700
lookahead-search moves:1700 max-moves:2700
lookahead-search moves:2700 max-moves:3800
(sat.ddfw :unsat :models :kflips/sec   :flips :restarts   :reinits  :unsat_vars  :shifts)
(sat.ddfw       1     23    11.5898     10002        23          0            6        1)
lookahead-search moves:3800 max-moves:5000
ramon: poll                 wall=1.000s usage=0.999s mem=60488KiB load=1.00 rootload=0.99
lookahead-search moves:5000 max-moves:6300
(sat.ddfw       1     26     4.5269     16471        41          1            1        2)
SLS -> SMT values
(smt.stats    5    647   7841 284956 65406/5369/12     640/1     1    0   58.15)
lookahead-search moves:6300 max-moves:7700
(sat.ddfw       1     27     2.0143     20000        55          1            3        3)
lookahead-search moves:7700 max-moves:9200
ramon: poll                 wall=2.000s usage=1.999s mem=60488KiB load=1.00 rootload=1.00
lookahead-search moves:9200 max-moves:10800
lookahead-search moves:10800 max-moves:12500
lookahead-search moves:12500 max-moves:14300
ramon: poll                 wall=3.000s usage=2.999s mem=60372KiB load=1.00 rootload=1.00
lookahead-search moves:14300 max-moves:16200
lookahead-search moves:16200 max-moves:18200
ramon: poll                 wall=4.000s usage=3.999s mem=60372KiB load=1.00 rootload=1.00
(sat.ddfw       1     38     4.8667     40002       109          2            1        5)
lookahead-search moves:18200 max-moves:20300
lookahead-search moves:20300 max-moves:22500
ramon: poll                 wall=5.000s usage=4.999s mem=60372KiB load=1.00 rootload=1.00
lookahead-search moves:22500 max-moves:24800
lookahead-search moves:24800 max-moves:27200
ramon: poll                 wall=6.000s usage=5.998s mem=60372KiB load=1.00 rootload=1.00
lookahead-search moves:27200 max-moves:29700
lookahead-search moves:29700 max-moves:32300
ramon: poll                 wall=7.000s usage=6.995s mem=60372KiB load=1.00 rootload=0.99
lookahead-search moves:32300 max-moves:35000
(sat.ddfw       1     44     3.2953     65722       179          3            3        7)
SLS -> SMT activity
(smt.stats :restarts  :decisions  :clauses/bin/units         :simplify   :memory)
(smt.stats      :conflicts :propagations           :lemmas        :deletions   )
(smt.stats    6    748   8167 302263 65540/5369/12     741/1     1    0   58.15)
lookahead-search moves:35000 max-moves:37800
ramon: poll                 wall=8.000s usage=7.995s mem=60420KiB load=1.00 rootload=1.00
(sat.ddfw       1     44     0.5081     70004       191          3            7        8)
lookahead-search moves:37800 max-moves:40700
ramon: poll                 wall=9.000s usage=8.995s mem=60420KiB load=1.00 rootload=1.00
lookahead-search moves:40700 max-moves:43700
lookahead-search moves:43700 max-moves:46800
ramon: poll                 wall=10.000s usage=9.994s mem=60420KiB load=1.00 rootload=1.00
ramon: end                  Thu Jan 30 14:23:39 2025
ramon: root.execname        z3
ramon: root.utime           9.990s
ramon: root.stime           0.000s
ramon: group.total          10.000s
ramon: group.utime          9.992s
ramon: group.stime          0.008s
ramon: group.mempeak        60676KiB
ramon: group.pidpeak        2
ramon: status               exited
ramon: exitcode             0
ramon: walltime             10.006s
ramon: loadavg              1.00
