ramon: cwd                  /home/gh1/A/_work/z3-poly-testing/z3-poly-testing
ramon: start                Thu Jan 30 14:51:47 2025
ramon: nproc                32
ramon: sys.mem              63441 MiB
ramon: sys.mem.free         23956 MiB
ramon: sys.mem.avail        59427 MiB
ramon: sys.nprocs           1451
ramon: argv                 0 = z3
ramon: argv                 1 = inputs/alive-arm-tv-smt-benchmarks/iMQfL5AWi8de.smt2
ramon: argv                 2 = -T:10
ramon: argv                 3 = -v:2
ramon: argv                 4 = -st
ramon: argv                 5 = tactic.default_tactic=(then simplify propagate-values solve-eqs simplify smt)
ramon: argv                 6 = smt.sls.enable=true
ramon: argv                 7 = smt.sls.parallel=false
ramon: argv                 8 = model_validate=true
ramon: argv                 9 = sls.bv_use_lookahead=true
ramon: childpid             2522271
(smt.searching)
(smt.stats :restarts     :decisions :clauses/bin/units       :simplify   :memory)
(smt.stats        :conflicts    :propagations        :lemmas      :deletions   )
(smt.stats    0      0      0      0 112398/5020/2       0/0     0    0   28.14)
(smt.stats    0    101    965 110528 112589/5029/3      92/0     1    0   64.04)
(smt.stats    1    202   1237 490822 112589/5029/3     193/0     1    0   64.33)
(smt.stats    2    313   1458 680306 112590/5030/3     303/0     1    0   64.42)
(smt.stats    3    414   1688 781212 112591/5031/3     403/0     1    0   64.42)
(smt.stats    4    525   1948 1804900 112591/5031/3     514/0     1    0   64.52)
(smt.stats    5    647   2207 2136352 112592/5032/3     635/0     1    0   64.63)
SMT -> SLS units -46 -20460
lookahead-search moves:0 max-moves:800
lookahead-search moves:800 max-moves:1700
lookahead-search moves:1700 max-moves:2700
lookahead-search moves:2700 max-moves:3800
lookahead-search moves:3800 max-moves:5000
lookahead-search moves:5000 max-moves:6300
(sat.ddfw :unsat :models :kflips/sec   :flips :restarts   :reinits  :unsat_vars  :shifts)
(sat.ddfw       2      1    61.3497     10000        49          0            1        2)
lookahead-search moves:6300 max-moves:7700
lookahead-search moves:7700 max-moves:9200
lookahead-search moves:9200 max-moves:10800
lookahead-search moves:10800 max-moves:12500
(sat.ddfw       2      1    30.8673     20001        98          1            1        3)
lookahead-search moves:12500 max-moves:14300
lookahead-search moves:14300 max-moves:16200
lookahead-search moves:16200 max-moves:18200
lookahead-search moves:18200 max-moves:20300
lookahead-search moves:20300 max-moves:22500
lookahead-search moves:22500 max-moves:24800
lookahead-search moves:24800 max-moves:27200
lookahead-search moves:27200 max-moves:29700
ramon: poll                 wall=1.001s usage=0.940s mem=66716KiB load=0.94 rootload=0.92
lookahead-search moves:29700 max-moves:32300
lookahead-search moves:32300 max-moves:35000
(sat.ddfw       2      1    23.3633     40000       196          2            1        5)
lookahead-search moves:35000 max-moves:37800
(sat.ddfw       2      1     1.4314     41314       202          3            1        5)
SLS -> SMT activity
(smt.stats :restarts  :decisions   :clauses/bin/units         :simplify   :memory)
(smt.stats      :conflicts :propagations            :lemmas        :deletions   )
(smt.stats    6    748   2402 2269570 112592/5032/3     736/0     1    0   64.72)
lookahead-search moves:37800 max-moves:40700
lookahead-search moves:40700 max-moves:43700
lookahead-search moves:43700 max-moves:46800
lookahead-search moves:46800 max-moves:50000
lookahead-search moves:50000 max-moves:53300
lookahead-search moves:53300 max-moves:56700
lookahead-search moves:56700 max-moves:60200
lookahead-search moves:60200 max-moves:63800
lookahead-search moves:63800 max-moves:67500
lookahead-search moves:67500 max-moves:71300
ramon: poll                 wall=2.000s usage=1.938s mem=66716KiB load=1.00 rootload=1.00
lookahead-search moves:71300 max-moves:75200
lookahead-search moves:75200 max-moves:79200
lookahead-search moves:79200 max-moves:83300
lookahead-search moves:83300 max-moves:87500
(sat.ddfw       2      1    13.6340     70000       343          3            1        8)
lookahead-search moves:87500 max-moves:91800
lookahead-search moves:91800 max-moves:96200
lookahead-search moves:96200 max-moves:100700
(sat.ddfw       2      1     1.7059     74002       362          4            1        9)
SLS -> SMT activity
(smt.stats    7    859   2725 2554536 112592/5032/3     847/0     1    0   64.72)
(smt.stats    8    981   2948 2818439 112592/5032/3     969/0     1    0   64.72)
lookahead-search moves:98588 max-moves:103188
lookahead-search moves:103188 max-moves:107888
lookahead-search moves:107888 max-moves:112688
lookahead-search moves:112688 max-moves:117588
ramon: poll                 wall=3.000s usage=2.938s mem=66728KiB load=1.00 rootload=1.00
lookahead-search moves:117588 max-moves:122588
lookahead-search moves:122588 max-moves:127688
lookahead-search moves:127688 max-moves:132888
lookahead-search moves:132888 max-moves:138188
lookahead-search moves:138188 max-moves:143588
lookahead-search moves:143588 max-moves:149088
lookahead-search moves:149088 max-moves:154688
lookahead-search moves:154688 max-moves:160388
ramon: poll                 wall=4.000s usage=3.937s mem=66728KiB load=1.00 rootload=1.00
lookahead-search moves:160388 max-moves:166188
lookahead-search moves:166188 max-moves:172088
lookahead-search moves:172088 max-moves:178088
(sat.ddfw       2      1     7.4147    104002       509          4            1       13)
SLS -> SMT activity
(smt.stats    9   1115   3349 3008680 112592/5032/3    1103/0     1    0   64.82)
(smt.stats   10   1216   3675 3073603 112592/5032/3    1204/0     1    0   64.82)
(smt.stats   11   1449   4162 3543875 112595/5035/3    1434/0     1    0   64.82)
(smt.stats   12   1583   4434 3808833 112595/5035/3    1568/0     1    0   64.91)
lookahead-search moves:173424 max-moves:179524
lookahead-search moves:179524 max-moves:185724
(sat.ddfw       2      1     1.3626    110000       539          4            1       14)
lookahead-search moves:185724 max-moves:192024
lookahead-search moves:192024 max-moves:198424
lookahead-search moves:198424 max-moves:204924
ramon: poll                 wall=5.000s usage=4.937s mem=66784KiB load=1.00 rootload=1.00
lookahead-search moves:204924 max-moves:211524
lookahead-search moves:211524 max-moves:218224
lookahead-search moves:218224 max-moves:225024
lookahead-search moves:225024 max-moves:231924
lookahead-search moves:231924 max-moves:238924
lookahead-search moves:238924 max-moves:246024
lookahead-search moves:246024 max-moves:253224
ramon: poll                 wall=6.000s usage=5.937s mem=66784KiB load=1.00 rootload=0.99
lookahead-search moves:253224 max-moves:260524
lookahead-search moves:260524 max-moves:267924
(sat.ddfw       2      1     3.6421    132002       647          5            1       16)
SLS -> SMT activity
(smt.stats   13   1730   4732 4039032 112595/5035/3    1715/0     1    0   64.91)
(smt.stats   14   1831   5096 4308418 112596/5036/3    1815/0     1    0   65.01)
(smt.stats   15   1942   5325 4633523 112596/5036/3    1926/0     1    0   65.01)
(smt.stats   16   2064   5537 4920925 112596/5036/3    2048/0     1    0   65.10)
(smt.stats   17   2198   5865 5434783 112596/5036/3    2182/0     1    0   65.10)
(smt.stats   18   2345   6293 6107165 112596/5036/3    2329/0     1    0   65.20)
(smt.stats   19   2506   6591 6632295 112596/5036/3    2490/0     1    0   65.29)
(smt.stats   20   2607   6949 6815016 112596/5036/3    2591/0     1    0   65.39)
lookahead-search moves:261270 max-moves:268770
lookahead-search moves:268770 max-moves:276370
lookahead-search moves:276370 max-moves:284070
ramon: poll                 wall=7.013s usage=6.949s mem=67136KiB load=1.00 rootload=1.00
lookahead-search moves:284070 max-moves:291870
lookahead-search moves:291870 max-moves:299770
lookahead-search moves:299770 max-moves:307770
lookahead-search moves:307770 max-moves:315870
lookahead-search moves:315870 max-moves:324070
lookahead-search moves:324070 max-moves:332370
ramon: poll                 wall=8.000s usage=7.936s mem=67136KiB load=1.00 rootload=1.00
lookahead-search moves:332370 max-moves:340770
lookahead-search moves:340770 max-moves:349270
lookahead-search moves:349270 max-moves:357870
lookahead-search moves:357870 max-moves:366570
(sat.ddfw       2      1     3.0675    158002       774          5            1       19)
SLS -> SMT activity
(smt.stats   21   2718   7259 6907989 112596/5036/3    2702/0     1    0   65.39)
(smt.stats   22   2840   7598 6969707 112590/5037/4    2822/0     2    7   65.39)
(smt.stats   23   2974   7860 7957959 112590/5037/4    2956/0     2    7   65.49)
ramon: poll                 wall=9.002s usage=8.937s mem=67392KiB load=1.00 rootload=1.00
(smt.stats   24   3121   8048 9881693 112590/5037/4    3103/0     2    7   65.59)
(smt.stats :restarts  :decisions    :clauses/bin/units         :simplify   :memory)
(smt.stats     :conflicts  :propagations            :lemmas         :deletions   )
(smt.stats   25   3282   8247 11281642 112590/5037/4    3264/0     2    7   65.59)
(smt.stats   26   3459   8461 12413659 112590/5037/4    3441/0     2    7   65.59)
(smt.stats   27   3560   8601 13298692 112590/5037/4    3542/0     2    7   65.69)
(smt.stats   28   3671   8754 13979179 112590/5037/4    3653/0     2    7   65.69)
(smt.stats   29   3793   9022 14262390 112590/5037/4    3775/0     2    7   65.78)
(smt.stats   30   3927   9511 14386187 112591/5038/4    3908/0     2    7   65.78)
(smt.stats   31   4074  10021 14578268 112592/5039/4    4054/0     2    7   65.88)
(smt.stats   32   4235  10641 14982029 112592/5039/4    4215/0     2    7   65.88)
(smt.stats   33   4412  11060 15354983 112593/5040/4    4391/0     2    7   65.98)
(smt.stats   34   4606  11673 15844441 112597/5044/4    4581/0     2    7   66.07)
(smt.stats   35   4707  12083 16030776 112597/5044/4    4682/0     2    7   66.07)
(smt.stats   36   4818  12688 16344373 112597/5044/4    4793/0     2    7   66.07)
(sat.ddfw       2      1     0.2102    160000       784          5            1       20)
lookahead-search moves:362129 max-moves:370929
lookahead-search moves:370929 max-moves:379829
ramon: poll                 wall=10.000s usage=9.932s mem=68060KiB load=1.00 rootload=1.00
ramon: end                  Thu Jan 30 14:51:57 2025
ramon: root.execname        z3
ramon: root.utime           9.980s
ramon: root.stime           0.020s
ramon: group.total          10.003s
ramon: group.utime          9.983s
ramon: group.stime          0.020s
ramon: group.mempeak        68316KiB
ramon: group.pidpeak        2
ramon: status               exited
ramon: exitcode             0
ramon: walltime             10.068s
ramon: loadavg              0.99
