ramon: cwd                  /home/gh1/A/_work/z3-poly-testing/z3-poly-testing
ramon: start                Thu Jan 30 14:29:22 2025
ramon: nproc                32
ramon: sys.mem              63441 MiB
ramon: sys.mem.free         25914 MiB
ramon: sys.mem.avail        59433 MiB
ramon: sys.nprocs           1441
ramon: argv                 0 = z3
ramon: argv                 1 = inputs/alive-arm-tv-smt-benchmarks/MgDStGHY9FTp.smt2
ramon: argv                 2 = -T:10
ramon: argv                 3 = -v:2
ramon: argv                 4 = -st
ramon: argv                 5 = tactic.default_tactic=(then simplify propagate-values solve-eqs simplify smt)
ramon: argv                 6 = smt.sls.enable=true
ramon: argv                 7 = smt.sls.parallel=false
ramon: argv                 8 = model_validate=true
ramon: argv                 9 = sls.bv_use_lookahead=true
ramon: childpid             2368944
(smt.searching)
(smt.stats :restarts     :decisions :clauses/bin/units      :simplify   :memory)
(smt.stats        :conflicts    :propagations       :lemmas      :deletions   )
(smt.stats    0      0      0      0  7286/1524/1       0/0     0    0   18.54)
(smt.stats    0    101    417   7790  7359/1528/29      93/0     1    0   51.59)
(smt.stats    1    202    989  25113  7359/1528/29     194/0     1    0   51.59)
(smt.stats    2    313   1586  41354  7298/1528/29     305/1     2   61   51.69)
(smt.stats    3    414   2284  67928  7298/1528/29     406/1     2   61   51.69)
(smt.stats    4    525   2753  89404  7298/1528/29     517/1     2   61   51.69)
(smt.stats    5    647   3092 107685  7298/1528/29     639/1     2   61   51.69)
SMT -> SLS units -1881
lookahead-search moves:0 max-moves:800
lookahead-search moves:800 max-moves:1700
lookahead-search moves:1700 max-moves:2700
lookahead-search moves:2700 max-moves:3800
lookahead-search moves:3800 max-moves:5000
lookahead-search moves:5000 max-moves:6300
(sat.ddfw :unsat :models :kflips/sec   :flips :restarts   :reinits  :unsat_vars  :shifts)
(sat.ddfw       2      1    44.4444     10000        49          0            1        2)
lookahead-search moves:6300 max-moves:7700
lookahead-search moves:7700 max-moves:9200
lookahead-search moves:9200 max-moves:10800
lookahead-search moves:10800 max-moves:12500
lookahead-search moves:12500 max-moves:14300
(sat.ddfw       2      1    19.9223     20001        98          1            1        3)
lookahead-search moves:14300 max-moves:16200
lookahead-search moves:16200 max-moves:18200
lookahead-search moves:18200 max-moves:20300
lookahead-search moves:20300 max-moves:22500
lookahead-search moves:22500 max-moves:24800
lookahead-search moves:24800 max-moves:27200
ramon: poll                 wall=1.000s usage=0.939s mem=53576KiB load=0.94 rootload=0.92
lookahead-search moves:27200 max-moves:29700
lookahead-search moves:29700 max-moves:32300
lookahead-search moves:32300 max-moves:35000
lookahead-search moves:35000 max-moves:37800
(sat.ddfw       2      1    15.5885     40001       196          2            1        5)
(sat.ddfw       2      1     1.0210     41315       202          3            1        5)
SLS -> SMT activity
(smt.stats :restarts  :decisions   :clauses/bin/units        :simplify   :memory)
(smt.stats      :conflicts :propagations           :lemmas       :deletions    )
(smt.stats    6    748   3319 132682  7299/1529/29     739/1     2   61   51.69)
lookahead-search moves:37800 max-moves:40700
lookahead-search moves:40700 max-moves:43700
lookahead-search moves:43700 max-moves:46800
lookahead-search moves:46800 max-moves:50000
lookahead-search moves:50000 max-moves:53300
lookahead-search moves:53300 max-moves:56700
ramon: poll                 wall=2.000s usage=1.939s mem=53832KiB load=1.00 rootload=1.00
lookahead-search moves:56700 max-moves:60200
lookahead-search moves:60200 max-moves:63800
lookahead-search moves:63800 max-moves:67500
lookahead-search moves:67500 max-moves:71300
lookahead-search moves:71300 max-moves:75200
lookahead-search moves:75200 max-moves:79200
lookahead-search moves:79200 max-moves:83300
lookahead-search moves:83300 max-moves:87500
ramon: poll                 wall=3.000s usage=2.939s mem=53860KiB load=1.00 rootload=1.00
lookahead-search moves:87500 max-moves:91800
(sat.ddfw       2      1     9.3562     70001       343          3            1        8)
lookahead-search moves:91800 max-moves:96200
lookahead-search moves:96200 max-moves:100700
(sat.ddfw       2      1     1.2134     73999       362          4            1        9)
SLS -> SMT activity
(smt.stats    7    859   3583 146436  7306/1536/29     843/1     2   61   51.80)
(smt.stats    8    981   3933 190413  7308/1538/29     963/1     2   61   51.80)
lookahead-search moves:98594 max-moves:103194
lookahead-search moves:103194 max-moves:107894
lookahead-search moves:107894 max-moves:112694
lookahead-search moves:112694 max-moves:117594
ramon: poll                 wall=4.000s usage=3.934s mem=53656KiB load=1.00 rootload=0.99
lookahead-search moves:117594 max-moves:122594
lookahead-search moves:122594 max-moves:127694
lookahead-search moves:127694 max-moves:132894
lookahead-search moves:132894 max-moves:138194
lookahead-search moves:138194 max-moves:143594
lookahead-search moves:143594 max-moves:149094
ramon: poll                 wall=5.004s usage=4.940s mem=53656KiB load=1.00 rootload=1.01
lookahead-search moves:149094 max-moves:154694
lookahead-search moves:154694 max-moves:160394
lookahead-search moves:160394 max-moves:166194
lookahead-search moves:166194 max-moves:172094
lookahead-search moves:172094 max-moves:178094
(sat.ddfw       2      1     5.1831    103999       509          4            1       13)
SLS -> SMT activity
(smt.stats    9   1115   4129 207212  7308/1538/29    1097/1     2   61   51.80)
(smt.stats   10   1216   4248 241657  7308/1538/29    1198/1     2   61   51.80)
(smt.stats   11   1327   4391 255224  7309/1539/29    1308/1     2   61   51.80)
(smt.stats   12   1449   4543 351885  7309/1539/29    1430/1     2   61   51.80)
lookahead-search moves:173430 max-moves:179530
ramon: poll                 wall=6.000s usage=5.931s mem=53912KiB load=1.00 rootload=0.99
lookahead-search moves:179530 max-moves:185730
lookahead-search moves:185730 max-moves:192030
(sat.ddfw       2      1     0.9350    110001       539          4            1       14)
lookahead-search moves:192030 max-moves:198430
lookahead-search moves:198430 max-moves:204930
lookahead-search moves:204930 max-moves:211530
ramon: poll                 wall=7.000s usage=6.930s mem=53704KiB load=1.00 rootload=0.99
lookahead-search moves:211530 max-moves:218230
lookahead-search moves:218230 max-moves:225030
lookahead-search moves:225030 max-moves:231930
lookahead-search moves:231930 max-moves:238930
ramon: poll                 wall=8.000s usage=7.930s mem=53704KiB load=1.00 rootload=1.00
lookahead-search moves:238930 max-moves:246030
lookahead-search moves:246030 max-moves:253230
lookahead-search moves:253230 max-moves:260530
lookahead-search moves:260530 max-moves:267930
(sat.ddfw       2      1     2.5297    131999       647          5            1       16)
SLS -> SMT activity
(smt.stats   13   1583   4711 371421  7310/1540/29    1563/1     2   61   51.80)
(smt.stats   14   1730   4899 453149  7312/1542/29    1708/1     2   61   51.91)
(smt.stats :restarts  :decisions   :clauses/bin/units        :simplify   :memory)
(smt.stats     :conflicts  :propagations          :lemmas       :deletions     )
(smt.stats   15   1831   5079 466745  7234/1547/59    1802/0     3  145   51.91)
(smt.stats   16   1942   5216 545949  7234/1547/59    1913/0     3  145   51.91)
(smt.stats   17   2064   5361 619828  7234/1547/59    2035/0     3  145   51.91)
(smt.stats   18   2198   5510 703474  7234/1547/59    2169/0     3  145   51.91)
(smt.stats   19   2345   5693 784847  7236/1549/59    2314/0     3  145   52.00)
(smt.stats   20   2506   5884 868855  7238/1551/59    2473/0     3  145   52.00)
lookahead-search moves:261276 max-moves:268776
ramon: poll                 wall=9.000s usage=8.929s mem=53900KiB load=1.00 rootload=1.00
lookahead-search moves:268776 max-moves:276376
lookahead-search moves:276376 max-moves:284076
lookahead-search moves:284076 max-moves:291876
lookahead-search moves:291876 max-moves:299776
ramon: poll                 wall=10.000s usage=9.929s mem=54156KiB load=1.00 rootload=1.00
ramon: end                  Thu Jan 30 14:29:32 2025
ramon: root.execname        z3
ramon: root.utime           9.970s
ramon: root.stime           0.020s
ramon: group.total          10.003s
ramon: group.utime          9.983s
ramon: group.stime          0.020s
ramon: group.mempeak        54412KiB
ramon: group.pidpeak        2
ramon: status               exited
ramon: exitcode             0
ramon: walltime             10.070s
ramon: loadavg              0.99
