ramon: cwd                  /home/gh1/A/_work/z3-poly-testing/z3-poly-testing
ramon: start                Thu Jan 30 14:56:07 2025
ramon: nproc                32
ramon: sys.mem              63441 MiB
ramon: sys.mem.free         23746 MiB
ramon: sys.mem.avail        59426 MiB
ramon: sys.nprocs           1441
ramon: argv                 0 = z3
ramon: argv                 1 = inputs/alive-arm-tv-smt-benchmarks/nShxmhiMfAba.smt2
ramon: argv                 2 = -T:10
ramon: argv                 3 = -v:2
ramon: argv                 4 = -st
ramon: argv                 5 = tactic.default_tactic=(then simplify propagate-values solve-eqs simplify smt)
ramon: argv                 6 = smt.sls.enable=true
ramon: argv                 7 = smt.sls.parallel=false
ramon: argv                 8 = model_validate=true
ramon: argv                 9 = sls.bv_use_lookahead=true
ramon: childpid             2549647
(smt.searching)
(smt.stats :restarts     :decisions :clauses/bin/units      :simplify   :memory)
(smt.stats        :conflicts    :propagations       :lemmas      :deletions   )
(smt.stats    0      0      0      0 23539/4986/1       0/0     0    0   20.16)
(smt.stats    0    101   1042  14749 23685/4995/35      90/0     1    0   53.67)
(smt.stats    1    202   1280  99158 23685/4995/35     191/0     1    0   53.77)
(smt.stats    2    313   1479 169742 23596/4995/35     302/0     2   89   53.87)
(smt.stats    3    414   1647 176721 23597/4996/35     402/0     2   89   53.87)
(smt.stats    4    525   1977 289786 23598/4997/35     512/0     2   89   53.96)
(smt.stats    5    647   2327 345498 23598/4997/35     634/0     2   89   53.96)
SMT -> SLS units -5981
lookahead-search moves:0 max-moves:800
lookahead-search moves:800 max-moves:1700
lookahead-search moves:1700 max-moves:2700
lookahead-search moves:2700 max-moves:3800
lookahead-search moves:3800 max-moves:5000
lookahead-search moves:5000 max-moves:6300
(sat.ddfw :unsat :models :kflips/sec   :flips :restarts   :reinits  :unsat_vars  :shifts)
(sat.ddfw       2      1    22.7790     10000        49          0            1        2)
lookahead-search moves:6300 max-moves:7700
lookahead-search moves:7700 max-moves:9200
lookahead-search moves:9200 max-moves:10800
lookahead-search moves:10800 max-moves:12500
lookahead-search moves:12500 max-moves:14300
ramon: poll                 wall=1.000s usage=0.930s mem=55908KiB load=0.93 rootload=0.92
(sat.ddfw       2      1    10.1533     20001        98          1            1        3)
lookahead-search moves:14300 max-moves:16200
lookahead-search moves:16200 max-moves:18200
lookahead-search moves:18200 max-moves:20300
lookahead-search moves:20300 max-moves:22500
lookahead-search moves:22500 max-moves:24800
lookahead-search moves:24800 max-moves:27200
lookahead-search moves:27200 max-moves:29700
ramon: poll                 wall=2.000s usage=1.930s mem=55892KiB load=1.00 rootload=1.00
lookahead-search moves:29700 max-moves:32300
lookahead-search moves:32300 max-moves:35000
lookahead-search moves:35000 max-moves:37800
(sat.ddfw       2      1     7.8616     40001       196          2            1        5)
(sat.ddfw       2      1     0.5149     41315       202          3            1        5)
SLS -> SMT activity
(smt.stats :restarts  :decisions  :clauses/bin/units         :simplify   :memory)
(smt.stats      :conflicts :propagations           :lemmas       :deletions    )
(smt.stats    6    748   2484 353048 23598/4997/35     735/0     2   89   53.96)
lookahead-search moves:37800 max-moves:40700
lookahead-search moves:40700 max-moves:43700
ramon: poll                 wall=3.000s usage=2.930s mem=56148KiB load=1.00 rootload=1.00
lookahead-search moves:43700 max-moves:46800
lookahead-search moves:46800 max-moves:50000
lookahead-search moves:50000 max-moves:53300
lookahead-search moves:53300 max-moves:56700
lookahead-search moves:56700 max-moves:60200
ramon: poll                 wall=4.000s usage=3.929s mem=55916KiB load=1.00 rootload=1.00
lookahead-search moves:60200 max-moves:63800
lookahead-search moves:63800 max-moves:67500
lookahead-search moves:67500 max-moves:71300
lookahead-search moves:71300 max-moves:75200
ramon: poll                 wall=5.000s usage=4.928s mem=56172KiB load=1.00 rootload=1.00
lookahead-search moves:75200 max-moves:79200
lookahead-search moves:79200 max-moves:83300
lookahead-search moves:83300 max-moves:87500
lookahead-search moves:87500 max-moves:91800
ramon: poll                 wall=6.003s usage=5.932s mem=56172KiB load=1.00 rootload=1.00
(sat.ddfw       2      1     4.7683     70001       343          3            1        8)
lookahead-search moves:91800 max-moves:96200
lookahead-search moves:96200 max-moves:100700
(sat.ddfw       2      1     0.6190     73999       362          4            1        9)
SLS -> SMT activity
(smt.stats    7    859   2666 621418 23598/4997/35     846/0     2   89   53.96)
(smt.stats    8    981   2892 920853 23599/4998/35     967/0     2   89   53.96)
lookahead-search moves:98594 max-moves:103194
lookahead-search moves:103194 max-moves:107894
ramon: poll                 wall=7.000s usage=6.928s mem=56172KiB load=1.00 rootload=1.00
lookahead-search moves:107894 max-moves:112694
lookahead-search moves:112694 max-moves:117594
lookahead-search moves:117594 max-moves:122594
ramon: poll                 wall=8.000s usage=7.927s mem=55952KiB load=1.00 rootload=0.99
lookahead-search moves:122594 max-moves:127694
lookahead-search moves:127694 max-moves:132894
lookahead-search moves:132894 max-moves:138194
ramon: poll                 wall=9.000s usage=8.927s mem=55952KiB load=1.00 rootload=1.00
lookahead-search moves:138194 max-moves:143594
lookahead-search moves:143594 max-moves:149094
lookahead-search moves:149094 max-moves:154694
ramon: poll                 wall=10.000s usage=9.927s mem=55952KiB load=1.00 rootload=1.00
ramon: end                  Thu Jan 30 14:56:17 2025
ramon: root.execname        z3
ramon: root.utime           9.970s
ramon: root.stime           0.000s
ramon: group.total          9.981s
ramon: group.utime          9.973s
ramon: group.stime          0.008s
ramon: group.mempeak        56300KiB
ramon: group.pidpeak        2
ramon: status               exited
ramon: exitcode             0
ramon: walltime             10.053s
ramon: loadavg              0.99
