ramon: cwd                  /home/gh1/A/_work/z3-poly-testing/z3-poly-testing
ramon: start                Thu Jan 30 14:31:13 2025
ramon: nproc                32
ramon: sys.mem              63441 MiB
ramon: sys.mem.free         26117 MiB
ramon: sys.mem.avail        59433 MiB
ramon: sys.nprocs           1446
ramon: argv                 0 = z3
ramon: argv                 1 = inputs/alive-arm-tv-smt-benchmarks/O8YRm3f7e137.smt2
ramon: argv                 2 = -T:10
ramon: argv                 3 = -v:2
ramon: argv                 4 = -st
ramon: argv                 5 = tactic.default_tactic=(then simplify propagate-values solve-eqs simplify smt)
ramon: argv                 6 = smt.sls.enable=true
ramon: argv                 7 = smt.sls.parallel=false
ramon: argv                 8 = model_validate=true
ramon: argv                 9 = sls.bv_use_lookahead=true
ramon: childpid             2381376
(smt.searching)
(smt.stats :restarts     :decisions :clauses/bin/units      :simplify   :memory)
(smt.stats        :conflicts    :propagations       :lemmas      :deletions   )
(smt.stats    0      0      0      0 14740/2208/1       0/0     0    0   19.18)
(smt.stats    0    101    645   7111 14863/2222/5      87/0     1    0   52.46)
(smt.stats    1    202    981  18026 14881/2240/24     169/0     1    0   52.46)
(smt.stats    2    313   1162  50377 14881/2240/24     280/0     1    0   52.56)
(smt.stats    3    414   1290 192327 14832/2240/24     381/0     2   49   52.66)
(smt.stats    4    525   1483 282755 14833/2241/24     491/0     2   49   52.66)
(smt.stats    5    647   1637 394560 14833/2241/24     613/0     2   49   52.66)
SMT -> SLS units -3355
lookahead-search moves:0 max-moves:800
lookahead-search moves:800 max-moves:1700
lookahead-search moves:1700 max-moves:2700
lookahead-search moves:2700 max-moves:3800
lookahead-search moves:3800 max-moves:5000
lookahead-search moves:5000 max-moves:6300
(sat.ddfw :unsat :models :kflips/sec   :flips :restarts   :reinits  :unsat_vars  :shifts)
(sat.ddfw       2      1    31.2500     10000        49          0            1        2)
lookahead-search moves:6300 max-moves:7700
lookahead-search moves:7700 max-moves:9200
lookahead-search moves:9200 max-moves:10800
lookahead-search moves:10800 max-moves:12500
lookahead-search moves:12500 max-moves:14300
(sat.ddfw       2      1    13.9679     20001        98          1            1        3)
lookahead-search moves:14300 max-moves:16200
lookahead-search moves:16200 max-moves:18200
lookahead-search moves:18200 max-moves:20300
ramon: poll                 wall=1.000s usage=0.997s mem=54600KiB load=1.00 rootload=0.98
lookahead-search moves:20300 max-moves:22500
lookahead-search moves:22500 max-moves:24800
lookahead-search moves:24800 max-moves:27200
lookahead-search moves:27200 max-moves:29700
lookahead-search moves:29700 max-moves:32300
lookahead-search moves:32300 max-moves:35000
lookahead-search moves:35000 max-moves:37800
(sat.ddfw       2      1    10.8814     40001       196          2            1        5)
(sat.ddfw       2      1     0.7130     41315       202          3            1        5)
SLS -> SMT activity
(smt.stats :restarts  :decisions  :clauses/bin/units         :simplify   :memory)
(smt.stats      :conflicts :propagations           :lemmas       :deletions    )
(smt.stats    6    748   1761 594426 14833/2241/24     714/0     2   49   52.66)
lookahead-search moves:37800 max-moves:40700
ramon: poll                 wall=2.000s usage=1.997s mem=54616KiB load=1.00 rootload=1.00
lookahead-search moves:40700 max-moves:43700
lookahead-search moves:43700 max-moves:46800
lookahead-search moves:46800 max-moves:50000
lookahead-search moves:50000 max-moves:53300
lookahead-search moves:53300 max-moves:56700
lookahead-search moves:56700 max-moves:60200
lookahead-search moves:60200 max-moves:63800
ramon: poll                 wall=3.002s usage=3.001s mem=54616KiB load=1.00 rootload=1.00
lookahead-search moves:63800 max-moves:67500
lookahead-search moves:67500 max-moves:71300
lookahead-search moves:71300 max-moves:75200
lookahead-search moves:75200 max-moves:79200
lookahead-search moves:79200 max-moves:83300
ramon: poll                 wall=4.010s usage=3.961s mem=54872KiB load=0.95 rootload=0.95
lookahead-search moves:83300 max-moves:87500
lookahead-search moves:87500 max-moves:91800
(sat.ddfw       2      1     6.4812     70001       343          3            1        8)
lookahead-search moves:91800 max-moves:96200
lookahead-search moves:96200 max-moves:100700
(sat.ddfw       2      1     0.8413     73999       362          4            1        9)
SLS -> SMT activity
(smt.stats    7    859   1948 673341 14833/2241/24     825/0     2   49   52.66)
(smt.stats    8    981   2159 750314 14833/2241/24     947/0     2   49   52.75)
lookahead-search moves:98594 max-moves:103194
ramon: poll                 wall=5.000s usage=4.949s mem=54872KiB load=1.00 rootload=1.00
lookahead-search moves:103194 max-moves:107894
lookahead-search moves:107894 max-moves:112694
lookahead-search moves:112694 max-moves:117594
lookahead-search moves:117594 max-moves:122594
lookahead-search moves:122594 max-moves:127694
ramon: poll                 wall=6.000s usage=5.948s mem=54644KiB load=1.00 rootload=1.00
lookahead-search moves:127694 max-moves:132894
lookahead-search moves:132894 max-moves:138194
lookahead-search moves:138194 max-moves:143594
lookahead-search moves:143594 max-moves:149094
ramon: poll                 wall=7.000s usage=6.946s mem=54644KiB load=1.00 rootload=1.00
lookahead-search moves:149094 max-moves:154694
lookahead-search moves:154694 max-moves:160394
lookahead-search moves:160394 max-moves:166194
lookahead-search moves:166194 max-moves:172094
ramon: poll                 wall=8.000s usage=7.946s mem=54644KiB load=1.00 rootload=0.99
lookahead-search moves:172094 max-moves:178094
(sat.ddfw       2      1     3.6519    103999       509          4            1       13)
SLS -> SMT activity
(smt.stats    9   1115   2320 929668 14834/2242/24    1080/0     2   49   52.75)
(smt.stats   10   1216   2552 952524 14835/2243/24    1180/0     2   49   52.75)
(smt.stats   11   1327   2707 1102473 14835/2243/24    1291/0     2   49   52.75)
(smt.stats :restarts  :decisions   :clauses/bin/units         :simplify   :memory)
(smt.stats     :conflicts  :propagations           :lemmas        :deletions    )
(smt.stats   12   1449   2854 1271868 14835/2243/24    1413/0     2   49   52.85)
lookahead-search moves:173430 max-moves:179530
lookahead-search moves:179530 max-moves:185730
lookahead-search moves:185730 max-moves:192030
ramon: poll                 wall=9.022s usage=8.968s mem=54744KiB load=1.00 rootload=1.01
(sat.ddfw       2      1     0.6568    110001       539          4            1       14)
lookahead-search moves:192030 max-moves:198430
lookahead-search moves:198430 max-moves:204930
lookahead-search moves:204930 max-moves:211530
ramon: poll                 wall=10.001s usage=9.944s mem=54744KiB load=1.00 rootload=0.99
ramon: end                  Thu Jan 30 14:31:23 2025
ramon: root.execname        z3
ramon: root.utime           9.930s
ramon: root.stime           0.010s
ramon: group.total          9.950s
ramon: group.utime          9.934s
ramon: group.stime          0.016s
ramon: group.mempeak        55000KiB
ramon: group.pidpeak        2
ramon: status               exited
ramon: exitcode             0
ramon: walltime             10.005s
ramon: loadavg              0.99
