ramon: cwd                  /home/gh1/A/_work/z3-poly-testing/z3-poly-testing
ramon: start                Thu Jan 30 14:34:06 2025
ramon: nproc                32
ramon: sys.mem              63441 MiB
ramon: sys.mem.free         22335 MiB
ramon: sys.mem.avail        59432 MiB
ramon: sys.nprocs           1498
ramon: argv                 0 = z3
ramon: argv                 1 = inputs/alive-arm-tv-smt-benchmarks/QUrr6gtMU5Zv.smt2
ramon: argv                 2 = -T:10
ramon: argv                 3 = -v:2
ramon: argv                 4 = -st
ramon: argv                 5 = tactic.default_tactic=(then simplify propagate-values solve-eqs simplify smt)
ramon: argv                 6 = smt.sls.enable=true
ramon: argv                 7 = smt.sls.parallel=false
ramon: argv                 8 = model_validate=true
ramon: argv                 9 = sls.bv_use_lookahead=true
ramon: childpid             2401884
(smt.searching)
(smt.stats :restarts     :decisions :clauses/bin/units      :simplify   :memory)
(smt.stats        :conflicts    :propagations       :lemmas      :deletions   )
(smt.stats    0      0      0      0 23161/2070/1       0/0     0    0   19.83)
(smt.stats    0    101    925   2432 23187/2072/12      99/0     1    0   53.01)
SMT -> SLS units -3999
SMT -> SLS values
lookahead-search moves:0 max-moves:800
lookahead-search moves:800 max-moves:1700
lookahead-search moves:1700 max-moves:2700
lookahead-search moves:2700 max-moves:3800
(sat.ddfw :unsat :models :kflips/sec   :flips :restarts   :reinits  :unsat_vars  :shifts)
(sat.ddfw       1     32    16.2338     10000        20          0            3        1)
lookahead-search moves:3800 max-moves:5000
lookahead-search moves:5000 max-moves:6300
ramon: poll                 wall=1.003s usage=0.897s mem=55024KiB load=0.89 rootload=0.89
(sat.ddfw       1     33     6.5491     16667        42          1            2        2)
SLS -> SMT values
(smt.stats    1    202   1896   9567 23168/2073/12     199/0     1    0   53.20)
(smt.stats    2    313   2328  27656 23164/2073/12     310/0     1    0   53.20)
(smt.stats    3    414   3506  40752 23164/2073/12     411/0     1    0   53.30)
(smt.stats    4    525   3972  57913 23164/2073/12     522/0     1    0   53.50)
SMT -> SLS values
lookahead-search moves:6300 max-moves:7700
lookahead-search moves:7700 max-moves:9200
(sat.ddfw       1     33     2.2685     20004        50          1            4        3)
lookahead-search moves:9200 max-moves:10800
lookahead-search moves:10800 max-moves:12500
ramon: poll                 wall=2.000s usage=1.808s mem=55388KiB load=0.91 rootload=0.91
(sat.ddfw       1     32     3.2213     26395        71          2            2        3)
SLS -> SMT values
(smt.stats    5    647   5401  75722 23171/2073/12     644/0     1    0   53.50)
lookahead-search moves:12500 max-moves:14300
lookahead-search moves:14300 max-moves:16200
lookahead-search moves:16200 max-moves:18200
lookahead-search moves:18200 max-moves:20300
lookahead-search moves:20300 max-moves:22500
(sat.ddfw       1     38     3.9389     40000       115          2            1        5)
lookahead-search moves:22500 max-moves:24800
lookahead-search moves:24800 max-moves:27200
ramon: poll                 wall=3.923s usage=3.663s mem=55420KiB load=0.96 rootload=0.96
ramon: poll                 wall=4.000s usage=3.739s mem=55420KiB load=0.99 rootload=1.04
lookahead-search moves:27200 max-moves:29700
lookahead-search moves:29700 max-moves:32300
lookahead-search moves:32300 max-moves:35000
ramon: poll                 wall=5.000s usage=4.739s mem=55420KiB load=1.00 rootload=1.00
lookahead-search moves:35000 max-moves:37800
lookahead-search moves:37800 max-moves:40700
ramon: poll                 wall=6.000s usage=5.739s mem=55420KiB load=1.00 rootload=1.00
lookahead-search moves:40700 max-moves:43700
lookahead-search moves:43700 max-moves:46800
ramon: poll                 wall=7.000s usage=6.336s mem=55420KiB load=0.60 rootload=0.60
lookahead-search moves:46800 max-moves:50000
ramon: poll                 wall=8.000s usage=6.836s mem=55420KiB load=0.50 rootload=0.50
(sat.ddfw       1     38     3.6149     70000       208          3            1        7)
(sat.ddfw       1     38     0.0229     70190       209          4            2        7)
SLS -> SMT activity
(smt.stats :restarts  :decisions  :clauses/bin/units         :simplify   :memory)
(smt.stats      :conflicts  :propagations          :lemmas        :deletions   )
(smt.stats    6    748   5821  88218 23185/2075/12     743/0     1    0   53.50)
lookahead-search moves:50000 max-moves:53300
lookahead-search moves:53300 max-moves:56700
ramon: poll                 wall=9.000s usage=7.732s mem=55420KiB load=0.90 rootload=0.89
lookahead-search moves:56700 max-moves:60200
lookahead-search moves:60200 max-moves:63800
ramon: poll                 wall=10.000s usage=8.732s mem=55420KiB load=1.00 rootload=1.00
ramon: end                  Thu Jan 30 14:34:16 2025
ramon: root.execname        z3
ramon: root.utime           8.740s
ramon: root.stime           0.000s
ramon: group.total          8.746s
ramon: group.utime          8.742s
ramon: group.stime          0.004s
ramon: group.mempeak        55676KiB
ramon: group.pidpeak        2
ramon: status               exited
ramon: exitcode             0
ramon: walltime             10.013s
ramon: loadavg              0.87
