ramon: cwd                  /home/gh1/A/_work/z3-poly-testing/z3-poly-testing
ramon: start                Thu Jan 30 15:00:21 2025
ramon: nproc                32
ramon: sys.mem              63441 MiB
ramon: sys.mem.free         22882 MiB
ramon: sys.mem.avail        59425 MiB
ramon: sys.nprocs           1465
ramon: argv                 0 = z3
ramon: argv                 1 = inputs/alive-arm-tv-smt-benchmarks/tDIfPRNUt3dK.smt2
ramon: argv                 2 = -T:10
ramon: argv                 3 = -v:2
ramon: argv                 4 = -st
ramon: argv                 5 = tactic.default_tactic=(then simplify propagate-values solve-eqs simplify smt)
ramon: argv                 6 = smt.sls.enable=true
ramon: argv                 7 = smt.sls.parallel=false
ramon: argv                 8 = model_validate=true
ramon: argv                 9 = sls.bv_use_lookahead=true
ramon: childpid             2581876
(smt.searching)
(smt.stats :restarts     :decisions :clauses/bin/units      :simplify   :memory)
(smt.stats        :conflicts    :propagations       :lemmas      :deletions   )
(smt.stats    0      0      0      0  6006/1204/1       0/0     0    0   18.29)
(smt.stats    0    101    604   7914  6020/1213/20      88/0     1    0   51.27)
(smt.stats    1    202    738  61978  6020/1213/20     189/0     1    0   51.37)
(smt.stats    2    313    867 118118  5978/1213/20     300/0     2   42   51.37)
(smt.stats    3    414    989 179895  5978/1213/20     401/0     2   42   51.37)
(smt.stats    4    525   1228 203267  5982/1217/20     508/0     2   42   51.37)
(smt.stats    5    647   1383 265283  5983/1218/20     629/0     2   42   51.46)
SMT -> SLS units -1504
lookahead-search moves:0 max-moves:800
lookahead-search moves:800 max-moves:1700
lookahead-search moves:1700 max-moves:2700
lookahead-search moves:2700 max-moves:3800
lookahead-search moves:3800 max-moves:5000
lookahead-search moves:5000 max-moves:6300
(sat.ddfw :unsat :models :kflips/sec   :flips :restarts   :reinits  :unsat_vars  :shifts)
(sat.ddfw       2      1    59.1716     10000        49          0            1        2)
lookahead-search moves:6300 max-moves:7700
lookahead-search moves:7700 max-moves:9200
lookahead-search moves:9200 max-moves:10800
lookahead-search moves:10800 max-moves:12500
lookahead-search moves:12500 max-moves:14300
(sat.ddfw       2      1    28.1718     20001        98          1            1        3)
lookahead-search moves:14300 max-moves:16200
lookahead-search moves:16200 max-moves:18200
lookahead-search moves:18200 max-moves:20300
lookahead-search moves:20300 max-moves:22500
lookahead-search moves:22500 max-moves:24800
lookahead-search moves:24800 max-moves:27200
lookahead-search moves:27200 max-moves:29700
lookahead-search moves:29700 max-moves:32300
lookahead-search moves:32300 max-moves:35000
lookahead-search moves:35000 max-moves:37800
(sat.ddfw       2      1    21.4133     40001       196          2            1        5)
(sat.ddfw       2      1     1.4009     41315       202          3            1        5)
SLS -> SMT activity
(smt.stats :restarts  :decisions   :clauses/bin/units        :simplify   :memory)
(smt.stats      :conflicts :propagations           :lemmas       :deletions    )
(smt.stats    6    748   1509 282254  5984/1219/20     729/0     2   42   51.46)
lookahead-search moves:37800 max-moves:40700
ramon: poll                 wall=1.000s usage=0.989s mem=53552KiB load=0.99 rootload=0.96
lookahead-search moves:40700 max-moves:43700
lookahead-search moves:43700 max-moves:46800
lookahead-search moves:46800 max-moves:50000
lookahead-search moves:50000 max-moves:53300
lookahead-search moves:53300 max-moves:56700
lookahead-search moves:56700 max-moves:60200
lookahead-search moves:60200 max-moves:63800
lookahead-search moves:63800 max-moves:67500
lookahead-search moves:67500 max-moves:71300
lookahead-search moves:71300 max-moves:75200
lookahead-search moves:75200 max-moves:79200
lookahead-search moves:79200 max-moves:83300
lookahead-search moves:83300 max-moves:87500
lookahead-search moves:87500 max-moves:91800
(sat.ddfw       2      1    12.8984     70001       343          3            1        8)
lookahead-search moves:91800 max-moves:96200
lookahead-search moves:96200 max-moves:100700
(sat.ddfw       2      1     1.6742     73999       362          4            1        9)
SLS -> SMT activity
(smt.stats    7    859   1678 332064  5984/1219/20     840/0     2   42   51.46)
(smt.stats    8    981   1832 374604  5985/1220/20     961/0     2   42   51.46)
lookahead-search moves:98594 max-moves:103194
lookahead-search moves:103194 max-moves:107894
lookahead-search moves:107894 max-moves:112694
lookahead-search moves:112694 max-moves:117594
lookahead-search moves:117594 max-moves:122594
lookahead-search moves:122594 max-moves:127694
lookahead-search moves:127694 max-moves:132894
lookahead-search moves:132894 max-moves:138194
lookahead-search moves:138194 max-moves:143594
lookahead-search moves:143594 max-moves:149094
lookahead-search moves:149094 max-moves:154694
lookahead-search moves:154694 max-moves:160394
lookahead-search moves:160394 max-moves:166194
lookahead-search moves:166194 max-moves:172094
lookahead-search moves:172094 max-moves:178094
(sat.ddfw       2      1     7.2220    103999       509          4            1       13)
SLS -> SMT activity
(smt.stats    9   1115   2002 415682  5985/1220/20    1095/0     2   42   51.46)
(smt.stats   10   1216   2116 477799  5985/1220/20    1196/0     2   42   51.56)
(smt.stats   11   1327   2250 543159  5986/1221/20    1306/0     2   42   51.56)
(smt.stats :restarts  :decisions   :clauses/bin/units        :simplify   :memory)
(smt.stats     :conflicts  :propagations          :lemmas       :deletions     )
(smt.stats   12   1449   2478 601980  5903/1222/50    1425/0     3  127   51.56)
lookahead-search moves:173430 max-moves:179530
lookahead-search moves:179530 max-moves:185730
lookahead-search moves:185730 max-moves:192030
ramon: poll                 wall=4.536s usage=4.528s mem=53624KiB load=1.00 rootload=1.00
(sat.ddfw       2      1     1.3022    110001       539          4            1       14)
lookahead-search moves:192030 max-moves:198430
lookahead-search moves:198430 max-moves:204930
lookahead-search moves:204930 max-moves:211530
lookahead-search moves:211530 max-moves:218230
lookahead-search moves:218230 max-moves:225030
lookahead-search moves:225030 max-moves:231930
lookahead-search moves:231930 max-moves:238930
lookahead-search moves:238930 max-moves:246030
lookahead-search moves:246030 max-moves:253230
ramon: poll                 wall=6.012s usage=6.001s mem=53440KiB load=1.00 rootload=1.00
lookahead-search moves:253230 max-moves:260530
lookahead-search moves:260530 max-moves:267930
(sat.ddfw       2      1     3.5191    131999       647          5            1       16)
SLS -> SMT activity
(smt.stats   13   1583   2649 643352  5903/1222/50    1559/0     3  127   51.56)
(smt.stats   14   1730   2826 684060  5904/1223/50    1705/0     3  127   51.56)
(smt.stats   15   1831   2964 719076  5904/1223/50    1806/0     3  127   51.56)
(smt.stats   16   1942   3105 755412  5904/1223/50    1917/0     3  127   51.56)
(smt.stats   17   2064   3248 792047  5904/1223/50    2039/0     3  127   51.56)
(smt.stats   18   2198   3418 826934  5904/1223/50    2173/0     3  127   51.66)
(smt.stats   19   2345   3657 875904  5907/1226/50    2317/0     3  127   51.66)
(smt.stats   20   2506   3854 908508  5907/1226/50    2478/0     3  127   51.66)
lookahead-search moves:261276 max-moves:268776
lookahead-search moves:268776 max-moves:276376
lookahead-search moves:276376 max-moves:284076
lookahead-search moves:284076 max-moves:291876
ramon: poll                 wall=7.000s usage=6.958s mem=53596KiB load=0.97 rootload=0.94
lookahead-search moves:291876 max-moves:299776
lookahead-search moves:299776 max-moves:307776
lookahead-search moves:307776 max-moves:315876
lookahead-search moves:315876 max-moves:324076
lookahead-search moves:324076 max-moves:332376
ramon: poll                 wall=8.000s usage=7.914s mem=53596KiB load=0.96 rootload=0.96
lookahead-search moves:332376 max-moves:340776
lookahead-search moves:340776 max-moves:349276
lookahead-search moves:349276 max-moves:357876
lookahead-search moves:357876 max-moves:366576
(sat.ddfw       2      1     3.0047    157999       774          5            1       19)
SLS -> SMT activity
(smt.stats   21   2607   4025 931370  5907/1226/50    2579/0     3  127   51.66)
(smt.stats   22   2718   4163 981462  5907/1226/50    2690/0     3  127   51.66)
(smt.stats :restarts  :decisions    :clauses/bin/units        :simplify   :memory)
(smt.stats     :conflicts  :propagations           :lemmas       :deletions     )
(smt.stats   23   2840   4303 1035537  5907/1226/50    2812/0     3  127   51.76)
(smt.stats   24   2974   4491 1078456  5907/1226/50    2946/0     3  127   51.76)
(smt.stats   25   3121   4681 1118988  5910/1229/50    3090/0     3  127   51.76)
(smt.stats   26   3282   4893 1177302  5910/1229/50    3251/0     3  127   51.76)
(smt.stats   27   3459   5172 1248205  5912/1231/50    3426/0     3  127   51.76)
(smt.stats   28   3560   5299 1277900  5912/1231/50    3527/0     3  127   51.76)
(smt.stats   29   3671   5466 1309529  5912/1231/50    3638/0     3  127   51.86)
(smt.stats   30   3793   5621 1365988  5912/1231/50    3760/0     3  127   51.86)
(smt.stats   31   3927   5842 1393356  5913/1232/50    3893/0     3  127   51.86)
(smt.stats   32   4074   6016 1444650  5914/1233/50    4039/0     3  127   51.86)
(smt.stats   33   4235   6242 1504417  5914/1233/50    4200/0     3  127   51.86)
(smt.stats   34   4412   6462 1532066  5914/1233/50    4377/0     3  127   51.96)
(smt.stats   35   4606   6703 1595992  5914/1233/50    4571/0     3  127   51.96)
(smt.stats   36   4707   6826 1620746  5914/1233/50    4672/0     3  127   51.96)
lookahead-search moves:362135 max-moves:370935
(sat.ddfw       2      1     0.2243    160001       784          5            1       20)
lookahead-search moves:370935 max-moves:379835
ramon: poll                 wall=9.000s usage=8.914s mem=54108KiB load=1.00 rootload=1.00
lookahead-search moves:379835 max-moves:388835
lookahead-search moves:388835 max-moves:397935
lookahead-search moves:397935 max-moves:407135
lookahead-search moves:407135 max-moves:416435
ramon: poll                 wall=10.000s usage=9.918s mem=53888KiB load=1.00 rootload=1.00
ramon: end                  Thu Jan 30 15:00:31 2025
ramon: root.execname        z3
ramon: root.utime           9.870s
ramon: root.stime           0.050s
ramon: group.total          9.928s
ramon: group.utime          9.880s
ramon: group.stime          0.048s
ramon: group.mempeak        54144KiB
ramon: group.pidpeak        2
ramon: status               exited
ramon: exitcode             0
ramon: walltime             10.010s
ramon: loadavg              0.99
