ramon: cwd                  /home/gh1/A/_work/z3-poly-testing/z3-poly-testing
ramon: start                Thu Jan 30 14:41:50 2025
ramon: nproc                32
ramon: sys.mem              63441 MiB
ramon: sys.mem.free         24184 MiB
ramon: sys.mem.avail        59430 MiB
ramon: sys.nprocs           1443
ramon: argv                 0 = z3
ramon: argv                 1 = inputs/alive-arm-tv-smt-benchmarks/XVkTrVSFynG6.smt2
ramon: argv                 2 = -T:10
ramon: argv                 3 = -v:2
ramon: argv                 4 = -st
ramon: argv                 5 = tactic.default_tactic=(then simplify propagate-values solve-eqs simplify smt)
ramon: argv                 6 = smt.sls.enable=true
ramon: argv                 7 = smt.sls.parallel=false
ramon: argv                 8 = model_validate=true
ramon: argv                 9 = sls.bv_use_lookahead=true
ramon: childpid             2458078
(smt.searching)
(smt.stats :restarts     :decisions :clauses/bin/units      :simplify   :memory)
(smt.stats        :conflicts    :propagations       :lemmas      :deletions   )
(smt.stats    0      0      0      0 44074/7152/1       0/0     0    0   21.71)
(smt.stats    0    101   3879  31194 44125/7201/1      52/0     1    0   55.86)
(smt.stats    1    202   4490  54768 44132/7210/1     144/0     1    0   55.96)
(smt.stats    2    313   4997  72076 44165/7236/15     227/0     1    0   55.96)
SMT -> SLS units -9017 5701
SMT -> SLS values
lookahead-search moves:0 max-moves:800
lookahead-search moves:800 max-moves:1700
(sat.ddfw :unsat :models :kflips/sec   :flips :restarts   :reinits  :unsat_vars  :shifts)
(sat.ddfw       2      9    52.9259     10003        16          0            4        4)
lookahead-search moves:1700 max-moves:2700
lookahead-search moves:2700 max-moves:3800
(sat.ddfw       2      9    22.9029     18019        29          1            4        4)
SLS -> SMT values
(smt.stats    3    414   6038 100201 44152/7252/15     312/0     2   24   56.06)
(smt.stats    4    525   6496 116128 44168/7270/15     405/0     2   24   56.06)
(smt.stats    5    647   7241 126616 44218/7320/15     477/0     2   24   56.06)
(sat.ddfw       2      9     5.4875     20000        32          1            1        5)
lookahead-search moves:2944 max-moves:4144
lookahead-search moves:4144 max-moves:5444
lookahead-search moves:5444 max-moves:6844
(sat.ddfw       2      9    23.5029     40001        65          2            4        7)
lookahead-search moves:6844 max-moves:8344
ramon: poll                 wall=1.003s usage=0.926s mem=58084KiB load=0.92 rootload=0.91
lookahead-search moves:8344 max-moves:9944
lookahead-search moves:9944 max-moves:11644
lookahead-search moves:11644 max-moves:13444
lookahead-search moves:13444 max-moves:15344
(sat.ddfw       2     13    15.9835     70002       111          3            3       10)
lookahead-search moves:15344 max-moves:17344
ramon: poll                 wall=2.000s usage=1.922s mem=58084KiB load=1.00 rootload=1.00
(sat.ddfw       2     13     2.3717     75011       120          4            4       10)
SLS -> SMT activity
(smt.stats :restarts  :decisions  :clauses/bin/units         :simplify   :memory)
(smt.stats      :conflicts :propagations           :lemmas       :deletions    )
(smt.stats    6    748   7675 136533 44250/7347/15     551/0     2   24   56.06)
lookahead-search moves:17344 max-moves:19444
lookahead-search moves:19444 max-moves:21644
lookahead-search moves:21644 max-moves:23944
ramon: poll                 wall=3.000s usage=2.922s mem=58084KiB load=1.00 rootload=1.00
lookahead-search moves:23944 max-moves:26344
lookahead-search moves:26344 max-moves:28844
lookahead-search moves:28844 max-moves:31444
(sat.ddfw       2     13     9.2982    110000       176          4            2       14)
lookahead-search moves:31444 max-moves:34144
ramon: poll                 wall=4.000s usage=3.921s mem=58084KiB load=1.00 rootload=1.00
lookahead-search moves:34144 max-moves:36944
lookahead-search moves:36944 max-moves:39844
(sat.ddfw       2     13     4.8905    133264       213          5            2       16)
SLS -> SMT activity
(smt.stats    7    859   8058 147795 44287/7384/15     625/0     2   24   56.06)
(smt.stats    8    981   8361 156804 44294/7396/15     735/0     2   24   56.16)
lookahead-search moves:39844 max-moves:42844
ramon: poll                 wall=5.000s usage=4.921s mem=58140KiB load=1.00 rootload=1.00
lookahead-search moves:42844 max-moves:45944
lookahead-search moves:45944 max-moves:49144
lookahead-search moves:49144 max-moves:52444
ramon: poll                 wall=6.000s usage=5.921s mem=58140KiB load=1.00 rootload=1.00
lookahead-search moves:52444 max-moves:55844
(sat.ddfw       1      6     4.0105    160002       252          5            4       19)
lookahead-search moves:55844 max-moves:59344
ramon: poll                 wall=7.000s usage=6.921s mem=58140KiB load=1.00 rootload=1.00
lookahead-search moves:59344 max-moves:62944
lookahead-search moves:62944 max-moves:66644
ramon: poll                 wall=8.000s usage=7.921s mem=58140KiB load=1.00 rootload=1.00
lookahead-search moves:66644 max-moves:70444
lookahead-search moves:70444 max-moves:74344
(sat.ddfw       1      6     3.6086    191325       302          6            5       22)
SLS -> SMT activity
(smt.stats    9   1115   8837 165567 44322/7417/15     848/0     2   24   56.16)
(smt.stats   10   1216   9393 181582 44096/7433/105     932/1     3  259   56.16)
(smt.stats   11   1327   9592 190352 44109/7446/105    1030/1     3  259   56.16)
(smt.stats :restarts :decisions   :clauses/bin/units          :simplify   :memory)
(smt.stats     :conflicts  :propagations           :lemmas       :deletions     )
(smt.stats   12   1449  10132 205438 44158/7495/105    1103/1     3  259   56.16)
lookahead-search moves:72687 max-moves:76687
ramon: poll                 wall=9.000s usage=8.921s mem=58396KiB load=1.00 rootload=1.00
lookahead-search moves:76687 max-moves:80787
lookahead-search moves:80787 max-moves:84987
ramon: poll                 wall=10.000s usage=9.921s mem=58164KiB load=1.00 rootload=1.00
ramon: end                  Thu Jan 30 14:42:00 2025
ramon: root.execname        z3
ramon: root.utime           10.010s
ramon: root.stime           0.000s
ramon: group.total          10.023s
ramon: group.utime          10.015s
ramon: group.stime          0.008s
ramon: group.mempeak        58420KiB
ramon: group.pidpeak        2
ramon: status               exited
ramon: exitcode             0
ramon: walltime             10.101s
ramon: loadavg              0.99
