ramon: cwd                  /home/gh1/A/_work/z3-poly-testing/z3-poly-testing
ramon: start                Thu Jan 30 14:42:35 2025
ramon: nproc                32
ramon: sys.mem              63441 MiB
ramon: sys.mem.free         24222 MiB
ramon: sys.mem.avail        59429 MiB
ramon: sys.nprocs           1444
ramon: argv                 0 = z3
ramon: argv                 1 = inputs/alive-arm-tv-smt-benchmarks/YIT5jbs5nmnQ.smt2
ramon: argv                 2 = -T:10
ramon: argv                 3 = -v:2
ramon: argv                 4 = -st
ramon: argv                 5 = tactic.default_tactic=(then simplify propagate-values solve-eqs simplify smt)
ramon: argv                 6 = smt.sls.enable=true
ramon: argv                 7 = smt.sls.parallel=false
ramon: argv                 8 = model_validate=true
ramon: argv                 9 = sls.bv_use_lookahead=true
ramon: childpid             2462844
(smt.searching)
(smt.stats :restarts     :decisions :clauses/bin/units       :simplify   :memory)
(smt.stats        :conflicts    :propagations        :lemmas      :deletions   )
(smt.stats    0      0      0      0 96744/14332/1       0/0     0    0   26.38)
(smt.stats    0    101   6959  28744 96769/14355/1      78/0     1    0   61.99)
(smt.stats    1    202  10676 114947 96769/14357/1     177/0     1    0   62.18)
(smt.stats    2    313  11779 182278 96772/14360/1     285/0     1    0   62.38)
SMT -> SLS units -18947
SMT -> SLS values
lookahead-search moves:0 max-moves:800
lookahead-search moves:800 max-moves:1700
lookahead-search moves:1700 max-moves:2700
lookahead-search moves:2700 max-moves:3800
lookahead-search moves:3800 max-moves:5000
(sat.ddfw :unsat :models :kflips/sec   :flips :restarts   :reinits  :unsat_vars  :shifts)
(sat.ddfw       1     10    13.9096     10001        47          0            3        2)
lookahead-search moves:5000 max-moves:6300
ramon: poll                 wall=1.000s usage=0.939s mem=64556KiB load=0.94 rootload=0.91
lookahead-search moves:6300 max-moves:7700
lookahead-search moves:7700 max-moves:9200
(sat.ddfw       1     10     3.2827     14088        67          1            3        2)
SLS -> SMT values
(smt.stats    3    414  13987 243804 96782/14363/51     381/0     1    0   62.48)
(smt.stats    4    525  14923 286723 96681/14365/51     490/0     2   96   62.57)
(smt.stats    5    647  21314 368909 96690/14374/51     603/0     2   96   62.57)
SMT -> SLS units 13341
(sat.ddfw       1     11     4.5837     20001        75          1            3        4)
lookahead-search moves:8821 max-moves:10421
lookahead-search moves:10421 max-moves:12121
lookahead-search moves:12121 max-moves:13921
ramon: poll                 wall=2.000s usage=1.939s mem=64708KiB load=1.00 rootload=1.00
lookahead-search moves:13921 max-moves:15821
(sat.ddfw       1     15     8.7638     40000       107          2            1        6)
lookahead-search moves:15821 max-moves:17821
lookahead-search moves:17821 max-moves:19921
lookahead-search moves:19921 max-moves:22121
ramon: poll                 wall=3.000s usage=2.939s mem=64708KiB load=1.00 rootload=1.00
lookahead-search moves:22121 max-moves:24421
lookahead-search moves:24421 max-moves:26821
(sat.ddfw       1     15     7.6174     68687       154          3            3        9)
SLS -> SMT activity
SMT -> SLS values
(sat.ddfw       1     15     0.3481     70000       156          3            1       10)
lookahead-search moves:26821 max-moves:29321
ramon: poll                 wall=4.000s usage=3.938s mem=64708KiB load=1.00 rootload=1.00
(sat.ddfw       1     15     2.5034     80344       173          4            3       11)
(smt.stats :restarts :decisions   :clauses/bin/units          :simplify   :memory)
(smt.stats      :conflicts :propagations            :lemmas       :deletions    )
(smt.stats    6    748  22612 391658 96925/14415/51     663/0     2   96   62.57)
lookahead-search moves:29321 max-moves:31921
lookahead-search moves:31921 max-moves:34621
lookahead-search moves:34621 max-moves:37421
ramon: poll                 wall=5.000s usage=4.938s mem=64712KiB load=1.00 rootload=1.00
lookahead-search moves:37421 max-moves:40321
lookahead-search moves:40321 max-moves:43321
ramon: poll                 wall=6.000s usage=5.937s mem=64712KiB load=1.00 rootload=1.00
(sat.ddfw       1     15     4.9013    110002       220          4            4       14)
lookahead-search moves:43321 max-moves:46421
lookahead-search moves:46421 max-moves:49621
ramon: poll                 wall=7.000s usage=6.937s mem=64712KiB load=1.00 rootload=1.00
lookahead-search moves:49621 max-moves:52921
lookahead-search moves:52921 max-moves:56321
lookahead-search moves:56321 max-moves:59821
(sat.ddfw       1     15     3.2492    135534       262          5            5       17)
SLS -> SMT activity
(smt.stats    7    859  23238 401233 96977/14467/51     722/0     2   96   62.67)
(smt.stats    8    981  23657 415539 97000/14490/51     821/0     2   96   62.67)
lookahead-search moves:56526 max-moves:60126
ramon: poll                 wall=8.000s usage=7.936s mem=64716KiB load=1.00 rootload=1.00
lookahead-search moves:60126 max-moves:63826
lookahead-search moves:63826 max-moves:67626
ramon: poll                 wall=9.004s usage=8.940s mem=64716KiB load=1.00 rootload=1.01
lookahead-search moves:67626 max-moves:71526
(sat.ddfw       1     16     2.4795    160002       300          5            4       20)
ramon: poll                 wall=10.000s usage=9.936s mem=64716KiB load=1.00 rootload=0.99
lookahead-search moves:71526 max-moves:75526
ramon: end                  Thu Jan 30 14:42:45 2025
ramon: root.execname        z3
ramon: root.utime           9.980s
ramon: root.stime           0.010s
ramon: group.total          10.003s
ramon: group.utime          9.983s
ramon: group.stime          0.020s
ramon: group.mempeak        64972KiB
ramon: group.pidpeak        2
ramon: status               exited
ramon: exitcode             0
ramon: walltime             10.067s
ramon: loadavg              0.99
