sat
(:added-eqs                   270544
 :arith-eq-adapter            3864
 :arith-bound-propagations-lp 41401
 :arith-conflicts             557
 :arith-diseq                 118006
 :arith-fixed-eqs             103
 :arith-lower                 126361
 :arith-make-feasible         11926
 :arith-max-columns           3234
 :arith-max-rows              996
 :arith-upper                 31325
 :binary-propagations         824852
 :conflicts                   1405
 :decisions                   12947
 :final-checks                1
 :max-memory                  46.96
 :memory                      33.12
 :minimized-lits              8199
 :mk-bool-var                 30093
 :mk-clause                   4114
 :mk-clause-binary            50184
 :num-allocs                  1217635584
 :num-checks                  3
 :propagations                845982
 :restarts                    13
 :rlimit-count                5134268
 :solve-eqs-elim-vars         2855
 :solve-eqs-steps             2855
 :time                        17.03
 :total-time                  17.66)
