ramon: cwd                  /home/runner/a/_work/z3-poly-testing/z3-poly-testing
ramon: start                Fri Apr 18 12:58:34 2025
ramon: nproc                128
ramon: sys.mem              64150 MiB
ramon: sys.mem.free         17694 MiB
ramon: sys.mem.avail        63452 MiB
ramon: sys.nprocs           3227
ramon: argv                 0 = z3
ramon: argv                 1 = /home/runner/a/_work/z3-poly-testing/z3-poly-testing/download/non-incremental/QF_LIA/mathsat/FISCHER3-7-fair.smt2
ramon: argv                 2 = -T:600
ramon: argv                 3 = -st
ramon: argv                 4 = lp.dio=true
ramon: argv                 5 = smt.random_seed=589
ramon: childpid             3978982
ramon: end                  Fri Apr 18 12:58:35 2025
ramon: root.execname        z3
ramon: root.utime           0.270s
ramon: root.stime           0.200s
ramon: group.total          0.476s
ramon: group.utime          0.275s
ramon: group.stime          0.201s
ramon: group.mempeak        21528KiB
ramon: group.pidpeak        2
ramon: status               exited
ramon: exitcode             0
ramon: walltime             0.507s
ramon: loadavg              0.94
