ramon: cwd                  /home/runner/a/_work/z3-poly-testing/z3-poly-testing
ramon: start                Fri Mar 21 16:09:41 2025
ramon: nproc                128
ramon: sys.mem              64150 MiB
ramon: sys.mem.free         28809 MiB
ramon: sys.mem.avail        64132 MiB
ramon: sys.nprocs           3846
ramon: argv                 0 = z3
ramon: argv                 1 = /home/runner/a/_work/z3-poly-testing/z3-poly-testing/download/non-incremental/QF_LIA/nec-smt/large/checkpass_pwd/prp-25-40.smt2
ramon: argv                 2 = -T:600
ramon: argv                 3 = -st
ramon: argv                 4 = smt.arith.lp.dio_eqs=true
ramon: childpid             3338482
ramon: poll                 wall=01.007s usage=00.977s user=00.892s sys=00.085s mem=24860KiB roottime=0.890s load=0.97 rootload=0.88
ramon: poll                 wall=02.004s usage=01.949s user=01.819s sys=00.130s mem=39016KiB roottime=1.810s load=0.98 rootload=0.92
ramon: poll                 wall=03.003s usage=02.941s user=02.808s sys=00.134s mem=39860KiB roottime=2.800s load=0.99 rootload=0.99
ramon: poll                 wall=04.000s usage=03.933s user=03.797s sys=00.136s mem=40204KiB roottime=3.790s load=0.99 rootload=0.99
ramon: poll                 wall=05.000s usage=04.927s user=04.784s sys=00.144s mem=40560KiB roottime=4.780s load=0.99 rootload=0.99
ramon: poll                 wall=06.003s usage=05.925s user=05.777s sys=00.149s mem=40908KiB roottime=5.770s load=1.00 rootload=0.99
ramon: poll                 wall=07.002s usage=06.919s user=06.768s sys=00.152s mem=41212KiB roottime=6.760s load=0.99 rootload=0.99
ramon: poll                 wall=08.006s usage=07.918s user=07.760s sys=00.158s mem=41432KiB roottime=7.760s load=0.99 rootload=1.00
ramon: poll                 wall=09.000s usage=08.907s user=08.748s sys=00.159s mem=41552KiB roottime=8.740s load=0.99 rootload=0.99
ramon: poll                 wall=10.006s usage=09.907s user=09.743s sys=00.164s mem=41684KiB roottime=9.740s load=0.99 rootload=0.99
ramon: poll                 wall=11.008s usage=10.902s user=10.736s sys=00.167s mem=41856KiB roottime=10.730s load=0.99 rootload=0.99
ramon: poll                 wall=12.000s usage=11.888s user=11.719s sys=00.169s mem=42308KiB roottime=11.710s load=0.99 rootload=0.99
ramon: poll                 wall=13.003s usage=12.884s user=12.716s sys=00.169s mem=42328KiB roottime=12.710s load=0.99 rootload=1.00
ramon: poll                 wall=14.000s usage=13.874s user=13.697s sys=00.177s mem=42532KiB roottime=13.690s load=0.99 rootload=0.98
ramon: poll                 wall=15.002s usage=14.867s user=14.691s sys=00.177s mem=42572KiB roottime=14.690s load=0.99 rootload=1.00
ramon: poll                 wall=16.004s usage=15.862s user=15.683s sys=00.180s mem=42676KiB roottime=15.680s load=0.99 rootload=0.99
ramon: poll                 wall=17.004s usage=16.856s user=16.674s sys=00.182s mem=42748KiB roottime=16.670s load=0.99 rootload=0.99
ramon: poll                 wall=18.004s usage=17.850s user=17.666s sys=00.184s mem=42824KiB roottime=17.660s load=0.99 rootload=0.99
ramon: poll                 wall=19.002s usage=18.843s user=18.657s sys=00.186s mem=42928KiB roottime=18.650s load=1.00 rootload=0.99
ramon: poll                 wall=20.004s usage=19.840s user=19.652s sys=00.188s mem=43080KiB roottime=19.650s load=1.00 rootload=1.00
ramon: poll                 wall=21.004s usage=20.835s user=20.645s sys=00.191s mem=43180KiB roottime=20.640s load=1.00 rootload=0.99
ramon: poll                 wall=22.003s usage=21.830s user=21.635s sys=00.196s mem=43652KiB roottime=21.630s load=1.00 rootload=0.99
ramon: poll                 wall=23.003s usage=22.826s user=22.628s sys=00.198s mem=43980KiB roottime=22.620s load=1.00 rootload=0.99
ramon: end                  Fri Mar 21 16:10:04 2025
ramon: root.execname        z3
ramon: root.utime           22.950s
ramon: root.stime           0.210s
ramon: group.total          23.176s
ramon: group.utime          22.958s
ramon: group.stime          0.219s
ramon: group.mempeak        44748KiB
ramon: group.pidpeak        2
ramon: status               exited
ramon: exitcode             0
ramon: walltime             23.355s
ramon: loadavg              0.99
