ramon: cwd                  /home/runner/a/_work/z3-poly-testing/z3-poly-testing
ramon: start                Sat Feb  8 16:30:42 2025
ramon: nproc                128
ramon: sys.mem              64150 MiB
ramon: sys.mem.free         42493 MiB
ramon: sys.mem.avail        63982 MiB
ramon: sys.nprocs           2929
ramon: argv                 0 = z3
ramon: argv                 1 = inputs/QF_LIA/constraint-221609.smt2
ramon: argv                 2 = -T:600
ramon: argv                 3 = -st
ramon: childpid             1340508
ramon: poll                 wall=01.000s usage=00.999s user=00.961s sys=00.038s mem=50140KiB roottime=0.960s load=1.00 rootload=0.96
ramon: poll                 wall=02.000s usage=01.998s user=01.951s sys=00.047s mem=61908KiB roottime=1.950s load=1.00 rootload=0.99
ramon: poll                 wall=03.000s usage=02.997s user=02.947s sys=00.050s mem=64980KiB roottime=2.940s load=1.00 rootload=0.99
ramon: poll                 wall=04.000s usage=03.997s user=03.944s sys=00.053s mem=68564KiB roottime=3.940s load=1.00 rootload=1.00
ramon: poll                 wall=05.000s usage=04.997s user=04.944s sys=00.053s mem=69844KiB roottime=4.940s load=1.00 rootload=1.00
ramon: poll                 wall=06.000s usage=05.996s user=05.942s sys=00.054s mem=70400KiB roottime=5.940s load=1.00 rootload=1.00
ramon: poll                 wall=07.000s usage=06.996s user=06.942s sys=00.054s mem=70528KiB roottime=6.940s load=1.00 rootload=1.00
ramon: poll                 wall=08.000s usage=07.995s user=07.940s sys=00.055s mem=71860KiB roottime=7.940s load=1.00 rootload=1.00
ramon: poll                 wall=09.000s usage=08.995s user=08.940s sys=00.055s mem=71916KiB roottime=8.930s load=1.00 rootload=0.99
ramon: poll                 wall=10.000s usage=09.993s user=09.938s sys=00.055s mem=72188KiB roottime=9.930s load=1.00 rootload=1.00
ramon: poll                 wall=11.000s usage=10.993s user=10.938s sys=00.055s mem=72444KiB roottime=10.930s load=1.00 rootload=1.00
ramon: poll                 wall=12.000s usage=11.992s user=11.937s sys=00.055s mem=72444KiB roottime=11.930s load=1.00 rootload=1.00
ramon: poll                 wall=13.000s usage=12.991s user=12.936s sys=00.055s mem=72700KiB roottime=12.930s load=1.00 rootload=1.00
ramon: poll                 wall=14.000s usage=13.990s user=13.935s sys=00.055s mem=72956KiB roottime=13.930s load=1.00 rootload=1.00
ramon: poll                 wall=15.000s usage=14.989s user=14.933s sys=00.056s mem=73328KiB roottime=14.930s load=1.00 rootload=1.00
ramon: poll                 wall=16.000s usage=15.989s user=15.933s sys=00.056s mem=73328KiB roottime=15.930s load=1.00 rootload=1.00
ramon: poll                 wall=17.000s usage=16.989s user=16.933s sys=00.056s mem=73252KiB roottime=16.930s load=1.00 rootload=1.00
ramon: poll                 wall=18.000s usage=17.988s user=17.931s sys=00.057s mem=73560KiB roottime=17.930s load=1.00 rootload=1.00
ramon: poll                 wall=19.000s usage=18.988s user=18.930s sys=00.058s mem=74008KiB roottime=18.920s load=1.00 rootload=0.99
ramon: poll                 wall=20.000s usage=19.987s user=19.928s sys=00.059s mem=75032KiB roottime=19.920s load=1.00 rootload=1.00
ramon: poll                 wall=21.000s usage=20.987s user=20.928s sys=00.059s mem=75160KiB roottime=20.920s load=1.00 rootload=1.00
ramon: poll                 wall=22.000s usage=21.987s user=21.928s sys=00.059s mem=75416KiB roottime=21.920s load=1.00 rootload=1.00
ramon: poll                 wall=23.000s usage=22.986s user=22.928s sys=00.059s mem=75416KiB roottime=22.920s load=1.00 rootload=1.00
ramon: poll                 wall=24.000s usage=23.986s user=23.927s sys=00.059s mem=75416KiB roottime=23.920s load=1.00 rootload=1.00
ramon: poll                 wall=25.000s usage=24.986s user=24.927s sys=00.059s mem=75416KiB roottime=24.920s load=1.00 rootload=1.00
ramon: poll                 wall=26.000s usage=25.985s user=25.926s sys=00.059s mem=75416KiB roottime=25.920s load=1.00 rootload=1.00
ramon: poll                 wall=27.000s usage=26.985s user=26.926s sys=00.059s mem=75416KiB roottime=26.920s load=1.00 rootload=1.00
ramon: poll                 wall=28.000s usage=27.984s user=27.926s sys=00.059s mem=75416KiB roottime=27.920s load=1.00 rootload=1.00
ramon: poll                 wall=29.000s usage=28.984s user=28.925s sys=00.059s mem=75540KiB roottime=28.920s load=1.00 rootload=1.00
ramon: poll                 wall=30.000s usage=29.984s user=29.925s sys=00.059s mem=75540KiB roottime=29.920s load=1.00 rootload=1.00
ramon: poll                 wall=31.000s usage=30.984s user=30.925s sys=00.059s mem=75540KiB roottime=30.920s load=1.00 rootload=1.00
ramon: poll                 wall=32.000s usage=31.984s user=31.925s sys=00.059s mem=75540KiB roottime=31.920s load=1.00 rootload=1.00
ramon: poll                 wall=33.000s usage=32.984s user=32.925s sys=00.059s mem=75540KiB roottime=32.920s load=1.00 rootload=1.00
ramon: poll                 wall=34.000s usage=33.984s user=33.925s sys=00.059s mem=75540KiB roottime=33.920s load=1.00 rootload=1.00
ramon: poll                 wall=35.000s usage=34.984s user=34.925s sys=00.059s mem=75796KiB roottime=34.920s load=1.00 rootload=1.00
ramon: poll                 wall=36.000s usage=35.984s user=35.925s sys=00.059s mem=75796KiB roottime=35.920s load=1.00 rootload=1.00
ramon: poll                 wall=37.000s usage=36.984s user=36.925s sys=00.059s mem=75796KiB roottime=36.920s load=1.00 rootload=1.00
ramon: poll                 wall=38.000s usage=37.984s user=37.925s sys=00.059s mem=75796KiB roottime=37.920s load=1.00 rootload=1.00
ramon: poll                 wall=39.000s usage=38.984s user=38.925s sys=00.059s mem=75796KiB roottime=38.920s load=1.00 rootload=1.00
ramon: poll                 wall=40.000s usage=39.984s user=39.925s sys=00.059s mem=75796KiB roottime=39.920s load=1.00 rootload=1.00
ramon: poll                 wall=41.000s usage=40.984s user=40.925s sys=00.059s mem=75796KiB roottime=40.920s load=1.00 rootload=1.00
ramon: poll                 wall=42.000s usage=41.984s user=41.925s sys=00.059s mem=75796KiB roottime=41.920s load=1.00 rootload=1.00
ramon: poll                 wall=43.000s usage=42.984s user=42.925s sys=00.059s mem=75796KiB roottime=42.920s load=1.00 rootload=1.00
ramon: poll                 wall=44.000s usage=43.983s user=43.925s sys=00.059s mem=75796KiB roottime=43.920s load=1.00 rootload=1.00
ramon: poll                 wall=45.000s usage=44.983s user=44.924s sys=00.059s mem=76052KiB roottime=44.920s load=1.00 rootload=1.00
ramon: poll                 wall=46.000s usage=45.983s user=45.924s sys=00.059s mem=76052KiB roottime=45.920s load=1.00 rootload=1.00
ramon: poll                 wall=47.000s usage=46.983s user=46.924s sys=00.059s mem=76052KiB roottime=46.920s load=1.00 rootload=1.00
ramon: poll                 wall=48.000s usage=47.983s user=47.924s sys=00.059s mem=76052KiB roottime=47.920s load=1.00 rootload=1.00
ramon: poll                 wall=49.000s usage=48.983s user=48.924s sys=00.059s mem=76052KiB roottime=48.920s load=1.00 rootload=1.00
ramon: poll                 wall=50.000s usage=49.983s user=49.924s sys=00.059s mem=76052KiB roottime=49.920s load=1.00 rootload=1.00
ramon: poll                 wall=51.000s usage=50.983s user=50.924s sys=00.059s mem=76052KiB roottime=50.920s load=1.00 rootload=1.00
ramon: poll                 wall=52.000s usage=51.983s user=51.924s sys=00.059s mem=76052KiB roottime=51.920s load=1.00 rootload=1.00
ramon: poll                 wall=53.000s usage=52.983s user=52.924s sys=00.059s mem=76052KiB roottime=52.920s load=1.00 rootload=1.00
ramon: poll                 wall=54.000s usage=53.983s user=53.924s sys=00.059s mem=76052KiB roottime=53.920s load=1.00 rootload=1.00
ramon: poll                 wall=55.000s usage=54.983s user=54.924s sys=00.059s mem=76052KiB roottime=54.920s load=1.00 rootload=1.00
ramon: poll                 wall=56.000s usage=55.983s user=55.924s sys=00.059s mem=76052KiB roottime=55.920s load=1.00 rootload=1.00
ramon: poll                 wall=57.000s usage=56.983s user=56.924s sys=00.059s mem=76052KiB roottime=56.920s load=1.00 rootload=1.00
ramon: poll                 wall=58.000s usage=57.983s user=57.924s sys=00.059s mem=76052KiB roottime=57.920s load=1.00 rootload=1.00
ramon: poll                 wall=59.000s usage=58.983s user=58.924s sys=00.059s mem=76052KiB roottime=58.920s load=1.00 rootload=1.00
ramon: poll                 wall=01m00.000s usage=59.983s user=59.924s sys=00.059s mem=76052KiB roottime=59.920s load=1.00 rootload=1.00
ramon: poll                 wall=01m01.000s usage=01m00.983s user=01m00.924s sys=00.059s mem=76052KiB roottime=60.920s load=1.00 rootload=1.00
ramon: poll                 wall=01m02.000s usage=01m01.982s user=01m01.923s sys=00.059s mem=76052KiB roottime=61.920s load=1.00 rootload=1.00
ramon: poll                 wall=01m03.000s usage=01m02.982s user=01m02.922s sys=00.060s mem=76052KiB roottime=62.920s load=1.00 rootload=1.00
ramon: poll                 wall=01m04.000s usage=01m03.982s user=01m03.922s sys=00.060s mem=76052KiB roottime=63.920s load=1.00 rootload=1.00
ramon: poll                 wall=01m05.000s usage=01m04.982s user=01m04.922s sys=00.060s mem=76052KiB roottime=64.920s load=1.00 rootload=1.00
ramon: poll                 wall=01m06.000s usage=01m05.982s user=01m05.922s sys=00.060s mem=76052KiB roottime=65.920s load=1.00 rootload=1.00
ramon: poll                 wall=01m07.000s usage=01m06.982s user=01m06.922s sys=00.060s mem=76052KiB roottime=66.920s load=1.00 rootload=1.00
ramon: poll                 wall=01m08.000s usage=01m07.982s user=01m07.922s sys=00.060s mem=76564KiB roottime=67.920s load=1.00 rootload=1.00
ramon: poll                 wall=01m09.000s usage=01m08.981s user=01m08.922s sys=00.060s mem=76564KiB roottime=68.920s load=1.00 rootload=1.00
ramon: poll                 wall=01m10.000s usage=01m09.981s user=01m09.921s sys=00.060s mem=76564KiB roottime=69.920s load=1.00 rootload=1.00
ramon: poll                 wall=01m11.000s usage=01m10.981s user=01m10.921s sys=00.060s mem=76564KiB roottime=70.920s load=1.00 rootload=1.00
ramon: poll                 wall=01m12.000s usage=01m11.981s user=01m11.921s sys=00.060s mem=76564KiB roottime=71.920s load=1.00 rootload=1.00
ramon: poll                 wall=01m13.000s usage=01m12.981s user=01m12.921s sys=00.060s mem=76564KiB roottime=72.920s load=1.00 rootload=1.00
ramon: poll                 wall=01m14.000s usage=01m13.981s user=01m13.921s sys=00.060s mem=76564KiB roottime=73.920s load=1.00 rootload=1.00
ramon: poll                 wall=01m15.000s usage=01m14.981s user=01m14.921s sys=00.060s mem=76564KiB roottime=74.920s load=1.00 rootload=1.00
ramon: poll                 wall=01m16.000s usage=01m15.981s user=01m15.921s sys=00.060s mem=76564KiB roottime=75.920s load=1.00 rootload=1.00
ramon: poll                 wall=01m17.000s usage=01m16.981s user=01m16.921s sys=00.060s mem=76564KiB roottime=76.920s load=1.00 rootload=1.00
ramon: poll                 wall=01m18.000s usage=01m17.981s user=01m17.921s sys=00.060s mem=77076KiB roottime=77.920s load=1.00 rootload=1.00
ramon: poll                 wall=01m19.000s usage=01m18.981s user=01m18.920s sys=00.061s mem=77332KiB roottime=78.910s load=1.00 rootload=0.99
ramon: poll                 wall=01m20.000s usage=01m19.981s user=01m19.920s sys=00.061s mem=77588KiB roottime=79.910s load=1.00 rootload=1.00
ramon: poll                 wall=01m21.000s usage=01m20.981s user=01m20.920s sys=00.061s mem=77588KiB roottime=80.910s load=1.00 rootload=1.00
ramon: poll                 wall=01m22.000s usage=01m21.981s user=01m21.920s sys=00.061s mem=77588KiB roottime=81.910s load=1.00 rootload=1.00
ramon: poll                 wall=01m23.000s usage=01m22.981s user=01m22.920s sys=00.061s mem=78100KiB roottime=82.910s load=1.00 rootload=1.00
ramon: end                  Sat Feb  8 16:32:05 2025
ramon: root.execname        z3
ramon: root.utime           82.950s
ramon: root.stime           0.070s
ramon: group.total          83.032s
ramon: group.utime          82.956s
ramon: group.stime          0.076s
ramon: group.mempeak        78868KiB
ramon: group.pidpeak        2
ramon: status               exited
ramon: exitcode             0
ramon: walltime             83.052s
ramon: loadavg              1.00
