ramon: cwd                  /home/runner/a/_work/z3-poly-testing/z3-poly-testing
ramon: start                Sat Feb  8 16:30:56 2025
ramon: nproc                128
ramon: sys.mem              64150 MiB
ramon: sys.mem.free         42001 MiB
ramon: sys.mem.avail        63982 MiB
ramon: sys.nprocs           2948
ramon: argv                 0 = z3
ramon: argv                 1 = inputs/QF_LIA/n7148-prp-29-49.smt2
ramon: argv                 2 = -T:600
ramon: argv                 3 = -st
ramon: childpid             1342374
ramon: poll                 wall=01.000s usage=00.983s user=00.966s sys=00.017s mem=24472KiB roottime=0.960s load=0.98 rootload=0.96
ramon: poll                 wall=02.000s usage=01.983s user=01.963s sys=00.020s mem=26708KiB roottime=1.960s load=1.00 rootload=1.00
ramon: poll                 wall=03.000s usage=02.983s user=02.962s sys=00.021s mem=27732KiB roottime=2.960s load=1.00 rootload=1.00
ramon: poll                 wall=04.000s usage=03.983s user=03.962s sys=00.021s mem=28756KiB roottime=3.960s load=1.00 rootload=1.00
ramon: poll                 wall=05.000s usage=04.982s user=04.957s sys=00.025s mem=30548KiB roottime=4.950s load=1.00 rootload=0.99
ramon: poll                 wall=06.000s usage=05.982s user=05.956s sys=00.026s mem=32340KiB roottime=5.950s load=1.00 rootload=1.00
ramon: poll                 wall=07.000s usage=06.982s user=06.956s sys=00.026s mem=33804KiB roottime=6.950s load=1.00 rootload=1.00
ramon: poll                 wall=08.000s usage=07.982s user=07.954s sys=00.028s mem=34572KiB roottime=7.950s load=1.00 rootload=1.00
ramon: poll                 wall=09.000s usage=08.982s user=08.934s sys=00.048s mem=48112KiB roottime=8.930s load=1.00 rootload=0.98
ramon: poll                 wall=10.000s usage=09.982s user=09.898s sys=00.084s mem=79304KiB roottime=9.890s load=1.00 rootload=0.96
ramon: poll                 wall=11.000s usage=10.982s user=10.801s sys=00.181s mem=195MiB roottime=10.800s load=1.00 rootload=0.91
ramon: poll                 wall=12.000s usage=11.982s user=11.799s sys=00.183s mem=196MiB roottime=11.790s load=1.00 rootload=0.99
ramon: poll                 wall=13.000s usage=12.982s user=12.798s sys=00.184s mem=197MiB roottime=12.790s load=1.00 rootload=1.00
ramon: poll                 wall=14.000s usage=13.982s user=13.796s sys=00.186s mem=198MiB roottime=13.790s load=1.00 rootload=1.00
ramon: poll                 wall=15.000s usage=14.982s user=14.793s sys=00.189s mem=198MiB roottime=14.790s load=1.00 rootload=1.00
ramon: poll                 wall=16.000s usage=15.982s user=15.792s sys=00.190s mem=199MiB roottime=15.790s load=1.00 rootload=1.00
ramon: poll                 wall=17.000s usage=16.982s user=16.792s sys=00.190s mem=199MiB roottime=16.790s load=1.00 rootload=1.00
ramon: poll                 wall=18.000s usage=17.981s user=17.791s sys=00.190s mem=199MiB roottime=17.790s load=1.00 rootload=1.00
ramon: poll                 wall=19.000s usage=18.981s user=18.791s sys=00.190s mem=200MiB roottime=18.790s load=1.00 rootload=1.00
ramon: poll                 wall=20.000s usage=19.981s user=19.790s sys=00.191s mem=200MiB roottime=19.780s load=1.00 rootload=0.99
ramon: poll                 wall=21.000s usage=20.981s user=20.789s sys=00.192s mem=200MiB roottime=20.780s load=1.00 rootload=1.00
ramon: poll                 wall=22.000s usage=21.981s user=21.788s sys=00.193s mem=200MiB roottime=21.780s load=1.00 rootload=1.00
ramon: poll                 wall=23.000s usage=22.981s user=22.787s sys=00.194s mem=200MiB roottime=22.780s load=1.00 rootload=1.00
ramon: poll                 wall=24.000s usage=23.981s user=23.787s sys=00.194s mem=201MiB roottime=23.780s load=1.00 rootload=1.00
ramon: poll                 wall=25.000s usage=24.981s user=24.785s sys=00.196s mem=201MiB roottime=24.780s load=1.00 rootload=1.00
ramon: poll                 wall=26.000s usage=25.981s user=25.783s sys=00.198s mem=201MiB roottime=25.780s load=1.00 rootload=1.00
ramon: poll                 wall=27.000s usage=26.981s user=26.781s sys=00.200s mem=201MiB roottime=26.780s load=1.00 rootload=1.00
ramon: poll                 wall=28.000s usage=27.981s user=27.781s sys=00.200s mem=201MiB roottime=27.780s load=1.00 rootload=1.00
ramon: poll                 wall=29.000s usage=28.981s user=28.781s sys=00.200s mem=202MiB roottime=28.780s load=1.00 rootload=1.00
ramon: poll                 wall=30.000s usage=29.981s user=29.781s sys=00.200s mem=202MiB roottime=29.780s load=1.00 rootload=1.00
ramon: poll                 wall=31.000s usage=30.981s user=30.781s sys=00.200s mem=202MiB roottime=30.770s load=1.00 rootload=0.99
ramon: poll                 wall=32.000s usage=31.980s user=31.780s sys=00.200s mem=202MiB roottime=31.770s load=1.00 rootload=1.00
ramon: poll                 wall=33.000s usage=32.980s user=32.780s sys=00.200s mem=202MiB roottime=32.770s load=1.00 rootload=1.00
ramon: poll                 wall=34.000s usage=33.980s user=33.780s sys=00.200s mem=202MiB roottime=33.770s load=1.00 rootload=1.00
ramon: poll                 wall=35.000s usage=34.980s user=34.780s sys=00.200s mem=202MiB roottime=34.770s load=1.00 rootload=1.00
ramon: poll                 wall=36.000s usage=35.980s user=35.780s sys=00.200s mem=202MiB roottime=35.770s load=1.00 rootload=1.00
ramon: poll                 wall=37.000s usage=36.980s user=36.780s sys=00.200s mem=202MiB roottime=36.770s load=1.00 rootload=1.00
ramon: poll                 wall=38.000s usage=37.979s user=37.778s sys=00.201s mem=202MiB roottime=37.770s load=1.00 rootload=1.00
ramon: poll                 wall=39.000s usage=38.979s user=38.774s sys=00.205s mem=202MiB roottime=38.770s load=1.00 rootload=1.00
ramon: poll                 wall=40.000s usage=39.979s user=39.773s sys=00.206s mem=202MiB roottime=39.770s load=1.00 rootload=1.00
ramon: poll                 wall=41.000s usage=40.979s user=40.773s sys=00.206s mem=202MiB roottime=40.770s load=1.00 rootload=1.00
ramon: poll                 wall=42.000s usage=41.979s user=41.773s sys=00.206s mem=202MiB roottime=41.770s load=1.00 rootload=1.00
ramon: poll                 wall=43.000s usage=42.979s user=42.773s sys=00.206s mem=202MiB roottime=42.770s load=1.00 rootload=1.00
ramon: poll                 wall=44.000s usage=43.978s user=43.772s sys=00.206s mem=202MiB roottime=43.770s load=1.00 rootload=1.00
ramon: poll                 wall=45.000s usage=44.978s user=44.772s sys=00.206s mem=202MiB roottime=44.770s load=1.00 rootload=1.00
ramon: poll                 wall=46.000s usage=45.978s user=45.772s sys=00.206s mem=202MiB roottime=45.770s load=1.00 rootload=1.00
ramon: poll                 wall=47.000s usage=46.978s user=46.771s sys=00.207s mem=202MiB roottime=46.770s load=1.00 rootload=1.00
ramon: poll                 wall=48.000s usage=47.978s user=47.771s sys=00.207s mem=203MiB roottime=47.770s load=1.00 rootload=1.00
ramon: poll                 wall=49.000s usage=48.978s user=48.770s sys=00.208s mem=203MiB roottime=48.760s load=1.00 rootload=0.99
ramon: poll                 wall=50.000s usage=49.978s user=49.770s sys=00.208s mem=203MiB roottime=49.760s load=1.00 rootload=1.00
ramon: poll                 wall=51.000s usage=50.978s user=50.769s sys=00.209s mem=203MiB roottime=50.760s load=1.00 rootload=1.00
ramon: poll                 wall=52.000s usage=51.977s user=51.768s sys=00.209s mem=203MiB roottime=51.760s load=1.00 rootload=1.00
ramon: poll                 wall=53.000s usage=52.977s user=52.767s sys=00.210s mem=203MiB roottime=52.760s load=1.00 rootload=1.00
ramon: poll                 wall=54.000s usage=53.977s user=53.766s sys=00.211s mem=203MiB roottime=53.760s load=1.00 rootload=1.00
ramon: poll                 wall=55.000s usage=54.977s user=54.763s sys=00.214s mem=203MiB roottime=54.760s load=1.00 rootload=1.00
ramon: poll                 wall=56.000s usage=55.977s user=55.763s sys=00.214s mem=204MiB roottime=55.760s load=1.00 rootload=1.00
ramon: poll                 wall=57.000s usage=56.977s user=56.762s sys=00.215s mem=204MiB roottime=56.760s load=1.00 rootload=1.00
ramon: poll                 wall=58.000s usage=57.977s user=57.762s sys=00.215s mem=204MiB roottime=57.760s load=1.00 rootload=1.00
ramon: poll                 wall=59.000s usage=58.977s user=58.762s sys=00.215s mem=204MiB roottime=58.760s load=1.00 rootload=1.00
ramon: poll                 wall=01m00.000s usage=59.977s user=59.761s sys=00.216s mem=204MiB roottime=59.760s load=1.00 rootload=1.00
ramon: poll                 wall=01m01.000s usage=01m00.976s user=01m00.759s sys=00.217s mem=205MiB roottime=60.750s load=1.00 rootload=0.99
ramon: poll                 wall=01m02.000s usage=01m01.976s user=01m01.759s sys=00.217s mem=204MiB roottime=61.750s load=1.00 rootload=1.00
ramon: poll                 wall=01m03.000s usage=01m02.976s user=01m02.759s sys=00.217s mem=204MiB roottime=62.750s load=1.00 rootload=1.00
ramon: poll                 wall=01m04.000s usage=01m03.976s user=01m03.759s sys=00.217s mem=204MiB roottime=63.750s load=1.00 rootload=1.00
ramon: poll                 wall=01m05.000s usage=01m04.976s user=01m04.759s sys=00.217s mem=205MiB roottime=64.750s load=1.00 rootload=1.00
ramon: poll                 wall=01m06.000s usage=01m05.976s user=01m05.759s sys=00.217s mem=205MiB roottime=65.750s load=1.00 rootload=1.00
ramon: poll                 wall=01m07.000s usage=01m06.976s user=01m06.759s sys=00.217s mem=205MiB roottime=66.750s load=1.00 rootload=1.00
ramon: poll                 wall=01m08.000s usage=01m07.976s user=01m07.759s sys=00.217s mem=205MiB roottime=67.750s load=1.00 rootload=1.00
ramon: poll                 wall=01m09.000s usage=01m08.975s user=01m08.758s sys=00.217s mem=205MiB roottime=68.750s load=1.00 rootload=1.00
ramon: poll                 wall=01m10.000s usage=01m09.975s user=01m09.758s sys=00.217s mem=205MiB roottime=69.750s load=1.00 rootload=1.00
ramon: poll                 wall=01m11.000s usage=01m10.975s user=01m10.758s sys=00.217s mem=205MiB roottime=70.750s load=1.00 rootload=1.00
ramon: poll                 wall=01m12.000s usage=01m11.975s user=01m11.758s sys=00.217s mem=205MiB roottime=71.750s load=1.00 rootload=1.00
ramon: poll                 wall=01m13.000s usage=01m12.975s user=01m12.758s sys=00.217s mem=205MiB roottime=72.750s load=1.00 rootload=1.00
ramon: poll                 wall=01m14.000s usage=01m13.975s user=01m13.758s sys=00.217s mem=205MiB roottime=73.750s load=1.00 rootload=1.00
ramon: poll                 wall=01m15.000s usage=01m14.974s user=01m14.757s sys=00.217s mem=205MiB roottime=74.750s load=1.00 rootload=1.00
ramon: poll                 wall=01m16.000s usage=01m15.974s user=01m15.757s sys=00.217s mem=205MiB roottime=75.750s load=1.00 rootload=1.00
ramon: poll                 wall=01m17.000s usage=01m16.974s user=01m16.757s sys=00.217s mem=205MiB roottime=76.750s load=1.00 rootload=1.00
ramon: poll                 wall=01m18.000s usage=01m17.974s user=01m17.756s sys=00.218s mem=205MiB roottime=77.750s load=1.00 rootload=1.00
ramon: poll                 wall=01m19.000s usage=01m18.974s user=01m18.756s sys=00.218s mem=205MiB roottime=78.750s load=1.00 rootload=1.00
ramon: poll                 wall=01m20.000s usage=01m19.974s user=01m19.755s sys=00.219s mem=205MiB roottime=79.750s load=1.00 rootload=1.00
ramon: end                  Sat Feb  8 16:32:16 2025
ramon: root.execname        z3
ramon: root.utime           80.620s
ramon: root.stime           0.240s
ramon: group.total          80.872s
ramon: group.utime          80.624s
ramon: group.stime          0.248s
ramon: group.mempeak        205MiB
ramon: group.pidpeak        2
ramon: status               exited
ramon: exitcode             0
ramon: walltime             80.899s
ramon: loadavg              1.00
