ramon: cwd                  /home/runner/a/_work/z3-poly-testing/z3-poly-testing
ramon: start                Sat Feb  8 16:31:55 2025
ramon: nproc                128
ramon: sys.mem              64150 MiB
ramon: sys.mem.free         39422 MiB
ramon: sys.mem.avail        63982 MiB
ramon: sys.nprocs           2959
ramon: argv                 0 = z3
ramon: argv                 1 = inputs/QF_LIA/n7717-prp-21-47.smt2
ramon: argv                 2 = -T:600
ramon: argv                 3 = -st
ramon: childpid             1348842
ramon: poll                 wall=01.000s usage=00.978s user=00.932s sys=00.046s mem=48528KiB roottime=0.930s load=0.98 rootload=0.93
ramon: poll                 wall=02.000s usage=01.977s user=01.921s sys=00.056s mem=51600KiB roottime=1.920s load=1.00 rootload=0.99
ramon: poll                 wall=03.000s usage=02.976s user=02.917s sys=00.060s mem=53648KiB roottime=2.910s load=1.00 rootload=0.99
ramon: end                  Sat Feb  8 16:31:58 2025
ramon: root.execname        z3
ramon: root.utime           3.170s
ramon: root.stime           0.060s
ramon: group.total          3.248s
ramon: group.utime          3.178s
ramon: group.stime          0.070s
ramon: group.mempeak        53904KiB
ramon: group.pidpeak        2
ramon: status               exited
ramon: exitcode             0
ramon: walltime             3.272s
ramon: loadavg              0.99
