ramon: cwd                  /home/runner/a/_work/z3-poly-testing/z3-poly-testing
ramon: start                Sat Feb  8 16:29:31 2025
ramon: nproc                128
ramon: sys.mem              64150 MiB
ramon: sys.mem.free         51134 MiB
ramon: sys.mem.avail        63982 MiB
ramon: sys.nprocs           2750
ramon: argv                 0 = z3
ramon: argv                 1 = inputs/QF_LIA/n7740-prp-25-50.smt2
ramon: argv                 2 = -T:600
ramon: argv                 3 = -st
ramon: childpid             1322636
ramon: poll                 wall=01.000s usage=00.996s user=00.948s sys=00.048s mem=51948KiB roottime=0.940s load=1.00 rootload=0.94
ramon: poll                 wall=02.000s usage=01.995s user=01.942s sys=00.053s mem=55212KiB roottime=1.940s load=1.00 rootload=1.00
ramon: poll                 wall=03.000s usage=02.994s user=02.939s sys=00.055s mem=57804KiB roottime=2.940s load=1.00 rootload=1.00
ramon: poll                 wall=04.000s usage=03.994s user=03.937s sys=00.057s mem=59596KiB roottime=3.930s load=1.00 rootload=0.99
ramon: poll                 wall=05.000s usage=04.994s user=04.935s sys=00.059s mem=65740KiB roottime=4.930s load=1.00 rootload=1.00
ramon: end                  Sat Feb  8 16:29:36 2025
ramon: root.execname        z3
ramon: root.utime           4.950s
ramon: root.stime           0.060s
ramon: group.total          5.025s
ramon: group.utime          4.959s
ramon: group.stime          0.066s
ramon: group.mempeak        65740KiB
ramon: group.pidpeak        2
ramon: status               exited
ramon: exitcode             0
ramon: walltime             5.031s
ramon: loadavg              1.00
