ramon: cwd                  /home/runner/a/_work/z3-poly-testing/z3-poly-testing
ramon: start                Sat Feb  8 16:58:24 2025
ramon: nproc                128
ramon: sys.mem              64150 MiB
ramon: sys.mem.free         34170 MiB
ramon: sys.mem.avail        63978 MiB
ramon: sys.nprocs           2852
ramon: argv                 0 = z3
ramon: argv                 1 = inputs/QF_LIA/v35_problem__033.smt2.slack.smt2
ramon: argv                 2 = -T:600
ramon: argv                 3 = -st
ramon: childpid             1454463
ramon: poll                 wall=01.000s usage=00.982s user=00.964s sys=00.018s mem=21288KiB roottime=0.960s load=0.98 rootload=0.96
ramon: end                  Sat Feb  8 16:58:25 2025
ramon: root.execname        z3
ramon: root.utime           1.060s
ramon: root.stime           0.020s
ramon: group.total          1.088s
ramon: group.utime          1.065s
ramon: group.stime          0.023s
ramon: group.mempeak        21528KiB
ramon: group.pidpeak        3
ramon: status               exited
ramon: exitcode             0
ramon: walltime             1.106s
ramon: loadavg              0.98
