ramon: cwd                  /home/gh1/A/_work/z3-poly-testing/z3-poly-testing
ramon: start                Tue Jan 21 22:14:37 2025
ramon: nproc                32
ramon: sys.mem              63441 MiB
ramon: sys.mem.free         27247 MiB
ramon: sys.mem.avail        59563 MiB
ramon: sys.nprocs           1399
ramon: argv                 0 = z3
ramon: argv                 1 = inputs/QF_NIA_CInteger/Stroeder_15__ChenFlurMukhopadhyay-SAS2012-Ex3.06_false-termination.c__p21906_terminationG_0.smt2
ramon: argv                 2 = -T:60
ramon: argv                 3 = -v:2
ramon: argv                 4 = -st
ramon: argv                 5 = tactic.default_tactic=(then simplify propagate-values solve-eqs simplify sls-smt)
ramon: argv                 6 = model_validate=true
ramon: argv                 7 = sls.arith_use_clausal_lookahead=true
ramon: childpid             3178806
(sat.ddfw :unsat :models :kflips/sec  :flips  :restarts  :reinits  :unsat_vars  :shifts)
(sat.ddfw       1      6   47.8083     11474         0          0            5     1655)
(sat.ddfw       1     10   26.5698     22899         0          1            4     3585)
(sat.ddfw       1     14   22.8953     42589         0          2            4     6246)
ramon: poll                 wall=1.001s usage=0.937s mem=20664KiB load=0.94 rootload=0.93
(sat.ddfw       1     19   18.2151     71970         0          3            9    11230)
ramon: poll                 wall=2.000s usage=1.933s mem=20664KiB load=1.00 rootload=1.00
(sat.ddfw       1     24   19.3789    120146         0          4            9    15626)
ramon: poll                 wall=3.000s usage=2.933s mem=20664KiB load=1.00 rootload=1.00
(sat.ddfw       0      1   11.1429    155703         0          5            0    19722)
ramon: end                  Tue Jan 21 22:14:40 2025
ramon: root.execname        z3
ramon: root.utime           3.200s
ramon: root.stime           0.000s
ramon: group.total          3.210s
ramon: group.utime          3.206s
ramon: group.stime          0.004s
ramon: group.mempeak        21152KiB
ramon: group.pidpeak        2
ramon: status               exited
ramon: exitcode             0
ramon: walltime             3.274s
ramon: loadavg              0.98
