ramon: cwd                  /home/gh1/A/_work/z3-poly-testing/z3-poly-testing
ramon: start                Tue Jan 21 22:12:49 2025
ramon: nproc                32
ramon: sys.mem              63441 MiB
ramon: sys.mem.free         27260 MiB
ramon: sys.mem.avail        59563 MiB
ramon: sys.nprocs           1395
ramon: argv                 0 = z3
ramon: argv                 1 = inputs/QF_NIA_CInteger/Stroeder_15__WhilePart.c__p26473_safety_0.smt2
ramon: argv                 2 = -T:60
ramon: argv                 3 = -v:2
ramon: argv                 4 = -st
ramon: argv                 5 = tactic.default_tactic=(then simplify propagate-values solve-eqs simplify sls-smt)
ramon: argv                 6 = model_validate=true
ramon: argv                 7 = sls.arith_use_clausal_lookahead=true
ramon: childpid             3176086
(sat.ddfw :unsat :models :kflips/sec  :flips  :restarts  :reinits  :unsat_vars  :shifts)
(sat.ddfw       1     13   72.2199     10183         0          0            2    48197)
(sat.ddfw       1     16   34.7343     20117         0          1            2    98149)
(sat.ddfw       1     19   36.1615     41163         0          2            2   198930)
ramon: poll                 wall=1.000s usage=0.958s mem=18600KiB load=0.96 rootload=0.95
(sat.ddfw       1     22   29.7525     70975         0          3            2   342654)
(sat.ddfw       1     25   25.3344    110446         0          4            3   534557)
ramon: poll                 wall=2.000s usage=1.958s mem=18600KiB load=1.00 rootload=1.00
(sat.ddfw       1     29   22.1555    161869         0          5            2   793916)
ramon: poll                 wall=3.000s usage=2.957s mem=18600KiB load=1.00 rootload=1.00
(sat.ddfw       1     32   18.9795    222129         1          6            3  1088321)
ramon: poll                 wall=4.000s usage=3.957s mem=18600KiB load=1.00 rootload=1.00
(sat.ddfw       1     35   15.1737    291321         1          7            3  1430953)
ramon: poll                 wall=5.000s usage=4.957s mem=18600KiB load=1.00 rootload=1.00
ramon: poll                 wall=6.000s usage=5.957s mem=18600KiB load=1.00 rootload=1.00
(sat.ddfw       1     36   11.8915    370697         2          8            2  1819007)
ramon: poll                 wall=7.000s usage=6.957s mem=18600KiB load=1.00 rootload=1.00
ramon: poll                 wall=8.000s usage=7.956s mem=18600KiB load=1.00 rootload=1.00
ramon: poll                 wall=9.000s usage=8.956s mem=18600KiB load=1.00 rootload=1.00
(sat.ddfw       1     37   9.93715    461930         3          9            2  2275639)
ramon: poll                 wall=10.000s usage=9.956s mem=18600KiB load=1.00 rootload=1.00
ramon: poll                 wall=11.000s usage=10.956s mem=18600KiB load=1.00 rootload=1.00
(sat.ddfw       1     38   8.35671    560723         3         10            2  2758837)
ramon: poll                 wall=12.000s usage=11.955s mem=18600KiB load=1.00 rootload=1.00
ramon: poll                 wall=13.000s usage=12.955s mem=18600KiB load=1.00 rootload=1.00
ramon: poll                 wall=14.000s usage=13.955s mem=18600KiB load=1.00 rootload=1.00
ramon: poll                 wall=15.000s usage=14.954s mem=18600KiB load=1.00 rootload=1.00
(sat.ddfw       1     42   7.60132    674834         4         11            2  3340633)
ramon: poll                 wall=16.000s usage=15.954s mem=18600KiB load=1.00 rootload=1.00
ramon: poll                 wall=17.000s usage=16.954s mem=18600KiB load=1.00 rootload=1.00
ramon: poll                 wall=18.000s usage=17.954s mem=18600KiB load=1.00 rootload=1.00
(sat.ddfw       1     43   6.43736    791878         5         12            2  3921780)
ramon: poll                 wall=19.000s usage=18.954s mem=18600KiB load=1.00 rootload=1.00
ramon: poll                 wall=20.021s usage=19.975s mem=18600KiB load=1.00 rootload=1.00
ramon: poll                 wall=21.000s usage=20.951s mem=18600KiB load=1.00 rootload=0.99
(sat.ddfw       1     44    5.9849    922301         6         13            2  4580329)
ramon: poll                 wall=22.000s usage=21.951s mem=18600KiB load=1.00 rootload=1.00
ramon: poll                 wall=23.000s usage=22.951s mem=18600KiB load=1.00 rootload=1.00
ramon: poll                 wall=24.000s usage=23.951s mem=18600KiB load=1.00 rootload=1.00
ramon: poll                 wall=25.000s usage=24.950s mem=18600KiB load=1.00 rootload=1.00
(sat.ddfw       1     45   5.40692   1060064         7         14            3  5255669)
ramon: poll                 wall=26.000s usage=25.950s mem=18600KiB load=1.00 rootload=1.00
ramon: poll                 wall=27.000s usage=26.950s mem=18600KiB load=1.00 rootload=1.00
ramon: poll                 wall=28.000s usage=27.950s mem=18600KiB load=1.00 rootload=1.00
ramon: poll                 wall=29.000s usage=28.950s mem=18600KiB load=1.00 rootload=1.00
(sat.ddfw       1     45   5.12485   1212026         7         15            2  6012769)
ramon: poll                 wall=30.000s usage=29.949s mem=18600KiB load=1.00 rootload=1.00
ramon: poll                 wall=31.000s usage=30.949s mem=18600KiB load=1.00 rootload=1.00
ramon: poll                 wall=32.000s usage=31.949s mem=18600KiB load=1.00 rootload=1.00
ramon: poll                 wall=33.000s usage=32.949s mem=18600KiB load=1.00 rootload=1.00
ramon: poll                 wall=34.000s usage=33.949s mem=18600KiB load=1.00 rootload=1.00
(sat.ddfw       1     45   4.79117   1375309         7         16            2  6818142)
ramon: poll                 wall=35.000s usage=34.949s mem=18600KiB load=1.00 rootload=1.00
ramon: poll                 wall=36.000s usage=35.948s mem=18600KiB load=1.00 rootload=1.00
ramon: poll                 wall=37.000s usage=36.948s mem=18600KiB load=1.00 rootload=1.00
ramon: poll                 wall=38.000s usage=37.948s mem=18600KiB load=1.00 rootload=1.00
ramon: poll                 wall=39.000s usage=38.948s mem=18600KiB load=1.00 rootload=1.00
(sat.ddfw       1     46   4.28261   1544215         9         17            2  7678919)
ramon: poll                 wall=40.000s usage=39.948s mem=18600KiB load=1.00 rootload=1.00
ramon: poll                 wall=41.000s usage=40.948s mem=18600KiB load=1.00 rootload=1.00
ramon: poll                 wall=42.000s usage=41.947s mem=18600KiB load=1.00 rootload=1.00
ramon: poll                 wall=43.000s usage=42.947s mem=18600KiB load=1.00 rootload=1.00
ramon: poll                 wall=44.000s usage=43.941s mem=18600KiB load=0.99 rootload=0.99
ramon: poll                 wall=45.000s usage=44.917s mem=18600KiB load=0.98 rootload=0.98
ramon: poll                 wall=46.000s usage=45.917s mem=18600KiB load=1.00 rootload=1.00
ramon: poll                 wall=47.000s usage=46.917s mem=18600KiB load=1.00 rootload=1.00
(sat.ddfw       1     46    3.8868   1726875        10         18            3  8586748)
ramon: poll                 wall=48.000s usage=47.917s mem=18600KiB load=1.00 rootload=1.00
ramon: poll                 wall=49.000s usage=48.916s mem=18600KiB load=1.00 rootload=1.00
ramon: poll                 wall=50.001s usage=49.920s mem=18600KiB load=1.00 rootload=1.00
ramon: poll                 wall=51.000s usage=50.916s mem=18600KiB load=1.00 rootload=1.00
ramon: poll                 wall=52.000s usage=51.916s mem=18600KiB load=1.00 rootload=1.00
ramon: poll                 wall=53.000s usage=52.916s mem=18600KiB load=1.00 rootload=1.00
ramon: poll                 wall=54.000s usage=53.916s mem=18600KiB load=1.00 rootload=1.00
ramon: poll                 wall=55.000s usage=54.916s mem=18600KiB load=1.00 rootload=1.00
(sat.ddfw       1     48   3.41086   1914329        12         19            2  9549817)
ramon: poll                 wall=56.000s usage=55.915s mem=18600KiB load=1.00 rootload=1.00
ramon: poll                 wall=57.000s usage=56.914s mem=18600KiB load=1.00 rootload=1.00
ramon: poll                 wall=58.000s usage=57.913s mem=18600KiB load=1.00 rootload=0.99
ramon: poll                 wall=59.000s usage=58.912s mem=18600KiB load=1.00 rootload=1.00
ramon: poll                 wall=60.000s usage=59.911s mem=18600KiB load=1.00 rootload=1.00
ramon: end                  Tue Jan 21 22:13:49 2025
ramon: root.execname        z3
ramon: root.utime           59.950s
ramon: root.stime           0.000s
ramon: group.total          59.961s
ramon: group.utime          59.957s
ramon: group.stime          0.004s
ramon: group.mempeak        18856KiB
ramon: group.pidpeak        2
ramon: status               exited
ramon: exitcode             0
ramon: walltime             60.047s
ramon: loadavg              1.00
