ramon: cwd                  /home/gh1/A/_work/z3-poly-testing/z3-poly-testing
ramon: start                Tue Jan 21 21:54:30 2025
ramon: nproc                32
ramon: sys.mem              63441 MiB
ramon: sys.mem.free         27364 MiB
ramon: sys.mem.avail        59564 MiB
ramon: sys.nprocs           1397
ramon: argv                 0 = z3
ramon: argv                 1 = inputs/QF_NIA_CInteger/Stroeder_15__Choose.c__p22178_terminationG_0.smt2
ramon: argv                 2 = -T:60
ramon: argv                 3 = -v:2
ramon: argv                 4 = -st
ramon: argv                 5 = tactic.default_tactic=(then simplify propagate-values solve-eqs simplify sls-smt)
ramon: argv                 6 = model_validate=true
ramon: argv                 7 = sls.arith_use_clausal_lookahead=true
ramon: childpid             3149442
(sat.ddfw :unsat :models :kflips/sec  :flips  :restarts  :reinits  :unsat_vars  :shifts)
(sat.ddfw       1     12   90.4245     12569         1          0            4     9034)
(sat.ddfw       1     16   37.0644     22354         1          1            4    13422)
(sat.ddfw       1     21   38.1226     42254         1          2            4    21537)
(sat.ddfw       1     26   34.7218     72462         1          3            4    33365)
ramon: poll                 wall=1.003s usage=0.947s mem=18736KiB load=0.94 rootload=0.94
(sat.ddfw       1     34   27.4175    111532         2          4            4    50961)
ramon: poll                 wall=2.000s usage=1.944s mem=18736KiB load=1.00 rootload=1.00
(sat.ddfw       1     41   25.9188    165184         2          5            4    71425)
(sat.ddfw       1     46   21.5458    225577         3          6            3    96250)
ramon: poll                 wall=3.000s usage=2.944s mem=18736KiB load=1.00 rootload=1.00
(sat.ddfw       1     53   19.2517    295788         3          7            4   124802)
ramon: poll                 wall=4.000s usage=3.943s mem=18736KiB load=1.00 rootload=1.00
(sat.ddfw       1     59   17.1766    374972         3          8            2   155406)
ramon: poll                 wall=5.000s usage=4.943s mem=18736KiB load=1.00 rootload=1.00
(sat.ddfw       1     67   14.7189    460018         4          9            1   191996)
ramon: poll                 wall=6.000s usage=5.943s mem=18736KiB load=1.00 rootload=1.00
ramon: poll                 wall=7.000s usage=6.934s mem=18736KiB load=0.99 rootload=0.99
(sat.ddfw       1     71   13.2737    562159         7         10            5   247264)
ramon: poll                 wall=8.000s usage=7.933s mem=18736KiB load=1.00 rootload=1.00
ramon: poll                 wall=9.000s usage=8.933s mem=18736KiB load=1.00 rootload=1.00
(sat.ddfw       1     76   12.9413    681892         8         11            5   297369)
ramon: poll                 wall=10.015s usage=9.949s mem=18736KiB load=1.00 rootload=0.99
ramon: poll                 wall=11.000s usage=10.933s mem=18736KiB load=1.00 rootload=1.01
ramon: poll                 wall=12.000s usage=11.933s mem=18736KiB load=1.00 rootload=1.00
(sat.ddfw       1     83    10.102    802732        12         12            3   376334)
ramon: poll                 wall=13.000s usage=12.933s mem=18736KiB load=1.00 rootload=1.00
(sat.ddfw       1     90   8.79165    920039        13         13            4   421657)
ramon: poll                 wall=14.000s usage=13.932s mem=18736KiB load=1.00 rootload=1.00
ramon: poll                 wall=15.000s usage=14.932s mem=18736KiB load=1.00 rootload=1.00
ramon: poll                 wall=16.000s usage=15.932s mem=18736KiB load=1.00 rootload=1.00
ramon: poll                 wall=17.000s usage=16.932s mem=18736KiB load=1.00 rootload=1.00
(sat.ddfw       1     98   8.62387   1066869        18         14            5   526788)
ramon: poll                 wall=18.000s usage=17.932s mem=18736KiB load=1.00 rootload=1.00
ramon: poll                 wall=19.000s usage=18.932s mem=18736KiB load=1.00 rootload=1.00
(sat.ddfw       1    105   7.80284   1220304        20         15            2   602731)
ramon: poll                 wall=20.000s usage=19.932s mem=18736KiB load=1.00 rootload=1.00
ramon: poll                 wall=21.000s usage=20.932s mem=18736KiB load=1.00 rootload=1.00
ramon: poll                 wall=22.000s usage=21.932s mem=18736KiB load=1.00 rootload=1.00
(sat.ddfw       1    111   7.66163   1390576        22         16            4   680671)
ramon: poll                 wall=23.000s usage=22.932s mem=18736KiB load=1.00 rootload=1.00
ramon: poll                 wall=24.000s usage=23.932s mem=18736KiB load=1.00 rootload=1.00
ramon: poll                 wall=25.000s usage=24.932s mem=18736KiB load=1.00 rootload=1.00
(sat.ddfw       1    118   6.16848   1546947        24         17            1   771017)
ramon: poll                 wall=26.000s usage=25.932s mem=18736KiB load=1.00 rootload=1.00
ramon: poll                 wall=27.000s usage=26.932s mem=18736KiB load=1.00 rootload=1.00
ramon: poll                 wall=28.000s usage=27.932s mem=18736KiB load=1.00 rootload=1.00
(sat.ddfw       1    122     7.013   1743872        27         18            2   856528)
ramon: poll                 wall=29.000s usage=28.930s mem=18736KiB load=1.00 rootload=1.00
ramon: poll                 wall=30.000s usage=29.930s mem=18736KiB load=1.00 rootload=1.00
ramon: poll                 wall=31.000s usage=30.930s mem=18736KiB load=1.00 rootload=1.00
ramon: poll                 wall=32.000s usage=31.930s mem=18736KiB load=1.00 rootload=1.00
(sat.ddfw       1    126   5.51997   1920754        30         19            6   972877)
ramon: poll                 wall=33.000s usage=32.930s mem=18736KiB load=1.00 rootload=1.00
ramon: poll                 wall=34.000s usage=33.930s mem=18736KiB load=1.00 rootload=1.00
ramon: poll                 wall=35.000s usage=34.930s mem=18736KiB load=1.00 rootload=1.00
ramon: poll                 wall=36.000s usage=35.930s mem=18736KiB load=1.00 rootload=0.99
(sat.ddfw       1    133   5.82894   2131068        32         20            2  1089563)
ramon: poll                 wall=37.000s usage=36.930s mem=18736KiB load=1.00 rootload=1.00
ramon: poll                 wall=38.000s usage=37.930s mem=18736KiB load=1.00 rootload=1.00
ramon: poll                 wall=39.000s usage=38.930s mem=18736KiB load=1.00 rootload=1.00
(sat.ddfw       1    136   5.22596   2335006        34         21            1  1180325)
ramon: poll                 wall=40.000s usage=39.930s mem=18736KiB load=1.00 rootload=1.00
ramon: poll                 wall=41.000s usage=40.930s mem=18736KiB load=1.00 rootload=1.00
ramon: poll                 wall=42.000s usage=41.930s mem=18736KiB load=1.00 rootload=1.00
ramon: poll                 wall=43.000s usage=42.930s mem=18736KiB load=1.00 rootload=1.00
ramon: poll                 wall=44.000s usage=43.930s mem=18736KiB load=1.00 rootload=1.00
(sat.ddfw       1    143   4.88705   2549787        38         22            5  1315871)
ramon: poll                 wall=45.000s usage=44.929s mem=18736KiB load=1.00 rootload=1.00
ramon: poll                 wall=46.000s usage=45.929s mem=18736KiB load=1.00 rootload=1.00
ramon: poll                 wall=47.000s usage=46.929s mem=18736KiB load=1.00 rootload=1.00
(sat.ddfw       1    146   5.09395   2792478        40         23            4  1430413)
ramon: poll                 wall=48.000s usage=47.929s mem=18736KiB load=1.00 rootload=1.00
ramon: poll                 wall=49.000s usage=48.929s mem=18736KiB load=1.00 rootload=1.00
ramon: poll                 wall=50.000s usage=49.929s mem=18736KiB load=1.00 rootload=1.00
ramon: poll                 wall=51.000s usage=50.929s mem=18736KiB load=1.00 rootload=1.00
ramon: poll                 wall=52.027s usage=51.957s mem=18736KiB load=1.00 rootload=1.00
(sat.ddfw       1    146   4.49075   3025988        43         24            4  1556494)
ramon: poll                 wall=53.000s usage=52.929s mem=18736KiB load=1.00 rootload=1.00
ramon: poll                 wall=54.000s usage=53.929s mem=18736KiB load=1.00 rootload=1.00
ramon: poll                 wall=55.000s usage=54.929s mem=18736KiB load=1.00 rootload=1.00
(sat.ddfw       1    149   4.39673   3269624        45         25            2  1663673)
ramon: poll                 wall=56.000s usage=55.929s mem=18992KiB load=1.00 rootload=1.00
ramon: poll                 wall=57.000s usage=56.929s mem=18740KiB load=1.00 rootload=1.00
ramon: poll                 wall=58.000s usage=57.929s mem=18740KiB load=1.00 rootload=1.00
ramon: poll                 wall=59.023s usage=58.947s mem=18740KiB load=1.00 rootload=1.00
ramon: poll                 wall=60.003s usage=59.931s mem=18740KiB load=1.00 rootload=1.01
ramon: end                  Tue Jan 21 21:55:30 2025
ramon: root.execname        z3
ramon: root.utime           59.990s
ramon: root.stime           0.000s
ramon: group.total          59.992s
ramon: group.utime          59.992s
ramon: group.stime          0.000s
ramon: group.mempeak        18996KiB
ramon: group.pidpeak        2
ramon: status               exited
ramon: exitcode             0
ramon: walltime             60.064s
ramon: loadavg              1.00
