ramon: cwd                  /home/gh1/A/_work/z3-poly-testing/z3-poly-testing
ramon: start                Tue Jan 21 22:11:37 2025
ramon: nproc                32
ramon: sys.mem              63441 MiB
ramon: sys.mem.free         27259 MiB
ramon: sys.mem.avail        59563 MiB
ramon: sys.nprocs           1392
ramon: argv                 0 = z3
ramon: argv                 1 = inputs/QF_NIA_CInteger/Stroeder_15__svcomp_ex2.c__p25918_terminationG_0.smt2
ramon: argv                 2 = -T:60
ramon: argv                 3 = -v:2
ramon: argv                 4 = -st
ramon: argv                 5 = tactic.default_tactic=(then simplify propagate-values solve-eqs simplify sls-smt)
ramon: argv                 6 = model_validate=true
ramon: argv                 7 = sls.arith_use_clausal_lookahead=true
ramon: childpid             3174374
(sat.ddfw :unsat :models :kflips/sec  :flips  :restarts  :reinits  :unsat_vars  :shifts)
(sat.ddfw       1     12   16.6135     12809         4          0            4     9007)
ramon: poll                 wall=1.000s usage=0.949s mem=23136KiB load=0.95 rootload=0.94
(sat.ddfw       1     14   7.85317     20992         4          1            3    10369)
(sat.ddfw       1     19   12.6921     44815         4          2            3    14720)
ramon: poll                 wall=2.001s usage=1.948s mem=23140KiB load=1.00 rootload=1.00
(sat.ddfw       1     24   10.1793     74386         4          3            3    19943)
ramon: poll                 wall=3.000s usage=2.945s mem=23148KiB load=1.00 rootload=1.00
ramon: poll                 wall=4.000s usage=3.943s mem=23156KiB load=1.00 rootload=1.00
(sat.ddfw       1     30   9.32078    116460         5          4           10    27585)
ramon: poll                 wall=5.000s usage=4.942s mem=23156KiB load=1.00 rootload=1.00
ramon: poll                 wall=6.000s usage=5.942s mem=23156KiB load=1.00 rootload=1.00
(sat.ddfw       1     36   8.03311    168137         5          5            3    36510)
ramon: poll                 wall=7.000s usage=6.942s mem=23156KiB load=1.00 rootload=1.00
ramon: poll                 wall=8.000s usage=7.941s mem=23156KiB load=1.00 rootload=1.00
(sat.ddfw       1     42   6.85891    227494         6          6            4    47161)
ramon: poll                 wall=9.000s usage=8.941s mem=23156KiB load=1.00 rootload=1.00
ramon: poll                 wall=10.000s usage=9.941s mem=23156KiB load=1.00 rootload=1.00
ramon: poll                 wall=11.000s usage=10.941s mem=23156KiB load=1.00 rootload=1.00
(sat.ddfw       1     46   6.09153    295713         6          7            3    59099)
ramon: poll                 wall=12.000s usage=11.940s mem=23156KiB load=1.00 rootload=1.00
ramon: poll                 wall=13.000s usage=12.940s mem=23156KiB load=1.00 rootload=1.00
ramon: poll                 wall=14.000s usage=13.940s mem=23156KiB load=1.00 rootload=1.00
(sat.ddfw       1     52   5.48153    372745         6          8            3    72554)
ramon: poll                 wall=15.000s usage=14.940s mem=23156KiB load=1.00 rootload=0.99
ramon: poll                 wall=16.000s usage=15.939s mem=23156KiB load=1.00 rootload=1.00
ramon: poll                 wall=17.000s usage=16.939s mem=23156KiB load=1.00 rootload=1.00
(sat.ddfw       1     57   5.71789    474655         7          9            3    90020)
ramon: poll                 wall=18.000s usage=17.939s mem=23156KiB load=1.00 rootload=1.00
ramon: poll                 wall=19.000s usage=18.939s mem=23156KiB load=1.00 rootload=1.00
ramon: poll                 wall=20.000s usage=19.938s mem=23156KiB load=1.00 rootload=1.00
ramon: poll                 wall=21.009s usage=20.948s mem=23156KiB load=1.00 rootload=1.00
(sat.ddfw       1     62   4.40218    569654         7         10            4   107319)
ramon: poll                 wall=22.000s usage=21.936s mem=23156KiB load=1.00 rootload=1.00
ramon: poll                 wall=23.000s usage=22.935s mem=23156KiB load=1.00 rootload=1.00
ramon: poll                 wall=24.000s usage=23.935s mem=23156KiB load=1.00 rootload=1.00
ramon: poll                 wall=25.000s usage=24.934s mem=23156KiB load=1.00 rootload=1.00
(sat.ddfw       1     68   4.07361    674130         7         11            6   125840)
ramon: poll                 wall=26.000s usage=25.933s mem=23156KiB load=1.00 rootload=1.00
ramon: poll                 wall=27.000s usage=26.933s mem=23156KiB load=1.00 rootload=1.00
ramon: poll                 wall=28.000s usage=27.933s mem=23156KiB load=1.00 rootload=1.00
ramon: poll                 wall=29.000s usage=28.921s mem=23156KiB load=0.99 rootload=0.99
ramon: poll                 wall=30.000s usage=29.921s mem=23156KiB load=1.00 rootload=1.00
(sat.ddfw       1     75   4.38104    809329         7         12            3   149062)
ramon: poll                 wall=31.000s usage=30.921s mem=23156KiB load=1.00 rootload=1.00
ramon: poll                 wall=32.000s usage=31.921s mem=23412KiB load=1.00 rootload=1.00
ramon: poll                 wall=33.000s usage=32.921s mem=23412KiB load=1.00 rootload=1.00
ramon: poll                 wall=34.000s usage=33.921s mem=23412KiB load=1.00 rootload=1.00
ramon: poll                 wall=35.000s usage=34.921s mem=23412KiB load=1.00 rootload=1.00
(sat.ddfw       1     81   3.50891    934004         9         13            4   169400)
ramon: poll                 wall=36.000s usage=35.921s mem=23412KiB load=1.00 rootload=1.00
ramon: poll                 wall=37.001s usage=36.925s mem=23412KiB load=1.00 rootload=1.00
ramon: poll                 wall=38.000s usage=37.921s mem=23412KiB load=1.00 rootload=1.00
ramon: poll                 wall=39.000s usage=38.921s mem=23412KiB load=1.00 rootload=1.00
ramon: poll                 wall=40.000s usage=39.921s mem=23412KiB load=1.00 rootload=1.00
ramon: poll                 wall=41.000s usage=40.921s mem=23412KiB load=1.00 rootload=1.00
ramon: poll                 wall=42.000s usage=41.920s mem=23160KiB load=1.00 rootload=0.99
ramon: poll                 wall=43.000s usage=42.918s mem=23160KiB load=1.00 rootload=1.00
ramon: poll                 wall=44.000s usage=43.916s mem=23160KiB load=1.00 rootload=1.00
ramon: poll                 wall=45.000s usage=44.914s mem=23160KiB load=1.00 rootload=1.00
ramon: poll                 wall=46.000s usage=45.912s mem=23160KiB load=1.00 rootload=1.00
ramon: poll                 wall=47.000s usage=46.912s mem=23160KiB load=1.00 rootload=1.00
(sat.ddfw       1     91   2.93239   1074184        10         14            3   237048)
ramon: poll                 wall=48.000s usage=47.912s mem=23160KiB load=1.00 rootload=1.00
ramon: poll                 wall=49.000s usage=48.912s mem=23160KiB load=1.00 rootload=1.00
ramon: poll                 wall=50.000s usage=49.911s mem=23160KiB load=1.00 rootload=1.00
ramon: poll                 wall=51.000s usage=50.911s mem=23160KiB load=1.00 rootload=1.00
ramon: poll                 wall=52.000s usage=51.911s mem=23160KiB load=1.00 rootload=1.00
ramon: poll                 wall=53.000s usage=52.911s mem=23160KiB load=1.00 rootload=1.00
ramon: poll                 wall=54.000s usage=53.910s mem=23160KiB load=1.00 rootload=1.00
(sat.ddfw       1     96   2.88317   1231380        11         15            3   266442)
ramon: poll                 wall=55.000s usage=54.910s mem=23160KiB load=1.00 rootload=0.99
ramon: poll                 wall=56.000s usage=55.910s mem=23160KiB load=1.00 rootload=1.00
ramon: poll                 wall=57.000s usage=56.910s mem=23160KiB load=1.00 rootload=1.00
ramon: poll                 wall=58.000s usage=57.909s mem=23160KiB load=1.00 rootload=1.00
ramon: poll                 wall=59.000s usage=58.907s mem=23160KiB load=1.00 rootload=1.00
ramon: poll                 wall=60.000s usage=59.906s mem=23160KiB load=1.00 rootload=1.00
ramon: end                  Tue Jan 21 22:12:37 2025
ramon: root.execname        z3
ramon: root.utime           59.970s
ramon: root.stime           0.000s
ramon: group.total          59.976s
ramon: group.utime          59.972s
ramon: group.stime          0.004s
ramon: group.mempeak        23416KiB
ramon: group.pidpeak        2
ramon: status               exited
ramon: exitcode             0
ramon: walltime             60.067s
ramon: loadavg              1.00
