sat
(:added-eqs                       404
 :arith-eq-adapter                124
 :arith-assume-eqs                52
 :arith-bound-propagations-lp     36
 :arith-conflicts                 27
 :arith-diseq                     102
 :arith-fixed-eqs                 67
 :arith-gcd-calls                 9
 :arith-gomory-cuts               2
 :arith-grobner-calls             12
 :arith-horner-calls              5
 :arith-horner-cross-nested-forms 103
 :arith-lower                     223
 :arith-make-feasible             209
 :arith-max-columns               100
 :arith-max-rows                  56
 :arith-nla-add-bounds            7
 :arith-nla-lemmas                7
 :arith-nla-propagate-bounds      5
 :arith-nla-propagate-eq          7
 :arith-nra-calls                 5
 :arith-offset-eqs                43
 :arith-patches                   9
 :arith-patches-success           8
 :arith-upper                     260
 :binary-propagations             81
 :conflicts                       29
 :decisions                       257
 :del-clause                      256
 :final-checks                    48
 :interface-eqs                   26
 :max-memory                      18.69
 :memory                          17.51
 :minimized-lits                  15
 :mk-bool-var                     492
 :mk-clause                       346
 :mk-clause-binary                96
 :nlsat-conflicts                 83
 :nlsat-decisions                 1
 :nlsat-propagations              2333
 :nlsat-restarts                  8
 :nlsat-stages                    1026
 :num-allocs                      763110
 :num-checks                      1
 :propagations                    351
 :rlimit-count                    37434
 :time                            0.01
 :total-time                      0.02)
