sat
(:arith-bound-propagations-cheap 4
 :arith-bound-propagations-lp    6
 :arith-conflicts                1
 :arith-eq                       11
 :arith-fixed-eqs                3
 :arith-lower                    6
 :arith-make-feasible            23
 :arith-max-columns              30
 :arith-max-rows                 13
 :arith-nla-propagate-eq         3
 :arith-propagations             4
 :arith-upper                    18
 :euf-conflicts                  4
 :euf-merge                      29
 :euf-propagations-eqs           1
 :euf-propagations-literal       3
 :euf-propagations-theory-diseqs 24
 :euf-propagations-theory-eqs    16
 :max-memory                     50.68
 :memory                         17.52
 :num-allocs                     167256
 :rlimit-count                   2871
 :sat-backjumps                  3
 :sat-conflicts                  3
 :sat-decisions                  18
 :sat-mk-clause-2ary             13
 :sat-mk-clause-nary             20
 :sat-mk-var                     41
 :sat-propagations-2ary          12
 :sat-propagations-nary          7
 :sat-units                      10
 :simplifier-steps               229
 :sls-ddfw-flips                 36.00
 :sls-ddfw-shifts                1.00
 :time                           0.01
 :total-time                     0.01)
