ramon: cwd                  /home/gh1/A/_work/z3-poly-testing/z3-poly-testing
ramon: start                Sun Oct 27 09:51:19 2024
ramon: nproc                32
ramon: sys.mem              63442 MiB
ramon: sys.mem.free         14623 MiB
ramon: sys.mem.avail        62260 MiB
ramon: sys.nprocs           2683
ramon: argv                 0 = z3
ramon: argv                 1 = inputs/QF_NIA_SAT/From_T2__s1.t2_fixed__p15180_terminationG_0.smt2
ramon: argv                 2 = -T:20
ramon: argv                 3 = -v:2
ramon: argv                 4 = smt.sls.enable=true
ramon: argv                 5 = sat.smt=true
ramon: argv                 6 = -st
ramon: argv                 7 = tactic.default_tactic=(then simplify propagate-values solve-eqs simplify smt)
ramon: argv                 8 = model_validate=true
ramon: childpid             1061278
(sat.copy :learned 0)
(sat.solver)
(sat.copy :learned 0)
(sat.stats   :conflicts  :restarts        :learned/bin    :gc          :time)
(sat.stats          :decisions :clauses/bin     :units        :memory       )
(sat.stats      0      0    0  7262/7180     0/0  96       0    73.32   0.01)
(nlsat :conflicts 26 :decisions 0 :propagations 4964 :clauses 6806 :learned 26)
(sat.ddfw :unsat :models :kflips/sec  :flips  :restarts  :reinits  :unsat_vars  :shifts)
(sat.ddfw      16     22   92.4771     10080         0          0           69       30)
(sat.ddfw      11     60   46.4299     20016         0          1           24       31)
(sat.ddfw       4     95    40.022     40027         0          2           14      104)
ramon: poll                 wall=1.000s usage=1.096s mem=106MiB load=1.10 rootload=1.06
(sat.ddfw       4   1025   29.1283     70000         0          3           14      136)
ramon: poll                 wall=2.000s usage=2.095s mem=125MiB load=1.00 rootload=1.00
(sat.ddfw       2   1025   20.1025    110024         0          4           46      260)
ramon: poll                 wall=3.000s usage=3.095s mem=133MiB load=1.00 rootload=0.99
(sat.ddfw       2   1025   17.5124    160022         0          5           66      406)
(sat.stats    103  19676    0  8107/7966   674/14  96       0   134.44   3.53)
 (sat-cleaner :elim-literals 0 :elim-clauses 0 :cost 4713 :time 0.00)
(sat.stats    103  19676    0  8243/8102   674/14  96       0   122.17   3.61)
(sat.stats    103  19676    0  8243/8102   674/14  96       0   122.17   3.61)
(sat.simplify :simplifications 1)
 (sat-scc :elim-vars 1 :time 0.00)
 (sat-probing :probing-assigned 1 :cost 62395122.70 :time 0.01)
(sat.stats    103  19676    0  7452/7288   636/14 104       0   122.70   3.64)
 (sat-cleaner :elim-literals 33 :elim-clauses 7 :cost 8186 :time 0.00)
ramon: poll                 wall=4.000s usage=4.071s mem=141MiB load=0.98 rootload=0.98
SMT -> SLS units 1465 1466 1467 1468 1469 1470 1471 1472 1473 1474 1475 1476 1477 1478 1479 1480 1481 1482 1483 1484 1485 1486 1487 1488 1489 1490 1491 1492 1493 1494 1495 1496 1497 1498 1499 1500 1501 1502 1503 1504 1505 1506 1507 1508 1509 1510 1511 1512 1513 1514 1515 1516 1517 1518 1519 1520 1521 1522 1523 1524 1525 1526 1527 1528 1529 1530 1531 1532 1533 1534 1535 1536 1537 1538 1539 1540 1541 1542 1543 1544 1545 1546 1547 1548 1549 1550 1551 1552 1553 1554 1555 1556 1557 1558 1559 1560
(sat.ddfw       1    915     14.37    220019         1          6           14      549)
ramon: poll                 wall=5.000s usage=5.051s mem=150MiB load=0.98 rootload=0.97
(sat.stats    132  30654    1  7869/7664   862/21 104       0   146.36   5.59)
(sat.stats :conflicts    :restarts      :learned/bin       :gc          :time)
(sat.stats      :decisions    :clauses/bin      :units        :memory        )
(sat.stats    135  32061    2  7869/7664   868/22 104       0   146.65   5.66)
ramon: poll                 wall=6.000s usage=6.032s mem=153MiB load=0.98 rootload=0.98
(sat.stats    139  32209    3  7869/7664   873/22 104       0   147.22   5.71)
(sat.stats    143  34695    4  7869/7664   882/22 104       0   148.28   5.84)
(sat.ddfw       1   1025     11.71    290012         1          7           19      669)
(sat.stats    146  36584    5  7879/7672   891/22 104       0   149.18   6.00)
(sat.stats    149  38196    6  7888/7681   913/22 104       0   150.70   6.20)
(sat.stats    152  39822    7  7894/7687   916/22 104       0   150.90   6.30)
(sat.stats    155  40873    8  7917/7707   929/22 104       0   151.16   6.51)
(sat.stats    158  42730    9  7963/7744   941/22 104       0   151.53   6.60)
ramon: poll                 wall=7.004s usage=7.034s mem=158MiB load=1.00 rootload=1.00
(nlsat :conflicts 2 :decisions 0 :propagations 182 :clauses 14945 :learned 2)
(sat.stats    164  44278   10  8166/7944   962/22 104       0   149.91   6.88)
(sat.stats    167  45543   11  8274/8052   973/22 104       0   153.08   7.08)
(sat.stats    171  46936   12  8274/8052   981/22 104       0   153.27   7.12)
(sat.ddfw       1   1025     10.68    370012         2          8           19     1007)
ramon: poll                 wall=8.000s usage=7.984s mem=162MiB load=0.95 rootload=0.95
(sat.stats    222  74919   19  8551/8317  1157/25 104       0   156.83   8.37)
ramon: poll                 wall=9.004s usage=8.984s mem=164MiB load=1.00 rootload=1.00
(sat.ddfw       1   1025      9.41    460030         3          9           16     1099)
ramon: poll                 wall=10.000s usage=9.984s mem=168MiB load=1.00 rootload=0.99
ramon: poll                 wall=11.000s usage=10.981s mem=170MiB load=1.00 rootload=1.00
ramon: poll                 wall=12.000s usage=11.958s mem=170MiB load=0.98 rootload=0.97
(sat.ddfw       1   1025      8.19    560003         3         10           11     1376)
SMT -> SLS units -492 500 499 493 496 497 498 513
ramon: poll                 wall=13.000s usage=12.957s mem=179MiB load=1.00 rootload=1.00
(sat.ddfw       1   1025      8.07    670026         4         11           16     1691)
ramon: poll                 wall=14.000s usage=14.160s mem=179MiB load=1.20 rootload=1.20
ramon: poll                 wall=15.000s usage=15.199s mem=182MiB load=1.04 rootload=1.04
ramon: poll                 wall=16.000s usage=16.317s mem=183MiB load=1.12 rootload=1.12
(sat.ddfw       1   1025      7.41    790021         5         12            4     2088)
ramon: poll                 wall=17.000s usage=17.467s mem=185MiB load=1.15 rootload=1.15
ramon: poll                 wall=18.004s usage=18.473s mem=187MiB load=1.00 rootload=1.00
ramon: poll                 wall=19.004s usage=19.473s mem=187MiB load=1.00 rootload=1.00
(sat.ddfw       1   1025      6.77    920065         6         13           49     2353)
ramon: poll                 wall=20.000s usage=20.464s mem=187MiB load=0.99 rootload=0.99
ramon: end                  Sun Oct 27 09:51:39 2024
ramon: root.execname        z3
ramon: root.utime           20.420s
ramon: root.stime           0.070s
ramon: group.total          20.492s
ramon: group.utime          20.420s
ramon: group.stime          0.072s
ramon: group.mempeak        188MiB
ramon: group.pidpeak        3
ramon: status               exited
ramon: exitcode             0
ramon: walltime             20.040s
ramon: loadavg              1.02
