ramon: cwd                  /home/gh1/A/_work/z3-poly-testing/z3-poly-testing
ramon: start                Sun Oct 27 09:51:40 2024
ramon: nproc                32
ramon: sys.mem              63442 MiB
ramon: sys.mem.free         14003 MiB
ramon: sys.mem.avail        62260 MiB
ramon: sys.nprocs           2683
ramon: argv                 0 = z3
ramon: argv                 1 = inputs/QF_NIA_SAT/From_AProVE_2014__juLinkedListCreateAddAllAt.jar-obl-17__p9067_safety_0.smt2
ramon: argv                 2 = -T:20
ramon: argv                 3 = -v:2
ramon: argv                 4 = smt.sls.enable=true
ramon: argv                 5 = sat.smt=true
ramon: argv                 6 = -st
ramon: argv                 7 = tactic.default_tactic=(then simplify propagate-values solve-eqs simplify smt)
ramon: argv                 8 = model_validate=true
ramon: childpid             1064044
(sat.copy :learned 0)
(sat.solver)
(sat.copy :learned 0)
(sat.stats   :conflicts  :restarts         :learned/bin    :gc          :time)
(sat.stats          :decisions :clauses/bin     :units         :memory       )
(sat.stats      0      0    0 14837/14833     0/0 162       0    59.10   0.01)
 (sat-cleaner :elim-literals 2 :elim-clauses 0 :cost 213 :time 0.00)
(nlsat :conflicts 8 :decisions 0 :propagations 220 :clauses 1986 :learned 8)
(sat.ddfw :unsat :models :kflips/sec  :flips  :restarts  :reinits  :unsat_vars  :shifts)
(sat.ddfw       1    193     49.87      6034         0          0            9       21)
sls-result l_undef
"checking model (on original set of clauses)"
(sat.stats     23    620    0 14859/14853    74/4 163       0    29.08   0.14)
Verifying solution
solution verified
ramon: end                  Sun Oct 27 09:51:40 2024
ramon: root.execname        z3
ramon: root.utime           0.160s
ramon: root.stime           0.010s
ramon: group.total          0.181s
ramon: group.utime          0.164s
ramon: group.stime          0.016s
ramon: group.mempeak        66920KiB
ramon: group.pidpeak        3
ramon: status               exited
ramon: exitcode             0
ramon: walltime             0.246s
ramon: loadavg              0.74
