ramon: cwd                  /home/gh1/A/_work/z3-poly-testing/z3-poly-testing
ramon: start                Wed Dec  4 15:38:21 2024
ramon: nproc                32
ramon: sys.mem              63442 MiB
ramon: sys.mem.free         19005 MiB
ramon: sys.mem.avail        58377 MiB
ramon: sys.nprocs           1670
ramon: argv                 0 = z3
ramon: argv                 1 = inputs/QF_NIA_small/From_T2__svdcmp.c.i.svdcmp.pl.t2.fixed.t2__p24885_terminationG_0.smt2
ramon: argv                 2 = -T:20
ramon: argv                 3 = -v:2
ramon: childpid             1007832
(smt.searching)
(smt.stats :restarts     :decisions :clauses/bin/units         :simplify  :memory)
(smt.stats        :conflicts    :propagations          :lemmas      :deletions   )
(smt.stats    0      0      0      0 67863/62244/420       0/0     0    0  155.85)
ramon: poll                 wall=1.000s usage=0.997s mem=161MiB load=1.00 rootload=0.92
(nlsat :conflicts 3 :decisions 0 :propagations 1117 :clauses 22875 :learned 3)
ramon: end                  Wed Dec  4 15:38:23 2024
ramon: root.execname        z3
ramon: root.utime           1.820s
ramon: root.stime           0.080s
ramon: group.total          1.912s
ramon: group.utime          1.824s
ramon: group.stime          0.088s
ramon: group.mempeak        179MiB
ramon: group.pidpeak        3
ramon: status               exited
[31mramon: exitcode             1[0m
ramon: walltime             1.916s
ramon: loadavg              1.00
