ramon: cwd                  /home/gh1/A/_work/z3-poly-testing/z3-poly-testing
ramon: start                Wed Dec  4 15:38:31 2024
ramon: nproc                32
ramon: sys.mem              63442 MiB
ramon: sys.mem.free         19595 MiB
ramon: sys.mem.avail        58377 MiB
ramon: sys.nprocs           1675
ramon: argv                 0 = z3
ramon: argv                 1 = inputs/QF_NIA_small/From_AProVE_2014__juLinkedListCreateAddAll.jar-obl-11__p9447_safety_0.smt2
ramon: argv                 2 = -T:20
ramon: argv                 3 = -v:2
ramon: childpid             1018960
(smt.searching)
(smt.stats :restarts     :decisions :clauses/bin/units         :simplify  :memory)
(smt.stats        :conflicts    :propagations          :lemmas      :deletions   )
(smt.stats    0      0      0      0 75314/74636/188       0/0     0    0  130.16)
(nlsat :conflicts 3 :decisions 0 :propagations 1419 :clauses 3735 :learned 3)
(nlsat :conflicts 3 :decisions 0 :propagations 1007 :clauses 3739 :learned 3)
(nlsat :conflicts 3 :decisions 0 :propagations 898 :clauses 3720 :learned 3)
(nlsat :conflicts 3 :decisions 0 :propagations 825 :clauses 3725 :learned 3)
(nlsat :conflicts 3 :decisions 0 :propagations 925 :clauses 3718 :learned 3)
(nlsat :conflicts 3 :decisions 0 :propagations 859 :clauses 3707 :learned 3)
(nlsat :conflicts 3 :decisions 0 :propagations 941 :clauses 3760 :learned 3)
(nlsat :conflicts 5 :decisions 0 :propagations 902 :clauses 3821 :learned 5)
ramon: poll                 wall=1.001s usage=0.995s mem=139MiB load=0.99 rootload=0.93
(nlsat :conflicts 4 :decisions 0 :propagations 839 :clauses 3847 :learned 4)
(nlsat :conflicts 3 :decisions 0 :propagations 880 :clauses 3829 :learned 3)
(smt.stats    0    101   8717   1093 75987/75306/188     144/0     1    0  141.03)
(nlsat :conflicts 4 :decisions 0 :propagations 674 :clauses 3849 :learned 4)
(nlsat :conflicts 4 :decisions 0 :propagations 757 :clauses 3845 :learned 4)
(nlsat :conflicts 4 :decisions 0 :propagations 609 :clauses 3814 :learned 4)
(smt.stats    1    202  99964  10082 76037/75340/251     291/5     2    0  149.03)
ramon: poll                 wall=2.003s usage=1.999s mem=152MiB load=1.00 rootload=1.00
(nlsat :conflicts 4 :decisions 0 :propagations 746 :clauses 3839 :learned 4)
(nlsat :conflicts 4 :decisions 0 :propagations 525 :clauses 3893 :learned 4)
(nlsat :conflicts 4 :decisions 0 :propagations 715 :clauses 3837 :learned 4)
(nlsat :conflicts 1 :decisions 22 :propagations 655 :clauses 1389 :learned 1)
(nlsat :conflicts 100 :decisions 24 :propagations 8328 :clauses 1389 :learned 99)
(nlsat :conflicts 216 :decisions 24 :propagations 16045 :clauses 1389 :learned 215)
(nlsat :conflicts 305 :decisions 24 :propagations 23529 :clauses 1389 :learned 304)
(nlsat :conflicts 401 :decisions 25 :propagations 25633 :clauses 1389 :learned 400)
(nlsat :conflicts 500 :decisions 45 :propagations 27454 :clauses 1389 :learned 499)
(nlsat :conflicts 600 :decisions 62 :propagations 29362 :clauses 1389 :learned 599)
(nlsat :conflicts 700 :decisions 76 :propagations 30898 :clauses 1389 :learned 699)
(nlsat :conflicts 806 :decisions 89 :propagations 32638 :clauses 1389 :learned 805)
(nlsat :conflicts 903 :decisions 136 :propagations 40286 :clauses 1389 :learned 902)
(nlsat :conflicts 1000 :decisions 153 :propagations 41793 :clauses 1389 :learned 999)
(nlsat :conflicts 1101 :decisions 193 :propagations 45543 :clauses 1389 :learned 1100)
(nlsat :conflicts 1200 :decisions 231 :propagations 48749 :clauses 1389 :learned 1199)
ramon: poll                 wall=3.000s usage=2.994s mem=161MiB load=1.00 rootload=0.98
(nlsat :conflicts 1301 :decisions 281 :propagations 52634 :clauses 1389 :learned 1300)
(nlsat :conflicts 1401 :decisions 304 :propagations 53861 :clauses 1389 :learned 1400)
(nlsat :conflicts 1505 :decisions 322 :propagations 55263 :clauses 1389 :learned 1504)
(nlsat :conflicts 1600 :decisions 362 :propagations 61278 :clauses 1389 :learned 1599)
(nlsat :conflicts 1700 :decisions 447 :propagations 67823 :clauses 1389 :learned 1699)
(nlsat :conflicts 1804 :decisions 492 :propagations 69908 :clauses 1389 :learned 1803)
(nlsat :conflicts 1900 :decisions 509 :propagations 70817 :clauses 1389 :learned 1899)
(nlsat :conflicts 2003 :decisions 528 :propagations 72111 :clauses 1389 :learned 2002)
(nlsat :conflicts 2100 :decisions 595 :propagations 78175 :clauses 1389 :learned 2099)
(nlsat :conflicts 2200 :decisions 626 :propagations 79353 :clauses 1389 :learned 2199)
(nlsat :conflicts 2300 :decisions 675 :propagations 82432 :clauses 1389 :learned 2299)
(nlsat :conflicts 2408 :decisions 704 :propagations 83342 :clauses 1389 :learned 2407)
(nlsat :conflicts 2503 :decisions 720 :propagations 85900 :clauses 1389 :learned 2502)
(nlsat :conflicts 2601 :decisions 748 :propagations 86925 :clauses 1389 :learned 2600)
(nlsat :conflicts 2706 :decisions 758 :propagations 90483 :clauses 1389 :learned 2705)
(nlsat :conflicts 2800 :decisions 770 :propagations 92072 :clauses 1389 :learned 2799)
(nlsat :conflicts 2900 :decisions 785 :propagations 92699 :clauses 1389 :learned 2899)
(nlsat :conflicts 3001 :decisions 812 :propagations 93309 :clauses 1389 :learned 3000)
(nlsat :conflicts 3100 :decisions 829 :propagations 96024 :clauses 1389 :learned 3099)
(nlsat :conflicts 3202 :decisions 850 :propagations 97597 :clauses 1389 :learned 3201)
(nlsat :conflicts 3302 :decisions 876 :propagations 99679 :clauses 1389 :learned 3301)
ramon: poll                 wall=4.000s usage=3.994s mem=161MiB load=1.00 rootload=1.00
(nlsat :conflicts 3407 :decisions 987 :propagations 115427 :clauses 1389 :learned 3406)
(nlsat :conflicts 3502 :decisions 1008 :propagations 118492 :clauses 1389 :learned 3501)
(nlsat :conflicts 3601 :decisions 1029 :propagations 119943 :clauses 1389 :learned 3600)
(nlsat :conflicts 3701 :decisions 1060 :propagations 120592 :clauses 1389 :learned 3700)
(nlsat :conflicts 3806 :decisions 1091 :propagations 122016 :clauses 1389 :learned 3805)
(nlsat :conflicts 3902 :decisions 1111 :propagations 122666 :clauses 1389 :learned 3901)
(nlsat :conflicts 4003 :decisions 1135 :propagations 125921 :clauses 1389 :learned 4002)
(nlsat :conflicts 4101 :decisions 1135 :propagations 129254 :clauses 1389 :learned 4100)
(nlsat :conflicts 4202 :decisions 1145 :propagations 131941 :clauses 1389 :learned 4201)
(nlsat :conflicts 4300 :decisions 1158 :propagations 133036 :clauses 1389 :learned 4299)
(nlsat :conflicts 4411 :decisions 1190 :propagations 134079 :clauses 1389 :learned 4410)
(nlsat :conflicts 4509 :decisions 1193 :propagations 136727 :clauses 1389 :learned 4508)
(nlsat :conflicts 4600 :decisions 1234 :propagations 138790 :clauses 1389 :learned 4599)
(nlsat :conflicts 4705 :decisions 1356 :propagations 147306 :clauses 1389 :learned 4704)
(nlsat :conflicts 4800 :decisions 1379 :propagations 150023 :clauses 1389 :learned 4799)
(nlsat :conflicts 4900 :decisions 1399 :propagations 152706 :clauses 1389 :learned 4899)
(nlsat :conflicts 5001 :decisions 1412 :propagations 155113 :clauses 1389 :learned 5000)
(nlsat :conflicts 5100 :decisions 1431 :propagations 156465 :clauses 1389 :learned 5099)
(nlsat :conflicts 5200 :decisions 1466 :propagations 157067 :clauses 1389 :learned 5199)
(nlsat :conflicts 5306 :decisions 1497 :propagations 157923 :clauses 1389 :learned 5305)
(nlsat :conflicts 5405 :decisions 1521 :propagations 162041 :clauses 1389 :learned 5404)
(nlsat :conflicts 5503 :decisions 1532 :propagations 163247 :clauses 1389 :learned 5502)
(nlsat :conflicts 5606 :decisions 1546 :propagations 163929 :clauses 1389 :learned 5605)
(nlsat :conflicts 5705 :decisions 1581 :propagations 165907 :clauses 1389 :learned 5704)
(nlsat :conflicts 5803 :decisions 1602 :propagations 167392 :clauses 1389 :learned 5802)
(nlsat :conflicts 5906 :decisions 1637 :propagations 168269 :clauses 1389 :learned 5905)
ramon: poll                 wall=5.000s usage=4.993s mem=161MiB load=1.00 rootload=1.00
(nlsat :conflicts 6000 :decisions 1699 :propagations 175518 :clauses 1389 :learned 5999)
(nlsat :conflicts 6102 :decisions 1703 :propagations 178802 :clauses 1389 :learned 6101)
(nlsat :conflicts 6214 :decisions 1715 :propagations 181758 :clauses 1389 :learned 6213)
(nlsat :conflicts 6301 :decisions 1732 :propagations 182847 :clauses 1389 :learned 6300)
(nlsat :conflicts 6400 :decisions 1759 :propagations 183474 :clauses 1389 :learned 6399)
(nlsat :conflicts 6500 :decisions 1773 :propagations 184890 :clauses 1389 :learned 6499)
(nlsat :conflicts 6605 :decisions 1801 :propagations 190264 :clauses 1389 :learned 6604)
(nlsat :conflicts 6701 :decisions 1807 :propagations 192924 :clauses 1389 :learned 6700)
(nlsat :conflicts 6806 :decisions 1813 :propagations 195783 :clauses 1389 :learned 6805)
(nlsat :conflicts 6903 :decisions 1826 :propagations 196901 :clauses 1389 :learned 6902)
(smt.searching)
(smt.stats :restarts     :decisions :clauses/bin/units         :simplify  :memory)
(smt.stats        :conflicts    :propagations          :lemmas      :deletions   )
(smt.stats    0      0      0      0 75314/74636/188       0/0     0    0  135.86)
(nlsat :conflicts 4 :decisions 0 :propagations 1435 :clauses 3733 :learned 4)
(nlsat :conflicts 3 :decisions 0 :propagations 1390 :clauses 3708 :learned 3)
(nlsat :conflicts 3 :decisions 0 :propagations 1474 :clauses 3694 :learned 3)
(nlsat :conflicts 3 :decisions 0 :propagations 1349 :clauses 3697 :learned 3)
(nlsat :conflicts 3 :decisions 0 :propagations 1265 :clauses 3698 :learned 3)
(nlsat :conflicts 3 :decisions 0 :propagations 1398 :clauses 3669 :learned 3)
(nlsat :conflicts 4 :decisions 0 :propagations 957 :clauses 3658 :learned 4)
(nlsat :conflicts 3 :decisions 0 :propagations 1035 :clauses 3645 :learned 3)
(nlsat :conflicts 3 :decisions 0 :propagations 765 :clauses 3630 :learned 3)
(nlsat :conflicts 3 :decisions 0 :propagations 989 :clauses 3656 :learned 3)
(nlsat :conflicts 3 :decisions 0 :propagations 783 :clauses 3648 :learned 3)
ramon: poll                 wall=6.003s usage=5.997s mem=161MiB load=1.00 rootload=1.01
(nlsat :conflicts 3 :decisions 0 :propagations 948 :clauses 3646 :learned 3)
(nlsat :conflicts 13 :decisions 0 :propagations 901 :clauses 3646 :learned 13)
(nlsat :conflicts 5 :decisions 0 :propagations 722 :clauses 3624 :learned 5)
(nlsat :conflicts 3 :decisions 0 :propagations 903 :clauses 3657 :learned 3)
(nlsat :conflicts 4 :decisions 0 :propagations 949 :clauses 3649 :learned 4)
(nlsat :conflicts 3 :decisions 0 :propagations 848 :clauses 3641 :learned 3)
(nlsat :conflicts 3 :decisions 0 :propagations 596 :clauses 3703 :learned 3)
(nlsat :conflicts 3 :decisions 0 :propagations 507 :clauses 3703 :learned 3)
(nlsat :conflicts 3 :decisions 0 :propagations 529 :clauses 3703 :learned 3)
(nlsat :conflicts 3 :decisions 0 :propagations 578 :clauses 3685 :learned 3)
(nlsat :conflicts 3 :decisions 0 :propagations 595 :clauses 3667 :learned 3)
(nlsat :conflicts 3 :decisions 0 :propagations 572 :clauses 3667 :learned 3)
(nlsat :conflicts 3 :decisions 0 :propagations 634 :clauses 3668 :learned 3)
(nlsat :conflicts 3 :decisions 0 :propagations 615 :clauses 3686 :learned 3)
(nlsat :conflicts 3 :decisions 0 :propagations 521 :clauses 3686 :learned 3)
(nlsat :conflicts 3 :decisions 0 :propagations 561 :clauses 3668 :learned 3)
(nlsat :conflicts 3 :decisions 0 :propagations 486 :clauses 3668 :learned 3)
(nlsat :conflicts 3 :decisions 0 :propagations 519 :clauses 3650 :learned 3)
(nlsat :conflicts 3 :decisions 0 :propagations 710 :clauses 3626 :learned 3)
(nlsat :conflicts 4 :decisions 0 :propagations 853 :clauses 3619 :learned 4)
(nlsat :conflicts 3 :decisions 0 :propagations 651 :clauses 3624 :learned 3)
(nlsat :conflicts 2 :decisions 0 :propagations 445 :clauses 3673 :learned 2)
(nlsat :conflicts 2 :decisions 0 :propagations 484 :clauses 3668 :learned 2)
(nlsat :conflicts 2 :decisions 0 :propagations 488 :clauses 3680 :learned 2)
(nlsat :conflicts 2 :decisions 0 :propagations 422 :clauses 3668 :learned 2)
ramon: poll                 wall=7.000s usage=6.992s mem=161MiB load=1.00 rootload=0.99
(nlsat :conflicts 7 :decisions 0 :propagations 508 :clauses 3660 :learned 7)
(nlsat :conflicts 2 :decisions 0 :propagations 432 :clauses 3659 :learned 2)
(nlsat :conflicts 2 :decisions 0 :propagations 568 :clauses 3671 :learned 2)
(nlsat :conflicts 2 :decisions 0 :propagations 565 :clauses 3672 :learned 2)
(nlsat :conflicts 2 :decisions 0 :propagations 509 :clauses 3677 :learned 2)
(nlsat :conflicts 6 :decisions 0 :propagations 594 :clauses 3785 :learned 6)
(nlsat :conflicts 1 :decisions 0 :propagations 573 :clauses 3928 :learned 1)
(smt.stats    0    101  71086   6146 75993/75306/188     150/1     1    0  155.39)
(nlsat :conflicts 2 :decisions 0 :propagations 439 :clauses 3668 :learned 2)
(nlsat :conflicts 2 :decisions 0 :propagations 454 :clauses 3652 :learned 2)
(nlsat :conflicts 2 :decisions 0 :propagations 506 :clauses 3631 :learned 2)
(nlsat :conflicts 2 :decisions 0 :propagations 816 :clauses 3933 :learned 2)
ramon: poll                 wall=8.000s usage=7.992s mem=170MiB load=1.00 rootload=1.00
ramon: end                  Wed Dec  4 15:38:40 2024
ramon: root.execname        z3
ramon: root.utime           8.070s
ramon: root.stime           0.090s
ramon: group.total          8.167s
ramon: group.utime          8.075s
ramon: group.stime          0.092s
ramon: group.mempeak        170MiB
ramon: group.pidpeak        3
ramon: status               exited
[31mramon: exitcode             1[0m
ramon: walltime             8.174s
ramon: loadavg              1.00
