ramon: cwd                  /home/gh1/A/_work/z3-poly-testing/z3-poly-testing
ramon: start                Wed Dec  4 15:38:19 2024
ramon: nproc                32
ramon: sys.mem              63442 MiB
ramon: sys.mem.free         19563 MiB
ramon: sys.mem.avail        58377 MiB
ramon: sys.nprocs           1668
ramon: argv                 0 = z3
ramon: argv                 1 = inputs/QF_NIA_small/From_AProVE_2014__juLinkedListCreateAddAll.jar-obl-11__p9464_safety_0.smt2
ramon: argv                 2 = -T:20
ramon: argv                 3 = -v:2
ramon: childpid             1005995
(smt.searching)
(smt.stats :restarts     :decisions :clauses/bin/units        :simplify   :memory)
(smt.stats        :conflicts    :propagations         :lemmas      :deletions   )
(smt.stats    0      0      0      0 20586/20278/86       0/0     0    0   58.67)
(nlsat :conflicts 1 :decisions 0 :propagations 251 :clauses 1008 :learned 1)
(nlsat :conflicts 2 :decisions 0 :propagations 258 :clauses 990 :learned 2)
(smt.stats    0    101   7951   1042 20849/20539/137     143/9     4    4   62.18)
(nlsat :conflicts 1 :decisions 0 :propagations 292 :clauses 1033 :learned 1)
(nlsat :conflicts 1 :decisions 0 :propagations 307 :clauses 1040 :learned 1)
(nlsat :conflicts 2 :decisions 0 :propagations 213 :clauses 1048 :learned 2)
(nlsat :conflicts 2 :decisions 0 :propagations 200 :clauses 1002 :learned 2)
(nlsat :conflicts 1 :decisions 0 :propagations 118 :clauses 1004 :learned 1)
(nlsat :conflicts 1 :decisions 0 :propagations 272 :clauses 1007 :learned 1)
(smt.stats    1    202  13102   2430 20880/20579/197     289/39     7   41   64.58)
(nlsat :conflicts 2 :decisions 0 :propagations 268 :clauses 1028 :learned 2)
(nlsat :conflicts 1 :decisions 0 :propagations 119 :clauses 1040 :learned 1)
(nlsat :conflicts 1 :decisions 0 :propagations 118 :clauses 1024 :learned 1)
ramon: end                  Wed Dec  4 15:38:20 2024
ramon: root.execname        z3
ramon: root.utime           0.740s
ramon: root.stime           0.030s
ramon: group.total          0.784s
ramon: group.utime          0.748s
ramon: group.stime          0.036s
ramon: group.mempeak        109MiB
ramon: group.pidpeak        3
ramon: status               exited
[31mramon: exitcode             1[0m
ramon: walltime             0.788s
ramon: loadavg              1.00
