ramon: cwd                  /home/gh1/A/_work/z3-poly-testing/z3-poly-testing
ramon: start                Tue Jan 21 20:54:11 2025
ramon: nproc                32
ramon: sys.mem              63441 MiB
ramon: sys.mem.free         25890 MiB
ramon: sys.mem.avail        59584 MiB
ramon: sys.nprocs           1405
ramon: argv                 0 = z3
ramon: argv                 1 = inputs/QF_NIA_CInteger/Stroeder_15__ChawdharyCookGulwaniSagivYang-ESOP2008-aaron12_true-termination.c__p20855_terminationG_0.smt2
ramon: argv                 2 = -T:60
ramon: argv                 3 = -v:2
ramon: argv                 4 = -st
ramon: argv                 5 = tactic.default_tactic=(then simplify propagate-values solve-eqs simplify smt)
ramon: argv                 6 = smt.sls.enable=true
ramon: argv                 7 = smt.sls.parallel=false
ramon: argv                 8 = model_validate=true
ramon: argv                 9 = sls.arith_use_clausal_lookahead=true
ramon: childpid             2986280
(smt.searching)
(smt.stats :restarts     :decisions :clauses/bin/units      :simplify   :memory)
(smt.stats        :conflicts    :propagations       :lemmas      :deletions   )
(smt.stats    0      0      0      0   582/538/22       0/0     0    0   18.82)
SMT -> SLS phase
SMT -> SLS values
bounded run 30000
(sat.ddfw :unsat :models :kflips/sec  :flips  :restarts  :reinits  :unsat_vars  :shifts)
(sat.ddfw       1     16   17.2683      8496         0          0            7    18068)
sls-result l_undef
SLS -> SMT phase 1
SLS -> SMT values
SMT -> SLS phase
SMT -> SLS values
bounded run 20000
ramon: poll                 wall=1.003s usage=0.971s mem=54656KiB load=0.97 rootload=0.96
(sat.ddfw :unsat :models :kflips/sec  :flips  :restarts  :reinits  :unsat_vars  :shifts)
(sat.ddfw       1      5   4.70523      4677         2          0            1    13204)
sls-result l_undef
SLS -> SMT phase 1
SLS -> SMT values
(nlsat :conflicts 4 :decisions 0 :propagations 167 :clauses 395 :learned 4)
SMT -> SLS phase
SMT -> SLS values
bounded run 10000
(sat.ddfw :unsat :models :kflips/sec  :flips  :restarts  :reinits  :unsat_vars  :shifts)
(sat.ddfw       1      3  0.923634      1403         2          0            1     8134)
sls-result l_undef
SLS -> SMT phase 1
SLS -> SMT values
SMT -> SLS phase
SMT -> SLS values
bounded run 10000
(sat.ddfw :unsat :models :kflips/sec  :flips  :restarts  :reinits  :unsat_vars  :shifts)
(sat.ddfw       1      2   1.29626      2424         1          0            4     6644)
sls-result l_undef
SLS -> SMT phase 1
SLS -> SMT values
SMT -> SLS phase
SMT -> SLS values
bounded run 10000
ramon: poll                 wall=2.000s usage=1.967s mem=55536KiB load=1.00 rootload=1.00
(sat.ddfw :unsat :models :kflips/sec  :flips  :restarts  :reinits  :unsat_vars  :shifts)
(sat.ddfw       1      2    1.2523      2720         1          0            4     6285)
sls-result l_undef
SLS -> SMT phase 1
SLS -> SMT values
SMT -> SLS phase
SMT -> SLS values
bounded run 10000
(sat.ddfw :unsat :models :kflips/sec  :flips  :restarts  :reinits  :unsat_vars  :shifts)
(sat.ddfw       2      2   1.55249      3653         0          0            3     4837)
sls-result l_undef
SMT -> SLS phase
SMT -> SLS values
bounded run 10000
(sat.ddfw :unsat :models :kflips/sec  :flips  :restarts  :reinits  :unsat_vars  :shifts)
(sat.ddfw       1      2   1.27998      3287         0          0            2     5381)
sls-result l_undef
SLS -> SMT phase 1
SLS -> SMT values
SMT -> SLS phase
SMT -> SLS values
bounded run 10000
(sat.ddfw :unsat :models :kflips/sec  :flips  :restarts  :reinits  :unsat_vars  :shifts)
(sat.ddfw       1      2   1.73908      4659         0          0            5     3789)
sls-result l_undef
SLS -> SMT phase 1
SLS -> SMT values
SMT -> SLS phase
SMT -> SLS values
bounded run 10000
(sat.ddfw :unsat :models :kflips/sec  :flips  :restarts  :reinits  :unsat_vars  :shifts)
(sat.ddfw       1      2    1.6238      4735         0          0            1     3956)
sls-result l_undef
SLS -> SMT phase 1
SLS -> SMT values
(nlsat :conflicts 4 :decisions 0 :propagations 92 :clauses 465 :learned 4)
(nlsat :conflicts 3 :decisions 0 :propagations 112 :clauses 499 :learned 3)
(nlsat :conflicts 4 :decisions 0 :propagations 126 :clauses 473 :learned 4)
(nlsat :conflicts 7 :decisions 0 :propagations 120 :clauses 491 :learned 7)
(nlsat :conflicts 4 :decisions 0 :propagations 115 :clauses 474 :learned 4)
ramon: poll                 wall=3.000s usage=2.967s mem=56168KiB load=1.00 rootload=1.00
(nlsat :conflicts 2 :decisions 0 :propagations 56 :clauses 491 :learned 2)
(smt.stats    0    101   1869    906   646/575/22     187/5     1    0   53.88)
SMT -> SLS phase
SMT -> SLS units 1 2 3 4 5 6 7 8 9 10 11 12 13 14 15 16 17 18 -145 146 147 148
SMT -> SLS values
bounded run 10000
(sat.ddfw :unsat :models :kflips/sec  :flips  :restarts  :reinits  :unsat_vars  :shifts)
(sat.ddfw       1      1   1.32283      4032         0          0            2     4231)
sls-result l_undef
SLS -> SMT phase 1
SLS -> SMT values
SMT -> SLS phase
SMT -> SLS values
bounded run 10000
(sat.ddfw :unsat :models :kflips/sec  :flips  :restarts  :reinits  :unsat_vars  :shifts)
(sat.ddfw       2      1   2.13465      6722         0          0            4     1550)
sls-result l_undef
SMT -> SLS phase
SMT -> SLS values
bounded run 10000
(sat.ddfw :unsat :models :kflips/sec  :flips  :restarts  :reinits  :unsat_vars  :shifts)
(sat.ddfw       1      2   1.39104      4532         0          0            5     4165)
sls-result l_undef
SLS -> SMT phase 1
SLS -> SMT values
SMT -> SLS phase
SMT -> SLS values
bounded run 10000
(sat.ddfw :unsat :models :kflips/sec  :flips  :restarts  :reinits  :unsat_vars  :shifts)
(sat.ddfw       1      1   1.62449      5598         0          0            2     3000)
sls-result l_undef
SLS -> SMT phase 1
SLS -> SMT values
SMT -> SLS phase
SMT -> SLS values
bounded run 10000
(sat.ddfw :unsat :models :kflips/sec  :flips  :restarts  :reinits  :unsat_vars  :shifts)
(sat.ddfw       1      2   1.28735      4601         0          0            3     4101)
sls-result l_undef
SLS -> SMT phase 1
SLS -> SMT values
SMT -> SLS phase
SMT -> SLS values
bounded run 10000
(sat.ddfw :unsat :models :kflips/sec  :flips  :restarts  :reinits  :unsat_vars  :shifts)
(sat.ddfw       1      2   1.19613      4513         0          0            2     4336)
sls-result l_undef
SLS -> SMT phase 1
SLS -> SMT values
SMT -> SLS phase
SMT -> SLS values
bounded run 10000
ramon: poll                 wall=4.000s usage=3.966s mem=56452KiB load=1.00 rootload=1.00
(sat.ddfw :unsat :models :kflips/sec  :flips  :restarts  :reinits  :unsat_vars  :shifts)
(sat.ddfw       1      1  0.205571       893         2          0            1     8844)
sls-result l_undef
SLS -> SMT phase 1
SLS -> SMT values
SMT -> SLS phase
SMT -> SLS values
bounded run 10000
(sat.ddfw :unsat :models :kflips/sec  :flips  :restarts  :reinits  :unsat_vars  :shifts)
(sat.ddfw       1      2  0.901639      4070         0          0            3     4473)
sls-result l_undef
SLS -> SMT phase 1
SLS -> SMT values
SMT -> SLS phase
SMT -> SLS values
bounded run 10000
(sat.ddfw :unsat :models :kflips/sec  :flips  :restarts  :reinits  :unsat_vars  :shifts)
(sat.ddfw       1      2  0.768015      3645         1          0            2     5042)
sls-result l_undef
SLS -> SMT phase 1
SLS -> SMT values
SMT -> SLS phase
SMT -> SLS values
bounded run 10000
ramon: poll                 wall=5.000s usage=4.966s mem=56568KiB load=1.00 rootload=1.00
(sat.ddfw :unsat :models :kflips/sec  :flips  :restarts  :reinits  :unsat_vars  :shifts)
(sat.ddfw       1      2  0.589835      2971         1          0            2     5718)
sls-result l_undef
SLS -> SMT phase 1
SLS -> SMT values
SMT -> SLS phase
SMT -> SLS values
bounded run 10000
(sat.ddfw :unsat :models :kflips/sec  :flips  :restarts  :reinits  :unsat_vars  :shifts)
(sat.ddfw       1      1  0.668525      3477         0          0            1     5259)
sls-result l_undef
SLS -> SMT phase 1
SLS -> SMT values
SLS -> SMT activity
SMT -> SLS phase
SMT -> SLS values
bounded run 10000
(sat.ddfw :unsat :models :kflips/sec  :flips  :restarts  :reinits  :unsat_vars  :shifts)
(sat.ddfw       1      2  0.794107      4204         1          0            3     4179)
sls-result l_undef
SLS -> SMT phase 1
SLS -> SMT values
SMT -> SLS phase
SMT -> SLS values
bounded run 10000
(sat.ddfw :unsat :models :kflips/sec  :flips  :restarts  :reinits  :unsat_vars  :shifts)
(sat.ddfw       1      1  0.113279       656         1          0            1     9151)
sls-result l_undef
SLS -> SMT phase 1
SLS -> SMT values
SMT -> SLS phase
SMT -> SLS values
bounded run 10000
ramon: poll                 wall=6.000s usage=5.966s mem=56684KiB load=1.00 rootload=1.00
(sat.ddfw :unsat :models :kflips/sec  :flips  :restarts  :reinits  :unsat_vars  :shifts)
(sat.ddfw       1      2   0.40466      2466         1          0            2     6424)
sls-result l_undef
SLS -> SMT phase 1
SLS -> SMT values
SMT -> SLS phase
SMT -> SLS values
bounded run 10000
(sat.ddfw :unsat :models :kflips/sec  :flips  :restarts  :reinits  :unsat_vars  :shifts)
(sat.ddfw       1      2  0.628744      3946         0          0            3     4621)
sls-result l_undef
SLS -> SMT phase 1
SLS -> SMT values
SMT -> SLS phase
SMT -> SLS values
bounded run 10000
(sat.ddfw :unsat :models :kflips/sec  :flips  :restarts  :reinits  :unsat_vars  :shifts)
(sat.ddfw       1      2  0.220727      1476         1          0            1     8023)
sls-result l_undef
SLS -> SMT phase 1
SLS -> SMT values
SMT -> SLS phase
SMT -> SLS values
bounded run 10000
ramon: poll                 wall=7.000s usage=6.966s mem=56684KiB load=1.00 rootload=1.00
(sat.ddfw :unsat :models :kflips/sec  :flips  :restarts  :reinits  :unsat_vars  :shifts)
(sat.ddfw       1      1 0.0508865       376         1          0            1     9516)
sls-result l_undef
SLS -> SMT phase 1
SLS -> SMT values
SMT -> SLS phase
SMT -> SLS values
bounded run 10000
(sat.ddfw :unsat :models :kflips/sec  :flips  :restarts  :reinits  :unsat_vars  :shifts)
(sat.ddfw       1      2  0.558354      4234         0          0            3     4235)
sls-result l_undef
SLS -> SMT phase 1
SLS -> SMT values
SMT -> SLS phase
SMT -> SLS values
bounded run 10000
ramon: poll                 wall=8.000s usage=7.966s mem=56696KiB load=1.00 rootload=1.00
(sat.ddfw :unsat :models :kflips/sec  :flips  :restarts  :reinits  :unsat_vars  :shifts)
(sat.ddfw       1      2   0.42425      3436         1          0            6     5698)
sls-result l_undef
SLS -> SMT phase 1
SLS -> SMT values
SMT -> SLS phase
SMT -> SLS values
bounded run 10000
(sat.ddfw :unsat :models :kflips/sec  :flips  :restarts  :reinits  :unsat_vars  :shifts)
(sat.ddfw       1      1  0.576862      4732         0          0            2     3621)
sls-result l_undef
SLS -> SMT phase 1
SLS -> SMT values
SMT -> SLS phase
SMT -> SLS values
bounded run 10000
(sat.ddfw :unsat :models :kflips/sec  :flips  :restarts  :reinits  :unsat_vars  :shifts)
(sat.ddfw       1      1  0.569443      4793         0          0            2     3969)
sls-result l_undef
SLS -> SMT phase 1
SLS -> SMT values
SMT -> SLS phase
SMT -> SLS values
bounded run 10000
(sat.ddfw :unsat :models :kflips/sec  :flips  :restarts  :reinits  :unsat_vars  :shifts)
(sat.ddfw       1      2  0.161756      1444         1          0            1     8280)
sls-result l_undef
SLS -> SMT phase 1
SLS -> SMT values
(nlsat :conflicts 1 :decisions 0 :propagations 69 :clauses 536 :learned 1)
SMT -> SLS phase
SMT -> SLS values
bounded run 10000
ramon: poll                 wall=9.000s usage=8.965s mem=56776KiB load=1.00 rootload=1.00
(sat.ddfw :unsat :models :kflips/sec  :flips  :restarts  :reinits  :unsat_vars  :shifts)
(sat.ddfw       1      2  0.407968      3717         0          0            2     4838)
sls-result l_undef
SLS -> SMT phase 1
SLS -> SMT values
SMT -> SLS phase
SMT -> SLS values
bounded run 10000
(sat.ddfw :unsat :models :kflips/sec  :flips  :restarts  :reinits  :unsat_vars  :shifts)
(sat.ddfw       1      1  0.650222      5997         0          0            2     2578)
sls-result l_undef
SLS -> SMT phase 1
SLS -> SMT values
SMT -> SLS phase
SMT -> SLS values
bounded run 10000
(sat.ddfw :unsat :models :kflips/sec  :flips  :restarts  :reinits  :unsat_vars  :shifts)
(sat.ddfw       2      1  0.743922      6946         0          0            4     1424)
sls-result l_undef
SMT -> SLS phase
SMT -> SLS values
bounded run 10000
(sat.ddfw :unsat :models :kflips/sec  :flips  :restarts  :reinits  :unsat_vars  :shifts)
(sat.ddfw       2      1  0.786017      7431         0          0            4      911)
sls-result l_undef
SMT -> SLS phase
SMT -> SLS values
bounded run 10000
(sat.ddfw :unsat :models :kflips/sec  :flips  :restarts  :reinits  :unsat_vars  :shifts)
(sat.ddfw       1      2  0.252119      2498         1          0            2     6612)
sls-result l_undef
SLS -> SMT phase 1
SLS -> SMT values
(nlsat :conflicts 1 :decisions 0 :propagations 62 :clauses 535 :learned 1)
(nlsat :conflicts 1 :decisions 0 :propagations 54 :clauses 519 :learned 1)
SMT -> SLS phase
SMT -> SLS values
bounded run 10000
ramon: poll                 wall=10.000s usage=9.965s mem=56820KiB load=1.00 rootload=1.00
(sat.ddfw :unsat :models :kflips/sec  :flips  :restarts  :reinits  :unsat_vars  :shifts)
(sat.ddfw       1      2  0.324324      3288         0          0            2     5233)
sls-result l_undef
SLS -> SMT phase 1
SLS -> SMT values
SMT -> SLS phase
SMT -> SLS values
bounded run 10000
(sat.ddfw :unsat :models :kflips/sec  :flips  :restarts  :reinits  :unsat_vars  :shifts)
(sat.ddfw       1      1  0.416756      4298         0          0            2     4425)
sls-result l_undef
SLS -> SMT phase 1
SLS -> SMT values
SMT -> SLS phase
SMT -> SLS values
bounded run 10000
(sat.ddfw :unsat :models :kflips/sec  :flips  :restarts  :reinits  :unsat_vars  :shifts)
(sat.ddfw       1      1  0.382381      4028         0          0            2     4838)
sls-result l_undef
SLS -> SMT phase 1
SLS -> SMT values
(nlsat :conflicts 3 :decisions 0 :propagations 137 :clauses 529 :learned 3)
SMT -> SLS phase
SMT -> SLS values
bounded run 10000
(sat.ddfw :unsat :models :kflips/sec  :flips  :restarts  :reinits  :unsat_vars  :shifts)
(sat.ddfw       1      1  0.248715      2710         1          0            1     6674)
sls-result l_undef
SLS -> SMT phase 1
SLS -> SMT values
SLS -> SMT activity
(nlsat :conflicts 3 :decisions 0 :propagations 158 :clauses 516 :learned 3)
SMT -> SLS phase
SMT -> SLS values
bounded run 10000
ramon: poll                 wall=11.000s usage=10.964s mem=56828KiB load=1.00 rootload=1.00
(sat.ddfw :unsat :models :kflips/sec  :flips  :restarts  :reinits  :unsat_vars  :shifts)
(sat.ddfw       1      1  0.241228      2695         1          0            1     6505)
sls-result l_undef
SLS -> SMT phase 1
SLS -> SMT values
(nlsat :conflicts 3 :decisions 0 :propagations 158 :clauses 516 :learned 3)
(nlsat :conflicts 1 :decisions 0 :propagations 143 :clauses 516 :learned 1)
SMT -> SLS phase
SMT -> SLS values
bounded run 10000
(sat.ddfw :unsat :models :kflips/sec  :flips  :restarts  :reinits  :unsat_vars  :shifts)
(sat.ddfw       1      1  0.396436      4494         0          0            2     3969)
sls-result l_undef
SLS -> SMT phase 1
SLS -> SMT values
SMT -> SLS phase
SMT -> SLS values
bounded run 10000
(sat.ddfw :unsat :models :kflips/sec  :flips  :restarts  :reinits  :unsat_vars  :shifts)
(sat.ddfw       1      1  0.360017      4142         0          0            3     4453)
sls-result l_undef
SLS -> SMT phase 1
SLS -> SMT values
SMT -> SLS phase
SMT -> SLS values
bounded run 10000
(sat.ddfw :unsat :models :kflips/sec  :flips  :restarts  :reinits  :unsat_vars  :shifts)
(sat.ddfw       1      1  0.317926      3728         0          0            2     5040)
sls-result l_undef
SLS -> SMT phase 1
SLS -> SMT values
SMT -> SLS phase
SMT -> SLS values
bounded run 10000
(sat.ddfw :unsat :models :kflips/sec  :flips  :restarts  :reinits  :unsat_vars  :shifts)
(sat.ddfw       2      1  0.586274      6928         0          0            4     1494)
sls-result l_undef
SMT -> SLS phase
SMT -> SLS values
bounded run 10000
ramon: poll                 wall=12.000s usage=11.964s mem=56896KiB load=1.00 rootload=1.00
(sat.ddfw :unsat :models :kflips/sec  :flips  :restarts  :reinits  :unsat_vars  :shifts)
(sat.ddfw       1      2  0.266694      3219         0          0           11     5631)
sls-result l_undef
SLS -> SMT phase 1
SLS -> SMT values
SMT -> SLS phase
SMT -> SLS values
bounded run 10000
(sat.ddfw :unsat :models :kflips/sec  :flips  :restarts  :reinits  :unsat_vars  :shifts)
(sat.ddfw       3      1  0.300268      3696         0          0            5     5103)
sls-result l_undef
SMT -> SLS phase
SMT -> SLS values
bounded run 10000
(sat.ddfw :unsat :models :kflips/sec  :flips  :restarts  :reinits  :unsat_vars  :shifts)
(sat.ddfw       1      1  0.278712      3497         0          0            2     5320)
sls-result l_undef
SLS -> SMT phase 1
SLS -> SMT values
SMT -> SLS phase
SMT -> SLS values
bounded run 10000
(sat.ddfw :unsat :models :kflips/sec  :flips  :restarts  :reinits  :unsat_vars  :shifts)
(sat.ddfw       1      1  0.298541      3807         0          0            1     5085)
sls-result l_undef
SLS -> SMT phase 1
SLS -> SMT values
(nlsat :conflicts 3 :decisions 0 :propagations 167 :clauses 521 :learned 3)
SMT -> SLS phase
SMT -> SLS values
bounded run 10000
ramon: poll                 wall=13.000s usage=12.964s mem=56912KiB load=1.00 rootload=0.99
(sat.ddfw :unsat :models :kflips/sec  :flips  :restarts  :reinits  :unsat_vars  :shifts)
(sat.ddfw       1      1  0.275926      3576         0          0            2     4881)
sls-result l_undef
SLS -> SMT phase 1
SLS -> SMT values
SMT -> SLS phase
SMT -> SLS values
bounded run 10000
(sat.ddfw :unsat :models :kflips/sec  :flips  :restarts  :reinits  :unsat_vars  :shifts)
(sat.ddfw       1      2  0.193617      2560         1          0            2     6408)
sls-result l_undef
SLS -> SMT phase 1
SLS -> SMT values
SMT -> SLS phase
SMT -> SLS values
bounded run 10000
(sat.ddfw :unsat :models :kflips/sec  :flips  :restarts  :reinits  :unsat_vars  :shifts)
(sat.ddfw       1      1   0.29403      3935         0          0            2     4561)
sls-result l_undef
SLS -> SMT phase 1
SLS -> SMT values
SMT -> SLS phase
SMT -> SLS values
bounded run 10000
(sat.ddfw :unsat :models :kflips/sec  :flips  :restarts  :reinits  :unsat_vars  :shifts)
(sat.ddfw       1      1  0.254938      3472         0          0            2     5190)
sls-result l_undef
SLS -> SMT phase 1
SLS -> SMT values
SMT -> SLS phase
SMT -> SLS values
bounded run 10000
(sat.ddfw :unsat :models :kflips/sec  :flips  :restarts  :reinits  :unsat_vars  :shifts)
(sat.ddfw       1      1  0.252722      3482         0          0            2     5114)
sls-result l_undef
SLS -> SMT phase 1
SLS -> SMT values
(smt.stats    1    202   4617   2361   722/661/23     376/7     2    1   54.54)
SMT -> SLS phase
SMT -> SLS values
bounded run 10000
ramon: poll                 wall=14.000s usage=13.963s mem=57064KiB load=1.00 rootload=1.00
(sat.ddfw :unsat :models :kflips/sec  :flips  :restarts  :reinits  :unsat_vars  :shifts)
(sat.ddfw       1      1  0.320406      4486         0          0            2     4120)
sls-result l_undef
SLS -> SMT phase 1
SLS -> SMT values
SMT -> SLS phase
SMT -> SLS values
bounded run 10000
(sat.ddfw :unsat :models :kflips/sec  :flips  :restarts  :reinits  :unsat_vars  :shifts)
(sat.ddfw       1      1  0.334226      4742         0          0            2     3881)
sls-result l_undef
SLS -> SMT phase 1
SLS -> SMT values
SMT -> SLS phase
SMT -> SLS values
bounded run 10000
(sat.ddfw :unsat :models :kflips/sec  :flips  :restarts  :reinits  :unsat_vars  :shifts)
(sat.ddfw       1      1  0.373614      5358         0          0            2     3334)
sls-result l_undef
SLS -> SMT phase 1
SLS -> SMT values
SMT -> SLS phase
SMT -> SLS values
bounded run 10000
(sat.ddfw :unsat :models :kflips/sec  :flips  :restarts  :reinits  :unsat_vars  :shifts)
(sat.ddfw       1      2  0.158284      2335         1          0            2     6940)
sls-result l_undef
SLS -> SMT phase 1
SLS -> SMT values
SMT -> SLS phase
SMT -> SLS values
bounded run 10000
(sat.ddfw :unsat :models :kflips/sec  :flips  :restarts  :reinits  :unsat_vars  :shifts)
(sat.ddfw       1      1  0.259875      3862         0          0            2     4576)
sls-result l_undef
SLS -> SMT phase 1
SLS -> SMT values
SMT -> SLS phase
SMT -> SLS values
bounded run 10000
ramon: poll                 wall=15.000s usage=14.963s mem=57096KiB load=1.00 rootload=1.00
(sat.ddfw :unsat :models :kflips/sec  :flips  :restarts  :reinits  :unsat_vars  :shifts)
(sat.ddfw       1      1  0.247377      3725         0          0            2     4975)
sls-result l_undef
SLS -> SMT phase 1
SLS -> SMT values
SLS -> SMT activity
SMT -> SLS phase
SMT -> SLS values
bounded run 10000
(sat.ddfw :unsat :models :kflips/sec  :flips  :restarts  :reinits  :unsat_vars  :shifts)
(sat.ddfw       2      1  0.254092      3881         0          0            3     4888)
sls-result l_undef
SMT -> SLS phase
SMT -> SLS values
bounded run 10000
(sat.ddfw :unsat :models :kflips/sec  :flips  :restarts  :reinits  :unsat_vars  :shifts)
(sat.ddfw       1      2  0.207461      3231         1          0            2     5875)
sls-result l_undef
SLS -> SMT phase 1
SLS -> SMT values
SMT -> SLS phase
SMT -> SLS values
bounded run 10000
(sat.ddfw :unsat :models :kflips/sec  :flips  :restarts  :reinits  :unsat_vars  :shifts)
(sat.ddfw       1      1 0.0701168      1111         1          0            1     8607)
sls-result l_undef
SLS -> SMT phase 1
SLS -> SMT values
(nlsat :conflicts 2 :decisions 0 :propagations 77 :clauses 556 :learned 2)
SMT -> SLS phase
SMT -> SLS values
bounded run 10000
ramon: poll                 wall=16.000s usage=15.963s mem=57440KiB load=1.00 rootload=1.00
(sat.ddfw :unsat :models :kflips/sec  :flips  :restarts  :reinits  :unsat_vars  :shifts)
(sat.ddfw       1      1  0.263581      4226         0          0            2     4233)
sls-result l_undef
SLS -> SMT phase 1
SLS -> SMT values
SMT -> SLS phase
SMT -> SLS values
bounded run 10000
(sat.ddfw :unsat :models :kflips/sec  :flips  :restarts  :reinits  :unsat_vars  :shifts)
(sat.ddfw       1      1  0.275786      4484         0          0            2     4022)
sls-result l_undef
SLS -> SMT phase 1
SLS -> SMT values
SMT -> SLS phase
SMT -> SLS values
bounded run 10000
(sat.ddfw :unsat :models :kflips/sec  :flips  :restarts  :reinits  :unsat_vars  :shifts)
(sat.ddfw       1      1  0.266723      4382         0          0            2     4318)
sls-result l_undef
SLS -> SMT phase 1
SLS -> SMT values
SMT -> SLS phase
SMT -> SLS values
bounded run 10000
(sat.ddfw :unsat :models :kflips/sec  :flips  :restarts  :reinits  :unsat_vars  :shifts)
(sat.ddfw       1      1  0.211628      3527         0          0            1     5608)
sls-result l_undef
SLS -> SMT phase 1
SLS -> SMT values
SMT -> SLS phase
SMT -> SLS values
bounded run 10000
(sat.ddfw :unsat :models :kflips/sec  :flips  :restarts  :reinits  :unsat_vars  :shifts)
(sat.ddfw       1      1  0.246163      4138         0          0            2     4211)
sls-result l_undef
SLS -> SMT phase 1
SLS -> SMT values
SMT -> SLS phase
SMT -> SLS values
bounded run 10000
(sat.ddfw :unsat :models :kflips/sec  :flips  :restarts  :reinits  :unsat_vars  :shifts)
(sat.ddfw       2      1  0.400851      6784         0          0            4     1580)
sls-result l_undef
SMT -> SLS phase
SMT -> SLS values
bounded run 10000
ramon: poll                 wall=17.000s usage=16.962s mem=57656KiB load=1.00 rootload=1.00
(sat.ddfw :unsat :models :kflips/sec  :flips  :restarts  :reinits  :unsat_vars  :shifts)
(sat.ddfw       1      1  0.248395      4256         0          0            3     4336)
sls-result l_undef
SLS -> SMT phase 1
SLS -> SMT values
SMT -> SLS phase
SMT -> SLS values
bounded run 10000
(sat.ddfw :unsat :models :kflips/sec  :flips  :restarts  :reinits  :unsat_vars  :shifts)
(sat.ddfw       3      1  0.305038      5286         0          0            5     3400)
sls-result l_undef
(nlsat :conflicts 2 :decisions 0 :propagations 60 :clauses 606 :learned 2)
(nlsat :conflicts 1 :decisions 0 :propagations 84 :clauses 613 :learned 1)
(nlsat :conflicts 2 :decisions 0 :propagations 75 :clauses 596 :learned 2)
(nlsat :conflicts 1 :decisions 0 :propagations 63 :clauses 597 :learned 1)
(nlsat :conflicts 1 :decisions 0 :propagations 69 :clauses 601 :learned 1)
(nlsat :conflicts 1 :decisions 0 :propagations 69 :clauses 601 :learned 1)
(nlsat :conflicts 1 :decisions 0 :propagations 73 :clauses 608 :learned 1)
SMT -> SLS phase
SMT -> SLS values
bounded run 10000
(sat.ddfw :unsat :models :kflips/sec  :flips  :restarts  :reinits  :unsat_vars  :shifts)
(sat.ddfw       1      1  0.334813      5885         0          0            2     2739)
sls-result l_undef
SLS -> SMT phase 1
SLS -> SMT values
(nlsat :conflicts 2 :decisions 0 :propagations 60 :clauses 602 :learned 2)
SMT -> SLS phase
SMT -> SLS values
bounded run 10000
(sat.ddfw :unsat :models :kflips/sec  :flips  :restarts  :reinits  :unsat_vars  :shifts)
(sat.ddfw       1      1  0.228041      4063         0          0            2     4769)
sls-result l_undef
SLS -> SMT phase 1
SLS -> SMT values
SMT -> SLS phase
SMT -> SLS values
bounded run 10000
ramon: poll                 wall=18.000s usage=17.962s mem=57816KiB load=1.00 rootload=1.00
(sat.ddfw :unsat :models :kflips/sec  :flips  :restarts  :reinits  :unsat_vars  :shifts)
(sat.ddfw       1      1  0.238116      4293         0          0            2     4548)
sls-result l_undef
SLS -> SMT phase 1
SLS -> SMT values
(nlsat :conflicts 2 :decisions 0 :propagations 63 :clauses 603 :learned 2)
SMT -> SLS phase
SMT -> SLS values
bounded run 10000
(sat.ddfw :unsat :models :kflips/sec  :flips  :restarts  :reinits  :unsat_vars  :shifts)
(sat.ddfw       1      2  0.111358      2053         1          0            1     7480)
sls-result l_undef
SLS -> SMT phase 1
SLS -> SMT values
(nlsat :conflicts 1 :decisions 0 :propagations 70 :clauses 607 :learned 1)
SMT -> SLS phase
SMT -> SLS values
bounded run 10000
(sat.ddfw :unsat :models :kflips/sec  :flips  :restarts  :reinits  :unsat_vars  :shifts)
(sat.ddfw       1      1  0.245406      4567         0          0            2     3847)
sls-result l_undef
SLS -> SMT phase 1
SLS -> SMT values
(nlsat :conflicts 2 :decisions 0 :propagations 64 :clauses 602 :learned 2)
SMT -> SLS phase
SMT -> SLS values
bounded run 10000
(sat.ddfw :unsat :models :kflips/sec  :flips  :restarts  :reinits  :unsat_vars  :shifts)
(sat.ddfw       1      1  0.216193      4072         0          0            2     4579)
sls-result l_undef
SLS -> SMT phase 1
SLS -> SMT values
(nlsat :conflicts 1 :decisions 0 :propagations 66 :clauses 602 :learned 1)
SMT -> SLS phase
SMT -> SLS values
bounded run 10000
(sat.ddfw :unsat :models :kflips/sec  :flips  :restarts  :reinits  :unsat_vars  :shifts)
(sat.ddfw       2      1  0.383468      7274         0          0            4     1239)
sls-result l_undef
SMT -> SLS phase
SMT -> SLS values
bounded run 10000
ramon: poll                 wall=19.031s usage=18.993s mem=58244KiB load=1.00 rootload=1.00
(sat.ddfw :unsat :models :kflips/sec  :flips  :restarts  :reinits  :unsat_vars  :shifts)
(sat.ddfw       1      1  0.252192      4832         0          0            2     3773)
sls-result l_undef
SLS -> SMT phase 1
SLS -> SMT values
SMT -> SLS phase
SMT -> SLS values
bounded run 10000
(sat.ddfw :unsat :models :kflips/sec  :flips  :restarts  :reinits  :unsat_vars  :shifts)
(sat.ddfw       1      1 0.0472393       930         1          0            1     8884)
sls-result l_undef
SLS -> SMT phase 1
SLS -> SMT values
SLS -> SMT activity
SMT -> SLS phase
SMT -> SLS values
bounded run 10000
(sat.ddfw :unsat :models :kflips/sec  :flips  :restarts  :reinits  :unsat_vars  :shifts)
(sat.ddfw       1      1  0.247392      4908         0          0            2     3530)
sls-result l_undef
SLS -> SMT phase 1
SLS -> SMT values
(nlsat :conflicts 2 :decisions 0 :propagations 60 :clauses 625 :learned 2)
(nlsat :conflicts 1 :decisions 0 :propagations 76 :clauses 621 :learned 1)
(nlsat :conflicts 2 :decisions 0 :propagations 73 :clauses 623 :learned 2)
(nlsat :conflicts 1 :decisions 0 :propagations 59 :clauses 620 :learned 1)
(nlsat :conflicts 1 :decisions 0 :propagations 74 :clauses 622 :learned 1)
(nlsat :conflicts 1 :decisions 0 :propagations 76 :clauses 623 :learned 1)
(nlsat :conflicts 2 :decisions 0 :propagations 60 :clauses 627 :learned 2)
SMT -> SLS phase
SMT -> SLS values
bounded run 10000
ramon: poll                 wall=20.000s usage=19.961s mem=58500KiB load=1.00 rootload=1.00
(sat.ddfw :unsat :models :kflips/sec  :flips  :restarts  :reinits  :unsat_vars  :shifts)
(sat.ddfw       1      1  0.206421      4160         0          0            2     4473)
sls-result l_undef
SLS -> SMT phase 1
SLS -> SMT values
(nlsat :conflicts 2 :decisions 0 :propagations 83 :clauses 622 :learned 2)
(nlsat :conflicts 2 :decisions 0 :propagations 61 :clauses 629 :learned 2)
(nlsat :conflicts 1 :decisions 0 :propagations 75 :clauses 646 :learned 1)
(nlsat :conflicts 1 :decisions 0 :propagations 65 :clauses 657 :learned 1)
(smt.stats    2    313   9146   4362   779/675/23     568/16     2    1   55.92)
SMT -> SLS phase
SMT -> SLS values
bounded run 10000
(sat.ddfw :unsat :models :kflips/sec  :flips  :restarts  :reinits  :unsat_vars  :shifts)
(sat.ddfw      12      1  0.222814      4561         0          0           11     4032)
sls-result l_undef
SMT -> SLS phase
SMT -> SLS values
bounded run 10000
(sat.ddfw :unsat :models :kflips/sec  :flips  :restarts  :reinits  :unsat_vars  :shifts)
(sat.ddfw       1      1  0.214565      4440         0          0            2     4390)
sls-result l_undef
SLS -> SMT phase 1
SLS -> SMT values
SMT -> SLS phase
SMT -> SLS values
bounded run 10000
(sat.ddfw :unsat :models :kflips/sec  :flips  :restarts  :reinits  :unsat_vars  :shifts)
(sat.ddfw       2      1  0.332405      6920         0          0            4     1391)
sls-result l_undef
SMT -> SLS phase
SMT -> SLS values
bounded run 10000
ramon: poll                 wall=21.000s usage=20.961s mem=59068KiB load=1.00 rootload=1.00
(sat.ddfw :unsat :models :kflips/sec  :flips  :restarts  :reinits  :unsat_vars  :shifts)
(sat.ddfw       1      1  0.224923      4747         0          0            2     3887)
sls-result l_undef
SLS -> SMT phase 1
SLS -> SMT values
SMT -> SLS phase
SMT -> SLS values
bounded run 10000
(sat.ddfw :unsat :models :kflips/sec  :flips  :restarts  :reinits  :unsat_vars  :shifts)
(sat.ddfw       2      1  0.222774      4752         0          0            4     4051)
sls-result l_undef
SMT -> SLS phase
SMT -> SLS values
bounded run 10000
(sat.ddfw :unsat :models :kflips/sec  :flips  :restarts  :reinits  :unsat_vars  :shifts)
(sat.ddfw       1      1  0.208134      4478         0          0            2     4216)
sls-result l_undef
SLS -> SMT phase 1
SLS -> SMT values
(nlsat :conflicts 1 :decisions 0 :propagations 93 :clauses 717 :learned 1)
SMT -> SLS phase
SMT -> SLS values
bounded run 10000
(sat.ddfw :unsat :models :kflips/sec  :flips  :restarts  :reinits  :unsat_vars  :shifts)
(sat.ddfw       2      1  0.331643      7194         0          0            4     1098)
sls-result l_undef
SMT -> SLS phase
SMT -> SLS values
bounded run 10000
(sat.ddfw :unsat :models :kflips/sec  :flips  :restarts  :reinits  :unsat_vars  :shifts)
(sat.ddfw       2      1  0.208109      4568         0          0            3     4223)
sls-result l_undef
SMT -> SLS phase
SMT -> SLS values
ramon: poll                 wall=22.000s usage=21.960s mem=58864KiB load=1.00 rootload=1.00
bounded run 10000
(sat.ddfw :unsat :models :kflips/sec  :flips  :restarts  :reinits  :unsat_vars  :shifts)
(sat.ddfw       2      1  0.236077      5248         0          0            4     3398)
sls-result l_undef
(nlsat :conflicts 1 :decisions 0 :propagations 85 :clauses 722 :learned 1)
SMT -> SLS phase
SMT -> SLS values
bounded run 10000
(sat.ddfw :unsat :models :kflips/sec  :flips  :restarts  :reinits  :unsat_vars  :shifts)
(sat.ddfw       1      1  0.129572      2944         0          0            1     6414)
sls-result l_undef
SLS -> SMT phase 1
SLS -> SMT values
SMT -> SLS phase
SMT -> SLS values
bounded run 10000
ramon: poll                 wall=23.000s usage=22.960s mem=58864KiB load=1.00 rootload=1.00
(sat.ddfw :unsat :models :kflips/sec  :flips  :restarts  :reinits  :unsat_vars  :shifts)
(sat.ddfw       2      1  0.158048      3628         0          0            4     4860)
sls-result l_undef
(nlsat :conflicts 1 :decisions 0 :propagations 97 :clauses 718 :learned 1)
SMT -> SLS phase
SMT -> SLS values
bounded run 10000
(sat.ddfw :unsat :models :kflips/sec  :flips  :restarts  :reinits  :unsat_vars  :shifts)
(sat.ddfw       1      2  0.108603      2536         1          0            2     6702)
sls-result l_undef
SLS -> SMT phase 1
SLS -> SMT values
SMT -> SLS phase
SMT -> SLS values
bounded run 10000
(sat.ddfw :unsat :models :kflips/sec  :flips  :restarts  :reinits  :unsat_vars  :shifts)
(sat.ddfw       2      1  0.191101      4497         0          0            4     3951)
sls-result l_undef
SMT -> SLS phase
SMT -> SLS values
bounded run 10000
(sat.ddfw :unsat :models :kflips/sec  :flips  :restarts  :reinits  :unsat_vars  :shifts)
(sat.ddfw       1      1  0.162994      3869         0          0            2     4590)
sls-result l_undef
SLS -> SMT phase 1
SLS -> SMT values
SMT -> SLS phase
SMT -> SLS values
bounded run 10000
(sat.ddfw :unsat :models :kflips/sec  :flips  :restarts  :reinits  :unsat_vars  :shifts)
(sat.ddfw       2      1  0.202165      4836         0          0            3     3841)
sls-result l_undef
SMT -> SLS phase
SMT -> SLS values
bounded run 10000
ramon: poll                 wall=24.000s usage=23.960s mem=58868KiB load=1.00 rootload=1.00
(sat.ddfw :unsat :models :kflips/sec  :flips  :restarts  :reinits  :unsat_vars  :shifts)
(sat.ddfw       1      1  0.136745      3343         0          0            1     5944)
sls-result l_undef
SLS -> SMT phase 1
SLS -> SMT values
(nlsat :conflicts 2 :decisions 0 :propagations 87 :clauses 717 :learned 2)
SMT -> SLS phase
SMT -> SLS values
bounded run 10000
(sat.ddfw :unsat :models :kflips/sec  :flips  :restarts  :reinits  :unsat_vars  :shifts)
(sat.ddfw       6      1  0.161821      3996         0          0           10     4524)
sls-result l_undef
SMT -> SLS phase
SMT -> SLS values
bounded run 10000
ramon: poll                 wall=25.000s usage=24.950s mem=59320KiB load=0.99 rootload=0.99
(sat.ddfw :unsat :models :kflips/sec  :flips  :restarts  :reinits  :unsat_vars  :shifts)
(sat.ddfw       1      1 0.0432892      1085         1          0            1     8654)
sls-result l_undef
SLS -> SMT phase 1
SLS -> SMT values
SLS -> SMT activity
SMT -> SLS phase
SMT -> SLS values
bounded run 10000
(sat.ddfw :unsat :models :kflips/sec  :flips  :restarts  :reinits  :unsat_vars  :shifts)
(sat.ddfw       1      1  0.114529      2923         0          0            1     6541)
sls-result l_undef
SLS -> SMT phase 1
SLS -> SMT values
(nlsat :conflicts 2 :decisions 0 :propagations 88 :clauses 761 :learned 2)
(nlsat :conflicts 1 :decisions 0 :propagations 108 :clauses 788 :learned 1)
SMT -> SLS phase
SMT -> SLS values
bounded run 10000
(sat.ddfw :unsat :models :kflips/sec  :flips  :restarts  :reinits  :unsat_vars  :shifts)
(sat.ddfw       2      1  0.165144      4267         0          0            5     4232)
sls-result l_undef
SMT -> SLS phase
SMT -> SLS values
bounded run 10000
ramon: poll                 wall=26.000s usage=25.950s mem=60292KiB load=1.00 rootload=1.00
(sat.ddfw :unsat :models :kflips/sec  :flips  :restarts  :reinits  :unsat_vars  :shifts)
(sat.ddfw       2      1  0.262844      6825         0          0            4     1633)
sls-result l_undef
SMT -> SLS phase
SMT -> SLS values
bounded run 10000
(sat.ddfw :unsat :models :kflips/sec  :flips  :restarts  :reinits  :unsat_vars  :shifts)
(sat.ddfw       2      1  0.265596      6927         0          0            4     1431)
sls-result l_undef
SMT -> SLS phase
SMT -> SLS values
bounded run 10000
(sat.ddfw :unsat :models :kflips/sec  :flips  :restarts  :reinits  :unsat_vars  :shifts)
(sat.ddfw       1      1   0.15244      4004         0          0            2     4588)
sls-result l_undef
SLS -> SMT phase 1
SLS -> SMT values
SMT -> SLS phase
SMT -> SLS values
bounded run 10000
(sat.ddfw :unsat :models :kflips/sec  :flips  :restarts  :reinits  :unsat_vars  :shifts)
(sat.ddfw       1      1  0.171814      4551         0          0            2     4034)
sls-result l_undef
SLS -> SMT phase 1
SLS -> SMT values
(nlsat :conflicts 1 :decisions 0 :propagations 70 :clauses 728 :learned 1)
SMT -> SLS phase
SMT -> SLS values
bounded run 10000
(sat.ddfw :unsat :models :kflips/sec  :flips  :restarts  :reinits  :unsat_vars  :shifts)
(sat.ddfw       1      1  0.148947      3990         0          0            2     4736)
sls-result l_undef
SLS -> SMT phase 1
SLS -> SMT values
(nlsat :conflicts 1 :decisions 0 :propagations 64 :clauses 729 :learned 1)
SMT -> SLS phase
SMT -> SLS values
bounded run 10000
(sat.ddfw :unsat :models :kflips/sec  :flips  :restarts  :reinits  :unsat_vars  :shifts)
(sat.ddfw       2      1  0.265335      7146         0          0            4     1201)
sls-result l_undef
SMT -> SLS phase
SMT -> SLS values
bounded run 10000
ramon: poll                 wall=27.000s usage=26.949s mem=60296KiB load=1.00 rootload=0.99
(sat.ddfw :unsat :models :kflips/sec  :flips  :restarts  :reinits  :unsat_vars  :shifts)
(sat.ddfw       1      1  0.151375      4113         0          0            2     4675)
sls-result l_undef
SLS -> SMT phase 1
SLS -> SMT values
SMT -> SLS phase
SMT -> SLS values
bounded run 10000
(sat.ddfw :unsat :models :kflips/sec  :flips  :restarts  :reinits  :unsat_vars  :shifts)
(sat.ddfw       2      1  0.231692      6334         0          0            3     2246)
sls-result l_undef
SMT -> SLS phase
SMT -> SLS values
bounded run 10000
(sat.ddfw :unsat :models :kflips/sec  :flips  :restarts  :reinits  :unsat_vars  :shifts)
(sat.ddfw       2      1  0.147433      4069         0          0            3     4747)
sls-result l_undef
(nlsat :conflicts 1 :decisions 0 :propagations 86 :clauses 730 :learned 1)
SMT -> SLS phase
SMT -> SLS values
bounded run 10000
(sat.ddfw :unsat :models :kflips/sec  :flips  :restarts  :reinits  :unsat_vars  :shifts)
(sat.ddfw       1      1   0.15979      4446         0          0            1     4411)
sls-result l_undef
SLS -> SMT phase 1
SLS -> SMT values
(nlsat :conflicts 1 :decisions 0 :propagations 81 :clauses 732 :learned 1)
SMT -> SLS phase
SMT -> SLS values
bounded run 10000
ramon: poll                 wall=28.000s usage=27.949s mem=60488KiB load=1.00 rootload=1.00
(sat.ddfw :unsat :models :kflips/sec  :flips  :restarts  :reinits  :unsat_vars  :shifts)
(sat.ddfw       2      1  0.164236      4605         0          0            4     3767)
sls-result l_undef
SMT -> SLS phase
SMT -> SLS values
bounded run 10000
(sat.ddfw :unsat :models :kflips/sec  :flips  :restarts  :reinits  :unsat_vars  :shifts)
(sat.ddfw       1      1 0.0482485      1376         1          0            1     8260)
sls-result l_undef
SLS -> SMT phase 1
SLS -> SMT values
SMT -> SLS phase
SMT -> SLS values
bounded run 10000
(sat.ddfw :unsat :models :kflips/sec  :flips  :restarts  :reinits  :unsat_vars  :shifts)
(sat.ddfw       1      1   0.11328      3261         0          0            1     5755)
sls-result l_undef
SLS -> SMT phase 1
SLS -> SMT values
SMT -> SLS phase
SMT -> SLS values
bounded run 10000
(sat.ddfw :unsat :models :kflips/sec  :flips  :restarts  :reinits  :unsat_vars  :shifts)
(sat.ddfw       1      1  0.204436      5917         0          0            2     2484)
sls-result l_undef
SLS -> SMT phase 1
SLS -> SMT values
SMT -> SLS phase
SMT -> SLS values
bounded run 10000
ramon: poll                 wall=29.000s usage=28.949s mem=60488KiB load=1.00 rootload=1.00
(sat.ddfw :unsat :models :kflips/sec  :flips  :restarts  :reinits  :unsat_vars  :shifts)
(sat.ddfw       1      1  0.124048      3617         0          0            2     4942)
sls-result l_undef
SLS -> SMT phase 1
SLS -> SMT values
SMT -> SLS phase
SMT -> SLS values
bounded run 10000
(sat.ddfw :unsat :models :kflips/sec  :flips  :restarts  :reinits  :unsat_vars  :shifts)
(sat.ddfw       1      1  0.163412      4803         0          0            2     3847)
sls-result l_undef
SLS -> SMT phase 1
SLS -> SMT values
(nlsat :conflicts 1 :decisions 0 :propagations 94 :clauses 705 :learned 1)
SMT -> SLS phase
SMT -> SLS values
bounded run 10000
(sat.ddfw :unsat :models :kflips/sec  :flips  :restarts  :reinits  :unsat_vars  :shifts)
(sat.ddfw       1      1  0.158148      4694         0          0            2     3920)
sls-result l_undef
SLS -> SMT phase 1
SLS -> SMT values
(nlsat :conflicts 1 :decisions 0 :propagations 82 :clauses 699 :learned 1)
(smt.stats    3    414  14887   7783   983/856/23     775/28     2    1   57.23)
SMT -> SLS phase
SMT -> SLS values
bounded run 10000
(sat.ddfw :unsat :models :kflips/sec  :flips  :restarts  :reinits  :unsat_vars  :shifts)
(sat.ddfw       1      1  0.144267      4312         0          0            2     4248)
sls-result l_undef
SLS -> SMT phase 1
SLS -> SMT values
SLS -> SMT activity
SMT -> SLS phase
SMT -> SLS values
bounded run 10000
ramon: poll                 wall=30.000s usage=29.949s mem=60492KiB load=1.00 rootload=1.00
(sat.ddfw :unsat :models :kflips/sec  :flips  :restarts  :reinits  :unsat_vars  :shifts)
(sat.ddfw       2      1   0.22712      6822         0          0            4     1944)
sls-result l_undef
SMT -> SLS phase
SMT -> SLS values
bounded run 10000
(sat.ddfw :unsat :models :kflips/sec  :flips  :restarts  :reinits  :unsat_vars  :shifts)
(sat.ddfw       2      1  0.132397      4007         0          0            3     4710)
sls-result l_undef
SMT -> SLS phase
SMT -> SLS values
bounded run 10000
(sat.ddfw :unsat :models :kflips/sec  :flips  :restarts  :reinits  :unsat_vars  :shifts)
(sat.ddfw       2      1  0.220084      6691         0          0            4     1557)
sls-result l_undef
SMT -> SLS phase
SMT -> SLS values
bounded run 10000
(sat.ddfw :unsat :models :kflips/sec  :flips  :restarts  :reinits  :unsat_vars  :shifts)
(sat.ddfw       2      1  0.228402      6977         0          0            4     1349)
sls-result l_undef
(nlsat :conflicts 1 :decisions 0 :propagations 98 :clauses 725 :learned 1)
(nlsat :conflicts 2 :decisions 0 :propagations 80 :clauses 750 :learned 2)
SMT -> SLS phase
SMT -> SLS values
bounded run 10000
(sat.ddfw :unsat :models :kflips/sec  :flips  :restarts  :reinits  :unsat_vars  :shifts)
(sat.ddfw       2      1  0.128492      3965         0          0            3     4824)
sls-result l_undef
(nlsat :conflicts 1 :decisions 0 :propagations 88 :clauses 739 :learned 1)
SMT -> SLS phase
SMT -> SLS values
bounded run 10000
ramon: poll                 wall=31.000s usage=30.948s mem=60684KiB load=1.00 rootload=1.00
(sat.ddfw :unsat :models :kflips/sec  :flips  :restarts  :reinits  :unsat_vars  :shifts)
(sat.ddfw       1      1  0.155914      4848         0          0            2     3830)
sls-result l_undef
SLS -> SMT phase 1
SLS -> SMT values
SMT -> SLS phase
SMT -> SLS values
bounded run 10000
(sat.ddfw :unsat :models :kflips/sec  :flips  :restarts  :reinits  :unsat_vars  :shifts)
(sat.ddfw       4      1   0.22267      6958         0          0            7     1349)
sls-result l_undef
(nlsat :conflicts 2 :decisions 0 :propagations 77 :clauses 748 :learned 2)
SMT -> SLS phase
SMT -> SLS values
bounded run 10000
(sat.ddfw :unsat :models :kflips/sec  :flips  :restarts  :reinits  :unsat_vars  :shifts)
(sat.ddfw       2      1  0.163051      5133         0          0            4     3683)
sls-result l_undef
SMT -> SLS phase
SMT -> SLS values
bounded run 10000
(sat.ddfw :unsat :models :kflips/sec  :flips  :restarts  :reinits  :unsat_vars  :shifts)
(sat.ddfw       1      1  0.192922      6111         0          0            2     2525)
sls-result l_undef
SLS -> SMT phase 1
SLS -> SMT values
(nlsat :conflicts 2 :decisions 0 :propagations 97 :clauses 749 :learned 2)
SMT -> SLS phase
SMT -> SLS values
bounded run 10000
(sat.ddfw :unsat :models :kflips/sec  :flips  :restarts  :reinits  :unsat_vars  :shifts)
(sat.ddfw       1      1  0.153682      4906         0          0            2     3973)
sls-result l_undef
SLS -> SMT phase 1
SLS -> SMT values
(nlsat :conflicts 2 :decisions 0 :propagations 96 :clauses 780 :learned 2)
(nlsat :conflicts 1 :decisions 0 :propagations 89 :clauses 757 :learned 1)
ramon: poll                 wall=32.000s usage=31.948s mem=60852KiB load=1.00 rootload=1.00
(nlsat :conflicts 2 :decisions 0 :propagations 90 :clauses 759 :learned 2)
(nlsat :conflicts 1 :decisions 0 :propagations 79 :clauses 750 :learned 1)
SMT -> SLS phase
SMT -> SLS values
bounded run 10000
(sat.ddfw :unsat :models :kflips/sec  :flips  :restarts  :reinits  :unsat_vars  :shifts)
(sat.ddfw       1      1  0.164364      5295         0          0            2     3431)
sls-result l_undef
SLS -> SMT phase 1
SLS -> SMT values
(nlsat :conflicts 1 :decisions 0 :propagations 84 :clauses 746 :learned 1)
SMT -> SLS phase
SMT -> SLS values
bounded run 10000
(sat.ddfw :unsat :models :kflips/sec  :flips  :restarts  :reinits  :unsat_vars  :shifts)
(sat.ddfw       1      1  0.137665      4466         0          0            2     4426)
sls-result l_undef
SLS -> SMT phase 1
SLS -> SMT values
SMT -> SLS phase
SMT -> SLS values
bounded run 10000
(sat.ddfw :unsat :models :kflips/sec  :flips  :restarts  :reinits  :unsat_vars  :shifts)
(sat.ddfw       1      1  0.164837      5389         0          0            3     3412)
sls-result l_undef
SLS -> SMT phase 1
SLS -> SMT values
SMT -> SLS phase
SMT -> SLS values
bounded run 10000
(sat.ddfw :unsat :models :kflips/sec  :flips  :restarts  :reinits  :unsat_vars  :shifts)
(sat.ddfw       1      1  0.157984      5201         0          0            2     3594)
sls-result l_undef
SLS -> SMT phase 1
SLS -> SMT values
SMT -> SLS phase
SMT -> SLS values
bounded run 10000
ramon: poll                 wall=33.003s usage=32.950s mem=60852KiB load=1.00 rootload=1.00
(sat.ddfw :unsat :models :kflips/sec  :flips  :restarts  :reinits  :unsat_vars  :shifts)
(sat.ddfw       2      1  0.227211      7515         0          0            4     1075)
sls-result l_undef
SMT -> SLS phase
SMT -> SLS values
bounded run 10000
(sat.ddfw :unsat :models :kflips/sec  :flips  :restarts  :reinits  :unsat_vars  :shifts)
(sat.ddfw       4      1  0.133193      4440         0          0            6     4335)
sls-result l_undef
(nlsat :conflicts 1 :decisions 0 :propagations 88 :clauses 778 :learned 1)
(nlsat :conflicts 2 :decisions 0 :propagations 81 :clauses 762 :learned 2)
(nlsat :conflicts 2 :decisions 0 :propagations 61 :clauses 798 :learned 2)
(nlsat :conflicts 2 :decisions 0 :propagations 61 :clauses 800 :learned 2)
(nlsat :conflicts 2 :decisions 0 :propagations 81 :clauses 759 :learned 2)
SMT -> SLS phase
SMT -> SLS values
bounded run 10000
(sat.ddfw :unsat :models :kflips/sec  :flips  :restarts  :reinits  :unsat_vars  :shifts)
(sat.ddfw       3      1  0.211207      7090         0          0            6     1309)
sls-result l_undef
(nlsat :conflicts 3 :decisions 0 :propagations 92 :clauses 788 :learned 3)
SMT -> SLS phase
SMT -> SLS values
bounded run 10000
(sat.ddfw :unsat :models :kflips/sec  :flips  :restarts  :reinits  :unsat_vars  :shifts)
(sat.ddfw       2      1  0.134012      4539         0          0            4     4249)
sls-result l_undef
SMT -> SLS phase
SMT -> SLS values
bounded run 10000
ramon: poll                 wall=34.000s usage=33.944s mem=61392KiB load=1.00 rootload=0.99
(sat.ddfw :unsat :models :kflips/sec  :flips  :restarts  :reinits  :unsat_vars  :shifts)
(sat.ddfw       1      1  0.156956      5350         0          0            2     3491)
sls-result l_undef
SLS -> SMT phase 1
SLS -> SMT values
SMT -> SLS phase
SMT -> SLS values
bounded run 10000
(sat.ddfw :unsat :models :kflips/sec  :flips  :restarts  :reinits  :unsat_vars  :shifts)
(sat.ddfw       2      1  0.205146      7016         0          0            4     1512)
sls-result l_undef
SLS -> SMT activity
SMT -> SLS phase
SMT -> SLS values
bounded run 10000
(sat.ddfw :unsat :models :kflips/sec  :flips  :restarts  :reinits  :unsat_vars  :shifts)
(sat.ddfw       3      1  0.135334      4659         0          0            5     4159)
sls-result l_undef
SMT -> SLS phase
SMT -> SLS values
bounded run 10000
(sat.ddfw :unsat :models :kflips/sec  :flips  :restarts  :reinits  :unsat_vars  :shifts)
(sat.ddfw       1      1  0.155063      5372         0          0            2     3271)
sls-result l_undef
SLS -> SMT phase 1
SLS -> SMT values
(nlsat :conflicts 2 :decisions 0 :propagations 91 :clauses 795 :learned 2)
(nlsat :conflicts 2 :decisions 0 :propagations 92 :clauses 795 :learned 2)
(nlsat :conflicts 2 :decisions 0 :propagations 90 :clauses 804 :learned 2)
(nlsat :conflicts 1 :decisions 0 :propagations 72 :clauses 829 :learned 1)
(smt.stats    4    525  21125  11377  1041/905/23    1018/31     2    1   57.83)
SMT -> SLS phase
SMT -> SLS values
bounded run 10000
ramon: poll                 wall=35.000s usage=34.944s mem=61532KiB load=1.00 rootload=1.00
(sat.ddfw :unsat :models :kflips/sec  :flips  :restarts  :reinits  :unsat_vars  :shifts)
(sat.ddfw       1      1  0.148579      5197         0          0            2     3610)
sls-result l_undef
SLS -> SMT phase 1
SLS -> SMT values
SMT -> SLS phase
SMT -> SLS values
bounded run 10000
(sat.ddfw :unsat :models :kflips/sec  :flips  :restarts  :reinits  :unsat_vars  :shifts)
(sat.ddfw       2      1  0.199112      6993         0          0            4     1481)
sls-result l_undef
SMT -> SLS phase
SMT -> SLS values
bounded run 10000
(sat.ddfw :unsat :models :kflips/sec  :flips  :restarts  :reinits  :unsat_vars  :shifts)
(sat.ddfw       1      1  0.148389      5242         0          0            2     3565)
sls-result l_undef
SLS -> SMT phase 1
SLS -> SMT values
SMT -> SLS phase
SMT -> SLS values
bounded run 10000
ramon: poll                 wall=36.000s usage=35.943s mem=61532KiB load=1.00 rootload=1.00
(sat.ddfw :unsat :models :kflips/sec  :flips  :restarts  :reinits  :unsat_vars  :shifts)
(sat.ddfw       1      2 0.0624236      2247         1          0            3     7188)
sls-result l_undef
SLS -> SMT phase 1
SLS -> SMT values
SMT -> SLS phase
SMT -> SLS values
bounded run 10000
(sat.ddfw :unsat :models :kflips/sec  :flips  :restarts  :reinits  :unsat_vars  :shifts)
(sat.ddfw       1      1  0.119166      4315         0          0            2     4202)
sls-result l_undef
SLS -> SMT phase 1
SLS -> SMT values
SMT -> SLS phase
SMT -> SLS values
bounded run 10000
(sat.ddfw :unsat :models :kflips/sec  :flips  :restarts  :reinits  :unsat_vars  :shifts)
(sat.ddfw       1      1  0.121284      4419         0          0            2     4320)
sls-result l_undef
SLS -> SMT phase 1
SLS -> SMT values
(nlsat :conflicts 1 :decisions 0 :propagations 94 :clauses 858 :learned 1)
(nlsat :conflicts 1 :decisions 0 :propagations 82 :clauses 859 :learned 1)
(nlsat :conflicts 1 :decisions 0 :propagations 86 :clauses 845 :learned 1)
(nlsat :conflicts 1 :decisions 0 :propagations 90 :clauses 851 :learned 1)
(nlsat :conflicts 1 :decisions 0 :propagations 118 :clauses 889 :learned 1)
SMT -> SLS phase
SMT -> SLS values
bounded run 10000
(sat.ddfw :unsat :models :kflips/sec  :flips  :restarts  :reinits  :unsat_vars  :shifts)
(sat.ddfw       1      1  0.140314      5162         0          0            3     3508)
sls-result l_undef
SLS -> SMT phase 1
SLS -> SMT values
(nlsat :conflicts 1 :decisions 0 :propagations 141 :clauses 927 :learned 1)
(nlsat :conflicts 1 :decisions 0 :propagations 116 :clauses 971 :learned 1)
(nlsat :conflicts 1 :decisions 0 :propagations 113 :clauses 958 :learned 1)
(nlsat :conflicts 1 :decisions 0 :propagations 124 :clauses 958 :learned 1)
(nlsat :conflicts 1 :decisions 0 :propagations 121 :clauses 964 :learned 1)
ramon: poll                 wall=37.003s usage=36.947s mem=64680KiB load=1.00 rootload=1.01
(nlsat :conflicts 1 :decisions 0 :propagations 163 :clauses 939 :learned 1)
(nlsat :conflicts 1 :decisions 0 :propagations 154 :clauses 939 :learned 1)
(nlsat :conflicts 1 :decisions 0 :propagations 158 :clauses 942 :learned 1)
(nlsat :conflicts 1 :decisions 0 :propagations 71 :clauses 906 :learned 1)
(nlsat :conflicts 1 :decisions 0 :propagations 71 :clauses 909 :learned 1)
(nlsat :conflicts 1 :decisions 0 :propagations 71 :clauses 921 :learned 1)
(nlsat :conflicts 1 :decisions 0 :propagations 72 :clauses 909 :learned 1)
(nlsat :conflicts 1 :decisions 0 :propagations 72 :clauses 909 :learned 1)
(nlsat :conflicts 1 :decisions 0 :propagations 72 :clauses 909 :learned 1)
(nlsat :conflicts 1 :decisions 0 :propagations 72 :clauses 910 :learned 1)
(nlsat :conflicts 1 :decisions 0 :propagations 72 :clauses 910 :learned 1)
(nlsat :conflicts 1 :decisions 0 :propagations 73 :clauses 910 :learned 1)
(nlsat :conflicts 1 :decisions 0 :propagations 73 :clauses 910 :learned 1)
(nlsat :conflicts 1 :decisions 0 :propagations 73 :clauses 911 :learned 1)
(nlsat :conflicts 1 :decisions 0 :propagations 73 :clauses 921 :learned 1)
(nlsat :conflicts 1 :decisions 0 :propagations 73 :clauses 914 :learned 1)
(nlsat :conflicts 1 :decisions 0 :propagations 73 :clauses 915 :learned 1)
(smt.stats    5    647  28075  15755  1262/1072/23    1313/31     2    1   60.41)
bounded run 100000
ramon: poll                 wall=38.000s usage=37.943s mem=64696KiB load=1.00 rootload=0.99
(sat.ddfw :unsat :models :kflips/sec  :flips  :restarts  :reinits  :unsat_vars  :shifts)
(sat.ddfw       1      3  0.286598     10928         0          0            2    19209)
ramon: poll                 wall=39.000s usage=38.942s mem=64696KiB load=1.00 rootload=1.00
(sat.ddfw       1      7  0.307032     22913         0          1            2    46352)
(sat.ddfw       1      9  0.104144     27045         1          2            5    62821)
sls-result l_undef
SLS -> SMT activity
SMT -> SLS phase
SMT -> SLS values
bounded run 10000
(sat.ddfw :unsat :models :kflips/sec  :flips  :restarts  :reinits  :unsat_vars  :shifts)
(sat.ddfw       1      1  0.105932      4227         0          0            2     4394)
sls-result l_undef
SLS -> SMT phase 1
SLS -> SMT values
SMT -> SLS phase
SMT -> SLS values
bounded run 10000
ramon: poll                 wall=40.000s usage=39.942s mem=64696KiB load=1.00 rootload=1.00
(sat.ddfw :unsat :models :kflips/sec  :flips  :restarts  :reinits  :unsat_vars  :shifts)
(sat.ddfw       2      1  0.170037      6811         0          0            4     1454)
sls-result l_undef
SMT -> SLS phase
SMT -> SLS values
bounded run 10000
(sat.ddfw :unsat :models :kflips/sec  :flips  :restarts  :reinits  :unsat_vars  :shifts)
(sat.ddfw       2      1  0.125974      5062         0          0            4     3522)
sls-result l_undef
(nlsat :conflicts 1 :decisions 0 :propagations 73 :clauses 917 :learned 1)
SMT -> SLS phase
SMT -> SLS values
bounded run 10000
(sat.ddfw :unsat :models :kflips/sec  :flips  :restarts  :reinits  :unsat_vars  :shifts)
(sat.ddfw       2      1  0.175255      7067         0          0            4     1311)
sls-result l_undef
(nlsat :conflicts 1 :decisions 0 :propagations 73 :clauses 917 :learned 1)
SMT -> SLS phase
SMT -> SLS values
bounded run 10000
(sat.ddfw :unsat :models :kflips/sec  :flips  :restarts  :reinits  :unsat_vars  :shifts)
(sat.ddfw       1      1  0.111733      4535         0          0            2     4231)
sls-result l_undef
SLS -> SMT phase 1
SLS -> SMT values
(nlsat :conflicts 1 :decisions 0 :propagations 73 :clauses 917 :learned 1)
(nlsat :conflicts 1 :decisions 0 :propagations 73 :clauses 929 :learned 1)
(nlsat :conflicts 1 :decisions 0 :propagations 73 :clauses 931 :learned 1)
(nlsat :conflicts 1 :decisions 0 :propagations 73 :clauses 930 :learned 1)
(nlsat :conflicts 1 :decisions 0 :propagations 73 :clauses 932 :learned 1)
SMT -> SLS phase
SMT -> SLS values
bounded run 10000
(sat.ddfw :unsat :models :kflips/sec  :flips  :restarts  :reinits  :unsat_vars  :shifts)
(sat.ddfw       4      1  0.113371      4638         0          0            6     4136)
sls-result l_undef
(nlsat :conflicts 1 :decisions 0 :propagations 80 :clauses 899 :learned 1)
ramon: poll                 wall=41.000s usage=40.942s mem=64696KiB load=1.00 rootload=1.00
SMT -> SLS phase
SMT -> SLS values
bounded run 10000
(sat.ddfw :unsat :models :kflips/sec  :flips  :restarts  :reinits  :unsat_vars  :shifts)
(sat.ddfw       1      1  0.111788      4603         0          0            3     4190)
sls-result l_undef
SLS -> SMT phase 1
SLS -> SMT values
SMT -> SLS phase
SMT -> SLS values
bounded run 10000
(sat.ddfw :unsat :models :kflips/sec  :flips  :restarts  :reinits  :unsat_vars  :shifts)
(sat.ddfw       2      1  0.174961      7235         0          0            4     1054)
sls-result l_undef
SMT -> SLS phase
SMT -> SLS values
bounded run 10000
(sat.ddfw :unsat :models :kflips/sec  :flips  :restarts  :reinits  :unsat_vars  :shifts)
(sat.ddfw       2      1  0.129915      5399         0          0            4     3204)
sls-result l_undef
(nlsat :conflicts 1 :decisions 0 :propagations 78 :clauses 907 :learned 1)
SMT -> SLS phase
SMT -> SLS values
bounded run 10000
(sat.ddfw :unsat :models :kflips/sec  :flips  :restarts  :reinits  :unsat_vars  :shifts)
(sat.ddfw       3      1  0.113205      4728         0          0            5     4021)
sls-result l_undef
SMT -> SLS phase
SMT -> SLS values
bounded run 10000
ramon: poll                 wall=42.000s usage=41.942s mem=64700KiB load=1.00 rootload=1.00
(sat.ddfw :unsat :models :kflips/sec  :flips  :restarts  :reinits  :unsat_vars  :shifts)
(sat.ddfw       2      1  0.112905      4741         0          0            4     3994)
sls-result l_undef
SLS -> SMT activity
(nlsat :conflicts 1 :decisions 0 :propagations 79 :clauses 920 :learned 1)
(nlsat :conflicts 1 :decisions 0 :propagations 78 :clauses 929 :learned 1)
(nlsat :conflicts 1 :decisions 0 :propagations 78 :clauses 934 :learned 1)
(nlsat :conflicts 1 :decisions 0 :propagations 81 :clauses 971 :learned 1)
SMT -> SLS phase
SMT -> SLS values
bounded run 10000
(sat.ddfw :unsat :models :kflips/sec  :flips  :restarts  :reinits  :unsat_vars  :shifts)
(sat.ddfw       1      1  0.146623      6208         0          0            1     2477)
sls-result l_undef
SLS -> SMT phase 1
SLS -> SMT values
(nlsat :conflicts 1 :decisions 0 :propagations 77 :clauses 955 :learned 1)
(nlsat :conflicts 1 :decisions 0 :propagations 74 :clauses 953 :learned 1)
(nlsat :conflicts 1 :decisions 0 :propagations 77 :clauses 954 :learned 1)
(nlsat :conflicts 1 :decisions 0 :propagations 74 :clauses 953 :learned 1)
(nlsat :conflicts 1 :decisions 0 :propagations 77 :clauses 955 :learned 1)
(nlsat :conflicts 1 :decisions 0 :propagations 77 :clauses 961 :learned 1)
(nlsat :conflicts 1 :decisions 0 :propagations 79 :clauses 972 :learned 1)
(nlsat :conflicts 1 :decisions 0 :propagations 78 :clauses 971 :learned 1)
SMT -> SLS phase
SMT -> SLS values
bounded run 10000
(sat.ddfw :unsat :models :kflips/sec  :flips  :restarts  :reinits  :unsat_vars  :shifts)
(sat.ddfw       1      1  0.110043      4703         0          0            2     4068)
sls-result l_undef
SLS -> SMT phase 1
SLS -> SMT values
SMT -> SLS phase
SMT -> SLS values
bounded run 10000
(sat.ddfw :unsat :models :kflips/sec  :flips  :restarts  :reinits  :unsat_vars  :shifts)
(sat.ddfw       2      1  0.164214      7041         0          0            4     1344)
sls-result l_undef
SMT -> SLS phase
SMT -> SLS values
bounded run 10000
ramon: poll                 wall=43.000s usage=42.941s mem=64836KiB load=1.00 rootload=1.00
(sat.ddfw :unsat :models :kflips/sec  :flips  :restarts  :reinits  :unsat_vars  :shifts)
(sat.ddfw       1      1  0.119525      5155         0          0            2     3678)
sls-result l_undef
SLS -> SMT phase 1
SLS -> SMT values
SMT -> SLS phase
SMT -> SLS values
bounded run 10000
(sat.ddfw :unsat :models :kflips/sec  :flips  :restarts  :reinits  :unsat_vars  :shifts)
(sat.ddfw       1      1  0.118408      5133         0          0            2     3649)
sls-result l_undef
SLS -> SMT phase 1
SLS -> SMT values
SMT -> SLS phase
SMT -> SLS values
bounded run 10000
(sat.ddfw :unsat :models :kflips/sec  :flips  :restarts  :reinits  :unsat_vars  :shifts)
(sat.ddfw       1      1  0.101665      4434         0          0            2     4478)
sls-result l_undef
SLS -> SMT phase 1
SLS -> SMT values
(smt.stats :restarts :decisions    :clauses/bin/units         :simplify   :memory)
(smt.stats      :conflicts  :propagations         :lemmas          :deletions   )
(smt.stats    6    748  35309  20027  1363/1195/23    1697/31     2    1   60.58)
bounded run 100000
ramon: poll                 wall=44.000s usage=43.941s mem=64836KiB load=1.00 rootload=1.00
(sat.ddfw :unsat :models :kflips/sec  :flips  :restarts  :reinits  :unsat_vars  :shifts)
(sat.ddfw       1      3  0.245171     10904         0          0            2    21832)
ramon: poll                 wall=45.000s usage=44.941s mem=64840KiB load=1.00 rootload=1.00
ramon: poll                 wall=46.000s usage=45.940s mem=64840KiB load=1.00 rootload=1.00
ramon: poll                 wall=47.000s usage=46.940s mem=64840KiB load=1.00 rootload=1.00
(sat.ddfw       1      60.00777703     11274         7          1            1    84904)
sls-result l_undef
SLS -> SMT activity
(nlsat :conflicts 2 :decisions 0 :propagations 81 :clauses 976 :learned 2)
(nlsat :conflicts 1 :decisions 0 :propagations 80 :clauses 977 :learned 1)
(nlsat :conflicts 2 :decisions 0 :propagations 81 :clauses 976 :learned 2)
(nlsat :conflicts 2 :decisions 0 :propagations 81 :clauses 977 :learned 2)
(nlsat :conflicts 1 :decisions 0 :propagations 80 :clauses 991 :learned 1)
(nlsat :conflicts 1 :decisions 0 :propagations 80 :clauses 989 :learned 1)
(nlsat :conflicts 1 :decisions 0 :propagations 85 :clauses 990 :learned 1)
SMT -> SLS phase
SMT -> SLS values
bounded run 10000
(sat.ddfw :unsat :models :kflips/sec  :flips  :restarts  :reinits  :unsat_vars  :shifts)
(sat.ddfw       1      1 0.0955683      4576         0          0            2     3969)
sls-result l_undef
SLS -> SMT phase 1
SLS -> SMT values
(nlsat :conflicts 1 :decisions 0 :propagations 83 :clauses 994 :learned 1)
SMT -> SLS phase
SMT -> SLS values
bounded run 10000
ramon: poll                 wall=48.000s usage=47.940s mem=64840KiB load=1.00 rootload=1.00
(sat.ddfw :unsat :models :kflips/sec  :flips  :restarts  :reinits  :unsat_vars  :shifts)
(sat.ddfw       2      1  0.155529      7473         0          0            4      982)
sls-result l_undef
SMT -> SLS phase
SMT -> SLS values
bounded run 10000
(sat.ddfw :unsat :models :kflips/sec  :flips  :restarts  :reinits  :unsat_vars  :shifts)
(sat.ddfw       6      1  0.111321      5370         0          0            9     3194)
sls-result l_undef
SMT -> SLS phase
SMT -> SLS values
bounded run 10000
(sat.ddfw :unsat :models :kflips/sec  :flips  :restarts  :reinits  :unsat_vars  :shifts)
(sat.ddfw       1      1 0.0386427      1879         0          0            1     7671)
sls-result l_undef
SLS -> SMT phase 1
SLS -> SMT values
SMT -> SLS phase
SMT -> SLS values
bounded run 10000
(sat.ddfw :unsat :models :kflips/sec  :flips  :restarts  :reinits  :unsat_vars  :shifts)
(sat.ddfw       1      1 0.0972154      4748         0          0            2     3683)
sls-result l_undef
SLS -> SMT phase 1
SLS -> SMT values
SMT -> SLS phase
SMT -> SLS values
bounded run 10000
ramon: poll                 wall=49.000s usage=48.939s mem=64840KiB load=1.00 rootload=1.00
(sat.ddfw :unsat :models :kflips/sec  :flips  :restarts  :reinits  :unsat_vars  :shifts)
(sat.ddfw       1      1 0.0855273      4194         0          0            2     4394)
sls-result l_undef
SLS -> SMT phase 1
SLS -> SMT values
(nlsat :conflicts 1 :decisions 0 :propagations 89 :clauses 1026 :learned 1)
(nlsat :conflicts 2 :decisions 0 :propagations 83 :clauses 1032 :learned 2)
SMT -> SLS phase
SMT -> SLS values
bounded run 10000
(sat.ddfw :unsat :models :kflips/sec  :flips  :restarts  :reinits  :unsat_vars  :shifts)
(sat.ddfw       1      1 0.0903948      4458         0          0            2     4363)
sls-result l_undef
SLS -> SMT phase 1
SLS -> SMT values
(nlsat :conflicts 2 :decisions 0 :propagations 87 :clauses 1029 :learned 2)
SMT -> SLS phase
SMT -> SLS values
bounded run 10000
(sat.ddfw :unsat :models :kflips/sec  :flips  :restarts  :reinits  :unsat_vars  :shifts)
(sat.ddfw       2      1   0.14271      7065         0          0            4     1274)
sls-result l_undef
SMT -> SLS phase
SMT -> SLS values
bounded run 10000
(sat.ddfw :unsat :models :kflips/sec  :flips  :restarts  :reinits  :unsat_vars  :shifts)
(sat.ddfw       5      1  0.139879      6944         0          0            9     1563)
sls-result l_undef
SMT -> SLS phase
SMT -> SLS values
bounded run 10000
(sat.ddfw :unsat :models :kflips/sec  :flips  :restarts  :reinits  :unsat_vars  :shifts)
(sat.ddfw       7      1  0.116799      5823         0          0           11     2856)
sls-result l_undef
(nlsat :conflicts 2 :decisions 0 :propagations 88 :clauses 1044 :learned 2)
SMT -> SLS phase
SMT -> SLS values
bounded run 10000
ramon: poll                 wall=50.000s usage=49.939s mem=64844KiB load=1.00 rootload=1.00
(sat.ddfw :unsat :models :kflips/sec  :flips  :restarts  :reinits  :unsat_vars  :shifts)
(sat.ddfw       3      1 0.0992453      4971         0          0            5     3752)
sls-result l_undef
(nlsat :conflicts 1 :decisions 0 :propagations 91 :clauses 1044 :learned 1)
SMT -> SLS phase
SMT -> SLS values
bounded run 10000
(sat.ddfw :unsat :models :kflips/sec  :flips  :restarts  :reinits  :unsat_vars  :shifts)
(sat.ddfw       1      1 0.0629538      3182         0          0            1     6140)
sls-result l_undef
SLS -> SMT phase 1
SLS -> SMT values
SMT -> SLS phase
SMT -> SLS values
bounded run 10000
(sat.ddfw :unsat :models :kflips/sec  :flips  :restarts  :reinits  :unsat_vars  :shifts)
(sat.ddfw       1      1 0.0977721      4959         0          0            2     3434)
sls-result l_undef
SLS -> SMT phase 1
SLS -> SMT values
SMT -> SLS phase
SMT -> SLS values
bounded run 10000
(sat.ddfw :unsat :models :kflips/sec  :flips  :restarts  :reinits  :unsat_vars  :shifts)
(sat.ddfw       1      1 0.0817148      4161         0          0            2     4440)
sls-result l_undef
SLS -> SMT phase 1
SLS -> SMT values
SLS -> SMT activity
SMT -> SLS phase
SMT -> SLS values
bounded run 10000
ramon: poll                 wall=51.000s usage=50.938s mem=64844KiB load=1.00 rootload=1.00
(sat.ddfw :unsat :models :kflips/sec  :flips  :restarts  :reinits  :unsat_vars  :shifts)
(sat.ddfw       1      1 0.0835125      4273         0          0            1     4387)
sls-result l_undef
SLS -> SMT phase 1
SLS -> SMT values
SMT -> SLS phase
SMT -> SLS values
bounded run 10000
(sat.ddfw :unsat :models :kflips/sec  :flips  :restarts  :reinits  :unsat_vars  :shifts)
(sat.ddfw       1      1  0.107096      5503         0          0            2     3127)
sls-result l_undef
SLS -> SMT phase 1
SLS -> SMT values
(smt.stats    7    859  41815  24344  1483/1298/23    2011/32     2    1   60.67)
(nlsat :conflicts 2 :decisions 0 :propagations 87 :clauses 1065 :learned 2)
SMT -> SLS phase
SMT -> SLS values
bounded run 10000
(sat.ddfw :unsat :models :kflips/sec  :flips  :restarts  :reinits  :unsat_vars  :shifts)
(sat.ddfw       3      1  0.104543      5401         0          0            5     3277)
sls-result l_undef
(nlsat :conflicts 2 :decisions 0 :propagations 84 :clauses 1065 :learned 2)
SMT -> SLS phase
SMT -> SLS values
bounded run 10000
(sat.ddfw :unsat :models :kflips/sec  :flips  :restarts  :reinits  :unsat_vars  :shifts)
(sat.ddfw       2      1  0.139741      7245         0          0            4     1263)
sls-result l_undef
SMT -> SLS phase
SMT -> SLS values
bounded run 10000
ramon: poll                 wall=52.000s usage=51.938s mem=65356KiB load=1.00 rootload=1.00
(sat.ddfw :unsat :models :kflips/sec  :flips  :restarts  :reinits  :unsat_vars  :shifts)
(sat.ddfw       1      1 0.0880292      4585         0          0            2     4221)
sls-result l_undef
SLS -> SMT phase 1
SLS -> SMT values
SMT -> SLS phase
SMT -> SLS values
bounded run 10000
(sat.ddfw :unsat :models :kflips/sec  :flips  :restarts  :reinits  :unsat_vars  :shifts)
(sat.ddfw       1      1  0.081317      4258         0          0            2     4412)
sls-result l_undef
SLS -> SMT phase 1
SLS -> SMT values
SMT -> SLS phase
SMT -> SLS values
bounded run 10000
(sat.ddfw :unsat :models :kflips/sec  :flips  :restarts  :reinits  :unsat_vars  :shifts)
(sat.ddfw       1      1  0.115976      6098         0          0            1     2530)
sls-result l_undef
SLS -> SMT phase 1
SLS -> SMT values
SMT -> SLS phase
SMT -> SLS values
bounded run 10000
(sat.ddfw :unsat :models :kflips/sec  :flips  :restarts  :reinits  :unsat_vars  :shifts)
(sat.ddfw       1      1 0.0970228      5123         0          0            2     3551)
sls-result l_undef
SLS -> SMT phase 1
SLS -> SMT values
(nlsat :conflicts 2 :decisions 0 :propagations 87 :clauses 1037 :learned 2)
(nlsat :conflicts 2 :decisions 0 :propagations 93 :clauses 1044 :learned 2)
SMT -> SLS phase
SMT -> SLS values
bounded run 10000
ramon: poll                 wall=53.000s usage=52.938s mem=65928KiB load=1.00 rootload=1.00
(sat.ddfw :unsat :models :kflips/sec  :flips  :restarts  :reinits  :unsat_vars  :shifts)
(sat.ddfw       1      1 0.0782967      4161         0          0            1     4690)
sls-result l_undef
SLS -> SMT phase 1
SLS -> SMT values
SMT -> SLS phase
SMT -> SLS values
bounded run 10000
(sat.ddfw :unsat :models :kflips/sec  :flips  :restarts  :reinits  :unsat_vars  :shifts)
(sat.ddfw       3      1  0.133092      7091         0          0            6     1399)
sls-result l_undef
SMT -> SLS phase
SMT -> SLS values
bounded run 10000
(sat.ddfw :unsat :models :kflips/sec  :flips  :restarts  :reinits  :unsat_vars  :shifts)
(sat.ddfw       2      1 0.0838163      4483         0          0            3     3952)
sls-result l_undef
SMT -> SLS phase
SMT -> SLS values
bounded run 10000
(sat.ddfw :unsat :models :kflips/sec  :flips  :restarts  :reinits  :unsat_vars  :shifts)
(sat.ddfw       4      1 0.0771323      4141         0          0            6     4555)
sls-result l_undef
SMT -> SLS phase
SMT -> SLS values
bounded run 10000
ramon: poll                 wall=54.003s usage=53.941s mem=65800KiB load=1.00 rootload=1.00
(sat.ddfw :unsat :models :kflips/sec  :flips  :restarts  :reinits  :unsat_vars  :shifts)
(sat.ddfw       1      1 0.0386348      2093         0          0            1     7379)
sls-result l_undef
SLS -> SMT phase 1
SLS -> SMT values
(nlsat :conflicts 2 :decisions 0 :propagations 93 :clauses 1044 :learned 2)
(nlsat :conflicts 1 :decisions 0 :propagations 173 :clauses 1044 :learned 1)
(nlsat :conflicts 1 :decisions 0 :propagations 92 :clauses 1046 :learned 1)
(nlsat :conflicts 1 :decisions 0 :propagations 92 :clauses 1044 :learned 1)
(nlsat :conflicts 1 :decisions 0 :propagations 190 :clauses 1037 :learned 1)
SMT -> SLS phase
SMT -> SLS values
bounded run 10000
(sat.ddfw :unsat :models :kflips/sec  :flips  :restarts  :reinits  :unsat_vars  :shifts)
(sat.ddfw       1      1 0.0476408      2603         0          0            1     6916)
sls-result l_undef
SLS -> SMT phase 1
SLS -> SMT values
SMT -> SLS phase
SMT -> SLS values
bounded run 10000
ramon: poll                 wall=55.000s usage=54.937s mem=65800KiB load=1.00 rootload=1.00
(sat.ddfw :unsat :models :kflips/sec  :flips  :restarts  :reinits  :unsat_vars  :shifts)
(sat.ddfw       1      1 0.0416856      2294         0          0            1     7209)
sls-result l_undef
SLS -> SMT phase 1
SLS -> SMT values
SMT -> SLS phase
SMT -> SLS values
bounded run 10000
(sat.ddfw :unsat :models :kflips/sec  :flips  :restarts  :reinits  :unsat_vars  :shifts)
(sat.ddfw       1      1 0.0958254      5291         0          0            2     3094)
sls-result l_undef
SLS -> SMT phase 1
SLS -> SMT values
SMT -> SLS phase
SMT -> SLS values
bounded run 10000
(sat.ddfw :unsat :models :kflips/sec  :flips  :restarts  :reinits  :unsat_vars  :shifts)
(sat.ddfw       2      1 0.0811776      4500         0          0            4     4128)
sls-result l_undef
(nlsat :conflicts 2 :decisions 0 :propagations 93 :clauses 1047 :learned 2)
(smt.stats    8    981  49280  32433  1574/1425/23    2387/35     2    1   61.33)
bounded run 100000
ramon: poll                 wall=56.000s usage=55.937s mem=65800KiB load=1.00 rootload=1.00
(sat.ddfw :unsat :models :kflips/sec  :flips  :restarts  :reinits  :unsat_vars  :shifts)
(sat.ddfw       1      3  0.222845     12566         1          0            2    23116)
ramon: poll                 wall=57.000s usage=56.936s mem=65800KiB load=1.00 rootload=1.00
(sat.ddfw       1      5  0.136612     20363         1          1            2    39777)
(sat.ddfw       1      8  0.134765     28162         1          2            9    60144)
sls-result l_undef
SLS -> SMT activity
SMT -> SLS phase
SMT -> SLS values
bounded run 10000
ramon: poll                 wall=58.000s usage=57.936s mem=66056KiB load=1.00 rootload=1.00
(sat.ddfw :unsat :models :kflips/sec  :flips  :restarts  :reinits  :unsat_vars  :shifts)
(sat.ddfw       1      1 0.0702502      4088         0          0            2     4928)
sls-result l_undef
SLS -> SMT phase 1
SLS -> SMT values
SMT -> SLS phase
SMT -> SLS values
bounded run 10000
(sat.ddfw :unsat :models :kflips/sec  :flips  :restarts  :reinits  :unsat_vars  :shifts)
(sat.ddfw       2      1  0.128235      7481         0          0            4     1186)
sls-result l_undef
(nlsat :conflicts 1 :decisions 0 :propagations 89 :clauses 1094 :learned 1)
SMT -> SLS phase
SMT -> SLS values
bounded run 10000
(sat.ddfw :unsat :models :kflips/sec  :flips  :restarts  :reinits  :unsat_vars  :shifts)
(sat.ddfw       3      1 0.0903856      5305         0          0            5     3828)
sls-result l_undef
SLS -> SMT activity
SMT -> SLS phase
SMT -> SLS values
bounded run 10000
ramon: poll                 wall=59.000s usage=58.936s mem=65804KiB load=1.00 rootload=0.99
(sat.ddfw :unsat :models :kflips/sec  :flips  :restarts  :reinits  :unsat_vars  :shifts)
(sat.ddfw       1      1 0.0190001      1128         0          0            1     8571)
sls-result l_undef
SLS -> SMT phase 1
SLS -> SMT values
SMT -> SLS phase
SMT -> SLS values
bounded run 10000
(sat.ddfw :unsat :models :kflips/sec  :flips  :restarts  :reinits  :unsat_vars  :shifts)
(sat.ddfw       1      1 0.0742785      4427         0          0            2     4046)
sls-result l_undef
SLS -> SMT phase 1
SLS -> SMT values
(nlsat :conflicts 1 :decisions 0 :propagations 89 :clauses 1090 :learned 1)
SMT -> SLS phase
SMT -> SLS values
bounded run 10000
ramon: poll                 wall=60.000s usage=59.935s mem=65804KiB load=1.00 rootload=1.00
(sat.ddfw :unsat :models :kflips/sec  :flips  :restarts  :reinits  :unsat_vars  :shifts)
(sat.ddfw       1      1 0.0567598      3404         0          0            1     5821)
sls-result l_undef
SLS -> SMT phase 1
SLS -> SMT values
SMT -> SLS phase
SMT -> SLS values
bounded run 10000
ramon: end                  Tue Jan 21 20:55:11 2025
ramon: root.execname        z3
ramon: root.utime           59.950s
ramon: root.stime           0.010s
ramon: group.total          59.975s
ramon: group.utime          59.959s
ramon: group.stime          0.016s
ramon: group.mempeak        66060KiB
ramon: group.pidpeak        2
ramon: status               exited
ramon: exitcode             0
ramon: walltime             60.039s
ramon: loadavg              1.00
